00:00:06 - Namespace(apex_level='O2', batch_size=8, cased=False, dataset='clef', debug=False, encoder_lr=2e-05, eval_step=1, full_doc_length=True, local_rank=6, model_path='/mnt/scratch/puxuan/long_qlm-rr/2186742/huggingface-3', model_type='mbert-long', num_epochs=20, num_ft_encoders=3, num_neg=1, projector_lr=2e-05, seed=611, source_lang='es', target_lang='en')
00:00:16 - BertLongForXLRetrieval(
  (bert): BertModel(
    (embeddings): BertEmbeddings(
      (word_embeddings): Embedding(105879, 768, padding_idx=0)
      (position_embeddings): Embedding(1024, 768)
      (token_type_embeddings): Embedding(2, 768)
      (LayerNorm): LayerNorm((768,), eps=1e-12, elementwise_affine=True)
      (dropout): Dropout(p=0.1, inplace=False)
    )
    (encoder): BertEncoder(
      (layer): ModuleList(
        (0): BertLayer(
          (attention): BertAttention(
            (self): LongformerSelfAttention(
              (query): Linear(in_features=768, out_features=768, bias=True)
              (key): Linear(in_features=768, out_features=768, bias=True)
              (value): Linear(in_features=768, out_features=768, bias=True)
              (query_global): Linear(in_features=768, out_features=768, bias=True)
              (key_global): Linear(in_features=768, out_features=768, bias=True)
              (value_global): Linear(in_features=768, out_features=768, bias=True)
            )
            (output): BertSelfOutput(
              (dense): Linear(in_features=768, out_features=768, bias=True)
              (LayerNorm): LayerNorm((768,), eps=1e-12, elementwise_affine=True)
              (dropout): Dropout(p=0.1, inplace=False)
            )
          )
          (intermediate): BertIntermediate(
            (dense): Linear(in_features=768, out_features=3072, bias=True)
          )
          (output): BertOutput(
            (dense): Linear(in_features=3072, out_features=768, bias=True)
            (LayerNorm): LayerNorm((768,), eps=1e-12, elementwise_affine=True)
            (dropout): Dropout(p=0.1, inplace=False)
          )
        )
        (1): BertLayer(
          (attention): BertAttention(
            (self): LongformerSelfAttention(
              (query): Linear(in_features=768, out_features=768, bias=True)
              (key): Linear(in_features=768, out_features=768, bias=True)
              (value): Linear(in_features=768, out_features=768, bias=True)
              (query_global): Linear(in_features=768, out_features=768, bias=True)
              (key_global): Linear(in_features=768, out_features=768, bias=True)
              (value_global): Linear(in_features=768, out_features=768, bias=True)
            )
            (output): BertSelfOutput(
              (dense): Linear(in_features=768, out_features=768, bias=True)
              (LayerNorm): LayerNorm((768,), eps=1e-12, elementwise_affine=True)
              (dropout): Dropout(p=0.1, inplace=False)
            )
          )
          (intermediate): BertIntermediate(
            (dense): Linear(in_features=768, out_features=3072, bias=True)
          )
          (output): BertOutput(
            (dense): Linear(in_features=3072, out_features=768, bias=True)
            (LayerNorm): LayerNorm((768,), eps=1e-12, elementwise_affine=True)
            (dropout): Dropout(p=0.1, inplace=False)
          )
        )
        (2): BertLayer(
          (attention): BertAttention(
            (self): LongformerSelfAttention(
              (query): Linear(in_features=768, out_features=768, bias=True)
              (key): Linear(in_features=768, out_features=768, bias=True)
              (value): Linear(in_features=768, out_features=768, bias=True)
              (query_global): Linear(in_features=768, out_features=768, bias=True)
              (key_global): Linear(in_features=768, out_features=768, bias=True)
              (value_global): Linear(in_features=768, out_features=768, bias=True)
            )
            (output): BertSelfOutput(
              (dense): Linear(in_features=768, out_features=768, bias=True)
              (LayerNorm): LayerNorm((768,), eps=1e-12, elementwise_affine=True)
              (dropout): Dropout(p=0.1, inplace=False)
            )
          )
          (intermediate): BertIntermediate(
            (dense): Linear(in_features=768, out_features=3072, bias=True)
          )
          (output): BertOutput(
            (dense): Linear(in_features=3072, out_features=768, bias=True)
            (LayerNorm): LayerNorm((768,), eps=1e-12, elementwise_affine=True)
            (dropout): Dropout(p=0.1, inplace=False)
          )
        )
        (3): BertLayer(
          (attention): BertAttention(
            (self): LongformerSelfAttention(
              (query): Linear(in_features=768, out_features=768, bias=True)
              (key): Linear(in_features=768, out_features=768, bias=True)
              (value): Linear(in_features=768, out_features=768, bias=True)
              (query_global): Linear(in_features=768, out_features=768, bias=True)
              (key_global): Linear(in_features=768, out_features=768, bias=True)
              (value_global): Linear(in_features=768, out_features=768, bias=True)
            )
            (output): BertSelfOutput(
              (dense): Linear(in_features=768, out_features=768, bias=True)
              (LayerNorm): LayerNorm((768,), eps=1e-12, elementwise_affine=True)
              (dropout): Dropout(p=0.1, inplace=False)
            )
          )
          (intermediate): BertIntermediate(
            (dense): Linear(in_features=768, out_features=3072, bias=True)
          )
          (output): BertOutput(
            (dense): Linear(in_features=3072, out_features=768, bias=True)
            (LayerNorm): LayerNorm((768,), eps=1e-12, elementwise_affine=True)
            (dropout): Dropout(p=0.1, inplace=False)
          )
        )
        (4): BertLayer(
          (attention): BertAttention(
            (self): LongformerSelfAttention(
              (query): Linear(in_features=768, out_features=768, bias=True)
              (key): Linear(in_features=768, out_features=768, bias=True)
              (value): Linear(in_features=768, out_features=768, bias=True)
              (query_global): Linear(in_features=768, out_features=768, bias=True)
              (key_global): Linear(in_features=768, out_features=768, bias=True)
              (value_global): Linear(in_features=768, out_features=768, bias=True)
            )
            (output): BertSelfOutput(
              (dense): Linear(in_features=768, out_features=768, bias=True)
              (LayerNorm): LayerNorm((768,), eps=1e-12, elementwise_affine=True)
              (dropout): Dropout(p=0.1, inplace=False)
            )
          )
          (intermediate): BertIntermediate(
            (dense): Linear(in_features=768, out_features=3072, bias=True)
          )
          (output): BertOutput(
            (dense): Linear(in_features=3072, out_features=768, bias=True)
            (LayerNorm): LayerNorm((768,), eps=1e-12, elementwise_affine=True)
            (dropout): Dropout(p=0.1, inplace=False)
          )
        )
        (5): BertLayer(
          (attention): BertAttention(
            (self): LongformerSelfAttention(
              (query): Linear(in_features=768, out_features=768, bias=True)
              (key): Linear(in_features=768, out_features=768, bias=True)
              (value): Linear(in_features=768, out_features=768, bias=True)
              (query_global): Linear(in_features=768, out_features=768, bias=True)
              (key_global): Linear(in_features=768, out_features=768, bias=True)
              (value_global): Linear(in_features=768, out_features=768, bias=True)
            )
            (output): BertSelfOutput(
              (dense): Linear(in_features=768, out_features=768, bias=True)
              (LayerNorm): LayerNorm((768,), eps=1e-12, elementwise_affine=True)
              (dropout): Dropout(p=0.1, inplace=False)
            )
          )
          (intermediate): BertIntermediate(
            (dense): Linear(in_features=768, out_features=3072, bias=True)
          )
          (output): BertOutput(
            (dense): Linear(in_features=3072, out_features=768, bias=True)
            (LayerNorm): LayerNorm((768,), eps=1e-12, elementwise_affine=True)
            (dropout): Dropout(p=0.1, inplace=False)
          )
        )
        (6): BertLayer(
          (attention): BertAttention(
            (self): LongformerSelfAttention(
              (query): Linear(in_features=768, out_features=768, bias=True)
              (key): Linear(in_features=768, out_features=768, bias=True)
              (value): Linear(in_features=768, out_features=768, bias=True)
              (query_global): Linear(in_features=768, out_features=768, bias=True)
              (key_global): Linear(in_features=768, out_features=768, bias=True)
              (value_global): Linear(in_features=768, out_features=768, bias=True)
            )
            (output): BertSelfOutput(
              (dense): Linear(in_features=768, out_features=768, bias=True)
              (LayerNorm): LayerNorm((768,), eps=1e-12, elementwise_affine=True)
              (dropout): Dropout(p=0.1, inplace=False)
            )
          )
          (intermediate): BertIntermediate(
            (dense): Linear(in_features=768, out_features=3072, bias=True)
          )
          (output): BertOutput(
            (dense): Linear(in_features=3072, out_features=768, bias=True)
            (LayerNorm): LayerNorm((768,), eps=1e-12, elementwise_affine=True)
            (dropout): Dropout(p=0.1, inplace=False)
          )
        )
        (7): BertLayer(
          (attention): BertAttention(
            (self): LongformerSelfAttention(
              (query): Linear(in_features=768, out_features=768, bias=True)
              (key): Linear(in_features=768, out_features=768, bias=True)
              (value): Linear(in_features=768, out_features=768, bias=True)
              (query_global): Linear(in_features=768, out_features=768, bias=True)
              (key_global): Linear(in_features=768, out_features=768, bias=True)
              (value_global): Linear(in_features=768, out_features=768, bias=True)
            )
            (output): BertSelfOutput(
              (dense): Linear(in_features=768, out_features=768, bias=True)
              (LayerNorm): LayerNorm((768,), eps=1e-12, elementwise_affine=True)
              (dropout): Dropout(p=0.1, inplace=False)
            )
          )
          (intermediate): BertIntermediate(
            (dense): Linear(in_features=768, out_features=3072, bias=True)
          )
          (output): BertOutput(
            (dense): Linear(in_features=3072, out_features=768, bias=True)
            (LayerNorm): LayerNorm((768,), eps=1e-12, elementwise_affine=True)
            (dropout): Dropout(p=0.1, inplace=False)
          )
        )
        (8): BertLayer(
          (attention): BertAttention(
            (self): LongformerSelfAttention(
              (query): Linear(in_features=768, out_features=768, bias=True)
              (key): Linear(in_features=768, out_features=768, bias=True)
              (value): Linear(in_features=768, out_features=768, bias=True)
              (query_global): Linear(in_features=768, out_features=768, bias=True)
              (key_global): Linear(in_features=768, out_features=768, bias=True)
              (value_global): Linear(in_features=768, out_features=768, bias=True)
            )
            (output): BertSelfOutput(
              (dense): Linear(in_features=768, out_features=768, bias=True)
              (LayerNorm): LayerNorm((768,), eps=1e-12, elementwise_affine=True)
              (dropout): Dropout(p=0.1, inplace=False)
            )
          )
          (intermediate): BertIntermediate(
            (dense): Linear(in_features=768, out_features=3072, bias=True)
          )
          (output): BertOutput(
            (dense): Linear(in_features=3072, out_features=768, bias=True)
            (LayerNorm): LayerNorm((768,), eps=1e-12, elementwise_affine=True)
            (dropout): Dropout(p=0.1, inplace=False)
          )
        )
        (9): BertLayer(
          (attention): BertAttention(
            (self): LongformerSelfAttention(
              (query): Linear(in_features=768, out_features=768, bias=True)
              (key): Linear(in_features=768, out_features=768, bias=True)
              (value): Linear(in_features=768, out_features=768, bias=True)
              (query_global): Linear(in_features=768, out_features=768, bias=True)
              (key_global): Linear(in_features=768, out_features=768, bias=True)
              (value_global): Linear(in_features=768, out_features=768, bias=True)
            )
            (output): BertSelfOutput(
              (dense): Linear(in_features=768, out_features=768, bias=True)
              (LayerNorm): LayerNorm((768,), eps=1e-12, elementwise_affine=True)
              (dropout): Dropout(p=0.1, inplace=False)
            )
          )
          (intermediate): BertIntermediate(
            (dense): Linear(in_features=768, out_features=3072, bias=True)
          )
          (output): BertOutput(
            (dense): Linear(in_features=3072, out_features=768, bias=True)
            (LayerNorm): LayerNorm((768,), eps=1e-12, elementwise_affine=True)
            (dropout): Dropout(p=0.1, inplace=False)
          )
        )
        (10): BertLayer(
          (attention): BertAttention(
            (self): LongformerSelfAttention(
              (query): Linear(in_features=768, out_features=768, bias=True)
              (key): Linear(in_features=768, out_features=768, bias=True)
              (value): Linear(in_features=768, out_features=768, bias=True)
              (query_global): Linear(in_features=768, out_features=768, bias=True)
              (key_global): Linear(in_features=768, out_features=768, bias=True)
              (value_global): Linear(in_features=768, out_features=768, bias=True)
            )
            (output): BertSelfOutput(
              (dense): Linear(in_features=768, out_features=768, bias=True)
              (LayerNorm): LayerNorm((768,), eps=1e-12, elementwise_affine=True)
              (dropout): Dropout(p=0.1, inplace=False)
            )
          )
          (intermediate): BertIntermediate(
            (dense): Linear(in_features=768, out_features=3072, bias=True)
          )
          (output): BertOutput(
            (dense): Linear(in_features=3072, out_features=768, bias=True)
            (LayerNorm): LayerNorm((768,), eps=1e-12, elementwise_affine=True)
            (dropout): Dropout(p=0.1, inplace=False)
          )
        )
        (11): BertLayer(
          (attention): BertAttention(
            (self): LongformerSelfAttention(
              (query): Linear(in_features=768, out_features=768, bias=True)
              (key): Linear(in_features=768, out_features=768, bias=True)
              (value): Linear(in_features=768, out_features=768, bias=True)
              (query_global): Linear(in_features=768, out_features=768, bias=True)
              (key_global): Linear(in_features=768, out_features=768, bias=True)
              (value_global): Linear(in_features=768, out_features=768, bias=True)
            )
            (output): BertSelfOutput(
              (dense): Linear(in_features=768, out_features=768, bias=True)
              (LayerNorm): LayerNorm((768,), eps=1e-12, elementwise_affine=True)
              (dropout): Dropout(p=0.1, inplace=False)
            )
          )
          (intermediate): BertIntermediate(
            (dense): Linear(in_features=768, out_features=3072, bias=True)
          )
          (output): BertOutput(
            (dense): Linear(in_features=3072, out_features=768, bias=True)
            (LayerNorm): LayerNorm((768,), eps=1e-12, elementwise_affine=True)
            (dropout): Dropout(p=0.1, inplace=False)
          )
        )
      )
    )
    (pooler): BertPooler(
      (dense): Linear(in_features=768, out_features=768, bias=True)
      (activation): Tanh()
    )
  )
  (mlm_cls): BertOnlyMLMHead(
    (predictions): BertLMPredictionHead(
      (transform): BertPredictionHeadTransform(
        (dense): Linear(in_features=768, out_features=768, bias=True)
        (LayerNorm): LayerNorm((768,), eps=1e-12, elementwise_affine=True)
      )
      (decoder): Linear(in_features=768, out_features=105879, bias=True)
    )
  )
  (seqcls_dropout): Dropout(p=0.1, inplace=False)
  (seqcls_classifier): Linear(in_features=768, out_features=2, bias=True)
)
00:00:16 - Evaluating every 1 epochs ...
00:00:16 - reading data from /mnt/home/puxuan/CLIR-project/Evaluation_data/process-clef/uncased
00:00:17 - test has 35 queries ...
00:00:17 - Data reading done ...
00:00:23 - adding 9-th encoder to optimizer...
00:00:23 - adding 10-th encoder to optimizer...
00:00:23 - adding 11-th encoder to optimizer...
00:00:24 - process[6]: training epoch 0 ...
00:00:41 - process[6] - epoch 0 - train iter 197 - 17227.4 words/s - loss: 0.5646
00:00:41 - process[6]: training epoch 1 ...
00:00:58 - process[6] - epoch 1 - train iter 197 - 18052.6 words/s - loss: 0.4789
00:00:58 - process[6]: training epoch 2 ...
00:01:15 - process[6] - epoch 2 - train iter 197 - 18158.7 words/s - loss: 0.4290
00:01:15 - process[6]: training epoch 3 ...
00:01:30 - process[6] - epoch 3 - train iter 197 - 18929.5 words/s - loss: 0.3991
00:01:30 - process[6]: training epoch 4 ...
00:01:46 - process[6] - epoch 4 - train iter 197 - 18702.6 words/s - loss: 0.3396
00:01:46 - process[6]: training epoch 5 ...
00:02:02 - process[6] - epoch 5 - train iter 197 - 18521.8 words/s - loss: 0.3779
00:02:02 - process[6]: training epoch 6 ...
00:02:18 - process[6] - epoch 6 - train iter 197 - 18723.6 words/s - loss: 0.3428
00:02:18 - process[6]: training epoch 7 ...
00:02:34 - process[6] - epoch 7 - train iter 197 - 18369.3 words/s - loss: 0.3161
00:02:34 - process[6]: training epoch 8 ...
00:02:51 - process[6] - epoch 8 - train iter 197 - 18695.3 words/s - loss: 0.3528
00:02:51 - process[6]: training epoch 9 ...
00:03:07 - process[6] - epoch 9 - train iter 197 - 18115.3 words/s - loss: 0.3712
00:03:07 - process[6]: training epoch 10 ...
00:03:24 - process[6] - epoch 10 - train iter 197 - 17560.4 words/s - loss: 0.3121
00:03:24 - process[6]: evaluating epoch 10 on dev ...
00:04:25 - dev set during evaluation: 14160/14157
00:04:25 - process[6] - dev - epoch 10 - mAP: 0.542 w/ 35 queries
00:04:25 - process[6]: evaluating epoch 10 on test ...
00:05:16 - test set during evaluation: 14980/14975
00:05:16 - process[6] - test - epoch 10 - mAP: 0.560 w/ 35 queries
00:05:16 - process[6]: training epoch 11 ...
00:05:33 - process[6] - epoch 11 - train iter 197 - 18327.3 words/s - loss: 0.2905
00:05:33 - process[6]: evaluating epoch 11 on dev ...
00:06:29 - dev set during evaluation: 14160/14157
00:06:29 - process[6] - dev - epoch 11 - mAP: 0.522 w/ 35 queries
00:06:29 - process[6]: training epoch 12 ...
00:06:46 - process[6] - epoch 12 - train iter 197 - 17533.1 words/s - loss: 0.2840
00:06:46 - process[6]: evaluating epoch 12 on dev ...
00:07:39 - dev set during evaluation: 14160/14157
00:07:39 - process[6] - dev - epoch 12 - mAP: 0.539 w/ 35 queries
00:07:39 - process[6]: training epoch 13 ...
00:07:56 - process[6] - epoch 13 - train iter 197 - 17319.2 words/s - loss: 0.3317
00:07:56 - process[6]: evaluating epoch 13 on dev ...
00:08:50 - dev set during evaluation: 14160/14157
00:08:50 - process[6] - dev - epoch 13 - mAP: 0.573 w/ 35 queries
00:08:50 - process[6]: evaluating epoch 13 on test ...
00:09:42 - test set during evaluation: 14980/14975
00:09:42 - process[6] - test - epoch 13 - mAP: 0.598 w/ 35 queries
00:09:42 - process[6]: training epoch 14 ...
00:09:58 - process[6] - epoch 14 - train iter 197 - 17985.8 words/s - loss: 0.3414
00:09:58 - process[6]: evaluating epoch 14 on dev ...
00:10:53 - dev set during evaluation: 14160/14157
00:10:53 - process[6] - dev - epoch 14 - mAP: 0.568 w/ 35 queries
00:10:53 - process[6]: training epoch 15 ...
00:11:09 - process[6] - epoch 15 - train iter 197 - 19034.6 words/s - loss: 0.2998
00:11:09 - process[6]: evaluating epoch 15 on dev ...
00:12:03 - dev set during evaluation: 14160/14157
00:12:03 - process[6] - dev - epoch 15 - mAP: 0.522 w/ 35 queries
00:12:03 - process[6]: training epoch 16 ...
00:12:19 - process[6] - epoch 16 - train iter 197 - 18691.6 words/s - loss: 0.2914
00:12:19 - process[6]: evaluating epoch 16 on dev ...
00:13:14 - dev set during evaluation: 14160/14157
00:13:14 - process[6] - dev - epoch 16 - mAP: 0.529 w/ 35 queries
00:13:14 - process[6]: training epoch 17 ...
00:13:31 - process[6] - epoch 17 - train iter 197 - 18215.7 words/s - loss: 0.2953
00:13:31 - process[6]: evaluating epoch 17 on dev ...
00:14:26 - dev set during evaluation: 14160/14157
00:14:26 - process[6] - dev - epoch 17 - mAP: 0.538 w/ 35 queries
00:14:26 - process[6]: training epoch 18 ...
00:14:43 - process[6] - epoch 18 - train iter 197 - 17026.3 words/s - loss: 0.3009
00:14:43 - process[6]: evaluating epoch 18 on dev ...
00:15:36 - dev set during evaluation: 14160/14157
00:15:36 - process[6] - dev - epoch 18 - mAP: 0.530 w/ 35 queries
00:15:36 - process[6]: training epoch 19 ...
00:15:53 - process[6] - epoch 19 - train iter 197 - 17394.2 words/s - loss: 0.2629
00:15:53 - process[6]: evaluating epoch 19 on dev ...
00:16:48 - dev set during evaluation: 14160/14157
00:16:48 - process[6] - dev - epoch 19 - mAP: 0.569 w/ 35 queries
00:16:48 - [fold 1] best test MAP: 0.598 @ epoch 13
00:16:48 - Evaluating every 1 epochs ...
00:16:48 - reading data from /mnt/home/puxuan/CLIR-project/Evaluation_data/process-clef/uncased
00:16:49 - test has 36 queries ...
00:16:49 - Data reading done ...
00:16:51 - adding 9-th encoder to optimizer...
00:16:51 - adding 10-th encoder to optimizer...
00:16:51 - adding 11-th encoder to optimizer...
00:16:51 - process[6]: training epoch 0 ...
00:17:07 - process[6] - epoch 0 - train iter 187 - 18220.1 words/s - loss: 0.5826
00:17:07 - process[6]: training epoch 1 ...
00:17:22 - process[6] - epoch 1 - train iter 187 - 18919.8 words/s - loss: 0.5055
00:17:22 - process[6]: training epoch 2 ...
00:17:38 - process[6] - epoch 2 - train iter 187 - 18438.6 words/s - loss: 0.4245
00:17:38 - process[6]: training epoch 3 ...
00:17:53 - process[6] - epoch 3 - train iter 187 - 17898.8 words/s - loss: 0.4173
00:17:53 - process[6]: training epoch 4 ...
00:18:08 - process[6] - epoch 4 - train iter 187 - 18883.9 words/s - loss: 0.3874
00:18:08 - process[6]: training epoch 5 ...
00:18:24 - process[6] - epoch 5 - train iter 187 - 18307.8 words/s - loss: 0.4336
00:18:24 - process[6]: training epoch 6 ...
00:18:39 - process[6] - epoch 6 - train iter 187 - 18381.0 words/s - loss: 0.3647
00:18:39 - process[6]: training epoch 7 ...
00:18:54 - process[6] - epoch 7 - train iter 187 - 19572.6 words/s - loss: 0.3892
00:18:54 - process[6]: training epoch 8 ...
00:19:08 - process[6] - epoch 8 - train iter 187 - 19617.0 words/s - loss: 0.2903
00:19:08 - process[6]: training epoch 9 ...
00:19:23 - process[6] - epoch 9 - train iter 187 - 18726.5 words/s - loss: 0.3609
00:19:23 - process[6]: training epoch 10 ...
00:19:38 - process[6] - epoch 10 - train iter 187 - 19544.2 words/s - loss: 0.3138
00:19:38 - process[6]: evaluating epoch 10 on dev ...
00:20:31 - dev set during evaluation: 14980/14975
00:20:31 - process[6] - dev - epoch 10 - mAP: 0.522 w/ 35 queries
00:20:31 - process[6]: evaluating epoch 10 on test ...
00:21:25 - test set during evaluation: 15300/15294
00:21:25 - process[6] - test - epoch 10 - mAP: 0.528 w/ 36 queries
00:21:25 - process[6]: training epoch 11 ...
00:21:41 - process[6] - epoch 11 - train iter 187 - 18570.0 words/s - loss: 0.3711
00:21:41 - process[6]: evaluating epoch 11 on dev ...
00:22:32 - dev set during evaluation: 14980/14975
00:22:32 - process[6] - dev - epoch 11 - mAP: 0.495 w/ 35 queries
00:22:32 - process[6]: training epoch 12 ...
00:22:48 - process[6] - epoch 12 - train iter 187 - 18588.0 words/s - loss: 0.2804
00:22:48 - process[6]: evaluating epoch 12 on dev ...
00:23:38 - dev set during evaluation: 14980/14975
00:23:38 - process[6] - dev - epoch 12 - mAP: 0.522 w/ 35 queries
00:23:38 - process[6]: training epoch 13 ...
00:23:53 - process[6] - epoch 13 - train iter 187 - 18207.5 words/s - loss: 0.2976
00:23:53 - process[6]: evaluating epoch 13 on dev ...
00:24:45 - dev set during evaluation: 14980/14975
00:24:45 - process[6] - dev - epoch 13 - mAP: 0.502 w/ 35 queries
00:24:45 - process[6]: training epoch 14 ...
00:24:59 - process[6] - epoch 14 - train iter 187 - 19427.0 words/s - loss: 0.3079
00:24:59 - process[6]: evaluating epoch 14 on dev ...
00:25:51 - dev set during evaluation: 14980/14975
00:25:51 - process[6] - dev - epoch 14 - mAP: 0.517 w/ 35 queries
00:25:51 - process[6]: training epoch 15 ...
00:26:07 - process[6] - epoch 15 - train iter 187 - 18147.7 words/s - loss: 0.3320
00:26:07 - process[6]: evaluating epoch 15 on dev ...
00:26:58 - dev set during evaluation: 14980/14975
00:26:58 - process[6] - dev - epoch 15 - mAP: 0.485 w/ 35 queries
00:26:58 - process[6]: training epoch 16 ...
00:27:13 - process[6] - epoch 16 - train iter 187 - 18784.3 words/s - loss: 0.2370
00:27:13 - process[6]: evaluating epoch 16 on dev ...
00:28:04 - dev set during evaluation: 14980/14975
00:28:04 - process[6] - dev - epoch 16 - mAP: 0.514 w/ 35 queries
00:28:04 - process[6]: training epoch 17 ...
00:28:20 - process[6] - epoch 17 - train iter 187 - 18873.6 words/s - loss: 0.2625
00:28:20 - process[6]: evaluating epoch 17 on dev ...
00:29:11 - dev set during evaluation: 14980/14975
00:29:11 - process[6] - dev - epoch 17 - mAP: 0.527 w/ 35 queries
00:29:11 - process[6]: evaluating epoch 17 on test ...
00:30:04 - test set during evaluation: 15300/15294
00:30:04 - process[6] - test - epoch 17 - mAP: 0.538 w/ 36 queries
00:30:04 - process[6]: training epoch 18 ...
00:30:19 - process[6] - epoch 18 - train iter 187 - 19568.8 words/s - loss: 0.2875
00:30:19 - process[6]: evaluating epoch 18 on dev ...
00:31:11 - dev set during evaluation: 14980/14975
00:31:11 - process[6] - dev - epoch 18 - mAP: 0.545 w/ 35 queries
00:31:11 - process[6]: evaluating epoch 18 on test ...
00:32:05 - test set during evaluation: 15300/15294
00:32:05 - process[6] - test - epoch 18 - mAP: 0.541 w/ 36 queries
00:32:05 - process[6]: training epoch 19 ...
00:32:19 - process[6] - epoch 19 - train iter 187 - 19667.3 words/s - loss: 0.3087
00:32:19 - process[6]: evaluating epoch 19 on dev ...
00:33:11 - dev set during evaluation: 14980/14975
00:33:11 - process[6] - dev - epoch 19 - mAP: 0.532 w/ 35 queries
00:33:11 - [fold 2] best test MAP: 0.541 @ epoch 18
00:33:11 - Evaluating every 1 epochs ...
00:33:11 - reading data from /mnt/home/puxuan/CLIR-project/Evaluation_data/process-clef/uncased
00:33:12 - test has 35 queries ...
00:33:12 - Data reading done ...
00:33:13 - adding 9-th encoder to optimizer...
00:33:13 - adding 10-th encoder to optimizer...
00:33:13 - adding 11-th encoder to optimizer...
00:33:14 - process[6]: training epoch 0 ...
00:33:30 - process[6] - epoch 0 - train iter 196 - 18377.1 words/s - loss: 0.5356
00:33:30 - process[6]: training epoch 1 ...
00:33:47 - process[6] - epoch 1 - train iter 196 - 17833.1 words/s - loss: 0.4738
00:33:47 - process[6]: training epoch 2 ...
00:34:03 - process[6] - epoch 2 - train iter 196 - 18839.5 words/s - loss: 0.4402
00:34:03 - process[6]: training epoch 3 ...
00:34:19 - process[6] - epoch 3 - train iter 196 - 19128.0 words/s - loss: 0.4293
00:34:19 - process[6]: training epoch 4 ...
00:34:34 - process[6] - epoch 4 - train iter 196 - 18979.7 words/s - loss: 0.4217
00:34:34 - process[6]: training epoch 5 ...
00:34:50 - process[6] - epoch 5 - train iter 196 - 19440.2 words/s - loss: 0.3917
00:34:50 - process[6]: training epoch 6 ...
00:35:05 - process[6] - epoch 6 - train iter 196 - 20168.5 words/s - loss: 0.4111
00:35:05 - process[6]: training epoch 7 ...
00:35:21 - process[6] - epoch 7 - train iter 196 - 19119.6 words/s - loss: 0.3452
00:35:21 - process[6]: training epoch 8 ...
00:35:36 - process[6] - epoch 8 - train iter 196 - 19054.1 words/s - loss: 0.3584
00:35:36 - process[6]: training epoch 9 ...
00:35:52 - process[6] - epoch 9 - train iter 196 - 19036.3 words/s - loss: 0.3020
00:35:52 - process[6]: training epoch 10 ...
00:36:08 - process[6] - epoch 10 - train iter 196 - 18638.7 words/s - loss: 0.3715
00:36:08 - process[6]: evaluating epoch 10 on dev ...
00:37:04 - dev set during evaluation: 15300/15294
00:37:04 - process[6] - dev - epoch 10 - mAP: 0.544 w/ 36 queries
00:37:04 - process[6]: evaluating epoch 10 on test ...
00:37:57 - test set during evaluation: 15480/15477
00:37:57 - process[6] - test - epoch 10 - mAP: 0.524 w/ 35 queries
00:37:57 - process[6]: training epoch 11 ...
00:38:13 - process[6] - epoch 11 - train iter 196 - 19084.6 words/s - loss: 0.3351
00:38:13 - process[6]: evaluating epoch 11 on dev ...
00:39:06 - dev set during evaluation: 15300/15294
00:39:06 - process[6] - dev - epoch 11 - mAP: 0.537 w/ 36 queries
00:39:06 - process[6]: training epoch 12 ...
00:39:23 - process[6] - epoch 12 - train iter 196 - 17475.1 words/s - loss: 0.3167
00:39:23 - process[6]: evaluating epoch 12 on dev ...
00:40:15 - dev set during evaluation: 15300/15294
00:40:15 - process[6] - dev - epoch 12 - mAP: 0.544 w/ 36 queries
00:40:15 - process[6]: training epoch 13 ...
00:40:31 - process[6] - epoch 13 - train iter 196 - 19277.8 words/s - loss: 0.3044
00:40:31 - process[6]: evaluating epoch 13 on dev ...
00:41:25 - dev set during evaluation: 15300/15294
00:41:25 - process[6] - dev - epoch 13 - mAP: 0.537 w/ 36 queries
00:41:25 - process[6]: training epoch 14 ...
00:41:40 - process[6] - epoch 14 - train iter 196 - 18835.9 words/s - loss: 0.2947
00:41:40 - process[6]: evaluating epoch 14 on dev ...
00:42:34 - dev set during evaluation: 15300/15294
00:42:34 - process[6] - dev - epoch 14 - mAP: 0.538 w/ 36 queries
00:42:34 - process[6]: training epoch 15 ...
00:42:50 - process[6] - epoch 15 - train iter 196 - 19260.3 words/s - loss: 0.3364
00:42:50 - process[6]: evaluating epoch 15 on dev ...
00:43:42 - dev set during evaluation: 15300/15294
00:43:42 - process[6] - dev - epoch 15 - mAP: 0.543 w/ 36 queries
00:43:42 - process[6]: training epoch 16 ...
00:43:58 - process[6] - epoch 16 - train iter 196 - 19098.1 words/s - loss: 0.3270
00:43:58 - process[6]: evaluating epoch 16 on dev ...
00:44:50 - dev set during evaluation: 15300/15294
00:44:50 - process[6] - dev - epoch 16 - mAP: 0.536 w/ 36 queries
00:44:50 - process[6]: training epoch 17 ...
00:45:06 - process[6] - epoch 17 - train iter 196 - 19517.4 words/s - loss: 0.2833
00:45:06 - process[6]: evaluating epoch 17 on dev ...
00:45:59 - dev set during evaluation: 15300/15294
00:45:59 - process[6] - dev - epoch 17 - mAP: 0.534 w/ 36 queries
00:45:59 - process[6]: training epoch 18 ...
00:46:15 - process[6] - epoch 18 - train iter 196 - 19304.8 words/s - loss: 0.2798
00:46:15 - process[6]: evaluating epoch 18 on dev ...
00:47:09 - dev set during evaluation: 15300/15294
00:47:09 - process[6] - dev - epoch 18 - mAP: 0.522 w/ 36 queries
00:47:09 - process[6]: training epoch 19 ...
00:47:24 - process[6] - epoch 19 - train iter 196 - 19337.3 words/s - loss: 0.2609
00:47:24 - process[6]: evaluating epoch 19 on dev ...
00:48:18 - dev set during evaluation: 15300/15294
00:48:18 - process[6] - dev - epoch 19 - mAP: 0.550 w/ 36 queries
00:48:18 - process[6]: evaluating epoch 19 on test ...
00:49:10 - test set during evaluation: 15480/15477
00:49:10 - process[6] - test - epoch 19 - mAP: 0.539 w/ 35 queries
00:49:10 - [fold 3] best test MAP: 0.539 @ epoch 19
00:49:10 - Evaluating every 1 epochs ...
00:49:10 - reading data from /mnt/home/puxuan/CLIR-project/Evaluation_data/process-clef/uncased
00:49:11 - test has 35 queries ...
00:49:11 - Data reading done ...
00:49:12 - adding 9-th encoder to optimizer...
00:49:12 - adding 10-th encoder to optimizer...
00:49:12 - adding 11-th encoder to optimizer...
00:49:13 - process[6]: training epoch 0 ...
00:49:30 - process[6] - epoch 0 - train iter 207 - 18592.3 words/s - loss: 0.5809
00:49:30 - process[6]: training epoch 1 ...
00:49:46 - process[6] - epoch 1 - train iter 207 - 19145.0 words/s - loss: 0.4797
00:49:46 - process[6]: training epoch 2 ...
00:50:04 - process[6] - epoch 2 - train iter 207 - 18048.8 words/s - loss: 0.4206
00:50:04 - process[6]: training epoch 3 ...
00:50:20 - process[6] - epoch 3 - train iter 207 - 18663.0 words/s - loss: 0.3679
00:50:20 - process[6]: training epoch 4 ...
00:50:36 - process[6] - epoch 4 - train iter 207 - 19315.8 words/s - loss: 0.3967
00:50:36 - process[6]: training epoch 5 ...
00:50:54 - process[6] - epoch 5 - train iter 207 - 17770.4 words/s - loss: 0.3929
00:50:54 - process[6]: training epoch 6 ...
00:51:11 - process[6] - epoch 6 - train iter 207 - 17480.5 words/s - loss: 0.3036
00:51:11 - process[6]: training epoch 7 ...
00:51:28 - process[6] - epoch 7 - train iter 207 - 19184.3 words/s - loss: 0.3402
00:51:28 - process[6]: training epoch 8 ...
00:51:46 - process[6] - epoch 8 - train iter 207 - 16580.6 words/s - loss: 0.2892
00:51:46 - process[6]: training epoch 9 ...
00:52:03 - process[6] - epoch 9 - train iter 207 - 18455.1 words/s - loss: 0.3399
00:52:03 - process[6]: training epoch 10 ...
00:52:22 - process[6] - epoch 10 - train iter 207 - 17403.3 words/s - loss: 0.3579
00:52:22 - process[6]: evaluating epoch 10 on dev ...
00:53:16 - dev set during evaluation: 15480/15477
00:53:16 - process[6] - dev - epoch 10 - mAP: 0.563 w/ 35 queries
00:53:16 - process[6]: evaluating epoch 10 on test ...
00:54:08 - test set during evaluation: 14470/14463
00:54:08 - process[6] - test - epoch 10 - mAP: 0.513 w/ 35 queries
00:54:08 - process[6]: training epoch 11 ...
00:54:24 - process[6] - epoch 11 - train iter 207 - 18467.6 words/s - loss: 0.3184
00:54:24 - process[6]: evaluating epoch 11 on dev ...
00:55:17 - dev set during evaluation: 15480/15477
00:55:17 - process[6] - dev - epoch 11 - mAP: 0.591 w/ 35 queries
00:55:17 - process[6]: evaluating epoch 11 on test ...
00:56:09 - test set during evaluation: 14470/14463
00:56:09 - process[6] - test - epoch 11 - mAP: 0.518 w/ 35 queries
00:56:09 - process[6]: training epoch 12 ...
00:56:25 - process[6] - epoch 12 - train iter 207 - 19022.3 words/s - loss: 0.3141
00:56:25 - process[6]: evaluating epoch 12 on dev ...
00:57:18 - dev set during evaluation: 15480/15477
00:57:19 - process[6] - dev - epoch 12 - mAP: 0.515 w/ 35 queries
00:57:19 - process[6]: training epoch 13 ...
00:57:35 - process[6] - epoch 13 - train iter 207 - 18355.5 words/s - loss: 0.2865
00:57:35 - process[6]: evaluating epoch 13 on dev ...
00:58:28 - dev set during evaluation: 15480/15477
00:58:28 - process[6] - dev - epoch 13 - mAP: 0.519 w/ 35 queries
00:58:28 - process[6]: training epoch 14 ...
00:58:45 - process[6] - epoch 14 - train iter 207 - 17711.3 words/s - loss: 0.3002
00:58:45 - process[6]: evaluating epoch 14 on dev ...
00:59:38 - dev set during evaluation: 15480/15477
00:59:38 - process[6] - dev - epoch 14 - mAP: 0.549 w/ 35 queries
00:59:38 - process[6]: training epoch 15 ...
00:59:55 - process[6] - epoch 15 - train iter 207 - 19142.5 words/s - loss: 0.2883
00:59:55 - process[6]: evaluating epoch 15 on dev ...
01:00:47 - dev set during evaluation: 15480/15477
01:00:47 - process[6] - dev - epoch 15 - mAP: 0.535 w/ 35 queries
01:00:47 - process[6]: training epoch 16 ...
01:01:03 - process[6] - epoch 16 - train iter 207 - 17617.0 words/s - loss: 0.2840
01:01:03 - process[6]: evaluating epoch 16 on dev ...
01:01:56 - dev set during evaluation: 15480/15477
01:01:56 - process[6] - dev - epoch 16 - mAP: 0.551 w/ 35 queries
01:01:56 - process[6]: training epoch 17 ...
01:02:13 - process[6] - epoch 17 - train iter 207 - 18421.5 words/s - loss: 0.2875
01:02:13 - process[6]: evaluating epoch 17 on dev ...
01:03:07 - dev set during evaluation: 15480/15477
01:03:07 - process[6] - dev - epoch 17 - mAP: 0.538 w/ 35 queries
01:03:07 - process[6]: training epoch 18 ...
01:03:25 - process[6] - epoch 18 - train iter 207 - 18485.5 words/s - loss: 0.2743
01:03:25 - process[6]: evaluating epoch 18 on dev ...
01:04:17 - dev set during evaluation: 15480/15477
01:04:17 - process[6] - dev - epoch 18 - mAP: 0.558 w/ 35 queries
01:04:17 - process[6]: training epoch 19 ...
01:04:34 - process[6] - epoch 19 - train iter 207 - 18199.4 words/s - loss: 0.2577
01:04:34 - process[6]: evaluating epoch 19 on dev ...
01:05:26 - dev set during evaluation: 15480/15477
01:05:26 - process[6] - dev - epoch 19 - mAP: 0.553 w/ 35 queries
01:05:26 - [fold 4] best test MAP: 0.518 @ epoch 11
01:05:26 - Evaluating every 1 epochs ...
01:05:26 - reading data from /mnt/home/puxuan/CLIR-project/Evaluation_data/process-clef/uncased
01:05:27 - test has 35 queries ...
01:05:27 - Data reading done ...
01:05:29 - adding 9-th encoder to optimizer...
01:05:29 - adding 10-th encoder to optimizer...
01:05:29 - adding 11-th encoder to optimizer...
01:05:29 - process[6]: training epoch 0 ...
01:05:45 - process[6] - epoch 0 - train iter 195 - 17936.5 words/s - loss: 0.5875
01:05:45 - process[6]: training epoch 1 ...
01:06:01 - process[6] - epoch 1 - train iter 195 - 18584.8 words/s - loss: 0.4388
01:06:01 - process[6]: training epoch 2 ...
01:06:17 - process[6] - epoch 2 - train iter 195 - 17484.5 words/s - loss: 0.4231
01:06:17 - process[6]: training epoch 3 ...
01:06:33 - process[6] - epoch 3 - train iter 195 - 18586.5 words/s - loss: 0.3544
01:06:33 - process[6]: training epoch 4 ...
01:06:49 - process[6] - epoch 4 - train iter 195 - 18503.0 words/s - loss: 0.3269
01:06:49 - process[6]: training epoch 5 ...
01:07:06 - process[6] - epoch 5 - train iter 195 - 17454.3 words/s - loss: 0.3487
01:07:06 - process[6]: training epoch 6 ...
01:07:22 - process[6] - epoch 6 - train iter 195 - 18272.7 words/s - loss: 0.3765
01:07:22 - process[6]: training epoch 7 ...
01:07:39 - process[6] - epoch 7 - train iter 195 - 17699.9 words/s - loss: 0.3048
01:07:39 - process[6]: training epoch 8 ...
01:07:55 - process[6] - epoch 8 - train iter 195 - 17918.3 words/s - loss: 0.3203
01:07:55 - process[6]: training epoch 9 ...
01:08:13 - process[6] - epoch 9 - train iter 195 - 17335.5 words/s - loss: 0.3318
01:08:13 - process[6]: training epoch 10 ...
01:08:28 - process[6] - epoch 10 - train iter 195 - 18501.6 words/s - loss: 0.3353
01:08:28 - process[6]: evaluating epoch 10 on dev ...
01:09:23 - dev set during evaluation: 14470/14463
01:09:23 - process[6] - dev - epoch 10 - mAP: 0.515 w/ 35 queries
01:09:23 - process[6]: evaluating epoch 10 on test ...
01:10:18 - test set during evaluation: 14160/14157
01:10:18 - process[6] - test - epoch 10 - mAP: 0.545 w/ 35 queries
01:10:18 - process[6]: training epoch 11 ...
01:10:34 - process[6] - epoch 11 - train iter 195 - 18064.0 words/s - loss: 0.3301
01:10:34 - process[6]: evaluating epoch 11 on dev ...
01:11:27 - dev set during evaluation: 14470/14463
01:11:27 - process[6] - dev - epoch 11 - mAP: 0.522 w/ 35 queries
01:11:27 - process[6]: evaluating epoch 11 on test ...
01:12:22 - test set during evaluation: 14160/14157
01:12:22 - process[6] - test - epoch 11 - mAP: 0.562 w/ 35 queries
01:12:22 - process[6]: training epoch 12 ...
01:12:38 - process[6] - epoch 12 - train iter 195 - 18531.9 words/s - loss: 0.2779
01:12:38 - process[6]: evaluating epoch 12 on dev ...
01:13:30 - dev set during evaluation: 14470/14463
01:13:30 - process[6] - dev - epoch 12 - mAP: 0.527 w/ 35 queries
01:13:30 - process[6]: evaluating epoch 12 on test ...
01:14:25 - test set during evaluation: 14160/14157
01:14:25 - process[6] - test - epoch 12 - mAP: 0.523 w/ 35 queries
01:14:25 - process[6]: training epoch 13 ...
01:14:42 - process[6] - epoch 13 - train iter 195 - 17991.9 words/s - loss: 0.3026
01:14:42 - process[6]: evaluating epoch 13 on dev ...
01:15:33 - dev set during evaluation: 14470/14463
01:15:33 - process[6] - dev - epoch 13 - mAP: 0.522 w/ 35 queries
01:15:33 - process[6]: training epoch 14 ...
01:15:49 - process[6] - epoch 14 - train iter 195 - 18385.9 words/s - loss: 0.2343
01:15:49 - process[6]: evaluating epoch 14 on dev ...
01:16:42 - dev set during evaluation: 14470/14463
01:16:42 - process[6] - dev - epoch 14 - mAP: 0.533 w/ 35 queries
01:16:42 - process[6]: evaluating epoch 14 on test ...
01:17:37 - test set during evaluation: 14160/14157
01:17:37 - process[6] - test - epoch 14 - mAP: 0.542 w/ 35 queries
01:17:37 - process[6]: training epoch 15 ...
01:17:53 - process[6] - epoch 15 - train iter 195 - 18172.9 words/s - loss: 0.2779
01:17:53 - process[6]: evaluating epoch 15 on dev ...
01:18:44 - dev set during evaluation: 14470/14463
01:18:44 - process[6] - dev - epoch 15 - mAP: 0.526 w/ 35 queries
01:18:44 - process[6]: training epoch 16 ...
01:19:00 - process[6] - epoch 16 - train iter 195 - 18840.8 words/s - loss: 0.2839
01:19:00 - process[6]: evaluating epoch 16 on dev ...
01:19:53 - dev set during evaluation: 14470/14463
01:19:53 - process[6] - dev - epoch 16 - mAP: 0.514 w/ 35 queries
01:19:53 - process[6]: training epoch 17 ...
01:20:08 - process[6] - epoch 17 - train iter 195 - 19201.2 words/s - loss: 0.2753
01:20:08 - process[6]: evaluating epoch 17 on dev ...
01:21:01 - dev set during evaluation: 14470/14463
01:21:01 - process[6] - dev - epoch 17 - mAP: 0.537 w/ 35 queries
01:21:01 - process[6]: evaluating epoch 17 on test ...
01:21:57 - test set during evaluation: 14160/14157
01:21:57 - process[6] - test - epoch 17 - mAP: 0.539 w/ 35 queries
01:21:57 - process[6]: training epoch 18 ...
01:22:12 - process[6] - epoch 18 - train iter 195 - 18693.7 words/s - loss: 0.3325
01:22:12 - process[6]: evaluating epoch 18 on dev ...
01:23:04 - dev set during evaluation: 14470/14463
01:23:04 - process[6] - dev - epoch 18 - mAP: 0.544 w/ 35 queries
01:23:04 - process[6]: evaluating epoch 18 on test ...
01:23:59 - test set during evaluation: 14160/14157
01:23:59 - process[6] - test - epoch 18 - mAP: 0.529 w/ 35 queries
01:23:59 - process[6]: training epoch 19 ...
01:24:16 - process[6] - epoch 19 - train iter 195 - 17531.7 words/s - loss: 0.2805
01:24:16 - process[6]: evaluating epoch 19 on dev ...
01:25:07 - dev set during evaluation: 14470/14463
01:25:07 - process[6] - dev - epoch 19 - mAP: 0.514 w/ 35 queries
01:25:07 - [fold 5] best test MAP: 0.529 @ epoch 18
01:25:07 - [0.5982750405373864, 0.5408463470605613, 0.5388018012468223, 0.5177704138230244, 0.5292445210103265]
01:25:07 - [35, 36, 35, 35, 35]
01:25:07 - final MAP: 0.545
