00:00:06 - Namespace(apex_level='O2', batch_size=8, cased=False, dataset='clef', debug=False, encoder_lr=2e-05, eval_step=1, full_doc_length=True, local_rank=2, model_path='/mnt/scratch/puxuan/long_qlm-rr/2186742/huggingface-3', model_type='mbert-long', num_epochs=20, num_ft_encoders=3, num_neg=1, projector_lr=2e-05, seed=611, source_lang='de', target_lang='es')
00:00:17 - BertLongForXLRetrieval(
  (bert): BertModel(
    (embeddings): BertEmbeddings(
      (word_embeddings): Embedding(105879, 768, padding_idx=0)
      (position_embeddings): Embedding(1024, 768)
      (token_type_embeddings): Embedding(2, 768)
      (LayerNorm): LayerNorm((768,), eps=1e-12, elementwise_affine=True)
      (dropout): Dropout(p=0.1, inplace=False)
    )
    (encoder): BertEncoder(
      (layer): ModuleList(
        (0): BertLayer(
          (attention): BertAttention(
            (self): LongformerSelfAttention(
              (query): Linear(in_features=768, out_features=768, bias=True)
              (key): Linear(in_features=768, out_features=768, bias=True)
              (value): Linear(in_features=768, out_features=768, bias=True)
              (query_global): Linear(in_features=768, out_features=768, bias=True)
              (key_global): Linear(in_features=768, out_features=768, bias=True)
              (value_global): Linear(in_features=768, out_features=768, bias=True)
            )
            (output): BertSelfOutput(
              (dense): Linear(in_features=768, out_features=768, bias=True)
              (LayerNorm): LayerNorm((768,), eps=1e-12, elementwise_affine=True)
              (dropout): Dropout(p=0.1, inplace=False)
            )
          )
          (intermediate): BertIntermediate(
            (dense): Linear(in_features=768, out_features=3072, bias=True)
          )
          (output): BertOutput(
            (dense): Linear(in_features=3072, out_features=768, bias=True)
            (LayerNorm): LayerNorm((768,), eps=1e-12, elementwise_affine=True)
            (dropout): Dropout(p=0.1, inplace=False)
          )
        )
        (1): BertLayer(
          (attention): BertAttention(
            (self): LongformerSelfAttention(
              (query): Linear(in_features=768, out_features=768, bias=True)
              (key): Linear(in_features=768, out_features=768, bias=True)
              (value): Linear(in_features=768, out_features=768, bias=True)
              (query_global): Linear(in_features=768, out_features=768, bias=True)
              (key_global): Linear(in_features=768, out_features=768, bias=True)
              (value_global): Linear(in_features=768, out_features=768, bias=True)
            )
            (output): BertSelfOutput(
              (dense): Linear(in_features=768, out_features=768, bias=True)
              (LayerNorm): LayerNorm((768,), eps=1e-12, elementwise_affine=True)
              (dropout): Dropout(p=0.1, inplace=False)
            )
          )
          (intermediate): BertIntermediate(
            (dense): Linear(in_features=768, out_features=3072, bias=True)
          )
          (output): BertOutput(
            (dense): Linear(in_features=3072, out_features=768, bias=True)
            (LayerNorm): LayerNorm((768,), eps=1e-12, elementwise_affine=True)
            (dropout): Dropout(p=0.1, inplace=False)
          )
        )
        (2): BertLayer(
          (attention): BertAttention(
            (self): LongformerSelfAttention(
              (query): Linear(in_features=768, out_features=768, bias=True)
              (key): Linear(in_features=768, out_features=768, bias=True)
              (value): Linear(in_features=768, out_features=768, bias=True)
              (query_global): Linear(in_features=768, out_features=768, bias=True)
              (key_global): Linear(in_features=768, out_features=768, bias=True)
              (value_global): Linear(in_features=768, out_features=768, bias=True)
            )
            (output): BertSelfOutput(
              (dense): Linear(in_features=768, out_features=768, bias=True)
              (LayerNorm): LayerNorm((768,), eps=1e-12, elementwise_affine=True)
              (dropout): Dropout(p=0.1, inplace=False)
            )
          )
          (intermediate): BertIntermediate(
            (dense): Linear(in_features=768, out_features=3072, bias=True)
          )
          (output): BertOutput(
            (dense): Linear(in_features=3072, out_features=768, bias=True)
            (LayerNorm): LayerNorm((768,), eps=1e-12, elementwise_affine=True)
            (dropout): Dropout(p=0.1, inplace=False)
          )
        )
        (3): BertLayer(
          (attention): BertAttention(
            (self): LongformerSelfAttention(
              (query): Linear(in_features=768, out_features=768, bias=True)
              (key): Linear(in_features=768, out_features=768, bias=True)
              (value): Linear(in_features=768, out_features=768, bias=True)
              (query_global): Linear(in_features=768, out_features=768, bias=True)
              (key_global): Linear(in_features=768, out_features=768, bias=True)
              (value_global): Linear(in_features=768, out_features=768, bias=True)
            )
            (output): BertSelfOutput(
              (dense): Linear(in_features=768, out_features=768, bias=True)
              (LayerNorm): LayerNorm((768,), eps=1e-12, elementwise_affine=True)
              (dropout): Dropout(p=0.1, inplace=False)
            )
          )
          (intermediate): BertIntermediate(
            (dense): Linear(in_features=768, out_features=3072, bias=True)
          )
          (output): BertOutput(
            (dense): Linear(in_features=3072, out_features=768, bias=True)
            (LayerNorm): LayerNorm((768,), eps=1e-12, elementwise_affine=True)
            (dropout): Dropout(p=0.1, inplace=False)
          )
        )
        (4): BertLayer(
          (attention): BertAttention(
            (self): LongformerSelfAttention(
              (query): Linear(in_features=768, out_features=768, bias=True)
              (key): Linear(in_features=768, out_features=768, bias=True)
              (value): Linear(in_features=768, out_features=768, bias=True)
              (query_global): Linear(in_features=768, out_features=768, bias=True)
              (key_global): Linear(in_features=768, out_features=768, bias=True)
              (value_global): Linear(in_features=768, out_features=768, bias=True)
            )
            (output): BertSelfOutput(
              (dense): Linear(in_features=768, out_features=768, bias=True)
              (LayerNorm): LayerNorm((768,), eps=1e-12, elementwise_affine=True)
              (dropout): Dropout(p=0.1, inplace=False)
            )
          )
          (intermediate): BertIntermediate(
            (dense): Linear(in_features=768, out_features=3072, bias=True)
          )
          (output): BertOutput(
            (dense): Linear(in_features=3072, out_features=768, bias=True)
            (LayerNorm): LayerNorm((768,), eps=1e-12, elementwise_affine=True)
            (dropout): Dropout(p=0.1, inplace=False)
          )
        )
        (5): BertLayer(
          (attention): BertAttention(
            (self): LongformerSelfAttention(
              (query): Linear(in_features=768, out_features=768, bias=True)
              (key): Linear(in_features=768, out_features=768, bias=True)
              (value): Linear(in_features=768, out_features=768, bias=True)
              (query_global): Linear(in_features=768, out_features=768, bias=True)
              (key_global): Linear(in_features=768, out_features=768, bias=True)
              (value_global): Linear(in_features=768, out_features=768, bias=True)
            )
            (output): BertSelfOutput(
              (dense): Linear(in_features=768, out_features=768, bias=True)
              (LayerNorm): LayerNorm((768,), eps=1e-12, elementwise_affine=True)
              (dropout): Dropout(p=0.1, inplace=False)
            )
          )
          (intermediate): BertIntermediate(
            (dense): Linear(in_features=768, out_features=3072, bias=True)
          )
          (output): BertOutput(
            (dense): Linear(in_features=3072, out_features=768, bias=True)
            (LayerNorm): LayerNorm((768,), eps=1e-12, elementwise_affine=True)
            (dropout): Dropout(p=0.1, inplace=False)
          )
        )
        (6): BertLayer(
          (attention): BertAttention(
            (self): LongformerSelfAttention(
              (query): Linear(in_features=768, out_features=768, bias=True)
              (key): Linear(in_features=768, out_features=768, bias=True)
              (value): Linear(in_features=768, out_features=768, bias=True)
              (query_global): Linear(in_features=768, out_features=768, bias=True)
              (key_global): Linear(in_features=768, out_features=768, bias=True)
              (value_global): Linear(in_features=768, out_features=768, bias=True)
            )
            (output): BertSelfOutput(
              (dense): Linear(in_features=768, out_features=768, bias=True)
              (LayerNorm): LayerNorm((768,), eps=1e-12, elementwise_affine=True)
              (dropout): Dropout(p=0.1, inplace=False)
            )
          )
          (intermediate): BertIntermediate(
            (dense): Linear(in_features=768, out_features=3072, bias=True)
          )
          (output): BertOutput(
            (dense): Linear(in_features=3072, out_features=768, bias=True)
            (LayerNorm): LayerNorm((768,), eps=1e-12, elementwise_affine=True)
            (dropout): Dropout(p=0.1, inplace=False)
          )
        )
        (7): BertLayer(
          (attention): BertAttention(
            (self): LongformerSelfAttention(
              (query): Linear(in_features=768, out_features=768, bias=True)
              (key): Linear(in_features=768, out_features=768, bias=True)
              (value): Linear(in_features=768, out_features=768, bias=True)
              (query_global): Linear(in_features=768, out_features=768, bias=True)
              (key_global): Linear(in_features=768, out_features=768, bias=True)
              (value_global): Linear(in_features=768, out_features=768, bias=True)
            )
            (output): BertSelfOutput(
              (dense): Linear(in_features=768, out_features=768, bias=True)
              (LayerNorm): LayerNorm((768,), eps=1e-12, elementwise_affine=True)
              (dropout): Dropout(p=0.1, inplace=False)
            )
          )
          (intermediate): BertIntermediate(
            (dense): Linear(in_features=768, out_features=3072, bias=True)
          )
          (output): BertOutput(
            (dense): Linear(in_features=3072, out_features=768, bias=True)
            (LayerNorm): LayerNorm((768,), eps=1e-12, elementwise_affine=True)
            (dropout): Dropout(p=0.1, inplace=False)
          )
        )
        (8): BertLayer(
          (attention): BertAttention(
            (self): LongformerSelfAttention(
              (query): Linear(in_features=768, out_features=768, bias=True)
              (key): Linear(in_features=768, out_features=768, bias=True)
              (value): Linear(in_features=768, out_features=768, bias=True)
              (query_global): Linear(in_features=768, out_features=768, bias=True)
              (key_global): Linear(in_features=768, out_features=768, bias=True)
              (value_global): Linear(in_features=768, out_features=768, bias=True)
            )
            (output): BertSelfOutput(
              (dense): Linear(in_features=768, out_features=768, bias=True)
              (LayerNorm): LayerNorm((768,), eps=1e-12, elementwise_affine=True)
              (dropout): Dropout(p=0.1, inplace=False)
            )
          )
          (intermediate): BertIntermediate(
            (dense): Linear(in_features=768, out_features=3072, bias=True)
          )
          (output): BertOutput(
            (dense): Linear(in_features=3072, out_features=768, bias=True)
            (LayerNorm): LayerNorm((768,), eps=1e-12, elementwise_affine=True)
            (dropout): Dropout(p=0.1, inplace=False)
          )
        )
        (9): BertLayer(
          (attention): BertAttention(
            (self): LongformerSelfAttention(
              (query): Linear(in_features=768, out_features=768, bias=True)
              (key): Linear(in_features=768, out_features=768, bias=True)
              (value): Linear(in_features=768, out_features=768, bias=True)
              (query_global): Linear(in_features=768, out_features=768, bias=True)
              (key_global): Linear(in_features=768, out_features=768, bias=True)
              (value_global): Linear(in_features=768, out_features=768, bias=True)
            )
            (output): BertSelfOutput(
              (dense): Linear(in_features=768, out_features=768, bias=True)
              (LayerNorm): LayerNorm((768,), eps=1e-12, elementwise_affine=True)
              (dropout): Dropout(p=0.1, inplace=False)
            )
          )
          (intermediate): BertIntermediate(
            (dense): Linear(in_features=768, out_features=3072, bias=True)
          )
          (output): BertOutput(
            (dense): Linear(in_features=3072, out_features=768, bias=True)
            (LayerNorm): LayerNorm((768,), eps=1e-12, elementwise_affine=True)
            (dropout): Dropout(p=0.1, inplace=False)
          )
        )
        (10): BertLayer(
          (attention): BertAttention(
            (self): LongformerSelfAttention(
              (query): Linear(in_features=768, out_features=768, bias=True)
              (key): Linear(in_features=768, out_features=768, bias=True)
              (value): Linear(in_features=768, out_features=768, bias=True)
              (query_global): Linear(in_features=768, out_features=768, bias=True)
              (key_global): Linear(in_features=768, out_features=768, bias=True)
              (value_global): Linear(in_features=768, out_features=768, bias=True)
            )
            (output): BertSelfOutput(
              (dense): Linear(in_features=768, out_features=768, bias=True)
              (LayerNorm): LayerNorm((768,), eps=1e-12, elementwise_affine=True)
              (dropout): Dropout(p=0.1, inplace=False)
            )
          )
          (intermediate): BertIntermediate(
            (dense): Linear(in_features=768, out_features=3072, bias=True)
          )
          (output): BertOutput(
            (dense): Linear(in_features=3072, out_features=768, bias=True)
            (LayerNorm): LayerNorm((768,), eps=1e-12, elementwise_affine=True)
            (dropout): Dropout(p=0.1, inplace=False)
          )
        )
        (11): BertLayer(
          (attention): BertAttention(
            (self): LongformerSelfAttention(
              (query): Linear(in_features=768, out_features=768, bias=True)
              (key): Linear(in_features=768, out_features=768, bias=True)
              (value): Linear(in_features=768, out_features=768, bias=True)
              (query_global): Linear(in_features=768, out_features=768, bias=True)
              (key_global): Linear(in_features=768, out_features=768, bias=True)
              (value_global): Linear(in_features=768, out_features=768, bias=True)
            )
            (output): BertSelfOutput(
              (dense): Linear(in_features=768, out_features=768, bias=True)
              (LayerNorm): LayerNorm((768,), eps=1e-12, elementwise_affine=True)
              (dropout): Dropout(p=0.1, inplace=False)
            )
          )
          (intermediate): BertIntermediate(
            (dense): Linear(in_features=768, out_features=3072, bias=True)
          )
          (output): BertOutput(
            (dense): Linear(in_features=3072, out_features=768, bias=True)
            (LayerNorm): LayerNorm((768,), eps=1e-12, elementwise_affine=True)
            (dropout): Dropout(p=0.1, inplace=False)
          )
        )
      )
    )
    (pooler): BertPooler(
      (dense): Linear(in_features=768, out_features=768, bias=True)
      (activation): Tanh()
    )
  )
  (mlm_cls): BertOnlyMLMHead(
    (predictions): BertLMPredictionHead(
      (transform): BertPredictionHeadTransform(
        (dense): Linear(in_features=768, out_features=768, bias=True)
        (LayerNorm): LayerNorm((768,), eps=1e-12, elementwise_affine=True)
      )
      (decoder): Linear(in_features=768, out_features=105879, bias=True)
    )
  )
  (seqcls_dropout): Dropout(p=0.1, inplace=False)
  (seqcls_classifier): Linear(in_features=768, out_features=2, bias=True)
)
00:00:17 - Evaluating every 1 epochs ...
00:00:17 - reading data from /mnt/home/puxuan/CLIR-project/Evaluation_data/process-clef/uncased
00:00:18 - test has 31 queries ...
00:00:18 - Data reading done ...
00:00:25 - adding 9-th encoder to optimizer...
00:00:25 - adding 10-th encoder to optimizer...
00:00:25 - adding 11-th encoder to optimizer...
00:00:26 - process[2]: training epoch 0 ...
00:00:57 - process[2] - epoch 0 - train iter 540 - 20228.9 words/s - loss: 0.5103
00:00:57 - process[2]: training epoch 1 ...
00:01:27 - process[2] - epoch 1 - train iter 540 - 20869.6 words/s - loss: 0.4089
00:01:27 - process[2]: training epoch 2 ...
00:01:58 - process[2] - epoch 2 - train iter 540 - 21203.9 words/s - loss: 0.3253
00:01:58 - process[2]: training epoch 3 ...
00:02:29 - process[2] - epoch 3 - train iter 540 - 20909.9 words/s - loss: 0.3266
00:02:29 - process[2]: training epoch 4 ...
00:03:00 - process[2] - epoch 4 - train iter 540 - 20806.5 words/s - loss: 0.3225
00:03:00 - process[2]: training epoch 5 ...
00:03:31 - process[2] - epoch 5 - train iter 540 - 20668.3 words/s - loss: 0.3235
00:03:31 - process[2]: training epoch 6 ...
00:04:02 - process[2] - epoch 6 - train iter 540 - 20790.4 words/s - loss: 0.3185
00:04:02 - process[2]: training epoch 7 ...
00:04:33 - process[2] - epoch 7 - train iter 540 - 20337.7 words/s - loss: 0.2966
00:04:33 - process[2]: training epoch 8 ...
00:05:03 - process[2] - epoch 8 - train iter 540 - 20594.8 words/s - loss: 0.2787
00:05:03 - process[2]: training epoch 9 ...
00:05:34 - process[2] - epoch 9 - train iter 540 - 20710.8 words/s - loss: 0.2956
00:05:34 - process[2]: training epoch 10 ...
00:06:05 - process[2] - epoch 10 - train iter 540 - 20910.1 words/s - loss: 0.2720
00:06:05 - process[2]: evaluating epoch 10 on dev ...
00:06:32 - process[2] - dev - epoch 10 - mAP: 0.548 w/ 31 queries
00:06:32 - process[2]: evaluating epoch 10 on test ...
00:06:54 - test set during evaluation: 11460/11458
00:06:54 - process[2] - test - epoch 10 - mAP: 0.563 w/ 31 queries
00:06:54 - process[2]: training epoch 11 ...
00:07:25 - process[2] - epoch 11 - train iter 540 - 20549.6 words/s - loss: 0.2699
00:07:25 - process[2]: evaluating epoch 11 on dev ...
00:07:47 - process[2] - dev - epoch 11 - mAP: 0.546 w/ 31 queries
00:07:47 - process[2]: training epoch 12 ...
00:08:17 - process[2] - epoch 12 - train iter 540 - 20951.9 words/s - loss: 0.2678
00:08:17 - process[2]: evaluating epoch 12 on dev ...
00:08:39 - process[2] - dev - epoch 12 - mAP: 0.561 w/ 31 queries
00:08:39 - process[2]: evaluating epoch 12 on test ...
00:09:01 - test set during evaluation: 11460/11458
00:09:01 - process[2] - test - epoch 12 - mAP: 0.561 w/ 31 queries
00:09:01 - process[2]: training epoch 13 ...
00:09:32 - process[2] - epoch 13 - train iter 540 - 20812.9 words/s - loss: 0.2739
00:09:32 - process[2]: evaluating epoch 13 on dev ...
00:09:54 - process[2] - dev - epoch 13 - mAP: 0.560 w/ 31 queries
00:09:54 - process[2]: training epoch 14 ...
00:10:25 - process[2] - epoch 14 - train iter 540 - 21145.8 words/s - loss: 0.2562
00:10:25 - process[2]: evaluating epoch 14 on dev ...
00:10:47 - process[2] - dev - epoch 14 - mAP: 0.567 w/ 31 queries
00:10:47 - process[2]: evaluating epoch 14 on test ...
00:11:09 - test set during evaluation: 11460/11458
00:11:09 - process[2] - test - epoch 14 - mAP: 0.570 w/ 31 queries
00:11:09 - process[2]: training epoch 15 ...
00:11:40 - process[2] - epoch 15 - train iter 540 - 20858.6 words/s - loss: 0.2254
00:11:40 - process[2]: evaluating epoch 15 on dev ...
00:12:02 - process[2] - dev - epoch 15 - mAP: 0.547 w/ 31 queries
00:12:02 - process[2]: training epoch 16 ...
00:12:32 - process[2] - epoch 16 - train iter 540 - 21164.6 words/s - loss: 0.2702
00:12:32 - process[2]: evaluating epoch 16 on dev ...
00:12:54 - process[2] - dev - epoch 16 - mAP: 0.553 w/ 31 queries
00:12:54 - process[2]: training epoch 17 ...
00:13:25 - process[2] - epoch 17 - train iter 540 - 20703.2 words/s - loss: 0.2523
00:13:25 - process[2]: evaluating epoch 17 on dev ...
00:13:47 - process[2] - dev - epoch 17 - mAP: 0.535 w/ 31 queries
00:13:47 - process[2]: training epoch 18 ...
00:14:18 - process[2] - epoch 18 - train iter 540 - 20944.5 words/s - loss: 0.2135
00:14:18 - process[2]: evaluating epoch 18 on dev ...
00:14:40 - process[2] - dev - epoch 18 - mAP: 0.565 w/ 31 queries
00:14:40 - process[2]: training epoch 19 ...
00:15:11 - process[2] - epoch 19 - train iter 540 - 20746.9 words/s - loss: 0.2053
00:15:11 - process[2]: evaluating epoch 19 on dev ...
00:15:32 - process[2] - dev - epoch 19 - mAP: 0.556 w/ 31 queries
00:15:32 - [fold 1] best test MAP: 0.570 @ epoch 14
00:15:32 - Evaluating every 1 epochs ...
00:15:32 - reading data from /mnt/home/puxuan/CLIR-project/Evaluation_data/process-clef/uncased
00:15:34 - test has 32 queries ...
00:15:34 - Data reading done ...
00:15:36 - adding 9-th encoder to optimizer...
00:15:36 - adding 10-th encoder to optimizer...
00:15:36 - adding 11-th encoder to optimizer...
00:15:36 - process[2]: training epoch 0 ...
00:16:04 - process[2] - epoch 0 - train iter 492 - 20848.9 words/s - loss: 0.4606
00:16:04 - process[2]: training epoch 1 ...
00:16:32 - process[2] - epoch 1 - train iter 492 - 20598.8 words/s - loss: 0.3992
00:16:32 - process[2]: training epoch 2 ...
00:17:01 - process[2] - epoch 2 - train iter 492 - 20880.2 words/s - loss: 0.3666
00:17:01 - process[2]: training epoch 3 ...
00:17:29 - process[2] - epoch 3 - train iter 492 - 20686.2 words/s - loss: 0.3724
00:17:29 - process[2]: training epoch 4 ...
00:17:57 - process[2] - epoch 4 - train iter 492 - 20664.0 words/s - loss: 0.3438
00:17:57 - process[2]: training epoch 5 ...
00:18:26 - process[2] - epoch 5 - train iter 492 - 20744.9 words/s - loss: 0.3550
00:18:26 - process[2]: training epoch 6 ...
00:18:54 - process[2] - epoch 6 - train iter 492 - 20502.9 words/s - loss: 0.3056
00:18:54 - process[2]: training epoch 7 ...
00:19:23 - process[2] - epoch 7 - train iter 492 - 20613.4 words/s - loss: 0.3210
00:19:23 - process[2]: training epoch 8 ...
00:19:51 - process[2] - epoch 8 - train iter 492 - 20649.1 words/s - loss: 0.2920
00:19:51 - process[2]: training epoch 9 ...
00:20:19 - process[2] - epoch 9 - train iter 492 - 20775.1 words/s - loss: 0.3091
00:20:19 - process[2]: training epoch 10 ...
00:20:48 - process[2] - epoch 10 - train iter 492 - 21135.5 words/s - loss: 0.3152
00:20:48 - process[2]: evaluating epoch 10 on dev ...
00:21:16 - dev set during evaluation: 11460/11458
00:21:16 - process[2] - dev - epoch 10 - mAP: 0.574 w/ 31 queries
00:21:16 - process[2]: evaluating epoch 10 on test ...
00:21:40 - process[2] - test - epoch 10 - mAP: 0.630 w/ 32 queries
00:21:40 - process[2]: training epoch 11 ...
00:22:08 - process[2] - epoch 11 - train iter 492 - 20987.9 words/s - loss: 0.2617
00:22:08 - process[2]: evaluating epoch 11 on dev ...
00:22:30 - dev set during evaluation: 11460/11458
00:22:30 - process[2] - dev - epoch 11 - mAP: 0.581 w/ 31 queries
00:22:30 - process[2]: evaluating epoch 11 on test ...
00:22:54 - process[2] - test - epoch 11 - mAP: 0.643 w/ 32 queries
00:22:54 - process[2]: training epoch 12 ...
00:23:23 - process[2] - epoch 12 - train iter 492 - 20901.1 words/s - loss: 0.2913
00:23:23 - process[2]: evaluating epoch 12 on dev ...
00:23:46 - dev set during evaluation: 11460/11458
00:23:46 - process[2] - dev - epoch 12 - mAP: 0.574 w/ 31 queries
00:23:46 - process[2]: training epoch 13 ...
00:24:15 - process[2] - epoch 13 - train iter 492 - 20664.4 words/s - loss: 0.2437
00:24:15 - process[2]: evaluating epoch 13 on dev ...
00:24:37 - dev set during evaluation: 11460/11458
00:24:37 - process[2] - dev - epoch 13 - mAP: 0.574 w/ 31 queries
00:24:37 - process[2]: training epoch 14 ...
00:25:05 - process[2] - epoch 14 - train iter 492 - 20354.2 words/s - loss: 0.2907
00:25:05 - process[2]: evaluating epoch 14 on dev ...
00:25:27 - dev set during evaluation: 11460/11458
00:25:27 - process[2] - dev - epoch 14 - mAP: 0.568 w/ 31 queries
00:25:27 - process[2]: training epoch 15 ...
00:25:56 - process[2] - epoch 15 - train iter 492 - 20799.2 words/s - loss: 0.2492
00:25:56 - process[2]: evaluating epoch 15 on dev ...
00:26:19 - dev set during evaluation: 11460/11458
00:26:19 - process[2] - dev - epoch 15 - mAP: 0.571 w/ 31 queries
00:26:19 - process[2]: training epoch 16 ...
00:26:47 - process[2] - epoch 16 - train iter 492 - 21063.4 words/s - loss: 0.2578
00:26:47 - process[2]: evaluating epoch 16 on dev ...
00:27:10 - dev set during evaluation: 11460/11458
00:27:10 - process[2] - dev - epoch 16 - mAP: 0.577 w/ 31 queries
00:27:10 - process[2]: training epoch 17 ...
00:27:38 - process[2] - epoch 17 - train iter 492 - 20822.7 words/s - loss: 0.2388
00:27:38 - process[2]: evaluating epoch 17 on dev ...
00:28:01 - dev set during evaluation: 11460/11458
00:28:01 - process[2] - dev - epoch 17 - mAP: 0.575 w/ 31 queries
00:28:01 - process[2]: training epoch 18 ...
00:28:29 - process[2] - epoch 18 - train iter 492 - 20947.3 words/s - loss: 0.2422
00:28:29 - process[2]: evaluating epoch 18 on dev ...
00:28:51 - dev set during evaluation: 11460/11458
00:28:51 - process[2] - dev - epoch 18 - mAP: 0.584 w/ 31 queries
00:28:51 - process[2]: evaluating epoch 18 on test ...
00:29:15 - process[2] - test - epoch 18 - mAP: 0.630 w/ 32 queries
00:29:15 - process[2]: training epoch 19 ...
00:29:44 - process[2] - epoch 19 - train iter 492 - 20454.2 words/s - loss: 0.2336
00:29:44 - process[2]: evaluating epoch 19 on dev ...
00:30:06 - dev set during evaluation: 11460/11458
00:30:06 - process[2] - dev - epoch 19 - mAP: 0.564 w/ 31 queries
00:30:06 - [fold 2] best test MAP: 0.630 @ epoch 18
00:30:06 - Evaluating every 1 epochs ...
00:30:06 - reading data from /mnt/home/puxuan/CLIR-project/Evaluation_data/process-clef/uncased
00:30:08 - test has 31 queries ...
00:30:08 - Data reading done ...
00:30:09 - adding 9-th encoder to optimizer...
00:30:09 - adding 10-th encoder to optimizer...
00:30:09 - adding 11-th encoder to optimizer...
00:30:10 - process[2]: training epoch 0 ...
00:30:38 - process[2] - epoch 0 - train iter 476 - 20263.9 words/s - loss: 0.4626
00:30:38 - process[2]: training epoch 1 ...
00:31:06 - process[2] - epoch 1 - train iter 476 - 19830.7 words/s - loss: 0.4038
00:31:06 - process[2]: training epoch 2 ...
00:31:33 - process[2] - epoch 2 - train iter 476 - 20309.5 words/s - loss: 0.3368
00:31:33 - process[2]: training epoch 3 ...
00:32:01 - process[2] - epoch 3 - train iter 476 - 20252.5 words/s - loss: 0.3030
00:32:01 - process[2]: training epoch 4 ...
00:32:29 - process[2] - epoch 4 - train iter 476 - 20431.6 words/s - loss: 0.3021
00:32:29 - process[2]: training epoch 5 ...
00:32:57 - process[2] - epoch 5 - train iter 476 - 19951.3 words/s - loss: 0.2948
00:32:57 - process[2]: training epoch 6 ...
00:33:25 - process[2] - epoch 6 - train iter 476 - 20487.5 words/s - loss: 0.3045
00:33:25 - process[2]: training epoch 7 ...
00:33:52 - process[2] - epoch 7 - train iter 476 - 20087.0 words/s - loss: 0.3075
00:33:52 - process[2]: training epoch 8 ...
00:34:20 - process[2] - epoch 8 - train iter 476 - 20246.6 words/s - loss: 0.2771
00:34:20 - process[2]: training epoch 9 ...
00:34:48 - process[2] - epoch 9 - train iter 476 - 20406.9 words/s - loss: 0.2926
00:34:48 - process[2]: training epoch 10 ...
00:35:16 - process[2] - epoch 10 - train iter 476 - 20326.4 words/s - loss: 0.2739
00:35:16 - process[2]: evaluating epoch 10 on dev ...
00:35:40 - process[2] - dev - epoch 10 - mAP: 0.614 w/ 32 queries
00:35:40 - process[2]: evaluating epoch 10 on test ...
00:36:03 - test set during evaluation: 11550/11545
00:36:03 - process[2] - test - epoch 10 - mAP: 0.609 w/ 31 queries
00:36:03 - process[2]: training epoch 11 ...
00:36:30 - process[2] - epoch 11 - train iter 476 - 20424.7 words/s - loss: 0.2536
00:36:30 - process[2]: evaluating epoch 11 on dev ...
00:36:54 - process[2] - dev - epoch 11 - mAP: 0.626 w/ 32 queries
00:36:54 - process[2]: evaluating epoch 11 on test ...
00:37:17 - test set during evaluation: 11550/11545
00:37:17 - process[2] - test - epoch 11 - mAP: 0.610 w/ 31 queries
00:37:17 - process[2]: training epoch 12 ...
00:37:45 - process[2] - epoch 12 - train iter 476 - 20635.4 words/s - loss: 0.2531
00:37:45 - process[2]: evaluating epoch 12 on dev ...
00:38:10 - process[2] - dev - epoch 12 - mAP: 0.615 w/ 32 queries
00:38:10 - process[2]: training epoch 13 ...
00:38:37 - process[2] - epoch 13 - train iter 476 - 20761.5 words/s - loss: 0.2922
00:38:37 - process[2]: evaluating epoch 13 on dev ...
00:39:01 - process[2] - dev - epoch 13 - mAP: 0.623 w/ 32 queries
00:39:01 - process[2]: training epoch 14 ...
00:39:29 - process[2] - epoch 14 - train iter 476 - 21147.9 words/s - loss: 0.2449
00:39:29 - process[2]: evaluating epoch 14 on dev ...
00:39:53 - process[2] - dev - epoch 14 - mAP: 0.624 w/ 32 queries
00:39:53 - process[2]: training epoch 15 ...
00:40:21 - process[2] - epoch 15 - train iter 476 - 20162.9 words/s - loss: 0.2528
00:40:21 - process[2]: evaluating epoch 15 on dev ...
00:40:44 - process[2] - dev - epoch 15 - mAP: 0.619 w/ 32 queries
00:40:44 - process[2]: training epoch 16 ...
00:41:12 - process[2] - epoch 16 - train iter 476 - 21025.4 words/s - loss: 0.2570
00:41:12 - process[2]: evaluating epoch 16 on dev ...
00:41:36 - process[2] - dev - epoch 16 - mAP: 0.619 w/ 32 queries
00:41:36 - process[2]: training epoch 17 ...
00:42:03 - process[2] - epoch 17 - train iter 476 - 21009.3 words/s - loss: 0.2396
00:42:03 - process[2]: evaluating epoch 17 on dev ...
00:42:28 - process[2] - dev - epoch 17 - mAP: 0.630 w/ 32 queries
00:42:28 - process[2]: evaluating epoch 17 on test ...
00:42:51 - test set during evaluation: 11550/11545
00:42:51 - process[2] - test - epoch 17 - mAP: 0.610 w/ 31 queries
00:42:51 - process[2]: training epoch 18 ...
00:43:18 - process[2] - epoch 18 - train iter 476 - 20227.6 words/s - loss: 0.2635
00:43:18 - process[2]: evaluating epoch 18 on dev ...
00:43:42 - process[2] - dev - epoch 18 - mAP: 0.624 w/ 32 queries
00:43:42 - process[2]: training epoch 19 ...
00:44:09 - process[2] - epoch 19 - train iter 476 - 20603.5 words/s - loss: 0.2304
00:44:09 - process[2]: evaluating epoch 19 on dev ...
00:44:33 - process[2] - dev - epoch 19 - mAP: 0.624 w/ 32 queries
00:44:33 - [fold 3] best test MAP: 0.610 @ epoch 17
00:44:33 - Evaluating every 1 epochs ...
00:44:33 - reading data from /mnt/home/puxuan/CLIR-project/Evaluation_data/process-clef/uncased
00:44:35 - test has 31 queries ...
00:44:35 - Data reading done ...
00:44:36 - adding 9-th encoder to optimizer...
00:44:36 - adding 10-th encoder to optimizer...
00:44:36 - adding 11-th encoder to optimizer...
00:44:37 - process[2]: training epoch 0 ...
00:45:02 - process[2] - epoch 0 - train iter 432 - 20708.9 words/s - loss: 0.5323
00:45:02 - process[2]: training epoch 1 ...
00:45:27 - process[2] - epoch 1 - train iter 432 - 20648.5 words/s - loss: 0.4008
00:45:27 - process[2]: training epoch 2 ...
00:45:52 - process[2] - epoch 2 - train iter 432 - 20998.3 words/s - loss: 0.3878
00:45:52 - process[2]: training epoch 3 ...
00:46:16 - process[2] - epoch 3 - train iter 432 - 20496.9 words/s - loss: 0.4010
00:46:16 - process[2]: training epoch 4 ...
00:46:41 - process[2] - epoch 4 - train iter 432 - 20994.8 words/s - loss: 0.3295
00:46:41 - process[2]: training epoch 5 ...
00:47:05 - process[2] - epoch 5 - train iter 432 - 20650.2 words/s - loss: 0.3171
00:47:05 - process[2]: training epoch 6 ...
00:47:30 - process[2] - epoch 6 - train iter 432 - 21015.2 words/s - loss: 0.3232
00:47:30 - process[2]: training epoch 7 ...
00:47:55 - process[2] - epoch 7 - train iter 432 - 20717.2 words/s - loss: 0.3047
00:47:55 - process[2]: training epoch 8 ...
00:48:19 - process[2] - epoch 8 - train iter 432 - 20887.2 words/s - loss: 0.3104
00:48:19 - process[2]: training epoch 9 ...
00:48:44 - process[2] - epoch 9 - train iter 432 - 20759.0 words/s - loss: 0.2922
00:48:44 - process[2]: training epoch 10 ...
00:49:09 - process[2] - epoch 10 - train iter 432 - 20412.6 words/s - loss: 0.3017
00:49:09 - process[2]: evaluating epoch 10 on dev ...
00:49:36 - dev set during evaluation: 11550/11545
00:49:36 - process[2] - dev - epoch 10 - mAP: 0.593 w/ 31 queries
00:49:36 - process[2]: evaluating epoch 10 on test ...
00:49:59 - test set during evaluation: 11320/11315
00:49:59 - process[2] - test - epoch 10 - mAP: 0.629 w/ 31 queries
00:49:59 - process[2]: training epoch 11 ...
00:50:23 - process[2] - epoch 11 - train iter 432 - 20655.6 words/s - loss: 0.2911
00:50:23 - process[2]: evaluating epoch 11 on dev ...
00:50:47 - dev set during evaluation: 11550/11545
00:50:47 - process[2] - dev - epoch 11 - mAP: 0.603 w/ 31 queries
00:50:47 - process[2]: evaluating epoch 11 on test ...
00:51:09 - test set during evaluation: 11320/11315
00:51:09 - process[2] - test - epoch 11 - mAP: 0.635 w/ 31 queries
00:51:09 - process[2]: training epoch 12 ...
00:51:34 - process[2] - epoch 12 - train iter 432 - 20857.0 words/s - loss: 0.2764
00:51:34 - process[2]: evaluating epoch 12 on dev ...
00:51:57 - dev set during evaluation: 11550/11545
00:51:57 - process[2] - dev - epoch 12 - mAP: 0.609 w/ 31 queries
00:51:57 - process[2]: evaluating epoch 12 on test ...
00:52:20 - test set during evaluation: 11320/11315
00:52:20 - process[2] - test - epoch 12 - mAP: 0.631 w/ 31 queries
00:52:20 - process[2]: training epoch 13 ...
00:52:44 - process[2] - epoch 13 - train iter 432 - 20699.3 words/s - loss: 0.2435
00:52:44 - process[2]: evaluating epoch 13 on dev ...
00:53:07 - dev set during evaluation: 11550/11545
00:53:07 - process[2] - dev - epoch 13 - mAP: 0.596 w/ 31 queries
00:53:07 - process[2]: training epoch 14 ...
00:53:32 - process[2] - epoch 14 - train iter 432 - 20766.2 words/s - loss: 0.2782
00:53:32 - process[2]: evaluating epoch 14 on dev ...
00:53:55 - dev set during evaluation: 11550/11545
00:53:55 - process[2] - dev - epoch 14 - mAP: 0.592 w/ 31 queries
00:53:55 - process[2]: training epoch 15 ...
00:54:19 - process[2] - epoch 15 - train iter 432 - 20626.2 words/s - loss: 0.2458
00:54:19 - process[2]: evaluating epoch 15 on dev ...
00:54:43 - dev set during evaluation: 11550/11545
00:54:43 - process[2] - dev - epoch 15 - mAP: 0.601 w/ 31 queries
00:54:43 - process[2]: training epoch 16 ...
00:55:08 - process[2] - epoch 16 - train iter 432 - 20958.3 words/s - loss: 0.2627
00:55:08 - process[2]: evaluating epoch 16 on dev ...
00:55:31 - dev set during evaluation: 11550/11545
00:55:31 - process[2] - dev - epoch 16 - mAP: 0.595 w/ 31 queries
00:55:31 - process[2]: training epoch 17 ...
00:55:56 - process[2] - epoch 17 - train iter 432 - 20858.5 words/s - loss: 0.2551
00:55:56 - process[2]: evaluating epoch 17 on dev ...
00:56:19 - dev set during evaluation: 11550/11545
00:56:19 - process[2] - dev - epoch 17 - mAP: 0.585 w/ 31 queries
00:56:19 - process[2]: training epoch 18 ...
00:56:43 - process[2] - epoch 18 - train iter 432 - 20759.6 words/s - loss: 0.2409
00:56:43 - process[2]: evaluating epoch 18 on dev ...
00:57:07 - dev set during evaluation: 11550/11545
00:57:07 - process[2] - dev - epoch 18 - mAP: 0.599 w/ 31 queries
00:57:07 - process[2]: training epoch 19 ...
00:57:31 - process[2] - epoch 19 - train iter 432 - 20399.7 words/s - loss: 0.2429
00:57:31 - process[2]: evaluating epoch 19 on dev ...
00:57:54 - dev set during evaluation: 11550/11545
00:57:54 - process[2] - dev - epoch 19 - mAP: 0.588 w/ 31 queries
00:57:54 - [fold 4] best test MAP: 0.631 @ epoch 12
00:57:54 - Evaluating every 1 epochs ...
00:57:54 - reading data from /mnt/home/puxuan/CLIR-project/Evaluation_data/process-clef/uncased
00:57:56 - test has 31 queries ...
00:57:56 - Data reading done ...
00:57:57 - adding 9-th encoder to optimizer...
00:57:57 - adding 10-th encoder to optimizer...
00:57:57 - adding 11-th encoder to optimizer...
00:57:58 - process[2]: training epoch 0 ...
00:58:23 - process[2] - epoch 0 - train iter 437 - 20432.1 words/s - loss: 0.4994
00:58:23 - process[2]: training epoch 1 ...
00:58:49 - process[2] - epoch 1 - train iter 437 - 21065.4 words/s - loss: 0.4308
00:58:49 - process[2]: training epoch 2 ...
00:59:14 - process[2] - epoch 2 - train iter 437 - 20963.6 words/s - loss: 0.3593
00:59:14 - process[2]: training epoch 3 ...
00:59:39 - process[2] - epoch 3 - train iter 437 - 20835.8 words/s - loss: 0.3261
00:59:39 - process[2]: training epoch 4 ...
01:00:05 - process[2] - epoch 4 - train iter 437 - 20905.1 words/s - loss: 0.3291
01:00:05 - process[2]: training epoch 5 ...
01:00:30 - process[2] - epoch 5 - train iter 437 - 20769.7 words/s - loss: 0.3180
01:00:30 - process[2]: training epoch 6 ...
01:00:55 - process[2] - epoch 6 - train iter 437 - 20719.4 words/s - loss: 0.2692
01:00:55 - process[2]: training epoch 7 ...
01:01:20 - process[2] - epoch 7 - train iter 437 - 20613.3 words/s - loss: 0.3051
01:01:20 - process[2]: training epoch 8 ...
01:01:45 - process[2] - epoch 8 - train iter 437 - 20630.3 words/s - loss: 0.2758
01:01:45 - process[2]: training epoch 9 ...
01:02:10 - process[2] - epoch 9 - train iter 437 - 20884.7 words/s - loss: 0.2874
01:02:10 - process[2]: training epoch 10 ...
01:02:36 - process[2] - epoch 10 - train iter 437 - 20693.0 words/s - loss: 0.2666
01:02:36 - process[2]: evaluating epoch 10 on dev ...
01:03:06 - dev set during evaluation: 11320/11315
01:03:06 - process[2] - dev - epoch 10 - mAP: 0.632 w/ 31 queries
01:03:06 - process[2]: evaluating epoch 10 on test ...
01:03:28 - process[2] - test - epoch 10 - mAP: 0.569 w/ 31 queries
01:03:28 - process[2]: training epoch 11 ...
01:03:53 - process[2] - epoch 11 - train iter 437 - 20376.3 words/s - loss: 0.2807
01:03:53 - process[2]: evaluating epoch 11 on dev ...
01:04:16 - dev set during evaluation: 11320/11315
01:04:16 - process[2] - dev - epoch 11 - mAP: 0.623 w/ 31 queries
01:04:16 - process[2]: training epoch 12 ...
01:04:41 - process[2] - epoch 12 - train iter 437 - 20509.7 words/s - loss: 0.2542
01:04:41 - process[2]: evaluating epoch 12 on dev ...
01:05:04 - dev set during evaluation: 11320/11315
01:05:04 - process[2] - dev - epoch 12 - mAP: 0.635 w/ 31 queries
01:05:04 - process[2]: evaluating epoch 12 on test ...
01:05:25 - process[2] - test - epoch 12 - mAP: 0.562 w/ 31 queries
01:05:25 - process[2]: training epoch 13 ...
01:05:50 - process[2] - epoch 13 - train iter 437 - 20571.7 words/s - loss: 0.2808
01:05:50 - process[2]: evaluating epoch 13 on dev ...
01:06:13 - dev set during evaluation: 11320/11315
01:06:13 - process[2] - dev - epoch 13 - mAP: 0.627 w/ 31 queries
01:06:13 - process[2]: training epoch 14 ...
01:06:38 - process[2] - epoch 14 - train iter 437 - 20674.7 words/s - loss: 0.2181
01:06:38 - process[2]: evaluating epoch 14 on dev ...
01:07:01 - dev set during evaluation: 11320/11315
01:07:01 - process[2] - dev - epoch 14 - mAP: 0.639 w/ 31 queries
01:07:01 - process[2]: evaluating epoch 14 on test ...
01:07:22 - process[2] - test - epoch 14 - mAP: 0.559 w/ 31 queries
01:07:22 - process[2]: training epoch 15 ...
01:07:48 - process[2] - epoch 15 - train iter 437 - 20351.5 words/s - loss: 0.2431
01:07:48 - process[2]: evaluating epoch 15 on dev ...
01:08:10 - dev set during evaluation: 11320/11315
01:08:10 - process[2] - dev - epoch 15 - mAP: 0.644 w/ 31 queries
01:08:10 - process[2]: evaluating epoch 15 on test ...
01:08:32 - process[2] - test - epoch 15 - mAP: 0.558 w/ 31 queries
01:08:32 - process[2]: training epoch 16 ...
01:08:57 - process[2] - epoch 16 - train iter 437 - 20942.8 words/s - loss: 0.2520
01:08:57 - process[2]: evaluating epoch 16 on dev ...
01:09:19 - dev set during evaluation: 11320/11315
01:09:19 - process[2] - dev - epoch 16 - mAP: 0.645 w/ 31 queries
01:09:19 - process[2]: evaluating epoch 16 on test ...
01:09:41 - process[2] - test - epoch 16 - mAP: 0.563 w/ 31 queries
01:09:41 - process[2]: training epoch 17 ...
01:10:06 - process[2] - epoch 17 - train iter 437 - 21064.5 words/s - loss: 0.2272
01:10:06 - process[2]: evaluating epoch 17 on dev ...
01:10:29 - dev set during evaluation: 11320/11315
01:10:29 - process[2] - dev - epoch 17 - mAP: 0.635 w/ 31 queries
01:10:29 - process[2]: training epoch 18 ...
01:10:54 - process[2] - epoch 18 - train iter 437 - 21362.5 words/s - loss: 0.2389
01:10:54 - process[2]: evaluating epoch 18 on dev ...
01:11:16 - dev set during evaluation: 11320/11315
01:11:16 - process[2] - dev - epoch 18 - mAP: 0.633 w/ 31 queries
01:11:16 - process[2]: training epoch 19 ...
01:11:42 - process[2] - epoch 19 - train iter 437 - 20525.7 words/s - loss: 0.2115
01:11:42 - process[2]: evaluating epoch 19 on dev ...
01:12:04 - dev set during evaluation: 11320/11315
01:12:04 - process[2] - dev - epoch 19 - mAP: 0.632 w/ 31 queries
01:12:04 - [fold 5] best test MAP: 0.563 @ epoch 16
01:12:04 - [0.5698834388317559, 0.63032076111707, 0.6095025758196232, 0.6314759702777492, 0.5630615196760629]
01:12:04 - [31, 32, 31, 31, 31]
01:12:04 - final MAP: 0.601
