00:00:07 - Namespace(apex_level='O2', batch_size=8, cased=False, dataset='clef', debug=False, encoder_lr=2e-05, eval_step=1, full_doc_length=True, local_rank=3, model_path='/mnt/scratch/puxuan/long_qlm-rr/2150176/huggingface-1', model_type='mbert-long', num_epochs=20, num_ft_encoders=3, num_neg=1, projector_lr=2e-05, seed=611, source_lang='fr', target_lang='es')
00:09:29 - BertLongForXLRetrieval(
  (bert): BertModel(
    (embeddings): BertEmbeddings(
      (word_embeddings): Embedding(105879, 768, padding_idx=0)
      (position_embeddings): Embedding(1024, 768)
      (token_type_embeddings): Embedding(2, 768)
      (LayerNorm): LayerNorm((768,), eps=1e-12, elementwise_affine=True)
      (dropout): Dropout(p=0.1, inplace=False)
    )
    (encoder): BertEncoder(
      (layer): ModuleList(
        (0): BertLayer(
          (attention): BertAttention(
            (self): LongformerSelfAttention(
              (query): Linear(in_features=768, out_features=768, bias=True)
              (key): Linear(in_features=768, out_features=768, bias=True)
              (value): Linear(in_features=768, out_features=768, bias=True)
              (query_global): Linear(in_features=768, out_features=768, bias=True)
              (key_global): Linear(in_features=768, out_features=768, bias=True)
              (value_global): Linear(in_features=768, out_features=768, bias=True)
            )
            (output): BertSelfOutput(
              (dense): Linear(in_features=768, out_features=768, bias=True)
              (LayerNorm): LayerNorm((768,), eps=1e-12, elementwise_affine=True)
              (dropout): Dropout(p=0.1, inplace=False)
            )
          )
          (intermediate): BertIntermediate(
            (dense): Linear(in_features=768, out_features=3072, bias=True)
          )
          (output): BertOutput(
            (dense): Linear(in_features=3072, out_features=768, bias=True)
            (LayerNorm): LayerNorm((768,), eps=1e-12, elementwise_affine=True)
            (dropout): Dropout(p=0.1, inplace=False)
          )
        )
        (1): BertLayer(
          (attention): BertAttention(
            (self): LongformerSelfAttention(
              (query): Linear(in_features=768, out_features=768, bias=True)
              (key): Linear(in_features=768, out_features=768, bias=True)
              (value): Linear(in_features=768, out_features=768, bias=True)
              (query_global): Linear(in_features=768, out_features=768, bias=True)
              (key_global): Linear(in_features=768, out_features=768, bias=True)
              (value_global): Linear(in_features=768, out_features=768, bias=True)
            )
            (output): BertSelfOutput(
              (dense): Linear(in_features=768, out_features=768, bias=True)
              (LayerNorm): LayerNorm((768,), eps=1e-12, elementwise_affine=True)
              (dropout): Dropout(p=0.1, inplace=False)
            )
          )
          (intermediate): BertIntermediate(
            (dense): Linear(in_features=768, out_features=3072, bias=True)
          )
          (output): BertOutput(
            (dense): Linear(in_features=3072, out_features=768, bias=True)
            (LayerNorm): LayerNorm((768,), eps=1e-12, elementwise_affine=True)
            (dropout): Dropout(p=0.1, inplace=False)
          )
        )
        (2): BertLayer(
          (attention): BertAttention(
            (self): LongformerSelfAttention(
              (query): Linear(in_features=768, out_features=768, bias=True)
              (key): Linear(in_features=768, out_features=768, bias=True)
              (value): Linear(in_features=768, out_features=768, bias=True)
              (query_global): Linear(in_features=768, out_features=768, bias=True)
              (key_global): Linear(in_features=768, out_features=768, bias=True)
              (value_global): Linear(in_features=768, out_features=768, bias=True)
            )
            (output): BertSelfOutput(
              (dense): Linear(in_features=768, out_features=768, bias=True)
              (LayerNorm): LayerNorm((768,), eps=1e-12, elementwise_affine=True)
              (dropout): Dropout(p=0.1, inplace=False)
            )
          )
          (intermediate): BertIntermediate(
            (dense): Linear(in_features=768, out_features=3072, bias=True)
          )
          (output): BertOutput(
            (dense): Linear(in_features=3072, out_features=768, bias=True)
            (LayerNorm): LayerNorm((768,), eps=1e-12, elementwise_affine=True)
            (dropout): Dropout(p=0.1, inplace=False)
          )
        )
        (3): BertLayer(
          (attention): BertAttention(
            (self): LongformerSelfAttention(
              (query): Linear(in_features=768, out_features=768, bias=True)
              (key): Linear(in_features=768, out_features=768, bias=True)
              (value): Linear(in_features=768, out_features=768, bias=True)
              (query_global): Linear(in_features=768, out_features=768, bias=True)
              (key_global): Linear(in_features=768, out_features=768, bias=True)
              (value_global): Linear(in_features=768, out_features=768, bias=True)
            )
            (output): BertSelfOutput(
              (dense): Linear(in_features=768, out_features=768, bias=True)
              (LayerNorm): LayerNorm((768,), eps=1e-12, elementwise_affine=True)
              (dropout): Dropout(p=0.1, inplace=False)
            )
          )
          (intermediate): BertIntermediate(
            (dense): Linear(in_features=768, out_features=3072, bias=True)
          )
          (output): BertOutput(
            (dense): Linear(in_features=3072, out_features=768, bias=True)
            (LayerNorm): LayerNorm((768,), eps=1e-12, elementwise_affine=True)
            (dropout): Dropout(p=0.1, inplace=False)
          )
        )
        (4): BertLayer(
          (attention): BertAttention(
            (self): LongformerSelfAttention(
              (query): Linear(in_features=768, out_features=768, bias=True)
              (key): Linear(in_features=768, out_features=768, bias=True)
              (value): Linear(in_features=768, out_features=768, bias=True)
              (query_global): Linear(in_features=768, out_features=768, bias=True)
              (key_global): Linear(in_features=768, out_features=768, bias=True)
              (value_global): Linear(in_features=768, out_features=768, bias=True)
            )
            (output): BertSelfOutput(
              (dense): Linear(in_features=768, out_features=768, bias=True)
              (LayerNorm): LayerNorm((768,), eps=1e-12, elementwise_affine=True)
              (dropout): Dropout(p=0.1, inplace=False)
            )
          )
          (intermediate): BertIntermediate(
            (dense): Linear(in_features=768, out_features=3072, bias=True)
          )
          (output): BertOutput(
            (dense): Linear(in_features=3072, out_features=768, bias=True)
            (LayerNorm): LayerNorm((768,), eps=1e-12, elementwise_affine=True)
            (dropout): Dropout(p=0.1, inplace=False)
          )
        )
        (5): BertLayer(
          (attention): BertAttention(
            (self): LongformerSelfAttention(
              (query): Linear(in_features=768, out_features=768, bias=True)
              (key): Linear(in_features=768, out_features=768, bias=True)
              (value): Linear(in_features=768, out_features=768, bias=True)
              (query_global): Linear(in_features=768, out_features=768, bias=True)
              (key_global): Linear(in_features=768, out_features=768, bias=True)
              (value_global): Linear(in_features=768, out_features=768, bias=True)
            )
            (output): BertSelfOutput(
              (dense): Linear(in_features=768, out_features=768, bias=True)
              (LayerNorm): LayerNorm((768,), eps=1e-12, elementwise_affine=True)
              (dropout): Dropout(p=0.1, inplace=False)
            )
          )
          (intermediate): BertIntermediate(
            (dense): Linear(in_features=768, out_features=3072, bias=True)
          )
          (output): BertOutput(
            (dense): Linear(in_features=3072, out_features=768, bias=True)
            (LayerNorm): LayerNorm((768,), eps=1e-12, elementwise_affine=True)
            (dropout): Dropout(p=0.1, inplace=False)
          )
        )
        (6): BertLayer(
          (attention): BertAttention(
            (self): LongformerSelfAttention(
              (query): Linear(in_features=768, out_features=768, bias=True)
              (key): Linear(in_features=768, out_features=768, bias=True)
              (value): Linear(in_features=768, out_features=768, bias=True)
              (query_global): Linear(in_features=768, out_features=768, bias=True)
              (key_global): Linear(in_features=768, out_features=768, bias=True)
              (value_global): Linear(in_features=768, out_features=768, bias=True)
            )
            (output): BertSelfOutput(
              (dense): Linear(in_features=768, out_features=768, bias=True)
              (LayerNorm): LayerNorm((768,), eps=1e-12, elementwise_affine=True)
              (dropout): Dropout(p=0.1, inplace=False)
            )
          )
          (intermediate): BertIntermediate(
            (dense): Linear(in_features=768, out_features=3072, bias=True)
          )
          (output): BertOutput(
            (dense): Linear(in_features=3072, out_features=768, bias=True)
            (LayerNorm): LayerNorm((768,), eps=1e-12, elementwise_affine=True)
            (dropout): Dropout(p=0.1, inplace=False)
          )
        )
        (7): BertLayer(
          (attention): BertAttention(
            (self): LongformerSelfAttention(
              (query): Linear(in_features=768, out_features=768, bias=True)
              (key): Linear(in_features=768, out_features=768, bias=True)
              (value): Linear(in_features=768, out_features=768, bias=True)
              (query_global): Linear(in_features=768, out_features=768, bias=True)
              (key_global): Linear(in_features=768, out_features=768, bias=True)
              (value_global): Linear(in_features=768, out_features=768, bias=True)
            )
            (output): BertSelfOutput(
              (dense): Linear(in_features=768, out_features=768, bias=True)
              (LayerNorm): LayerNorm((768,), eps=1e-12, elementwise_affine=True)
              (dropout): Dropout(p=0.1, inplace=False)
            )
          )
          (intermediate): BertIntermediate(
            (dense): Linear(in_features=768, out_features=3072, bias=True)
          )
          (output): BertOutput(
            (dense): Linear(in_features=3072, out_features=768, bias=True)
            (LayerNorm): LayerNorm((768,), eps=1e-12, elementwise_affine=True)
            (dropout): Dropout(p=0.1, inplace=False)
          )
        )
        (8): BertLayer(
          (attention): BertAttention(
            (self): LongformerSelfAttention(
              (query): Linear(in_features=768, out_features=768, bias=True)
              (key): Linear(in_features=768, out_features=768, bias=True)
              (value): Linear(in_features=768, out_features=768, bias=True)
              (query_global): Linear(in_features=768, out_features=768, bias=True)
              (key_global): Linear(in_features=768, out_features=768, bias=True)
              (value_global): Linear(in_features=768, out_features=768, bias=True)
            )
            (output): BertSelfOutput(
              (dense): Linear(in_features=768, out_features=768, bias=True)
              (LayerNorm): LayerNorm((768,), eps=1e-12, elementwise_affine=True)
              (dropout): Dropout(p=0.1, inplace=False)
            )
          )
          (intermediate): BertIntermediate(
            (dense): Linear(in_features=768, out_features=3072, bias=True)
          )
          (output): BertOutput(
            (dense): Linear(in_features=3072, out_features=768, bias=True)
            (LayerNorm): LayerNorm((768,), eps=1e-12, elementwise_affine=True)
            (dropout): Dropout(p=0.1, inplace=False)
          )
        )
        (9): BertLayer(
          (attention): BertAttention(
            (self): LongformerSelfAttention(
              (query): Linear(in_features=768, out_features=768, bias=True)
              (key): Linear(in_features=768, out_features=768, bias=True)
              (value): Linear(in_features=768, out_features=768, bias=True)
              (query_global): Linear(in_features=768, out_features=768, bias=True)
              (key_global): Linear(in_features=768, out_features=768, bias=True)
              (value_global): Linear(in_features=768, out_features=768, bias=True)
            )
            (output): BertSelfOutput(
              (dense): Linear(in_features=768, out_features=768, bias=True)
              (LayerNorm): LayerNorm((768,), eps=1e-12, elementwise_affine=True)
              (dropout): Dropout(p=0.1, inplace=False)
            )
          )
          (intermediate): BertIntermediate(
            (dense): Linear(in_features=768, out_features=3072, bias=True)
          )
          (output): BertOutput(
            (dense): Linear(in_features=3072, out_features=768, bias=True)
            (LayerNorm): LayerNorm((768,), eps=1e-12, elementwise_affine=True)
            (dropout): Dropout(p=0.1, inplace=False)
          )
        )
        (10): BertLayer(
          (attention): BertAttention(
            (self): LongformerSelfAttention(
              (query): Linear(in_features=768, out_features=768, bias=True)
              (key): Linear(in_features=768, out_features=768, bias=True)
              (value): Linear(in_features=768, out_features=768, bias=True)
              (query_global): Linear(in_features=768, out_features=768, bias=True)
              (key_global): Linear(in_features=768, out_features=768, bias=True)
              (value_global): Linear(in_features=768, out_features=768, bias=True)
            )
            (output): BertSelfOutput(
              (dense): Linear(in_features=768, out_features=768, bias=True)
              (LayerNorm): LayerNorm((768,), eps=1e-12, elementwise_affine=True)
              (dropout): Dropout(p=0.1, inplace=False)
            )
          )
          (intermediate): BertIntermediate(
            (dense): Linear(in_features=768, out_features=3072, bias=True)
          )
          (output): BertOutput(
            (dense): Linear(in_features=3072, out_features=768, bias=True)
            (LayerNorm): LayerNorm((768,), eps=1e-12, elementwise_affine=True)
            (dropout): Dropout(p=0.1, inplace=False)
          )
        )
        (11): BertLayer(
          (attention): BertAttention(
            (self): LongformerSelfAttention(
              (query): Linear(in_features=768, out_features=768, bias=True)
              (key): Linear(in_features=768, out_features=768, bias=True)
              (value): Linear(in_features=768, out_features=768, bias=True)
              (query_global): Linear(in_features=768, out_features=768, bias=True)
              (key_global): Linear(in_features=768, out_features=768, bias=True)
              (value_global): Linear(in_features=768, out_features=768, bias=True)
            )
            (output): BertSelfOutput(
              (dense): Linear(in_features=768, out_features=768, bias=True)
              (LayerNorm): LayerNorm((768,), eps=1e-12, elementwise_affine=True)
              (dropout): Dropout(p=0.1, inplace=False)
            )
          )
          (intermediate): BertIntermediate(
            (dense): Linear(in_features=768, out_features=3072, bias=True)
          )
          (output): BertOutput(
            (dense): Linear(in_features=3072, out_features=768, bias=True)
            (LayerNorm): LayerNorm((768,), eps=1e-12, elementwise_affine=True)
            (dropout): Dropout(p=0.1, inplace=False)
          )
        )
      )
    )
    (pooler): BertPooler(
      (dense): Linear(in_features=768, out_features=768, bias=True)
      (activation): Tanh()
    )
  )
  (mlm_cls): BertOnlyMLMHead(
    (predictions): BertLMPredictionHead(
      (transform): BertPredictionHeadTransform(
        (dense): Linear(in_features=768, out_features=768, bias=True)
        (LayerNorm): LayerNorm((768,), eps=1e-12, elementwise_affine=True)
      )
      (decoder): Linear(in_features=768, out_features=105879, bias=True)
    )
  )
  (seqcls_dropout): Dropout(p=0.1, inplace=False)
  (seqcls_classifier): Linear(in_features=768, out_features=2, bias=True)
)
00:09:29 - Evaluating every 1 epochs ...
00:09:29 - reading data from /mnt/home/puxuan/CLIR-project/Evaluation_data/process-clef/uncased
00:09:30 - test has 31 queries ...
00:09:30 - Data reading done ...
00:09:37 - adding 9-th encoder to optimizer...
00:09:37 - adding 10-th encoder to optimizer...
00:09:37 - adding 11-th encoder to optimizer...
00:09:37 - process[3]: training epoch 0 ...
00:10:08 - process[3] - epoch 0 - train iter 540 - 20455.2 words/s - loss: 0.4793
00:10:08 - process[3]: training epoch 1 ...
00:10:39 - process[3] - epoch 1 - train iter 540 - 21008.0 words/s - loss: 0.3797
00:10:39 - process[3]: training epoch 2 ...
00:11:09 - process[3] - epoch 2 - train iter 540 - 20936.3 words/s - loss: 0.3695
00:11:09 - process[3]: training epoch 3 ...
00:11:40 - process[3] - epoch 3 - train iter 540 - 21133.6 words/s - loss: 0.3567
00:11:40 - process[3]: training epoch 4 ...
00:12:11 - process[3] - epoch 4 - train iter 540 - 21148.4 words/s - loss: 0.2985
00:12:11 - process[3]: training epoch 5 ...
00:12:41 - process[3] - epoch 5 - train iter 540 - 20985.5 words/s - loss: 0.3031
00:12:41 - process[3]: training epoch 6 ...
00:13:12 - process[3] - epoch 6 - train iter 540 - 21142.2 words/s - loss: 0.3235
00:13:12 - process[3]: training epoch 7 ...
00:13:43 - process[3] - epoch 7 - train iter 540 - 20867.2 words/s - loss: 0.3165
00:13:43 - process[3]: training epoch 8 ...
00:14:14 - process[3] - epoch 8 - train iter 540 - 20815.5 words/s - loss: 0.2916
00:14:14 - process[3]: training epoch 9 ...
00:14:45 - process[3] - epoch 9 - train iter 540 - 20784.0 words/s - loss: 0.3033
00:14:45 - process[3]: training epoch 10 ...
00:15:16 - process[3] - epoch 10 - train iter 540 - 20654.7 words/s - loss: 0.2825
00:15:16 - process[3]: evaluating epoch 10 on dev ...
00:15:39 - process[3] - dev - epoch 10 - mAP: 0.532 w/ 31 queries
00:15:39 - process[3]: evaluating epoch 10 on test ...
00:16:01 - test set during evaluation: 11460/11458
00:16:01 - process[3] - test - epoch 10 - mAP: 0.574 w/ 31 queries
00:16:01 - process[3]: training epoch 11 ...
00:16:32 - process[3] - epoch 11 - train iter 540 - 21063.7 words/s - loss: 0.2809
00:16:32 - process[3]: evaluating epoch 11 on dev ...
00:16:54 - process[3] - dev - epoch 11 - mAP: 0.567 w/ 31 queries
00:16:54 - process[3]: evaluating epoch 11 on test ...
00:17:16 - test set during evaluation: 11460/11458
00:17:16 - process[3] - test - epoch 11 - mAP: 0.583 w/ 31 queries
00:17:16 - process[3]: training epoch 12 ...
00:17:47 - process[3] - epoch 12 - train iter 540 - 20591.9 words/s - loss: 0.2760
00:17:47 - process[3]: evaluating epoch 12 on dev ...
00:18:09 - process[3] - dev - epoch 12 - mAP: 0.531 w/ 31 queries
00:18:09 - process[3]: training epoch 13 ...
00:18:40 - process[3] - epoch 13 - train iter 540 - 20401.0 words/s - loss: 0.2595
00:18:40 - process[3]: evaluating epoch 13 on dev ...
00:19:02 - process[3] - dev - epoch 13 - mAP: 0.551 w/ 31 queries
00:19:02 - process[3]: training epoch 14 ...
00:19:33 - process[3] - epoch 14 - train iter 540 - 20873.4 words/s - loss: 0.2603
00:19:33 - process[3]: evaluating epoch 14 on dev ...
00:19:54 - process[3] - dev - epoch 14 - mAP: 0.551 w/ 31 queries
00:19:54 - process[3]: training epoch 15 ...
00:20:25 - process[3] - epoch 15 - train iter 540 - 20491.0 words/s - loss: 0.2526
00:20:25 - process[3]: evaluating epoch 15 on dev ...
00:20:47 - process[3] - dev - epoch 15 - mAP: 0.548 w/ 31 queries
00:20:47 - process[3]: training epoch 16 ...
00:21:18 - process[3] - epoch 16 - train iter 540 - 21041.6 words/s - loss: 0.2370
00:21:18 - process[3]: evaluating epoch 16 on dev ...
00:21:40 - process[3] - dev - epoch 16 - mAP: 0.538 w/ 31 queries
00:21:40 - process[3]: training epoch 17 ...
00:22:11 - process[3] - epoch 17 - train iter 540 - 20837.6 words/s - loss: 0.2445
00:22:11 - process[3]: evaluating epoch 17 on dev ...
00:22:32 - process[3] - dev - epoch 17 - mAP: 0.554 w/ 31 queries
00:22:32 - process[3]: training epoch 18 ...
00:23:03 - process[3] - epoch 18 - train iter 540 - 20911.1 words/s - loss: 0.2511
00:23:03 - process[3]: evaluating epoch 18 on dev ...
00:23:24 - process[3] - dev - epoch 18 - mAP: 0.552 w/ 31 queries
00:23:24 - process[3]: training epoch 19 ...
00:23:55 - process[3] - epoch 19 - train iter 540 - 20655.1 words/s - loss: 0.2263
00:23:55 - process[3]: evaluating epoch 19 on dev ...
00:24:17 - process[3] - dev - epoch 19 - mAP: 0.567 w/ 31 queries
00:24:17 - process[3]: evaluating epoch 19 on test ...
00:24:39 - test set during evaluation: 11460/11458
00:24:39 - process[3] - test - epoch 19 - mAP: 0.569 w/ 31 queries
00:24:39 - [fold 1] best test MAP: 0.569 @ epoch 19
00:24:39 - Evaluating every 1 epochs ...
00:24:39 - reading data from /mnt/home/puxuan/CLIR-project/Evaluation_data/process-clef/uncased
00:24:40 - test has 32 queries ...
00:24:40 - Data reading done ...
00:24:42 - adding 9-th encoder to optimizer...
00:24:42 - adding 10-th encoder to optimizer...
00:24:42 - adding 11-th encoder to optimizer...
00:24:42 - process[3]: training epoch 0 ...
00:25:11 - process[3] - epoch 0 - train iter 492 - 20901.1 words/s - loss: 0.4625
00:25:11 - process[3]: training epoch 1 ...
00:25:40 - process[3] - epoch 1 - train iter 492 - 20823.6 words/s - loss: 0.4032
00:25:40 - process[3]: training epoch 2 ...
00:26:08 - process[3] - epoch 2 - train iter 492 - 20995.9 words/s - loss: 0.3443
00:26:08 - process[3]: training epoch 3 ...
00:26:37 - process[3] - epoch 3 - train iter 492 - 20640.1 words/s - loss: 0.3596
00:26:37 - process[3]: training epoch 4 ...
00:27:05 - process[3] - epoch 4 - train iter 492 - 20650.7 words/s - loss: 0.3451
00:27:05 - process[3]: training epoch 5 ...
00:27:34 - process[3] - epoch 5 - train iter 492 - 20900.0 words/s - loss: 0.3368
00:27:34 - process[3]: training epoch 6 ...
00:28:02 - process[3] - epoch 6 - train iter 492 - 20442.2 words/s - loss: 0.3170
00:28:02 - process[3]: training epoch 7 ...
00:28:31 - process[3] - epoch 7 - train iter 492 - 20359.1 words/s - loss: 0.2969
00:28:31 - process[3]: training epoch 8 ...
00:29:00 - process[3] - epoch 8 - train iter 492 - 20664.5 words/s - loss: 0.2897
00:29:00 - process[3]: training epoch 9 ...
00:29:28 - process[3] - epoch 9 - train iter 492 - 20282.5 words/s - loss: 0.3241
00:29:28 - process[3]: training epoch 10 ...
00:29:57 - process[3] - epoch 10 - train iter 492 - 20644.6 words/s - loss: 0.2673
00:29:57 - process[3]: evaluating epoch 10 on dev ...
00:30:24 - dev set during evaluation: 11460/11458
00:30:24 - process[3] - dev - epoch 10 - mAP: 0.597 w/ 31 queries
00:30:24 - process[3]: evaluating epoch 10 on test ...
00:30:48 - process[3] - test - epoch 10 - mAP: 0.650 w/ 32 queries
00:30:48 - process[3]: training epoch 11 ...
00:31:16 - process[3] - epoch 11 - train iter 492 - 20614.7 words/s - loss: 0.2727
00:31:16 - process[3]: evaluating epoch 11 on dev ...
00:31:38 - dev set during evaluation: 11460/11458
00:31:38 - process[3] - dev - epoch 11 - mAP: 0.598 w/ 31 queries
00:31:38 - process[3]: evaluating epoch 11 on test ...
00:32:02 - process[3] - test - epoch 11 - mAP: 0.655 w/ 32 queries
00:32:02 - process[3]: training epoch 12 ...
00:32:31 - process[3] - epoch 12 - train iter 492 - 20742.0 words/s - loss: 0.2747
00:32:31 - process[3]: evaluating epoch 12 on dev ...
00:32:54 - dev set during evaluation: 11460/11458
00:32:54 - process[3] - dev - epoch 12 - mAP: 0.595 w/ 31 queries
00:32:54 - process[3]: training epoch 13 ...
00:33:22 - process[3] - epoch 13 - train iter 492 - 20992.0 words/s - loss: 0.2627
00:33:22 - process[3]: evaluating epoch 13 on dev ...
00:33:44 - dev set during evaluation: 11460/11458
00:33:44 - process[3] - dev - epoch 13 - mAP: 0.610 w/ 31 queries
00:33:44 - process[3]: evaluating epoch 13 on test ...
00:34:08 - process[3] - test - epoch 13 - mAP: 0.652 w/ 32 queries
00:34:08 - process[3]: training epoch 14 ...
00:34:37 - process[3] - epoch 14 - train iter 492 - 20641.2 words/s - loss: 0.2916
00:34:37 - process[3]: evaluating epoch 14 on dev ...
00:35:00 - dev set during evaluation: 11460/11458
00:35:00 - process[3] - dev - epoch 14 - mAP: 0.609 w/ 31 queries
00:35:00 - process[3]: training epoch 15 ...
00:35:28 - process[3] - epoch 15 - train iter 492 - 21085.6 words/s - loss: 0.2800
00:35:28 - process[3]: evaluating epoch 15 on dev ...
00:35:51 - dev set during evaluation: 11460/11458
00:35:51 - process[3] - dev - epoch 15 - mAP: 0.599 w/ 31 queries
00:35:51 - process[3]: training epoch 16 ...
00:36:20 - process[3] - epoch 16 - train iter 492 - 20957.1 words/s - loss: 0.2602
00:36:20 - process[3]: evaluating epoch 16 on dev ...
00:36:42 - dev set during evaluation: 11460/11458
00:36:42 - process[3] - dev - epoch 16 - mAP: 0.596 w/ 31 queries
00:36:42 - process[3]: training epoch 17 ...
00:37:10 - process[3] - epoch 17 - train iter 492 - 20874.1 words/s - loss: 0.2180
00:37:10 - process[3]: evaluating epoch 17 on dev ...
00:37:33 - dev set during evaluation: 11460/11458
00:37:33 - process[3] - dev - epoch 17 - mAP: 0.578 w/ 31 queries
00:37:33 - process[3]: training epoch 18 ...
00:38:01 - process[3] - epoch 18 - train iter 492 - 20897.2 words/s - loss: 0.2702
00:38:01 - process[3]: evaluating epoch 18 on dev ...
00:38:23 - dev set during evaluation: 11460/11458
00:38:23 - process[3] - dev - epoch 18 - mAP: 0.588 w/ 31 queries
00:38:23 - process[3]: training epoch 19 ...
00:38:52 - process[3] - epoch 19 - train iter 492 - 20551.9 words/s - loss: 0.2379
00:38:52 - process[3]: evaluating epoch 19 on dev ...
00:39:14 - dev set during evaluation: 11460/11458
00:39:14 - process[3] - dev - epoch 19 - mAP: 0.605 w/ 31 queries
00:39:14 - [fold 2] best test MAP: 0.652 @ epoch 13
00:39:14 - Evaluating every 1 epochs ...
00:39:14 - reading data from /mnt/home/puxuan/CLIR-project/Evaluation_data/process-clef/uncased
00:39:16 - test has 31 queries ...
00:39:16 - Data reading done ...
00:39:17 - adding 9-th encoder to optimizer...
00:39:17 - adding 10-th encoder to optimizer...
00:39:17 - adding 11-th encoder to optimizer...
00:39:18 - process[3]: training epoch 0 ...
00:39:46 - process[3] - epoch 0 - train iter 476 - 20780.4 words/s - loss: 0.4997
00:39:46 - process[3]: training epoch 1 ...
00:40:13 - process[3] - epoch 1 - train iter 476 - 20679.3 words/s - loss: 0.4071
00:40:13 - process[3]: training epoch 2 ...
00:40:41 - process[3] - epoch 2 - train iter 476 - 20383.3 words/s - loss: 0.3445
00:40:41 - process[3]: training epoch 3 ...
00:41:09 - process[3] - epoch 3 - train iter 476 - 21025.5 words/s - loss: 0.3492
00:41:09 - process[3]: training epoch 4 ...
00:41:36 - process[3] - epoch 4 - train iter 476 - 20454.8 words/s - loss: 0.3117
00:41:36 - process[3]: training epoch 5 ...
00:42:04 - process[3] - epoch 5 - train iter 476 - 20473.2 words/s - loss: 0.3033
00:42:04 - process[3]: training epoch 6 ...
00:42:31 - process[3] - epoch 6 - train iter 476 - 20802.8 words/s - loss: 0.2829
00:42:31 - process[3]: training epoch 7 ...
00:42:59 - process[3] - epoch 7 - train iter 476 - 20656.4 words/s - loss: 0.3391
00:42:59 - process[3]: training epoch 8 ...
00:43:27 - process[3] - epoch 8 - train iter 476 - 21058.0 words/s - loss: 0.3258
00:43:27 - process[3]: training epoch 9 ...
00:43:54 - process[3] - epoch 9 - train iter 476 - 20815.0 words/s - loss: 0.2873
00:43:54 - process[3]: training epoch 10 ...
00:44:22 - process[3] - epoch 10 - train iter 476 - 20307.2 words/s - loss: 0.2328
00:44:22 - process[3]: evaluating epoch 10 on dev ...
00:44:47 - process[3] - dev - epoch 10 - mAP: 0.640 w/ 32 queries
00:44:47 - process[3]: evaluating epoch 10 on test ...
00:45:10 - test set during evaluation: 11550/11545
00:45:10 - process[3] - test - epoch 10 - mAP: 0.596 w/ 31 queries
00:45:10 - process[3]: training epoch 11 ...
00:45:38 - process[3] - epoch 11 - train iter 476 - 20817.5 words/s - loss: 0.2973
00:45:38 - process[3]: evaluating epoch 11 on dev ...
00:46:01 - process[3] - dev - epoch 11 - mAP: 0.659 w/ 32 queries
00:46:02 - process[3]: evaluating epoch 11 on test ...
00:46:24 - test set during evaluation: 11550/11545
00:46:25 - process[3] - test - epoch 11 - mAP: 0.609 w/ 31 queries
00:46:25 - process[3]: training epoch 12 ...
00:46:52 - process[3] - epoch 12 - train iter 476 - 20787.5 words/s - loss: 0.2778
00:46:52 - process[3]: evaluating epoch 12 on dev ...
00:47:16 - process[3] - dev - epoch 12 - mAP: 0.657 w/ 32 queries
00:47:16 - process[3]: training epoch 13 ...
00:47:43 - process[3] - epoch 13 - train iter 476 - 20595.0 words/s - loss: 0.2510
00:47:43 - process[3]: evaluating epoch 13 on dev ...
00:48:07 - process[3] - dev - epoch 13 - mAP: 0.645 w/ 32 queries
00:48:07 - process[3]: training epoch 14 ...
00:48:35 - process[3] - epoch 14 - train iter 476 - 20729.1 words/s - loss: 0.2718
00:48:35 - process[3]: evaluating epoch 14 on dev ...
00:48:59 - process[3] - dev - epoch 14 - mAP: 0.663 w/ 32 queries
00:48:59 - process[3]: evaluating epoch 14 on test ...
00:49:22 - test set during evaluation: 11550/11545
00:49:22 - process[3] - test - epoch 14 - mAP: 0.609 w/ 31 queries
00:49:22 - process[3]: training epoch 15 ...
00:49:50 - process[3] - epoch 15 - train iter 476 - 20385.3 words/s - loss: 0.2409
00:49:50 - process[3]: evaluating epoch 15 on dev ...
00:50:13 - process[3] - dev - epoch 15 - mAP: 0.667 w/ 32 queries
00:50:13 - process[3]: evaluating epoch 15 on test ...
00:50:36 - test set during evaluation: 11550/11545
00:50:36 - process[3] - test - epoch 15 - mAP: 0.592 w/ 31 queries
00:50:36 - process[3]: training epoch 16 ...
00:51:04 - process[3] - epoch 16 - train iter 476 - 20421.6 words/s - loss: 0.2496
00:51:04 - process[3]: evaluating epoch 16 on dev ...
00:51:28 - process[3] - dev - epoch 16 - mAP: 0.664 w/ 32 queries
00:51:28 - process[3]: training epoch 17 ...
00:51:56 - process[3] - epoch 17 - train iter 476 - 20731.2 words/s - loss: 0.2470
00:51:56 - process[3]: evaluating epoch 17 on dev ...
00:52:20 - process[3] - dev - epoch 17 - mAP: 0.643 w/ 32 queries
00:52:20 - process[3]: training epoch 18 ...
00:52:47 - process[3] - epoch 18 - train iter 476 - 20853.7 words/s - loss: 0.2415
00:52:47 - process[3]: evaluating epoch 18 on dev ...
00:53:12 - process[3] - dev - epoch 18 - mAP: 0.654 w/ 32 queries
00:53:12 - process[3]: training epoch 19 ...
00:53:39 - process[3] - epoch 19 - train iter 476 - 20909.3 words/s - loss: 0.2650
00:53:39 - process[3]: evaluating epoch 19 on dev ...
00:54:03 - process[3] - dev - epoch 19 - mAP: 0.666 w/ 32 queries
00:54:03 - [fold 3] best test MAP: 0.592 @ epoch 15
00:54:03 - Evaluating every 1 epochs ...
00:54:03 - reading data from /mnt/home/puxuan/CLIR-project/Evaluation_data/process-clef/uncased
00:54:05 - test has 31 queries ...
00:54:05 - Data reading done ...
00:54:06 - adding 9-th encoder to optimizer...
00:54:06 - adding 10-th encoder to optimizer...
00:54:06 - adding 11-th encoder to optimizer...
00:54:07 - process[3]: training epoch 0 ...
00:54:32 - process[3] - epoch 0 - train iter 432 - 20754.0 words/s - loss: 0.5156
00:54:32 - process[3]: training epoch 1 ...
00:54:56 - process[3] - epoch 1 - train iter 432 - 20264.1 words/s - loss: 0.4331
00:54:56 - process[3]: training epoch 2 ...
00:55:21 - process[3] - epoch 2 - train iter 432 - 20985.2 words/s - loss: 0.3865
00:55:21 - process[3]: training epoch 3 ...
00:55:46 - process[3] - epoch 3 - train iter 432 - 20817.9 words/s - loss: 0.3578
00:55:46 - process[3]: training epoch 4 ...
00:56:11 - process[3] - epoch 4 - train iter 432 - 20621.2 words/s - loss: 0.3549
00:56:11 - process[3]: training epoch 5 ...
00:56:36 - process[3] - epoch 5 - train iter 432 - 20693.9 words/s - loss: 0.3623
00:56:36 - process[3]: training epoch 6 ...
00:57:01 - process[3] - epoch 6 - train iter 432 - 20583.7 words/s - loss: 0.3070
00:57:01 - process[3]: training epoch 7 ...
00:57:25 - process[3] - epoch 7 - train iter 432 - 20489.1 words/s - loss: 0.3335
00:57:25 - process[3]: training epoch 8 ...
00:57:50 - process[3] - epoch 8 - train iter 432 - 20509.6 words/s - loss: 0.2880
00:57:50 - process[3]: training epoch 9 ...
00:58:15 - process[3] - epoch 9 - train iter 432 - 20721.4 words/s - loss: 0.2744
00:58:15 - process[3]: training epoch 10 ...
00:58:40 - process[3] - epoch 10 - train iter 432 - 20564.6 words/s - loss: 0.2746
00:58:40 - process[3]: evaluating epoch 10 on dev ...
00:59:03 - dev set during evaluation: 11550/11545
00:59:03 - process[3] - dev - epoch 10 - mAP: 0.587 w/ 31 queries
00:59:03 - process[3]: evaluating epoch 10 on test ...
00:59:25 - test set during evaluation: 11320/11315
00:59:25 - process[3] - test - epoch 10 - mAP: 0.602 w/ 31 queries
00:59:25 - process[3]: training epoch 11 ...
00:59:50 - process[3] - epoch 11 - train iter 432 - 20609.5 words/s - loss: 0.2815
00:59:50 - process[3]: evaluating epoch 11 on dev ...
01:00:13 - dev set during evaluation: 11550/11545
01:00:13 - process[3] - dev - epoch 11 - mAP: 0.596 w/ 31 queries
01:00:13 - process[3]: evaluating epoch 11 on test ...
01:00:36 - test set during evaluation: 11320/11315
01:00:36 - process[3] - test - epoch 11 - mAP: 0.618 w/ 31 queries
01:00:36 - process[3]: training epoch 12 ...
01:01:01 - process[3] - epoch 12 - train iter 432 - 20672.4 words/s - loss: 0.2708
01:01:01 - process[3]: evaluating epoch 12 on dev ...
01:01:24 - dev set during evaluation: 11550/11545
01:01:24 - process[3] - dev - epoch 12 - mAP: 0.593 w/ 31 queries
01:01:24 - process[3]: training epoch 13 ...
01:01:50 - process[3] - epoch 13 - train iter 432 - 20071.3 words/s - loss: 0.2616
01:01:50 - process[3]: evaluating epoch 13 on dev ...
01:02:13 - dev set during evaluation: 11550/11545
01:02:13 - process[3] - dev - epoch 13 - mAP: 0.587 w/ 31 queries
01:02:13 - process[3]: training epoch 14 ...
01:02:38 - process[3] - epoch 14 - train iter 432 - 19991.6 words/s - loss: 0.2878
01:02:38 - process[3]: evaluating epoch 14 on dev ...
01:03:01 - dev set during evaluation: 11550/11545
01:03:01 - process[3] - dev - epoch 14 - mAP: 0.590 w/ 31 queries
01:03:01 - process[3]: training epoch 15 ...
01:03:26 - process[3] - epoch 15 - train iter 432 - 20803.7 words/s - loss: 0.2416
01:03:26 - process[3]: evaluating epoch 15 on dev ...
01:03:49 - dev set during evaluation: 11550/11545
01:03:49 - process[3] - dev - epoch 15 - mAP: 0.579 w/ 31 queries
01:03:49 - process[3]: training epoch 16 ...
01:04:14 - process[3] - epoch 16 - train iter 432 - 20645.9 words/s - loss: 0.2616
01:04:14 - process[3]: evaluating epoch 16 on dev ...
01:04:37 - dev set during evaluation: 11550/11545
01:04:37 - process[3] - dev - epoch 16 - mAP: 0.601 w/ 31 queries
01:04:37 - process[3]: evaluating epoch 16 on test ...
01:05:00 - test set during evaluation: 11320/11315
01:05:00 - process[3] - test - epoch 16 - mAP: 0.633 w/ 31 queries
01:05:00 - process[3]: training epoch 17 ...
01:05:24 - process[3] - epoch 17 - train iter 432 - 20409.5 words/s - loss: 0.2375
01:05:24 - process[3]: evaluating epoch 17 on dev ...
01:05:47 - dev set during evaluation: 11550/11545
01:05:47 - process[3] - dev - epoch 17 - mAP: 0.598 w/ 31 queries
01:05:47 - process[3]: training epoch 18 ...
01:06:13 - process[3] - epoch 18 - train iter 432 - 20845.6 words/s - loss: 0.2381
01:06:13 - process[3]: evaluating epoch 18 on dev ...
01:06:35 - dev set during evaluation: 11550/11545
01:06:35 - process[3] - dev - epoch 18 - mAP: 0.596 w/ 31 queries
01:06:35 - process[3]: training epoch 19 ...
01:07:00 - process[3] - epoch 19 - train iter 432 - 20987.1 words/s - loss: 0.2547
01:07:00 - process[3]: evaluating epoch 19 on dev ...
01:07:23 - dev set during evaluation: 11550/11545
01:07:23 - process[3] - dev - epoch 19 - mAP: 0.600 w/ 31 queries
01:07:23 - [fold 4] best test MAP: 0.633 @ epoch 16
01:07:23 - Evaluating every 1 epochs ...
01:07:23 - reading data from /mnt/home/puxuan/CLIR-project/Evaluation_data/process-clef/uncased
01:07:25 - test has 31 queries ...
01:07:25 - Data reading done ...
01:07:26 - adding 9-th encoder to optimizer...
01:07:26 - adding 10-th encoder to optimizer...
01:07:26 - adding 11-th encoder to optimizer...
01:07:27 - process[3]: training epoch 0 ...
01:07:52 - process[3] - epoch 0 - train iter 437 - 20777.3 words/s - loss: 0.5055
01:07:52 - process[3]: training epoch 1 ...
01:08:18 - process[3] - epoch 1 - train iter 437 - 20620.6 words/s - loss: 0.4628
01:08:18 - process[3]: training epoch 2 ...
01:08:43 - process[3] - epoch 2 - train iter 437 - 20656.7 words/s - loss: 0.3660
01:08:43 - process[3]: training epoch 3 ...
01:09:08 - process[3] - epoch 3 - train iter 437 - 20375.0 words/s - loss: 0.3501
01:09:08 - process[3]: training epoch 4 ...
01:09:34 - process[3] - epoch 4 - train iter 437 - 20528.9 words/s - loss: 0.3186
01:09:34 - process[3]: training epoch 5 ...
01:09:59 - process[3] - epoch 5 - train iter 437 - 20585.2 words/s - loss: 0.3248
01:09:59 - process[3]: training epoch 6 ...
01:10:25 - process[3] - epoch 6 - train iter 437 - 20473.0 words/s - loss: 0.3047
01:10:25 - process[3]: training epoch 7 ...
01:10:50 - process[3] - epoch 7 - train iter 437 - 20506.3 words/s - loss: 0.2877
01:10:50 - process[3]: training epoch 8 ...
01:11:15 - process[3] - epoch 8 - train iter 437 - 20256.8 words/s - loss: 0.2886
01:11:15 - process[3]: training epoch 9 ...
01:11:41 - process[3] - epoch 9 - train iter 437 - 20825.5 words/s - loss: 0.2703
01:11:41 - process[3]: training epoch 10 ...
01:12:07 - process[3] - epoch 10 - train iter 437 - 20146.3 words/s - loss: 0.2524
01:12:07 - process[3]: evaluating epoch 10 on dev ...
01:12:30 - dev set during evaluation: 11320/11315
01:12:30 - process[3] - dev - epoch 10 - mAP: 0.626 w/ 31 queries
01:12:30 - process[3]: evaluating epoch 10 on test ...
01:12:51 - process[3] - test - epoch 10 - mAP: 0.546 w/ 31 queries
01:12:51 - process[3]: training epoch 11 ...
01:13:17 - process[3] - epoch 11 - train iter 437 - 20759.8 words/s - loss: 0.2436
01:13:17 - process[3]: evaluating epoch 11 on dev ...
01:13:39 - dev set during evaluation: 11320/11315
01:13:39 - process[3] - dev - epoch 11 - mAP: 0.605 w/ 31 queries
01:13:39 - process[3]: training epoch 12 ...
01:14:04 - process[3] - epoch 12 - train iter 437 - 20699.3 words/s - loss: 0.2686
01:14:04 - process[3]: evaluating epoch 12 on dev ...
01:14:27 - dev set during evaluation: 11320/11315
01:14:27 - process[3] - dev - epoch 12 - mAP: 0.620 w/ 31 queries
01:14:27 - process[3]: training epoch 13 ...
01:14:52 - process[3] - epoch 13 - train iter 437 - 20491.7 words/s - loss: 0.2772
01:14:52 - process[3]: evaluating epoch 13 on dev ...
01:15:14 - dev set during evaluation: 11320/11315
01:15:14 - process[3] - dev - epoch 13 - mAP: 0.643 w/ 31 queries
01:15:14 - process[3]: evaluating epoch 13 on test ...
01:15:36 - process[3] - test - epoch 13 - mAP: 0.563 w/ 31 queries
01:15:36 - process[3]: training epoch 14 ...
01:16:02 - process[3] - epoch 14 - train iter 437 - 21041.1 words/s - loss: 0.2396
01:16:02 - process[3]: evaluating epoch 14 on dev ...
01:16:24 - dev set during evaluation: 11320/11315
01:16:24 - process[3] - dev - epoch 14 - mAP: 0.616 w/ 31 queries
01:16:24 - process[3]: training epoch 15 ...
01:16:49 - process[3] - epoch 15 - train iter 437 - 20931.4 words/s - loss: 0.2524
01:16:49 - process[3]: evaluating epoch 15 on dev ...
01:17:12 - dev set during evaluation: 11320/11315
01:17:12 - process[3] - dev - epoch 15 - mAP: 0.633 w/ 31 queries
01:17:12 - process[3]: training epoch 16 ...
01:17:37 - process[3] - epoch 16 - train iter 437 - 20521.2 words/s - loss: 0.2671
01:17:37 - process[3]: evaluating epoch 16 on dev ...
01:17:59 - dev set during evaluation: 11320/11315
01:17:59 - process[3] - dev - epoch 16 - mAP: 0.643 w/ 31 queries
01:17:59 - process[3]: training epoch 17 ...
01:18:25 - process[3] - epoch 17 - train iter 437 - 20557.7 words/s - loss: 0.2233
01:18:25 - process[3]: evaluating epoch 17 on dev ...
01:18:47 - dev set during evaluation: 11320/11315
01:18:47 - process[3] - dev - epoch 17 - mAP: 0.607 w/ 31 queries
01:18:47 - process[3]: training epoch 18 ...
01:19:13 - process[3] - epoch 18 - train iter 437 - 20167.6 words/s - loss: 0.2528
01:19:13 - process[3]: evaluating epoch 18 on dev ...
01:19:35 - dev set during evaluation: 11320/11315
01:19:35 - process[3] - dev - epoch 18 - mAP: 0.628 w/ 31 queries
01:19:35 - process[3]: training epoch 19 ...
01:20:01 - process[3] - epoch 19 - train iter 437 - 20808.0 words/s - loss: 0.2467
01:20:01 - process[3]: evaluating epoch 19 on dev ...
01:20:24 - dev set during evaluation: 11320/11315
01:20:24 - process[3] - dev - epoch 19 - mAP: 0.625 w/ 31 queries
01:20:24 - [fold 5] best test MAP: 0.563 @ epoch 13
01:20:24 - [0.568960126074825, 0.6521187359456257, 0.5919844047421248, 0.6325899673879508, 0.5626258114029495]
01:20:24 - [31, 32, 31, 31, 31]
01:20:24 - final MAP: 0.602
