00:00:06 - Namespace(apex_level='O2', batch_size=8, cased=False, dataset='clef', debug=False, encoder_lr=2e-05, eval_step=1, full_doc_length=True, local_rank=0, model_path='/mnt/scratch/puxuan/short_qlm_0.15/2186792/huggingface-9', model_type='mbert', num_epochs=20, num_ft_encoders=3, num_neg=1, projector_lr=2e-05, seed=611, source_lang='fr', target_lang='en')
00:00:16 - Evaluating every 1 epochs ...
00:00:16 - reading data from /mnt/home/puxuan/CLIR-project/Evaluation_data/process-clef/uncased
00:00:17 - test has 35 queries ...
00:00:17 - Data reading done ...
00:00:24 - adding 9-th encoder to optimizer...
00:00:24 - adding 10-th encoder to optimizer...
00:00:24 - adding 11-th encoder to optimizer...
00:00:24 - process[0]: training epoch 0 ...
00:00:36 - process[0] - epoch 0 - train iter 197 - 15263.6 words/s - loss: 0.6874
00:00:36 - process[0]: training epoch 1 ...
00:00:47 - process[0] - epoch 1 - train iter 197 - 16723.6 words/s - loss: 0.6229
00:00:47 - process[0]: training epoch 2 ...
00:00:57 - process[0] - epoch 2 - train iter 197 - 16394.9 words/s - loss: 0.5169
00:00:57 - process[0]: training epoch 3 ...
00:01:09 - process[0] - epoch 3 - train iter 197 - 14866.3 words/s - loss: 0.5370
00:01:09 - process[0]: training epoch 4 ...
00:01:20 - process[0] - epoch 4 - train iter 197 - 16556.7 words/s - loss: 0.5128
00:01:20 - process[0]: training epoch 5 ...
00:01:31 - process[0] - epoch 5 - train iter 197 - 16467.8 words/s - loss: 0.4880
00:01:31 - process[0]: training epoch 6 ...
00:01:42 - process[0] - epoch 6 - train iter 197 - 16729.8 words/s - loss: 0.4440
00:01:42 - process[0]: training epoch 7 ...
00:01:52 - process[0] - epoch 7 - train iter 197 - 17264.9 words/s - loss: 0.4599
00:01:52 - process[0]: training epoch 8 ...
00:02:04 - process[0] - epoch 8 - train iter 197 - 15642.0 words/s - loss: 0.5147
00:02:04 - process[0]: training epoch 9 ...
00:02:14 - process[0] - epoch 9 - train iter 197 - 17647.5 words/s - loss: 0.4662
00:02:14 - process[0]: training epoch 10 ...
00:02:24 - process[0] - epoch 10 - train iter 197 - 18123.2 words/s - loss: 0.4606
00:02:24 - process[0]: evaluating epoch 10 on dev ...
00:03:14 - dev set during evaluation: 14160/14157
00:03:14 - process[0] - dev - epoch 10 - mAP: 0.459 w/ 35 queries
00:03:14 - removing file tmp_5f/mbert_fren_dev_4_10.txt
00:03:14 - removing file tmp_5f/mbert_fren_dev_1_10.txt
00:03:14 - removing file tmp_5f/mbert_fren_dev_8_10.txt
00:03:14 - removing file tmp_5f/mbert_fren_dev_9_10.txt
00:03:14 - removing file tmp_5f/mbert_fren_dev_5_10.txt
00:03:14 - removing file tmp_5f/mbert_fren_dev_0_10.txt
00:03:14 - removing file tmp_5f/mbert_fren_dev_2_10.txt
00:03:14 - removing file tmp_5f/mbert_fren_dev_7_10.txt
00:03:14 - removing file tmp_5f/mbert_fren_dev_6_10.txt
00:03:14 - removing file tmp_5f/mbert_fren_dev_3_10.txt
00:03:14 - process[0]: evaluating epoch 10 on test ...
00:03:55 - test set during evaluation: 14980/14975
00:03:55 - process[0] - test - epoch 10 - mAP: 0.416 w/ 35 queries
00:03:55 - removing file tmp_5f/mbert_fren_test_6_10.txt
00:03:55 - removing file tmp_5f/mbert_fren_test_7_10.txt
00:03:55 - removing file tmp_5f/mbert_fren_test_9_10.txt
00:03:55 - removing file tmp_5f/mbert_fren_test_3_10.txt
00:03:55 - removing file tmp_5f/mbert_fren_test_4_10.txt
00:03:55 - removing file tmp_5f/mbert_fren_test_2_10.txt
00:03:55 - removing file tmp_5f/mbert_fren_test_1_10.txt
00:03:55 - removing file tmp_5f/mbert_fren_test_8_10.txt
00:03:55 - removing file tmp_5f/mbert_fren_test_0_10.txt
00:03:55 - removing file tmp_5f/mbert_fren_test_5_10.txt
00:03:55 - process[0]: training epoch 11 ...
00:04:05 - process[0] - epoch 11 - train iter 197 - 18266.0 words/s - loss: 0.4300
00:04:05 - process[0]: evaluating epoch 11 on dev ...
00:04:52 - dev set during evaluation: 14160/14157
00:04:52 - process[0] - dev - epoch 11 - mAP: 0.414 w/ 35 queries
00:04:52 - removing file tmp_5f/mbert_fren_dev_0_11.txt
00:04:52 - removing file tmp_5f/mbert_fren_dev_7_11.txt
00:04:52 - removing file tmp_5f/mbert_fren_dev_6_11.txt
00:04:52 - removing file tmp_5f/mbert_fren_dev_5_11.txt
00:04:52 - removing file tmp_5f/mbert_fren_dev_9_11.txt
00:04:52 - removing file tmp_5f/mbert_fren_dev_8_11.txt
00:04:52 - removing file tmp_5f/mbert_fren_dev_4_11.txt
00:04:52 - removing file tmp_5f/mbert_fren_dev_2_11.txt
00:04:52 - removing file tmp_5f/mbert_fren_dev_3_11.txt
00:04:52 - removing file tmp_5f/mbert_fren_dev_1_11.txt
00:04:52 - process[0]: training epoch 12 ...
00:05:02 - process[0] - epoch 12 - train iter 197 - 17539.7 words/s - loss: 0.3829
00:05:02 - process[0]: evaluating epoch 12 on dev ...
00:05:46 - dev set during evaluation: 14160/14157
00:05:46 - process[0] - dev - epoch 12 - mAP: 0.492 w/ 35 queries
00:05:46 - removing file tmp_5f/mbert_fren_dev_3_12.txt
00:05:46 - removing file tmp_5f/mbert_fren_dev_0_12.txt
00:05:46 - removing file tmp_5f/mbert_fren_dev_6_12.txt
00:05:46 - removing file tmp_5f/mbert_fren_dev_9_12.txt
00:05:46 - removing file tmp_5f/mbert_fren_dev_7_12.txt
00:05:46 - removing file tmp_5f/mbert_fren_dev_5_12.txt
00:05:46 - removing file tmp_5f/mbert_fren_dev_1_12.txt
00:05:46 - removing file tmp_5f/mbert_fren_dev_2_12.txt
00:05:46 - removing file tmp_5f/mbert_fren_dev_4_12.txt
00:05:46 - removing file tmp_5f/mbert_fren_dev_8_12.txt
00:05:46 - process[0]: evaluating epoch 12 on test ...
00:06:27 - test set during evaluation: 14980/14975
00:06:27 - process[0] - test - epoch 12 - mAP: 0.408 w/ 35 queries
00:06:28 - removing file tmp_5f/mbert_fren_test_3_12.txt
00:06:28 - removing file tmp_5f/mbert_fren_test_6_12.txt
00:06:28 - removing file tmp_5f/mbert_fren_test_2_12.txt
00:06:28 - removing file tmp_5f/mbert_fren_test_7_12.txt
00:06:28 - removing file tmp_5f/mbert_fren_test_4_12.txt
00:06:28 - removing file tmp_5f/mbert_fren_test_9_12.txt
00:06:28 - removing file tmp_5f/mbert_fren_test_8_12.txt
00:06:28 - removing file tmp_5f/mbert_fren_test_5_12.txt
00:06:28 - removing file tmp_5f/mbert_fren_test_1_12.txt
00:06:28 - removing file tmp_5f/mbert_fren_test_0_12.txt
00:06:28 - process[0]: training epoch 13 ...
00:06:38 - process[0] - epoch 13 - train iter 197 - 16941.4 words/s - loss: 0.3815
00:06:38 - process[0]: evaluating epoch 13 on dev ...
00:07:24 - dev set during evaluation: 14160/14157
00:07:24 - process[0] - dev - epoch 13 - mAP: 0.475 w/ 35 queries
00:07:24 - removing file tmp_5f/mbert_fren_dev_1_13.txt
00:07:24 - removing file tmp_5f/mbert_fren_dev_4_13.txt
00:07:24 - removing file tmp_5f/mbert_fren_dev_7_13.txt
00:07:24 - removing file tmp_5f/mbert_fren_dev_9_13.txt
00:07:24 - removing file tmp_5f/mbert_fren_dev_2_13.txt
00:07:24 - removing file tmp_5f/mbert_fren_dev_8_13.txt
00:07:24 - removing file tmp_5f/mbert_fren_dev_0_13.txt
00:07:24 - removing file tmp_5f/mbert_fren_dev_5_13.txt
00:07:24 - removing file tmp_5f/mbert_fren_dev_6_13.txt
00:07:24 - removing file tmp_5f/mbert_fren_dev_3_13.txt
00:07:24 - process[0]: training epoch 14 ...
00:07:36 - process[0] - epoch 14 - train iter 197 - 14278.7 words/s - loss: 0.4165
00:07:36 - process[0]: evaluating epoch 14 on dev ...
00:08:19 - dev set during evaluation: 14160/14157
00:08:19 - process[0] - dev - epoch 14 - mAP: 0.477 w/ 35 queries
00:08:19 - removing file tmp_5f/mbert_fren_dev_0_14.txt
00:08:19 - removing file tmp_5f/mbert_fren_dev_8_14.txt
00:08:19 - removing file tmp_5f/mbert_fren_dev_4_14.txt
00:08:19 - removing file tmp_5f/mbert_fren_dev_9_14.txt
00:08:19 - removing file tmp_5f/mbert_fren_dev_6_14.txt
00:08:19 - removing file tmp_5f/mbert_fren_dev_3_14.txt
00:08:19 - removing file tmp_5f/mbert_fren_dev_2_14.txt
00:08:19 - removing file tmp_5f/mbert_fren_dev_7_14.txt
00:08:19 - removing file tmp_5f/mbert_fren_dev_1_14.txt
00:08:19 - removing file tmp_5f/mbert_fren_dev_5_14.txt
00:08:19 - process[0]: training epoch 15 ...
00:08:30 - process[0] - epoch 15 - train iter 197 - 16347.0 words/s - loss: 0.3905
00:08:30 - process[0]: evaluating epoch 15 on dev ...
00:09:14 - dev set during evaluation: 14160/14157
00:09:14 - process[0] - dev - epoch 15 - mAP: 0.430 w/ 35 queries
00:09:14 - removing file tmp_5f/mbert_fren_dev_6_15.txt
00:09:14 - removing file tmp_5f/mbert_fren_dev_9_15.txt
00:09:14 - removing file tmp_5f/mbert_fren_dev_0_15.txt
00:09:14 - removing file tmp_5f/mbert_fren_dev_1_15.txt
00:09:14 - removing file tmp_5f/mbert_fren_dev_3_15.txt
00:09:14 - removing file tmp_5f/mbert_fren_dev_7_15.txt
00:09:14 - removing file tmp_5f/mbert_fren_dev_4_15.txt
00:09:14 - removing file tmp_5f/mbert_fren_dev_5_15.txt
00:09:14 - removing file tmp_5f/mbert_fren_dev_8_15.txt
00:09:14 - removing file tmp_5f/mbert_fren_dev_2_15.txt
00:09:14 - process[0]: training epoch 16 ...
00:09:25 - process[0] - epoch 16 - train iter 197 - 16779.3 words/s - loss: 0.3925
00:09:25 - process[0]: evaluating epoch 16 on dev ...
00:10:10 - dev set during evaluation: 14160/14157
00:10:10 - process[0] - dev - epoch 16 - mAP: 0.487 w/ 35 queries
00:10:10 - removing file tmp_5f/mbert_fren_dev_8_16.txt
00:10:10 - removing file tmp_5f/mbert_fren_dev_4_16.txt
00:10:10 - removing file tmp_5f/mbert_fren_dev_3_16.txt
00:10:10 - removing file tmp_5f/mbert_fren_dev_2_16.txt
00:10:10 - removing file tmp_5f/mbert_fren_dev_5_16.txt
00:10:10 - removing file tmp_5f/mbert_fren_dev_9_16.txt
00:10:10 - removing file tmp_5f/mbert_fren_dev_7_16.txt
00:10:10 - removing file tmp_5f/mbert_fren_dev_0_16.txt
00:10:10 - removing file tmp_5f/mbert_fren_dev_6_16.txt
00:10:10 - removing file tmp_5f/mbert_fren_dev_1_16.txt
00:10:10 - process[0]: training epoch 17 ...
00:10:22 - process[0] - epoch 17 - train iter 197 - 14678.7 words/s - loss: 0.3460
00:10:22 - process[0]: evaluating epoch 17 on dev ...
00:11:05 - dev set during evaluation: 14160/14157
00:11:05 - process[0] - dev - epoch 17 - mAP: 0.456 w/ 35 queries
00:11:05 - removing file tmp_5f/mbert_fren_dev_7_17.txt
00:11:05 - removing file tmp_5f/mbert_fren_dev_6_17.txt
00:11:05 - removing file tmp_5f/mbert_fren_dev_9_17.txt
00:11:05 - removing file tmp_5f/mbert_fren_dev_3_17.txt
00:11:05 - removing file tmp_5f/mbert_fren_dev_1_17.txt
00:11:05 - removing file tmp_5f/mbert_fren_dev_0_17.txt
00:11:05 - removing file tmp_5f/mbert_fren_dev_2_17.txt
00:11:05 - removing file tmp_5f/mbert_fren_dev_5_17.txt
00:11:05 - removing file tmp_5f/mbert_fren_dev_8_17.txt
00:11:05 - removing file tmp_5f/mbert_fren_dev_4_17.txt
00:11:05 - process[0]: training epoch 18 ...
00:11:16 - process[0] - epoch 18 - train iter 197 - 17176.7 words/s - loss: 0.3400
00:11:16 - process[0]: evaluating epoch 18 on dev ...
00:12:00 - dev set during evaluation: 14160/14157
00:12:00 - process[0] - dev - epoch 18 - mAP: 0.468 w/ 35 queries
00:12:00 - removing file tmp_5f/mbert_fren_dev_7_18.txt
00:12:00 - removing file tmp_5f/mbert_fren_dev_5_18.txt
00:12:00 - removing file tmp_5f/mbert_fren_dev_8_18.txt
00:12:00 - removing file tmp_5f/mbert_fren_dev_9_18.txt
00:12:00 - removing file tmp_5f/mbert_fren_dev_1_18.txt
00:12:00 - removing file tmp_5f/mbert_fren_dev_6_18.txt
00:12:00 - removing file tmp_5f/mbert_fren_dev_4_18.txt
00:12:00 - removing file tmp_5f/mbert_fren_dev_2_18.txt
00:12:00 - removing file tmp_5f/mbert_fren_dev_0_18.txt
00:12:00 - removing file tmp_5f/mbert_fren_dev_3_18.txt
00:12:00 - process[0]: training epoch 19 ...
00:12:11 - process[0] - epoch 19 - train iter 197 - 16069.3 words/s - loss: 0.3786
00:12:11 - process[0]: evaluating epoch 19 on dev ...
00:12:56 - dev set during evaluation: 14160/14157
00:12:56 - process[0] - dev - epoch 19 - mAP: 0.490 w/ 35 queries
00:12:56 - removing file tmp_5f/mbert_fren_dev_6_19.txt
00:12:56 - removing file tmp_5f/mbert_fren_dev_1_19.txt
00:12:56 - removing file tmp_5f/mbert_fren_dev_2_19.txt
00:12:56 - removing file tmp_5f/mbert_fren_dev_3_19.txt
00:12:56 - removing file tmp_5f/mbert_fren_dev_5_19.txt
00:12:56 - removing file tmp_5f/mbert_fren_dev_7_19.txt
00:12:56 - removing file tmp_5f/mbert_fren_dev_4_19.txt
00:12:56 - removing file tmp_5f/mbert_fren_dev_0_19.txt
00:12:56 - removing file tmp_5f/mbert_fren_dev_9_19.txt
00:12:56 - removing file tmp_5f/mbert_fren_dev_8_19.txt
00:12:56 - [fold 1] best test MAP: 0.408 @ epoch 12
00:12:56 - Evaluating every 1 epochs ...
00:12:56 - reading data from /mnt/home/puxuan/CLIR-project/Evaluation_data/process-clef/uncased
00:12:57 - test has 36 queries ...
00:12:57 - Data reading done ...
00:12:59 - adding 9-th encoder to optimizer...
00:12:59 - adding 10-th encoder to optimizer...
00:12:59 - adding 11-th encoder to optimizer...
00:12:59 - process[0]: training epoch 0 ...
00:13:08 - process[0] - epoch 0 - train iter 187 - 18562.8 words/s - loss: 0.6741
00:13:08 - process[0]: training epoch 1 ...
00:13:20 - process[0] - epoch 1 - train iter 187 - 15355.0 words/s - loss: 0.5681
00:13:20 - process[0]: training epoch 2 ...
00:13:29 - process[0] - epoch 2 - train iter 187 - 17338.3 words/s - loss: 0.5612
00:13:29 - process[0]: training epoch 3 ...
00:13:38 - process[0] - epoch 3 - train iter 187 - 18506.3 words/s - loss: 0.5491
00:13:38 - process[0]: training epoch 4 ...
00:13:49 - process[0] - epoch 4 - train iter 187 - 16449.8 words/s - loss: 0.5087
00:13:49 - process[0]: training epoch 5 ...
00:13:58 - process[0] - epoch 5 - train iter 187 - 19530.0 words/s - loss: 0.5070
00:13:58 - process[0]: training epoch 6 ...
00:14:07 - process[0] - epoch 6 - train iter 187 - 18105.0 words/s - loss: 0.4713
00:14:07 - process[0]: training epoch 7 ...
00:14:17 - process[0] - epoch 7 - train iter 187 - 17589.1 words/s - loss: 0.4759
00:14:17 - process[0]: training epoch 8 ...
00:14:27 - process[0] - epoch 8 - train iter 187 - 16423.2 words/s - loss: 0.4541
00:14:27 - process[0]: training epoch 9 ...
00:14:37 - process[0] - epoch 9 - train iter 187 - 17545.2 words/s - loss: 0.4599
00:14:37 - process[0]: training epoch 10 ...
00:14:47 - process[0] - epoch 10 - train iter 187 - 18053.3 words/s - loss: 0.4635
00:14:47 - process[0]: evaluating epoch 10 on dev ...
00:15:34 - dev set during evaluation: 14980/14975
00:15:34 - process[0] - dev - epoch 10 - mAP: 0.406 w/ 35 queries
00:15:34 - removing file tmp_5f/mbert_fren_dev_4_10.txt
00:15:34 - removing file tmp_5f/mbert_fren_dev_1_10.txt
00:15:34 - removing file tmp_5f/mbert_fren_dev_8_10.txt
00:15:34 - removing file tmp_5f/mbert_fren_dev_9_10.txt
00:15:34 - removing file tmp_5f/mbert_fren_dev_5_10.txt
00:15:34 - removing file tmp_5f/mbert_fren_dev_0_10.txt
00:15:34 - removing file tmp_5f/mbert_fren_dev_2_10.txt
00:15:34 - removing file tmp_5f/mbert_fren_dev_7_10.txt
00:15:34 - removing file tmp_5f/mbert_fren_dev_6_10.txt
00:15:34 - removing file tmp_5f/mbert_fren_dev_3_10.txt
00:15:34 - process[0]: evaluating epoch 10 on test ...
00:16:18 - test set during evaluation: 15300/15294
00:16:18 - process[0] - test - epoch 10 - mAP: 0.441 w/ 36 queries
00:16:18 - removing file tmp_5f/mbert_fren_test_6_10.txt
00:16:18 - removing file tmp_5f/mbert_fren_test_7_10.txt
00:16:18 - removing file tmp_5f/mbert_fren_test_9_10.txt
00:16:18 - removing file tmp_5f/mbert_fren_test_3_10.txt
00:16:18 - removing file tmp_5f/mbert_fren_test_4_10.txt
00:16:18 - removing file tmp_5f/mbert_fren_test_2_10.txt
00:16:18 - removing file tmp_5f/mbert_fren_test_1_10.txt
00:16:18 - removing file tmp_5f/mbert_fren_test_8_10.txt
00:16:18 - removing file tmp_5f/mbert_fren_test_0_10.txt
00:16:18 - removing file tmp_5f/mbert_fren_test_5_10.txt
00:16:18 - process[0]: training epoch 11 ...
00:16:28 - process[0] - epoch 11 - train iter 187 - 16448.2 words/s - loss: 0.4014
00:16:28 - process[0]: evaluating epoch 11 on dev ...
00:17:11 - dev set during evaluation: 14980/14975
00:17:11 - process[0] - dev - epoch 11 - mAP: 0.372 w/ 35 queries
00:17:11 - removing file tmp_5f/mbert_fren_dev_0_11.txt
00:17:11 - removing file tmp_5f/mbert_fren_dev_7_11.txt
00:17:11 - removing file tmp_5f/mbert_fren_dev_6_11.txt
00:17:11 - removing file tmp_5f/mbert_fren_dev_5_11.txt
00:17:11 - removing file tmp_5f/mbert_fren_dev_9_11.txt
00:17:11 - removing file tmp_5f/mbert_fren_dev_8_11.txt
00:17:11 - removing file tmp_5f/mbert_fren_dev_4_11.txt
00:17:11 - removing file tmp_5f/mbert_fren_dev_2_11.txt
00:17:11 - removing file tmp_5f/mbert_fren_dev_3_11.txt
00:17:11 - removing file tmp_5f/mbert_fren_dev_1_11.txt
00:17:11 - process[0]: training epoch 12 ...
00:17:20 - process[0] - epoch 12 - train iter 187 - 17846.6 words/s - loss: 0.3265
00:17:20 - process[0]: evaluating epoch 12 on dev ...
00:18:02 - dev set during evaluation: 14980/14975
00:18:02 - process[0] - dev - epoch 12 - mAP: 0.397 w/ 35 queries
00:18:02 - removing file tmp_5f/mbert_fren_dev_3_12.txt
00:18:02 - removing file tmp_5f/mbert_fren_dev_0_12.txt
00:18:02 - removing file tmp_5f/mbert_fren_dev_6_12.txt
00:18:02 - removing file tmp_5f/mbert_fren_dev_9_12.txt
00:18:02 - removing file tmp_5f/mbert_fren_dev_7_12.txt
00:18:02 - removing file tmp_5f/mbert_fren_dev_5_12.txt
00:18:02 - removing file tmp_5f/mbert_fren_dev_1_12.txt
00:18:02 - removing file tmp_5f/mbert_fren_dev_2_12.txt
00:18:02 - removing file tmp_5f/mbert_fren_dev_4_12.txt
00:18:02 - removing file tmp_5f/mbert_fren_dev_8_12.txt
00:18:02 - process[0]: training epoch 13 ...
00:18:11 - process[0] - epoch 13 - train iter 187 - 18726.2 words/s - loss: 0.3853
00:18:11 - process[0]: evaluating epoch 13 on dev ...
00:18:53 - dev set during evaluation: 14980/14975
00:18:53 - process[0] - dev - epoch 13 - mAP: 0.407 w/ 35 queries
00:18:53 - removing file tmp_5f/mbert_fren_dev_1_13.txt
00:18:53 - removing file tmp_5f/mbert_fren_dev_4_13.txt
00:18:53 - removing file tmp_5f/mbert_fren_dev_7_13.txt
00:18:53 - removing file tmp_5f/mbert_fren_dev_9_13.txt
00:18:53 - removing file tmp_5f/mbert_fren_dev_2_13.txt
00:18:53 - removing file tmp_5f/mbert_fren_dev_8_13.txt
00:18:53 - removing file tmp_5f/mbert_fren_dev_0_13.txt
00:18:53 - removing file tmp_5f/mbert_fren_dev_5_13.txt
00:18:53 - removing file tmp_5f/mbert_fren_dev_6_13.txt
00:18:53 - removing file tmp_5f/mbert_fren_dev_3_13.txt
00:18:53 - process[0]: evaluating epoch 13 on test ...
00:19:36 - test set during evaluation: 15300/15294
00:19:36 - process[0] - test - epoch 13 - mAP: 0.458 w/ 36 queries
00:19:36 - removing file tmp_5f/mbert_fren_test_2_13.txt
00:19:36 - removing file tmp_5f/mbert_fren_test_3_13.txt
00:19:36 - removing file tmp_5f/mbert_fren_test_7_13.txt
00:19:36 - removing file tmp_5f/mbert_fren_test_4_13.txt
00:19:36 - removing file tmp_5f/mbert_fren_test_1_13.txt
00:19:36 - removing file tmp_5f/mbert_fren_test_8_13.txt
00:19:36 - removing file tmp_5f/mbert_fren_test_0_13.txt
00:19:36 - removing file tmp_5f/mbert_fren_test_9_13.txt
00:19:36 - removing file tmp_5f/mbert_fren_test_6_13.txt
00:19:36 - removing file tmp_5f/mbert_fren_test_5_13.txt
00:19:36 - process[0]: training epoch 14 ...
00:19:46 - process[0] - epoch 14 - train iter 187 - 17712.2 words/s - loss: 0.3611
00:19:46 - process[0]: evaluating epoch 14 on dev ...
00:20:27 - dev set during evaluation: 14980/14975
00:20:27 - process[0] - dev - epoch 14 - mAP: 0.400 w/ 35 queries
00:20:27 - removing file tmp_5f/mbert_fren_dev_0_14.txt
00:20:27 - removing file tmp_5f/mbert_fren_dev_8_14.txt
00:20:27 - removing file tmp_5f/mbert_fren_dev_4_14.txt
00:20:27 - removing file tmp_5f/mbert_fren_dev_9_14.txt
00:20:27 - removing file tmp_5f/mbert_fren_dev_6_14.txt
00:20:27 - removing file tmp_5f/mbert_fren_dev_3_14.txt
00:20:27 - removing file tmp_5f/mbert_fren_dev_2_14.txt
00:20:27 - removing file tmp_5f/mbert_fren_dev_7_14.txt
00:20:27 - removing file tmp_5f/mbert_fren_dev_1_14.txt
00:20:27 - removing file tmp_5f/mbert_fren_dev_5_14.txt
00:20:27 - process[0]: training epoch 15 ...
00:20:36 - process[0] - epoch 15 - train iter 187 - 18927.9 words/s - loss: 0.4285
00:20:36 - process[0]: evaluating epoch 15 on dev ...
00:21:20 - dev set during evaluation: 14980/14975
00:21:20 - process[0] - dev - epoch 15 - mAP: 0.418 w/ 35 queries
00:21:20 - removing file tmp_5f/mbert_fren_dev_6_15.txt
00:21:20 - removing file tmp_5f/mbert_fren_dev_9_15.txt
00:21:20 - removing file tmp_5f/mbert_fren_dev_0_15.txt
00:21:20 - removing file tmp_5f/mbert_fren_dev_1_15.txt
00:21:20 - removing file tmp_5f/mbert_fren_dev_3_15.txt
00:21:20 - removing file tmp_5f/mbert_fren_dev_7_15.txt
00:21:20 - removing file tmp_5f/mbert_fren_dev_4_15.txt
00:21:20 - removing file tmp_5f/mbert_fren_dev_5_15.txt
00:21:20 - removing file tmp_5f/mbert_fren_dev_8_15.txt
00:21:20 - removing file tmp_5f/mbert_fren_dev_2_15.txt
00:21:20 - process[0]: evaluating epoch 15 on test ...
00:22:02 - test set during evaluation: 15300/15294
00:22:02 - process[0] - test - epoch 15 - mAP: 0.440 w/ 36 queries
00:22:03 - removing file tmp_5f/mbert_fren_test_5_15.txt
00:22:03 - removing file tmp_5f/mbert_fren_test_3_15.txt
00:22:03 - removing file tmp_5f/mbert_fren_test_1_15.txt
00:22:03 - removing file tmp_5f/mbert_fren_test_9_15.txt
00:22:03 - removing file tmp_5f/mbert_fren_test_0_15.txt
00:22:03 - removing file tmp_5f/mbert_fren_test_7_15.txt
00:22:03 - removing file tmp_5f/mbert_fren_test_8_15.txt
00:22:03 - removing file tmp_5f/mbert_fren_test_2_15.txt
00:22:03 - removing file tmp_5f/mbert_fren_test_4_15.txt
00:22:03 - removing file tmp_5f/mbert_fren_test_6_15.txt
00:22:03 - process[0]: training epoch 16 ...
00:22:12 - process[0] - epoch 16 - train iter 187 - 17606.2 words/s - loss: 0.4161
00:22:12 - process[0]: evaluating epoch 16 on dev ...
00:22:55 - dev set during evaluation: 14980/14975
00:22:55 - process[0] - dev - epoch 16 - mAP: 0.425 w/ 35 queries
00:22:55 - removing file tmp_5f/mbert_fren_dev_8_16.txt
00:22:55 - removing file tmp_5f/mbert_fren_dev_4_16.txt
00:22:55 - removing file tmp_5f/mbert_fren_dev_3_16.txt
00:22:55 - removing file tmp_5f/mbert_fren_dev_2_16.txt
00:22:55 - removing file tmp_5f/mbert_fren_dev_5_16.txt
00:22:55 - removing file tmp_5f/mbert_fren_dev_9_16.txt
00:22:55 - removing file tmp_5f/mbert_fren_dev_7_16.txt
00:22:55 - removing file tmp_5f/mbert_fren_dev_0_16.txt
00:22:55 - removing file tmp_5f/mbert_fren_dev_6_16.txt
00:22:55 - removing file tmp_5f/mbert_fren_dev_1_16.txt
00:22:55 - process[0]: evaluating epoch 16 on test ...
00:23:40 - test set during evaluation: 15300/15294
00:23:40 - process[0] - test - epoch 16 - mAP: 0.483 w/ 36 queries
00:23:40 - removing file tmp_5f/mbert_fren_test_6_16.txt
00:23:40 - removing file tmp_5f/mbert_fren_test_4_16.txt
00:23:40 - removing file tmp_5f/mbert_fren_test_2_16.txt
00:23:40 - removing file tmp_5f/mbert_fren_test_0_16.txt
00:23:40 - removing file tmp_5f/mbert_fren_test_9_16.txt
00:23:40 - removing file tmp_5f/mbert_fren_test_1_16.txt
00:23:40 - removing file tmp_5f/mbert_fren_test_8_16.txt
00:23:40 - removing file tmp_5f/mbert_fren_test_5_16.txt
00:23:40 - removing file tmp_5f/mbert_fren_test_3_16.txt
00:23:40 - removing file tmp_5f/mbert_fren_test_7_16.txt
00:23:40 - process[0]: training epoch 17 ...
00:23:49 - process[0] - epoch 17 - train iter 187 - 18072.5 words/s - loss: 0.3196
00:23:49 - process[0]: evaluating epoch 17 on dev ...
00:24:33 - dev set during evaluation: 14980/14975
00:24:33 - process[0] - dev - epoch 17 - mAP: 0.404 w/ 35 queries
00:24:33 - removing file tmp_5f/mbert_fren_dev_7_17.txt
00:24:33 - removing file tmp_5f/mbert_fren_dev_6_17.txt
00:24:33 - removing file tmp_5f/mbert_fren_dev_9_17.txt
00:24:33 - removing file tmp_5f/mbert_fren_dev_3_17.txt
00:24:33 - removing file tmp_5f/mbert_fren_dev_1_17.txt
00:24:33 - removing file tmp_5f/mbert_fren_dev_0_17.txt
00:24:33 - removing file tmp_5f/mbert_fren_dev_2_17.txt
00:24:33 - removing file tmp_5f/mbert_fren_dev_5_17.txt
00:24:33 - removing file tmp_5f/mbert_fren_dev_8_17.txt
00:24:33 - removing file tmp_5f/mbert_fren_dev_4_17.txt
00:24:33 - process[0]: training epoch 18 ...
00:24:43 - process[0] - epoch 18 - train iter 187 - 17470.2 words/s - loss: 0.3641
00:24:43 - process[0]: evaluating epoch 18 on dev ...
00:25:27 - dev set during evaluation: 14980/14975
00:25:27 - process[0] - dev - epoch 18 - mAP: 0.394 w/ 35 queries
00:25:27 - removing file tmp_5f/mbert_fren_dev_7_18.txt
00:25:27 - removing file tmp_5f/mbert_fren_dev_5_18.txt
00:25:27 - removing file tmp_5f/mbert_fren_dev_8_18.txt
00:25:27 - removing file tmp_5f/mbert_fren_dev_9_18.txt
00:25:27 - removing file tmp_5f/mbert_fren_dev_1_18.txt
00:25:27 - removing file tmp_5f/mbert_fren_dev_6_18.txt
00:25:27 - removing file tmp_5f/mbert_fren_dev_4_18.txt
00:25:27 - removing file tmp_5f/mbert_fren_dev_2_18.txt
00:25:27 - removing file tmp_5f/mbert_fren_dev_0_18.txt
00:25:27 - removing file tmp_5f/mbert_fren_dev_3_18.txt
00:25:27 - process[0]: training epoch 19 ...
00:25:37 - process[0] - epoch 19 - train iter 187 - 15931.5 words/s - loss: 0.3451
00:25:37 - process[0]: evaluating epoch 19 on dev ...
00:26:22 - dev set during evaluation: 14980/14975
00:26:22 - process[0] - dev - epoch 19 - mAP: 0.434 w/ 35 queries
00:26:22 - removing file tmp_5f/mbert_fren_dev_6_19.txt
00:26:22 - removing file tmp_5f/mbert_fren_dev_1_19.txt
00:26:22 - removing file tmp_5f/mbert_fren_dev_2_19.txt
00:26:22 - removing file tmp_5f/mbert_fren_dev_3_19.txt
00:26:22 - removing file tmp_5f/mbert_fren_dev_5_19.txt
00:26:22 - removing file tmp_5f/mbert_fren_dev_7_19.txt
00:26:22 - removing file tmp_5f/mbert_fren_dev_4_19.txt
00:26:22 - removing file tmp_5f/mbert_fren_dev_0_19.txt
00:26:22 - removing file tmp_5f/mbert_fren_dev_9_19.txt
00:26:22 - removing file tmp_5f/mbert_fren_dev_8_19.txt
00:26:22 - process[0]: evaluating epoch 19 on test ...
00:27:05 - test set during evaluation: 15300/15294
00:27:05 - process[0] - test - epoch 19 - mAP: 0.473 w/ 36 queries
00:27:05 - removing file tmp_5f/mbert_fren_test_0_19.txt
00:27:05 - removing file tmp_5f/mbert_fren_test_6_19.txt
00:27:05 - removing file tmp_5f/mbert_fren_test_4_19.txt
00:27:05 - removing file tmp_5f/mbert_fren_test_3_19.txt
00:27:05 - removing file tmp_5f/mbert_fren_test_9_19.txt
00:27:05 - removing file tmp_5f/mbert_fren_test_2_19.txt
00:27:05 - removing file tmp_5f/mbert_fren_test_8_19.txt
00:27:05 - removing file tmp_5f/mbert_fren_test_7_19.txt
00:27:05 - removing file tmp_5f/mbert_fren_test_5_19.txt
00:27:05 - removing file tmp_5f/mbert_fren_test_1_19.txt
00:27:05 - [fold 2] best test MAP: 0.473 @ epoch 19
00:27:05 - Evaluating every 1 epochs ...
00:27:05 - reading data from /mnt/home/puxuan/CLIR-project/Evaluation_data/process-clef/uncased
00:27:05 - test has 35 queries ...
00:27:05 - Data reading done ...
00:27:07 - adding 9-th encoder to optimizer...
00:27:07 - adding 10-th encoder to optimizer...
00:27:07 - adding 11-th encoder to optimizer...
00:27:07 - process[0]: training epoch 0 ...
00:27:18 - process[0] - epoch 0 - train iter 196 - 17152.2 words/s - loss: 0.6828
00:27:18 - process[0]: training epoch 1 ...
00:27:28 - process[0] - epoch 1 - train iter 196 - 17460.3 words/s - loss: 0.5767
00:27:28 - process[0]: training epoch 2 ...
00:27:39 - process[0] - epoch 2 - train iter 196 - 16617.8 words/s - loss: 0.5228
00:27:39 - process[0]: training epoch 3 ...
00:27:49 - process[0] - epoch 3 - train iter 196 - 16737.2 words/s - loss: 0.5208
00:27:49 - process[0]: training epoch 4 ...
00:27:59 - process[0] - epoch 4 - train iter 196 - 18904.6 words/s - loss: 0.5463
00:27:59 - process[0]: training epoch 5 ...
00:28:09 - process[0] - epoch 5 - train iter 196 - 18271.1 words/s - loss: 0.4715
00:28:09 - process[0]: training epoch 6 ...
00:28:19 - process[0] - epoch 6 - train iter 196 - 16574.8 words/s - loss: 0.4307
00:28:19 - process[0]: training epoch 7 ...
00:28:30 - process[0] - epoch 7 - train iter 196 - 16053.2 words/s - loss: 0.4900
00:28:30 - process[0]: training epoch 8 ...
00:28:41 - process[0] - epoch 8 - train iter 196 - 17911.0 words/s - loss: 0.4556
00:28:41 - process[0]: training epoch 9 ...
00:28:51 - process[0] - epoch 9 - train iter 196 - 16593.4 words/s - loss: 0.4491
00:28:51 - process[0]: training epoch 10 ...
00:29:01 - process[0] - epoch 10 - train iter 196 - 18403.8 words/s - loss: 0.4493
00:29:01 - process[0]: evaluating epoch 10 on dev ...
00:29:48 - dev set during evaluation: 15300/15294
00:29:48 - process[0] - dev - epoch 10 - mAP: 0.413 w/ 36 queries
00:29:48 - removing file tmp_5f/mbert_fren_dev_4_10.txt
00:29:48 - removing file tmp_5f/mbert_fren_dev_1_10.txt
00:29:48 - removing file tmp_5f/mbert_fren_dev_8_10.txt
00:29:48 - removing file tmp_5f/mbert_fren_dev_9_10.txt
00:29:48 - removing file tmp_5f/mbert_fren_dev_5_10.txt
00:29:48 - removing file tmp_5f/mbert_fren_dev_0_10.txt
00:29:48 - removing file tmp_5f/mbert_fren_dev_2_10.txt
00:29:48 - removing file tmp_5f/mbert_fren_dev_7_10.txt
00:29:48 - removing file tmp_5f/mbert_fren_dev_6_10.txt
00:29:48 - removing file tmp_5f/mbert_fren_dev_3_10.txt
00:29:48 - process[0]: evaluating epoch 10 on test ...
00:30:30 - test set during evaluation: 15480/15477
00:30:30 - process[0] - test - epoch 10 - mAP: 0.363 w/ 35 queries
00:30:30 - removing file tmp_5f/mbert_fren_test_6_10.txt
00:30:30 - removing file tmp_5f/mbert_fren_test_7_10.txt
00:30:30 - removing file tmp_5f/mbert_fren_test_9_10.txt
00:30:30 - removing file tmp_5f/mbert_fren_test_3_10.txt
00:30:30 - removing file tmp_5f/mbert_fren_test_4_10.txt
00:30:30 - removing file tmp_5f/mbert_fren_test_2_10.txt
00:30:30 - removing file tmp_5f/mbert_fren_test_1_10.txt
00:30:30 - removing file tmp_5f/mbert_fren_test_8_10.txt
00:30:30 - removing file tmp_5f/mbert_fren_test_0_10.txt
00:30:30 - removing file tmp_5f/mbert_fren_test_5_10.txt
00:30:30 - process[0]: training epoch 11 ...
00:30:41 - process[0] - epoch 11 - train iter 196 - 16493.1 words/s - loss: 0.4007
00:30:41 - process[0]: evaluating epoch 11 on dev ...
00:31:24 - dev set during evaluation: 15300/15294
00:31:24 - process[0] - dev - epoch 11 - mAP: 0.423 w/ 36 queries
00:31:24 - removing file tmp_5f/mbert_fren_dev_0_11.txt
00:31:24 - removing file tmp_5f/mbert_fren_dev_7_11.txt
00:31:24 - removing file tmp_5f/mbert_fren_dev_6_11.txt
00:31:24 - removing file tmp_5f/mbert_fren_dev_5_11.txt
00:31:24 - removing file tmp_5f/mbert_fren_dev_9_11.txt
00:31:24 - removing file tmp_5f/mbert_fren_dev_8_11.txt
00:31:24 - removing file tmp_5f/mbert_fren_dev_4_11.txt
00:31:24 - removing file tmp_5f/mbert_fren_dev_2_11.txt
00:31:24 - removing file tmp_5f/mbert_fren_dev_3_11.txt
00:31:24 - removing file tmp_5f/mbert_fren_dev_1_11.txt
00:31:24 - process[0]: evaluating epoch 11 on test ...
00:32:06 - test set during evaluation: 15480/15477
00:32:06 - process[0] - test - epoch 11 - mAP: 0.333 w/ 35 queries
00:32:06 - removing file tmp_5f/mbert_fren_test_9_11.txt
00:32:06 - removing file tmp_5f/mbert_fren_test_8_11.txt
00:32:06 - removing file tmp_5f/mbert_fren_test_5_11.txt
00:32:06 - removing file tmp_5f/mbert_fren_test_0_11.txt
00:32:06 - removing file tmp_5f/mbert_fren_test_4_11.txt
00:32:06 - removing file tmp_5f/mbert_fren_test_1_11.txt
00:32:06 - removing file tmp_5f/mbert_fren_test_3_11.txt
00:32:06 - removing file tmp_5f/mbert_fren_test_6_11.txt
00:32:06 - removing file tmp_5f/mbert_fren_test_2_11.txt
00:32:06 - removing file tmp_5f/mbert_fren_test_7_11.txt
00:32:06 - process[0]: training epoch 12 ...
00:32:17 - process[0] - epoch 12 - train iter 196 - 16209.4 words/s - loss: 0.4193
00:32:17 - process[0]: evaluating epoch 12 on dev ...
00:32:59 - dev set during evaluation: 15300/15294
00:32:59 - process[0] - dev - epoch 12 - mAP: 0.385 w/ 36 queries
00:32:59 - removing file tmp_5f/mbert_fren_dev_3_12.txt
00:32:59 - removing file tmp_5f/mbert_fren_dev_0_12.txt
00:32:59 - removing file tmp_5f/mbert_fren_dev_6_12.txt
00:32:59 - removing file tmp_5f/mbert_fren_dev_9_12.txt
00:32:59 - removing file tmp_5f/mbert_fren_dev_7_12.txt
00:32:59 - removing file tmp_5f/mbert_fren_dev_5_12.txt
00:32:59 - removing file tmp_5f/mbert_fren_dev_1_12.txt
00:32:59 - removing file tmp_5f/mbert_fren_dev_2_12.txt
00:32:59 - removing file tmp_5f/mbert_fren_dev_4_12.txt
00:32:59 - removing file tmp_5f/mbert_fren_dev_8_12.txt
00:32:59 - process[0]: training epoch 13 ...
00:33:08 - process[0] - epoch 13 - train iter 196 - 18443.5 words/s - loss: 0.3866
00:33:08 - process[0]: evaluating epoch 13 on dev ...
00:33:53 - dev set during evaluation: 15300/15294
00:33:53 - process[0] - dev - epoch 13 - mAP: 0.395 w/ 36 queries
00:33:53 - removing file tmp_5f/mbert_fren_dev_1_13.txt
00:33:53 - removing file tmp_5f/mbert_fren_dev_4_13.txt
00:33:53 - removing file tmp_5f/mbert_fren_dev_7_13.txt
00:33:53 - removing file tmp_5f/mbert_fren_dev_9_13.txt
00:33:53 - removing file tmp_5f/mbert_fren_dev_2_13.txt
00:33:53 - removing file tmp_5f/mbert_fren_dev_8_13.txt
00:33:53 - removing file tmp_5f/mbert_fren_dev_0_13.txt
00:33:53 - removing file tmp_5f/mbert_fren_dev_5_13.txt
00:33:53 - removing file tmp_5f/mbert_fren_dev_6_13.txt
00:33:53 - removing file tmp_5f/mbert_fren_dev_3_13.txt
00:33:53 - process[0]: training epoch 14 ...
00:34:04 - process[0] - epoch 14 - train iter 196 - 15799.2 words/s - loss: 0.4423
00:34:04 - process[0]: evaluating epoch 14 on dev ...
00:34:46 - dev set during evaluation: 15300/15294
00:34:46 - process[0] - dev - epoch 14 - mAP: 0.456 w/ 36 queries
00:34:46 - removing file tmp_5f/mbert_fren_dev_0_14.txt
00:34:46 - removing file tmp_5f/mbert_fren_dev_8_14.txt
00:34:46 - removing file tmp_5f/mbert_fren_dev_4_14.txt
00:34:46 - removing file tmp_5f/mbert_fren_dev_9_14.txt
00:34:46 - removing file tmp_5f/mbert_fren_dev_6_14.txt
00:34:46 - removing file tmp_5f/mbert_fren_dev_3_14.txt
00:34:46 - removing file tmp_5f/mbert_fren_dev_2_14.txt
00:34:46 - removing file tmp_5f/mbert_fren_dev_7_14.txt
00:34:46 - removing file tmp_5f/mbert_fren_dev_1_14.txt
00:34:46 - removing file tmp_5f/mbert_fren_dev_5_14.txt
00:34:46 - process[0]: evaluating epoch 14 on test ...
00:35:28 - test set during evaluation: 15480/15477
00:35:28 - process[0] - test - epoch 14 - mAP: 0.341 w/ 35 queries
00:35:28 - removing file tmp_5f/mbert_fren_test_6_14.txt
00:35:28 - removing file tmp_5f/mbert_fren_test_1_14.txt
00:35:28 - removing file tmp_5f/mbert_fren_test_3_14.txt
00:35:28 - removing file tmp_5f/mbert_fren_test_8_14.txt
00:35:28 - removing file tmp_5f/mbert_fren_test_4_14.txt
00:35:28 - removing file tmp_5f/mbert_fren_test_0_14.txt
00:35:28 - removing file tmp_5f/mbert_fren_test_7_14.txt
00:35:28 - removing file tmp_5f/mbert_fren_test_5_14.txt
00:35:28 - removing file tmp_5f/mbert_fren_test_9_14.txt
00:35:28 - removing file tmp_5f/mbert_fren_test_2_14.txt
00:35:28 - process[0]: training epoch 15 ...
00:35:40 - process[0] - epoch 15 - train iter 196 - 15485.6 words/s - loss: 0.3943
00:35:40 - process[0]: evaluating epoch 15 on dev ...
00:36:21 - dev set during evaluation: 15300/15294
00:36:21 - process[0] - dev - epoch 15 - mAP: 0.413 w/ 36 queries
00:36:21 - removing file tmp_5f/mbert_fren_dev_6_15.txt
00:36:21 - removing file tmp_5f/mbert_fren_dev_9_15.txt
00:36:21 - removing file tmp_5f/mbert_fren_dev_0_15.txt
00:36:21 - removing file tmp_5f/mbert_fren_dev_1_15.txt
00:36:21 - removing file tmp_5f/mbert_fren_dev_3_15.txt
00:36:21 - removing file tmp_5f/mbert_fren_dev_7_15.txt
00:36:21 - removing file tmp_5f/mbert_fren_dev_4_15.txt
00:36:21 - removing file tmp_5f/mbert_fren_dev_5_15.txt
00:36:21 - removing file tmp_5f/mbert_fren_dev_8_15.txt
00:36:21 - removing file tmp_5f/mbert_fren_dev_2_15.txt
00:36:21 - process[0]: training epoch 16 ...
00:36:33 - process[0] - epoch 16 - train iter 196 - 15629.1 words/s - loss: 0.3705
00:36:33 - process[0]: evaluating epoch 16 on dev ...
00:37:14 - dev set during evaluation: 15300/15294
00:37:14 - process[0] - dev - epoch 16 - mAP: 0.434 w/ 36 queries
00:37:14 - removing file tmp_5f/mbert_fren_dev_8_16.txt
00:37:14 - removing file tmp_5f/mbert_fren_dev_4_16.txt
00:37:14 - removing file tmp_5f/mbert_fren_dev_3_16.txt
00:37:14 - removing file tmp_5f/mbert_fren_dev_2_16.txt
00:37:14 - removing file tmp_5f/mbert_fren_dev_5_16.txt
00:37:14 - removing file tmp_5f/mbert_fren_dev_9_16.txt
00:37:14 - removing file tmp_5f/mbert_fren_dev_7_16.txt
00:37:14 - removing file tmp_5f/mbert_fren_dev_0_16.txt
00:37:14 - removing file tmp_5f/mbert_fren_dev_6_16.txt
00:37:14 - removing file tmp_5f/mbert_fren_dev_1_16.txt
00:37:14 - process[0]: training epoch 17 ...
00:37:25 - process[0] - epoch 17 - train iter 196 - 17032.4 words/s - loss: 0.4327
00:37:25 - process[0]: evaluating epoch 17 on dev ...
00:38:09 - dev set during evaluation: 15300/15294
00:38:09 - process[0] - dev - epoch 17 - mAP: 0.438 w/ 36 queries
00:38:09 - removing file tmp_5f/mbert_fren_dev_7_17.txt
00:38:09 - removing file tmp_5f/mbert_fren_dev_6_17.txt
00:38:09 - removing file tmp_5f/mbert_fren_dev_9_17.txt
00:38:09 - removing file tmp_5f/mbert_fren_dev_3_17.txt
00:38:09 - removing file tmp_5f/mbert_fren_dev_1_17.txt
00:38:09 - removing file tmp_5f/mbert_fren_dev_0_17.txt
00:38:09 - removing file tmp_5f/mbert_fren_dev_2_17.txt
00:38:09 - removing file tmp_5f/mbert_fren_dev_5_17.txt
00:38:09 - removing file tmp_5f/mbert_fren_dev_8_17.txt
00:38:09 - removing file tmp_5f/mbert_fren_dev_4_17.txt
00:38:09 - process[0]: training epoch 18 ...
00:38:19 - process[0] - epoch 18 - train iter 196 - 17206.0 words/s - loss: 0.3918
00:38:19 - process[0]: evaluating epoch 18 on dev ...
00:39:02 - dev set during evaluation: 15300/15294
00:39:02 - process[0] - dev - epoch 18 - mAP: 0.430 w/ 36 queries
00:39:02 - removing file tmp_5f/mbert_fren_dev_7_18.txt
00:39:02 - removing file tmp_5f/mbert_fren_dev_5_18.txt
00:39:02 - removing file tmp_5f/mbert_fren_dev_8_18.txt
00:39:02 - removing file tmp_5f/mbert_fren_dev_9_18.txt
00:39:02 - removing file tmp_5f/mbert_fren_dev_1_18.txt
00:39:02 - removing file tmp_5f/mbert_fren_dev_6_18.txt
00:39:02 - removing file tmp_5f/mbert_fren_dev_4_18.txt
00:39:02 - removing file tmp_5f/mbert_fren_dev_2_18.txt
00:39:02 - removing file tmp_5f/mbert_fren_dev_0_18.txt
00:39:02 - removing file tmp_5f/mbert_fren_dev_3_18.txt
00:39:02 - process[0]: training epoch 19 ...
00:39:13 - process[0] - epoch 19 - train iter 196 - 16281.3 words/s - loss: 0.3621
00:39:13 - process[0]: evaluating epoch 19 on dev ...
00:39:55 - dev set during evaluation: 15300/15294
00:39:55 - process[0] - dev - epoch 19 - mAP: 0.432 w/ 36 queries
00:39:55 - removing file tmp_5f/mbert_fren_dev_6_19.txt
00:39:55 - removing file tmp_5f/mbert_fren_dev_1_19.txt
00:39:55 - removing file tmp_5f/mbert_fren_dev_2_19.txt
00:39:55 - removing file tmp_5f/mbert_fren_dev_3_19.txt
00:39:55 - removing file tmp_5f/mbert_fren_dev_5_19.txt
00:39:55 - removing file tmp_5f/mbert_fren_dev_7_19.txt
00:39:55 - removing file tmp_5f/mbert_fren_dev_4_19.txt
00:39:55 - removing file tmp_5f/mbert_fren_dev_0_19.txt
00:39:55 - removing file tmp_5f/mbert_fren_dev_9_19.txt
00:39:55 - removing file tmp_5f/mbert_fren_dev_8_19.txt
00:39:55 - [fold 3] best test MAP: 0.341 @ epoch 14
00:39:55 - Evaluating every 1 epochs ...
00:39:55 - reading data from /mnt/home/puxuan/CLIR-project/Evaluation_data/process-clef/uncased
00:39:56 - test has 35 queries ...
00:39:56 - Data reading done ...
00:39:57 - adding 9-th encoder to optimizer...
00:39:57 - adding 10-th encoder to optimizer...
00:39:57 - adding 11-th encoder to optimizer...
00:39:58 - process[0]: training epoch 0 ...
00:40:09 - process[0] - epoch 0 - train iter 207 - 16507.9 words/s - loss: 0.6771
00:40:09 - process[0]: training epoch 1 ...
00:40:20 - process[0] - epoch 1 - train iter 207 - 18047.4 words/s - loss: 0.5173
00:40:20 - process[0]: training epoch 2 ...
00:40:30 - process[0] - epoch 2 - train iter 207 - 18573.4 words/s - loss: 0.5397
00:40:30 - process[0]: training epoch 3 ...
00:40:41 - process[0] - epoch 3 - train iter 207 - 16521.6 words/s - loss: 0.4815
00:40:41 - process[0]: training epoch 4 ...
00:40:52 - process[0] - epoch 4 - train iter 207 - 17127.6 words/s - loss: 0.4712
00:40:52 - process[0]: training epoch 5 ...
00:41:03 - process[0] - epoch 5 - train iter 207 - 16758.8 words/s - loss: 0.4781
00:41:03 - process[0]: training epoch 6 ...
00:41:15 - process[0] - epoch 6 - train iter 207 - 16388.5 words/s - loss: 0.4599
00:41:15 - process[0]: training epoch 7 ...
00:41:26 - process[0] - epoch 7 - train iter 207 - 17296.6 words/s - loss: 0.4328
00:41:26 - process[0]: training epoch 8 ...
00:41:37 - process[0] - epoch 8 - train iter 207 - 17346.2 words/s - loss: 0.4325
00:41:37 - process[0]: training epoch 9 ...
00:41:48 - process[0] - epoch 9 - train iter 207 - 16559.5 words/s - loss: 0.3999
00:41:48 - process[0]: training epoch 10 ...
00:42:00 - process[0] - epoch 10 - train iter 207 - 15406.0 words/s - loss: 0.3969
00:42:00 - process[0]: evaluating epoch 10 on dev ...
00:42:47 - dev set during evaluation: 15480/15477
00:42:47 - process[0] - dev - epoch 10 - mAP: 0.336 w/ 35 queries
00:42:47 - removing file tmp_5f/mbert_fren_dev_4_10.txt
00:42:47 - removing file tmp_5f/mbert_fren_dev_1_10.txt
00:42:47 - removing file tmp_5f/mbert_fren_dev_8_10.txt
00:42:47 - removing file tmp_5f/mbert_fren_dev_9_10.txt
00:42:47 - removing file tmp_5f/mbert_fren_dev_5_10.txt
00:42:47 - removing file tmp_5f/mbert_fren_dev_0_10.txt
00:42:47 - removing file tmp_5f/mbert_fren_dev_2_10.txt
00:42:47 - removing file tmp_5f/mbert_fren_dev_7_10.txt
00:42:47 - removing file tmp_5f/mbert_fren_dev_6_10.txt
00:42:47 - removing file tmp_5f/mbert_fren_dev_3_10.txt
00:42:47 - process[0]: evaluating epoch 10 on test ...
00:43:29 - test set during evaluation: 14470/14463
00:43:29 - process[0] - test - epoch 10 - mAP: 0.383 w/ 35 queries
00:43:29 - removing file tmp_5f/mbert_fren_test_6_10.txt
00:43:29 - removing file tmp_5f/mbert_fren_test_7_10.txt
00:43:29 - removing file tmp_5f/mbert_fren_test_9_10.txt
00:43:29 - removing file tmp_5f/mbert_fren_test_3_10.txt
00:43:29 - removing file tmp_5f/mbert_fren_test_4_10.txt
00:43:29 - removing file tmp_5f/mbert_fren_test_2_10.txt
00:43:29 - removing file tmp_5f/mbert_fren_test_1_10.txt
00:43:29 - removing file tmp_5f/mbert_fren_test_8_10.txt
00:43:29 - removing file tmp_5f/mbert_fren_test_0_10.txt
00:43:29 - removing file tmp_5f/mbert_fren_test_5_10.txt
00:43:29 - process[0]: training epoch 11 ...
00:43:41 - process[0] - epoch 11 - train iter 207 - 16245.8 words/s - loss: 0.3997
00:43:41 - process[0]: evaluating epoch 11 on dev ...
00:44:22 - dev set during evaluation: 15480/15477
00:44:22 - process[0] - dev - epoch 11 - mAP: 0.352 w/ 35 queries
00:44:22 - removing file tmp_5f/mbert_fren_dev_0_11.txt
00:44:22 - removing file tmp_5f/mbert_fren_dev_7_11.txt
00:44:22 - removing file tmp_5f/mbert_fren_dev_6_11.txt
00:44:22 - removing file tmp_5f/mbert_fren_dev_5_11.txt
00:44:22 - removing file tmp_5f/mbert_fren_dev_9_11.txt
00:44:22 - removing file tmp_5f/mbert_fren_dev_8_11.txt
00:44:22 - removing file tmp_5f/mbert_fren_dev_4_11.txt
00:44:22 - removing file tmp_5f/mbert_fren_dev_2_11.txt
00:44:22 - removing file tmp_5f/mbert_fren_dev_3_11.txt
00:44:22 - removing file tmp_5f/mbert_fren_dev_1_11.txt
00:44:22 - process[0]: evaluating epoch 11 on test ...
00:45:04 - test set during evaluation: 14470/14463
00:45:04 - process[0] - test - epoch 11 - mAP: 0.381 w/ 35 queries
00:45:04 - removing file tmp_5f/mbert_fren_test_9_11.txt
00:45:04 - removing file tmp_5f/mbert_fren_test_8_11.txt
00:45:04 - removing file tmp_5f/mbert_fren_test_5_11.txt
00:45:04 - removing file tmp_5f/mbert_fren_test_0_11.txt
00:45:04 - removing file tmp_5f/mbert_fren_test_4_11.txt
00:45:04 - removing file tmp_5f/mbert_fren_test_1_11.txt
00:45:04 - removing file tmp_5f/mbert_fren_test_3_11.txt
00:45:04 - removing file tmp_5f/mbert_fren_test_6_11.txt
00:45:04 - removing file tmp_5f/mbert_fren_test_2_11.txt
00:45:04 - removing file tmp_5f/mbert_fren_test_7_11.txt
00:45:04 - process[0]: training epoch 12 ...
00:45:15 - process[0] - epoch 12 - train iter 207 - 16731.9 words/s - loss: 0.4167
00:45:15 - process[0]: evaluating epoch 12 on dev ...
00:45:58 - dev set during evaluation: 15480/15477
00:45:58 - process[0] - dev - epoch 12 - mAP: 0.348 w/ 35 queries
00:45:58 - removing file tmp_5f/mbert_fren_dev_3_12.txt
00:45:58 - removing file tmp_5f/mbert_fren_dev_0_12.txt
00:45:58 - removing file tmp_5f/mbert_fren_dev_6_12.txt
00:45:58 - removing file tmp_5f/mbert_fren_dev_9_12.txt
00:45:58 - removing file tmp_5f/mbert_fren_dev_7_12.txt
00:45:58 - removing file tmp_5f/mbert_fren_dev_5_12.txt
00:45:58 - removing file tmp_5f/mbert_fren_dev_1_12.txt
00:45:58 - removing file tmp_5f/mbert_fren_dev_2_12.txt
00:45:58 - removing file tmp_5f/mbert_fren_dev_4_12.txt
00:45:58 - removing file tmp_5f/mbert_fren_dev_8_12.txt
00:45:58 - process[0]: training epoch 13 ...
00:46:10 - process[0] - epoch 13 - train iter 207 - 15552.1 words/s - loss: 0.4332
00:46:10 - process[0]: evaluating epoch 13 on dev ...
00:46:51 - dev set during evaluation: 15480/15477
00:46:51 - process[0] - dev - epoch 13 - mAP: 0.297 w/ 35 queries
00:46:51 - removing file tmp_5f/mbert_fren_dev_1_13.txt
00:46:51 - removing file tmp_5f/mbert_fren_dev_4_13.txt
00:46:51 - removing file tmp_5f/mbert_fren_dev_7_13.txt
00:46:51 - removing file tmp_5f/mbert_fren_dev_9_13.txt
00:46:51 - removing file tmp_5f/mbert_fren_dev_2_13.txt
00:46:51 - removing file tmp_5f/mbert_fren_dev_8_13.txt
00:46:51 - removing file tmp_5f/mbert_fren_dev_0_13.txt
00:46:51 - removing file tmp_5f/mbert_fren_dev_5_13.txt
00:46:51 - removing file tmp_5f/mbert_fren_dev_6_13.txt
00:46:51 - removing file tmp_5f/mbert_fren_dev_3_13.txt
00:46:51 - process[0]: training epoch 14 ...
00:47:02 - process[0] - epoch 14 - train iter 207 - 16931.1 words/s - loss: 0.4115
00:47:02 - process[0]: evaluating epoch 14 on dev ...
00:47:44 - dev set during evaluation: 15480/15477
00:47:44 - process[0] - dev - epoch 14 - mAP: 0.312 w/ 35 queries
00:47:44 - removing file tmp_5f/mbert_fren_dev_0_14.txt
00:47:44 - removing file tmp_5f/mbert_fren_dev_8_14.txt
00:47:44 - removing file tmp_5f/mbert_fren_dev_4_14.txt
00:47:44 - removing file tmp_5f/mbert_fren_dev_9_14.txt
00:47:44 - removing file tmp_5f/mbert_fren_dev_6_14.txt
00:47:44 - removing file tmp_5f/mbert_fren_dev_3_14.txt
00:47:44 - removing file tmp_5f/mbert_fren_dev_2_14.txt
00:47:44 - removing file tmp_5f/mbert_fren_dev_7_14.txt
00:47:44 - removing file tmp_5f/mbert_fren_dev_1_14.txt
00:47:44 - removing file tmp_5f/mbert_fren_dev_5_14.txt
00:47:44 - process[0]: training epoch 15 ...
00:47:56 - process[0] - epoch 15 - train iter 207 - 17443.0 words/s - loss: 0.3867
00:47:56 - process[0]: evaluating epoch 15 on dev ...
00:48:37 - dev set during evaluation: 15480/15477
00:48:37 - process[0] - dev - epoch 15 - mAP: 0.333 w/ 35 queries
00:48:37 - removing file tmp_5f/mbert_fren_dev_6_15.txt
00:48:37 - removing file tmp_5f/mbert_fren_dev_9_15.txt
00:48:37 - removing file tmp_5f/mbert_fren_dev_0_15.txt
00:48:37 - removing file tmp_5f/mbert_fren_dev_1_15.txt
00:48:37 - removing file tmp_5f/mbert_fren_dev_3_15.txt
00:48:37 - removing file tmp_5f/mbert_fren_dev_7_15.txt
00:48:37 - removing file tmp_5f/mbert_fren_dev_4_15.txt
00:48:37 - removing file tmp_5f/mbert_fren_dev_5_15.txt
00:48:37 - removing file tmp_5f/mbert_fren_dev_8_15.txt
00:48:37 - removing file tmp_5f/mbert_fren_dev_2_15.txt
00:48:37 - process[0]: training epoch 16 ...
00:48:47 - process[0] - epoch 16 - train iter 207 - 18292.2 words/s - loss: 0.3640
00:48:47 - process[0]: evaluating epoch 16 on dev ...
00:49:32 - dev set during evaluation: 15480/15477
00:49:32 - process[0] - dev - epoch 16 - mAP: 0.295 w/ 35 queries
00:49:32 - removing file tmp_5f/mbert_fren_dev_8_16.txt
00:49:32 - removing file tmp_5f/mbert_fren_dev_4_16.txt
00:49:32 - removing file tmp_5f/mbert_fren_dev_3_16.txt
00:49:32 - removing file tmp_5f/mbert_fren_dev_2_16.txt
00:49:32 - removing file tmp_5f/mbert_fren_dev_5_16.txt
00:49:32 - removing file tmp_5f/mbert_fren_dev_9_16.txt
00:49:32 - removing file tmp_5f/mbert_fren_dev_7_16.txt
00:49:32 - removing file tmp_5f/mbert_fren_dev_0_16.txt
00:49:32 - removing file tmp_5f/mbert_fren_dev_6_16.txt
00:49:32 - removing file tmp_5f/mbert_fren_dev_1_16.txt
00:49:32 - process[0]: training epoch 17 ...
00:49:43 - process[0] - epoch 17 - train iter 207 - 16373.5 words/s - loss: 0.3473
00:49:43 - process[0]: evaluating epoch 17 on dev ...
00:50:26 - dev set during evaluation: 15480/15477
00:50:26 - process[0] - dev - epoch 17 - mAP: 0.405 w/ 35 queries
00:50:26 - removing file tmp_5f/mbert_fren_dev_7_17.txt
00:50:26 - removing file tmp_5f/mbert_fren_dev_6_17.txt
00:50:26 - removing file tmp_5f/mbert_fren_dev_9_17.txt
00:50:26 - removing file tmp_5f/mbert_fren_dev_3_17.txt
00:50:26 - removing file tmp_5f/mbert_fren_dev_1_17.txt
00:50:26 - removing file tmp_5f/mbert_fren_dev_0_17.txt
00:50:26 - removing file tmp_5f/mbert_fren_dev_2_17.txt
00:50:26 - removing file tmp_5f/mbert_fren_dev_5_17.txt
00:50:26 - removing file tmp_5f/mbert_fren_dev_8_17.txt
00:50:26 - removing file tmp_5f/mbert_fren_dev_4_17.txt
00:50:26 - process[0]: evaluating epoch 17 on test ...
00:51:08 - test set during evaluation: 14470/14463
00:51:08 - process[0] - test - epoch 17 - mAP: 0.376 w/ 35 queries
00:51:08 - removing file tmp_5f/mbert_fren_test_4_17.txt
00:51:08 - removing file tmp_5f/mbert_fren_test_2_17.txt
00:51:08 - removing file tmp_5f/mbert_fren_test_9_17.txt
00:51:08 - removing file tmp_5f/mbert_fren_test_6_17.txt
00:51:08 - removing file tmp_5f/mbert_fren_test_1_17.txt
00:51:08 - removing file tmp_5f/mbert_fren_test_5_17.txt
00:51:08 - removing file tmp_5f/mbert_fren_test_3_17.txt
00:51:08 - removing file tmp_5f/mbert_fren_test_0_17.txt
00:51:08 - removing file tmp_5f/mbert_fren_test_7_17.txt
00:51:08 - removing file tmp_5f/mbert_fren_test_8_17.txt
00:51:08 - process[0]: training epoch 18 ...
00:51:20 - process[0] - epoch 18 - train iter 207 - 16630.8 words/s - loss: 0.3515
00:51:20 - process[0]: evaluating epoch 18 on dev ...
00:52:03 - dev set during evaluation: 15480/15477
00:52:03 - process[0] - dev - epoch 18 - mAP: 0.402 w/ 35 queries
00:52:03 - removing file tmp_5f/mbert_fren_dev_7_18.txt
00:52:03 - removing file tmp_5f/mbert_fren_dev_5_18.txt
00:52:03 - removing file tmp_5f/mbert_fren_dev_8_18.txt
00:52:03 - removing file tmp_5f/mbert_fren_dev_9_18.txt
00:52:03 - removing file tmp_5f/mbert_fren_dev_1_18.txt
00:52:03 - removing file tmp_5f/mbert_fren_dev_6_18.txt
00:52:03 - removing file tmp_5f/mbert_fren_dev_4_18.txt
00:52:03 - removing file tmp_5f/mbert_fren_dev_2_18.txt
00:52:03 - removing file tmp_5f/mbert_fren_dev_0_18.txt
00:52:03 - removing file tmp_5f/mbert_fren_dev_3_18.txt
00:52:03 - process[0]: training epoch 19 ...
00:52:14 - process[0] - epoch 19 - train iter 207 - 17215.0 words/s - loss: 0.3806
00:52:14 - process[0]: evaluating epoch 19 on dev ...
00:52:56 - dev set during evaluation: 15480/15477
00:52:56 - process[0] - dev - epoch 19 - mAP: 0.387 w/ 35 queries
00:52:56 - removing file tmp_5f/mbert_fren_dev_6_19.txt
00:52:56 - removing file tmp_5f/mbert_fren_dev_1_19.txt
00:52:56 - removing file tmp_5f/mbert_fren_dev_2_19.txt
00:52:56 - removing file tmp_5f/mbert_fren_dev_3_19.txt
00:52:56 - removing file tmp_5f/mbert_fren_dev_5_19.txt
00:52:56 - removing file tmp_5f/mbert_fren_dev_7_19.txt
00:52:56 - removing file tmp_5f/mbert_fren_dev_4_19.txt
00:52:56 - removing file tmp_5f/mbert_fren_dev_0_19.txt
00:52:56 - removing file tmp_5f/mbert_fren_dev_9_19.txt
00:52:56 - removing file tmp_5f/mbert_fren_dev_8_19.txt
00:52:56 - [fold 4] best test MAP: 0.376 @ epoch 17
00:52:56 - Evaluating every 1 epochs ...
00:52:56 - reading data from /mnt/home/puxuan/CLIR-project/Evaluation_data/process-clef/uncased
00:52:57 - test has 35 queries ...
00:52:57 - Data reading done ...
00:52:59 - adding 9-th encoder to optimizer...
00:52:59 - adding 10-th encoder to optimizer...
00:52:59 - adding 11-th encoder to optimizer...
00:52:59 - process[0]: training epoch 0 ...
00:53:10 - process[0] - epoch 0 - train iter 195 - 16544.5 words/s - loss: 0.6780
00:53:10 - process[0]: training epoch 1 ...
00:53:21 - process[0] - epoch 1 - train iter 195 - 15327.4 words/s - loss: 0.5505
00:53:21 - process[0]: training epoch 2 ...
00:53:33 - process[0] - epoch 2 - train iter 195 - 15491.5 words/s - loss: 0.5141
00:53:33 - process[0]: training epoch 3 ...
00:53:44 - process[0] - epoch 3 - train iter 195 - 15561.6 words/s - loss: 0.5579
00:53:44 - process[0]: training epoch 4 ...
00:53:56 - process[0] - epoch 4 - train iter 195 - 14384.5 words/s - loss: 0.4610
00:53:56 - process[0]: training epoch 5 ...
00:54:07 - process[0] - epoch 5 - train iter 195 - 16927.7 words/s - loss: 0.4447
00:54:07 - process[0]: training epoch 6 ...
00:54:17 - process[0] - epoch 6 - train iter 195 - 16335.0 words/s - loss: 0.4367
00:54:17 - process[0]: training epoch 7 ...
00:54:29 - process[0] - epoch 7 - train iter 195 - 14432.7 words/s - loss: 0.4483
00:54:29 - process[0]: training epoch 8 ...
00:54:40 - process[0] - epoch 8 - train iter 195 - 16138.6 words/s - loss: 0.3968
00:54:40 - process[0]: training epoch 9 ...
00:54:52 - process[0] - epoch 9 - train iter 195 - 15047.2 words/s - loss: 0.4309
00:54:52 - process[0]: training epoch 10 ...
00:55:03 - process[0] - epoch 10 - train iter 195 - 15634.4 words/s - loss: 0.4375
00:55:03 - process[0]: evaluating epoch 10 on dev ...
00:55:44 - dev set during evaluation: 14470/14463
00:55:44 - process[0] - dev - epoch 10 - mAP: 0.386 w/ 35 queries
00:55:44 - removing file tmp_5f/mbert_fren_dev_4_10.txt
00:55:44 - removing file tmp_5f/mbert_fren_dev_1_10.txt
00:55:44 - removing file tmp_5f/mbert_fren_dev_8_10.txt
00:55:44 - removing file tmp_5f/mbert_fren_dev_9_10.txt
00:55:44 - removing file tmp_5f/mbert_fren_dev_5_10.txt
00:55:44 - removing file tmp_5f/mbert_fren_dev_0_10.txt
00:55:44 - removing file tmp_5f/mbert_fren_dev_2_10.txt
00:55:44 - removing file tmp_5f/mbert_fren_dev_7_10.txt
00:55:44 - removing file tmp_5f/mbert_fren_dev_6_10.txt
00:55:44 - removing file tmp_5f/mbert_fren_dev_3_10.txt
00:55:44 - process[0]: evaluating epoch 10 on test ...
00:56:29 - test set during evaluation: 14160/14157
00:56:29 - process[0] - test - epoch 10 - mAP: 0.469 w/ 35 queries
00:56:29 - removing file tmp_5f/mbert_fren_test_6_10.txt
00:56:29 - removing file tmp_5f/mbert_fren_test_7_10.txt
00:56:29 - removing file tmp_5f/mbert_fren_test_9_10.txt
00:56:29 - removing file tmp_5f/mbert_fren_test_3_10.txt
00:56:29 - removing file tmp_5f/mbert_fren_test_4_10.txt
00:56:29 - removing file tmp_5f/mbert_fren_test_2_10.txt
00:56:29 - removing file tmp_5f/mbert_fren_test_1_10.txt
00:56:29 - removing file tmp_5f/mbert_fren_test_8_10.txt
00:56:29 - removing file tmp_5f/mbert_fren_test_0_10.txt
00:56:29 - removing file tmp_5f/mbert_fren_test_5_10.txt
00:56:29 - process[0]: training epoch 11 ...
00:56:40 - process[0] - epoch 11 - train iter 195 - 16194.8 words/s - loss: 0.4590
00:56:40 - process[0]: evaluating epoch 11 on dev ...
00:57:24 - dev set during evaluation: 14470/14463
00:57:24 - process[0] - dev - epoch 11 - mAP: 0.363 w/ 35 queries
00:57:24 - removing file tmp_5f/mbert_fren_dev_0_11.txt
00:57:24 - removing file tmp_5f/mbert_fren_dev_7_11.txt
00:57:24 - removing file tmp_5f/mbert_fren_dev_6_11.txt
00:57:24 - removing file tmp_5f/mbert_fren_dev_5_11.txt
00:57:24 - removing file tmp_5f/mbert_fren_dev_9_11.txt
00:57:24 - removing file tmp_5f/mbert_fren_dev_8_11.txt
00:57:24 - removing file tmp_5f/mbert_fren_dev_4_11.txt
00:57:24 - removing file tmp_5f/mbert_fren_dev_2_11.txt
00:57:24 - removing file tmp_5f/mbert_fren_dev_3_11.txt
00:57:24 - removing file tmp_5f/mbert_fren_dev_1_11.txt
00:57:24 - process[0]: training epoch 12 ...
00:57:36 - process[0] - epoch 12 - train iter 195 - 15158.2 words/s - loss: 0.4160
00:57:36 - process[0]: evaluating epoch 12 on dev ...
00:58:18 - dev set during evaluation: 14470/14463
00:58:18 - process[0] - dev - epoch 12 - mAP: 0.357 w/ 35 queries
00:58:18 - removing file tmp_5f/mbert_fren_dev_3_12.txt
00:58:18 - removing file tmp_5f/mbert_fren_dev_0_12.txt
00:58:18 - removing file tmp_5f/mbert_fren_dev_6_12.txt
00:58:18 - removing file tmp_5f/mbert_fren_dev_9_12.txt
00:58:18 - removing file tmp_5f/mbert_fren_dev_7_12.txt
00:58:18 - removing file tmp_5f/mbert_fren_dev_5_12.txt
00:58:18 - removing file tmp_5f/mbert_fren_dev_1_12.txt
00:58:18 - removing file tmp_5f/mbert_fren_dev_2_12.txt
00:58:18 - removing file tmp_5f/mbert_fren_dev_4_12.txt
00:58:18 - removing file tmp_5f/mbert_fren_dev_8_12.txt
00:58:18 - process[0]: training epoch 13 ...
00:58:30 - process[0] - epoch 13 - train iter 195 - 15413.2 words/s - loss: 0.3370
00:58:30 - process[0]: evaluating epoch 13 on dev ...
00:59:11 - dev set during evaluation: 14470/14463
00:59:11 - process[0] - dev - epoch 13 - mAP: 0.383 w/ 35 queries
00:59:11 - removing file tmp_5f/mbert_fren_dev_1_13.txt
00:59:11 - removing file tmp_5f/mbert_fren_dev_4_13.txt
00:59:11 - removing file tmp_5f/mbert_fren_dev_7_13.txt
00:59:11 - removing file tmp_5f/mbert_fren_dev_9_13.txt
00:59:11 - removing file tmp_5f/mbert_fren_dev_2_13.txt
00:59:11 - removing file tmp_5f/mbert_fren_dev_8_13.txt
00:59:11 - removing file tmp_5f/mbert_fren_dev_0_13.txt
00:59:11 - removing file tmp_5f/mbert_fren_dev_5_13.txt
00:59:11 - removing file tmp_5f/mbert_fren_dev_6_13.txt
00:59:11 - removing file tmp_5f/mbert_fren_dev_3_13.txt
00:59:11 - process[0]: training epoch 14 ...
00:59:22 - process[0] - epoch 14 - train iter 195 - 16371.0 words/s - loss: 0.3311
00:59:22 - process[0]: evaluating epoch 14 on dev ...
01:00:05 - dev set during evaluation: 14470/14463
01:00:05 - process[0] - dev - epoch 14 - mAP: 0.375 w/ 35 queries
01:00:05 - removing file tmp_5f/mbert_fren_dev_0_14.txt
01:00:05 - removing file tmp_5f/mbert_fren_dev_8_14.txt
01:00:05 - removing file tmp_5f/mbert_fren_dev_4_14.txt
01:00:05 - removing file tmp_5f/mbert_fren_dev_9_14.txt
01:00:05 - removing file tmp_5f/mbert_fren_dev_6_14.txt
01:00:05 - removing file tmp_5f/mbert_fren_dev_3_14.txt
01:00:05 - removing file tmp_5f/mbert_fren_dev_2_14.txt
01:00:05 - removing file tmp_5f/mbert_fren_dev_7_14.txt
01:00:05 - removing file tmp_5f/mbert_fren_dev_1_14.txt
01:00:05 - removing file tmp_5f/mbert_fren_dev_5_14.txt
01:00:05 - process[0]: training epoch 15 ...
01:00:17 - process[0] - epoch 15 - train iter 195 - 15596.4 words/s - loss: 0.3703
01:00:17 - process[0]: evaluating epoch 15 on dev ...
01:01:01 - dev set during evaluation: 14470/14463
01:01:01 - process[0] - dev - epoch 15 - mAP: 0.416 w/ 35 queries
01:01:01 - removing file tmp_5f/mbert_fren_dev_6_15.txt
01:01:01 - removing file tmp_5f/mbert_fren_dev_9_15.txt
01:01:01 - removing file tmp_5f/mbert_fren_dev_0_15.txt
01:01:01 - removing file tmp_5f/mbert_fren_dev_1_15.txt
01:01:01 - removing file tmp_5f/mbert_fren_dev_3_15.txt
01:01:01 - removing file tmp_5f/mbert_fren_dev_7_15.txt
01:01:01 - removing file tmp_5f/mbert_fren_dev_4_15.txt
01:01:01 - removing file tmp_5f/mbert_fren_dev_5_15.txt
01:01:01 - removing file tmp_5f/mbert_fren_dev_8_15.txt
01:01:01 - removing file tmp_5f/mbert_fren_dev_2_15.txt
01:01:01 - process[0]: evaluating epoch 15 on test ...
01:01:48 - test set during evaluation: 14160/14157
01:01:48 - process[0] - test - epoch 15 - mAP: 0.443 w/ 35 queries
01:01:48 - removing file tmp_5f/mbert_fren_test_5_15.txt
01:01:48 - removing file tmp_5f/mbert_fren_test_3_15.txt
01:01:48 - removing file tmp_5f/mbert_fren_test_1_15.txt
01:01:48 - removing file tmp_5f/mbert_fren_test_9_15.txt
01:01:48 - removing file tmp_5f/mbert_fren_test_0_15.txt
01:01:48 - removing file tmp_5f/mbert_fren_test_7_15.txt
01:01:48 - removing file tmp_5f/mbert_fren_test_8_15.txt
01:01:48 - removing file tmp_5f/mbert_fren_test_2_15.txt
01:01:48 - removing file tmp_5f/mbert_fren_test_4_15.txt
01:01:48 - removing file tmp_5f/mbert_fren_test_6_15.txt
01:01:48 - process[0]: training epoch 16 ...
01:01:59 - process[0] - epoch 16 - train iter 195 - 16037.8 words/s - loss: 0.3594
01:01:59 - process[0]: evaluating epoch 16 on dev ...
01:02:42 - dev set during evaluation: 14470/14463
01:02:42 - process[0] - dev - epoch 16 - mAP: 0.391 w/ 35 queries
01:02:42 - removing file tmp_5f/mbert_fren_dev_8_16.txt
01:02:42 - removing file tmp_5f/mbert_fren_dev_4_16.txt
01:02:42 - removing file tmp_5f/mbert_fren_dev_3_16.txt
01:02:42 - removing file tmp_5f/mbert_fren_dev_2_16.txt
01:02:42 - removing file tmp_5f/mbert_fren_dev_5_16.txt
01:02:42 - removing file tmp_5f/mbert_fren_dev_9_16.txt
01:02:42 - removing file tmp_5f/mbert_fren_dev_7_16.txt
01:02:42 - removing file tmp_5f/mbert_fren_dev_0_16.txt
01:02:42 - removing file tmp_5f/mbert_fren_dev_6_16.txt
01:02:42 - removing file tmp_5f/mbert_fren_dev_1_16.txt
01:02:42 - process[0]: training epoch 17 ...
01:02:53 - process[0] - epoch 17 - train iter 195 - 15473.4 words/s - loss: 0.3653
01:02:53 - process[0]: evaluating epoch 17 on dev ...
01:03:36 - dev set during evaluation: 14470/14463
01:03:36 - process[0] - dev - epoch 17 - mAP: 0.388 w/ 35 queries
01:03:36 - removing file tmp_5f/mbert_fren_dev_7_17.txt
01:03:36 - removing file tmp_5f/mbert_fren_dev_6_17.txt
01:03:36 - removing file tmp_5f/mbert_fren_dev_9_17.txt
01:03:36 - removing file tmp_5f/mbert_fren_dev_3_17.txt
01:03:36 - removing file tmp_5f/mbert_fren_dev_1_17.txt
01:03:36 - removing file tmp_5f/mbert_fren_dev_0_17.txt
01:03:36 - removing file tmp_5f/mbert_fren_dev_2_17.txt
01:03:36 - removing file tmp_5f/mbert_fren_dev_5_17.txt
01:03:36 - removing file tmp_5f/mbert_fren_dev_8_17.txt
01:03:36 - removing file tmp_5f/mbert_fren_dev_4_17.txt
01:03:36 - process[0]: training epoch 18 ...
01:03:47 - process[0] - epoch 18 - train iter 195 - 16072.6 words/s - loss: 0.3992
01:03:47 - process[0]: evaluating epoch 18 on dev ...
01:04:29 - dev set during evaluation: 14470/14463
01:04:29 - process[0] - dev - epoch 18 - mAP: 0.376 w/ 35 queries
01:04:29 - removing file tmp_5f/mbert_fren_dev_7_18.txt
01:04:29 - removing file tmp_5f/mbert_fren_dev_5_18.txt
01:04:29 - removing file tmp_5f/mbert_fren_dev_8_18.txt
01:04:29 - removing file tmp_5f/mbert_fren_dev_9_18.txt
01:04:29 - removing file tmp_5f/mbert_fren_dev_1_18.txt
01:04:29 - removing file tmp_5f/mbert_fren_dev_6_18.txt
01:04:29 - removing file tmp_5f/mbert_fren_dev_4_18.txt
01:04:29 - removing file tmp_5f/mbert_fren_dev_2_18.txt
01:04:29 - removing file tmp_5f/mbert_fren_dev_0_18.txt
01:04:29 - removing file tmp_5f/mbert_fren_dev_3_18.txt
01:04:29 - process[0]: training epoch 19 ...
01:04:39 - process[0] - epoch 19 - train iter 195 - 17019.0 words/s - loss: 0.3326
01:04:39 - process[0]: evaluating epoch 19 on dev ...
01:05:22 - dev set during evaluation: 14470/14463
01:05:22 - process[0] - dev - epoch 19 - mAP: 0.413 w/ 35 queries
01:05:22 - removing file tmp_5f/mbert_fren_dev_6_19.txt
01:05:22 - removing file tmp_5f/mbert_fren_dev_1_19.txt
01:05:22 - removing file tmp_5f/mbert_fren_dev_2_19.txt
01:05:22 - removing file tmp_5f/mbert_fren_dev_3_19.txt
01:05:22 - removing file tmp_5f/mbert_fren_dev_5_19.txt
01:05:22 - removing file tmp_5f/mbert_fren_dev_7_19.txt
01:05:22 - removing file tmp_5f/mbert_fren_dev_4_19.txt
01:05:22 - removing file tmp_5f/mbert_fren_dev_0_19.txt
01:05:22 - removing file tmp_5f/mbert_fren_dev_9_19.txt
01:05:22 - removing file tmp_5f/mbert_fren_dev_8_19.txt
01:05:22 - [fold 5] best test MAP: 0.443 @ epoch 15
01:05:22 - [0.408352087854703, 0.4729597138505681, 0.34064232485349255, 0.3755994054778427, 0.4433766390434474]
01:05:22 - [35, 36, 35, 35, 35]
01:05:22 - final MAP: 0.409
