00:00:06 - Namespace(apex_level='O2', batch_size=8, cased=False, dataset='clef', debug=False, encoder_lr=2e-05, eval_step=1, full_doc_length=True, local_rank=2, model_path='/mnt/scratch/puxuan/short_qlm_0.45/2186793/huggingface-19', model_type='mbert', num_epochs=20, num_ft_encoders=3, num_neg=1, projector_lr=2e-05, seed=611, source_lang='es', target_lang='de')
00:00:14 - Evaluating every 1 epochs ...
00:00:14 - reading data from /mnt/home/puxuan/CLIR-project/Evaluation_data/process-clef/uncased
00:00:15 - test has 38 queries ...
00:00:15 - Data reading done ...
00:00:21 - adding 9-th encoder to optimizer...
00:00:21 - adding 10-th encoder to optimizer...
00:00:21 - adding 11-th encoder to optimizer...
00:00:22 - process[2]: training epoch 0 ...
00:00:39 - process[2] - epoch 0 - train iter 423 - 19471.5 words/s - loss: 0.6148
00:00:39 - process[2]: training epoch 1 ...
00:00:54 - process[2] - epoch 1 - train iter 423 - 21406.5 words/s - loss: 0.5329
00:00:54 - process[2]: training epoch 2 ...
00:01:10 - process[2] - epoch 2 - train iter 423 - 21015.8 words/s - loss: 0.4984
00:01:10 - process[2]: training epoch 3 ...
00:01:28 - process[2] - epoch 3 - train iter 423 - 19665.2 words/s - loss: 0.4752
00:01:28 - process[2]: training epoch 4 ...
00:01:44 - process[2] - epoch 4 - train iter 423 - 20691.1 words/s - loss: 0.4649
00:01:44 - process[2]: training epoch 5 ...
00:02:00 - process[2] - epoch 5 - train iter 423 - 20584.7 words/s - loss: 0.4602
00:02:00 - process[2]: training epoch 6 ...
00:02:16 - process[2] - epoch 6 - train iter 423 - 21674.4 words/s - loss: 0.4625
00:02:16 - process[2]: training epoch 7 ...
00:02:31 - process[2] - epoch 7 - train iter 423 - 21629.0 words/s - loss: 0.4597
00:02:31 - process[2]: training epoch 8 ...
00:02:47 - process[2] - epoch 8 - train iter 423 - 20836.7 words/s - loss: 0.4238
00:02:47 - process[2]: training epoch 9 ...
00:03:04 - process[2] - epoch 9 - train iter 423 - 20428.9 words/s - loss: 0.4172
00:03:04 - process[2]: training epoch 10 ...
00:03:19 - process[2] - epoch 10 - train iter 423 - 21211.1 words/s - loss: 0.4057
00:03:19 - process[2]: evaluating epoch 10 on dev ...
00:03:52 - dev set during evaluation: 13890/13887
00:03:52 - process[2] - dev - epoch 10 - mAP: 0.497 w/ 38 queries
00:03:52 - process[2]: evaluating epoch 10 on test ...
00:04:22 - test set during evaluation: 15580/15574
00:04:22 - process[2] - test - epoch 10 - mAP: 0.435 w/ 38 queries
00:04:22 - process[2]: training epoch 11 ...
00:04:37 - process[2] - epoch 11 - train iter 423 - 21680.0 words/s - loss: 0.4570
00:04:37 - process[2]: evaluating epoch 11 on dev ...
00:05:07 - dev set during evaluation: 13890/13887
00:05:07 - process[2] - dev - epoch 11 - mAP: 0.517 w/ 38 queries
00:05:07 - process[2]: evaluating epoch 11 on test ...
00:05:37 - test set during evaluation: 15580/15574
00:05:37 - process[2] - test - epoch 11 - mAP: 0.415 w/ 38 queries
00:05:37 - process[2]: training epoch 12 ...
00:05:53 - process[2] - epoch 12 - train iter 423 - 20621.7 words/s - loss: 0.4041
00:05:53 - process[2]: evaluating epoch 12 on dev ...
00:06:22 - dev set during evaluation: 13890/13887
00:06:22 - process[2] - dev - epoch 12 - mAP: 0.523 w/ 38 queries
00:06:22 - process[2]: evaluating epoch 12 on test ...
00:06:52 - test set during evaluation: 15580/15574
00:06:52 - process[2] - test - epoch 12 - mAP: 0.411 w/ 38 queries
00:06:52 - process[2]: training epoch 13 ...
00:07:08 - process[2] - epoch 13 - train iter 423 - 20753.3 words/s - loss: 0.4300
00:07:08 - process[2]: evaluating epoch 13 on dev ...
00:07:38 - dev set during evaluation: 13890/13887
00:07:38 - process[2] - dev - epoch 13 - mAP: 0.515 w/ 38 queries
00:07:38 - process[2]: training epoch 14 ...
00:07:54 - process[2] - epoch 14 - train iter 423 - 20648.9 words/s - loss: 0.3657
00:07:54 - process[2]: evaluating epoch 14 on dev ...
00:08:23 - dev set during evaluation: 13890/13887
00:08:23 - process[2] - dev - epoch 14 - mAP: 0.529 w/ 38 queries
00:08:23 - process[2]: evaluating epoch 14 on test ...
00:08:53 - test set during evaluation: 15580/15574
00:08:53 - process[2] - test - epoch 14 - mAP: 0.436 w/ 38 queries
00:08:53 - process[2]: training epoch 15 ...
00:09:10 - process[2] - epoch 15 - train iter 423 - 19857.1 words/s - loss: 0.4039
00:09:10 - process[2]: evaluating epoch 15 on dev ...
00:09:39 - dev set during evaluation: 13890/13887
00:09:39 - process[2] - dev - epoch 15 - mAP: 0.492 w/ 38 queries
00:09:39 - process[2]: training epoch 16 ...
00:09:56 - process[2] - epoch 16 - train iter 423 - 19993.4 words/s - loss: 0.3993
00:09:56 - process[2]: evaluating epoch 16 on dev ...
00:10:24 - dev set during evaluation: 13890/13887
00:10:24 - process[2] - dev - epoch 16 - mAP: 0.508 w/ 38 queries
00:10:24 - process[2]: training epoch 17 ...
00:10:39 - process[2] - epoch 17 - train iter 423 - 21460.9 words/s - loss: 0.3481
00:10:39 - process[2]: evaluating epoch 17 on dev ...
00:11:09 - dev set during evaluation: 13890/13887
00:11:09 - process[2] - dev - epoch 17 - mAP: 0.526 w/ 38 queries
00:11:09 - process[2]: training epoch 18 ...
00:11:23 - process[2] - epoch 18 - train iter 423 - 22394.1 words/s - loss: 0.3580
00:11:23 - process[2]: evaluating epoch 18 on dev ...
00:11:53 - dev set during evaluation: 13890/13887
00:11:53 - process[2] - dev - epoch 18 - mAP: 0.512 w/ 38 queries
00:11:54 - process[2]: training epoch 19 ...
00:12:10 - process[2] - epoch 19 - train iter 423 - 19824.0 words/s - loss: 0.3777
00:12:10 - process[2]: evaluating epoch 19 on dev ...
00:12:38 - dev set during evaluation: 13890/13887
00:12:38 - process[2] - dev - epoch 19 - mAP: 0.500 w/ 38 queries
00:12:38 - [fold 1] best test MAP: 0.436 @ epoch 14
00:12:38 - Evaluating every 1 epochs ...
00:12:38 - reading data from /mnt/home/puxuan/CLIR-project/Evaluation_data/process-clef/uncased
00:12:39 - test has 39 queries ...
00:12:39 - Data reading done ...
00:12:41 - adding 9-th encoder to optimizer...
00:12:41 - adding 10-th encoder to optimizer...
00:12:41 - adding 11-th encoder to optimizer...
00:12:41 - process[2]: training epoch 0 ...
00:12:58 - process[2] - epoch 0 - train iter 386 - 18130.0 words/s - loss: 0.6180
00:12:58 - process[2]: training epoch 1 ...
00:13:17 - process[2] - epoch 1 - train iter 386 - 16634.7 words/s - loss: 0.5268
00:13:17 - process[2]: training epoch 2 ...
00:13:35 - process[2] - epoch 2 - train iter 386 - 16481.0 words/s - loss: 0.4837
00:13:35 - process[2]: training epoch 3 ...
00:13:52 - process[2] - epoch 3 - train iter 386 - 17824.0 words/s - loss: 0.4839
00:13:52 - process[2]: training epoch 4 ...
00:14:11 - process[2] - epoch 4 - train iter 386 - 16406.8 words/s - loss: 0.4884
00:14:11 - process[2]: training epoch 5 ...
00:14:29 - process[2] - epoch 5 - train iter 386 - 17090.9 words/s - loss: 0.4255
00:14:29 - process[2]: training epoch 6 ...
00:14:48 - process[2] - epoch 6 - train iter 386 - 15900.9 words/s - loss: 0.4478
00:14:48 - process[2]: training epoch 7 ...
00:15:05 - process[2] - epoch 7 - train iter 386 - 18523.4 words/s - loss: 0.4194
00:15:05 - process[2]: training epoch 8 ...
00:15:22 - process[2] - epoch 8 - train iter 386 - 17396.2 words/s - loss: 0.4457
00:15:22 - process[2]: training epoch 9 ...
00:15:42 - process[2] - epoch 9 - train iter 386 - 14978.8 words/s - loss: 0.4287
00:15:42 - process[2]: training epoch 10 ...
00:16:00 - process[2] - epoch 10 - train iter 386 - 16898.0 words/s - loss: 0.4202
00:16:00 - process[2]: evaluating epoch 10 on dev ...
00:16:35 - dev set during evaluation: 15580/15574
00:16:35 - process[2] - dev - epoch 10 - mAP: 0.443 w/ 38 queries
00:16:35 - process[2]: evaluating epoch 10 on test ...
00:17:08 - test set during evaluation: 14340/14338
00:17:08 - process[2] - test - epoch 10 - mAP: 0.508 w/ 39 queries
00:17:08 - process[2]: training epoch 11 ...
00:17:27 - process[2] - epoch 11 - train iter 386 - 15643.4 words/s - loss: 0.4266
00:17:27 - process[2]: evaluating epoch 11 on dev ...
00:18:03 - dev set during evaluation: 15580/15574
00:18:03 - process[2] - dev - epoch 11 - mAP: 0.431 w/ 38 queries
00:18:03 - process[2]: training epoch 12 ...
00:18:20 - process[2] - epoch 12 - train iter 386 - 17102.8 words/s - loss: 0.4032
00:18:20 - process[2]: evaluating epoch 12 on dev ...
00:19:01 - dev set during evaluation: 15580/15574
00:19:01 - process[2] - dev - epoch 12 - mAP: 0.421 w/ 38 queries
00:19:01 - process[2]: training epoch 13 ...
00:19:21 - process[2] - epoch 13 - train iter 386 - 15925.6 words/s - loss: 0.4075
00:19:21 - process[2]: evaluating epoch 13 on dev ...
00:20:03 - dev set during evaluation: 15580/15574
00:20:03 - process[2] - dev - epoch 13 - mAP: 0.423 w/ 38 queries
00:20:03 - process[2]: training epoch 14 ...
00:20:20 - process[2] - epoch 14 - train iter 386 - 17796.6 words/s - loss: 0.3839
00:20:20 - process[2]: evaluating epoch 14 on dev ...
00:21:04 - dev set during evaluation: 15580/15574
00:21:04 - process[2] - dev - epoch 14 - mAP: 0.408 w/ 38 queries
00:21:04 - process[2]: training epoch 15 ...
00:21:22 - process[2] - epoch 15 - train iter 386 - 16527.5 words/s - loss: 0.4234
00:21:22 - process[2]: evaluating epoch 15 on dev ...
00:21:57 - dev set during evaluation: 15580/15574
00:21:57 - process[2] - dev - epoch 15 - mAP: 0.400 w/ 38 queries
00:21:57 - process[2]: training epoch 16 ...
00:22:16 - process[2] - epoch 16 - train iter 386 - 15901.0 words/s - loss: 0.3680
00:22:16 - process[2]: evaluating epoch 16 on dev ...
00:22:56 - dev set during evaluation: 15580/15574
00:22:56 - process[2] - dev - epoch 16 - mAP: 0.419 w/ 38 queries
00:22:56 - process[2]: training epoch 17 ...
00:23:15 - process[2] - epoch 17 - train iter 386 - 16307.1 words/s - loss: 0.4001
00:23:15 - process[2]: evaluating epoch 17 on dev ...
00:23:49 - dev set during evaluation: 15580/15574
00:23:49 - process[2] - dev - epoch 17 - mAP: 0.409 w/ 38 queries
00:23:49 - process[2]: training epoch 18 ...
00:24:09 - process[2] - epoch 18 - train iter 386 - 15857.3 words/s - loss: 0.3987
00:24:09 - process[2]: evaluating epoch 18 on dev ...
00:24:47 - dev set during evaluation: 15580/15574
00:24:47 - process[2] - dev - epoch 18 - mAP: 0.410 w/ 38 queries
00:24:47 - process[2]: training epoch 19 ...
00:25:05 - process[2] - epoch 19 - train iter 386 - 17403.1 words/s - loss: 0.3603
00:25:05 - process[2]: evaluating epoch 19 on dev ...
00:25:41 - dev set during evaluation: 15580/15574
00:25:41 - process[2] - dev - epoch 19 - mAP: 0.404 w/ 38 queries
00:25:41 - [fold 2] best test MAP: 0.508 @ epoch 10
00:25:41 - Evaluating every 1 epochs ...
00:25:41 - reading data from /mnt/home/puxuan/CLIR-project/Evaluation_data/process-clef/uncased
00:25:42 - test has 39 queries ...
00:25:42 - Data reading done ...
00:25:44 - adding 9-th encoder to optimizer...
00:25:44 - adding 10-th encoder to optimizer...
00:25:44 - adding 11-th encoder to optimizer...
00:25:44 - process[2]: training epoch 0 ...
00:26:01 - process[2] - epoch 0 - train iter 360 - 16535.4 words/s - loss: 0.6219
00:26:01 - process[2]: training epoch 1 ...
00:26:19 - process[2] - epoch 1 - train iter 360 - 16659.3 words/s - loss: 0.5383
00:26:19 - process[2]: training epoch 2 ...
00:26:37 - process[2] - epoch 2 - train iter 360 - 15967.0 words/s - loss: 0.5268
00:26:37 - process[2]: training epoch 3 ...
00:26:54 - process[2] - epoch 3 - train iter 360 - 16301.2 words/s - loss: 0.4791
00:26:54 - process[2]: training epoch 4 ...
00:27:13 - process[2] - epoch 4 - train iter 360 - 15621.9 words/s - loss: 0.4787
00:27:13 - process[2]: training epoch 5 ...
00:27:30 - process[2] - epoch 5 - train iter 360 - 16183.0 words/s - loss: 0.4579
00:27:30 - process[2]: training epoch 6 ...
00:27:50 - process[2] - epoch 6 - train iter 360 - 14182.6 words/s - loss: 0.4420
00:27:50 - process[2]: training epoch 7 ...
00:28:07 - process[2] - epoch 7 - train iter 360 - 17177.8 words/s - loss: 0.4481
00:28:07 - process[2]: training epoch 8 ...
00:28:22 - process[2] - epoch 8 - train iter 360 - 18295.2 words/s - loss: 0.4423
00:28:22 - process[2]: training epoch 9 ...
00:28:39 - process[2] - epoch 9 - train iter 360 - 17393.8 words/s - loss: 0.4171
00:28:39 - process[2]: training epoch 10 ...
00:28:57 - process[2] - epoch 10 - train iter 360 - 16087.4 words/s - loss: 0.4169
00:28:57 - process[2]: evaluating epoch 10 on dev ...
00:29:37 - dev set during evaluation: 14340/14338
00:29:37 - process[2] - dev - epoch 10 - mAP: 0.515 w/ 39 queries
00:29:37 - process[2]: evaluating epoch 10 on test ...
00:30:06 - test set during evaluation: 11710/11707
00:30:06 - process[2] - test - epoch 10 - mAP: 0.534 w/ 39 queries
00:30:06 - process[2]: training epoch 11 ...
00:30:23 - process[2] - epoch 11 - train iter 360 - 16378.1 words/s - loss: 0.4022
00:30:23 - process[2]: evaluating epoch 11 on dev ...
00:30:57 - dev set during evaluation: 14340/14338
00:30:57 - process[2] - dev - epoch 11 - mAP: 0.491 w/ 39 queries
00:30:57 - process[2]: training epoch 12 ...
00:31:14 - process[2] - epoch 12 - train iter 360 - 16216.6 words/s - loss: 0.4087
00:31:14 - process[2]: evaluating epoch 12 on dev ...
00:31:47 - dev set during evaluation: 14340/14338
00:31:47 - process[2] - dev - epoch 12 - mAP: 0.519 w/ 39 queries
00:31:47 - process[2]: evaluating epoch 12 on test ...
00:32:16 - test set during evaluation: 11710/11707
00:32:16 - process[2] - test - epoch 12 - mAP: 0.544 w/ 39 queries
00:32:16 - process[2]: training epoch 13 ...
00:32:34 - process[2] - epoch 13 - train iter 360 - 15589.7 words/s - loss: 0.3671
00:32:34 - process[2]: evaluating epoch 13 on dev ...
00:33:05 - dev set during evaluation: 14340/14338
00:33:05 - process[2] - dev - epoch 13 - mAP: 0.518 w/ 39 queries
00:33:05 - process[2]: training epoch 14 ...
00:33:23 - process[2] - epoch 14 - train iter 360 - 15973.8 words/s - loss: 0.4320
00:33:23 - process[2]: evaluating epoch 14 on dev ...
00:33:55 - dev set during evaluation: 14340/14338
00:33:55 - process[2] - dev - epoch 14 - mAP: 0.515 w/ 39 queries
00:33:55 - process[2]: training epoch 15 ...
00:34:12 - process[2] - epoch 15 - train iter 360 - 16767.3 words/s - loss: 0.4043
00:34:12 - process[2]: evaluating epoch 15 on dev ...
00:34:49 - dev set during evaluation: 14340/14338
00:34:49 - process[2] - dev - epoch 15 - mAP: 0.527 w/ 39 queries
00:34:49 - process[2]: evaluating epoch 15 on test ...
00:35:22 - test set during evaluation: 11710/11707
00:35:22 - process[2] - test - epoch 15 - mAP: 0.534 w/ 39 queries
00:35:22 - process[2]: training epoch 16 ...
00:35:41 - process[2] - epoch 16 - train iter 360 - 15658.9 words/s - loss: 0.3548
00:35:41 - process[2]: evaluating epoch 16 on dev ...
00:36:13 - dev set during evaluation: 14340/14338
00:36:13 - process[2] - dev - epoch 16 - mAP: 0.522 w/ 39 queries
00:36:13 - process[2]: training epoch 17 ...
00:36:30 - process[2] - epoch 17 - train iter 360 - 15873.6 words/s - loss: 0.4113
00:36:30 - process[2]: evaluating epoch 17 on dev ...
00:37:04 - dev set during evaluation: 14340/14338
00:37:04 - process[2] - dev - epoch 17 - mAP: 0.535 w/ 39 queries
00:37:04 - process[2]: evaluating epoch 17 on test ...
00:37:33 - test set during evaluation: 11710/11707
00:37:33 - process[2] - test - epoch 17 - mAP: 0.546 w/ 39 queries
00:37:33 - process[2]: training epoch 18 ...
00:37:50 - process[2] - epoch 18 - train iter 360 - 16645.0 words/s - loss: 0.3452
00:37:50 - process[2]: evaluating epoch 18 on dev ...
00:38:25 - dev set during evaluation: 14340/14338
00:38:25 - process[2] - dev - epoch 18 - mAP: 0.519 w/ 39 queries
00:38:25 - process[2]: training epoch 19 ...
00:38:42 - process[2] - epoch 19 - train iter 360 - 16259.7 words/s - loss: 0.3436
00:38:42 - process[2]: evaluating epoch 19 on dev ...
00:39:16 - dev set during evaluation: 14340/14338
00:39:16 - process[2] - dev - epoch 19 - mAP: 0.519 w/ 39 queries
00:39:16 - [fold 3] best test MAP: 0.546 @ epoch 17
00:39:16 - Evaluating every 1 epochs ...
00:39:16 - reading data from /mnt/home/puxuan/CLIR-project/Evaluation_data/process-clef/uncased
00:39:17 - test has 38 queries ...
00:39:17 - Data reading done ...
00:39:19 - adding 9-th encoder to optimizer...
00:39:19 - adding 10-th encoder to optimizer...
00:39:19 - adding 11-th encoder to optimizer...
00:39:19 - process[2]: training epoch 0 ...
00:39:37 - process[2] - epoch 0 - train iter 404 - 17908.6 words/s - loss: 0.6147
00:39:37 - process[2]: training epoch 1 ...
00:39:55 - process[2] - epoch 1 - train iter 404 - 18159.5 words/s - loss: 0.4840
00:39:55 - process[2]: training epoch 2 ...
00:40:15 - process[2] - epoch 2 - train iter 404 - 16150.0 words/s - loss: 0.5245
00:40:15 - process[2]: training epoch 3 ...
00:40:31 - process[2] - epoch 3 - train iter 404 - 19166.0 words/s - loss: 0.4866
00:40:31 - process[2]: training epoch 4 ...
00:40:50 - process[2] - epoch 4 - train iter 404 - 17313.6 words/s - loss: 0.4603
00:40:50 - process[2]: training epoch 5 ...
00:41:08 - process[2] - epoch 5 - train iter 404 - 17480.3 words/s - loss: 0.4687
00:41:08 - process[2]: training epoch 6 ...
00:41:26 - process[2] - epoch 6 - train iter 404 - 17626.9 words/s - loss: 0.4715
00:41:27 - process[2]: training epoch 7 ...
00:41:45 - process[2] - epoch 7 - train iter 404 - 17281.4 words/s - loss: 0.4145
00:41:45 - process[2]: training epoch 8 ...
00:42:03 - process[2] - epoch 8 - train iter 404 - 18607.2 words/s - loss: 0.4160
00:42:03 - process[2]: training epoch 9 ...
00:42:21 - process[2] - epoch 9 - train iter 404 - 17066.9 words/s - loss: 0.3984
00:42:21 - process[2]: training epoch 10 ...
00:42:39 - process[2] - epoch 10 - train iter 404 - 17775.3 words/s - loss: 0.4386
00:42:39 - process[2]: evaluating epoch 10 on dev ...
00:43:05 - dev set during evaluation: 11710/11707
00:43:05 - process[2] - dev - epoch 10 - mAP: 0.500 w/ 39 queries
00:43:05 - process[2]: evaluating epoch 10 on test ...
00:43:32 - test set during evaluation: 13490/13483
00:43:32 - process[2] - test - epoch 10 - mAP: 0.497 w/ 38 queries
00:43:32 - process[2]: training epoch 11 ...
00:43:51 - process[2] - epoch 11 - train iter 404 - 17477.9 words/s - loss: 0.3909
00:43:51 - process[2]: evaluating epoch 11 on dev ...
00:44:19 - dev set during evaluation: 11710/11707
00:44:19 - process[2] - dev - epoch 11 - mAP: 0.505 w/ 39 queries
00:44:19 - process[2]: evaluating epoch 11 on test ...
00:44:46 - test set during evaluation: 13490/13483
00:44:46 - process[2] - test - epoch 11 - mAP: 0.483 w/ 38 queries
00:44:46 - process[2]: training epoch 12 ...
00:45:04 - process[2] - epoch 12 - train iter 404 - 17774.7 words/s - loss: 0.3653
00:45:04 - process[2]: evaluating epoch 12 on dev ...
00:45:31 - dev set during evaluation: 11710/11707
00:45:31 - process[2] - dev - epoch 12 - mAP: 0.525 w/ 39 queries
00:45:31 - process[2]: evaluating epoch 12 on test ...
00:45:59 - test set during evaluation: 13490/13483
00:45:59 - process[2] - test - epoch 12 - mAP: 0.502 w/ 38 queries
00:45:59 - process[2]: training epoch 13 ...
00:46:16 - process[2] - epoch 13 - train iter 404 - 18447.9 words/s - loss: 0.4014
00:46:16 - process[2]: evaluating epoch 13 on dev ...
00:46:44 - dev set during evaluation: 11710/11707
00:46:44 - process[2] - dev - epoch 13 - mAP: 0.531 w/ 39 queries
00:46:44 - process[2]: evaluating epoch 13 on test ...
00:47:11 - test set during evaluation: 13490/13483
00:47:11 - process[2] - test - epoch 13 - mAP: 0.506 w/ 38 queries
00:47:11 - process[2]: training epoch 14 ...
00:47:29 - process[2] - epoch 14 - train iter 404 - 18064.8 words/s - loss: 0.3690
00:47:29 - process[2]: evaluating epoch 14 on dev ...
00:47:57 - dev set during evaluation: 11710/11707
00:47:57 - process[2] - dev - epoch 14 - mAP: 0.508 w/ 39 queries
00:47:57 - process[2]: training epoch 15 ...
00:48:14 - process[2] - epoch 15 - train iter 404 - 18329.1 words/s - loss: 0.3605
00:48:14 - process[2]: evaluating epoch 15 on dev ...
00:48:42 - dev set during evaluation: 11710/11707
00:48:42 - process[2] - dev - epoch 15 - mAP: 0.512 w/ 39 queries
00:48:42 - process[2]: training epoch 16 ...
00:49:02 - process[2] - epoch 16 - train iter 404 - 16023.0 words/s - loss: 0.3672
00:49:02 - process[2]: evaluating epoch 16 on dev ...
00:49:27 - dev set during evaluation: 11710/11707
00:49:27 - process[2] - dev - epoch 16 - mAP: 0.534 w/ 39 queries
00:49:27 - process[2]: evaluating epoch 16 on test ...
00:49:54 - test set during evaluation: 13490/13483
00:49:54 - process[2] - test - epoch 16 - mAP: 0.517 w/ 38 queries
00:49:54 - process[2]: training epoch 17 ...
00:50:13 - process[2] - epoch 17 - train iter 404 - 17353.9 words/s - loss: 0.3488
00:50:13 - process[2]: evaluating epoch 17 on dev ...
00:50:40 - dev set during evaluation: 11710/11707
00:50:40 - process[2] - dev - epoch 17 - mAP: 0.526 w/ 39 queries
00:50:40 - process[2]: training epoch 18 ...
00:51:01 - process[2] - epoch 18 - train iter 404 - 15566.4 words/s - loss: 0.3430
00:51:01 - process[2]: evaluating epoch 18 on dev ...
00:51:26 - dev set during evaluation: 11710/11707
00:51:26 - process[2] - dev - epoch 18 - mAP: 0.524 w/ 39 queries
00:51:26 - process[2]: training epoch 19 ...
00:51:44 - process[2] - epoch 19 - train iter 404 - 17983.7 words/s - loss: 0.3846
00:51:44 - process[2]: evaluating epoch 19 on dev ...
00:52:10 - dev set during evaluation: 11710/11707
00:52:10 - process[2] - dev - epoch 19 - mAP: 0.523 w/ 39 queries
00:52:10 - [fold 4] best test MAP: 0.517 @ epoch 16
00:52:10 - Evaluating every 1 epochs ...
00:52:10 - reading data from /mnt/home/puxuan/CLIR-project/Evaluation_data/process-clef/uncased
00:52:11 - test has 38 queries ...
00:52:11 - Data reading done ...
00:52:13 - adding 9-th encoder to optimizer...
00:52:13 - adding 10-th encoder to optimizer...
00:52:13 - adding 11-th encoder to optimizer...
00:52:13 - process[2]: training epoch 0 ...
00:52:33 - process[2] - epoch 0 - train iter 444 - 18246.1 words/s - loss: 0.6139
00:52:33 - process[2]: training epoch 1 ...
00:52:52 - process[2] - epoch 1 - train iter 444 - 18389.5 words/s - loss: 0.5425
00:52:52 - process[2]: training epoch 2 ...
00:53:12 - process[2] - epoch 2 - train iter 444 - 17911.4 words/s - loss: 0.5076
00:53:12 - process[2]: training epoch 3 ...
00:53:32 - process[2] - epoch 3 - train iter 444 - 17810.3 words/s - loss: 0.4983
00:53:32 - process[2]: training epoch 4 ...
00:53:50 - process[2] - epoch 4 - train iter 444 - 19063.7 words/s - loss: 0.4721
00:53:50 - process[2]: training epoch 5 ...
00:54:08 - process[2] - epoch 5 - train iter 444 - 19283.1 words/s - loss: 0.4787
00:54:08 - process[2]: training epoch 6 ...
00:54:26 - process[2] - epoch 6 - train iter 444 - 20248.1 words/s - loss: 0.4731
00:54:26 - process[2]: training epoch 7 ...
00:54:44 - process[2] - epoch 7 - train iter 444 - 19605.3 words/s - loss: 0.4160
00:54:44 - process[2]: training epoch 8 ...
00:55:03 - process[2] - epoch 8 - train iter 444 - 18411.5 words/s - loss: 0.4304
00:55:03 - process[2]: training epoch 9 ...
00:55:21 - process[2] - epoch 9 - train iter 444 - 19941.0 words/s - loss: 0.4550
00:55:21 - process[2]: training epoch 10 ...
00:55:40 - process[2] - epoch 10 - train iter 444 - 18492.7 words/s - loss: 0.4315
00:55:40 - process[2]: evaluating epoch 10 on dev ...
00:56:08 - dev set during evaluation: 13490/13483
00:56:08 - process[2] - dev - epoch 10 - mAP: 0.476 w/ 38 queries
00:56:08 - process[2]: evaluating epoch 10 on test ...
00:56:40 - test set during evaluation: 13890/13887
00:56:40 - process[2] - test - epoch 10 - mAP: 0.501 w/ 38 queries
00:56:40 - process[2]: training epoch 11 ...
00:56:59 - process[2] - epoch 11 - train iter 444 - 18516.4 words/s - loss: 0.4227
00:56:59 - process[2]: evaluating epoch 11 on dev ...
00:57:28 - dev set during evaluation: 13490/13483
00:57:28 - process[2] - dev - epoch 11 - mAP: 0.479 w/ 38 queries
00:57:28 - process[2]: evaluating epoch 11 on test ...
00:58:01 - test set during evaluation: 13890/13887
00:58:01 - process[2] - test - epoch 11 - mAP: 0.474 w/ 38 queries
00:58:01 - process[2]: training epoch 12 ...
00:58:20 - process[2] - epoch 12 - train iter 444 - 18842.5 words/s - loss: 0.3979
00:58:20 - process[2]: evaluating epoch 12 on dev ...
00:58:47 - dev set during evaluation: 13490/13483
00:58:47 - process[2] - dev - epoch 12 - mAP: 0.490 w/ 38 queries
00:58:47 - process[2]: evaluating epoch 12 on test ...
00:59:19 - test set during evaluation: 13890/13887
00:59:19 - process[2] - test - epoch 12 - mAP: 0.509 w/ 38 queries
00:59:19 - process[2]: training epoch 13 ...
00:59:37 - process[2] - epoch 13 - train iter 444 - 19933.0 words/s - loss: 0.3696
00:59:37 - process[2]: evaluating epoch 13 on dev ...
01:00:06 - dev set during evaluation: 13490/13483
01:00:06 - process[2] - dev - epoch 13 - mAP: 0.489 w/ 38 queries
01:00:06 - process[2]: training epoch 14 ...
01:00:26 - process[2] - epoch 14 - train iter 444 - 18136.6 words/s - loss: 0.4018
01:00:26 - process[2]: evaluating epoch 14 on dev ...
01:00:54 - dev set during evaluation: 13490/13483
01:00:54 - process[2] - dev - epoch 14 - mAP: 0.508 w/ 38 queries
01:00:54 - process[2]: evaluating epoch 14 on test ...
01:01:26 - test set during evaluation: 13890/13887
01:01:26 - process[2] - test - epoch 14 - mAP: 0.505 w/ 38 queries
01:01:26 - process[2]: training epoch 15 ...
01:01:45 - process[2] - epoch 15 - train iter 444 - 18871.8 words/s - loss: 0.3526
01:01:45 - process[2]: evaluating epoch 15 on dev ...
01:02:13 - dev set during evaluation: 13490/13483
01:02:13 - process[2] - dev - epoch 15 - mAP: 0.492 w/ 38 queries
01:02:13 - process[2]: training epoch 16 ...
01:02:31 - process[2] - epoch 16 - train iter 444 - 18868.4 words/s - loss: 0.3997
01:02:31 - process[2]: evaluating epoch 16 on dev ...
01:03:00 - dev set during evaluation: 13490/13483
01:03:00 - process[2] - dev - epoch 16 - mAP: 0.490 w/ 38 queries
01:03:00 - process[2]: training epoch 17 ...
01:03:19 - process[2] - epoch 17 - train iter 444 - 19629.5 words/s - loss: 0.3774
01:03:19 - process[2]: evaluating epoch 17 on dev ...
01:03:48 - dev set during evaluation: 13490/13483
01:03:48 - process[2] - dev - epoch 17 - mAP: 0.520 w/ 38 queries
01:03:48 - process[2]: evaluating epoch 17 on test ...
01:04:21 - test set during evaluation: 13890/13887
01:04:21 - process[2] - test - epoch 17 - mAP: 0.523 w/ 38 queries
01:04:21 - process[2]: training epoch 18 ...
01:04:39 - process[2] - epoch 18 - train iter 444 - 19334.4 words/s - loss: 0.3673
01:04:39 - process[2]: evaluating epoch 18 on dev ...
01:05:08 - dev set during evaluation: 13490/13483
01:05:08 - process[2] - dev - epoch 18 - mAP: 0.509 w/ 38 queries
01:05:08 - process[2]: training epoch 19 ...
01:05:27 - process[2] - epoch 19 - train iter 444 - 18761.0 words/s - loss: 0.3610
01:05:27 - process[2]: evaluating epoch 19 on dev ...
01:05:55 - dev set during evaluation: 13490/13483
01:05:55 - process[2] - dev - epoch 19 - mAP: 0.502 w/ 38 queries
01:05:55 - [fold 5] best test MAP: 0.523 @ epoch 17
01:05:55 - [0.436127578028368, 0.5075723925312625, 0.5458595451627485, 0.516866709554933, 0.5234136182489101]
01:05:55 - [38, 39, 39, 38, 38]
01:05:55 - final MAP: 0.506
00:00:06 - Namespace(apex_level='O2', batch_size=8, cased=False, dataset='clef', debug=False, encoder_lr=2e-05, eval_step=1, full_doc_length=True, local_rank=2, model_path='/mnt/scratch/puxuan/short_qlm_0.45/2186793/huggingface-19', model_type='mbert', num_epochs=20, num_ft_encoders=3, num_neg=1, projector_lr=2e-05, seed=611, source_lang='es', target_lang='de')
00:00:21 - Evaluating every 1 epochs ...
00:00:21 - reading data from /mnt/home/puxuan/CLIR-project/Evaluation_data/process-clef/uncased
00:00:22 - test has 38 queries ...
00:00:22 - Data reading done ...
00:00:29 - adding 9-th encoder to optimizer...
00:00:29 - adding 10-th encoder to optimizer...
00:00:29 - adding 11-th encoder to optimizer...
00:00:29 - process[2]: training epoch 0 ...
00:00:47 - process[2] - epoch 0 - train iter 423 - 19428.0 words/s - loss: 0.6148
00:00:47 - process[2]: training epoch 1 ...
00:01:02 - process[2] - epoch 1 - train iter 423 - 21308.3 words/s - loss: 0.5329
00:01:02 - process[2]: training epoch 2 ...
00:01:18 - process[2] - epoch 2 - train iter 423 - 20809.1 words/s - loss: 0.4984
00:01:18 - process[2]: training epoch 3 ...
00:01:36 - process[2] - epoch 3 - train iter 423 - 19451.3 words/s - loss: 0.4752
00:01:36 - process[2]: training epoch 4 ...
00:01:52 - process[2] - epoch 4 - train iter 423 - 20482.2 words/s - loss: 0.4649
00:01:52 - process[2]: training epoch 5 ...
00:02:09 - process[2] - epoch 5 - train iter 423 - 20349.6 words/s - loss: 0.4602
00:02:09 - process[2]: training epoch 6 ...
00:02:24 - process[2] - epoch 6 - train iter 423 - 21433.7 words/s - loss: 0.4625
00:02:24 - process[2]: training epoch 7 ...
00:02:40 - process[2] - epoch 7 - train iter 423 - 21440.0 words/s - loss: 0.4597
00:02:40 - process[2]: training epoch 8 ...
00:02:56 - process[2] - epoch 8 - train iter 423 - 20574.3 words/s - loss: 0.4238
00:02:56 - process[2]: training epoch 9 ...
00:03:13 - process[2] - epoch 9 - train iter 423 - 20261.7 words/s - loss: 0.4172
00:03:13 - process[2]: training epoch 10 ...
00:03:29 - process[2] - epoch 10 - train iter 423 - 21015.8 words/s - loss: 0.4057
00:03:29 - process[2]: evaluating epoch 10 on dev ...
00:03:59 - dev set during evaluation: 13890/13887
00:03:59 - process[2] - dev - epoch 10 - mAP: 0.497 w/ 38 queries
00:03:59 - process[2]: evaluating epoch 10 on test ...
00:04:28 - test set during evaluation: 15580/15574
00:04:28 - process[2] - test - epoch 10 - mAP: 0.435 w/ 38 queries
00:04:29 - process[2]: training epoch 11 ...
00:04:44 - process[2] - epoch 11 - train iter 423 - 21645.3 words/s - loss: 0.4570
00:04:44 - process[2]: evaluating epoch 11 on dev ...
00:05:14 - dev set during evaluation: 13890/13887
00:05:14 - process[2] - dev - epoch 11 - mAP: 0.517 w/ 38 queries
00:05:14 - process[2]: evaluating epoch 11 on test ...
00:05:43 - test set during evaluation: 15580/15574
00:05:43 - process[2] - test - epoch 11 - mAP: 0.415 w/ 38 queries
00:05:43 - process[2]: training epoch 12 ...
00:05:59 - process[2] - epoch 12 - train iter 423 - 20719.1 words/s - loss: 0.4041
00:05:59 - process[2]: evaluating epoch 12 on dev ...
00:06:29 - dev set during evaluation: 13890/13887
00:06:29 - process[2] - dev - epoch 12 - mAP: 0.523 w/ 38 queries
00:06:29 - process[2]: evaluating epoch 12 on test ...
00:06:59 - test set during evaluation: 15580/15574
00:06:59 - process[2] - test - epoch 12 - mAP: 0.411 w/ 38 queries
00:06:59 - process[2]: training epoch 13 ...
00:07:15 - process[2] - epoch 13 - train iter 423 - 20787.4 words/s - loss: 0.4300
00:07:15 - process[2]: evaluating epoch 13 on dev ...
00:07:45 - dev set during evaluation: 13890/13887
00:07:45 - process[2] - dev - epoch 13 - mAP: 0.515 w/ 38 queries
00:07:45 - process[2]: training epoch 14 ...
00:08:01 - process[2] - epoch 14 - train iter 423 - 20716.4 words/s - loss: 0.3657
00:08:01 - process[2]: evaluating epoch 14 on dev ...
00:08:30 - dev set during evaluation: 13890/13887
00:08:30 - process[2] - dev - epoch 14 - mAP: 0.529 w/ 38 queries
00:08:30 - process[2]: evaluating epoch 14 on test ...
00:08:59 - test set during evaluation: 15580/15574
00:08:59 - process[2] - test - epoch 14 - mAP: 0.436 w/ 38 queries
00:08:59 - process[2]: training epoch 15 ...
00:09:16 - process[2] - epoch 15 - train iter 423 - 19869.2 words/s - loss: 0.4039
00:09:16 - process[2]: evaluating epoch 15 on dev ...
00:09:45 - dev set during evaluation: 13890/13887
00:09:45 - process[2] - dev - epoch 15 - mAP: 0.492 w/ 38 queries
00:09:45 - process[2]: training epoch 16 ...
00:10:02 - process[2] - epoch 16 - train iter 423 - 19837.8 words/s - loss: 0.3993
00:10:02 - process[2]: evaluating epoch 16 on dev ...
00:10:30 - dev set during evaluation: 13890/13887
00:10:30 - process[2] - dev - epoch 16 - mAP: 0.508 w/ 38 queries
00:10:30 - process[2]: training epoch 17 ...
00:10:45 - process[2] - epoch 17 - train iter 423 - 21332.7 words/s - loss: 0.3481
00:10:45 - process[2]: evaluating epoch 17 on dev ...
00:11:15 - dev set during evaluation: 13890/13887
00:11:15 - process[2] - dev - epoch 17 - mAP: 0.526 w/ 38 queries
00:11:15 - process[2]: training epoch 18 ...
00:11:30 - process[2] - epoch 18 - train iter 423 - 22709.8 words/s - loss: 0.3580
00:11:30 - process[2]: evaluating epoch 18 on dev ...
00:12:00 - dev set during evaluation: 13890/13887
00:12:00 - process[2] - dev - epoch 18 - mAP: 0.512 w/ 38 queries
00:12:00 - process[2]: training epoch 19 ...
00:12:17 - process[2] - epoch 19 - train iter 423 - 19671.9 words/s - loss: 0.3777
00:12:17 - process[2]: evaluating epoch 19 on dev ...
00:12:45 - dev set during evaluation: 13890/13887
00:12:45 - process[2] - dev - epoch 19 - mAP: 0.500 w/ 38 queries
00:12:45 - [fold 1] best test MAP: 0.436 @ epoch 14
00:12:45 - Evaluating every 1 epochs ...
00:12:45 - reading data from /mnt/home/puxuan/CLIR-project/Evaluation_data/process-clef/uncased
00:12:46 - test has 39 queries ...
00:12:46 - Data reading done ...
00:12:47 - adding 9-th encoder to optimizer...
00:12:47 - adding 10-th encoder to optimizer...
00:12:47 - adding 11-th encoder to optimizer...
00:12:48 - process[2]: training epoch 0 ...
00:13:05 - process[2] - epoch 0 - train iter 386 - 18171.0 words/s - loss: 0.6180
00:13:05 - process[2]: training epoch 1 ...
00:13:23 - process[2] - epoch 1 - train iter 386 - 16710.3 words/s - loss: 0.5268
00:13:23 - process[2]: training epoch 2 ...
00:13:41 - process[2] - epoch 2 - train iter 386 - 16489.8 words/s - loss: 0.4837
00:13:41 - process[2]: training epoch 3 ...
00:13:59 - process[2] - epoch 3 - train iter 386 - 17807.5 words/s - loss: 0.4839
00:13:59 - process[2]: training epoch 4 ...
00:14:17 - process[2] - epoch 4 - train iter 386 - 16514.7 words/s - loss: 0.4884
00:14:17 - process[2]: training epoch 5 ...
00:14:35 - process[2] - epoch 5 - train iter 386 - 17152.2 words/s - loss: 0.4255
00:14:35 - process[2]: training epoch 6 ...
00:14:54 - process[2] - epoch 6 - train iter 386 - 15940.8 words/s - loss: 0.4478
00:14:54 - process[2]: training epoch 7 ...
00:15:11 - process[2] - epoch 7 - train iter 386 - 18609.8 words/s - loss: 0.4194
00:15:11 - process[2]: training epoch 8 ...
00:15:28 - process[2] - epoch 8 - train iter 386 - 17417.8 words/s - loss: 0.4457
00:15:28 - process[2]: training epoch 9 ...
00:15:48 - process[2] - epoch 9 - train iter 386 - 15070.0 words/s - loss: 0.4287
00:15:48 - process[2]: training epoch 10 ...
00:16:06 - process[2] - epoch 10 - train iter 386 - 17075.1 words/s - loss: 0.4202
00:16:06 - process[2]: evaluating epoch 10 on dev ...
00:16:42 - dev set during evaluation: 15580/15574
00:16:42 - process[2] - dev - epoch 10 - mAP: 0.443 w/ 38 queries
00:16:42 - process[2]: evaluating epoch 10 on test ...
00:17:14 - test set during evaluation: 14340/14338
00:17:14 - process[2] - test - epoch 10 - mAP: 0.508 w/ 39 queries
00:17:14 - process[2]: training epoch 11 ...
00:17:34 - process[2] - epoch 11 - train iter 386 - 15853.7 words/s - loss: 0.4266
00:17:34 - process[2]: evaluating epoch 11 on dev ...
00:18:09 - dev set during evaluation: 15580/15574
00:18:09 - process[2] - dev - epoch 11 - mAP: 0.431 w/ 38 queries
00:18:09 - process[2]: training epoch 12 ...
00:18:26 - process[2] - epoch 12 - train iter 386 - 17395.8 words/s - loss: 0.4032
00:18:26 - process[2]: evaluating epoch 12 on dev ...
00:19:02 - dev set during evaluation: 15580/15574
00:19:02 - process[2] - dev - epoch 12 - mAP: 0.421 w/ 38 queries
00:19:02 - process[2]: training epoch 13 ...
00:19:21 - process[2] - epoch 13 - train iter 386 - 16183.6 words/s - loss: 0.4075
00:19:21 - process[2]: evaluating epoch 13 on dev ...
00:19:57 - dev set during evaluation: 15580/15574
00:19:57 - process[2] - dev - epoch 13 - mAP: 0.423 w/ 38 queries
00:19:57 - process[2]: training epoch 14 ...
00:20:14 - process[2] - epoch 14 - train iter 386 - 17996.6 words/s - loss: 0.3839
00:20:14 - process[2]: evaluating epoch 14 on dev ...
00:20:51 - dev set during evaluation: 15580/15574
00:20:51 - process[2] - dev - epoch 14 - mAP: 0.408 w/ 38 queries
00:20:51 - process[2]: training epoch 15 ...
00:21:09 - process[2] - epoch 15 - train iter 386 - 16782.9 words/s - loss: 0.4234
00:21:09 - process[2]: evaluating epoch 15 on dev ...
00:21:45 - dev set during evaluation: 15580/15574
00:21:45 - process[2] - dev - epoch 15 - mAP: 0.400 w/ 38 queries
00:21:45 - process[2]: training epoch 16 ...
00:22:04 - process[2] - epoch 16 - train iter 386 - 15877.7 words/s - loss: 0.3680
00:22:04 - process[2]: evaluating epoch 16 on dev ...
00:22:39 - dev set during evaluation: 15580/15574
00:22:39 - process[2] - dev - epoch 16 - mAP: 0.419 w/ 38 queries
00:22:39 - process[2]: training epoch 17 ...
00:22:57 - process[2] - epoch 17 - train iter 386 - 16266.2 words/s - loss: 0.4001
00:22:57 - process[2]: evaluating epoch 17 on dev ...
00:23:33 - dev set during evaluation: 15580/15574
00:23:33 - process[2] - dev - epoch 17 - mAP: 0.409 w/ 38 queries
00:23:33 - process[2]: training epoch 18 ...
00:23:52 - process[2] - epoch 18 - train iter 386 - 15833.2 words/s - loss: 0.3987
00:23:52 - process[2]: evaluating epoch 18 on dev ...
00:24:27 - dev set during evaluation: 15580/15574
00:24:27 - process[2] - dev - epoch 18 - mAP: 0.410 w/ 38 queries
00:24:27 - process[2]: training epoch 19 ...
00:24:44 - process[2] - epoch 19 - train iter 386 - 17679.3 words/s - loss: 0.3603
00:24:44 - process[2]: evaluating epoch 19 on dev ...
00:25:20 - dev set during evaluation: 15580/15574
00:25:20 - process[2] - dev - epoch 19 - mAP: 0.404 w/ 38 queries
00:25:20 - [fold 2] best test MAP: 0.508 @ epoch 10
00:25:20 - Evaluating every 1 epochs ...
00:25:20 - reading data from /mnt/home/puxuan/CLIR-project/Evaluation_data/process-clef/uncased
00:25:21 - test has 39 queries ...
00:25:21 - Data reading done ...
00:25:23 - adding 9-th encoder to optimizer...
00:25:23 - adding 10-th encoder to optimizer...
00:25:23 - adding 11-th encoder to optimizer...
00:25:23 - process[2]: training epoch 0 ...
00:25:40 - process[2] - epoch 0 - train iter 360 - 16509.3 words/s - loss: 0.6219
00:25:40 - process[2]: training epoch 1 ...
00:25:58 - process[2] - epoch 1 - train iter 360 - 16583.9 words/s - loss: 0.5383
00:25:58 - process[2]: training epoch 2 ...
00:26:16 - process[2] - epoch 2 - train iter 360 - 15925.7 words/s - loss: 0.5268
00:26:16 - process[2]: training epoch 3 ...
00:26:33 - process[2] - epoch 3 - train iter 360 - 16296.6 words/s - loss: 0.4791
00:26:33 - process[2]: training epoch 4 ...
00:26:52 - process[2] - epoch 4 - train iter 360 - 15679.3 words/s - loss: 0.4787
00:26:52 - process[2]: training epoch 5 ...
00:27:09 - process[2] - epoch 5 - train iter 360 - 16022.4 words/s - loss: 0.4579
00:27:09 - process[2]: training epoch 6 ...
00:27:29 - process[2] - epoch 6 - train iter 360 - 14138.6 words/s - loss: 0.4420
00:27:29 - process[2]: training epoch 7 ...
00:27:46 - process[2] - epoch 7 - train iter 360 - 17116.4 words/s - loss: 0.4481
00:27:46 - process[2]: training epoch 8 ...
00:28:02 - process[2] - epoch 8 - train iter 360 - 18303.7 words/s - loss: 0.4423
00:28:02 - process[2]: training epoch 9 ...
00:28:18 - process[2] - epoch 9 - train iter 360 - 17406.1 words/s - loss: 0.4171
00:28:18 - process[2]: training epoch 10 ...
00:28:36 - process[2] - epoch 10 - train iter 360 - 16094.2 words/s - loss: 0.4169
00:28:36 - process[2]: evaluating epoch 10 on dev ...
00:29:12 - dev set during evaluation: 14340/14338
00:29:12 - process[2] - dev - epoch 10 - mAP: 0.515 w/ 39 queries
00:29:12 - process[2]: evaluating epoch 10 on test ...
00:29:41 - test set during evaluation: 11710/11707
00:29:41 - process[2] - test - epoch 10 - mAP: 0.534 w/ 39 queries
00:29:41 - process[2]: training epoch 11 ...
00:29:59 - process[2] - epoch 11 - train iter 360 - 16552.8 words/s - loss: 0.4022
00:29:59 - process[2]: evaluating epoch 11 on dev ...
00:30:34 - dev set during evaluation: 14340/14338
00:30:34 - process[2] - dev - epoch 11 - mAP: 0.491 w/ 39 queries
00:30:34 - process[2]: training epoch 12 ...
00:30:51 - process[2] - epoch 12 - train iter 360 - 16231.8 words/s - loss: 0.4087
00:30:51 - process[2]: evaluating epoch 12 on dev ...
00:31:24 - dev set during evaluation: 14340/14338
00:31:24 - process[2] - dev - epoch 12 - mAP: 0.519 w/ 39 queries
00:31:24 - process[2]: evaluating epoch 12 on test ...
00:31:53 - test set during evaluation: 11710/11707
00:31:53 - process[2] - test - epoch 12 - mAP: 0.544 w/ 39 queries
00:31:53 - process[2]: training epoch 13 ...
00:32:12 - process[2] - epoch 13 - train iter 360 - 15537.9 words/s - loss: 0.3671
00:32:12 - process[2]: evaluating epoch 13 on dev ...
00:32:43 - dev set during evaluation: 14340/14338
00:32:43 - process[2] - dev - epoch 13 - mAP: 0.518 w/ 39 queries
00:32:43 - process[2]: training epoch 14 ...
00:33:01 - process[2] - epoch 14 - train iter 360 - 15912.5 words/s - loss: 0.4320
00:33:01 - process[2]: evaluating epoch 14 on dev ...
00:33:33 - dev set during evaluation: 14340/14338
00:33:34 - process[2] - dev - epoch 14 - mAP: 0.515 w/ 39 queries
00:33:34 - process[2]: training epoch 15 ...
00:33:50 - process[2] - epoch 15 - train iter 360 - 16697.4 words/s - loss: 0.4043
00:33:50 - process[2]: evaluating epoch 15 on dev ...
00:34:24 - dev set during evaluation: 14340/14338
00:34:24 - process[2] - dev - epoch 15 - mAP: 0.527 w/ 39 queries
00:34:24 - process[2]: evaluating epoch 15 on test ...
00:34:53 - test set during evaluation: 11710/11707
00:34:53 - process[2] - test - epoch 15 - mAP: 0.534 w/ 39 queries
00:34:53 - process[2]: training epoch 16 ...
00:35:11 - process[2] - epoch 16 - train iter 360 - 15615.6 words/s - loss: 0.3548
00:35:11 - process[2]: evaluating epoch 16 on dev ...
00:35:43 - dev set during evaluation: 14340/14338
00:35:43 - process[2] - dev - epoch 16 - mAP: 0.522 w/ 39 queries
00:35:43 - process[2]: training epoch 17 ...
00:36:01 - process[2] - epoch 17 - train iter 360 - 16003.6 words/s - loss: 0.4113
00:36:01 - process[2]: evaluating epoch 17 on dev ...
00:36:35 - dev set during evaluation: 14340/14338
00:36:35 - process[2] - dev - epoch 17 - mAP: 0.535 w/ 39 queries
00:36:35 - process[2]: evaluating epoch 17 on test ...
00:37:04 - test set during evaluation: 11710/11707
00:37:04 - process[2] - test - epoch 17 - mAP: 0.546 w/ 39 queries
00:37:04 - process[2]: training epoch 18 ...
00:37:21 - process[2] - epoch 18 - train iter 360 - 16804.4 words/s - loss: 0.3452
00:37:21 - process[2]: evaluating epoch 18 on dev ...
00:37:56 - dev set during evaluation: 14340/14338
00:37:56 - process[2] - dev - epoch 18 - mAP: 0.519 w/ 39 queries
00:37:56 - process[2]: training epoch 19 ...
00:38:13 - process[2] - epoch 19 - train iter 360 - 16207.5 words/s - loss: 0.3436
00:38:13 - process[2]: evaluating epoch 19 on dev ...
00:38:48 - dev set during evaluation: 14340/14338
00:38:48 - process[2] - dev - epoch 19 - mAP: 0.519 w/ 39 queries
00:38:48 - [fold 3] best test MAP: 0.546 @ epoch 17
00:38:48 - Evaluating every 1 epochs ...
00:38:48 - reading data from /mnt/home/puxuan/CLIR-project/Evaluation_data/process-clef/uncased
00:38:49 - test has 38 queries ...
00:38:49 - Data reading done ...
00:38:50 - adding 9-th encoder to optimizer...
00:38:50 - adding 10-th encoder to optimizer...
00:38:50 - adding 11-th encoder to optimizer...
00:38:51 - process[2]: training epoch 0 ...
00:39:09 - process[2] - epoch 0 - train iter 404 - 18060.8 words/s - loss: 0.6147
00:39:09 - process[2]: training epoch 1 ...
00:39:26 - process[2] - epoch 1 - train iter 404 - 18426.0 words/s - loss: 0.4840
00:39:26 - process[2]: training epoch 2 ...
00:39:46 - process[2] - epoch 2 - train iter 404 - 16330.3 words/s - loss: 0.5245
00:39:46 - process[2]: training epoch 3 ...
00:40:02 - process[2] - epoch 3 - train iter 404 - 19460.2 words/s - loss: 0.4866
00:40:02 - process[2]: training epoch 4 ...
00:40:20 - process[2] - epoch 4 - train iter 404 - 17535.3 words/s - loss: 0.4603
00:40:20 - process[2]: training epoch 5 ...
00:40:38 - process[2] - epoch 5 - train iter 404 - 17685.9 words/s - loss: 0.4687
00:40:38 - process[2]: training epoch 6 ...
00:40:56 - process[2] - epoch 6 - train iter 404 - 17902.0 words/s - loss: 0.4715
00:40:56 - process[2]: training epoch 7 ...
00:41:14 - process[2] - epoch 7 - train iter 404 - 17493.9 words/s - loss: 0.4145
00:41:14 - process[2]: training epoch 8 ...
00:41:31 - process[2] - epoch 8 - train iter 404 - 18831.0 words/s - loss: 0.4160
00:41:31 - process[2]: training epoch 9 ...
00:41:50 - process[2] - epoch 9 - train iter 404 - 17311.6 words/s - loss: 0.3984
00:41:50 - process[2]: training epoch 10 ...
00:42:08 - process[2] - epoch 10 - train iter 404 - 17938.1 words/s - loss: 0.4386
00:42:08 - process[2]: evaluating epoch 10 on dev ...
00:42:40 - dev set during evaluation: 11710/11707
00:42:40 - process[2] - dev - epoch 10 - mAP: 0.500 w/ 39 queries
00:42:40 - process[2]: evaluating epoch 10 on test ...
00:43:07 - test set during evaluation: 13490/13483
00:43:07 - process[2] - test - epoch 10 - mAP: 0.497 w/ 38 queries
00:43:07 - process[2]: training epoch 11 ...
00:43:26 - process[2] - epoch 11 - train iter 404 - 17525.0 words/s - loss: 0.3909
00:43:26 - process[2]: evaluating epoch 11 on dev ...
00:43:54 - dev set during evaluation: 11710/11707
00:43:54 - process[2] - dev - epoch 11 - mAP: 0.505 w/ 39 queries
00:43:54 - process[2]: evaluating epoch 11 on test ...
00:44:21 - test set during evaluation: 13490/13483
00:44:21 - process[2] - test - epoch 11 - mAP: 0.483 w/ 38 queries
00:44:21 - process[2]: training epoch 12 ...
00:44:39 - process[2] - epoch 12 - train iter 404 - 17570.2 words/s - loss: 0.3653
00:44:39 - process[2]: evaluating epoch 12 on dev ...
00:45:07 - dev set during evaluation: 11710/11707
00:45:07 - process[2] - dev - epoch 12 - mAP: 0.525 w/ 39 queries
00:45:07 - process[2]: evaluating epoch 12 on test ...
00:45:34 - test set during evaluation: 13490/13483
00:45:34 - process[2] - test - epoch 12 - mAP: 0.502 w/ 38 queries
00:45:34 - process[2]: training epoch 13 ...
00:45:52 - process[2] - epoch 13 - train iter 404 - 18591.7 words/s - loss: 0.4014
00:45:52 - process[2]: evaluating epoch 13 on dev ...
00:46:19 - dev set during evaluation: 11710/11707
00:46:19 - process[2] - dev - epoch 13 - mAP: 0.531 w/ 39 queries
00:46:19 - process[2]: evaluating epoch 13 on test ...
00:46:46 - test set during evaluation: 13490/13483
00:46:46 - process[2] - test - epoch 13 - mAP: 0.506 w/ 38 queries
00:46:46 - process[2]: training epoch 14 ...
00:47:04 - process[2] - epoch 14 - train iter 404 - 17895.9 words/s - loss: 0.3690
00:47:04 - process[2]: evaluating epoch 14 on dev ...
00:47:33 - dev set during evaluation: 11710/11707
00:47:33 - process[2] - dev - epoch 14 - mAP: 0.508 w/ 39 queries
00:47:33 - process[2]: training epoch 15 ...
00:47:51 - process[2] - epoch 15 - train iter 404 - 18113.9 words/s - loss: 0.3605
00:47:51 - process[2]: evaluating epoch 15 on dev ...
00:48:19 - dev set during evaluation: 11710/11707
00:48:19 - process[2] - dev - epoch 15 - mAP: 0.512 w/ 39 queries
00:48:19 - process[2]: training epoch 16 ...
00:48:40 - process[2] - epoch 16 - train iter 404 - 15816.6 words/s - loss: 0.3672
00:48:40 - process[2]: evaluating epoch 16 on dev ...
00:49:04 - dev set during evaluation: 11710/11707
00:49:04 - process[2] - dev - epoch 16 - mAP: 0.534 w/ 39 queries
00:49:04 - process[2]: evaluating epoch 16 on test ...
00:49:31 - test set during evaluation: 13490/13483
00:49:31 - process[2] - test - epoch 16 - mAP: 0.517 w/ 38 queries
00:49:31 - process[2]: training epoch 17 ...
00:49:50 - process[2] - epoch 17 - train iter 404 - 17478.3 words/s - loss: 0.3488
00:49:50 - process[2]: evaluating epoch 17 on dev ...
00:50:18 - dev set during evaluation: 11710/11707
00:50:18 - process[2] - dev - epoch 17 - mAP: 0.526 w/ 39 queries
00:50:18 - process[2]: training epoch 18 ...
00:50:38 - process[2] - epoch 18 - train iter 404 - 15726.1 words/s - loss: 0.3430
00:50:38 - process[2]: evaluating epoch 18 on dev ...
00:51:03 - dev set during evaluation: 11710/11707
00:51:03 - process[2] - dev - epoch 18 - mAP: 0.524 w/ 39 queries
00:51:03 - process[2]: training epoch 19 ...
00:51:21 - process[2] - epoch 19 - train iter 404 - 18104.3 words/s - loss: 0.3846
00:51:21 - process[2]: evaluating epoch 19 on dev ...
00:51:48 - dev set during evaluation: 11710/11707
00:51:48 - process[2] - dev - epoch 19 - mAP: 0.523 w/ 39 queries
00:51:48 - [fold 4] best test MAP: 0.517 @ epoch 16
00:51:48 - Evaluating every 1 epochs ...
00:51:48 - reading data from /mnt/home/puxuan/CLIR-project/Evaluation_data/process-clef/uncased
00:51:49 - test has 38 queries ...
00:51:49 - Data reading done ...
00:51:50 - adding 9-th encoder to optimizer...
00:51:50 - adding 10-th encoder to optimizer...
00:51:50 - adding 11-th encoder to optimizer...
00:51:51 - process[2]: training epoch 0 ...
00:52:11 - process[2] - epoch 0 - train iter 444 - 17681.5 words/s - loss: 0.6139
00:52:11 - process[2]: training epoch 1 ...
00:52:30 - process[2] - epoch 1 - train iter 444 - 18369.6 words/s - loss: 0.5425
00:52:30 - process[2]: training epoch 2 ...
00:52:50 - process[2] - epoch 2 - train iter 444 - 17862.7 words/s - loss: 0.5076
00:52:50 - process[2]: training epoch 3 ...
00:53:10 - process[2] - epoch 3 - train iter 444 - 17766.7 words/s - loss: 0.4983
00:53:10 - process[2]: training epoch 4 ...
00:53:28 - process[2] - epoch 4 - train iter 444 - 19037.6 words/s - loss: 0.4721
00:53:28 - process[2]: training epoch 5 ...
00:53:47 - process[2] - epoch 5 - train iter 444 - 19335.4 words/s - loss: 0.4787
00:53:47 - process[2]: training epoch 6 ...
00:54:04 - process[2] - epoch 6 - train iter 444 - 20316.4 words/s - loss: 0.4731
00:54:04 - process[2]: training epoch 7 ...
00:54:22 - process[2] - epoch 7 - train iter 444 - 19678.9 words/s - loss: 0.4160
00:54:22 - process[2]: training epoch 8 ...
00:54:41 - process[2] - epoch 8 - train iter 444 - 18477.7 words/s - loss: 0.4304
00:54:41 - process[2]: training epoch 9 ...
00:54:59 - process[2] - epoch 9 - train iter 444 - 20053.6 words/s - loss: 0.4550
00:54:59 - process[2]: training epoch 10 ...
00:55:17 - process[2] - epoch 10 - train iter 444 - 18651.2 words/s - loss: 0.4315
00:55:17 - process[2]: evaluating epoch 10 on dev ...
00:55:45 - dev set during evaluation: 13490/13483
00:55:45 - process[2] - dev - epoch 10 - mAP: 0.476 w/ 38 queries
00:55:45 - process[2]: evaluating epoch 10 on test ...
00:56:18 - test set during evaluation: 13890/13887
00:56:18 - process[2] - test - epoch 10 - mAP: 0.501 w/ 38 queries
00:56:18 - process[2]: training epoch 11 ...
00:56:37 - process[2] - epoch 11 - train iter 444 - 18497.2 words/s - loss: 0.4227
00:56:37 - process[2]: evaluating epoch 11 on dev ...
00:57:05 - dev set during evaluation: 13490/13483
00:57:05 - process[2] - dev - epoch 11 - mAP: 0.479 w/ 38 queries
00:57:05 - process[2]: evaluating epoch 11 on test ...
00:57:38 - test set during evaluation: 13890/13887
00:57:38 - process[2] - test - epoch 11 - mAP: 0.474 w/ 38 queries
00:57:38 - process[2]: training epoch 12 ...
00:57:57 - process[2] - epoch 12 - train iter 444 - 18582.3 words/s - loss: 0.3979
00:57:57 - process[2]: evaluating epoch 12 on dev ...
00:58:24 - dev set during evaluation: 13490/13483
00:58:24 - process[2] - dev - epoch 12 - mAP: 0.490 w/ 38 queries
00:58:24 - process[2]: evaluating epoch 12 on test ...
00:58:56 - test set during evaluation: 13890/13887
00:58:56 - process[2] - test - epoch 12 - mAP: 0.509 w/ 38 queries
00:58:56 - process[2]: training epoch 13 ...
00:59:14 - process[2] - epoch 13 - train iter 444 - 20086.8 words/s - loss: 0.3696
00:59:14 - process[2]: evaluating epoch 13 on dev ...
00:59:42 - dev set during evaluation: 13490/13483
00:59:42 - process[2] - dev - epoch 13 - mAP: 0.489 w/ 38 queries
00:59:42 - process[2]: training epoch 14 ...
01:00:01 - process[2] - epoch 14 - train iter 444 - 18007.5 words/s - loss: 0.4018
01:00:01 - process[2]: evaluating epoch 14 on dev ...
01:00:29 - dev set during evaluation: 13490/13483
01:00:29 - process[2] - dev - epoch 14 - mAP: 0.508 w/ 38 queries
01:00:29 - process[2]: evaluating epoch 14 on test ...
01:01:02 - test set during evaluation: 13890/13887
01:01:02 - process[2] - test - epoch 14 - mAP: 0.505 w/ 38 queries
01:01:02 - process[2]: training epoch 15 ...
01:01:21 - process[2] - epoch 15 - train iter 444 - 18896.7 words/s - loss: 0.3526
01:01:21 - process[2]: evaluating epoch 15 on dev ...
01:01:48 - dev set during evaluation: 13490/13483
01:01:48 - process[2] - dev - epoch 15 - mAP: 0.492 w/ 38 queries
01:01:48 - process[2]: training epoch 16 ...
01:02:06 - process[2] - epoch 16 - train iter 444 - 18921.7 words/s - loss: 0.3997
01:02:06 - process[2]: evaluating epoch 16 on dev ...
01:02:36 - dev set during evaluation: 13490/13483
01:02:36 - process[2] - dev - epoch 16 - mAP: 0.490 w/ 38 queries
01:02:36 - process[2]: training epoch 17 ...
01:02:55 - process[2] - epoch 17 - train iter 444 - 19750.7 words/s - loss: 0.3774
01:02:55 - process[2]: evaluating epoch 17 on dev ...
01:03:23 - dev set during evaluation: 13490/13483
01:03:23 - process[2] - dev - epoch 17 - mAP: 0.520 w/ 38 queries
01:03:23 - process[2]: evaluating epoch 17 on test ...
01:03:56 - test set during evaluation: 13890/13887
01:03:56 - process[2] - test - epoch 17 - mAP: 0.523 w/ 38 queries
01:03:56 - process[2]: training epoch 18 ...
01:04:14 - process[2] - epoch 18 - train iter 444 - 19157.1 words/s - loss: 0.3673
01:04:14 - process[2]: evaluating epoch 18 on dev ...
01:04:42 - dev set during evaluation: 13490/13483
01:04:42 - process[2] - dev - epoch 18 - mAP: 0.509 w/ 38 queries
01:04:42 - process[2]: training epoch 19 ...
01:05:01 - process[2] - epoch 19 - train iter 444 - 18770.4 words/s - loss: 0.3610
01:05:01 - process[2]: evaluating epoch 19 on dev ...
01:05:29 - dev set during evaluation: 13490/13483
01:05:29 - process[2] - dev - epoch 19 - mAP: 0.502 w/ 38 queries
01:05:29 - [fold 5] best test MAP: 0.523 @ epoch 17
01:05:29 - [0.436127578028368, 0.5075723925312625, 0.5458595451627485, 0.516866709554933, 0.5234136182489101]
01:05:29 - [38, 39, 39, 38, 38]
01:05:29 - final MAP: 0.506
