00:00:06 - Namespace(apex_level='O2', batch_size=8, cased=False, dataset='clef', debug=False, encoder_lr=2e-05, eval_step=1, full_doc_length=True, local_rank=2, model_path='/mnt/scratch/puxuan/short_qlm_0.45/2186793/huggingface-4', model_type='mbert', num_epochs=20, num_ft_encoders=3, num_neg=1, projector_lr=2e-05, seed=611, source_lang='de', target_lang='fr')
00:00:16 - Evaluating every 1 epochs ...
00:00:16 - reading data from /mnt/home/puxuan/CLIR-project/Evaluation_data/process-clef/uncased
00:00:17 - test has 37 queries ...
00:00:17 - Data reading done ...
00:00:23 - adding 9-th encoder to optimizer...
00:00:23 - adding 10-th encoder to optimizer...
00:00:23 - adding 11-th encoder to optimizer...
00:00:24 - process[2]: training epoch 0 ...
00:00:34 - process[2] - epoch 0 - train iter 241 - 20618.0 words/s - loss: 0.6211
00:00:34 - process[2]: training epoch 1 ...
00:00:43 - process[2] - epoch 1 - train iter 241 - 21374.9 words/s - loss: 0.5890
00:00:43 - process[2]: training epoch 2 ...
00:00:52 - process[2] - epoch 2 - train iter 241 - 21399.3 words/s - loss: 0.5578
00:00:52 - process[2]: training epoch 3 ...
00:01:01 - process[2] - epoch 3 - train iter 241 - 22639.5 words/s - loss: 0.5682
00:01:01 - process[2]: training epoch 4 ...
00:01:09 - process[2] - epoch 4 - train iter 241 - 22032.9 words/s - loss: 0.5525
00:01:09 - process[2]: training epoch 5 ...
00:01:18 - process[2] - epoch 5 - train iter 241 - 22071.6 words/s - loss: 0.5297
00:01:18 - process[2]: training epoch 6 ...
00:01:27 - process[2] - epoch 6 - train iter 241 - 21653.4 words/s - loss: 0.4760
00:01:27 - process[2]: training epoch 7 ...
00:01:37 - process[2] - epoch 7 - train iter 241 - 21137.0 words/s - loss: 0.4781
00:01:37 - process[2]: training epoch 8 ...
00:01:46 - process[2] - epoch 8 - train iter 241 - 22541.1 words/s - loss: 0.4984
00:01:46 - process[2]: training epoch 9 ...
00:01:55 - process[2] - epoch 9 - train iter 241 - 21741.3 words/s - loss: 0.4146
00:01:55 - process[2]: training epoch 10 ...
00:02:03 - process[2] - epoch 10 - train iter 241 - 22281.5 words/s - loss: 0.4660
00:02:03 - process[2]: evaluating epoch 10 on dev ...
00:02:24 - process[2] - dev - epoch 10 - mAP: 0.407 w/ 37 queries
00:02:24 - process[2]: evaluating epoch 10 on test ...
00:02:43 - test set during evaluation: 11380/11372
00:02:43 - process[2] - test - epoch 10 - mAP: 0.521 w/ 37 queries
00:02:43 - process[2]: training epoch 11 ...
00:02:53 - process[2] - epoch 11 - train iter 241 - 20903.8 words/s - loss: 0.4799
00:02:53 - process[2]: evaluating epoch 11 on dev ...
00:03:11 - process[2] - dev - epoch 11 - mAP: 0.375 w/ 37 queries
00:03:11 - process[2]: training epoch 12 ...
00:03:20 - process[2] - epoch 12 - train iter 241 - 22655.0 words/s - loss: 0.4261
00:03:20 - process[2]: evaluating epoch 12 on dev ...
00:03:38 - process[2] - dev - epoch 12 - mAP: 0.391 w/ 37 queries
00:03:38 - process[2]: training epoch 13 ...
00:03:48 - process[2] - epoch 13 - train iter 241 - 21468.3 words/s - loss: 0.4407
00:03:48 - process[2]: evaluating epoch 13 on dev ...
00:04:06 - process[2] - dev - epoch 13 - mAP: 0.408 w/ 37 queries
00:04:06 - process[2]: evaluating epoch 13 on test ...
00:04:25 - test set during evaluation: 11380/11372
00:04:25 - process[2] - test - epoch 13 - mAP: 0.535 w/ 37 queries
00:04:25 - process[2]: training epoch 14 ...
00:04:34 - process[2] - epoch 14 - train iter 241 - 21365.0 words/s - loss: 0.4008
00:04:34 - process[2]: evaluating epoch 14 on dev ...
00:04:53 - process[2] - dev - epoch 14 - mAP: 0.399 w/ 37 queries
00:04:53 - process[2]: training epoch 15 ...
00:05:02 - process[2] - epoch 15 - train iter 241 - 23386.2 words/s - loss: 0.4170
00:05:02 - process[2]: evaluating epoch 15 on dev ...
00:05:21 - process[2] - dev - epoch 15 - mAP: 0.414 w/ 37 queries
00:05:21 - process[2]: evaluating epoch 15 on test ...
00:05:40 - test set during evaluation: 11380/11372
00:05:40 - process[2] - test - epoch 15 - mAP: 0.530 w/ 37 queries
00:05:40 - process[2]: training epoch 16 ...
00:05:49 - process[2] - epoch 16 - train iter 241 - 21585.6 words/s - loss: 0.3672
00:05:49 - process[2]: evaluating epoch 16 on dev ...
00:06:08 - process[2] - dev - epoch 16 - mAP: 0.392 w/ 37 queries
00:06:08 - process[2]: training epoch 17 ...
00:06:17 - process[2] - epoch 17 - train iter 241 - 21453.0 words/s - loss: 0.4519
00:06:17 - process[2]: evaluating epoch 17 on dev ...
00:06:35 - process[2] - dev - epoch 17 - mAP: 0.411 w/ 37 queries
00:06:35 - process[2]: training epoch 18 ...
00:06:44 - process[2] - epoch 18 - train iter 241 - 22358.9 words/s - loss: 0.4563
00:06:44 - process[2]: evaluating epoch 18 on dev ...
00:07:02 - process[2] - dev - epoch 18 - mAP: 0.414 w/ 37 queries
00:07:02 - process[2]: training epoch 19 ...
00:07:11 - process[2] - epoch 19 - train iter 241 - 21841.5 words/s - loss: 0.4263
00:07:11 - process[2]: evaluating epoch 19 on dev ...
00:07:30 - process[2] - dev - epoch 19 - mAP: 0.412 w/ 37 queries
00:07:30 - [fold 1] best test MAP: 0.530 @ epoch 15
00:07:30 - Evaluating every 1 epochs ...
00:07:30 - reading data from /mnt/home/puxuan/CLIR-project/Evaluation_data/process-clef/uncased
00:07:30 - test has 37 queries ...
00:07:30 - Data reading done ...
00:07:31 - adding 9-th encoder to optimizer...
00:07:31 - adding 10-th encoder to optimizer...
00:07:31 - adding 11-th encoder to optimizer...
00:07:32 - process[2]: training epoch 0 ...
00:07:43 - process[2] - epoch 0 - train iter 276 - 20940.7 words/s - loss: 0.6357
00:07:43 - process[2]: training epoch 1 ...
00:07:54 - process[2] - epoch 1 - train iter 276 - 20179.0 words/s - loss: 0.5645
00:07:54 - process[2]: training epoch 2 ...
00:08:05 - process[2] - epoch 2 - train iter 276 - 21095.1 words/s - loss: 0.5295
00:08:05 - process[2]: training epoch 3 ...
00:08:15 - process[2] - epoch 3 - train iter 276 - 21143.3 words/s - loss: 0.5349
00:08:15 - process[2]: training epoch 4 ...
00:08:26 - process[2] - epoch 4 - train iter 276 - 21081.9 words/s - loss: 0.5126
00:08:26 - process[2]: training epoch 5 ...
00:08:37 - process[2] - epoch 5 - train iter 276 - 21248.0 words/s - loss: 0.5080
00:08:37 - process[2]: training epoch 6 ...
00:08:48 - process[2] - epoch 6 - train iter 276 - 20840.1 words/s - loss: 0.4981
00:08:48 - process[2]: training epoch 7 ...
00:08:59 - process[2] - epoch 7 - train iter 276 - 20228.7 words/s - loss: 0.5043
00:08:59 - process[2]: training epoch 8 ...
00:09:10 - process[2] - epoch 8 - train iter 276 - 20815.1 words/s - loss: 0.4924
00:09:10 - process[2]: training epoch 9 ...
00:09:20 - process[2] - epoch 9 - train iter 276 - 21330.9 words/s - loss: 0.4621
00:09:20 - process[2]: training epoch 10 ...
00:09:31 - process[2] - epoch 10 - train iter 276 - 21216.4 words/s - loss: 0.4459
00:09:31 - process[2]: evaluating epoch 10 on dev ...
00:09:52 - dev set during evaluation: 11380/11372
00:09:52 - process[2] - dev - epoch 10 - mAP: 0.460 w/ 37 queries
00:09:52 - process[2]: evaluating epoch 10 on test ...
00:10:10 - process[2] - test - epoch 10 - mAP: 0.346 w/ 37 queries
00:10:10 - process[2]: training epoch 11 ...
00:10:21 - process[2] - epoch 11 - train iter 276 - 20377.4 words/s - loss: 0.4602
00:10:21 - process[2]: evaluating epoch 11 on dev ...
00:10:40 - dev set during evaluation: 11380/11372
00:10:40 - process[2] - dev - epoch 11 - mAP: 0.469 w/ 37 queries
00:10:40 - process[2]: evaluating epoch 11 on test ...
00:10:58 - process[2] - test - epoch 11 - mAP: 0.388 w/ 37 queries
00:10:58 - process[2]: training epoch 12 ...
00:11:09 - process[2] - epoch 12 - train iter 276 - 20861.9 words/s - loss: 0.4525
00:11:09 - process[2]: evaluating epoch 12 on dev ...
00:11:28 - dev set during evaluation: 11380/11372
00:11:28 - process[2] - dev - epoch 12 - mAP: 0.471 w/ 37 queries
00:11:28 - process[2]: evaluating epoch 12 on test ...
00:11:45 - process[2] - test - epoch 12 - mAP: 0.370 w/ 37 queries
00:11:45 - process[2]: training epoch 13 ...
00:11:56 - process[2] - epoch 13 - train iter 276 - 22357.6 words/s - loss: 0.3850
00:11:56 - process[2]: evaluating epoch 13 on dev ...
00:12:16 - dev set during evaluation: 11380/11372
00:12:16 - process[2] - dev - epoch 13 - mAP: 0.493 w/ 37 queries
00:12:16 - process[2]: evaluating epoch 13 on test ...
00:12:34 - process[2] - test - epoch 13 - mAP: 0.384 w/ 37 queries
00:12:34 - process[2]: training epoch 14 ...
00:12:45 - process[2] - epoch 14 - train iter 276 - 21144.7 words/s - loss: 0.4621
00:12:45 - process[2]: evaluating epoch 14 on dev ...
00:13:04 - dev set during evaluation: 11380/11372
00:13:04 - process[2] - dev - epoch 14 - mAP: 0.471 w/ 37 queries
00:13:04 - process[2]: training epoch 15 ...
00:13:15 - process[2] - epoch 15 - train iter 276 - 21856.5 words/s - loss: 0.4285
00:13:15 - process[2]: evaluating epoch 15 on dev ...
00:13:34 - dev set during evaluation: 11380/11372
00:13:34 - process[2] - dev - epoch 15 - mAP: 0.523 w/ 37 queries
00:13:34 - process[2]: evaluating epoch 15 on test ...
00:13:52 - process[2] - test - epoch 15 - mAP: 0.396 w/ 37 queries
00:13:52 - process[2]: training epoch 16 ...
00:14:03 - process[2] - epoch 16 - train iter 276 - 21019.3 words/s - loss: 0.4388
00:14:03 - process[2]: evaluating epoch 16 on dev ...
00:14:22 - dev set during evaluation: 11380/11372
00:14:22 - process[2] - dev - epoch 16 - mAP: 0.511 w/ 37 queries
00:14:22 - process[2]: training epoch 17 ...
00:14:33 - process[2] - epoch 17 - train iter 276 - 20721.5 words/s - loss: 0.4572
00:14:33 - process[2]: evaluating epoch 17 on dev ...
00:14:51 - dev set during evaluation: 11380/11372
00:14:51 - process[2] - dev - epoch 17 - mAP: 0.503 w/ 37 queries
00:14:51 - process[2]: training epoch 18 ...
00:15:02 - process[2] - epoch 18 - train iter 276 - 21331.3 words/s - loss: 0.4363
00:15:02 - process[2]: evaluating epoch 18 on dev ...
00:15:22 - dev set during evaluation: 11380/11372
00:15:22 - process[2] - dev - epoch 18 - mAP: 0.493 w/ 37 queries
00:15:22 - process[2]: training epoch 19 ...
00:15:33 - process[2] - epoch 19 - train iter 276 - 20737.6 words/s - loss: 0.4199
00:15:33 - process[2]: evaluating epoch 19 on dev ...
00:15:52 - dev set during evaluation: 11380/11372
00:15:52 - process[2] - dev - epoch 19 - mAP: 0.477 w/ 37 queries
00:15:52 - [fold 2] best test MAP: 0.396 @ epoch 15
00:15:52 - Evaluating every 1 epochs ...
00:15:52 - reading data from /mnt/home/puxuan/CLIR-project/Evaluation_data/process-clef/uncased
00:15:53 - test has 37 queries ...
00:15:53 - Data reading done ...
00:15:54 - adding 9-th encoder to optimizer...
00:15:54 - adding 10-th encoder to optimizer...
00:15:54 - adding 11-th encoder to optimizer...
00:15:55 - process[2]: training epoch 0 ...
00:16:04 - process[2] - epoch 0 - train iter 240 - 21600.2 words/s - loss: 0.6292
00:16:04 - process[2]: training epoch 1 ...
00:16:13 - process[2] - epoch 1 - train iter 240 - 20515.4 words/s - loss: 0.5942
00:16:13 - process[2]: training epoch 2 ...
00:16:22 - process[2] - epoch 2 - train iter 240 - 21503.7 words/s - loss: 0.5594
00:16:22 - process[2]: training epoch 3 ...
00:16:31 - process[2] - epoch 3 - train iter 240 - 20730.3 words/s - loss: 0.5453
00:16:31 - process[2]: training epoch 4 ...
00:16:40 - process[2] - epoch 4 - train iter 240 - 21565.1 words/s - loss: 0.5279
00:16:40 - process[2]: training epoch 5 ...
00:16:50 - process[2] - epoch 5 - train iter 240 - 19829.2 words/s - loss: 0.5493
00:16:50 - process[2]: training epoch 6 ...
00:16:58 - process[2] - epoch 6 - train iter 240 - 21785.6 words/s - loss: 0.5266
00:16:58 - process[2]: training epoch 7 ...
00:17:08 - process[2] - epoch 7 - train iter 240 - 19765.1 words/s - loss: 0.5129
00:17:08 - process[2]: training epoch 8 ...
00:17:18 - process[2] - epoch 8 - train iter 240 - 21400.9 words/s - loss: 0.5197
00:17:18 - process[2]: training epoch 9 ...
00:17:27 - process[2] - epoch 9 - train iter 240 - 21900.3 words/s - loss: 0.5176
00:17:27 - process[2]: training epoch 10 ...
00:17:36 - process[2] - epoch 10 - train iter 240 - 20887.5 words/s - loss: 0.5004
00:17:36 - process[2]: evaluating epoch 10 on dev ...
00:17:55 - process[2] - dev - epoch 10 - mAP: 0.392 w/ 37 queries
00:17:55 - process[2]: evaluating epoch 10 on test ...
00:18:16 - test set during evaluation: 11210/11201
00:18:16 - process[2] - test - epoch 10 - mAP: 0.431 w/ 37 queries
00:18:16 - process[2]: training epoch 11 ...
00:18:25 - process[2] - epoch 11 - train iter 240 - 20858.3 words/s - loss: 0.4609
00:18:25 - process[2]: evaluating epoch 11 on dev ...
00:18:43 - process[2] - dev - epoch 11 - mAP: 0.373 w/ 37 queries
00:18:43 - process[2]: training epoch 12 ...
00:18:52 - process[2] - epoch 12 - train iter 240 - 20566.2 words/s - loss: 0.4766
00:18:52 - process[2]: evaluating epoch 12 on dev ...
00:19:10 - process[2] - dev - epoch 12 - mAP: 0.377 w/ 37 queries
00:19:10 - process[2]: training epoch 13 ...
00:19:19 - process[2] - epoch 13 - train iter 240 - 21071.2 words/s - loss: 0.4710
00:19:19 - process[2]: evaluating epoch 13 on dev ...
00:19:37 - process[2] - dev - epoch 13 - mAP: 0.396 w/ 37 queries
00:19:37 - process[2]: evaluating epoch 13 on test ...
00:19:57 - test set during evaluation: 11210/11201
00:19:57 - process[2] - test - epoch 13 - mAP: 0.421 w/ 37 queries
00:19:57 - process[2]: training epoch 14 ...
00:20:06 - process[2] - epoch 14 - train iter 240 - 20225.9 words/s - loss: 0.4280
00:20:06 - process[2]: evaluating epoch 14 on dev ...
00:20:25 - process[2] - dev - epoch 14 - mAP: 0.382 w/ 37 queries
00:20:25 - process[2]: training epoch 15 ...
00:20:34 - process[2] - epoch 15 - train iter 240 - 21788.1 words/s - loss: 0.4593
00:20:34 - process[2]: evaluating epoch 15 on dev ...
00:20:52 - process[2] - dev - epoch 15 - mAP: 0.368 w/ 37 queries
00:20:52 - process[2]: training epoch 16 ...
00:21:01 - process[2] - epoch 16 - train iter 240 - 21147.3 words/s - loss: 0.4068
00:21:01 - process[2]: evaluating epoch 16 on dev ...
00:21:19 - process[2] - dev - epoch 16 - mAP: 0.387 w/ 37 queries
00:21:19 - process[2]: training epoch 17 ...
00:21:27 - process[2] - epoch 17 - train iter 240 - 22182.7 words/s - loss: 0.4376
00:21:27 - process[2]: evaluating epoch 17 on dev ...
00:21:45 - process[2] - dev - epoch 17 - mAP: 0.400 w/ 37 queries
00:21:45 - process[2]: evaluating epoch 17 on test ...
00:22:05 - test set during evaluation: 11210/11201
00:22:05 - process[2] - test - epoch 17 - mAP: 0.427 w/ 37 queries
00:22:05 - process[2]: training epoch 18 ...
00:22:14 - process[2] - epoch 18 - train iter 240 - 19869.9 words/s - loss: 0.4745
00:22:14 - process[2]: evaluating epoch 18 on dev ...
00:22:32 - process[2] - dev - epoch 18 - mAP: 0.404 w/ 37 queries
00:22:32 - process[2]: evaluating epoch 18 on test ...
00:22:52 - test set during evaluation: 11210/11201
00:22:52 - process[2] - test - epoch 18 - mAP: 0.439 w/ 37 queries
00:22:52 - process[2]: training epoch 19 ...
00:23:01 - process[2] - epoch 19 - train iter 240 - 21070.8 words/s - loss: 0.4097
00:23:01 - process[2]: evaluating epoch 19 on dev ...
00:23:19 - process[2] - dev - epoch 19 - mAP: 0.406 w/ 37 queries
00:23:19 - process[2]: evaluating epoch 19 on test ...
00:23:38 - test set during evaluation: 11210/11201
00:23:38 - process[2] - test - epoch 19 - mAP: 0.429 w/ 37 queries
00:23:38 - [fold 3] best test MAP: 0.429 @ epoch 19
00:23:38 - Evaluating every 1 epochs ...
00:23:38 - reading data from /mnt/home/puxuan/CLIR-project/Evaluation_data/process-clef/uncased
00:23:39 - test has 37 queries ...
00:23:39 - Data reading done ...
00:23:40 - adding 9-th encoder to optimizer...
00:23:40 - adding 10-th encoder to optimizer...
00:23:40 - adding 11-th encoder to optimizer...
00:23:41 - process[2]: training epoch 0 ...
00:23:50 - process[2] - epoch 0 - train iter 231 - 21121.5 words/s - loss: 0.6409
00:23:50 - process[2]: training epoch 1 ...
00:23:59 - process[2] - epoch 1 - train iter 231 - 20915.4 words/s - loss: 0.5976
00:23:59 - process[2]: training epoch 2 ...
00:24:08 - process[2] - epoch 2 - train iter 231 - 21338.6 words/s - loss: 0.5750
00:24:08 - process[2]: training epoch 3 ...
00:24:16 - process[2] - epoch 3 - train iter 231 - 22026.9 words/s - loss: 0.5450
00:24:16 - process[2]: training epoch 4 ...
00:24:25 - process[2] - epoch 4 - train iter 231 - 20084.8 words/s - loss: 0.5043
00:24:25 - process[2]: training epoch 5 ...
00:24:34 - process[2] - epoch 5 - train iter 231 - 21723.7 words/s - loss: 0.5282
00:24:34 - process[2]: training epoch 6 ...
00:24:43 - process[2] - epoch 6 - train iter 231 - 20639.7 words/s - loss: 0.5184
00:24:43 - process[2]: training epoch 7 ...
00:24:52 - process[2] - epoch 7 - train iter 231 - 20999.4 words/s - loss: 0.4896
00:24:52 - process[2]: training epoch 8 ...
00:25:01 - process[2] - epoch 8 - train iter 231 - 20215.2 words/s - loss: 0.5438
00:25:01 - process[2]: training epoch 9 ...
00:25:10 - process[2] - epoch 9 - train iter 231 - 21225.1 words/s - loss: 0.4988
00:25:10 - process[2]: training epoch 10 ...
00:25:18 - process[2] - epoch 10 - train iter 231 - 21372.2 words/s - loss: 0.4495
00:25:18 - process[2]: evaluating epoch 10 on dev ...
00:25:39 - dev set during evaluation: 11210/11201
00:25:39 - process[2] - dev - epoch 10 - mAP: 0.410 w/ 37 queries
00:25:39 - process[2]: evaluating epoch 10 on test ...
00:25:57 - test set during evaluation: 10640/10633
00:25:57 - process[2] - test - epoch 10 - mAP: 0.307 w/ 37 queries
00:25:57 - process[2]: training epoch 11 ...
00:26:06 - process[2] - epoch 11 - train iter 231 - 21016.1 words/s - loss: 0.4789
00:26:06 - process[2]: evaluating epoch 11 on dev ...
00:26:26 - dev set during evaluation: 11210/11201
00:26:26 - process[2] - dev - epoch 11 - mAP: 0.428 w/ 37 queries
00:26:26 - process[2]: evaluating epoch 11 on test ...
00:26:45 - test set during evaluation: 10640/10633
00:26:45 - process[2] - test - epoch 11 - mAP: 0.324 w/ 37 queries
00:26:45 - process[2]: training epoch 12 ...
00:26:54 - process[2] - epoch 12 - train iter 231 - 21759.1 words/s - loss: 0.4788
00:26:54 - process[2]: evaluating epoch 12 on dev ...
00:27:14 - dev set during evaluation: 11210/11201
00:27:14 - process[2] - dev - epoch 12 - mAP: 0.426 w/ 37 queries
00:27:14 - process[2]: training epoch 13 ...
00:27:23 - process[2] - epoch 13 - train iter 231 - 20374.4 words/s - loss: 0.4453
00:27:23 - process[2]: evaluating epoch 13 on dev ...
00:27:43 - dev set during evaluation: 11210/11201
00:27:43 - process[2] - dev - epoch 13 - mAP: 0.398 w/ 37 queries
00:27:43 - process[2]: training epoch 14 ...
00:27:51 - process[2] - epoch 14 - train iter 231 - 21899.5 words/s - loss: 0.4137
00:27:51 - process[2]: evaluating epoch 14 on dev ...
00:28:11 - dev set during evaluation: 11210/11201
00:28:11 - process[2] - dev - epoch 14 - mAP: 0.431 w/ 37 queries
00:28:11 - process[2]: evaluating epoch 14 on test ...
00:28:29 - test set during evaluation: 10640/10633
00:28:29 - process[2] - test - epoch 14 - mAP: 0.301 w/ 37 queries
00:28:29 - process[2]: training epoch 15 ...
00:28:38 - process[2] - epoch 15 - train iter 231 - 21721.4 words/s - loss: 0.4773
00:28:38 - process[2]: evaluating epoch 15 on dev ...
00:28:58 - dev set during evaluation: 11210/11201
00:28:58 - process[2] - dev - epoch 15 - mAP: 0.404 w/ 37 queries
00:28:58 - process[2]: training epoch 16 ...
00:29:07 - process[2] - epoch 16 - train iter 231 - 21280.1 words/s - loss: 0.4453
00:29:07 - process[2]: evaluating epoch 16 on dev ...
00:29:26 - dev set during evaluation: 11210/11201
00:29:26 - process[2] - dev - epoch 16 - mAP: 0.423 w/ 37 queries
00:29:26 - process[2]: training epoch 17 ...
00:29:35 - process[2] - epoch 17 - train iter 231 - 21807.4 words/s - loss: 0.4022
00:29:35 - process[2]: evaluating epoch 17 on dev ...
00:29:55 - dev set during evaluation: 11210/11201
00:29:55 - process[2] - dev - epoch 17 - mAP: 0.434 w/ 37 queries
00:29:55 - process[2]: evaluating epoch 17 on test ...
00:30:15 - test set during evaluation: 10640/10633
00:30:15 - process[2] - test - epoch 17 - mAP: 0.329 w/ 37 queries
00:30:15 - process[2]: training epoch 18 ...
00:30:24 - process[2] - epoch 18 - train iter 231 - 22217.3 words/s - loss: 0.4124
00:30:24 - process[2]: evaluating epoch 18 on dev ...
00:30:45 - dev set during evaluation: 11210/11201
00:30:45 - process[2] - dev - epoch 18 - mAP: 0.433 w/ 37 queries
00:30:45 - process[2]: training epoch 19 ...
00:30:54 - process[2] - epoch 19 - train iter 231 - 20404.5 words/s - loss: 0.4202
00:30:54 - process[2]: evaluating epoch 19 on dev ...
00:31:13 - dev set during evaluation: 11210/11201
00:31:13 - process[2] - dev - epoch 19 - mAP: 0.393 w/ 37 queries
00:31:13 - [fold 4] best test MAP: 0.329 @ epoch 17
00:31:13 - Evaluating every 1 epochs ...
00:31:13 - reading data from /mnt/home/puxuan/CLIR-project/Evaluation_data/process-clef/uncased
00:31:14 - test has 37 queries ...
00:31:14 - Data reading done ...
00:31:15 - adding 9-th encoder to optimizer...
00:31:15 - adding 10-th encoder to optimizer...
00:31:15 - adding 11-th encoder to optimizer...
00:31:16 - process[2]: training epoch 0 ...
00:31:25 - process[2] - epoch 0 - train iter 235 - 20645.8 words/s - loss: 0.6356
00:31:25 - process[2]: training epoch 1 ...
00:31:34 - process[2] - epoch 1 - train iter 235 - 21283.7 words/s - loss: 0.5806
00:31:34 - process[2]: training epoch 2 ...
00:31:43 - process[2] - epoch 2 - train iter 235 - 21000.1 words/s - loss: 0.5724
00:31:43 - process[2]: training epoch 3 ...
00:31:52 - process[2] - epoch 3 - train iter 235 - 20938.3 words/s - loss: 0.5370
00:31:52 - process[2]: training epoch 4 ...
00:32:01 - process[2] - epoch 4 - train iter 235 - 22643.4 words/s - loss: 0.4784
00:32:01 - process[2]: training epoch 5 ...
00:32:09 - process[2] - epoch 5 - train iter 235 - 22486.0 words/s - loss: 0.5127
00:32:09 - process[2]: training epoch 6 ...
00:32:18 - process[2] - epoch 6 - train iter 235 - 21747.5 words/s - loss: 0.5392
00:32:18 - process[2]: training epoch 7 ...
00:32:26 - process[2] - epoch 7 - train iter 235 - 22115.0 words/s - loss: 0.4899
00:32:26 - process[2]: training epoch 8 ...
00:32:35 - process[2] - epoch 8 - train iter 235 - 21684.8 words/s - loss: 0.5109
00:32:35 - process[2]: training epoch 9 ...
00:32:43 - process[2] - epoch 9 - train iter 235 - 21606.6 words/s - loss: 0.4761
00:32:43 - process[2]: training epoch 10 ...
00:32:53 - process[2] - epoch 10 - train iter 235 - 20580.2 words/s - loss: 0.4708
00:32:53 - process[2]: evaluating epoch 10 on dev ...
00:33:17 - dev set during evaluation: 10640/10633
00:33:17 - process[2] - dev - epoch 10 - mAP: 0.327 w/ 37 queries
00:33:17 - process[2]: evaluating epoch 10 on test ...
00:33:36 - process[2] - test - epoch 10 - mAP: 0.386 w/ 37 queries
00:33:36 - process[2]: training epoch 11 ...
00:33:46 - process[2] - epoch 11 - train iter 235 - 20491.2 words/s - loss: 0.4694
00:33:46 - process[2]: evaluating epoch 11 on dev ...
00:34:03 - dev set during evaluation: 10640/10633
00:34:03 - process[2] - dev - epoch 11 - mAP: 0.332 w/ 37 queries
00:34:03 - process[2]: evaluating epoch 11 on test ...
00:34:22 - process[2] - test - epoch 11 - mAP: 0.386 w/ 37 queries
00:34:22 - process[2]: training epoch 12 ...
00:34:31 - process[2] - epoch 12 - train iter 235 - 22104.6 words/s - loss: 0.4420
00:34:31 - process[2]: evaluating epoch 12 on dev ...
00:34:49 - dev set during evaluation: 10640/10633
00:34:49 - process[2] - dev - epoch 12 - mAP: 0.316 w/ 37 queries
00:34:49 - process[2]: training epoch 13 ...
00:34:58 - process[2] - epoch 13 - train iter 235 - 20458.4 words/s - loss: 0.3724
00:34:58 - process[2]: evaluating epoch 13 on dev ...
00:35:16 - dev set during evaluation: 10640/10633
00:35:16 - process[2] - dev - epoch 13 - mAP: 0.297 w/ 37 queries
00:35:16 - process[2]: training epoch 14 ...
00:35:25 - process[2] - epoch 14 - train iter 235 - 21684.4 words/s - loss: 0.4186
00:35:25 - process[2]: evaluating epoch 14 on dev ...
00:35:43 - dev set during evaluation: 10640/10633
00:35:43 - process[2] - dev - epoch 14 - mAP: 0.340 w/ 37 queries
00:35:43 - process[2]: evaluating epoch 14 on test ...
00:36:03 - process[2] - test - epoch 14 - mAP: 0.398 w/ 37 queries
00:36:03 - process[2]: training epoch 15 ...
00:36:11 - process[2] - epoch 15 - train iter 235 - 21472.2 words/s - loss: 0.4165
00:36:11 - process[2]: evaluating epoch 15 on dev ...
00:36:29 - dev set during evaluation: 10640/10633
00:36:29 - process[2] - dev - epoch 15 - mAP: 0.352 w/ 37 queries
00:36:29 - process[2]: evaluating epoch 15 on test ...
00:36:48 - process[2] - test - epoch 15 - mAP: 0.387 w/ 37 queries
00:36:48 - process[2]: training epoch 16 ...
00:36:57 - process[2] - epoch 16 - train iter 235 - 21260.8 words/s - loss: 0.4266
00:36:57 - process[2]: evaluating epoch 16 on dev ...
00:37:16 - dev set during evaluation: 10640/10633
00:37:16 - process[2] - dev - epoch 16 - mAP: 0.317 w/ 37 queries
00:37:16 - process[2]: training epoch 17 ...
00:37:25 - process[2] - epoch 17 - train iter 235 - 20836.9 words/s - loss: 0.4243
00:37:25 - process[2]: evaluating epoch 17 on dev ...
00:37:43 - dev set during evaluation: 10640/10633
00:37:43 - process[2] - dev - epoch 17 - mAP: 0.331 w/ 37 queries
00:37:43 - process[2]: training epoch 18 ...
00:37:52 - process[2] - epoch 18 - train iter 235 - 21739.6 words/s - loss: 0.3961
00:37:52 - process[2]: evaluating epoch 18 on dev ...
00:38:10 - dev set during evaluation: 10640/10633
00:38:10 - process[2] - dev - epoch 18 - mAP: 0.354 w/ 37 queries
00:38:10 - process[2]: evaluating epoch 18 on test ...
00:38:29 - process[2] - test - epoch 18 - mAP: 0.371 w/ 37 queries
00:38:29 - process[2]: training epoch 19 ...
00:38:38 - process[2] - epoch 19 - train iter 235 - 21735.6 words/s - loss: 0.4072
00:38:38 - process[2]: evaluating epoch 19 on dev ...
00:38:56 - dev set during evaluation: 10640/10633
00:38:56 - process[2] - dev - epoch 19 - mAP: 0.341 w/ 37 queries
00:38:56 - [fold 5] best test MAP: 0.371 @ epoch 18
00:38:56 - [0.5295391634869694, 0.39620442277311707, 0.4291130668613744, 0.3291683649468855, 0.3710066231708611]
00:38:56 - [37, 37, 37, 37, 37]
00:38:56 - final MAP: 0.411
00:00:06 - Namespace(apex_level='O2', batch_size=8, cased=False, dataset='clef', debug=False, encoder_lr=2e-05, eval_step=1, full_doc_length=True, local_rank=2, model_path='/mnt/scratch/puxuan/short_qlm_0.45/2186793/huggingface-4', model_type='mbert', num_epochs=20, num_ft_encoders=3, num_neg=1, projector_lr=2e-05, seed=611, source_lang='de', target_lang='fr')
00:00:21 - Evaluating every 1 epochs ...
00:00:21 - reading data from /mnt/home/puxuan/CLIR-project/Evaluation_data/process-clef/uncased
00:00:21 - test has 37 queries ...
00:00:21 - Data reading done ...
00:00:28 - adding 9-th encoder to optimizer...
00:00:28 - adding 10-th encoder to optimizer...
00:00:28 - adding 11-th encoder to optimizer...
00:00:28 - process[2]: training epoch 0 ...
00:00:38 - process[2] - epoch 0 - train iter 241 - 20730.4 words/s - loss: 0.6211
00:00:38 - process[2]: training epoch 1 ...
00:00:47 - process[2] - epoch 1 - train iter 241 - 21504.6 words/s - loss: 0.5890
00:00:47 - process[2]: training epoch 2 ...
00:00:56 - process[2] - epoch 2 - train iter 241 - 21473.6 words/s - loss: 0.5578
00:00:56 - process[2]: training epoch 3 ...
00:01:05 - process[2] - epoch 3 - train iter 241 - 22599.8 words/s - loss: 0.5682
00:01:05 - process[2]: training epoch 4 ...
00:01:14 - process[2] - epoch 4 - train iter 241 - 22024.9 words/s - loss: 0.5525
00:01:14 - process[2]: training epoch 5 ...
00:01:23 - process[2] - epoch 5 - train iter 241 - 22175.0 words/s - loss: 0.5297
00:01:23 - process[2]: training epoch 6 ...
00:01:32 - process[2] - epoch 6 - train iter 241 - 21822.9 words/s - loss: 0.4760
00:01:32 - process[2]: training epoch 7 ...
00:01:41 - process[2] - epoch 7 - train iter 241 - 21265.1 words/s - loss: 0.4781
00:01:41 - process[2]: training epoch 8 ...
00:01:50 - process[2] - epoch 8 - train iter 241 - 22576.7 words/s - loss: 0.4984
00:01:50 - process[2]: training epoch 9 ...
00:01:59 - process[2] - epoch 9 - train iter 241 - 21932.1 words/s - loss: 0.4146
00:01:59 - process[2]: training epoch 10 ...
00:02:08 - process[2] - epoch 10 - train iter 241 - 22457.4 words/s - loss: 0.4660
00:02:08 - process[2]: evaluating epoch 10 on dev ...
00:02:30 - process[2] - dev - epoch 10 - mAP: 0.407 w/ 37 queries
00:02:30 - process[2]: evaluating epoch 10 on test ...
00:02:50 - test set during evaluation: 11380/11372
00:02:50 - process[2] - test - epoch 10 - mAP: 0.521 w/ 37 queries
00:02:50 - process[2]: training epoch 11 ...
00:02:59 - process[2] - epoch 11 - train iter 241 - 20980.1 words/s - loss: 0.4799
00:02:59 - process[2]: evaluating epoch 11 on dev ...
00:03:20 - process[2] - dev - epoch 11 - mAP: 0.375 w/ 37 queries
00:03:20 - process[2]: training epoch 12 ...
00:03:28 - process[2] - epoch 12 - train iter 241 - 22826.6 words/s - loss: 0.4261
00:03:28 - process[2]: evaluating epoch 12 on dev ...
00:03:47 - process[2] - dev - epoch 12 - mAP: 0.391 w/ 37 queries
00:03:47 - process[2]: training epoch 13 ...
00:03:56 - process[2] - epoch 13 - train iter 241 - 21505.1 words/s - loss: 0.4407
00:03:56 - process[2]: evaluating epoch 13 on dev ...
00:04:15 - process[2] - dev - epoch 13 - mAP: 0.408 w/ 37 queries
00:04:16 - process[2]: evaluating epoch 13 on test ...
00:04:35 - test set during evaluation: 11380/11372
00:04:35 - process[2] - test - epoch 13 - mAP: 0.535 w/ 37 queries
00:04:35 - process[2]: training epoch 14 ...
00:04:44 - process[2] - epoch 14 - train iter 241 - 21659.5 words/s - loss: 0.4008
00:04:44 - process[2]: evaluating epoch 14 on dev ...
00:05:04 - process[2] - dev - epoch 14 - mAP: 0.399 w/ 37 queries
00:05:04 - process[2]: training epoch 15 ...
00:05:12 - process[2] - epoch 15 - train iter 241 - 23415.7 words/s - loss: 0.4170
00:05:12 - process[2]: evaluating epoch 15 on dev ...
00:05:32 - process[2] - dev - epoch 15 - mAP: 0.414 w/ 37 queries
00:05:32 - process[2]: evaluating epoch 15 on test ...
00:05:51 - test set during evaluation: 11380/11372
00:05:51 - process[2] - test - epoch 15 - mAP: 0.530 w/ 37 queries
00:05:51 - process[2]: training epoch 16 ...
00:05:59 - process[2] - epoch 16 - train iter 241 - 21753.5 words/s - loss: 0.3672
00:05:59 - process[2]: evaluating epoch 16 on dev ...
00:06:19 - process[2] - dev - epoch 16 - mAP: 0.392 w/ 37 queries
00:06:19 - process[2]: training epoch 17 ...
00:06:28 - process[2] - epoch 17 - train iter 241 - 21487.1 words/s - loss: 0.4519
00:06:28 - process[2]: evaluating epoch 17 on dev ...
00:06:46 - process[2] - dev - epoch 17 - mAP: 0.411 w/ 37 queries
00:06:46 - process[2]: training epoch 18 ...
00:06:55 - process[2] - epoch 18 - train iter 241 - 22350.0 words/s - loss: 0.4563
00:06:55 - process[2]: evaluating epoch 18 on dev ...
00:07:14 - process[2] - dev - epoch 18 - mAP: 0.414 w/ 37 queries
00:07:14 - process[2]: training epoch 19 ...
00:07:23 - process[2] - epoch 19 - train iter 241 - 21777.7 words/s - loss: 0.4263
00:07:23 - process[2]: evaluating epoch 19 on dev ...
00:07:42 - process[2] - dev - epoch 19 - mAP: 0.412 w/ 37 queries
00:07:42 - [fold 1] best test MAP: 0.530 @ epoch 15
00:07:42 - Evaluating every 1 epochs ...
00:07:42 - reading data from /mnt/home/puxuan/CLIR-project/Evaluation_data/process-clef/uncased
00:07:42 - test has 37 queries ...
00:07:42 - Data reading done ...
00:07:43 - adding 9-th encoder to optimizer...
00:07:43 - adding 10-th encoder to optimizer...
00:07:43 - adding 11-th encoder to optimizer...
00:07:44 - process[2]: training epoch 0 ...
00:07:56 - process[2] - epoch 0 - train iter 276 - 18112.6 words/s - loss: 0.6357
00:07:56 - process[2]: training epoch 1 ...
00:08:08 - process[2] - epoch 1 - train iter 276 - 19674.0 words/s - loss: 0.5645
00:08:08 - process[2]: training epoch 2 ...
00:08:19 - process[2] - epoch 2 - train iter 276 - 21314.6 words/s - loss: 0.5295
00:08:19 - process[2]: training epoch 3 ...
00:08:29 - process[2] - epoch 3 - train iter 276 - 21381.9 words/s - loss: 0.5349
00:08:29 - process[2]: training epoch 4 ...
00:08:40 - process[2] - epoch 4 - train iter 276 - 21282.6 words/s - loss: 0.5126
00:08:40 - process[2]: training epoch 5 ...
00:08:51 - process[2] - epoch 5 - train iter 276 - 19164.0 words/s - loss: 0.5080
00:08:51 - process[2]: training epoch 6 ...
00:09:02 - process[2] - epoch 6 - train iter 276 - 21112.4 words/s - loss: 0.4981
00:09:02 - process[2]: training epoch 7 ...
00:09:13 - process[2] - epoch 7 - train iter 276 - 20310.2 words/s - loss: 0.5043
00:09:13 - process[2]: training epoch 8 ...
00:09:25 - process[2] - epoch 8 - train iter 276 - 19322.1 words/s - loss: 0.4924
00:09:25 - process[2]: training epoch 9 ...
00:09:36 - process[2] - epoch 9 - train iter 276 - 20490.6 words/s - loss: 0.4621
00:09:36 - process[2]: training epoch 10 ...
00:09:47 - process[2] - epoch 10 - train iter 276 - 21278.0 words/s - loss: 0.4459
00:09:47 - process[2]: evaluating epoch 10 on dev ...
00:10:06 - dev set during evaluation: 11380/11372
00:10:06 - process[2] - dev - epoch 10 - mAP: 0.460 w/ 37 queries
00:10:06 - process[2]: evaluating epoch 10 on test ...
00:10:24 - process[2] - test - epoch 10 - mAP: 0.346 w/ 37 queries
00:10:24 - process[2]: training epoch 11 ...
00:10:34 - process[2] - epoch 11 - train iter 276 - 20539.1 words/s - loss: 0.4602
00:10:34 - process[2]: evaluating epoch 11 on dev ...
00:10:54 - dev set during evaluation: 11380/11372
00:10:54 - process[2] - dev - epoch 11 - mAP: 0.469 w/ 37 queries
00:10:54 - process[2]: evaluating epoch 11 on test ...
00:11:12 - process[2] - test - epoch 11 - mAP: 0.388 w/ 37 queries
00:11:12 - process[2]: training epoch 12 ...
00:11:23 - process[2] - epoch 12 - train iter 276 - 20924.9 words/s - loss: 0.4525
00:11:23 - process[2]: evaluating epoch 12 on dev ...
00:11:41 - dev set during evaluation: 11380/11372
00:11:41 - process[2] - dev - epoch 12 - mAP: 0.471 w/ 37 queries
00:11:41 - process[2]: evaluating epoch 12 on test ...
00:11:58 - process[2] - test - epoch 12 - mAP: 0.370 w/ 37 queries
00:11:58 - process[2]: training epoch 13 ...
00:12:08 - process[2] - epoch 13 - train iter 276 - 22221.3 words/s - loss: 0.3850
00:12:08 - process[2]: evaluating epoch 13 on dev ...
00:12:28 - dev set during evaluation: 11380/11372
00:12:28 - process[2] - dev - epoch 13 - mAP: 0.493 w/ 37 queries
00:12:28 - process[2]: evaluating epoch 13 on test ...
00:12:45 - process[2] - test - epoch 13 - mAP: 0.384 w/ 37 queries
00:12:45 - process[2]: training epoch 14 ...
00:12:56 - process[2] - epoch 14 - train iter 276 - 21290.1 words/s - loss: 0.4621
00:12:56 - process[2]: evaluating epoch 14 on dev ...
00:13:15 - dev set during evaluation: 11380/11372
00:13:15 - process[2] - dev - epoch 14 - mAP: 0.471 w/ 37 queries
00:13:15 - process[2]: training epoch 15 ...
00:13:25 - process[2] - epoch 15 - train iter 276 - 21849.4 words/s - loss: 0.4285
00:13:25 - process[2]: evaluating epoch 15 on dev ...
00:13:44 - dev set during evaluation: 11380/11372
00:13:44 - process[2] - dev - epoch 15 - mAP: 0.523 w/ 37 queries
00:13:44 - process[2]: evaluating epoch 15 on test ...
00:14:01 - process[2] - test - epoch 15 - mAP: 0.396 w/ 37 queries
00:14:01 - process[2]: training epoch 16 ...
00:14:12 - process[2] - epoch 16 - train iter 276 - 21099.4 words/s - loss: 0.4388
00:14:12 - process[2]: evaluating epoch 16 on dev ...
00:14:30 - dev set during evaluation: 11380/11372
00:14:30 - process[2] - dev - epoch 16 - mAP: 0.511 w/ 37 queries
00:14:30 - process[2]: training epoch 17 ...
00:14:41 - process[2] - epoch 17 - train iter 276 - 20709.9 words/s - loss: 0.4572
00:14:41 - process[2]: evaluating epoch 17 on dev ...
00:15:00 - dev set during evaluation: 11380/11372
00:15:00 - process[2] - dev - epoch 17 - mAP: 0.503 w/ 37 queries
00:15:00 - process[2]: training epoch 18 ...
00:15:11 - process[2] - epoch 18 - train iter 276 - 21378.9 words/s - loss: 0.4363
00:15:11 - process[2]: evaluating epoch 18 on dev ...
00:15:30 - dev set during evaluation: 11380/11372
00:15:30 - process[2] - dev - epoch 18 - mAP: 0.493 w/ 37 queries
00:15:30 - process[2]: training epoch 19 ...
00:15:41 - process[2] - epoch 19 - train iter 276 - 20708.5 words/s - loss: 0.4199
00:15:41 - process[2]: evaluating epoch 19 on dev ...
00:16:00 - dev set during evaluation: 11380/11372
00:16:00 - process[2] - dev - epoch 19 - mAP: 0.477 w/ 37 queries
00:16:00 - [fold 2] best test MAP: 0.396 @ epoch 15
00:16:00 - Evaluating every 1 epochs ...
00:16:00 - reading data from /mnt/home/puxuan/CLIR-project/Evaluation_data/process-clef/uncased
00:16:01 - test has 37 queries ...
00:16:01 - Data reading done ...
00:16:02 - adding 9-th encoder to optimizer...
00:16:02 - adding 10-th encoder to optimizer...
00:16:02 - adding 11-th encoder to optimizer...
00:16:03 - process[2]: training epoch 0 ...
00:16:11 - process[2] - epoch 0 - train iter 240 - 21749.2 words/s - loss: 0.6292
00:16:11 - process[2]: training epoch 1 ...
00:16:21 - process[2] - epoch 1 - train iter 240 - 20646.5 words/s - loss: 0.5942
00:16:21 - process[2]: training epoch 2 ...
00:16:30 - process[2] - epoch 2 - train iter 240 - 21652.4 words/s - loss: 0.5594
00:16:30 - process[2]: training epoch 3 ...
00:16:39 - process[2] - epoch 3 - train iter 240 - 21783.4 words/s - loss: 0.5453
00:16:39 - process[2]: training epoch 4 ...
00:16:47 - process[2] - epoch 4 - train iter 240 - 21751.2 words/s - loss: 0.5279
00:16:47 - process[2]: training epoch 5 ...
00:16:57 - process[2] - epoch 5 - train iter 240 - 20038.8 words/s - loss: 0.5493
00:16:57 - process[2]: training epoch 6 ...
00:17:06 - process[2] - epoch 6 - train iter 240 - 22004.2 words/s - loss: 0.5266
00:17:06 - process[2]: training epoch 7 ...
00:17:15 - process[2] - epoch 7 - train iter 240 - 20777.0 words/s - loss: 0.5129
00:17:15 - process[2]: training epoch 8 ...
00:17:24 - process[2] - epoch 8 - train iter 240 - 21581.5 words/s - loss: 0.5197
00:17:24 - process[2]: training epoch 9 ...
00:17:33 - process[2] - epoch 9 - train iter 240 - 22559.6 words/s - loss: 0.5176
00:17:33 - process[2]: training epoch 10 ...
00:17:42 - process[2] - epoch 10 - train iter 240 - 21545.6 words/s - loss: 0.5004
00:17:42 - process[2]: evaluating epoch 10 on dev ...
00:18:00 - process[2] - dev - epoch 10 - mAP: 0.392 w/ 37 queries
00:18:00 - process[2]: evaluating epoch 10 on test ...
00:18:19 - test set during evaluation: 11210/11201
00:18:20 - process[2] - test - epoch 10 - mAP: 0.431 w/ 37 queries
00:18:20 - process[2]: training epoch 11 ...
00:18:29 - process[2] - epoch 11 - train iter 240 - 20985.1 words/s - loss: 0.4609
00:18:29 - process[2]: evaluating epoch 11 on dev ...
00:18:46 - process[2] - dev - epoch 11 - mAP: 0.373 w/ 37 queries
00:18:46 - process[2]: training epoch 12 ...
00:18:55 - process[2] - epoch 12 - train iter 240 - 20809.0 words/s - loss: 0.4766
00:18:55 - process[2]: evaluating epoch 12 on dev ...
00:19:13 - process[2] - dev - epoch 12 - mAP: 0.377 w/ 37 queries
00:19:13 - process[2]: training epoch 13 ...
00:19:22 - process[2] - epoch 13 - train iter 240 - 21249.7 words/s - loss: 0.4710
00:19:22 - process[2]: evaluating epoch 13 on dev ...
00:19:40 - process[2] - dev - epoch 13 - mAP: 0.396 w/ 37 queries
00:19:40 - process[2]: evaluating epoch 13 on test ...
00:20:00 - test set during evaluation: 11210/11201
00:20:00 - process[2] - test - epoch 13 - mAP: 0.421 w/ 37 queries
00:20:00 - process[2]: training epoch 14 ...
00:20:09 - process[2] - epoch 14 - train iter 240 - 21203.6 words/s - loss: 0.4280
00:20:09 - process[2]: evaluating epoch 14 on dev ...
00:20:26 - process[2] - dev - epoch 14 - mAP: 0.382 w/ 37 queries
00:20:26 - process[2]: training epoch 15 ...
00:20:35 - process[2] - epoch 15 - train iter 240 - 21753.9 words/s - loss: 0.4593
00:20:35 - process[2]: evaluating epoch 15 on dev ...
00:20:53 - process[2] - dev - epoch 15 - mAP: 0.368 w/ 37 queries
00:20:53 - process[2]: training epoch 16 ...
00:21:02 - process[2] - epoch 16 - train iter 240 - 21360.5 words/s - loss: 0.4068
00:21:02 - process[2]: evaluating epoch 16 on dev ...
00:21:19 - process[2] - dev - epoch 16 - mAP: 0.387 w/ 37 queries
00:21:19 - process[2]: training epoch 17 ...
00:21:28 - process[2] - epoch 17 - train iter 240 - 22401.3 words/s - loss: 0.4376
00:21:28 - process[2]: evaluating epoch 17 on dev ...
00:21:46 - process[2] - dev - epoch 17 - mAP: 0.400 w/ 37 queries
00:21:46 - process[2]: evaluating epoch 17 on test ...
00:22:06 - test set during evaluation: 11210/11201
00:22:06 - process[2] - test - epoch 17 - mAP: 0.427 w/ 37 queries
00:22:06 - process[2]: training epoch 18 ...
00:22:16 - process[2] - epoch 18 - train iter 240 - 19917.1 words/s - loss: 0.4745
00:22:16 - process[2]: evaluating epoch 18 on dev ...
00:22:33 - process[2] - dev - epoch 18 - mAP: 0.404 w/ 37 queries
00:22:33 - process[2]: evaluating epoch 18 on test ...
00:22:53 - test set during evaluation: 11210/11201
00:22:53 - process[2] - test - epoch 18 - mAP: 0.439 w/ 37 queries
00:22:53 - process[2]: training epoch 19 ...
00:23:02 - process[2] - epoch 19 - train iter 240 - 21068.9 words/s - loss: 0.4097
00:23:02 - process[2]: evaluating epoch 19 on dev ...
00:23:19 - process[2] - dev - epoch 19 - mAP: 0.406 w/ 37 queries
00:23:19 - process[2]: evaluating epoch 19 on test ...
00:23:38 - test set during evaluation: 11210/11201
00:23:38 - process[2] - test - epoch 19 - mAP: 0.429 w/ 37 queries
00:23:39 - [fold 3] best test MAP: 0.429 @ epoch 19
00:23:39 - Evaluating every 1 epochs ...
00:23:39 - reading data from /mnt/home/puxuan/CLIR-project/Evaluation_data/process-clef/uncased
00:23:39 - test has 37 queries ...
00:23:39 - Data reading done ...
00:23:40 - adding 9-th encoder to optimizer...
00:23:40 - adding 10-th encoder to optimizer...
00:23:40 - adding 11-th encoder to optimizer...
00:23:41 - process[2]: training epoch 0 ...
00:23:49 - process[2] - epoch 0 - train iter 231 - 21677.0 words/s - loss: 0.6409
00:23:49 - process[2]: training epoch 1 ...
00:23:58 - process[2] - epoch 1 - train iter 231 - 21233.5 words/s - loss: 0.5976
00:23:58 - process[2]: training epoch 2 ...
00:24:07 - process[2] - epoch 2 - train iter 231 - 21678.9 words/s - loss: 0.5750
00:24:07 - process[2]: training epoch 3 ...
00:24:16 - process[2] - epoch 3 - train iter 231 - 22334.3 words/s - loss: 0.5450
00:24:16 - process[2]: training epoch 4 ...
00:24:25 - process[2] - epoch 4 - train iter 231 - 20319.1 words/s - loss: 0.5043
00:24:25 - process[2]: training epoch 5 ...
00:24:33 - process[2] - epoch 5 - train iter 231 - 21980.7 words/s - loss: 0.5282
00:24:33 - process[2]: training epoch 6 ...
00:24:42 - process[2] - epoch 6 - train iter 231 - 20980.5 words/s - loss: 0.5184
00:24:42 - process[2]: training epoch 7 ...
00:24:51 - process[2] - epoch 7 - train iter 231 - 21466.6 words/s - loss: 0.4896
00:24:51 - process[2]: training epoch 8 ...
00:25:00 - process[2] - epoch 8 - train iter 231 - 20532.7 words/s - loss: 0.5438
00:25:00 - process[2]: training epoch 9 ...
00:25:08 - process[2] - epoch 9 - train iter 231 - 21553.7 words/s - loss: 0.4988
00:25:08 - process[2]: training epoch 10 ...
00:25:17 - process[2] - epoch 10 - train iter 231 - 21717.5 words/s - loss: 0.4495
00:25:17 - process[2]: evaluating epoch 10 on dev ...
00:25:40 - dev set during evaluation: 11210/11201
00:25:40 - process[2] - dev - epoch 10 - mAP: 0.410 w/ 37 queries
00:25:40 - process[2]: evaluating epoch 10 on test ...
00:25:58 - test set during evaluation: 10640/10633
00:25:58 - process[2] - test - epoch 10 - mAP: 0.307 w/ 37 queries
00:25:58 - process[2]: training epoch 11 ...
00:26:07 - process[2] - epoch 11 - train iter 231 - 21212.5 words/s - loss: 0.4789
00:26:07 - process[2]: evaluating epoch 11 on dev ...
00:26:26 - dev set during evaluation: 11210/11201
00:26:26 - process[2] - dev - epoch 11 - mAP: 0.428 w/ 37 queries
00:26:26 - process[2]: evaluating epoch 11 on test ...
00:26:44 - test set during evaluation: 10640/10633
00:26:44 - process[2] - test - epoch 11 - mAP: 0.324 w/ 37 queries
00:26:44 - process[2]: training epoch 12 ...
00:26:52 - process[2] - epoch 12 - train iter 231 - 21755.9 words/s - loss: 0.4788
00:26:52 - process[2]: evaluating epoch 12 on dev ...
00:27:12 - dev set during evaluation: 11210/11201
00:27:12 - process[2] - dev - epoch 12 - mAP: 0.426 w/ 37 queries
00:27:12 - process[2]: training epoch 13 ...
00:27:21 - process[2] - epoch 13 - train iter 231 - 20613.4 words/s - loss: 0.4453
00:27:21 - process[2]: evaluating epoch 13 on dev ...
00:27:41 - dev set during evaluation: 11210/11201
00:27:41 - process[2] - dev - epoch 13 - mAP: 0.398 w/ 37 queries
00:27:41 - process[2]: training epoch 14 ...
00:27:49 - process[2] - epoch 14 - train iter 231 - 21935.4 words/s - loss: 0.4137
00:27:49 - process[2]: evaluating epoch 14 on dev ...
00:28:09 - dev set during evaluation: 11210/11201
00:28:09 - process[2] - dev - epoch 14 - mAP: 0.431 w/ 37 queries
00:28:09 - process[2]: evaluating epoch 14 on test ...
00:28:27 - test set during evaluation: 10640/10633
00:28:27 - process[2] - test - epoch 14 - mAP: 0.301 w/ 37 queries
00:28:27 - process[2]: training epoch 15 ...
00:28:36 - process[2] - epoch 15 - train iter 231 - 21923.0 words/s - loss: 0.4773
00:28:36 - process[2]: evaluating epoch 15 on dev ...
00:28:56 - dev set during evaluation: 11210/11201
00:28:56 - process[2] - dev - epoch 15 - mAP: 0.404 w/ 37 queries
00:28:56 - process[2]: training epoch 16 ...
00:29:04 - process[2] - epoch 16 - train iter 231 - 21533.6 words/s - loss: 0.4453
00:29:04 - process[2]: evaluating epoch 16 on dev ...
00:29:24 - dev set during evaluation: 11210/11201
00:29:24 - process[2] - dev - epoch 16 - mAP: 0.423 w/ 37 queries
00:29:24 - process[2]: training epoch 17 ...
00:29:32 - process[2] - epoch 17 - train iter 231 - 21808.1 words/s - loss: 0.4022
00:29:32 - process[2]: evaluating epoch 17 on dev ...
00:29:52 - dev set during evaluation: 11210/11201
00:29:52 - process[2] - dev - epoch 17 - mAP: 0.434 w/ 37 queries
00:29:52 - process[2]: evaluating epoch 17 on test ...
00:30:09 - test set during evaluation: 10640/10633
00:30:09 - process[2] - test - epoch 17 - mAP: 0.329 w/ 37 queries
00:30:10 - process[2]: training epoch 18 ...
00:30:18 - process[2] - epoch 18 - train iter 231 - 22354.9 words/s - loss: 0.4124
00:30:18 - process[2]: evaluating epoch 18 on dev ...
00:30:39 - dev set during evaluation: 11210/11201
00:30:39 - process[2] - dev - epoch 18 - mAP: 0.433 w/ 37 queries
00:30:39 - process[2]: training epoch 19 ...
00:30:49 - process[2] - epoch 19 - train iter 231 - 20409.9 words/s - loss: 0.4202
00:30:49 - process[2]: evaluating epoch 19 on dev ...
00:31:08 - dev set during evaluation: 11210/11201
00:31:08 - process[2] - dev - epoch 19 - mAP: 0.393 w/ 37 queries
00:31:08 - [fold 4] best test MAP: 0.329 @ epoch 17
00:31:08 - Evaluating every 1 epochs ...
00:31:08 - reading data from /mnt/home/puxuan/CLIR-project/Evaluation_data/process-clef/uncased
00:31:08 - test has 37 queries ...
00:31:08 - Data reading done ...
00:31:10 - adding 9-th encoder to optimizer...
00:31:10 - adding 10-th encoder to optimizer...
00:31:10 - adding 11-th encoder to optimizer...
00:31:10 - process[2]: training epoch 0 ...
00:31:19 - process[2] - epoch 0 - train iter 235 - 20698.6 words/s - loss: 0.6356
00:31:19 - process[2]: training epoch 1 ...
00:31:28 - process[2] - epoch 1 - train iter 235 - 21356.8 words/s - loss: 0.5806
00:31:28 - process[2]: training epoch 2 ...
00:31:37 - process[2] - epoch 2 - train iter 235 - 21037.6 words/s - loss: 0.5724
00:31:37 - process[2]: training epoch 3 ...
00:31:47 - process[2] - epoch 3 - train iter 235 - 20913.6 words/s - loss: 0.5370
00:31:47 - process[2]: training epoch 4 ...
00:31:55 - process[2] - epoch 4 - train iter 235 - 22618.2 words/s - loss: 0.4784
00:31:55 - process[2]: training epoch 5 ...
00:32:03 - process[2] - epoch 5 - train iter 235 - 22467.1 words/s - loss: 0.5127
00:32:03 - process[2]: training epoch 6 ...
00:32:12 - process[2] - epoch 6 - train iter 235 - 21757.7 words/s - loss: 0.5392
00:32:12 - process[2]: training epoch 7 ...
00:32:20 - process[2] - epoch 7 - train iter 235 - 22256.3 words/s - loss: 0.4899
00:32:20 - process[2]: training epoch 8 ...
00:32:30 - process[2] - epoch 8 - train iter 235 - 20241.0 words/s - loss: 0.5109
00:32:30 - process[2]: training epoch 9 ...
00:32:39 - process[2] - epoch 9 - train iter 235 - 21651.8 words/s - loss: 0.4761
00:32:39 - process[2]: training epoch 10 ...
00:32:48 - process[2] - epoch 10 - train iter 235 - 19306.1 words/s - loss: 0.4708
00:32:48 - process[2]: evaluating epoch 10 on dev ...
00:33:08 - dev set during evaluation: 10640/10633
00:33:08 - process[2] - dev - epoch 10 - mAP: 0.327 w/ 37 queries
00:33:08 - process[2]: evaluating epoch 10 on test ...
00:33:26 - process[2] - test - epoch 10 - mAP: 0.386 w/ 37 queries
00:33:26 - process[2]: training epoch 11 ...
00:33:36 - process[2] - epoch 11 - train iter 235 - 20711.3 words/s - loss: 0.4694
00:33:36 - process[2]: evaluating epoch 11 on dev ...
00:33:54 - dev set during evaluation: 10640/10633
00:33:54 - process[2] - dev - epoch 11 - mAP: 0.332 w/ 37 queries
00:33:54 - process[2]: evaluating epoch 11 on test ...
00:34:13 - process[2] - test - epoch 11 - mAP: 0.386 w/ 37 queries
00:34:13 - process[2]: training epoch 12 ...
00:34:21 - process[2] - epoch 12 - train iter 235 - 22348.3 words/s - loss: 0.4420
00:34:21 - process[2]: evaluating epoch 12 on dev ...
00:34:39 - dev set during evaluation: 10640/10633
00:34:39 - process[2] - dev - epoch 12 - mAP: 0.316 w/ 37 queries
00:34:39 - process[2]: training epoch 13 ...
00:34:48 - process[2] - epoch 13 - train iter 235 - 20555.1 words/s - loss: 0.3724
00:34:48 - process[2]: evaluating epoch 13 on dev ...
00:35:06 - dev set during evaluation: 10640/10633
00:35:06 - process[2] - dev - epoch 13 - mAP: 0.297 w/ 37 queries
00:35:06 - process[2]: training epoch 14 ...
00:35:15 - process[2] - epoch 14 - train iter 235 - 21807.9 words/s - loss: 0.4186
00:35:15 - process[2]: evaluating epoch 14 on dev ...
00:35:33 - dev set during evaluation: 10640/10633
00:35:33 - process[2] - dev - epoch 14 - mAP: 0.340 w/ 37 queries
00:35:33 - process[2]: evaluating epoch 14 on test ...
00:35:51 - process[2] - test - epoch 14 - mAP: 0.398 w/ 37 queries
00:35:51 - process[2]: training epoch 15 ...
00:36:00 - process[2] - epoch 15 - train iter 235 - 21440.4 words/s - loss: 0.4165
00:36:00 - process[2]: evaluating epoch 15 on dev ...
00:36:18 - dev set during evaluation: 10640/10633
00:36:18 - process[2] - dev - epoch 15 - mAP: 0.352 w/ 37 queries
00:36:18 - process[2]: evaluating epoch 15 on test ...
00:36:37 - process[2] - test - epoch 15 - mAP: 0.387 w/ 37 queries
00:36:37 - process[2]: training epoch 16 ...
00:36:46 - process[2] - epoch 16 - train iter 235 - 20422.1 words/s - loss: 0.4266
00:36:46 - process[2]: evaluating epoch 16 on dev ...
00:37:04 - dev set during evaluation: 10640/10633
00:37:04 - process[2] - dev - epoch 16 - mAP: 0.317 w/ 37 queries
00:37:04 - process[2]: training epoch 17 ...
00:37:13 - process[2] - epoch 17 - train iter 235 - 20057.7 words/s - loss: 0.4243
00:37:13 - process[2]: evaluating epoch 17 on dev ...
00:37:32 - dev set during evaluation: 10640/10633
00:37:32 - process[2] - dev - epoch 17 - mAP: 0.331 w/ 37 queries
00:37:32 - process[2]: training epoch 18 ...
00:37:41 - process[2] - epoch 18 - train iter 235 - 21590.9 words/s - loss: 0.3961
00:37:41 - process[2]: evaluating epoch 18 on dev ...
00:37:59 - dev set during evaluation: 10640/10633
00:37:59 - process[2] - dev - epoch 18 - mAP: 0.354 w/ 37 queries
00:37:59 - process[2]: evaluating epoch 18 on test ...
00:38:20 - process[2] - test - epoch 18 - mAP: 0.371 w/ 37 queries
00:38:20 - process[2]: training epoch 19 ...
00:38:29 - process[2] - epoch 19 - train iter 235 - 21787.7 words/s - loss: 0.4072
00:38:29 - process[2]: evaluating epoch 19 on dev ...
00:38:47 - dev set during evaluation: 10640/10633
00:38:47 - process[2] - dev - epoch 19 - mAP: 0.341 w/ 37 queries
00:38:47 - [fold 5] best test MAP: 0.371 @ epoch 18
00:38:47 - [0.5295391634869694, 0.39620442277311707, 0.4291130668613744, 0.3291683649468855, 0.3710066231708611]
00:38:47 - [37, 37, 37, 37, 37]
00:38:47 - final MAP: 0.411
