00:00:02 - Namespace(apex_level='O2', batch_size=8, cased=False, dataset='mix', debug=False, encoder_lr=2e-05, eval_step=1, full_doc_length=True, local_rank=7, model_path='/mnt/scratch/puxuan/long_qlm-rr/2148591/huggingface-0', model_type='mbert-long', num_epochs=10, num_ft_encoders=3, num_neg=1, projector_lr=2e-05, seed=611, source_lang='fr', target_lang='de')
00:09:53 - BertLongForXLRetrieval(
  (bert): BertModel(
    (embeddings): BertEmbeddings(
      (word_embeddings): Embedding(105879, 768, padding_idx=0)
      (position_embeddings): Embedding(1024, 768)
      (token_type_embeddings): Embedding(2, 768)
      (LayerNorm): LayerNorm((768,), eps=1e-12, elementwise_affine=True)
      (dropout): Dropout(p=0.1, inplace=False)
    )
    (encoder): BertEncoder(
      (layer): ModuleList(
        (0): BertLayer(
          (attention): BertAttention(
            (self): LongformerSelfAttention(
              (query): Linear(in_features=768, out_features=768, bias=True)
              (key): Linear(in_features=768, out_features=768, bias=True)
              (value): Linear(in_features=768, out_features=768, bias=True)
              (query_global): Linear(in_features=768, out_features=768, bias=True)
              (key_global): Linear(in_features=768, out_features=768, bias=True)
              (value_global): Linear(in_features=768, out_features=768, bias=True)
            )
            (output): BertSelfOutput(
              (dense): Linear(in_features=768, out_features=768, bias=True)
              (LayerNorm): LayerNorm((768,), eps=1e-12, elementwise_affine=True)
              (dropout): Dropout(p=0.1, inplace=False)
            )
          )
          (intermediate): BertIntermediate(
            (dense): Linear(in_features=768, out_features=3072, bias=True)
          )
          (output): BertOutput(
            (dense): Linear(in_features=3072, out_features=768, bias=True)
            (LayerNorm): LayerNorm((768,), eps=1e-12, elementwise_affine=True)
            (dropout): Dropout(p=0.1, inplace=False)
          )
        )
        (1): BertLayer(
          (attention): BertAttention(
            (self): LongformerSelfAttention(
              (query): Linear(in_features=768, out_features=768, bias=True)
              (key): Linear(in_features=768, out_features=768, bias=True)
              (value): Linear(in_features=768, out_features=768, bias=True)
              (query_global): Linear(in_features=768, out_features=768, bias=True)
              (key_global): Linear(in_features=768, out_features=768, bias=True)
              (value_global): Linear(in_features=768, out_features=768, bias=True)
            )
            (output): BertSelfOutput(
              (dense): Linear(in_features=768, out_features=768, bias=True)
              (LayerNorm): LayerNorm((768,), eps=1e-12, elementwise_affine=True)
              (dropout): Dropout(p=0.1, inplace=False)
            )
          )
          (intermediate): BertIntermediate(
            (dense): Linear(in_features=768, out_features=3072, bias=True)
          )
          (output): BertOutput(
            (dense): Linear(in_features=3072, out_features=768, bias=True)
            (LayerNorm): LayerNorm((768,), eps=1e-12, elementwise_affine=True)
            (dropout): Dropout(p=0.1, inplace=False)
          )
        )
        (2): BertLayer(
          (attention): BertAttention(
            (self): LongformerSelfAttention(
              (query): Linear(in_features=768, out_features=768, bias=True)
              (key): Linear(in_features=768, out_features=768, bias=True)
              (value): Linear(in_features=768, out_features=768, bias=True)
              (query_global): Linear(in_features=768, out_features=768, bias=True)
              (key_global): Linear(in_features=768, out_features=768, bias=True)
              (value_global): Linear(in_features=768, out_features=768, bias=True)
            )
            (output): BertSelfOutput(
              (dense): Linear(in_features=768, out_features=768, bias=True)
              (LayerNorm): LayerNorm((768,), eps=1e-12, elementwise_affine=True)
              (dropout): Dropout(p=0.1, inplace=False)
            )
          )
          (intermediate): BertIntermediate(
            (dense): Linear(in_features=768, out_features=3072, bias=True)
          )
          (output): BertOutput(
            (dense): Linear(in_features=3072, out_features=768, bias=True)
            (LayerNorm): LayerNorm((768,), eps=1e-12, elementwise_affine=True)
            (dropout): Dropout(p=0.1, inplace=False)
          )
        )
        (3): BertLayer(
          (attention): BertAttention(
            (self): LongformerSelfAttention(
              (query): Linear(in_features=768, out_features=768, bias=True)
              (key): Linear(in_features=768, out_features=768, bias=True)
              (value): Linear(in_features=768, out_features=768, bias=True)
              (query_global): Linear(in_features=768, out_features=768, bias=True)
              (key_global): Linear(in_features=768, out_features=768, bias=True)
              (value_global): Linear(in_features=768, out_features=768, bias=True)
            )
            (output): BertSelfOutput(
              (dense): Linear(in_features=768, out_features=768, bias=True)
              (LayerNorm): LayerNorm((768,), eps=1e-12, elementwise_affine=True)
              (dropout): Dropout(p=0.1, inplace=False)
            )
          )
          (intermediate): BertIntermediate(
            (dense): Linear(in_features=768, out_features=3072, bias=True)
          )
          (output): BertOutput(
            (dense): Linear(in_features=3072, out_features=768, bias=True)
            (LayerNorm): LayerNorm((768,), eps=1e-12, elementwise_affine=True)
            (dropout): Dropout(p=0.1, inplace=False)
          )
        )
        (4): BertLayer(
          (attention): BertAttention(
            (self): LongformerSelfAttention(
              (query): Linear(in_features=768, out_features=768, bias=True)
              (key): Linear(in_features=768, out_features=768, bias=True)
              (value): Linear(in_features=768, out_features=768, bias=True)
              (query_global): Linear(in_features=768, out_features=768, bias=True)
              (key_global): Linear(in_features=768, out_features=768, bias=True)
              (value_global): Linear(in_features=768, out_features=768, bias=True)
            )
            (output): BertSelfOutput(
              (dense): Linear(in_features=768, out_features=768, bias=True)
              (LayerNorm): LayerNorm((768,), eps=1e-12, elementwise_affine=True)
              (dropout): Dropout(p=0.1, inplace=False)
            )
          )
          (intermediate): BertIntermediate(
            (dense): Linear(in_features=768, out_features=3072, bias=True)
          )
          (output): BertOutput(
            (dense): Linear(in_features=3072, out_features=768, bias=True)
            (LayerNorm): LayerNorm((768,), eps=1e-12, elementwise_affine=True)
            (dropout): Dropout(p=0.1, inplace=False)
          )
        )
        (5): BertLayer(
          (attention): BertAttention(
            (self): LongformerSelfAttention(
              (query): Linear(in_features=768, out_features=768, bias=True)
              (key): Linear(in_features=768, out_features=768, bias=True)
              (value): Linear(in_features=768, out_features=768, bias=True)
              (query_global): Linear(in_features=768, out_features=768, bias=True)
              (key_global): Linear(in_features=768, out_features=768, bias=True)
              (value_global): Linear(in_features=768, out_features=768, bias=True)
            )
            (output): BertSelfOutput(
              (dense): Linear(in_features=768, out_features=768, bias=True)
              (LayerNorm): LayerNorm((768,), eps=1e-12, elementwise_affine=True)
              (dropout): Dropout(p=0.1, inplace=False)
            )
          )
          (intermediate): BertIntermediate(
            (dense): Linear(in_features=768, out_features=3072, bias=True)
          )
          (output): BertOutput(
            (dense): Linear(in_features=3072, out_features=768, bias=True)
            (LayerNorm): LayerNorm((768,), eps=1e-12, elementwise_affine=True)
            (dropout): Dropout(p=0.1, inplace=False)
          )
        )
        (6): BertLayer(
          (attention): BertAttention(
            (self): LongformerSelfAttention(
              (query): Linear(in_features=768, out_features=768, bias=True)
              (key): Linear(in_features=768, out_features=768, bias=True)
              (value): Linear(in_features=768, out_features=768, bias=True)
              (query_global): Linear(in_features=768, out_features=768, bias=True)
              (key_global): Linear(in_features=768, out_features=768, bias=True)
              (value_global): Linear(in_features=768, out_features=768, bias=True)
            )
            (output): BertSelfOutput(
              (dense): Linear(in_features=768, out_features=768, bias=True)
              (LayerNorm): LayerNorm((768,), eps=1e-12, elementwise_affine=True)
              (dropout): Dropout(p=0.1, inplace=False)
            )
          )
          (intermediate): BertIntermediate(
            (dense): Linear(in_features=768, out_features=3072, bias=True)
          )
          (output): BertOutput(
            (dense): Linear(in_features=3072, out_features=768, bias=True)
            (LayerNorm): LayerNorm((768,), eps=1e-12, elementwise_affine=True)
            (dropout): Dropout(p=0.1, inplace=False)
          )
        )
        (7): BertLayer(
          (attention): BertAttention(
            (self): LongformerSelfAttention(
              (query): Linear(in_features=768, out_features=768, bias=True)
              (key): Linear(in_features=768, out_features=768, bias=True)
              (value): Linear(in_features=768, out_features=768, bias=True)
              (query_global): Linear(in_features=768, out_features=768, bias=True)
              (key_global): Linear(in_features=768, out_features=768, bias=True)
              (value_global): Linear(in_features=768, out_features=768, bias=True)
            )
            (output): BertSelfOutput(
              (dense): Linear(in_features=768, out_features=768, bias=True)
              (LayerNorm): LayerNorm((768,), eps=1e-12, elementwise_affine=True)
              (dropout): Dropout(p=0.1, inplace=False)
            )
          )
          (intermediate): BertIntermediate(
            (dense): Linear(in_features=768, out_features=3072, bias=True)
          )
          (output): BertOutput(
            (dense): Linear(in_features=3072, out_features=768, bias=True)
            (LayerNorm): LayerNorm((768,), eps=1e-12, elementwise_affine=True)
            (dropout): Dropout(p=0.1, inplace=False)
          )
        )
        (8): BertLayer(
          (attention): BertAttention(
            (self): LongformerSelfAttention(
              (query): Linear(in_features=768, out_features=768, bias=True)
              (key): Linear(in_features=768, out_features=768, bias=True)
              (value): Linear(in_features=768, out_features=768, bias=True)
              (query_global): Linear(in_features=768, out_features=768, bias=True)
              (key_global): Linear(in_features=768, out_features=768, bias=True)
              (value_global): Linear(in_features=768, out_features=768, bias=True)
            )
            (output): BertSelfOutput(
              (dense): Linear(in_features=768, out_features=768, bias=True)
              (LayerNorm): LayerNorm((768,), eps=1e-12, elementwise_affine=True)
              (dropout): Dropout(p=0.1, inplace=False)
            )
          )
          (intermediate): BertIntermediate(
            (dense): Linear(in_features=768, out_features=3072, bias=True)
          )
          (output): BertOutput(
            (dense): Linear(in_features=3072, out_features=768, bias=True)
            (LayerNorm): LayerNorm((768,), eps=1e-12, elementwise_affine=True)
            (dropout): Dropout(p=0.1, inplace=False)
          )
        )
        (9): BertLayer(
          (attention): BertAttention(
            (self): LongformerSelfAttention(
              (query): Linear(in_features=768, out_features=768, bias=True)
              (key): Linear(in_features=768, out_features=768, bias=True)
              (value): Linear(in_features=768, out_features=768, bias=True)
              (query_global): Linear(in_features=768, out_features=768, bias=True)
              (key_global): Linear(in_features=768, out_features=768, bias=True)
              (value_global): Linear(in_features=768, out_features=768, bias=True)
            )
            (output): BertSelfOutput(
              (dense): Linear(in_features=768, out_features=768, bias=True)
              (LayerNorm): LayerNorm((768,), eps=1e-12, elementwise_affine=True)
              (dropout): Dropout(p=0.1, inplace=False)
            )
          )
          (intermediate): BertIntermediate(
            (dense): Linear(in_features=768, out_features=3072, bias=True)
          )
          (output): BertOutput(
            (dense): Linear(in_features=3072, out_features=768, bias=True)
            (LayerNorm): LayerNorm((768,), eps=1e-12, elementwise_affine=True)
            (dropout): Dropout(p=0.1, inplace=False)
          )
        )
        (10): BertLayer(
          (attention): BertAttention(
            (self): LongformerSelfAttention(
              (query): Linear(in_features=768, out_features=768, bias=True)
              (key): Linear(in_features=768, out_features=768, bias=True)
              (value): Linear(in_features=768, out_features=768, bias=True)
              (query_global): Linear(in_features=768, out_features=768, bias=True)
              (key_global): Linear(in_features=768, out_features=768, bias=True)
              (value_global): Linear(in_features=768, out_features=768, bias=True)
            )
            (output): BertSelfOutput(
              (dense): Linear(in_features=768, out_features=768, bias=True)
              (LayerNorm): LayerNorm((768,), eps=1e-12, elementwise_affine=True)
              (dropout): Dropout(p=0.1, inplace=False)
            )
          )
          (intermediate): BertIntermediate(
            (dense): Linear(in_features=768, out_features=3072, bias=True)
          )
          (output): BertOutput(
            (dense): Linear(in_features=3072, out_features=768, bias=True)
            (LayerNorm): LayerNorm((768,), eps=1e-12, elementwise_affine=True)
            (dropout): Dropout(p=0.1, inplace=False)
          )
        )
        (11): BertLayer(
          (attention): BertAttention(
            (self): LongformerSelfAttention(
              (query): Linear(in_features=768, out_features=768, bias=True)
              (key): Linear(in_features=768, out_features=768, bias=True)
              (value): Linear(in_features=768, out_features=768, bias=True)
              (query_global): Linear(in_features=768, out_features=768, bias=True)
              (key_global): Linear(in_features=768, out_features=768, bias=True)
              (value_global): Linear(in_features=768, out_features=768, bias=True)
            )
            (output): BertSelfOutput(
              (dense): Linear(in_features=768, out_features=768, bias=True)
              (LayerNorm): LayerNorm((768,), eps=1e-12, elementwise_affine=True)
              (dropout): Dropout(p=0.1, inplace=False)
            )
          )
          (intermediate): BertIntermediate(
            (dense): Linear(in_features=768, out_features=3072, bias=True)
          )
          (output): BertOutput(
            (dense): Linear(in_features=3072, out_features=768, bias=True)
            (LayerNorm): LayerNorm((768,), eps=1e-12, elementwise_affine=True)
            (dropout): Dropout(p=0.1, inplace=False)
          )
        )
      )
    )
    (pooler): BertPooler(
      (dense): Linear(in_features=768, out_features=768, bias=True)
      (activation): Tanh()
    )
  )
  (mlm_cls): BertOnlyMLMHead(
    (predictions): BertLMPredictionHead(
      (transform): BertPredictionHeadTransform(
        (dense): Linear(in_features=768, out_features=768, bias=True)
        (LayerNorm): LayerNorm((768,), eps=1e-12, elementwise_affine=True)
      )
      (decoder): Linear(in_features=768, out_features=105879, bias=True)
    )
  )
  (seqcls_dropout): Dropout(p=0.1, inplace=False)
  (seqcls_classifier): Linear(in_features=768, out_features=2, bias=True)
)
00:09:53 - Evaluating every 1 epochs ...
00:09:55 - reading data from /mnt/home/puxuan/wiki-clir/uncased and /mnt/home/puxuan/CLIR-project/Evaluation_data/process-clef/uncased
00:09:55 - f1 has 96 queries ...
00:09:55 - f2 has 96 queries ...
00:09:55 - Data reading done ...
00:10:01 - adding 9-th encoder to optimizer...
00:10:01 - adding 10-th encoder to optimizer...
00:10:01 - adding 11-th encoder to optimizer...
00:10:01 - process[7]: training epoch 0 ...
00:12:46 - process[7] - epoch 0 - train iter 625 - 4947.2 words/s - loss: 0.2688
00:12:46 - process[7]: training epoch 1 ...
00:15:47 - process[7] - epoch 1 - train iter 625 - 4551.4 words/s - loss: 0.1620
00:15:47 - process[7]: training epoch 2 ...
00:18:16 - process[7] - epoch 2 - train iter 625 - 5576.1 words/s - loss: 0.1552
00:18:16 - process[7]: training epoch 3 ...
00:20:49 - process[7] - epoch 3 - train iter 625 - 5348.0 words/s - loss: 0.1182
00:20:49 - process[7]: training epoch 4 ...
00:23:14 - process[7] - epoch 4 - train iter 625 - 5717.8 words/s - loss: 0.1276
00:23:14 - process[7]: training epoch 5 ...
00:25:44 - process[7] - epoch 5 - train iter 625 - 5533.9 words/s - loss: 0.1479
00:25:44 - process[7]: evaluating epoch 5 on f1 ...
00:28:54 - f1 set during evaluation: 34440/34436
00:28:54 - process[7] - f1 - epoch 5 - mAP: 0.431 w/ 96 queries
00:28:54 - process[7]: evaluating epoch 5 on f2 ...
00:30:27 - f2 set during evaluation: 34560/34553
00:30:27 - process[7] - f2 - epoch 5 - mAP: 0.445 w/ 96 queries
00:30:27 - process[7]: training epoch 6 ...
00:33:52 - process[7] - epoch 6 - train iter 625 - 4071.4 words/s - loss: 0.1101
00:33:52 - process[7]: evaluating epoch 6 on f1 ...
00:35:21 - f1 set during evaluation: 34440/34436
00:35:21 - process[7] - f1 - epoch 6 - mAP: 0.422 w/ 96 queries
00:35:21 - process[7]: evaluating epoch 6 on f2 ...
00:36:55 - f2 set during evaluation: 34560/34553
00:36:55 - process[7] - f2 - epoch 6 - mAP: 0.433 w/ 96 queries
00:36:55 - process[7]: training epoch 7 ...
00:39:26 - process[7] - epoch 7 - train iter 625 - 5448.0 words/s - loss: 0.1314
00:39:26 - process[7]: evaluating epoch 7 on f1 ...
00:41:31 - f1 set during evaluation: 34440/34436
00:41:31 - process[7] - f1 - epoch 7 - mAP: 0.420 w/ 96 queries
00:41:31 - process[7]: evaluating epoch 7 on f2 ...
00:43:04 - f2 set during evaluation: 34560/34553
00:43:04 - process[7] - f2 - epoch 7 - mAP: 0.416 w/ 96 queries
00:43:04 - process[7]: training epoch 8 ...
00:45:59 - process[7] - epoch 8 - train iter 625 - 4796.3 words/s - loss: 0.1025
00:45:59 - process[7]: evaluating epoch 8 on f1 ...
00:47:28 - f1 set during evaluation: 34440/34436
00:47:28 - process[7] - f1 - epoch 8 - mAP: 0.431 w/ 96 queries
00:47:28 - process[7]: evaluating epoch 8 on f2 ...
00:49:02 - f2 set during evaluation: 34560/34553
00:49:02 - process[7] - f2 - epoch 8 - mAP: 0.431 w/ 96 queries
00:49:02 - process[7]: training epoch 9 ...
00:52:12 - process[7] - epoch 9 - train iter 625 - 4321.9 words/s - loss: 0.0887
00:52:12 - process[7]: evaluating epoch 9 on f1 ...
00:53:41 - f1 set during evaluation: 34440/34436
00:53:41 - process[7] - f1 - epoch 9 - mAP: 0.418 w/ 96 queries
00:53:41 - process[7]: evaluating epoch 9 on f2 ...
00:55:15 - f2 set during evaluation: 34560/34553
00:55:15 - process[7] - f2 - epoch 9 - mAP: 0.426 w/ 96 queries
