00:00:06 - Namespace(apex_level='O2', batch_size=8, cased=False, dataset='clef', debug=False, encoder_lr=2e-05, eval_step=1, full_doc_length=True, local_rank=3, model_path='/mnt/scratch/puxuan/short_rr/2186734/huggingface-19', model_type='mbert', num_epochs=20, num_ft_encoders=3, num_neg=1, projector_lr=2e-05, seed=611, source_lang='en', target_lang='es')
00:00:16 - Evaluating every 1 epochs ...
00:00:16 - reading data from /mnt/home/puxuan/CLIR-project/Evaluation_data/process-clef/uncased
00:00:18 - test has 31 queries ...
00:00:18 - Data reading done ...
00:00:24 - adding 9-th encoder to optimizer...
00:00:24 - adding 10-th encoder to optimizer...
00:00:24 - adding 11-th encoder to optimizer...
00:00:25 - process[3]: training epoch 0 ...
00:00:42 - process[3] - epoch 0 - train iter 540 - 27077.3 words/s - loss: 0.5046
00:00:42 - process[3]: training epoch 1 ...
00:00:58 - process[3] - epoch 1 - train iter 540 - 28431.2 words/s - loss: 0.4340
00:00:58 - process[3]: training epoch 2 ...
00:01:14 - process[3] - epoch 2 - train iter 540 - 28391.1 words/s - loss: 0.4169
00:01:14 - process[3]: training epoch 3 ...
00:01:31 - process[3] - epoch 3 - train iter 540 - 28566.3 words/s - loss: 0.3846
00:01:31 - process[3]: training epoch 4 ...
00:01:47 - process[3] - epoch 4 - train iter 540 - 28359.2 words/s - loss: 0.3497
00:01:47 - process[3]: training epoch 5 ...
00:02:04 - process[3] - epoch 5 - train iter 540 - 28444.7 words/s - loss: 0.3438
00:02:04 - process[3]: training epoch 6 ...
00:02:20 - process[3] - epoch 6 - train iter 540 - 28214.5 words/s - loss: 0.3491
00:02:20 - process[3]: training epoch 7 ...
00:02:36 - process[3] - epoch 7 - train iter 540 - 28709.8 words/s - loss: 0.3500
00:02:36 - process[3]: training epoch 8 ...
00:02:53 - process[3] - epoch 8 - train iter 540 - 28573.1 words/s - loss: 0.3213
00:02:53 - process[3]: training epoch 9 ...
00:03:09 - process[3] - epoch 9 - train iter 540 - 28641.5 words/s - loss: 0.3155
00:03:09 - process[3]: training epoch 10 ...
00:03:26 - process[3] - epoch 10 - train iter 540 - 28573.9 words/s - loss: 0.3484
00:03:26 - process[3]: evaluating epoch 10 on dev ...
00:03:40 - process[3] - dev - epoch 10 - mAP: 0.512 w/ 31 queries
00:03:40 - process[3]: evaluating epoch 10 on test ...
00:03:54 - test set during evaluation: 11460/11458
00:03:54 - process[3] - test - epoch 10 - mAP: 0.565 w/ 31 queries
00:03:54 - process[3]: training epoch 11 ...
00:04:10 - process[3] - epoch 11 - train iter 540 - 28813.6 words/s - loss: 0.3221
00:04:10 - process[3]: evaluating epoch 11 on dev ...
00:04:24 - process[3] - dev - epoch 11 - mAP: 0.514 w/ 31 queries
00:04:24 - process[3]: evaluating epoch 11 on test ...
00:04:38 - test set during evaluation: 11460/11458
00:04:38 - process[3] - test - epoch 11 - mAP: 0.569 w/ 31 queries
00:04:38 - process[3]: training epoch 12 ...
00:04:54 - process[3] - epoch 12 - train iter 540 - 28990.0 words/s - loss: 0.3178
00:04:54 - process[3]: evaluating epoch 12 on dev ...
00:05:07 - process[3] - dev - epoch 12 - mAP: 0.509 w/ 31 queries
00:05:07 - process[3]: training epoch 13 ...
00:05:24 - process[3] - epoch 13 - train iter 540 - 28833.1 words/s - loss: 0.2862
00:05:24 - process[3]: evaluating epoch 13 on dev ...
00:05:37 - process[3] - dev - epoch 13 - mAP: 0.508 w/ 31 queries
00:05:37 - process[3]: training epoch 14 ...
00:05:53 - process[3] - epoch 14 - train iter 540 - 28943.6 words/s - loss: 0.2923
00:05:53 - process[3]: evaluating epoch 14 on dev ...
00:06:07 - process[3] - dev - epoch 14 - mAP: 0.512 w/ 31 queries
00:06:07 - process[3]: training epoch 15 ...
00:06:23 - process[3] - epoch 15 - train iter 540 - 28605.6 words/s - loss: 0.2848
00:06:23 - process[3]: evaluating epoch 15 on dev ...
00:06:37 - process[3] - dev - epoch 15 - mAP: 0.505 w/ 31 queries
00:06:37 - process[3]: training epoch 16 ...
00:06:53 - process[3] - epoch 16 - train iter 540 - 28720.0 words/s - loss: 0.2388
00:06:53 - process[3]: evaluating epoch 16 on dev ...
00:07:06 - process[3] - dev - epoch 16 - mAP: 0.506 w/ 31 queries
00:07:06 - process[3]: training epoch 17 ...
00:07:23 - process[3] - epoch 17 - train iter 540 - 28650.2 words/s - loss: 0.2868
00:07:23 - process[3]: evaluating epoch 17 on dev ...
00:07:36 - process[3] - dev - epoch 17 - mAP: 0.504 w/ 31 queries
00:07:36 - process[3]: training epoch 18 ...
00:07:52 - process[3] - epoch 18 - train iter 540 - 28681.6 words/s - loss: 0.3032
00:07:52 - process[3]: evaluating epoch 18 on dev ...
00:08:06 - process[3] - dev - epoch 18 - mAP: 0.510 w/ 31 queries
00:08:06 - process[3]: training epoch 19 ...
00:08:22 - process[3] - epoch 19 - train iter 540 - 28425.5 words/s - loss: 0.2625
00:08:22 - process[3]: evaluating epoch 19 on dev ...
00:08:36 - process[3] - dev - epoch 19 - mAP: 0.507 w/ 31 queries
00:08:36 - [fold 1] best test MAP: 0.569 @ epoch 11
00:08:36 - Evaluating every 1 epochs ...
00:08:36 - reading data from /mnt/home/puxuan/CLIR-project/Evaluation_data/process-clef/uncased
00:08:37 - test has 32 queries ...
00:08:37 - Data reading done ...
00:08:39 - adding 9-th encoder to optimizer...
00:08:39 - adding 10-th encoder to optimizer...
00:08:39 - adding 11-th encoder to optimizer...
00:08:39 - process[3]: training epoch 0 ...
00:08:54 - process[3] - epoch 0 - train iter 492 - 28160.4 words/s - loss: 0.4718
00:08:54 - process[3]: training epoch 1 ...
00:09:09 - process[3] - epoch 1 - train iter 492 - 28472.8 words/s - loss: 0.4474
00:09:09 - process[3]: training epoch 2 ...
00:09:25 - process[3] - epoch 2 - train iter 492 - 28476.2 words/s - loss: 0.3820
00:09:25 - process[3]: training epoch 3 ...
00:09:40 - process[3] - epoch 3 - train iter 492 - 28175.4 words/s - loss: 0.3778
00:09:40 - process[3]: training epoch 4 ...
00:09:55 - process[3] - epoch 4 - train iter 492 - 27831.6 words/s - loss: 0.3834
00:09:55 - process[3]: training epoch 5 ...
00:10:10 - process[3] - epoch 5 - train iter 492 - 28222.3 words/s - loss: 0.3607
00:10:10 - process[3]: training epoch 6 ...
00:10:25 - process[3] - epoch 6 - train iter 492 - 28315.0 words/s - loss: 0.3383
00:10:25 - process[3]: training epoch 7 ...
00:10:40 - process[3] - epoch 7 - train iter 492 - 28441.8 words/s - loss: 0.3315
00:10:40 - process[3]: training epoch 8 ...
00:10:55 - process[3] - epoch 8 - train iter 492 - 28338.0 words/s - loss: 0.3211
00:10:55 - process[3]: training epoch 9 ...
00:11:10 - process[3] - epoch 9 - train iter 492 - 28483.1 words/s - loss: 0.3438
00:11:10 - process[3]: training epoch 10 ...
00:11:25 - process[3] - epoch 10 - train iter 492 - 28356.7 words/s - loss: 0.2925
00:11:25 - process[3]: evaluating epoch 10 on dev ...
00:11:41 - dev set during evaluation: 11460/11458
00:11:41 - process[3] - dev - epoch 10 - mAP: 0.583 w/ 31 queries
00:11:41 - process[3]: evaluating epoch 10 on test ...
00:11:56 - process[3] - test - epoch 10 - mAP: 0.645 w/ 32 queries
00:11:56 - process[3]: training epoch 11 ...
00:12:11 - process[3] - epoch 11 - train iter 492 - 28314.4 words/s - loss: 0.3038
00:12:11 - process[3]: evaluating epoch 11 on dev ...
00:12:25 - dev set during evaluation: 11460/11458
00:12:25 - process[3] - dev - epoch 11 - mAP: 0.586 w/ 31 queries
00:12:25 - process[3]: evaluating epoch 11 on test ...
00:12:40 - process[3] - test - epoch 11 - mAP: 0.633 w/ 32 queries
00:12:40 - process[3]: training epoch 12 ...
00:12:55 - process[3] - epoch 12 - train iter 492 - 28408.2 words/s - loss: 0.2954
00:12:55 - process[3]: evaluating epoch 12 on dev ...
00:13:10 - dev set during evaluation: 11460/11458
00:13:10 - process[3] - dev - epoch 12 - mAP: 0.582 w/ 31 queries
00:13:10 - process[3]: training epoch 13 ...
00:13:25 - process[3] - epoch 13 - train iter 492 - 28761.0 words/s - loss: 0.3129
00:13:25 - process[3]: evaluating epoch 13 on dev ...
00:13:39 - dev set during evaluation: 11460/11458
00:13:39 - process[3] - dev - epoch 13 - mAP: 0.591 w/ 31 queries
00:13:39 - process[3]: evaluating epoch 13 on test ...
00:13:54 - process[3] - test - epoch 13 - mAP: 0.631 w/ 32 queries
00:13:54 - process[3]: training epoch 14 ...
00:14:08 - process[3] - epoch 14 - train iter 492 - 28423.9 words/s - loss: 0.3019
00:14:08 - process[3]: evaluating epoch 14 on dev ...
00:14:22 - dev set during evaluation: 11460/11458
00:14:22 - process[3] - dev - epoch 14 - mAP: 0.578 w/ 31 queries
00:14:22 - process[3]: training epoch 15 ...
00:14:37 - process[3] - epoch 15 - train iter 492 - 28616.1 words/s - loss: 0.3215
00:14:37 - process[3]: evaluating epoch 15 on dev ...
00:14:51 - dev set during evaluation: 11460/11458
00:14:51 - process[3] - dev - epoch 15 - mAP: 0.564 w/ 31 queries
00:14:51 - process[3]: training epoch 16 ...
00:15:07 - process[3] - epoch 16 - train iter 492 - 28123.5 words/s - loss: 0.2956
00:15:07 - process[3]: evaluating epoch 16 on dev ...
00:15:21 - dev set during evaluation: 11460/11458
00:15:21 - process[3] - dev - epoch 16 - mAP: 0.560 w/ 31 queries
00:15:21 - process[3]: training epoch 17 ...
00:15:35 - process[3] - epoch 17 - train iter 492 - 28620.5 words/s - loss: 0.2787
00:15:35 - process[3]: evaluating epoch 17 on dev ...
00:15:50 - dev set during evaluation: 11460/11458
00:15:50 - process[3] - dev - epoch 17 - mAP: 0.574 w/ 31 queries
00:15:50 - process[3]: training epoch 18 ...
00:16:05 - process[3] - epoch 18 - train iter 492 - 28575.1 words/s - loss: 0.2825
00:16:05 - process[3]: evaluating epoch 18 on dev ...
00:16:19 - dev set during evaluation: 11460/11458
00:16:19 - process[3] - dev - epoch 18 - mAP: 0.579 w/ 31 queries
00:16:19 - process[3]: training epoch 19 ...
00:16:34 - process[3] - epoch 19 - train iter 492 - 28707.6 words/s - loss: 0.2669
00:16:34 - process[3]: evaluating epoch 19 on dev ...
00:16:48 - dev set during evaluation: 11460/11458
00:16:48 - process[3] - dev - epoch 19 - mAP: 0.560 w/ 31 queries
00:16:48 - [fold 2] best test MAP: 0.631 @ epoch 13
00:16:48 - Evaluating every 1 epochs ...
00:16:48 - reading data from /mnt/home/puxuan/CLIR-project/Evaluation_data/process-clef/uncased
00:16:50 - test has 31 queries ...
00:16:50 - Data reading done ...
00:16:51 - adding 9-th encoder to optimizer...
00:16:51 - adding 10-th encoder to optimizer...
00:16:51 - adding 11-th encoder to optimizer...
00:16:52 - process[3]: training epoch 0 ...
00:17:07 - process[3] - epoch 0 - train iter 476 - 28468.6 words/s - loss: 0.5070
00:17:07 - process[3]: training epoch 1 ...
00:17:21 - process[3] - epoch 1 - train iter 476 - 28257.7 words/s - loss: 0.4468
00:17:21 - process[3]: training epoch 2 ...
00:17:36 - process[3] - epoch 2 - train iter 476 - 27919.0 words/s - loss: 0.3969
00:17:36 - process[3]: training epoch 3 ...
00:17:51 - process[3] - epoch 3 - train iter 476 - 27598.8 words/s - loss: 0.3789
00:17:51 - process[3]: training epoch 4 ...
00:18:06 - process[3] - epoch 4 - train iter 476 - 27710.7 words/s - loss: 0.3533
00:18:06 - process[3]: training epoch 5 ...
00:18:21 - process[3] - epoch 5 - train iter 476 - 27831.1 words/s - loss: 0.3696
00:18:21 - process[3]: training epoch 6 ...
00:18:36 - process[3] - epoch 6 - train iter 476 - 27589.1 words/s - loss: 0.3243
00:18:36 - process[3]: training epoch 7 ...
00:18:50 - process[3] - epoch 7 - train iter 476 - 27781.0 words/s - loss: 0.3557
00:18:50 - process[3]: training epoch 8 ...
00:19:05 - process[3] - epoch 8 - train iter 476 - 27697.7 words/s - loss: 0.3711
00:19:05 - process[3]: training epoch 9 ...
00:19:20 - process[3] - epoch 9 - train iter 476 - 27964.4 words/s - loss: 0.3320
00:19:20 - process[3]: training epoch 10 ...
00:19:35 - process[3] - epoch 10 - train iter 476 - 27862.4 words/s - loss: 0.3021
00:19:35 - process[3]: evaluating epoch 10 on dev ...
00:19:49 - process[3] - dev - epoch 10 - mAP: 0.634 w/ 32 queries
00:19:49 - process[3]: evaluating epoch 10 on test ...
00:20:04 - test set during evaluation: 11550/11545
00:20:04 - process[3] - test - epoch 10 - mAP: 0.592 w/ 31 queries
00:20:04 - process[3]: training epoch 11 ...
00:20:18 - process[3] - epoch 11 - train iter 476 - 28125.2 words/s - loss: 0.3269
00:20:18 - process[3]: evaluating epoch 11 on dev ...
00:20:33 - process[3] - dev - epoch 11 - mAP: 0.624 w/ 32 queries
00:20:33 - process[3]: training epoch 12 ...
00:20:48 - process[3] - epoch 12 - train iter 476 - 27877.0 words/s - loss: 0.3086
00:20:48 - process[3]: evaluating epoch 12 on dev ...
00:21:03 - process[3] - dev - epoch 12 - mAP: 0.617 w/ 32 queries
00:21:03 - process[3]: training epoch 13 ...
00:21:18 - process[3] - epoch 13 - train iter 476 - 28059.2 words/s - loss: 0.3041
00:21:18 - process[3]: evaluating epoch 13 on dev ...
00:21:33 - process[3] - dev - epoch 13 - mAP: 0.606 w/ 32 queries
00:21:33 - process[3]: training epoch 14 ...
00:21:47 - process[3] - epoch 14 - train iter 476 - 28088.6 words/s - loss: 0.2804
00:21:47 - process[3]: evaluating epoch 14 on dev ...
00:22:02 - process[3] - dev - epoch 14 - mAP: 0.620 w/ 32 queries
00:22:02 - process[3]: training epoch 15 ...
00:22:17 - process[3] - epoch 15 - train iter 476 - 28412.4 words/s - loss: 0.2918
00:22:17 - process[3]: evaluating epoch 15 on dev ...
00:22:32 - process[3] - dev - epoch 15 - mAP: 0.611 w/ 32 queries
00:22:32 - process[3]: training epoch 16 ...
00:22:47 - process[3] - epoch 16 - train iter 476 - 28259.0 words/s - loss: 0.2865
00:22:47 - process[3]: evaluating epoch 16 on dev ...
00:23:02 - process[3] - dev - epoch 16 - mAP: 0.627 w/ 32 queries
00:23:02 - process[3]: training epoch 17 ...
00:23:16 - process[3] - epoch 17 - train iter 476 - 28188.1 words/s - loss: 0.3038
00:23:16 - process[3]: evaluating epoch 17 on dev ...
00:23:31 - process[3] - dev - epoch 17 - mAP: 0.609 w/ 32 queries
00:23:31 - process[3]: training epoch 18 ...
00:23:46 - process[3] - epoch 18 - train iter 476 - 28589.3 words/s - loss: 0.2844
00:23:46 - process[3]: evaluating epoch 18 on dev ...
00:24:01 - process[3] - dev - epoch 18 - mAP: 0.613 w/ 32 queries
00:24:01 - process[3]: training epoch 19 ...
00:24:15 - process[3] - epoch 19 - train iter 476 - 28203.2 words/s - loss: 0.3114
00:24:15 - process[3]: evaluating epoch 19 on dev ...
00:24:30 - process[3] - dev - epoch 19 - mAP: 0.606 w/ 32 queries
00:24:30 - [fold 3] best test MAP: 0.592 @ epoch 10
00:24:30 - Evaluating every 1 epochs ...
00:24:30 - reading data from /mnt/home/puxuan/CLIR-project/Evaluation_data/process-clef/uncased
00:24:31 - test has 31 queries ...
00:24:31 - Data reading done ...
00:24:33 - adding 9-th encoder to optimizer...
00:24:33 - adding 10-th encoder to optimizer...
00:24:33 - adding 11-th encoder to optimizer...
00:24:34 - process[3]: training epoch 0 ...
00:24:47 - process[3] - epoch 0 - train iter 432 - 28327.9 words/s - loss: 0.5376
00:24:47 - process[3]: training epoch 1 ...
00:25:00 - process[3] - epoch 1 - train iter 432 - 28971.7 words/s - loss: 0.4553
00:25:00 - process[3]: training epoch 2 ...
00:25:14 - process[3] - epoch 2 - train iter 432 - 27761.3 words/s - loss: 0.4164
00:25:14 - process[3]: training epoch 3 ...
00:25:27 - process[3] - epoch 3 - train iter 432 - 28235.8 words/s - loss: 0.3994
00:25:27 - process[3]: training epoch 4 ...
00:25:40 - process[3] - epoch 4 - train iter 432 - 28433.4 words/s - loss: 0.4202
00:25:40 - process[3]: training epoch 5 ...
00:25:53 - process[3] - epoch 5 - train iter 432 - 28725.1 words/s - loss: 0.3751
00:25:53 - process[3]: training epoch 6 ...
00:26:06 - process[3] - epoch 6 - train iter 432 - 28352.0 words/s - loss: 0.3655
00:26:06 - process[3]: training epoch 7 ...
00:26:19 - process[3] - epoch 7 - train iter 432 - 28514.5 words/s - loss: 0.3800
00:26:19 - process[3]: training epoch 8 ...
00:26:33 - process[3] - epoch 8 - train iter 432 - 28285.9 words/s - loss: 0.3230
00:26:33 - process[3]: training epoch 9 ...
00:26:46 - process[3] - epoch 9 - train iter 432 - 28596.9 words/s - loss: 0.3351
00:26:46 - process[3]: training epoch 10 ...
00:26:59 - process[3] - epoch 10 - train iter 432 - 28627.1 words/s - loss: 0.3054
00:26:59 - process[3]: evaluating epoch 10 on dev ...
00:27:16 - dev set during evaluation: 11550/11545
00:27:16 - process[3] - dev - epoch 10 - mAP: 0.588 w/ 31 queries
00:27:16 - process[3]: evaluating epoch 10 on test ...
00:27:30 - test set during evaluation: 11320/11315
00:27:30 - process[3] - test - epoch 10 - mAP: 0.614 w/ 31 queries
00:27:30 - process[3]: training epoch 11 ...
00:27:43 - process[3] - epoch 11 - train iter 432 - 28411.6 words/s - loss: 0.3172
00:27:43 - process[3]: evaluating epoch 11 on dev ...
00:27:58 - dev set during evaluation: 11550/11545
00:27:58 - process[3] - dev - epoch 11 - mAP: 0.580 w/ 31 queries
00:27:58 - process[3]: training epoch 12 ...
00:28:12 - process[3] - epoch 12 - train iter 432 - 27856.1 words/s - loss: 0.3064
00:28:12 - process[3]: evaluating epoch 12 on dev ...
00:28:26 - dev set during evaluation: 11550/11545
00:28:26 - process[3] - dev - epoch 12 - mAP: 0.595 w/ 31 queries
00:28:26 - process[3]: evaluating epoch 12 on test ...
00:28:40 - test set during evaluation: 11320/11315
00:28:40 - process[3] - test - epoch 12 - mAP: 0.603 w/ 31 queries
00:28:40 - process[3]: training epoch 13 ...
00:28:53 - process[3] - epoch 13 - train iter 432 - 28308.2 words/s - loss: 0.3041
00:28:53 - process[3]: evaluating epoch 13 on dev ...
00:29:08 - dev set during evaluation: 11550/11545
00:29:08 - process[3] - dev - epoch 13 - mAP: 0.579 w/ 31 queries
00:29:08 - process[3]: training epoch 14 ...
00:29:21 - process[3] - epoch 14 - train iter 432 - 28370.8 words/s - loss: 0.3227
00:29:21 - process[3]: evaluating epoch 14 on dev ...
00:29:36 - dev set during evaluation: 11550/11545
00:29:36 - process[3] - dev - epoch 14 - mAP: 0.568 w/ 31 queries
00:29:36 - process[3]: training epoch 15 ...
00:29:49 - process[3] - epoch 15 - train iter 432 - 28298.1 words/s - loss: 0.2793
00:29:49 - process[3]: evaluating epoch 15 on dev ...
00:30:04 - dev set during evaluation: 11550/11545
00:30:04 - process[3] - dev - epoch 15 - mAP: 0.563 w/ 31 queries
00:30:04 - process[3]: training epoch 16 ...
00:30:17 - process[3] - epoch 16 - train iter 432 - 28136.7 words/s - loss: 0.2984
00:30:17 - process[3]: evaluating epoch 16 on dev ...
00:30:32 - dev set during evaluation: 11550/11545
00:30:32 - process[3] - dev - epoch 16 - mAP: 0.570 w/ 31 queries
00:30:32 - process[3]: training epoch 17 ...
00:30:45 - process[3] - epoch 17 - train iter 432 - 28412.6 words/s - loss: 0.3027
00:30:45 - process[3]: evaluating epoch 17 on dev ...
00:31:00 - dev set during evaluation: 11550/11545
00:31:00 - process[3] - dev - epoch 17 - mAP: 0.556 w/ 31 queries
00:31:00 - process[3]: training epoch 18 ...
00:31:13 - process[3] - epoch 18 - train iter 432 - 28383.8 words/s - loss: 0.3008
00:31:13 - process[3]: evaluating epoch 18 on dev ...
00:31:28 - dev set during evaluation: 11550/11545
00:31:28 - process[3] - dev - epoch 18 - mAP: 0.554 w/ 31 queries
00:31:28 - process[3]: training epoch 19 ...
00:31:41 - process[3] - epoch 19 - train iter 432 - 28637.9 words/s - loss: 0.2587
00:31:41 - process[3]: evaluating epoch 19 on dev ...
00:31:56 - dev set during evaluation: 11550/11545
00:31:56 - process[3] - dev - epoch 19 - mAP: 0.585 w/ 31 queries
00:31:56 - [fold 4] best test MAP: 0.603 @ epoch 12
00:31:56 - Evaluating every 1 epochs ...
00:31:56 - reading data from /mnt/home/puxuan/CLIR-project/Evaluation_data/process-clef/uncased
00:31:57 - test has 31 queries ...
00:31:57 - Data reading done ...
00:31:59 - adding 9-th encoder to optimizer...
00:31:59 - adding 10-th encoder to optimizer...
00:31:59 - adding 11-th encoder to optimizer...
00:31:59 - process[3]: training epoch 0 ...
00:32:13 - process[3] - epoch 0 - train iter 437 - 28244.0 words/s - loss: 0.5329
00:32:13 - process[3]: training epoch 1 ...
00:32:26 - process[3] - epoch 1 - train iter 437 - 28356.6 words/s - loss: 0.4756
00:32:26 - process[3]: training epoch 2 ...
00:32:40 - process[3] - epoch 2 - train iter 437 - 28552.7 words/s - loss: 0.4359
00:32:40 - process[3]: training epoch 3 ...
00:32:53 - process[3] - epoch 3 - train iter 437 - 28532.8 words/s - loss: 0.3881
00:32:53 - process[3]: training epoch 4 ...
00:33:07 - process[3] - epoch 4 - train iter 437 - 28031.3 words/s - loss: 0.3959
00:33:07 - process[3]: training epoch 5 ...
00:33:20 - process[3] - epoch 5 - train iter 437 - 28274.3 words/s - loss: 0.3914
00:33:20 - process[3]: training epoch 6 ...
00:33:33 - process[3] - epoch 6 - train iter 437 - 28590.1 words/s - loss: 0.3803
00:33:33 - process[3]: training epoch 7 ...
00:33:47 - process[3] - epoch 7 - train iter 437 - 27919.5 words/s - loss: 0.3639
00:33:47 - process[3]: training epoch 8 ...
00:34:00 - process[3] - epoch 8 - train iter 437 - 28309.3 words/s - loss: 0.3307
00:34:00 - process[3]: training epoch 9 ...
00:34:14 - process[3] - epoch 9 - train iter 437 - 28281.2 words/s - loss: 0.3189
00:34:14 - process[3]: training epoch 10 ...
00:34:28 - process[3] - epoch 10 - train iter 437 - 27974.0 words/s - loss: 0.3291
00:34:28 - process[3]: evaluating epoch 10 on dev ...
00:34:44 - dev set during evaluation: 11320/11315
00:34:44 - process[3] - dev - epoch 10 - mAP: 0.621 w/ 31 queries
00:34:44 - process[3]: evaluating epoch 10 on test ...
00:34:57 - process[3] - test - epoch 10 - mAP: 0.517 w/ 31 queries
00:34:57 - process[3]: training epoch 11 ...
00:35:11 - process[3] - epoch 11 - train iter 437 - 27474.2 words/s - loss: 0.2786
00:35:11 - process[3]: evaluating epoch 11 on dev ...
00:35:26 - dev set during evaluation: 11320/11315
00:35:26 - process[3] - dev - epoch 11 - mAP: 0.626 w/ 31 queries
00:35:26 - process[3]: evaluating epoch 11 on test ...
00:35:39 - process[3] - test - epoch 11 - mAP: 0.517 w/ 31 queries
00:35:39 - process[3]: training epoch 12 ...
00:35:53 - process[3] - epoch 12 - train iter 437 - 28087.9 words/s - loss: 0.3205
00:35:53 - process[3]: evaluating epoch 12 on dev ...
00:36:07 - dev set during evaluation: 11320/11315
00:36:07 - process[3] - dev - epoch 12 - mAP: 0.625 w/ 31 queries
00:36:07 - process[3]: training epoch 13 ...
00:36:21 - process[3] - epoch 13 - train iter 437 - 28321.0 words/s - loss: 0.3202
00:36:21 - process[3]: evaluating epoch 13 on dev ...
00:36:35 - dev set during evaluation: 11320/11315
00:36:35 - process[3] - dev - epoch 13 - mAP: 0.633 w/ 31 queries
00:36:35 - process[3]: evaluating epoch 13 on test ...
00:36:49 - process[3] - test - epoch 13 - mAP: 0.521 w/ 31 queries
00:36:49 - process[3]: training epoch 14 ...
00:37:02 - process[3] - epoch 14 - train iter 437 - 28131.1 words/s - loss: 0.3116
00:37:02 - process[3]: evaluating epoch 14 on dev ...
00:37:17 - dev set during evaluation: 11320/11315
00:37:17 - process[3] - dev - epoch 14 - mAP: 0.625 w/ 31 queries
00:37:17 - process[3]: training epoch 15 ...
00:37:30 - process[3] - epoch 15 - train iter 437 - 28200.0 words/s - loss: 0.3095
00:37:30 - process[3]: evaluating epoch 15 on dev ...
00:37:45 - dev set during evaluation: 11320/11315
00:37:45 - process[3] - dev - epoch 15 - mAP: 0.626 w/ 31 queries
00:37:45 - process[3]: training epoch 16 ...
00:37:58 - process[3] - epoch 16 - train iter 437 - 27765.4 words/s - loss: 0.3219
00:37:58 - process[3]: evaluating epoch 16 on dev ...
00:38:12 - dev set during evaluation: 11320/11315
00:38:12 - process[3] - dev - epoch 16 - mAP: 0.608 w/ 31 queries
00:38:12 - process[3]: training epoch 17 ...
00:38:26 - process[3] - epoch 17 - train iter 437 - 28465.0 words/s - loss: 0.2865
00:38:26 - process[3]: evaluating epoch 17 on dev ...
00:38:40 - dev set during evaluation: 11320/11315
00:38:40 - process[3] - dev - epoch 17 - mAP: 0.611 w/ 31 queries
00:38:40 - process[3]: training epoch 18 ...
00:38:54 - process[3] - epoch 18 - train iter 437 - 27726.6 words/s - loss: 0.2666
00:38:54 - process[3]: evaluating epoch 18 on dev ...
00:39:08 - dev set during evaluation: 11320/11315
00:39:08 - process[3] - dev - epoch 18 - mAP: 0.610 w/ 31 queries
00:39:08 - process[3]: training epoch 19 ...
00:39:21 - process[3] - epoch 19 - train iter 437 - 28432.1 words/s - loss: 0.2989
00:39:21 - process[3]: evaluating epoch 19 on dev ...
00:39:36 - dev set during evaluation: 11320/11315
00:39:36 - process[3] - dev - epoch 19 - mAP: 0.618 w/ 31 queries
00:39:36 - [fold 5] best test MAP: 0.521 @ epoch 13
00:39:36 - [0.5692554617470785, 0.6308387454228737, 0.5923291293126169, 0.6025107062411664, 0.5213319899770914]
00:39:36 - [31, 32, 31, 31, 31]
00:39:36 - final MAP: 0.584
