00:00:06 - Namespace(apex_level='O2', batch_size=8, cased=False, dataset='clef', debug=False, encoder_lr=2e-05, eval_step=1, full_doc_length=True, local_rank=9, model_path='/mnt/scratch/puxuan/short_qlm_0.45/2186793/huggingface-4', model_type='mbert', num_epochs=20, num_ft_encoders=3, num_neg=1, projector_lr=2e-05, seed=611, source_lang='fr', target_lang='en')
00:00:16 - Evaluating every 1 epochs ...
00:00:16 - reading data from /mnt/home/puxuan/CLIR-project/Evaluation_data/process-clef/uncased
00:00:17 - test has 35 queries ...
00:00:17 - Data reading done ...
00:00:23 - adding 9-th encoder to optimizer...
00:00:23 - adding 10-th encoder to optimizer...
00:00:23 - adding 11-th encoder to optimizer...
00:00:24 - process[9]: training epoch 0 ...
00:00:35 - process[9] - epoch 0 - train iter 197 - 16888.0 words/s - loss: 0.5872
00:00:35 - process[9]: training epoch 1 ...
00:00:46 - process[9] - epoch 1 - train iter 197 - 15697.6 words/s - loss: 0.5188
00:00:46 - process[9]: training epoch 2 ...
00:00:55 - process[9] - epoch 2 - train iter 197 - 19008.8 words/s - loss: 0.4999
00:00:55 - process[9]: training epoch 3 ...
00:01:06 - process[9] - epoch 3 - train iter 197 - 16333.4 words/s - loss: 0.5130
00:01:06 - process[9]: training epoch 4 ...
00:01:17 - process[9] - epoch 4 - train iter 197 - 17068.5 words/s - loss: 0.4677
00:01:17 - process[9]: training epoch 5 ...
00:01:28 - process[9] - epoch 5 - train iter 197 - 15891.6 words/s - loss: 0.4668
00:01:28 - process[9]: training epoch 6 ...
00:01:39 - process[9] - epoch 6 - train iter 197 - 16653.5 words/s - loss: 0.4109
00:01:39 - process[9]: training epoch 7 ...
00:01:49 - process[9] - epoch 7 - train iter 197 - 17826.5 words/s - loss: 0.4541
00:01:49 - process[9]: training epoch 8 ...
00:02:00 - process[9] - epoch 8 - train iter 197 - 15412.7 words/s - loss: 0.3991
00:02:00 - process[9]: training epoch 9 ...
00:02:13 - process[9] - epoch 9 - train iter 197 - 13816.5 words/s - loss: 0.4256
00:02:13 - process[9]: training epoch 10 ...
00:02:24 - process[9] - epoch 10 - train iter 197 - 16472.8 words/s - loss: 0.3627
00:02:24 - process[9]: evaluating epoch 10 on dev ...
00:00:06 - Namespace(apex_level='O2', batch_size=8, cased=False, dataset='clef', debug=False, encoder_lr=2e-05, eval_step=1, full_doc_length=True, local_rank=9, model_path='/mnt/scratch/puxuan/short_qlm_0.45/2186793/huggingface-4', model_type='mbert', num_epochs=20, num_ft_encoders=3, num_neg=1, projector_lr=2e-05, seed=611, source_lang='fr', target_lang='en')
00:00:15 - Evaluating every 1 epochs ...
00:00:15 - reading data from /mnt/home/puxuan/CLIR-project/Evaluation_data/process-clef/uncased
00:00:16 - test has 35 queries ...
00:00:16 - Data reading done ...
00:00:23 - adding 9-th encoder to optimizer...
00:00:23 - adding 10-th encoder to optimizer...
00:00:23 - adding 11-th encoder to optimizer...
00:00:23 - process[9]: training epoch 0 ...
00:00:34 - process[9] - epoch 0 - train iter 197 - 16778.2 words/s - loss: 0.5872
00:00:34 - process[9]: training epoch 1 ...
00:00:45 - process[9] - epoch 1 - train iter 197 - 15642.4 words/s - loss: 0.5188
00:00:45 - process[9]: training epoch 2 ...
00:00:55 - process[9] - epoch 2 - train iter 197 - 19074.1 words/s - loss: 0.4999
00:00:55 - process[9]: training epoch 3 ...
00:01:06 - process[9] - epoch 3 - train iter 197 - 16302.5 words/s - loss: 0.5130
00:01:06 - process[9]: training epoch 4 ...
00:01:16 - process[9] - epoch 4 - train iter 197 - 16995.6 words/s - loss: 0.4677
00:01:16 - process[9]: training epoch 5 ...
00:01:27 - process[9] - epoch 5 - train iter 197 - 15768.9 words/s - loss: 0.4668
00:01:27 - process[9]: training epoch 6 ...
00:01:38 - process[9] - epoch 6 - train iter 197 - 16547.4 words/s - loss: 0.4109
00:01:38 - process[9]: training epoch 7 ...
00:01:48 - process[9] - epoch 7 - train iter 197 - 17769.2 words/s - loss: 0.4541
00:01:48 - process[9]: training epoch 8 ...
00:02:00 - process[9] - epoch 8 - train iter 197 - 15347.1 words/s - loss: 0.3991
00:02:00 - process[9]: training epoch 9 ...
00:02:13 - process[9] - epoch 9 - train iter 197 - 13748.1 words/s - loss: 0.4256
00:02:13 - process[9]: training epoch 10 ...
00:02:24 - process[9] - epoch 10 - train iter 197 - 16416.0 words/s - loss: 0.3627
00:02:24 - process[9]: evaluating epoch 10 on dev ...
00:03:13 - dev set during evaluation: 14160/14157
00:03:13 - process[9] - dev - epoch 10 - mAP: 0.454 w/ 35 queries
00:03:13 - process[9]: evaluating epoch 10 on test ...
00:03:58 - test set during evaluation: 14980/14975
00:03:58 - process[9] - test - epoch 10 - mAP: 0.432 w/ 35 queries
00:03:58 - process[9]: training epoch 11 ...
00:04:09 - process[9] - epoch 11 - train iter 197 - 16259.3 words/s - loss: 0.4749
00:04:09 - process[9]: evaluating epoch 11 on dev ...
00:04:54 - dev set during evaluation: 14160/14157
00:04:54 - process[9] - dev - epoch 11 - mAP: 0.445 w/ 35 queries
00:04:54 - process[9]: training epoch 12 ...
00:05:06 - process[9] - epoch 12 - train iter 197 - 15050.3 words/s - loss: 0.3928
00:05:06 - process[9]: evaluating epoch 12 on dev ...
00:05:50 - dev set during evaluation: 14160/14157
00:05:50 - process[9] - dev - epoch 12 - mAP: 0.454 w/ 35 queries
00:05:50 - process[9]: evaluating epoch 12 on test ...
00:06:31 - test set during evaluation: 14980/14975
00:06:31 - process[9] - test - epoch 12 - mAP: 0.440 w/ 35 queries
00:06:31 - process[9]: training epoch 13 ...
00:06:43 - process[9] - epoch 13 - train iter 197 - 15144.5 words/s - loss: 0.3913
00:06:43 - process[9]: evaluating epoch 13 on dev ...
00:07:27 - dev set during evaluation: 14160/14157
00:07:27 - process[9] - dev - epoch 13 - mAP: 0.461 w/ 35 queries
00:07:27 - process[9]: evaluating epoch 13 on test ...
00:08:08 - test set during evaluation: 14980/14975
00:08:08 - process[9] - test - epoch 13 - mAP: 0.412 w/ 35 queries
00:08:09 - process[9]: training epoch 14 ...
00:08:20 - process[9] - epoch 14 - train iter 197 - 16388.8 words/s - loss: 0.3692
00:08:20 - process[9]: evaluating epoch 14 on dev ...
00:09:04 - dev set during evaluation: 14160/14157
00:09:04 - process[9] - dev - epoch 14 - mAP: 0.459 w/ 35 queries
00:09:04 - process[9]: training epoch 15 ...
00:09:16 - process[9] - epoch 15 - train iter 197 - 15953.2 words/s - loss: 0.4128
00:09:16 - process[9]: evaluating epoch 15 on dev ...
00:10:00 - dev set during evaluation: 14160/14157
00:10:00 - process[9] - dev - epoch 15 - mAP: 0.425 w/ 35 queries
00:10:00 - process[9]: training epoch 16 ...
00:10:10 - process[9] - epoch 16 - train iter 197 - 17310.2 words/s - loss: 0.3747
00:10:10 - process[9]: evaluating epoch 16 on dev ...
00:10:55 - dev set during evaluation: 14160/14157
00:10:55 - process[9] - dev - epoch 16 - mAP: 0.481 w/ 35 queries
00:10:55 - process[9]: evaluating epoch 16 on test ...
00:11:36 - test set during evaluation: 14980/14975
00:11:36 - process[9] - test - epoch 16 - mAP: 0.459 w/ 35 queries
00:11:36 - process[9]: training epoch 17 ...
00:11:49 - process[9] - epoch 17 - train iter 197 - 14582.4 words/s - loss: 0.4232
00:11:49 - process[9]: evaluating epoch 17 on dev ...
00:12:32 - dev set during evaluation: 14160/14157
00:12:32 - process[9] - dev - epoch 17 - mAP: 0.464 w/ 35 queries
00:12:32 - process[9]: training epoch 18 ...
00:12:44 - process[9] - epoch 18 - train iter 197 - 15396.8 words/s - loss: 0.3988
00:12:44 - process[9]: evaluating epoch 18 on dev ...
00:13:27 - dev set during evaluation: 14160/14157
00:13:27 - process[9] - dev - epoch 18 - mAP: 0.434 w/ 35 queries
00:13:27 - process[9]: training epoch 19 ...
00:13:37 - process[9] - epoch 19 - train iter 197 - 16874.9 words/s - loss: 0.2977
00:13:37 - process[9]: evaluating epoch 19 on dev ...
00:14:24 - dev set during evaluation: 14160/14157
00:14:24 - process[9] - dev - epoch 19 - mAP: 0.460 w/ 35 queries
00:14:24 - [fold 1] best test MAP: 0.459 @ epoch 16
00:14:24 - Evaluating every 1 epochs ...
00:14:24 - reading data from /mnt/home/puxuan/CLIR-project/Evaluation_data/process-clef/uncased
00:14:24 - test has 36 queries ...
00:14:24 - Data reading done ...
00:14:26 - adding 9-th encoder to optimizer...
00:14:26 - adding 10-th encoder to optimizer...
00:14:26 - adding 11-th encoder to optimizer...
00:14:26 - process[9]: training epoch 0 ...
00:14:37 - process[9] - epoch 0 - train iter 187 - 15636.3 words/s - loss: 0.5978
00:14:37 - process[9]: training epoch 1 ...
00:14:49 - process[9] - epoch 1 - train iter 187 - 15209.7 words/s - loss: 0.5358
00:14:49 - process[9]: training epoch 2 ...
00:14:59 - process[9] - epoch 2 - train iter 187 - 16871.5 words/s - loss: 0.5310
00:14:59 - process[9]: training epoch 3 ...
00:15:10 - process[9] - epoch 3 - train iter 187 - 15523.0 words/s - loss: 0.4901
00:15:10 - process[9]: training epoch 4 ...
00:15:20 - process[9] - epoch 4 - train iter 187 - 16386.9 words/s - loss: 0.5255
00:15:20 - process[9]: training epoch 5 ...
00:15:30 - process[9] - epoch 5 - train iter 187 - 17840.3 words/s - loss: 0.4640
00:15:30 - process[9]: training epoch 6 ...
00:15:40 - process[9] - epoch 6 - train iter 187 - 16622.4 words/s - loss: 0.4739
00:15:40 - process[9]: training epoch 7 ...
00:15:51 - process[9] - epoch 7 - train iter 187 - 16121.9 words/s - loss: 0.4419
00:15:51 - process[9]: training epoch 8 ...
00:16:01 - process[9] - epoch 8 - train iter 187 - 16046.3 words/s - loss: 0.4602
00:16:01 - process[9]: training epoch 9 ...
00:16:11 - process[9] - epoch 9 - train iter 187 - 17962.5 words/s - loss: 0.4676
00:16:11 - process[9]: training epoch 10 ...
00:16:21 - process[9] - epoch 10 - train iter 187 - 16547.4 words/s - loss: 0.4262
00:16:21 - process[9]: evaluating epoch 10 on dev ...
00:17:00 - dev set during evaluation: 14980/14975
00:17:00 - process[9] - dev - epoch 10 - mAP: 0.430 w/ 35 queries
00:17:00 - process[9]: evaluating epoch 10 on test ...
00:17:43 - test set during evaluation: 15300/15294
00:17:43 - process[9] - test - epoch 10 - mAP: 0.432 w/ 36 queries
00:17:43 - process[9]: training epoch 11 ...
00:17:54 - process[9] - epoch 11 - train iter 187 - 15774.8 words/s - loss: 0.4230
00:17:54 - process[9]: evaluating epoch 11 on dev ...
00:18:34 - dev set during evaluation: 14980/14975
00:18:34 - process[9] - dev - epoch 11 - mAP: 0.421 w/ 35 queries
00:18:34 - process[9]: training epoch 12 ...
00:18:45 - process[9] - epoch 12 - train iter 187 - 15280.2 words/s - loss: 0.4098
00:18:45 - process[9]: evaluating epoch 12 on dev ...
00:19:25 - dev set during evaluation: 14980/14975
00:19:25 - process[9] - dev - epoch 12 - mAP: 0.391 w/ 35 queries
00:19:25 - process[9]: training epoch 13 ...
00:19:36 - process[9] - epoch 13 - train iter 187 - 16003.1 words/s - loss: 0.4367
00:19:36 - process[9]: evaluating epoch 13 on dev ...
00:20:16 - dev set during evaluation: 14980/14975
00:20:16 - process[9] - dev - epoch 13 - mAP: 0.401 w/ 35 queries
00:20:16 - process[9]: training epoch 14 ...
00:20:27 - process[9] - epoch 14 - train iter 187 - 15178.5 words/s - loss: 0.3596
00:20:27 - process[9]: evaluating epoch 14 on dev ...
00:21:07 - dev set during evaluation: 14980/14975
00:21:07 - process[9] - dev - epoch 14 - mAP: 0.440 w/ 35 queries
00:21:07 - process[9]: evaluating epoch 14 on test ...
00:21:50 - test set during evaluation: 15300/15294
00:21:50 - process[9] - test - epoch 14 - mAP: 0.426 w/ 36 queries
00:21:50 - process[9]: training epoch 15 ...
00:22:00 - process[9] - epoch 15 - train iter 187 - 17423.0 words/s - loss: 0.3882
00:22:00 - process[9]: evaluating epoch 15 on dev ...
00:22:41 - dev set during evaluation: 14980/14975
00:22:41 - process[9] - dev - epoch 15 - mAP: 0.426 w/ 35 queries
00:22:41 - process[9]: training epoch 16 ...
00:22:51 - process[9] - epoch 16 - train iter 187 - 17942.6 words/s - loss: 0.4106
00:22:51 - process[9]: evaluating epoch 16 on dev ...
00:23:32 - dev set during evaluation: 14980/14975
00:23:32 - process[9] - dev - epoch 16 - mAP: 0.426 w/ 35 queries
00:23:32 - process[9]: training epoch 17 ...
00:23:42 - process[9] - epoch 17 - train iter 187 - 16710.2 words/s - loss: 0.3607
00:23:42 - process[9]: evaluating epoch 17 on dev ...
00:24:22 - dev set during evaluation: 14980/14975
00:24:22 - process[9] - dev - epoch 17 - mAP: 0.455 w/ 35 queries
00:24:22 - process[9]: evaluating epoch 17 on test ...
00:25:05 - test set during evaluation: 15300/15294
00:25:05 - process[9] - test - epoch 17 - mAP: 0.427 w/ 36 queries
00:25:05 - process[9]: training epoch 18 ...
00:25:15 - process[9] - epoch 18 - train iter 187 - 17263.9 words/s - loss: 0.3632
00:25:15 - process[9]: evaluating epoch 18 on dev ...
00:25:56 - dev set during evaluation: 14980/14975
00:25:56 - process[9] - dev - epoch 18 - mAP: 0.443 w/ 35 queries
00:25:56 - process[9]: training epoch 19 ...
00:26:06 - process[9] - epoch 19 - train iter 187 - 17630.7 words/s - loss: 0.3726
00:26:06 - process[9]: evaluating epoch 19 on dev ...
00:26:47 - dev set during evaluation: 14980/14975
00:26:47 - process[9] - dev - epoch 19 - mAP: 0.410 w/ 35 queries
00:26:47 - [fold 2] best test MAP: 0.427 @ epoch 17
00:26:47 - Evaluating every 1 epochs ...
00:26:47 - reading data from /mnt/home/puxuan/CLIR-project/Evaluation_data/process-clef/uncased
00:26:47 - test has 35 queries ...
00:26:47 - Data reading done ...
00:26:49 - adding 9-th encoder to optimizer...
00:26:49 - adding 10-th encoder to optimizer...
00:26:49 - adding 11-th encoder to optimizer...
00:26:49 - process[9]: training epoch 0 ...
00:27:01 - process[9] - epoch 0 - train iter 196 - 15730.5 words/s - loss: 0.6070
00:27:01 - process[9]: training epoch 1 ...
00:27:11 - process[9] - epoch 1 - train iter 196 - 16957.8 words/s - loss: 0.5802
00:27:11 - process[9]: training epoch 2 ...
00:27:22 - process[9] - epoch 2 - train iter 196 - 16772.0 words/s - loss: 0.5454
00:27:22 - process[9]: training epoch 3 ...
00:27:34 - process[9] - epoch 3 - train iter 196 - 14546.9 words/s - loss: 0.5096
00:27:34 - process[9]: training epoch 4 ...
00:27:45 - process[9] - epoch 4 - train iter 196 - 16227.0 words/s - loss: 0.4917
00:27:45 - process[9]: training epoch 5 ...
00:27:55 - process[9] - epoch 5 - train iter 196 - 16710.8 words/s - loss: 0.4661
00:27:55 - process[9]: training epoch 6 ...
00:28:05 - process[9] - epoch 6 - train iter 196 - 18417.0 words/s - loss: 0.4496
00:28:05 - process[9]: training epoch 7 ...
00:28:16 - process[9] - epoch 7 - train iter 196 - 15816.4 words/s - loss: 0.4191
00:28:16 - process[9]: training epoch 8 ...
00:28:26 - process[9] - epoch 8 - train iter 196 - 17573.2 words/s - loss: 0.4674
00:28:26 - process[9]: training epoch 9 ...
00:28:37 - process[9] - epoch 9 - train iter 196 - 16848.7 words/s - loss: 0.4394
00:28:37 - process[9]: training epoch 10 ...
00:28:47 - process[9] - epoch 10 - train iter 196 - 17115.8 words/s - loss: 0.4549
00:28:47 - process[9]: evaluating epoch 10 on dev ...
00:29:30 - dev set during evaluation: 15300/15294
00:29:30 - process[9] - dev - epoch 10 - mAP: 0.452 w/ 36 queries
00:29:30 - process[9]: evaluating epoch 10 on test ...
00:30:12 - test set during evaluation: 15480/15477
00:30:12 - process[9] - test - epoch 10 - mAP: 0.420 w/ 35 queries
00:30:12 - process[9]: training epoch 11 ...
00:30:23 - process[9] - epoch 11 - train iter 196 - 16178.2 words/s - loss: 0.3927
00:30:23 - process[9]: evaluating epoch 11 on dev ...
00:31:05 - dev set during evaluation: 15300/15294
00:31:05 - process[9] - dev - epoch 11 - mAP: 0.464 w/ 36 queries
00:31:05 - process[9]: evaluating epoch 11 on test ...
00:31:47 - test set during evaluation: 15480/15477
00:31:47 - process[9] - test - epoch 11 - mAP: 0.414 w/ 35 queries
00:31:47 - process[9]: training epoch 12 ...
00:31:58 - process[9] - epoch 12 - train iter 196 - 16961.3 words/s - loss: 0.4063
00:31:58 - process[9]: evaluating epoch 12 on dev ...
00:32:41 - dev set during evaluation: 15300/15294
00:32:41 - process[9] - dev - epoch 12 - mAP: 0.448 w/ 36 queries
00:32:41 - process[9]: training epoch 13 ...
00:32:51 - process[9] - epoch 13 - train iter 196 - 16859.7 words/s - loss: 0.3891
00:32:51 - process[9]: evaluating epoch 13 on dev ...
00:33:34 - dev set during evaluation: 15300/15294
00:33:34 - process[9] - dev - epoch 13 - mAP: 0.429 w/ 36 queries
00:33:34 - process[9]: training epoch 14 ...
00:33:44 - process[9] - epoch 14 - train iter 196 - 17887.1 words/s - loss: 0.4068
00:33:44 - process[9]: evaluating epoch 14 on dev ...
00:34:28 - dev set during evaluation: 15300/15294
00:34:28 - process[9] - dev - epoch 14 - mAP: 0.441 w/ 36 queries
00:34:28 - process[9]: training epoch 15 ...
00:34:38 - process[9] - epoch 15 - train iter 196 - 18784.9 words/s - loss: 0.3739
00:34:38 - process[9]: evaluating epoch 15 on dev ...
00:35:21 - dev set during evaluation: 15300/15294
00:35:21 - process[9] - dev - epoch 15 - mAP: 0.447 w/ 36 queries
00:35:21 - process[9]: training epoch 16 ...
00:35:31 - process[9] - epoch 16 - train iter 196 - 18219.5 words/s - loss: 0.4009
00:35:31 - process[9]: evaluating epoch 16 on dev ...
00:36:13 - dev set during evaluation: 15300/15294
00:36:13 - process[9] - dev - epoch 16 - mAP: 0.443 w/ 36 queries
00:36:13 - process[9]: training epoch 17 ...
00:36:23 - process[9] - epoch 17 - train iter 196 - 18404.7 words/s - loss: 0.4158
00:36:23 - process[9]: evaluating epoch 17 on dev ...
00:37:07 - dev set during evaluation: 15300/15294
00:37:07 - process[9] - dev - epoch 17 - mAP: 0.446 w/ 36 queries
00:37:07 - process[9]: training epoch 18 ...
00:37:16 - process[9] - epoch 18 - train iter 196 - 19233.4 words/s - loss: 0.3911
00:37:16 - process[9]: evaluating epoch 18 on dev ...
00:38:00 - dev set during evaluation: 15300/15294
00:38:00 - process[9] - dev - epoch 18 - mAP: 0.427 w/ 36 queries
00:38:00 - process[9]: training epoch 19 ...
00:38:10 - process[9] - epoch 19 - train iter 196 - 17775.9 words/s - loss: 0.3630
00:38:10 - process[9]: evaluating epoch 19 on dev ...
00:38:53 - dev set during evaluation: 15300/15294
00:38:53 - process[9] - dev - epoch 19 - mAP: 0.449 w/ 36 queries
00:38:53 - [fold 3] best test MAP: 0.414 @ epoch 11
00:38:53 - Evaluating every 1 epochs ...
00:38:53 - reading data from /mnt/home/puxuan/CLIR-project/Evaluation_data/process-clef/uncased
00:38:54 - test has 35 queries ...
00:38:54 - Data reading done ...
00:38:55 - adding 9-th encoder to optimizer...
00:38:55 - adding 10-th encoder to optimizer...
00:38:55 - adding 11-th encoder to optimizer...
00:38:56 - process[9]: training epoch 0 ...
00:39:06 - process[9] - epoch 0 - train iter 207 - 18921.8 words/s - loss: 0.6059
00:39:06 - process[9]: training epoch 1 ...
00:39:16 - process[9] - epoch 1 - train iter 207 - 17896.5 words/s - loss: 0.5237
00:39:16 - process[9]: training epoch 2 ...
00:39:27 - process[9] - epoch 2 - train iter 207 - 16946.3 words/s - loss: 0.5032
00:39:27 - process[9]: training epoch 3 ...
00:39:39 - process[9] - epoch 3 - train iter 207 - 16169.3 words/s - loss: 0.4363
00:39:39 - process[9]: training epoch 4 ...
00:39:52 - process[9] - epoch 4 - train iter 207 - 14867.5 words/s - loss: 0.4808
00:39:52 - process[9]: training epoch 5 ...
00:40:03 - process[9] - epoch 5 - train iter 207 - 16573.5 words/s - loss: 0.4295
00:40:03 - process[9]: training epoch 6 ...
00:40:14 - process[9] - epoch 6 - train iter 207 - 17481.8 words/s - loss: 0.3982
00:40:14 - process[9]: training epoch 7 ...
00:40:25 - process[9] - epoch 7 - train iter 207 - 17472.1 words/s - loss: 0.4072
00:40:25 - process[9]: training epoch 8 ...
00:40:36 - process[9] - epoch 8 - train iter 207 - 16304.6 words/s - loss: 0.4052
00:40:36 - process[9]: training epoch 9 ...
00:40:48 - process[9] - epoch 9 - train iter 207 - 16368.7 words/s - loss: 0.4054
00:40:48 - process[9]: training epoch 10 ...
00:41:00 - process[9] - epoch 10 - train iter 207 - 15817.4 words/s - loss: 0.3656
00:41:00 - process[9]: evaluating epoch 10 on dev ...
00:41:44 - dev set during evaluation: 15480/15477
00:41:44 - process[9] - dev - epoch 10 - mAP: 0.415 w/ 35 queries
00:41:44 - process[9]: evaluating epoch 10 on test ...
00:42:26 - test set during evaluation: 14470/14463
00:42:26 - process[9] - test - epoch 10 - mAP: 0.370 w/ 35 queries
00:42:26 - process[9]: training epoch 11 ...
00:42:37 - process[9] - epoch 11 - train iter 207 - 16423.0 words/s - loss: 0.4049
00:42:37 - process[9]: evaluating epoch 11 on dev ...
00:43:19 - dev set during evaluation: 15480/15477
00:43:19 - process[9] - dev - epoch 11 - mAP: 0.397 w/ 35 queries
00:43:19 - process[9]: training epoch 12 ...
00:43:29 - process[9] - epoch 12 - train iter 207 - 17647.9 words/s - loss: 0.3970
00:43:29 - process[9]: evaluating epoch 12 on dev ...
00:44:12 - dev set during evaluation: 15480/15477
00:44:12 - process[9] - dev - epoch 12 - mAP: 0.345 w/ 35 queries
00:44:12 - process[9]: training epoch 13 ...
00:44:22 - process[9] - epoch 13 - train iter 207 - 17974.5 words/s - loss: 0.3845
00:44:22 - process[9]: evaluating epoch 13 on dev ...
00:45:05 - dev set during evaluation: 15480/15477
00:45:05 - process[9] - dev - epoch 13 - mAP: 0.372 w/ 35 queries
00:45:05 - process[9]: training epoch 14 ...
00:45:16 - process[9] - epoch 14 - train iter 207 - 17944.0 words/s - loss: 0.3518
00:45:16 - process[9]: evaluating epoch 14 on dev ...
00:45:59 - dev set during evaluation: 15480/15477
00:45:59 - process[9] - dev - epoch 14 - mAP: 0.388 w/ 35 queries
00:45:59 - process[9]: training epoch 15 ...
00:46:12 - process[9] - epoch 15 - train iter 207 - 15078.7 words/s - loss: 0.3783
00:46:12 - process[9]: evaluating epoch 15 on dev ...
00:46:52 - dev set during evaluation: 15480/15477
00:46:52 - process[9] - dev - epoch 15 - mAP: 0.409 w/ 35 queries
00:46:52 - process[9]: training epoch 16 ...
00:47:03 - process[9] - epoch 16 - train iter 207 - 17723.0 words/s - loss: 0.3509
00:47:03 - process[9]: evaluating epoch 16 on dev ...
00:47:45 - dev set during evaluation: 15480/15477
00:47:45 - process[9] - dev - epoch 16 - mAP: 0.395 w/ 35 queries
00:47:45 - process[9]: training epoch 17 ...
00:47:56 - process[9] - epoch 17 - train iter 207 - 18013.3 words/s - loss: 0.3815
00:47:56 - process[9]: evaluating epoch 17 on dev ...
00:48:39 - dev set during evaluation: 15480/15477
00:48:39 - process[9] - dev - epoch 17 - mAP: 0.438 w/ 35 queries
00:48:39 - process[9]: evaluating epoch 17 on test ...
00:49:24 - test set during evaluation: 14470/14463
00:49:24 - process[9] - test - epoch 17 - mAP: 0.398 w/ 35 queries
00:49:24 - process[9]: training epoch 18 ...
00:49:35 - process[9] - epoch 18 - train iter 207 - 17336.5 words/s - loss: 0.3970
00:49:35 - process[9]: evaluating epoch 18 on dev ...
00:50:18 - dev set during evaluation: 15480/15477
00:50:18 - process[9] - dev - epoch 18 - mAP: 0.409 w/ 35 queries
00:50:18 - process[9]: training epoch 19 ...
00:50:29 - process[9] - epoch 19 - train iter 207 - 17416.8 words/s - loss: 0.3798
00:50:29 - process[9]: evaluating epoch 19 on dev ...
00:51:11 - dev set during evaluation: 15480/15477
00:51:11 - process[9] - dev - epoch 19 - mAP: 0.418 w/ 35 queries
00:51:11 - [fold 4] best test MAP: 0.398 @ epoch 17
00:51:11 - Evaluating every 1 epochs ...
00:51:11 - reading data from /mnt/home/puxuan/CLIR-project/Evaluation_data/process-clef/uncased
00:51:12 - test has 35 queries ...
00:51:12 - Data reading done ...
00:51:13 - adding 9-th encoder to optimizer...
00:51:13 - adding 10-th encoder to optimizer...
00:51:13 - adding 11-th encoder to optimizer...
00:51:14 - process[9]: training epoch 0 ...
00:51:24 - process[9] - epoch 0 - train iter 195 - 17953.5 words/s - loss: 0.5785
00:51:24 - process[9]: training epoch 1 ...
00:51:36 - process[9] - epoch 1 - train iter 195 - 15020.6 words/s - loss: 0.4894
00:51:36 - process[9]: training epoch 2 ...
00:51:46 - process[9] - epoch 2 - train iter 195 - 16912.6 words/s - loss: 0.4873
00:51:46 - process[9]: training epoch 3 ...
00:51:57 - process[9] - epoch 3 - train iter 195 - 15062.4 words/s - loss: 0.4613
00:51:57 - process[9]: training epoch 4 ...
00:52:08 - process[9] - epoch 4 - train iter 195 - 16349.3 words/s - loss: 0.4407
00:52:08 - process[9]: training epoch 5 ...
00:52:18 - process[9] - epoch 5 - train iter 195 - 16500.3 words/s - loss: 0.4203
00:52:18 - process[9]: training epoch 6 ...
00:52:29 - process[9] - epoch 6 - train iter 195 - 16353.0 words/s - loss: 0.4546
00:52:29 - process[9]: training epoch 7 ...
00:52:40 - process[9] - epoch 7 - train iter 195 - 16727.1 words/s - loss: 0.4234
00:52:40 - process[9]: training epoch 8 ...
00:52:51 - process[9] - epoch 8 - train iter 195 - 15491.9 words/s - loss: 0.4296
00:52:51 - process[9]: training epoch 9 ...
00:53:02 - process[9] - epoch 9 - train iter 195 - 15078.3 words/s - loss: 0.4061
00:53:02 - process[9]: training epoch 10 ...
00:53:13 - process[9] - epoch 10 - train iter 195 - 16920.5 words/s - loss: 0.3519
00:53:13 - process[9]: evaluating epoch 10 on dev ...
00:53:58 - dev set during evaluation: 14470/14463
00:53:58 - process[9] - dev - epoch 10 - mAP: 0.398 w/ 35 queries
00:53:58 - process[9]: evaluating epoch 10 on test ...
00:54:43 - test set during evaluation: 14160/14157
00:54:43 - process[9] - test - epoch 10 - mAP: 0.451 w/ 35 queries
00:54:43 - process[9]: training epoch 11 ...
00:54:54 - process[9] - epoch 11 - train iter 195 - 16163.7 words/s - loss: 0.3823
00:54:54 - process[9]: evaluating epoch 11 on dev ...
00:55:38 - dev set during evaluation: 14470/14463
00:55:38 - process[9] - dev - epoch 11 - mAP: 0.427 w/ 35 queries
00:55:38 - process[9]: evaluating epoch 11 on test ...
00:56:24 - test set during evaluation: 14160/14157
00:56:24 - process[9] - test - epoch 11 - mAP: 0.505 w/ 35 queries
00:56:24 - process[9]: training epoch 12 ...
00:56:35 - process[9] - epoch 12 - train iter 195 - 15709.0 words/s - loss: 0.4373
00:56:35 - process[9]: evaluating epoch 12 on dev ...
00:57:16 - dev set during evaluation: 14470/14463
00:57:16 - process[9] - dev - epoch 12 - mAP: 0.390 w/ 35 queries
00:57:16 - process[9]: training epoch 13 ...
00:57:27 - process[9] - epoch 13 - train iter 195 - 15788.3 words/s - loss: 0.4078
00:57:27 - process[9]: evaluating epoch 13 on dev ...
00:58:09 - dev set during evaluation: 14470/14463
00:58:09 - process[9] - dev - epoch 13 - mAP: 0.389 w/ 35 queries
00:58:09 - process[9]: training epoch 14 ...
00:58:19 - process[9] - epoch 14 - train iter 195 - 17717.8 words/s - loss: 0.3871
00:58:19 - process[9]: evaluating epoch 14 on dev ...
00:59:02 - dev set during evaluation: 14470/14463
00:59:02 - process[9] - dev - epoch 14 - mAP: 0.385 w/ 35 queries
00:59:02 - process[9]: training epoch 15 ...
00:59:14 - process[9] - epoch 15 - train iter 195 - 15646.0 words/s - loss: 0.3061
00:59:14 - process[9]: evaluating epoch 15 on dev ...
00:59:55 - dev set during evaluation: 14470/14463
00:59:55 - process[9] - dev - epoch 15 - mAP: 0.411 w/ 35 queries
00:59:55 - process[9]: training epoch 16 ...
01:00:06 - process[9] - epoch 16 - train iter 195 - 15471.8 words/s - loss: 0.3538
01:00:06 - process[9]: evaluating epoch 16 on dev ...
01:00:48 - dev set during evaluation: 14470/14463
01:00:48 - process[9] - dev - epoch 16 - mAP: 0.414 w/ 35 queries
01:00:48 - process[9]: training epoch 17 ...
01:00:58 - process[9] - epoch 17 - train iter 195 - 17715.2 words/s - loss: 0.3765
01:00:58 - process[9]: evaluating epoch 17 on dev ...
01:01:45 - dev set during evaluation: 14470/14463
01:01:45 - process[9] - dev - epoch 17 - mAP: 0.418 w/ 35 queries
01:01:45 - process[9]: training epoch 18 ...
01:01:57 - process[9] - epoch 18 - train iter 195 - 15067.9 words/s - loss: 0.3798
01:01:57 - process[9]: evaluating epoch 18 on dev ...
01:02:41 - dev set during evaluation: 14470/14463
01:02:41 - process[9] - dev - epoch 18 - mAP: 0.412 w/ 35 queries
01:02:41 - process[9]: training epoch 19 ...
01:02:51 - process[9] - epoch 19 - train iter 195 - 16803.2 words/s - loss: 0.3382
01:02:51 - process[9]: evaluating epoch 19 on dev ...
01:03:34 - dev set during evaluation: 14470/14463
01:03:34 - process[9] - dev - epoch 19 - mAP: 0.430 w/ 35 queries
01:03:34 - process[9]: evaluating epoch 19 on test ...
01:04:19 - test set during evaluation: 14160/14157
01:04:19 - process[9] - test - epoch 19 - mAP: 0.473 w/ 35 queries
01:04:19 - [fold 5] best test MAP: 0.473 @ epoch 19
01:04:19 - [0.45936389107263104, 0.4274444365229258, 0.413521676621516, 0.3975762742570273, 0.4733680939385321]
01:04:19 - [35, 36, 35, 35, 35]
01:04:19 - final MAP: 0.434
