00:00:06 - Namespace(apex_level='O2', batch_size=8, cased=False, dataset='wiki-clir', debug=False, encoder_lr=2e-05, eval_step=1, full_doc_length=True, local_rank=2, model_path='bert-base-multilingual-uncased', model_type='mbert', num_epochs=10, num_ft_encoders=3, num_neg=1, projector_lr=2e-05, seed=611, source_lang='en', target_lang='de')
00:00:15 - Evaluating every 1 epochs ...
00:00:15 - reading data from /mnt/home/puxuan/wiki-clir/uncased
00:00:16 - Data reading done ...
00:00:23 - adding 9-th encoder to optimizer...
00:00:23 - adding 10-th encoder to optimizer...
00:00:23 - adding 11-th encoder to optimizer...
00:00:24 - process[2]: training epoch 0 ...
00:02:41 - process[2] - epoch 0 - train iter 500 - 2962.0 words/s - loss: 0.3961
00:02:41 - process[2]: evaluating epoch 0 on dev ...
00:00:05 - Namespace(apex_level='O2', batch_size=8, cased=False, dataset='wiki-clir', debug=False, encoder_lr=2e-05, eval_step=1, full_doc_length=True, local_rank=2, model_path='bert-base-multilingual-uncased', model_type='mbert', num_epochs=10, num_ft_encoders=3, num_neg=1, projector_lr=2e-05, seed=611, source_lang='en', target_lang='de')
00:00:14 - Evaluating every 1 epochs ...
00:00:14 - reading data from /mnt/home/puxuan/wiki-clir/uncased
00:00:15 - Data reading done ...
00:00:21 - adding 9-th encoder to optimizer...
00:00:21 - adding 10-th encoder to optimizer...
00:00:21 - adding 11-th encoder to optimizer...
00:00:21 - process[2]: training epoch 0 ...
00:03:35 - process[2] - epoch 0 - train iter 500 - 2095.2 words/s - loss: 0.5557
00:03:35 - process[2]: evaluating epoch 0 on dev ...
00:00:05 - Namespace(apex_level='O2', batch_size=8, cased=False, dataset='wiki-clir', debug=False, encoder_lr=2e-05, eval_step=1, full_doc_length=True, local_rank=2, model_path='bert-base-multilingual-uncased', model_type='mbert', num_epochs=10, num_ft_encoders=3, num_neg=1, projector_lr=2e-05, seed=611, source_lang='en', target_lang='de')
00:00:14 - Evaluating every 1 epochs ...
00:00:14 - reading data from /mnt/home/puxuan/wiki-clir/uncased
00:00:15 - Data reading done ...
00:00:20 - adding 9-th encoder to optimizer...
00:00:20 - adding 10-th encoder to optimizer...
00:00:20 - adding 11-th encoder to optimizer...
00:00:20 - process[2]: training epoch 0 ...
00:00:06 - Namespace(apex_level='O2', batch_size=8, cased=False, dataset='wiki-clir', debug=False, encoder_lr=2e-05, eval_step=1, full_doc_length=True, local_rank=2, model_path='bert-base-multilingual-uncased', model_type='mbert', num_epochs=10, num_ft_encoders=3, num_neg=1, projector_lr=2e-05, seed=611, source_lang='en', target_lang='de')
00:00:16 - Evaluating every 1 epochs ...
00:00:16 - reading data from /mnt/home/puxuan/wiki-clir/uncased
00:00:17 - Data reading done ...
00:00:23 - adding 9-th encoder to optimizer...
00:00:23 - adding 10-th encoder to optimizer...
00:00:23 - adding 11-th encoder to optimizer...
00:00:24 - process[2]: training epoch 0 ...
00:01:28 - process[2] - epoch 0 - train iter 300 - 3886.2 words/s - loss: 0.5522
00:01:28 - process[2]: training epoch 1 ...
00:02:41 - process[2] - epoch 1 - train iter 300 - 3446.3 words/s - loss: 0.2615
00:02:41 - process[2]: training epoch 2 ...
00:03:48 - process[2] - epoch 2 - train iter 300 - 3711.1 words/s - loss: 0.2261
00:03:48 - process[2]: training epoch 3 ...
00:04:55 - process[2] - epoch 3 - train iter 300 - 3615.8 words/s - loss: 0.2203
00:04:55 - process[2]: training epoch 4 ...
00:06:13 - process[2] - epoch 4 - train iter 300 - 3113.6 words/s - loss: 0.1877
00:06:13 - process[2]: training epoch 5 ...
00:07:14 - process[2] - epoch 5 - train iter 300 - 4002.5 words/s - loss: 0.1673
00:07:14 - process[2]: evaluating epoch 5 on dev ...
00:17:34 - dev set during evaluation: 22550/22546
00:17:34 - process[2] - dev - epoch 5 - mAP: 0.942 w/ 1000 queries
00:17:34 - process[2]: evaluating epoch 5 on test ...
00:25:45 - test set during evaluation: 21670/21664
00:25:45 - process[2] - test - epoch 5 - mAP: 0.933 w/ 1000 queries
00:25:45 - process[2]: training epoch 6 ...
00:27:02 - process[2] - epoch 6 - train iter 300 - 3202.4 words/s - loss: 0.1676
00:27:02 - process[2]: evaluating epoch 6 on dev ...
