00:00:07 - Namespace(apex_level='O2', batch_size=8, cased=False, dataset='clef', debug=False, encoder_lr=2e-05, eval_step=1, full_doc_length=True, local_rank=2, model_path='/mnt/scratch/puxuan/short_qlm_0.15/2186792/huggingface-4', model_type='mbert', num_epochs=20, num_ft_encoders=3, num_neg=1, projector_lr=2e-05, seed=611, source_lang='es', target_lang='fr')
00:00:17 - Evaluating every 1 epochs ...
00:00:17 - reading data from /mnt/home/puxuan/CLIR-project/Evaluation_data/process-clef/uncased
00:00:18 - test has 37 queries ...
00:00:18 - Data reading done ...
00:00:25 - adding 9-th encoder to optimizer...
00:00:25 - adding 10-th encoder to optimizer...
00:00:25 - adding 11-th encoder to optimizer...
00:00:25 - process[2]: training epoch 0 ...
00:00:35 - process[2] - epoch 0 - train iter 241 - 20781.3 words/s - loss: 0.6758
00:00:35 - process[2]: training epoch 1 ...
00:00:44 - process[2] - epoch 1 - train iter 241 - 21552.0 words/s - loss: 0.6086
00:00:44 - process[2]: training epoch 2 ...
00:00:53 - process[2] - epoch 2 - train iter 241 - 21592.0 words/s - loss: 0.5742
00:00:53 - process[2]: training epoch 3 ...
00:01:02 - process[2] - epoch 3 - train iter 241 - 22690.1 words/s - loss: 0.6090
00:01:02 - process[2]: training epoch 4 ...
00:01:10 - process[2] - epoch 4 - train iter 241 - 22197.8 words/s - loss: 0.5410
00:01:10 - process[2]: training epoch 5 ...
00:01:19 - process[2] - epoch 5 - train iter 241 - 22227.0 words/s - loss: 0.5606
00:01:19 - process[2]: training epoch 6 ...
00:01:28 - process[2] - epoch 6 - train iter 241 - 21798.1 words/s - loss: 0.4616
00:01:28 - process[2]: training epoch 7 ...
00:01:38 - process[2] - epoch 7 - train iter 241 - 21296.4 words/s - loss: 0.4952
00:01:38 - process[2]: training epoch 8 ...
00:01:46 - process[2] - epoch 8 - train iter 241 - 22683.0 words/s - loss: 0.5209
00:01:46 - process[2]: training epoch 9 ...
00:01:55 - process[2] - epoch 9 - train iter 241 - 22017.3 words/s - loss: 0.4538
00:01:55 - process[2]: training epoch 10 ...
00:02:04 - process[2] - epoch 10 - train iter 241 - 22525.0 words/s - loss: 0.5048
00:02:04 - process[2]: evaluating epoch 10 on dev ...
00:02:25 - process[2] - dev - epoch 10 - mAP: 0.385 w/ 37 queries
00:02:25 - process[2]: evaluating epoch 10 on test ...
00:02:44 - test set during evaluation: 11380/11372
00:02:44 - process[2] - test - epoch 10 - mAP: 0.437 w/ 37 queries
00:02:44 - process[2]: training epoch 11 ...
00:02:53 - process[2] - epoch 11 - train iter 241 - 20971.5 words/s - loss: 0.4716
00:02:53 - process[2]: evaluating epoch 11 on dev ...
00:03:12 - process[2] - dev - epoch 11 - mAP: 0.373 w/ 37 queries
00:03:12 - process[2]: training epoch 12 ...
00:03:21 - process[2] - epoch 12 - train iter 241 - 22733.0 words/s - loss: 0.4738
00:03:21 - process[2]: evaluating epoch 12 on dev ...
00:03:40 - process[2] - dev - epoch 12 - mAP: 0.382 w/ 37 queries
00:03:40 - process[2]: training epoch 13 ...
00:03:49 - process[2] - epoch 13 - train iter 241 - 21655.0 words/s - loss: 0.4419
00:03:49 - process[2]: evaluating epoch 13 on dev ...
00:04:08 - process[2] - dev - epoch 13 - mAP: 0.375 w/ 37 queries
00:04:08 - process[2]: training epoch 14 ...
00:04:17 - process[2] - epoch 14 - train iter 241 - 21551.4 words/s - loss: 0.4066
00:04:17 - process[2]: evaluating epoch 14 on dev ...
00:04:35 - process[2] - dev - epoch 14 - mAP: 0.377 w/ 37 queries
00:04:35 - process[2]: training epoch 15 ...
00:04:44 - process[2] - epoch 15 - train iter 241 - 23656.4 words/s - loss: 0.4532
00:04:44 - process[2]: evaluating epoch 15 on dev ...
00:05:03 - process[2] - dev - epoch 15 - mAP: 0.365 w/ 37 queries
00:05:03 - process[2]: training epoch 16 ...
00:05:12 - process[2] - epoch 16 - train iter 241 - 21752.1 words/s - loss: 0.4103
00:05:12 - process[2]: evaluating epoch 16 on dev ...
00:05:31 - process[2] - dev - epoch 16 - mAP: 0.391 w/ 37 queries
00:05:31 - process[2]: evaluating epoch 16 on test ...
00:05:50 - test set during evaluation: 11380/11372
00:05:50 - process[2] - test - epoch 16 - mAP: 0.498 w/ 37 queries
00:05:50 - process[2]: training epoch 17 ...
00:05:59 - process[2] - epoch 17 - train iter 241 - 21555.5 words/s - loss: 0.4704
00:05:59 - process[2]: evaluating epoch 17 on dev ...
00:06:17 - process[2] - dev - epoch 17 - mAP: 0.384 w/ 37 queries
00:06:17 - process[2]: training epoch 18 ...
00:06:26 - process[2] - epoch 18 - train iter 241 - 22320.6 words/s - loss: 0.4807
00:06:26 - process[2]: evaluating epoch 18 on dev ...
00:06:46 - process[2] - dev - epoch 18 - mAP: 0.392 w/ 37 queries
00:06:46 - process[2]: evaluating epoch 18 on test ...
00:07:04 - test set during evaluation: 11380/11372
00:07:04 - process[2] - test - epoch 18 - mAP: 0.487 w/ 37 queries
00:07:04 - process[2]: training epoch 19 ...
00:07:13 - process[2] - epoch 19 - train iter 241 - 22001.4 words/s - loss: 0.4525
00:07:13 - process[2]: evaluating epoch 19 on dev ...
00:07:32 - process[2] - dev - epoch 19 - mAP: 0.392 w/ 37 queries
00:07:32 - [fold 1] best test MAP: 0.487 @ epoch 18
00:07:32 - Evaluating every 1 epochs ...
00:07:32 - reading data from /mnt/home/puxuan/CLIR-project/Evaluation_data/process-clef/uncased
00:07:32 - test has 37 queries ...
00:07:32 - Data reading done ...
00:07:34 - adding 9-th encoder to optimizer...
00:07:34 - adding 10-th encoder to optimizer...
00:07:34 - adding 11-th encoder to optimizer...
00:07:34 - process[2]: training epoch 0 ...
00:07:45 - process[2] - epoch 0 - train iter 276 - 21257.8 words/s - loss: 0.6717
00:07:45 - process[2]: training epoch 1 ...
00:07:56 - process[2] - epoch 1 - train iter 276 - 20482.6 words/s - loss: 0.5952
00:07:56 - process[2]: training epoch 2 ...
00:08:07 - process[2] - epoch 2 - train iter 276 - 21409.8 words/s - loss: 0.5463
00:08:07 - process[2]: training epoch 3 ...
00:08:17 - process[2] - epoch 3 - train iter 276 - 21423.7 words/s - loss: 0.5356
00:08:17 - process[2]: training epoch 4 ...
00:08:28 - process[2] - epoch 4 - train iter 276 - 21369.3 words/s - loss: 0.5519
00:08:28 - process[2]: training epoch 5 ...
00:08:38 - process[2] - epoch 5 - train iter 276 - 21523.2 words/s - loss: 0.5461
00:08:38 - process[2]: training epoch 6 ...
00:08:49 - process[2] - epoch 6 - train iter 276 - 21171.9 words/s - loss: 0.5490
00:08:49 - process[2]: training epoch 7 ...
00:09:00 - process[2] - epoch 7 - train iter 276 - 20387.0 words/s - loss: 0.5433
00:09:00 - process[2]: training epoch 8 ...
00:09:11 - process[2] - epoch 8 - train iter 276 - 20888.2 words/s - loss: 0.5263
00:09:11 - process[2]: training epoch 9 ...
00:09:21 - process[2] - epoch 9 - train iter 276 - 21391.0 words/s - loss: 0.4906
00:09:21 - process[2]: training epoch 10 ...
00:09:32 - process[2] - epoch 10 - train iter 276 - 21365.6 words/s - loss: 0.4996
00:09:32 - process[2]: evaluating epoch 10 on dev ...
00:09:54 - dev set during evaluation: 11380/11372
00:09:54 - process[2] - dev - epoch 10 - mAP: 0.411 w/ 37 queries
00:09:54 - process[2]: evaluating epoch 10 on test ...
00:10:13 - process[2] - test - epoch 10 - mAP: 0.354 w/ 37 queries
00:10:13 - process[2]: training epoch 11 ...
00:10:24 - process[2] - epoch 11 - train iter 276 - 20638.2 words/s - loss: 0.5001
00:10:24 - process[2]: evaluating epoch 11 on dev ...
00:10:43 - dev set during evaluation: 11380/11372
00:10:43 - process[2] - dev - epoch 11 - mAP: 0.454 w/ 37 queries
00:10:43 - process[2]: evaluating epoch 11 on test ...
00:11:00 - process[2] - test - epoch 11 - mAP: 0.377 w/ 37 queries
00:11:00 - process[2]: training epoch 12 ...
00:11:11 - process[2] - epoch 12 - train iter 276 - 21011.7 words/s - loss: 0.5188
00:11:11 - process[2]: evaluating epoch 12 on dev ...
00:11:30 - dev set during evaluation: 11380/11372
00:11:30 - process[2] - dev - epoch 12 - mAP: 0.421 w/ 37 queries
00:11:30 - process[2]: training epoch 13 ...
00:11:40 - process[2] - epoch 13 - train iter 276 - 22364.6 words/s - loss: 0.4505
00:11:40 - process[2]: evaluating epoch 13 on dev ...
00:12:00 - dev set during evaluation: 11380/11372
00:12:00 - process[2] - dev - epoch 13 - mAP: 0.440 w/ 37 queries
00:12:00 - process[2]: training epoch 14 ...
00:12:11 - process[2] - epoch 14 - train iter 276 - 21314.5 words/s - loss: 0.4859
00:12:11 - process[2]: evaluating epoch 14 on dev ...
00:12:29 - dev set during evaluation: 11380/11372
00:12:29 - process[2] - dev - epoch 14 - mAP: 0.426 w/ 37 queries
00:12:29 - process[2]: training epoch 15 ...
00:12:39 - process[2] - epoch 15 - train iter 276 - 22099.1 words/s - loss: 0.4649
00:12:39 - process[2]: evaluating epoch 15 on dev ...
00:12:59 - dev set during evaluation: 11380/11372
00:12:59 - process[2] - dev - epoch 15 - mAP: 0.450 w/ 37 queries
00:12:59 - process[2]: training epoch 16 ...
00:13:10 - process[2] - epoch 16 - train iter 276 - 20911.3 words/s - loss: 0.4753
00:13:10 - process[2]: evaluating epoch 16 on dev ...
00:13:28 - dev set during evaluation: 11380/11372
00:13:28 - process[2] - dev - epoch 16 - mAP: 0.442 w/ 37 queries
00:13:28 - process[2]: training epoch 17 ...
00:13:39 - process[2] - epoch 17 - train iter 276 - 20830.9 words/s - loss: 0.5043
00:13:39 - process[2]: evaluating epoch 17 on dev ...
00:13:59 - dev set during evaluation: 11380/11372
00:13:59 - process[2] - dev - epoch 17 - mAP: 0.443 w/ 37 queries
00:13:59 - process[2]: training epoch 18 ...
00:14:10 - process[2] - epoch 18 - train iter 276 - 21309.7 words/s - loss: 0.4865
00:14:10 - process[2]: evaluating epoch 18 on dev ...
00:14:29 - dev set during evaluation: 11380/11372
00:14:29 - process[2] - dev - epoch 18 - mAP: 0.439 w/ 37 queries
00:14:29 - process[2]: training epoch 19 ...
00:14:40 - process[2] - epoch 19 - train iter 276 - 20796.3 words/s - loss: 0.4833
00:14:40 - process[2]: evaluating epoch 19 on dev ...
00:14:59 - dev set during evaluation: 11380/11372
00:14:59 - process[2] - dev - epoch 19 - mAP: 0.461 w/ 37 queries
00:14:59 - process[2]: evaluating epoch 19 on test ...
00:15:16 - process[2] - test - epoch 19 - mAP: 0.387 w/ 37 queries
00:15:16 - [fold 2] best test MAP: 0.387 @ epoch 19
00:15:16 - Evaluating every 1 epochs ...
00:15:16 - reading data from /mnt/home/puxuan/CLIR-project/Evaluation_data/process-clef/uncased
00:15:17 - test has 37 queries ...
00:15:17 - Data reading done ...
00:15:18 - adding 9-th encoder to optimizer...
00:15:18 - adding 10-th encoder to optimizer...
00:15:18 - adding 11-th encoder to optimizer...
00:15:19 - process[2]: training epoch 0 ...
00:15:27 - process[2] - epoch 0 - train iter 240 - 21800.5 words/s - loss: 0.6793
00:15:27 - process[2]: training epoch 1 ...
00:15:37 - process[2] - epoch 1 - train iter 240 - 20693.7 words/s - loss: 0.6075
00:15:37 - process[2]: training epoch 2 ...
00:15:46 - process[2] - epoch 2 - train iter 240 - 21704.7 words/s - loss: 0.5636
00:15:46 - process[2]: training epoch 3 ...
00:15:54 - process[2] - epoch 3 - train iter 240 - 21853.9 words/s - loss: 0.5552
00:15:54 - process[2]: training epoch 4 ...
00:16:03 - process[2] - epoch 4 - train iter 240 - 21721.4 words/s - loss: 0.5414
00:16:03 - process[2]: training epoch 5 ...
00:16:13 - process[2] - epoch 5 - train iter 240 - 20091.2 words/s - loss: 0.5551
00:16:13 - process[2]: training epoch 6 ...
00:16:21 - process[2] - epoch 6 - train iter 240 - 22040.9 words/s - loss: 0.5434
00:16:21 - process[2]: training epoch 7 ...
00:16:31 - process[2] - epoch 7 - train iter 240 - 20848.8 words/s - loss: 0.5166
00:16:31 - process[2]: training epoch 8 ...
00:16:40 - process[2] - epoch 8 - train iter 240 - 21618.2 words/s - loss: 0.5354
00:16:40 - process[2]: training epoch 9 ...
00:16:49 - process[2] - epoch 9 - train iter 240 - 22626.5 words/s - loss: 0.5317
00:16:49 - process[2]: training epoch 10 ...
00:16:58 - process[2] - epoch 10 - train iter 240 - 21604.1 words/s - loss: 0.4932
00:16:58 - process[2]: evaluating epoch 10 on dev ...
00:17:18 - process[2] - dev - epoch 10 - mAP: 0.391 w/ 37 queries
00:17:18 - process[2]: evaluating epoch 10 on test ...
00:17:37 - test set during evaluation: 11210/11201
00:17:37 - process[2] - test - epoch 10 - mAP: 0.433 w/ 37 queries
00:17:37 - process[2]: training epoch 11 ...
00:17:46 - process[2] - epoch 11 - train iter 240 - 21028.3 words/s - loss: 0.5142
00:17:46 - process[2]: evaluating epoch 11 on dev ...
00:18:04 - process[2] - dev - epoch 11 - mAP: 0.408 w/ 37 queries
00:18:04 - process[2]: evaluating epoch 11 on test ...
00:18:23 - test set during evaluation: 11210/11201
00:18:23 - process[2] - test - epoch 11 - mAP: 0.442 w/ 37 queries
00:18:23 - process[2]: training epoch 12 ...
00:18:33 - process[2] - epoch 12 - train iter 240 - 20855.3 words/s - loss: 0.5173
00:18:33 - process[2]: evaluating epoch 12 on dev ...
00:18:50 - process[2] - dev - epoch 12 - mAP: 0.367 w/ 37 queries
00:18:50 - process[2]: training epoch 13 ...
00:18:59 - process[2] - epoch 13 - train iter 240 - 21200.5 words/s - loss: 0.5009
00:18:59 - process[2]: evaluating epoch 13 on dev ...
00:19:16 - process[2] - dev - epoch 13 - mAP: 0.349 w/ 37 queries
00:19:16 - process[2]: training epoch 14 ...
00:19:25 - process[2] - epoch 14 - train iter 240 - 21222.1 words/s - loss: 0.4558
00:19:25 - process[2]: evaluating epoch 14 on dev ...
00:19:43 - process[2] - dev - epoch 14 - mAP: 0.415 w/ 37 queries
00:19:43 - process[2]: evaluating epoch 14 on test ...
00:20:04 - test set during evaluation: 11210/11201
00:20:04 - process[2] - test - epoch 14 - mAP: 0.423 w/ 37 queries
00:20:04 - process[2]: training epoch 15 ...
00:20:13 - process[2] - epoch 15 - train iter 240 - 21843.1 words/s - loss: 0.4992
00:20:13 - process[2]: evaluating epoch 15 on dev ...
00:20:31 - process[2] - dev - epoch 15 - mAP: 0.412 w/ 37 queries
00:20:31 - process[2]: training epoch 16 ...
00:20:40 - process[2] - epoch 16 - train iter 240 - 21419.7 words/s - loss: 0.4581
00:20:40 - process[2]: evaluating epoch 16 on dev ...
00:20:57 - process[2] - dev - epoch 16 - mAP: 0.422 w/ 37 queries
00:20:57 - process[2]: evaluating epoch 16 on test ...
00:21:16 - test set during evaluation: 11210/11201
00:21:16 - process[2] - test - epoch 16 - mAP: 0.432 w/ 37 queries
00:21:16 - process[2]: training epoch 17 ...
00:21:25 - process[2] - epoch 17 - train iter 240 - 22305.5 words/s - loss: 0.4651
00:21:25 - process[2]: evaluating epoch 17 on dev ...
00:21:43 - process[2] - dev - epoch 17 - mAP: 0.380 w/ 37 queries
00:21:43 - process[2]: training epoch 18 ...
00:21:52 - process[2] - epoch 18 - train iter 240 - 19972.7 words/s - loss: 0.4857
00:21:52 - process[2]: evaluating epoch 18 on dev ...
00:22:09 - process[2] - dev - epoch 18 - mAP: 0.416 w/ 37 queries
00:22:09 - process[2]: training epoch 19 ...
00:22:18 - process[2] - epoch 19 - train iter 240 - 21199.8 words/s - loss: 0.4771
00:22:18 - process[2]: evaluating epoch 19 on dev ...
00:22:35 - process[2] - dev - epoch 19 - mAP: 0.414 w/ 37 queries
00:22:35 - [fold 3] best test MAP: 0.432 @ epoch 16
00:22:35 - Evaluating every 1 epochs ...
00:22:35 - reading data from /mnt/home/puxuan/CLIR-project/Evaluation_data/process-clef/uncased
00:22:36 - test has 37 queries ...
00:22:36 - Data reading done ...
00:22:37 - adding 9-th encoder to optimizer...
00:22:37 - adding 10-th encoder to optimizer...
00:22:37 - adding 11-th encoder to optimizer...
00:22:38 - process[2]: training epoch 0 ...
00:22:46 - process[2] - epoch 0 - train iter 231 - 21711.6 words/s - loss: 0.6816
00:22:46 - process[2]: training epoch 1 ...
00:22:55 - process[2] - epoch 1 - train iter 231 - 21260.2 words/s - loss: 0.6026
00:22:55 - process[2]: training epoch 2 ...
00:23:04 - process[2] - epoch 2 - train iter 231 - 21692.7 words/s - loss: 0.5606
00:23:04 - process[2]: training epoch 3 ...
00:23:12 - process[2] - epoch 3 - train iter 231 - 22391.4 words/s - loss: 0.5399
00:23:12 - process[2]: training epoch 4 ...
00:23:22 - process[2] - epoch 4 - train iter 231 - 20399.6 words/s - loss: 0.5177
00:23:22 - process[2]: training epoch 5 ...
00:23:30 - process[2] - epoch 5 - train iter 231 - 22091.7 words/s - loss: 0.5213
00:23:30 - process[2]: training epoch 6 ...
00:23:39 - process[2] - epoch 6 - train iter 231 - 21022.9 words/s - loss: 0.5510
00:23:39 - process[2]: training epoch 7 ...
00:23:48 - process[2] - epoch 7 - train iter 231 - 21499.8 words/s - loss: 0.5197
00:23:48 - process[2]: training epoch 8 ...
00:23:56 - process[2] - epoch 8 - train iter 231 - 20575.7 words/s - loss: 0.5768
00:23:56 - process[2]: training epoch 9 ...
00:24:05 - process[2] - epoch 9 - train iter 231 - 21623.3 words/s - loss: 0.5292
00:24:05 - process[2]: training epoch 10 ...
00:24:13 - process[2] - epoch 10 - train iter 231 - 21746.0 words/s - loss: 0.4880
00:24:13 - process[2]: evaluating epoch 10 on dev ...
00:24:34 - dev set during evaluation: 11210/11201
00:24:34 - process[2] - dev - epoch 10 - mAP: 0.423 w/ 37 queries
00:24:34 - process[2]: evaluating epoch 10 on test ...
00:24:53 - test set during evaluation: 10640/10633
00:24:53 - process[2] - test - epoch 10 - mAP: 0.337 w/ 37 queries
00:24:53 - process[2]: training epoch 11 ...
00:25:02 - process[2] - epoch 11 - train iter 231 - 21267.0 words/s - loss: 0.5080
00:25:02 - process[2]: evaluating epoch 11 on dev ...
00:25:21 - dev set during evaluation: 11210/11201
00:25:21 - process[2] - dev - epoch 11 - mAP: 0.438 w/ 37 queries
00:25:21 - process[2]: evaluating epoch 11 on test ...
00:25:41 - test set during evaluation: 10640/10633
00:25:41 - process[2] - test - epoch 11 - mAP: 0.338 w/ 37 queries
00:25:41 - process[2]: training epoch 12 ...
00:25:50 - process[2] - epoch 12 - train iter 231 - 21895.3 words/s - loss: 0.4931
00:25:50 - process[2]: evaluating epoch 12 on dev ...
00:26:10 - dev set during evaluation: 11210/11201
00:26:10 - process[2] - dev - epoch 12 - mAP: 0.417 w/ 37 queries
00:26:10 - process[2]: training epoch 13 ...
00:26:19 - process[2] - epoch 13 - train iter 231 - 20690.4 words/s - loss: 0.4732
00:26:19 - process[2]: evaluating epoch 13 on dev ...
00:26:40 - dev set during evaluation: 11210/11201
00:26:40 - process[2] - dev - epoch 13 - mAP: 0.432 w/ 37 queries
00:26:40 - process[2]: training epoch 14 ...
00:26:48 - process[2] - epoch 14 - train iter 231 - 22038.1 words/s - loss: 0.4568
00:26:48 - process[2]: evaluating epoch 14 on dev ...
00:27:10 - dev set during evaluation: 11210/11201
00:27:10 - process[2] - dev - epoch 14 - mAP: 0.434 w/ 37 queries
00:27:10 - process[2]: training epoch 15 ...
00:27:18 - process[2] - epoch 15 - train iter 231 - 21949.8 words/s - loss: 0.4883
00:27:19 - process[2]: evaluating epoch 15 on dev ...
00:27:38 - dev set during evaluation: 11210/11201
00:27:38 - process[2] - dev - epoch 15 - mAP: 0.390 w/ 37 queries
00:27:38 - process[2]: training epoch 16 ...
00:27:47 - process[2] - epoch 16 - train iter 231 - 21559.9 words/s - loss: 0.4755
00:27:47 - process[2]: evaluating epoch 16 on dev ...
00:28:07 - dev set during evaluation: 11210/11201
00:28:07 - process[2] - dev - epoch 16 - mAP: 0.434 w/ 37 queries
00:28:07 - process[2]: training epoch 17 ...
00:28:15 - process[2] - epoch 17 - train iter 231 - 21897.0 words/s - loss: 0.4699
00:28:15 - process[2]: evaluating epoch 17 on dev ...
00:28:35 - dev set during evaluation: 11210/11201
00:28:35 - process[2] - dev - epoch 17 - mAP: 0.432 w/ 37 queries
00:28:35 - process[2]: training epoch 18 ...
00:28:43 - process[2] - epoch 18 - train iter 231 - 22150.2 words/s - loss: 0.4438
00:28:43 - process[2]: evaluating epoch 18 on dev ...
00:29:03 - dev set during evaluation: 11210/11201
00:29:03 - process[2] - dev - epoch 18 - mAP: 0.450 w/ 37 queries
00:29:03 - process[2]: evaluating epoch 18 on test ...
00:29:21 - test set during evaluation: 10640/10633
00:29:21 - process[2] - test - epoch 18 - mAP: 0.365 w/ 37 queries
00:29:21 - process[2]: training epoch 19 ...
00:29:30 - process[2] - epoch 19 - train iter 231 - 20516.1 words/s - loss: 0.4742
00:29:30 - process[2]: evaluating epoch 19 on dev ...
00:29:49 - dev set during evaluation: 11210/11201
00:29:49 - process[2] - dev - epoch 19 - mAP: 0.423 w/ 37 queries
00:29:49 - [fold 4] best test MAP: 0.365 @ epoch 18
00:29:49 - Evaluating every 1 epochs ...
00:29:49 - reading data from /mnt/home/puxuan/CLIR-project/Evaluation_data/process-clef/uncased
00:29:49 - test has 37 queries ...
00:29:49 - Data reading done ...
00:29:51 - adding 9-th encoder to optimizer...
00:29:51 - adding 10-th encoder to optimizer...
00:29:51 - adding 11-th encoder to optimizer...
00:29:51 - process[2]: training epoch 0 ...
00:30:01 - process[2] - epoch 0 - train iter 235 - 20813.8 words/s - loss: 0.6789
00:30:01 - process[2]: training epoch 1 ...
00:30:09 - process[2] - epoch 1 - train iter 235 - 21453.1 words/s - loss: 0.6236
00:30:09 - process[2]: training epoch 2 ...
00:30:18 - process[2] - epoch 2 - train iter 235 - 21163.9 words/s - loss: 0.5713
00:30:18 - process[2]: training epoch 3 ...
00:30:28 - process[2] - epoch 3 - train iter 235 - 21046.7 words/s - loss: 0.5449
00:30:28 - process[2]: training epoch 4 ...
00:30:36 - process[2] - epoch 4 - train iter 235 - 22752.5 words/s - loss: 0.5177
00:30:36 - process[2]: training epoch 5 ...
00:30:44 - process[2] - epoch 5 - train iter 235 - 22580.7 words/s - loss: 0.5393
00:30:44 - process[2]: training epoch 6 ...
00:30:53 - process[2] - epoch 6 - train iter 235 - 21847.7 words/s - loss: 0.5621
00:30:53 - process[2]: training epoch 7 ...
00:31:01 - process[2] - epoch 7 - train iter 235 - 22368.3 words/s - loss: 0.4851
00:31:01 - process[2]: training epoch 8 ...
00:31:10 - process[2] - epoch 8 - train iter 235 - 21853.8 words/s - loss: 0.5315
00:31:10 - process[2]: training epoch 9 ...
00:31:18 - process[2] - epoch 9 - train iter 235 - 21779.3 words/s - loss: 0.4941
00:31:18 - process[2]: training epoch 10 ...
00:31:28 - process[2] - epoch 10 - train iter 235 - 20744.1 words/s - loss: 0.4916
00:31:28 - process[2]: evaluating epoch 10 on dev ...
00:31:49 - dev set during evaluation: 10640/10633
00:31:49 - process[2] - dev - epoch 10 - mAP: 0.348 w/ 37 queries
00:31:49 - process[2]: evaluating epoch 10 on test ...
00:32:08 - process[2] - test - epoch 10 - mAP: 0.378 w/ 37 queries
00:32:08 - process[2]: training epoch 11 ...
00:32:17 - process[2] - epoch 11 - train iter 235 - 20628.3 words/s - loss: 0.4864
00:32:17 - process[2]: evaluating epoch 11 on dev ...
00:32:35 - dev set during evaluation: 10640/10633
00:32:36 - process[2] - dev - epoch 11 - mAP: 0.371 w/ 37 queries
00:32:36 - process[2]: evaluating epoch 11 on test ...
00:32:54 - process[2] - test - epoch 11 - mAP: 0.386 w/ 37 queries
00:32:54 - process[2]: training epoch 12 ...
00:33:03 - process[2] - epoch 12 - train iter 235 - 22370.6 words/s - loss: 0.4691
00:33:03 - process[2]: evaluating epoch 12 on dev ...
00:33:22 - dev set during evaluation: 10640/10633
00:33:22 - process[2] - dev - epoch 12 - mAP: 0.362 w/ 37 queries
00:33:22 - process[2]: training epoch 13 ...
00:33:31 - process[2] - epoch 13 - train iter 235 - 20630.6 words/s - loss: 0.4531
00:33:31 - process[2]: evaluating epoch 13 on dev ...
00:33:50 - dev set during evaluation: 10640/10633
00:33:50 - process[2] - dev - epoch 13 - mAP: 0.339 w/ 37 queries
00:33:50 - process[2]: training epoch 14 ...
00:33:59 - process[2] - epoch 14 - train iter 235 - 21707.6 words/s - loss: 0.4414
00:33:59 - process[2]: evaluating epoch 14 on dev ...
00:34:17 - dev set during evaluation: 10640/10633
00:34:17 - process[2] - dev - epoch 14 - mAP: 0.351 w/ 37 queries
00:34:17 - process[2]: training epoch 15 ...
00:34:25 - process[2] - epoch 15 - train iter 235 - 21584.5 words/s - loss: 0.4159
00:34:25 - process[2]: evaluating epoch 15 on dev ...
00:34:43 - dev set during evaluation: 10640/10633
00:34:43 - process[2] - dev - epoch 15 - mAP: 0.370 w/ 37 queries
00:34:43 - process[2]: training epoch 16 ...
00:34:52 - process[2] - epoch 16 - train iter 235 - 21303.9 words/s - loss: 0.4577
00:34:52 - process[2]: evaluating epoch 16 on dev ...
00:35:10 - dev set during evaluation: 10640/10633
00:35:10 - process[2] - dev - epoch 16 - mAP: 0.355 w/ 37 queries
00:35:10 - process[2]: training epoch 17 ...
00:35:19 - process[2] - epoch 17 - train iter 235 - 21075.2 words/s - loss: 0.4724
00:35:19 - process[2]: evaluating epoch 17 on dev ...
00:35:38 - dev set during evaluation: 10640/10633
00:35:38 - process[2] - dev - epoch 17 - mAP: 0.344 w/ 37 queries
00:35:38 - process[2]: training epoch 18 ...
00:35:46 - process[2] - epoch 18 - train iter 235 - 21867.7 words/s - loss: 0.4402
00:35:46 - process[2]: evaluating epoch 18 on dev ...
00:36:04 - dev set during evaluation: 10640/10633
00:36:04 - process[2] - dev - epoch 18 - mAP: 0.362 w/ 37 queries
00:36:04 - process[2]: training epoch 19 ...
00:36:13 - process[2] - epoch 19 - train iter 235 - 21920.1 words/s - loss: 0.4439
00:36:13 - process[2]: evaluating epoch 19 on dev ...
00:36:31 - dev set during evaluation: 10640/10633
00:36:31 - process[2] - dev - epoch 19 - mAP: 0.359 w/ 37 queries
00:36:31 - [fold 5] best test MAP: 0.386 @ epoch 11
00:36:31 - [0.48709987683807243, 0.38731772236268636, 0.4320043869617104, 0.3651409011243201, 0.385721707939987]
00:36:31 - [37, 37, 37, 37, 37]
00:36:31 - final MAP: 0.411
