00:00:06 - Namespace(apex_level='O2', batch_size=8, cased=False, dataset='clef', debug=False, encoder_lr=2e-05, eval_step=1, full_doc_length=True, local_rank=3, model_path='/mnt/scratch/puxuan/long_qlm-rr/2186742/huggingface-3', model_type='mbert-long', num_epochs=20, num_ft_encoders=3, num_neg=1, projector_lr=2e-05, seed=611, source_lang='de', target_lang='fr')
00:00:15 - BertLongForXLRetrieval(
  (bert): BertModel(
    (embeddings): BertEmbeddings(
      (word_embeddings): Embedding(105879, 768, padding_idx=0)
      (position_embeddings): Embedding(1024, 768)
      (token_type_embeddings): Embedding(2, 768)
      (LayerNorm): LayerNorm((768,), eps=1e-12, elementwise_affine=True)
      (dropout): Dropout(p=0.1, inplace=False)
    )
    (encoder): BertEncoder(
      (layer): ModuleList(
        (0): BertLayer(
          (attention): BertAttention(
            (self): LongformerSelfAttention(
              (query): Linear(in_features=768, out_features=768, bias=True)
              (key): Linear(in_features=768, out_features=768, bias=True)
              (value): Linear(in_features=768, out_features=768, bias=True)
              (query_global): Linear(in_features=768, out_features=768, bias=True)
              (key_global): Linear(in_features=768, out_features=768, bias=True)
              (value_global): Linear(in_features=768, out_features=768, bias=True)
            )
            (output): BertSelfOutput(
              (dense): Linear(in_features=768, out_features=768, bias=True)
              (LayerNorm): LayerNorm((768,), eps=1e-12, elementwise_affine=True)
              (dropout): Dropout(p=0.1, inplace=False)
            )
          )
          (intermediate): BertIntermediate(
            (dense): Linear(in_features=768, out_features=3072, bias=True)
          )
          (output): BertOutput(
            (dense): Linear(in_features=3072, out_features=768, bias=True)
            (LayerNorm): LayerNorm((768,), eps=1e-12, elementwise_affine=True)
            (dropout): Dropout(p=0.1, inplace=False)
          )
        )
        (1): BertLayer(
          (attention): BertAttention(
            (self): LongformerSelfAttention(
              (query): Linear(in_features=768, out_features=768, bias=True)
              (key): Linear(in_features=768, out_features=768, bias=True)
              (value): Linear(in_features=768, out_features=768, bias=True)
              (query_global): Linear(in_features=768, out_features=768, bias=True)
              (key_global): Linear(in_features=768, out_features=768, bias=True)
              (value_global): Linear(in_features=768, out_features=768, bias=True)
            )
            (output): BertSelfOutput(
              (dense): Linear(in_features=768, out_features=768, bias=True)
              (LayerNorm): LayerNorm((768,), eps=1e-12, elementwise_affine=True)
              (dropout): Dropout(p=0.1, inplace=False)
            )
          )
          (intermediate): BertIntermediate(
            (dense): Linear(in_features=768, out_features=3072, bias=True)
          )
          (output): BertOutput(
            (dense): Linear(in_features=3072, out_features=768, bias=True)
            (LayerNorm): LayerNorm((768,), eps=1e-12, elementwise_affine=True)
            (dropout): Dropout(p=0.1, inplace=False)
          )
        )
        (2): BertLayer(
          (attention): BertAttention(
            (self): LongformerSelfAttention(
              (query): Linear(in_features=768, out_features=768, bias=True)
              (key): Linear(in_features=768, out_features=768, bias=True)
              (value): Linear(in_features=768, out_features=768, bias=True)
              (query_global): Linear(in_features=768, out_features=768, bias=True)
              (key_global): Linear(in_features=768, out_features=768, bias=True)
              (value_global): Linear(in_features=768, out_features=768, bias=True)
            )
            (output): BertSelfOutput(
              (dense): Linear(in_features=768, out_features=768, bias=True)
              (LayerNorm): LayerNorm((768,), eps=1e-12, elementwise_affine=True)
              (dropout): Dropout(p=0.1, inplace=False)
            )
          )
          (intermediate): BertIntermediate(
            (dense): Linear(in_features=768, out_features=3072, bias=True)
          )
          (output): BertOutput(
            (dense): Linear(in_features=3072, out_features=768, bias=True)
            (LayerNorm): LayerNorm((768,), eps=1e-12, elementwise_affine=True)
            (dropout): Dropout(p=0.1, inplace=False)
          )
        )
        (3): BertLayer(
          (attention): BertAttention(
            (self): LongformerSelfAttention(
              (query): Linear(in_features=768, out_features=768, bias=True)
              (key): Linear(in_features=768, out_features=768, bias=True)
              (value): Linear(in_features=768, out_features=768, bias=True)
              (query_global): Linear(in_features=768, out_features=768, bias=True)
              (key_global): Linear(in_features=768, out_features=768, bias=True)
              (value_global): Linear(in_features=768, out_features=768, bias=True)
            )
            (output): BertSelfOutput(
              (dense): Linear(in_features=768, out_features=768, bias=True)
              (LayerNorm): LayerNorm((768,), eps=1e-12, elementwise_affine=True)
              (dropout): Dropout(p=0.1, inplace=False)
            )
          )
          (intermediate): BertIntermediate(
            (dense): Linear(in_features=768, out_features=3072, bias=True)
          )
          (output): BertOutput(
            (dense): Linear(in_features=3072, out_features=768, bias=True)
            (LayerNorm): LayerNorm((768,), eps=1e-12, elementwise_affine=True)
            (dropout): Dropout(p=0.1, inplace=False)
          )
        )
        (4): BertLayer(
          (attention): BertAttention(
            (self): LongformerSelfAttention(
              (query): Linear(in_features=768, out_features=768, bias=True)
              (key): Linear(in_features=768, out_features=768, bias=True)
              (value): Linear(in_features=768, out_features=768, bias=True)
              (query_global): Linear(in_features=768, out_features=768, bias=True)
              (key_global): Linear(in_features=768, out_features=768, bias=True)
              (value_global): Linear(in_features=768, out_features=768, bias=True)
            )
            (output): BertSelfOutput(
              (dense): Linear(in_features=768, out_features=768, bias=True)
              (LayerNorm): LayerNorm((768,), eps=1e-12, elementwise_affine=True)
              (dropout): Dropout(p=0.1, inplace=False)
            )
          )
          (intermediate): BertIntermediate(
            (dense): Linear(in_features=768, out_features=3072, bias=True)
          )
          (output): BertOutput(
            (dense): Linear(in_features=3072, out_features=768, bias=True)
            (LayerNorm): LayerNorm((768,), eps=1e-12, elementwise_affine=True)
            (dropout): Dropout(p=0.1, inplace=False)
          )
        )
        (5): BertLayer(
          (attention): BertAttention(
            (self): LongformerSelfAttention(
              (query): Linear(in_features=768, out_features=768, bias=True)
              (key): Linear(in_features=768, out_features=768, bias=True)
              (value): Linear(in_features=768, out_features=768, bias=True)
              (query_global): Linear(in_features=768, out_features=768, bias=True)
              (key_global): Linear(in_features=768, out_features=768, bias=True)
              (value_global): Linear(in_features=768, out_features=768, bias=True)
            )
            (output): BertSelfOutput(
              (dense): Linear(in_features=768, out_features=768, bias=True)
              (LayerNorm): LayerNorm((768,), eps=1e-12, elementwise_affine=True)
              (dropout): Dropout(p=0.1, inplace=False)
            )
          )
          (intermediate): BertIntermediate(
            (dense): Linear(in_features=768, out_features=3072, bias=True)
          )
          (output): BertOutput(
            (dense): Linear(in_features=3072, out_features=768, bias=True)
            (LayerNorm): LayerNorm((768,), eps=1e-12, elementwise_affine=True)
            (dropout): Dropout(p=0.1, inplace=False)
          )
        )
        (6): BertLayer(
          (attention): BertAttention(
            (self): LongformerSelfAttention(
              (query): Linear(in_features=768, out_features=768, bias=True)
              (key): Linear(in_features=768, out_features=768, bias=True)
              (value): Linear(in_features=768, out_features=768, bias=True)
              (query_global): Linear(in_features=768, out_features=768, bias=True)
              (key_global): Linear(in_features=768, out_features=768, bias=True)
              (value_global): Linear(in_features=768, out_features=768, bias=True)
            )
            (output): BertSelfOutput(
              (dense): Linear(in_features=768, out_features=768, bias=True)
              (LayerNorm): LayerNorm((768,), eps=1e-12, elementwise_affine=True)
              (dropout): Dropout(p=0.1, inplace=False)
            )
          )
          (intermediate): BertIntermediate(
            (dense): Linear(in_features=768, out_features=3072, bias=True)
          )
          (output): BertOutput(
            (dense): Linear(in_features=3072, out_features=768, bias=True)
            (LayerNorm): LayerNorm((768,), eps=1e-12, elementwise_affine=True)
            (dropout): Dropout(p=0.1, inplace=False)
          )
        )
        (7): BertLayer(
          (attention): BertAttention(
            (self): LongformerSelfAttention(
              (query): Linear(in_features=768, out_features=768, bias=True)
              (key): Linear(in_features=768, out_features=768, bias=True)
              (value): Linear(in_features=768, out_features=768, bias=True)
              (query_global): Linear(in_features=768, out_features=768, bias=True)
              (key_global): Linear(in_features=768, out_features=768, bias=True)
              (value_global): Linear(in_features=768, out_features=768, bias=True)
            )
            (output): BertSelfOutput(
              (dense): Linear(in_features=768, out_features=768, bias=True)
              (LayerNorm): LayerNorm((768,), eps=1e-12, elementwise_affine=True)
              (dropout): Dropout(p=0.1, inplace=False)
            )
          )
          (intermediate): BertIntermediate(
            (dense): Linear(in_features=768, out_features=3072, bias=True)
          )
          (output): BertOutput(
            (dense): Linear(in_features=3072, out_features=768, bias=True)
            (LayerNorm): LayerNorm((768,), eps=1e-12, elementwise_affine=True)
            (dropout): Dropout(p=0.1, inplace=False)
          )
        )
        (8): BertLayer(
          (attention): BertAttention(
            (self): LongformerSelfAttention(
              (query): Linear(in_features=768, out_features=768, bias=True)
              (key): Linear(in_features=768, out_features=768, bias=True)
              (value): Linear(in_features=768, out_features=768, bias=True)
              (query_global): Linear(in_features=768, out_features=768, bias=True)
              (key_global): Linear(in_features=768, out_features=768, bias=True)
              (value_global): Linear(in_features=768, out_features=768, bias=True)
            )
            (output): BertSelfOutput(
              (dense): Linear(in_features=768, out_features=768, bias=True)
              (LayerNorm): LayerNorm((768,), eps=1e-12, elementwise_affine=True)
              (dropout): Dropout(p=0.1, inplace=False)
            )
          )
          (intermediate): BertIntermediate(
            (dense): Linear(in_features=768, out_features=3072, bias=True)
          )
          (output): BertOutput(
            (dense): Linear(in_features=3072, out_features=768, bias=True)
            (LayerNorm): LayerNorm((768,), eps=1e-12, elementwise_affine=True)
            (dropout): Dropout(p=0.1, inplace=False)
          )
        )
        (9): BertLayer(
          (attention): BertAttention(
            (self): LongformerSelfAttention(
              (query): Linear(in_features=768, out_features=768, bias=True)
              (key): Linear(in_features=768, out_features=768, bias=True)
              (value): Linear(in_features=768, out_features=768, bias=True)
              (query_global): Linear(in_features=768, out_features=768, bias=True)
              (key_global): Linear(in_features=768, out_features=768, bias=True)
              (value_global): Linear(in_features=768, out_features=768, bias=True)
            )
            (output): BertSelfOutput(
              (dense): Linear(in_features=768, out_features=768, bias=True)
              (LayerNorm): LayerNorm((768,), eps=1e-12, elementwise_affine=True)
              (dropout): Dropout(p=0.1, inplace=False)
            )
          )
          (intermediate): BertIntermediate(
            (dense): Linear(in_features=768, out_features=3072, bias=True)
          )
          (output): BertOutput(
            (dense): Linear(in_features=3072, out_features=768, bias=True)
            (LayerNorm): LayerNorm((768,), eps=1e-12, elementwise_affine=True)
            (dropout): Dropout(p=0.1, inplace=False)
          )
        )
        (10): BertLayer(
          (attention): BertAttention(
            (self): LongformerSelfAttention(
              (query): Linear(in_features=768, out_features=768, bias=True)
              (key): Linear(in_features=768, out_features=768, bias=True)
              (value): Linear(in_features=768, out_features=768, bias=True)
              (query_global): Linear(in_features=768, out_features=768, bias=True)
              (key_global): Linear(in_features=768, out_features=768, bias=True)
              (value_global): Linear(in_features=768, out_features=768, bias=True)
            )
            (output): BertSelfOutput(
              (dense): Linear(in_features=768, out_features=768, bias=True)
              (LayerNorm): LayerNorm((768,), eps=1e-12, elementwise_affine=True)
              (dropout): Dropout(p=0.1, inplace=False)
            )
          )
          (intermediate): BertIntermediate(
            (dense): Linear(in_features=768, out_features=3072, bias=True)
          )
          (output): BertOutput(
            (dense): Linear(in_features=3072, out_features=768, bias=True)
            (LayerNorm): LayerNorm((768,), eps=1e-12, elementwise_affine=True)
            (dropout): Dropout(p=0.1, inplace=False)
          )
        )
        (11): BertLayer(
          (attention): BertAttention(
            (self): LongformerSelfAttention(
              (query): Linear(in_features=768, out_features=768, bias=True)
              (key): Linear(in_features=768, out_features=768, bias=True)
              (value): Linear(in_features=768, out_features=768, bias=True)
              (query_global): Linear(in_features=768, out_features=768, bias=True)
              (key_global): Linear(in_features=768, out_features=768, bias=True)
              (value_global): Linear(in_features=768, out_features=768, bias=True)
            )
            (output): BertSelfOutput(
              (dense): Linear(in_features=768, out_features=768, bias=True)
              (LayerNorm): LayerNorm((768,), eps=1e-12, elementwise_affine=True)
              (dropout): Dropout(p=0.1, inplace=False)
            )
          )
          (intermediate): BertIntermediate(
            (dense): Linear(in_features=768, out_features=3072, bias=True)
          )
          (output): BertOutput(
            (dense): Linear(in_features=3072, out_features=768, bias=True)
            (LayerNorm): LayerNorm((768,), eps=1e-12, elementwise_affine=True)
            (dropout): Dropout(p=0.1, inplace=False)
          )
        )
      )
    )
    (pooler): BertPooler(
      (dense): Linear(in_features=768, out_features=768, bias=True)
      (activation): Tanh()
    )
  )
  (mlm_cls): BertOnlyMLMHead(
    (predictions): BertLMPredictionHead(
      (transform): BertPredictionHeadTransform(
        (dense): Linear(in_features=768, out_features=768, bias=True)
        (LayerNorm): LayerNorm((768,), eps=1e-12, elementwise_affine=True)
      )
      (decoder): Linear(in_features=768, out_features=105879, bias=True)
    )
  )
  (seqcls_dropout): Dropout(p=0.1, inplace=False)
  (seqcls_classifier): Linear(in_features=768, out_features=2, bias=True)
)
00:00:15 - Evaluating every 1 epochs ...
00:00:15 - reading data from /mnt/home/puxuan/CLIR-project/Evaluation_data/process-clef/uncased
00:00:15 - test has 37 queries ...
00:00:15 - Data reading done ...
00:00:21 - adding 9-th encoder to optimizer...
00:00:21 - adding 10-th encoder to optimizer...
00:00:21 - adding 11-th encoder to optimizer...
00:00:21 - process[3]: training epoch 0 ...
00:00:38 - process[3] - epoch 0 - train iter 241 - 17213.5 words/s - loss: 0.5937
00:00:38 - process[3]: training epoch 1 ...
00:00:53 - process[3] - epoch 1 - train iter 241 - 18148.0 words/s - loss: 0.5097
00:00:53 - process[3]: training epoch 2 ...
00:01:09 - process[3] - epoch 2 - train iter 241 - 17789.3 words/s - loss: 0.4238
00:01:09 - process[3]: training epoch 3 ...
00:01:25 - process[3] - epoch 3 - train iter 241 - 18755.4 words/s - loss: 0.4613
00:01:25 - process[3]: training epoch 4 ...
00:01:40 - process[3] - epoch 4 - train iter 241 - 18227.9 words/s - loss: 0.4755
00:01:40 - process[3]: training epoch 5 ...
00:01:56 - process[3] - epoch 5 - train iter 241 - 18080.5 words/s - loss: 0.4333
00:01:56 - process[3]: training epoch 6 ...
00:02:11 - process[3] - epoch 6 - train iter 241 - 18535.6 words/s - loss: 0.4485
00:02:11 - process[3]: training epoch 7 ...
00:02:27 - process[3] - epoch 7 - train iter 241 - 18818.2 words/s - loss: 0.4275
00:02:27 - process[3]: training epoch 8 ...
00:02:42 - process[3] - epoch 8 - train iter 241 - 17840.7 words/s - loss: 0.3929
00:02:42 - process[3]: training epoch 9 ...
00:02:58 - process[3] - epoch 9 - train iter 241 - 18298.8 words/s - loss: 0.4143
00:02:58 - process[3]: training epoch 10 ...
00:03:14 - process[3] - epoch 10 - train iter 241 - 18229.5 words/s - loss: 0.3849
00:03:14 - process[3]: evaluating epoch 10 on dev ...
00:03:42 - process[3] - dev - epoch 10 - mAP: 0.433 w/ 37 queries
00:03:42 - process[3]: evaluating epoch 10 on test ...
00:04:08 - test set during evaluation: 11380/11372
00:04:08 - process[3] - test - epoch 10 - mAP: 0.560 w/ 37 queries
00:04:08 - process[3]: training epoch 11 ...
00:04:24 - process[3] - epoch 11 - train iter 241 - 18581.0 words/s - loss: 0.4226
00:04:24 - process[3]: evaluating epoch 11 on dev ...
00:04:50 - process[3] - dev - epoch 11 - mAP: 0.401 w/ 37 queries
00:04:50 - process[3]: training epoch 12 ...
00:05:05 - process[3] - epoch 12 - train iter 241 - 18677.1 words/s - loss: 0.3795
00:05:05 - process[3]: evaluating epoch 12 on dev ...
00:05:31 - process[3] - dev - epoch 12 - mAP: 0.433 w/ 37 queries
00:05:31 - process[3]: training epoch 13 ...
00:05:47 - process[3] - epoch 13 - train iter 241 - 18339.2 words/s - loss: 0.3492
00:05:47 - process[3]: evaluating epoch 13 on dev ...
00:06:13 - process[3] - dev - epoch 13 - mAP: 0.439 w/ 37 queries
00:06:13 - process[3]: evaluating epoch 13 on test ...
00:06:39 - test set during evaluation: 11380/11372
00:06:39 - process[3] - test - epoch 13 - mAP: 0.565 w/ 37 queries
00:06:39 - process[3]: training epoch 14 ...
00:06:55 - process[3] - epoch 14 - train iter 241 - 18710.5 words/s - loss: 0.4273
00:06:55 - process[3]: evaluating epoch 14 on dev ...
00:07:20 - process[3] - dev - epoch 14 - mAP: 0.431 w/ 37 queries
00:07:20 - process[3]: training epoch 15 ...
00:07:36 - process[3] - epoch 15 - train iter 241 - 18480.2 words/s - loss: 0.4289
00:07:36 - process[3]: evaluating epoch 15 on dev ...
00:08:01 - process[3] - dev - epoch 15 - mAP: 0.444 w/ 37 queries
00:08:01 - process[3]: evaluating epoch 15 on test ...
00:08:28 - test set during evaluation: 11380/11372
00:08:28 - process[3] - test - epoch 15 - mAP: 0.570 w/ 37 queries
00:08:28 - process[3]: training epoch 16 ...
00:08:44 - process[3] - epoch 16 - train iter 241 - 17918.8 words/s - loss: 0.3845
00:08:44 - process[3]: evaluating epoch 16 on dev ...
00:09:09 - process[3] - dev - epoch 16 - mAP: 0.436 w/ 37 queries
00:09:09 - process[3]: training epoch 17 ...
00:09:25 - process[3] - epoch 17 - train iter 241 - 18605.0 words/s - loss: 0.3685
00:09:25 - process[3]: evaluating epoch 17 on dev ...
00:09:50 - process[3] - dev - epoch 17 - mAP: 0.441 w/ 37 queries
00:09:50 - process[3]: training epoch 18 ...
00:10:06 - process[3] - epoch 18 - train iter 241 - 17994.7 words/s - loss: 0.4000
00:10:06 - process[3]: evaluating epoch 18 on dev ...
00:10:31 - process[3] - dev - epoch 18 - mAP: 0.440 w/ 37 queries
00:10:31 - process[3]: training epoch 19 ...
00:10:47 - process[3] - epoch 19 - train iter 241 - 18396.8 words/s - loss: 0.3548
00:10:47 - process[3]: evaluating epoch 19 on dev ...
00:11:13 - process[3] - dev - epoch 19 - mAP: 0.431 w/ 37 queries
00:11:13 - [fold 1] best test MAP: 0.570 @ epoch 15
00:11:13 - Evaluating every 1 epochs ...
00:11:13 - reading data from /mnt/home/puxuan/CLIR-project/Evaluation_data/process-clef/uncased
00:11:13 - test has 37 queries ...
00:11:13 - Data reading done ...
00:11:14 - adding 9-th encoder to optimizer...
00:11:14 - adding 10-th encoder to optimizer...
00:11:14 - adding 11-th encoder to optimizer...
00:11:15 - process[3]: training epoch 0 ...
00:11:33 - process[3] - epoch 0 - train iter 276 - 18142.6 words/s - loss: 0.5803
00:11:33 - process[3]: training epoch 1 ...
00:11:52 - process[3] - epoch 1 - train iter 276 - 17591.6 words/s - loss: 0.5288
00:11:52 - process[3]: training epoch 2 ...
00:12:11 - process[3] - epoch 2 - train iter 276 - 17960.3 words/s - loss: 0.4965
00:12:11 - process[3]: training epoch 3 ...
00:12:29 - process[3] - epoch 3 - train iter 276 - 17929.5 words/s - loss: 0.4802
00:12:29 - process[3]: training epoch 4 ...
00:12:48 - process[3] - epoch 4 - train iter 276 - 17870.4 words/s - loss: 0.4795
00:12:48 - process[3]: training epoch 5 ...
00:13:06 - process[3] - epoch 5 - train iter 276 - 17943.6 words/s - loss: 0.4491
00:13:06 - process[3]: training epoch 6 ...
00:13:25 - process[3] - epoch 6 - train iter 276 - 17805.1 words/s - loss: 0.4328
00:13:25 - process[3]: training epoch 7 ...
00:13:43 - process[3] - epoch 7 - train iter 276 - 18846.9 words/s - loss: 0.3880
00:13:43 - process[3]: training epoch 8 ...
00:14:01 - process[3] - epoch 8 - train iter 276 - 18449.2 words/s - loss: 0.3656
00:14:01 - process[3]: training epoch 9 ...
00:14:20 - process[3] - epoch 9 - train iter 276 - 18909.4 words/s - loss: 0.4066
00:14:20 - process[3]: training epoch 10 ...
00:14:38 - process[3] - epoch 10 - train iter 276 - 17992.7 words/s - loss: 0.4049
00:14:38 - process[3]: evaluating epoch 10 on dev ...
00:15:07 - dev set during evaluation: 11380/11372
00:15:07 - process[3] - dev - epoch 10 - mAP: 0.527 w/ 37 queries
00:15:07 - process[3]: evaluating epoch 10 on test ...
00:15:32 - process[3] - test - epoch 10 - mAP: 0.505 w/ 37 queries
00:15:32 - process[3]: training epoch 11 ...
00:15:50 - process[3] - epoch 11 - train iter 276 - 18078.9 words/s - loss: 0.4039
00:15:50 - process[3]: evaluating epoch 11 on dev ...
00:16:17 - dev set during evaluation: 11380/11372
00:16:17 - process[3] - dev - epoch 11 - mAP: 0.511 w/ 37 queries
00:16:17 - process[3]: training epoch 12 ...
00:16:36 - process[3] - epoch 12 - train iter 276 - 17549.6 words/s - loss: 0.3889
00:16:36 - process[3]: evaluating epoch 12 on dev ...
00:17:02 - dev set during evaluation: 11380/11372
00:17:02 - process[3] - dev - epoch 12 - mAP: 0.555 w/ 37 queries
00:17:02 - process[3]: evaluating epoch 12 on test ...
00:17:26 - process[3] - test - epoch 12 - mAP: 0.502 w/ 37 queries
00:17:26 - process[3]: training epoch 13 ...
00:17:45 - process[3] - epoch 13 - train iter 276 - 17614.4 words/s - loss: 0.4268
00:17:45 - process[3]: evaluating epoch 13 on dev ...
00:18:12 - dev set during evaluation: 11380/11372
00:18:12 - process[3] - dev - epoch 13 - mAP: 0.558 w/ 37 queries
00:18:12 - process[3]: evaluating epoch 13 on test ...
00:18:36 - process[3] - test - epoch 13 - mAP: 0.489 w/ 37 queries
00:18:36 - process[3]: training epoch 14 ...
00:18:55 - process[3] - epoch 14 - train iter 276 - 17926.4 words/s - loss: 0.3518
00:18:55 - process[3]: evaluating epoch 14 on dev ...
00:19:21 - dev set during evaluation: 11380/11372
00:19:21 - process[3] - dev - epoch 14 - mAP: 0.553 w/ 37 queries
00:19:21 - process[3]: training epoch 15 ...
00:19:40 - process[3] - epoch 15 - train iter 276 - 17552.2 words/s - loss: 0.3723
00:19:40 - process[3]: evaluating epoch 15 on dev ...
00:20:06 - dev set during evaluation: 11380/11372
00:20:06 - process[3] - dev - epoch 15 - mAP: 0.566 w/ 37 queries
00:20:06 - process[3]: evaluating epoch 15 on test ...
00:20:30 - process[3] - test - epoch 15 - mAP: 0.515 w/ 37 queries
00:20:30 - process[3]: training epoch 16 ...
00:20:48 - process[3] - epoch 16 - train iter 276 - 18682.7 words/s - loss: 0.3829
00:20:48 - process[3]: evaluating epoch 16 on dev ...
00:21:14 - dev set during evaluation: 11380/11372
00:21:14 - process[3] - dev - epoch 16 - mAP: 0.541 w/ 37 queries
00:21:14 - process[3]: training epoch 17 ...
00:21:33 - process[3] - epoch 17 - train iter 276 - 18207.8 words/s - loss: 0.3824
00:21:33 - process[3]: evaluating epoch 17 on dev ...
00:22:00 - dev set during evaluation: 11380/11372
00:22:00 - process[3] - dev - epoch 17 - mAP: 0.546 w/ 37 queries
00:22:00 - process[3]: training epoch 18 ...
00:22:18 - process[3] - epoch 18 - train iter 276 - 17677.6 words/s - loss: 0.3905
00:22:18 - process[3]: evaluating epoch 18 on dev ...
00:22:45 - dev set during evaluation: 11380/11372
00:22:45 - process[3] - dev - epoch 18 - mAP: 0.554 w/ 37 queries
00:22:45 - process[3]: training epoch 19 ...
00:23:04 - process[3] - epoch 19 - train iter 276 - 17825.2 words/s - loss: 0.4068
00:23:04 - process[3]: evaluating epoch 19 on dev ...
00:23:31 - dev set during evaluation: 11380/11372
00:23:31 - process[3] - dev - epoch 19 - mAP: 0.560 w/ 37 queries
00:23:31 - [fold 2] best test MAP: 0.515 @ epoch 15
00:23:31 - Evaluating every 1 epochs ...
00:23:31 - reading data from /mnt/home/puxuan/CLIR-project/Evaluation_data/process-clef/uncased
00:23:31 - test has 37 queries ...
00:23:31 - Data reading done ...
00:23:33 - adding 9-th encoder to optimizer...
00:23:33 - adding 10-th encoder to optimizer...
00:23:33 - adding 11-th encoder to optimizer...
00:23:33 - process[3]: training epoch 0 ...
00:23:49 - process[3] - epoch 0 - train iter 240 - 17345.0 words/s - loss: 0.5997
00:23:49 - process[3]: training epoch 1 ...
00:24:04 - process[3] - epoch 1 - train iter 240 - 17329.1 words/s - loss: 0.5380
00:24:04 - process[3]: training epoch 2 ...
00:24:20 - process[3] - epoch 2 - train iter 240 - 18408.0 words/s - loss: 0.5061
00:24:20 - process[3]: training epoch 3 ...
00:24:36 - process[3] - epoch 3 - train iter 240 - 17900.3 words/s - loss: 0.4807
00:24:36 - process[3]: training epoch 4 ...
00:24:52 - process[3] - epoch 4 - train iter 240 - 17826.3 words/s - loss: 0.4585
00:24:52 - process[3]: training epoch 5 ...
00:25:07 - process[3] - epoch 5 - train iter 240 - 18297.1 words/s - loss: 0.4606
00:25:07 - process[3]: training epoch 6 ...
00:25:23 - process[3] - epoch 6 - train iter 240 - 17344.2 words/s - loss: 0.4498
00:25:23 - process[3]: training epoch 7 ...
00:25:39 - process[3] - epoch 7 - train iter 240 - 17760.3 words/s - loss: 0.4069
00:25:39 - process[3]: training epoch 8 ...
00:25:55 - process[3] - epoch 8 - train iter 240 - 17885.4 words/s - loss: 0.4710
00:25:55 - process[3]: training epoch 9 ...
00:26:10 - process[3] - epoch 9 - train iter 240 - 17694.6 words/s - loss: 0.4487
00:26:10 - process[3]: training epoch 10 ...
00:26:25 - process[3] - epoch 10 - train iter 240 - 17959.0 words/s - loss: 0.4424
00:26:25 - process[3]: evaluating epoch 10 on dev ...
00:26:53 - process[3] - dev - epoch 10 - mAP: 0.511 w/ 37 queries
00:26:53 - process[3]: evaluating epoch 10 on test ...
00:27:20 - test set during evaluation: 11210/11201
00:27:20 - process[3] - test - epoch 10 - mAP: 0.540 w/ 37 queries
00:27:20 - process[3]: training epoch 11 ...
00:27:36 - process[3] - epoch 11 - train iter 240 - 17173.4 words/s - loss: 0.4172
00:27:36 - process[3]: evaluating epoch 11 on dev ...
00:28:01 - process[3] - dev - epoch 11 - mAP: 0.513 w/ 37 queries
00:28:01 - process[3]: evaluating epoch 11 on test ...
00:28:28 - test set during evaluation: 11210/11201
00:28:28 - process[3] - test - epoch 11 - mAP: 0.536 w/ 37 queries
00:28:28 - process[3]: training epoch 12 ...
00:28:44 - process[3] - epoch 12 - train iter 240 - 18260.9 words/s - loss: 0.3959
00:28:44 - process[3]: evaluating epoch 12 on dev ...
00:29:09 - process[3] - dev - epoch 12 - mAP: 0.514 w/ 37 queries
00:29:09 - process[3]: evaluating epoch 12 on test ...
00:29:36 - test set during evaluation: 11210/11201
00:29:36 - process[3] - test - epoch 12 - mAP: 0.550 w/ 37 queries
00:29:36 - process[3]: training epoch 13 ...
00:29:52 - process[3] - epoch 13 - train iter 240 - 17259.0 words/s - loss: 0.4105
00:29:52 - process[3]: evaluating epoch 13 on dev ...
00:30:17 - process[3] - dev - epoch 13 - mAP: 0.507 w/ 37 queries
00:30:17 - process[3]: training epoch 14 ...
00:30:33 - process[3] - epoch 14 - train iter 240 - 18213.9 words/s - loss: 0.4018
00:30:33 - process[3]: evaluating epoch 14 on dev ...
00:30:57 - process[3] - dev - epoch 14 - mAP: 0.514 w/ 37 queries
00:30:57 - process[3]: training epoch 15 ...
00:31:13 - process[3] - epoch 15 - train iter 240 - 17621.0 words/s - loss: 0.3231
00:31:13 - process[3]: evaluating epoch 15 on dev ...
00:31:37 - process[3] - dev - epoch 15 - mAP: 0.517 w/ 37 queries
00:31:37 - process[3]: evaluating epoch 15 on test ...
00:32:05 - test set during evaluation: 11210/11201
00:32:05 - process[3] - test - epoch 15 - mAP: 0.545 w/ 37 queries
00:32:05 - process[3]: training epoch 16 ...
00:32:21 - process[3] - epoch 16 - train iter 240 - 18299.5 words/s - loss: 0.4053
00:32:21 - process[3]: evaluating epoch 16 on dev ...
00:32:45 - process[3] - dev - epoch 16 - mAP: 0.507 w/ 37 queries
00:32:45 - process[3]: training epoch 17 ...
00:33:01 - process[3] - epoch 17 - train iter 240 - 17673.8 words/s - loss: 0.4173
00:33:01 - process[3]: evaluating epoch 17 on dev ...
00:33:25 - process[3] - dev - epoch 17 - mAP: 0.506 w/ 37 queries
00:33:25 - process[3]: training epoch 18 ...
00:33:41 - process[3] - epoch 18 - train iter 240 - 17969.3 words/s - loss: 0.3457
00:33:41 - process[3]: evaluating epoch 18 on dev ...
00:34:06 - process[3] - dev - epoch 18 - mAP: 0.530 w/ 37 queries
00:34:06 - process[3]: evaluating epoch 18 on test ...
00:34:33 - test set during evaluation: 11210/11201
00:34:33 - process[3] - test - epoch 18 - mAP: 0.525 w/ 37 queries
00:34:33 - process[3]: training epoch 19 ...
00:34:49 - process[3] - epoch 19 - train iter 240 - 17159.9 words/s - loss: 0.3308
00:34:49 - process[3]: evaluating epoch 19 on dev ...
00:35:14 - process[3] - dev - epoch 19 - mAP: 0.518 w/ 37 queries
00:35:14 - [fold 3] best test MAP: 0.525 @ epoch 18
00:35:14 - Evaluating every 1 epochs ...
00:35:14 - reading data from /mnt/home/puxuan/CLIR-project/Evaluation_data/process-clef/uncased
00:35:14 - test has 37 queries ...
00:35:14 - Data reading done ...
00:35:16 - adding 9-th encoder to optimizer...
00:35:16 - adding 10-th encoder to optimizer...
00:35:16 - adding 11-th encoder to optimizer...
00:35:16 - process[3]: training epoch 0 ...
00:35:31 - process[3] - epoch 0 - train iter 231 - 17810.5 words/s - loss: 0.6033
00:35:31 - process[3]: training epoch 1 ...
00:35:46 - process[3] - epoch 1 - train iter 231 - 17875.2 words/s - loss: 0.5462
00:35:46 - process[3]: training epoch 2 ...
00:36:01 - process[3] - epoch 2 - train iter 231 - 17934.7 words/s - loss: 0.4817
00:36:01 - process[3]: training epoch 3 ...
00:36:16 - process[3] - epoch 3 - train iter 231 - 18132.6 words/s - loss: 0.4854
00:36:16 - process[3]: training epoch 4 ...
00:36:31 - process[3] - epoch 4 - train iter 231 - 17860.4 words/s - loss: 0.4681
00:36:31 - process[3]: training epoch 5 ...
00:36:45 - process[3] - epoch 5 - train iter 231 - 17891.9 words/s - loss: 0.4451
00:36:45 - process[3]: training epoch 6 ...
00:37:01 - process[3] - epoch 6 - train iter 231 - 18034.5 words/s - loss: 0.3832
00:37:01 - process[3]: training epoch 7 ...
00:37:16 - process[3] - epoch 7 - train iter 231 - 17444.5 words/s - loss: 0.4656
00:37:16 - process[3]: training epoch 8 ...
00:37:32 - process[3] - epoch 8 - train iter 231 - 17807.2 words/s - loss: 0.4396
00:37:32 - process[3]: training epoch 9 ...
00:37:46 - process[3] - epoch 9 - train iter 231 - 17847.9 words/s - loss: 0.4097
00:37:46 - process[3]: training epoch 10 ...
00:38:01 - process[3] - epoch 10 - train iter 231 - 17796.7 words/s - loss: 0.4120
00:38:01 - process[3]: evaluating epoch 10 on dev ...
00:38:34 - dev set during evaluation: 11210/11201
00:38:34 - process[3] - dev - epoch 10 - mAP: 0.548 w/ 37 queries
00:38:34 - process[3]: evaluating epoch 10 on test ...
00:38:59 - test set during evaluation: 10640/10633
00:38:59 - process[3] - test - epoch 10 - mAP: 0.478 w/ 37 queries
00:38:59 - process[3]: training epoch 11 ...
00:39:14 - process[3] - epoch 11 - train iter 231 - 18378.2 words/s - loss: 0.3486
00:39:14 - process[3]: evaluating epoch 11 on dev ...
00:39:43 - dev set during evaluation: 11210/11201
00:39:43 - process[3] - dev - epoch 11 - mAP: 0.551 w/ 37 queries
00:39:43 - process[3]: evaluating epoch 11 on test ...
00:40:08 - test set during evaluation: 10640/10633
00:40:08 - process[3] - test - epoch 11 - mAP: 0.472 w/ 37 queries
00:40:08 - process[3]: training epoch 12 ...
00:40:23 - process[3] - epoch 12 - train iter 231 - 18010.7 words/s - loss: 0.3462
00:40:23 - process[3]: evaluating epoch 12 on dev ...
00:40:51 - dev set during evaluation: 11210/11201
00:40:51 - process[3] - dev - epoch 12 - mAP: 0.543 w/ 37 queries
00:40:51 - process[3]: training epoch 13 ...
00:41:06 - process[3] - epoch 13 - train iter 231 - 18619.8 words/s - loss: 0.3937
00:41:06 - process[3]: evaluating epoch 13 on dev ...
00:41:35 - dev set during evaluation: 11210/11201
00:41:35 - process[3] - dev - epoch 13 - mAP: 0.536 w/ 37 queries
00:41:35 - process[3]: training epoch 14 ...
00:41:50 - process[3] - epoch 14 - train iter 231 - 17423.7 words/s - loss: 0.3849
00:41:50 - process[3]: evaluating epoch 14 on dev ...
00:42:18 - dev set during evaluation: 11210/11201
00:42:18 - process[3] - dev - epoch 14 - mAP: 0.532 w/ 37 queries
00:42:18 - process[3]: training epoch 15 ...
00:42:33 - process[3] - epoch 15 - train iter 231 - 18214.7 words/s - loss: 0.3391
00:42:33 - process[3]: evaluating epoch 15 on dev ...
00:43:01 - dev set during evaluation: 11210/11201
00:43:01 - process[3] - dev - epoch 15 - mAP: 0.561 w/ 37 queries
00:43:01 - process[3]: evaluating epoch 15 on test ...
00:43:27 - test set during evaluation: 10640/10633
00:43:27 - process[3] - test - epoch 15 - mAP: 0.468 w/ 37 queries
00:43:27 - process[3]: training epoch 16 ...
00:43:42 - process[3] - epoch 16 - train iter 231 - 18049.2 words/s - loss: 0.3778
00:43:42 - process[3]: evaluating epoch 16 on dev ...
00:44:09 - dev set during evaluation: 11210/11201
00:44:09 - process[3] - dev - epoch 16 - mAP: 0.557 w/ 37 queries
00:44:09 - process[3]: training epoch 17 ...
00:44:24 - process[3] - epoch 17 - train iter 231 - 18075.7 words/s - loss: 0.3214
00:44:24 - process[3]: evaluating epoch 17 on dev ...
00:44:52 - dev set during evaluation: 11210/11201
00:44:52 - process[3] - dev - epoch 17 - mAP: 0.550 w/ 37 queries
00:44:52 - process[3]: training epoch 18 ...
00:45:07 - process[3] - epoch 18 - train iter 231 - 17438.0 words/s - loss: 0.3428
00:45:07 - process[3]: evaluating epoch 18 on dev ...
00:45:35 - dev set during evaluation: 11210/11201
00:45:35 - process[3] - dev - epoch 18 - mAP: 0.549 w/ 37 queries
00:45:35 - process[3]: training epoch 19 ...
00:45:50 - process[3] - epoch 19 - train iter 231 - 17795.3 words/s - loss: 0.3371
00:45:50 - process[3]: evaluating epoch 19 on dev ...
00:46:19 - dev set during evaluation: 11210/11201
00:46:19 - process[3] - dev - epoch 19 - mAP: 0.553 w/ 37 queries
00:46:19 - [fold 4] best test MAP: 0.468 @ epoch 15
00:46:19 - Evaluating every 1 epochs ...
00:46:19 - reading data from /mnt/home/puxuan/CLIR-project/Evaluation_data/process-clef/uncased
00:46:19 - test has 37 queries ...
00:46:19 - Data reading done ...
00:46:21 - adding 9-th encoder to optimizer...
00:46:21 - adding 10-th encoder to optimizer...
00:46:21 - adding 11-th encoder to optimizer...
00:46:21 - process[3]: training epoch 0 ...
00:46:37 - process[3] - epoch 0 - train iter 235 - 17533.0 words/s - loss: 0.5722
00:46:37 - process[3]: training epoch 1 ...
00:46:53 - process[3] - epoch 1 - train iter 235 - 18004.2 words/s - loss: 0.5274
00:46:53 - process[3]: training epoch 2 ...
00:47:09 - process[3] - epoch 2 - train iter 235 - 18213.5 words/s - loss: 0.5293
00:47:09 - process[3]: training epoch 3 ...
00:47:25 - process[3] - epoch 3 - train iter 235 - 17550.1 words/s - loss: 0.4443
00:47:25 - process[3]: training epoch 4 ...
00:47:40 - process[3] - epoch 4 - train iter 235 - 18956.5 words/s - loss: 0.4240
00:47:40 - process[3]: training epoch 5 ...
00:47:55 - process[3] - epoch 5 - train iter 235 - 18392.5 words/s - loss: 0.4152
00:47:55 - process[3]: training epoch 6 ...
00:48:11 - process[3] - epoch 6 - train iter 235 - 17549.5 words/s - loss: 0.3897
00:48:11 - process[3]: training epoch 7 ...
00:48:28 - process[3] - epoch 7 - train iter 235 - 18154.4 words/s - loss: 0.4539
00:48:28 - process[3]: training epoch 8 ...
00:48:43 - process[3] - epoch 8 - train iter 235 - 18089.4 words/s - loss: 0.3981
00:48:43 - process[3]: training epoch 9 ...
00:48:59 - process[3] - epoch 9 - train iter 235 - 17793.6 words/s - loss: 0.4318
00:48:59 - process[3]: training epoch 10 ...
00:49:14 - process[3] - epoch 10 - train iter 235 - 17886.5 words/s - loss: 0.4293
00:49:14 - process[3]: evaluating epoch 10 on dev ...
00:49:40 - dev set during evaluation: 10640/10633
00:49:40 - process[3] - dev - epoch 10 - mAP: 0.463 w/ 37 queries
00:49:40 - process[3]: evaluating epoch 10 on test ...
00:50:06 - process[3] - test - epoch 10 - mAP: 0.450 w/ 37 queries
00:50:06 - process[3]: training epoch 11 ...
00:50:21 - process[3] - epoch 11 - train iter 235 - 18525.1 words/s - loss: 0.3944
00:50:21 - process[3]: evaluating epoch 11 on dev ...
00:50:47 - dev set during evaluation: 10640/10633
00:50:47 - process[3] - dev - epoch 11 - mAP: 0.465 w/ 37 queries
00:50:47 - process[3]: evaluating epoch 11 on test ...
00:51:13 - process[3] - test - epoch 11 - mAP: 0.450 w/ 37 queries
00:51:13 - process[3]: training epoch 12 ...
00:51:28 - process[3] - epoch 12 - train iter 235 - 17830.4 words/s - loss: 0.3799
00:51:28 - process[3]: evaluating epoch 12 on dev ...
00:51:54 - dev set during evaluation: 10640/10633
00:51:54 - process[3] - dev - epoch 12 - mAP: 0.428 w/ 37 queries
00:51:54 - process[3]: training epoch 13 ...
00:52:09 - process[3] - epoch 13 - train iter 235 - 18221.1 words/s - loss: 0.4003
00:52:09 - process[3]: evaluating epoch 13 on dev ...
00:52:35 - dev set during evaluation: 10640/10633
00:52:35 - process[3] - dev - epoch 13 - mAP: 0.446 w/ 37 queries
00:52:35 - process[3]: training epoch 14 ...
00:52:51 - process[3] - epoch 14 - train iter 235 - 18918.7 words/s - loss: 0.3780
00:52:51 - process[3]: evaluating epoch 14 on dev ...
00:53:16 - dev set during evaluation: 10640/10633
00:53:16 - process[3] - dev - epoch 14 - mAP: 0.457 w/ 37 queries
00:53:16 - process[3]: training epoch 15 ...
00:53:32 - process[3] - epoch 15 - train iter 235 - 18300.2 words/s - loss: 0.2944
00:53:32 - process[3]: evaluating epoch 15 on dev ...
00:53:57 - dev set during evaluation: 10640/10633
00:53:57 - process[3] - dev - epoch 15 - mAP: 0.458 w/ 37 queries
00:53:57 - process[3]: training epoch 16 ...
00:54:13 - process[3] - epoch 16 - train iter 235 - 18056.7 words/s - loss: 0.3889
00:54:13 - process[3]: evaluating epoch 16 on dev ...
00:54:39 - dev set during evaluation: 10640/10633
00:54:39 - process[3] - dev - epoch 16 - mAP: 0.459 w/ 37 queries
00:54:39 - process[3]: training epoch 17 ...
00:54:54 - process[3] - epoch 17 - train iter 235 - 18696.5 words/s - loss: 0.3628
00:54:54 - process[3]: evaluating epoch 17 on dev ...
00:55:20 - dev set during evaluation: 10640/10633
00:55:20 - process[3] - dev - epoch 17 - mAP: 0.464 w/ 37 queries
00:55:20 - process[3]: training epoch 18 ...
00:55:35 - process[3] - epoch 18 - train iter 235 - 18216.9 words/s - loss: 0.3198
00:55:35 - process[3]: evaluating epoch 18 on dev ...
00:56:00 - dev set during evaluation: 10640/10633
00:56:00 - process[3] - dev - epoch 18 - mAP: 0.460 w/ 37 queries
00:56:00 - process[3]: training epoch 19 ...
00:56:16 - process[3] - epoch 19 - train iter 235 - 18540.3 words/s - loss: 0.3254
00:56:16 - process[3]: evaluating epoch 19 on dev ...
00:56:41 - dev set during evaluation: 10640/10633
00:56:41 - process[3] - dev - epoch 19 - mAP: 0.462 w/ 37 queries
00:56:41 - [fold 5] best test MAP: 0.450 @ epoch 11
00:56:41 - [0.570008434091647, 0.5152197276736614, 0.524935542163203, 0.4675336884741619, 0.45013454350032445]
00:56:41 - [37, 37, 37, 37, 37]
00:56:41 - final MAP: 0.506
