00:00:06 - Namespace(apex_level='O2', batch_size=8, cased=False, dataset='clef', debug=False, encoder_lr=2e-05, eval_step=1, full_doc_length=True, local_rank=7, model_path='/mnt/scratch/puxuan/short_qlm_0.15/2186792/huggingface-19', model_type='mbert', num_epochs=20, num_ft_encoders=3, num_neg=1, projector_lr=2e-05, seed=611, source_lang='de', target_lang='es')
00:00:16 - Evaluating every 1 epochs ...
00:00:16 - reading data from /mnt/home/puxuan/CLIR-project/Evaluation_data/process-clef/uncased
00:00:17 - test has 31 queries ...
00:00:17 - Data reading done ...
00:00:24 - adding 9-th encoder to optimizer...
00:00:24 - adding 10-th encoder to optimizer...
00:00:24 - adding 11-th encoder to optimizer...
00:00:24 - process[7]: training epoch 0 ...
00:00:41 - process[7] - epoch 0 - train iter 540 - 27252.8 words/s - loss: 0.6043
00:00:41 - process[7]: training epoch 1 ...
00:00:58 - process[7] - epoch 1 - train iter 540 - 28644.2 words/s - loss: 0.4954
00:00:58 - process[7]: training epoch 2 ...
00:01:14 - process[7] - epoch 2 - train iter 540 - 28939.4 words/s - loss: 0.4536
00:01:14 - process[7]: training epoch 3 ...
00:01:31 - process[7] - epoch 3 - train iter 540 - 28543.6 words/s - loss: 0.4001
00:01:31 - process[7]: training epoch 4 ...
00:01:47 - process[7] - epoch 4 - train iter 540 - 28577.2 words/s - loss: 0.4264
00:01:47 - process[7]: training epoch 5 ...
00:02:04 - process[7] - epoch 5 - train iter 540 - 28505.1 words/s - loss: 0.3980
00:02:04 - process[7]: training epoch 6 ...
00:02:20 - process[7] - epoch 6 - train iter 540 - 28421.4 words/s - loss: 0.3744
00:02:20 - process[7]: training epoch 7 ...
00:02:37 - process[7] - epoch 7 - train iter 540 - 28516.7 words/s - loss: 0.4005
00:02:37 - process[7]: training epoch 8 ...
00:02:53 - process[7] - epoch 8 - train iter 540 - 28427.8 words/s - loss: 0.3626
00:02:53 - process[7]: training epoch 9 ...
00:03:10 - process[7] - epoch 9 - train iter 540 - 28637.8 words/s - loss: 0.3763
00:03:10 - process[7]: training epoch 10 ...
00:03:26 - process[7] - epoch 10 - train iter 540 - 28403.9 words/s - loss: 0.3377
00:03:26 - process[7]: evaluating epoch 10 on dev ...
00:03:40 - process[7] - dev - epoch 10 - mAP: 0.464 w/ 31 queries
00:03:41 - process[7]: evaluating epoch 10 on test ...
00:03:55 - test set during evaluation: 11460/11458
00:03:55 - process[7] - test - epoch 10 - mAP: 0.486 w/ 31 queries
00:03:55 - process[7]: training epoch 11 ...
00:04:11 - process[7] - epoch 11 - train iter 540 - 28761.9 words/s - loss: 0.3669
00:04:11 - process[7]: evaluating epoch 11 on dev ...
00:04:25 - process[7] - dev - epoch 11 - mAP: 0.484 w/ 31 queries
00:04:25 - process[7]: evaluating epoch 11 on test ...
00:04:39 - test set during evaluation: 11460/11458
00:04:39 - process[7] - test - epoch 11 - mAP: 0.488 w/ 31 queries
00:04:39 - process[7]: training epoch 12 ...
00:04:56 - process[7] - epoch 12 - train iter 540 - 27855.3 words/s - loss: 0.3456
00:04:56 - process[7]: evaluating epoch 12 on dev ...
00:05:09 - process[7] - dev - epoch 12 - mAP: 0.490 w/ 31 queries
00:05:09 - process[7]: evaluating epoch 12 on test ...
00:05:23 - test set during evaluation: 11460/11458
00:05:23 - process[7] - test - epoch 12 - mAP: 0.496 w/ 31 queries
00:05:23 - process[7]: training epoch 13 ...
00:05:40 - process[7] - epoch 13 - train iter 540 - 28373.6 words/s - loss: 0.3161
00:05:40 - process[7]: evaluating epoch 13 on dev ...
00:05:53 - process[7] - dev - epoch 13 - mAP: 0.467 w/ 31 queries
00:05:53 - process[7]: training epoch 14 ...
00:06:10 - process[7] - epoch 14 - train iter 540 - 28362.9 words/s - loss: 0.3034
00:06:10 - process[7]: evaluating epoch 14 on dev ...
00:06:23 - process[7] - dev - epoch 14 - mAP: 0.485 w/ 31 queries
00:06:23 - process[7]: training epoch 15 ...
00:06:40 - process[7] - epoch 15 - train iter 540 - 28536.2 words/s - loss: 0.3032
00:06:40 - process[7]: evaluating epoch 15 on dev ...
00:06:53 - process[7] - dev - epoch 15 - mAP: 0.474 w/ 31 queries
00:06:53 - process[7]: training epoch 16 ...
00:07:09 - process[7] - epoch 16 - train iter 540 - 28732.6 words/s - loss: 0.2627
00:07:09 - process[7]: evaluating epoch 16 on dev ...
00:07:23 - process[7] - dev - epoch 16 - mAP: 0.484 w/ 31 queries
00:07:23 - process[7]: training epoch 17 ...
00:07:40 - process[7] - epoch 17 - train iter 540 - 28755.9 words/s - loss: 0.2594
00:07:40 - process[7]: evaluating epoch 17 on dev ...
00:07:53 - process[7] - dev - epoch 17 - mAP: 0.461 w/ 31 queries
00:07:53 - process[7]: training epoch 18 ...
00:08:09 - process[7] - epoch 18 - train iter 540 - 28689.8 words/s - loss: 0.3029
00:08:09 - process[7]: evaluating epoch 18 on dev ...
00:08:23 - process[7] - dev - epoch 18 - mAP: 0.494 w/ 31 queries
00:08:23 - process[7]: evaluating epoch 18 on test ...
00:08:37 - test set during evaluation: 11460/11458
00:08:37 - process[7] - test - epoch 18 - mAP: 0.486 w/ 31 queries
00:08:37 - process[7]: training epoch 19 ...
00:08:54 - process[7] - epoch 19 - train iter 540 - 28538.8 words/s - loss: 0.2878
00:08:54 - process[7]: evaluating epoch 19 on dev ...
00:09:07 - process[7] - dev - epoch 19 - mAP: 0.480 w/ 31 queries
00:09:07 - [fold 1] best test MAP: 0.486 @ epoch 18
00:09:07 - Evaluating every 1 epochs ...
00:09:07 - reading data from /mnt/home/puxuan/CLIR-project/Evaluation_data/process-clef/uncased
00:09:09 - test has 32 queries ...
00:09:09 - Data reading done ...
00:09:10 - adding 9-th encoder to optimizer...
00:09:10 - adding 10-th encoder to optimizer...
00:09:10 - adding 11-th encoder to optimizer...
00:09:11 - process[7]: training epoch 0 ...
00:09:26 - process[7] - epoch 0 - train iter 492 - 27733.2 words/s - loss: 0.5998
00:09:26 - process[7]: training epoch 1 ...
00:09:42 - process[7] - epoch 1 - train iter 492 - 27392.4 words/s - loss: 0.4801
00:09:42 - process[7]: training epoch 2 ...
00:09:57 - process[7] - epoch 2 - train iter 492 - 27808.7 words/s - loss: 0.4387
00:09:57 - process[7]: training epoch 3 ...
00:10:12 - process[7] - epoch 3 - train iter 492 - 27850.2 words/s - loss: 0.4442
00:10:12 - process[7]: training epoch 4 ...
00:10:28 - process[7] - epoch 4 - train iter 492 - 27888.0 words/s - loss: 0.4065
00:10:28 - process[7]: training epoch 5 ...
00:10:43 - process[7] - epoch 5 - train iter 492 - 27883.7 words/s - loss: 0.4071
00:10:43 - process[7]: training epoch 6 ...
00:10:58 - process[7] - epoch 6 - train iter 492 - 28024.7 words/s - loss: 0.3745
00:10:58 - process[7]: training epoch 7 ...
00:11:13 - process[7] - epoch 7 - train iter 492 - 28058.0 words/s - loss: 0.3690
00:11:13 - process[7]: training epoch 8 ...
00:11:29 - process[7] - epoch 8 - train iter 492 - 27544.7 words/s - loss: 0.3711
00:11:29 - process[7]: training epoch 9 ...
00:11:45 - process[7] - epoch 9 - train iter 492 - 27279.9 words/s - loss: 0.3831
00:11:45 - process[7]: training epoch 10 ...
00:12:00 - process[7] - epoch 10 - train iter 492 - 26891.7 words/s - loss: 0.3511
00:12:00 - process[7]: evaluating epoch 10 on dev ...
00:12:14 - dev set during evaluation: 11460/11458
00:12:15 - process[7] - dev - epoch 10 - mAP: 0.480 w/ 31 queries
00:12:15 - process[7]: evaluating epoch 10 on test ...
00:12:30 - process[7] - test - epoch 10 - mAP: 0.522 w/ 32 queries
00:12:30 - process[7]: training epoch 11 ...
00:12:45 - process[7] - epoch 11 - train iter 492 - 28471.2 words/s - loss: 0.3418
00:12:45 - process[7]: evaluating epoch 11 on dev ...
00:12:59 - dev set during evaluation: 11460/11458
00:12:59 - process[7] - dev - epoch 11 - mAP: 0.473 w/ 31 queries
00:12:59 - process[7]: training epoch 12 ...
00:13:15 - process[7] - epoch 12 - train iter 492 - 28265.6 words/s - loss: 0.3151
00:13:15 - process[7]: evaluating epoch 12 on dev ...
00:13:29 - dev set during evaluation: 11460/11458
00:13:29 - process[7] - dev - epoch 12 - mAP: 0.476 w/ 31 queries
00:13:29 - process[7]: training epoch 13 ...
00:13:44 - process[7] - epoch 13 - train iter 492 - 27929.0 words/s - loss: 0.3165
00:13:44 - process[7]: evaluating epoch 13 on dev ...
00:13:58 - dev set during evaluation: 11460/11458
00:13:58 - process[7] - dev - epoch 13 - mAP: 0.485 w/ 31 queries
00:13:58 - process[7]: evaluating epoch 13 on test ...
00:14:13 - process[7] - test - epoch 13 - mAP: 0.512 w/ 32 queries
00:14:13 - process[7]: training epoch 14 ...
00:14:28 - process[7] - epoch 14 - train iter 492 - 28555.1 words/s - loss: 0.3152
00:14:28 - process[7]: evaluating epoch 14 on dev ...
00:14:42 - dev set during evaluation: 11460/11458
00:14:42 - process[7] - dev - epoch 14 - mAP: 0.482 w/ 31 queries
00:14:42 - process[7]: training epoch 15 ...
00:14:57 - process[7] - epoch 15 - train iter 492 - 27934.9 words/s - loss: 0.3333
00:14:57 - process[7]: evaluating epoch 15 on dev ...
00:15:12 - dev set during evaluation: 11460/11458
00:15:12 - process[7] - dev - epoch 15 - mAP: 0.513 w/ 31 queries
00:15:12 - process[7]: evaluating epoch 15 on test ...
00:15:27 - process[7] - test - epoch 15 - mAP: 0.525 w/ 32 queries
00:15:27 - process[7]: training epoch 16 ...
00:15:42 - process[7] - epoch 16 - train iter 492 - 27858.4 words/s - loss: 0.3050
00:15:42 - process[7]: evaluating epoch 16 on dev ...
00:15:56 - dev set during evaluation: 11460/11458
00:15:56 - process[7] - dev - epoch 16 - mAP: 0.470 w/ 31 queries
00:15:56 - process[7]: training epoch 17 ...
00:16:11 - process[7] - epoch 17 - train iter 492 - 28373.3 words/s - loss: 0.2833
00:16:11 - process[7]: evaluating epoch 17 on dev ...
00:16:25 - dev set during evaluation: 11460/11458
00:16:25 - process[7] - dev - epoch 17 - mAP: 0.487 w/ 31 queries
00:16:25 - process[7]: training epoch 18 ...
00:16:41 - process[7] - epoch 18 - train iter 492 - 28177.4 words/s - loss: 0.2924
00:16:41 - process[7]: evaluating epoch 18 on dev ...
00:16:55 - dev set during evaluation: 11460/11458
00:16:55 - process[7] - dev - epoch 18 - mAP: 0.498 w/ 31 queries
00:16:55 - process[7]: training epoch 19 ...
00:17:10 - process[7] - epoch 19 - train iter 492 - 28227.9 words/s - loss: 0.2857
00:17:10 - process[7]: evaluating epoch 19 on dev ...
00:17:24 - dev set during evaluation: 11460/11458
00:17:24 - process[7] - dev - epoch 19 - mAP: 0.491 w/ 31 queries
00:17:24 - [fold 2] best test MAP: 0.525 @ epoch 15
00:17:24 - Evaluating every 1 epochs ...
00:17:24 - reading data from /mnt/home/puxuan/CLIR-project/Evaluation_data/process-clef/uncased
00:17:26 - test has 31 queries ...
00:17:26 - Data reading done ...
00:17:27 - adding 9-th encoder to optimizer...
00:17:27 - adding 10-th encoder to optimizer...
00:17:27 - adding 11-th encoder to optimizer...
00:17:28 - process[7]: training epoch 0 ...
00:17:43 - process[7] - epoch 0 - train iter 476 - 27317.3 words/s - loss: 0.5766
00:17:43 - process[7]: training epoch 1 ...
00:17:57 - process[7] - epoch 1 - train iter 476 - 28311.6 words/s - loss: 0.4910
00:17:57 - process[7]: training epoch 2 ...
00:18:12 - process[7] - epoch 2 - train iter 476 - 28168.9 words/s - loss: 0.4388
00:18:12 - process[7]: training epoch 3 ...
00:18:27 - process[7] - epoch 3 - train iter 476 - 28179.7 words/s - loss: 0.4425
00:18:27 - process[7]: training epoch 4 ...
00:18:41 - process[7] - epoch 4 - train iter 476 - 28169.0 words/s - loss: 0.4055
00:18:41 - process[7]: training epoch 5 ...
00:18:57 - process[7] - epoch 5 - train iter 476 - 27182.9 words/s - loss: 0.4100
00:18:57 - process[7]: training epoch 6 ...
00:19:11 - process[7] - epoch 6 - train iter 476 - 27769.0 words/s - loss: 0.4357
00:19:11 - process[7]: training epoch 7 ...
00:19:27 - process[7] - epoch 7 - train iter 476 - 27744.8 words/s - loss: 0.3933
00:19:27 - process[7]: training epoch 8 ...
00:19:41 - process[7] - epoch 8 - train iter 476 - 27984.1 words/s - loss: 0.3520
00:19:41 - process[7]: training epoch 9 ...
00:19:56 - process[7] - epoch 9 - train iter 476 - 27534.3 words/s - loss: 0.3653
00:19:56 - process[7]: training epoch 10 ...
00:20:12 - process[7] - epoch 10 - train iter 476 - 27594.0 words/s - loss: 0.3445
00:20:12 - process[7]: evaluating epoch 10 on dev ...
00:20:27 - process[7] - dev - epoch 10 - mAP: 0.511 w/ 32 queries
00:20:27 - process[7]: evaluating epoch 10 on test ...
00:20:41 - test set during evaluation: 11550/11545
00:20:41 - process[7] - test - epoch 10 - mAP: 0.533 w/ 31 queries
00:20:41 - process[7]: training epoch 11 ...
00:20:56 - process[7] - epoch 11 - train iter 476 - 28243.8 words/s - loss: 0.3530
00:20:56 - process[7]: evaluating epoch 11 on dev ...
00:21:11 - process[7] - dev - epoch 11 - mAP: 0.531 w/ 32 queries
00:21:11 - process[7]: evaluating epoch 11 on test ...
00:21:26 - test set during evaluation: 11550/11545
00:21:26 - process[7] - test - epoch 11 - mAP: 0.541 w/ 31 queries
00:21:26 - process[7]: training epoch 12 ...
00:21:41 - process[7] - epoch 12 - train iter 476 - 27836.7 words/s - loss: 0.3333
00:21:41 - process[7]: evaluating epoch 12 on dev ...
00:21:57 - process[7] - dev - epoch 12 - mAP: 0.525 w/ 32 queries
00:21:57 - process[7]: training epoch 13 ...
00:22:11 - process[7] - epoch 13 - train iter 476 - 28516.1 words/s - loss: 0.3260
00:22:11 - process[7]: evaluating epoch 13 on dev ...
00:22:26 - process[7] - dev - epoch 13 - mAP: 0.527 w/ 32 queries
00:22:26 - process[7]: training epoch 14 ...
00:22:41 - process[7] - epoch 14 - train iter 476 - 28849.1 words/s - loss: 0.3334
00:22:41 - process[7]: evaluating epoch 14 on dev ...
00:22:57 - process[7] - dev - epoch 14 - mAP: 0.518 w/ 32 queries
00:22:57 - process[7]: training epoch 15 ...
00:23:11 - process[7] - epoch 15 - train iter 476 - 28368.8 words/s - loss: 0.2899
00:23:11 - process[7]: evaluating epoch 15 on dev ...
00:23:26 - process[7] - dev - epoch 15 - mAP: 0.511 w/ 32 queries
00:23:26 - process[7]: training epoch 16 ...
00:23:41 - process[7] - epoch 16 - train iter 476 - 28201.3 words/s - loss: 0.3331
00:23:41 - process[7]: evaluating epoch 16 on dev ...
00:23:56 - process[7] - dev - epoch 16 - mAP: 0.533 w/ 32 queries
00:23:56 - process[7]: evaluating epoch 16 on test ...
00:24:11 - test set during evaluation: 11550/11545
00:24:11 - process[7] - test - epoch 16 - mAP: 0.534 w/ 31 queries
00:24:11 - process[7]: training epoch 17 ...
00:24:26 - process[7] - epoch 17 - train iter 476 - 28204.8 words/s - loss: 0.3216
00:24:26 - process[7]: evaluating epoch 17 on dev ...
00:24:41 - process[7] - dev - epoch 17 - mAP: 0.511 w/ 32 queries
00:24:41 - process[7]: training epoch 18 ...
00:24:56 - process[7] - epoch 18 - train iter 476 - 28044.2 words/s - loss: 0.3060
00:24:56 - process[7]: evaluating epoch 18 on dev ...
00:25:11 - process[7] - dev - epoch 18 - mAP: 0.513 w/ 32 queries
00:25:11 - process[7]: training epoch 19 ...
00:25:26 - process[7] - epoch 19 - train iter 476 - 28221.8 words/s - loss: 0.2946
00:25:26 - process[7]: evaluating epoch 19 on dev ...
00:25:41 - process[7] - dev - epoch 19 - mAP: 0.518 w/ 32 queries
00:25:41 - [fold 3] best test MAP: 0.534 @ epoch 16
00:25:41 - Evaluating every 1 epochs ...
00:25:41 - reading data from /mnt/home/puxuan/CLIR-project/Evaluation_data/process-clef/uncased
00:25:42 - test has 31 queries ...
00:25:42 - Data reading done ...
00:25:44 - adding 9-th encoder to optimizer...
00:25:44 - adding 10-th encoder to optimizer...
00:25:44 - adding 11-th encoder to optimizer...
00:25:44 - process[7]: training epoch 0 ...
00:25:58 - process[7] - epoch 0 - train iter 432 - 28273.7 words/s - loss: 0.6308
00:25:58 - process[7]: training epoch 1 ...
00:26:11 - process[7] - epoch 1 - train iter 432 - 28157.4 words/s - loss: 0.5384
00:26:11 - process[7]: training epoch 2 ...
00:26:24 - process[7] - epoch 2 - train iter 432 - 28721.7 words/s - loss: 0.5096
00:26:24 - process[7]: training epoch 3 ...
00:26:38 - process[7] - epoch 3 - train iter 432 - 28345.2 words/s - loss: 0.4419
00:26:38 - process[7]: training epoch 4 ...
00:26:51 - process[7] - epoch 4 - train iter 432 - 28312.7 words/s - loss: 0.4297
00:26:51 - process[7]: training epoch 5 ...
00:27:05 - process[7] - epoch 5 - train iter 432 - 28204.8 words/s - loss: 0.4015
00:27:05 - process[7]: training epoch 6 ...
00:27:18 - process[7] - epoch 6 - train iter 432 - 28204.1 words/s - loss: 0.3936
00:27:18 - process[7]: training epoch 7 ...
00:27:31 - process[7] - epoch 7 - train iter 432 - 28336.1 words/s - loss: 0.3960
00:27:31 - process[7]: training epoch 8 ...
00:27:45 - process[7] - epoch 8 - train iter 432 - 28198.9 words/s - loss: 0.3176
00:27:45 - process[7]: training epoch 9 ...
00:27:58 - process[7] - epoch 9 - train iter 432 - 28141.6 words/s - loss: 0.3617
00:27:58 - process[7]: training epoch 10 ...
00:28:12 - process[7] - epoch 10 - train iter 432 - 27783.0 words/s - loss: 0.3941
00:28:12 - process[7]: evaluating epoch 10 on dev ...
00:28:29 - dev set during evaluation: 11550/11545
00:28:29 - process[7] - dev - epoch 10 - mAP: 0.548 w/ 31 queries
00:28:29 - process[7]: evaluating epoch 10 on test ...
00:28:43 - test set during evaluation: 11320/11315
00:28:43 - process[7] - test - epoch 10 - mAP: 0.548 w/ 31 queries
00:28:43 - process[7]: training epoch 11 ...
00:28:57 - process[7] - epoch 11 - train iter 432 - 28308.6 words/s - loss: 0.3468
00:28:57 - process[7]: evaluating epoch 11 on dev ...
00:29:12 - dev set during evaluation: 11550/11545
00:29:12 - process[7] - dev - epoch 11 - mAP: 0.534 w/ 31 queries
00:29:12 - process[7]: training epoch 12 ...
00:29:25 - process[7] - epoch 12 - train iter 432 - 27644.8 words/s - loss: 0.3241
00:29:25 - process[7]: evaluating epoch 12 on dev ...
00:29:40 - dev set during evaluation: 11550/11545
00:29:40 - process[7] - dev - epoch 12 - mAP: 0.528 w/ 31 queries
00:29:40 - process[7]: training epoch 13 ...
00:29:54 - process[7] - epoch 13 - train iter 432 - 27928.5 words/s - loss: 0.3404
00:29:54 - process[7]: evaluating epoch 13 on dev ...
00:30:08 - dev set during evaluation: 11550/11545
00:30:08 - process[7] - dev - epoch 13 - mAP: 0.539 w/ 31 queries
00:30:09 - process[7]: training epoch 14 ...
00:30:22 - process[7] - epoch 14 - train iter 432 - 27971.5 words/s - loss: 0.3419
00:30:22 - process[7]: evaluating epoch 14 on dev ...
00:00:02 - Namespace(apex_level='O2', batch_size=8, cased=False, dataset='clef', debug=False, encoder_lr=2e-05, eval_step=1, full_doc_length=True, local_rank=7, model_path='/mnt/scratch/puxuan/short_qlm_0.15/2186792/huggingface-19', model_type='mbert', num_epochs=20, num_ft_encoders=3, num_neg=1, projector_lr=2e-05, seed=611, source_lang='de', target_lang='es')
00:00:15 - Evaluating every 1 epochs ...
00:00:15 - reading data from /mnt/home/puxuan/CLIR-project/Evaluation_data/process-clef/uncased
00:00:17 - test has 31 queries ...
00:00:17 - Data reading done ...
00:00:25 - adding 9-th encoder to optimizer...
00:00:25 - adding 10-th encoder to optimizer...
00:00:25 - adding 11-th encoder to optimizer...
00:00:25 - process[7]: training epoch 0 ...
00:00:42 - process[7] - epoch 0 - train iter 540 - 27716.8 words/s - loss: 0.6043
00:00:42 - process[7]: training epoch 1 ...
00:00:58 - process[7] - epoch 1 - train iter 540 - 29151.0 words/s - loss: 0.4954
00:00:58 - process[7]: training epoch 2 ...
00:01:14 - process[7] - epoch 2 - train iter 540 - 29399.8 words/s - loss: 0.4536
00:01:14 - process[7]: training epoch 3 ...
00:01:30 - process[7] - epoch 3 - train iter 540 - 28992.6 words/s - loss: 0.4001
00:01:30 - process[7]: training epoch 4 ...
00:01:47 - process[7] - epoch 4 - train iter 540 - 29008.8 words/s - loss: 0.4264
00:01:47 - process[7]: training epoch 5 ...
00:02:03 - process[7] - epoch 5 - train iter 540 - 28939.3 words/s - loss: 0.3980
00:02:03 - process[7]: training epoch 6 ...
00:02:19 - process[7] - epoch 6 - train iter 540 - 28910.6 words/s - loss: 0.3744
00:02:19 - process[7]: training epoch 7 ...
00:02:35 - process[7] - epoch 7 - train iter 540 - 28954.6 words/s - loss: 0.4005
00:02:35 - process[7]: training epoch 8 ...
00:02:52 - process[7] - epoch 8 - train iter 540 - 28728.8 words/s - loss: 0.3626
00:02:52 - process[7]: training epoch 9 ...
00:03:08 - process[7] - epoch 9 - train iter 540 - 28943.2 words/s - loss: 0.3763
00:03:08 - process[7]: training epoch 10 ...
00:03:24 - process[7] - epoch 10 - train iter 540 - 28828.9 words/s - loss: 0.3377
00:03:24 - process[7]: evaluating epoch 10 on dev ...
00:03:41 - process[7] - dev - epoch 10 - mAP: 0.464 w/ 31 queries
00:03:41 - process[7]: evaluating epoch 10 on test ...
00:03:55 - test set during evaluation: 11460/11458
00:03:55 - process[7] - test - epoch 10 - mAP: 0.486 w/ 31 queries
00:03:55 - process[7]: training epoch 11 ...
00:04:11 - process[7] - epoch 11 - train iter 540 - 29073.1 words/s - loss: 0.3669
00:04:11 - process[7]: evaluating epoch 11 on dev ...
00:04:25 - process[7] - dev - epoch 11 - mAP: 0.484 w/ 31 queries
00:04:25 - process[7]: evaluating epoch 11 on test ...
00:04:39 - test set during evaluation: 11460/11458
00:04:39 - process[7] - test - epoch 11 - mAP: 0.488 w/ 31 queries
00:04:39 - process[7]: training epoch 12 ...
00:04:55 - process[7] - epoch 12 - train iter 540 - 29171.1 words/s - loss: 0.3456
00:04:55 - process[7]: evaluating epoch 12 on dev ...
00:05:11 - process[7] - dev - epoch 12 - mAP: 0.490 w/ 31 queries
00:05:11 - process[7]: evaluating epoch 12 on test ...
00:05:25 - test set during evaluation: 11460/11458
00:05:25 - process[7] - test - epoch 12 - mAP: 0.496 w/ 31 queries
00:05:25 - process[7]: training epoch 13 ...
00:05:41 - process[7] - epoch 13 - train iter 540 - 29158.1 words/s - loss: 0.3161
00:05:41 - process[7]: evaluating epoch 13 on dev ...
00:05:55 - process[7] - dev - epoch 13 - mAP: 0.467 w/ 31 queries
00:05:55 - process[7]: training epoch 14 ...
00:06:11 - process[7] - epoch 14 - train iter 540 - 28530.7 words/s - loss: 0.3034
00:06:11 - process[7]: evaluating epoch 14 on dev ...
00:06:25 - process[7] - dev - epoch 14 - mAP: 0.485 w/ 31 queries
00:06:25 - process[7]: training epoch 15 ...
00:06:41 - process[7] - epoch 15 - train iter 540 - 28611.8 words/s - loss: 0.3032
00:06:41 - process[7]: evaluating epoch 15 on dev ...
00:06:54 - process[7] - dev - epoch 15 - mAP: 0.474 w/ 31 queries
00:06:54 - process[7]: training epoch 16 ...
00:07:11 - process[7] - epoch 16 - train iter 540 - 29092.8 words/s - loss: 0.2627
00:07:11 - process[7]: evaluating epoch 16 on dev ...
00:07:25 - process[7] - dev - epoch 16 - mAP: 0.484 w/ 31 queries
00:07:25 - process[7]: training epoch 17 ...
00:07:41 - process[7] - epoch 17 - train iter 540 - 29131.8 words/s - loss: 0.2594
00:07:41 - process[7]: evaluating epoch 17 on dev ...
00:07:56 - process[7] - dev - epoch 17 - mAP: 0.461 w/ 31 queries
00:07:56 - process[7]: training epoch 18 ...
00:08:12 - process[7] - epoch 18 - train iter 540 - 29074.7 words/s - loss: 0.3029
00:08:12 - process[7]: evaluating epoch 18 on dev ...
00:08:26 - process[7] - dev - epoch 18 - mAP: 0.494 w/ 31 queries
00:08:26 - process[7]: evaluating epoch 18 on test ...
00:08:40 - test set during evaluation: 11460/11458
00:08:40 - process[7] - test - epoch 18 - mAP: 0.486 w/ 31 queries
00:08:40 - process[7]: training epoch 19 ...
00:08:56 - process[7] - epoch 19 - train iter 540 - 28837.6 words/s - loss: 0.2878
00:08:56 - process[7]: evaluating epoch 19 on dev ...
00:09:09 - process[7] - dev - epoch 19 - mAP: 0.480 w/ 31 queries
00:09:09 - [fold 1] best test MAP: 0.486 @ epoch 18
00:09:09 - Evaluating every 1 epochs ...
00:09:09 - reading data from /mnt/home/puxuan/CLIR-project/Evaluation_data/process-clef/uncased
00:09:11 - test has 32 queries ...
00:09:11 - Data reading done ...
00:09:12 - adding 9-th encoder to optimizer...
00:09:12 - adding 10-th encoder to optimizer...
00:09:12 - adding 11-th encoder to optimizer...
00:09:13 - process[7]: training epoch 0 ...
00:09:28 - process[7] - epoch 0 - train iter 492 - 28174.6 words/s - loss: 0.5998
00:09:28 - process[7]: training epoch 1 ...
00:09:44 - process[7] - epoch 1 - train iter 492 - 27872.4 words/s - loss: 0.4801
00:09:44 - process[7]: training epoch 2 ...
00:09:59 - process[7] - epoch 2 - train iter 492 - 28255.2 words/s - loss: 0.4387
00:09:59 - process[7]: training epoch 3 ...
00:10:14 - process[7] - epoch 3 - train iter 492 - 28186.6 words/s - loss: 0.4442
00:10:14 - process[7]: training epoch 4 ...
00:10:29 - process[7] - epoch 4 - train iter 492 - 28310.8 words/s - loss: 0.4065
00:10:29 - process[7]: training epoch 5 ...
00:10:44 - process[7] - epoch 5 - train iter 492 - 28299.4 words/s - loss: 0.4071
00:10:44 - process[7]: training epoch 6 ...
00:10:59 - process[7] - epoch 6 - train iter 492 - 28314.5 words/s - loss: 0.3745
00:10:59 - process[7]: training epoch 7 ...
00:11:14 - process[7] - epoch 7 - train iter 492 - 28364.9 words/s - loss: 0.3690
00:11:14 - process[7]: training epoch 8 ...
00:11:29 - process[7] - epoch 8 - train iter 492 - 28330.0 words/s - loss: 0.3711
00:11:29 - process[7]: training epoch 9 ...
00:11:44 - process[7] - epoch 9 - train iter 492 - 28470.4 words/s - loss: 0.3831
00:11:44 - process[7]: training epoch 10 ...
00:11:59 - process[7] - epoch 10 - train iter 492 - 28565.8 words/s - loss: 0.3511
00:11:59 - process[7]: evaluating epoch 10 on dev ...
00:12:17 - dev set during evaluation: 11460/11458
00:12:17 - process[7] - dev - epoch 10 - mAP: 0.480 w/ 31 queries
00:12:17 - process[7]: evaluating epoch 10 on test ...
00:12:32 - process[7] - test - epoch 10 - mAP: 0.522 w/ 32 queries
00:12:32 - process[7]: training epoch 11 ...
00:12:47 - process[7] - epoch 11 - train iter 492 - 28650.8 words/s - loss: 0.3418
00:12:47 - process[7]: evaluating epoch 11 on dev ...
00:13:02 - dev set during evaluation: 11460/11458
00:13:02 - process[7] - dev - epoch 11 - mAP: 0.473 w/ 31 queries
00:13:02 - process[7]: training epoch 12 ...
00:13:17 - process[7] - epoch 12 - train iter 492 - 28582.1 words/s - loss: 0.3151
00:13:17 - process[7]: evaluating epoch 12 on dev ...
00:13:31 - dev set during evaluation: 11460/11458
00:13:31 - process[7] - dev - epoch 12 - mAP: 0.476 w/ 31 queries
00:13:31 - process[7]: training epoch 13 ...
00:13:46 - process[7] - epoch 13 - train iter 492 - 28228.3 words/s - loss: 0.3165
00:13:46 - process[7]: evaluating epoch 13 on dev ...
00:14:00 - dev set during evaluation: 11460/11458
00:14:00 - process[7] - dev - epoch 13 - mAP: 0.485 w/ 31 queries
00:14:00 - process[7]: evaluating epoch 13 on test ...
00:14:15 - process[7] - test - epoch 13 - mAP: 0.512 w/ 32 queries
00:14:15 - process[7]: training epoch 14 ...
00:14:30 - process[7] - epoch 14 - train iter 492 - 28778.6 words/s - loss: 0.3152
00:14:30 - process[7]: evaluating epoch 14 on dev ...
00:14:45 - dev set during evaluation: 11460/11458
00:14:45 - process[7] - dev - epoch 14 - mAP: 0.482 w/ 31 queries
00:14:45 - process[7]: training epoch 15 ...
00:15:00 - process[7] - epoch 15 - train iter 492 - 27672.9 words/s - loss: 0.3333
00:15:00 - process[7]: evaluating epoch 15 on dev ...
00:15:14 - dev set during evaluation: 11460/11458
00:15:14 - process[7] - dev - epoch 15 - mAP: 0.513 w/ 31 queries
00:15:14 - process[7]: evaluating epoch 15 on test ...
00:15:29 - process[7] - test - epoch 15 - mAP: 0.525 w/ 32 queries
00:15:29 - process[7]: training epoch 16 ...
00:15:44 - process[7] - epoch 16 - train iter 492 - 28272.5 words/s - loss: 0.3050
00:15:44 - process[7]: evaluating epoch 16 on dev ...
00:15:58 - dev set during evaluation: 11460/11458
00:15:58 - process[7] - dev - epoch 16 - mAP: 0.470 w/ 31 queries
00:15:58 - process[7]: training epoch 17 ...
00:16:13 - process[7] - epoch 17 - train iter 492 - 28737.7 words/s - loss: 0.2833
00:16:13 - process[7]: evaluating epoch 17 on dev ...
00:16:28 - dev set during evaluation: 11460/11458
00:16:28 - process[7] - dev - epoch 17 - mAP: 0.487 w/ 31 queries
00:16:28 - process[7]: training epoch 18 ...
00:16:43 - process[7] - epoch 18 - train iter 492 - 28499.0 words/s - loss: 0.2924
00:16:43 - process[7]: evaluating epoch 18 on dev ...
00:16:57 - dev set during evaluation: 11460/11458
00:16:57 - process[7] - dev - epoch 18 - mAP: 0.498 w/ 31 queries
00:16:57 - process[7]: training epoch 19 ...
00:17:12 - process[7] - epoch 19 - train iter 492 - 28598.2 words/s - loss: 0.2857
00:17:12 - process[7]: evaluating epoch 19 on dev ...
00:17:27 - dev set during evaluation: 11460/11458
00:17:27 - process[7] - dev - epoch 19 - mAP: 0.491 w/ 31 queries
00:17:27 - [fold 2] best test MAP: 0.525 @ epoch 15
00:17:27 - Evaluating every 1 epochs ...
00:17:27 - reading data from /mnt/home/puxuan/CLIR-project/Evaluation_data/process-clef/uncased
00:17:28 - test has 31 queries ...
00:17:28 - Data reading done ...
00:17:30 - adding 9-th encoder to optimizer...
00:17:30 - adding 10-th encoder to optimizer...
00:17:30 - adding 11-th encoder to optimizer...
00:17:30 - process[7]: training epoch 0 ...
00:17:45 - process[7] - epoch 0 - train iter 476 - 28085.6 words/s - loss: 0.5766
00:17:45 - process[7]: training epoch 1 ...
00:17:59 - process[7] - epoch 1 - train iter 476 - 28546.2 words/s - loss: 0.4910
00:17:59 - process[7]: training epoch 2 ...
00:18:14 - process[7] - epoch 2 - train iter 476 - 28357.7 words/s - loss: 0.4388
00:18:14 - process[7]: training epoch 3 ...
00:18:28 - process[7] - epoch 3 - train iter 476 - 28398.7 words/s - loss: 0.4425
00:18:28 - process[7]: training epoch 4 ...
00:18:43 - process[7] - epoch 4 - train iter 476 - 28378.4 words/s - loss: 0.4055
00:18:43 - process[7]: training epoch 5 ...
00:18:58 - process[7] - epoch 5 - train iter 476 - 27941.7 words/s - loss: 0.4100
00:18:58 - process[7]: training epoch 6 ...
00:19:12 - process[7] - epoch 6 - train iter 476 - 28497.7 words/s - loss: 0.4357
00:19:12 - process[7]: training epoch 7 ...
00:19:27 - process[7] - epoch 7 - train iter 476 - 28324.8 words/s - loss: 0.3933
00:19:27 - process[7]: training epoch 8 ...
00:19:42 - process[7] - epoch 8 - train iter 476 - 28554.0 words/s - loss: 0.3520
00:19:42 - process[7]: training epoch 9 ...
00:19:56 - process[7] - epoch 9 - train iter 476 - 28196.1 words/s - loss: 0.3653
00:19:56 - process[7]: training epoch 10 ...
00:20:11 - process[7] - epoch 10 - train iter 476 - 28273.4 words/s - loss: 0.3445
00:20:11 - process[7]: evaluating epoch 10 on dev ...
00:20:28 - process[7] - dev - epoch 10 - mAP: 0.511 w/ 32 queries
00:20:28 - process[7]: evaluating epoch 10 on test ...
00:20:43 - test set during evaluation: 11550/11545
00:20:43 - process[7] - test - epoch 10 - mAP: 0.533 w/ 31 queries
00:20:43 - process[7]: training epoch 11 ...
00:20:58 - process[7] - epoch 11 - train iter 476 - 27802.5 words/s - loss: 0.3530
00:20:58 - process[7]: evaluating epoch 11 on dev ...
00:21:13 - process[7] - dev - epoch 11 - mAP: 0.531 w/ 32 queries
00:21:13 - process[7]: evaluating epoch 11 on test ...
00:21:27 - test set during evaluation: 11550/11545
00:21:27 - process[7] - test - epoch 11 - mAP: 0.541 w/ 31 queries
00:21:27 - process[7]: training epoch 12 ...
00:21:42 - process[7] - epoch 12 - train iter 476 - 28374.9 words/s - loss: 0.3333
00:21:42 - process[7]: evaluating epoch 12 on dev ...
00:21:57 - process[7] - dev - epoch 12 - mAP: 0.525 w/ 32 queries
00:21:57 - process[7]: training epoch 13 ...
00:22:12 - process[7] - epoch 13 - train iter 476 - 28832.6 words/s - loss: 0.3260
00:22:12 - process[7]: evaluating epoch 13 on dev ...
00:22:27 - process[7] - dev - epoch 13 - mAP: 0.527 w/ 32 queries
00:22:27 - process[7]: training epoch 14 ...
00:22:42 - process[7] - epoch 14 - train iter 476 - 29112.3 words/s - loss: 0.3334
00:22:42 - process[7]: evaluating epoch 14 on dev ...
00:22:57 - process[7] - dev - epoch 14 - mAP: 0.518 w/ 32 queries
00:22:57 - process[7]: training epoch 15 ...
00:23:12 - process[7] - epoch 15 - train iter 476 - 28744.1 words/s - loss: 0.2899
00:23:12 - process[7]: evaluating epoch 15 on dev ...
00:23:28 - process[7] - dev - epoch 15 - mAP: 0.511 w/ 32 queries
00:23:28 - process[7]: training epoch 16 ...
00:23:42 - process[7] - epoch 16 - train iter 476 - 28477.3 words/s - loss: 0.3331
00:23:42 - process[7]: evaluating epoch 16 on dev ...
00:23:57 - process[7] - dev - epoch 16 - mAP: 0.533 w/ 32 queries
00:23:57 - process[7]: evaluating epoch 16 on test ...
00:24:13 - test set during evaluation: 11550/11545
00:24:13 - process[7] - test - epoch 16 - mAP: 0.534 w/ 31 queries
00:24:13 - process[7]: training epoch 17 ...
00:24:28 - process[7] - epoch 17 - train iter 476 - 28621.0 words/s - loss: 0.3216
00:24:28 - process[7]: evaluating epoch 17 on dev ...
00:24:43 - process[7] - dev - epoch 17 - mAP: 0.511 w/ 32 queries
00:24:43 - process[7]: training epoch 18 ...
00:24:58 - process[7] - epoch 18 - train iter 476 - 28268.5 words/s - loss: 0.3060
00:24:58 - process[7]: evaluating epoch 18 on dev ...
00:25:13 - process[7] - dev - epoch 18 - mAP: 0.513 w/ 32 queries
00:25:13 - process[7]: training epoch 19 ...
00:25:27 - process[7] - epoch 19 - train iter 476 - 28363.2 words/s - loss: 0.2946
00:25:27 - process[7]: evaluating epoch 19 on dev ...
00:25:42 - process[7] - dev - epoch 19 - mAP: 0.518 w/ 32 queries
00:25:42 - [fold 3] best test MAP: 0.534 @ epoch 16
00:25:42 - Evaluating every 1 epochs ...
00:25:42 - reading data from /mnt/home/puxuan/CLIR-project/Evaluation_data/process-clef/uncased
00:25:44 - test has 31 queries ...
00:25:44 - Data reading done ...
00:25:46 - adding 9-th encoder to optimizer...
00:25:46 - adding 10-th encoder to optimizer...
00:25:46 - adding 11-th encoder to optimizer...
00:25:46 - process[7]: training epoch 0 ...
00:25:59 - process[7] - epoch 0 - train iter 432 - 28459.6 words/s - loss: 0.6308
00:25:59 - process[7]: training epoch 1 ...
00:26:13 - process[7] - epoch 1 - train iter 432 - 28333.3 words/s - loss: 0.5384
00:26:13 - process[7]: training epoch 2 ...
00:26:26 - process[7] - epoch 2 - train iter 432 - 28956.5 words/s - loss: 0.5096
00:26:26 - process[7]: training epoch 3 ...
00:26:39 - process[7] - epoch 3 - train iter 432 - 28565.5 words/s - loss: 0.4419
00:26:39 - process[7]: training epoch 4 ...
00:26:53 - process[7] - epoch 4 - train iter 432 - 28526.9 words/s - loss: 0.4297
00:26:53 - process[7]: training epoch 5 ...
00:27:06 - process[7] - epoch 5 - train iter 432 - 28442.6 words/s - loss: 0.4015
00:27:06 - process[7]: training epoch 6 ...
00:27:19 - process[7] - epoch 6 - train iter 432 - 28391.0 words/s - loss: 0.3936
00:27:19 - process[7]: training epoch 7 ...
00:27:32 - process[7] - epoch 7 - train iter 432 - 28599.1 words/s - loss: 0.3960
00:27:32 - process[7]: training epoch 8 ...
00:27:45 - process[7] - epoch 8 - train iter 432 - 28461.8 words/s - loss: 0.3176
00:27:45 - process[7]: training epoch 9 ...
00:27:59 - process[7] - epoch 9 - train iter 432 - 28415.4 words/s - loss: 0.3617
00:27:59 - process[7]: training epoch 10 ...
00:28:12 - process[7] - epoch 10 - train iter 432 - 28030.0 words/s - loss: 0.3941
00:28:12 - process[7]: evaluating epoch 10 on dev ...
00:28:29 - dev set during evaluation: 11550/11545
00:28:29 - process[7] - dev - epoch 10 - mAP: 0.548 w/ 31 queries
00:28:29 - process[7]: evaluating epoch 10 on test ...
00:28:43 - test set during evaluation: 11320/11315
00:28:43 - process[7] - test - epoch 10 - mAP: 0.548 w/ 31 queries
00:28:43 - process[7]: training epoch 11 ...
00:28:57 - process[7] - epoch 11 - train iter 432 - 28546.2 words/s - loss: 0.3468
00:28:57 - process[7]: evaluating epoch 11 on dev ...
00:29:12 - dev set during evaluation: 11550/11545
00:29:12 - process[7] - dev - epoch 11 - mAP: 0.534 w/ 31 queries
00:29:12 - process[7]: training epoch 12 ...
00:29:25 - process[7] - epoch 12 - train iter 432 - 27967.8 words/s - loss: 0.3241
00:29:25 - process[7]: evaluating epoch 12 on dev ...
00:29:40 - dev set during evaluation: 11550/11545
00:29:40 - process[7] - dev - epoch 12 - mAP: 0.528 w/ 31 queries
00:29:40 - process[7]: training epoch 13 ...
00:29:54 - process[7] - epoch 13 - train iter 432 - 28470.3 words/s - loss: 0.3404
00:29:54 - process[7]: evaluating epoch 13 on dev ...
00:30:09 - dev set during evaluation: 11550/11545
00:30:09 - process[7] - dev - epoch 13 - mAP: 0.539 w/ 31 queries
00:30:09 - process[7]: training epoch 14 ...
00:30:22 - process[7] - epoch 14 - train iter 432 - 28664.1 words/s - loss: 0.3419
00:30:22 - process[7]: evaluating epoch 14 on dev ...
00:30:38 - dev set during evaluation: 11550/11545
00:30:38 - process[7] - dev - epoch 14 - mAP: 0.503 w/ 31 queries
00:30:38 - process[7]: training epoch 15 ...
00:30:51 - process[7] - epoch 15 - train iter 432 - 28621.3 words/s - loss: 0.3216
00:30:51 - process[7]: evaluating epoch 15 on dev ...
00:31:06 - dev set during evaluation: 11550/11545
00:31:06 - process[7] - dev - epoch 15 - mAP: 0.513 w/ 31 queries
00:31:06 - process[7]: training epoch 16 ...
00:31:19 - process[7] - epoch 16 - train iter 432 - 28653.6 words/s - loss: 0.2616
00:31:19 - process[7]: evaluating epoch 16 on dev ...
00:31:34 - dev set during evaluation: 11550/11545
00:31:34 - process[7] - dev - epoch 16 - mAP: 0.507 w/ 31 queries
00:31:34 - process[7]: training epoch 17 ...
00:31:47 - process[7] - epoch 17 - train iter 432 - 28431.3 words/s - loss: 0.3109
00:31:47 - process[7]: evaluating epoch 17 on dev ...
00:32:03 - dev set during evaluation: 11550/11545
00:32:03 - process[7] - dev - epoch 17 - mAP: 0.516 w/ 31 queries
00:32:03 - process[7]: training epoch 18 ...
00:32:16 - process[7] - epoch 18 - train iter 432 - 28775.9 words/s - loss: 0.2829
00:32:16 - process[7]: evaluating epoch 18 on dev ...
00:32:31 - dev set during evaluation: 11550/11545
00:32:31 - process[7] - dev - epoch 18 - mAP: 0.506 w/ 31 queries
00:32:31 - process[7]: training epoch 19 ...
00:32:44 - process[7] - epoch 19 - train iter 432 - 29001.4 words/s - loss: 0.2859
00:32:44 - process[7]: evaluating epoch 19 on dev ...
00:33:00 - dev set during evaluation: 11550/11545
00:33:00 - process[7] - dev - epoch 19 - mAP: 0.538 w/ 31 queries
00:33:00 - [fold 4] best test MAP: 0.548 @ epoch 10
00:33:00 - Evaluating every 1 epochs ...
00:33:00 - reading data from /mnt/home/puxuan/CLIR-project/Evaluation_data/process-clef/uncased
00:33:01 - test has 31 queries ...
00:33:01 - Data reading done ...
00:33:03 - adding 9-th encoder to optimizer...
00:33:03 - adding 10-th encoder to optimizer...
00:33:03 - adding 11-th encoder to optimizer...
00:33:03 - process[7]: training epoch 0 ...
00:33:17 - process[7] - epoch 0 - train iter 437 - 27967.0 words/s - loss: 0.6334
00:33:17 - process[7]: training epoch 1 ...
00:33:31 - process[7] - epoch 1 - train iter 437 - 27892.0 words/s - loss: 0.5382
00:33:31 - process[7]: training epoch 2 ...
00:33:45 - process[7] - epoch 2 - train iter 437 - 28142.5 words/s - loss: 0.4825
00:33:45 - process[7]: training epoch 3 ...
00:33:59 - process[7] - epoch 3 - train iter 437 - 28033.0 words/s - loss: 0.4965
00:33:59 - process[7]: training epoch 4 ...
00:34:13 - process[7] - epoch 4 - train iter 437 - 27954.3 words/s - loss: 0.4172
00:34:13 - process[7]: training epoch 5 ...
00:34:26 - process[7] - epoch 5 - train iter 437 - 27730.8 words/s - loss: 0.3890
00:34:26 - process[7]: training epoch 6 ...
00:34:40 - process[7] - epoch 6 - train iter 437 - 27944.6 words/s - loss: 0.4229
00:34:40 - process[7]: training epoch 7 ...
00:34:54 - process[7] - epoch 7 - train iter 437 - 28095.0 words/s - loss: 0.3833
00:34:54 - process[7]: training epoch 8 ...
00:35:08 - process[7] - epoch 8 - train iter 437 - 28112.2 words/s - loss: 0.3746
00:35:08 - process[7]: training epoch 9 ...
00:35:21 - process[7] - epoch 9 - train iter 437 - 27634.4 words/s - loss: 0.3631
00:35:21 - process[7]: training epoch 10 ...
00:35:35 - process[7] - epoch 10 - train iter 437 - 28198.3 words/s - loss: 0.3450
00:35:35 - process[7]: evaluating epoch 10 on dev ...
00:35:49 - dev set during evaluation: 11320/11315
00:35:49 - process[7] - dev - epoch 10 - mAP: 0.550 w/ 31 queries
00:35:49 - process[7]: evaluating epoch 10 on test ...
00:36:03 - process[7] - test - epoch 10 - mAP: 0.484 w/ 31 queries
00:36:03 - process[7]: training epoch 11 ...
00:36:17 - process[7] - epoch 11 - train iter 437 - 28234.4 words/s - loss: 0.3639
00:36:17 - process[7]: evaluating epoch 11 on dev ...
00:36:31 - dev set during evaluation: 11320/11315
00:36:31 - process[7] - dev - epoch 11 - mAP: 0.549 w/ 31 queries
00:36:31 - process[7]: training epoch 12 ...
00:36:45 - process[7] - epoch 12 - train iter 437 - 28210.7 words/s - loss: 0.3381
00:36:45 - process[7]: evaluating epoch 12 on dev ...
00:36:59 - dev set during evaluation: 11320/11315
00:36:59 - process[7] - dev - epoch 12 - mAP: 0.551 w/ 31 queries
00:36:59 - process[7]: evaluating epoch 12 on test ...
00:37:13 - process[7] - test - epoch 12 - mAP: 0.488 w/ 31 queries
00:37:13 - process[7]: training epoch 13 ...
00:37:26 - process[7] - epoch 13 - train iter 437 - 28547.3 words/s - loss: 0.3357
00:37:26 - process[7]: evaluating epoch 13 on dev ...
00:37:41 - dev set during evaluation: 11320/11315
00:37:41 - process[7] - dev - epoch 13 - mAP: 0.550 w/ 31 queries
00:37:41 - process[7]: training epoch 14 ...
00:37:55 - process[7] - epoch 14 - train iter 437 - 28069.0 words/s - loss: 0.3414
00:37:55 - process[7]: evaluating epoch 14 on dev ...
00:38:09 - dev set during evaluation: 11320/11315
00:38:09 - process[7] - dev - epoch 14 - mAP: 0.562 w/ 31 queries
00:38:09 - process[7]: evaluating epoch 14 on test ...
00:38:23 - process[7] - test - epoch 14 - mAP: 0.508 w/ 31 queries
00:38:23 - process[7]: training epoch 15 ...
00:38:36 - process[7] - epoch 15 - train iter 437 - 28391.1 words/s - loss: 0.2813
00:38:36 - process[7]: evaluating epoch 15 on dev ...
00:38:51 - dev set during evaluation: 11320/11315
00:38:51 - process[7] - dev - epoch 15 - mAP: 0.552 w/ 31 queries
00:38:51 - process[7]: training epoch 16 ...
00:39:05 - process[7] - epoch 16 - train iter 437 - 28413.1 words/s - loss: 0.3180
00:39:05 - process[7]: evaluating epoch 16 on dev ...
00:39:20 - dev set during evaluation: 11320/11315
00:39:20 - process[7] - dev - epoch 16 - mAP: 0.552 w/ 31 queries
00:39:20 - process[7]: training epoch 17 ...
00:39:33 - process[7] - epoch 17 - train iter 437 - 28290.5 words/s - loss: 0.3102
00:39:33 - process[7]: evaluating epoch 17 on dev ...
00:39:47 - dev set during evaluation: 11320/11315
00:39:47 - process[7] - dev - epoch 17 - mAP: 0.546 w/ 31 queries
00:39:48 - process[7]: training epoch 18 ...
00:40:01 - process[7] - epoch 18 - train iter 437 - 28534.2 words/s - loss: 0.3298
00:40:01 - process[7]: evaluating epoch 18 on dev ...
00:40:15 - dev set during evaluation: 11320/11315
00:40:15 - process[7] - dev - epoch 18 - mAP: 0.547 w/ 31 queries
00:40:15 - process[7]: training epoch 19 ...
00:40:29 - process[7] - epoch 19 - train iter 437 - 28619.2 words/s - loss: 0.3075
00:40:29 - process[7]: evaluating epoch 19 on dev ...
00:40:44 - dev set during evaluation: 11320/11315
00:40:44 - process[7] - dev - epoch 19 - mAP: 0.549 w/ 31 queries
00:40:44 - [fold 5] best test MAP: 0.508 @ epoch 14
00:40:44 - [0.4858684672307387, 0.5249492712465171, 0.5341851290108015, 0.548422676593854, 0.5079470800141157]
00:40:44 - [31, 32, 31, 31, 31]
00:40:44 - final MAP: 0.520
