00:00:06 - Namespace(apex_level='O2', batch_size=8, cased=False, dataset='clef', debug=False, encoder_lr=2e-05, eval_step=1, full_doc_length=True, local_rank=4, model_path='/mnt/scratch/puxuan/short_qlm_0.15/2186792/huggingface-19', model_type='mbert', num_epochs=20, num_ft_encoders=3, num_neg=1, projector_lr=2e-05, seed=611, source_lang='de', target_lang='es')
00:00:16 - Evaluating every 1 epochs ...
00:00:16 - reading data from /mnt/home/puxuan/CLIR-project/Evaluation_data/process-clef/uncased
00:00:17 - test has 31 queries ...
00:00:17 - Data reading done ...
00:00:24 - adding 9-th encoder to optimizer...
00:00:24 - adding 10-th encoder to optimizer...
00:00:24 - adding 11-th encoder to optimizer...
00:00:24 - process[4]: training epoch 0 ...
00:00:41 - process[4] - epoch 0 - train iter 540 - 27183.3 words/s - loss: 0.6031
00:00:41 - process[4]: training epoch 1 ...
00:00:58 - process[4] - epoch 1 - train iter 540 - 28673.3 words/s - loss: 0.4985
00:00:58 - process[4]: training epoch 2 ...
00:01:14 - process[4] - epoch 2 - train iter 540 - 28516.8 words/s - loss: 0.4289
00:01:14 - process[4]: training epoch 3 ...
00:01:30 - process[4] - epoch 3 - train iter 540 - 28643.9 words/s - loss: 0.4525
00:01:30 - process[4]: training epoch 4 ...
00:01:47 - process[4] - epoch 4 - train iter 540 - 28239.0 words/s - loss: 0.4134
00:01:47 - process[4]: training epoch 5 ...
00:02:03 - process[4] - epoch 5 - train iter 540 - 28416.6 words/s - loss: 0.3471
00:02:03 - process[4]: training epoch 6 ...
00:02:20 - process[4] - epoch 6 - train iter 540 - 28284.7 words/s - loss: 0.3651
00:02:20 - process[4]: training epoch 7 ...
00:02:37 - process[4] - epoch 7 - train iter 540 - 28255.2 words/s - loss: 0.3211
00:02:37 - process[4]: training epoch 8 ...
00:02:53 - process[4] - epoch 8 - train iter 540 - 28536.4 words/s - loss: 0.3603
00:02:53 - process[4]: training epoch 9 ...
00:03:10 - process[4] - epoch 9 - train iter 540 - 28312.6 words/s - loss: 0.3418
00:03:10 - process[4]: training epoch 10 ...
00:03:26 - process[4] - epoch 10 - train iter 540 - 28623.6 words/s - loss: 0.3592
00:03:26 - process[4]: evaluating epoch 10 on dev ...
00:03:40 - process[4] - dev - epoch 10 - mAP: 0.464 w/ 31 queries
00:03:41 - process[4]: evaluating epoch 10 on test ...
00:03:55 - test set during evaluation: 11460/11458
00:03:55 - process[4] - test - epoch 10 - mAP: 0.486 w/ 31 queries
00:03:55 - process[4]: training epoch 11 ...
00:04:11 - process[4] - epoch 11 - train iter 540 - 28407.8 words/s - loss: 0.2941
00:04:11 - process[4]: evaluating epoch 11 on dev ...
00:04:25 - process[4] - dev - epoch 11 - mAP: 0.484 w/ 31 queries
00:04:25 - process[4]: evaluating epoch 11 on test ...
00:04:39 - test set during evaluation: 11460/11458
00:04:39 - process[4] - test - epoch 11 - mAP: 0.488 w/ 31 queries
00:04:39 - process[4]: training epoch 12 ...
00:04:55 - process[4] - epoch 12 - train iter 540 - 28455.4 words/s - loss: 0.3100
00:04:55 - process[4]: evaluating epoch 12 on dev ...
00:05:09 - process[4] - dev - epoch 12 - mAP: 0.490 w/ 31 queries
00:05:09 - process[4]: evaluating epoch 12 on test ...
00:05:23 - test set during evaluation: 11460/11458
00:05:23 - process[4] - test - epoch 12 - mAP: 0.496 w/ 31 queries
00:05:23 - process[4]: training epoch 13 ...
00:05:40 - process[4] - epoch 13 - train iter 540 - 28835.2 words/s - loss: 0.2971
00:05:40 - process[4]: evaluating epoch 13 on dev ...
00:05:53 - process[4] - dev - epoch 13 - mAP: 0.467 w/ 31 queries
00:05:53 - process[4]: training epoch 14 ...
00:06:10 - process[4] - epoch 14 - train iter 540 - 28532.1 words/s - loss: 0.2996
00:06:10 - process[4]: evaluating epoch 14 on dev ...
00:06:23 - process[4] - dev - epoch 14 - mAP: 0.485 w/ 31 queries
00:06:23 - process[4]: training epoch 15 ...
00:06:40 - process[4] - epoch 15 - train iter 540 - 28308.9 words/s - loss: 0.2893
00:06:40 - process[4]: evaluating epoch 15 on dev ...
00:06:53 - process[4] - dev - epoch 15 - mAP: 0.474 w/ 31 queries
00:06:53 - process[4]: training epoch 16 ...
00:07:10 - process[4] - epoch 16 - train iter 540 - 28714.0 words/s - loss: 0.2925
00:07:10 - process[4]: evaluating epoch 16 on dev ...
00:07:23 - process[4] - dev - epoch 16 - mAP: 0.484 w/ 31 queries
00:07:23 - process[4]: training epoch 17 ...
00:07:40 - process[4] - epoch 17 - train iter 540 - 28758.3 words/s - loss: 0.2935
00:07:40 - process[4]: evaluating epoch 17 on dev ...
00:07:53 - process[4] - dev - epoch 17 - mAP: 0.461 w/ 31 queries
00:07:53 - process[4]: training epoch 18 ...
00:08:10 - process[4] - epoch 18 - train iter 540 - 28639.8 words/s - loss: 0.2694
00:08:10 - process[4]: evaluating epoch 18 on dev ...
00:08:23 - process[4] - dev - epoch 18 - mAP: 0.494 w/ 31 queries
00:08:23 - process[4]: evaluating epoch 18 on test ...
00:08:37 - test set during evaluation: 11460/11458
00:08:37 - process[4] - test - epoch 18 - mAP: 0.486 w/ 31 queries
00:08:37 - process[4]: training epoch 19 ...
00:08:54 - process[4] - epoch 19 - train iter 540 - 28540.2 words/s - loss: 0.2871
00:08:54 - process[4]: evaluating epoch 19 on dev ...
00:09:07 - process[4] - dev - epoch 19 - mAP: 0.480 w/ 31 queries
00:09:07 - [fold 1] best test MAP: 0.486 @ epoch 18
00:09:07 - Evaluating every 1 epochs ...
00:09:07 - reading data from /mnt/home/puxuan/CLIR-project/Evaluation_data/process-clef/uncased
00:09:09 - test has 32 queries ...
00:09:09 - Data reading done ...
00:09:10 - adding 9-th encoder to optimizer...
00:09:10 - adding 10-th encoder to optimizer...
00:09:10 - adding 11-th encoder to optimizer...
00:09:11 - process[4]: training epoch 0 ...
00:09:26 - process[4] - epoch 0 - train iter 492 - 27836.8 words/s - loss: 0.5925
00:09:26 - process[4]: training epoch 1 ...
00:09:41 - process[4] - epoch 1 - train iter 492 - 27937.7 words/s - loss: 0.4644
00:09:41 - process[4]: training epoch 2 ...
00:09:57 - process[4] - epoch 2 - train iter 492 - 28334.0 words/s - loss: 0.4268
00:09:57 - process[4]: training epoch 3 ...
00:10:12 - process[4] - epoch 3 - train iter 492 - 27703.2 words/s - loss: 0.4188
00:10:12 - process[4]: training epoch 4 ...
00:10:27 - process[4] - epoch 4 - train iter 492 - 28103.2 words/s - loss: 0.3986
00:10:27 - process[4]: training epoch 5 ...
00:10:42 - process[4] - epoch 5 - train iter 492 - 27947.0 words/s - loss: 0.4111
00:10:42 - process[4]: training epoch 6 ...
00:10:58 - process[4] - epoch 6 - train iter 492 - 28024.2 words/s - loss: 0.4010
00:10:58 - process[4]: training epoch 7 ...
00:11:13 - process[4] - epoch 7 - train iter 492 - 27933.6 words/s - loss: 0.3884
00:11:13 - process[4]: training epoch 8 ...
00:11:29 - process[4] - epoch 8 - train iter 492 - 27748.5 words/s - loss: 0.3812
00:11:29 - process[4]: training epoch 9 ...
00:11:44 - process[4] - epoch 9 - train iter 492 - 27794.5 words/s - loss: 0.3388
00:11:44 - process[4]: training epoch 10 ...
00:12:00 - process[4] - epoch 10 - train iter 492 - 28073.0 words/s - loss: 0.3614
00:12:00 - process[4]: evaluating epoch 10 on dev ...
00:12:14 - dev set during evaluation: 11460/11458
00:12:15 - process[4] - dev - epoch 10 - mAP: 0.480 w/ 31 queries
00:12:15 - process[4]: evaluating epoch 10 on test ...
00:12:30 - process[4] - test - epoch 10 - mAP: 0.522 w/ 32 queries
00:12:30 - process[4]: training epoch 11 ...
00:12:45 - process[4] - epoch 11 - train iter 492 - 28157.6 words/s - loss: 0.3497
00:12:45 - process[4]: evaluating epoch 11 on dev ...
00:12:59 - dev set during evaluation: 11460/11458
00:12:59 - process[4] - dev - epoch 11 - mAP: 0.473 w/ 31 queries
00:12:59 - process[4]: training epoch 12 ...
00:13:15 - process[4] - epoch 12 - train iter 492 - 27871.5 words/s - loss: 0.3549
00:13:15 - process[4]: evaluating epoch 12 on dev ...
00:13:29 - dev set during evaluation: 11460/11458
00:13:29 - process[4] - dev - epoch 12 - mAP: 0.476 w/ 31 queries
00:13:29 - process[4]: training epoch 13 ...
00:13:44 - process[4] - epoch 13 - train iter 492 - 27870.2 words/s - loss: 0.3524
00:13:44 - process[4]: evaluating epoch 13 on dev ...
00:13:58 - dev set during evaluation: 11460/11458
00:13:58 - process[4] - dev - epoch 13 - mAP: 0.485 w/ 31 queries
00:13:58 - process[4]: evaluating epoch 13 on test ...
00:14:13 - process[4] - test - epoch 13 - mAP: 0.512 w/ 32 queries
00:14:13 - process[4]: training epoch 14 ...
00:14:28 - process[4] - epoch 14 - train iter 492 - 28438.8 words/s - loss: 0.3291
00:14:28 - process[4]: evaluating epoch 14 on dev ...
00:14:42 - dev set during evaluation: 11460/11458
00:14:42 - process[4] - dev - epoch 14 - mAP: 0.482 w/ 31 queries
00:14:42 - process[4]: training epoch 15 ...
00:14:57 - process[4] - epoch 15 - train iter 492 - 28345.9 words/s - loss: 0.3153
00:14:57 - process[4]: evaluating epoch 15 on dev ...
00:15:12 - dev set during evaluation: 11460/11458
00:15:12 - process[4] - dev - epoch 15 - mAP: 0.513 w/ 31 queries
00:15:12 - process[4]: evaluating epoch 15 on test ...
00:15:27 - process[4] - test - epoch 15 - mAP: 0.525 w/ 32 queries
00:15:27 - process[4]: training epoch 16 ...
00:15:42 - process[4] - epoch 16 - train iter 492 - 27790.7 words/s - loss: 0.3126
00:15:42 - process[4]: evaluating epoch 16 on dev ...
00:15:56 - dev set during evaluation: 11460/11458
00:15:56 - process[4] - dev - epoch 16 - mAP: 0.470 w/ 31 queries
00:15:56 - process[4]: training epoch 17 ...
00:16:12 - process[4] - epoch 17 - train iter 492 - 27823.9 words/s - loss: 0.3366
00:16:12 - process[4]: evaluating epoch 17 on dev ...
00:16:25 - dev set during evaluation: 11460/11458
00:16:25 - process[4] - dev - epoch 17 - mAP: 0.487 w/ 31 queries
00:16:25 - process[4]: training epoch 18 ...
00:16:41 - process[4] - epoch 18 - train iter 492 - 28212.5 words/s - loss: 0.3058
00:16:41 - process[4]: evaluating epoch 18 on dev ...
00:16:55 - dev set during evaluation: 11460/11458
00:16:55 - process[4] - dev - epoch 18 - mAP: 0.498 w/ 31 queries
00:16:55 - process[4]: training epoch 19 ...
00:17:10 - process[4] - epoch 19 - train iter 492 - 28418.1 words/s - loss: 0.3121
00:17:10 - process[4]: evaluating epoch 19 on dev ...
00:17:24 - dev set during evaluation: 11460/11458
00:17:24 - process[4] - dev - epoch 19 - mAP: 0.491 w/ 31 queries
00:17:24 - [fold 2] best test MAP: 0.525 @ epoch 15
00:17:24 - Evaluating every 1 epochs ...
00:17:24 - reading data from /mnt/home/puxuan/CLIR-project/Evaluation_data/process-clef/uncased
00:17:26 - test has 31 queries ...
00:17:26 - Data reading done ...
00:17:27 - adding 9-th encoder to optimizer...
00:17:27 - adding 10-th encoder to optimizer...
00:17:27 - adding 11-th encoder to optimizer...
00:17:28 - process[4]: training epoch 0 ...
00:17:43 - process[4] - epoch 0 - train iter 476 - 27849.4 words/s - loss: 0.5832
00:17:43 - process[4]: training epoch 1 ...
00:17:58 - process[4] - epoch 1 - train iter 476 - 27939.4 words/s - loss: 0.4827
00:17:58 - process[4]: training epoch 2 ...
00:18:12 - process[4] - epoch 2 - train iter 476 - 28400.7 words/s - loss: 0.4346
00:18:12 - process[4]: training epoch 3 ...
00:18:27 - process[4] - epoch 3 - train iter 476 - 27882.0 words/s - loss: 0.4689
00:18:27 - process[4]: training epoch 4 ...
00:18:42 - process[4] - epoch 4 - train iter 476 - 28290.1 words/s - loss: 0.4233
00:18:42 - process[4]: training epoch 5 ...
00:18:56 - process[4] - epoch 5 - train iter 476 - 28133.2 words/s - loss: 0.4226
00:18:56 - process[4]: training epoch 6 ...
00:19:11 - process[4] - epoch 6 - train iter 476 - 27966.2 words/s - loss: 0.4096
00:19:11 - process[4]: training epoch 7 ...
00:19:26 - process[4] - epoch 7 - train iter 476 - 28244.4 words/s - loss: 0.3969
00:19:26 - process[4]: training epoch 8 ...
00:19:40 - process[4] - epoch 8 - train iter 476 - 27993.0 words/s - loss: 0.3802
00:19:40 - process[4]: training epoch 9 ...
00:19:55 - process[4] - epoch 9 - train iter 476 - 28066.6 words/s - loss: 0.3663
00:19:55 - process[4]: training epoch 10 ...
00:20:10 - process[4] - epoch 10 - train iter 476 - 28015.3 words/s - loss: 0.3586
00:20:10 - process[4]: evaluating epoch 10 on dev ...
00:20:27 - process[4] - dev - epoch 10 - mAP: 0.511 w/ 32 queries
00:20:27 - process[4]: evaluating epoch 10 on test ...
00:20:41 - test set during evaluation: 11550/11545
00:20:41 - process[4] - test - epoch 10 - mAP: 0.533 w/ 31 queries
00:20:41 - process[4]: training epoch 11 ...
00:20:56 - process[4] - epoch 11 - train iter 476 - 28214.9 words/s - loss: 0.3234
00:20:56 - process[4]: evaluating epoch 11 on dev ...
00:21:11 - process[4] - dev - epoch 11 - mAP: 0.531 w/ 32 queries
00:21:11 - process[4]: evaluating epoch 11 on test ...
00:21:26 - test set during evaluation: 11550/11545
00:21:26 - process[4] - test - epoch 11 - mAP: 0.541 w/ 31 queries
00:21:26 - process[4]: training epoch 12 ...
00:21:41 - process[4] - epoch 12 - train iter 476 - 28058.8 words/s - loss: 0.3720
00:21:41 - process[4]: evaluating epoch 12 on dev ...
00:21:57 - process[4] - dev - epoch 12 - mAP: 0.525 w/ 32 queries
00:21:57 - process[4]: training epoch 13 ...
00:22:11 - process[4] - epoch 13 - train iter 476 - 28233.4 words/s - loss: 0.3500
00:22:11 - process[4]: evaluating epoch 13 on dev ...
00:22:26 - process[4] - dev - epoch 13 - mAP: 0.527 w/ 32 queries
00:22:26 - process[4]: training epoch 14 ...
00:22:41 - process[4] - epoch 14 - train iter 476 - 28165.9 words/s - loss: 0.2844
00:22:41 - process[4]: evaluating epoch 14 on dev ...
00:22:57 - process[4] - dev - epoch 14 - mAP: 0.518 w/ 32 queries
00:22:57 - process[4]: training epoch 15 ...
00:23:11 - process[4] - epoch 15 - train iter 476 - 28672.9 words/s - loss: 0.3358
00:23:11 - process[4]: evaluating epoch 15 on dev ...
00:23:26 - process[4] - dev - epoch 15 - mAP: 0.511 w/ 32 queries
00:23:26 - process[4]: training epoch 16 ...
00:23:41 - process[4] - epoch 16 - train iter 476 - 28112.5 words/s - loss: 0.3275
00:23:41 - process[4]: evaluating epoch 16 on dev ...
00:23:56 - process[4] - dev - epoch 16 - mAP: 0.533 w/ 32 queries
00:23:56 - process[4]: evaluating epoch 16 on test ...
00:24:11 - test set during evaluation: 11550/11545
00:24:11 - process[4] - test - epoch 16 - mAP: 0.534 w/ 31 queries
00:24:11 - process[4]: training epoch 17 ...
00:24:26 - process[4] - epoch 17 - train iter 476 - 28253.9 words/s - loss: 0.3010
00:24:26 - process[4]: evaluating epoch 17 on dev ...
00:24:41 - process[4] - dev - epoch 17 - mAP: 0.511 w/ 32 queries
00:24:41 - process[4]: training epoch 18 ...
00:24:56 - process[4] - epoch 18 - train iter 476 - 28433.0 words/s - loss: 0.2955
00:24:56 - process[4]: evaluating epoch 18 on dev ...
00:25:11 - process[4] - dev - epoch 18 - mAP: 0.513 w/ 32 queries
00:25:11 - process[4]: training epoch 19 ...
00:25:25 - process[4] - epoch 19 - train iter 476 - 28500.4 words/s - loss: 0.3275
00:25:25 - process[4]: evaluating epoch 19 on dev ...
00:25:41 - process[4] - dev - epoch 19 - mAP: 0.518 w/ 32 queries
00:25:41 - [fold 3] best test MAP: 0.534 @ epoch 16
00:25:41 - Evaluating every 1 epochs ...
00:25:41 - reading data from /mnt/home/puxuan/CLIR-project/Evaluation_data/process-clef/uncased
00:25:42 - test has 31 queries ...
00:25:42 - Data reading done ...
00:25:44 - adding 9-th encoder to optimizer...
00:25:44 - adding 10-th encoder to optimizer...
00:25:44 - adding 11-th encoder to optimizer...
00:25:44 - process[4]: training epoch 0 ...
00:25:57 - process[4] - epoch 0 - train iter 432 - 28405.5 words/s - loss: 0.6287
00:25:57 - process[4]: training epoch 1 ...
00:26:11 - process[4] - epoch 1 - train iter 432 - 28273.9 words/s - loss: 0.5294
00:26:11 - process[4]: training epoch 2 ...
00:26:24 - process[4] - epoch 2 - train iter 432 - 28010.9 words/s - loss: 0.4867
00:26:24 - process[4]: training epoch 3 ...
00:26:37 - process[4] - epoch 3 - train iter 432 - 28434.0 words/s - loss: 0.4737
00:26:37 - process[4]: training epoch 4 ...
00:26:50 - process[4] - epoch 4 - train iter 432 - 28621.1 words/s - loss: 0.4545
00:26:50 - process[4]: training epoch 5 ...
00:27:04 - process[4] - epoch 5 - train iter 432 - 28457.9 words/s - loss: 0.3795
00:27:04 - process[4]: training epoch 6 ...
00:27:17 - process[4] - epoch 6 - train iter 432 - 28306.0 words/s - loss: 0.4066
00:27:17 - process[4]: training epoch 7 ...
00:27:30 - process[4] - epoch 7 - train iter 432 - 28051.3 words/s - loss: 0.3852
00:27:30 - process[4]: training epoch 8 ...
00:27:44 - process[4] - epoch 8 - train iter 432 - 28630.3 words/s - loss: 0.4123
00:27:44 - process[4]: training epoch 9 ...
00:27:57 - process[4] - epoch 9 - train iter 432 - 28303.1 words/s - loss: 0.3671
00:27:57 - process[4]: training epoch 10 ...
00:28:11 - process[4] - epoch 10 - train iter 432 - 28144.6 words/s - loss: 0.3773
00:28:11 - process[4]: evaluating epoch 10 on dev ...
00:28:29 - dev set during evaluation: 11550/11545
00:28:29 - process[4] - dev - epoch 10 - mAP: 0.548 w/ 31 queries
00:28:29 - process[4]: evaluating epoch 10 on test ...
00:28:43 - test set during evaluation: 11320/11315
00:28:43 - process[4] - test - epoch 10 - mAP: 0.548 w/ 31 queries
00:28:43 - process[4]: training epoch 11 ...
00:28:57 - process[4] - epoch 11 - train iter 432 - 28455.7 words/s - loss: 0.3494
00:28:57 - process[4]: evaluating epoch 11 on dev ...
00:29:12 - dev set during evaluation: 11550/11545
00:29:12 - process[4] - dev - epoch 11 - mAP: 0.534 w/ 31 queries
00:29:12 - process[4]: training epoch 12 ...
00:29:25 - process[4] - epoch 12 - train iter 432 - 27949.4 words/s - loss: 0.3578
00:29:25 - process[4]: evaluating epoch 12 on dev ...
00:29:40 - dev set during evaluation: 11550/11545
00:29:40 - process[4] - dev - epoch 12 - mAP: 0.528 w/ 31 queries
00:29:40 - process[4]: training epoch 13 ...
00:29:54 - process[4] - epoch 13 - train iter 432 - 28169.4 words/s - loss: 0.3334
00:29:54 - process[4]: evaluating epoch 13 on dev ...
00:30:08 - dev set during evaluation: 11550/11545
00:30:08 - process[4] - dev - epoch 13 - mAP: 0.539 w/ 31 queries
00:30:09 - process[4]: training epoch 14 ...
00:30:22 - process[4] - epoch 14 - train iter 432 - 28196.9 words/s - loss: 0.3631
00:30:22 - process[4]: evaluating epoch 14 on dev ...
00:00:06 - Namespace(apex_level='O2', batch_size=8, cased=False, dataset='clef', debug=False, encoder_lr=2e-05, eval_step=1, full_doc_length=True, local_rank=4, model_path='/mnt/scratch/puxuan/short_qlm_0.15/2186792/huggingface-19', model_type='mbert', num_epochs=20, num_ft_encoders=3, num_neg=1, projector_lr=2e-05, seed=611, source_lang='de', target_lang='es')
00:00:15 - Evaluating every 1 epochs ...
00:00:15 - reading data from /mnt/home/puxuan/CLIR-project/Evaluation_data/process-clef/uncased
00:00:17 - test has 31 queries ...
00:00:17 - Data reading done ...
00:00:25 - adding 9-th encoder to optimizer...
00:00:25 - adding 10-th encoder to optimizer...
00:00:25 - adding 11-th encoder to optimizer...
00:00:25 - process[4]: training epoch 0 ...
00:00:43 - process[4] - epoch 0 - train iter 540 - 26539.6 words/s - loss: 0.6031
00:00:43 - process[4]: training epoch 1 ...
00:00:59 - process[4] - epoch 1 - train iter 540 - 28579.5 words/s - loss: 0.4985
00:00:59 - process[4]: training epoch 2 ...
00:01:16 - process[4] - epoch 2 - train iter 540 - 28456.8 words/s - loss: 0.4289
00:01:16 - process[4]: training epoch 3 ...
00:01:32 - process[4] - epoch 3 - train iter 540 - 28470.3 words/s - loss: 0.4525
00:01:32 - process[4]: training epoch 4 ...
00:01:49 - process[4] - epoch 4 - train iter 540 - 28054.9 words/s - loss: 0.4134
00:01:49 - process[4]: training epoch 5 ...
00:02:05 - process[4] - epoch 5 - train iter 540 - 28388.0 words/s - loss: 0.3471
00:02:05 - process[4]: training epoch 6 ...
00:02:22 - process[4] - epoch 6 - train iter 540 - 28406.4 words/s - loss: 0.3651
00:02:22 - process[4]: training epoch 7 ...
00:02:38 - process[4] - epoch 7 - train iter 540 - 28292.3 words/s - loss: 0.3211
00:02:38 - process[4]: training epoch 8 ...
00:02:54 - process[4] - epoch 8 - train iter 540 - 28642.7 words/s - loss: 0.3603
00:02:54 - process[4]: training epoch 9 ...
00:03:11 - process[4] - epoch 9 - train iter 540 - 28361.8 words/s - loss: 0.3418
00:03:11 - process[4]: training epoch 10 ...
00:03:28 - process[4] - epoch 10 - train iter 540 - 28623.8 words/s - loss: 0.3592
00:03:28 - process[4]: evaluating epoch 10 on dev ...
00:03:41 - process[4] - dev - epoch 10 - mAP: 0.464 w/ 31 queries
00:03:41 - process[4]: evaluating epoch 10 on test ...
00:03:55 - test set during evaluation: 11460/11458
00:03:55 - process[4] - test - epoch 10 - mAP: 0.486 w/ 31 queries
00:03:55 - process[4]: training epoch 11 ...
00:04:12 - process[4] - epoch 11 - train iter 540 - 28309.4 words/s - loss: 0.2941
00:04:12 - process[4]: evaluating epoch 11 on dev ...
00:04:25 - process[4] - dev - epoch 11 - mAP: 0.484 w/ 31 queries
00:04:25 - process[4]: evaluating epoch 11 on test ...
00:04:39 - test set during evaluation: 11460/11458
00:04:39 - process[4] - test - epoch 11 - mAP: 0.488 w/ 31 queries
00:04:39 - process[4]: training epoch 12 ...
00:04:56 - process[4] - epoch 12 - train iter 540 - 27947.8 words/s - loss: 0.3100
00:04:56 - process[4]: evaluating epoch 12 on dev ...
00:05:11 - process[4] - dev - epoch 12 - mAP: 0.490 w/ 31 queries
00:05:11 - process[4]: evaluating epoch 12 on test ...
00:05:25 - test set during evaluation: 11460/11458
00:05:25 - process[4] - test - epoch 12 - mAP: 0.496 w/ 31 queries
00:05:25 - process[4]: training epoch 13 ...
00:05:41 - process[4] - epoch 13 - train iter 540 - 28706.9 words/s - loss: 0.2971
00:05:41 - process[4]: evaluating epoch 13 on dev ...
00:05:55 - process[4] - dev - epoch 13 - mAP: 0.467 w/ 31 queries
00:05:55 - process[4]: training epoch 14 ...
00:06:11 - process[4] - epoch 14 - train iter 540 - 28414.2 words/s - loss: 0.2996
00:06:11 - process[4]: evaluating epoch 14 on dev ...
00:06:25 - process[4] - dev - epoch 14 - mAP: 0.485 w/ 31 queries
00:06:25 - process[4]: training epoch 15 ...
00:06:41 - process[4] - epoch 15 - train iter 540 - 28238.4 words/s - loss: 0.2893
00:06:41 - process[4]: evaluating epoch 15 on dev ...
00:06:54 - process[4] - dev - epoch 15 - mAP: 0.474 w/ 31 queries
00:06:55 - process[4]: training epoch 16 ...
00:07:11 - process[4] - epoch 16 - train iter 540 - 28591.7 words/s - loss: 0.2925
00:07:11 - process[4]: evaluating epoch 16 on dev ...
00:07:25 - process[4] - dev - epoch 16 - mAP: 0.484 w/ 31 queries
00:07:25 - process[4]: training epoch 17 ...
00:07:42 - process[4] - epoch 17 - train iter 540 - 28882.0 words/s - loss: 0.2935
00:07:42 - process[4]: evaluating epoch 17 on dev ...
00:07:56 - process[4] - dev - epoch 17 - mAP: 0.461 w/ 31 queries
00:07:56 - process[4]: training epoch 18 ...
00:08:12 - process[4] - epoch 18 - train iter 540 - 28414.3 words/s - loss: 0.2694
00:08:12 - process[4]: evaluating epoch 18 on dev ...
00:08:26 - process[4] - dev - epoch 18 - mAP: 0.494 w/ 31 queries
00:08:26 - process[4]: evaluating epoch 18 on test ...
00:08:40 - test set during evaluation: 11460/11458
00:08:40 - process[4] - test - epoch 18 - mAP: 0.486 w/ 31 queries
00:08:40 - process[4]: training epoch 19 ...
00:08:56 - process[4] - epoch 19 - train iter 540 - 28436.6 words/s - loss: 0.2871
00:08:56 - process[4]: evaluating epoch 19 on dev ...
00:09:10 - process[4] - dev - epoch 19 - mAP: 0.480 w/ 31 queries
00:09:10 - [fold 1] best test MAP: 0.486 @ epoch 18
00:09:10 - Evaluating every 1 epochs ...
00:09:10 - reading data from /mnt/home/puxuan/CLIR-project/Evaluation_data/process-clef/uncased
00:09:11 - test has 32 queries ...
00:09:11 - Data reading done ...
00:09:13 - adding 9-th encoder to optimizer...
00:09:13 - adding 10-th encoder to optimizer...
00:09:13 - adding 11-th encoder to optimizer...
00:09:13 - process[4]: training epoch 0 ...
00:09:29 - process[4] - epoch 0 - train iter 492 - 27707.6 words/s - loss: 0.5925
00:09:29 - process[4]: training epoch 1 ...
00:09:44 - process[4] - epoch 1 - train iter 492 - 27859.9 words/s - loss: 0.4644
00:09:44 - process[4]: training epoch 2 ...
00:09:59 - process[4] - epoch 2 - train iter 492 - 28325.1 words/s - loss: 0.4268
00:09:59 - process[4]: training epoch 3 ...
00:10:15 - process[4] - epoch 3 - train iter 492 - 27648.0 words/s - loss: 0.4188
00:10:15 - process[4]: training epoch 4 ...
00:10:30 - process[4] - epoch 4 - train iter 492 - 27940.6 words/s - loss: 0.3986
00:10:30 - process[4]: training epoch 5 ...
00:10:45 - process[4] - epoch 5 - train iter 492 - 27845.0 words/s - loss: 0.4111
00:10:45 - process[4]: training epoch 6 ...
00:11:01 - process[4] - epoch 6 - train iter 492 - 27925.1 words/s - loss: 0.4010
00:11:01 - process[4]: training epoch 7 ...
00:11:16 - process[4] - epoch 7 - train iter 492 - 27802.5 words/s - loss: 0.3884
00:11:16 - process[4]: training epoch 8 ...
00:11:32 - process[4] - epoch 8 - train iter 492 - 27653.7 words/s - loss: 0.3812
00:11:32 - process[4]: training epoch 9 ...
00:11:47 - process[4] - epoch 9 - train iter 492 - 27714.4 words/s - loss: 0.3388
00:11:47 - process[4]: training epoch 10 ...
00:12:03 - process[4] - epoch 10 - train iter 492 - 27979.5 words/s - loss: 0.3614
00:12:03 - process[4]: evaluating epoch 10 on dev ...
00:12:17 - dev set during evaluation: 11460/11458
00:12:17 - process[4] - dev - epoch 10 - mAP: 0.480 w/ 31 queries
00:12:17 - process[4]: evaluating epoch 10 on test ...
00:12:32 - process[4] - test - epoch 10 - mAP: 0.522 w/ 32 queries
00:12:32 - process[4]: training epoch 11 ...
00:12:48 - process[4] - epoch 11 - train iter 492 - 28146.2 words/s - loss: 0.3497
00:12:48 - process[4]: evaluating epoch 11 on dev ...
00:13:02 - dev set during evaluation: 11460/11458
00:13:02 - process[4] - dev - epoch 11 - mAP: 0.473 w/ 31 queries
00:13:02 - process[4]: training epoch 12 ...
00:13:17 - process[4] - epoch 12 - train iter 492 - 27976.6 words/s - loss: 0.3549
00:13:17 - process[4]: evaluating epoch 12 on dev ...
00:13:31 - dev set during evaluation: 11460/11458
00:13:31 - process[4] - dev - epoch 12 - mAP: 0.476 w/ 31 queries
00:13:31 - process[4]: training epoch 13 ...
00:13:47 - process[4] - epoch 13 - train iter 492 - 27781.2 words/s - loss: 0.3524
00:13:47 - process[4]: evaluating epoch 13 on dev ...
00:14:00 - dev set during evaluation: 11460/11458
00:14:00 - process[4] - dev - epoch 13 - mAP: 0.485 w/ 31 queries
00:14:00 - process[4]: evaluating epoch 13 on test ...
00:14:15 - process[4] - test - epoch 13 - mAP: 0.512 w/ 32 queries
00:14:15 - process[4]: training epoch 14 ...
00:14:30 - process[4] - epoch 14 - train iter 492 - 28418.5 words/s - loss: 0.3291
00:14:30 - process[4]: evaluating epoch 14 on dev ...
00:14:45 - dev set during evaluation: 11460/11458
00:14:45 - process[4] - dev - epoch 14 - mAP: 0.482 w/ 31 queries
00:14:45 - process[4]: training epoch 15 ...
00:15:00 - process[4] - epoch 15 - train iter 492 - 28108.4 words/s - loss: 0.3153
00:15:00 - process[4]: evaluating epoch 15 on dev ...
00:15:14 - dev set during evaluation: 11460/11458
00:15:14 - process[4] - dev - epoch 15 - mAP: 0.513 w/ 31 queries
00:15:14 - process[4]: evaluating epoch 15 on test ...
00:15:29 - process[4] - test - epoch 15 - mAP: 0.525 w/ 32 queries
00:15:29 - process[4]: training epoch 16 ...
00:15:44 - process[4] - epoch 16 - train iter 492 - 28033.5 words/s - loss: 0.3126
00:15:44 - process[4]: evaluating epoch 16 on dev ...
00:15:58 - dev set during evaluation: 11460/11458
00:15:58 - process[4] - dev - epoch 16 - mAP: 0.470 w/ 31 queries
00:15:58 - process[4]: training epoch 17 ...
00:16:14 - process[4] - epoch 17 - train iter 492 - 28047.5 words/s - loss: 0.3366
00:16:14 - process[4]: evaluating epoch 17 on dev ...
00:16:28 - dev set during evaluation: 11460/11458
00:16:28 - process[4] - dev - epoch 17 - mAP: 0.487 w/ 31 queries
00:16:28 - process[4]: training epoch 18 ...
00:16:43 - process[4] - epoch 18 - train iter 492 - 28364.5 words/s - loss: 0.3058
00:16:43 - process[4]: evaluating epoch 18 on dev ...
00:16:57 - dev set during evaluation: 11460/11458
00:16:57 - process[4] - dev - epoch 18 - mAP: 0.498 w/ 31 queries
00:16:57 - process[4]: training epoch 19 ...
00:17:13 - process[4] - epoch 19 - train iter 492 - 28189.5 words/s - loss: 0.3121
00:17:13 - process[4]: evaluating epoch 19 on dev ...
00:17:27 - dev set during evaluation: 11460/11458
00:17:27 - process[4] - dev - epoch 19 - mAP: 0.491 w/ 31 queries
00:17:27 - [fold 2] best test MAP: 0.525 @ epoch 15
00:17:27 - Evaluating every 1 epochs ...
00:17:27 - reading data from /mnt/home/puxuan/CLIR-project/Evaluation_data/process-clef/uncased
00:17:28 - test has 31 queries ...
00:17:28 - Data reading done ...
00:17:30 - adding 9-th encoder to optimizer...
00:17:30 - adding 10-th encoder to optimizer...
00:17:30 - adding 11-th encoder to optimizer...
00:17:30 - process[4]: training epoch 0 ...
00:17:45 - process[4] - epoch 0 - train iter 476 - 27716.7 words/s - loss: 0.5832
00:17:45 - process[4]: training epoch 1 ...
00:18:00 - process[4] - epoch 1 - train iter 476 - 27879.3 words/s - loss: 0.4827
00:18:00 - process[4]: training epoch 2 ...
00:18:15 - process[4] - epoch 2 - train iter 476 - 28323.7 words/s - loss: 0.4346
00:18:15 - process[4]: training epoch 3 ...
00:18:30 - process[4] - epoch 3 - train iter 476 - 27903.1 words/s - loss: 0.4689
00:18:30 - process[4]: training epoch 4 ...
00:18:44 - process[4] - epoch 4 - train iter 476 - 28349.0 words/s - loss: 0.4233
00:18:44 - process[4]: training epoch 5 ...
00:18:59 - process[4] - epoch 5 - train iter 476 - 28036.6 words/s - loss: 0.4226
00:18:59 - process[4]: training epoch 6 ...
00:19:14 - process[4] - epoch 6 - train iter 476 - 27909.0 words/s - loss: 0.4096
00:19:14 - process[4]: training epoch 7 ...
00:19:28 - process[4] - epoch 7 - train iter 476 - 28135.2 words/s - loss: 0.3969
00:19:28 - process[4]: training epoch 8 ...
00:19:43 - process[4] - epoch 8 - train iter 476 - 27863.5 words/s - loss: 0.3802
00:19:43 - process[4]: training epoch 9 ...
00:19:58 - process[4] - epoch 9 - train iter 476 - 27956.4 words/s - loss: 0.3663
00:19:58 - process[4]: training epoch 10 ...
00:20:13 - process[4] - epoch 10 - train iter 476 - 27859.5 words/s - loss: 0.3586
00:20:13 - process[4]: evaluating epoch 10 on dev ...
00:20:28 - process[4] - dev - epoch 10 - mAP: 0.511 w/ 32 queries
00:20:28 - process[4]: evaluating epoch 10 on test ...
00:20:43 - test set during evaluation: 11550/11545
00:20:43 - process[4] - test - epoch 10 - mAP: 0.533 w/ 31 queries
00:20:43 - process[4]: training epoch 11 ...
00:20:57 - process[4] - epoch 11 - train iter 476 - 28108.9 words/s - loss: 0.3234
00:20:57 - process[4]: evaluating epoch 11 on dev ...
00:21:13 - process[4] - dev - epoch 11 - mAP: 0.531 w/ 32 queries
00:21:13 - process[4]: evaluating epoch 11 on test ...
00:21:27 - test set during evaluation: 11550/11545
00:21:27 - process[4] - test - epoch 11 - mAP: 0.541 w/ 31 queries
00:21:27 - process[4]: training epoch 12 ...
00:21:42 - process[4] - epoch 12 - train iter 476 - 27888.2 words/s - loss: 0.3720
00:21:42 - process[4]: evaluating epoch 12 on dev ...
00:21:57 - process[4] - dev - epoch 12 - mAP: 0.525 w/ 32 queries
00:21:57 - process[4]: training epoch 13 ...
00:22:12 - process[4] - epoch 13 - train iter 476 - 28029.2 words/s - loss: 0.3500
00:22:12 - process[4]: evaluating epoch 13 on dev ...
00:22:27 - process[4] - dev - epoch 13 - mAP: 0.527 w/ 32 queries
00:22:27 - process[4]: training epoch 14 ...
00:22:42 - process[4] - epoch 14 - train iter 476 - 28036.4 words/s - loss: 0.2844
00:22:42 - process[4]: evaluating epoch 14 on dev ...
00:22:57 - process[4] - dev - epoch 14 - mAP: 0.518 w/ 32 queries
00:22:57 - process[4]: training epoch 15 ...
00:23:12 - process[4] - epoch 15 - train iter 476 - 28746.8 words/s - loss: 0.3358
00:23:12 - process[4]: evaluating epoch 15 on dev ...
00:23:28 - process[4] - dev - epoch 15 - mAP: 0.511 w/ 32 queries
00:23:28 - process[4]: training epoch 16 ...
00:23:43 - process[4] - epoch 16 - train iter 476 - 28326.4 words/s - loss: 0.3275
00:23:43 - process[4]: evaluating epoch 16 on dev ...
00:23:57 - process[4] - dev - epoch 16 - mAP: 0.533 w/ 32 queries
00:23:57 - process[4]: evaluating epoch 16 on test ...
00:24:13 - test set during evaluation: 11550/11545
00:24:13 - process[4] - test - epoch 16 - mAP: 0.534 w/ 31 queries
00:24:13 - process[4]: training epoch 17 ...
00:24:28 - process[4] - epoch 17 - train iter 476 - 28129.5 words/s - loss: 0.3010
00:24:28 - process[4]: evaluating epoch 17 on dev ...
00:24:43 - process[4] - dev - epoch 17 - mAP: 0.511 w/ 32 queries
00:24:43 - process[4]: training epoch 18 ...
00:24:57 - process[4] - epoch 18 - train iter 476 - 28357.7 words/s - loss: 0.2955
00:24:57 - process[4]: evaluating epoch 18 on dev ...
00:25:13 - process[4] - dev - epoch 18 - mAP: 0.513 w/ 32 queries
00:25:13 - process[4]: training epoch 19 ...
00:25:27 - process[4] - epoch 19 - train iter 476 - 28398.4 words/s - loss: 0.3275
00:25:27 - process[4]: evaluating epoch 19 on dev ...
00:25:43 - process[4] - dev - epoch 19 - mAP: 0.518 w/ 32 queries
00:25:43 - [fold 3] best test MAP: 0.534 @ epoch 16
00:25:43 - Evaluating every 1 epochs ...
00:25:43 - reading data from /mnt/home/puxuan/CLIR-project/Evaluation_data/process-clef/uncased
00:25:44 - test has 31 queries ...
00:25:44 - Data reading done ...
00:25:45 - adding 9-th encoder to optimizer...
00:25:45 - adding 10-th encoder to optimizer...
00:25:45 - adding 11-th encoder to optimizer...
00:25:46 - process[4]: training epoch 0 ...
00:25:59 - process[4] - epoch 0 - train iter 432 - 28420.4 words/s - loss: 0.6287
00:25:59 - process[4]: training epoch 1 ...
00:26:13 - process[4] - epoch 1 - train iter 432 - 28156.5 words/s - loss: 0.5294
00:26:13 - process[4]: training epoch 2 ...
00:26:26 - process[4] - epoch 2 - train iter 432 - 27944.3 words/s - loss: 0.4867
00:26:26 - process[4]: training epoch 3 ...
00:26:39 - process[4] - epoch 3 - train iter 432 - 28353.5 words/s - loss: 0.4737
00:26:39 - process[4]: training epoch 4 ...
00:26:53 - process[4] - epoch 4 - train iter 432 - 28549.4 words/s - loss: 0.4545
00:26:53 - process[4]: training epoch 5 ...
00:27:06 - process[4] - epoch 5 - train iter 432 - 28355.2 words/s - loss: 0.3795
00:27:06 - process[4]: training epoch 6 ...
00:27:19 - process[4] - epoch 6 - train iter 432 - 28256.3 words/s - loss: 0.4066
00:27:19 - process[4]: training epoch 7 ...
00:27:33 - process[4] - epoch 7 - train iter 432 - 28033.5 words/s - loss: 0.3852
00:27:33 - process[4]: training epoch 8 ...
00:27:46 - process[4] - epoch 8 - train iter 432 - 28612.3 words/s - loss: 0.4123
00:27:46 - process[4]: training epoch 9 ...
00:28:00 - process[4] - epoch 9 - train iter 432 - 28263.1 words/s - loss: 0.3671
00:28:00 - process[4]: training epoch 10 ...
00:28:13 - process[4] - epoch 10 - train iter 432 - 28169.2 words/s - loss: 0.3773
00:28:13 - process[4]: evaluating epoch 10 on dev ...
00:28:29 - dev set during evaluation: 11550/11545
00:28:29 - process[4] - dev - epoch 10 - mAP: 0.548 w/ 31 queries
00:28:29 - process[4]: evaluating epoch 10 on test ...
00:28:43 - test set during evaluation: 11320/11315
00:28:43 - process[4] - test - epoch 10 - mAP: 0.548 w/ 31 queries
00:28:43 - process[4]: training epoch 11 ...
00:28:57 - process[4] - epoch 11 - train iter 432 - 28286.4 words/s - loss: 0.3494
00:28:57 - process[4]: evaluating epoch 11 on dev ...
00:29:12 - dev set during evaluation: 11550/11545
00:29:12 - process[4] - dev - epoch 11 - mAP: 0.534 w/ 31 queries
00:29:12 - process[4]: training epoch 12 ...
00:29:25 - process[4] - epoch 12 - train iter 432 - 27823.7 words/s - loss: 0.3578
00:29:25 - process[4]: evaluating epoch 12 on dev ...
00:29:40 - dev set during evaluation: 11550/11545
00:29:40 - process[4] - dev - epoch 12 - mAP: 0.528 w/ 31 queries
00:29:40 - process[4]: training epoch 13 ...
00:29:54 - process[4] - epoch 13 - train iter 432 - 27816.6 words/s - loss: 0.3334
00:29:54 - process[4]: evaluating epoch 13 on dev ...
00:30:09 - dev set during evaluation: 11550/11545
00:30:09 - process[4] - dev - epoch 13 - mAP: 0.539 w/ 31 queries
00:30:09 - process[4]: training epoch 14 ...
00:30:22 - process[4] - epoch 14 - train iter 432 - 27845.3 words/s - loss: 0.3631
00:30:22 - process[4]: evaluating epoch 14 on dev ...
00:30:38 - dev set during evaluation: 11550/11545
00:30:38 - process[4] - dev - epoch 14 - mAP: 0.503 w/ 31 queries
00:30:38 - process[4]: training epoch 15 ...
00:30:51 - process[4] - epoch 15 - train iter 432 - 28376.3 words/s - loss: 0.2948
00:30:51 - process[4]: evaluating epoch 15 on dev ...
00:31:06 - dev set during evaluation: 11550/11545
00:31:06 - process[4] - dev - epoch 15 - mAP: 0.513 w/ 31 queries
00:31:06 - process[4]: training epoch 16 ...
00:31:20 - process[4] - epoch 16 - train iter 432 - 27825.7 words/s - loss: 0.3148
00:31:20 - process[4]: evaluating epoch 16 on dev ...
00:31:34 - dev set during evaluation: 11550/11545
00:31:34 - process[4] - dev - epoch 16 - mAP: 0.507 w/ 31 queries
00:31:34 - process[4]: training epoch 17 ...
00:31:48 - process[4] - epoch 17 - train iter 432 - 28131.6 words/s - loss: 0.3306
00:31:48 - process[4]: evaluating epoch 17 on dev ...
00:32:03 - dev set during evaluation: 11550/11545
00:32:03 - process[4] - dev - epoch 17 - mAP: 0.516 w/ 31 queries
00:32:03 - process[4]: training epoch 18 ...
00:32:16 - process[4] - epoch 18 - train iter 432 - 28032.5 words/s - loss: 0.3406
00:32:16 - process[4]: evaluating epoch 18 on dev ...
00:32:32 - dev set during evaluation: 11550/11545
00:32:32 - process[4] - dev - epoch 18 - mAP: 0.506 w/ 31 queries
00:32:32 - process[4]: training epoch 19 ...
00:32:45 - process[4] - epoch 19 - train iter 432 - 28584.9 words/s - loss: 0.3053
00:32:45 - process[4]: evaluating epoch 19 on dev ...
00:33:00 - dev set during evaluation: 11550/11545
00:33:00 - process[4] - dev - epoch 19 - mAP: 0.538 w/ 31 queries
00:33:00 - [fold 4] best test MAP: 0.548 @ epoch 10
00:33:00 - Evaluating every 1 epochs ...
00:33:00 - reading data from /mnt/home/puxuan/CLIR-project/Evaluation_data/process-clef/uncased
00:33:01 - test has 31 queries ...
00:33:01 - Data reading done ...
00:33:03 - adding 9-th encoder to optimizer...
00:33:03 - adding 10-th encoder to optimizer...
00:33:03 - adding 11-th encoder to optimizer...
00:33:04 - process[4]: training epoch 0 ...
00:33:17 - process[4] - epoch 0 - train iter 437 - 28014.4 words/s - loss: 0.6372
00:33:17 - process[4]: training epoch 1 ...
00:33:31 - process[4] - epoch 1 - train iter 437 - 28491.9 words/s - loss: 0.5139
00:33:31 - process[4]: training epoch 2 ...
00:33:44 - process[4] - epoch 2 - train iter 437 - 28094.2 words/s - loss: 0.4521
00:33:44 - process[4]: training epoch 3 ...
00:33:58 - process[4] - epoch 3 - train iter 437 - 27812.3 words/s - loss: 0.4848
00:33:58 - process[4]: training epoch 4 ...
00:34:12 - process[4] - epoch 4 - train iter 437 - 27796.4 words/s - loss: 0.4274
00:34:12 - process[4]: training epoch 5 ...
00:34:26 - process[4] - epoch 5 - train iter 437 - 27780.1 words/s - loss: 0.4021
00:34:26 - process[4]: training epoch 6 ...
00:34:40 - process[4] - epoch 6 - train iter 437 - 27826.8 words/s - loss: 0.3762
00:34:40 - process[4]: training epoch 7 ...
00:34:54 - process[4] - epoch 7 - train iter 437 - 27748.5 words/s - loss: 0.3841
00:34:54 - process[4]: training epoch 8 ...
00:35:07 - process[4] - epoch 8 - train iter 437 - 28062.6 words/s - loss: 0.3857
00:35:07 - process[4]: training epoch 9 ...
00:35:21 - process[4] - epoch 9 - train iter 437 - 28352.5 words/s - loss: 0.3821
00:35:21 - process[4]: training epoch 10 ...
00:35:35 - process[4] - epoch 10 - train iter 437 - 28159.7 words/s - loss: 0.3547
00:35:35 - process[4]: evaluating epoch 10 on dev ...
00:35:49 - dev set during evaluation: 11320/11315
00:35:49 - process[4] - dev - epoch 10 - mAP: 0.550 w/ 31 queries
00:35:49 - process[4]: evaluating epoch 10 on test ...
00:36:03 - process[4] - test - epoch 10 - mAP: 0.484 w/ 31 queries
00:36:03 - process[4]: training epoch 11 ...
00:36:17 - process[4] - epoch 11 - train iter 437 - 27889.7 words/s - loss: 0.3521
00:36:17 - process[4]: evaluating epoch 11 on dev ...
00:36:31 - dev set during evaluation: 11320/11315
00:36:31 - process[4] - dev - epoch 11 - mAP: 0.549 w/ 31 queries
00:36:31 - process[4]: training epoch 12 ...
00:36:45 - process[4] - epoch 12 - train iter 437 - 28224.0 words/s - loss: 0.3723
00:36:45 - process[4]: evaluating epoch 12 on dev ...
00:36:59 - dev set during evaluation: 11320/11315
00:36:59 - process[4] - dev - epoch 12 - mAP: 0.551 w/ 31 queries
00:36:59 - process[4]: evaluating epoch 12 on test ...
00:37:13 - process[4] - test - epoch 12 - mAP: 0.488 w/ 31 queries
00:37:13 - process[4]: training epoch 13 ...
00:37:27 - process[4] - epoch 13 - train iter 437 - 27881.0 words/s - loss: 0.2952
00:37:27 - process[4]: evaluating epoch 13 on dev ...
00:37:41 - dev set during evaluation: 11320/11315
00:37:41 - process[4] - dev - epoch 13 - mAP: 0.550 w/ 31 queries
00:37:41 - process[4]: training epoch 14 ...
00:37:55 - process[4] - epoch 14 - train iter 437 - 27500.5 words/s - loss: 0.3619
00:37:55 - process[4]: evaluating epoch 14 on dev ...
00:38:09 - dev set during evaluation: 11320/11315
00:38:09 - process[4] - dev - epoch 14 - mAP: 0.562 w/ 31 queries
00:38:09 - process[4]: evaluating epoch 14 on test ...
00:38:23 - process[4] - test - epoch 14 - mAP: 0.508 w/ 31 queries
00:38:23 - process[4]: training epoch 15 ...
00:38:37 - process[4] - epoch 15 - train iter 437 - 28009.0 words/s - loss: 0.3419
00:38:37 - process[4]: evaluating epoch 15 on dev ...
00:38:51 - dev set during evaluation: 11320/11315
00:38:51 - process[4] - dev - epoch 15 - mAP: 0.552 w/ 31 queries
00:38:51 - process[4]: training epoch 16 ...
00:39:05 - process[4] - epoch 16 - train iter 437 - 27592.5 words/s - loss: 0.3375
00:39:05 - process[4]: evaluating epoch 16 on dev ...
00:39:20 - dev set during evaluation: 11320/11315
00:39:20 - process[4] - dev - epoch 16 - mAP: 0.552 w/ 31 queries
00:39:20 - process[4]: training epoch 17 ...
00:39:34 - process[4] - epoch 17 - train iter 437 - 27928.5 words/s - loss: 0.3086
00:39:34 - process[4]: evaluating epoch 17 on dev ...
00:39:48 - dev set during evaluation: 11320/11315
00:39:48 - process[4] - dev - epoch 17 - mAP: 0.546 w/ 31 queries
00:39:48 - process[4]: training epoch 18 ...
00:40:01 - process[4] - epoch 18 - train iter 437 - 28379.4 words/s - loss: 0.3293
00:40:01 - process[4]: evaluating epoch 18 on dev ...
00:40:15 - dev set during evaluation: 11320/11315
00:40:15 - process[4] - dev - epoch 18 - mAP: 0.547 w/ 31 queries
00:40:15 - process[4]: training epoch 19 ...
00:40:29 - process[4] - epoch 19 - train iter 437 - 28058.3 words/s - loss: 0.2881
00:40:29 - process[4]: evaluating epoch 19 on dev ...
00:40:44 - dev set during evaluation: 11320/11315
00:40:44 - process[4] - dev - epoch 19 - mAP: 0.549 w/ 31 queries
00:40:44 - [fold 5] best test MAP: 0.508 @ epoch 14
00:40:44 - [0.4858684672307387, 0.5249492712465171, 0.5341851290108015, 0.548422676593854, 0.5079470800141157]
00:40:44 - [31, 32, 31, 31, 31]
00:40:44 - final MAP: 0.520
