00:00:06 - Namespace(apex_level='O2', batch_size=8, cased=False, dataset='clef', debug=False, encoder_lr=2e-05, eval_step=1, full_doc_length=True, local_rank=5, model_path='/mnt/scratch/puxuan/short_qlm_0.45/2186793/huggingface-9', model_type='mbert', num_epochs=20, num_ft_encoders=3, num_neg=1, projector_lr=2e-05, seed=611, source_lang='en', target_lang='fr')
00:00:14 - Evaluating every 1 epochs ...
00:00:14 - reading data from /mnt/home/puxuan/CLIR-project/Evaluation_data/process-clef/uncased
00:00:15 - test has 37 queries ...
00:00:15 - Data reading done ...
00:00:21 - adding 9-th encoder to optimizer...
00:00:21 - adding 10-th encoder to optimizer...
00:00:21 - adding 11-th encoder to optimizer...
00:00:21 - process[5]: training epoch 0 ...
00:00:31 - process[5] - epoch 0 - train iter 241 - 19961.3 words/s - loss: 0.6053
00:00:31 - process[5]: training epoch 1 ...
00:00:40 - process[5] - epoch 1 - train iter 241 - 21851.2 words/s - loss: 0.5851
00:00:40 - process[5]: training epoch 2 ...
00:00:49 - process[5] - epoch 2 - train iter 241 - 20637.3 words/s - loss: 0.5236
00:00:49 - process[5]: training epoch 3 ...
00:00:59 - process[5] - epoch 3 - train iter 241 - 21159.9 words/s - loss: 0.5732
00:00:59 - process[5]: training epoch 4 ...
00:01:08 - process[5] - epoch 4 - train iter 241 - 21630.0 words/s - loss: 0.5260
00:01:08 - process[5]: training epoch 5 ...
00:01:17 - process[5] - epoch 5 - train iter 241 - 22193.3 words/s - loss: 0.4682
00:01:17 - process[5]: training epoch 6 ...
00:01:26 - process[5] - epoch 6 - train iter 241 - 21310.4 words/s - loss: 0.4499
00:01:26 - process[5]: training epoch 7 ...
00:01:35 - process[5] - epoch 7 - train iter 241 - 21715.1 words/s - loss: 0.5476
00:01:35 - process[5]: training epoch 8 ...
00:01:44 - process[5] - epoch 8 - train iter 241 - 22277.5 words/s - loss: 0.4846
00:01:44 - process[5]: training epoch 9 ...
00:01:53 - process[5] - epoch 9 - train iter 241 - 20089.5 words/s - loss: 0.4346
00:01:53 - process[5]: training epoch 10 ...
00:02:02 - process[5] - epoch 10 - train iter 241 - 21761.0 words/s - loss: 0.4449
00:02:02 - process[5]: evaluating epoch 10 on dev ...
00:02:21 - process[5] - dev - epoch 10 - mAP: 0.403 w/ 37 queries
00:02:21 - process[5]: evaluating epoch 10 on test ...
00:02:39 - test set during evaluation: 11380/11372
00:02:39 - process[5] - test - epoch 10 - mAP: 0.580 w/ 37 queries
00:02:39 - process[5]: training epoch 11 ...
00:02:47 - process[5] - epoch 11 - train iter 241 - 22554.9 words/s - loss: 0.4791
00:02:47 - process[5]: evaluating epoch 11 on dev ...
00:03:07 - process[5] - dev - epoch 11 - mAP: 0.390 w/ 37 queries
00:03:07 - process[5]: training epoch 12 ...
00:03:16 - process[5] - epoch 12 - train iter 241 - 21492.3 words/s - loss: 0.4780
00:03:16 - process[5]: evaluating epoch 12 on dev ...
00:03:34 - process[5] - dev - epoch 12 - mAP: 0.404 w/ 37 queries
00:03:34 - process[5]: evaluating epoch 12 on test ...
00:03:53 - test set during evaluation: 11380/11372
00:03:53 - process[5] - test - epoch 12 - mAP: 0.558 w/ 37 queries
00:03:53 - process[5]: training epoch 13 ...
00:04:02 - process[5] - epoch 13 - train iter 241 - 21237.1 words/s - loss: 0.4788
00:04:02 - process[5]: evaluating epoch 13 on dev ...
00:04:20 - process[5] - dev - epoch 13 - mAP: 0.397 w/ 37 queries
00:04:20 - process[5]: training epoch 14 ...
00:04:30 - process[5] - epoch 14 - train iter 241 - 21397.7 words/s - loss: 0.3856
00:04:30 - process[5]: evaluating epoch 14 on dev ...
00:04:47 - process[5] - dev - epoch 14 - mAP: 0.383 w/ 37 queries
00:04:47 - process[5]: training epoch 15 ...
00:04:57 - process[5] - epoch 15 - train iter 241 - 21417.7 words/s - loss: 0.4289
00:04:57 - process[5]: evaluating epoch 15 on dev ...
00:05:15 - process[5] - dev - epoch 15 - mAP: 0.401 w/ 37 queries
00:05:15 - process[5]: training epoch 16 ...
00:05:24 - process[5] - epoch 16 - train iter 241 - 23135.6 words/s - loss: 0.4501
00:05:24 - process[5]: evaluating epoch 16 on dev ...
00:05:43 - process[5] - dev - epoch 16 - mAP: 0.398 w/ 37 queries
00:05:43 - process[5]: training epoch 17 ...
00:05:52 - process[5] - epoch 17 - train iter 241 - 20666.5 words/s - loss: 0.3888
00:05:52 - process[5]: evaluating epoch 17 on dev ...
00:06:10 - process[5] - dev - epoch 17 - mAP: 0.401 w/ 37 queries
00:06:10 - process[5]: training epoch 18 ...
00:06:19 - process[5] - epoch 18 - train iter 241 - 21606.9 words/s - loss: 0.3999
00:06:19 - process[5]: evaluating epoch 18 on dev ...
00:06:37 - process[5] - dev - epoch 18 - mAP: 0.406 w/ 37 queries
00:06:37 - process[5]: evaluating epoch 18 on test ...
00:06:55 - test set during evaluation: 11380/11372
00:06:55 - process[5] - test - epoch 18 - mAP: 0.587 w/ 37 queries
00:06:55 - process[5]: training epoch 19 ...
00:07:05 - process[5] - epoch 19 - train iter 241 - 21066.4 words/s - loss: 0.4065
00:07:05 - process[5]: evaluating epoch 19 on dev ...
00:07:23 - process[5] - dev - epoch 19 - mAP: 0.404 w/ 37 queries
00:07:23 - [fold 1] best test MAP: 0.587 @ epoch 18
00:07:23 - Evaluating every 1 epochs ...
00:07:23 - reading data from /mnt/home/puxuan/CLIR-project/Evaluation_data/process-clef/uncased
00:07:23 - test has 37 queries ...
00:07:23 - Data reading done ...
00:07:24 - adding 9-th encoder to optimizer...
00:07:24 - adding 10-th encoder to optimizer...
00:07:24 - adding 11-th encoder to optimizer...
00:07:25 - process[5]: training epoch 0 ...
00:07:36 - process[5] - epoch 0 - train iter 276 - 20870.0 words/s - loss: 0.6271
00:07:36 - process[5]: training epoch 1 ...
00:07:46 - process[5] - epoch 1 - train iter 276 - 22445.2 words/s - loss: 0.5474
00:07:46 - process[5]: training epoch 2 ...
00:07:57 - process[5] - epoch 2 - train iter 276 - 20284.2 words/s - loss: 0.5212
00:07:57 - process[5]: training epoch 3 ...
00:08:08 - process[5] - epoch 3 - train iter 276 - 21352.7 words/s - loss: 0.5244
00:08:08 - process[5]: training epoch 4 ...
00:08:18 - process[5] - epoch 4 - train iter 276 - 21791.6 words/s - loss: 0.5098
00:08:18 - process[5]: training epoch 5 ...
00:08:28 - process[5] - epoch 5 - train iter 276 - 21680.8 words/s - loss: 0.5159
00:08:28 - process[5]: training epoch 6 ...
00:08:39 - process[5] - epoch 6 - train iter 276 - 21682.5 words/s - loss: 0.4792
00:08:39 - process[5]: training epoch 7 ...
00:08:50 - process[5] - epoch 7 - train iter 276 - 20754.5 words/s - loss: 0.4974
00:08:50 - process[5]: training epoch 8 ...
00:08:59 - process[5] - epoch 8 - train iter 276 - 22032.9 words/s - loss: 0.4769
00:08:59 - process[5]: training epoch 9 ...
00:09:10 - process[5] - epoch 9 - train iter 276 - 20362.5 words/s - loss: 0.4771
00:09:10 - process[5]: training epoch 10 ...
00:09:22 - process[5] - epoch 10 - train iter 276 - 19532.3 words/s - loss: 0.4624
00:09:22 - process[5]: evaluating epoch 10 on dev ...
00:09:44 - dev set during evaluation: 11380/11372
00:09:44 - process[5] - dev - epoch 10 - mAP: 0.503 w/ 37 queries
00:09:44 - process[5]: evaluating epoch 10 on test ...
00:10:01 - process[5] - test - epoch 10 - mAP: 0.422 w/ 37 queries
00:10:01 - process[5]: training epoch 11 ...
00:10:12 - process[5] - epoch 11 - train iter 276 - 20803.9 words/s - loss: 0.4041
00:10:12 - process[5]: evaluating epoch 11 on dev ...
00:10:31 - dev set during evaluation: 11380/11372
00:10:31 - process[5] - dev - epoch 11 - mAP: 0.530 w/ 37 queries
00:10:31 - process[5]: evaluating epoch 11 on test ...
00:10:48 - process[5] - test - epoch 11 - mAP: 0.462 w/ 37 queries
00:10:48 - process[5]: training epoch 12 ...
00:10:59 - process[5] - epoch 12 - train iter 276 - 20063.8 words/s - loss: 0.4510
00:10:59 - process[5]: evaluating epoch 12 on dev ...
00:11:17 - dev set during evaluation: 11380/11372
00:11:17 - process[5] - dev - epoch 12 - mAP: 0.528 w/ 37 queries
00:11:17 - process[5]: training epoch 13 ...
00:11:27 - process[5] - epoch 13 - train iter 276 - 21118.4 words/s - loss: 0.4667
00:11:27 - process[5]: evaluating epoch 13 on dev ...
00:11:46 - dev set during evaluation: 11380/11372
00:11:47 - process[5] - dev - epoch 13 - mAP: 0.547 w/ 37 queries
00:11:47 - process[5]: evaluating epoch 13 on test ...
00:12:04 - process[5] - test - epoch 13 - mAP: 0.451 w/ 37 queries
00:12:04 - process[5]: training epoch 14 ...
00:12:14 - process[5] - epoch 14 - train iter 276 - 21285.5 words/s - loss: 0.4307
00:12:14 - process[5]: evaluating epoch 14 on dev ...
00:12:33 - dev set during evaluation: 11380/11372
00:12:33 - process[5] - dev - epoch 14 - mAP: 0.528 w/ 37 queries
00:12:33 - process[5]: training epoch 15 ...
00:12:44 - process[5] - epoch 15 - train iter 276 - 21381.5 words/s - loss: 0.4268
00:12:44 - process[5]: evaluating epoch 15 on dev ...
00:13:02 - dev set during evaluation: 11380/11372
00:13:02 - process[5] - dev - epoch 15 - mAP: 0.537 w/ 37 queries
00:13:02 - process[5]: training epoch 16 ...
00:13:12 - process[5] - epoch 16 - train iter 276 - 21974.1 words/s - loss: 0.4227
00:13:12 - process[5]: evaluating epoch 16 on dev ...
00:13:31 - dev set during evaluation: 11380/11372
00:13:31 - process[5] - dev - epoch 16 - mAP: 0.519 w/ 37 queries
00:13:31 - process[5]: training epoch 17 ...
00:13:42 - process[5] - epoch 17 - train iter 276 - 20634.9 words/s - loss: 0.4290
00:13:42 - process[5]: evaluating epoch 17 on dev ...
00:14:00 - dev set during evaluation: 11380/11372
00:14:00 - process[5] - dev - epoch 17 - mAP: 0.546 w/ 37 queries
00:14:00 - process[5]: training epoch 18 ...
00:14:11 - process[5] - epoch 18 - train iter 276 - 20685.1 words/s - loss: 0.3824
00:14:11 - process[5]: evaluating epoch 18 on dev ...
00:14:30 - dev set during evaluation: 11380/11372
00:14:30 - process[5] - dev - epoch 18 - mAP: 0.512 w/ 37 queries
00:14:30 - process[5]: training epoch 19 ...
00:14:42 - process[5] - epoch 19 - train iter 276 - 20668.2 words/s - loss: 0.4298
00:14:42 - process[5]: evaluating epoch 19 on dev ...
00:15:00 - dev set during evaluation: 11380/11372
00:15:00 - process[5] - dev - epoch 19 - mAP: 0.497 w/ 37 queries
00:15:00 - [fold 2] best test MAP: 0.451 @ epoch 13
00:15:00 - Evaluating every 1 epochs ...
00:15:00 - reading data from /mnt/home/puxuan/CLIR-project/Evaluation_data/process-clef/uncased
00:15:01 - test has 37 queries ...
00:15:01 - Data reading done ...
00:15:02 - adding 9-th encoder to optimizer...
00:15:02 - adding 10-th encoder to optimizer...
00:15:02 - adding 11-th encoder to optimizer...
00:15:03 - process[5]: training epoch 0 ...
00:15:12 - process[5] - epoch 0 - train iter 240 - 21289.8 words/s - loss: 0.6159
00:15:12 - process[5]: training epoch 1 ...
00:15:20 - process[5] - epoch 1 - train iter 240 - 21182.2 words/s - loss: 0.5662
00:15:20 - process[5]: training epoch 2 ...
00:15:29 - process[5] - epoch 2 - train iter 240 - 21974.6 words/s - loss: 0.4918
00:15:29 - process[5]: training epoch 3 ...
00:15:38 - process[5] - epoch 3 - train iter 240 - 21313.6 words/s - loss: 0.5281
00:15:38 - process[5]: training epoch 4 ...
00:15:47 - process[5] - epoch 4 - train iter 240 - 22020.1 words/s - loss: 0.5337
00:15:47 - process[5]: training epoch 5 ...
00:15:56 - process[5] - epoch 5 - train iter 240 - 21765.8 words/s - loss: 0.5161
00:15:56 - process[5]: training epoch 6 ...
00:16:05 - process[5] - epoch 6 - train iter 240 - 21415.2 words/s - loss: 0.4753
00:16:05 - process[5]: training epoch 7 ...
00:16:14 - process[5] - epoch 7 - train iter 240 - 21635.5 words/s - loss: 0.4455
00:16:14 - process[5]: training epoch 8 ...
00:16:22 - process[5] - epoch 8 - train iter 240 - 21875.4 words/s - loss: 0.4774
00:16:22 - process[5]: training epoch 9 ...
00:16:31 - process[5] - epoch 9 - train iter 240 - 21182.0 words/s - loss: 0.4574
00:16:31 - process[5]: training epoch 10 ...
00:16:40 - process[5] - epoch 10 - train iter 240 - 21190.8 words/s - loss: 0.4264
00:16:40 - process[5]: evaluating epoch 10 on dev ...
00:17:01 - process[5] - dev - epoch 10 - mAP: 0.439 w/ 37 queries
00:17:01 - process[5]: evaluating epoch 10 on test ...
00:17:20 - test set during evaluation: 11210/11201
00:17:20 - process[5] - test - epoch 10 - mAP: 0.489 w/ 37 queries
00:17:20 - process[5]: training epoch 11 ...
00:17:29 - process[5] - epoch 11 - train iter 240 - 22064.4 words/s - loss: 0.4113
00:17:29 - process[5]: evaluating epoch 11 on dev ...
00:17:47 - process[5] - dev - epoch 11 - mAP: 0.439 w/ 37 queries
00:17:47 - process[5]: training epoch 12 ...
00:17:55 - process[5] - epoch 12 - train iter 240 - 22458.1 words/s - loss: 0.4179
00:17:55 - process[5]: evaluating epoch 12 on dev ...
00:18:13 - process[5] - dev - epoch 12 - mAP: 0.440 w/ 37 queries
00:18:13 - process[5]: evaluating epoch 12 on test ...
00:18:32 - test set during evaluation: 11210/11201
00:18:32 - process[5] - test - epoch 12 - mAP: 0.452 w/ 37 queries
00:18:32 - process[5]: training epoch 13 ...
00:18:41 - process[5] - epoch 13 - train iter 240 - 22128.9 words/s - loss: 0.4345
00:18:41 - process[5]: evaluating epoch 13 on dev ...
00:18:58 - process[5] - dev - epoch 13 - mAP: 0.460 w/ 37 queries
00:18:58 - process[5]: evaluating epoch 13 on test ...
00:19:18 - test set during evaluation: 11210/11201
00:19:18 - process[5] - test - epoch 13 - mAP: 0.484 w/ 37 queries
00:19:18 - process[5]: training epoch 14 ...
00:19:27 - process[5] - epoch 14 - train iter 240 - 20179.6 words/s - loss: 0.4623
00:19:27 - process[5]: evaluating epoch 14 on dev ...
00:19:44 - process[5] - dev - epoch 14 - mAP: 0.454 w/ 37 queries
00:19:44 - process[5]: training epoch 15 ...
00:19:53 - process[5] - epoch 15 - train iter 240 - 21431.8 words/s - loss: 0.4257
00:19:53 - process[5]: evaluating epoch 15 on dev ...
00:20:11 - process[5] - dev - epoch 15 - mAP: 0.451 w/ 37 queries
00:20:11 - process[5]: training epoch 16 ...
00:20:20 - process[5] - epoch 16 - train iter 240 - 20817.6 words/s - loss: 0.4450
00:20:20 - process[5]: evaluating epoch 16 on dev ...
00:20:36 - process[5] - dev - epoch 16 - mAP: 0.444 w/ 37 queries
00:20:36 - process[5]: training epoch 17 ...
00:20:45 - process[5] - epoch 17 - train iter 240 - 21585.0 words/s - loss: 0.4032
00:20:45 - process[5]: evaluating epoch 17 on dev ...
00:21:02 - process[5] - dev - epoch 17 - mAP: 0.441 w/ 37 queries
00:21:02 - process[5]: training epoch 18 ...
00:21:11 - process[5] - epoch 18 - train iter 240 - 21293.8 words/s - loss: 0.4272
00:21:11 - process[5]: evaluating epoch 18 on dev ...
00:21:28 - process[5] - dev - epoch 18 - mAP: 0.434 w/ 37 queries
00:21:28 - process[5]: training epoch 19 ...
00:21:37 - process[5] - epoch 19 - train iter 240 - 22235.9 words/s - loss: 0.4325
00:21:37 - process[5]: evaluating epoch 19 on dev ...
00:21:54 - process[5] - dev - epoch 19 - mAP: 0.432 w/ 37 queries
00:21:54 - [fold 3] best test MAP: 0.484 @ epoch 13
00:21:54 - Evaluating every 1 epochs ...
00:21:54 - reading data from /mnt/home/puxuan/CLIR-project/Evaluation_data/process-clef/uncased
00:21:55 - test has 37 queries ...
00:21:55 - Data reading done ...
00:21:56 - adding 9-th encoder to optimizer...
00:21:56 - adding 10-th encoder to optimizer...
00:21:56 - adding 11-th encoder to optimizer...
00:21:57 - process[5]: training epoch 0 ...
00:22:06 - process[5] - epoch 0 - train iter 231 - 20733.3 words/s - loss: 0.6137
00:22:06 - process[5]: training epoch 1 ...
00:22:14 - process[5] - epoch 1 - train iter 231 - 21100.2 words/s - loss: 0.5612
00:22:14 - process[5]: training epoch 2 ...
00:22:24 - process[5] - epoch 2 - train iter 231 - 19898.1 words/s - loss: 0.5735
00:22:24 - process[5]: training epoch 3 ...
00:22:33 - process[5] - epoch 3 - train iter 231 - 20854.4 words/s - loss: 0.5190
00:22:33 - process[5]: training epoch 4 ...
00:22:42 - process[5] - epoch 4 - train iter 231 - 21177.9 words/s - loss: 0.5519
00:22:42 - process[5]: training epoch 5 ...
00:22:50 - process[5] - epoch 5 - train iter 231 - 20909.7 words/s - loss: 0.4874
00:22:50 - process[5]: training epoch 6 ...
00:22:59 - process[5] - epoch 6 - train iter 231 - 20808.1 words/s - loss: 0.4948
00:22:59 - process[5]: training epoch 7 ...
00:23:07 - process[5] - epoch 7 - train iter 231 - 21612.2 words/s - loss: 0.4653
00:23:07 - process[5]: training epoch 8 ...
00:23:16 - process[5] - epoch 8 - train iter 231 - 21436.9 words/s - loss: 0.4979
00:23:16 - process[5]: training epoch 9 ...
00:23:25 - process[5] - epoch 9 - train iter 231 - 21221.3 words/s - loss: 0.4385
00:23:25 - process[5]: training epoch 10 ...
00:23:33 - process[5] - epoch 10 - train iter 231 - 22367.6 words/s - loss: 0.4126
00:23:33 - process[5]: evaluating epoch 10 on dev ...
00:23:52 - dev set during evaluation: 11210/11201
00:23:52 - process[5] - dev - epoch 10 - mAP: 0.461 w/ 37 queries
00:23:52 - process[5]: evaluating epoch 10 on test ...
00:24:09 - test set during evaluation: 10640/10633
00:24:09 - process[5] - test - epoch 10 - mAP: 0.388 w/ 37 queries
00:24:09 - process[5]: training epoch 11 ...
00:24:18 - process[5] - epoch 11 - train iter 231 - 22147.2 words/s - loss: 0.4274
00:24:18 - process[5]: evaluating epoch 11 on dev ...
00:24:39 - dev set during evaluation: 11210/11201
00:24:39 - process[5] - dev - epoch 11 - mAP: 0.445 w/ 37 queries
00:24:39 - process[5]: training epoch 12 ...
00:24:47 - process[5] - epoch 12 - train iter 231 - 21344.6 words/s - loss: 0.4155
00:24:47 - process[5]: evaluating epoch 12 on dev ...
00:25:07 - dev set during evaluation: 11210/11201
00:25:07 - process[5] - dev - epoch 12 - mAP: 0.477 w/ 37 queries
00:25:07 - process[5]: evaluating epoch 12 on test ...
00:25:24 - test set during evaluation: 10640/10633
00:25:24 - process[5] - test - epoch 12 - mAP: 0.403 w/ 37 queries
00:25:24 - process[5]: training epoch 13 ...
00:25:33 - process[5] - epoch 13 - train iter 231 - 20660.6 words/s - loss: 0.4271
00:25:33 - process[5]: evaluating epoch 13 on dev ...
00:25:53 - dev set during evaluation: 11210/11201
00:25:53 - process[5] - dev - epoch 13 - mAP: 0.463 w/ 37 queries
00:25:53 - process[5]: training epoch 14 ...
00:26:01 - process[5] - epoch 14 - train iter 231 - 21188.2 words/s - loss: 0.4320
00:26:01 - process[5]: evaluating epoch 14 on dev ...
00:26:21 - dev set during evaluation: 11210/11201
00:26:21 - process[5] - dev - epoch 14 - mAP: 0.473 w/ 37 queries
00:26:21 - process[5]: training epoch 15 ...
00:26:29 - process[5] - epoch 15 - train iter 231 - 21339.0 words/s - loss: 0.4128
00:26:29 - process[5]: evaluating epoch 15 on dev ...
00:26:49 - dev set during evaluation: 11210/11201
00:26:49 - process[5] - dev - epoch 15 - mAP: 0.456 w/ 37 queries
00:26:49 - process[5]: training epoch 16 ...
00:26:57 - process[5] - epoch 16 - train iter 231 - 22468.4 words/s - loss: 0.3889
00:26:57 - process[5]: evaluating epoch 16 on dev ...
00:27:17 - dev set during evaluation: 11210/11201
00:27:17 - process[5] - dev - epoch 16 - mAP: 0.448 w/ 37 queries
00:27:17 - process[5]: training epoch 17 ...
00:27:25 - process[5] - epoch 17 - train iter 231 - 21967.5 words/s - loss: 0.4034
00:27:25 - process[5]: evaluating epoch 17 on dev ...
00:27:45 - dev set during evaluation: 11210/11201
00:27:45 - process[5] - dev - epoch 17 - mAP: 0.475 w/ 37 queries
00:27:45 - process[5]: training epoch 18 ...
00:27:54 - process[5] - epoch 18 - train iter 231 - 21482.0 words/s - loss: 0.3824
00:27:54 - process[5]: evaluating epoch 18 on dev ...
00:28:13 - dev set during evaluation: 11210/11201
00:28:13 - process[5] - dev - epoch 18 - mAP: 0.477 w/ 37 queries
00:28:13 - process[5]: training epoch 19 ...
00:28:21 - process[5] - epoch 19 - train iter 231 - 22570.1 words/s - loss: 0.3668
00:28:21 - process[5]: evaluating epoch 19 on dev ...
00:28:41 - dev set during evaluation: 11210/11201
00:28:41 - process[5] - dev - epoch 19 - mAP: 0.486 w/ 37 queries
00:28:41 - process[5]: evaluating epoch 19 on test ...
00:28:59 - test set during evaluation: 10640/10633
00:28:59 - process[5] - test - epoch 19 - mAP: 0.381 w/ 37 queries
00:28:59 - [fold 4] best test MAP: 0.381 @ epoch 19
00:28:59 - Evaluating every 1 epochs ...
00:28:59 - reading data from /mnt/home/puxuan/CLIR-project/Evaluation_data/process-clef/uncased
00:28:59 - test has 37 queries ...
00:28:59 - Data reading done ...
00:29:01 - adding 9-th encoder to optimizer...
00:29:01 - adding 10-th encoder to optimizer...
00:29:01 - adding 11-th encoder to optimizer...
00:29:01 - process[5]: training epoch 0 ...
00:29:10 - process[5] - epoch 0 - train iter 235 - 22319.5 words/s - loss: 0.6451
00:29:10 - process[5]: training epoch 1 ...
00:29:18 - process[5] - epoch 1 - train iter 235 - 22031.6 words/s - loss: 0.5527
00:29:18 - process[5]: training epoch 2 ...
00:29:27 - process[5] - epoch 2 - train iter 235 - 21040.7 words/s - loss: 0.5387
00:29:27 - process[5]: training epoch 3 ...
00:29:37 - process[5] - epoch 3 - train iter 235 - 20238.5 words/s - loss: 0.5258
00:29:37 - process[5]: training epoch 4 ...
00:29:45 - process[5] - epoch 4 - train iter 235 - 21806.5 words/s - loss: 0.5079
00:29:45 - process[5]: training epoch 5 ...
00:29:54 - process[5] - epoch 5 - train iter 235 - 22041.3 words/s - loss: 0.5242
00:29:54 - process[5]: training epoch 6 ...
00:30:03 - process[5] - epoch 6 - train iter 235 - 21485.6 words/s - loss: 0.4222
00:30:03 - process[5]: training epoch 7 ...
00:30:11 - process[5] - epoch 7 - train iter 235 - 21813.3 words/s - loss: 0.5079
00:30:11 - process[5]: training epoch 8 ...
00:30:20 - process[5] - epoch 8 - train iter 235 - 21755.6 words/s - loss: 0.4471
00:30:20 - process[5]: training epoch 9 ...
00:30:29 - process[5] - epoch 9 - train iter 235 - 21442.0 words/s - loss: 0.4565
00:30:29 - process[5]: training epoch 10 ...
00:30:38 - process[5] - epoch 10 - train iter 235 - 21180.7 words/s - loss: 0.4397
00:30:38 - process[5]: evaluating epoch 10 on dev ...
00:30:59 - dev set during evaluation: 10640/10633
00:30:59 - process[5] - dev - epoch 10 - mAP: 0.382 w/ 37 queries
00:30:59 - process[5]: evaluating epoch 10 on test ...
00:31:17 - process[5] - test - epoch 10 - mAP: 0.386 w/ 37 queries
00:31:17 - process[5]: training epoch 11 ...
00:31:26 - process[5] - epoch 11 - train iter 235 - 21305.4 words/s - loss: 0.3867
00:31:26 - process[5]: evaluating epoch 11 on dev ...
00:31:44 - dev set during evaluation: 10640/10633
00:31:44 - process[5] - dev - epoch 11 - mAP: 0.356 w/ 37 queries
00:31:44 - process[5]: training epoch 12 ...
00:31:54 - process[5] - epoch 12 - train iter 235 - 21068.0 words/s - loss: 0.4273
00:31:54 - process[5]: evaluating epoch 12 on dev ...
00:32:11 - dev set during evaluation: 10640/10633
00:32:11 - process[5] - dev - epoch 12 - mAP: 0.397 w/ 37 queries
00:32:11 - process[5]: evaluating epoch 12 on test ...
00:32:29 - process[5] - test - epoch 12 - mAP: 0.409 w/ 37 queries
00:32:29 - process[5]: training epoch 13 ...
00:32:39 - process[5] - epoch 13 - train iter 235 - 19782.1 words/s - loss: 0.4204
00:32:39 - process[5]: evaluating epoch 13 on dev ...
00:32:56 - dev set during evaluation: 10640/10633
00:32:56 - process[5] - dev - epoch 13 - mAP: 0.380 w/ 37 queries
00:32:56 - process[5]: training epoch 14 ...
00:33:05 - process[5] - epoch 14 - train iter 235 - 20936.9 words/s - loss: 0.3868
00:33:05 - process[5]: evaluating epoch 14 on dev ...
00:33:23 - dev set during evaluation: 10640/10633
00:33:23 - process[5] - dev - epoch 14 - mAP: 0.410 w/ 37 queries
00:33:23 - process[5]: evaluating epoch 14 on test ...
00:33:41 - process[5] - test - epoch 14 - mAP: 0.389 w/ 37 queries
00:33:41 - process[5]: training epoch 15 ...
00:33:50 - process[5] - epoch 15 - train iter 235 - 21193.9 words/s - loss: 0.3903
00:33:50 - process[5]: evaluating epoch 15 on dev ...
00:34:08 - dev set during evaluation: 10640/10633
00:34:08 - process[5] - dev - epoch 15 - mAP: 0.416 w/ 37 queries
00:34:08 - process[5]: evaluating epoch 15 on test ...
00:34:26 - process[5] - test - epoch 15 - mAP: 0.401 w/ 37 queries
00:34:26 - process[5]: training epoch 16 ...
00:34:35 - process[5] - epoch 16 - train iter 235 - 21429.3 words/s - loss: 0.4039
00:34:35 - process[5]: evaluating epoch 16 on dev ...
00:34:53 - dev set during evaluation: 10640/10633
00:34:53 - process[5] - dev - epoch 16 - mAP: 0.391 w/ 37 queries
00:34:53 - process[5]: training epoch 17 ...
00:35:02 - process[5] - epoch 17 - train iter 235 - 20588.6 words/s - loss: 0.4248
00:35:02 - process[5]: evaluating epoch 17 on dev ...
00:35:19 - dev set during evaluation: 10640/10633
00:35:19 - process[5] - dev - epoch 17 - mAP: 0.435 w/ 37 queries
00:35:19 - process[5]: evaluating epoch 17 on test ...
00:35:38 - process[5] - test - epoch 17 - mAP: 0.410 w/ 37 queries
00:35:38 - process[5]: training epoch 18 ...
00:35:46 - process[5] - epoch 18 - train iter 235 - 22978.5 words/s - loss: 0.3646
00:35:46 - process[5]: evaluating epoch 18 on dev ...
00:36:04 - dev set during evaluation: 10640/10633
00:36:04 - process[5] - dev - epoch 18 - mAP: 0.392 w/ 37 queries
00:36:04 - process[5]: training epoch 19 ...
00:36:13 - process[5] - epoch 19 - train iter 235 - 21661.2 words/s - loss: 0.3637
00:36:13 - process[5]: evaluating epoch 19 on dev ...
00:36:31 - dev set during evaluation: 10640/10633
00:36:31 - process[5] - dev - epoch 19 - mAP: 0.387 w/ 37 queries
00:36:31 - [fold 5] best test MAP: 0.410 @ epoch 17
00:36:31 - [0.5867679273540559, 0.45126638305150657, 0.483787651725409, 0.38126178015277323, 0.4095337373609152]
00:36:31 - [37, 37, 37, 37, 37]
00:36:31 - final MAP: 0.463
