00:00:06 - Namespace(apex_level='O2', batch_size=8, cased=False, dataset='clef', debug=False, encoder_lr=2e-05, eval_step=1, full_doc_length=True, local_rank=9, model_path='/mnt/scratch/puxuan/short_qlm_0.45/2186793/huggingface-14', model_type='mbert', num_epochs=20, num_ft_encoders=3, num_neg=1, projector_lr=2e-05, seed=611, source_lang='de', target_lang='en')
00:00:14 - Evaluating every 1 epochs ...
00:00:14 - reading data from /mnt/home/puxuan/CLIR-project/Evaluation_data/process-clef/uncased
00:00:15 - test has 35 queries ...
00:00:15 - Data reading done ...
00:00:21 - adding 9-th encoder to optimizer...
00:00:21 - adding 10-th encoder to optimizer...
00:00:21 - adding 11-th encoder to optimizer...
00:00:22 - process[9]: training epoch 0 ...
00:00:32 - process[9] - epoch 0 - train iter 197 - 16720.8 words/s - loss: 0.6021
00:00:32 - process[9]: training epoch 1 ...
00:00:44 - process[9] - epoch 1 - train iter 197 - 15648.0 words/s - loss: 0.5425
00:00:44 - process[9]: training epoch 2 ...
00:00:53 - process[9] - epoch 2 - train iter 197 - 19117.0 words/s - loss: 0.4831
00:00:53 - process[9]: training epoch 3 ...
00:01:04 - process[9] - epoch 3 - train iter 197 - 16347.3 words/s - loss: 0.4904
00:01:04 - process[9]: training epoch 4 ...
00:01:14 - process[9] - epoch 4 - train iter 197 - 17047.4 words/s - loss: 0.4581
00:01:14 - process[9]: training epoch 5 ...
00:01:26 - process[9] - epoch 5 - train iter 197 - 15848.9 words/s - loss: 0.4393
00:01:26 - process[9]: training epoch 6 ...
00:01:36 - process[9] - epoch 6 - train iter 197 - 16538.6 words/s - loss: 0.3862
00:01:36 - process[9]: training epoch 7 ...
00:01:47 - process[9] - epoch 7 - train iter 197 - 17753.1 words/s - loss: 0.4392
00:01:47 - process[9]: training epoch 8 ...
00:01:58 - process[9] - epoch 8 - train iter 197 - 15367.2 words/s - loss: 0.4376
00:01:58 - process[9]: training epoch 9 ...
00:02:11 - process[9] - epoch 9 - train iter 197 - 13756.3 words/s - loss: 0.4527
00:02:11 - process[9]: training epoch 10 ...
00:02:22 - process[9] - epoch 10 - train iter 197 - 16464.2 words/s - loss: 0.3409
00:02:22 - process[9]: evaluating epoch 10 on dev ...
00:03:13 - dev set during evaluation: 14160/14157
00:03:13 - process[9] - dev - epoch 10 - mAP: 0.447 w/ 35 queries
00:03:13 - process[9]: evaluating epoch 10 on test ...
00:03:55 - test set during evaluation: 14980/14975
00:03:55 - process[9] - test - epoch 10 - mAP: 0.454 w/ 35 queries
00:03:55 - process[9]: training epoch 11 ...
00:04:06 - process[9] - epoch 11 - train iter 197 - 16240.0 words/s - loss: 0.4744
00:04:06 - process[9]: evaluating epoch 11 on dev ...
00:04:51 - dev set during evaluation: 14160/14157
00:04:51 - process[9] - dev - epoch 11 - mAP: 0.457 w/ 35 queries
00:04:51 - process[9]: evaluating epoch 11 on test ...
00:05:33 - test set during evaluation: 14980/14975
00:05:33 - process[9] - test - epoch 11 - mAP: 0.418 w/ 35 queries
00:05:33 - process[9]: training epoch 12 ...
00:05:44 - process[9] - epoch 12 - train iter 197 - 15216.0 words/s - loss: 0.3763
00:05:44 - process[9]: evaluating epoch 12 on dev ...
00:06:30 - dev set during evaluation: 14160/14157
00:06:30 - process[9] - dev - epoch 12 - mAP: 0.450 w/ 35 queries
00:06:30 - process[9]: training epoch 13 ...
00:06:42 - process[9] - epoch 13 - train iter 197 - 15278.1 words/s - loss: 0.3527
00:06:42 - process[9]: evaluating epoch 13 on dev ...
00:07:26 - dev set during evaluation: 14160/14157
00:07:26 - process[9] - dev - epoch 13 - mAP: 0.467 w/ 35 queries
00:07:26 - process[9]: evaluating epoch 13 on test ...
00:08:08 - test set during evaluation: 14980/14975
00:08:08 - process[9] - test - epoch 13 - mAP: 0.450 w/ 35 queries
00:08:08 - process[9]: training epoch 14 ...
00:08:19 - process[9] - epoch 14 - train iter 197 - 16438.1 words/s - loss: 0.3903
00:08:19 - process[9]: evaluating epoch 14 on dev ...
00:09:04 - dev set during evaluation: 14160/14157
00:09:04 - process[9] - dev - epoch 14 - mAP: 0.475 w/ 35 queries
00:09:04 - process[9]: evaluating epoch 14 on test ...
00:09:46 - test set during evaluation: 14980/14975
00:09:46 - process[9] - test - epoch 14 - mAP: 0.429 w/ 35 queries
00:09:46 - process[9]: training epoch 15 ...
00:09:57 - process[9] - epoch 15 - train iter 197 - 15860.8 words/s - loss: 0.3911
00:09:57 - process[9]: evaluating epoch 15 on dev ...
00:10:41 - dev set during evaluation: 14160/14157
00:10:41 - process[9] - dev - epoch 15 - mAP: 0.424 w/ 35 queries
00:10:41 - process[9]: training epoch 16 ...
00:10:52 - process[9] - epoch 16 - train iter 197 - 17193.3 words/s - loss: 0.3565
00:10:52 - process[9]: evaluating epoch 16 on dev ...
00:11:37 - dev set during evaluation: 14160/14157
00:11:37 - process[9] - dev - epoch 16 - mAP: 0.452 w/ 35 queries
00:11:37 - process[9]: training epoch 17 ...
00:11:50 - process[9] - epoch 17 - train iter 197 - 14539.2 words/s - loss: 0.4063
00:11:50 - process[9]: evaluating epoch 17 on dev ...
00:12:33 - dev set during evaluation: 14160/14157
00:12:33 - process[9] - dev - epoch 17 - mAP: 0.461 w/ 35 queries
00:12:33 - process[9]: training epoch 18 ...
00:12:44 - process[9] - epoch 18 - train iter 197 - 15395.0 words/s - loss: 0.3770
00:12:44 - process[9]: evaluating epoch 18 on dev ...
00:13:28 - dev set during evaluation: 14160/14157
00:13:28 - process[9] - dev - epoch 18 - mAP: 0.452 w/ 35 queries
00:13:28 - process[9]: training epoch 19 ...
00:13:38 - process[9] - epoch 19 - train iter 197 - 16876.0 words/s - loss: 0.3219
00:13:38 - process[9]: evaluating epoch 19 on dev ...
00:14:26 - dev set during evaluation: 14160/14157
00:14:26 - process[9] - dev - epoch 19 - mAP: 0.440 w/ 35 queries
00:14:26 - [fold 1] best test MAP: 0.429 @ epoch 14
00:14:26 - Evaluating every 1 epochs ...
00:14:26 - reading data from /mnt/home/puxuan/CLIR-project/Evaluation_data/process-clef/uncased
00:14:26 - test has 36 queries ...
00:14:26 - Data reading done ...
00:14:27 - adding 9-th encoder to optimizer...
00:14:27 - adding 10-th encoder to optimizer...
00:14:27 - adding 11-th encoder to optimizer...
00:14:28 - process[9]: training epoch 0 ...
00:14:39 - process[9] - epoch 0 - train iter 187 - 15687.3 words/s - loss: 0.6163
00:14:39 - process[9]: training epoch 1 ...
00:14:51 - process[9] - epoch 1 - train iter 187 - 15252.9 words/s - loss: 0.5218
00:14:51 - process[9]: training epoch 2 ...
00:15:01 - process[9] - epoch 2 - train iter 187 - 16883.9 words/s - loss: 0.5300
00:15:01 - process[9]: training epoch 3 ...
00:15:12 - process[9] - epoch 3 - train iter 187 - 15454.0 words/s - loss: 0.4587
00:15:12 - process[9]: training epoch 4 ...
00:15:22 - process[9] - epoch 4 - train iter 187 - 16423.5 words/s - loss: 0.5202
00:15:22 - process[9]: training epoch 5 ...
00:15:32 - process[9] - epoch 5 - train iter 187 - 17889.5 words/s - loss: 0.4753
00:15:32 - process[9]: training epoch 6 ...
00:15:42 - process[9] - epoch 6 - train iter 187 - 16954.3 words/s - loss: 0.4438
00:15:42 - process[9]: training epoch 7 ...
00:15:52 - process[9] - epoch 7 - train iter 187 - 16242.5 words/s - loss: 0.4084
00:15:52 - process[9]: training epoch 8 ...
00:16:02 - process[9] - epoch 8 - train iter 187 - 16214.0 words/s - loss: 0.4298
00:16:02 - process[9]: training epoch 9 ...
00:16:12 - process[9] - epoch 9 - train iter 187 - 18049.0 words/s - loss: 0.4838
00:16:12 - process[9]: training epoch 10 ...
00:16:22 - process[9] - epoch 10 - train iter 187 - 16631.2 words/s - loss: 0.4023
00:16:22 - process[9]: evaluating epoch 10 on dev ...
00:17:02 - dev set during evaluation: 14980/14975
00:17:02 - process[9] - dev - epoch 10 - mAP: 0.414 w/ 35 queries
00:17:02 - process[9]: evaluating epoch 10 on test ...
00:17:46 - test set during evaluation: 15300/15294
00:17:46 - process[9] - test - epoch 10 - mAP: 0.448 w/ 36 queries
00:17:46 - process[9]: training epoch 11 ...
00:17:57 - process[9] - epoch 11 - train iter 187 - 15820.4 words/s - loss: 0.4363
00:17:57 - process[9]: evaluating epoch 11 on dev ...
00:18:37 - dev set during evaluation: 14980/14975
00:18:37 - process[9] - dev - epoch 11 - mAP: 0.414 w/ 35 queries
00:18:37 - process[9]: evaluating epoch 11 on test ...
00:19:20 - test set during evaluation: 15300/15294
00:19:20 - process[9] - test - epoch 11 - mAP: 0.408 w/ 36 queries
00:19:20 - process[9]: training epoch 12 ...
00:19:31 - process[9] - epoch 12 - train iter 187 - 15259.3 words/s - loss: 0.3973
00:19:31 - process[9]: evaluating epoch 12 on dev ...
00:20:12 - dev set during evaluation: 14980/14975
00:20:12 - process[9] - dev - epoch 12 - mAP: 0.444 w/ 35 queries
00:20:12 - process[9]: evaluating epoch 12 on test ...
00:20:55 - test set during evaluation: 15300/15294
00:20:55 - process[9] - test - epoch 12 - mAP: 0.457 w/ 36 queries
00:20:55 - process[9]: training epoch 13 ...
00:21:06 - process[9] - epoch 13 - train iter 187 - 15884.1 words/s - loss: 0.4461
00:21:06 - process[9]: evaluating epoch 13 on dev ...
00:21:47 - dev set during evaluation: 14980/14975
00:21:47 - process[9] - dev - epoch 13 - mAP: 0.414 w/ 35 queries
00:21:47 - process[9]: training epoch 14 ...
00:21:58 - process[9] - epoch 14 - train iter 187 - 15203.0 words/s - loss: 0.3684
00:21:58 - process[9]: evaluating epoch 14 on dev ...
00:22:38 - dev set during evaluation: 14980/14975
00:22:38 - process[9] - dev - epoch 14 - mAP: 0.460 w/ 35 queries
00:22:38 - process[9]: evaluating epoch 14 on test ...
00:23:22 - test set during evaluation: 15300/15294
00:23:22 - process[9] - test - epoch 14 - mAP: 0.441 w/ 36 queries
00:23:22 - process[9]: training epoch 15 ...
00:23:31 - process[9] - epoch 15 - train iter 187 - 17430.6 words/s - loss: 0.3715
00:23:31 - process[9]: evaluating epoch 15 on dev ...
00:24:13 - dev set during evaluation: 14980/14975
00:24:13 - process[9] - dev - epoch 15 - mAP: 0.447 w/ 35 queries
00:24:13 - process[9]: training epoch 16 ...
00:24:22 - process[9] - epoch 16 - train iter 187 - 17995.3 words/s - loss: 0.4238
00:24:22 - process[9]: evaluating epoch 16 on dev ...
00:25:03 - dev set during evaluation: 14980/14975
00:25:03 - process[9] - dev - epoch 16 - mAP: 0.435 w/ 35 queries
00:25:04 - process[9]: training epoch 17 ...
00:25:14 - process[9] - epoch 17 - train iter 187 - 16601.0 words/s - loss: 0.3699
00:25:14 - process[9]: evaluating epoch 17 on dev ...
00:25:54 - dev set during evaluation: 14980/14975
00:25:54 - process[9] - dev - epoch 17 - mAP: 0.451 w/ 35 queries
00:25:54 - process[9]: training epoch 18 ...
00:26:04 - process[9] - epoch 18 - train iter 187 - 17309.8 words/s - loss: 0.3690
00:26:04 - process[9]: evaluating epoch 18 on dev ...
00:26:46 - dev set during evaluation: 14980/14975
00:26:46 - process[9] - dev - epoch 18 - mAP: 0.452 w/ 35 queries
00:26:46 - process[9]: training epoch 19 ...
00:26:56 - process[9] - epoch 19 - train iter 187 - 17577.7 words/s - loss: 0.3710
00:26:56 - process[9]: evaluating epoch 19 on dev ...
00:27:38 - dev set during evaluation: 14980/14975
00:27:38 - process[9] - dev - epoch 19 - mAP: 0.421 w/ 35 queries
00:27:38 - [fold 2] best test MAP: 0.441 @ epoch 14
00:27:38 - Evaluating every 1 epochs ...
00:27:38 - reading data from /mnt/home/puxuan/CLIR-project/Evaluation_data/process-clef/uncased
00:27:38 - test has 35 queries ...
00:27:38 - Data reading done ...
00:27:40 - adding 9-th encoder to optimizer...
00:27:40 - adding 10-th encoder to optimizer...
00:27:40 - adding 11-th encoder to optimizer...
00:27:40 - process[9]: training epoch 0 ...
00:27:51 - process[9] - epoch 0 - train iter 196 - 15751.6 words/s - loss: 0.6135
00:27:51 - process[9]: training epoch 1 ...
00:28:02 - process[9] - epoch 1 - train iter 196 - 17130.1 words/s - loss: 0.5356
00:28:02 - process[9]: training epoch 2 ...
00:28:12 - process[9] - epoch 2 - train iter 196 - 16912.3 words/s - loss: 0.5286
00:28:12 - process[9]: training epoch 3 ...
00:28:24 - process[9] - epoch 3 - train iter 196 - 14656.1 words/s - loss: 0.5049
00:28:24 - process[9]: training epoch 4 ...
00:28:35 - process[9] - epoch 4 - train iter 196 - 16317.7 words/s - loss: 0.4661
00:28:35 - process[9]: training epoch 5 ...
00:28:45 - process[9] - epoch 5 - train iter 196 - 16809.2 words/s - loss: 0.4363
00:28:45 - process[9]: training epoch 6 ...
00:28:55 - process[9] - epoch 6 - train iter 196 - 18566.2 words/s - loss: 0.4506
00:28:55 - process[9]: training epoch 7 ...
00:29:06 - process[9] - epoch 7 - train iter 196 - 15925.8 words/s - loss: 0.4044
00:29:06 - process[9]: training epoch 8 ...
00:29:16 - process[9] - epoch 8 - train iter 196 - 17730.6 words/s - loss: 0.4480
00:29:16 - process[9]: training epoch 9 ...
00:29:26 - process[9] - epoch 9 - train iter 196 - 16904.5 words/s - loss: 0.4330
00:29:26 - process[9]: training epoch 10 ...
00:29:37 - process[9] - epoch 10 - train iter 196 - 17234.0 words/s - loss: 0.4304
00:29:37 - process[9]: evaluating epoch 10 on dev ...
00:30:22 - dev set during evaluation: 15300/15294
00:30:22 - process[9] - dev - epoch 10 - mAP: 0.472 w/ 36 queries
00:30:22 - process[9]: evaluating epoch 10 on test ...
00:31:04 - test set during evaluation: 15480/15477
00:31:04 - process[9] - test - epoch 10 - mAP: 0.431 w/ 35 queries
00:31:04 - process[9]: training epoch 11 ...
00:31:15 - process[9] - epoch 11 - train iter 196 - 16360.4 words/s - loss: 0.4058
00:31:15 - process[9]: evaluating epoch 11 on dev ...
00:31:58 - dev set during evaluation: 15300/15294
00:31:58 - process[9] - dev - epoch 11 - mAP: 0.489 w/ 36 queries
00:31:58 - process[9]: evaluating epoch 11 on test ...
00:32:40 - test set during evaluation: 15480/15477
00:32:40 - process[9] - test - epoch 11 - mAP: 0.429 w/ 35 queries
00:32:40 - process[9]: training epoch 12 ...
00:32:50 - process[9] - epoch 12 - train iter 196 - 17109.2 words/s - loss: 0.4104
00:32:50 - process[9]: evaluating epoch 12 on dev ...
00:33:33 - dev set during evaluation: 15300/15294
00:33:33 - process[9] - dev - epoch 12 - mAP: 0.477 w/ 36 queries
00:33:33 - process[9]: training epoch 13 ...
00:33:44 - process[9] - epoch 13 - train iter 196 - 16792.0 words/s - loss: 0.4032
00:33:44 - process[9]: evaluating epoch 13 on dev ...
00:34:27 - dev set during evaluation: 15300/15294
00:34:27 - process[9] - dev - epoch 13 - mAP: 0.459 w/ 36 queries
00:34:27 - process[9]: training epoch 14 ...
00:34:37 - process[9] - epoch 14 - train iter 196 - 17840.1 words/s - loss: 0.3993
00:34:37 - process[9]: evaluating epoch 14 on dev ...
00:35:20 - dev set during evaluation: 15300/15294
00:35:20 - process[9] - dev - epoch 14 - mAP: 0.454 w/ 36 queries
00:35:20 - process[9]: training epoch 15 ...
00:35:30 - process[9] - epoch 15 - train iter 196 - 18910.5 words/s - loss: 0.4165
00:35:30 - process[9]: evaluating epoch 15 on dev ...
00:36:13 - dev set during evaluation: 15300/15294
00:36:13 - process[9] - dev - epoch 15 - mAP: 0.477 w/ 36 queries
00:36:13 - process[9]: training epoch 16 ...
00:36:23 - process[9] - epoch 16 - train iter 196 - 18079.3 words/s - loss: 0.4065
00:36:23 - process[9]: evaluating epoch 16 on dev ...
00:37:05 - dev set during evaluation: 15300/15294
00:37:05 - process[9] - dev - epoch 16 - mAP: 0.464 w/ 36 queries
00:37:05 - process[9]: training epoch 17 ...
00:37:15 - process[9] - epoch 17 - train iter 196 - 18382.8 words/s - loss: 0.3945
00:37:15 - process[9]: evaluating epoch 17 on dev ...
00:37:58 - dev set during evaluation: 15300/15294
00:37:58 - process[9] - dev - epoch 17 - mAP: 0.470 w/ 36 queries
00:37:58 - process[9]: training epoch 18 ...
00:38:08 - process[9] - epoch 18 - train iter 196 - 19161.8 words/s - loss: 0.3772
00:38:08 - process[9]: evaluating epoch 18 on dev ...
00:38:52 - dev set during evaluation: 15300/15294
00:38:52 - process[9] - dev - epoch 18 - mAP: 0.465 w/ 36 queries
00:38:52 - process[9]: training epoch 19 ...
00:39:02 - process[9] - epoch 19 - train iter 196 - 17792.7 words/s - loss: 0.3569
00:39:02 - process[9]: evaluating epoch 19 on dev ...
00:39:45 - dev set during evaluation: 15300/15294
00:39:45 - process[9] - dev - epoch 19 - mAP: 0.463 w/ 36 queries
00:39:45 - [fold 3] best test MAP: 0.429 @ epoch 11
00:39:45 - Evaluating every 1 epochs ...
00:39:45 - reading data from /mnt/home/puxuan/CLIR-project/Evaluation_data/process-clef/uncased
00:39:46 - test has 35 queries ...
00:39:46 - Data reading done ...
00:39:47 - adding 9-th encoder to optimizer...
00:39:47 - adding 10-th encoder to optimizer...
00:39:47 - adding 11-th encoder to optimizer...
00:39:48 - process[9]: training epoch 0 ...
00:39:58 - process[9] - epoch 0 - train iter 207 - 19045.8 words/s - loss: 0.6137
00:39:58 - process[9]: training epoch 1 ...
00:40:08 - process[9] - epoch 1 - train iter 207 - 18103.6 words/s - loss: 0.5206
00:40:08 - process[9]: training epoch 2 ...
00:40:19 - process[9] - epoch 2 - train iter 207 - 17134.6 words/s - loss: 0.4730
00:40:19 - process[9]: training epoch 3 ...
00:40:31 - process[9] - epoch 3 - train iter 207 - 16332.9 words/s - loss: 0.4456
00:40:31 - process[9]: training epoch 4 ...
00:40:43 - process[9] - epoch 4 - train iter 207 - 15067.7 words/s - loss: 0.4756
00:40:43 - process[9]: training epoch 5 ...
00:40:54 - process[9] - epoch 5 - train iter 207 - 16762.2 words/s - loss: 0.4307
00:40:54 - process[9]: training epoch 6 ...
00:41:05 - process[9] - epoch 6 - train iter 207 - 17672.4 words/s - loss: 0.4244
00:41:05 - process[9]: training epoch 7 ...
00:41:16 - process[9] - epoch 7 - train iter 207 - 17600.7 words/s - loss: 0.4241
00:41:16 - process[9]: training epoch 8 ...
00:41:27 - process[9] - epoch 8 - train iter 207 - 16468.2 words/s - loss: 0.3812
00:41:27 - process[9]: training epoch 9 ...
00:41:39 - process[9] - epoch 9 - train iter 207 - 16551.6 words/s - loss: 0.3768
00:41:39 - process[9]: training epoch 10 ...
00:41:50 - process[9] - epoch 10 - train iter 207 - 15967.3 words/s - loss: 0.3793
00:41:50 - process[9]: evaluating epoch 10 on dev ...
00:42:38 - dev set during evaluation: 15480/15477
00:42:38 - process[9] - dev - epoch 10 - mAP: 0.392 w/ 35 queries
00:42:38 - process[9]: evaluating epoch 10 on test ...
00:43:20 - test set during evaluation: 14470/14463
00:43:20 - process[9] - test - epoch 10 - mAP: 0.394 w/ 35 queries
00:43:20 - process[9]: training epoch 11 ...
00:43:31 - process[9] - epoch 11 - train iter 207 - 16665.3 words/s - loss: 0.4152
00:43:31 - process[9]: evaluating epoch 11 on dev ...
00:44:13 - dev set during evaluation: 15480/15477
00:44:13 - process[9] - dev - epoch 11 - mAP: 0.403 w/ 35 queries
00:44:13 - process[9]: evaluating epoch 11 on test ...
00:44:56 - test set during evaluation: 14470/14463
00:44:56 - process[9] - test - epoch 11 - mAP: 0.394 w/ 35 queries
00:44:56 - process[9]: training epoch 12 ...
00:45:07 - process[9] - epoch 12 - train iter 207 - 17745.6 words/s - loss: 0.3963
00:45:07 - process[9]: evaluating epoch 12 on dev ...
00:45:50 - dev set during evaluation: 15480/15477
00:45:50 - process[9] - dev - epoch 12 - mAP: 0.387 w/ 35 queries
00:45:50 - process[9]: training epoch 13 ...
00:46:00 - process[9] - epoch 13 - train iter 207 - 18070.9 words/s - loss: 0.3700
00:46:00 - process[9]: evaluating epoch 13 on dev ...
00:46:44 - dev set during evaluation: 15480/15477
00:46:44 - process[9] - dev - epoch 13 - mAP: 0.382 w/ 35 queries
00:46:44 - process[9]: training epoch 14 ...
00:46:54 - process[9] - epoch 14 - train iter 207 - 18071.3 words/s - loss: 0.3450
00:46:54 - process[9]: evaluating epoch 14 on dev ...
00:47:38 - dev set during evaluation: 15480/15477
00:47:38 - process[9] - dev - epoch 14 - mAP: 0.411 w/ 35 queries
00:47:38 - process[9]: evaluating epoch 14 on test ...
00:48:20 - test set during evaluation: 14470/14463
00:48:20 - process[9] - test - epoch 14 - mAP: 0.383 w/ 35 queries
00:48:20 - process[9]: training epoch 15 ...
00:48:32 - process[9] - epoch 15 - train iter 207 - 15170.1 words/s - loss: 0.3630
00:48:32 - process[9]: evaluating epoch 15 on dev ...
00:49:13 - dev set during evaluation: 15480/15477
00:49:13 - process[9] - dev - epoch 15 - mAP: 0.365 w/ 35 queries
00:49:13 - process[9]: training epoch 16 ...
00:49:23 - process[9] - epoch 16 - train iter 207 - 17681.7 words/s - loss: 0.3753
00:49:23 - process[9]: evaluating epoch 16 on dev ...
00:50:07 - dev set during evaluation: 15480/15477
00:50:07 - process[9] - dev - epoch 16 - mAP: 0.412 w/ 35 queries
00:50:07 - process[9]: evaluating epoch 16 on test ...
00:50:49 - test set during evaluation: 14470/14463
00:50:49 - process[9] - test - epoch 16 - mAP: 0.390 w/ 35 queries
00:50:49 - process[9]: training epoch 17 ...
00:51:00 - process[9] - epoch 17 - train iter 207 - 18057.4 words/s - loss: 0.3801
00:51:00 - process[9]: evaluating epoch 17 on dev ...
00:51:44 - dev set during evaluation: 15480/15477
00:51:44 - process[9] - dev - epoch 17 - mAP: 0.437 w/ 35 queries
00:51:44 - process[9]: evaluating epoch 17 on test ...
00:52:26 - test set during evaluation: 14470/14463
00:52:26 - process[9] - test - epoch 17 - mAP: 0.400 w/ 35 queries
00:52:26 - process[9]: training epoch 18 ...
00:52:37 - process[9] - epoch 18 - train iter 207 - 17327.7 words/s - loss: 0.3758
00:52:37 - process[9]: evaluating epoch 18 on dev ...
00:53:20 - dev set during evaluation: 15480/15477
00:53:20 - process[9] - dev - epoch 18 - mAP: 0.430 w/ 35 queries
00:53:20 - process[9]: training epoch 19 ...
00:53:31 - process[9] - epoch 19 - train iter 207 - 17447.3 words/s - loss: 0.4027
00:53:31 - process[9]: evaluating epoch 19 on dev ...
00:54:14 - dev set during evaluation: 15480/15477
00:54:14 - process[9] - dev - epoch 19 - mAP: 0.419 w/ 35 queries
00:54:14 - [fold 4] best test MAP: 0.400 @ epoch 17
00:54:14 - Evaluating every 1 epochs ...
00:54:14 - reading data from /mnt/home/puxuan/CLIR-project/Evaluation_data/process-clef/uncased
00:54:14 - test has 35 queries ...
00:54:14 - Data reading done ...
00:54:16 - adding 9-th encoder to optimizer...
00:54:16 - adding 10-th encoder to optimizer...
00:54:16 - adding 11-th encoder to optimizer...
00:54:16 - process[9]: training epoch 0 ...
00:54:26 - process[9] - epoch 0 - train iter 195 - 18119.2 words/s - loss: 0.5952
00:54:26 - process[9]: training epoch 1 ...
00:54:38 - process[9] - epoch 1 - train iter 195 - 15125.0 words/s - loss: 0.4890
00:54:38 - process[9]: training epoch 2 ...
00:54:48 - process[9] - epoch 2 - train iter 195 - 17007.1 words/s - loss: 0.4801
00:54:48 - process[9]: training epoch 3 ...
00:54:59 - process[9] - epoch 3 - train iter 195 - 15117.1 words/s - loss: 0.4834
00:54:59 - process[9]: training epoch 4 ...
00:55:10 - process[9] - epoch 4 - train iter 195 - 16440.5 words/s - loss: 0.4125
00:55:10 - process[9]: training epoch 5 ...
00:55:20 - process[9] - epoch 5 - train iter 195 - 16570.5 words/s - loss: 0.3795
00:55:20 - process[9]: training epoch 6 ...
00:55:31 - process[9] - epoch 6 - train iter 195 - 16470.6 words/s - loss: 0.4689
00:55:31 - process[9]: training epoch 7 ...
00:55:41 - process[9] - epoch 7 - train iter 195 - 16782.7 words/s - loss: 0.4229
00:55:41 - process[9]: training epoch 8 ...
00:55:52 - process[9] - epoch 8 - train iter 195 - 15551.0 words/s - loss: 0.4353
00:55:52 - process[9]: training epoch 9 ...
00:56:04 - process[9] - epoch 9 - train iter 195 - 15153.7 words/s - loss: 0.3983
00:56:04 - process[9]: training epoch 10 ...
00:56:14 - process[9] - epoch 10 - train iter 195 - 17039.4 words/s - loss: 0.3534
00:56:14 - process[9]: evaluating epoch 10 on dev ...
00:57:02 - dev set during evaluation: 14470/14463
00:57:02 - process[9] - dev - epoch 10 - mAP: 0.394 w/ 35 queries
00:57:02 - process[9]: evaluating epoch 10 on test ...
00:57:48 - test set during evaluation: 14160/14157
00:57:48 - process[9] - test - epoch 10 - mAP: 0.466 w/ 35 queries
00:57:48 - process[9]: training epoch 11 ...
00:57:59 - process[9] - epoch 11 - train iter 195 - 16033.4 words/s - loss: 0.3420
00:57:59 - process[9]: evaluating epoch 11 on dev ...
00:58:42 - dev set during evaluation: 14470/14463
00:58:43 - process[9] - dev - epoch 11 - mAP: 0.429 w/ 35 queries
00:58:43 - process[9]: evaluating epoch 11 on test ...
00:59:28 - test set during evaluation: 14160/14157
00:59:28 - process[9] - test - epoch 11 - mAP: 0.457 w/ 35 queries
00:59:28 - process[9]: training epoch 12 ...
00:59:39 - process[9] - epoch 12 - train iter 195 - 15738.8 words/s - loss: 0.4310
00:59:39 - process[9]: evaluating epoch 12 on dev ...
01:00:21 - dev set during evaluation: 14470/14463
01:00:21 - process[9] - dev - epoch 12 - mAP: 0.399 w/ 35 queries
01:00:21 - process[9]: training epoch 13 ...
01:00:32 - process[9] - epoch 13 - train iter 195 - 15756.4 words/s - loss: 0.4046
01:00:32 - process[9]: evaluating epoch 13 on dev ...
01:01:15 - dev set during evaluation: 14470/14463
01:01:15 - process[9] - dev - epoch 13 - mAP: 0.425 w/ 35 queries
01:01:15 - process[9]: training epoch 14 ...
01:01:25 - process[9] - epoch 14 - train iter 195 - 17674.6 words/s - loss: 0.3763
01:01:25 - process[9]: evaluating epoch 14 on dev ...
01:02:09 - dev set during evaluation: 14470/14463
01:02:09 - process[9] - dev - epoch 14 - mAP: 0.407 w/ 35 queries
01:02:09 - process[9]: training epoch 15 ...
01:02:20 - process[9] - epoch 15 - train iter 195 - 15651.0 words/s - loss: 0.3069
01:02:20 - process[9]: evaluating epoch 15 on dev ...
01:03:01 - dev set during evaluation: 14470/14463
01:03:01 - process[9] - dev - epoch 15 - mAP: 0.411 w/ 35 queries
01:03:01 - process[9]: training epoch 16 ...
01:03:13 - process[9] - epoch 16 - train iter 195 - 15461.1 words/s - loss: 0.3091
01:03:13 - process[9]: evaluating epoch 16 on dev ...
01:03:55 - dev set during evaluation: 14470/14463
01:03:55 - process[9] - dev - epoch 16 - mAP: 0.419 w/ 35 queries
01:03:55 - process[9]: training epoch 17 ...
01:04:05 - process[9] - epoch 17 - train iter 195 - 17685.1 words/s - loss: 0.3464
01:04:05 - process[9]: evaluating epoch 17 on dev ...
01:04:49 - dev set during evaluation: 14470/14463
01:04:49 - process[9] - dev - epoch 17 - mAP: 0.434 w/ 35 queries
01:04:49 - process[9]: evaluating epoch 17 on test ...
01:05:34 - test set during evaluation: 14160/14157
01:05:34 - process[9] - test - epoch 17 - mAP: 0.441 w/ 35 queries
01:05:34 - process[9]: training epoch 18 ...
01:05:46 - process[9] - epoch 18 - train iter 195 - 15018.0 words/s - loss: 0.3790
01:05:46 - process[9]: evaluating epoch 18 on dev ...
01:06:27 - dev set during evaluation: 14470/14463
01:06:27 - process[9] - dev - epoch 18 - mAP: 0.427 w/ 35 queries
01:06:27 - process[9]: training epoch 19 ...
01:06:37 - process[9] - epoch 19 - train iter 195 - 16763.0 words/s - loss: 0.3433
01:06:37 - process[9]: evaluating epoch 19 on dev ...
01:07:20 - dev set during evaluation: 14470/14463
01:07:20 - process[9] - dev - epoch 19 - mAP: 0.431 w/ 35 queries
01:07:20 - [fold 5] best test MAP: 0.441 @ epoch 17
01:07:20 - [0.4294079156718302, 0.44076533236755305, 0.42907763380033515, 0.4004965447533981, 0.4406830990843699]
01:07:20 - [35, 36, 35, 35, 35]
01:07:20 - final MAP: 0.428
