00:00:06 - Namespace(apex_level='O2', batch_size=8, cased=False, dataset='clef', debug=False, encoder_lr=2e-05, eval_step=1, full_doc_length=True, local_rank=6, model_path='/mnt/scratch/puxuan/short_rr/2186734/huggingface-4', model_type='mbert', num_epochs=20, num_ft_encoders=3, num_neg=1, projector_lr=2e-05, seed=611, source_lang='fr', target_lang='de')
00:00:22 - Evaluating every 1 epochs ...
00:00:22 - reading data from /mnt/home/puxuan/CLIR-project/Evaluation_data/process-clef/uncased
00:00:23 - test has 38 queries ...
00:00:23 - Data reading done ...
00:00:30 - adding 9-th encoder to optimizer...
00:00:30 - adding 10-th encoder to optimizer...
00:00:30 - adding 11-th encoder to optimizer...
00:00:31 - process[6]: training epoch 0 ...
00:00:48 - process[6] - epoch 0 - train iter 423 - 19397.5 words/s - loss: 0.5703
00:00:48 - process[6]: training epoch 1 ...
00:01:04 - process[6] - epoch 1 - train iter 423 - 21226.8 words/s - loss: 0.5347
00:01:04 - process[6]: training epoch 2 ...
00:01:20 - process[6] - epoch 2 - train iter 423 - 20198.4 words/s - loss: 0.4837
00:01:20 - process[6]: training epoch 3 ...
00:01:38 - process[6] - epoch 3 - train iter 423 - 19548.1 words/s - loss: 0.4401
00:01:38 - process[6]: training epoch 4 ...
00:01:54 - process[6] - epoch 4 - train iter 423 - 20134.0 words/s - loss: 0.4270
00:01:54 - process[6]: training epoch 5 ...
00:02:10 - process[6] - epoch 5 - train iter 423 - 21108.3 words/s - loss: 0.4431
00:02:10 - process[6]: training epoch 6 ...
00:02:27 - process[6] - epoch 6 - train iter 423 - 19734.8 words/s - loss: 0.4473
00:02:27 - process[6]: training epoch 7 ...
00:02:43 - process[6] - epoch 7 - train iter 423 - 20574.8 words/s - loss: 0.4220
00:02:43 - process[6]: training epoch 8 ...
00:03:00 - process[6] - epoch 8 - train iter 423 - 20601.4 words/s - loss: 0.3938
00:03:00 - process[6]: training epoch 9 ...
00:03:16 - process[6] - epoch 9 - train iter 423 - 21458.2 words/s - loss: 0.4412
00:03:16 - process[6]: training epoch 10 ...
00:03:33 - process[6] - epoch 10 - train iter 423 - 19904.0 words/s - loss: 0.4414
00:03:33 - process[6]: evaluating epoch 10 on dev ...
00:04:01 - dev set during evaluation: 13890/13887
00:04:01 - process[6] - dev - epoch 10 - mAP: 0.508 w/ 38 queries
00:04:01 - process[6]: evaluating epoch 10 on test ...
00:04:31 - test set during evaluation: 15580/15574
00:04:31 - process[6] - test - epoch 10 - mAP: 0.440 w/ 38 queries
00:04:31 - process[6]: training epoch 11 ...
00:04:47 - process[6] - epoch 11 - train iter 423 - 21504.2 words/s - loss: 0.4214
00:04:47 - process[6]: evaluating epoch 11 on dev ...
00:05:16 - dev set during evaluation: 13890/13887
00:05:16 - process[6] - dev - epoch 11 - mAP: 0.492 w/ 38 queries
00:05:16 - process[6]: training epoch 12 ...
00:05:33 - process[6] - epoch 12 - train iter 423 - 20110.3 words/s - loss: 0.3998
00:05:33 - process[6]: evaluating epoch 12 on dev ...
00:06:02 - dev set during evaluation: 13890/13887
00:06:02 - process[6] - dev - epoch 12 - mAP: 0.518 w/ 38 queries
00:06:02 - process[6]: evaluating epoch 12 on test ...
00:06:32 - test set during evaluation: 15580/15574
00:06:32 - process[6] - test - epoch 12 - mAP: 0.435 w/ 38 queries
00:06:32 - process[6]: training epoch 13 ...
00:06:49 - process[6] - epoch 13 - train iter 423 - 19644.4 words/s - loss: 0.3993
00:06:49 - process[6]: evaluating epoch 13 on dev ...
00:07:20 - dev set during evaluation: 13890/13887
00:07:20 - process[6] - dev - epoch 13 - mAP: 0.521 w/ 38 queries
00:07:20 - process[6]: evaluating epoch 13 on test ...
00:07:50 - test set during evaluation: 15580/15574
00:07:51 - process[6] - test - epoch 13 - mAP: 0.448 w/ 38 queries
00:07:51 - process[6]: training epoch 14 ...
00:08:07 - process[6] - epoch 14 - train iter 423 - 20371.1 words/s - loss: 0.3781
00:08:07 - process[6]: evaluating epoch 14 on dev ...
00:08:36 - dev set during evaluation: 13890/13887
00:08:36 - process[6] - dev - epoch 14 - mAP: 0.522 w/ 38 queries
00:08:36 - process[6]: evaluating epoch 14 on test ...
00:09:06 - test set during evaluation: 15580/15574
00:09:06 - process[6] - test - epoch 14 - mAP: 0.466 w/ 38 queries
00:09:06 - process[6]: training epoch 15 ...
00:09:23 - process[6] - epoch 15 - train iter 423 - 19359.8 words/s - loss: 0.3847
00:09:23 - process[6]: evaluating epoch 15 on dev ...
00:09:53 - dev set during evaluation: 13890/13887
00:09:53 - process[6] - dev - epoch 15 - mAP: 0.511 w/ 38 queries
00:09:53 - process[6]: training epoch 16 ...
00:10:09 - process[6] - epoch 16 - train iter 423 - 21616.8 words/s - loss: 0.3902
00:10:09 - process[6]: evaluating epoch 16 on dev ...
00:10:40 - dev set during evaluation: 13890/13887
00:10:40 - process[6] - dev - epoch 16 - mAP: 0.527 w/ 38 queries
00:10:40 - process[6]: evaluating epoch 16 on test ...
00:11:10 - test set during evaluation: 15580/15574
00:11:10 - process[6] - test - epoch 16 - mAP: 0.437 w/ 38 queries
00:11:10 - process[6]: training epoch 17 ...
00:11:26 - process[6] - epoch 17 - train iter 423 - 21503.9 words/s - loss: 0.3613
00:11:26 - process[6]: evaluating epoch 17 on dev ...
00:11:56 - dev set during evaluation: 13890/13887
00:11:56 - process[6] - dev - epoch 17 - mAP: 0.506 w/ 38 queries
00:11:56 - process[6]: training epoch 18 ...
00:12:11 - process[6] - epoch 18 - train iter 423 - 22324.9 words/s - loss: 0.3961
00:12:11 - process[6]: evaluating epoch 18 on dev ...
00:12:40 - dev set during evaluation: 13890/13887
00:12:40 - process[6] - dev - epoch 18 - mAP: 0.535 w/ 38 queries
00:12:40 - process[6]: evaluating epoch 18 on test ...
00:13:13 - test set during evaluation: 15580/15574
00:13:13 - process[6] - test - epoch 18 - mAP: 0.464 w/ 38 queries
00:13:13 - process[6]: training epoch 19 ...
00:13:29 - process[6] - epoch 19 - train iter 423 - 20507.6 words/s - loss: 0.3835
00:13:29 - process[6]: evaluating epoch 19 on dev ...
00:13:58 - dev set during evaluation: 13890/13887
00:13:58 - process[6] - dev - epoch 19 - mAP: 0.503 w/ 38 queries
00:13:58 - [fold 1] best test MAP: 0.464 @ epoch 18
00:13:58 - Evaluating every 1 epochs ...
00:13:58 - reading data from /mnt/home/puxuan/CLIR-project/Evaluation_data/process-clef/uncased
00:13:58 - test has 39 queries ...
00:13:58 - Data reading done ...
00:14:00 - adding 9-th encoder to optimizer...
00:14:00 - adding 10-th encoder to optimizer...
00:14:00 - adding 11-th encoder to optimizer...
00:14:00 - process[6]: training epoch 0 ...
00:14:19 - process[6] - epoch 0 - train iter 386 - 16389.9 words/s - loss: 0.5528
00:14:19 - process[6]: training epoch 1 ...
00:14:37 - process[6] - epoch 1 - train iter 386 - 16915.5 words/s - loss: 0.5268
00:14:37 - process[6]: training epoch 2 ...
00:14:53 - process[6] - epoch 2 - train iter 386 - 19624.7 words/s - loss: 0.4733
00:14:53 - process[6]: training epoch 3 ...
00:15:12 - process[6] - epoch 3 - train iter 386 - 15475.4 words/s - loss: 0.4194
00:15:12 - process[6]: training epoch 4 ...
00:15:29 - process[6] - epoch 4 - train iter 386 - 18382.2 words/s - loss: 0.4870
00:15:29 - process[6]: training epoch 5 ...
00:15:46 - process[6] - epoch 5 - train iter 386 - 17366.0 words/s - loss: 0.4486
00:15:46 - process[6]: training epoch 6 ...
00:16:05 - process[6] - epoch 6 - train iter 386 - 16721.0 words/s - loss: 0.4722
00:16:05 - process[6]: training epoch 7 ...
00:16:23 - process[6] - epoch 7 - train iter 386 - 17181.8 words/s - loss: 0.4110
00:16:23 - process[6]: training epoch 8 ...
00:16:42 - process[6] - epoch 8 - train iter 386 - 15776.1 words/s - loss: 0.4145
00:16:42 - process[6]: training epoch 9 ...
00:16:59 - process[6] - epoch 9 - train iter 386 - 17401.9 words/s - loss: 0.4198
00:16:59 - process[6]: training epoch 10 ...
00:17:17 - process[6] - epoch 10 - train iter 386 - 16874.9 words/s - loss: 0.4473
00:17:17 - process[6]: evaluating epoch 10 on dev ...
00:17:54 - dev set during evaluation: 15580/15574
00:17:54 - process[6] - dev - epoch 10 - mAP: 0.451 w/ 38 queries
00:17:54 - process[6]: evaluating epoch 10 on test ...
00:18:27 - test set during evaluation: 14340/14338
00:18:27 - process[6] - test - epoch 10 - mAP: 0.492 w/ 39 queries
00:18:27 - process[6]: training epoch 11 ...
00:18:44 - process[6] - epoch 11 - train iter 386 - 17844.3 words/s - loss: 0.4323
00:18:44 - process[6]: evaluating epoch 11 on dev ...
00:19:22 - dev set during evaluation: 15580/15574
00:19:22 - process[6] - dev - epoch 11 - mAP: 0.451 w/ 38 queries
00:19:22 - process[6]: evaluating epoch 11 on test ...
00:19:54 - test set during evaluation: 14340/14338
00:19:54 - process[6] - test - epoch 11 - mAP: 0.502 w/ 39 queries
00:19:54 - process[6]: training epoch 12 ...
00:20:13 - process[6] - epoch 12 - train iter 386 - 16235.5 words/s - loss: 0.4164
00:20:13 - process[6]: evaluating epoch 12 on dev ...
00:20:48 - dev set during evaluation: 15580/15574
00:20:48 - process[6] - dev - epoch 12 - mAP: 0.459 w/ 38 queries
00:20:48 - process[6]: evaluating epoch 12 on test ...
00:21:21 - test set during evaluation: 14340/14338
00:21:21 - process[6] - test - epoch 12 - mAP: 0.496 w/ 39 queries
00:21:21 - process[6]: training epoch 13 ...
00:21:38 - process[6] - epoch 13 - train iter 386 - 17820.8 words/s - loss: 0.3809
00:21:38 - process[6]: evaluating epoch 13 on dev ...
00:22:16 - dev set during evaluation: 15580/15574
00:22:16 - process[6] - dev - epoch 13 - mAP: 0.450 w/ 38 queries
00:22:16 - process[6]: training epoch 14 ...
00:22:35 - process[6] - epoch 14 - train iter 386 - 15349.0 words/s - loss: 0.4293
00:22:35 - process[6]: evaluating epoch 14 on dev ...
00:23:10 - dev set during evaluation: 15580/15574
00:23:10 - process[6] - dev - epoch 14 - mAP: 0.445 w/ 38 queries
00:23:10 - process[6]: training epoch 15 ...
00:23:29 - process[6] - epoch 15 - train iter 386 - 16081.4 words/s - loss: 0.3729
00:23:29 - process[6]: evaluating epoch 15 on dev ...
00:24:07 - dev set during evaluation: 15580/15574
00:24:07 - process[6] - dev - epoch 15 - mAP: 0.454 w/ 38 queries
00:24:07 - process[6]: training epoch 16 ...
00:24:25 - process[6] - epoch 16 - train iter 386 - 16802.6 words/s - loss: 0.3786
00:24:25 - process[6]: evaluating epoch 16 on dev ...
00:25:05 - dev set during evaluation: 15580/15574
00:25:05 - process[6] - dev - epoch 16 - mAP: 0.447 w/ 38 queries
00:25:05 - process[6]: training epoch 17 ...
00:25:22 - process[6] - epoch 17 - train iter 386 - 16981.8 words/s - loss: 0.4027
00:25:22 - process[6]: evaluating epoch 17 on dev ...
00:25:58 - dev set during evaluation: 15580/15574
00:25:58 - process[6] - dev - epoch 17 - mAP: 0.435 w/ 38 queries
00:25:58 - process[6]: training epoch 18 ...
00:26:17 - process[6] - epoch 18 - train iter 386 - 16766.1 words/s - loss: 0.3776
00:26:17 - process[6]: evaluating epoch 18 on dev ...
00:26:52 - dev set during evaluation: 15580/15574
00:26:52 - process[6] - dev - epoch 18 - mAP: 0.445 w/ 38 queries
00:26:52 - process[6]: training epoch 19 ...
00:27:10 - process[6] - epoch 19 - train iter 386 - 17410.7 words/s - loss: 0.3422
00:27:10 - process[6]: evaluating epoch 19 on dev ...
00:27:46 - dev set during evaluation: 15580/15574
00:27:46 - process[6] - dev - epoch 19 - mAP: 0.434 w/ 38 queries
00:27:46 - [fold 2] best test MAP: 0.496 @ epoch 12
00:27:46 - Evaluating every 1 epochs ...
00:27:46 - reading data from /mnt/home/puxuan/CLIR-project/Evaluation_data/process-clef/uncased
00:27:47 - test has 39 queries ...
00:27:47 - Data reading done ...
00:27:48 - adding 9-th encoder to optimizer...
00:27:48 - adding 10-th encoder to optimizer...
00:27:48 - adding 11-th encoder to optimizer...
00:27:49 - process[6]: training epoch 0 ...
00:28:07 - process[6] - epoch 0 - train iter 360 - 16260.4 words/s - loss: 0.5813
00:28:07 - process[6]: training epoch 1 ...
00:28:24 - process[6] - epoch 1 - train iter 360 - 15862.5 words/s - loss: 0.5051
00:28:24 - process[6]: training epoch 2 ...
00:28:42 - process[6] - epoch 2 - train iter 360 - 16014.9 words/s - loss: 0.5272
00:28:42 - process[6]: training epoch 3 ...
00:28:59 - process[6] - epoch 3 - train iter 360 - 16862.4 words/s - loss: 0.4020
00:28:59 - process[6]: training epoch 4 ...
00:29:17 - process[6] - epoch 4 - train iter 360 - 15676.4 words/s - loss: 0.4407
00:29:17 - process[6]: training epoch 5 ...
00:29:35 - process[6] - epoch 5 - train iter 360 - 15888.9 words/s - loss: 0.4730
00:29:35 - process[6]: training epoch 6 ...
00:29:53 - process[6] - epoch 6 - train iter 360 - 15624.7 words/s - loss: 0.4439
00:29:53 - process[6]: training epoch 7 ...
00:30:12 - process[6] - epoch 7 - train iter 360 - 14906.4 words/s - loss: 0.4350
00:30:12 - process[6]: training epoch 8 ...
00:30:30 - process[6] - epoch 8 - train iter 360 - 15613.8 words/s - loss: 0.4078
00:30:30 - process[6]: training epoch 9 ...
00:30:47 - process[6] - epoch 9 - train iter 360 - 17050.6 words/s - loss: 0.4082
00:30:47 - process[6]: training epoch 10 ...
00:31:05 - process[6] - epoch 10 - train iter 360 - 16578.8 words/s - loss: 0.4384
00:31:05 - process[6]: evaluating epoch 10 on dev ...
00:31:39 - dev set during evaluation: 14340/14338
00:31:39 - process[6] - dev - epoch 10 - mAP: 0.494 w/ 39 queries
00:31:39 - process[6]: evaluating epoch 10 on test ...
00:32:08 - test set during evaluation: 11710/11707
00:32:08 - process[6] - test - epoch 10 - mAP: 0.555 w/ 39 queries
00:32:08 - process[6]: training epoch 11 ...
00:32:25 - process[6] - epoch 11 - train iter 360 - 17339.0 words/s - loss: 0.4602
00:32:25 - process[6]: evaluating epoch 11 on dev ...
00:33:00 - dev set during evaluation: 14340/14338
00:33:00 - process[6] - dev - epoch 11 - mAP: 0.497 w/ 39 queries
00:33:00 - process[6]: evaluating epoch 11 on test ...
00:33:29 - test set during evaluation: 11710/11707
00:33:29 - process[6] - test - epoch 11 - mAP: 0.557 w/ 39 queries
00:33:29 - process[6]: training epoch 12 ...
00:33:45 - process[6] - epoch 12 - train iter 360 - 17788.6 words/s - loss: 0.4230
00:33:45 - process[6]: evaluating epoch 12 on dev ...
00:34:19 - dev set during evaluation: 14340/14338
00:34:19 - process[6] - dev - epoch 12 - mAP: 0.490 w/ 39 queries
00:34:19 - process[6]: training epoch 13 ...
00:34:36 - process[6] - epoch 13 - train iter 360 - 15823.3 words/s - loss: 0.4080
00:34:36 - process[6]: evaluating epoch 13 on dev ...
00:35:09 - dev set during evaluation: 14340/14338
00:35:09 - process[6] - dev - epoch 13 - mAP: 0.483 w/ 39 queries
00:35:09 - process[6]: training epoch 14 ...
00:35:25 - process[6] - epoch 14 - train iter 360 - 17437.9 words/s - loss: 0.3704
00:35:25 - process[6]: evaluating epoch 14 on dev ...
00:36:00 - dev set during evaluation: 14340/14338
00:36:00 - process[6] - dev - epoch 14 - mAP: 0.476 w/ 39 queries
00:36:00 - process[6]: training epoch 15 ...
00:36:16 - process[6] - epoch 15 - train iter 360 - 18020.6 words/s - loss: 0.4119
00:36:16 - process[6]: evaluating epoch 15 on dev ...
00:36:50 - dev set during evaluation: 14340/14338
00:36:50 - process[6] - dev - epoch 15 - mAP: 0.492 w/ 39 queries
00:36:50 - process[6]: training epoch 16 ...
00:37:06 - process[6] - epoch 16 - train iter 360 - 17533.6 words/s - loss: 0.3731
00:37:06 - process[6]: evaluating epoch 16 on dev ...
00:37:40 - dev set during evaluation: 14340/14338
00:37:40 - process[6] - dev - epoch 16 - mAP: 0.494 w/ 39 queries
00:37:40 - process[6]: training epoch 17 ...
00:37:58 - process[6] - epoch 17 - train iter 360 - 15764.5 words/s - loss: 0.3498
00:37:58 - process[6]: evaluating epoch 17 on dev ...
00:38:32 - dev set during evaluation: 14340/14338
00:38:32 - process[6] - dev - epoch 17 - mAP: 0.502 w/ 39 queries
00:38:32 - process[6]: evaluating epoch 17 on test ...
00:39:00 - test set during evaluation: 11710/11707
00:39:00 - process[6] - test - epoch 17 - mAP: 0.543 w/ 39 queries
00:39:00 - process[6]: training epoch 18 ...
00:39:17 - process[6] - epoch 18 - train iter 360 - 18133.0 words/s - loss: 0.3741
00:39:17 - process[6]: evaluating epoch 18 on dev ...
00:39:53 - dev set during evaluation: 14340/14338
00:39:53 - process[6] - dev - epoch 18 - mAP: 0.496 w/ 39 queries
00:39:53 - process[6]: training epoch 19 ...
00:40:12 - process[6] - epoch 19 - train iter 360 - 15770.0 words/s - loss: 0.3465
00:40:12 - process[6]: evaluating epoch 19 on dev ...
00:40:44 - dev set during evaluation: 14340/14338
00:40:44 - process[6] - dev - epoch 19 - mAP: 0.494 w/ 39 queries
00:40:44 - [fold 3] best test MAP: 0.543 @ epoch 17
00:40:44 - Evaluating every 1 epochs ...
00:40:44 - reading data from /mnt/home/puxuan/CLIR-project/Evaluation_data/process-clef/uncased
00:40:46 - test has 38 queries ...
00:40:46 - Data reading done ...
00:40:47 - adding 9-th encoder to optimizer...
00:40:47 - adding 10-th encoder to optimizer...
00:40:47 - adding 11-th encoder to optimizer...
00:40:48 - process[6]: training epoch 0 ...
00:41:08 - process[6] - epoch 0 - train iter 404 - 15540.2 words/s - loss: 0.5792
00:41:08 - process[6]: training epoch 1 ...
00:41:27 - process[6] - epoch 1 - train iter 404 - 17572.2 words/s - loss: 0.5101
00:41:27 - process[6]: training epoch 2 ...
00:41:44 - process[6] - epoch 2 - train iter 404 - 18744.9 words/s - loss: 0.4763
00:41:44 - process[6]: training epoch 3 ...
00:42:00 - process[6] - epoch 3 - train iter 404 - 20095.2 words/s - loss: 0.4865
00:42:00 - process[6]: training epoch 4 ...
00:42:18 - process[6] - epoch 4 - train iter 404 - 17772.2 words/s - loss: 0.4457
00:42:18 - process[6]: training epoch 5 ...
00:42:36 - process[6] - epoch 5 - train iter 404 - 17245.7 words/s - loss: 0.4511
00:42:36 - process[6]: training epoch 6 ...
00:42:54 - process[6] - epoch 6 - train iter 404 - 17801.5 words/s - loss: 0.4185
00:42:54 - process[6]: training epoch 7 ...
00:43:13 - process[6] - epoch 7 - train iter 404 - 17728.9 words/s - loss: 0.4310
00:43:13 - process[6]: training epoch 8 ...
00:43:29 - process[6] - epoch 8 - train iter 404 - 19778.0 words/s - loss: 0.4316
00:43:29 - process[6]: training epoch 9 ...
00:43:47 - process[6] - epoch 9 - train iter 404 - 17782.4 words/s - loss: 0.3734
00:43:47 - process[6]: training epoch 10 ...
00:44:04 - process[6] - epoch 10 - train iter 404 - 19014.9 words/s - loss: 0.3925
00:44:04 - process[6]: evaluating epoch 10 on dev ...
00:44:34 - dev set during evaluation: 11710/11707
00:44:34 - process[6] - dev - epoch 10 - mAP: 0.539 w/ 39 queries
00:44:34 - process[6]: evaluating epoch 10 on test ...
00:45:02 - test set during evaluation: 13490/13483
00:45:02 - process[6] - test - epoch 10 - mAP: 0.532 w/ 38 queries
00:45:02 - process[6]: training epoch 11 ...
00:45:19 - process[6] - epoch 11 - train iter 404 - 18241.8 words/s - loss: 0.4365
00:45:19 - process[6]: evaluating epoch 11 on dev ...
00:45:48 - dev set during evaluation: 11710/11707
00:45:49 - process[6] - dev - epoch 11 - mAP: 0.530 w/ 39 queries
00:45:49 - process[6]: training epoch 12 ...
00:46:06 - process[6] - epoch 12 - train iter 404 - 18292.7 words/s - loss: 0.3476
00:46:06 - process[6]: evaluating epoch 12 on dev ...
00:46:34 - dev set during evaluation: 11710/11707
00:46:34 - process[6] - dev - epoch 12 - mAP: 0.538 w/ 39 queries
00:46:34 - process[6]: training epoch 13 ...
00:46:51 - process[6] - epoch 13 - train iter 404 - 18454.2 words/s - loss: 0.4102
00:46:51 - process[6]: evaluating epoch 13 on dev ...
00:47:20 - dev set during evaluation: 11710/11707
00:47:20 - process[6] - dev - epoch 13 - mAP: 0.536 w/ 39 queries
00:47:20 - process[6]: training epoch 14 ...
00:47:38 - process[6] - epoch 14 - train iter 404 - 17462.4 words/s - loss: 0.3828
00:47:38 - process[6]: evaluating epoch 14 on dev ...
00:48:05 - dev set during evaluation: 11710/11707
00:48:05 - process[6] - dev - epoch 14 - mAP: 0.544 w/ 39 queries
00:48:05 - process[6]: evaluating epoch 14 on test ...
00:48:33 - test set during evaluation: 13490/13483
00:48:33 - process[6] - test - epoch 14 - mAP: 0.506 w/ 38 queries
00:48:33 - process[6]: training epoch 15 ...
00:48:51 - process[6] - epoch 15 - train iter 404 - 18322.4 words/s - loss: 0.3833
00:48:51 - process[6]: evaluating epoch 15 on dev ...
00:49:18 - dev set during evaluation: 11710/11707
00:49:18 - process[6] - dev - epoch 15 - mAP: 0.552 w/ 39 queries
00:49:18 - process[6]: evaluating epoch 15 on test ...
00:49:46 - test set during evaluation: 13490/13483
00:49:46 - process[6] - test - epoch 15 - mAP: 0.529 w/ 38 queries
00:49:46 - process[6]: training epoch 16 ...
00:50:04 - process[6] - epoch 16 - train iter 404 - 17554.7 words/s - loss: 0.3549
00:50:04 - process[6]: evaluating epoch 16 on dev ...
00:50:31 - dev set during evaluation: 11710/11707
00:50:31 - process[6] - dev - epoch 16 - mAP: 0.539 w/ 39 queries
00:50:31 - process[6]: training epoch 17 ...
00:50:50 - process[6] - epoch 17 - train iter 404 - 17112.2 words/s - loss: 0.3808
00:50:50 - process[6]: evaluating epoch 17 on dev ...
00:51:17 - dev set during evaluation: 11710/11707
00:51:17 - process[6] - dev - epoch 17 - mAP: 0.543 w/ 39 queries
00:51:17 - process[6]: training epoch 18 ...
00:51:34 - process[6] - epoch 18 - train iter 404 - 18475.4 words/s - loss: 0.4109
00:51:34 - process[6]: evaluating epoch 18 on dev ...
00:52:02 - dev set during evaluation: 11710/11707
00:52:02 - process[6] - dev - epoch 18 - mAP: 0.537 w/ 39 queries
00:52:02 - process[6]: training epoch 19 ...
00:52:19 - process[6] - epoch 19 - train iter 404 - 19347.0 words/s - loss: 0.3748
00:52:19 - process[6]: evaluating epoch 19 on dev ...
00:52:47 - dev set during evaluation: 11710/11707
00:52:47 - process[6] - dev - epoch 19 - mAP: 0.551 w/ 39 queries
00:52:47 - [fold 4] best test MAP: 0.529 @ epoch 15
00:52:47 - Evaluating every 1 epochs ...
00:52:47 - reading data from /mnt/home/puxuan/CLIR-project/Evaluation_data/process-clef/uncased
00:52:48 - test has 38 queries ...
00:52:48 - Data reading done ...
00:52:49 - adding 9-th encoder to optimizer...
00:52:49 - adding 10-th encoder to optimizer...
00:52:49 - adding 11-th encoder to optimizer...
00:52:50 - process[6]: training epoch 0 ...
00:53:09 - process[6] - epoch 0 - train iter 444 - 18335.0 words/s - loss: 0.5844
00:53:09 - process[6]: training epoch 1 ...
00:53:29 - process[6] - epoch 1 - train iter 444 - 17891.2 words/s - loss: 0.5313
00:53:29 - process[6]: training epoch 2 ...
00:53:48 - process[6] - epoch 2 - train iter 444 - 19340.4 words/s - loss: 0.5094
00:53:48 - process[6]: training epoch 3 ...
00:54:06 - process[6] - epoch 3 - train iter 444 - 18522.2 words/s - loss: 0.5038
00:54:06 - process[6]: training epoch 4 ...
00:54:26 - process[6] - epoch 4 - train iter 444 - 18044.4 words/s - loss: 0.4858
00:54:26 - process[6]: training epoch 5 ...
00:54:46 - process[6] - epoch 5 - train iter 444 - 18309.0 words/s - loss: 0.4755
00:54:46 - process[6]: training epoch 6 ...
00:55:04 - process[6] - epoch 6 - train iter 444 - 19017.8 words/s - loss: 0.4334
00:55:04 - process[6]: training epoch 7 ...
00:55:23 - process[6] - epoch 7 - train iter 444 - 19012.6 words/s - loss: 0.4157
00:55:23 - process[6]: training epoch 8 ...
00:55:41 - process[6] - epoch 8 - train iter 444 - 19397.6 words/s - loss: 0.4205
00:55:41 - process[6]: training epoch 9 ...
00:55:59 - process[6] - epoch 9 - train iter 444 - 20325.3 words/s - loss: 0.4253
00:55:59 - process[6]: training epoch 10 ...
00:56:18 - process[6] - epoch 10 - train iter 444 - 18783.0 words/s - loss: 0.4038
00:56:18 - process[6]: evaluating epoch 10 on dev ...
00:56:46 - dev set during evaluation: 13490/13483
00:56:46 - process[6] - dev - epoch 10 - mAP: 0.525 w/ 38 queries
00:56:46 - process[6]: evaluating epoch 10 on test ...
00:57:18 - test set during evaluation: 13890/13887
00:57:18 - process[6] - test - epoch 10 - mAP: 0.519 w/ 38 queries
00:57:18 - process[6]: training epoch 11 ...
00:57:37 - process[6] - epoch 11 - train iter 444 - 18740.3 words/s - loss: 0.4165
00:57:37 - process[6]: evaluating epoch 11 on dev ...
00:58:06 - dev set during evaluation: 13490/13483
00:58:06 - process[6] - dev - epoch 11 - mAP: 0.522 w/ 38 queries
00:58:06 - process[6]: training epoch 12 ...
00:58:24 - process[6] - epoch 12 - train iter 444 - 19620.8 words/s - loss: 0.4151
00:58:24 - process[6]: evaluating epoch 12 on dev ...
00:58:52 - dev set during evaluation: 13490/13483
00:58:52 - process[6] - dev - epoch 12 - mAP: 0.517 w/ 38 queries
00:58:52 - process[6]: training epoch 13 ...
00:59:10 - process[6] - epoch 13 - train iter 444 - 19807.6 words/s - loss: 0.4064
00:59:10 - process[6]: evaluating epoch 13 on dev ...
00:59:38 - dev set during evaluation: 13490/13483
00:59:38 - process[6] - dev - epoch 13 - mAP: 0.519 w/ 38 queries
00:59:38 - process[6]: training epoch 14 ...
00:59:58 - process[6] - epoch 14 - train iter 444 - 17730.5 words/s - loss: 0.3905
00:59:58 - process[6]: evaluating epoch 14 on dev ...
01:00:27 - dev set during evaluation: 13490/13483
01:00:27 - process[6] - dev - epoch 14 - mAP: 0.522 w/ 38 queries
01:00:27 - process[6]: training epoch 15 ...
01:00:46 - process[6] - epoch 15 - train iter 444 - 18391.2 words/s - loss: 0.4038
01:00:46 - process[6]: evaluating epoch 15 on dev ...
01:01:14 - dev set during evaluation: 13490/13483
01:01:14 - process[6] - dev - epoch 15 - mAP: 0.529 w/ 38 queries
01:01:14 - process[6]: evaluating epoch 15 on test ...
01:01:49 - test set during evaluation: 13890/13887
01:01:49 - process[6] - test - epoch 15 - mAP: 0.545 w/ 38 queries
01:01:49 - process[6]: training epoch 16 ...
01:02:08 - process[6] - epoch 16 - train iter 444 - 18746.2 words/s - loss: 0.3482
01:02:08 - process[6]: evaluating epoch 16 on dev ...
01:02:36 - dev set during evaluation: 13490/13483
01:02:36 - process[6] - dev - epoch 16 - mAP: 0.534 w/ 38 queries
01:02:36 - process[6]: evaluating epoch 16 on test ...
01:03:10 - test set during evaluation: 13890/13887
01:03:10 - process[6] - test - epoch 16 - mAP: 0.542 w/ 38 queries
01:03:10 - process[6]: training epoch 17 ...
01:03:30 - process[6] - epoch 17 - train iter 444 - 18069.6 words/s - loss: 0.3668
01:03:30 - process[6]: evaluating epoch 17 on dev ...
01:03:58 - dev set during evaluation: 13490/13483
01:03:58 - process[6] - dev - epoch 17 - mAP: 0.533 w/ 38 queries
01:03:58 - process[6]: training epoch 18 ...
01:04:16 - process[6] - epoch 18 - train iter 444 - 18510.6 words/s - loss: 0.3626
01:04:16 - process[6]: evaluating epoch 18 on dev ...
01:04:45 - dev set during evaluation: 13490/13483
01:04:45 - process[6] - dev - epoch 18 - mAP: 0.524 w/ 38 queries
01:04:45 - process[6]: training epoch 19 ...
01:05:04 - process[6] - epoch 19 - train iter 444 - 18463.4 words/s - loss: 0.3633
01:05:04 - process[6]: evaluating epoch 19 on dev ...
01:05:32 - dev set during evaluation: 13490/13483
01:05:32 - process[6] - dev - epoch 19 - mAP: 0.529 w/ 38 queries
01:05:32 - [fold 5] best test MAP: 0.542 @ epoch 16
01:05:32 - [0.46373926231515195, 0.49644468413567405, 0.5430797813392041, 0.5291323260811764, 0.5415187997325861]
01:05:32 - [38, 39, 39, 38, 38]
01:05:32 - final MAP: 0.515
