00:00:06 - Namespace(apex_level='O2', batch_size=8, cased=False, dataset='clef', debug=False, encoder_lr=2e-05, eval_step=1, full_doc_length=True, local_rank=6, model_path='/mnt/scratch/puxuan/short_qlm_mix/2192279/huggingface-14', model_type='mbert', num_epochs=20, num_ft_encoders=3, num_neg=1, projector_lr=2e-05, seed=611, source_lang='fr', target_lang='en')
00:00:14 - Evaluating every 1 epochs ...
00:00:14 - reading data from /mnt/home/puxuan/CLIR-project/Evaluation_data/process-clef/uncased
00:00:15 - test has 35 queries ...
00:00:15 - Data reading done ...
00:00:21 - adding 9-th encoder to optimizer...
00:00:21 - adding 10-th encoder to optimizer...
00:00:21 - adding 11-th encoder to optimizer...
00:00:21 - process[6]: training epoch 0 ...
00:00:34 - process[6] - epoch 0 - train iter 197 - 14589.3 words/s - loss: 0.6761
00:00:34 - process[6]: training epoch 1 ...
00:00:45 - process[6] - epoch 1 - train iter 197 - 15880.1 words/s - loss: 0.5442
00:00:45 - process[6]: training epoch 2 ...
00:00:56 - process[6] - epoch 2 - train iter 197 - 15857.9 words/s - loss: 0.4802
00:00:56 - process[6]: training epoch 3 ...
00:01:06 - process[6] - epoch 3 - train iter 197 - 17536.9 words/s - loss: 0.4647
00:01:06 - process[6]: training epoch 4 ...
00:01:17 - process[6] - epoch 4 - train iter 197 - 16907.8 words/s - loss: 0.4466
00:01:17 - process[6]: training epoch 5 ...
00:01:27 - process[6] - epoch 5 - train iter 197 - 16611.0 words/s - loss: 0.4614
00:01:27 - process[6]: training epoch 6 ...
00:01:38 - process[6] - epoch 6 - train iter 197 - 16946.5 words/s - loss: 0.4210
00:01:38 - process[6]: training epoch 7 ...
00:01:49 - process[6] - epoch 7 - train iter 197 - 16679.8 words/s - loss: 0.3619
00:01:49 - process[6]: training epoch 8 ...
00:02:00 - process[6] - epoch 8 - train iter 197 - 15902.5 words/s - loss: 0.4654
00:02:00 - process[6]: training epoch 9 ...
00:02:11 - process[6] - epoch 9 - train iter 197 - 16443.6 words/s - loss: 0.4052
00:02:11 - process[6]: training epoch 10 ...
00:02:22 - process[6] - epoch 10 - train iter 197 - 15640.3 words/s - loss: 0.3801
00:02:22 - process[6]: evaluating epoch 10 on dev ...
00:03:12 - dev set during evaluation: 14160/14157
00:03:12 - process[6] - dev - epoch 10 - mAP: 0.515 w/ 35 queries
00:03:12 - process[6]: evaluating epoch 10 on test ...
00:03:56 - test set during evaluation: 14980/14975
00:03:56 - process[6] - test - epoch 10 - mAP: 0.489 w/ 35 queries
00:03:56 - process[6]: training epoch 11 ...
00:04:06 - process[6] - epoch 11 - train iter 197 - 16785.8 words/s - loss: 0.3716
00:04:06 - process[6]: evaluating epoch 11 on dev ...
00:04:53 - dev set during evaluation: 14160/14157
00:04:53 - process[6] - dev - epoch 11 - mAP: 0.517 w/ 35 queries
00:04:53 - process[6]: evaluating epoch 11 on test ...
00:05:34 - test set during evaluation: 14980/14975
00:05:34 - process[6] - test - epoch 11 - mAP: 0.458 w/ 35 queries
00:05:34 - process[6]: training epoch 12 ...
00:05:45 - process[6] - epoch 12 - train iter 197 - 15659.3 words/s - loss: 0.3598
00:05:45 - process[6]: evaluating epoch 12 on dev ...
00:06:28 - dev set during evaluation: 14160/14157
00:06:28 - process[6] - dev - epoch 12 - mAP: 0.488 w/ 35 queries
00:06:28 - process[6]: training epoch 13 ...
00:06:40 - process[6] - epoch 13 - train iter 197 - 15333.7 words/s - loss: 0.3870
00:06:40 - process[6]: evaluating epoch 13 on dev ...
00:07:25 - dev set during evaluation: 14160/14157
00:07:25 - process[6] - dev - epoch 13 - mAP: 0.508 w/ 35 queries
00:07:25 - process[6]: training epoch 14 ...
00:07:36 - process[6] - epoch 14 - train iter 197 - 15996.3 words/s - loss: 0.4308
00:07:36 - process[6]: evaluating epoch 14 on dev ...
00:08:20 - dev set during evaluation: 14160/14157
00:08:20 - process[6] - dev - epoch 14 - mAP: 0.515 w/ 35 queries
00:08:20 - process[6]: training epoch 15 ...
00:08:31 - process[6] - epoch 15 - train iter 197 - 16874.0 words/s - loss: 0.4069
00:08:31 - process[6]: evaluating epoch 15 on dev ...
00:09:15 - dev set during evaluation: 14160/14157
00:09:15 - process[6] - dev - epoch 15 - mAP: 0.481 w/ 35 queries
00:09:15 - process[6]: training epoch 16 ...
00:09:26 - process[6] - epoch 16 - train iter 197 - 16752.5 words/s - loss: 0.3603
00:09:26 - process[6]: evaluating epoch 16 on dev ...
00:10:11 - dev set during evaluation: 14160/14157
00:10:11 - process[6] - dev - epoch 16 - mAP: 0.494 w/ 35 queries
00:10:11 - process[6]: training epoch 17 ...
00:10:22 - process[6] - epoch 17 - train iter 197 - 16164.5 words/s - loss: 0.3899
00:10:22 - process[6]: evaluating epoch 17 on dev ...
00:11:07 - dev set during evaluation: 14160/14157
00:11:07 - process[6] - dev - epoch 17 - mAP: 0.472 w/ 35 queries
00:11:07 - process[6]: training epoch 18 ...
00:11:18 - process[6] - epoch 18 - train iter 197 - 15017.9 words/s - loss: 0.3875
00:11:18 - process[6]: evaluating epoch 18 on dev ...
00:12:01 - dev set during evaluation: 14160/14157
00:12:01 - process[6] - dev - epoch 18 - mAP: 0.492 w/ 35 queries
00:12:01 - process[6]: training epoch 19 ...
00:12:13 - process[6] - epoch 19 - train iter 197 - 15554.5 words/s - loss: 0.3127
00:12:13 - process[6]: evaluating epoch 19 on dev ...
00:12:58 - dev set during evaluation: 14160/14157
00:12:58 - process[6] - dev - epoch 19 - mAP: 0.516 w/ 35 queries
00:12:58 - [fold 1] best test MAP: 0.458 @ epoch 11
00:12:58 - Evaluating every 1 epochs ...
00:12:58 - reading data from /mnt/home/puxuan/CLIR-project/Evaluation_data/process-clef/uncased
00:12:59 - test has 36 queries ...
00:12:59 - Data reading done ...
00:13:00 - adding 9-th encoder to optimizer...
00:13:00 - adding 10-th encoder to optimizer...
00:13:00 - adding 11-th encoder to optimizer...
00:13:01 - process[6]: training epoch 0 ...
00:13:11 - process[6] - epoch 0 - train iter 187 - 16211.7 words/s - loss: 0.6726
00:13:11 - process[6]: training epoch 1 ...
00:13:22 - process[6] - epoch 1 - train iter 187 - 16234.5 words/s - loss: 0.5439
00:13:22 - process[6]: training epoch 2 ...
00:13:32 - process[6] - epoch 2 - train iter 187 - 16084.0 words/s - loss: 0.4673
00:13:32 - process[6]: training epoch 3 ...
00:13:42 - process[6] - epoch 3 - train iter 187 - 16458.7 words/s - loss: 0.4837
00:13:42 - process[6]: training epoch 4 ...
00:13:53 - process[6] - epoch 4 - train iter 187 - 16852.3 words/s - loss: 0.4135
00:13:53 - process[6]: training epoch 5 ...
00:14:03 - process[6] - epoch 5 - train iter 187 - 16166.2 words/s - loss: 0.4808
00:14:03 - process[6]: training epoch 6 ...
00:14:14 - process[6] - epoch 6 - train iter 187 - 16204.9 words/s - loss: 0.4566
00:14:14 - process[6]: training epoch 7 ...
00:14:23 - process[6] - epoch 7 - train iter 187 - 17638.2 words/s - loss: 0.4122
00:14:23 - process[6]: training epoch 8 ...
00:14:32 - process[6] - epoch 8 - train iter 187 - 18769.0 words/s - loss: 0.3955
00:14:32 - process[6]: training epoch 9 ...
00:14:42 - process[6] - epoch 9 - train iter 187 - 17111.6 words/s - loss: 0.4359
00:14:42 - process[6]: training epoch 10 ...
00:14:52 - process[6] - epoch 10 - train iter 187 - 17809.7 words/s - loss: 0.3918
00:14:52 - process[6]: evaluating epoch 10 on dev ...
00:15:34 - dev set during evaluation: 14980/14975
00:15:34 - process[6] - dev - epoch 10 - mAP: 0.456 w/ 35 queries
00:15:34 - process[6]: evaluating epoch 10 on test ...
00:16:17 - test set during evaluation: 15300/15294
00:16:17 - process[6] - test - epoch 10 - mAP: 0.465 w/ 36 queries
00:16:17 - process[6]: training epoch 11 ...
00:16:28 - process[6] - epoch 11 - train iter 187 - 15858.7 words/s - loss: 0.4318
00:16:28 - process[6]: evaluating epoch 11 on dev ...
00:17:08 - dev set during evaluation: 14980/14975
00:17:08 - process[6] - dev - epoch 11 - mAP: 0.483 w/ 35 queries
00:17:08 - process[6]: evaluating epoch 11 on test ...
00:17:51 - test set during evaluation: 15300/15294
00:17:51 - process[6] - test - epoch 11 - mAP: 0.450 w/ 36 queries
00:17:51 - process[6]: training epoch 12 ...
00:18:02 - process[6] - epoch 12 - train iter 187 - 15839.4 words/s - loss: 0.4260
00:18:02 - process[6]: evaluating epoch 12 on dev ...
00:18:42 - dev set during evaluation: 14980/14975
00:18:42 - process[6] - dev - epoch 12 - mAP: 0.468 w/ 35 queries
00:18:42 - process[6]: training epoch 13 ...
00:18:52 - process[6] - epoch 13 - train iter 187 - 16765.0 words/s - loss: 0.3657
00:18:52 - process[6]: evaluating epoch 13 on dev ...
00:19:34 - dev set during evaluation: 14980/14975
00:19:34 - process[6] - dev - epoch 13 - mAP: 0.465 w/ 35 queries
00:19:34 - process[6]: training epoch 14 ...
00:19:43 - process[6] - epoch 14 - train iter 187 - 17589.6 words/s - loss: 0.4156
00:19:43 - process[6]: evaluating epoch 14 on dev ...
00:20:24 - dev set during evaluation: 14980/14975
00:20:25 - process[6] - dev - epoch 14 - mAP: 0.458 w/ 35 queries
00:20:25 - process[6]: training epoch 15 ...
00:20:35 - process[6] - epoch 15 - train iter 187 - 15959.6 words/s - loss: 0.4028
00:20:35 - process[6]: evaluating epoch 15 on dev ...
00:21:16 - dev set during evaluation: 14980/14975
00:21:16 - process[6] - dev - epoch 15 - mAP: 0.408 w/ 35 queries
00:21:16 - process[6]: training epoch 16 ...
00:21:26 - process[6] - epoch 16 - train iter 187 - 16940.2 words/s - loss: 0.3090
00:21:26 - process[6]: evaluating epoch 16 on dev ...
00:22:06 - dev set during evaluation: 14980/14975
00:22:06 - process[6] - dev - epoch 16 - mAP: 0.447 w/ 35 queries
00:22:06 - process[6]: training epoch 17 ...
00:22:17 - process[6] - epoch 17 - train iter 187 - 16078.2 words/s - loss: 0.3941
00:22:17 - process[6]: evaluating epoch 17 on dev ...
00:22:56 - dev set during evaluation: 14980/14975
00:22:56 - process[6] - dev - epoch 17 - mAP: 0.480 w/ 35 queries
00:22:56 - process[6]: training epoch 18 ...
00:23:06 - process[6] - epoch 18 - train iter 187 - 18072.4 words/s - loss: 0.3592
00:23:06 - process[6]: evaluating epoch 18 on dev ...
00:23:47 - dev set during evaluation: 14980/14975
00:23:47 - process[6] - dev - epoch 18 - mAP: 0.500 w/ 35 queries
00:23:47 - process[6]: evaluating epoch 18 on test ...
00:24:30 - test set during evaluation: 15300/15294
00:24:30 - process[6] - test - epoch 18 - mAP: 0.460 w/ 36 queries
00:24:30 - process[6]: training epoch 19 ...
00:24:40 - process[6] - epoch 19 - train iter 187 - 18103.1 words/s - loss: 0.3775
00:24:40 - process[6]: evaluating epoch 19 on dev ...
00:25:21 - dev set during evaluation: 14980/14975
00:25:21 - process[6] - dev - epoch 19 - mAP: 0.444 w/ 35 queries
00:25:21 - [fold 2] best test MAP: 0.460 @ epoch 18
00:25:21 - Evaluating every 1 epochs ...
00:25:21 - reading data from /mnt/home/puxuan/CLIR-project/Evaluation_data/process-clef/uncased
00:25:22 - test has 35 queries ...
00:25:22 - Data reading done ...
00:25:23 - adding 9-th encoder to optimizer...
00:25:23 - adding 10-th encoder to optimizer...
00:25:23 - adding 11-th encoder to optimizer...
00:25:24 - process[6]: training epoch 0 ...
00:25:35 - process[6] - epoch 0 - train iter 196 - 16049.1 words/s - loss: 0.6485
00:25:35 - process[6]: training epoch 1 ...
00:25:46 - process[6] - epoch 1 - train iter 196 - 15802.9 words/s - loss: 0.5598
00:25:46 - process[6]: training epoch 2 ...
00:25:57 - process[6] - epoch 2 - train iter 196 - 16959.8 words/s - loss: 0.5261
00:25:57 - process[6]: training epoch 3 ...
00:26:07 - process[6] - epoch 3 - train iter 196 - 16968.0 words/s - loss: 0.4801
00:26:07 - process[6]: training epoch 4 ...
00:26:18 - process[6] - epoch 4 - train iter 196 - 17442.9 words/s - loss: 0.4777
00:26:18 - process[6]: training epoch 5 ...
00:26:27 - process[6] - epoch 5 - train iter 196 - 17968.3 words/s - loss: 0.4786
00:26:27 - process[6]: training epoch 6 ...
00:26:37 - process[6] - epoch 6 - train iter 196 - 18115.5 words/s - loss: 0.4437
00:26:37 - process[6]: training epoch 7 ...
00:26:48 - process[6] - epoch 7 - train iter 196 - 16948.4 words/s - loss: 0.4041
00:26:48 - process[6]: training epoch 8 ...
00:26:58 - process[6] - epoch 8 - train iter 196 - 17643.4 words/s - loss: 0.4528
00:26:58 - process[6]: training epoch 9 ...
00:27:09 - process[6] - epoch 9 - train iter 196 - 16805.2 words/s - loss: 0.4134
00:27:09 - process[6]: training epoch 10 ...
00:27:19 - process[6] - epoch 10 - train iter 196 - 16552.8 words/s - loss: 0.4414
00:27:19 - process[6]: evaluating epoch 10 on dev ...
00:28:05 - dev set during evaluation: 15300/15294
00:28:05 - process[6] - dev - epoch 10 - mAP: 0.443 w/ 36 queries
00:28:05 - process[6]: evaluating epoch 10 on test ...
00:28:49 - test set during evaluation: 15480/15477
00:28:49 - process[6] - test - epoch 10 - mAP: 0.406 w/ 35 queries
00:28:49 - process[6]: training epoch 11 ...
00:28:59 - process[6] - epoch 11 - train iter 196 - 16921.1 words/s - loss: 0.3704
00:28:59 - process[6]: evaluating epoch 11 on dev ...
00:29:42 - dev set during evaluation: 15300/15294
00:29:42 - process[6] - dev - epoch 11 - mAP: 0.453 w/ 36 queries
00:29:42 - process[6]: evaluating epoch 11 on test ...
00:30:24 - test set during evaluation: 15480/15477
00:30:24 - process[6] - test - epoch 11 - mAP: 0.395 w/ 35 queries
00:30:24 - process[6]: training epoch 12 ...
00:30:36 - process[6] - epoch 12 - train iter 196 - 15405.6 words/s - loss: 0.4133
00:30:36 - process[6]: evaluating epoch 12 on dev ...
00:31:17 - dev set during evaluation: 15300/15294
00:31:17 - process[6] - dev - epoch 12 - mAP: 0.428 w/ 36 queries
00:31:17 - process[6]: training epoch 13 ...
00:31:27 - process[6] - epoch 13 - train iter 196 - 17658.8 words/s - loss: 0.4014
00:31:27 - process[6]: evaluating epoch 13 on dev ...
00:32:11 - dev set during evaluation: 15300/15294
00:32:11 - process[6] - dev - epoch 13 - mAP: 0.426 w/ 36 queries
00:32:11 - process[6]: training epoch 14 ...
00:32:21 - process[6] - epoch 14 - train iter 196 - 17629.2 words/s - loss: 0.3337
00:32:21 - process[6]: evaluating epoch 14 on dev ...
00:33:05 - dev set during evaluation: 15300/15294
00:33:05 - process[6] - dev - epoch 14 - mAP: 0.430 w/ 36 queries
00:33:05 - process[6]: training epoch 15 ...
00:33:16 - process[6] - epoch 15 - train iter 196 - 16923.0 words/s - loss: 0.4127
00:33:16 - process[6]: evaluating epoch 15 on dev ...
00:34:02 - dev set during evaluation: 15300/15294
00:34:02 - process[6] - dev - epoch 15 - mAP: 0.450 w/ 36 queries
00:34:02 - process[6]: training epoch 16 ...
00:34:13 - process[6] - epoch 16 - train iter 196 - 17046.0 words/s - loss: 0.4067
00:34:13 - process[6]: evaluating epoch 16 on dev ...
00:34:55 - dev set during evaluation: 15300/15294
00:34:55 - process[6] - dev - epoch 16 - mAP: 0.441 w/ 36 queries
00:34:55 - process[6]: training epoch 17 ...
00:35:05 - process[6] - epoch 17 - train iter 196 - 17407.1 words/s - loss: 0.3627
00:35:05 - process[6]: evaluating epoch 17 on dev ...
00:35:48 - dev set during evaluation: 15300/15294
00:35:48 - process[6] - dev - epoch 17 - mAP: 0.469 w/ 36 queries
00:35:48 - process[6]: evaluating epoch 17 on test ...
00:36:30 - test set during evaluation: 15480/15477
00:36:30 - process[6] - test - epoch 17 - mAP: 0.398 w/ 35 queries
00:36:30 - process[6]: training epoch 18 ...
00:36:40 - process[6] - epoch 18 - train iter 196 - 17300.9 words/s - loss: 0.3536
00:36:40 - process[6]: evaluating epoch 18 on dev ...
00:37:27 - dev set during evaluation: 15300/15294
00:37:27 - process[6] - dev - epoch 18 - mAP: 0.468 w/ 36 queries
00:37:27 - process[6]: training epoch 19 ...
00:37:37 - process[6] - epoch 19 - train iter 196 - 17348.6 words/s - loss: 0.3443
00:37:37 - process[6]: evaluating epoch 19 on dev ...
00:38:20 - dev set during evaluation: 15300/15294
00:38:20 - process[6] - dev - epoch 19 - mAP: 0.460 w/ 36 queries
00:38:20 - [fold 3] best test MAP: 0.398 @ epoch 17
00:38:20 - Evaluating every 1 epochs ...
00:38:20 - reading data from /mnt/home/puxuan/CLIR-project/Evaluation_data/process-clef/uncased
00:38:21 - test has 35 queries ...
00:38:21 - Data reading done ...
00:38:22 - adding 9-th encoder to optimizer...
00:38:22 - adding 10-th encoder to optimizer...
00:38:22 - adding 11-th encoder to optimizer...
00:38:23 - process[6]: training epoch 0 ...
00:38:34 - process[6] - epoch 0 - train iter 207 - 16289.1 words/s - loss: 0.6737
00:38:34 - process[6]: training epoch 1 ...
00:38:45 - process[6] - epoch 1 - train iter 207 - 17482.7 words/s - loss: 0.5619
00:38:45 - process[6]: training epoch 2 ...
00:38:57 - process[6] - epoch 2 - train iter 207 - 16495.4 words/s - loss: 0.4905
00:38:57 - process[6]: training epoch 3 ...
00:39:08 - process[6] - epoch 3 - train iter 207 - 17139.3 words/s - loss: 0.4299
00:39:08 - process[6]: training epoch 4 ...
00:39:18 - process[6] - epoch 4 - train iter 207 - 18028.8 words/s - loss: 0.4563
00:39:18 - process[6]: training epoch 5 ...
00:39:30 - process[6] - epoch 5 - train iter 207 - 15489.8 words/s - loss: 0.4674
00:39:30 - process[6]: training epoch 6 ...
00:39:42 - process[6] - epoch 6 - train iter 207 - 15412.8 words/s - loss: 0.3657
00:39:42 - process[6]: training epoch 7 ...
00:39:52 - process[6] - epoch 7 - train iter 207 - 17807.8 words/s - loss: 0.4195
00:39:52 - process[6]: training epoch 8 ...
00:40:05 - process[6] - epoch 8 - train iter 207 - 14573.4 words/s - loss: 0.3980
00:40:05 - process[6]: training epoch 9 ...
00:40:17 - process[6] - epoch 9 - train iter 207 - 16237.1 words/s - loss: 0.3743
00:40:17 - process[6]: training epoch 10 ...
00:40:30 - process[6] - epoch 10 - train iter 207 - 15033.6 words/s - loss: 0.4309
00:40:30 - process[6]: evaluating epoch 10 on dev ...
00:41:11 - dev set during evaluation: 15480/15477
00:41:11 - process[6] - dev - epoch 10 - mAP: 0.369 w/ 35 queries
00:41:11 - process[6]: evaluating epoch 10 on test ...
00:41:53 - test set during evaluation: 14470/14463
00:41:53 - process[6] - test - epoch 10 - mAP: 0.366 w/ 35 queries
00:41:53 - process[6]: training epoch 11 ...
00:42:04 - process[6] - epoch 11 - train iter 207 - 17110.8 words/s - loss: 0.3596
00:42:04 - process[6]: evaluating epoch 11 on dev ...
00:42:46 - dev set during evaluation: 15480/15477
00:42:46 - process[6] - dev - epoch 11 - mAP: 0.399 w/ 35 queries
00:42:46 - process[6]: evaluating epoch 11 on test ...
00:43:28 - test set during evaluation: 14470/14463
00:43:28 - process[6] - test - epoch 11 - mAP: 0.443 w/ 35 queries
00:43:28 - process[6]: training epoch 12 ...
00:43:39 - process[6] - epoch 12 - train iter 207 - 17001.2 words/s - loss: 0.3725
00:43:39 - process[6]: evaluating epoch 12 on dev ...
00:44:22 - dev set during evaluation: 15480/15477
00:44:22 - process[6] - dev - epoch 12 - mAP: 0.377 w/ 35 queries
00:44:22 - process[6]: training epoch 13 ...
00:44:34 - process[6] - epoch 13 - train iter 207 - 16434.4 words/s - loss: 0.3619
00:44:34 - process[6]: evaluating epoch 13 on dev ...
00:45:16 - dev set during evaluation: 15480/15477
00:45:16 - process[6] - dev - epoch 13 - mAP: 0.366 w/ 35 queries
00:45:16 - process[6]: training epoch 14 ...
00:45:27 - process[6] - epoch 14 - train iter 207 - 16238.1 words/s - loss: 0.4142
00:45:27 - process[6]: evaluating epoch 14 on dev ...
00:46:10 - dev set during evaluation: 15480/15477
00:46:10 - process[6] - dev - epoch 14 - mAP: 0.402 w/ 35 queries
00:46:10 - process[6]: evaluating epoch 14 on test ...
00:46:53 - test set during evaluation: 14470/14463
00:46:53 - process[6] - test - epoch 14 - mAP: 0.459 w/ 35 queries
00:46:53 - process[6]: training epoch 15 ...
00:47:04 - process[6] - epoch 15 - train iter 207 - 17232.9 words/s - loss: 0.3616
00:47:04 - process[6]: evaluating epoch 15 on dev ...
00:47:45 - dev set during evaluation: 15480/15477
00:47:45 - process[6] - dev - epoch 15 - mAP: 0.363 w/ 35 queries
00:47:45 - process[6]: training epoch 16 ...
00:47:56 - process[6] - epoch 16 - train iter 207 - 16691.9 words/s - loss: 0.3910
00:47:56 - process[6]: evaluating epoch 16 on dev ...
00:48:39 - dev set during evaluation: 15480/15477
00:48:39 - process[6] - dev - epoch 16 - mAP: 0.378 w/ 35 queries
00:48:39 - process[6]: training epoch 17 ...
00:48:50 - process[6] - epoch 17 - train iter 207 - 17361.4 words/s - loss: 0.3356
00:48:50 - process[6]: evaluating epoch 17 on dev ...
00:49:33 - dev set during evaluation: 15480/15477
00:49:33 - process[6] - dev - epoch 17 - mAP: 0.400 w/ 35 queries
00:49:33 - process[6]: training epoch 18 ...
00:49:45 - process[6] - epoch 18 - train iter 207 - 16129.5 words/s - loss: 0.3308
00:49:45 - process[6]: evaluating epoch 18 on dev ...
00:50:32 - dev set during evaluation: 15480/15477
00:50:32 - process[6] - dev - epoch 18 - mAP: 0.420 w/ 35 queries
00:50:32 - process[6]: evaluating epoch 18 on test ...
00:51:14 - test set during evaluation: 14470/14463
00:51:14 - process[6] - test - epoch 18 - mAP: 0.422 w/ 35 queries
00:51:14 - process[6]: training epoch 19 ...
00:51:26 - process[6] - epoch 19 - train iter 207 - 16035.6 words/s - loss: 0.3647
00:51:26 - process[6]: evaluating epoch 19 on dev ...
00:52:08 - dev set during evaluation: 15480/15477
00:52:08 - process[6] - dev - epoch 19 - mAP: 0.411 w/ 35 queries
00:52:08 - [fold 4] best test MAP: 0.422 @ epoch 18
00:52:08 - Evaluating every 1 epochs ...
00:52:08 - reading data from /mnt/home/puxuan/CLIR-project/Evaluation_data/process-clef/uncased
00:52:08 - test has 35 queries ...
00:52:08 - Data reading done ...
00:52:10 - adding 9-th encoder to optimizer...
00:52:10 - adding 10-th encoder to optimizer...
00:52:10 - adding 11-th encoder to optimizer...
00:52:10 - process[6]: training epoch 0 ...
00:52:21 - process[6] - epoch 0 - train iter 195 - 16121.4 words/s - loss: 0.6652
00:52:21 - process[6]: training epoch 1 ...
00:52:31 - process[6] - epoch 1 - train iter 195 - 17103.3 words/s - loss: 0.4932
00:52:31 - process[6]: training epoch 2 ...
00:52:42 - process[6] - epoch 2 - train iter 195 - 16647.7 words/s - loss: 0.4863
00:52:42 - process[6]: training epoch 3 ...
00:52:52 - process[6] - epoch 3 - train iter 195 - 16913.7 words/s - loss: 0.4428
00:52:52 - process[6]: training epoch 4 ...
00:53:02 - process[6] - epoch 4 - train iter 195 - 17244.8 words/s - loss: 0.4199
00:53:02 - process[6]: training epoch 5 ...
00:53:14 - process[6] - epoch 5 - train iter 195 - 15631.3 words/s - loss: 0.4062
00:53:14 - process[6]: training epoch 6 ...
00:53:25 - process[6] - epoch 6 - train iter 195 - 16507.1 words/s - loss: 0.4370
00:53:25 - process[6]: training epoch 7 ...
00:53:36 - process[6] - epoch 7 - train iter 195 - 15782.7 words/s - loss: 0.4079
00:53:36 - process[6]: training epoch 8 ...
00:53:47 - process[6] - epoch 8 - train iter 195 - 15739.5 words/s - loss: 0.3930
00:53:47 - process[6]: training epoch 9 ...
00:53:58 - process[6] - epoch 9 - train iter 195 - 15357.6 words/s - loss: 0.3894
00:53:58 - process[6]: training epoch 10 ...
00:54:08 - process[6] - epoch 10 - train iter 195 - 17784.9 words/s - loss: 0.4147
00:54:08 - process[6]: evaluating epoch 10 on dev ...
00:54:53 - dev set during evaluation: 14470/14463
00:54:53 - process[6] - dev - epoch 10 - mAP: 0.429 w/ 35 queries
00:54:53 - process[6]: evaluating epoch 10 on test ...
00:55:39 - test set during evaluation: 14160/14157
00:55:39 - process[6] - test - epoch 10 - mAP: 0.502 w/ 35 queries
00:55:39 - process[6]: training epoch 11 ...
00:55:50 - process[6] - epoch 11 - train iter 195 - 16063.8 words/s - loss: 0.4038
00:55:50 - process[6]: evaluating epoch 11 on dev ...
00:56:33 - dev set during evaluation: 14470/14463
00:56:33 - process[6] - dev - epoch 11 - mAP: 0.455 w/ 35 queries
00:56:33 - process[6]: evaluating epoch 11 on test ...
00:57:23 - test set during evaluation: 14160/14157
00:57:23 - process[6] - test - epoch 11 - mAP: 0.519 w/ 35 queries
00:57:23 - process[6]: training epoch 12 ...
00:57:33 - process[6] - epoch 12 - train iter 195 - 17218.6 words/s - loss: 0.3791
00:57:33 - process[6]: evaluating epoch 12 on dev ...
00:58:16 - dev set during evaluation: 14470/14463
00:58:16 - process[6] - dev - epoch 12 - mAP: 0.443 w/ 35 queries
00:58:16 - process[6]: training epoch 13 ...
00:58:27 - process[6] - epoch 13 - train iter 195 - 15795.8 words/s - loss: 0.3969
00:58:27 - process[6]: evaluating epoch 13 on dev ...
00:59:09 - dev set during evaluation: 14470/14463
00:59:09 - process[6] - dev - epoch 13 - mAP: 0.464 w/ 35 queries
00:59:09 - process[6]: evaluating epoch 13 on test ...
00:59:54 - test set during evaluation: 14160/14157
00:59:54 - process[6] - test - epoch 13 - mAP: 0.487 w/ 35 queries
00:59:54 - process[6]: training epoch 14 ...
01:00:05 - process[6] - epoch 14 - train iter 195 - 16449.1 words/s - loss: 0.3278
01:00:05 - process[6]: evaluating epoch 14 on dev ...
01:00:48 - dev set during evaluation: 14470/14463
01:00:48 - process[6] - dev - epoch 14 - mAP: 0.429 w/ 35 queries
01:00:48 - process[6]: training epoch 15 ...
01:00:58 - process[6] - epoch 15 - train iter 195 - 16412.6 words/s - loss: 0.3828
01:00:58 - process[6]: evaluating epoch 15 on dev ...
01:01:40 - dev set during evaluation: 14470/14463
01:01:40 - process[6] - dev - epoch 15 - mAP: 0.386 w/ 35 queries
01:01:40 - process[6]: training epoch 16 ...
01:01:50 - process[6] - epoch 16 - train iter 195 - 17280.2 words/s - loss: 0.3627
01:01:50 - process[6]: evaluating epoch 16 on dev ...
01:02:34 - dev set during evaluation: 14470/14463
01:02:34 - process[6] - dev - epoch 16 - mAP: 0.443 w/ 35 queries
01:02:34 - process[6]: training epoch 17 ...
01:02:43 - process[6] - epoch 17 - train iter 195 - 18065.3 words/s - loss: 0.3485
01:02:43 - process[6]: evaluating epoch 17 on dev ...
01:03:27 - dev set during evaluation: 14470/14463
01:03:27 - process[6] - dev - epoch 17 - mAP: 0.442 w/ 35 queries
01:03:27 - process[6]: training epoch 18 ...
01:03:36 - process[6] - epoch 18 - train iter 195 - 17550.5 words/s - loss: 0.4104
01:03:36 - process[6]: evaluating epoch 18 on dev ...
01:04:19 - dev set during evaluation: 14470/14463
01:04:19 - process[6] - dev - epoch 18 - mAP: 0.426 w/ 35 queries
01:04:19 - process[6]: training epoch 19 ...
01:04:30 - process[6] - epoch 19 - train iter 195 - 15533.4 words/s - loss: 0.3462
01:04:30 - process[6]: evaluating epoch 19 on dev ...
01:05:12 - dev set during evaluation: 14470/14463
01:05:12 - process[6] - dev - epoch 19 - mAP: 0.460 w/ 35 queries
01:05:12 - [fold 5] best test MAP: 0.487 @ epoch 13
01:05:12 - [0.45783074077277713, 0.4601811630234296, 0.39753262999113903, 0.42220144011524063, 0.48695537819827367]
01:05:12 - [35, 36, 35, 35, 35]
01:05:12 - final MAP: 0.445
