00:00:05 - Namespace(apex_level='O2', batch_size=8, cased=False, dataset='clef', debug=False, encoder_lr=2e-05, eval_step=1, full_doc_length=True, local_rank=8, model_path='bert-base-multilingual-uncased', model_type='mbert', num_epochs=20, num_ft_encoders=3, num_neg=1, projector_lr=2e-05, seed=611, source_lang='de', target_lang='fr')
00:00:15 - Evaluating every 1 epochs ...
00:00:15 - reading data from /mnt/home/puxuan/CLIR-project/Evaluation_data/process-clef/uncased
00:00:15 - test has 37 queries ...
00:00:15 - Data reading done ...
00:00:21 - adding 9-th encoder to optimizer...
00:00:21 - adding 10-th encoder to optimizer...
00:00:21 - adding 11-th encoder to optimizer...
00:00:21 - process[8]: training epoch 0 ...
00:00:31 - process[8] - epoch 0 - train iter 241 - 19192.7 words/s - loss: 0.6620
00:00:31 - process[8]: training epoch 1 ...
00:00:41 - process[8] - epoch 1 - train iter 241 - 21368.7 words/s - loss: 0.6298
00:00:41 - process[8]: training epoch 2 ...
00:00:50 - process[8] - epoch 2 - train iter 241 - 20767.4 words/s - loss: 0.5748
00:00:50 - process[8]: training epoch 3 ...
00:00:59 - process[8] - epoch 3 - train iter 241 - 22517.5 words/s - loss: 0.5593
00:00:59 - process[8]: training epoch 4 ...
00:01:07 - process[8] - epoch 4 - train iter 241 - 22724.7 words/s - loss: 0.5305
00:01:07 - process[8]: training epoch 5 ...
00:01:16 - process[8] - epoch 5 - train iter 241 - 22050.2 words/s - loss: 0.5512
00:01:16 - process[8]: training epoch 6 ...
00:01:26 - process[8] - epoch 6 - train iter 241 - 20668.8 words/s - loss: 0.4470
00:01:26 - process[8]: training epoch 7 ...
00:01:34 - process[8] - epoch 7 - train iter 241 - 21702.1 words/s - loss: 0.4970
00:01:34 - process[8]: training epoch 8 ...
00:01:43 - process[8] - epoch 8 - train iter 241 - 22361.9 words/s - loss: 0.4781
00:01:43 - process[8]: training epoch 9 ...
00:01:52 - process[8] - epoch 9 - train iter 241 - 22349.2 words/s - loss: 0.4640
00:01:52 - process[8]: training epoch 10 ...
00:02:01 - process[8] - epoch 10 - train iter 241 - 22287.8 words/s - loss: 0.4887
00:02:01 - process[8]: evaluating epoch 10 on dev ...
00:02:21 - process[8] - dev - epoch 10 - mAP: 0.393 w/ 37 queries
00:02:21 - process[8]: evaluating epoch 10 on test ...
00:02:40 - test set during evaluation: 11380/11372
00:02:40 - process[8] - test - epoch 10 - mAP: 0.454 w/ 37 queries
00:02:40 - process[8]: training epoch 11 ...
00:02:50 - process[8] - epoch 11 - train iter 241 - 20588.3 words/s - loss: 0.4995
00:02:50 - process[8]: evaluating epoch 11 on dev ...
00:03:08 - process[8] - dev - epoch 11 - mAP: 0.389 w/ 37 queries
00:03:08 - process[8]: training epoch 12 ...
00:03:18 - process[8] - epoch 12 - train iter 241 - 20344.3 words/s - loss: 0.4459
00:03:18 - process[8]: evaluating epoch 12 on dev ...
00:03:35 - process[8] - dev - epoch 12 - mAP: 0.396 w/ 37 queries
00:03:35 - process[8]: evaluating epoch 12 on test ...
00:03:54 - test set during evaluation: 11380/11372
00:03:54 - process[8] - test - epoch 12 - mAP: 0.436 w/ 37 queries
00:03:54 - process[8]: training epoch 13 ...
00:04:03 - process[8] - epoch 13 - train iter 241 - 22232.6 words/s - loss: 0.4260
00:04:03 - process[8]: evaluating epoch 13 on dev ...
00:04:21 - process[8] - dev - epoch 13 - mAP: 0.404 w/ 37 queries
00:04:21 - process[8]: evaluating epoch 13 on test ...
00:04:40 - test set during evaluation: 11380/11372
00:04:40 - process[8] - test - epoch 13 - mAP: 0.488 w/ 37 queries
00:04:40 - process[8]: training epoch 14 ...
00:04:49 - process[8] - epoch 14 - train iter 241 - 21938.5 words/s - loss: 0.4548
00:04:49 - process[8]: evaluating epoch 14 on dev ...
00:05:07 - process[8] - dev - epoch 14 - mAP: 0.408 w/ 37 queries
00:05:07 - process[8]: evaluating epoch 14 on test ...
00:05:26 - test set during evaluation: 11380/11372
00:05:26 - process[8] - test - epoch 14 - mAP: 0.484 w/ 37 queries
00:05:26 - process[8]: training epoch 15 ...
00:05:35 - process[8] - epoch 15 - train iter 241 - 22679.5 words/s - loss: 0.4463
00:05:35 - process[8]: evaluating epoch 15 on dev ...
00:05:53 - process[8] - dev - epoch 15 - mAP: 0.397 w/ 37 queries
00:05:53 - process[8]: training epoch 16 ...
00:06:02 - process[8] - epoch 16 - train iter 241 - 23120.1 words/s - loss: 0.4591
00:06:02 - process[8]: evaluating epoch 16 on dev ...
00:06:21 - process[8] - dev - epoch 16 - mAP: 0.407 w/ 37 queries
00:06:21 - process[8]: training epoch 17 ...
00:06:30 - process[8] - epoch 17 - train iter 241 - 22707.0 words/s - loss: 0.4291
00:06:30 - process[8]: evaluating epoch 17 on dev ...
00:06:48 - process[8] - dev - epoch 17 - mAP: 0.409 w/ 37 queries
00:06:48 - process[8]: evaluating epoch 17 on test ...
00:07:07 - test set during evaluation: 11380/11372
00:07:07 - process[8] - test - epoch 17 - mAP: 0.482 w/ 37 queries
00:07:07 - process[8]: training epoch 18 ...
00:07:16 - process[8] - epoch 18 - train iter 241 - 20862.9 words/s - loss: 0.4472
00:07:16 - process[8]: evaluating epoch 18 on dev ...
00:07:34 - process[8] - dev - epoch 18 - mAP: 0.402 w/ 37 queries
00:07:34 - process[8]: training epoch 19 ...
00:07:44 - process[8] - epoch 19 - train iter 241 - 22038.7 words/s - loss: 0.4226
00:07:44 - process[8]: evaluating epoch 19 on dev ...
00:08:02 - process[8] - dev - epoch 19 - mAP: 0.415 w/ 37 queries
00:08:02 - process[8]: evaluating epoch 19 on test ...
00:08:21 - test set during evaluation: 11380/11372
00:08:21 - process[8] - test - epoch 19 - mAP: 0.482 w/ 37 queries
00:08:21 - [fold 1] best test MAP: 0.482 @ epoch 19
00:08:21 - Evaluating every 1 epochs ...
00:08:21 - reading data from /mnt/home/puxuan/CLIR-project/Evaluation_data/process-clef/uncased
00:08:21 - test has 37 queries ...
00:08:21 - Data reading done ...
00:08:23 - adding 9-th encoder to optimizer...
00:08:23 - adding 10-th encoder to optimizer...
00:08:23 - adding 11-th encoder to optimizer...
00:08:23 - process[8]: training epoch 0 ...
00:08:34 - process[8] - epoch 0 - train iter 276 - 21447.0 words/s - loss: 0.6313
00:08:34 - process[8]: training epoch 1 ...
00:08:45 - process[8] - epoch 1 - train iter 276 - 20281.6 words/s - loss: 0.6098
00:08:45 - process[8]: training epoch 2 ...
00:08:57 - process[8] - epoch 2 - train iter 276 - 19160.7 words/s - loss: 0.5852
00:08:57 - process[8]: training epoch 3 ...
00:09:07 - process[8] - epoch 3 - train iter 276 - 22456.7 words/s - loss: 0.5617
00:09:07 - process[8]: training epoch 4 ...
00:09:17 - process[8] - epoch 4 - train iter 276 - 21470.2 words/s - loss: 0.5641
00:09:17 - process[8]: training epoch 5 ...
00:09:27 - process[8] - epoch 5 - train iter 276 - 22337.8 words/s - loss: 0.4929
00:09:27 - process[8]: training epoch 6 ...
00:09:37 - process[8] - epoch 6 - train iter 276 - 21835.7 words/s - loss: 0.5188
00:09:37 - process[8]: training epoch 7 ...
00:09:48 - process[8] - epoch 7 - train iter 276 - 21398.9 words/s - loss: 0.5065
00:09:48 - process[8]: training epoch 8 ...
00:09:58 - process[8] - epoch 8 - train iter 276 - 20802.2 words/s - loss: 0.5024
00:09:58 - process[8]: training epoch 9 ...
00:10:09 - process[8] - epoch 9 - train iter 276 - 21341.8 words/s - loss: 0.4543
00:10:09 - process[8]: training epoch 10 ...
00:10:20 - process[8] - epoch 10 - train iter 276 - 21300.6 words/s - loss: 0.4403
00:10:20 - process[8]: evaluating epoch 10 on dev ...
00:10:44 - dev set during evaluation: 11380/11372
00:10:44 - process[8] - dev - epoch 10 - mAP: 0.437 w/ 37 queries
00:10:44 - process[8]: evaluating epoch 10 on test ...
00:11:01 - process[8] - test - epoch 10 - mAP: 0.365 w/ 37 queries
00:11:01 - process[8]: training epoch 11 ...
00:11:12 - process[8] - epoch 11 - train iter 276 - 21364.6 words/s - loss: 0.4892
00:11:12 - process[8]: evaluating epoch 11 on dev ...
00:11:31 - dev set during evaluation: 11380/11372
00:11:31 - process[8] - dev - epoch 11 - mAP: 0.461 w/ 37 queries
00:11:31 - process[8]: evaluating epoch 11 on test ...
00:11:48 - process[8] - test - epoch 11 - mAP: 0.383 w/ 37 queries
00:11:48 - process[8]: training epoch 12 ...
00:11:59 - process[8] - epoch 12 - train iter 276 - 21405.8 words/s - loss: 0.4715
00:11:59 - process[8]: evaluating epoch 12 on dev ...
00:12:17 - dev set during evaluation: 11380/11372
00:12:17 - process[8] - dev - epoch 12 - mAP: 0.436 w/ 37 queries
00:12:17 - process[8]: training epoch 13 ...
00:12:28 - process[8] - epoch 13 - train iter 276 - 22169.8 words/s - loss: 0.4257
00:12:28 - process[8]: evaluating epoch 13 on dev ...
00:12:47 - dev set during evaluation: 11380/11372
00:12:47 - process[8] - dev - epoch 13 - mAP: 0.443 w/ 37 queries
00:12:47 - process[8]: training epoch 14 ...
00:12:57 - process[8] - epoch 14 - train iter 276 - 22484.0 words/s - loss: 0.4357
00:12:57 - process[8]: evaluating epoch 14 on dev ...
00:13:16 - dev set during evaluation: 11380/11372
00:13:16 - process[8] - dev - epoch 14 - mAP: 0.423 w/ 37 queries
00:13:16 - process[8]: training epoch 15 ...
00:13:27 - process[8] - epoch 15 - train iter 276 - 21021.1 words/s - loss: 0.4133
00:13:27 - process[8]: evaluating epoch 15 on dev ...
00:13:45 - dev set during evaluation: 11380/11372
00:13:45 - process[8] - dev - epoch 15 - mAP: 0.460 w/ 37 queries
00:13:45 - process[8]: training epoch 16 ...
00:13:56 - process[8] - epoch 16 - train iter 276 - 21080.2 words/s - loss: 0.4389
00:13:56 - process[8]: evaluating epoch 16 on dev ...
00:14:14 - dev set during evaluation: 11380/11372
00:14:14 - process[8] - dev - epoch 16 - mAP: 0.448 w/ 37 queries
00:14:14 - process[8]: training epoch 17 ...
00:14:25 - process[8] - epoch 17 - train iter 276 - 21058.1 words/s - loss: 0.4436
00:14:25 - process[8]: evaluating epoch 17 on dev ...
00:14:44 - dev set during evaluation: 11380/11372
00:14:44 - process[8] - dev - epoch 17 - mAP: 0.475 w/ 37 queries
00:14:44 - process[8]: evaluating epoch 17 on test ...
00:15:01 - process[8] - test - epoch 17 - mAP: 0.369 w/ 37 queries
00:15:01 - process[8]: training epoch 18 ...
00:15:11 - process[8] - epoch 18 - train iter 276 - 21415.4 words/s - loss: 0.4490
00:15:11 - process[8]: evaluating epoch 18 on dev ...
00:15:30 - dev set during evaluation: 11380/11372
00:15:30 - process[8] - dev - epoch 18 - mAP: 0.480 w/ 37 queries
00:15:30 - process[8]: evaluating epoch 18 on test ...
00:15:47 - process[8] - test - epoch 18 - mAP: 0.380 w/ 37 queries
00:15:47 - process[8]: training epoch 19 ...
00:15:58 - process[8] - epoch 19 - train iter 276 - 21390.1 words/s - loss: 0.4306
00:15:58 - process[8]: evaluating epoch 19 on dev ...
00:16:18 - dev set during evaluation: 11380/11372
00:16:18 - process[8] - dev - epoch 19 - mAP: 0.491 w/ 37 queries
00:16:18 - process[8]: evaluating epoch 19 on test ...
00:16:35 - process[8] - test - epoch 19 - mAP: 0.370 w/ 37 queries
00:16:35 - [fold 2] best test MAP: 0.370 @ epoch 19
00:16:35 - Evaluating every 1 epochs ...
00:16:35 - reading data from /mnt/home/puxuan/CLIR-project/Evaluation_data/process-clef/uncased
00:16:35 - test has 37 queries ...
00:16:35 - Data reading done ...
00:16:37 - adding 9-th encoder to optimizer...
00:16:37 - adding 10-th encoder to optimizer...
00:16:37 - adding 11-th encoder to optimizer...
00:16:37 - process[8]: training epoch 0 ...
00:16:46 - process[8] - epoch 0 - train iter 240 - 20724.8 words/s - loss: 0.6504
00:16:46 - process[8]: training epoch 1 ...
00:16:56 - process[8] - epoch 1 - train iter 240 - 21394.7 words/s - loss: 0.6087
00:16:56 - process[8]: training epoch 2 ...
00:17:05 - process[8] - epoch 2 - train iter 240 - 20819.5 words/s - loss: 0.6141
00:17:05 - process[8]: training epoch 3 ...
00:17:15 - process[8] - epoch 3 - train iter 240 - 20312.9 words/s - loss: 0.5781
00:17:15 - process[8]: training epoch 4 ...
00:17:23 - process[8] - epoch 4 - train iter 240 - 22508.9 words/s - loss: 0.5277
00:17:23 - process[8]: training epoch 5 ...
00:17:32 - process[8] - epoch 5 - train iter 240 - 22015.4 words/s - loss: 0.5151
00:17:32 - process[8]: training epoch 6 ...
00:17:41 - process[8] - epoch 6 - train iter 240 - 21456.2 words/s - loss: 0.5256
00:17:41 - process[8]: training epoch 7 ...
00:17:50 - process[8] - epoch 7 - train iter 240 - 21348.6 words/s - loss: 0.5115
00:17:50 - process[8]: training epoch 8 ...
00:17:58 - process[8] - epoch 8 - train iter 240 - 21639.0 words/s - loss: 0.4885
00:17:58 - process[8]: training epoch 9 ...
00:18:07 - process[8] - epoch 9 - train iter 240 - 21133.8 words/s - loss: 0.5146
00:18:07 - process[8]: training epoch 10 ...
00:18:16 - process[8] - epoch 10 - train iter 240 - 22176.4 words/s - loss: 0.4457
00:18:16 - process[8]: evaluating epoch 10 on dev ...
00:18:35 - process[8] - dev - epoch 10 - mAP: 0.352 w/ 37 queries
00:18:35 - process[8]: evaluating epoch 10 on test ...
00:18:55 - test set during evaluation: 11210/11201
00:18:55 - process[8] - test - epoch 10 - mAP: 0.400 w/ 37 queries
00:18:55 - process[8]: training epoch 11 ...
00:19:04 - process[8] - epoch 11 - train iter 240 - 21513.3 words/s - loss: 0.4772
00:19:04 - process[8]: evaluating epoch 11 on dev ...
00:19:21 - process[8] - dev - epoch 11 - mAP: 0.368 w/ 37 queries
00:19:21 - process[8]: evaluating epoch 11 on test ...
00:19:41 - test set during evaluation: 11210/11201
00:19:41 - process[8] - test - epoch 11 - mAP: 0.389 w/ 37 queries
00:19:41 - process[8]: training epoch 12 ...
00:19:50 - process[8] - epoch 12 - train iter 240 - 20940.9 words/s - loss: 0.4414
00:19:50 - process[8]: evaluating epoch 12 on dev ...
00:20:07 - process[8] - dev - epoch 12 - mAP: 0.357 w/ 37 queries
00:20:07 - process[8]: training epoch 13 ...
00:20:16 - process[8] - epoch 13 - train iter 240 - 22564.1 words/s - loss: 0.4323
00:20:16 - process[8]: evaluating epoch 13 on dev ...
00:20:33 - process[8] - dev - epoch 13 - mAP: 0.363 w/ 37 queries
00:20:33 - process[8]: training epoch 14 ...
00:20:42 - process[8] - epoch 14 - train iter 240 - 21650.6 words/s - loss: 0.4212
00:20:42 - process[8]: evaluating epoch 14 on dev ...
00:21:00 - process[8] - dev - epoch 14 - mAP: 0.364 w/ 37 queries
00:21:00 - process[8]: training epoch 15 ...
00:21:09 - process[8] - epoch 15 - train iter 240 - 22148.8 words/s - loss: 0.4411
00:21:09 - process[8]: evaluating epoch 15 on dev ...
00:21:26 - process[8] - dev - epoch 15 - mAP: 0.359 w/ 37 queries
00:21:26 - process[8]: training epoch 16 ...
00:21:36 - process[8] - epoch 16 - train iter 240 - 20693.8 words/s - loss: 0.4432
00:21:36 - process[8]: evaluating epoch 16 on dev ...
00:21:52 - process[8] - dev - epoch 16 - mAP: 0.344 w/ 37 queries
00:21:52 - process[8]: training epoch 17 ...
00:22:01 - process[8] - epoch 17 - train iter 240 - 21691.8 words/s - loss: 0.4177
00:22:01 - process[8]: evaluating epoch 17 on dev ...
00:22:18 - process[8] - dev - epoch 17 - mAP: 0.387 w/ 37 queries
00:22:18 - process[8]: evaluating epoch 17 on test ...
00:22:38 - test set during evaluation: 11210/11201
00:22:38 - process[8] - test - epoch 17 - mAP: 0.419 w/ 37 queries
00:22:38 - process[8]: training epoch 18 ...
00:22:47 - process[8] - epoch 18 - train iter 240 - 21483.0 words/s - loss: 0.3702
00:22:47 - process[8]: evaluating epoch 18 on dev ...
00:23:04 - process[8] - dev - epoch 18 - mAP: 0.345 w/ 37 queries
00:23:04 - process[8]: training epoch 19 ...
00:23:13 - process[8] - epoch 19 - train iter 240 - 22382.6 words/s - loss: 0.4181
00:23:13 - process[8]: evaluating epoch 19 on dev ...
00:23:31 - process[8] - dev - epoch 19 - mAP: 0.360 w/ 37 queries
00:23:31 - [fold 3] best test MAP: 0.419 @ epoch 17
00:23:31 - Evaluating every 1 epochs ...
00:23:31 - reading data from /mnt/home/puxuan/CLIR-project/Evaluation_data/process-clef/uncased
00:23:31 - test has 37 queries ...
00:23:31 - Data reading done ...
00:23:32 - adding 9-th encoder to optimizer...
00:23:32 - adding 10-th encoder to optimizer...
00:23:32 - adding 11-th encoder to optimizer...
00:23:33 - process[8]: training epoch 0 ...
00:23:42 - process[8] - epoch 0 - train iter 231 - 21059.5 words/s - loss: 0.6777
00:23:42 - process[8]: training epoch 1 ...
00:23:50 - process[8] - epoch 1 - train iter 231 - 22074.5 words/s - loss: 0.6220
00:23:50 - process[8]: training epoch 2 ...
00:23:59 - process[8] - epoch 2 - train iter 231 - 22076.9 words/s - loss: 0.5666
00:23:59 - process[8]: training epoch 3 ...
00:24:07 - process[8] - epoch 3 - train iter 231 - 22129.1 words/s - loss: 0.5469
00:24:07 - process[8]: training epoch 4 ...
00:24:15 - process[8] - epoch 4 - train iter 231 - 22540.2 words/s - loss: 0.5311
00:24:15 - process[8]: training epoch 5 ...
00:24:24 - process[8] - epoch 5 - train iter 231 - 21094.7 words/s - loss: 0.5238
00:24:24 - process[8]: training epoch 6 ...
00:24:32 - process[8] - epoch 6 - train iter 231 - 21570.2 words/s - loss: 0.5056
00:24:32 - process[8]: training epoch 7 ...
00:24:40 - process[8] - epoch 7 - train iter 231 - 23160.9 words/s - loss: 0.4440
00:24:40 - process[8]: training epoch 8 ...
00:24:49 - process[8] - epoch 8 - train iter 231 - 21981.5 words/s - loss: 0.4855
00:24:49 - process[8]: training epoch 9 ...
00:24:57 - process[8] - epoch 9 - train iter 231 - 21246.3 words/s - loss: 0.4229
00:24:57 - process[8]: training epoch 10 ...
00:25:05 - process[8] - epoch 10 - train iter 231 - 22834.9 words/s - loss: 0.4828
00:25:05 - process[8]: evaluating epoch 10 on dev ...
00:25:29 - dev set during evaluation: 11210/11201
00:25:29 - process[8] - dev - epoch 10 - mAP: 0.420 w/ 37 queries
00:25:29 - process[8]: evaluating epoch 10 on test ...
00:25:47 - test set during evaluation: 10640/10633
00:25:47 - process[8] - test - epoch 10 - mAP: 0.305 w/ 37 queries
00:25:47 - process[8]: training epoch 11 ...
00:25:56 - process[8] - epoch 11 - train iter 231 - 21619.5 words/s - loss: 0.4955
00:25:56 - process[8]: evaluating epoch 11 on dev ...
00:26:16 - dev set during evaluation: 11210/11201
00:26:16 - process[8] - dev - epoch 11 - mAP: 0.440 w/ 37 queries
00:26:16 - process[8]: evaluating epoch 11 on test ...
00:26:33 - test set during evaluation: 10640/10633
00:26:33 - process[8] - test - epoch 11 - mAP: 0.313 w/ 37 queries
00:26:33 - process[8]: training epoch 12 ...
00:26:42 - process[8] - epoch 12 - train iter 231 - 21802.4 words/s - loss: 0.4617
00:26:42 - process[8]: evaluating epoch 12 on dev ...
00:27:02 - dev set during evaluation: 11210/11201
00:27:02 - process[8] - dev - epoch 12 - mAP: 0.436 w/ 37 queries
00:27:02 - process[8]: training epoch 13 ...
00:27:10 - process[8] - epoch 13 - train iter 231 - 22952.8 words/s - loss: 0.4952
00:27:10 - process[8]: evaluating epoch 13 on dev ...
00:27:31 - dev set during evaluation: 11210/11201
00:27:31 - process[8] - dev - epoch 13 - mAP: 0.402 w/ 37 queries
00:27:31 - process[8]: training epoch 14 ...
00:27:39 - process[8] - epoch 14 - train iter 231 - 21338.3 words/s - loss: 0.4223
00:27:39 - process[8]: evaluating epoch 14 on dev ...
00:27:59 - dev set during evaluation: 11210/11201
00:27:59 - process[8] - dev - epoch 14 - mAP: 0.434 w/ 37 queries
00:27:59 - process[8]: training epoch 15 ...
00:28:08 - process[8] - epoch 15 - train iter 231 - 20113.9 words/s - loss: 0.4555
00:28:08 - process[8]: evaluating epoch 15 on dev ...
00:28:27 - dev set during evaluation: 11210/11201
00:28:27 - process[8] - dev - epoch 15 - mAP: 0.428 w/ 37 queries
00:28:27 - process[8]: training epoch 16 ...
00:28:35 - process[8] - epoch 16 - train iter 231 - 22466.4 words/s - loss: 0.4373
00:28:35 - process[8]: evaluating epoch 16 on dev ...
00:28:55 - dev set during evaluation: 11210/11201
00:28:55 - process[8] - dev - epoch 16 - mAP: 0.425 w/ 37 queries
00:28:55 - process[8]: training epoch 17 ...
00:29:04 - process[8] - epoch 17 - train iter 231 - 20865.3 words/s - loss: 0.4321
00:29:04 - process[8]: evaluating epoch 17 on dev ...
00:29:23 - dev set during evaluation: 11210/11201
00:29:23 - process[8] - dev - epoch 17 - mAP: 0.433 w/ 37 queries
00:29:23 - process[8]: training epoch 18 ...
00:29:32 - process[8] - epoch 18 - train iter 231 - 21036.6 words/s - loss: 0.3951
00:29:32 - process[8]: evaluating epoch 18 on dev ...
00:29:52 - dev set during evaluation: 11210/11201
00:29:52 - process[8] - dev - epoch 18 - mAP: 0.432 w/ 37 queries
00:29:52 - process[8]: training epoch 19 ...
00:30:00 - process[8] - epoch 19 - train iter 231 - 22491.6 words/s - loss: 0.4104
00:30:00 - process[8]: evaluating epoch 19 on dev ...
00:30:20 - dev set during evaluation: 11210/11201
00:30:20 - process[8] - dev - epoch 19 - mAP: 0.426 w/ 37 queries
00:30:20 - [fold 4] best test MAP: 0.313 @ epoch 11
00:30:20 - Evaluating every 1 epochs ...
00:30:20 - reading data from /mnt/home/puxuan/CLIR-project/Evaluation_data/process-clef/uncased
00:30:21 - test has 37 queries ...
00:30:21 - Data reading done ...
00:30:22 - adding 9-th encoder to optimizer...
00:30:22 - adding 10-th encoder to optimizer...
00:30:22 - adding 11-th encoder to optimizer...
00:30:22 - process[8]: training epoch 0 ...
00:30:31 - process[8] - epoch 0 - train iter 235 - 22430.3 words/s - loss: 0.6504
00:30:31 - process[8]: training epoch 1 ...
00:30:40 - process[8] - epoch 1 - train iter 235 - 21791.2 words/s - loss: 0.6208
00:30:40 - process[8]: training epoch 2 ...
00:30:49 - process[8] - epoch 2 - train iter 235 - 21984.0 words/s - loss: 0.6021
00:30:49 - process[8]: training epoch 3 ...
00:30:58 - process[8] - epoch 3 - train iter 235 - 21888.5 words/s - loss: 0.5678
00:30:58 - process[8]: training epoch 4 ...
00:31:07 - process[8] - epoch 4 - train iter 235 - 22049.3 words/s - loss: 0.5299
00:31:07 - process[8]: training epoch 5 ...
00:31:15 - process[8] - epoch 5 - train iter 235 - 21465.1 words/s - loss: 0.5515
00:31:15 - process[8]: training epoch 6 ...
00:31:25 - process[8] - epoch 6 - train iter 235 - 20592.4 words/s - loss: 0.5407
00:31:25 - process[8]: training epoch 7 ...
00:31:33 - process[8] - epoch 7 - train iter 235 - 22175.7 words/s - loss: 0.4998
00:31:33 - process[8]: training epoch 8 ...
00:31:42 - process[8] - epoch 8 - train iter 235 - 21872.4 words/s - loss: 0.5280
00:31:42 - process[8]: training epoch 9 ...
00:31:51 - process[8] - epoch 9 - train iter 235 - 22032.9 words/s - loss: 0.4949
00:31:51 - process[8]: training epoch 10 ...
00:32:00 - process[8] - epoch 10 - train iter 235 - 22309.7 words/s - loss: 0.4768
00:32:00 - process[8]: evaluating epoch 10 on dev ...
00:32:20 - dev set during evaluation: 10640/10633
00:32:20 - process[8] - dev - epoch 10 - mAP: 0.306 w/ 37 queries
00:32:20 - process[8]: evaluating epoch 10 on test ...
00:32:38 - process[8] - test - epoch 10 - mAP: 0.383 w/ 37 queries
00:32:38 - process[8]: training epoch 11 ...
00:32:47 - process[8] - epoch 11 - train iter 235 - 22283.9 words/s - loss: 0.4622
00:32:47 - process[8]: evaluating epoch 11 on dev ...
00:33:06 - dev set during evaluation: 10640/10633
00:33:06 - process[8] - dev - epoch 11 - mAP: 0.281 w/ 37 queries
00:33:06 - process[8]: training epoch 12 ...
00:33:14 - process[8] - epoch 12 - train iter 235 - 22428.9 words/s - loss: 0.4252
00:33:14 - process[8]: evaluating epoch 12 on dev ...
00:33:33 - dev set during evaluation: 10640/10633
00:33:33 - process[8] - dev - epoch 12 - mAP: 0.307 w/ 37 queries
00:33:33 - process[8]: evaluating epoch 12 on test ...
00:33:51 - process[8] - test - epoch 12 - mAP: 0.389 w/ 37 queries
00:33:51 - process[8]: training epoch 13 ...
00:34:00 - process[8] - epoch 13 - train iter 235 - 20966.4 words/s - loss: 0.4948
00:34:00 - process[8]: evaluating epoch 13 on dev ...
00:34:18 - dev set during evaluation: 10640/10633
00:34:18 - process[8] - dev - epoch 13 - mAP: 0.308 w/ 37 queries
00:34:18 - process[8]: evaluating epoch 13 on test ...
00:34:37 - process[8] - test - epoch 13 - mAP: 0.384 w/ 37 queries
00:34:37 - process[8]: training epoch 14 ...
00:34:46 - process[8] - epoch 14 - train iter 235 - 21658.2 words/s - loss: 0.4534
00:34:46 - process[8]: evaluating epoch 14 on dev ...
00:35:03 - dev set during evaluation: 10640/10633
00:35:03 - process[8] - dev - epoch 14 - mAP: 0.320 w/ 37 queries
00:35:03 - process[8]: evaluating epoch 14 on test ...
00:35:22 - process[8] - test - epoch 14 - mAP: 0.387 w/ 37 queries
00:35:22 - process[8]: training epoch 15 ...
00:35:31 - process[8] - epoch 15 - train iter 235 - 21434.1 words/s - loss: 0.4606
00:35:31 - process[8]: evaluating epoch 15 on dev ...
00:35:48 - dev set during evaluation: 10640/10633
00:35:48 - process[8] - dev - epoch 15 - mAP: 0.309 w/ 37 queries
00:35:48 - process[8]: training epoch 16 ...
00:35:57 - process[8] - epoch 16 - train iter 235 - 21760.9 words/s - loss: 0.4323
00:35:57 - process[8]: evaluating epoch 16 on dev ...
00:36:15 - dev set during evaluation: 10640/10633
00:36:15 - process[8] - dev - epoch 16 - mAP: 0.305 w/ 37 queries
00:36:15 - process[8]: training epoch 17 ...
00:36:24 - process[8] - epoch 17 - train iter 235 - 21774.6 words/s - loss: 0.4663
00:36:24 - process[8]: evaluating epoch 17 on dev ...
00:36:42 - dev set during evaluation: 10640/10633
00:36:42 - process[8] - dev - epoch 17 - mAP: 0.335 w/ 37 queries
00:36:42 - process[8]: evaluating epoch 17 on test ...
00:37:00 - process[8] - test - epoch 17 - mAP: 0.390 w/ 37 queries
00:37:00 - process[8]: training epoch 18 ...
00:37:08 - process[8] - epoch 18 - train iter 235 - 22691.2 words/s - loss: 0.4539
00:37:08 - process[8]: evaluating epoch 18 on dev ...
00:37:27 - dev set during evaluation: 10640/10633
00:37:27 - process[8] - dev - epoch 18 - mAP: 0.306 w/ 37 queries
00:37:27 - process[8]: training epoch 19 ...
00:37:36 - process[8] - epoch 19 - train iter 235 - 21028.6 words/s - loss: 0.4557
00:37:36 - process[8]: evaluating epoch 19 on dev ...
00:37:53 - dev set during evaluation: 10640/10633
00:37:53 - process[8] - dev - epoch 19 - mAP: 0.332 w/ 37 queries
00:37:53 - [fold 5] best test MAP: 0.390 @ epoch 17
00:37:53 - [0.48215348108732903, 0.36971732576366584, 0.4191435215929549, 0.3131571935246457, 0.39000928408435265]
00:37:53 - [37, 37, 37, 37, 37]
00:37:53 - final MAP: 0.395
