00:00:07 - Namespace(apex_level='O2', batch_size=8, cased=False, dataset='clef', debug=False, encoder_lr=2e-05, eval_step=1, full_doc_length=True, local_rank=0, model_path='/mnt/scratch/puxuan/short_qlm-rr/2186738/huggingface-9', model_type='mbert', num_epochs=20, num_ft_encoders=3, num_neg=1, projector_lr=2e-05, seed=611, source_lang='fr', target_lang='es')
00:00:18 - Evaluating every 1 epochs ...
00:00:18 - reading data from /mnt/home/puxuan/CLIR-project/Evaluation_data/process-clef/uncased
00:00:19 - test has 31 queries ...
00:00:19 - Data reading done ...
00:00:26 - adding 9-th encoder to optimizer...
00:00:26 - adding 10-th encoder to optimizer...
00:00:26 - adding 11-th encoder to optimizer...
00:00:26 - process[0]: training epoch 0 ...
00:00:43 - process[0] - epoch 0 - train iter 540 - 27301.2 words/s - loss: 0.5012
00:00:43 - process[0]: training epoch 1 ...
00:01:00 - process[0] - epoch 1 - train iter 540 - 28655.6 words/s - loss: 0.4102
00:01:00 - process[0]: training epoch 2 ...
00:01:16 - process[0] - epoch 2 - train iter 540 - 28252.6 words/s - loss: 0.3730
00:01:16 - process[0]: training epoch 3 ...
00:01:32 - process[0] - epoch 3 - train iter 540 - 28702.2 words/s - loss: 0.3781
00:01:32 - process[0]: training epoch 4 ...
00:01:49 - process[0] - epoch 4 - train iter 540 - 28480.3 words/s - loss: 0.3248
00:01:49 - process[0]: training epoch 5 ...
00:02:05 - process[0] - epoch 5 - train iter 540 - 28688.2 words/s - loss: 0.3310
00:02:05 - process[0]: training epoch 6 ...
00:02:22 - process[0] - epoch 6 - train iter 540 - 28267.1 words/s - loss: 0.3345
00:02:22 - process[0]: training epoch 7 ...
00:02:38 - process[0] - epoch 7 - train iter 540 - 28400.2 words/s - loss: 0.3092
00:02:38 - process[0]: training epoch 8 ...
00:02:55 - process[0] - epoch 8 - train iter 540 - 28074.9 words/s - loss: 0.3371
00:02:55 - process[0]: training epoch 9 ...
00:03:11 - process[0] - epoch 9 - train iter 540 - 28494.9 words/s - loss: 0.2983
00:03:11 - process[0]: training epoch 10 ...
00:03:28 - process[0] - epoch 10 - train iter 540 - 28334.1 words/s - loss: 0.2705
00:03:28 - process[0]: evaluating epoch 10 on dev ...
00:03:43 - process[0] - dev - epoch 10 - mAP: 0.548 w/ 31 queries
00:03:43 - removing file tmp_5f/mbert_fres_dev_0_10.txt
00:03:43 - removing file tmp_5f/mbert_fres_dev_2_10.txt
00:03:43 - removing file tmp_5f/mbert_fres_dev_9_10.txt
00:03:43 - removing file tmp_5f/mbert_fres_dev_5_10.txt
00:03:43 - removing file tmp_5f/mbert_fres_dev_1_10.txt
00:03:43 - removing file tmp_5f/mbert_fres_dev_6_10.txt
00:03:43 - removing file tmp_5f/mbert_fres_dev_8_10.txt
00:03:43 - removing file tmp_5f/mbert_fres_dev_4_10.txt
00:03:43 - removing file tmp_5f/mbert_fres_dev_7_10.txt
00:03:43 - removing file tmp_5f/mbert_fres_dev_3_10.txt
00:03:43 - process[0]: evaluating epoch 10 on test ...
00:03:57 - test set during evaluation: 11460/11458
00:03:57 - process[0] - test - epoch 10 - mAP: 0.587 w/ 31 queries
00:03:57 - removing file tmp_5f/mbert_fres_test_7_10.txt
00:03:57 - removing file tmp_5f/mbert_fres_test_5_10.txt
00:03:57 - removing file tmp_5f/mbert_fres_test_0_10.txt
00:03:57 - removing file tmp_5f/mbert_fres_test_6_10.txt
00:03:57 - removing file tmp_5f/mbert_fres_test_4_10.txt
00:03:57 - removing file tmp_5f/mbert_fres_test_1_10.txt
00:03:57 - removing file tmp_5f/mbert_fres_test_2_10.txt
00:03:57 - removing file tmp_5f/mbert_fres_test_8_10.txt
00:03:57 - removing file tmp_5f/mbert_fres_test_3_10.txt
00:03:57 - removing file tmp_5f/mbert_fres_test_9_10.txt
00:03:57 - process[0]: training epoch 11 ...
00:04:13 - process[0] - epoch 11 - train iter 540 - 28623.9 words/s - loss: 0.3082
00:04:13 - process[0]: evaluating epoch 11 on dev ...
00:04:27 - process[0] - dev - epoch 11 - mAP: 0.541 w/ 31 queries
00:04:27 - removing file tmp_5f/mbert_fres_dev_8_11.txt
00:04:27 - removing file tmp_5f/mbert_fres_dev_4_11.txt
00:04:27 - removing file tmp_5f/mbert_fres_dev_1_11.txt
00:04:27 - removing file tmp_5f/mbert_fres_dev_6_11.txt
00:04:27 - removing file tmp_5f/mbert_fres_dev_9_11.txt
00:04:27 - removing file tmp_5f/mbert_fres_dev_2_11.txt
00:04:27 - removing file tmp_5f/mbert_fres_dev_3_11.txt
00:04:27 - removing file tmp_5f/mbert_fres_dev_7_11.txt
00:04:27 - removing file tmp_5f/mbert_fres_dev_0_11.txt
00:04:27 - removing file tmp_5f/mbert_fres_dev_5_11.txt
00:04:27 - process[0]: training epoch 12 ...
00:04:43 - process[0] - epoch 12 - train iter 540 - 28358.6 words/s - loss: 0.2871
00:04:43 - process[0]: evaluating epoch 12 on dev ...
00:04:57 - process[0] - dev - epoch 12 - mAP: 0.548 w/ 31 queries
00:04:57 - removing file tmp_5f/mbert_fres_dev_2_12.txt
00:04:57 - removing file tmp_5f/mbert_fres_dev_3_12.txt
00:04:57 - removing file tmp_5f/mbert_fres_dev_7_12.txt
00:04:57 - removing file tmp_5f/mbert_fres_dev_8_12.txt
00:04:57 - removing file tmp_5f/mbert_fres_dev_0_12.txt
00:04:57 - removing file tmp_5f/mbert_fres_dev_6_12.txt
00:04:57 - removing file tmp_5f/mbert_fres_dev_4_12.txt
00:04:57 - removing file tmp_5f/mbert_fres_dev_1_12.txt
00:04:57 - removing file tmp_5f/mbert_fres_dev_5_12.txt
00:04:57 - removing file tmp_5f/mbert_fres_dev_9_12.txt
00:04:57 - process[0]: evaluating epoch 12 on test ...
00:05:11 - test set during evaluation: 11460/11458
00:05:11 - process[0] - test - epoch 12 - mAP: 0.582 w/ 31 queries
00:05:11 - removing file tmp_5f/mbert_fres_test_8_12.txt
00:05:11 - removing file tmp_5f/mbert_fres_test_1_12.txt
00:05:11 - removing file tmp_5f/mbert_fres_test_6_12.txt
00:05:11 - removing file tmp_5f/mbert_fres_test_5_12.txt
00:05:11 - removing file tmp_5f/mbert_fres_test_2_12.txt
00:05:11 - removing file tmp_5f/mbert_fres_test_0_12.txt
00:05:11 - removing file tmp_5f/mbert_fres_test_9_12.txt
00:05:11 - removing file tmp_5f/mbert_fres_test_3_12.txt
00:05:11 - removing file tmp_5f/mbert_fres_test_4_12.txt
00:05:11 - removing file tmp_5f/mbert_fres_test_7_12.txt
00:05:11 - process[0]: training epoch 13 ...
00:05:27 - process[0] - epoch 13 - train iter 540 - 28256.8 words/s - loss: 0.3017
00:05:27 - process[0]: evaluating epoch 13 on dev ...
00:05:41 - process[0] - dev - epoch 13 - mAP: 0.548 w/ 31 queries
00:05:41 - removing file tmp_5f/mbert_fres_dev_9_13.txt
00:05:41 - removing file tmp_5f/mbert_fres_dev_6_13.txt
00:05:41 - removing file tmp_5f/mbert_fres_dev_3_13.txt
00:05:41 - removing file tmp_5f/mbert_fres_dev_1_13.txt
00:05:41 - removing file tmp_5f/mbert_fres_dev_5_13.txt
00:05:41 - removing file tmp_5f/mbert_fres_dev_7_13.txt
00:05:41 - removing file tmp_5f/mbert_fres_dev_8_13.txt
00:05:41 - removing file tmp_5f/mbert_fres_dev_2_13.txt
00:05:41 - removing file tmp_5f/mbert_fres_dev_4_13.txt
00:05:41 - removing file tmp_5f/mbert_fres_dev_0_13.txt
00:05:41 - process[0]: evaluating epoch 13 on test ...
00:05:55 - test set during evaluation: 11460/11458
00:05:55 - process[0] - test - epoch 13 - mAP: 0.589 w/ 31 queries
00:05:55 - removing file tmp_5f/mbert_fres_test_2_13.txt
00:05:55 - removing file tmp_5f/mbert_fres_test_6_13.txt
00:05:55 - removing file tmp_5f/mbert_fres_test_4_13.txt
00:05:55 - removing file tmp_5f/mbert_fres_test_9_13.txt
00:05:55 - removing file tmp_5f/mbert_fres_test_7_13.txt
00:05:55 - removing file tmp_5f/mbert_fres_test_5_13.txt
00:05:55 - removing file tmp_5f/mbert_fres_test_8_13.txt
00:05:55 - removing file tmp_5f/mbert_fres_test_0_13.txt
00:05:55 - removing file tmp_5f/mbert_fres_test_3_13.txt
00:05:55 - removing file tmp_5f/mbert_fres_test_1_13.txt
00:05:55 - process[0]: training epoch 14 ...
00:06:12 - process[0] - epoch 14 - train iter 540 - 28160.4 words/s - loss: 0.2826
00:06:12 - process[0]: evaluating epoch 14 on dev ...
00:06:25 - process[0] - dev - epoch 14 - mAP: 0.553 w/ 31 queries
00:06:25 - removing file tmp_5f/mbert_fres_dev_2_14.txt
00:06:25 - removing file tmp_5f/mbert_fres_dev_1_14.txt
00:06:25 - removing file tmp_5f/mbert_fres_dev_9_14.txt
00:06:25 - removing file tmp_5f/mbert_fres_dev_5_14.txt
00:06:25 - removing file tmp_5f/mbert_fres_dev_0_14.txt
00:06:25 - removing file tmp_5f/mbert_fres_dev_6_14.txt
00:06:25 - removing file tmp_5f/mbert_fres_dev_7_14.txt
00:06:25 - removing file tmp_5f/mbert_fres_dev_3_14.txt
00:06:25 - removing file tmp_5f/mbert_fres_dev_4_14.txt
00:06:25 - removing file tmp_5f/mbert_fres_dev_8_14.txt
00:06:25 - process[0]: evaluating epoch 14 on test ...
00:06:39 - test set during evaluation: 11460/11458
00:06:39 - process[0] - test - epoch 14 - mAP: 0.580 w/ 31 queries
00:06:39 - removing file tmp_5f/mbert_fres_test_9_14.txt
00:06:39 - removing file tmp_5f/mbert_fres_test_8_14.txt
00:06:39 - removing file tmp_5f/mbert_fres_test_3_14.txt
00:06:39 - removing file tmp_5f/mbert_fres_test_7_14.txt
00:06:39 - removing file tmp_5f/mbert_fres_test_2_14.txt
00:06:39 - removing file tmp_5f/mbert_fres_test_0_14.txt
00:06:39 - removing file tmp_5f/mbert_fres_test_6_14.txt
00:06:39 - removing file tmp_5f/mbert_fres_test_1_14.txt
00:06:39 - removing file tmp_5f/mbert_fres_test_4_14.txt
00:06:39 - removing file tmp_5f/mbert_fres_test_5_14.txt
00:06:39 - process[0]: training epoch 15 ...
00:06:56 - process[0] - epoch 15 - train iter 540 - 28458.9 words/s - loss: 0.2577
00:06:56 - process[0]: evaluating epoch 15 on dev ...
00:07:09 - process[0] - dev - epoch 15 - mAP: 0.545 w/ 31 queries
00:07:09 - removing file tmp_5f/mbert_fres_dev_4_15.txt
00:07:09 - removing file tmp_5f/mbert_fres_dev_9_15.txt
00:07:09 - removing file tmp_5f/mbert_fres_dev_2_15.txt
00:07:09 - removing file tmp_5f/mbert_fres_dev_6_15.txt
00:07:09 - removing file tmp_5f/mbert_fres_dev_0_15.txt
00:07:09 - removing file tmp_5f/mbert_fres_dev_8_15.txt
00:07:09 - removing file tmp_5f/mbert_fres_dev_1_15.txt
00:07:09 - removing file tmp_5f/mbert_fres_dev_5_15.txt
00:07:09 - removing file tmp_5f/mbert_fres_dev_7_15.txt
00:07:09 - removing file tmp_5f/mbert_fres_dev_3_15.txt
00:07:09 - process[0]: training epoch 16 ...
00:07:26 - process[0] - epoch 16 - train iter 540 - 28358.0 words/s - loss: 0.2321
00:07:26 - process[0]: evaluating epoch 16 on dev ...
00:07:39 - process[0] - dev - epoch 16 - mAP: 0.532 w/ 31 queries
00:07:39 - removing file tmp_5f/mbert_fres_dev_9_16.txt
00:07:39 - removing file tmp_5f/mbert_fres_dev_7_16.txt
00:07:39 - removing file tmp_5f/mbert_fres_dev_8_16.txt
00:07:39 - removing file tmp_5f/mbert_fres_dev_0_16.txt
00:07:39 - removing file tmp_5f/mbert_fres_dev_5_16.txt
00:07:39 - removing file tmp_5f/mbert_fres_dev_1_16.txt
00:07:39 - removing file tmp_5f/mbert_fres_dev_2_16.txt
00:07:39 - removing file tmp_5f/mbert_fres_dev_4_16.txt
00:07:39 - removing file tmp_5f/mbert_fres_dev_3_16.txt
00:07:39 - removing file tmp_5f/mbert_fres_dev_6_16.txt
00:07:39 - process[0]: training epoch 17 ...
00:07:56 - process[0] - epoch 17 - train iter 540 - 28734.2 words/s - loss: 0.2494
00:07:56 - process[0]: evaluating epoch 17 on dev ...
00:08:09 - process[0] - dev - epoch 17 - mAP: 0.534 w/ 31 queries
00:08:09 - removing file tmp_5f/mbert_fres_dev_4_17.txt
00:08:09 - removing file tmp_5f/mbert_fres_dev_8_17.txt
00:08:09 - removing file tmp_5f/mbert_fres_dev_0_17.txt
00:08:09 - removing file tmp_5f/mbert_fres_dev_5_17.txt
00:08:09 - removing file tmp_5f/mbert_fres_dev_3_17.txt
00:08:09 - removing file tmp_5f/mbert_fres_dev_1_17.txt
00:08:09 - removing file tmp_5f/mbert_fres_dev_7_17.txt
00:08:09 - removing file tmp_5f/mbert_fres_dev_6_17.txt
00:08:09 - removing file tmp_5f/mbert_fres_dev_2_17.txt
00:08:09 - removing file tmp_5f/mbert_fres_dev_9_17.txt
00:08:09 - process[0]: training epoch 18 ...
00:08:26 - process[0] - epoch 18 - train iter 540 - 28438.5 words/s - loss: 0.2555
00:08:26 - process[0]: evaluating epoch 18 on dev ...
00:08:39 - process[0] - dev - epoch 18 - mAP: 0.538 w/ 31 queries
00:08:39 - removing file tmp_5f/mbert_fres_dev_6_18.txt
00:08:39 - removing file tmp_5f/mbert_fres_dev_7_18.txt
00:08:39 - removing file tmp_5f/mbert_fres_dev_5_18.txt
00:08:39 - removing file tmp_5f/mbert_fres_dev_3_18.txt
00:08:39 - removing file tmp_5f/mbert_fres_dev_9_18.txt
00:08:39 - removing file tmp_5f/mbert_fres_dev_1_18.txt
00:08:39 - removing file tmp_5f/mbert_fres_dev_2_18.txt
00:08:39 - removing file tmp_5f/mbert_fres_dev_4_18.txt
00:08:39 - removing file tmp_5f/mbert_fres_dev_0_18.txt
00:08:39 - removing file tmp_5f/mbert_fres_dev_8_18.txt
00:08:39 - process[0]: training epoch 19 ...
00:08:56 - process[0] - epoch 19 - train iter 540 - 28184.2 words/s - loss: 0.2888
00:08:56 - process[0]: evaluating epoch 19 on dev ...
00:09:10 - process[0] - dev - epoch 19 - mAP: 0.546 w/ 31 queries
00:09:10 - removing file tmp_5f/mbert_fres_dev_4_19.txt
00:09:10 - removing file tmp_5f/mbert_fres_dev_5_19.txt
00:09:10 - removing file tmp_5f/mbert_fres_dev_7_19.txt
00:09:10 - removing file tmp_5f/mbert_fres_dev_0_19.txt
00:09:10 - removing file tmp_5f/mbert_fres_dev_8_19.txt
00:09:10 - removing file tmp_5f/mbert_fres_dev_3_19.txt
00:09:10 - removing file tmp_5f/mbert_fres_dev_1_19.txt
00:09:10 - removing file tmp_5f/mbert_fres_dev_2_19.txt
00:09:10 - removing file tmp_5f/mbert_fres_dev_6_19.txt
00:09:10 - removing file tmp_5f/mbert_fres_dev_9_19.txt
00:09:10 - [fold 1] best test MAP: 0.580 @ epoch 14
00:09:10 - Evaluating every 1 epochs ...
00:09:10 - reading data from /mnt/home/puxuan/CLIR-project/Evaluation_data/process-clef/uncased
00:09:11 - test has 32 queries ...
00:09:11 - Data reading done ...
00:09:13 - adding 9-th encoder to optimizer...
00:09:13 - adding 10-th encoder to optimizer...
00:09:13 - adding 11-th encoder to optimizer...
00:09:13 - process[0]: training epoch 0 ...
00:09:29 - process[0] - epoch 0 - train iter 492 - 27897.6 words/s - loss: 0.4844
00:09:29 - process[0]: training epoch 1 ...
00:09:44 - process[0] - epoch 1 - train iter 492 - 28018.9 words/s - loss: 0.4088
00:09:44 - process[0]: training epoch 2 ...
00:09:59 - process[0] - epoch 2 - train iter 492 - 28216.9 words/s - loss: 0.3826
00:09:59 - process[0]: training epoch 3 ...
00:10:14 - process[0] - epoch 3 - train iter 492 - 27747.7 words/s - loss: 0.3453
00:10:14 - process[0]: training epoch 4 ...
00:10:30 - process[0] - epoch 4 - train iter 492 - 27906.7 words/s - loss: 0.3821
00:10:30 - process[0]: training epoch 5 ...
00:10:45 - process[0] - epoch 5 - train iter 492 - 28025.9 words/s - loss: 0.3158
00:10:45 - process[0]: training epoch 6 ...
00:11:01 - process[0] - epoch 6 - train iter 492 - 27826.4 words/s - loss: 0.3519
00:11:01 - process[0]: training epoch 7 ...
00:11:16 - process[0] - epoch 7 - train iter 492 - 27930.1 words/s - loss: 0.3072
00:11:16 - process[0]: training epoch 8 ...
00:11:32 - process[0] - epoch 8 - train iter 492 - 27522.3 words/s - loss: 0.3156
00:11:32 - process[0]: training epoch 9 ...
00:11:47 - process[0] - epoch 9 - train iter 492 - 27803.5 words/s - loss: 0.3340
00:11:47 - process[0]: training epoch 10 ...
00:12:02 - process[0] - epoch 10 - train iter 492 - 28209.2 words/s - loss: 0.3389
00:12:02 - process[0]: evaluating epoch 10 on dev ...
00:12:17 - dev set during evaluation: 11460/11458
00:12:17 - process[0] - dev - epoch 10 - mAP: 0.592 w/ 31 queries
00:12:17 - removing file tmp_5f/mbert_fres_dev_0_10.txt
00:12:17 - removing file tmp_5f/mbert_fres_dev_2_10.txt
00:12:17 - removing file tmp_5f/mbert_fres_dev_9_10.txt
00:12:17 - removing file tmp_5f/mbert_fres_dev_5_10.txt
00:12:17 - removing file tmp_5f/mbert_fres_dev_1_10.txt
00:12:17 - removing file tmp_5f/mbert_fres_dev_6_10.txt
00:12:17 - removing file tmp_5f/mbert_fres_dev_8_10.txt
00:12:17 - removing file tmp_5f/mbert_fres_dev_4_10.txt
00:12:17 - removing file tmp_5f/mbert_fres_dev_7_10.txt
00:12:17 - removing file tmp_5f/mbert_fres_dev_3_10.txt
00:12:17 - process[0]: evaluating epoch 10 on test ...
00:12:32 - process[0] - test - epoch 10 - mAP: 0.640 w/ 32 queries
00:12:32 - removing file tmp_5f/mbert_fres_test_7_10.txt
00:12:32 - removing file tmp_5f/mbert_fres_test_5_10.txt
00:12:32 - removing file tmp_5f/mbert_fres_test_0_10.txt
00:12:32 - removing file tmp_5f/mbert_fres_test_6_10.txt
00:12:32 - removing file tmp_5f/mbert_fres_test_4_10.txt
00:12:32 - removing file tmp_5f/mbert_fres_test_1_10.txt
00:12:32 - removing file tmp_5f/mbert_fres_test_2_10.txt
00:12:32 - removing file tmp_5f/mbert_fres_test_8_10.txt
00:12:32 - removing file tmp_5f/mbert_fres_test_3_10.txt
00:12:32 - removing file tmp_5f/mbert_fres_test_9_10.txt
00:12:32 - process[0]: training epoch 11 ...
00:12:47 - process[0] - epoch 11 - train iter 492 - 28059.9 words/s - loss: 0.2876
00:12:47 - process[0]: evaluating epoch 11 on dev ...
00:13:02 - dev set during evaluation: 11460/11458
00:13:02 - process[0] - dev - epoch 11 - mAP: 0.589 w/ 31 queries
00:13:02 - removing file tmp_5f/mbert_fres_dev_8_11.txt
00:13:02 - removing file tmp_5f/mbert_fres_dev_4_11.txt
00:13:02 - removing file tmp_5f/mbert_fres_dev_1_11.txt
00:13:02 - removing file tmp_5f/mbert_fres_dev_6_11.txt
00:13:02 - removing file tmp_5f/mbert_fres_dev_9_11.txt
00:13:02 - removing file tmp_5f/mbert_fres_dev_2_11.txt
00:13:02 - removing file tmp_5f/mbert_fres_dev_3_11.txt
00:13:02 - removing file tmp_5f/mbert_fres_dev_7_11.txt
00:13:02 - removing file tmp_5f/mbert_fres_dev_0_11.txt
00:13:02 - removing file tmp_5f/mbert_fres_dev_5_11.txt
00:13:02 - process[0]: training epoch 12 ...
00:13:17 - process[0] - epoch 12 - train iter 492 - 27432.7 words/s - loss: 0.2966
00:13:17 - process[0]: evaluating epoch 12 on dev ...
00:13:31 - dev set during evaluation: 11460/11458
00:13:31 - process[0] - dev - epoch 12 - mAP: 0.601 w/ 31 queries
00:13:31 - removing file tmp_5f/mbert_fres_dev_2_12.txt
00:13:31 - removing file tmp_5f/mbert_fres_dev_3_12.txt
00:13:31 - removing file tmp_5f/mbert_fres_dev_7_12.txt
00:13:31 - removing file tmp_5f/mbert_fres_dev_8_12.txt
00:13:31 - removing file tmp_5f/mbert_fres_dev_0_12.txt
00:13:31 - removing file tmp_5f/mbert_fres_dev_6_12.txt
00:13:31 - removing file tmp_5f/mbert_fres_dev_4_12.txt
00:13:31 - removing file tmp_5f/mbert_fres_dev_1_12.txt
00:13:31 - removing file tmp_5f/mbert_fres_dev_5_12.txt
00:13:31 - removing file tmp_5f/mbert_fres_dev_9_12.txt
00:13:31 - process[0]: evaluating epoch 12 on test ...
00:13:46 - process[0] - test - epoch 12 - mAP: 0.637 w/ 32 queries
00:13:46 - removing file tmp_5f/mbert_fres_test_8_12.txt
00:13:46 - removing file tmp_5f/mbert_fres_test_1_12.txt
00:13:46 - removing file tmp_5f/mbert_fres_test_6_12.txt
00:13:46 - removing file tmp_5f/mbert_fres_test_5_12.txt
00:13:46 - removing file tmp_5f/mbert_fres_test_2_12.txt
00:13:46 - removing file tmp_5f/mbert_fres_test_0_12.txt
00:13:46 - removing file tmp_5f/mbert_fres_test_9_12.txt
00:13:46 - removing file tmp_5f/mbert_fres_test_3_12.txt
00:13:46 - removing file tmp_5f/mbert_fres_test_4_12.txt
00:13:46 - removing file tmp_5f/mbert_fres_test_7_12.txt
00:13:46 - process[0]: training epoch 13 ...
00:14:02 - process[0] - epoch 13 - train iter 492 - 27994.6 words/s - loss: 0.3040
00:14:02 - process[0]: evaluating epoch 13 on dev ...
00:14:15 - dev set during evaluation: 11460/11458
00:14:15 - process[0] - dev - epoch 13 - mAP: 0.597 w/ 31 queries
00:14:15 - removing file tmp_5f/mbert_fres_dev_9_13.txt
00:14:15 - removing file tmp_5f/mbert_fres_dev_6_13.txt
00:14:15 - removing file tmp_5f/mbert_fres_dev_3_13.txt
00:14:15 - removing file tmp_5f/mbert_fres_dev_1_13.txt
00:14:15 - removing file tmp_5f/mbert_fres_dev_5_13.txt
00:14:15 - removing file tmp_5f/mbert_fres_dev_7_13.txt
00:14:15 - removing file tmp_5f/mbert_fres_dev_8_13.txt
00:14:15 - removing file tmp_5f/mbert_fres_dev_2_13.txt
00:14:15 - removing file tmp_5f/mbert_fres_dev_4_13.txt
00:14:15 - removing file tmp_5f/mbert_fres_dev_0_13.txt
00:14:15 - process[0]: training epoch 14 ...
00:14:31 - process[0] - epoch 14 - train iter 492 - 28208.4 words/s - loss: 0.3039
00:14:31 - process[0]: evaluating epoch 14 on dev ...
00:14:45 - dev set during evaluation: 11460/11458
00:14:45 - process[0] - dev - epoch 14 - mAP: 0.607 w/ 31 queries
00:14:45 - removing file tmp_5f/mbert_fres_dev_2_14.txt
00:14:45 - removing file tmp_5f/mbert_fres_dev_1_14.txt
00:14:45 - removing file tmp_5f/mbert_fres_dev_9_14.txt
00:14:45 - removing file tmp_5f/mbert_fres_dev_5_14.txt
00:14:45 - removing file tmp_5f/mbert_fres_dev_0_14.txt
00:14:45 - removing file tmp_5f/mbert_fres_dev_6_14.txt
00:14:45 - removing file tmp_5f/mbert_fres_dev_7_14.txt
00:14:45 - removing file tmp_5f/mbert_fres_dev_3_14.txt
00:14:45 - removing file tmp_5f/mbert_fres_dev_4_14.txt
00:14:45 - removing file tmp_5f/mbert_fres_dev_8_14.txt
00:14:45 - process[0]: evaluating epoch 14 on test ...
00:15:00 - process[0] - test - epoch 14 - mAP: 0.628 w/ 32 queries
00:15:00 - removing file tmp_5f/mbert_fres_test_9_14.txt
00:15:00 - removing file tmp_5f/mbert_fres_test_8_14.txt
00:15:00 - removing file tmp_5f/mbert_fres_test_3_14.txt
00:15:00 - removing file tmp_5f/mbert_fres_test_7_14.txt
00:15:00 - removing file tmp_5f/mbert_fres_test_2_14.txt
00:15:00 - removing file tmp_5f/mbert_fres_test_0_14.txt
00:15:00 - removing file tmp_5f/mbert_fres_test_6_14.txt
00:15:00 - removing file tmp_5f/mbert_fres_test_1_14.txt
00:15:00 - removing file tmp_5f/mbert_fres_test_4_14.txt
00:15:00 - removing file tmp_5f/mbert_fres_test_5_14.txt
00:15:00 - process[0]: training epoch 15 ...
00:15:15 - process[0] - epoch 15 - train iter 492 - 28307.7 words/s - loss: 0.3003
00:15:15 - process[0]: evaluating epoch 15 on dev ...
00:15:30 - dev set during evaluation: 11460/11458
00:15:30 - process[0] - dev - epoch 15 - mAP: 0.599 w/ 31 queries
00:15:30 - removing file tmp_5f/mbert_fres_dev_4_15.txt
00:15:30 - removing file tmp_5f/mbert_fres_dev_9_15.txt
00:15:30 - removing file tmp_5f/mbert_fres_dev_2_15.txt
00:15:30 - removing file tmp_5f/mbert_fres_dev_6_15.txt
00:15:30 - removing file tmp_5f/mbert_fres_dev_0_15.txt
00:15:30 - removing file tmp_5f/mbert_fres_dev_8_15.txt
00:15:30 - removing file tmp_5f/mbert_fres_dev_1_15.txt
00:15:30 - removing file tmp_5f/mbert_fres_dev_5_15.txt
00:15:30 - removing file tmp_5f/mbert_fres_dev_7_15.txt
00:15:30 - removing file tmp_5f/mbert_fres_dev_3_15.txt
00:15:30 - process[0]: training epoch 16 ...
00:15:45 - process[0] - epoch 16 - train iter 492 - 28015.2 words/s - loss: 0.2771
00:15:45 - process[0]: evaluating epoch 16 on dev ...
00:15:59 - dev set during evaluation: 11460/11458
00:15:59 - process[0] - dev - epoch 16 - mAP: 0.589 w/ 31 queries
00:15:59 - removing file tmp_5f/mbert_fres_dev_9_16.txt
00:15:59 - removing file tmp_5f/mbert_fres_dev_7_16.txt
00:15:59 - removing file tmp_5f/mbert_fres_dev_8_16.txt
00:15:59 - removing file tmp_5f/mbert_fres_dev_0_16.txt
00:15:59 - removing file tmp_5f/mbert_fres_dev_5_16.txt
00:15:59 - removing file tmp_5f/mbert_fres_dev_1_16.txt
00:15:59 - removing file tmp_5f/mbert_fres_dev_2_16.txt
00:15:59 - removing file tmp_5f/mbert_fres_dev_4_16.txt
00:15:59 - removing file tmp_5f/mbert_fres_dev_3_16.txt
00:15:59 - removing file tmp_5f/mbert_fres_dev_6_16.txt
00:15:59 - process[0]: training epoch 17 ...
00:16:14 - process[0] - epoch 17 - train iter 492 - 28287.6 words/s - loss: 0.2871
00:16:14 - process[0]: evaluating epoch 17 on dev ...
00:16:28 - dev set during evaluation: 11460/11458
00:16:28 - process[0] - dev - epoch 17 - mAP: 0.604 w/ 31 queries
00:16:28 - removing file tmp_5f/mbert_fres_dev_4_17.txt
00:16:28 - removing file tmp_5f/mbert_fres_dev_8_17.txt
00:16:28 - removing file tmp_5f/mbert_fres_dev_0_17.txt
00:16:28 - removing file tmp_5f/mbert_fres_dev_5_17.txt
00:16:28 - removing file tmp_5f/mbert_fres_dev_3_17.txt
00:16:28 - removing file tmp_5f/mbert_fres_dev_1_17.txt
00:16:28 - removing file tmp_5f/mbert_fres_dev_7_17.txt
00:16:28 - removing file tmp_5f/mbert_fres_dev_6_17.txt
00:16:28 - removing file tmp_5f/mbert_fres_dev_2_17.txt
00:16:28 - removing file tmp_5f/mbert_fres_dev_9_17.txt
00:16:28 - process[0]: training epoch 18 ...
00:16:43 - process[0] - epoch 18 - train iter 492 - 28526.7 words/s - loss: 0.2873
00:16:43 - process[0]: evaluating epoch 18 on dev ...
00:16:57 - dev set during evaluation: 11460/11458
00:16:57 - process[0] - dev - epoch 18 - mAP: 0.596 w/ 31 queries
00:16:57 - removing file tmp_5f/mbert_fres_dev_6_18.txt
00:16:57 - removing file tmp_5f/mbert_fres_dev_7_18.txt
00:16:57 - removing file tmp_5f/mbert_fres_dev_5_18.txt
00:16:57 - removing file tmp_5f/mbert_fres_dev_3_18.txt
00:16:57 - removing file tmp_5f/mbert_fres_dev_9_18.txt
00:16:57 - removing file tmp_5f/mbert_fres_dev_1_18.txt
00:16:57 - removing file tmp_5f/mbert_fres_dev_2_18.txt
00:16:57 - removing file tmp_5f/mbert_fres_dev_4_18.txt
00:16:57 - removing file tmp_5f/mbert_fres_dev_0_18.txt
00:16:57 - removing file tmp_5f/mbert_fres_dev_8_18.txt
00:16:57 - process[0]: training epoch 19 ...
00:17:13 - process[0] - epoch 19 - train iter 492 - 28201.3 words/s - loss: 0.2745
00:17:13 - process[0]: evaluating epoch 19 on dev ...
00:17:27 - dev set during evaluation: 11460/11458
00:17:27 - process[0] - dev - epoch 19 - mAP: 0.599 w/ 31 queries
00:17:27 - removing file tmp_5f/mbert_fres_dev_4_19.txt
00:17:27 - removing file tmp_5f/mbert_fres_dev_5_19.txt
00:17:27 - removing file tmp_5f/mbert_fres_dev_7_19.txt
00:17:27 - removing file tmp_5f/mbert_fres_dev_0_19.txt
00:17:27 - removing file tmp_5f/mbert_fres_dev_8_19.txt
00:17:27 - removing file tmp_5f/mbert_fres_dev_3_19.txt
00:17:27 - removing file tmp_5f/mbert_fres_dev_1_19.txt
00:17:27 - removing file tmp_5f/mbert_fres_dev_2_19.txt
00:17:27 - removing file tmp_5f/mbert_fres_dev_6_19.txt
00:17:27 - removing file tmp_5f/mbert_fres_dev_9_19.txt
00:17:27 - [fold 2] best test MAP: 0.628 @ epoch 14
00:17:27 - Evaluating every 1 epochs ...
00:17:27 - reading data from /mnt/home/puxuan/CLIR-project/Evaluation_data/process-clef/uncased
00:17:28 - test has 31 queries ...
00:17:28 - Data reading done ...
00:17:30 - adding 9-th encoder to optimizer...
00:17:30 - adding 10-th encoder to optimizer...
00:17:30 - adding 11-th encoder to optimizer...
00:17:30 - process[0]: training epoch 0 ...
00:17:45 - process[0] - epoch 0 - train iter 476 - 28091.4 words/s - loss: 0.4719
00:17:45 - process[0]: training epoch 1 ...
00:18:00 - process[0] - epoch 1 - train iter 476 - 28024.3 words/s - loss: 0.4005
00:18:00 - process[0]: training epoch 2 ...
00:18:15 - process[0] - epoch 2 - train iter 476 - 28034.6 words/s - loss: 0.4015
00:18:15 - process[0]: training epoch 3 ...
00:18:29 - process[0] - epoch 3 - train iter 476 - 28123.5 words/s - loss: 0.3636
00:18:29 - process[0]: training epoch 4 ...
00:18:44 - process[0] - epoch 4 - train iter 476 - 27753.6 words/s - loss: 0.3471
00:18:44 - process[0]: training epoch 5 ...
00:18:59 - process[0] - epoch 5 - train iter 476 - 28005.3 words/s - loss: 0.3135
00:18:59 - process[0]: training epoch 6 ...
00:19:14 - process[0] - epoch 6 - train iter 476 - 28173.9 words/s - loss: 0.3351
00:19:14 - process[0]: training epoch 7 ...
00:19:29 - process[0] - epoch 7 - train iter 476 - 28415.4 words/s - loss: 0.3208
00:19:29 - process[0]: training epoch 8 ...
00:19:43 - process[0] - epoch 8 - train iter 476 - 28101.3 words/s - loss: 0.2952
00:19:43 - process[0]: training epoch 9 ...
00:19:59 - process[0] - epoch 9 - train iter 476 - 27832.7 words/s - loss: 0.2779
00:19:59 - process[0]: training epoch 10 ...
00:20:13 - process[0] - epoch 10 - train iter 476 - 28039.2 words/s - loss: 0.3311
00:20:13 - process[0]: evaluating epoch 10 on dev ...
00:20:29 - process[0] - dev - epoch 10 - mAP: 0.603 w/ 32 queries
00:20:29 - removing file tmp_5f/mbert_fres_dev_0_10.txt
00:20:29 - removing file tmp_5f/mbert_fres_dev_2_10.txt
00:20:29 - removing file tmp_5f/mbert_fres_dev_9_10.txt
00:20:29 - removing file tmp_5f/mbert_fres_dev_5_10.txt
00:20:29 - removing file tmp_5f/mbert_fres_dev_1_10.txt
00:20:29 - removing file tmp_5f/mbert_fres_dev_6_10.txt
00:20:29 - removing file tmp_5f/mbert_fres_dev_8_10.txt
00:20:29 - removing file tmp_5f/mbert_fres_dev_4_10.txt
00:20:29 - removing file tmp_5f/mbert_fres_dev_7_10.txt
00:20:29 - removing file tmp_5f/mbert_fres_dev_3_10.txt
00:20:29 - process[0]: evaluating epoch 10 on test ...
00:20:43 - test set during evaluation: 11550/11545
00:20:43 - process[0] - test - epoch 10 - mAP: 0.578 w/ 31 queries
00:20:43 - removing file tmp_5f/mbert_fres_test_7_10.txt
00:20:43 - removing file tmp_5f/mbert_fres_test_5_10.txt
00:20:43 - removing file tmp_5f/mbert_fres_test_0_10.txt
00:20:43 - removing file tmp_5f/mbert_fres_test_6_10.txt
00:20:43 - removing file tmp_5f/mbert_fres_test_4_10.txt
00:20:43 - removing file tmp_5f/mbert_fres_test_1_10.txt
00:20:43 - removing file tmp_5f/mbert_fres_test_2_10.txt
00:20:43 - removing file tmp_5f/mbert_fres_test_8_10.txt
00:20:43 - removing file tmp_5f/mbert_fres_test_3_10.txt
00:20:43 - removing file tmp_5f/mbert_fres_test_9_10.txt
00:20:43 - process[0]: training epoch 11 ...
00:20:58 - process[0] - epoch 11 - train iter 476 - 27930.1 words/s - loss: 0.2774
00:20:58 - process[0]: evaluating epoch 11 on dev ...
00:21:13 - process[0] - dev - epoch 11 - mAP: 0.632 w/ 32 queries
00:21:13 - removing file tmp_5f/mbert_fres_dev_8_11.txt
00:21:13 - removing file tmp_5f/mbert_fres_dev_4_11.txt
00:21:13 - removing file tmp_5f/mbert_fres_dev_1_11.txt
00:21:13 - removing file tmp_5f/mbert_fres_dev_6_11.txt
00:21:13 - removing file tmp_5f/mbert_fres_dev_9_11.txt
00:21:13 - removing file tmp_5f/mbert_fres_dev_2_11.txt
00:21:13 - removing file tmp_5f/mbert_fres_dev_3_11.txt
00:21:13 - removing file tmp_5f/mbert_fres_dev_7_11.txt
00:21:13 - removing file tmp_5f/mbert_fres_dev_0_11.txt
00:21:13 - removing file tmp_5f/mbert_fres_dev_5_11.txt
00:21:13 - process[0]: evaluating epoch 11 on test ...
00:21:28 - test set during evaluation: 11550/11545
00:21:28 - process[0] - test - epoch 11 - mAP: 0.582 w/ 31 queries
00:21:28 - removing file tmp_5f/mbert_fres_test_9_11.txt
00:21:28 - removing file tmp_5f/mbert_fres_test_5_11.txt
00:21:28 - removing file tmp_5f/mbert_fres_test_7_11.txt
00:21:28 - removing file tmp_5f/mbert_fres_test_3_11.txt
00:21:28 - removing file tmp_5f/mbert_fres_test_8_11.txt
00:21:28 - removing file tmp_5f/mbert_fres_test_2_11.txt
00:21:28 - removing file tmp_5f/mbert_fres_test_1_11.txt
00:21:28 - removing file tmp_5f/mbert_fres_test_6_11.txt
00:21:28 - removing file tmp_5f/mbert_fres_test_4_11.txt
00:21:28 - removing file tmp_5f/mbert_fres_test_0_11.txt
00:21:28 - process[0]: training epoch 12 ...
00:21:43 - process[0] - epoch 12 - train iter 476 - 27640.1 words/s - loss: 0.2999
00:21:43 - process[0]: evaluating epoch 12 on dev ...
00:21:58 - process[0] - dev - epoch 12 - mAP: 0.631 w/ 32 queries
00:21:58 - removing file tmp_5f/mbert_fres_dev_2_12.txt
00:21:58 - removing file tmp_5f/mbert_fres_dev_3_12.txt
00:21:58 - removing file tmp_5f/mbert_fres_dev_7_12.txt
00:21:58 - removing file tmp_5f/mbert_fres_dev_8_12.txt
00:21:58 - removing file tmp_5f/mbert_fres_dev_0_12.txt
00:21:58 - removing file tmp_5f/mbert_fres_dev_6_12.txt
00:21:58 - removing file tmp_5f/mbert_fres_dev_4_12.txt
00:21:58 - removing file tmp_5f/mbert_fres_dev_1_12.txt
00:21:58 - removing file tmp_5f/mbert_fres_dev_5_12.txt
00:21:58 - removing file tmp_5f/mbert_fres_dev_9_12.txt
00:21:58 - process[0]: training epoch 13 ...
00:22:13 - process[0] - epoch 13 - train iter 476 - 28063.0 words/s - loss: 0.3026
00:22:13 - process[0]: evaluating epoch 13 on dev ...
00:22:28 - process[0] - dev - epoch 13 - mAP: 0.616 w/ 32 queries
00:22:28 - removing file tmp_5f/mbert_fres_dev_9_13.txt
00:22:28 - removing file tmp_5f/mbert_fres_dev_6_13.txt
00:22:28 - removing file tmp_5f/mbert_fres_dev_3_13.txt
00:22:28 - removing file tmp_5f/mbert_fres_dev_1_13.txt
00:22:28 - removing file tmp_5f/mbert_fres_dev_5_13.txt
00:22:28 - removing file tmp_5f/mbert_fres_dev_7_13.txt
00:22:28 - removing file tmp_5f/mbert_fres_dev_8_13.txt
00:22:28 - removing file tmp_5f/mbert_fres_dev_2_13.txt
00:22:28 - removing file tmp_5f/mbert_fres_dev_4_13.txt
00:22:28 - removing file tmp_5f/mbert_fres_dev_0_13.txt
00:22:28 - process[0]: training epoch 14 ...
00:22:43 - process[0] - epoch 14 - train iter 476 - 28003.4 words/s - loss: 0.3014
00:22:43 - process[0]: evaluating epoch 14 on dev ...
00:22:58 - process[0] - dev - epoch 14 - mAP: 0.638 w/ 32 queries
00:22:58 - removing file tmp_5f/mbert_fres_dev_2_14.txt
00:22:58 - removing file tmp_5f/mbert_fres_dev_1_14.txt
00:22:58 - removing file tmp_5f/mbert_fres_dev_9_14.txt
00:22:58 - removing file tmp_5f/mbert_fres_dev_5_14.txt
00:22:58 - removing file tmp_5f/mbert_fres_dev_0_14.txt
00:22:58 - removing file tmp_5f/mbert_fres_dev_6_14.txt
00:22:58 - removing file tmp_5f/mbert_fres_dev_7_14.txt
00:22:58 - removing file tmp_5f/mbert_fres_dev_3_14.txt
00:22:58 - removing file tmp_5f/mbert_fres_dev_4_14.txt
00:22:58 - removing file tmp_5f/mbert_fres_dev_8_14.txt
00:22:58 - process[0]: evaluating epoch 14 on test ...
00:23:13 - test set during evaluation: 11550/11545
00:23:13 - process[0] - test - epoch 14 - mAP: 0.582 w/ 31 queries
00:23:13 - removing file tmp_5f/mbert_fres_test_9_14.txt
00:23:13 - removing file tmp_5f/mbert_fres_test_8_14.txt
00:23:13 - removing file tmp_5f/mbert_fres_test_3_14.txt
00:23:13 - removing file tmp_5f/mbert_fres_test_7_14.txt
00:23:13 - removing file tmp_5f/mbert_fres_test_2_14.txt
00:23:13 - removing file tmp_5f/mbert_fres_test_0_14.txt
00:23:13 - removing file tmp_5f/mbert_fres_test_6_14.txt
00:23:13 - removing file tmp_5f/mbert_fres_test_1_14.txt
00:23:13 - removing file tmp_5f/mbert_fres_test_4_14.txt
00:23:13 - removing file tmp_5f/mbert_fres_test_5_14.txt
00:23:13 - process[0]: training epoch 15 ...
00:23:27 - process[0] - epoch 15 - train iter 476 - 28086.3 words/s - loss: 0.2953
00:23:27 - process[0]: evaluating epoch 15 on dev ...
00:23:42 - process[0] - dev - epoch 15 - mAP: 0.615 w/ 32 queries
00:23:42 - removing file tmp_5f/mbert_fres_dev_4_15.txt
00:23:42 - removing file tmp_5f/mbert_fres_dev_9_15.txt
00:23:42 - removing file tmp_5f/mbert_fres_dev_2_15.txt
00:23:42 - removing file tmp_5f/mbert_fres_dev_6_15.txt
00:23:42 - removing file tmp_5f/mbert_fres_dev_0_15.txt
00:23:42 - removing file tmp_5f/mbert_fres_dev_8_15.txt
00:23:42 - removing file tmp_5f/mbert_fres_dev_1_15.txt
00:23:42 - removing file tmp_5f/mbert_fres_dev_5_15.txt
00:23:42 - removing file tmp_5f/mbert_fres_dev_7_15.txt
00:23:42 - removing file tmp_5f/mbert_fres_dev_3_15.txt
00:23:42 - process[0]: training epoch 16 ...
00:23:57 - process[0] - epoch 16 - train iter 476 - 27860.7 words/s - loss: 0.2742
00:23:57 - process[0]: evaluating epoch 16 on dev ...
00:24:12 - process[0] - dev - epoch 16 - mAP: 0.620 w/ 32 queries
00:24:12 - removing file tmp_5f/mbert_fres_dev_9_16.txt
00:24:12 - removing file tmp_5f/mbert_fres_dev_7_16.txt
00:24:12 - removing file tmp_5f/mbert_fres_dev_8_16.txt
00:24:12 - removing file tmp_5f/mbert_fres_dev_0_16.txt
00:24:12 - removing file tmp_5f/mbert_fres_dev_5_16.txt
00:24:12 - removing file tmp_5f/mbert_fres_dev_1_16.txt
00:24:12 - removing file tmp_5f/mbert_fres_dev_2_16.txt
00:24:12 - removing file tmp_5f/mbert_fres_dev_4_16.txt
00:24:12 - removing file tmp_5f/mbert_fres_dev_3_16.txt
00:24:12 - removing file tmp_5f/mbert_fres_dev_6_16.txt
00:24:12 - process[0]: training epoch 17 ...
00:24:27 - process[0] - epoch 17 - train iter 476 - 28542.8 words/s - loss: 0.2624
00:24:27 - process[0]: evaluating epoch 17 on dev ...
00:24:42 - process[0] - dev - epoch 17 - mAP: 0.617 w/ 32 queries
00:24:42 - removing file tmp_5f/mbert_fres_dev_4_17.txt
00:24:42 - removing file tmp_5f/mbert_fres_dev_8_17.txt
00:24:42 - removing file tmp_5f/mbert_fres_dev_0_17.txt
00:24:42 - removing file tmp_5f/mbert_fres_dev_5_17.txt
00:24:42 - removing file tmp_5f/mbert_fres_dev_3_17.txt
00:24:42 - removing file tmp_5f/mbert_fres_dev_1_17.txt
00:24:42 - removing file tmp_5f/mbert_fres_dev_7_17.txt
00:24:42 - removing file tmp_5f/mbert_fres_dev_6_17.txt
00:24:42 - removing file tmp_5f/mbert_fres_dev_2_17.txt
00:24:42 - removing file tmp_5f/mbert_fres_dev_9_17.txt
00:24:42 - process[0]: training epoch 18 ...
00:24:57 - process[0] - epoch 18 - train iter 476 - 28085.5 words/s - loss: 0.2746
00:24:57 - process[0]: evaluating epoch 18 on dev ...
00:25:11 - process[0] - dev - epoch 18 - mAP: 0.607 w/ 32 queries
00:25:11 - removing file tmp_5f/mbert_fres_dev_6_18.txt
00:25:11 - removing file tmp_5f/mbert_fres_dev_7_18.txt
00:25:11 - removing file tmp_5f/mbert_fres_dev_5_18.txt
00:25:11 - removing file tmp_5f/mbert_fres_dev_3_18.txt
00:25:11 - removing file tmp_5f/mbert_fres_dev_9_18.txt
00:25:11 - removing file tmp_5f/mbert_fres_dev_1_18.txt
00:25:11 - removing file tmp_5f/mbert_fres_dev_2_18.txt
00:25:11 - removing file tmp_5f/mbert_fres_dev_4_18.txt
00:25:11 - removing file tmp_5f/mbert_fres_dev_0_18.txt
00:25:11 - removing file tmp_5f/mbert_fres_dev_8_18.txt
00:25:11 - process[0]: training epoch 19 ...
00:25:26 - process[0] - epoch 19 - train iter 476 - 28032.9 words/s - loss: 0.2677
00:25:26 - process[0]: evaluating epoch 19 on dev ...
00:25:41 - process[0] - dev - epoch 19 - mAP: 0.615 w/ 32 queries
00:25:41 - removing file tmp_5f/mbert_fres_dev_4_19.txt
00:25:41 - removing file tmp_5f/mbert_fres_dev_5_19.txt
00:25:41 - removing file tmp_5f/mbert_fres_dev_7_19.txt
00:25:41 - removing file tmp_5f/mbert_fres_dev_0_19.txt
00:25:41 - removing file tmp_5f/mbert_fres_dev_8_19.txt
00:25:41 - removing file tmp_5f/mbert_fres_dev_3_19.txt
00:25:41 - removing file tmp_5f/mbert_fres_dev_1_19.txt
00:25:41 - removing file tmp_5f/mbert_fres_dev_2_19.txt
00:25:41 - removing file tmp_5f/mbert_fres_dev_6_19.txt
00:25:41 - removing file tmp_5f/mbert_fres_dev_9_19.txt
00:25:41 - [fold 3] best test MAP: 0.582 @ epoch 14
00:25:41 - Evaluating every 1 epochs ...
00:25:41 - reading data from /mnt/home/puxuan/CLIR-project/Evaluation_data/process-clef/uncased
00:25:43 - test has 31 queries ...
00:25:43 - Data reading done ...
00:25:44 - adding 9-th encoder to optimizer...
00:25:44 - adding 10-th encoder to optimizer...
00:25:44 - adding 11-th encoder to optimizer...
00:25:44 - process[0]: training epoch 0 ...
00:25:58 - process[0] - epoch 0 - train iter 432 - 27803.2 words/s - loss: 0.5335
00:25:58 - process[0]: training epoch 1 ...
00:26:11 - process[0] - epoch 1 - train iter 432 - 28270.1 words/s - loss: 0.4266
00:26:11 - process[0]: training epoch 2 ...
00:26:25 - process[0] - epoch 2 - train iter 432 - 28262.1 words/s - loss: 0.3965
00:26:25 - process[0]: training epoch 3 ...
00:26:38 - process[0] - epoch 3 - train iter 432 - 27498.1 words/s - loss: 0.3464
00:26:38 - process[0]: training epoch 4 ...
00:26:52 - process[0] - epoch 4 - train iter 432 - 27805.0 words/s - loss: 0.3621
00:26:52 - process[0]: training epoch 5 ...
00:27:06 - process[0] - epoch 5 - train iter 432 - 28019.3 words/s - loss: 0.4092
00:27:06 - process[0]: training epoch 6 ...
00:27:19 - process[0] - epoch 6 - train iter 432 - 28155.6 words/s - loss: 0.3443
00:27:19 - process[0]: training epoch 7 ...
00:27:33 - process[0] - epoch 7 - train iter 432 - 28251.5 words/s - loss: 0.3184
00:27:33 - process[0]: training epoch 8 ...
00:27:46 - process[0] - epoch 8 - train iter 432 - 27937.8 words/s - loss: 0.3242
00:27:46 - process[0]: training epoch 9 ...
00:28:00 - process[0] - epoch 9 - train iter 432 - 27737.4 words/s - loss: 0.2942
00:28:00 - process[0]: training epoch 10 ...
00:28:13 - process[0] - epoch 10 - train iter 432 - 27917.8 words/s - loss: 0.3253
00:28:13 - process[0]: evaluating epoch 10 on dev ...
00:28:28 - dev set during evaluation: 11550/11545
00:28:28 - process[0] - dev - epoch 10 - mAP: 0.578 w/ 31 queries
00:28:28 - removing file tmp_5f/mbert_fres_dev_0_10.txt
00:28:28 - removing file tmp_5f/mbert_fres_dev_2_10.txt
00:28:28 - removing file tmp_5f/mbert_fres_dev_9_10.txt
00:28:28 - removing file tmp_5f/mbert_fres_dev_5_10.txt
00:28:28 - removing file tmp_5f/mbert_fres_dev_1_10.txt
00:28:28 - removing file tmp_5f/mbert_fres_dev_6_10.txt
00:28:28 - removing file tmp_5f/mbert_fres_dev_8_10.txt
00:28:28 - removing file tmp_5f/mbert_fres_dev_4_10.txt
00:28:28 - removing file tmp_5f/mbert_fres_dev_7_10.txt
00:28:28 - removing file tmp_5f/mbert_fres_dev_3_10.txt
00:28:28 - process[0]: evaluating epoch 10 on test ...
00:28:43 - test set during evaluation: 11320/11315
00:28:43 - process[0] - test - epoch 10 - mAP: 0.629 w/ 31 queries
00:28:43 - removing file tmp_5f/mbert_fres_test_7_10.txt
00:28:43 - removing file tmp_5f/mbert_fres_test_5_10.txt
00:28:43 - removing file tmp_5f/mbert_fres_test_0_10.txt
00:28:43 - removing file tmp_5f/mbert_fres_test_6_10.txt
00:28:43 - removing file tmp_5f/mbert_fres_test_4_10.txt
00:28:43 - removing file tmp_5f/mbert_fres_test_1_10.txt
00:28:43 - removing file tmp_5f/mbert_fres_test_2_10.txt
00:28:43 - removing file tmp_5f/mbert_fres_test_8_10.txt
00:28:43 - removing file tmp_5f/mbert_fres_test_3_10.txt
00:28:43 - removing file tmp_5f/mbert_fres_test_9_10.txt
00:28:43 - process[0]: training epoch 11 ...
00:28:56 - process[0] - epoch 11 - train iter 432 - 27948.9 words/s - loss: 0.3102
00:28:56 - process[0]: evaluating epoch 11 on dev ...
00:29:20 - dev set during evaluation: 11550/11545
00:29:20 - process[0] - dev - epoch 11 - mAP: 0.579 w/ 31 queries
00:29:20 - removing file tmp_5f/mbert_fres_dev_8_11.txt
00:29:20 - removing file tmp_5f/mbert_fres_dev_4_11.txt
00:29:20 - removing file tmp_5f/mbert_fres_dev_1_11.txt
00:29:20 - removing file tmp_5f/mbert_fres_dev_6_11.txt
00:29:20 - removing file tmp_5f/mbert_fres_dev_9_11.txt
00:29:20 - removing file tmp_5f/mbert_fres_dev_2_11.txt
00:29:20 - removing file tmp_5f/mbert_fres_dev_3_11.txt
00:29:20 - removing file tmp_5f/mbert_fres_dev_7_11.txt
00:29:20 - removing file tmp_5f/mbert_fres_dev_0_11.txt
00:29:20 - removing file tmp_5f/mbert_fres_dev_5_11.txt
00:29:20 - process[0]: evaluating epoch 11 on test ...
00:29:34 - test set during evaluation: 11320/11315
00:29:34 - process[0] - test - epoch 11 - mAP: 0.641 w/ 31 queries
00:29:34 - removing file tmp_5f/mbert_fres_test_9_11.txt
00:29:34 - removing file tmp_5f/mbert_fres_test_5_11.txt
00:29:34 - removing file tmp_5f/mbert_fres_test_7_11.txt
00:29:34 - removing file tmp_5f/mbert_fres_test_3_11.txt
00:29:34 - removing file tmp_5f/mbert_fres_test_8_11.txt
00:29:34 - removing file tmp_5f/mbert_fres_test_2_11.txt
00:29:34 - removing file tmp_5f/mbert_fres_test_1_11.txt
00:29:34 - removing file tmp_5f/mbert_fres_test_6_11.txt
00:29:34 - removing file tmp_5f/mbert_fres_test_4_11.txt
00:29:34 - removing file tmp_5f/mbert_fres_test_0_11.txt
00:29:34 - process[0]: training epoch 12 ...
00:29:48 - process[0] - epoch 12 - train iter 432 - 28142.9 words/s - loss: 0.2900
00:29:48 - process[0]: evaluating epoch 12 on dev ...
00:30:03 - dev set during evaluation: 11550/11545
00:30:03 - process[0] - dev - epoch 12 - mAP: 0.596 w/ 31 queries
00:30:03 - removing file tmp_5f/mbert_fres_dev_2_12.txt
00:30:03 - removing file tmp_5f/mbert_fres_dev_3_12.txt
00:30:03 - removing file tmp_5f/mbert_fres_dev_7_12.txt
00:30:03 - removing file tmp_5f/mbert_fres_dev_8_12.txt
00:30:03 - removing file tmp_5f/mbert_fres_dev_0_12.txt
00:30:03 - removing file tmp_5f/mbert_fres_dev_6_12.txt
00:30:03 - removing file tmp_5f/mbert_fres_dev_4_12.txt
00:30:03 - removing file tmp_5f/mbert_fres_dev_1_12.txt
00:30:03 - removing file tmp_5f/mbert_fres_dev_5_12.txt
00:30:03 - removing file tmp_5f/mbert_fres_dev_9_12.txt
00:30:03 - process[0]: evaluating epoch 12 on test ...
00:30:17 - test set during evaluation: 11320/11315
00:30:17 - process[0] - test - epoch 12 - mAP: 0.638 w/ 31 queries
00:30:17 - removing file tmp_5f/mbert_fres_test_8_12.txt
00:30:17 - removing file tmp_5f/mbert_fres_test_1_12.txt
00:30:17 - removing file tmp_5f/mbert_fres_test_6_12.txt
00:30:17 - removing file tmp_5f/mbert_fres_test_5_12.txt
00:30:17 - removing file tmp_5f/mbert_fres_test_2_12.txt
00:30:17 - removing file tmp_5f/mbert_fres_test_0_12.txt
00:30:17 - removing file tmp_5f/mbert_fres_test_9_12.txt
00:30:17 - removing file tmp_5f/mbert_fres_test_3_12.txt
00:30:17 - removing file tmp_5f/mbert_fres_test_4_12.txt
00:30:17 - removing file tmp_5f/mbert_fres_test_7_12.txt
00:30:17 - process[0]: training epoch 13 ...
00:30:31 - process[0] - epoch 13 - train iter 432 - 28063.2 words/s - loss: 0.2741
00:30:31 - process[0]: evaluating epoch 13 on dev ...
00:30:46 - dev set during evaluation: 11550/11545
00:30:46 - process[0] - dev - epoch 13 - mAP: 0.592 w/ 31 queries
00:30:46 - removing file tmp_5f/mbert_fres_dev_9_13.txt
00:30:46 - removing file tmp_5f/mbert_fres_dev_6_13.txt
00:30:46 - removing file tmp_5f/mbert_fres_dev_3_13.txt
00:30:46 - removing file tmp_5f/mbert_fres_dev_1_13.txt
00:30:46 - removing file tmp_5f/mbert_fres_dev_5_13.txt
00:30:46 - removing file tmp_5f/mbert_fres_dev_7_13.txt
00:30:46 - removing file tmp_5f/mbert_fres_dev_8_13.txt
00:30:46 - removing file tmp_5f/mbert_fres_dev_2_13.txt
00:30:46 - removing file tmp_5f/mbert_fres_dev_4_13.txt
00:30:46 - removing file tmp_5f/mbert_fres_dev_0_13.txt
00:30:46 - process[0]: training epoch 14 ...
00:30:59 - process[0] - epoch 14 - train iter 432 - 27961.7 words/s - loss: 0.2983
00:30:59 - process[0]: evaluating epoch 14 on dev ...
00:31:14 - dev set during evaluation: 11550/11545
00:31:14 - process[0] - dev - epoch 14 - mAP: 0.592 w/ 31 queries
00:31:14 - removing file tmp_5f/mbert_fres_dev_2_14.txt
00:31:14 - removing file tmp_5f/mbert_fres_dev_1_14.txt
00:31:14 - removing file tmp_5f/mbert_fres_dev_9_14.txt
00:31:14 - removing file tmp_5f/mbert_fres_dev_5_14.txt
00:31:14 - removing file tmp_5f/mbert_fres_dev_0_14.txt
00:31:14 - removing file tmp_5f/mbert_fres_dev_6_14.txt
00:31:14 - removing file tmp_5f/mbert_fres_dev_7_14.txt
00:31:14 - removing file tmp_5f/mbert_fres_dev_3_14.txt
00:31:14 - removing file tmp_5f/mbert_fres_dev_4_14.txt
00:31:14 - removing file tmp_5f/mbert_fres_dev_8_14.txt
00:31:14 - process[0]: training epoch 15 ...
00:31:27 - process[0] - epoch 15 - train iter 432 - 28084.8 words/s - loss: 0.3175
00:31:27 - process[0]: evaluating epoch 15 on dev ...
00:31:42 - dev set during evaluation: 11550/11545
00:31:42 - process[0] - dev - epoch 15 - mAP: 0.576 w/ 31 queries
00:31:42 - removing file tmp_5f/mbert_fres_dev_4_15.txt
00:31:42 - removing file tmp_5f/mbert_fres_dev_9_15.txt
00:31:42 - removing file tmp_5f/mbert_fres_dev_2_15.txt
00:31:42 - removing file tmp_5f/mbert_fres_dev_6_15.txt
00:31:42 - removing file tmp_5f/mbert_fres_dev_0_15.txt
00:31:42 - removing file tmp_5f/mbert_fres_dev_8_15.txt
00:31:42 - removing file tmp_5f/mbert_fres_dev_1_15.txt
00:31:42 - removing file tmp_5f/mbert_fres_dev_5_15.txt
00:31:42 - removing file tmp_5f/mbert_fres_dev_7_15.txt
00:31:42 - removing file tmp_5f/mbert_fres_dev_3_15.txt
00:31:42 - process[0]: training epoch 16 ...
00:31:55 - process[0] - epoch 16 - train iter 432 - 28087.3 words/s - loss: 0.2703
00:31:55 - process[0]: evaluating epoch 16 on dev ...
00:32:10 - dev set during evaluation: 11550/11545
00:32:10 - process[0] - dev - epoch 16 - mAP: 0.590 w/ 31 queries
00:32:10 - removing file tmp_5f/mbert_fres_dev_9_16.txt
00:32:10 - removing file tmp_5f/mbert_fres_dev_7_16.txt
00:32:10 - removing file tmp_5f/mbert_fres_dev_8_16.txt
00:32:10 - removing file tmp_5f/mbert_fres_dev_0_16.txt
00:32:10 - removing file tmp_5f/mbert_fres_dev_5_16.txt
00:32:10 - removing file tmp_5f/mbert_fres_dev_1_16.txt
00:32:10 - removing file tmp_5f/mbert_fres_dev_2_16.txt
00:32:10 - removing file tmp_5f/mbert_fres_dev_4_16.txt
00:32:10 - removing file tmp_5f/mbert_fres_dev_3_16.txt
00:32:10 - removing file tmp_5f/mbert_fres_dev_6_16.txt
00:32:10 - process[0]: training epoch 17 ...
00:32:23 - process[0] - epoch 17 - train iter 432 - 28496.7 words/s - loss: 0.2665
00:32:23 - process[0]: evaluating epoch 17 on dev ...
00:32:38 - dev set during evaluation: 11550/11545
00:32:38 - process[0] - dev - epoch 17 - mAP: 0.579 w/ 31 queries
00:32:38 - removing file tmp_5f/mbert_fres_dev_4_17.txt
00:32:38 - removing file tmp_5f/mbert_fres_dev_8_17.txt
00:32:38 - removing file tmp_5f/mbert_fres_dev_0_17.txt
00:32:38 - removing file tmp_5f/mbert_fres_dev_5_17.txt
00:32:38 - removing file tmp_5f/mbert_fres_dev_3_17.txt
00:32:38 - removing file tmp_5f/mbert_fres_dev_1_17.txt
00:32:38 - removing file tmp_5f/mbert_fres_dev_7_17.txt
00:32:38 - removing file tmp_5f/mbert_fres_dev_6_17.txt
00:32:38 - removing file tmp_5f/mbert_fres_dev_2_17.txt
00:32:38 - removing file tmp_5f/mbert_fres_dev_9_17.txt
00:32:38 - process[0]: training epoch 18 ...
00:32:52 - process[0] - epoch 18 - train iter 432 - 28172.4 words/s - loss: 0.2797
00:32:52 - process[0]: evaluating epoch 18 on dev ...
00:33:06 - dev set during evaluation: 11550/11545
00:33:06 - process[0] - dev - epoch 18 - mAP: 0.561 w/ 31 queries
00:33:06 - removing file tmp_5f/mbert_fres_dev_6_18.txt
00:33:06 - removing file tmp_5f/mbert_fres_dev_7_18.txt
00:33:06 - removing file tmp_5f/mbert_fres_dev_5_18.txt
00:33:06 - removing file tmp_5f/mbert_fres_dev_3_18.txt
00:33:06 - removing file tmp_5f/mbert_fres_dev_9_18.txt
00:33:06 - removing file tmp_5f/mbert_fres_dev_1_18.txt
00:33:06 - removing file tmp_5f/mbert_fres_dev_2_18.txt
00:33:06 - removing file tmp_5f/mbert_fres_dev_4_18.txt
00:33:06 - removing file tmp_5f/mbert_fres_dev_0_18.txt
00:33:06 - removing file tmp_5f/mbert_fres_dev_8_18.txt
00:33:06 - process[0]: training epoch 19 ...
00:33:20 - process[0] - epoch 19 - train iter 432 - 28261.1 words/s - loss: 0.2707
00:33:20 - process[0]: evaluating epoch 19 on dev ...
00:33:35 - dev set during evaluation: 11550/11545
00:33:35 - process[0] - dev - epoch 19 - mAP: 0.592 w/ 31 queries
00:33:35 - removing file tmp_5f/mbert_fres_dev_4_19.txt
00:33:35 - removing file tmp_5f/mbert_fres_dev_5_19.txt
00:33:35 - removing file tmp_5f/mbert_fres_dev_7_19.txt
00:33:35 - removing file tmp_5f/mbert_fres_dev_0_19.txt
00:33:35 - removing file tmp_5f/mbert_fres_dev_8_19.txt
00:33:35 - removing file tmp_5f/mbert_fres_dev_3_19.txt
00:33:35 - removing file tmp_5f/mbert_fres_dev_1_19.txt
00:33:35 - removing file tmp_5f/mbert_fres_dev_2_19.txt
00:33:35 - removing file tmp_5f/mbert_fres_dev_6_19.txt
00:33:35 - removing file tmp_5f/mbert_fres_dev_9_19.txt
00:33:35 - [fold 4] best test MAP: 0.638 @ epoch 12
00:33:35 - Evaluating every 1 epochs ...
00:33:35 - reading data from /mnt/home/puxuan/CLIR-project/Evaluation_data/process-clef/uncased
00:33:36 - test has 31 queries ...
00:33:36 - Data reading done ...
00:33:37 - adding 9-th encoder to optimizer...
00:33:37 - adding 10-th encoder to optimizer...
00:33:37 - adding 11-th encoder to optimizer...
00:33:38 - process[0]: training epoch 0 ...
00:33:52 - process[0] - epoch 0 - train iter 437 - 27712.9 words/s - loss: 0.5175
00:33:52 - process[0]: training epoch 1 ...
00:34:05 - process[0] - epoch 1 - train iter 437 - 27914.4 words/s - loss: 0.4511
00:34:05 - process[0]: training epoch 2 ...
00:34:19 - process[0] - epoch 2 - train iter 437 - 27994.1 words/s - loss: 0.4012
00:34:19 - process[0]: training epoch 3 ...
00:34:33 - process[0] - epoch 3 - train iter 437 - 28102.4 words/s - loss: 0.3776
00:34:33 - process[0]: training epoch 4 ...
00:34:47 - process[0] - epoch 4 - train iter 437 - 27964.5 words/s - loss: 0.3762
00:34:47 - process[0]: training epoch 5 ...
00:35:01 - process[0] - epoch 5 - train iter 437 - 27948.6 words/s - loss: 0.3713
00:35:01 - process[0]: training epoch 6 ...
00:35:14 - process[0] - epoch 6 - train iter 437 - 27936.2 words/s - loss: 0.3297
00:35:14 - process[0]: training epoch 7 ...
00:35:28 - process[0] - epoch 7 - train iter 437 - 28040.6 words/s - loss: 0.3400
00:35:28 - process[0]: training epoch 8 ...
00:35:42 - process[0] - epoch 8 - train iter 437 - 27992.4 words/s - loss: 0.3148
00:35:42 - process[0]: training epoch 9 ...
00:35:56 - process[0] - epoch 9 - train iter 437 - 28146.0 words/s - loss: 0.2943
00:35:56 - process[0]: training epoch 10 ...
00:36:10 - process[0] - epoch 10 - train iter 437 - 27673.7 words/s - loss: 0.3296
00:36:16 - process[0]: evaluating epoch 10 on dev ...
00:36:30 - dev set during evaluation: 11320/11315
00:36:30 - process[0] - dev - epoch 10 - mAP: 0.647 w/ 31 queries
00:36:30 - removing file tmp_5f/mbert_fres_dev_0_10.txt
00:36:30 - removing file tmp_5f/mbert_fres_dev_2_10.txt
00:36:30 - removing file tmp_5f/mbert_fres_dev_9_10.txt
00:36:30 - removing file tmp_5f/mbert_fres_dev_5_10.txt
00:36:30 - removing file tmp_5f/mbert_fres_dev_1_10.txt
00:36:30 - removing file tmp_5f/mbert_fres_dev_6_10.txt
00:36:30 - removing file tmp_5f/mbert_fres_dev_8_10.txt
00:36:30 - removing file tmp_5f/mbert_fres_dev_4_10.txt
00:36:30 - removing file tmp_5f/mbert_fres_dev_7_10.txt
00:36:30 - removing file tmp_5f/mbert_fres_dev_3_10.txt
00:36:30 - process[0]: evaluating epoch 10 on test ...
00:36:44 - process[0] - test - epoch 10 - mAP: 0.553 w/ 31 queries
00:36:44 - removing file tmp_5f/mbert_fres_test_7_10.txt
00:36:44 - removing file tmp_5f/mbert_fres_test_5_10.txt
00:36:44 - removing file tmp_5f/mbert_fres_test_0_10.txt
00:36:44 - removing file tmp_5f/mbert_fres_test_6_10.txt
00:36:44 - removing file tmp_5f/mbert_fres_test_4_10.txt
00:36:44 - removing file tmp_5f/mbert_fres_test_1_10.txt
00:36:44 - removing file tmp_5f/mbert_fres_test_2_10.txt
00:36:44 - removing file tmp_5f/mbert_fres_test_8_10.txt
00:36:44 - removing file tmp_5f/mbert_fres_test_3_10.txt
00:36:44 - removing file tmp_5f/mbert_fres_test_9_10.txt
00:36:44 - process[0]: training epoch 11 ...
00:36:58 - process[0] - epoch 11 - train iter 437 - 28416.1 words/s - loss: 0.3188
00:36:58 - process[0]: evaluating epoch 11 on dev ...
00:37:12 - dev set during evaluation: 11320/11315
00:37:12 - process[0] - dev - epoch 11 - mAP: 0.640 w/ 31 queries
00:37:12 - removing file tmp_5f/mbert_fres_dev_8_11.txt
00:37:12 - removing file tmp_5f/mbert_fres_dev_4_11.txt
00:37:12 - removing file tmp_5f/mbert_fres_dev_1_11.txt
00:37:12 - removing file tmp_5f/mbert_fres_dev_6_11.txt
00:37:12 - removing file tmp_5f/mbert_fres_dev_9_11.txt
00:37:12 - removing file tmp_5f/mbert_fres_dev_2_11.txt
00:37:12 - removing file tmp_5f/mbert_fres_dev_3_11.txt
00:37:12 - removing file tmp_5f/mbert_fres_dev_7_11.txt
00:37:12 - removing file tmp_5f/mbert_fres_dev_0_11.txt
00:37:12 - removing file tmp_5f/mbert_fres_dev_5_11.txt
00:37:12 - process[0]: training epoch 12 ...
00:37:26 - process[0] - epoch 12 - train iter 437 - 27986.1 words/s - loss: 0.2621
00:37:26 - process[0]: evaluating epoch 12 on dev ...
00:37:48 - dev set during evaluation: 11320/11315
00:37:48 - process[0] - dev - epoch 12 - mAP: 0.647 w/ 31 queries
00:37:48 - removing file tmp_5f/mbert_fres_dev_2_12.txt
00:37:48 - removing file tmp_5f/mbert_fres_dev_3_12.txt
00:37:48 - removing file tmp_5f/mbert_fres_dev_7_12.txt
00:37:48 - removing file tmp_5f/mbert_fres_dev_8_12.txt
00:37:48 - removing file tmp_5f/mbert_fres_dev_0_12.txt
00:37:48 - removing file tmp_5f/mbert_fres_dev_6_12.txt
00:37:48 - removing file tmp_5f/mbert_fres_dev_4_12.txt
00:37:48 - removing file tmp_5f/mbert_fres_dev_1_12.txt
00:37:48 - removing file tmp_5f/mbert_fres_dev_5_12.txt
00:37:48 - removing file tmp_5f/mbert_fres_dev_9_12.txt
00:37:48 - process[0]: training epoch 13 ...
00:38:02 - process[0] - epoch 13 - train iter 437 - 28232.2 words/s - loss: 0.3034
00:38:02 - process[0]: evaluating epoch 13 on dev ...
00:38:16 - dev set during evaluation: 11320/11315
00:38:16 - process[0] - dev - epoch 13 - mAP: 0.655 w/ 31 queries
00:38:16 - removing file tmp_5f/mbert_fres_dev_9_13.txt
00:38:16 - removing file tmp_5f/mbert_fres_dev_6_13.txt
00:38:16 - removing file tmp_5f/mbert_fres_dev_3_13.txt
00:38:16 - removing file tmp_5f/mbert_fres_dev_1_13.txt
00:38:16 - removing file tmp_5f/mbert_fres_dev_5_13.txt
00:38:16 - removing file tmp_5f/mbert_fres_dev_7_13.txt
00:38:16 - removing file tmp_5f/mbert_fres_dev_8_13.txt
00:38:16 - removing file tmp_5f/mbert_fres_dev_2_13.txt
00:38:16 - removing file tmp_5f/mbert_fres_dev_4_13.txt
00:38:16 - removing file tmp_5f/mbert_fres_dev_0_13.txt
00:38:16 - process[0]: evaluating epoch 13 on test ...
00:38:30 - process[0] - test - epoch 13 - mAP: 0.546 w/ 31 queries
00:38:30 - removing file tmp_5f/mbert_fres_test_2_13.txt
00:38:30 - removing file tmp_5f/mbert_fres_test_6_13.txt
00:38:30 - removing file tmp_5f/mbert_fres_test_4_13.txt
00:38:30 - removing file tmp_5f/mbert_fres_test_9_13.txt
00:38:30 - removing file tmp_5f/mbert_fres_test_7_13.txt
00:38:30 - removing file tmp_5f/mbert_fres_test_5_13.txt
00:38:30 - removing file tmp_5f/mbert_fres_test_8_13.txt
00:38:30 - removing file tmp_5f/mbert_fres_test_0_13.txt
00:38:30 - removing file tmp_5f/mbert_fres_test_3_13.txt
00:38:30 - removing file tmp_5f/mbert_fres_test_1_13.txt
00:38:30 - process[0]: training epoch 14 ...
00:38:44 - process[0] - epoch 14 - train iter 437 - 28149.4 words/s - loss: 0.2742
00:38:44 - process[0]: evaluating epoch 14 on dev ...
00:38:59 - dev set during evaluation: 11320/11315
00:38:59 - process[0] - dev - epoch 14 - mAP: 0.664 w/ 31 queries
00:38:59 - removing file tmp_5f/mbert_fres_dev_2_14.txt
00:38:59 - removing file tmp_5f/mbert_fres_dev_1_14.txt
00:38:59 - removing file tmp_5f/mbert_fres_dev_9_14.txt
00:38:59 - removing file tmp_5f/mbert_fres_dev_5_14.txt
00:38:59 - removing file tmp_5f/mbert_fres_dev_0_14.txt
00:38:59 - removing file tmp_5f/mbert_fres_dev_6_14.txt
00:38:59 - removing file tmp_5f/mbert_fres_dev_7_14.txt
00:38:59 - removing file tmp_5f/mbert_fres_dev_3_14.txt
00:38:59 - removing file tmp_5f/mbert_fres_dev_4_14.txt
00:38:59 - removing file tmp_5f/mbert_fres_dev_8_14.txt
00:38:59 - process[0]: evaluating epoch 14 on test ...
00:39:12 - process[0] - test - epoch 14 - mAP: 0.543 w/ 31 queries
00:39:12 - removing file tmp_5f/mbert_fres_test_9_14.txt
00:39:12 - removing file tmp_5f/mbert_fres_test_8_14.txt
00:39:12 - removing file tmp_5f/mbert_fres_test_3_14.txt
00:39:12 - removing file tmp_5f/mbert_fres_test_7_14.txt
00:39:12 - removing file tmp_5f/mbert_fres_test_2_14.txt
00:39:12 - removing file tmp_5f/mbert_fres_test_0_14.txt
00:39:12 - removing file tmp_5f/mbert_fres_test_6_14.txt
00:39:12 - removing file tmp_5f/mbert_fres_test_1_14.txt
00:39:12 - removing file tmp_5f/mbert_fres_test_4_14.txt
00:39:12 - removing file tmp_5f/mbert_fres_test_5_14.txt
00:39:12 - process[0]: training epoch 15 ...
00:39:26 - process[0] - epoch 15 - train iter 437 - 28150.4 words/s - loss: 0.2903
00:39:26 - process[0]: evaluating epoch 15 on dev ...
00:39:41 - dev set during evaluation: 11320/11315
00:39:41 - process[0] - dev - epoch 15 - mAP: 0.640 w/ 31 queries
00:39:41 - removing file tmp_5f/mbert_fres_dev_4_15.txt
00:39:41 - removing file tmp_5f/mbert_fres_dev_9_15.txt
00:39:41 - removing file tmp_5f/mbert_fres_dev_2_15.txt
00:39:41 - removing file tmp_5f/mbert_fres_dev_6_15.txt
00:39:41 - removing file tmp_5f/mbert_fres_dev_0_15.txt
00:39:41 - removing file tmp_5f/mbert_fres_dev_8_15.txt
00:39:41 - removing file tmp_5f/mbert_fres_dev_1_15.txt
00:39:41 - removing file tmp_5f/mbert_fres_dev_5_15.txt
00:39:41 - removing file tmp_5f/mbert_fres_dev_7_15.txt
00:39:41 - removing file tmp_5f/mbert_fres_dev_3_15.txt
00:39:41 - process[0]: training epoch 16 ...
00:39:54 - process[0] - epoch 16 - train iter 437 - 28222.9 words/s - loss: 0.2845
00:39:54 - process[0]: evaluating epoch 16 on dev ...
00:40:09 - dev set during evaluation: 11320/11315
00:40:09 - process[0] - dev - epoch 16 - mAP: 0.663 w/ 31 queries
00:40:09 - removing file tmp_5f/mbert_fres_dev_9_16.txt
00:40:09 - removing file tmp_5f/mbert_fres_dev_7_16.txt
00:40:09 - removing file tmp_5f/mbert_fres_dev_8_16.txt
00:40:09 - removing file tmp_5f/mbert_fres_dev_0_16.txt
00:40:09 - removing file tmp_5f/mbert_fres_dev_5_16.txt
00:40:09 - removing file tmp_5f/mbert_fres_dev_1_16.txt
00:40:09 - removing file tmp_5f/mbert_fres_dev_2_16.txt
00:40:09 - removing file tmp_5f/mbert_fres_dev_4_16.txt
00:40:09 - removing file tmp_5f/mbert_fres_dev_3_16.txt
00:40:09 - removing file tmp_5f/mbert_fres_dev_6_16.txt
00:40:09 - process[0]: training epoch 17 ...
00:40:22 - process[0] - epoch 17 - train iter 437 - 28203.5 words/s - loss: 0.2615
00:40:22 - process[0]: evaluating epoch 17 on dev ...
00:40:37 - dev set during evaluation: 11320/11315
00:40:37 - process[0] - dev - epoch 17 - mAP: 0.633 w/ 31 queries
00:40:37 - removing file tmp_5f/mbert_fres_dev_4_17.txt
00:40:37 - removing file tmp_5f/mbert_fres_dev_8_17.txt
00:40:37 - removing file tmp_5f/mbert_fres_dev_0_17.txt
00:40:37 - removing file tmp_5f/mbert_fres_dev_5_17.txt
00:40:37 - removing file tmp_5f/mbert_fres_dev_3_17.txt
00:40:37 - removing file tmp_5f/mbert_fres_dev_1_17.txt
00:40:37 - removing file tmp_5f/mbert_fres_dev_7_17.txt
00:40:37 - removing file tmp_5f/mbert_fres_dev_6_17.txt
00:40:37 - removing file tmp_5f/mbert_fres_dev_2_17.txt
00:40:37 - removing file tmp_5f/mbert_fres_dev_9_17.txt
00:40:37 - process[0]: training epoch 18 ...
00:40:51 - process[0] - epoch 18 - train iter 437 - 27913.4 words/s - loss: 0.2406
00:40:51 - process[0]: evaluating epoch 18 on dev ...
00:41:05 - dev set during evaluation: 11320/11315
00:41:05 - process[0] - dev - epoch 18 - mAP: 0.640 w/ 31 queries
00:41:05 - removing file tmp_5f/mbert_fres_dev_6_18.txt
00:41:05 - removing file tmp_5f/mbert_fres_dev_7_18.txt
00:41:05 - removing file tmp_5f/mbert_fres_dev_5_18.txt
00:41:05 - removing file tmp_5f/mbert_fres_dev_3_18.txt
00:41:05 - removing file tmp_5f/mbert_fres_dev_9_18.txt
00:41:05 - removing file tmp_5f/mbert_fres_dev_1_18.txt
00:41:05 - removing file tmp_5f/mbert_fres_dev_2_18.txt
00:41:05 - removing file tmp_5f/mbert_fres_dev_4_18.txt
00:41:05 - removing file tmp_5f/mbert_fres_dev_0_18.txt
00:41:05 - removing file tmp_5f/mbert_fres_dev_8_18.txt
00:41:05 - process[0]: training epoch 19 ...
00:41:19 - process[0] - epoch 19 - train iter 437 - 27909.5 words/s - loss: 0.2622
00:41:19 - process[0]: evaluating epoch 19 on dev ...
00:41:33 - dev set during evaluation: 11320/11315
00:41:33 - process[0] - dev - epoch 19 - mAP: 0.637 w/ 31 queries
00:41:33 - removing file tmp_5f/mbert_fres_dev_4_19.txt
00:41:33 - removing file tmp_5f/mbert_fres_dev_5_19.txt
00:41:33 - removing file tmp_5f/mbert_fres_dev_7_19.txt
00:41:33 - removing file tmp_5f/mbert_fres_dev_0_19.txt
00:41:33 - removing file tmp_5f/mbert_fres_dev_8_19.txt
00:41:33 - removing file tmp_5f/mbert_fres_dev_3_19.txt
00:41:33 - removing file tmp_5f/mbert_fres_dev_1_19.txt
00:41:33 - removing file tmp_5f/mbert_fres_dev_2_19.txt
00:41:33 - removing file tmp_5f/mbert_fres_dev_6_19.txt
00:41:33 - removing file tmp_5f/mbert_fres_dev_9_19.txt
00:41:33 - [fold 5] best test MAP: 0.543 @ epoch 14
00:41:33 - [0.5801770225556405, 0.6278826682223062, 0.5817054802260323, 0.638167672875252, 0.5425511904901342]
00:41:33 - [31, 32, 31, 31, 31]
00:41:33 - final MAP: 0.594
