00:00:06 - Namespace(apex_level='O2', batch_size=8, cased=False, dataset='clef', debug=False, encoder_lr=2e-05, eval_step=1, full_doc_length=True, local_rank=9, model_path='/mnt/scratch/puxuan/short_qlm/2186735/huggingface-4', model_type='mbert', num_epochs=20, num_ft_encoders=3, num_neg=1, projector_lr=2e-05, seed=611, source_lang='fr', target_lang='en')
00:00:14 - Evaluating every 1 epochs ...
00:00:14 - reading data from /mnt/home/puxuan/CLIR-project/Evaluation_data/process-clef/uncased
00:00:15 - test has 35 queries ...
00:00:15 - Data reading done ...
00:00:22 - adding 9-th encoder to optimizer...
00:00:22 - adding 10-th encoder to optimizer...
00:00:22 - adding 11-th encoder to optimizer...
00:00:22 - process[9]: training epoch 0 ...
00:00:33 - process[9] - epoch 0 - train iter 197 - 16427.6 words/s - loss: 0.6623
00:00:33 - process[9]: training epoch 1 ...
00:00:45 - process[9] - epoch 1 - train iter 197 - 15456.8 words/s - loss: 0.5379
00:00:45 - process[9]: training epoch 2 ...
00:00:54 - process[9] - epoch 2 - train iter 197 - 18836.0 words/s - loss: 0.5204
00:00:54 - process[9]: training epoch 3 ...
00:01:05 - process[9] - epoch 3 - train iter 197 - 16133.9 words/s - loss: 0.5393
00:01:05 - process[9]: training epoch 4 ...
00:01:16 - process[9] - epoch 4 - train iter 197 - 16852.5 words/s - loss: 0.5095
00:01:16 - process[9]: training epoch 5 ...
00:01:27 - process[9] - epoch 5 - train iter 197 - 15636.9 words/s - loss: 0.4825
00:01:27 - process[9]: training epoch 6 ...
00:01:38 - process[9] - epoch 6 - train iter 197 - 16427.7 words/s - loss: 0.4034
00:01:38 - process[9]: training epoch 7 ...
00:01:48 - process[9] - epoch 7 - train iter 197 - 17637.2 words/s - loss: 0.4758
00:01:48 - process[9]: training epoch 8 ...
00:02:00 - process[9] - epoch 8 - train iter 197 - 15278.9 words/s - loss: 0.4351
00:02:00 - process[9]: training epoch 9 ...
00:02:13 - process[9] - epoch 9 - train iter 197 - 13707.5 words/s - loss: 0.4111
00:02:13 - process[9]: training epoch 10 ...
00:02:24 - process[9] - epoch 10 - train iter 197 - 16135.6 words/s - loss: 0.3753
00:02:24 - process[9]: evaluating epoch 10 on dev ...
00:03:13 - dev set during evaluation: 14160/14157
00:03:13 - process[9] - dev - epoch 10 - mAP: 0.489 w/ 35 queries
00:03:13 - process[9]: evaluating epoch 10 on test ...
00:03:54 - test set during evaluation: 14980/14975
00:03:54 - process[9] - test - epoch 10 - mAP: 0.458 w/ 35 queries
00:03:54 - process[9]: training epoch 11 ...
00:04:05 - process[9] - epoch 11 - train iter 197 - 16106.6 words/s - loss: 0.4825
00:04:05 - process[9]: evaluating epoch 11 on dev ...
00:04:51 - dev set during evaluation: 14160/14157
00:04:51 - process[9] - dev - epoch 11 - mAP: 0.459 w/ 35 queries
00:04:51 - process[9]: training epoch 12 ...
00:05:03 - process[9] - epoch 12 - train iter 197 - 14881.5 words/s - loss: 0.3917
00:05:03 - process[9]: evaluating epoch 12 on dev ...
00:05:46 - dev set during evaluation: 14160/14157
00:05:46 - process[9] - dev - epoch 12 - mAP: 0.431 w/ 35 queries
00:05:46 - process[9]: training epoch 13 ...
00:05:58 - process[9] - epoch 13 - train iter 197 - 15068.0 words/s - loss: 0.4062
00:05:58 - process[9]: evaluating epoch 13 on dev ...
00:06:42 - dev set during evaluation: 14160/14157
00:06:42 - process[9] - dev - epoch 13 - mAP: 0.490 w/ 35 queries
00:06:42 - process[9]: evaluating epoch 13 on test ...
00:07:23 - test set during evaluation: 14980/14975
00:07:23 - process[9] - test - epoch 13 - mAP: 0.434 w/ 35 queries
00:07:23 - process[9]: training epoch 14 ...
00:07:34 - process[9] - epoch 14 - train iter 197 - 16310.8 words/s - loss: 0.4072
00:07:34 - process[9]: evaluating epoch 14 on dev ...
00:08:19 - dev set during evaluation: 14160/14157
00:08:19 - process[9] - dev - epoch 14 - mAP: 0.482 w/ 35 queries
00:08:19 - process[9]: training epoch 15 ...
00:08:30 - process[9] - epoch 15 - train iter 197 - 15806.4 words/s - loss: 0.4307
00:08:30 - process[9]: evaluating epoch 15 on dev ...
00:09:14 - dev set during evaluation: 14160/14157
00:09:14 - process[9] - dev - epoch 15 - mAP: 0.450 w/ 35 queries
00:09:14 - process[9]: training epoch 16 ...
00:09:25 - process[9] - epoch 16 - train iter 197 - 17201.0 words/s - loss: 0.3900
00:09:25 - process[9]: evaluating epoch 16 on dev ...
00:10:10 - dev set during evaluation: 14160/14157
00:10:10 - process[9] - dev - epoch 16 - mAP: 0.482 w/ 35 queries
00:10:10 - process[9]: training epoch 17 ...
00:10:22 - process[9] - epoch 17 - train iter 197 - 14372.1 words/s - loss: 0.4340
00:10:22 - process[9]: evaluating epoch 17 on dev ...
00:11:05 - dev set during evaluation: 14160/14157
00:11:05 - process[9] - dev - epoch 17 - mAP: 0.477 w/ 35 queries
00:11:05 - process[9]: training epoch 18 ...
00:11:16 - process[9] - epoch 18 - train iter 197 - 15334.4 words/s - loss: 0.4075
00:11:16 - process[9]: evaluating epoch 18 on dev ...
00:12:00 - dev set during evaluation: 14160/14157
00:12:00 - process[9] - dev - epoch 18 - mAP: 0.451 w/ 35 queries
00:12:00 - process[9]: training epoch 19 ...
00:12:10 - process[9] - epoch 19 - train iter 197 - 16775.2 words/s - loss: 0.3276
00:12:10 - process[9]: evaluating epoch 19 on dev ...
00:12:58 - dev set during evaluation: 14160/14157
00:12:58 - process[9] - dev - epoch 19 - mAP: 0.481 w/ 35 queries
00:12:58 - [fold 1] best test MAP: 0.434 @ epoch 13
00:12:58 - Evaluating every 1 epochs ...
00:12:58 - reading data from /mnt/home/puxuan/CLIR-project/Evaluation_data/process-clef/uncased
00:12:58 - test has 36 queries ...
00:12:58 - Data reading done ...
00:13:00 - adding 9-th encoder to optimizer...
00:13:00 - adding 10-th encoder to optimizer...
00:13:00 - adding 11-th encoder to optimizer...
00:13:00 - process[9]: training epoch 0 ...
00:13:12 - process[9] - epoch 0 - train iter 187 - 15623.8 words/s - loss: 0.6663
00:13:12 - process[9]: training epoch 1 ...
00:13:23 - process[9] - epoch 1 - train iter 187 - 15196.3 words/s - loss: 0.5681
00:13:23 - process[9]: training epoch 2 ...
00:13:33 - process[9] - epoch 2 - train iter 187 - 16762.7 words/s - loss: 0.5457
00:13:33 - process[9]: training epoch 3 ...
00:13:44 - process[9] - epoch 3 - train iter 187 - 15392.6 words/s - loss: 0.5082
00:13:44 - process[9]: training epoch 4 ...
00:13:55 - process[9] - epoch 4 - train iter 187 - 16334.1 words/s - loss: 0.5159
00:13:55 - process[9]: training epoch 5 ...
00:14:05 - process[9] - epoch 5 - train iter 187 - 17763.6 words/s - loss: 0.4600
00:14:05 - process[9]: training epoch 6 ...
00:14:15 - process[9] - epoch 6 - train iter 187 - 16548.9 words/s - loss: 0.4501
00:14:15 - process[9]: training epoch 7 ...
00:14:25 - process[9] - epoch 7 - train iter 187 - 16073.0 words/s - loss: 0.4294
00:14:25 - process[9]: training epoch 8 ...
00:14:36 - process[9] - epoch 8 - train iter 187 - 16018.9 words/s - loss: 0.4813
00:14:36 - process[9]: training epoch 9 ...
00:14:45 - process[9] - epoch 9 - train iter 187 - 17831.3 words/s - loss: 0.4711
00:14:45 - process[9]: training epoch 10 ...
00:14:56 - process[9] - epoch 10 - train iter 187 - 16432.4 words/s - loss: 0.4290
00:14:56 - process[9]: evaluating epoch 10 on dev ...
00:15:35 - dev set during evaluation: 14980/14975
00:15:35 - process[9] - dev - epoch 10 - mAP: 0.430 w/ 35 queries
00:15:35 - process[9]: evaluating epoch 10 on test ...
00:16:18 - test set during evaluation: 15300/15294
00:16:18 - process[9] - test - epoch 10 - mAP: 0.423 w/ 36 queries
00:16:18 - process[9]: training epoch 11 ...
00:16:29 - process[9] - epoch 11 - train iter 187 - 15624.6 words/s - loss: 0.4334
00:16:29 - process[9]: evaluating epoch 11 on dev ...
00:17:09 - dev set during evaluation: 14980/14975
00:17:09 - process[9] - dev - epoch 11 - mAP: 0.435 w/ 35 queries
00:17:09 - process[9]: evaluating epoch 11 on test ...
00:17:52 - test set during evaluation: 15300/15294
00:17:52 - process[9] - test - epoch 11 - mAP: 0.446 w/ 36 queries
00:17:52 - process[9]: training epoch 12 ...
00:18:04 - process[9] - epoch 12 - train iter 187 - 15090.3 words/s - loss: 0.4187
00:18:04 - process[9]: evaluating epoch 12 on dev ...
00:18:44 - dev set during evaluation: 14980/14975
00:18:44 - process[9] - dev - epoch 12 - mAP: 0.414 w/ 35 queries
00:18:44 - process[9]: training epoch 13 ...
00:18:55 - process[9] - epoch 13 - train iter 187 - 15750.9 words/s - loss: 0.4330
00:18:55 - process[9]: evaluating epoch 13 on dev ...
00:19:35 - dev set during evaluation: 14980/14975
00:19:35 - process[9] - dev - epoch 13 - mAP: 0.405 w/ 35 queries
00:19:35 - process[9]: training epoch 14 ...
00:19:46 - process[9] - epoch 14 - train iter 187 - 15156.0 words/s - loss: 0.3603
00:19:46 - process[9]: evaluating epoch 14 on dev ...
00:20:26 - dev set during evaluation: 14980/14975
00:20:26 - process[9] - dev - epoch 14 - mAP: 0.397 w/ 35 queries
00:20:26 - process[9]: training epoch 15 ...
00:20:36 - process[9] - epoch 15 - train iter 187 - 17362.0 words/s - loss: 0.3703
00:20:36 - process[9]: evaluating epoch 15 on dev ...
00:21:20 - dev set during evaluation: 14980/14975
00:21:20 - process[9] - dev - epoch 15 - mAP: 0.421 w/ 35 queries
00:21:20 - process[9]: training epoch 16 ...
00:21:29 - process[9] - epoch 16 - train iter 187 - 17894.7 words/s - loss: 0.4066
00:21:29 - process[9]: evaluating epoch 16 on dev ...
00:22:13 - dev set during evaluation: 14980/14975
00:22:13 - process[9] - dev - epoch 16 - mAP: 0.425 w/ 35 queries
00:22:13 - process[9]: training epoch 17 ...
00:22:23 - process[9] - epoch 17 - train iter 187 - 16473.0 words/s - loss: 0.3666
00:22:23 - process[9]: evaluating epoch 17 on dev ...
00:23:06 - dev set during evaluation: 14980/14975
00:23:06 - process[9] - dev - epoch 17 - mAP: 0.465 w/ 35 queries
00:23:06 - process[9]: evaluating epoch 17 on test ...
00:23:49 - test set during evaluation: 15300/15294
00:23:49 - process[9] - test - epoch 17 - mAP: 0.451 w/ 36 queries
00:23:50 - process[9]: training epoch 18 ...
00:23:59 - process[9] - epoch 18 - train iter 187 - 17265.6 words/s - loss: 0.4081
00:23:59 - process[9]: evaluating epoch 18 on dev ...
00:24:44 - dev set during evaluation: 14980/14975
00:24:44 - process[9] - dev - epoch 18 - mAP: 0.443 w/ 35 queries
00:24:44 - process[9]: training epoch 19 ...
00:24:54 - process[9] - epoch 19 - train iter 187 - 17506.8 words/s - loss: 0.3607
00:24:54 - process[9]: evaluating epoch 19 on dev ...
00:25:40 - dev set during evaluation: 14980/14975
00:25:40 - process[9] - dev - epoch 19 - mAP: 0.435 w/ 35 queries
00:25:40 - [fold 2] best test MAP: 0.451 @ epoch 17
00:25:40 - Evaluating every 1 epochs ...
00:25:40 - reading data from /mnt/home/puxuan/CLIR-project/Evaluation_data/process-clef/uncased
00:25:40 - test has 35 queries ...
00:25:40 - Data reading done ...
00:25:42 - adding 9-th encoder to optimizer...
00:25:42 - adding 10-th encoder to optimizer...
00:25:42 - adding 11-th encoder to optimizer...
00:25:43 - process[9]: training epoch 0 ...
00:25:54 - process[9] - epoch 0 - train iter 196 - 15661.2 words/s - loss: 0.6793
00:25:54 - process[9]: training epoch 1 ...
00:26:04 - process[9] - epoch 1 - train iter 196 - 16992.7 words/s - loss: 0.5931
00:26:04 - process[9]: training epoch 2 ...
00:26:15 - process[9] - epoch 2 - train iter 196 - 16798.3 words/s - loss: 0.5623
00:26:15 - process[9]: training epoch 3 ...
00:26:27 - process[9] - epoch 3 - train iter 196 - 14527.1 words/s - loss: 0.5280
00:26:27 - process[9]: training epoch 4 ...
00:26:38 - process[9] - epoch 4 - train iter 196 - 16222.2 words/s - loss: 0.4998
00:26:38 - process[9]: training epoch 5 ...
00:26:48 - process[9] - epoch 5 - train iter 196 - 16745.3 words/s - loss: 0.4880
00:26:48 - process[9]: training epoch 6 ...
00:26:58 - process[9] - epoch 6 - train iter 196 - 18474.4 words/s - loss: 0.4797
00:26:58 - process[9]: training epoch 7 ...
00:27:09 - process[9] - epoch 7 - train iter 196 - 15853.4 words/s - loss: 0.4566
00:27:09 - process[9]: training epoch 8 ...
00:27:19 - process[9] - epoch 8 - train iter 196 - 17604.5 words/s - loss: 0.4918
00:27:19 - process[9]: training epoch 9 ...
00:27:30 - process[9] - epoch 9 - train iter 196 - 16891.0 words/s - loss: 0.4653
00:27:30 - process[9]: training epoch 10 ...
00:27:40 - process[9] - epoch 10 - train iter 196 - 17182.4 words/s - loss: 0.4690
00:27:40 - process[9]: evaluating epoch 10 on dev ...
00:28:23 - dev set during evaluation: 15300/15294
00:28:23 - process[9] - dev - epoch 10 - mAP: 0.438 w/ 36 queries
00:28:23 - process[9]: evaluating epoch 10 on test ...
00:29:06 - test set during evaluation: 15480/15477
00:29:06 - process[9] - test - epoch 10 - mAP: 0.422 w/ 35 queries
00:29:06 - process[9]: training epoch 11 ...
00:29:17 - process[9] - epoch 11 - train iter 196 - 16254.1 words/s - loss: 0.4108
00:29:17 - process[9]: evaluating epoch 11 on dev ...
00:29:59 - dev set during evaluation: 15300/15294
00:29:59 - process[9] - dev - epoch 11 - mAP: 0.470 w/ 36 queries
00:29:59 - process[9]: evaluating epoch 11 on test ...
00:30:41 - test set during evaluation: 15480/15477
00:30:41 - process[9] - test - epoch 11 - mAP: 0.410 w/ 35 queries
00:30:41 - process[9]: training epoch 12 ...
00:30:51 - process[9] - epoch 12 - train iter 196 - 16885.6 words/s - loss: 0.4470
00:30:51 - process[9]: evaluating epoch 12 on dev ...
00:31:35 - dev set during evaluation: 15300/15294
00:31:35 - process[9] - dev - epoch 12 - mAP: 0.411 w/ 36 queries
00:31:35 - process[9]: training epoch 13 ...
00:31:45 - process[9] - epoch 13 - train iter 196 - 16692.3 words/s - loss: 0.4108
00:31:45 - process[9]: evaluating epoch 13 on dev ...
00:32:30 - dev set during evaluation: 15300/15294
00:32:30 - process[9] - dev - epoch 13 - mAP: 0.468 w/ 36 queries
00:32:30 - process[9]: training epoch 14 ...
00:32:40 - process[9] - epoch 14 - train iter 196 - 17780.0 words/s - loss: 0.4442
00:32:40 - process[9]: evaluating epoch 14 on dev ...
00:33:23 - dev set during evaluation: 15300/15294
00:33:23 - process[9] - dev - epoch 14 - mAP: 0.455 w/ 36 queries
00:33:23 - process[9]: training epoch 15 ...
00:33:33 - process[9] - epoch 15 - train iter 196 - 18851.7 words/s - loss: 0.4197
00:33:33 - process[9]: evaluating epoch 15 on dev ...
00:34:16 - dev set during evaluation: 15300/15294
00:34:16 - process[9] - dev - epoch 15 - mAP: 0.438 w/ 36 queries
00:34:16 - process[9]: training epoch 16 ...
00:34:26 - process[9] - epoch 16 - train iter 196 - 17952.6 words/s - loss: 0.4442
00:34:26 - process[9]: evaluating epoch 16 on dev ...
00:35:09 - dev set during evaluation: 15300/15294
00:35:09 - process[9] - dev - epoch 16 - mAP: 0.467 w/ 36 queries
00:35:09 - process[9]: training epoch 17 ...
00:35:19 - process[9] - epoch 17 - train iter 196 - 18230.6 words/s - loss: 0.4373
00:35:19 - process[9]: evaluating epoch 17 on dev ...
00:36:02 - dev set during evaluation: 15300/15294
00:36:02 - process[9] - dev - epoch 17 - mAP: 0.467 w/ 36 queries
00:36:02 - process[9]: training epoch 18 ...
00:36:11 - process[9] - epoch 18 - train iter 196 - 19069.6 words/s - loss: 0.4262
00:36:11 - process[9]: evaluating epoch 18 on dev ...
00:36:55 - dev set during evaluation: 15300/15294
00:36:55 - process[9] - dev - epoch 18 - mAP: 0.455 w/ 36 queries
00:36:55 - process[9]: training epoch 19 ...
00:37:05 - process[9] - epoch 19 - train iter 196 - 17713.5 words/s - loss: 0.3883
00:37:05 - process[9]: evaluating epoch 19 on dev ...
00:37:50 - dev set during evaluation: 15300/15294
00:37:50 - process[9] - dev - epoch 19 - mAP: 0.446 w/ 36 queries
00:37:50 - [fold 3] best test MAP: 0.410 @ epoch 11
00:37:50 - Evaluating every 1 epochs ...
00:37:50 - reading data from /mnt/home/puxuan/CLIR-project/Evaluation_data/process-clef/uncased
00:37:50 - test has 35 queries ...
00:37:50 - Data reading done ...
00:37:52 - adding 9-th encoder to optimizer...
00:37:52 - adding 10-th encoder to optimizer...
00:37:52 - adding 11-th encoder to optimizer...
00:37:52 - process[9]: training epoch 0 ...
00:38:02 - process[9] - epoch 0 - train iter 207 - 18837.8 words/s - loss: 0.6744
00:38:02 - process[9]: training epoch 1 ...
00:38:13 - process[9] - epoch 1 - train iter 207 - 17916.3 words/s - loss: 0.5585
00:38:13 - process[9]: training epoch 2 ...
00:38:24 - process[9] - epoch 2 - train iter 207 - 16978.6 words/s - loss: 0.5044
00:38:24 - process[9]: training epoch 3 ...
00:38:36 - process[9] - epoch 3 - train iter 207 - 16172.5 words/s - loss: 0.4762
00:38:36 - process[9]: training epoch 4 ...
00:38:48 - process[9] - epoch 4 - train iter 207 - 14942.3 words/s - loss: 0.5059
00:38:48 - process[9]: training epoch 5 ...
00:39:00 - process[9] - epoch 5 - train iter 207 - 16565.0 words/s - loss: 0.4514
00:39:00 - process[9]: training epoch 6 ...
00:39:10 - process[9] - epoch 6 - train iter 207 - 17482.5 words/s - loss: 0.4282
00:39:10 - process[9]: training epoch 7 ...
00:39:21 - process[9] - epoch 7 - train iter 207 - 17443.6 words/s - loss: 0.4103
00:39:21 - process[9]: training epoch 8 ...
00:39:33 - process[9] - epoch 8 - train iter 207 - 16336.0 words/s - loss: 0.4306
00:39:33 - process[9]: training epoch 9 ...
00:39:44 - process[9] - epoch 9 - train iter 207 - 16389.8 words/s - loss: 0.4063
00:39:44 - process[9]: training epoch 10 ...
00:39:56 - process[9] - epoch 10 - train iter 207 - 15842.9 words/s - loss: 0.3651
00:39:56 - process[9]: evaluating epoch 10 on dev ...
00:40:41 - dev set during evaluation: 15480/15477
00:40:41 - process[9] - dev - epoch 10 - mAP: 0.379 w/ 35 queries
00:40:41 - process[9]: evaluating epoch 10 on test ...
00:41:24 - test set during evaluation: 14470/14463
00:41:24 - process[9] - test - epoch 10 - mAP: 0.386 w/ 35 queries
00:41:24 - process[9]: training epoch 11 ...
00:41:35 - process[9] - epoch 11 - train iter 207 - 16569.1 words/s - loss: 0.4195
00:41:35 - process[9]: evaluating epoch 11 on dev ...
00:42:17 - dev set during evaluation: 15480/15477
00:42:17 - process[9] - dev - epoch 11 - mAP: 0.391 w/ 35 queries
00:42:17 - process[9]: evaluating epoch 11 on test ...
00:43:01 - test set during evaluation: 14470/14463
00:43:01 - process[9] - test - epoch 11 - mAP: 0.384 w/ 35 queries
00:43:01 - process[9]: training epoch 12 ...
00:43:11 - process[9] - epoch 12 - train iter 207 - 17597.5 words/s - loss: 0.4075
00:43:11 - process[9]: evaluating epoch 12 on dev ...
00:43:54 - dev set during evaluation: 15480/15477
00:43:54 - process[9] - dev - epoch 12 - mAP: 0.361 w/ 35 queries
00:43:54 - process[9]: training epoch 13 ...
00:44:04 - process[9] - epoch 13 - train iter 207 - 17853.0 words/s - loss: 0.4000
00:44:04 - process[9]: evaluating epoch 13 on dev ...
00:44:52 - dev set during evaluation: 15480/15477
00:44:52 - process[9] - dev - epoch 13 - mAP: 0.360 w/ 35 queries
00:44:52 - process[9]: training epoch 14 ...
00:45:02 - process[9] - epoch 14 - train iter 207 - 17752.4 words/s - loss: 0.3539
00:45:02 - process[9]: evaluating epoch 14 on dev ...
00:45:46 - dev set during evaluation: 15480/15477
00:45:46 - process[9] - dev - epoch 14 - mAP: 0.366 w/ 35 queries
00:45:46 - process[9]: training epoch 15 ...
00:45:59 - process[9] - epoch 15 - train iter 207 - 15096.2 words/s - loss: 0.4035
00:45:59 - process[9]: evaluating epoch 15 on dev ...
00:46:38 - dev set during evaluation: 15480/15477
00:46:38 - process[9] - dev - epoch 15 - mAP: 0.373 w/ 35 queries
00:46:38 - process[9]: training epoch 16 ...
00:46:49 - process[9] - epoch 16 - train iter 207 - 17660.6 words/s - loss: 0.3559
00:46:49 - process[9]: evaluating epoch 16 on dev ...
00:47:32 - dev set during evaluation: 15480/15477
00:47:32 - process[9] - dev - epoch 16 - mAP: 0.350 w/ 35 queries
00:47:32 - process[9]: training epoch 17 ...
00:47:42 - process[9] - epoch 17 - train iter 207 - 17981.9 words/s - loss: 0.4168
00:47:42 - process[9]: evaluating epoch 17 on dev ...
00:48:27 - dev set during evaluation: 15480/15477
00:48:27 - process[9] - dev - epoch 17 - mAP: 0.427 w/ 35 queries
00:48:27 - process[9]: evaluating epoch 17 on test ...
00:49:09 - test set during evaluation: 14470/14463
00:49:09 - process[9] - test - epoch 17 - mAP: 0.406 w/ 35 queries
00:49:09 - process[9]: training epoch 18 ...
00:49:20 - process[9] - epoch 18 - train iter 207 - 17129.8 words/s - loss: 0.3985
00:49:20 - process[9]: evaluating epoch 18 on dev ...
00:50:03 - dev set during evaluation: 15480/15477
00:50:03 - process[9] - dev - epoch 18 - mAP: 0.431 w/ 35 queries
00:50:03 - process[9]: evaluating epoch 18 on test ...
00:50:46 - test set during evaluation: 14470/14463
00:50:46 - process[9] - test - epoch 18 - mAP: 0.390 w/ 35 queries
00:50:46 - process[9]: training epoch 19 ...
00:50:57 - process[9] - epoch 19 - train iter 207 - 17348.7 words/s - loss: 0.3934
00:50:57 - process[9]: evaluating epoch 19 on dev ...
00:51:39 - dev set during evaluation: 15480/15477
00:51:39 - process[9] - dev - epoch 19 - mAP: 0.411 w/ 35 queries
00:51:39 - [fold 4] best test MAP: 0.390 @ epoch 18
00:51:39 - Evaluating every 1 epochs ...
00:51:39 - reading data from /mnt/home/puxuan/CLIR-project/Evaluation_data/process-clef/uncased
00:51:40 - test has 35 queries ...
00:51:40 - Data reading done ...
00:51:42 - adding 9-th encoder to optimizer...
00:51:42 - adding 10-th encoder to optimizer...
00:51:42 - adding 11-th encoder to optimizer...
00:51:42 - process[9]: training epoch 0 ...
00:51:52 - process[9] - epoch 0 - train iter 195 - 17859.6 words/s - loss: 0.6637
00:51:52 - process[9]: training epoch 1 ...
00:52:04 - process[9] - epoch 1 - train iter 195 - 14910.9 words/s - loss: 0.5340
00:52:04 - process[9]: training epoch 2 ...
00:52:14 - process[9] - epoch 2 - train iter 195 - 16781.4 words/s - loss: 0.4992
00:52:14 - process[9]: training epoch 3 ...
00:52:26 - process[9] - epoch 3 - train iter 195 - 14963.7 words/s - loss: 0.4763
00:52:26 - process[9]: training epoch 4 ...
00:52:36 - process[9] - epoch 4 - train iter 195 - 16275.6 words/s - loss: 0.4546
00:52:36 - process[9]: training epoch 5 ...
00:52:47 - process[9] - epoch 5 - train iter 195 - 16329.0 words/s - loss: 0.4264
00:52:47 - process[9]: training epoch 6 ...
00:52:58 - process[9] - epoch 6 - train iter 195 - 16249.4 words/s - loss: 0.4449
00:52:58 - process[9]: training epoch 7 ...
00:53:08 - process[9] - epoch 7 - train iter 195 - 16571.2 words/s - loss: 0.4316
00:53:08 - process[9]: training epoch 8 ...
00:53:19 - process[9] - epoch 8 - train iter 195 - 15329.5 words/s - loss: 0.4463
00:53:19 - process[9]: training epoch 9 ...
00:53:31 - process[9] - epoch 9 - train iter 195 - 15007.0 words/s - loss: 0.4043
00:53:31 - process[9]: training epoch 10 ...
00:53:42 - process[9] - epoch 10 - train iter 195 - 16799.5 words/s - loss: 0.3684
00:53:42 - process[9]: evaluating epoch 10 on dev ...
00:54:28 - dev set during evaluation: 14470/14463
00:54:28 - process[9] - dev - epoch 10 - mAP: 0.379 w/ 35 queries
00:54:28 - process[9]: evaluating epoch 10 on test ...
00:55:13 - test set during evaluation: 14160/14157
00:55:13 - process[9] - test - epoch 10 - mAP: 0.483 w/ 35 queries
00:55:13 - process[9]: training epoch 11 ...
00:55:24 - process[9] - epoch 11 - train iter 195 - 15991.8 words/s - loss: 0.3899
00:55:24 - process[9]: evaluating epoch 11 on dev ...
00:56:07 - dev set during evaluation: 14470/14463
00:56:07 - process[9] - dev - epoch 11 - mAP: 0.383 w/ 35 queries
00:56:07 - process[9]: evaluating epoch 11 on test ...
00:56:52 - test set during evaluation: 14160/14157
00:56:52 - process[9] - test - epoch 11 - mAP: 0.480 w/ 35 queries
00:56:52 - process[9]: training epoch 12 ...
00:57:04 - process[9] - epoch 12 - train iter 195 - 15596.3 words/s - loss: 0.4499
00:57:04 - process[9]: evaluating epoch 12 on dev ...
00:57:45 - dev set during evaluation: 14470/14463
00:57:45 - process[9] - dev - epoch 12 - mAP: 0.372 w/ 35 queries
00:57:45 - process[9]: training epoch 13 ...
00:57:56 - process[9] - epoch 13 - train iter 195 - 15610.1 words/s - loss: 0.4300
00:57:56 - process[9]: evaluating epoch 13 on dev ...
00:58:38 - dev set during evaluation: 14470/14463
00:58:38 - process[9] - dev - epoch 13 - mAP: 0.400 w/ 35 queries
00:58:38 - process[9]: evaluating epoch 13 on test ...
00:59:23 - test set during evaluation: 14160/14157
00:59:23 - process[9] - test - epoch 13 - mAP: 0.523 w/ 35 queries
00:59:23 - process[9]: training epoch 14 ...
00:59:33 - process[9] - epoch 14 - train iter 195 - 17527.2 words/s - loss: 0.3781
00:59:33 - process[9]: evaluating epoch 14 on dev ...
01:00:20 - dev set during evaluation: 14470/14463
01:00:20 - process[9] - dev - epoch 14 - mAP: 0.390 w/ 35 queries
01:00:20 - process[9]: training epoch 15 ...
01:00:32 - process[9] - epoch 15 - train iter 195 - 15424.9 words/s - loss: 0.3025
01:00:32 - process[9]: evaluating epoch 15 on dev ...
01:01:13 - dev set during evaluation: 14470/14463
01:01:13 - process[9] - dev - epoch 15 - mAP: 0.382 w/ 35 queries
01:01:13 - process[9]: training epoch 16 ...
01:01:24 - process[9] - epoch 16 - train iter 195 - 15396.3 words/s - loss: 0.3497
01:01:24 - process[9]: evaluating epoch 16 on dev ...
01:02:06 - dev set during evaluation: 14470/14463
01:02:06 - process[9] - dev - epoch 16 - mAP: 0.378 w/ 35 queries
01:02:06 - process[9]: training epoch 17 ...
01:02:16 - process[9] - epoch 17 - train iter 195 - 17415.1 words/s - loss: 0.3776
01:02:16 - process[9]: evaluating epoch 17 on dev ...
01:03:00 - dev set during evaluation: 14470/14463
01:03:00 - process[9] - dev - epoch 17 - mAP: 0.417 w/ 35 queries
01:03:00 - process[9]: evaluating epoch 17 on test ...
01:03:45 - test set during evaluation: 14160/14157
01:03:45 - process[9] - test - epoch 17 - mAP: 0.513 w/ 35 queries
01:03:45 - process[9]: training epoch 18 ...
01:03:57 - process[9] - epoch 18 - train iter 195 - 14864.3 words/s - loss: 0.4382
01:03:57 - process[9]: evaluating epoch 18 on dev ...
01:04:37 - dev set during evaluation: 14470/14463
01:04:37 - process[9] - dev - epoch 18 - mAP: 0.380 w/ 35 queries
01:04:37 - process[9]: training epoch 19 ...
01:04:47 - process[9] - epoch 19 - train iter 195 - 16695.5 words/s - loss: 0.3600
01:04:47 - process[9]: evaluating epoch 19 on dev ...
01:05:31 - dev set during evaluation: 14470/14463
01:05:31 - process[9] - dev - epoch 19 - mAP: 0.391 w/ 35 queries
01:05:31 - [fold 5] best test MAP: 0.513 @ epoch 17
01:05:31 - [0.43384026419549304, 0.45051395620395923, 0.41007259604760105, 0.3895101049493557, 0.5133609096189801]
01:05:31 - [35, 36, 35, 35, 35]
01:05:31 - final MAP: 0.440
