00:00:06 - Namespace(apex_level='O2', batch_size=8, cased=True, dataset='clef', debug=False, encoder_lr=2e-05, eval_step=1, full_doc_length=True, local_rank=4, model_path='xlm-roberta-base', model_type='xlmr', num_epochs=20, num_ft_encoders=3, num_neg=1, projector_lr=2e-05, seed=611, source_lang='de', target_lang='fr')
00:00:25 - Evaluating every 1 epochs ...
00:00:25 - reading data from /mnt/home/puxuan/CLIR-project/Evaluation_data/process-clef/cased
00:00:26 - test has 37 queries ...
00:00:26 - Data reading done ...
00:00:33 - adding 9-th encoder to optimizer...
00:00:33 - adding 10-th encoder to optimizer...
00:00:33 - adding 11-th encoder to optimizer...
00:00:33 - process[4]: training epoch 0 ...
00:00:46 - process[4] - epoch 0 - train iter 235 - 14886.8 words/s - loss: 0.6972
00:00:46 - process[4]: training epoch 1 ...
00:00:57 - process[4] - epoch 1 - train iter 235 - 17207.6 words/s - loss: 0.6956
00:00:57 - process[4]: training epoch 2 ...
00:01:09 - process[4] - epoch 2 - train iter 235 - 16243.4 words/s - loss: 0.6962
00:01:09 - process[4]: training epoch 3 ...
00:01:21 - process[4] - epoch 3 - train iter 235 - 17157.8 words/s - loss: 0.6959
00:01:21 - process[4]: training epoch 4 ...
00:01:33 - process[4] - epoch 4 - train iter 235 - 17356.3 words/s - loss: 0.6945
00:01:33 - process[4]: training epoch 5 ...
00:01:45 - process[4] - epoch 5 - train iter 235 - 16599.0 words/s - loss: 0.6737
00:01:45 - process[4]: training epoch 6 ...
00:01:56 - process[4] - epoch 6 - train iter 235 - 17392.4 words/s - loss: 0.6648
00:01:56 - process[4]: training epoch 7 ...
00:02:08 - process[4] - epoch 7 - train iter 235 - 16371.1 words/s - loss: 0.6619
00:02:08 - process[4]: training epoch 8 ...
00:02:19 - process[4] - epoch 8 - train iter 235 - 17201.7 words/s - loss: 0.6308
00:02:19 - process[4]: training epoch 9 ...
00:02:31 - process[4] - epoch 9 - train iter 235 - 16270.8 words/s - loss: 0.6212
00:02:31 - process[4]: training epoch 10 ...
00:02:42 - process[4] - epoch 10 - train iter 235 - 17580.5 words/s - loss: 0.6130
00:02:42 - process[4]: evaluating epoch 10 on dev ...
00:02:56 - dev set during evaluation: 10790/10785
00:02:56 - process[4] - dev - epoch 10 - mAP: 0.153 w/ 37 queries
00:02:56 - process[4]: evaluating epoch 10 on test ...
00:03:08 - test set during evaluation: 10760/10753
00:03:08 - process[4] - test - epoch 10 - mAP: 0.162 w/ 37 queries
00:03:08 - process[4]: training epoch 11 ...
00:03:20 - process[4] - epoch 11 - train iter 235 - 16025.2 words/s - loss: 0.5723
00:03:20 - process[4]: evaluating epoch 11 on dev ...
00:03:33 - dev set during evaluation: 10790/10785
00:03:33 - process[4] - dev - epoch 11 - mAP: 0.159 w/ 37 queries
00:03:33 - process[4]: evaluating epoch 11 on test ...
00:03:46 - test set during evaluation: 10760/10753
00:03:46 - process[4] - test - epoch 11 - mAP: 0.178 w/ 37 queries
00:03:46 - process[4]: training epoch 12 ...
00:03:57 - process[4] - epoch 12 - train iter 235 - 17441.4 words/s - loss: 0.5291
00:03:57 - process[4]: evaluating epoch 12 on dev ...
00:04:10 - dev set during evaluation: 10790/10785
00:04:10 - process[4] - dev - epoch 12 - mAP: 0.170 w/ 37 queries
00:04:10 - process[4]: evaluating epoch 12 on test ...
00:04:23 - test set during evaluation: 10760/10753
00:04:23 - process[4] - test - epoch 12 - mAP: 0.176 w/ 37 queries
00:04:23 - process[4]: training epoch 13 ...
00:04:34 - process[4] - epoch 13 - train iter 235 - 17864.5 words/s - loss: 0.5766
00:04:34 - process[4]: evaluating epoch 13 on dev ...
00:04:47 - dev set during evaluation: 10790/10785
00:04:47 - process[4] - dev - epoch 13 - mAP: 0.183 w/ 37 queries
00:04:47 - process[4]: evaluating epoch 13 on test ...
00:05:00 - test set during evaluation: 10760/10753
00:05:00 - process[4] - test - epoch 13 - mAP: 0.208 w/ 37 queries
00:05:00 - process[4]: training epoch 14 ...
00:05:11 - process[4] - epoch 14 - train iter 235 - 16302.7 words/s - loss: 0.4993
00:05:11 - process[4]: evaluating epoch 14 on dev ...
00:05:25 - dev set during evaluation: 10790/10785
00:05:25 - process[4] - dev - epoch 14 - mAP: 0.173 w/ 37 queries
00:05:25 - process[4]: training epoch 15 ...
00:05:36 - process[4] - epoch 15 - train iter 235 - 16868.1 words/s - loss: 0.4574
00:05:36 - process[4]: evaluating epoch 15 on dev ...
00:05:50 - dev set during evaluation: 10790/10785
00:05:50 - process[4] - dev - epoch 15 - mAP: 0.186 w/ 37 queries
00:05:50 - process[4]: evaluating epoch 15 on test ...
00:06:02 - test set during evaluation: 10760/10753
00:06:02 - process[4] - test - epoch 15 - mAP: 0.198 w/ 37 queries
00:06:02 - process[4]: training epoch 16 ...
00:06:13 - process[4] - epoch 16 - train iter 235 - 17606.3 words/s - loss: 0.5070
00:06:13 - process[4]: evaluating epoch 16 on dev ...
00:06:27 - dev set during evaluation: 10790/10785
00:06:27 - process[4] - dev - epoch 16 - mAP: 0.177 w/ 37 queries
00:06:27 - process[4]: training epoch 17 ...
00:06:38 - process[4] - epoch 17 - train iter 235 - 16888.4 words/s - loss: 0.4777
00:06:38 - process[4]: evaluating epoch 17 on dev ...
00:06:52 - dev set during evaluation: 10790/10785
00:06:52 - process[4] - dev - epoch 17 - mAP: 0.183 w/ 37 queries
00:06:52 - process[4]: training epoch 18 ...
00:07:03 - process[4] - epoch 18 - train iter 235 - 16854.4 words/s - loss: 0.4053
00:07:03 - process[4]: evaluating epoch 18 on dev ...
00:07:17 - dev set during evaluation: 10790/10785
00:07:17 - process[4] - dev - epoch 18 - mAP: 0.182 w/ 37 queries
00:07:17 - process[4]: training epoch 19 ...
00:07:28 - process[4] - epoch 19 - train iter 235 - 17251.4 words/s - loss: 0.4290
00:07:28 - process[4]: evaluating epoch 19 on dev ...
00:07:41 - dev set during evaluation: 10790/10785
00:07:41 - process[4] - dev - epoch 19 - mAP: 0.176 w/ 37 queries
00:07:41 - [fold 1] best test MAP: 0.198 @ epoch 15
00:07:41 - Evaluating every 1 epochs ...
00:07:41 - reading data from /mnt/home/puxuan/CLIR-project/Evaluation_data/process-clef/cased
00:07:41 - test has 37 queries ...
00:07:41 - Data reading done ...
00:07:43 - adding 9-th encoder to optimizer...
00:07:43 - adding 10-th encoder to optimizer...
00:07:43 - adding 11-th encoder to optimizer...
00:07:44 - process[4]: training epoch 0 ...
00:07:57 - process[4] - epoch 0 - train iter 278 - 17109.1 words/s - loss: 0.6941
00:07:57 - process[4]: training epoch 1 ...
00:08:10 - process[4] - epoch 1 - train iter 278 - 17294.7 words/s - loss: 0.6931
00:08:10 - process[4]: training epoch 2 ...
00:08:24 - process[4] - epoch 2 - train iter 278 - 16923.4 words/s - loss: 0.7006
00:08:24 - process[4]: training epoch 3 ...
00:08:38 - process[4] - epoch 3 - train iter 278 - 16852.4 words/s - loss: 0.6919
00:08:38 - process[4]: training epoch 4 ...
00:08:52 - process[4] - epoch 4 - train iter 278 - 17035.2 words/s - loss: 0.6905
00:08:52 - process[4]: training epoch 5 ...
00:09:05 - process[4] - epoch 5 - train iter 278 - 17569.2 words/s - loss: 0.6742
00:09:05 - process[4]: training epoch 6 ...
00:09:18 - process[4] - epoch 6 - train iter 278 - 16511.3 words/s - loss: 0.6509
00:09:18 - process[4]: training epoch 7 ...
00:09:32 - process[4] - epoch 7 - train iter 278 - 17126.6 words/s - loss: 0.6593
00:09:32 - process[4]: training epoch 8 ...
00:09:45 - process[4] - epoch 8 - train iter 278 - 17015.2 words/s - loss: 0.6357
00:09:45 - process[4]: training epoch 9 ...
00:09:59 - process[4] - epoch 9 - train iter 278 - 17333.3 words/s - loss: 0.6050
00:09:59 - process[4]: training epoch 10 ...
00:10:12 - process[4] - epoch 10 - train iter 278 - 17368.9 words/s - loss: 0.5889
00:10:12 - process[4]: evaluating epoch 10 on dev ...
00:10:25 - dev set during evaluation: 10760/10753
00:10:25 - process[4] - dev - epoch 10 - mAP: 0.132 w/ 37 queries
00:10:25 - process[4]: evaluating epoch 10 on test ...
00:10:37 - test set during evaluation: 9700/9693
00:10:37 - process[4] - test - epoch 10 - mAP: 0.123 w/ 37 queries
00:10:37 - process[4]: training epoch 11 ...
00:10:51 - process[4] - epoch 11 - train iter 278 - 16339.6 words/s - loss: 0.5996
00:10:51 - process[4]: evaluating epoch 11 on dev ...
00:11:03 - dev set during evaluation: 10760/10753
00:11:03 - process[4] - dev - epoch 11 - mAP: 0.139 w/ 37 queries
00:11:03 - process[4]: evaluating epoch 11 on test ...
00:11:15 - test set during evaluation: 9700/9693
00:11:15 - process[4] - test - epoch 11 - mAP: 0.133 w/ 37 queries
00:11:15 - process[4]: training epoch 12 ...
00:11:28 - process[4] - epoch 12 - train iter 278 - 17444.0 words/s - loss: 0.5739
00:11:28 - process[4]: evaluating epoch 12 on dev ...
00:11:41 - dev set during evaluation: 10760/10753
00:11:41 - process[4] - dev - epoch 12 - mAP: 0.142 w/ 37 queries
00:11:41 - process[4]: evaluating epoch 12 on test ...
00:11:53 - test set during evaluation: 9700/9693
00:11:53 - process[4] - test - epoch 12 - mAP: 0.137 w/ 37 queries
00:11:53 - process[4]: training epoch 13 ...
00:12:06 - process[4] - epoch 13 - train iter 278 - 17343.6 words/s - loss: 0.5653
00:12:06 - process[4]: evaluating epoch 13 on dev ...
00:12:19 - dev set during evaluation: 10760/10753
00:12:19 - process[4] - dev - epoch 13 - mAP: 0.132 w/ 37 queries
00:12:19 - process[4]: training epoch 14 ...
00:12:32 - process[4] - epoch 14 - train iter 278 - 17032.9 words/s - loss: 0.5275
00:12:32 - process[4]: evaluating epoch 14 on dev ...
00:12:45 - dev set during evaluation: 10760/10753
00:12:45 - process[4] - dev - epoch 14 - mAP: 0.141 w/ 37 queries
00:12:45 - process[4]: training epoch 15 ...
00:12:58 - process[4] - epoch 15 - train iter 278 - 16616.2 words/s - loss: 0.4852
00:12:58 - process[4]: evaluating epoch 15 on dev ...
00:13:11 - dev set during evaluation: 10760/10753
00:13:11 - process[4] - dev - epoch 15 - mAP: 0.136 w/ 37 queries
00:13:11 - process[4]: training epoch 16 ...
00:13:24 - process[4] - epoch 16 - train iter 278 - 16900.3 words/s - loss: 0.4979
00:13:24 - process[4]: evaluating epoch 16 on dev ...
00:13:37 - dev set during evaluation: 10760/10753
00:13:37 - process[4] - dev - epoch 16 - mAP: 0.141 w/ 37 queries
00:13:37 - process[4]: training epoch 17 ...
00:13:51 - process[4] - epoch 17 - train iter 278 - 16474.0 words/s - loss: 0.5025
00:13:51 - process[4]: evaluating epoch 17 on dev ...
00:14:03 - dev set during evaluation: 10760/10753
00:14:03 - process[4] - dev - epoch 17 - mAP: 0.143 w/ 37 queries
00:14:03 - process[4]: evaluating epoch 17 on test ...
00:14:15 - test set during evaluation: 9700/9693
00:14:15 - process[4] - test - epoch 17 - mAP: 0.141 w/ 37 queries
00:14:15 - process[4]: training epoch 18 ...
00:14:29 - process[4] - epoch 18 - train iter 278 - 17178.6 words/s - loss: 0.4367
00:14:29 - process[4]: evaluating epoch 18 on dev ...
00:14:41 - dev set during evaluation: 10760/10753
00:14:41 - process[4] - dev - epoch 18 - mAP: 0.143 w/ 37 queries
00:14:41 - process[4]: training epoch 19 ...
00:14:56 - process[4] - epoch 19 - train iter 278 - 16230.3 words/s - loss: 0.4213
00:14:56 - process[4]: evaluating epoch 19 on dev ...
00:15:08 - dev set during evaluation: 10760/10753
00:15:08 - process[4] - dev - epoch 19 - mAP: 0.145 w/ 37 queries
00:15:08 - process[4]: evaluating epoch 19 on test ...
00:15:20 - test set during evaluation: 9700/9693
00:15:20 - process[4] - test - epoch 19 - mAP: 0.148 w/ 37 queries
00:15:20 - [fold 2] best test MAP: 0.148 @ epoch 19
00:15:20 - Evaluating every 1 epochs ...
00:15:20 - reading data from /mnt/home/puxuan/CLIR-project/Evaluation_data/process-clef/cased
00:15:21 - test has 37 queries ...
00:15:21 - Data reading done ...
00:15:22 - adding 9-th encoder to optimizer...
00:15:22 - adding 10-th encoder to optimizer...
00:15:22 - adding 11-th encoder to optimizer...
00:15:23 - process[4]: training epoch 0 ...
00:15:36 - process[4] - epoch 0 - train iter 268 - 17166.1 words/s - loss: 0.6955
00:15:36 - process[4]: training epoch 1 ...
00:15:50 - process[4] - epoch 1 - train iter 268 - 16477.6 words/s - loss: 0.6979
00:15:50 - process[4]: training epoch 2 ...
00:16:03 - process[4] - epoch 2 - train iter 268 - 16740.0 words/s - loss: 0.6915
00:16:03 - process[4]: training epoch 3 ...
00:16:16 - process[4] - epoch 3 - train iter 268 - 17486.5 words/s - loss: 0.6914
00:16:16 - process[4]: training epoch 4 ...
00:16:30 - process[4] - epoch 4 - train iter 268 - 17593.7 words/s - loss: 0.6845
00:16:30 - process[4]: training epoch 5 ...
00:16:43 - process[4] - epoch 5 - train iter 268 - 17647.5 words/s - loss: 0.6704
00:16:43 - process[4]: training epoch 6 ...
00:16:56 - process[4] - epoch 6 - train iter 268 - 17244.1 words/s - loss: 0.6787
00:16:56 - process[4]: training epoch 7 ...
00:17:09 - process[4] - epoch 7 - train iter 268 - 17627.2 words/s - loss: 0.6575
00:17:09 - process[4]: training epoch 8 ...
00:17:22 - process[4] - epoch 8 - train iter 268 - 16768.0 words/s - loss: 0.6260
00:17:22 - process[4]: training epoch 9 ...
00:17:36 - process[4] - epoch 9 - train iter 268 - 17004.3 words/s - loss: 0.6155
00:17:36 - process[4]: training epoch 10 ...
00:17:49 - process[4] - epoch 10 - train iter 268 - 17217.8 words/s - loss: 0.5772
00:17:49 - process[4]: evaluating epoch 10 on dev ...
00:18:01 - dev set during evaluation: 9700/9693
00:18:01 - process[4] - dev - epoch 10 - mAP: 0.118 w/ 37 queries
00:18:01 - process[4]: evaluating epoch 10 on test ...
00:18:15 - test set during evaluation: 11950/11945
00:18:15 - process[4] - test - epoch 10 - mAP: 0.148 w/ 37 queries
00:18:15 - process[4]: training epoch 11 ...
00:18:29 - process[4] - epoch 11 - train iter 268 - 15990.6 words/s - loss: 0.5747
00:18:29 - process[4]: evaluating epoch 11 on dev ...
00:18:41 - dev set during evaluation: 9700/9693
00:18:41 - process[4] - dev - epoch 11 - mAP: 0.131 w/ 37 queries
00:18:41 - process[4]: evaluating epoch 11 on test ...
00:18:55 - test set during evaluation: 11950/11945
00:18:55 - process[4] - test - epoch 11 - mAP: 0.157 w/ 37 queries
00:18:55 - process[4]: training epoch 12 ...
00:19:08 - process[4] - epoch 12 - train iter 268 - 17620.3 words/s - loss: 0.5533
00:19:08 - process[4]: evaluating epoch 12 on dev ...
00:19:20 - dev set during evaluation: 9700/9693
00:19:20 - process[4] - dev - epoch 12 - mAP: 0.134 w/ 37 queries
00:19:20 - process[4]: evaluating epoch 12 on test ...
00:19:35 - test set during evaluation: 11950/11945
00:19:35 - process[4] - test - epoch 12 - mAP: 0.147 w/ 37 queries
00:19:35 - process[4]: training epoch 13 ...
00:19:47 - process[4] - epoch 13 - train iter 268 - 17461.0 words/s - loss: 0.5651
00:19:47 - process[4]: evaluating epoch 13 on dev ...
00:19:59 - dev set during evaluation: 9700/9693
00:19:59 - process[4] - dev - epoch 13 - mAP: 0.140 w/ 37 queries
00:19:59 - process[4]: evaluating epoch 13 on test ...
00:20:14 - test set during evaluation: 11950/11945
00:20:14 - process[4] - test - epoch 13 - mAP: 0.141 w/ 37 queries
00:20:14 - process[4]: training epoch 14 ...
00:20:28 - process[4] - epoch 14 - train iter 268 - 16579.1 words/s - loss: 0.5236
00:20:28 - process[4]: evaluating epoch 14 on dev ...
00:20:40 - dev set during evaluation: 9700/9693
00:20:40 - process[4] - dev - epoch 14 - mAP: 0.137 w/ 37 queries
00:20:40 - process[4]: training epoch 15 ...
00:20:53 - process[4] - epoch 15 - train iter 268 - 17423.1 words/s - loss: 0.4809
00:20:53 - process[4]: evaluating epoch 15 on dev ...
00:21:05 - dev set during evaluation: 9700/9693
00:21:05 - process[4] - dev - epoch 15 - mAP: 0.146 w/ 37 queries
00:21:05 - process[4]: evaluating epoch 15 on test ...
00:21:19 - test set during evaluation: 11950/11945
00:21:19 - process[4] - test - epoch 15 - mAP: 0.159 w/ 37 queries
00:21:19 - process[4]: training epoch 16 ...
00:21:32 - process[4] - epoch 16 - train iter 268 - 17322.0 words/s - loss: 0.4891
00:21:32 - process[4]: evaluating epoch 16 on dev ...
00:21:44 - dev set during evaluation: 9700/9693
00:21:44 - process[4] - dev - epoch 16 - mAP: 0.148 w/ 37 queries
00:21:44 - process[4]: evaluating epoch 16 on test ...
00:21:58 - test set during evaluation: 11950/11945
00:21:58 - process[4] - test - epoch 16 - mAP: 0.160 w/ 37 queries
00:21:58 - process[4]: training epoch 17 ...
00:22:11 - process[4] - epoch 17 - train iter 268 - 17659.4 words/s - loss: 0.4413
00:22:11 - process[4]: evaluating epoch 17 on dev ...
00:22:23 - dev set during evaluation: 9700/9693
00:22:23 - process[4] - dev - epoch 17 - mAP: 0.152 w/ 37 queries
00:22:23 - process[4]: evaluating epoch 17 on test ...
00:22:38 - test set during evaluation: 11950/11945
00:22:38 - process[4] - test - epoch 17 - mAP: 0.161 w/ 37 queries
00:22:38 - process[4]: training epoch 18 ...
00:22:51 - process[4] - epoch 18 - train iter 268 - 16818.9 words/s - loss: 0.4335
00:22:51 - process[4]: evaluating epoch 18 on dev ...
00:23:03 - dev set during evaluation: 9700/9693
00:23:03 - process[4] - dev - epoch 18 - mAP: 0.141 w/ 37 queries
00:23:03 - process[4]: training epoch 19 ...
00:23:16 - process[4] - epoch 19 - train iter 268 - 17377.7 words/s - loss: 0.4098
00:23:16 - process[4]: evaluating epoch 19 on dev ...
00:23:28 - dev set during evaluation: 9700/9693
00:23:28 - process[4] - dev - epoch 19 - mAP: 0.158 w/ 37 queries
00:23:28 - process[4]: evaluating epoch 19 on test ...
00:23:42 - test set during evaluation: 11950/11945
00:23:42 - process[4] - test - epoch 19 - mAP: 0.166 w/ 37 queries
00:23:43 - [fold 3] best test MAP: 0.166 @ epoch 19
00:23:43 - Evaluating every 1 epochs ...
00:23:43 - reading data from /mnt/home/puxuan/CLIR-project/Evaluation_data/process-clef/cased
00:23:43 - test has 37 queries ...
00:23:43 - Data reading done ...
00:23:45 - adding 9-th encoder to optimizer...
00:23:45 - adding 10-th encoder to optimizer...
00:23:45 - adding 11-th encoder to optimizer...
00:23:45 - process[4]: training epoch 0 ...
00:23:56 - process[4] - epoch 0 - train iter 229 - 17261.2 words/s - loss: 0.6974
00:23:56 - process[4]: training epoch 1 ...
00:24:07 - process[4] - epoch 1 - train iter 229 - 17411.6 words/s - loss: 0.6951
00:24:07 - process[4]: training epoch 2 ...
00:24:19 - process[4] - epoch 2 - train iter 229 - 17088.1 words/s - loss: 0.6958
00:24:19 - process[4]: training epoch 3 ...
00:24:30 - process[4] - epoch 3 - train iter 229 - 17020.0 words/s - loss: 0.6938
00:24:30 - process[4]: training epoch 4 ...
00:24:41 - process[4] - epoch 4 - train iter 229 - 17944.1 words/s - loss: 0.6871
00:24:41 - process[4]: training epoch 5 ...
00:24:52 - process[4] - epoch 5 - train iter 229 - 17558.7 words/s - loss: 0.6822
00:24:52 - process[4]: training epoch 6 ...
00:25:03 - process[4] - epoch 6 - train iter 229 - 17629.8 words/s - loss: 0.6659
00:25:03 - process[4]: training epoch 7 ...
00:25:15 - process[4] - epoch 7 - train iter 229 - 16254.2 words/s - loss: 0.6165
00:25:15 - process[4]: training epoch 8 ...
00:25:26 - process[4] - epoch 8 - train iter 229 - 17253.6 words/s - loss: 0.6486
00:25:26 - process[4]: training epoch 9 ...
00:25:37 - process[4] - epoch 9 - train iter 229 - 17608.9 words/s - loss: 0.6103
00:25:37 - process[4]: training epoch 10 ...
00:25:48 - process[4] - epoch 10 - train iter 229 - 17060.4 words/s - loss: 0.5772
00:25:48 - process[4]: evaluating epoch 10 on dev ...
00:26:03 - dev set during evaluation: 11950/11945
00:26:03 - process[4] - dev - epoch 10 - mAP: 0.160 w/ 37 queries
00:26:03 - process[4]: evaluating epoch 10 on test ...
00:26:16 - process[4] - test - epoch 10 - mAP: 0.172 w/ 37 queries
00:26:16 - process[4]: training epoch 11 ...
00:26:27 - process[4] - epoch 11 - train iter 229 - 17179.7 words/s - loss: 0.5716
00:26:27 - process[4]: evaluating epoch 11 on dev ...
00:26:42 - dev set during evaluation: 11950/11945
00:26:42 - process[4] - dev - epoch 11 - mAP: 0.184 w/ 37 queries
00:26:42 - process[4]: evaluating epoch 11 on test ...
00:26:55 - process[4] - test - epoch 11 - mAP: 0.180 w/ 37 queries
00:26:55 - process[4]: training epoch 12 ...
00:27:06 - process[4] - epoch 12 - train iter 229 - 17341.2 words/s - loss: 0.5516
00:27:06 - process[4]: evaluating epoch 12 on dev ...
00:27:21 - dev set during evaluation: 11950/11945
00:27:21 - process[4] - dev - epoch 12 - mAP: 0.188 w/ 37 queries
00:27:21 - process[4]: evaluating epoch 12 on test ...
00:27:34 - process[4] - test - epoch 12 - mAP: 0.178 w/ 37 queries
00:27:34 - process[4]: training epoch 13 ...
00:27:45 - process[4] - epoch 13 - train iter 229 - 17712.4 words/s - loss: 0.5273
00:27:45 - process[4]: evaluating epoch 13 on dev ...
00:27:59 - dev set during evaluation: 11950/11945
00:27:59 - process[4] - dev - epoch 13 - mAP: 0.197 w/ 37 queries
00:27:59 - process[4]: evaluating epoch 13 on test ...
00:28:12 - process[4] - test - epoch 13 - mAP: 0.184 w/ 37 queries
00:28:12 - process[4]: training epoch 14 ...
00:28:24 - process[4] - epoch 14 - train iter 229 - 17699.2 words/s - loss: 0.4948
00:28:24 - process[4]: evaluating epoch 14 on dev ...
00:28:38 - dev set during evaluation: 11950/11945
00:28:38 - process[4] - dev - epoch 14 - mAP: 0.195 w/ 37 queries
00:28:38 - process[4]: training epoch 15 ...
00:28:49 - process[4] - epoch 15 - train iter 229 - 17717.4 words/s - loss: 0.5119
00:28:49 - process[4]: evaluating epoch 15 on dev ...
00:29:04 - dev set during evaluation: 11950/11945
00:29:04 - process[4] - dev - epoch 15 - mAP: 0.194 w/ 37 queries
00:29:04 - process[4]: training epoch 16 ...
00:29:15 - process[4] - epoch 16 - train iter 229 - 17497.4 words/s - loss: 0.4735
00:29:15 - process[4]: evaluating epoch 16 on dev ...
00:29:29 - dev set during evaluation: 11950/11945
00:29:29 - process[4] - dev - epoch 16 - mAP: 0.195 w/ 37 queries
00:29:29 - process[4]: training epoch 17 ...
00:29:41 - process[4] - epoch 17 - train iter 229 - 16072.0 words/s - loss: 0.4747
00:29:41 - process[4]: evaluating epoch 17 on dev ...
00:29:56 - dev set during evaluation: 11950/11945
00:29:56 - process[4] - dev - epoch 17 - mAP: 0.195 w/ 37 queries
00:29:56 - process[4]: training epoch 18 ...
00:30:07 - process[4] - epoch 18 - train iter 229 - 17317.8 words/s - loss: 0.4336
00:30:07 - process[4]: evaluating epoch 18 on dev ...
00:30:21 - dev set during evaluation: 11950/11945
00:30:21 - process[4] - dev - epoch 18 - mAP: 0.188 w/ 37 queries
00:30:21 - process[4]: training epoch 19 ...
00:30:32 - process[4] - epoch 19 - train iter 229 - 17425.8 words/s - loss: 0.3936
00:30:32 - process[4]: evaluating epoch 19 on dev ...
00:30:47 - dev set during evaluation: 11950/11945
00:30:47 - process[4] - dev - epoch 19 - mAP: 0.185 w/ 37 queries
00:30:47 - [fold 4] best test MAP: 0.184 @ epoch 13
00:30:47 - Evaluating every 1 epochs ...
00:30:47 - reading data from /mnt/home/puxuan/CLIR-project/Evaluation_data/process-clef/cased
00:30:47 - test has 37 queries ...
00:30:47 - Data reading done ...
00:30:49 - adding 9-th encoder to optimizer...
00:30:49 - adding 10-th encoder to optimizer...
00:30:49 - adding 11-th encoder to optimizer...
00:30:50 - process[4]: training epoch 0 ...
00:31:00 - process[4] - epoch 0 - train iter 211 - 17653.8 words/s - loss: 0.6942
00:31:00 - process[4]: training epoch 1 ...
00:31:10 - process[4] - epoch 1 - train iter 211 - 17718.0 words/s - loss: 0.6992
00:31:10 - process[4]: training epoch 2 ...
00:31:20 - process[4] - epoch 2 - train iter 211 - 16816.4 words/s - loss: 0.6937
00:31:20 - process[4]: training epoch 3 ...
00:31:31 - process[4] - epoch 3 - train iter 211 - 16083.7 words/s - loss: 0.6914
00:31:31 - process[4]: training epoch 4 ...
00:31:41 - process[4] - epoch 4 - train iter 211 - 17810.8 words/s - loss: 0.6916
00:31:41 - process[4]: training epoch 5 ...
00:31:51 - process[4] - epoch 5 - train iter 211 - 17126.3 words/s - loss: 0.6896
00:31:51 - process[4]: training epoch 6 ...
00:32:02 - process[4] - epoch 6 - train iter 211 - 17251.9 words/s - loss: 0.6770
00:32:02 - process[4]: training epoch 7 ...
00:32:13 - process[4] - epoch 7 - train iter 211 - 15843.0 words/s - loss: 0.6540
00:32:13 - process[4]: training epoch 8 ...
00:32:23 - process[4] - epoch 8 - train iter 211 - 17077.4 words/s - loss: 0.6337
00:32:23 - process[4]: training epoch 9 ...
00:32:33 - process[4] - epoch 9 - train iter 211 - 17484.5 words/s - loss: 0.6071
00:32:33 - process[4]: training epoch 10 ...
00:32:44 - process[4] - epoch 10 - train iter 211 - 16983.3 words/s - loss: 0.5743
00:32:44 - process[4]: evaluating epoch 10 on dev ...
00:32:57 - process[4] - dev - epoch 10 - mAP: 0.219 w/ 37 queries
00:32:57 - process[4]: evaluating epoch 10 on test ...
00:33:10 - test set during evaluation: 10790/10785
00:33:10 - process[4] - test - epoch 10 - mAP: 0.192 w/ 37 queries
00:33:10 - process[4]: training epoch 11 ...
00:33:21 - process[4] - epoch 11 - train iter 211 - 17324.5 words/s - loss: 0.6004
00:33:21 - process[4]: evaluating epoch 11 on dev ...
00:33:34 - process[4] - dev - epoch 11 - mAP: 0.207 w/ 37 queries
00:33:34 - process[4]: training epoch 12 ...
00:33:44 - process[4] - epoch 12 - train iter 211 - 17103.5 words/s - loss: 0.5529
00:33:44 - process[4]: evaluating epoch 12 on dev ...
00:33:57 - process[4] - dev - epoch 12 - mAP: 0.207 w/ 37 queries
00:33:57 - process[4]: training epoch 13 ...
00:34:07 - process[4] - epoch 13 - train iter 211 - 17560.3 words/s - loss: 0.5308
00:34:07 - process[4]: evaluating epoch 13 on dev ...
00:34:21 - process[4] - dev - epoch 13 - mAP: 0.218 w/ 37 queries
00:34:21 - process[4]: training epoch 14 ...
00:34:31 - process[4] - epoch 14 - train iter 211 - 16727.9 words/s - loss: 0.4865
00:34:31 - process[4]: evaluating epoch 14 on dev ...
00:34:44 - process[4] - dev - epoch 14 - mAP: 0.209 w/ 37 queries
00:34:44 - process[4]: training epoch 15 ...
00:34:55 - process[4] - epoch 15 - train iter 211 - 16898.0 words/s - loss: 0.5308
00:34:55 - process[4]: evaluating epoch 15 on dev ...
00:35:08 - process[4] - dev - epoch 15 - mAP: 0.220 w/ 37 queries
00:35:08 - process[4]: evaluating epoch 15 on test ...
00:35:21 - test set during evaluation: 10790/10785
00:35:21 - process[4] - test - epoch 15 - mAP: 0.189 w/ 37 queries
00:35:21 - process[4]: training epoch 16 ...
00:35:32 - process[4] - epoch 16 - train iter 211 - 16870.8 words/s - loss: 0.4820
00:35:32 - process[4]: evaluating epoch 16 on dev ...
00:35:45 - process[4] - dev - epoch 16 - mAP: 0.220 w/ 37 queries
00:35:45 - process[4]: evaluating epoch 16 on test ...
00:35:58 - test set during evaluation: 10790/10785
00:35:58 - process[4] - test - epoch 16 - mAP: 0.193 w/ 37 queries
00:35:58 - process[4]: training epoch 17 ...
00:36:08 - process[4] - epoch 17 - train iter 211 - 16954.0 words/s - loss: 0.5006
00:36:08 - process[4]: evaluating epoch 17 on dev ...
00:36:22 - process[4] - dev - epoch 17 - mAP: 0.219 w/ 37 queries
00:36:22 - process[4]: training epoch 18 ...
00:36:32 - process[4] - epoch 18 - train iter 211 - 16644.3 words/s - loss: 0.4553
00:36:32 - process[4]: evaluating epoch 18 on dev ...
00:36:45 - process[4] - dev - epoch 18 - mAP: 0.219 w/ 37 queries
00:36:45 - process[4]: training epoch 19 ...
00:36:56 - process[4] - epoch 19 - train iter 211 - 17079.5 words/s - loss: 0.4471
00:36:56 - process[4]: evaluating epoch 19 on dev ...
00:37:09 - process[4] - dev - epoch 19 - mAP: 0.219 w/ 37 queries
00:37:09 - [fold 5] best test MAP: 0.193 @ epoch 16
00:37:09 - [0.19778418997394942, 0.14821316052212047, 0.16590660738259833, 0.18379911443985725, 0.1928678432477358]
00:37:09 - [37, 37, 37, 37, 37]
00:37:09 - final MAP: 0.178
