00:00:04 - Namespace(apex_level='O2', batch_size=8, cased=False, dataset='clef', debug=False, encoder_lr=2e-05, eval_step=1, full_doc_length=True, local_rank=5, model_path='/mnt/scratch/puxuan/short_qlm/2186735/huggingface-14', model_type='mbert', num_epochs=20, num_ft_encoders=3, num_neg=1, projector_lr=2e-05, seed=611, source_lang='en', target_lang='es')
00:00:12 - Evaluating every 1 epochs ...
00:00:12 - reading data from /mnt/home/puxuan/CLIR-project/Evaluation_data/process-clef/uncased
00:00:13 - test has 31 queries ...
00:00:13 - Data reading done ...
00:00:21 - adding 9-th encoder to optimizer...
00:00:21 - adding 10-th encoder to optimizer...
00:00:21 - adding 11-th encoder to optimizer...
00:00:21 - process[5]: training epoch 0 ...
00:00:39 - process[5] - epoch 0 - train iter 540 - 27092.2 words/s - loss: 0.5875
00:00:39 - process[5]: training epoch 1 ...
00:00:55 - process[5] - epoch 1 - train iter 540 - 28065.7 words/s - loss: 0.4731
00:00:55 - process[5]: training epoch 2 ...
00:01:12 - process[5] - epoch 2 - train iter 540 - 27892.7 words/s - loss: 0.4058
00:01:12 - process[5]: training epoch 3 ...
00:01:28 - process[5] - epoch 3 - train iter 540 - 27908.2 words/s - loss: 0.4040
00:01:28 - process[5]: training epoch 4 ...
00:01:45 - process[5] - epoch 4 - train iter 540 - 28010.8 words/s - loss: 0.3847
00:01:45 - process[5]: training epoch 5 ...
00:02:02 - process[5] - epoch 5 - train iter 540 - 28066.4 words/s - loss: 0.3598
00:02:02 - process[5]: training epoch 6 ...
00:02:19 - process[5] - epoch 6 - train iter 540 - 27926.5 words/s - loss: 0.3691
00:02:19 - process[5]: training epoch 7 ...
00:02:35 - process[5] - epoch 7 - train iter 540 - 28078.7 words/s - loss: 0.3383
00:02:35 - process[5]: training epoch 8 ...
00:02:52 - process[5] - epoch 8 - train iter 540 - 28052.2 words/s - loss: 0.3392
00:02:52 - process[5]: training epoch 9 ...
00:03:08 - process[5] - epoch 9 - train iter 540 - 28014.2 words/s - loss: 0.3498
00:03:08 - process[5]: training epoch 10 ...
00:03:25 - process[5] - epoch 10 - train iter 540 - 27933.8 words/s - loss: 0.3079
00:03:25 - process[5]: evaluating epoch 10 on dev ...
00:03:38 - process[5] - dev - epoch 10 - mAP: 0.519 w/ 31 queries
00:03:38 - process[5]: evaluating epoch 10 on test ...
00:03:53 - test set during evaluation: 11460/11458
00:03:53 - process[5] - test - epoch 10 - mAP: 0.530 w/ 31 queries
00:03:53 - process[5]: training epoch 11 ...
00:04:10 - process[5] - epoch 11 - train iter 540 - 28380.9 words/s - loss: 0.2902
00:04:10 - process[5]: evaluating epoch 11 on dev ...
00:04:23 - process[5] - dev - epoch 11 - mAP: 0.532 w/ 31 queries
00:04:23 - process[5]: evaluating epoch 11 on test ...
00:04:38 - test set during evaluation: 11460/11458
00:04:38 - process[5] - test - epoch 11 - mAP: 0.524 w/ 31 queries
00:04:38 - process[5]: training epoch 12 ...
00:04:55 - process[5] - epoch 12 - train iter 540 - 27476.4 words/s - loss: 0.3077
00:04:55 - process[5]: evaluating epoch 12 on dev ...
00:05:08 - process[5] - dev - epoch 12 - mAP: 0.501 w/ 31 queries
00:05:08 - process[5]: training epoch 13 ...
00:05:25 - process[5] - epoch 13 - train iter 540 - 28118.3 words/s - loss: 0.3214
00:05:25 - process[5]: evaluating epoch 13 on dev ...
00:05:38 - process[5] - dev - epoch 13 - mAP: 0.533 w/ 31 queries
00:05:38 - process[5]: evaluating epoch 13 on test ...
00:05:52 - test set during evaluation: 11460/11458
00:05:52 - process[5] - test - epoch 13 - mAP: 0.542 w/ 31 queries
00:05:52 - process[5]: training epoch 14 ...
00:06:09 - process[5] - epoch 14 - train iter 540 - 27884.8 words/s - loss: 0.3061
00:06:09 - process[5]: evaluating epoch 14 on dev ...
00:06:25 - process[5] - dev - epoch 14 - mAP: 0.518 w/ 31 queries
00:06:25 - process[5]: training epoch 15 ...
00:06:42 - process[5] - epoch 15 - train iter 540 - 28093.8 words/s - loss: 0.2675
00:06:42 - process[5]: evaluating epoch 15 on dev ...
00:06:58 - process[5] - dev - epoch 15 - mAP: 0.524 w/ 31 queries
00:06:58 - process[5]: training epoch 16 ...
00:07:15 - process[5] - epoch 16 - train iter 540 - 28337.1 words/s - loss: 0.2959
00:07:15 - process[5]: evaluating epoch 16 on dev ...
00:07:30 - process[5] - dev - epoch 16 - mAP: 0.513 w/ 31 queries
00:07:30 - process[5]: training epoch 17 ...
00:07:46 - process[5] - epoch 17 - train iter 540 - 28168.2 words/s - loss: 0.2512
00:07:46 - process[5]: evaluating epoch 17 on dev ...
00:08:00 - process[5] - dev - epoch 17 - mAP: 0.518 w/ 31 queries
00:08:00 - process[5]: training epoch 18 ...
00:08:17 - process[5] - epoch 18 - train iter 540 - 28296.7 words/s - loss: 0.2929
00:08:17 - process[5]: evaluating epoch 18 on dev ...
00:08:30 - process[5] - dev - epoch 18 - mAP: 0.509 w/ 31 queries
00:08:30 - process[5]: training epoch 19 ...
00:08:47 - process[5] - epoch 19 - train iter 540 - 28040.1 words/s - loss: 0.2623
00:08:47 - process[5]: evaluating epoch 19 on dev ...
00:09:00 - process[5] - dev - epoch 19 - mAP: 0.508 w/ 31 queries
00:09:00 - [fold 1] best test MAP: 0.542 @ epoch 13
00:09:00 - Evaluating every 1 epochs ...
00:09:00 - reading data from /mnt/home/puxuan/CLIR-project/Evaluation_data/process-clef/uncased
00:09:02 - test has 32 queries ...
00:09:02 - Data reading done ...
00:09:03 - adding 9-th encoder to optimizer...
00:09:03 - adding 10-th encoder to optimizer...
00:09:03 - adding 11-th encoder to optimizer...
00:09:04 - process[5]: training epoch 0 ...
00:09:20 - process[5] - epoch 0 - train iter 492 - 26808.9 words/s - loss: 0.5643
00:09:20 - process[5]: training epoch 1 ...
00:09:35 - process[5] - epoch 1 - train iter 492 - 27407.4 words/s - loss: 0.4592
00:09:35 - process[5]: training epoch 2 ...
00:09:51 - process[5] - epoch 2 - train iter 492 - 27131.9 words/s - loss: 0.4402
00:09:51 - process[5]: training epoch 3 ...
00:10:06 - process[5] - epoch 3 - train iter 492 - 27474.4 words/s - loss: 0.4117
00:10:06 - process[5]: training epoch 4 ...
00:10:22 - process[5] - epoch 4 - train iter 492 - 28124.8 words/s - loss: 0.3488
00:10:22 - process[5]: training epoch 5 ...
00:10:37 - process[5] - epoch 5 - train iter 492 - 27808.6 words/s - loss: 0.4037
00:10:37 - process[5]: training epoch 6 ...
00:10:52 - process[5] - epoch 6 - train iter 492 - 27732.9 words/s - loss: 0.3583
00:10:52 - process[5]: training epoch 7 ...
00:11:08 - process[5] - epoch 7 - train iter 492 - 27819.9 words/s - loss: 0.3347
00:11:08 - process[5]: training epoch 8 ...
00:11:23 - process[5] - epoch 8 - train iter 492 - 27699.9 words/s - loss: 0.3295
00:11:23 - process[5]: training epoch 9 ...
00:11:38 - process[5] - epoch 9 - train iter 492 - 27682.7 words/s - loss: 0.3398
00:11:38 - process[5]: training epoch 10 ...
00:11:53 - process[5] - epoch 10 - train iter 492 - 27870.9 words/s - loss: 0.3147
00:11:53 - process[5]: evaluating epoch 10 on dev ...
00:12:09 - dev set during evaluation: 11460/11458
00:12:09 - process[5] - dev - epoch 10 - mAP: 0.552 w/ 31 queries
00:12:09 - process[5]: evaluating epoch 10 on test ...
00:12:26 - process[5] - test - epoch 10 - mAP: 0.579 w/ 32 queries
00:12:26 - process[5]: training epoch 11 ...
00:12:41 - process[5] - epoch 11 - train iter 492 - 27199.7 words/s - loss: 0.3334
00:12:41 - process[5]: evaluating epoch 11 on dev ...
00:12:56 - dev set during evaluation: 11460/11458
00:12:56 - process[5] - dev - epoch 11 - mAP: 0.542 w/ 31 queries
00:12:56 - process[5]: training epoch 12 ...
00:13:11 - process[5] - epoch 12 - train iter 492 - 27714.4 words/s - loss: 0.3567
00:13:11 - process[5]: evaluating epoch 12 on dev ...
00:13:25 - dev set during evaluation: 11460/11458
00:13:25 - process[5] - dev - epoch 12 - mAP: 0.567 w/ 31 queries
00:13:25 - process[5]: evaluating epoch 12 on test ...
00:13:41 - process[5] - test - epoch 12 - mAP: 0.592 w/ 32 queries
00:13:41 - process[5]: training epoch 13 ...
00:13:56 - process[5] - epoch 13 - train iter 492 - 27457.3 words/s - loss: 0.3446
00:13:56 - process[5]: evaluating epoch 13 on dev ...
00:14:10 - dev set during evaluation: 11460/11458
00:14:10 - process[5] - dev - epoch 13 - mAP: 0.546 w/ 31 queries
00:14:10 - process[5]: training epoch 14 ...
00:14:25 - process[5] - epoch 14 - train iter 492 - 27885.2 words/s - loss: 0.2852
00:14:25 - process[5]: evaluating epoch 14 on dev ...
00:14:40 - dev set during evaluation: 11460/11458
00:14:40 - process[5] - dev - epoch 14 - mAP: 0.540 w/ 31 queries
00:14:40 - process[5]: training epoch 15 ...
00:14:56 - process[5] - epoch 15 - train iter 492 - 26939.9 words/s - loss: 0.3144
00:14:56 - process[5]: evaluating epoch 15 on dev ...
00:15:10 - dev set during evaluation: 11460/11458
00:15:10 - process[5] - dev - epoch 15 - mAP: 0.554 w/ 31 queries
00:15:10 - process[5]: training epoch 16 ...
00:15:25 - process[5] - epoch 16 - train iter 492 - 27806.4 words/s - loss: 0.2817
00:15:25 - process[5]: evaluating epoch 16 on dev ...
00:15:40 - dev set during evaluation: 11460/11458
00:15:40 - process[5] - dev - epoch 16 - mAP: 0.531 w/ 31 queries
00:15:40 - process[5]: training epoch 17 ...
00:15:55 - process[5] - epoch 17 - train iter 492 - 27462.0 words/s - loss: 0.2968
00:15:55 - process[5]: evaluating epoch 17 on dev ...
00:16:09 - dev set during evaluation: 11460/11458
00:16:09 - process[5] - dev - epoch 17 - mAP: 0.529 w/ 31 queries
00:16:09 - process[5]: training epoch 18 ...
00:16:25 - process[5] - epoch 18 - train iter 492 - 27400.2 words/s - loss: 0.2805
00:16:25 - process[5]: evaluating epoch 18 on dev ...
00:16:39 - dev set during evaluation: 11460/11458
00:16:39 - process[5] - dev - epoch 18 - mAP: 0.551 w/ 31 queries
00:16:39 - process[5]: training epoch 19 ...
00:16:54 - process[5] - epoch 19 - train iter 492 - 28187.5 words/s - loss: 0.2981
00:16:54 - process[5]: evaluating epoch 19 on dev ...
00:17:09 - dev set during evaluation: 11460/11458
00:17:09 - process[5] - dev - epoch 19 - mAP: 0.536 w/ 31 queries
00:17:09 - [fold 2] best test MAP: 0.592 @ epoch 12
00:17:09 - Evaluating every 1 epochs ...
00:17:09 - reading data from /mnt/home/puxuan/CLIR-project/Evaluation_data/process-clef/uncased
00:17:10 - test has 31 queries ...
00:17:10 - Data reading done ...
00:17:12 - adding 9-th encoder to optimizer...
00:17:12 - adding 10-th encoder to optimizer...
00:17:12 - adding 11-th encoder to optimizer...
00:17:12 - process[5]: training epoch 0 ...
00:17:27 - process[5] - epoch 0 - train iter 476 - 28037.0 words/s - loss: 0.5933
00:17:27 - process[5]: training epoch 1 ...
00:17:42 - process[5] - epoch 1 - train iter 476 - 27660.5 words/s - loss: 0.4511
00:17:42 - process[5]: training epoch 2 ...
00:17:56 - process[5] - epoch 2 - train iter 476 - 27679.9 words/s - loss: 0.4048
00:17:56 - process[5]: training epoch 3 ...
00:18:11 - process[5] - epoch 3 - train iter 476 - 27095.5 words/s - loss: 0.4317
00:18:11 - process[5]: training epoch 4 ...
00:18:26 - process[5] - epoch 4 - train iter 476 - 27797.5 words/s - loss: 0.3627
00:18:26 - process[5]: training epoch 5 ...
00:18:41 - process[5] - epoch 5 - train iter 476 - 27516.0 words/s - loss: 0.3773
00:18:41 - process[5]: training epoch 6 ...
00:18:56 - process[5] - epoch 6 - train iter 476 - 27748.8 words/s - loss: 0.3904
00:18:56 - process[5]: training epoch 7 ...
00:19:11 - process[5] - epoch 7 - train iter 476 - 27748.9 words/s - loss: 0.3441
00:19:11 - process[5]: training epoch 8 ...
00:19:26 - process[5] - epoch 8 - train iter 476 - 27526.9 words/s - loss: 0.3593
00:19:26 - process[5]: training epoch 9 ...
00:19:41 - process[5] - epoch 9 - train iter 476 - 27754.1 words/s - loss: 0.3481
00:19:41 - process[5]: training epoch 10 ...
00:19:56 - process[5] - epoch 10 - train iter 476 - 27368.4 words/s - loss: 0.3358
00:19:56 - process[5]: evaluating epoch 10 on dev ...
00:20:11 - process[5] - dev - epoch 10 - mAP: 0.578 w/ 32 queries
00:20:11 - process[5]: evaluating epoch 10 on test ...
00:20:27 - test set during evaluation: 11550/11545
00:20:27 - process[5] - test - epoch 10 - mAP: 0.540 w/ 31 queries
00:20:27 - process[5]: training epoch 11 ...
00:20:41 - process[5] - epoch 11 - train iter 476 - 27605.4 words/s - loss: 0.3572
00:20:41 - process[5]: evaluating epoch 11 on dev ...
00:20:58 - process[5] - dev - epoch 11 - mAP: 0.574 w/ 32 queries
00:20:58 - process[5]: training epoch 12 ...
00:21:13 - process[5] - epoch 12 - train iter 476 - 27613.5 words/s - loss: 0.3213
00:21:13 - process[5]: evaluating epoch 12 on dev ...
00:21:30 - process[5] - dev - epoch 12 - mAP: 0.581 w/ 32 queries
00:21:30 - process[5]: evaluating epoch 12 on test ...
00:21:44 - test set during evaluation: 11550/11545
00:21:44 - process[5] - test - epoch 12 - mAP: 0.542 w/ 31 queries
00:21:44 - process[5]: training epoch 13 ...
00:21:59 - process[5] - epoch 13 - train iter 476 - 27859.8 words/s - loss: 0.3344
00:21:59 - process[5]: evaluating epoch 13 on dev ...
00:22:14 - process[5] - dev - epoch 13 - mAP: 0.579 w/ 32 queries
00:22:14 - process[5]: training epoch 14 ...
00:22:29 - process[5] - epoch 14 - train iter 476 - 27744.9 words/s - loss: 0.3063
00:22:29 - process[5]: evaluating epoch 14 on dev ...
00:22:44 - process[5] - dev - epoch 14 - mAP: 0.591 w/ 32 queries
00:22:44 - process[5]: evaluating epoch 14 on test ...
00:22:59 - test set during evaluation: 11550/11545
00:22:59 - process[5] - test - epoch 14 - mAP: 0.544 w/ 31 queries
00:22:59 - process[5]: training epoch 15 ...
00:23:13 - process[5] - epoch 15 - train iter 476 - 28001.0 words/s - loss: 0.2961
00:23:13 - process[5]: evaluating epoch 15 on dev ...
00:23:29 - process[5] - dev - epoch 15 - mAP: 0.581 w/ 32 queries
00:23:29 - process[5]: training epoch 16 ...
00:23:44 - process[5] - epoch 16 - train iter 476 - 27829.4 words/s - loss: 0.2992
00:23:44 - process[5]: evaluating epoch 16 on dev ...
00:23:59 - process[5] - dev - epoch 16 - mAP: 0.572 w/ 32 queries
00:23:59 - process[5]: training epoch 17 ...
00:24:14 - process[5] - epoch 17 - train iter 476 - 27559.0 words/s - loss: 0.3008
00:24:14 - process[5]: evaluating epoch 17 on dev ...
00:24:29 - process[5] - dev - epoch 17 - mAP: 0.593 w/ 32 queries
00:24:29 - process[5]: evaluating epoch 17 on test ...
00:24:44 - test set during evaluation: 11550/11545
00:24:44 - process[5] - test - epoch 17 - mAP: 0.552 w/ 31 queries
00:24:44 - process[5]: training epoch 18 ...
00:24:59 - process[5] - epoch 18 - train iter 476 - 27822.9 words/s - loss: 0.3063
00:24:59 - process[5]: evaluating epoch 18 on dev ...
00:25:14 - process[5] - dev - epoch 18 - mAP: 0.571 w/ 32 queries
00:25:14 - process[5]: training epoch 19 ...
00:25:29 - process[5] - epoch 19 - train iter 476 - 27794.4 words/s - loss: 0.2888
00:25:29 - process[5]: evaluating epoch 19 on dev ...
00:25:44 - process[5] - dev - epoch 19 - mAP: 0.579 w/ 32 queries
00:25:44 - [fold 3] best test MAP: 0.552 @ epoch 17
00:25:44 - Evaluating every 1 epochs ...
00:25:44 - reading data from /mnt/home/puxuan/CLIR-project/Evaluation_data/process-clef/uncased
00:25:45 - test has 31 queries ...
00:25:45 - Data reading done ...
00:25:47 - adding 9-th encoder to optimizer...
00:25:47 - adding 10-th encoder to optimizer...
00:25:47 - adding 11-th encoder to optimizer...
00:25:47 - process[5]: training epoch 0 ...
00:26:01 - process[5] - epoch 0 - train iter 432 - 27955.4 words/s - loss: 0.6132
00:26:01 - process[5]: training epoch 1 ...
00:26:14 - process[5] - epoch 1 - train iter 432 - 27846.7 words/s - loss: 0.4828
00:26:14 - process[5]: training epoch 2 ...
00:26:28 - process[5] - epoch 2 - train iter 432 - 28038.2 words/s - loss: 0.4789
00:26:28 - process[5]: training epoch 3 ...
00:26:41 - process[5] - epoch 3 - train iter 432 - 28108.0 words/s - loss: 0.4299
00:26:41 - process[5]: training epoch 4 ...
00:26:54 - process[5] - epoch 4 - train iter 432 - 27642.3 words/s - loss: 0.3724
00:26:54 - process[5]: training epoch 5 ...
00:27:08 - process[5] - epoch 5 - train iter 432 - 27993.4 words/s - loss: 0.3819
00:27:08 - process[5]: training epoch 6 ...
00:27:21 - process[5] - epoch 6 - train iter 432 - 27712.4 words/s - loss: 0.3820
00:27:21 - process[5]: training epoch 7 ...
00:27:35 - process[5] - epoch 7 - train iter 432 - 27904.6 words/s - loss: 0.3800
00:27:35 - process[5]: training epoch 8 ...
00:27:48 - process[5] - epoch 8 - train iter 432 - 27666.8 words/s - loss: 0.3417
00:27:48 - process[5]: training epoch 9 ...
00:28:02 - process[5] - epoch 9 - train iter 432 - 27773.5 words/s - loss: 0.3002
00:28:02 - process[5]: training epoch 10 ...
00:28:15 - process[5] - epoch 10 - train iter 432 - 27614.8 words/s - loss: 0.3277
00:28:15 - process[5]: evaluating epoch 10 on dev ...
00:28:31 - dev set during evaluation: 11550/11545
00:28:31 - process[5] - dev - epoch 10 - mAP: 0.534 w/ 31 queries
00:28:31 - process[5]: evaluating epoch 10 on test ...
00:28:46 - test set during evaluation: 11320/11315
00:28:46 - process[5] - test - epoch 10 - mAP: 0.582 w/ 31 queries
00:28:46 - process[5]: training epoch 11 ...
00:28:59 - process[5] - epoch 11 - train iter 432 - 27785.4 words/s - loss: 0.3341
00:28:59 - process[5]: evaluating epoch 11 on dev ...
00:29:14 - dev set during evaluation: 11550/11545
00:29:14 - process[5] - dev - epoch 11 - mAP: 0.546 w/ 31 queries
00:29:14 - process[5]: evaluating epoch 11 on test ...
00:29:30 - test set during evaluation: 11320/11315
00:29:30 - process[5] - test - epoch 11 - mAP: 0.587 w/ 31 queries
00:29:30 - process[5]: training epoch 12 ...
00:29:44 - process[5] - epoch 12 - train iter 432 - 27422.4 words/s - loss: 0.3107
00:29:44 - process[5]: evaluating epoch 12 on dev ...
00:29:58 - dev set during evaluation: 11550/11545
00:29:58 - process[5] - dev - epoch 12 - mAP: 0.553 w/ 31 queries
00:29:58 - process[5]: evaluating epoch 12 on test ...
00:30:13 - test set during evaluation: 11320/11315
00:30:13 - process[5] - test - epoch 12 - mAP: 0.594 w/ 31 queries
00:30:13 - process[5]: training epoch 13 ...
00:30:26 - process[5] - epoch 13 - train iter 432 - 28233.4 words/s - loss: 0.3372
00:30:26 - process[5]: evaluating epoch 13 on dev ...
00:30:42 - dev set during evaluation: 11550/11545
00:30:42 - process[5] - dev - epoch 13 - mAP: 0.560 w/ 31 queries
00:30:42 - process[5]: evaluating epoch 13 on test ...
00:30:56 - test set during evaluation: 11320/11315
00:30:56 - process[5] - test - epoch 13 - mAP: 0.583 w/ 31 queries
00:30:56 - process[5]: training epoch 14 ...
00:31:10 - process[5] - epoch 14 - train iter 432 - 28140.7 words/s - loss: 0.3129
00:31:10 - process[5]: evaluating epoch 14 on dev ...
00:31:26 - dev set during evaluation: 11550/11545
00:31:26 - process[5] - dev - epoch 14 - mAP: 0.553 w/ 31 queries
00:31:26 - process[5]: training epoch 15 ...
00:31:39 - process[5] - epoch 15 - train iter 432 - 27679.3 words/s - loss: 0.3017
00:31:39 - process[5]: evaluating epoch 15 on dev ...
00:31:54 - dev set during evaluation: 11550/11545
00:31:54 - process[5] - dev - epoch 15 - mAP: 0.539 w/ 31 queries
00:31:54 - process[5]: training epoch 16 ...
00:32:07 - process[5] - epoch 16 - train iter 432 - 27881.2 words/s - loss: 0.2983
00:32:07 - process[5]: evaluating epoch 16 on dev ...
00:32:22 - dev set during evaluation: 11550/11545
00:32:22 - process[5] - dev - epoch 16 - mAP: 0.542 w/ 31 queries
00:32:22 - process[5]: training epoch 17 ...
00:32:35 - process[5] - epoch 17 - train iter 432 - 28163.2 words/s - loss: 0.3110
00:32:35 - process[5]: evaluating epoch 17 on dev ...
00:32:50 - dev set during evaluation: 11550/11545
00:32:50 - process[5] - dev - epoch 17 - mAP: 0.555 w/ 31 queries
00:32:50 - process[5]: training epoch 18 ...
00:33:03 - process[5] - epoch 18 - train iter 432 - 27891.7 words/s - loss: 0.2908
00:33:03 - process[5]: evaluating epoch 18 on dev ...
00:33:18 - dev set during evaluation: 11550/11545
00:33:18 - process[5] - dev - epoch 18 - mAP: 0.555 w/ 31 queries
00:33:18 - process[5]: training epoch 19 ...
00:33:32 - process[5] - epoch 19 - train iter 432 - 26725.4 words/s - loss: 0.3041
00:33:32 - process[5]: evaluating epoch 19 on dev ...
00:33:49 - dev set during evaluation: 11550/11545
00:33:49 - process[5] - dev - epoch 19 - mAP: 0.560 w/ 31 queries
00:33:49 - [fold 4] best test MAP: 0.583 @ epoch 13
00:33:49 - Evaluating every 1 epochs ...
00:33:49 - reading data from /mnt/home/puxuan/CLIR-project/Evaluation_data/process-clef/uncased
00:33:50 - test has 31 queries ...
00:33:50 - Data reading done ...
00:33:52 - adding 9-th encoder to optimizer...
00:33:52 - adding 10-th encoder to optimizer...
00:33:52 - adding 11-th encoder to optimizer...
00:33:52 - process[5]: training epoch 0 ...
00:34:06 - process[5] - epoch 0 - train iter 437 - 27160.4 words/s - loss: 0.6253
00:34:06 - process[5]: training epoch 1 ...
00:34:20 - process[5] - epoch 1 - train iter 437 - 27696.2 words/s - loss: 0.5196
00:34:20 - process[5]: training epoch 2 ...
00:34:34 - process[5] - epoch 2 - train iter 437 - 27627.7 words/s - loss: 0.4660
00:34:34 - process[5]: training epoch 3 ...
00:34:48 - process[5] - epoch 3 - train iter 437 - 27722.0 words/s - loss: 0.4364
00:34:48 - process[5]: training epoch 4 ...
00:35:01 - process[5] - epoch 4 - train iter 437 - 27553.8 words/s - loss: 0.4067
00:35:01 - process[5]: training epoch 5 ...
00:35:15 - process[5] - epoch 5 - train iter 437 - 27673.8 words/s - loss: 0.3939
00:35:15 - process[5]: training epoch 6 ...
00:35:29 - process[5] - epoch 6 - train iter 437 - 27720.4 words/s - loss: 0.3499
00:35:29 - process[5]: training epoch 7 ...
00:35:42 - process[5] - epoch 7 - train iter 437 - 28079.8 words/s - loss: 0.3939
00:35:42 - process[5]: training epoch 8 ...
00:35:56 - process[5] - epoch 8 - train iter 437 - 27620.1 words/s - loss: 0.3858
00:35:56 - process[5]: training epoch 9 ...
00:36:10 - process[5] - epoch 9 - train iter 437 - 27525.6 words/s - loss: 0.3365
00:36:10 - process[5]: training epoch 10 ...
00:36:24 - process[5] - epoch 10 - train iter 437 - 28096.0 words/s - loss: 0.3206
00:36:24 - process[5]: evaluating epoch 10 on dev ...
00:36:47 - dev set during evaluation: 11320/11315
00:36:47 - process[5] - dev - epoch 10 - mAP: 0.592 w/ 31 queries
00:36:47 - process[5]: evaluating epoch 10 on test ...
00:37:01 - process[5] - test - epoch 10 - mAP: 0.498 w/ 31 queries
00:37:01 - process[5]: training epoch 11 ...
00:37:14 - process[5] - epoch 11 - train iter 437 - 27495.7 words/s - loss: 0.3477
00:37:14 - process[5]: evaluating epoch 11 on dev ...
00:37:31 - dev set during evaluation: 11320/11315
00:37:31 - process[5] - dev - epoch 11 - mAP: 0.595 w/ 31 queries
00:37:31 - process[5]: evaluating epoch 11 on test ...
00:37:45 - process[5] - test - epoch 11 - mAP: 0.523 w/ 31 queries
00:37:45 - process[5]: training epoch 12 ...
00:37:59 - process[5] - epoch 12 - train iter 437 - 28040.0 words/s - loss: 0.3510
00:37:59 - process[5]: evaluating epoch 12 on dev ...
00:38:13 - dev set during evaluation: 11320/11315
00:38:13 - process[5] - dev - epoch 12 - mAP: 0.580 w/ 31 queries
00:38:13 - process[5]: training epoch 13 ...
00:38:27 - process[5] - epoch 13 - train iter 437 - 27393.6 words/s - loss: 0.2944
00:38:27 - process[5]: evaluating epoch 13 on dev ...
00:38:41 - dev set during evaluation: 11320/11315
00:38:41 - process[5] - dev - epoch 13 - mAP: 0.590 w/ 31 queries
00:38:41 - process[5]: training epoch 14 ...
00:38:55 - process[5] - epoch 14 - train iter 437 - 27808.8 words/s - loss: 0.3090
00:38:55 - process[5]: evaluating epoch 14 on dev ...
00:39:10 - dev set during evaluation: 11320/11315
00:39:10 - process[5] - dev - epoch 14 - mAP: 0.596 w/ 31 queries
00:39:10 - process[5]: evaluating epoch 14 on test ...
00:39:23 - process[5] - test - epoch 14 - mAP: 0.520 w/ 31 queries
00:39:23 - process[5]: training epoch 15 ...
00:39:37 - process[5] - epoch 15 - train iter 437 - 28157.8 words/s - loss: 0.3240
00:39:37 - process[5]: evaluating epoch 15 on dev ...
00:39:52 - dev set during evaluation: 11320/11315
00:39:52 - process[5] - dev - epoch 15 - mAP: 0.594 w/ 31 queries
00:39:52 - process[5]: training epoch 16 ...
00:40:05 - process[5] - epoch 16 - train iter 437 - 27750.0 words/s - loss: 0.3366
00:40:05 - process[5]: evaluating epoch 16 on dev ...
00:40:20 - dev set during evaluation: 11320/11315
00:40:20 - process[5] - dev - epoch 16 - mAP: 0.585 w/ 31 queries
00:40:20 - process[5]: training epoch 17 ...
00:40:33 - process[5] - epoch 17 - train iter 437 - 27797.9 words/s - loss: 0.2931
00:40:33 - process[5]: evaluating epoch 17 on dev ...
00:40:48 - dev set during evaluation: 11320/11315
00:40:48 - process[5] - dev - epoch 17 - mAP: 0.586 w/ 31 queries
00:40:48 - process[5]: training epoch 18 ...
00:41:02 - process[5] - epoch 18 - train iter 437 - 27562.7 words/s - loss: 0.2900
00:41:02 - process[5]: evaluating epoch 18 on dev ...
00:41:16 - dev set during evaluation: 11320/11315
00:41:16 - process[5] - dev - epoch 18 - mAP: 0.601 w/ 31 queries
00:41:16 - process[5]: evaluating epoch 18 on test ...
00:41:30 - process[5] - test - epoch 18 - mAP: 0.534 w/ 31 queries
00:41:30 - process[5]: training epoch 19 ...
00:41:44 - process[5] - epoch 19 - train iter 437 - 27735.9 words/s - loss: 0.2843
00:41:44 - process[5]: evaluating epoch 19 on dev ...
00:41:58 - dev set during evaluation: 11320/11315
00:41:58 - process[5] - dev - epoch 19 - mAP: 0.591 w/ 31 queries
00:41:58 - [fold 5] best test MAP: 0.534 @ epoch 18
00:41:58 - [0.542277337636453, 0.5919786392675694, 0.5523795816459995, 0.5833763193731453, 0.5342540374214583]
00:41:58 - [31, 32, 31, 31, 31]
00:41:58 - final MAP: 0.561
