00:00:03 - Namespace(apex_level='O2', batch_size=8, cased=False, dataset='clef', debug=False, encoder_lr=2e-05, eval_step=1, full_doc_length=True, local_rank=5, model_path='/mnt/scratch/puxuan/short_qlm_mix/2192279/huggingface-4', model_type='mbert', num_epochs=20, num_ft_encoders=3, num_neg=1, projector_lr=2e-05, seed=611, source_lang='de', target_lang='es')
00:00:12 - Evaluating every 1 epochs ...
00:00:12 - reading data from /mnt/home/puxuan/CLIR-project/Evaluation_data/process-clef/uncased
00:00:13 - test has 31 queries ...
00:00:13 - Data reading done ...
00:00:22 - adding 9-th encoder to optimizer...
00:00:22 - adding 10-th encoder to optimizer...
00:00:22 - adding 11-th encoder to optimizer...
00:00:22 - process[5]: training epoch 0 ...
00:00:39 - process[5] - epoch 0 - train iter 540 - 27403.6 words/s - loss: 0.5790
00:00:39 - process[5]: training epoch 1 ...
00:00:56 - process[5] - epoch 1 - train iter 540 - 28603.4 words/s - loss: 0.4919
00:00:56 - process[5]: training epoch 2 ...
00:01:12 - process[5] - epoch 2 - train iter 540 - 28454.3 words/s - loss: 0.4444
00:01:12 - process[5]: training epoch 3 ...
00:01:28 - process[5] - epoch 3 - train iter 540 - 28507.0 words/s - loss: 0.4366
00:01:28 - process[5]: training epoch 4 ...
00:01:45 - process[5] - epoch 4 - train iter 540 - 28677.1 words/s - loss: 0.4298
00:01:45 - process[5]: training epoch 5 ...
00:02:02 - process[5] - epoch 5 - train iter 540 - 28786.3 words/s - loss: 0.3802
00:02:02 - process[5]: training epoch 6 ...
00:02:18 - process[5] - epoch 6 - train iter 540 - 28674.4 words/s - loss: 0.3965
00:02:18 - process[5]: training epoch 7 ...
00:02:34 - process[5] - epoch 7 - train iter 540 - 28784.5 words/s - loss: 0.3807
00:02:34 - process[5]: training epoch 8 ...
00:02:50 - process[5] - epoch 8 - train iter 540 - 28807.6 words/s - loss: 0.3801
00:02:50 - process[5]: training epoch 9 ...
00:03:06 - process[5] - epoch 9 - train iter 540 - 28739.0 words/s - loss: 0.3735
00:03:06 - process[5]: training epoch 10 ...
00:03:22 - process[5] - epoch 10 - train iter 540 - 28692.0 words/s - loss: 0.3206
00:03:22 - process[5]: evaluating epoch 10 on dev ...
00:03:40 - process[5] - dev - epoch 10 - mAP: 0.455 w/ 31 queries
00:03:40 - process[5]: evaluating epoch 10 on test ...
00:03:54 - test set during evaluation: 11460/11458
00:03:54 - process[5] - test - epoch 10 - mAP: 0.456 w/ 31 queries
00:03:54 - process[5]: training epoch 11 ...
00:04:10 - process[5] - epoch 11 - train iter 540 - 29010.7 words/s - loss: 0.3240
00:04:10 - process[5]: evaluating epoch 11 on dev ...
00:04:24 - process[5] - dev - epoch 11 - mAP: 0.480 w/ 31 queries
00:04:24 - process[5]: evaluating epoch 11 on test ...
00:04:37 - test set during evaluation: 11460/11458
00:04:37 - process[5] - test - epoch 11 - mAP: 0.480 w/ 31 queries
00:04:37 - process[5]: training epoch 12 ...
00:04:54 - process[5] - epoch 12 - train iter 540 - 28181.1 words/s - loss: 0.3237
00:04:54 - process[5]: evaluating epoch 12 on dev ...
00:05:07 - process[5] - dev - epoch 12 - mAP: 0.485 w/ 31 queries
00:05:07 - process[5]: evaluating epoch 12 on test ...
00:05:21 - test set during evaluation: 11460/11458
00:05:21 - process[5] - test - epoch 12 - mAP: 0.473 w/ 31 queries
00:05:21 - process[5]: training epoch 13 ...
00:05:38 - process[5] - epoch 13 - train iter 540 - 28783.7 words/s - loss: 0.3411
00:05:38 - process[5]: evaluating epoch 13 on dev ...
00:05:51 - process[5] - dev - epoch 13 - mAP: 0.486 w/ 31 queries
00:05:51 - process[5]: evaluating epoch 13 on test ...
00:06:05 - test set during evaluation: 11460/11458
00:06:05 - process[5] - test - epoch 13 - mAP: 0.479 w/ 31 queries
00:06:05 - process[5]: training epoch 14 ...
00:06:21 - process[5] - epoch 14 - train iter 540 - 28668.1 words/s - loss: 0.3122
00:06:21 - process[5]: evaluating epoch 14 on dev ...
00:06:37 - process[5] - dev - epoch 14 - mAP: 0.482 w/ 31 queries
00:06:37 - process[5]: training epoch 15 ...
00:06:53 - process[5] - epoch 15 - train iter 540 - 28606.4 words/s - loss: 0.2956
00:06:53 - process[5]: evaluating epoch 15 on dev ...
00:07:07 - process[5] - dev - epoch 15 - mAP: 0.494 w/ 31 queries
00:07:07 - process[5]: evaluating epoch 15 on test ...
00:07:21 - test set during evaluation: 11460/11458
00:07:21 - process[5] - test - epoch 15 - mAP: 0.466 w/ 31 queries
00:07:21 - process[5]: training epoch 16 ...
00:07:37 - process[5] - epoch 16 - train iter 540 - 28862.2 words/s - loss: 0.3089
00:07:37 - process[5]: evaluating epoch 16 on dev ...
00:07:51 - process[5] - dev - epoch 16 - mAP: 0.484 w/ 31 queries
00:07:51 - process[5]: training epoch 17 ...
00:08:07 - process[5] - epoch 17 - train iter 540 - 28909.8 words/s - loss: 0.2705
00:08:07 - process[5]: evaluating epoch 17 on dev ...
00:08:21 - process[5] - dev - epoch 17 - mAP: 0.479 w/ 31 queries
00:08:21 - process[5]: training epoch 18 ...
00:08:38 - process[5] - epoch 18 - train iter 540 - 28776.1 words/s - loss: 0.3167
00:08:38 - process[5]: evaluating epoch 18 on dev ...
00:08:51 - process[5] - dev - epoch 18 - mAP: 0.484 w/ 31 queries
00:08:51 - process[5]: training epoch 19 ...
00:09:08 - process[5] - epoch 19 - train iter 540 - 28590.7 words/s - loss: 0.2939
00:09:08 - process[5]: evaluating epoch 19 on dev ...
00:09:21 - process[5] - dev - epoch 19 - mAP: 0.491 w/ 31 queries
00:09:21 - [fold 1] best test MAP: 0.466 @ epoch 15
00:09:21 - Evaluating every 1 epochs ...
00:09:21 - reading data from /mnt/home/puxuan/CLIR-project/Evaluation_data/process-clef/uncased
00:09:22 - test has 32 queries ...
00:09:22 - Data reading done ...
00:09:24 - adding 9-th encoder to optimizer...
00:09:24 - adding 10-th encoder to optimizer...
00:09:24 - adding 11-th encoder to optimizer...
00:09:24 - process[5]: training epoch 0 ...
00:09:39 - process[5] - epoch 0 - train iter 492 - 28381.5 words/s - loss: 0.5640
00:09:39 - process[5]: training epoch 1 ...
00:09:55 - process[5] - epoch 1 - train iter 492 - 27938.7 words/s - loss: 0.4908
00:09:55 - process[5]: training epoch 2 ...
00:10:10 - process[5] - epoch 2 - train iter 492 - 27566.9 words/s - loss: 0.4485
00:10:10 - process[5]: training epoch 3 ...
00:10:26 - process[5] - epoch 3 - train iter 492 - 27839.0 words/s - loss: 0.4236
00:10:26 - process[5]: training epoch 4 ...
00:10:41 - process[5] - epoch 4 - train iter 492 - 28352.3 words/s - loss: 0.3681
00:10:41 - process[5]: training epoch 5 ...
00:10:56 - process[5] - epoch 5 - train iter 492 - 28127.3 words/s - loss: 0.4007
00:10:56 - process[5]: training epoch 6 ...
00:11:11 - process[5] - epoch 6 - train iter 492 - 28227.8 words/s - loss: 0.3655
00:11:11 - process[5]: training epoch 7 ...
00:11:26 - process[5] - epoch 7 - train iter 492 - 28428.5 words/s - loss: 0.3758
00:11:26 - process[5]: training epoch 8 ...
00:11:42 - process[5] - epoch 8 - train iter 492 - 28155.2 words/s - loss: 0.3567
00:11:42 - process[5]: training epoch 9 ...
00:11:57 - process[5] - epoch 9 - train iter 492 - 28114.0 words/s - loss: 0.3923
00:11:57 - process[5]: training epoch 10 ...
00:12:12 - process[5] - epoch 10 - train iter 492 - 28249.3 words/s - loss: 0.3405
00:12:12 - process[5]: evaluating epoch 10 on dev ...
00:12:28 - dev set during evaluation: 11460/11458
00:12:28 - process[5] - dev - epoch 10 - mAP: 0.470 w/ 31 queries
00:12:28 - process[5]: evaluating epoch 10 on test ...
00:12:44 - process[5] - test - epoch 10 - mAP: 0.539 w/ 32 queries
00:12:44 - process[5]: training epoch 11 ...
00:12:59 - process[5] - epoch 11 - train iter 492 - 27736.0 words/s - loss: 0.3375
00:12:59 - process[5]: evaluating epoch 11 on dev ...
00:13:13 - dev set during evaluation: 11460/11458
00:13:13 - process[5] - dev - epoch 11 - mAP: 0.486 w/ 31 queries
00:13:13 - process[5]: evaluating epoch 11 on test ...
00:13:28 - process[5] - test - epoch 11 - mAP: 0.571 w/ 32 queries
00:13:28 - process[5]: training epoch 12 ...
00:13:44 - process[5] - epoch 12 - train iter 492 - 28105.4 words/s - loss: 0.3859
00:13:44 - process[5]: evaluating epoch 12 on dev ...
00:13:58 - dev set during evaluation: 11460/11458
00:13:58 - process[5] - dev - epoch 12 - mAP: 0.480 w/ 31 queries
00:13:58 - process[5]: training epoch 13 ...
00:14:13 - process[5] - epoch 13 - train iter 492 - 28261.0 words/s - loss: 0.3702
00:14:13 - process[5]: evaluating epoch 13 on dev ...
00:14:27 - dev set during evaluation: 11460/11458
00:14:27 - process[5] - dev - epoch 13 - mAP: 0.475 w/ 31 queries
00:14:27 - process[5]: training epoch 14 ...
00:14:42 - process[5] - epoch 14 - train iter 492 - 28448.8 words/s - loss: 0.3093
00:14:42 - process[5]: evaluating epoch 14 on dev ...
00:14:56 - dev set during evaluation: 11460/11458
00:14:56 - process[5] - dev - epoch 14 - mAP: 0.471 w/ 31 queries
00:14:56 - process[5]: training epoch 15 ...
00:15:11 - process[5] - epoch 15 - train iter 492 - 28578.8 words/s - loss: 0.3346
00:15:11 - process[5]: evaluating epoch 15 on dev ...
00:15:25 - dev set during evaluation: 11460/11458
00:15:25 - process[5] - dev - epoch 15 - mAP: 0.476 w/ 31 queries
00:15:25 - process[5]: training epoch 16 ...
00:15:41 - process[5] - epoch 16 - train iter 492 - 28416.7 words/s - loss: 0.3024
00:15:41 - process[5]: evaluating epoch 16 on dev ...
00:15:54 - dev set during evaluation: 11460/11458
00:15:54 - process[5] - dev - epoch 16 - mAP: 0.467 w/ 31 queries
00:15:54 - process[5]: training epoch 17 ...
00:16:10 - process[5] - epoch 17 - train iter 492 - 27868.8 words/s - loss: 0.3168
00:16:10 - process[5]: evaluating epoch 17 on dev ...
00:16:24 - dev set during evaluation: 11460/11458
00:16:24 - process[5] - dev - epoch 17 - mAP: 0.461 w/ 31 queries
00:16:24 - process[5]: training epoch 18 ...
00:16:39 - process[5] - epoch 18 - train iter 492 - 28213.6 words/s - loss: 0.3106
00:16:39 - process[5]: evaluating epoch 18 on dev ...
00:16:53 - dev set during evaluation: 11460/11458
00:16:53 - process[5] - dev - epoch 18 - mAP: 0.465 w/ 31 queries
00:16:53 - process[5]: training epoch 19 ...
00:17:08 - process[5] - epoch 19 - train iter 492 - 28774.1 words/s - loss: 0.3323
00:17:08 - process[5]: evaluating epoch 19 on dev ...
00:17:23 - dev set during evaluation: 11460/11458
00:17:23 - process[5] - dev - epoch 19 - mAP: 0.474 w/ 31 queries
00:17:23 - [fold 2] best test MAP: 0.571 @ epoch 11
00:17:23 - Evaluating every 1 epochs ...
00:17:23 - reading data from /mnt/home/puxuan/CLIR-project/Evaluation_data/process-clef/uncased
00:17:25 - test has 31 queries ...
00:17:25 - Data reading done ...
00:17:26 - adding 9-th encoder to optimizer...
00:17:26 - adding 10-th encoder to optimizer...
00:17:26 - adding 11-th encoder to optimizer...
00:17:27 - process[5]: training epoch 0 ...
00:17:41 - process[5] - epoch 0 - train iter 476 - 28572.0 words/s - loss: 0.5983
00:17:41 - process[5]: training epoch 1 ...
00:17:56 - process[5] - epoch 1 - train iter 476 - 28235.8 words/s - loss: 0.4587
00:17:56 - process[5]: training epoch 2 ...
00:18:10 - process[5] - epoch 2 - train iter 476 - 28275.8 words/s - loss: 0.4017
00:18:10 - process[5]: training epoch 3 ...
00:18:25 - process[5] - epoch 3 - train iter 476 - 27664.5 words/s - loss: 0.4429
00:18:25 - process[5]: training epoch 4 ...
00:18:40 - process[5] - epoch 4 - train iter 476 - 28359.2 words/s - loss: 0.3743
00:18:40 - process[5]: training epoch 5 ...
00:18:54 - process[5] - epoch 5 - train iter 476 - 28104.9 words/s - loss: 0.3943
00:18:54 - process[5]: training epoch 6 ...
00:19:09 - process[5] - epoch 6 - train iter 476 - 28378.7 words/s - loss: 0.4109
00:19:09 - process[5]: training epoch 7 ...
00:19:24 - process[5] - epoch 7 - train iter 476 - 28353.9 words/s - loss: 0.3597
00:19:24 - process[5]: training epoch 8 ...
00:19:38 - process[5] - epoch 8 - train iter 476 - 28121.2 words/s - loss: 0.3886
00:19:38 - process[5]: training epoch 9 ...
00:19:53 - process[5] - epoch 9 - train iter 476 - 28447.7 words/s - loss: 0.3538
00:19:53 - process[5]: training epoch 10 ...
00:20:08 - process[5] - epoch 10 - train iter 476 - 27914.2 words/s - loss: 0.3631
00:20:08 - process[5]: evaluating epoch 10 on dev ...
00:20:27 - process[5] - dev - epoch 10 - mAP: 0.538 w/ 32 queries
00:20:27 - process[5]: evaluating epoch 10 on test ...
00:20:42 - test set during evaluation: 11550/11545
00:20:42 - process[5] - test - epoch 10 - mAP: 0.500 w/ 31 queries
00:20:42 - process[5]: training epoch 11 ...
00:20:57 - process[5] - epoch 11 - train iter 476 - 28061.5 words/s - loss: 0.3770
00:20:57 - process[5]: evaluating epoch 11 on dev ...
00:21:12 - process[5] - dev - epoch 11 - mAP: 0.528 w/ 32 queries
00:21:12 - process[5]: training epoch 12 ...
00:21:27 - process[5] - epoch 12 - train iter 476 - 28085.6 words/s - loss: 0.3408
00:21:27 - process[5]: evaluating epoch 12 on dev ...
00:21:42 - process[5] - dev - epoch 12 - mAP: 0.544 w/ 32 queries
00:21:42 - process[5]: evaluating epoch 12 on test ...
00:21:57 - test set during evaluation: 11550/11545
00:21:57 - process[5] - test - epoch 12 - mAP: 0.515 w/ 31 queries
00:21:57 - process[5]: training epoch 13 ...
00:22:11 - process[5] - epoch 13 - train iter 476 - 28412.1 words/s - loss: 0.3288
00:22:11 - process[5]: evaluating epoch 13 on dev ...
00:22:27 - process[5] - dev - epoch 13 - mAP: 0.518 w/ 32 queries
00:22:27 - process[5]: training epoch 14 ...
00:22:41 - process[5] - epoch 14 - train iter 476 - 28126.9 words/s - loss: 0.3097
00:22:41 - process[5]: evaluating epoch 14 on dev ...
00:22:57 - process[5] - dev - epoch 14 - mAP: 0.542 w/ 32 queries
00:22:57 - process[5]: training epoch 15 ...
00:23:11 - process[5] - epoch 15 - train iter 476 - 28451.9 words/s - loss: 0.3135
00:23:11 - process[5]: evaluating epoch 15 on dev ...
00:23:27 - process[5] - dev - epoch 15 - mAP: 0.532 w/ 32 queries
00:23:27 - process[5]: training epoch 16 ...
00:23:42 - process[5] - epoch 16 - train iter 476 - 28371.6 words/s - loss: 0.3381
00:23:42 - process[5]: evaluating epoch 16 on dev ...
00:23:57 - process[5] - dev - epoch 16 - mAP: 0.536 w/ 32 queries
00:23:57 - process[5]: training epoch 17 ...
00:24:12 - process[5] - epoch 17 - train iter 476 - 27878.1 words/s - loss: 0.2991
00:24:12 - process[5]: evaluating epoch 17 on dev ...
00:24:28 - process[5] - dev - epoch 17 - mAP: 0.521 w/ 32 queries
00:24:28 - process[5]: training epoch 18 ...
00:24:42 - process[5] - epoch 18 - train iter 476 - 27884.3 words/s - loss: 0.3170
00:24:42 - process[5]: evaluating epoch 18 on dev ...
00:24:59 - process[5] - dev - epoch 18 - mAP: 0.518 w/ 32 queries
00:24:59 - process[5]: training epoch 19 ...
00:25:13 - process[5] - epoch 19 - train iter 476 - 28336.2 words/s - loss: 0.3290
00:25:13 - process[5]: evaluating epoch 19 on dev ...
00:25:28 - process[5] - dev - epoch 19 - mAP: 0.540 w/ 32 queries
00:25:28 - [fold 3] best test MAP: 0.515 @ epoch 12
00:25:28 - Evaluating every 1 epochs ...
00:25:28 - reading data from /mnt/home/puxuan/CLIR-project/Evaluation_data/process-clef/uncased
00:25:29 - test has 31 queries ...
00:25:29 - Data reading done ...
00:25:31 - adding 9-th encoder to optimizer...
00:25:31 - adding 10-th encoder to optimizer...
00:25:31 - adding 11-th encoder to optimizer...
00:25:32 - process[5]: training epoch 0 ...
00:25:45 - process[5] - epoch 0 - train iter 432 - 28493.7 words/s - loss: 0.6151
00:25:45 - process[5]: training epoch 1 ...
00:25:58 - process[5] - epoch 1 - train iter 432 - 28460.4 words/s - loss: 0.5064
00:25:58 - process[5]: training epoch 2 ...
00:26:11 - process[5] - epoch 2 - train iter 432 - 28565.5 words/s - loss: 0.4872
00:26:11 - process[5]: training epoch 3 ...
00:26:25 - process[5] - epoch 3 - train iter 432 - 28707.3 words/s - loss: 0.4566
00:26:25 - process[5]: training epoch 4 ...
00:26:38 - process[5] - epoch 4 - train iter 432 - 28228.9 words/s - loss: 0.4277
00:26:38 - process[5]: training epoch 5 ...
00:26:51 - process[5] - epoch 5 - train iter 432 - 28610.0 words/s - loss: 0.4237
00:26:51 - process[5]: training epoch 6 ...
00:27:04 - process[5] - epoch 6 - train iter 432 - 28287.6 words/s - loss: 0.3850
00:27:04 - process[5]: training epoch 7 ...
00:27:18 - process[5] - epoch 7 - train iter 432 - 28256.0 words/s - loss: 0.4190
00:27:18 - process[5]: training epoch 8 ...
00:27:31 - process[5] - epoch 8 - train iter 432 - 28253.6 words/s - loss: 0.3467
00:27:31 - process[5]: training epoch 9 ...
00:27:44 - process[5] - epoch 9 - train iter 432 - 28252.7 words/s - loss: 0.3487
00:27:44 - process[5]: training epoch 10 ...
00:27:57 - process[5] - epoch 10 - train iter 432 - 28155.1 words/s - loss: 0.3626
00:27:57 - process[5]: evaluating epoch 10 on dev ...
00:28:16 - dev set during evaluation: 11550/11545
00:28:16 - process[5] - dev - epoch 10 - mAP: 0.502 w/ 31 queries
00:28:16 - process[5]: evaluating epoch 10 on test ...
00:28:30 - test set during evaluation: 11320/11315
00:28:30 - process[5] - test - epoch 10 - mAP: 0.544 w/ 31 queries
00:28:30 - process[5]: training epoch 11 ...
00:28:43 - process[5] - epoch 11 - train iter 432 - 28195.3 words/s - loss: 0.3817
00:28:43 - process[5]: evaluating epoch 11 on dev ...
00:28:59 - dev set during evaluation: 11550/11545
00:28:59 - process[5] - dev - epoch 11 - mAP: 0.520 w/ 31 queries
00:28:59 - process[5]: evaluating epoch 11 on test ...
00:29:13 - test set during evaluation: 11320/11315
00:29:13 - process[5] - test - epoch 11 - mAP: 0.559 w/ 31 queries
00:29:13 - process[5]: training epoch 12 ...
00:29:27 - process[5] - epoch 12 - train iter 432 - 27834.5 words/s - loss: 0.3331
00:29:27 - process[5]: evaluating epoch 12 on dev ...
00:29:42 - dev set during evaluation: 11550/11545
00:29:42 - process[5] - dev - epoch 12 - mAP: 0.505 w/ 31 queries
00:29:42 - process[5]: training epoch 13 ...
00:29:56 - process[5] - epoch 13 - train iter 432 - 28477.9 words/s - loss: 0.3535
00:29:56 - process[5]: evaluating epoch 13 on dev ...
00:30:11 - dev set during evaluation: 11550/11545
00:30:11 - process[5] - dev - epoch 13 - mAP: 0.514 w/ 31 queries
00:30:11 - process[5]: training epoch 14 ...
00:30:24 - process[5] - epoch 14 - train iter 432 - 28803.6 words/s - loss: 0.3461
00:30:24 - process[5]: evaluating epoch 14 on dev ...
00:30:39 - dev set during evaluation: 11550/11545
00:30:39 - process[5] - dev - epoch 14 - mAP: 0.522 w/ 31 queries
00:30:39 - process[5]: evaluating epoch 14 on test ...
00:30:54 - test set during evaluation: 11320/11315
00:30:54 - process[5] - test - epoch 14 - mAP: 0.538 w/ 31 queries
00:30:54 - process[5]: training epoch 15 ...
00:31:07 - process[5] - epoch 15 - train iter 432 - 28195.7 words/s - loss: 0.3306
00:31:07 - process[5]: evaluating epoch 15 on dev ...
00:31:23 - dev set during evaluation: 11550/11545
00:31:23 - process[5] - dev - epoch 15 - mAP: 0.515 w/ 31 queries
00:31:23 - process[5]: training epoch 16 ...
00:31:36 - process[5] - epoch 16 - train iter 432 - 28366.6 words/s - loss: 0.3135
00:31:36 - process[5]: evaluating epoch 16 on dev ...
00:31:51 - dev set during evaluation: 11550/11545
00:31:51 - process[5] - dev - epoch 16 - mAP: 0.526 w/ 31 queries
00:31:51 - process[5]: evaluating epoch 16 on test ...
00:32:07 - test set during evaluation: 11320/11315
00:32:07 - process[5] - test - epoch 16 - mAP: 0.559 w/ 31 queries
00:32:07 - process[5]: training epoch 17 ...
00:32:20 - process[5] - epoch 17 - train iter 432 - 28785.6 words/s - loss: 0.3735
00:32:20 - process[5]: evaluating epoch 17 on dev ...
00:32:35 - dev set during evaluation: 11550/11545
00:32:35 - process[5] - dev - epoch 17 - mAP: 0.519 w/ 31 queries
00:32:35 - process[5]: training epoch 18 ...
00:32:49 - process[5] - epoch 18 - train iter 432 - 28642.3 words/s - loss: 0.3197
00:32:49 - process[5]: evaluating epoch 18 on dev ...
00:33:03 - dev set during evaluation: 11550/11545
00:33:03 - process[5] - dev - epoch 18 - mAP: 0.523 w/ 31 queries
00:33:03 - process[5]: training epoch 19 ...
00:33:17 - process[5] - epoch 19 - train iter 432 - 28202.1 words/s - loss: 0.3279
00:33:17 - process[5]: evaluating epoch 19 on dev ...
00:33:31 - dev set during evaluation: 11550/11545
00:33:31 - process[5] - dev - epoch 19 - mAP: 0.513 w/ 31 queries
00:33:31 - [fold 4] best test MAP: 0.559 @ epoch 16
00:33:31 - Evaluating every 1 epochs ...
00:33:31 - reading data from /mnt/home/puxuan/CLIR-project/Evaluation_data/process-clef/uncased
00:33:33 - test has 31 queries ...
00:33:33 - Data reading done ...
00:33:34 - adding 9-th encoder to optimizer...
00:33:34 - adding 10-th encoder to optimizer...
00:33:34 - adding 11-th encoder to optimizer...
00:33:35 - process[5]: training epoch 0 ...
00:33:49 - process[5] - epoch 0 - train iter 437 - 27505.4 words/s - loss: 0.6452
00:33:49 - process[5]: training epoch 1 ...
00:34:02 - process[5] - epoch 1 - train iter 437 - 27913.7 words/s - loss: 0.5129
00:34:02 - process[5]: training epoch 2 ...
00:34:16 - process[5] - epoch 2 - train iter 437 - 27908.3 words/s - loss: 0.4957
00:34:16 - process[5]: training epoch 3 ...
00:34:30 - process[5] - epoch 3 - train iter 437 - 28015.1 words/s - loss: 0.4322
00:34:30 - process[5]: training epoch 4 ...
00:34:44 - process[5] - epoch 4 - train iter 437 - 27863.1 words/s - loss: 0.4086
00:34:44 - process[5]: training epoch 5 ...
00:34:58 - process[5] - epoch 5 - train iter 437 - 27995.4 words/s - loss: 0.4186
00:34:58 - process[5]: training epoch 6 ...
00:35:11 - process[5] - epoch 6 - train iter 437 - 28069.3 words/s - loss: 0.3565
00:35:11 - process[5]: training epoch 7 ...
00:35:25 - process[5] - epoch 7 - train iter 437 - 28373.0 words/s - loss: 0.4092
00:35:25 - process[5]: training epoch 8 ...
00:35:38 - process[5] - epoch 8 - train iter 437 - 28053.9 words/s - loss: 0.4056
00:35:38 - process[5]: training epoch 9 ...
00:35:52 - process[5] - epoch 9 - train iter 437 - 27818.9 words/s - loss: 0.3481
00:35:52 - process[5]: training epoch 10 ...
00:36:06 - process[5] - epoch 10 - train iter 437 - 28393.7 words/s - loss: 0.3521
00:36:06 - process[5]: evaluating epoch 10 on dev ...
00:36:22 - dev set during evaluation: 11320/11315
00:36:22 - process[5] - dev - epoch 10 - mAP: 0.545 w/ 31 queries
00:36:22 - process[5]: evaluating epoch 10 on test ...
00:36:36 - process[5] - test - epoch 10 - mAP: 0.476 w/ 31 queries
00:36:36 - process[5]: training epoch 11 ...
00:36:49 - process[5] - epoch 11 - train iter 437 - 27736.3 words/s - loss: 0.3785
00:36:49 - process[5]: evaluating epoch 11 on dev ...
00:37:04 - dev set during evaluation: 11320/11315
00:37:04 - process[5] - dev - epoch 11 - mAP: 0.549 w/ 31 queries
00:37:04 - process[5]: evaluating epoch 11 on test ...
00:37:18 - process[5] - test - epoch 11 - mAP: 0.473 w/ 31 queries
00:37:18 - process[5]: training epoch 12 ...
00:37:32 - process[5] - epoch 12 - train iter 437 - 28429.0 words/s - loss: 0.3547
00:37:32 - process[5]: evaluating epoch 12 on dev ...
00:37:46 - dev set during evaluation: 11320/11315
00:37:46 - process[5] - dev - epoch 12 - mAP: 0.545 w/ 31 queries
00:37:46 - process[5]: training epoch 13 ...
00:38:00 - process[5] - epoch 13 - train iter 437 - 27909.3 words/s - loss: 0.3142
00:38:00 - process[5]: evaluating epoch 13 on dev ...
00:38:15 - dev set during evaluation: 11320/11315
00:38:15 - process[5] - dev - epoch 13 - mAP: 0.553 w/ 31 queries
00:38:15 - process[5]: evaluating epoch 13 on test ...
00:38:28 - process[5] - test - epoch 13 - mAP: 0.470 w/ 31 queries
00:38:28 - process[5]: training epoch 14 ...
00:38:42 - process[5] - epoch 14 - train iter 437 - 28170.7 words/s - loss: 0.3220
00:38:42 - process[5]: evaluating epoch 14 on dev ...
00:38:58 - dev set during evaluation: 11320/11315
00:38:58 - process[5] - dev - epoch 14 - mAP: 0.564 w/ 31 queries
00:38:58 - process[5]: evaluating epoch 14 on test ...
00:39:12 - process[5] - test - epoch 14 - mAP: 0.477 w/ 31 queries
00:39:12 - process[5]: training epoch 15 ...
00:39:25 - process[5] - epoch 15 - train iter 437 - 28289.3 words/s - loss: 0.3218
00:39:25 - process[5]: evaluating epoch 15 on dev ...
00:39:40 - dev set during evaluation: 11320/11315
00:39:40 - process[5] - dev - epoch 15 - mAP: 0.540 w/ 31 queries
00:39:40 - process[5]: training epoch 16 ...
00:39:54 - process[5] - epoch 16 - train iter 437 - 28245.0 words/s - loss: 0.3436
00:39:54 - process[5]: evaluating epoch 16 on dev ...
00:40:08 - dev set during evaluation: 11320/11315
00:40:08 - process[5] - dev - epoch 16 - mAP: 0.556 w/ 31 queries
00:40:08 - process[5]: training epoch 17 ...
00:40:22 - process[5] - epoch 17 - train iter 437 - 28418.8 words/s - loss: 0.3151
00:40:22 - process[5]: evaluating epoch 17 on dev ...
00:40:36 - dev set during evaluation: 11320/11315
00:40:36 - process[5] - dev - epoch 17 - mAP: 0.567 w/ 31 queries
00:40:36 - process[5]: evaluating epoch 17 on test ...
00:40:50 - process[5] - test - epoch 17 - mAP: 0.486 w/ 31 queries
00:40:50 - process[5]: training epoch 18 ...
00:41:04 - process[5] - epoch 18 - train iter 437 - 28301.7 words/s - loss: 0.2989
00:41:04 - process[5]: evaluating epoch 18 on dev ...
00:41:18 - dev set during evaluation: 11320/11315
00:41:18 - process[5] - dev - epoch 18 - mAP: 0.551 w/ 31 queries
00:41:18 - process[5]: training epoch 19 ...
00:41:31 - process[5] - epoch 19 - train iter 437 - 28582.1 words/s - loss: 0.2912
00:41:31 - process[5]: evaluating epoch 19 on dev ...
00:41:46 - dev set during evaluation: 11320/11315
00:41:46 - process[5] - dev - epoch 19 - mAP: 0.546 w/ 31 queries
00:41:46 - [fold 5] best test MAP: 0.486 @ epoch 17
00:41:46 - [0.46590277824593496, 0.5711591107590555, 0.5152486361333793, 0.5587749965095591, 0.4860123902623755]
00:41:46 - [31, 32, 31, 31, 31]
00:41:46 - final MAP: 0.520
