00:00:06 - Namespace(apex_level='O2', batch_size=8, cased=False, dataset='clef', debug=False, encoder_lr=2e-05, eval_step=1, full_doc_length=True, local_rank=0, model_path='/mnt/scratch/puxuan/short_qlm_0.15/2186792/huggingface-9', model_type='mbert', num_epochs=20, num_ft_encoders=3, num_neg=1, projector_lr=2e-05, seed=611, source_lang='en', target_lang='es')
00:00:14 - Evaluating every 1 epochs ...
00:00:14 - reading data from /mnt/home/puxuan/CLIR-project/Evaluation_data/process-clef/uncased
00:00:15 - test has 31 queries ...
00:00:15 - Data reading done ...
00:00:22 - adding 9-th encoder to optimizer...
00:00:22 - adding 10-th encoder to optimizer...
00:00:22 - adding 11-th encoder to optimizer...
00:00:22 - process[0]: training epoch 0 ...
00:00:39 - process[0] - epoch 0 - train iter 540 - 27329.4 words/s - loss: 0.6014
00:00:39 - process[0]: training epoch 1 ...
00:00:55 - process[0] - epoch 1 - train iter 540 - 28865.8 words/s - loss: 0.4855
00:00:55 - process[0]: training epoch 2 ...
00:01:12 - process[0] - epoch 2 - train iter 540 - 28566.8 words/s - loss: 0.4594
00:01:12 - process[0]: training epoch 3 ...
00:01:28 - process[0] - epoch 3 - train iter 540 - 29083.1 words/s - loss: 0.4418
00:01:28 - process[0]: training epoch 4 ...
00:01:44 - process[0] - epoch 4 - train iter 540 - 29000.8 words/s - loss: 0.4180
00:01:44 - process[0]: training epoch 5 ...
00:02:00 - process[0] - epoch 5 - train iter 540 - 29018.1 words/s - loss: 0.4130
00:02:00 - process[0]: training epoch 6 ...
00:02:16 - process[0] - epoch 6 - train iter 540 - 28613.8 words/s - loss: 0.3958
00:02:16 - process[0]: training epoch 7 ...
00:02:32 - process[0] - epoch 7 - train iter 540 - 28834.9 words/s - loss: 0.3783
00:02:32 - process[0]: training epoch 8 ...
00:02:48 - process[0] - epoch 8 - train iter 540 - 28509.5 words/s - loss: 0.3687
00:02:48 - process[0]: training epoch 9 ...
00:03:04 - process[0] - epoch 9 - train iter 540 - 28828.9 words/s - loss: 0.3569
00:03:04 - process[0]: training epoch 10 ...
00:03:20 - process[0] - epoch 10 - train iter 540 - 28826.7 words/s - loss: 0.3107
00:03:20 - process[0]: evaluating epoch 10 on dev ...
00:03:38 - process[0] - dev - epoch 10 - mAP: 0.482 w/ 31 queries
00:03:38 - removing file tmp_5f/mbert_enes_dev_1_10.txt
00:03:38 - removing file tmp_5f/mbert_enes_dev_6_10.txt
00:03:38 - removing file tmp_5f/mbert_enes_dev_2_10.txt
00:03:38 - removing file tmp_5f/mbert_enes_dev_5_10.txt
00:03:38 - removing file tmp_5f/mbert_enes_dev_4_10.txt
00:03:38 - removing file tmp_5f/mbert_enes_dev_7_10.txt
00:03:38 - removing file tmp_5f/mbert_enes_dev_8_10.txt
00:03:38 - removing file tmp_5f/mbert_enes_dev_0_10.txt
00:03:38 - removing file tmp_5f/mbert_enes_dev_9_10.txt
00:03:38 - removing file tmp_5f/mbert_enes_dev_3_10.txt
00:03:38 - process[0]: evaluating epoch 10 on test ...
00:03:52 - test set during evaluation: 11460/11458
00:03:52 - process[0] - test - epoch 10 - mAP: 0.489 w/ 31 queries
00:03:52 - removing file tmp_5f/mbert_enes_test_5_10.txt
00:03:52 - removing file tmp_5f/mbert_enes_test_0_10.txt
00:03:52 - removing file tmp_5f/mbert_enes_test_3_10.txt
00:03:52 - removing file tmp_5f/mbert_enes_test_6_10.txt
00:03:52 - removing file tmp_5f/mbert_enes_test_1_10.txt
00:03:52 - removing file tmp_5f/mbert_enes_test_2_10.txt
00:03:52 - removing file tmp_5f/mbert_enes_test_7_10.txt
00:03:52 - removing file tmp_5f/mbert_enes_test_8_10.txt
00:03:52 - removing file tmp_5f/mbert_enes_test_9_10.txt
00:03:52 - removing file tmp_5f/mbert_enes_test_4_10.txt
00:03:52 - process[0]: training epoch 11 ...
00:04:08 - process[0] - epoch 11 - train iter 540 - 28756.0 words/s - loss: 0.3592
00:04:08 - process[0]: evaluating epoch 11 on dev ...
00:04:22 - process[0] - dev - epoch 11 - mAP: 0.482 w/ 31 queries
00:04:22 - removing file tmp_5f/mbert_enes_dev_4_11.txt
00:04:22 - removing file tmp_5f/mbert_enes_dev_0_11.txt
00:04:22 - removing file tmp_5f/mbert_enes_dev_6_11.txt
00:04:22 - removing file tmp_5f/mbert_enes_dev_9_11.txt
00:04:22 - removing file tmp_5f/mbert_enes_dev_7_11.txt
00:04:22 - removing file tmp_5f/mbert_enes_dev_8_11.txt
00:04:22 - removing file tmp_5f/mbert_enes_dev_2_11.txt
00:04:22 - removing file tmp_5f/mbert_enes_dev_3_11.txt
00:04:22 - removing file tmp_5f/mbert_enes_dev_1_11.txt
00:04:22 - removing file tmp_5f/mbert_enes_dev_5_11.txt
00:04:22 - process[0]: evaluating epoch 11 on test ...
00:04:36 - test set during evaluation: 11460/11458
00:04:36 - process[0] - test - epoch 11 - mAP: 0.496 w/ 31 queries
00:04:36 - removing file tmp_5f/mbert_enes_test_4_11.txt
00:04:36 - removing file tmp_5f/mbert_enes_test_0_11.txt
00:04:36 - removing file tmp_5f/mbert_enes_test_7_11.txt
00:04:36 - removing file tmp_5f/mbert_enes_test_2_11.txt
00:04:36 - removing file tmp_5f/mbert_enes_test_9_11.txt
00:04:36 - removing file tmp_5f/mbert_enes_test_3_11.txt
00:04:36 - removing file tmp_5f/mbert_enes_test_8_11.txt
00:04:36 - removing file tmp_5f/mbert_enes_test_6_11.txt
00:04:36 - removing file tmp_5f/mbert_enes_test_1_11.txt
00:04:36 - removing file tmp_5f/mbert_enes_test_5_11.txt
00:04:36 - process[0]: training epoch 12 ...
00:04:52 - process[0] - epoch 12 - train iter 540 - 28819.5 words/s - loss: 0.3398
00:04:52 - process[0]: evaluating epoch 12 on dev ...
00:05:06 - process[0] - dev - epoch 12 - mAP: 0.486 w/ 31 queries
00:05:06 - removing file tmp_5f/mbert_enes_dev_2_12.txt
00:05:06 - removing file tmp_5f/mbert_enes_dev_8_12.txt
00:05:06 - removing file tmp_5f/mbert_enes_dev_7_12.txt
00:05:06 - removing file tmp_5f/mbert_enes_dev_4_12.txt
00:05:06 - removing file tmp_5f/mbert_enes_dev_5_12.txt
00:05:06 - removing file tmp_5f/mbert_enes_dev_0_12.txt
00:05:06 - removing file tmp_5f/mbert_enes_dev_1_12.txt
00:05:06 - removing file tmp_5f/mbert_enes_dev_3_12.txt
00:05:06 - removing file tmp_5f/mbert_enes_dev_9_12.txt
00:05:06 - removing file tmp_5f/mbert_enes_dev_6_12.txt
00:05:06 - process[0]: evaluating epoch 12 on test ...
00:05:21 - test set during evaluation: 11460/11458
00:05:21 - process[0] - test - epoch 12 - mAP: 0.509 w/ 31 queries
00:05:21 - removing file tmp_5f/mbert_enes_test_3_12.txt
00:05:21 - removing file tmp_5f/mbert_enes_test_7_12.txt
00:05:21 - removing file tmp_5f/mbert_enes_test_8_12.txt
00:05:21 - removing file tmp_5f/mbert_enes_test_9_12.txt
00:05:21 - removing file tmp_5f/mbert_enes_test_1_12.txt
00:05:21 - removing file tmp_5f/mbert_enes_test_4_12.txt
00:05:21 - removing file tmp_5f/mbert_enes_test_2_12.txt
00:05:21 - removing file tmp_5f/mbert_enes_test_6_12.txt
00:05:21 - removing file tmp_5f/mbert_enes_test_5_12.txt
00:05:21 - removing file tmp_5f/mbert_enes_test_0_12.txt
00:05:21 - process[0]: training epoch 13 ...
00:05:37 - process[0] - epoch 13 - train iter 540 - 28648.4 words/s - loss: 0.3337
00:05:37 - process[0]: evaluating epoch 13 on dev ...
00:05:51 - process[0] - dev - epoch 13 - mAP: 0.477 w/ 31 queries
00:05:51 - removing file tmp_5f/mbert_enes_dev_5_13.txt
00:05:51 - removing file tmp_5f/mbert_enes_dev_8_13.txt
00:05:51 - removing file tmp_5f/mbert_enes_dev_6_13.txt
00:05:51 - removing file tmp_5f/mbert_enes_dev_3_13.txt
00:05:51 - removing file tmp_5f/mbert_enes_dev_0_13.txt
00:05:51 - removing file tmp_5f/mbert_enes_dev_1_13.txt
00:05:51 - removing file tmp_5f/mbert_enes_dev_2_13.txt
00:05:51 - removing file tmp_5f/mbert_enes_dev_9_13.txt
00:05:51 - removing file tmp_5f/mbert_enes_dev_4_13.txt
00:05:51 - removing file tmp_5f/mbert_enes_dev_7_13.txt
00:05:51 - process[0]: training epoch 14 ...
00:06:07 - process[0] - epoch 14 - train iter 540 - 28053.2 words/s - loss: 0.3218
00:06:07 - process[0]: evaluating epoch 14 on dev ...
00:06:21 - process[0] - dev - epoch 14 - mAP: 0.484 w/ 31 queries
00:06:21 - removing file tmp_5f/mbert_enes_dev_9_14.txt
00:06:21 - removing file tmp_5f/mbert_enes_dev_1_14.txt
00:06:21 - removing file tmp_5f/mbert_enes_dev_7_14.txt
00:06:21 - removing file tmp_5f/mbert_enes_dev_5_14.txt
00:06:21 - removing file tmp_5f/mbert_enes_dev_0_14.txt
00:06:21 - removing file tmp_5f/mbert_enes_dev_3_14.txt
00:06:21 - removing file tmp_5f/mbert_enes_dev_4_14.txt
00:06:21 - removing file tmp_5f/mbert_enes_dev_2_14.txt
00:06:21 - removing file tmp_5f/mbert_enes_dev_8_14.txt
00:06:21 - removing file tmp_5f/mbert_enes_dev_6_14.txt
00:06:21 - process[0]: training epoch 15 ...
00:06:37 - process[0] - epoch 15 - train iter 540 - 28523.0 words/s - loss: 0.3005
00:06:37 - process[0]: evaluating epoch 15 on dev ...
00:06:51 - process[0] - dev - epoch 15 - mAP: 0.490 w/ 31 queries
00:06:51 - removing file tmp_5f/mbert_enes_dev_2_15.txt
00:06:51 - removing file tmp_5f/mbert_enes_dev_1_15.txt
00:06:51 - removing file tmp_5f/mbert_enes_dev_3_15.txt
00:06:51 - removing file tmp_5f/mbert_enes_dev_0_15.txt
00:06:51 - removing file tmp_5f/mbert_enes_dev_4_15.txt
00:06:51 - removing file tmp_5f/mbert_enes_dev_8_15.txt
00:06:51 - removing file tmp_5f/mbert_enes_dev_9_15.txt
00:06:51 - removing file tmp_5f/mbert_enes_dev_5_15.txt
00:06:51 - removing file tmp_5f/mbert_enes_dev_6_15.txt
00:06:51 - removing file tmp_5f/mbert_enes_dev_7_15.txt
00:06:51 - process[0]: evaluating epoch 15 on test ...
00:07:05 - test set during evaluation: 11460/11458
00:07:05 - process[0] - test - epoch 15 - mAP: 0.489 w/ 31 queries
00:07:05 - removing file tmp_5f/mbert_enes_test_4_15.txt
00:07:05 - removing file tmp_5f/mbert_enes_test_7_15.txt
00:07:05 - removing file tmp_5f/mbert_enes_test_0_15.txt
00:07:05 - removing file tmp_5f/mbert_enes_test_8_15.txt
00:07:05 - removing file tmp_5f/mbert_enes_test_1_15.txt
00:07:05 - removing file tmp_5f/mbert_enes_test_2_15.txt
00:07:05 - removing file tmp_5f/mbert_enes_test_3_15.txt
00:07:05 - removing file tmp_5f/mbert_enes_test_5_15.txt
00:07:05 - removing file tmp_5f/mbert_enes_test_9_15.txt
00:07:05 - removing file tmp_5f/mbert_enes_test_6_15.txt
00:07:05 - process[0]: training epoch 16 ...
00:07:21 - process[0] - epoch 16 - train iter 540 - 28656.6 words/s - loss: 0.3030
00:07:21 - process[0]: evaluating epoch 16 on dev ...
00:07:35 - process[0] - dev - epoch 16 - mAP: 0.473 w/ 31 queries
00:07:35 - removing file tmp_5f/mbert_enes_dev_7_16.txt
00:07:35 - removing file tmp_5f/mbert_enes_dev_9_16.txt
00:07:35 - removing file tmp_5f/mbert_enes_dev_4_16.txt
00:07:35 - removing file tmp_5f/mbert_enes_dev_5_16.txt
00:07:35 - removing file tmp_5f/mbert_enes_dev_2_16.txt
00:07:35 - removing file tmp_5f/mbert_enes_dev_0_16.txt
00:07:35 - removing file tmp_5f/mbert_enes_dev_3_16.txt
00:07:35 - removing file tmp_5f/mbert_enes_dev_6_16.txt
00:07:35 - removing file tmp_5f/mbert_enes_dev_1_16.txt
00:07:35 - removing file tmp_5f/mbert_enes_dev_8_16.txt
00:07:35 - process[0]: training epoch 17 ...
00:07:51 - process[0] - epoch 17 - train iter 540 - 28961.4 words/s - loss: 0.3083
00:07:51 - process[0]: evaluating epoch 17 on dev ...
00:08:05 - process[0] - dev - epoch 17 - mAP: 0.476 w/ 31 queries
00:08:05 - removing file tmp_5f/mbert_enes_dev_8_17.txt
00:08:05 - removing file tmp_5f/mbert_enes_dev_9_17.txt
00:08:05 - removing file tmp_5f/mbert_enes_dev_1_17.txt
00:08:05 - removing file tmp_5f/mbert_enes_dev_3_17.txt
00:08:05 - removing file tmp_5f/mbert_enes_dev_6_17.txt
00:08:05 - removing file tmp_5f/mbert_enes_dev_2_17.txt
00:08:05 - removing file tmp_5f/mbert_enes_dev_5_17.txt
00:08:05 - removing file tmp_5f/mbert_enes_dev_4_17.txt
00:08:05 - removing file tmp_5f/mbert_enes_dev_7_17.txt
00:08:05 - removing file tmp_5f/mbert_enes_dev_0_17.txt
00:08:05 - process[0]: training epoch 18 ...
00:08:21 - process[0] - epoch 18 - train iter 540 - 28634.6 words/s - loss: 0.3009
00:08:21 - process[0]: evaluating epoch 18 on dev ...
00:08:35 - process[0] - dev - epoch 18 - mAP: 0.475 w/ 31 queries
00:08:35 - removing file tmp_5f/mbert_enes_dev_8_18.txt
00:08:35 - removing file tmp_5f/mbert_enes_dev_4_18.txt
00:08:35 - removing file tmp_5f/mbert_enes_dev_1_18.txt
00:08:35 - removing file tmp_5f/mbert_enes_dev_0_18.txt
00:08:35 - removing file tmp_5f/mbert_enes_dev_3_18.txt
00:08:35 - removing file tmp_5f/mbert_enes_dev_5_18.txt
00:08:35 - removing file tmp_5f/mbert_enes_dev_6_18.txt
00:08:35 - removing file tmp_5f/mbert_enes_dev_2_18.txt
00:08:35 - removing file tmp_5f/mbert_enes_dev_7_18.txt
00:08:35 - removing file tmp_5f/mbert_enes_dev_9_18.txt
00:08:35 - process[0]: training epoch 19 ...
00:08:51 - process[0] - epoch 19 - train iter 540 - 28944.8 words/s - loss: 0.3212
00:08:51 - process[0]: evaluating epoch 19 on dev ...
00:09:05 - process[0] - dev - epoch 19 - mAP: 0.477 w/ 31 queries
00:09:05 - removing file tmp_5f/mbert_enes_dev_2_19.txt
00:09:05 - removing file tmp_5f/mbert_enes_dev_4_19.txt
00:09:05 - removing file tmp_5f/mbert_enes_dev_0_19.txt
00:09:05 - removing file tmp_5f/mbert_enes_dev_6_19.txt
00:09:05 - removing file tmp_5f/mbert_enes_dev_5_19.txt
00:09:05 - removing file tmp_5f/mbert_enes_dev_1_19.txt
00:09:05 - removing file tmp_5f/mbert_enes_dev_8_19.txt
00:09:05 - removing file tmp_5f/mbert_enes_dev_7_19.txt
00:09:05 - removing file tmp_5f/mbert_enes_dev_3_19.txt
00:09:05 - removing file tmp_5f/mbert_enes_dev_9_19.txt
00:09:05 - [fold 1] best test MAP: 0.489 @ epoch 15
00:09:05 - Evaluating every 1 epochs ...
00:09:05 - reading data from /mnt/home/puxuan/CLIR-project/Evaluation_data/process-clef/uncased
00:09:07 - test has 32 queries ...
00:09:07 - Data reading done ...
00:09:08 - adding 9-th encoder to optimizer...
00:09:08 - adding 10-th encoder to optimizer...
00:09:08 - adding 11-th encoder to optimizer...
00:09:09 - process[0]: training epoch 0 ...
00:09:24 - process[0] - epoch 0 - train iter 492 - 28224.5 words/s - loss: 0.6104
00:09:24 - process[0]: training epoch 1 ...
00:09:39 - process[0] - epoch 1 - train iter 492 - 28221.4 words/s - loss: 0.5151
00:09:39 - process[0]: training epoch 2 ...
00:09:54 - process[0] - epoch 2 - train iter 492 - 28471.4 words/s - loss: 0.4275
00:09:54 - process[0]: training epoch 3 ...
00:10:09 - process[0] - epoch 3 - train iter 492 - 27924.1 words/s - loss: 0.4130
00:10:09 - process[0]: training epoch 4 ...
00:10:24 - process[0] - epoch 4 - train iter 492 - 28133.5 words/s - loss: 0.4490
00:10:24 - process[0]: training epoch 5 ...
00:10:39 - process[0] - epoch 5 - train iter 492 - 28299.3 words/s - loss: 0.3922
00:10:39 - process[0]: training epoch 6 ...
00:10:54 - process[0] - epoch 6 - train iter 492 - 28082.2 words/s - loss: 0.3910
00:10:54 - process[0]: training epoch 7 ...
00:11:09 - process[0] - epoch 7 - train iter 492 - 28098.1 words/s - loss: 0.3594
00:11:09 - process[0]: training epoch 8 ...
00:11:25 - process[0] - epoch 8 - train iter 492 - 27799.3 words/s - loss: 0.3554
00:11:25 - process[0]: training epoch 9 ...
00:11:40 - process[0] - epoch 9 - train iter 492 - 28079.0 words/s - loss: 0.3760
00:11:40 - process[0]: training epoch 10 ...
00:11:55 - process[0] - epoch 10 - train iter 492 - 28456.4 words/s - loss: 0.3580
00:11:55 - process[0]: evaluating epoch 10 on dev ...
00:12:14 - dev set during evaluation: 11460/11458
00:12:14 - process[0] - dev - epoch 10 - mAP: 0.499 w/ 31 queries
00:12:14 - removing file tmp_5f/mbert_enes_dev_1_10.txt
00:12:14 - removing file tmp_5f/mbert_enes_dev_6_10.txt
00:12:14 - removing file tmp_5f/mbert_enes_dev_2_10.txt
00:12:14 - removing file tmp_5f/mbert_enes_dev_5_10.txt
00:12:14 - removing file tmp_5f/mbert_enes_dev_4_10.txt
00:12:14 - removing file tmp_5f/mbert_enes_dev_7_10.txt
00:12:14 - removing file tmp_5f/mbert_enes_dev_8_10.txt
00:12:14 - removing file tmp_5f/mbert_enes_dev_0_10.txt
00:12:14 - removing file tmp_5f/mbert_enes_dev_9_10.txt
00:12:14 - removing file tmp_5f/mbert_enes_dev_3_10.txt
00:12:14 - process[0]: evaluating epoch 10 on test ...
00:12:29 - process[0] - test - epoch 10 - mAP: 0.573 w/ 32 queries
00:12:29 - removing file tmp_5f/mbert_enes_test_5_10.txt
00:12:29 - removing file tmp_5f/mbert_enes_test_0_10.txt
00:12:29 - removing file tmp_5f/mbert_enes_test_3_10.txt
00:12:29 - removing file tmp_5f/mbert_enes_test_6_10.txt
00:12:29 - removing file tmp_5f/mbert_enes_test_1_10.txt
00:12:29 - removing file tmp_5f/mbert_enes_test_2_10.txt
00:12:29 - removing file tmp_5f/mbert_enes_test_7_10.txt
00:12:29 - removing file tmp_5f/mbert_enes_test_8_10.txt
00:12:29 - removing file tmp_5f/mbert_enes_test_9_10.txt
00:12:29 - removing file tmp_5f/mbert_enes_test_4_10.txt
00:12:29 - process[0]: training epoch 11 ...
00:12:44 - process[0] - epoch 11 - train iter 492 - 28180.5 words/s - loss: 0.3326
00:12:44 - process[0]: evaluating epoch 11 on dev ...
00:12:59 - dev set during evaluation: 11460/11458
00:12:59 - process[0] - dev - epoch 11 - mAP: 0.475 w/ 31 queries
00:13:00 - removing file tmp_5f/mbert_enes_dev_4_11.txt
00:13:00 - removing file tmp_5f/mbert_enes_dev_0_11.txt
00:13:00 - removing file tmp_5f/mbert_enes_dev_6_11.txt
00:13:00 - removing file tmp_5f/mbert_enes_dev_9_11.txt
00:13:00 - removing file tmp_5f/mbert_enes_dev_7_11.txt
00:13:00 - removing file tmp_5f/mbert_enes_dev_8_11.txt
00:13:00 - removing file tmp_5f/mbert_enes_dev_2_11.txt
00:13:00 - removing file tmp_5f/mbert_enes_dev_3_11.txt
00:13:00 - removing file tmp_5f/mbert_enes_dev_1_11.txt
00:13:00 - removing file tmp_5f/mbert_enes_dev_5_11.txt
00:13:00 - process[0]: training epoch 12 ...
00:13:15 - process[0] - epoch 12 - train iter 492 - 27775.0 words/s - loss: 0.3141
00:13:15 - process[0]: evaluating epoch 12 on dev ...
00:13:29 - dev set during evaluation: 11460/11458
00:13:29 - process[0] - dev - epoch 12 - mAP: 0.480 w/ 31 queries
00:13:29 - removing file tmp_5f/mbert_enes_dev_2_12.txt
00:13:29 - removing file tmp_5f/mbert_enes_dev_8_12.txt
00:13:29 - removing file tmp_5f/mbert_enes_dev_7_12.txt
00:13:29 - removing file tmp_5f/mbert_enes_dev_4_12.txt
00:13:29 - removing file tmp_5f/mbert_enes_dev_5_12.txt
00:13:29 - removing file tmp_5f/mbert_enes_dev_0_12.txt
00:13:29 - removing file tmp_5f/mbert_enes_dev_1_12.txt
00:13:29 - removing file tmp_5f/mbert_enes_dev_3_12.txt
00:13:29 - removing file tmp_5f/mbert_enes_dev_9_12.txt
00:13:29 - removing file tmp_5f/mbert_enes_dev_6_12.txt
00:13:29 - process[0]: training epoch 13 ...
00:13:44 - process[0] - epoch 13 - train iter 492 - 28450.7 words/s - loss: 0.3281
00:13:44 - process[0]: evaluating epoch 13 on dev ...
00:14:00 - dev set during evaluation: 11460/11458
00:14:00 - process[0] - dev - epoch 13 - mAP: 0.497 w/ 31 queries
00:14:00 - removing file tmp_5f/mbert_enes_dev_5_13.txt
00:14:00 - removing file tmp_5f/mbert_enes_dev_8_13.txt
00:14:00 - removing file tmp_5f/mbert_enes_dev_6_13.txt
00:14:00 - removing file tmp_5f/mbert_enes_dev_3_13.txt
00:14:00 - removing file tmp_5f/mbert_enes_dev_0_13.txt
00:14:00 - removing file tmp_5f/mbert_enes_dev_1_13.txt
00:14:00 - removing file tmp_5f/mbert_enes_dev_2_13.txt
00:14:00 - removing file tmp_5f/mbert_enes_dev_9_13.txt
00:14:00 - removing file tmp_5f/mbert_enes_dev_4_13.txt
00:14:00 - removing file tmp_5f/mbert_enes_dev_7_13.txt
00:14:00 - process[0]: training epoch 14 ...
00:14:15 - process[0] - epoch 14 - train iter 492 - 28407.3 words/s - loss: 0.3418
00:14:15 - process[0]: evaluating epoch 14 on dev ...
00:14:30 - dev set during evaluation: 11460/11458
00:14:30 - process[0] - dev - epoch 14 - mAP: 0.481 w/ 31 queries
00:14:30 - removing file tmp_5f/mbert_enes_dev_9_14.txt
00:14:30 - removing file tmp_5f/mbert_enes_dev_1_14.txt
00:14:30 - removing file tmp_5f/mbert_enes_dev_7_14.txt
00:14:30 - removing file tmp_5f/mbert_enes_dev_5_14.txt
00:14:30 - removing file tmp_5f/mbert_enes_dev_0_14.txt
00:14:30 - removing file tmp_5f/mbert_enes_dev_3_14.txt
00:14:30 - removing file tmp_5f/mbert_enes_dev_4_14.txt
00:14:30 - removing file tmp_5f/mbert_enes_dev_2_14.txt
00:14:30 - removing file tmp_5f/mbert_enes_dev_8_14.txt
00:14:30 - removing file tmp_5f/mbert_enes_dev_6_14.txt
00:14:30 - process[0]: training epoch 15 ...
00:14:45 - process[0] - epoch 15 - train iter 492 - 28436.4 words/s - loss: 0.3226
00:14:45 - process[0]: evaluating epoch 15 on dev ...
00:14:59 - dev set during evaluation: 11460/11458
00:14:59 - process[0] - dev - epoch 15 - mAP: 0.503 w/ 31 queries
00:14:59 - removing file tmp_5f/mbert_enes_dev_2_15.txt
00:14:59 - removing file tmp_5f/mbert_enes_dev_1_15.txt
00:14:59 - removing file tmp_5f/mbert_enes_dev_3_15.txt
00:14:59 - removing file tmp_5f/mbert_enes_dev_0_15.txt
00:14:59 - removing file tmp_5f/mbert_enes_dev_4_15.txt
00:14:59 - removing file tmp_5f/mbert_enes_dev_8_15.txt
00:14:59 - removing file tmp_5f/mbert_enes_dev_9_15.txt
00:14:59 - removing file tmp_5f/mbert_enes_dev_5_15.txt
00:14:59 - removing file tmp_5f/mbert_enes_dev_6_15.txt
00:14:59 - removing file tmp_5f/mbert_enes_dev_7_15.txt
00:14:59 - process[0]: evaluating epoch 15 on test ...
00:15:14 - process[0] - test - epoch 15 - mAP: 0.569 w/ 32 queries
00:15:14 - removing file tmp_5f/mbert_enes_test_4_15.txt
00:15:14 - removing file tmp_5f/mbert_enes_test_7_15.txt
00:15:14 - removing file tmp_5f/mbert_enes_test_0_15.txt
00:15:14 - removing file tmp_5f/mbert_enes_test_8_15.txt
00:15:14 - removing file tmp_5f/mbert_enes_test_1_15.txt
00:15:14 - removing file tmp_5f/mbert_enes_test_2_15.txt
00:15:14 - removing file tmp_5f/mbert_enes_test_3_15.txt
00:15:14 - removing file tmp_5f/mbert_enes_test_5_15.txt
00:15:14 - removing file tmp_5f/mbert_enes_test_9_15.txt
00:15:14 - removing file tmp_5f/mbert_enes_test_6_15.txt
00:15:14 - process[0]: training epoch 16 ...
00:15:29 - process[0] - epoch 16 - train iter 492 - 28377.3 words/s - loss: 0.3232
00:15:29 - process[0]: evaluating epoch 16 on dev ...
00:15:44 - dev set during evaluation: 11460/11458
00:15:44 - process[0] - dev - epoch 16 - mAP: 0.478 w/ 31 queries
00:15:44 - removing file tmp_5f/mbert_enes_dev_7_16.txt
00:15:44 - removing file tmp_5f/mbert_enes_dev_9_16.txt
00:15:44 - removing file tmp_5f/mbert_enes_dev_4_16.txt
00:15:44 - removing file tmp_5f/mbert_enes_dev_5_16.txt
00:15:44 - removing file tmp_5f/mbert_enes_dev_2_16.txt
00:15:44 - removing file tmp_5f/mbert_enes_dev_0_16.txt
00:15:44 - removing file tmp_5f/mbert_enes_dev_3_16.txt
00:15:44 - removing file tmp_5f/mbert_enes_dev_6_16.txt
00:15:44 - removing file tmp_5f/mbert_enes_dev_1_16.txt
00:15:44 - removing file tmp_5f/mbert_enes_dev_8_16.txt
00:15:44 - process[0]: training epoch 17 ...
00:15:59 - process[0] - epoch 17 - train iter 492 - 28515.8 words/s - loss: 0.2999
00:15:59 - process[0]: evaluating epoch 17 on dev ...
00:16:14 - dev set during evaluation: 11460/11458
00:16:14 - process[0] - dev - epoch 17 - mAP: 0.513 w/ 31 queries
00:16:14 - removing file tmp_5f/mbert_enes_dev_8_17.txt
00:16:14 - removing file tmp_5f/mbert_enes_dev_9_17.txt
00:16:14 - removing file tmp_5f/mbert_enes_dev_1_17.txt
00:16:14 - removing file tmp_5f/mbert_enes_dev_3_17.txt
00:16:14 - removing file tmp_5f/mbert_enes_dev_6_17.txt
00:16:14 - removing file tmp_5f/mbert_enes_dev_2_17.txt
00:16:14 - removing file tmp_5f/mbert_enes_dev_5_17.txt
00:16:14 - removing file tmp_5f/mbert_enes_dev_4_17.txt
00:16:14 - removing file tmp_5f/mbert_enes_dev_7_17.txt
00:16:14 - removing file tmp_5f/mbert_enes_dev_0_17.txt
00:16:14 - process[0]: evaluating epoch 17 on test ...
00:16:29 - process[0] - test - epoch 17 - mAP: 0.560 w/ 32 queries
00:16:29 - removing file tmp_5f/mbert_enes_test_1_17.txt
00:16:29 - removing file tmp_5f/mbert_enes_test_8_17.txt
00:16:29 - removing file tmp_5f/mbert_enes_test_4_17.txt
00:16:29 - removing file tmp_5f/mbert_enes_test_2_17.txt
00:16:29 - removing file tmp_5f/mbert_enes_test_7_17.txt
00:16:29 - removing file tmp_5f/mbert_enes_test_3_17.txt
00:16:29 - removing file tmp_5f/mbert_enes_test_0_17.txt
00:16:29 - removing file tmp_5f/mbert_enes_test_6_17.txt
00:16:29 - removing file tmp_5f/mbert_enes_test_5_17.txt
00:16:29 - removing file tmp_5f/mbert_enes_test_9_17.txt
00:16:29 - process[0]: training epoch 18 ...
00:16:44 - process[0] - epoch 18 - train iter 492 - 28676.7 words/s - loss: 0.3088
00:16:44 - process[0]: evaluating epoch 18 on dev ...
00:16:59 - dev set during evaluation: 11460/11458
00:16:59 - process[0] - dev - epoch 18 - mAP: 0.480 w/ 31 queries
00:16:59 - removing file tmp_5f/mbert_enes_dev_8_18.txt
00:16:59 - removing file tmp_5f/mbert_enes_dev_4_18.txt
00:16:59 - removing file tmp_5f/mbert_enes_dev_1_18.txt
00:16:59 - removing file tmp_5f/mbert_enes_dev_0_18.txt
00:16:59 - removing file tmp_5f/mbert_enes_dev_3_18.txt
00:16:59 - removing file tmp_5f/mbert_enes_dev_5_18.txt
00:16:59 - removing file tmp_5f/mbert_enes_dev_6_18.txt
00:16:59 - removing file tmp_5f/mbert_enes_dev_2_18.txt
00:16:59 - removing file tmp_5f/mbert_enes_dev_7_18.txt
00:16:59 - removing file tmp_5f/mbert_enes_dev_9_18.txt
00:16:59 - process[0]: training epoch 19 ...
00:17:14 - process[0] - epoch 19 - train iter 492 - 28368.4 words/s - loss: 0.2796
00:17:14 - process[0]: evaluating epoch 19 on dev ...
00:17:29 - dev set during evaluation: 11460/11458
00:17:29 - process[0] - dev - epoch 19 - mAP: 0.479 w/ 31 queries
00:17:29 - removing file tmp_5f/mbert_enes_dev_2_19.txt
00:17:29 - removing file tmp_5f/mbert_enes_dev_4_19.txt
00:17:29 - removing file tmp_5f/mbert_enes_dev_0_19.txt
00:17:29 - removing file tmp_5f/mbert_enes_dev_6_19.txt
00:17:29 - removing file tmp_5f/mbert_enes_dev_5_19.txt
00:17:29 - removing file tmp_5f/mbert_enes_dev_1_19.txt
00:17:29 - removing file tmp_5f/mbert_enes_dev_8_19.txt
00:17:29 - removing file tmp_5f/mbert_enes_dev_7_19.txt
00:17:29 - removing file tmp_5f/mbert_enes_dev_3_19.txt
00:17:29 - removing file tmp_5f/mbert_enes_dev_9_19.txt
00:17:29 - [fold 2] best test MAP: 0.560 @ epoch 17
00:17:29 - Evaluating every 1 epochs ...
00:17:29 - reading data from /mnt/home/puxuan/CLIR-project/Evaluation_data/process-clef/uncased
00:17:30 - test has 31 queries ...
00:17:30 - Data reading done ...
00:17:32 - adding 9-th encoder to optimizer...
00:17:32 - adding 10-th encoder to optimizer...
00:17:32 - adding 11-th encoder to optimizer...
00:17:32 - process[0]: training epoch 0 ...
00:17:47 - process[0] - epoch 0 - train iter 476 - 28200.1 words/s - loss: 0.6096
00:17:47 - process[0]: training epoch 1 ...
00:18:02 - process[0] - epoch 1 - train iter 476 - 28190.1 words/s - loss: 0.4825
00:18:02 - process[0]: training epoch 2 ...
00:18:16 - process[0] - epoch 2 - train iter 476 - 28136.2 words/s - loss: 0.4775
00:18:16 - process[0]: training epoch 3 ...
00:18:31 - process[0] - epoch 3 - train iter 476 - 28249.3 words/s - loss: 0.4413
00:18:31 - process[0]: training epoch 4 ...
00:18:46 - process[0] - epoch 4 - train iter 476 - 27945.7 words/s - loss: 0.4123
00:18:46 - process[0]: training epoch 5 ...
00:19:01 - process[0] - epoch 5 - train iter 476 - 28211.5 words/s - loss: 0.4050
00:19:01 - process[0]: training epoch 6 ...
00:19:15 - process[0] - epoch 6 - train iter 476 - 28344.6 words/s - loss: 0.4190
00:19:15 - process[0]: training epoch 7 ...
00:19:30 - process[0] - epoch 7 - train iter 476 - 28581.7 words/s - loss: 0.3972
00:19:30 - process[0]: training epoch 8 ...
00:19:44 - process[0] - epoch 8 - train iter 476 - 28270.5 words/s - loss: 0.3664
00:19:44 - process[0]: training epoch 9 ...
00:19:59 - process[0] - epoch 9 - train iter 476 - 28031.8 words/s - loss: 0.3517
00:19:59 - process[0]: training epoch 10 ...
00:20:13 - process[0] - epoch 10 - train iter 476 - 28243.0 words/s - loss: 0.3740
00:20:13 - process[0]: evaluating epoch 10 on dev ...
00:20:32 - process[0] - dev - epoch 10 - mAP: 0.546 w/ 32 queries
00:20:32 - removing file tmp_5f/mbert_enes_dev_1_10.txt
00:20:32 - removing file tmp_5f/mbert_enes_dev_6_10.txt
00:20:32 - removing file tmp_5f/mbert_enes_dev_2_10.txt
00:20:32 - removing file tmp_5f/mbert_enes_dev_5_10.txt
00:20:32 - removing file tmp_5f/mbert_enes_dev_4_10.txt
00:20:32 - removing file tmp_5f/mbert_enes_dev_7_10.txt
00:20:32 - removing file tmp_5f/mbert_enes_dev_8_10.txt
00:20:32 - removing file tmp_5f/mbert_enes_dev_0_10.txt
00:20:32 - removing file tmp_5f/mbert_enes_dev_9_10.txt
00:20:32 - removing file tmp_5f/mbert_enes_dev_3_10.txt
00:20:32 - process[0]: evaluating epoch 10 on test ...
00:20:47 - test set during evaluation: 11550/11545
00:20:47 - process[0] - test - epoch 10 - mAP: 0.538 w/ 31 queries
00:20:47 - removing file tmp_5f/mbert_enes_test_5_10.txt
00:20:47 - removing file tmp_5f/mbert_enes_test_0_10.txt
00:20:47 - removing file tmp_5f/mbert_enes_test_3_10.txt
00:20:47 - removing file tmp_5f/mbert_enes_test_6_10.txt
00:20:47 - removing file tmp_5f/mbert_enes_test_1_10.txt
00:20:47 - removing file tmp_5f/mbert_enes_test_2_10.txt
00:20:47 - removing file tmp_5f/mbert_enes_test_7_10.txt
00:20:47 - removing file tmp_5f/mbert_enes_test_8_10.txt
00:20:47 - removing file tmp_5f/mbert_enes_test_9_10.txt
00:20:47 - removing file tmp_5f/mbert_enes_test_4_10.txt
00:20:47 - process[0]: training epoch 11 ...
00:21:02 - process[0] - epoch 11 - train iter 476 - 28106.5 words/s - loss: 0.3247
00:21:02 - process[0]: evaluating epoch 11 on dev ...
00:21:17 - process[0] - dev - epoch 11 - mAP: 0.563 w/ 32 queries
00:21:17 - removing file tmp_5f/mbert_enes_dev_4_11.txt
00:21:17 - removing file tmp_5f/mbert_enes_dev_0_11.txt
00:21:17 - removing file tmp_5f/mbert_enes_dev_6_11.txt
00:21:17 - removing file tmp_5f/mbert_enes_dev_9_11.txt
00:21:17 - removing file tmp_5f/mbert_enes_dev_7_11.txt
00:21:17 - removing file tmp_5f/mbert_enes_dev_8_11.txt
00:21:17 - removing file tmp_5f/mbert_enes_dev_2_11.txt
00:21:17 - removing file tmp_5f/mbert_enes_dev_3_11.txt
00:21:17 - removing file tmp_5f/mbert_enes_dev_1_11.txt
00:21:17 - removing file tmp_5f/mbert_enes_dev_5_11.txt
00:21:17 - process[0]: evaluating epoch 11 on test ...
00:21:32 - test set during evaluation: 11550/11545
00:21:32 - process[0] - test - epoch 11 - mAP: 0.528 w/ 31 queries
00:21:32 - removing file tmp_5f/mbert_enes_test_4_11.txt
00:21:32 - removing file tmp_5f/mbert_enes_test_0_11.txt
00:21:32 - removing file tmp_5f/mbert_enes_test_7_11.txt
00:21:32 - removing file tmp_5f/mbert_enes_test_2_11.txt
00:21:32 - removing file tmp_5f/mbert_enes_test_9_11.txt
00:21:32 - removing file tmp_5f/mbert_enes_test_3_11.txt
00:21:32 - removing file tmp_5f/mbert_enes_test_8_11.txt
00:21:32 - removing file tmp_5f/mbert_enes_test_6_11.txt
00:21:32 - removing file tmp_5f/mbert_enes_test_1_11.txt
00:21:32 - removing file tmp_5f/mbert_enes_test_5_11.txt
00:21:32 - process[0]: training epoch 12 ...
00:21:47 - process[0] - epoch 12 - train iter 476 - 28086.7 words/s - loss: 0.3308
00:21:47 - process[0]: evaluating epoch 12 on dev ...
00:22:03 - process[0] - dev - epoch 12 - mAP: 0.564 w/ 32 queries
00:22:03 - removing file tmp_5f/mbert_enes_dev_2_12.txt
00:22:03 - removing file tmp_5f/mbert_enes_dev_8_12.txt
00:22:03 - removing file tmp_5f/mbert_enes_dev_7_12.txt
00:22:03 - removing file tmp_5f/mbert_enes_dev_4_12.txt
00:22:03 - removing file tmp_5f/mbert_enes_dev_5_12.txt
00:22:03 - removing file tmp_5f/mbert_enes_dev_0_12.txt
00:22:03 - removing file tmp_5f/mbert_enes_dev_1_12.txt
00:22:03 - removing file tmp_5f/mbert_enes_dev_3_12.txt
00:22:03 - removing file tmp_5f/mbert_enes_dev_9_12.txt
00:22:03 - removing file tmp_5f/mbert_enes_dev_6_12.txt
00:22:03 - process[0]: evaluating epoch 12 on test ...
00:22:17 - test set during evaluation: 11550/11545
00:22:17 - process[0] - test - epoch 12 - mAP: 0.534 w/ 31 queries
00:22:17 - removing file tmp_5f/mbert_enes_test_3_12.txt
00:22:17 - removing file tmp_5f/mbert_enes_test_7_12.txt
00:22:17 - removing file tmp_5f/mbert_enes_test_8_12.txt
00:22:17 - removing file tmp_5f/mbert_enes_test_9_12.txt
00:22:17 - removing file tmp_5f/mbert_enes_test_1_12.txt
00:22:17 - removing file tmp_5f/mbert_enes_test_4_12.txt
00:22:17 - removing file tmp_5f/mbert_enes_test_2_12.txt
00:22:17 - removing file tmp_5f/mbert_enes_test_6_12.txt
00:22:17 - removing file tmp_5f/mbert_enes_test_5_12.txt
00:22:17 - removing file tmp_5f/mbert_enes_test_0_12.txt
00:22:17 - process[0]: training epoch 13 ...
00:22:32 - process[0] - epoch 13 - train iter 476 - 28337.4 words/s - loss: 0.3468
00:22:32 - process[0]: evaluating epoch 13 on dev ...
00:22:48 - process[0] - dev - epoch 13 - mAP: 0.538 w/ 32 queries
00:22:48 - removing file tmp_5f/mbert_enes_dev_5_13.txt
00:22:48 - removing file tmp_5f/mbert_enes_dev_8_13.txt
00:22:48 - removing file tmp_5f/mbert_enes_dev_6_13.txt
00:22:48 - removing file tmp_5f/mbert_enes_dev_3_13.txt
00:22:48 - removing file tmp_5f/mbert_enes_dev_0_13.txt
00:22:48 - removing file tmp_5f/mbert_enes_dev_1_13.txt
00:22:48 - removing file tmp_5f/mbert_enes_dev_2_13.txt
00:22:48 - removing file tmp_5f/mbert_enes_dev_9_13.txt
00:22:48 - removing file tmp_5f/mbert_enes_dev_4_13.txt
00:22:48 - removing file tmp_5f/mbert_enes_dev_7_13.txt
00:22:48 - process[0]: training epoch 14 ...
00:23:02 - process[0] - epoch 14 - train iter 476 - 28548.1 words/s - loss: 0.3582
00:23:02 - process[0]: evaluating epoch 14 on dev ...
00:23:18 - process[0] - dev - epoch 14 - mAP: 0.578 w/ 32 queries
00:23:18 - removing file tmp_5f/mbert_enes_dev_9_14.txt
00:23:18 - removing file tmp_5f/mbert_enes_dev_1_14.txt
00:23:18 - removing file tmp_5f/mbert_enes_dev_7_14.txt
00:23:18 - removing file tmp_5f/mbert_enes_dev_5_14.txt
00:23:18 - removing file tmp_5f/mbert_enes_dev_0_14.txt
00:23:18 - removing file tmp_5f/mbert_enes_dev_3_14.txt
00:23:18 - removing file tmp_5f/mbert_enes_dev_4_14.txt
00:23:18 - removing file tmp_5f/mbert_enes_dev_2_14.txt
00:23:18 - removing file tmp_5f/mbert_enes_dev_8_14.txt
00:23:18 - removing file tmp_5f/mbert_enes_dev_6_14.txt
00:23:18 - process[0]: evaluating epoch 14 on test ...
00:23:32 - test set during evaluation: 11550/11545
00:23:32 - process[0] - test - epoch 14 - mAP: 0.549 w/ 31 queries
00:23:32 - removing file tmp_5f/mbert_enes_test_7_14.txt
00:23:32 - removing file tmp_5f/mbert_enes_test_4_14.txt
00:23:32 - removing file tmp_5f/mbert_enes_test_1_14.txt
00:23:32 - removing file tmp_5f/mbert_enes_test_0_14.txt
00:23:32 - removing file tmp_5f/mbert_enes_test_5_14.txt
00:23:32 - removing file tmp_5f/mbert_enes_test_9_14.txt
00:23:32 - removing file tmp_5f/mbert_enes_test_8_14.txt
00:23:32 - removing file tmp_5f/mbert_enes_test_3_14.txt
00:23:32 - removing file tmp_5f/mbert_enes_test_6_14.txt
00:23:32 - removing file tmp_5f/mbert_enes_test_2_14.txt
00:23:32 - process[0]: training epoch 15 ...
00:23:47 - process[0] - epoch 15 - train iter 476 - 28348.3 words/s - loss: 0.3272
00:23:47 - process[0]: evaluating epoch 15 on dev ...
00:24:02 - process[0] - dev - epoch 15 - mAP: 0.564 w/ 32 queries
00:24:02 - removing file tmp_5f/mbert_enes_dev_2_15.txt
00:24:02 - removing file tmp_5f/mbert_enes_dev_1_15.txt
00:24:02 - removing file tmp_5f/mbert_enes_dev_3_15.txt
00:24:02 - removing file tmp_5f/mbert_enes_dev_0_15.txt
00:24:02 - removing file tmp_5f/mbert_enes_dev_4_15.txt
00:24:02 - removing file tmp_5f/mbert_enes_dev_8_15.txt
00:24:02 - removing file tmp_5f/mbert_enes_dev_9_15.txt
00:24:02 - removing file tmp_5f/mbert_enes_dev_5_15.txt
00:24:02 - removing file tmp_5f/mbert_enes_dev_6_15.txt
00:24:02 - removing file tmp_5f/mbert_enes_dev_7_15.txt
00:24:02 - process[0]: training epoch 16 ...
00:24:16 - process[0] - epoch 16 - train iter 476 - 28137.5 words/s - loss: 0.2962
00:24:17 - process[0]: evaluating epoch 16 on dev ...
00:24:32 - process[0] - dev - epoch 16 - mAP: 0.566 w/ 32 queries
00:24:32 - removing file tmp_5f/mbert_enes_dev_7_16.txt
00:24:32 - removing file tmp_5f/mbert_enes_dev_9_16.txt
00:24:32 - removing file tmp_5f/mbert_enes_dev_4_16.txt
00:24:32 - removing file tmp_5f/mbert_enes_dev_5_16.txt
00:24:32 - removing file tmp_5f/mbert_enes_dev_2_16.txt
00:24:32 - removing file tmp_5f/mbert_enes_dev_0_16.txt
00:24:32 - removing file tmp_5f/mbert_enes_dev_3_16.txt
00:24:32 - removing file tmp_5f/mbert_enes_dev_6_16.txt
00:24:32 - removing file tmp_5f/mbert_enes_dev_1_16.txt
00:24:32 - removing file tmp_5f/mbert_enes_dev_8_16.txt
00:24:32 - process[0]: training epoch 17 ...
00:24:47 - process[0] - epoch 17 - train iter 476 - 28383.0 words/s - loss: 0.2997
00:24:47 - process[0]: evaluating epoch 17 on dev ...
00:25:02 - process[0] - dev - epoch 17 - mAP: 0.564 w/ 32 queries
00:25:02 - removing file tmp_5f/mbert_enes_dev_8_17.txt
00:25:02 - removing file tmp_5f/mbert_enes_dev_9_17.txt
00:25:02 - removing file tmp_5f/mbert_enes_dev_1_17.txt
00:25:02 - removing file tmp_5f/mbert_enes_dev_3_17.txt
00:25:02 - removing file tmp_5f/mbert_enes_dev_6_17.txt
00:25:02 - removing file tmp_5f/mbert_enes_dev_2_17.txt
00:25:02 - removing file tmp_5f/mbert_enes_dev_5_17.txt
00:25:02 - removing file tmp_5f/mbert_enes_dev_4_17.txt
00:25:02 - removing file tmp_5f/mbert_enes_dev_7_17.txt
00:25:02 - removing file tmp_5f/mbert_enes_dev_0_17.txt
00:25:02 - process[0]: training epoch 18 ...
00:25:17 - process[0] - epoch 18 - train iter 476 - 28077.0 words/s - loss: 0.3154
00:25:17 - process[0]: evaluating epoch 18 on dev ...
00:25:34 - process[0] - dev - epoch 18 - mAP: 0.548 w/ 32 queries
00:25:34 - removing file tmp_5f/mbert_enes_dev_8_18.txt
00:25:34 - removing file tmp_5f/mbert_enes_dev_4_18.txt
00:25:34 - removing file tmp_5f/mbert_enes_dev_1_18.txt
00:25:34 - removing file tmp_5f/mbert_enes_dev_0_18.txt
00:25:34 - removing file tmp_5f/mbert_enes_dev_3_18.txt
00:25:34 - removing file tmp_5f/mbert_enes_dev_5_18.txt
00:25:34 - removing file tmp_5f/mbert_enes_dev_6_18.txt
00:25:34 - removing file tmp_5f/mbert_enes_dev_2_18.txt
00:25:34 - removing file tmp_5f/mbert_enes_dev_7_18.txt
00:25:34 - removing file tmp_5f/mbert_enes_dev_9_18.txt
00:25:34 - process[0]: training epoch 19 ...
00:25:49 - process[0] - epoch 19 - train iter 476 - 28132.7 words/s - loss: 0.2794
00:25:49 - process[0]: evaluating epoch 19 on dev ...
00:26:06 - process[0] - dev - epoch 19 - mAP: 0.547 w/ 32 queries
00:26:06 - removing file tmp_5f/mbert_enes_dev_2_19.txt
00:26:06 - removing file tmp_5f/mbert_enes_dev_4_19.txt
00:26:06 - removing file tmp_5f/mbert_enes_dev_0_19.txt
00:26:06 - removing file tmp_5f/mbert_enes_dev_6_19.txt
00:26:06 - removing file tmp_5f/mbert_enes_dev_5_19.txt
00:26:06 - removing file tmp_5f/mbert_enes_dev_1_19.txt
00:26:06 - removing file tmp_5f/mbert_enes_dev_8_19.txt
00:26:06 - removing file tmp_5f/mbert_enes_dev_7_19.txt
00:26:06 - removing file tmp_5f/mbert_enes_dev_3_19.txt
00:26:06 - removing file tmp_5f/mbert_enes_dev_9_19.txt
00:26:06 - [fold 3] best test MAP: 0.549 @ epoch 14
00:26:06 - Evaluating every 1 epochs ...
00:26:06 - reading data from /mnt/home/puxuan/CLIR-project/Evaluation_data/process-clef/uncased
00:26:07 - test has 31 queries ...
00:26:07 - Data reading done ...
00:26:09 - adding 9-th encoder to optimizer...
00:26:09 - adding 10-th encoder to optimizer...
00:26:09 - adding 11-th encoder to optimizer...
00:26:09 - process[0]: training epoch 0 ...
00:26:22 - process[0] - epoch 0 - train iter 432 - 28485.8 words/s - loss: 0.6378
00:26:22 - process[0]: training epoch 1 ...
00:26:36 - process[0] - epoch 1 - train iter 432 - 28577.5 words/s - loss: 0.5259
00:26:36 - process[0]: training epoch 2 ...
00:26:49 - process[0] - epoch 2 - train iter 432 - 28574.6 words/s - loss: 0.5116
00:26:49 - process[0]: training epoch 3 ...
00:27:02 - process[0] - epoch 3 - train iter 432 - 27838.3 words/s - loss: 0.4710
00:27:02 - process[0]: training epoch 4 ...
00:27:16 - process[0] - epoch 4 - train iter 432 - 28115.5 words/s - loss: 0.4820
00:27:16 - process[0]: training epoch 5 ...
00:27:29 - process[0] - epoch 5 - train iter 432 - 28340.2 words/s - loss: 0.4965
00:27:29 - process[0]: training epoch 6 ...
00:27:42 - process[0] - epoch 6 - train iter 432 - 28485.8 words/s - loss: 0.4554
00:27:42 - process[0]: training epoch 7 ...
00:27:55 - process[0] - epoch 7 - train iter 432 - 28451.4 words/s - loss: 0.4281
00:27:55 - process[0]: training epoch 8 ...
00:28:09 - process[0] - epoch 8 - train iter 432 - 28153.0 words/s - loss: 0.4410
00:28:09 - process[0]: training epoch 9 ...
00:28:22 - process[0] - epoch 9 - train iter 432 - 27773.2 words/s - loss: 0.3959
00:28:22 - process[0]: training epoch 10 ...
00:28:36 - process[0] - epoch 10 - train iter 432 - 27849.3 words/s - loss: 0.4268
00:28:36 - process[0]: evaluating epoch 10 on dev ...
00:28:53 - dev set during evaluation: 11550/11545
00:28:53 - process[0] - dev - epoch 10 - mAP: 0.546 w/ 31 queries
00:28:53 - removing file tmp_5f/mbert_enes_dev_1_10.txt
00:28:53 - removing file tmp_5f/mbert_enes_dev_6_10.txt
00:28:53 - removing file tmp_5f/mbert_enes_dev_2_10.txt
00:28:53 - removing file tmp_5f/mbert_enes_dev_5_10.txt
00:28:53 - removing file tmp_5f/mbert_enes_dev_4_10.txt
00:28:53 - removing file tmp_5f/mbert_enes_dev_7_10.txt
00:28:53 - removing file tmp_5f/mbert_enes_dev_8_10.txt
00:28:53 - removing file tmp_5f/mbert_enes_dev_0_10.txt
00:28:53 - removing file tmp_5f/mbert_enes_dev_9_10.txt
00:28:53 - removing file tmp_5f/mbert_enes_dev_3_10.txt
00:28:53 - process[0]: evaluating epoch 10 on test ...
00:29:07 - test set during evaluation: 11320/11315
00:29:07 - process[0] - test - epoch 10 - mAP: 0.562 w/ 31 queries
00:29:07 - removing file tmp_5f/mbert_enes_test_5_10.txt
00:29:07 - removing file tmp_5f/mbert_enes_test_0_10.txt
00:29:07 - removing file tmp_5f/mbert_enes_test_3_10.txt
00:29:07 - removing file tmp_5f/mbert_enes_test_6_10.txt
00:29:07 - removing file tmp_5f/mbert_enes_test_1_10.txt
00:29:07 - removing file tmp_5f/mbert_enes_test_2_10.txt
00:29:07 - removing file tmp_5f/mbert_enes_test_7_10.txt
00:29:07 - removing file tmp_5f/mbert_enes_test_8_10.txt
00:29:07 - removing file tmp_5f/mbert_enes_test_9_10.txt
00:29:07 - removing file tmp_5f/mbert_enes_test_4_10.txt
00:29:07 - process[0]: training epoch 11 ...
00:29:21 - process[0] - epoch 11 - train iter 432 - 28207.1 words/s - loss: 0.3971
00:29:21 - process[0]: evaluating epoch 11 on dev ...
00:29:35 - dev set during evaluation: 11550/11545
00:29:35 - process[0] - dev - epoch 11 - mAP: 0.545 w/ 31 queries
00:29:35 - removing file tmp_5f/mbert_enes_dev_4_11.txt
00:29:35 - removing file tmp_5f/mbert_enes_dev_0_11.txt
00:29:35 - removing file tmp_5f/mbert_enes_dev_6_11.txt
00:29:35 - removing file tmp_5f/mbert_enes_dev_9_11.txt
00:29:35 - removing file tmp_5f/mbert_enes_dev_7_11.txt
00:29:35 - removing file tmp_5f/mbert_enes_dev_8_11.txt
00:29:35 - removing file tmp_5f/mbert_enes_dev_2_11.txt
00:29:35 - removing file tmp_5f/mbert_enes_dev_3_11.txt
00:29:35 - removing file tmp_5f/mbert_enes_dev_1_11.txt
00:29:35 - removing file tmp_5f/mbert_enes_dev_5_11.txt
00:29:35 - process[0]: training epoch 12 ...
00:29:49 - process[0] - epoch 12 - train iter 432 - 28190.5 words/s - loss: 0.3949
00:29:49 - process[0]: evaluating epoch 12 on dev ...
00:30:04 - dev set during evaluation: 11550/11545
00:30:04 - process[0] - dev - epoch 12 - mAP: 0.549 w/ 31 queries
00:30:04 - removing file tmp_5f/mbert_enes_dev_2_12.txt
00:30:04 - removing file tmp_5f/mbert_enes_dev_8_12.txt
00:30:04 - removing file tmp_5f/mbert_enes_dev_7_12.txt
00:30:04 - removing file tmp_5f/mbert_enes_dev_4_12.txt
00:30:04 - removing file tmp_5f/mbert_enes_dev_5_12.txt
00:30:04 - removing file tmp_5f/mbert_enes_dev_0_12.txt
00:30:04 - removing file tmp_5f/mbert_enes_dev_1_12.txt
00:30:04 - removing file tmp_5f/mbert_enes_dev_3_12.txt
00:30:04 - removing file tmp_5f/mbert_enes_dev_9_12.txt
00:30:04 - removing file tmp_5f/mbert_enes_dev_6_12.txt
00:30:04 - process[0]: evaluating epoch 12 on test ...
00:30:19 - test set during evaluation: 11320/11315
00:30:19 - process[0] - test - epoch 12 - mAP: 0.568 w/ 31 queries
00:30:19 - removing file tmp_5f/mbert_enes_test_3_12.txt
00:30:19 - removing file tmp_5f/mbert_enes_test_7_12.txt
00:30:19 - removing file tmp_5f/mbert_enes_test_8_12.txt
00:30:19 - removing file tmp_5f/mbert_enes_test_9_12.txt
00:30:19 - removing file tmp_5f/mbert_enes_test_1_12.txt
00:30:19 - removing file tmp_5f/mbert_enes_test_4_12.txt
00:30:19 - removing file tmp_5f/mbert_enes_test_2_12.txt
00:30:19 - removing file tmp_5f/mbert_enes_test_6_12.txt
00:30:19 - removing file tmp_5f/mbert_enes_test_5_12.txt
00:30:19 - removing file tmp_5f/mbert_enes_test_0_12.txt
00:30:19 - process[0]: training epoch 13 ...
00:30:32 - process[0] - epoch 13 - train iter 432 - 28420.1 words/s - loss: 0.3589
00:30:32 - process[0]: evaluating epoch 13 on dev ...
00:30:48 - dev set during evaluation: 11550/11545
00:30:48 - process[0] - dev - epoch 13 - mAP: 0.539 w/ 31 queries
00:30:48 - removing file tmp_5f/mbert_enes_dev_5_13.txt
00:30:48 - removing file tmp_5f/mbert_enes_dev_8_13.txt
00:30:48 - removing file tmp_5f/mbert_enes_dev_6_13.txt
00:30:48 - removing file tmp_5f/mbert_enes_dev_3_13.txt
00:30:48 - removing file tmp_5f/mbert_enes_dev_0_13.txt
00:30:48 - removing file tmp_5f/mbert_enes_dev_1_13.txt
00:30:48 - removing file tmp_5f/mbert_enes_dev_2_13.txt
00:30:48 - removing file tmp_5f/mbert_enes_dev_9_13.txt
00:30:48 - removing file tmp_5f/mbert_enes_dev_4_13.txt
00:30:48 - removing file tmp_5f/mbert_enes_dev_7_13.txt
00:30:48 - process[0]: training epoch 14 ...
00:31:01 - process[0] - epoch 14 - train iter 432 - 28226.7 words/s - loss: 0.3717
00:31:01 - process[0]: evaluating epoch 14 on dev ...
00:31:16 - dev set during evaluation: 11550/11545
00:31:16 - process[0] - dev - epoch 14 - mAP: 0.521 w/ 31 queries
00:31:16 - removing file tmp_5f/mbert_enes_dev_9_14.txt
00:31:16 - removing file tmp_5f/mbert_enes_dev_1_14.txt
00:31:16 - removing file tmp_5f/mbert_enes_dev_7_14.txt
00:31:16 - removing file tmp_5f/mbert_enes_dev_5_14.txt
00:31:16 - removing file tmp_5f/mbert_enes_dev_0_14.txt
00:31:16 - removing file tmp_5f/mbert_enes_dev_3_14.txt
00:31:16 - removing file tmp_5f/mbert_enes_dev_4_14.txt
00:31:16 - removing file tmp_5f/mbert_enes_dev_2_14.txt
00:31:16 - removing file tmp_5f/mbert_enes_dev_8_14.txt
00:31:16 - removing file tmp_5f/mbert_enes_dev_6_14.txt
00:31:16 - process[0]: training epoch 15 ...
00:31:30 - process[0] - epoch 15 - train iter 432 - 27866.2 words/s - loss: 0.3616
00:31:30 - process[0]: evaluating epoch 15 on dev ...
00:31:44 - dev set during evaluation: 11550/11545
00:31:44 - process[0] - dev - epoch 15 - mAP: 0.487 w/ 31 queries
00:31:44 - removing file tmp_5f/mbert_enes_dev_2_15.txt
00:31:44 - removing file tmp_5f/mbert_enes_dev_1_15.txt
00:31:44 - removing file tmp_5f/mbert_enes_dev_3_15.txt
00:31:44 - removing file tmp_5f/mbert_enes_dev_0_15.txt
00:31:44 - removing file tmp_5f/mbert_enes_dev_4_15.txt
00:31:44 - removing file tmp_5f/mbert_enes_dev_8_15.txt
00:31:44 - removing file tmp_5f/mbert_enes_dev_9_15.txt
00:31:44 - removing file tmp_5f/mbert_enes_dev_5_15.txt
00:31:44 - removing file tmp_5f/mbert_enes_dev_6_15.txt
00:31:44 - removing file tmp_5f/mbert_enes_dev_7_15.txt
00:31:44 - process[0]: training epoch 16 ...
00:31:58 - process[0] - epoch 16 - train iter 432 - 28096.5 words/s - loss: 0.3455
00:31:58 - process[0]: evaluating epoch 16 on dev ...
00:32:12 - dev set during evaluation: 11550/11545
00:32:12 - process[0] - dev - epoch 16 - mAP: 0.540 w/ 31 queries
00:32:12 - removing file tmp_5f/mbert_enes_dev_7_16.txt
00:32:12 - removing file tmp_5f/mbert_enes_dev_9_16.txt
00:32:12 - removing file tmp_5f/mbert_enes_dev_4_16.txt
00:32:12 - removing file tmp_5f/mbert_enes_dev_5_16.txt
00:32:12 - removing file tmp_5f/mbert_enes_dev_2_16.txt
00:32:12 - removing file tmp_5f/mbert_enes_dev_0_16.txt
00:32:12 - removing file tmp_5f/mbert_enes_dev_3_16.txt
00:32:12 - removing file tmp_5f/mbert_enes_dev_6_16.txt
00:32:12 - removing file tmp_5f/mbert_enes_dev_1_16.txt
00:32:12 - removing file tmp_5f/mbert_enes_dev_8_16.txt
00:32:12 - process[0]: training epoch 17 ...
00:32:25 - process[0] - epoch 17 - train iter 432 - 28525.5 words/s - loss: 0.3577
00:32:25 - process[0]: evaluating epoch 17 on dev ...
00:32:40 - dev set during evaluation: 11550/11545
00:32:40 - process[0] - dev - epoch 17 - mAP: 0.514 w/ 31 queries
00:32:40 - removing file tmp_5f/mbert_enes_dev_8_17.txt
00:32:40 - removing file tmp_5f/mbert_enes_dev_9_17.txt
00:32:40 - removing file tmp_5f/mbert_enes_dev_1_17.txt
00:32:40 - removing file tmp_5f/mbert_enes_dev_3_17.txt
00:32:40 - removing file tmp_5f/mbert_enes_dev_6_17.txt
00:32:40 - removing file tmp_5f/mbert_enes_dev_2_17.txt
00:32:40 - removing file tmp_5f/mbert_enes_dev_5_17.txt
00:32:40 - removing file tmp_5f/mbert_enes_dev_4_17.txt
00:32:40 - removing file tmp_5f/mbert_enes_dev_7_17.txt
00:32:40 - removing file tmp_5f/mbert_enes_dev_0_17.txt
00:32:40 - process[0]: training epoch 18 ...
00:32:53 - process[0] - epoch 18 - train iter 432 - 28344.6 words/s - loss: 0.3409
00:32:53 - process[0]: evaluating epoch 18 on dev ...
00:33:09 - dev set during evaluation: 11550/11545
00:33:09 - process[0] - dev - epoch 18 - mAP: 0.505 w/ 31 queries
00:33:09 - removing file tmp_5f/mbert_enes_dev_8_18.txt
00:33:09 - removing file tmp_5f/mbert_enes_dev_4_18.txt
00:33:09 - removing file tmp_5f/mbert_enes_dev_1_18.txt
00:33:09 - removing file tmp_5f/mbert_enes_dev_0_18.txt
00:33:09 - removing file tmp_5f/mbert_enes_dev_3_18.txt
00:33:09 - removing file tmp_5f/mbert_enes_dev_5_18.txt
00:33:09 - removing file tmp_5f/mbert_enes_dev_6_18.txt
00:33:09 - removing file tmp_5f/mbert_enes_dev_2_18.txt
00:33:09 - removing file tmp_5f/mbert_enes_dev_7_18.txt
00:33:09 - removing file tmp_5f/mbert_enes_dev_9_18.txt
00:33:09 - process[0]: training epoch 19 ...
00:33:23 - process[0] - epoch 19 - train iter 432 - 28340.9 words/s - loss: 0.3416
00:33:23 - process[0]: evaluating epoch 19 on dev ...
00:33:38 - dev set during evaluation: 11550/11545
00:33:38 - process[0] - dev - epoch 19 - mAP: 0.545 w/ 31 queries
00:33:38 - removing file tmp_5f/mbert_enes_dev_2_19.txt
00:33:38 - removing file tmp_5f/mbert_enes_dev_4_19.txt
00:33:38 - removing file tmp_5f/mbert_enes_dev_0_19.txt
00:33:38 - removing file tmp_5f/mbert_enes_dev_6_19.txt
00:33:38 - removing file tmp_5f/mbert_enes_dev_5_19.txt
00:33:38 - removing file tmp_5f/mbert_enes_dev_1_19.txt
00:33:38 - removing file tmp_5f/mbert_enes_dev_8_19.txt
00:33:38 - removing file tmp_5f/mbert_enes_dev_7_19.txt
00:33:38 - removing file tmp_5f/mbert_enes_dev_3_19.txt
00:33:38 - removing file tmp_5f/mbert_enes_dev_9_19.txt
00:33:38 - [fold 4] best test MAP: 0.568 @ epoch 12
00:33:38 - Evaluating every 1 epochs ...
00:33:38 - reading data from /mnt/home/puxuan/CLIR-project/Evaluation_data/process-clef/uncased
00:33:40 - test has 31 queries ...
00:33:40 - Data reading done ...
00:33:41 - adding 9-th encoder to optimizer...
00:33:41 - adding 10-th encoder to optimizer...
00:33:41 - adding 11-th encoder to optimizer...
00:33:42 - process[0]: training epoch 0 ...
00:33:56 - process[0] - epoch 0 - train iter 437 - 27656.2 words/s - loss: 0.6349
00:33:56 - process[0]: training epoch 1 ...
00:34:09 - process[0] - epoch 1 - train iter 437 - 27841.8 words/s - loss: 0.5495
00:34:09 - process[0]: training epoch 2 ...
00:34:23 - process[0] - epoch 2 - train iter 437 - 27946.6 words/s - loss: 0.4733
00:34:23 - process[0]: training epoch 3 ...
00:34:37 - process[0] - epoch 3 - train iter 437 - 28038.0 words/s - loss: 0.4672
00:34:37 - process[0]: training epoch 4 ...
00:34:51 - process[0] - epoch 4 - train iter 437 - 27984.6 words/s - loss: 0.4682
00:34:51 - process[0]: training epoch 5 ...
00:35:04 - process[0] - epoch 5 - train iter 437 - 27967.6 words/s - loss: 0.4826
00:35:04 - process[0]: training epoch 6 ...
00:35:18 - process[0] - epoch 6 - train iter 437 - 27837.9 words/s - loss: 0.4325
00:35:18 - process[0]: training epoch 7 ...
00:35:32 - process[0] - epoch 7 - train iter 437 - 28026.0 words/s - loss: 0.4110
00:35:32 - process[0]: training epoch 8 ...
00:35:45 - process[0] - epoch 8 - train iter 437 - 27967.5 words/s - loss: 0.3924
00:35:45 - process[0]: training epoch 9 ...
00:35:59 - process[0] - epoch 9 - train iter 437 - 28099.8 words/s - loss: 0.3657
00:35:59 - process[0]: training epoch 10 ...
00:36:13 - process[0] - epoch 10 - train iter 437 - 27647.2 words/s - loss: 0.3814
00:36:13 - process[0]: evaluating epoch 10 on dev ...
00:36:30 - dev set during evaluation: 11320/11315
00:36:30 - process[0] - dev - epoch 10 - mAP: 0.547 w/ 31 queries
00:36:30 - removing file tmp_5f/mbert_enes_dev_1_10.txt
00:36:30 - removing file tmp_5f/mbert_enes_dev_6_10.txt
00:36:30 - removing file tmp_5f/mbert_enes_dev_2_10.txt
00:36:30 - removing file tmp_5f/mbert_enes_dev_5_10.txt
00:36:30 - removing file tmp_5f/mbert_enes_dev_4_10.txt
00:36:30 - removing file tmp_5f/mbert_enes_dev_7_10.txt
00:36:30 - removing file tmp_5f/mbert_enes_dev_8_10.txt
00:36:30 - removing file tmp_5f/mbert_enes_dev_0_10.txt
00:36:30 - removing file tmp_5f/mbert_enes_dev_9_10.txt
00:36:30 - removing file tmp_5f/mbert_enes_dev_3_10.txt
00:36:30 - process[0]: evaluating epoch 10 on test ...
00:36:44 - process[0] - test - epoch 10 - mAP: 0.462 w/ 31 queries
00:36:44 - removing file tmp_5f/mbert_enes_test_5_10.txt
00:36:44 - removing file tmp_5f/mbert_enes_test_0_10.txt
00:36:44 - removing file tmp_5f/mbert_enes_test_3_10.txt
00:36:44 - removing file tmp_5f/mbert_enes_test_6_10.txt
00:36:44 - removing file tmp_5f/mbert_enes_test_1_10.txt
00:36:44 - removing file tmp_5f/mbert_enes_test_2_10.txt
00:36:44 - removing file tmp_5f/mbert_enes_test_7_10.txt
00:36:44 - removing file tmp_5f/mbert_enes_test_8_10.txt
00:36:44 - removing file tmp_5f/mbert_enes_test_9_10.txt
00:36:44 - removing file tmp_5f/mbert_enes_test_4_10.txt
00:36:44 - process[0]: training epoch 11 ...
00:36:57 - process[0] - epoch 11 - train iter 437 - 28555.9 words/s - loss: 0.4142
00:36:57 - process[0]: evaluating epoch 11 on dev ...
00:37:12 - dev set during evaluation: 11320/11315
00:37:12 - process[0] - dev - epoch 11 - mAP: 0.541 w/ 31 queries
00:37:12 - removing file tmp_5f/mbert_enes_dev_4_11.txt
00:37:12 - removing file tmp_5f/mbert_enes_dev_0_11.txt
00:37:12 - removing file tmp_5f/mbert_enes_dev_6_11.txt
00:37:12 - removing file tmp_5f/mbert_enes_dev_9_11.txt
00:37:12 - removing file tmp_5f/mbert_enes_dev_7_11.txt
00:37:12 - removing file tmp_5f/mbert_enes_dev_8_11.txt
00:37:12 - removing file tmp_5f/mbert_enes_dev_2_11.txt
00:37:12 - removing file tmp_5f/mbert_enes_dev_3_11.txt
00:37:12 - removing file tmp_5f/mbert_enes_dev_1_11.txt
00:37:12 - removing file tmp_5f/mbert_enes_dev_5_11.txt
00:37:12 - process[0]: training epoch 12 ...
00:37:25 - process[0] - epoch 12 - train iter 437 - 28164.9 words/s - loss: 0.3316
00:37:25 - process[0]: evaluating epoch 12 on dev ...
00:37:40 - dev set during evaluation: 11320/11315
00:37:40 - process[0] - dev - epoch 12 - mAP: 0.563 w/ 31 queries
00:37:40 - removing file tmp_5f/mbert_enes_dev_2_12.txt
00:37:40 - removing file tmp_5f/mbert_enes_dev_8_12.txt
00:37:40 - removing file tmp_5f/mbert_enes_dev_7_12.txt
00:37:40 - removing file tmp_5f/mbert_enes_dev_4_12.txt
00:37:40 - removing file tmp_5f/mbert_enes_dev_5_12.txt
00:37:40 - removing file tmp_5f/mbert_enes_dev_0_12.txt
00:37:40 - removing file tmp_5f/mbert_enes_dev_1_12.txt
00:37:40 - removing file tmp_5f/mbert_enes_dev_3_12.txt
00:37:40 - removing file tmp_5f/mbert_enes_dev_9_12.txt
00:37:40 - removing file tmp_5f/mbert_enes_dev_6_12.txt
00:37:40 - process[0]: evaluating epoch 12 on test ...
00:37:54 - process[0] - test - epoch 12 - mAP: 0.473 w/ 31 queries
00:37:54 - removing file tmp_5f/mbert_enes_test_3_12.txt
00:37:54 - removing file tmp_5f/mbert_enes_test_7_12.txt
00:37:54 - removing file tmp_5f/mbert_enes_test_8_12.txt
00:37:54 - removing file tmp_5f/mbert_enes_test_9_12.txt
00:37:54 - removing file tmp_5f/mbert_enes_test_1_12.txt
00:37:54 - removing file tmp_5f/mbert_enes_test_4_12.txt
00:37:54 - removing file tmp_5f/mbert_enes_test_2_12.txt
00:37:54 - removing file tmp_5f/mbert_enes_test_6_12.txt
00:37:54 - removing file tmp_5f/mbert_enes_test_5_12.txt
00:37:54 - removing file tmp_5f/mbert_enes_test_0_12.txt
00:37:54 - process[0]: training epoch 13 ...
00:38:08 - process[0] - epoch 13 - train iter 437 - 28406.8 words/s - loss: 0.3539
00:38:08 - process[0]: evaluating epoch 13 on dev ...
00:38:22 - dev set during evaluation: 11320/11315
00:38:22 - process[0] - dev - epoch 13 - mAP: 0.564 w/ 31 queries
00:38:22 - removing file tmp_5f/mbert_enes_dev_5_13.txt
00:38:22 - removing file tmp_5f/mbert_enes_dev_8_13.txt
00:38:22 - removing file tmp_5f/mbert_enes_dev_6_13.txt
00:38:22 - removing file tmp_5f/mbert_enes_dev_3_13.txt
00:38:22 - removing file tmp_5f/mbert_enes_dev_0_13.txt
00:38:22 - removing file tmp_5f/mbert_enes_dev_1_13.txt
00:38:22 - removing file tmp_5f/mbert_enes_dev_2_13.txt
00:38:22 - removing file tmp_5f/mbert_enes_dev_9_13.txt
00:38:22 - removing file tmp_5f/mbert_enes_dev_4_13.txt
00:38:22 - removing file tmp_5f/mbert_enes_dev_7_13.txt
00:38:22 - process[0]: evaluating epoch 13 on test ...
00:38:36 - process[0] - test - epoch 13 - mAP: 0.466 w/ 31 queries
00:38:36 - removing file tmp_5f/mbert_enes_test_8_13.txt
00:38:36 - removing file tmp_5f/mbert_enes_test_3_13.txt
00:38:36 - removing file tmp_5f/mbert_enes_test_2_13.txt
00:38:36 - removing file tmp_5f/mbert_enes_test_0_13.txt
00:38:36 - removing file tmp_5f/mbert_enes_test_9_13.txt
00:38:36 - removing file tmp_5f/mbert_enes_test_6_13.txt
00:38:36 - removing file tmp_5f/mbert_enes_test_4_13.txt
00:38:36 - removing file tmp_5f/mbert_enes_test_1_13.txt
00:38:36 - removing file tmp_5f/mbert_enes_test_5_13.txt
00:38:36 - removing file tmp_5f/mbert_enes_test_7_13.txt
00:38:36 - process[0]: training epoch 14 ...
00:38:50 - process[0] - epoch 14 - train iter 437 - 28331.9 words/s - loss: 0.3464
00:38:50 - process[0]: evaluating epoch 14 on dev ...
00:39:06 - dev set during evaluation: 11320/11315
00:39:06 - process[0] - dev - epoch 14 - mAP: 0.576 w/ 31 queries
00:39:06 - removing file tmp_5f/mbert_enes_dev_9_14.txt
00:39:06 - removing file tmp_5f/mbert_enes_dev_1_14.txt
00:39:06 - removing file tmp_5f/mbert_enes_dev_7_14.txt
00:39:06 - removing file tmp_5f/mbert_enes_dev_5_14.txt
00:39:06 - removing file tmp_5f/mbert_enes_dev_0_14.txt
00:39:06 - removing file tmp_5f/mbert_enes_dev_3_14.txt
00:39:06 - removing file tmp_5f/mbert_enes_dev_4_14.txt
00:39:06 - removing file tmp_5f/mbert_enes_dev_2_14.txt
00:39:06 - removing file tmp_5f/mbert_enes_dev_8_14.txt
00:39:06 - removing file tmp_5f/mbert_enes_dev_6_14.txt
00:39:06 - process[0]: evaluating epoch 14 on test ...
00:39:20 - process[0] - test - epoch 14 - mAP: 0.482 w/ 31 queries
00:39:20 - removing file tmp_5f/mbert_enes_test_7_14.txt
00:39:20 - removing file tmp_5f/mbert_enes_test_4_14.txt
00:39:20 - removing file tmp_5f/mbert_enes_test_1_14.txt
00:39:20 - removing file tmp_5f/mbert_enes_test_0_14.txt
00:39:20 - removing file tmp_5f/mbert_enes_test_5_14.txt
00:39:20 - removing file tmp_5f/mbert_enes_test_9_14.txt
00:39:20 - removing file tmp_5f/mbert_enes_test_8_14.txt
00:39:20 - removing file tmp_5f/mbert_enes_test_3_14.txt
00:39:20 - removing file tmp_5f/mbert_enes_test_6_14.txt
00:39:20 - removing file tmp_5f/mbert_enes_test_2_14.txt
00:39:20 - process[0]: training epoch 15 ...
00:39:33 - process[0] - epoch 15 - train iter 437 - 28636.0 words/s - loss: 0.3610
00:39:33 - process[0]: evaluating epoch 15 on dev ...
00:39:49 - dev set during evaluation: 11320/11315
00:39:49 - process[0] - dev - epoch 15 - mAP: 0.560 w/ 31 queries
00:39:49 - removing file tmp_5f/mbert_enes_dev_2_15.txt
00:39:49 - removing file tmp_5f/mbert_enes_dev_1_15.txt
00:39:49 - removing file tmp_5f/mbert_enes_dev_3_15.txt
00:39:49 - removing file tmp_5f/mbert_enes_dev_0_15.txt
00:39:49 - removing file tmp_5f/mbert_enes_dev_4_15.txt
00:39:49 - removing file tmp_5f/mbert_enes_dev_8_15.txt
00:39:49 - removing file tmp_5f/mbert_enes_dev_9_15.txt
00:39:49 - removing file tmp_5f/mbert_enes_dev_5_15.txt
00:39:49 - removing file tmp_5f/mbert_enes_dev_6_15.txt
00:39:49 - removing file tmp_5f/mbert_enes_dev_7_15.txt
00:39:49 - process[0]: training epoch 16 ...
00:40:02 - process[0] - epoch 16 - train iter 437 - 28415.1 words/s - loss: 0.3319
00:40:02 - process[0]: evaluating epoch 16 on dev ...
00:40:17 - dev set during evaluation: 11320/11315
00:40:17 - process[0] - dev - epoch 16 - mAP: 0.589 w/ 31 queries
00:40:17 - removing file tmp_5f/mbert_enes_dev_7_16.txt
00:40:17 - removing file tmp_5f/mbert_enes_dev_9_16.txt
00:40:17 - removing file tmp_5f/mbert_enes_dev_4_16.txt
00:40:17 - removing file tmp_5f/mbert_enes_dev_5_16.txt
00:40:17 - removing file tmp_5f/mbert_enes_dev_2_16.txt
00:40:17 - removing file tmp_5f/mbert_enes_dev_0_16.txt
00:40:17 - removing file tmp_5f/mbert_enes_dev_3_16.txt
00:40:17 - removing file tmp_5f/mbert_enes_dev_6_16.txt
00:40:17 - removing file tmp_5f/mbert_enes_dev_1_16.txt
00:40:17 - removing file tmp_5f/mbert_enes_dev_8_16.txt
00:40:17 - process[0]: evaluating epoch 16 on test ...
00:40:31 - process[0] - test - epoch 16 - mAP: 0.476 w/ 31 queries
00:40:31 - removing file tmp_5f/mbert_enes_test_7_16.txt
00:40:31 - removing file tmp_5f/mbert_enes_test_3_16.txt
00:40:31 - removing file tmp_5f/mbert_enes_test_2_16.txt
00:40:31 - removing file tmp_5f/mbert_enes_test_0_16.txt
00:40:31 - removing file tmp_5f/mbert_enes_test_8_16.txt
00:40:31 - removing file tmp_5f/mbert_enes_test_4_16.txt
00:40:31 - removing file tmp_5f/mbert_enes_test_6_16.txt
00:40:31 - removing file tmp_5f/mbert_enes_test_1_16.txt
00:40:31 - removing file tmp_5f/mbert_enes_test_5_16.txt
00:40:31 - removing file tmp_5f/mbert_enes_test_9_16.txt
00:40:31 - process[0]: training epoch 17 ...
00:40:44 - process[0] - epoch 17 - train iter 437 - 28532.3 words/s - loss: 0.3254
00:40:44 - process[0]: evaluating epoch 17 on dev ...
00:41:00 - dev set during evaluation: 11320/11315
00:41:00 - process[0] - dev - epoch 17 - mAP: 0.562 w/ 31 queries
00:41:00 - removing file tmp_5f/mbert_enes_dev_8_17.txt
00:41:00 - removing file tmp_5f/mbert_enes_dev_9_17.txt
00:41:00 - removing file tmp_5f/mbert_enes_dev_1_17.txt
00:41:00 - removing file tmp_5f/mbert_enes_dev_3_17.txt
00:41:00 - removing file tmp_5f/mbert_enes_dev_6_17.txt
00:41:00 - removing file tmp_5f/mbert_enes_dev_2_17.txt
00:41:00 - removing file tmp_5f/mbert_enes_dev_5_17.txt
00:41:00 - removing file tmp_5f/mbert_enes_dev_4_17.txt
00:41:00 - removing file tmp_5f/mbert_enes_dev_7_17.txt
00:41:00 - removing file tmp_5f/mbert_enes_dev_0_17.txt
00:41:00 - process[0]: training epoch 18 ...
00:41:13 - process[0] - epoch 18 - train iter 437 - 28241.2 words/s - loss: 0.3292
00:41:13 - process[0]: evaluating epoch 18 on dev ...
00:41:28 - dev set during evaluation: 11320/11315
00:41:28 - process[0] - dev - epoch 18 - mAP: 0.567 w/ 31 queries
00:41:28 - removing file tmp_5f/mbert_enes_dev_8_18.txt
00:41:28 - removing file tmp_5f/mbert_enes_dev_4_18.txt
00:41:28 - removing file tmp_5f/mbert_enes_dev_1_18.txt
00:41:28 - removing file tmp_5f/mbert_enes_dev_0_18.txt
00:41:28 - removing file tmp_5f/mbert_enes_dev_3_18.txt
00:41:28 - removing file tmp_5f/mbert_enes_dev_5_18.txt
00:41:28 - removing file tmp_5f/mbert_enes_dev_6_18.txt
00:41:28 - removing file tmp_5f/mbert_enes_dev_2_18.txt
00:41:28 - removing file tmp_5f/mbert_enes_dev_7_18.txt
00:41:28 - removing file tmp_5f/mbert_enes_dev_9_18.txt
00:41:28 - process[0]: training epoch 19 ...
00:41:41 - process[0] - epoch 19 - train iter 437 - 28255.5 words/s - loss: 0.3016
00:41:41 - process[0]: evaluating epoch 19 on dev ...
00:41:57 - dev set during evaluation: 11320/11315
00:41:57 - process[0] - dev - epoch 19 - mAP: 0.580 w/ 31 queries
00:41:57 - removing file tmp_5f/mbert_enes_dev_2_19.txt
00:41:57 - removing file tmp_5f/mbert_enes_dev_4_19.txt
00:41:57 - removing file tmp_5f/mbert_enes_dev_0_19.txt
00:41:57 - removing file tmp_5f/mbert_enes_dev_6_19.txt
00:41:57 - removing file tmp_5f/mbert_enes_dev_5_19.txt
00:41:57 - removing file tmp_5f/mbert_enes_dev_1_19.txt
00:41:57 - removing file tmp_5f/mbert_enes_dev_8_19.txt
00:41:57 - removing file tmp_5f/mbert_enes_dev_7_19.txt
00:41:57 - removing file tmp_5f/mbert_enes_dev_3_19.txt
00:41:57 - removing file tmp_5f/mbert_enes_dev_9_19.txt
00:41:57 - [fold 5] best test MAP: 0.476 @ epoch 16
00:41:57 - [0.4889750868364454, 0.5602921851712559, 0.5488136806845826, 0.5679801391791126, 0.4756326615194562]
00:41:57 - [31, 32, 31, 31, 31]
00:41:57 - final MAP: 0.529
