00:00:06 - Namespace(apex_level='O2', batch_size=8, cased=False, dataset='clef', debug=False, encoder_lr=2e-05, eval_step=1, full_doc_length=True, local_rank=2, model_path='/mnt/scratch/puxuan/short_qlm_0.15/2186792/huggingface-9', model_type='mbert', num_epochs=20, num_ft_encoders=3, num_neg=1, projector_lr=2e-05, seed=611, source_lang='en', target_lang='es')
00:00:14 - Evaluating every 1 epochs ...
00:00:14 - reading data from /mnt/home/puxuan/CLIR-project/Evaluation_data/process-clef/uncased
00:00:15 - test has 31 queries ...
00:00:15 - Data reading done ...
00:00:22 - adding 9-th encoder to optimizer...
00:00:22 - adding 10-th encoder to optimizer...
00:00:22 - adding 11-th encoder to optimizer...
00:00:22 - process[2]: training epoch 0 ...
00:00:39 - process[2] - epoch 0 - train iter 540 - 28250.4 words/s - loss: 0.6047
00:00:39 - process[2]: training epoch 1 ...
00:00:55 - process[2] - epoch 1 - train iter 540 - 28643.3 words/s - loss: 0.5003
00:00:55 - process[2]: training epoch 2 ...
00:01:11 - process[2] - epoch 2 - train iter 540 - 28569.7 words/s - loss: 0.4642
00:01:11 - process[2]: training epoch 3 ...
00:01:28 - process[2] - epoch 3 - train iter 540 - 28688.5 words/s - loss: 0.4455
00:01:28 - process[2]: training epoch 4 ...
00:01:44 - process[2] - epoch 4 - train iter 540 - 28685.9 words/s - loss: 0.4517
00:01:44 - process[2]: training epoch 5 ...
00:02:00 - process[2] - epoch 5 - train iter 540 - 28720.7 words/s - loss: 0.4159
00:02:00 - process[2]: training epoch 6 ...
00:02:17 - process[2] - epoch 6 - train iter 540 - 28202.4 words/s - loss: 0.4008
00:02:17 - process[2]: training epoch 7 ...
00:02:33 - process[2] - epoch 7 - train iter 540 - 28350.5 words/s - loss: 0.3749
00:02:33 - process[2]: training epoch 8 ...
00:02:49 - process[2] - epoch 8 - train iter 540 - 28494.9 words/s - loss: 0.3619
00:02:49 - process[2]: training epoch 9 ...
00:03:05 - process[2] - epoch 9 - train iter 540 - 28342.8 words/s - loss: 0.3782
00:03:05 - process[2]: training epoch 10 ...
00:03:22 - process[2] - epoch 10 - train iter 540 - 28632.1 words/s - loss: 0.3697
00:03:22 - process[2]: evaluating epoch 10 on dev ...
00:03:38 - process[2] - dev - epoch 10 - mAP: 0.482 w/ 31 queries
00:03:38 - process[2]: evaluating epoch 10 on test ...
00:03:52 - test set during evaluation: 11460/11458
00:03:52 - process[2] - test - epoch 10 - mAP: 0.489 w/ 31 queries
00:03:52 - process[2]: training epoch 11 ...
00:04:08 - process[2] - epoch 11 - train iter 540 - 28371.4 words/s - loss: 0.3448
00:04:08 - process[2]: evaluating epoch 11 on dev ...
00:04:22 - process[2] - dev - epoch 11 - mAP: 0.482 w/ 31 queries
00:04:22 - process[2]: evaluating epoch 11 on test ...
00:04:36 - test set during evaluation: 11460/11458
00:04:36 - process[2] - test - epoch 11 - mAP: 0.496 w/ 31 queries
00:04:36 - process[2]: training epoch 12 ...
00:04:53 - process[2] - epoch 12 - train iter 540 - 28748.8 words/s - loss: 0.3513
00:04:53 - process[2]: evaluating epoch 12 on dev ...
00:05:06 - process[2] - dev - epoch 12 - mAP: 0.486 w/ 31 queries
00:05:06 - process[2]: evaluating epoch 12 on test ...
00:05:20 - test set during evaluation: 11460/11458
00:05:20 - process[2] - test - epoch 12 - mAP: 0.509 w/ 31 queries
00:05:21 - process[2]: training epoch 13 ...
00:05:37 - process[2] - epoch 13 - train iter 540 - 28735.6 words/s - loss: 0.3347
00:05:37 - process[2]: evaluating epoch 13 on dev ...
00:05:51 - process[2] - dev - epoch 13 - mAP: 0.477 w/ 31 queries
00:05:51 - process[2]: training epoch 14 ...
00:06:07 - process[2] - epoch 14 - train iter 540 - 28427.8 words/s - loss: 0.3323
00:06:07 - process[2]: evaluating epoch 14 on dev ...
00:06:21 - process[2] - dev - epoch 14 - mAP: 0.484 w/ 31 queries
00:06:21 - process[2]: training epoch 15 ...
00:06:37 - process[2] - epoch 15 - train iter 540 - 28768.7 words/s - loss: 0.3219
00:06:37 - process[2]: evaluating epoch 15 on dev ...
00:06:51 - process[2] - dev - epoch 15 - mAP: 0.490 w/ 31 queries
00:06:51 - process[2]: evaluating epoch 15 on test ...
00:07:05 - test set during evaluation: 11460/11458
00:07:05 - process[2] - test - epoch 15 - mAP: 0.489 w/ 31 queries
00:07:05 - process[2]: training epoch 16 ...
00:07:21 - process[2] - epoch 16 - train iter 540 - 28536.7 words/s - loss: 0.3205
00:07:21 - process[2]: evaluating epoch 16 on dev ...
00:07:35 - process[2] - dev - epoch 16 - mAP: 0.473 w/ 31 queries
00:07:35 - process[2]: training epoch 17 ...
00:07:51 - process[2] - epoch 17 - train iter 540 - 29118.7 words/s - loss: 0.3313
00:07:51 - process[2]: evaluating epoch 17 on dev ...
00:08:05 - process[2] - dev - epoch 17 - mAP: 0.476 w/ 31 queries
00:08:05 - process[2]: training epoch 18 ...
00:08:21 - process[2] - epoch 18 - train iter 540 - 28327.4 words/s - loss: 0.2829
00:08:21 - process[2]: evaluating epoch 18 on dev ...
00:08:35 - process[2] - dev - epoch 18 - mAP: 0.475 w/ 31 queries
00:08:35 - process[2]: training epoch 19 ...
00:08:51 - process[2] - epoch 19 - train iter 540 - 28744.0 words/s - loss: 0.3064
00:08:51 - process[2]: evaluating epoch 19 on dev ...
00:09:05 - process[2] - dev - epoch 19 - mAP: 0.477 w/ 31 queries
00:09:05 - [fold 1] best test MAP: 0.489 @ epoch 15
00:09:05 - Evaluating every 1 epochs ...
00:09:05 - reading data from /mnt/home/puxuan/CLIR-project/Evaluation_data/process-clef/uncased
00:09:06 - test has 32 queries ...
00:09:06 - Data reading done ...
00:09:08 - adding 9-th encoder to optimizer...
00:09:08 - adding 10-th encoder to optimizer...
00:09:08 - adding 11-th encoder to optimizer...
00:09:09 - process[2]: training epoch 0 ...
00:09:24 - process[2] - epoch 0 - train iter 492 - 28637.2 words/s - loss: 0.6016
00:09:24 - process[2]: training epoch 1 ...
00:09:38 - process[2] - epoch 1 - train iter 492 - 28582.6 words/s - loss: 0.5029
00:09:38 - process[2]: training epoch 2 ...
00:09:53 - process[2] - epoch 2 - train iter 492 - 28603.8 words/s - loss: 0.4876
00:09:53 - process[2]: training epoch 3 ...
00:10:08 - process[2] - epoch 3 - train iter 492 - 28425.9 words/s - loss: 0.4438
00:10:08 - process[2]: training epoch 4 ...
00:10:23 - process[2] - epoch 4 - train iter 492 - 28109.4 words/s - loss: 0.4261
00:10:23 - process[2]: training epoch 5 ...
00:10:39 - process[2] - epoch 5 - train iter 492 - 28484.1 words/s - loss: 0.4314
00:10:39 - process[2]: training epoch 6 ...
00:10:53 - process[2] - epoch 6 - train iter 492 - 28269.4 words/s - loss: 0.4279
00:10:53 - process[2]: training epoch 7 ...
00:11:09 - process[2] - epoch 7 - train iter 492 - 27554.0 words/s - loss: 0.4001
00:11:09 - process[2]: training epoch 8 ...
00:11:24 - process[2] - epoch 8 - train iter 492 - 28051.6 words/s - loss: 0.3857
00:11:24 - process[2]: training epoch 9 ...
00:11:39 - process[2] - epoch 9 - train iter 492 - 27817.5 words/s - loss: 0.3727
00:11:39 - process[2]: training epoch 10 ...
00:11:55 - process[2] - epoch 10 - train iter 492 - 27889.8 words/s - loss: 0.3852
00:11:55 - process[2]: evaluating epoch 10 on dev ...
00:12:14 - dev set during evaluation: 11460/11458
00:12:14 - process[2] - dev - epoch 10 - mAP: 0.499 w/ 31 queries
00:12:14 - process[2]: evaluating epoch 10 on test ...
00:12:29 - process[2] - test - epoch 10 - mAP: 0.573 w/ 32 queries
00:12:29 - process[2]: training epoch 11 ...
00:12:45 - process[2] - epoch 11 - train iter 492 - 28218.1 words/s - loss: 0.3514
00:12:45 - process[2]: evaluating epoch 11 on dev ...
00:12:59 - dev set during evaluation: 11460/11458
00:12:59 - process[2] - dev - epoch 11 - mAP: 0.475 w/ 31 queries
00:12:59 - process[2]: training epoch 12 ...
00:13:15 - process[2] - epoch 12 - train iter 492 - 27919.1 words/s - loss: 0.3752
00:13:15 - process[2]: evaluating epoch 12 on dev ...
00:13:29 - dev set during evaluation: 11460/11458
00:13:29 - process[2] - dev - epoch 12 - mAP: 0.480 w/ 31 queries
00:13:29 - process[2]: training epoch 13 ...
00:13:44 - process[2] - epoch 13 - train iter 492 - 28432.2 words/s - loss: 0.2994
00:13:44 - process[2]: evaluating epoch 13 on dev ...
00:14:00 - dev set during evaluation: 11460/11458
00:14:00 - process[2] - dev - epoch 13 - mAP: 0.497 w/ 31 queries
00:14:00 - process[2]: training epoch 14 ...
00:14:15 - process[2] - epoch 14 - train iter 492 - 28399.9 words/s - loss: 0.3298
00:14:15 - process[2]: evaluating epoch 14 on dev ...
00:14:30 - dev set during evaluation: 11460/11458
00:14:30 - process[2] - dev - epoch 14 - mAP: 0.481 w/ 31 queries
00:14:30 - process[2]: training epoch 15 ...
00:14:45 - process[2] - epoch 15 - train iter 492 - 28246.0 words/s - loss: 0.3173
00:14:45 - process[2]: evaluating epoch 15 on dev ...
00:14:59 - dev set during evaluation: 11460/11458
00:14:59 - process[2] - dev - epoch 15 - mAP: 0.503 w/ 31 queries
00:14:59 - process[2]: evaluating epoch 15 on test ...
00:15:14 - process[2] - test - epoch 15 - mAP: 0.569 w/ 32 queries
00:15:14 - process[2]: training epoch 16 ...
00:15:30 - process[2] - epoch 16 - train iter 492 - 28280.6 words/s - loss: 0.3369
00:15:30 - process[2]: evaluating epoch 16 on dev ...
00:15:44 - dev set during evaluation: 11460/11458
00:15:44 - process[2] - dev - epoch 16 - mAP: 0.478 w/ 31 queries
00:15:44 - process[2]: training epoch 17 ...
00:15:59 - process[2] - epoch 17 - train iter 492 - 28604.8 words/s - loss: 0.3048
00:15:59 - process[2]: evaluating epoch 17 on dev ...
00:16:14 - dev set during evaluation: 11460/11458
00:16:14 - process[2] - dev - epoch 17 - mAP: 0.513 w/ 31 queries
00:16:14 - process[2]: evaluating epoch 17 on test ...
00:16:29 - process[2] - test - epoch 17 - mAP: 0.560 w/ 32 queries
00:16:29 - process[2]: training epoch 18 ...
00:16:44 - process[2] - epoch 18 - train iter 492 - 28195.1 words/s - loss: 0.3207
00:16:44 - process[2]: evaluating epoch 18 on dev ...
00:16:59 - dev set during evaluation: 11460/11458
00:16:59 - process[2] - dev - epoch 18 - mAP: 0.480 w/ 31 queries
00:16:59 - process[2]: training epoch 19 ...
00:17:14 - process[2] - epoch 19 - train iter 492 - 27776.7 words/s - loss: 0.2991
00:17:14 - process[2]: evaluating epoch 19 on dev ...
00:17:29 - dev set during evaluation: 11460/11458
00:17:29 - process[2] - dev - epoch 19 - mAP: 0.479 w/ 31 queries
00:17:29 - [fold 2] best test MAP: 0.560 @ epoch 17
00:17:29 - Evaluating every 1 epochs ...
00:17:29 - reading data from /mnt/home/puxuan/CLIR-project/Evaluation_data/process-clef/uncased
00:17:30 - test has 31 queries ...
00:17:30 - Data reading done ...
00:17:32 - adding 9-th encoder to optimizer...
00:17:32 - adding 10-th encoder to optimizer...
00:17:32 - adding 11-th encoder to optimizer...
00:17:32 - process[2]: training epoch 0 ...
00:17:47 - process[2] - epoch 0 - train iter 476 - 28076.2 words/s - loss: 0.6020
00:17:47 - process[2]: training epoch 1 ...
00:18:01 - process[2] - epoch 1 - train iter 476 - 28552.1 words/s - loss: 0.5030
00:18:01 - process[2]: training epoch 2 ...
00:18:16 - process[2] - epoch 2 - train iter 476 - 28350.6 words/s - loss: 0.4586
00:18:16 - process[2]: training epoch 3 ...
00:18:30 - process[2] - epoch 3 - train iter 476 - 28419.6 words/s - loss: 0.4235
00:18:30 - process[2]: training epoch 4 ...
00:18:45 - process[2] - epoch 4 - train iter 476 - 28244.8 words/s - loss: 0.3956
00:18:45 - process[2]: training epoch 5 ...
00:18:59 - process[2] - epoch 5 - train iter 476 - 28557.5 words/s - loss: 0.3739
00:18:59 - process[2]: training epoch 6 ...
00:19:14 - process[2] - epoch 6 - train iter 476 - 28231.8 words/s - loss: 0.4014
00:19:14 - process[2]: training epoch 7 ...
00:19:28 - process[2] - epoch 7 - train iter 476 - 28336.8 words/s - loss: 0.3963
00:19:28 - process[2]: training epoch 8 ...
00:19:42 - process[2] - epoch 8 - train iter 476 - 28366.6 words/s - loss: 0.3554
00:19:42 - process[2]: training epoch 9 ...
00:19:57 - process[2] - epoch 9 - train iter 476 - 28277.1 words/s - loss: 0.3745
00:19:57 - process[2]: training epoch 10 ...
00:20:11 - process[2] - epoch 10 - train iter 476 - 28760.1 words/s - loss: 0.3532
00:20:11 - process[2]: evaluating epoch 10 on dev ...
00:20:32 - process[2] - dev - epoch 10 - mAP: 0.546 w/ 32 queries
00:20:32 - process[2]: evaluating epoch 10 on test ...
00:20:47 - test set during evaluation: 11550/11545
00:20:47 - process[2] - test - epoch 10 - mAP: 0.538 w/ 31 queries
00:20:47 - process[2]: training epoch 11 ...
00:21:02 - process[2] - epoch 11 - train iter 476 - 28303.0 words/s - loss: 0.3441
00:21:02 - process[2]: evaluating epoch 11 on dev ...
00:21:17 - process[2] - dev - epoch 11 - mAP: 0.563 w/ 32 queries
00:21:17 - process[2]: evaluating epoch 11 on test ...
00:21:32 - test set during evaluation: 11550/11545
00:21:32 - process[2] - test - epoch 11 - mAP: 0.528 w/ 31 queries
00:21:32 - process[2]: training epoch 12 ...
00:21:47 - process[2] - epoch 12 - train iter 476 - 28024.2 words/s - loss: 0.3410
00:21:47 - process[2]: evaluating epoch 12 on dev ...
00:22:03 - process[2] - dev - epoch 12 - mAP: 0.564 w/ 32 queries
00:22:03 - process[2]: evaluating epoch 12 on test ...
00:22:17 - test set during evaluation: 11550/11545
00:22:17 - process[2] - test - epoch 12 - mAP: 0.534 w/ 31 queries
00:22:17 - process[2]: training epoch 13 ...
00:22:32 - process[2] - epoch 13 - train iter 476 - 28355.2 words/s - loss: 0.3682
00:22:32 - process[2]: evaluating epoch 13 on dev ...
00:22:48 - process[2] - dev - epoch 13 - mAP: 0.538 w/ 32 queries
00:22:48 - process[2]: training epoch 14 ...
00:23:02 - process[2] - epoch 14 - train iter 476 - 28478.2 words/s - loss: 0.3317
00:23:02 - process[2]: evaluating epoch 14 on dev ...
00:23:18 - process[2] - dev - epoch 14 - mAP: 0.578 w/ 32 queries
00:23:18 - process[2]: evaluating epoch 14 on test ...
00:23:32 - test set during evaluation: 11550/11545
00:23:32 - process[2] - test - epoch 14 - mAP: 0.549 w/ 31 queries
00:23:32 - process[2]: training epoch 15 ...
00:23:47 - process[2] - epoch 15 - train iter 476 - 28629.4 words/s - loss: 0.3079
00:23:47 - process[2]: evaluating epoch 15 on dev ...
00:24:02 - process[2] - dev - epoch 15 - mAP: 0.564 w/ 32 queries
00:24:02 - process[2]: training epoch 16 ...
00:24:17 - process[2] - epoch 16 - train iter 476 - 28405.9 words/s - loss: 0.3291
00:24:17 - process[2]: evaluating epoch 16 on dev ...
00:24:32 - process[2] - dev - epoch 16 - mAP: 0.566 w/ 32 queries
00:24:32 - process[2]: training epoch 17 ...
00:24:46 - process[2] - epoch 17 - train iter 476 - 28680.8 words/s - loss: 0.3154
00:24:46 - process[2]: evaluating epoch 17 on dev ...
00:25:02 - process[2] - dev - epoch 17 - mAP: 0.564 w/ 32 queries
00:25:02 - process[2]: training epoch 18 ...
00:25:17 - process[2] - epoch 18 - train iter 476 - 28057.0 words/s - loss: 0.3115
00:25:17 - process[2]: evaluating epoch 18 on dev ...
00:25:34 - process[2] - dev - epoch 18 - mAP: 0.548 w/ 32 queries
00:25:34 - process[2]: training epoch 19 ...
00:25:48 - process[2] - epoch 19 - train iter 476 - 29170.3 words/s - loss: 0.2933
00:25:48 - process[2]: evaluating epoch 19 on dev ...
00:26:06 - process[2] - dev - epoch 19 - mAP: 0.547 w/ 32 queries
00:26:06 - [fold 3] best test MAP: 0.549 @ epoch 14
00:26:06 - Evaluating every 1 epochs ...
00:26:06 - reading data from /mnt/home/puxuan/CLIR-project/Evaluation_data/process-clef/uncased
00:26:07 - test has 31 queries ...
00:26:07 - Data reading done ...
00:26:09 - adding 9-th encoder to optimizer...
00:26:09 - adding 10-th encoder to optimizer...
00:26:09 - adding 11-th encoder to optimizer...
00:26:09 - process[2]: training epoch 0 ...
00:26:23 - process[2] - epoch 0 - train iter 432 - 27999.4 words/s - loss: 0.6520
00:26:23 - process[2]: training epoch 1 ...
00:26:36 - process[2] - epoch 1 - train iter 432 - 27826.2 words/s - loss: 0.5252
00:26:36 - process[2]: training epoch 2 ...
00:26:50 - process[2] - epoch 2 - train iter 432 - 27996.6 words/s - loss: 0.4807
00:26:50 - process[2]: training epoch 3 ...
00:27:03 - process[2] - epoch 3 - train iter 432 - 28751.8 words/s - loss: 0.5013
00:27:03 - process[2]: training epoch 4 ...
00:27:16 - process[2] - epoch 4 - train iter 432 - 28267.3 words/s - loss: 0.4466
00:27:16 - process[2]: training epoch 5 ...
00:27:30 - process[2] - epoch 5 - train iter 432 - 28427.4 words/s - loss: 0.4391
00:27:30 - process[2]: training epoch 6 ...
00:27:43 - process[2] - epoch 6 - train iter 432 - 28653.9 words/s - loss: 0.4355
00:27:43 - process[2]: training epoch 7 ...
00:27:56 - process[2] - epoch 7 - train iter 432 - 28459.5 words/s - loss: 0.4051
00:27:56 - process[2]: training epoch 8 ...
00:28:09 - process[2] - epoch 8 - train iter 432 - 28083.5 words/s - loss: 0.4080
00:28:09 - process[2]: training epoch 9 ...
00:28:23 - process[2] - epoch 9 - train iter 432 - 28532.0 words/s - loss: 0.4063
00:28:23 - process[2]: training epoch 10 ...
00:28:36 - process[2] - epoch 10 - train iter 432 - 28453.2 words/s - loss: 0.3890
00:28:36 - process[2]: evaluating epoch 10 on dev ...
00:28:53 - dev set during evaluation: 11550/11545
00:28:53 - process[2] - dev - epoch 10 - mAP: 0.546 w/ 31 queries
00:28:53 - process[2]: evaluating epoch 10 on test ...
00:29:07 - test set during evaluation: 11320/11315
00:29:07 - process[2] - test - epoch 10 - mAP: 0.562 w/ 31 queries
00:29:07 - process[2]: training epoch 11 ...
00:29:20 - process[2] - epoch 11 - train iter 432 - 28594.3 words/s - loss: 0.3853
00:29:20 - process[2]: evaluating epoch 11 on dev ...
00:29:35 - dev set during evaluation: 11550/11545
00:29:35 - process[2] - dev - epoch 11 - mAP: 0.545 w/ 31 queries
00:29:35 - process[2]: training epoch 12 ...
00:29:48 - process[2] - epoch 12 - train iter 432 - 28705.4 words/s - loss: 0.3738
00:29:48 - process[2]: evaluating epoch 12 on dev ...
00:30:04 - dev set during evaluation: 11550/11545
00:30:04 - process[2] - dev - epoch 12 - mAP: 0.549 w/ 31 queries
00:30:04 - process[2]: evaluating epoch 12 on test ...
00:30:19 - test set during evaluation: 11320/11315
00:30:19 - process[2] - test - epoch 12 - mAP: 0.568 w/ 31 queries
00:30:19 - process[2]: training epoch 13 ...
00:30:32 - process[2] - epoch 13 - train iter 432 - 28686.0 words/s - loss: 0.3164
00:30:32 - process[2]: evaluating epoch 13 on dev ...
00:30:48 - dev set during evaluation: 11550/11545
00:30:48 - process[2] - dev - epoch 13 - mAP: 0.539 w/ 31 queries
00:30:48 - process[2]: training epoch 14 ...
00:31:01 - process[2] - epoch 14 - train iter 432 - 28460.1 words/s - loss: 0.3476
00:31:01 - process[2]: evaluating epoch 14 on dev ...
00:31:16 - dev set during evaluation: 11550/11545
00:31:16 - process[2] - dev - epoch 14 - mAP: 0.521 w/ 31 queries
00:31:16 - process[2]: training epoch 15 ...
00:31:29 - process[2] - epoch 15 - train iter 432 - 28235.7 words/s - loss: 0.2892
00:31:29 - process[2]: evaluating epoch 15 on dev ...
00:31:44 - dev set during evaluation: 11550/11545
00:31:44 - process[2] - dev - epoch 15 - mAP: 0.487 w/ 31 queries
00:31:44 - process[2]: training epoch 16 ...
00:31:57 - process[2] - epoch 16 - train iter 432 - 28494.0 words/s - loss: 0.3425
00:31:57 - process[2]: evaluating epoch 16 on dev ...
00:32:12 - dev set during evaluation: 11550/11545
00:32:12 - process[2] - dev - epoch 16 - mAP: 0.540 w/ 31 queries
00:32:12 - process[2]: training epoch 17 ...
00:32:25 - process[2] - epoch 17 - train iter 432 - 28366.1 words/s - loss: 0.3303
00:32:25 - process[2]: evaluating epoch 17 on dev ...
00:32:40 - dev set during evaluation: 11550/11545
00:32:40 - process[2] - dev - epoch 17 - mAP: 0.514 w/ 31 queries
00:32:40 - process[2]: training epoch 18 ...
00:32:53 - process[2] - epoch 18 - train iter 432 - 28335.7 words/s - loss: 0.3093
00:32:53 - process[2]: evaluating epoch 18 on dev ...
00:33:09 - dev set during evaluation: 11550/11545
00:33:09 - process[2] - dev - epoch 18 - mAP: 0.505 w/ 31 queries
00:33:09 - process[2]: training epoch 19 ...
00:33:22 - process[2] - epoch 19 - train iter 432 - 29091.4 words/s - loss: 0.3037
00:33:22 - process[2]: evaluating epoch 19 on dev ...
00:33:38 - dev set during evaluation: 11550/11545
00:33:38 - process[2] - dev - epoch 19 - mAP: 0.545 w/ 31 queries
00:33:38 - [fold 4] best test MAP: 0.568 @ epoch 12
00:33:38 - Evaluating every 1 epochs ...
00:33:38 - reading data from /mnt/home/puxuan/CLIR-project/Evaluation_data/process-clef/uncased
00:33:40 - test has 31 queries ...
00:33:40 - Data reading done ...
00:33:41 - adding 9-th encoder to optimizer...
00:33:41 - adding 10-th encoder to optimizer...
00:33:41 - adding 11-th encoder to optimizer...
00:33:42 - process[2]: training epoch 0 ...
00:33:55 - process[2] - epoch 0 - train iter 437 - 27955.5 words/s - loss: 0.6251
00:33:55 - process[2]: training epoch 1 ...
00:34:09 - process[2] - epoch 1 - train iter 437 - 27939.4 words/s - loss: 0.5276
00:34:09 - process[2]: training epoch 2 ...
00:34:23 - process[2] - epoch 2 - train iter 437 - 28023.0 words/s - loss: 0.4760
00:34:23 - process[2]: training epoch 3 ...
00:34:36 - process[2] - epoch 3 - train iter 437 - 27876.8 words/s - loss: 0.4583
00:34:36 - process[2]: training epoch 4 ...
00:34:50 - process[2] - epoch 4 - train iter 437 - 28051.1 words/s - loss: 0.4722
00:34:50 - process[2]: training epoch 5 ...
00:35:04 - process[2] - epoch 5 - train iter 437 - 28104.8 words/s - loss: 0.4430
00:35:04 - process[2]: training epoch 6 ...
00:35:18 - process[2] - epoch 6 - train iter 437 - 26702.8 words/s - loss: 0.4134
00:35:18 - process[2]: training epoch 7 ...
00:35:31 - process[2] - epoch 7 - train iter 437 - 28077.5 words/s - loss: 0.4168
00:35:31 - process[2]: training epoch 8 ...
00:35:45 - process[2] - epoch 8 - train iter 437 - 28153.5 words/s - loss: 0.4113
00:35:45 - process[2]: training epoch 9 ...
00:35:58 - process[2] - epoch 9 - train iter 437 - 28360.4 words/s - loss: 0.4209
00:35:58 - process[2]: training epoch 10 ...
00:36:12 - process[2] - epoch 10 - train iter 437 - 28089.5 words/s - loss: 0.4002
00:36:12 - process[2]: evaluating epoch 10 on dev ...
00:36:30 - dev set during evaluation: 11320/11315
00:36:30 - process[2] - dev - epoch 10 - mAP: 0.547 w/ 31 queries
00:36:30 - process[2]: evaluating epoch 10 on test ...
00:36:44 - process[2] - test - epoch 10 - mAP: 0.462 w/ 31 queries
00:36:44 - process[2]: training epoch 11 ...
00:36:57 - process[2] - epoch 11 - train iter 437 - 28414.0 words/s - loss: 0.3957
00:36:57 - process[2]: evaluating epoch 11 on dev ...
00:37:12 - dev set during evaluation: 11320/11315
00:37:12 - process[2] - dev - epoch 11 - mAP: 0.541 w/ 31 queries
00:37:12 - process[2]: training epoch 12 ...
00:37:25 - process[2] - epoch 12 - train iter 437 - 28231.0 words/s - loss: 0.3632
00:37:25 - process[2]: evaluating epoch 12 on dev ...
00:37:40 - dev set during evaluation: 11320/11315
00:37:40 - process[2] - dev - epoch 12 - mAP: 0.563 w/ 31 queries
00:37:40 - process[2]: evaluating epoch 12 on test ...
00:37:54 - process[2] - test - epoch 12 - mAP: 0.473 w/ 31 queries
00:37:54 - process[2]: training epoch 13 ...
00:38:08 - process[2] - epoch 13 - train iter 437 - 28000.9 words/s - loss: 0.3830
00:38:08 - process[2]: evaluating epoch 13 on dev ...
00:38:22 - dev set during evaluation: 11320/11315
00:38:22 - process[2] - dev - epoch 13 - mAP: 0.564 w/ 31 queries
00:38:22 - process[2]: evaluating epoch 13 on test ...
00:38:36 - process[2] - test - epoch 13 - mAP: 0.466 w/ 31 queries
00:38:36 - process[2]: training epoch 14 ...
00:38:50 - process[2] - epoch 14 - train iter 437 - 27954.7 words/s - loss: 0.3459
00:38:50 - process[2]: evaluating epoch 14 on dev ...
00:39:06 - dev set during evaluation: 11320/11315
00:39:06 - process[2] - dev - epoch 14 - mAP: 0.576 w/ 31 queries
00:39:06 - process[2]: evaluating epoch 14 on test ...
00:39:20 - process[2] - test - epoch 14 - mAP: 0.482 w/ 31 queries
00:39:20 - process[2]: training epoch 15 ...
00:39:33 - process[2] - epoch 15 - train iter 437 - 28220.3 words/s - loss: 0.3392
00:39:33 - process[2]: evaluating epoch 15 on dev ...
00:39:49 - dev set during evaluation: 11320/11315
00:39:49 - process[2] - dev - epoch 15 - mAP: 0.560 w/ 31 queries
00:39:49 - process[2]: training epoch 16 ...
00:40:02 - process[2] - epoch 16 - train iter 437 - 27822.5 words/s - loss: 0.3515
00:40:02 - process[2]: evaluating epoch 16 on dev ...
00:40:17 - dev set during evaluation: 11320/11315
00:40:17 - process[2] - dev - epoch 16 - mAP: 0.589 w/ 31 queries
00:40:17 - process[2]: evaluating epoch 16 on test ...
00:40:31 - process[2] - test - epoch 16 - mAP: 0.476 w/ 31 queries
00:40:31 - process[2]: training epoch 17 ...
00:40:45 - process[2] - epoch 17 - train iter 437 - 28331.2 words/s - loss: 0.3058
00:40:45 - process[2]: evaluating epoch 17 on dev ...
00:41:00 - dev set during evaluation: 11320/11315
00:41:00 - process[2] - dev - epoch 17 - mAP: 0.562 w/ 31 queries
00:41:00 - process[2]: training epoch 18 ...
00:41:13 - process[2] - epoch 18 - train iter 437 - 28378.6 words/s - loss: 0.3135
00:41:13 - process[2]: evaluating epoch 18 on dev ...
00:41:28 - dev set during evaluation: 11320/11315
00:41:28 - process[2] - dev - epoch 18 - mAP: 0.567 w/ 31 queries
00:41:28 - process[2]: training epoch 19 ...
00:41:41 - process[2] - epoch 19 - train iter 437 - 27890.5 words/s - loss: 0.3020
00:41:41 - process[2]: evaluating epoch 19 on dev ...
00:41:57 - dev set during evaluation: 11320/11315
00:41:57 - process[2] - dev - epoch 19 - mAP: 0.580 w/ 31 queries
00:41:57 - [fold 5] best test MAP: 0.476 @ epoch 16
00:41:57 - [0.4889750868364454, 0.5602921851712559, 0.5488136806845826, 0.5679801391791126, 0.4756326615194562]
00:41:57 - [31, 32, 31, 31, 31]
00:41:57 - final MAP: 0.529
