00:00:05 - Namespace(apex_level='O2', batch_size=8, cased=False, dataset='clef', debug=False, encoder_lr=2e-05, eval_step=1, full_doc_length=True, local_rank=8, model_path='/mnt/scratch/puxuan/short_qlm_doc/2186796/huggingface-14', model_type='mbert', num_epochs=20, num_ft_encoders=3, num_neg=1, projector_lr=2e-05, seed=611, source_lang='fr', target_lang='en')
00:00:14 - Evaluating every 1 epochs ...
00:00:14 - reading data from /mnt/home/puxuan/CLIR-project/Evaluation_data/process-clef/uncased
00:00:15 - test has 35 queries ...
00:00:15 - Data reading done ...
00:00:21 - adding 9-th encoder to optimizer...
00:00:21 - adding 10-th encoder to optimizer...
00:00:21 - adding 11-th encoder to optimizer...
00:00:22 - process[8]: training epoch 0 ...
00:00:33 - process[8] - epoch 0 - train iter 197 - 15379.5 words/s - loss: 0.6914
00:00:33 - process[8]: training epoch 1 ...
00:00:44 - process[8] - epoch 1 - train iter 197 - 17711.5 words/s - loss: 0.6388
00:00:44 - process[8]: training epoch 2 ...
00:00:55 - process[8] - epoch 2 - train iter 197 - 16038.2 words/s - loss: 0.6113
00:00:55 - process[8]: training epoch 3 ...
00:01:05 - process[8] - epoch 3 - train iter 197 - 16451.6 words/s - loss: 0.5849
00:01:05 - process[8]: training epoch 4 ...
00:01:17 - process[8] - epoch 4 - train iter 197 - 15178.5 words/s - loss: 0.5206
00:01:17 - process[8]: training epoch 5 ...
00:01:27 - process[8] - epoch 5 - train iter 197 - 17322.5 words/s - loss: 0.5356
00:01:27 - process[8]: training epoch 6 ...
00:01:39 - process[8] - epoch 6 - train iter 197 - 15450.2 words/s - loss: 0.5388
00:01:39 - process[8]: training epoch 7 ...
00:01:49 - process[8] - epoch 7 - train iter 197 - 17364.9 words/s - loss: 0.4726
00:01:49 - process[8]: training epoch 8 ...
00:02:02 - process[8] - epoch 8 - train iter 197 - 13983.4 words/s - loss: 0.5212
00:02:02 - process[8]: training epoch 9 ...
00:02:13 - process[8] - epoch 9 - train iter 197 - 16414.2 words/s - loss: 0.5032
00:02:13 - process[8]: training epoch 10 ...
00:02:23 - process[8] - epoch 10 - train iter 197 - 18072.1 words/s - loss: 0.4599
00:02:23 - process[8]: evaluating epoch 10 on dev ...
00:03:13 - dev set during evaluation: 14160/14157
00:03:13 - process[8] - dev - epoch 10 - mAP: 0.385 w/ 35 queries
00:03:13 - process[8]: evaluating epoch 10 on test ...
00:03:54 - test set during evaluation: 14980/14975
00:03:54 - process[8] - test - epoch 10 - mAP: 0.357 w/ 35 queries
00:03:54 - process[8]: training epoch 11 ...
00:04:04 - process[8] - epoch 11 - train iter 197 - 17261.5 words/s - loss: 0.4571
00:04:04 - process[8]: evaluating epoch 11 on dev ...
00:04:50 - dev set during evaluation: 14160/14157
00:04:50 - process[8] - dev - epoch 11 - mAP: 0.378 w/ 35 queries
00:04:50 - process[8]: training epoch 12 ...
00:05:03 - process[8] - epoch 12 - train iter 197 - 14721.8 words/s - loss: 0.4205
00:05:03 - process[8]: evaluating epoch 12 on dev ...
00:05:45 - dev set during evaluation: 14160/14157
00:05:45 - process[8] - dev - epoch 12 - mAP: 0.386 w/ 35 queries
00:05:45 - process[8]: evaluating epoch 12 on test ...
00:06:26 - test set during evaluation: 14980/14975
00:06:26 - process[8] - test - epoch 12 - mAP: 0.398 w/ 35 queries
00:06:26 - process[8]: training epoch 13 ...
00:06:36 - process[8] - epoch 13 - train iter 197 - 16954.2 words/s - loss: 0.4407
00:06:36 - process[8]: evaluating epoch 13 on dev ...
00:07:23 - dev set during evaluation: 14160/14157
00:07:23 - process[8] - dev - epoch 13 - mAP: 0.427 w/ 35 queries
00:07:23 - process[8]: evaluating epoch 13 on test ...
00:08:04 - test set during evaluation: 14980/14975
00:08:04 - process[8] - test - epoch 13 - mAP: 0.429 w/ 35 queries
00:08:04 - process[8]: training epoch 14 ...
00:08:16 - process[8] - epoch 14 - train iter 197 - 15137.8 words/s - loss: 0.4420
00:08:16 - process[8]: evaluating epoch 14 on dev ...
00:08:59 - dev set during evaluation: 14160/14157
00:09:00 - process[8] - dev - epoch 14 - mAP: 0.404 w/ 35 queries
00:09:00 - process[8]: training epoch 15 ...
00:09:10 - process[8] - epoch 15 - train iter 197 - 16561.1 words/s - loss: 0.4171
00:09:10 - process[8]: evaluating epoch 15 on dev ...
00:09:55 - dev set during evaluation: 14160/14157
00:09:55 - process[8] - dev - epoch 15 - mAP: 0.394 w/ 35 queries
00:09:55 - process[8]: training epoch 16 ...
00:10:07 - process[8] - epoch 16 - train iter 197 - 15392.7 words/s - loss: 0.4175
00:10:07 - process[8]: evaluating epoch 16 on dev ...
00:10:51 - dev set during evaluation: 14160/14157
00:10:51 - process[8] - dev - epoch 16 - mAP: 0.392 w/ 35 queries
00:10:51 - process[8]: training epoch 17 ...
00:11:02 - process[8] - epoch 17 - train iter 197 - 16802.5 words/s - loss: 0.4679
00:11:02 - process[8]: evaluating epoch 17 on dev ...
00:11:47 - dev set during evaluation: 14160/14157
00:11:47 - process[8] - dev - epoch 17 - mAP: 0.412 w/ 35 queries
00:11:47 - process[8]: training epoch 18 ...
00:11:58 - process[8] - epoch 18 - train iter 197 - 16703.8 words/s - loss: 0.4607
00:11:58 - process[8]: evaluating epoch 18 on dev ...
00:12:42 - dev set during evaluation: 14160/14157
00:12:42 - process[8] - dev - epoch 18 - mAP: 0.420 w/ 35 queries
00:12:42 - process[8]: training epoch 19 ...
00:12:53 - process[8] - epoch 19 - train iter 197 - 17018.9 words/s - loss: 0.4074
00:12:53 - process[8]: evaluating epoch 19 on dev ...
00:13:39 - dev set during evaluation: 14160/14157
00:13:39 - process[8] - dev - epoch 19 - mAP: 0.402 w/ 35 queries
00:13:39 - [fold 1] best test MAP: 0.429 @ epoch 13
00:13:39 - Evaluating every 1 epochs ...
00:13:39 - reading data from /mnt/home/puxuan/CLIR-project/Evaluation_data/process-clef/uncased
00:13:40 - test has 36 queries ...
00:13:40 - Data reading done ...
00:13:41 - adding 9-th encoder to optimizer...
00:13:41 - adding 10-th encoder to optimizer...
00:13:41 - adding 11-th encoder to optimizer...
00:13:42 - process[8]: training epoch 0 ...
00:13:51 - process[8] - epoch 0 - train iter 187 - 17666.5 words/s - loss: 0.6900
00:13:51 - process[8]: training epoch 1 ...
00:14:02 - process[8] - epoch 1 - train iter 187 - 16826.6 words/s - loss: 0.6809
00:14:02 - process[8]: training epoch 2 ...
00:14:11 - process[8] - epoch 2 - train iter 187 - 18057.6 words/s - loss: 0.6523
00:14:11 - process[8]: training epoch 3 ...
00:14:20 - process[8] - epoch 3 - train iter 187 - 18239.1 words/s - loss: 0.6381
00:14:20 - process[8]: training epoch 4 ...
00:14:31 - process[8] - epoch 4 - train iter 187 - 16999.5 words/s - loss: 0.6148
00:14:31 - process[8]: training epoch 5 ...
00:14:41 - process[8] - epoch 5 - train iter 187 - 16229.0 words/s - loss: 0.5433
00:14:41 - process[8]: training epoch 6 ...
00:14:50 - process[8] - epoch 6 - train iter 187 - 18364.2 words/s - loss: 0.5245
00:14:50 - process[8]: training epoch 7 ...
00:15:01 - process[8] - epoch 7 - train iter 187 - 16779.9 words/s - loss: 0.5255
00:15:01 - process[8]: training epoch 8 ...
00:15:10 - process[8] - epoch 8 - train iter 187 - 17808.5 words/s - loss: 0.5428
00:15:10 - process[8]: training epoch 9 ...
00:15:20 - process[8] - epoch 9 - train iter 187 - 16982.4 words/s - loss: 0.5113
00:15:20 - process[8]: training epoch 10 ...
00:15:31 - process[8] - epoch 10 - train iter 187 - 14966.1 words/s - loss: 0.4807
00:15:31 - process[8]: evaluating epoch 10 on dev ...
00:16:16 - dev set during evaluation: 14980/14975
00:16:16 - process[8] - dev - epoch 10 - mAP: 0.413 w/ 35 queries
00:16:16 - process[8]: evaluating epoch 10 on test ...
00:16:59 - test set during evaluation: 15300/15294
00:16:59 - process[8] - test - epoch 10 - mAP: 0.398 w/ 36 queries
00:16:59 - process[8]: training epoch 11 ...
00:17:09 - process[8] - epoch 11 - train iter 187 - 16827.8 words/s - loss: 0.4802
00:17:09 - process[8]: evaluating epoch 11 on dev ...
00:17:50 - dev set during evaluation: 14980/14975
00:17:51 - process[8] - dev - epoch 11 - mAP: 0.320 w/ 35 queries
00:17:51 - process[8]: training epoch 12 ...
00:18:01 - process[8] - epoch 12 - train iter 187 - 16246.3 words/s - loss: 0.5071
00:18:01 - process[8]: evaluating epoch 12 on dev ...
00:18:42 - dev set during evaluation: 14980/14975
00:18:42 - process[8] - dev - epoch 12 - mAP: 0.362 w/ 35 queries
00:18:42 - process[8]: training epoch 13 ...
00:18:52 - process[8] - epoch 13 - train iter 187 - 16723.1 words/s - loss: 0.4555
00:18:52 - process[8]: evaluating epoch 13 on dev ...
00:19:34 - dev set during evaluation: 14980/14975
00:19:34 - process[8] - dev - epoch 13 - mAP: 0.396 w/ 35 queries
00:19:34 - process[8]: training epoch 14 ...
00:19:44 - process[8] - epoch 14 - train iter 187 - 16154.4 words/s - loss: 0.4927
00:19:44 - process[8]: evaluating epoch 14 on dev ...
00:20:25 - dev set during evaluation: 14980/14975
00:20:25 - process[8] - dev - epoch 14 - mAP: 0.401 w/ 35 queries
00:20:25 - process[8]: training epoch 15 ...
00:20:35 - process[8] - epoch 15 - train iter 187 - 17446.9 words/s - loss: 0.4797
00:20:35 - process[8]: evaluating epoch 15 on dev ...
00:21:16 - dev set during evaluation: 14980/14975
00:21:16 - process[8] - dev - epoch 15 - mAP: 0.365 w/ 35 queries
00:21:16 - process[8]: training epoch 16 ...
00:21:27 - process[8] - epoch 16 - train iter 187 - 16498.2 words/s - loss: 0.4315
00:21:27 - process[8]: evaluating epoch 16 on dev ...
00:22:07 - dev set during evaluation: 14980/14975
00:22:07 - process[8] - dev - epoch 16 - mAP: 0.375 w/ 35 queries
00:22:07 - process[8]: training epoch 17 ...
00:22:17 - process[8] - epoch 17 - train iter 187 - 17459.8 words/s - loss: 0.4376
00:22:17 - process[8]: evaluating epoch 17 on dev ...
00:22:58 - dev set during evaluation: 14980/14975
00:22:58 - process[8] - dev - epoch 17 - mAP: 0.422 w/ 35 queries
00:22:58 - process[8]: evaluating epoch 17 on test ...
00:23:41 - test set during evaluation: 15300/15294
00:23:41 - process[8] - test - epoch 17 - mAP: 0.397 w/ 36 queries
00:23:41 - process[8]: training epoch 18 ...
00:23:52 - process[8] - epoch 18 - train iter 187 - 15388.8 words/s - loss: 0.4513
00:23:52 - process[8]: evaluating epoch 18 on dev ...
00:24:32 - dev set during evaluation: 14980/14975
00:24:32 - process[8] - dev - epoch 18 - mAP: 0.381 w/ 35 queries
00:24:32 - process[8]: training epoch 19 ...
00:24:42 - process[8] - epoch 19 - train iter 187 - 18097.0 words/s - loss: 0.4216
00:24:42 - process[8]: evaluating epoch 19 on dev ...
00:25:23 - dev set during evaluation: 14980/14975
00:25:23 - process[8] - dev - epoch 19 - mAP: 0.397 w/ 35 queries
00:25:23 - [fold 2] best test MAP: 0.397 @ epoch 17
00:25:23 - Evaluating every 1 epochs ...
00:25:23 - reading data from /mnt/home/puxuan/CLIR-project/Evaluation_data/process-clef/uncased
00:25:24 - test has 35 queries ...
00:25:24 - Data reading done ...
00:25:26 - adding 9-th encoder to optimizer...
00:25:26 - adding 10-th encoder to optimizer...
00:25:26 - adding 11-th encoder to optimizer...
00:25:26 - process[8]: training epoch 0 ...
00:25:37 - process[8] - epoch 0 - train iter 196 - 16669.4 words/s - loss: 0.6881
00:25:37 - process[8]: training epoch 1 ...
00:25:47 - process[8] - epoch 1 - train iter 196 - 16288.5 words/s - loss: 0.6693
00:25:47 - process[8]: training epoch 2 ...
00:25:57 - process[8] - epoch 2 - train iter 196 - 17941.6 words/s - loss: 0.6313
00:25:57 - process[8]: training epoch 3 ...
00:26:06 - process[8] - epoch 3 - train iter 196 - 19220.4 words/s - loss: 0.6158
00:26:06 - process[8]: training epoch 4 ...
00:26:18 - process[8] - epoch 4 - train iter 196 - 15984.1 words/s - loss: 0.5682
00:26:18 - process[8]: training epoch 5 ...
00:26:28 - process[8] - epoch 5 - train iter 196 - 17068.5 words/s - loss: 0.5706
00:26:28 - process[8]: training epoch 6 ...
00:26:39 - process[8] - epoch 6 - train iter 196 - 16041.2 words/s - loss: 0.5674
00:26:39 - process[8]: training epoch 7 ...
00:26:49 - process[8] - epoch 7 - train iter 196 - 17393.3 words/s - loss: 0.5260
00:26:49 - process[8]: training epoch 8 ...
00:27:00 - process[8] - epoch 8 - train iter 196 - 17317.5 words/s - loss: 0.4867
00:27:00 - process[8]: training epoch 9 ...
00:27:10 - process[8] - epoch 9 - train iter 196 - 16479.6 words/s - loss: 0.5531
00:27:10 - process[8]: training epoch 10 ...
00:27:21 - process[8] - epoch 10 - train iter 196 - 16536.1 words/s - loss: 0.4770
00:27:21 - process[8]: evaluating epoch 10 on dev ...
00:28:07 - dev set during evaluation: 15300/15294
00:28:07 - process[8] - dev - epoch 10 - mAP: 0.344 w/ 36 queries
00:28:07 - process[8]: evaluating epoch 10 on test ...
00:28:50 - test set during evaluation: 15480/15477
00:28:50 - process[8] - test - epoch 10 - mAP: 0.282 w/ 35 queries
00:28:50 - process[8]: training epoch 11 ...
00:29:00 - process[8] - epoch 11 - train iter 196 - 16597.4 words/s - loss: 0.4667
00:29:00 - process[8]: evaluating epoch 11 on dev ...
00:29:43 - dev set during evaluation: 15300/15294
00:29:43 - process[8] - dev - epoch 11 - mAP: 0.363 w/ 36 queries
00:29:43 - process[8]: evaluating epoch 11 on test ...
00:30:26 - test set during evaluation: 15480/15477
00:30:26 - process[8] - test - epoch 11 - mAP: 0.311 w/ 35 queries
00:30:26 - process[8]: training epoch 12 ...
00:30:37 - process[8] - epoch 12 - train iter 196 - 15861.0 words/s - loss: 0.4878
00:30:37 - process[8]: evaluating epoch 12 on dev ...
00:31:19 - dev set during evaluation: 15300/15294
00:31:19 - process[8] - dev - epoch 12 - mAP: 0.362 w/ 36 queries
00:31:19 - process[8]: training epoch 13 ...
00:31:28 - process[8] - epoch 13 - train iter 196 - 19099.8 words/s - loss: 0.5035
00:31:28 - process[8]: evaluating epoch 13 on dev ...
00:32:12 - dev set during evaluation: 15300/15294
00:32:12 - process[8] - dev - epoch 13 - mAP: 0.365 w/ 36 queries
00:32:12 - process[8]: evaluating epoch 13 on test ...
00:32:55 - test set during evaluation: 15480/15477
00:32:55 - process[8] - test - epoch 13 - mAP: 0.329 w/ 35 queries
00:32:55 - process[8]: training epoch 14 ...
00:33:05 - process[8] - epoch 14 - train iter 196 - 18047.8 words/s - loss: 0.4968
00:33:05 - process[8]: evaluating epoch 14 on dev ...
00:33:48 - dev set during evaluation: 15300/15294
00:33:48 - process[8] - dev - epoch 14 - mAP: 0.357 w/ 36 queries
00:33:48 - process[8]: training epoch 15 ...
00:33:58 - process[8] - epoch 15 - train iter 196 - 17627.3 words/s - loss: 0.4142
00:33:58 - process[8]: evaluating epoch 15 on dev ...
00:34:40 - dev set during evaluation: 15300/15294
00:34:40 - process[8] - dev - epoch 15 - mAP: 0.376 w/ 36 queries
00:34:40 - process[8]: evaluating epoch 15 on test ...
00:35:22 - test set during evaluation: 15480/15477
00:35:22 - process[8] - test - epoch 15 - mAP: 0.336 w/ 35 queries
00:35:22 - process[8]: training epoch 16 ...
00:35:33 - process[8] - epoch 16 - train iter 196 - 16189.3 words/s - loss: 0.4385
00:35:33 - process[8]: evaluating epoch 16 on dev ...
00:36:15 - dev set during evaluation: 15300/15294
00:36:15 - process[8] - dev - epoch 16 - mAP: 0.382 w/ 36 queries
00:36:15 - process[8]: evaluating epoch 16 on test ...
00:36:58 - test set during evaluation: 15480/15477
00:36:58 - process[8] - test - epoch 16 - mAP: 0.316 w/ 35 queries
00:36:58 - process[8]: training epoch 17 ...
00:37:07 - process[8] - epoch 17 - train iter 196 - 19066.3 words/s - loss: 0.4262
00:37:07 - process[8]: evaluating epoch 17 on dev ...
00:37:51 - dev set during evaluation: 15300/15294
00:37:51 - process[8] - dev - epoch 17 - mAP: 0.407 w/ 36 queries
00:37:51 - process[8]: evaluating epoch 17 on test ...
00:38:33 - test set during evaluation: 15480/15477
00:38:33 - process[8] - test - epoch 17 - mAP: 0.321 w/ 35 queries
00:38:33 - process[8]: training epoch 18 ...
00:38:43 - process[8] - epoch 18 - train iter 196 - 18122.0 words/s - loss: 0.4783
00:38:43 - process[8]: evaluating epoch 18 on dev ...
00:39:27 - dev set during evaluation: 15300/15294
00:39:27 - process[8] - dev - epoch 18 - mAP: 0.371 w/ 36 queries
00:39:27 - process[8]: training epoch 19 ...
00:39:37 - process[8] - epoch 19 - train iter 196 - 18108.2 words/s - loss: 0.4669
00:39:37 - process[8]: evaluating epoch 19 on dev ...
00:40:20 - dev set during evaluation: 15300/15294
00:40:20 - process[8] - dev - epoch 19 - mAP: 0.372 w/ 36 queries
00:40:20 - [fold 3] best test MAP: 0.321 @ epoch 17
00:40:20 - Evaluating every 1 epochs ...
00:40:20 - reading data from /mnt/home/puxuan/CLIR-project/Evaluation_data/process-clef/uncased
00:40:21 - test has 35 queries ...
00:40:21 - Data reading done ...
00:40:23 - adding 9-th encoder to optimizer...
00:40:23 - adding 10-th encoder to optimizer...
00:40:23 - adding 11-th encoder to optimizer...
00:40:23 - process[8]: training epoch 0 ...
00:40:35 - process[8] - epoch 0 - train iter 207 - 16451.1 words/s - loss: 0.6909
00:40:35 - process[8]: training epoch 1 ...
00:40:45 - process[8] - epoch 1 - train iter 207 - 17771.2 words/s - loss: 0.6732
00:40:45 - process[8]: training epoch 2 ...
00:40:56 - process[8] - epoch 2 - train iter 207 - 17036.8 words/s - loss: 0.6298
00:40:56 - process[8]: training epoch 3 ...
00:41:09 - process[8] - epoch 3 - train iter 207 - 14539.3 words/s - loss: 0.5900
00:41:09 - process[8]: training epoch 4 ...
00:41:22 - process[8] - epoch 4 - train iter 207 - 15590.7 words/s - loss: 0.5598
00:41:22 - process[8]: training epoch 5 ...
00:41:32 - process[8] - epoch 5 - train iter 207 - 18054.9 words/s - loss: 0.5012
00:41:32 - process[8]: training epoch 6 ...
00:41:43 - process[8] - epoch 6 - train iter 207 - 17075.6 words/s - loss: 0.5249
00:41:43 - process[8]: training epoch 7 ...
00:41:53 - process[8] - epoch 7 - train iter 207 - 18604.1 words/s - loss: 0.5030
00:41:53 - process[8]: training epoch 8 ...
00:42:04 - process[8] - epoch 8 - train iter 207 - 16979.4 words/s - loss: 0.4573
00:42:04 - process[8]: training epoch 9 ...
00:42:15 - process[8] - epoch 9 - train iter 207 - 17124.8 words/s - loss: 0.4940
00:42:15 - process[8]: training epoch 10 ...
00:42:27 - process[8] - epoch 10 - train iter 207 - 16470.6 words/s - loss: 0.4877
00:42:27 - process[8]: evaluating epoch 10 on dev ...
00:43:12 - dev set during evaluation: 15480/15477
00:43:12 - process[8] - dev - epoch 10 - mAP: 0.319 w/ 35 queries
00:43:12 - process[8]: evaluating epoch 10 on test ...
00:43:55 - test set during evaluation: 14470/14463
00:43:55 - process[8] - test - epoch 10 - mAP: 0.323 w/ 35 queries
00:43:55 - process[8]: training epoch 11 ...
00:44:05 - process[8] - epoch 11 - train iter 207 - 18264.4 words/s - loss: 0.4391
00:44:05 - process[8]: evaluating epoch 11 on dev ...
00:44:48 - dev set during evaluation: 15480/15477
00:44:48 - process[8] - dev - epoch 11 - mAP: 0.335 w/ 35 queries
00:44:48 - process[8]: evaluating epoch 11 on test ...
00:45:30 - test set during evaluation: 14470/14463
00:45:30 - process[8] - test - epoch 11 - mAP: 0.377 w/ 35 queries
00:45:30 - process[8]: training epoch 12 ...
00:45:42 - process[8] - epoch 12 - train iter 207 - 15889.6 words/s - loss: 0.4482
00:45:42 - process[8]: evaluating epoch 12 on dev ...
00:46:24 - dev set during evaluation: 15480/15477
00:46:24 - process[8] - dev - epoch 12 - mAP: 0.283 w/ 35 queries
00:46:24 - process[8]: training epoch 13 ...
00:46:35 - process[8] - epoch 13 - train iter 207 - 16543.6 words/s - loss: 0.4623
00:46:35 - process[8]: evaluating epoch 13 on dev ...
00:47:17 - dev set during evaluation: 15480/15477
00:47:17 - process[8] - dev - epoch 13 - mAP: 0.292 w/ 35 queries
00:47:17 - process[8]: training epoch 14 ...
00:47:28 - process[8] - epoch 14 - train iter 207 - 17301.2 words/s - loss: 0.4655
00:47:28 - process[8]: evaluating epoch 14 on dev ...
00:48:11 - dev set during evaluation: 15480/15477
00:48:11 - process[8] - dev - epoch 14 - mAP: 0.312 w/ 35 queries
00:48:11 - process[8]: training epoch 15 ...
00:48:23 - process[8] - epoch 15 - train iter 207 - 16990.7 words/s - loss: 0.4186
00:48:23 - process[8]: evaluating epoch 15 on dev ...
00:49:04 - dev set during evaluation: 15480/15477
00:49:04 - process[8] - dev - epoch 15 - mAP: 0.303 w/ 35 queries
00:49:04 - process[8]: training epoch 16 ...
00:49:16 - process[8] - epoch 16 - train iter 207 - 15743.2 words/s - loss: 0.4233
00:49:16 - process[8]: evaluating epoch 16 on dev ...
00:49:58 - dev set during evaluation: 15480/15477
00:49:58 - process[8] - dev - epoch 16 - mAP: 0.311 w/ 35 queries
00:49:58 - process[8]: training epoch 17 ...
00:50:10 - process[8] - epoch 17 - train iter 207 - 15914.4 words/s - loss: 0.4293
00:50:10 - process[8]: evaluating epoch 17 on dev ...
00:50:52 - dev set during evaluation: 15480/15477
00:50:52 - process[8] - dev - epoch 17 - mAP: 0.357 w/ 35 queries
00:50:52 - process[8]: evaluating epoch 17 on test ...
00:51:34 - test set during evaluation: 14470/14463
00:51:34 - process[8] - test - epoch 17 - mAP: 0.358 w/ 35 queries
00:51:34 - process[8]: training epoch 18 ...
00:51:45 - process[8] - epoch 18 - train iter 207 - 17437.0 words/s - loss: 0.4393
00:51:45 - process[8]: evaluating epoch 18 on dev ...
00:52:28 - dev set during evaluation: 15480/15477
00:52:28 - process[8] - dev - epoch 18 - mAP: 0.382 w/ 35 queries
00:52:28 - process[8]: evaluating epoch 18 on test ...
00:53:10 - test set during evaluation: 14470/14463
00:53:10 - process[8] - test - epoch 18 - mAP: 0.349 w/ 35 queries
00:53:10 - process[8]: training epoch 19 ...
00:53:20 - process[8] - epoch 19 - train iter 207 - 18674.7 words/s - loss: 0.4068
00:53:20 - process[8]: evaluating epoch 19 on dev ...
00:54:03 - dev set during evaluation: 15480/15477
00:54:03 - process[8] - dev - epoch 19 - mAP: 0.357 w/ 35 queries
00:54:03 - [fold 4] best test MAP: 0.349 @ epoch 18
00:54:03 - Evaluating every 1 epochs ...
00:54:03 - reading data from /mnt/home/puxuan/CLIR-project/Evaluation_data/process-clef/uncased
00:54:04 - test has 35 queries ...
00:54:04 - Data reading done ...
00:54:06 - adding 9-th encoder to optimizer...
00:54:06 - adding 10-th encoder to optimizer...
00:54:06 - adding 11-th encoder to optimizer...
00:54:06 - process[8]: training epoch 0 ...
00:54:17 - process[8] - epoch 0 - train iter 195 - 15972.7 words/s - loss: 0.6882
00:54:17 - process[8]: training epoch 1 ...
00:54:29 - process[8] - epoch 1 - train iter 195 - 15246.0 words/s - loss: 0.6594
00:54:29 - process[8]: training epoch 2 ...
00:54:40 - process[8] - epoch 2 - train iter 195 - 15681.6 words/s - loss: 0.6004
00:54:40 - process[8]: training epoch 3 ...
00:54:51 - process[8] - epoch 3 - train iter 195 - 15631.0 words/s - loss: 0.5842
00:54:51 - process[8]: training epoch 4 ...
00:55:03 - process[8] - epoch 4 - train iter 195 - 15333.5 words/s - loss: 0.5752
00:55:03 - process[8]: training epoch 5 ...
00:55:15 - process[8] - epoch 5 - train iter 195 - 14430.1 words/s - loss: 0.5311
00:55:15 - process[8]: training epoch 6 ...
00:55:26 - process[8] - epoch 6 - train iter 195 - 15681.6 words/s - loss: 0.4784
00:55:26 - process[8]: training epoch 7 ...
00:55:37 - process[8] - epoch 7 - train iter 195 - 15949.2 words/s - loss: 0.5337
00:55:37 - process[8]: training epoch 8 ...
00:55:49 - process[8] - epoch 8 - train iter 195 - 15366.3 words/s - loss: 0.4563
00:55:49 - process[8]: training epoch 9 ...
00:55:58 - process[8] - epoch 9 - train iter 195 - 18120.3 words/s - loss: 0.5013
00:55:58 - process[8]: training epoch 10 ...
00:56:09 - process[8] - epoch 10 - train iter 195 - 15802.6 words/s - loss: 0.4666
00:56:09 - process[8]: evaluating epoch 10 on dev ...
00:56:50 - dev set during evaluation: 14470/14463
00:56:50 - process[8] - dev - epoch 10 - mAP: 0.310 w/ 35 queries
00:56:50 - process[8]: evaluating epoch 10 on test ...
00:57:35 - test set during evaluation: 14160/14157
00:57:35 - process[8] - test - epoch 10 - mAP: 0.350 w/ 35 queries
00:57:35 - process[8]: training epoch 11 ...
00:57:46 - process[8] - epoch 11 - train iter 195 - 16572.2 words/s - loss: 0.4933
00:57:46 - process[8]: evaluating epoch 11 on dev ...
00:58:30 - dev set during evaluation: 14470/14463
00:58:30 - process[8] - dev - epoch 11 - mAP: 0.372 w/ 35 queries
00:58:30 - process[8]: evaluating epoch 11 on test ...
00:59:15 - test set during evaluation: 14160/14157
00:59:15 - process[8] - test - epoch 11 - mAP: 0.396 w/ 35 queries
00:59:15 - process[8]: training epoch 12 ...
00:59:26 - process[8] - epoch 12 - train iter 195 - 16025.5 words/s - loss: 0.4749
00:59:26 - process[8]: evaluating epoch 12 on dev ...
01:00:08 - dev set during evaluation: 14470/14463
01:00:08 - process[8] - dev - epoch 12 - mAP: 0.340 w/ 35 queries
01:00:08 - process[8]: training epoch 13 ...
01:00:19 - process[8] - epoch 13 - train iter 195 - 16017.0 words/s - loss: 0.4534
01:00:19 - process[8]: evaluating epoch 13 on dev ...
01:01:00 - dev set during evaluation: 14470/14463
01:01:00 - process[8] - dev - epoch 13 - mAP: 0.344 w/ 35 queries
01:01:00 - process[8]: training epoch 14 ...
01:01:12 - process[8] - epoch 14 - train iter 195 - 15494.0 words/s - loss: 0.4326
01:01:12 - process[8]: evaluating epoch 14 on dev ...
01:01:54 - dev set during evaluation: 14470/14463
01:01:54 - process[8] - dev - epoch 14 - mAP: 0.367 w/ 35 queries
01:01:54 - process[8]: training epoch 15 ...
01:02:05 - process[8] - epoch 15 - train iter 195 - 16586.3 words/s - loss: 0.4044
01:02:05 - process[8]: evaluating epoch 15 on dev ...
01:02:46 - dev set during evaluation: 14470/14463
01:02:46 - process[8] - dev - epoch 15 - mAP: 0.349 w/ 35 queries
01:02:46 - process[8]: training epoch 16 ...
01:02:57 - process[8] - epoch 16 - train iter 195 - 16239.1 words/s - loss: 0.3971
01:02:57 - process[8]: evaluating epoch 16 on dev ...
01:03:40 - dev set during evaluation: 14470/14463
01:03:40 - process[8] - dev - epoch 16 - mAP: 0.382 w/ 35 queries
01:03:40 - process[8]: evaluating epoch 16 on test ...
01:04:25 - test set during evaluation: 14160/14157
01:04:25 - process[8] - test - epoch 16 - mAP: 0.403 w/ 35 queries
01:04:25 - process[8]: training epoch 17 ...
01:04:36 - process[8] - epoch 17 - train iter 195 - 16948.2 words/s - loss: 0.3867
01:04:36 - process[8]: evaluating epoch 17 on dev ...
01:05:19 - dev set during evaluation: 14470/14463
01:05:19 - process[8] - dev - epoch 17 - mAP: 0.360 w/ 35 queries
01:05:19 - process[8]: training epoch 18 ...
01:05:31 - process[8] - epoch 18 - train iter 195 - 14583.2 words/s - loss: 0.4873
01:05:31 - process[8]: evaluating epoch 18 on dev ...
01:06:11 - dev set during evaluation: 14470/14463
01:06:11 - process[8] - dev - epoch 18 - mAP: 0.318 w/ 35 queries
01:06:11 - process[8]: training epoch 19 ...
01:06:21 - process[8] - epoch 19 - train iter 195 - 18110.1 words/s - loss: 0.4319
01:06:21 - process[8]: evaluating epoch 19 on dev ...
01:07:04 - dev set during evaluation: 14470/14463
01:07:04 - process[8] - dev - epoch 19 - mAP: 0.380 w/ 35 queries
01:07:04 - [fold 5] best test MAP: 0.403 @ epoch 16
01:07:04 - [0.4285190005518322, 0.397071026246066, 0.32055002967174795, 0.34919134077952524, 0.4030722961989556]
01:07:04 - [35, 36, 35, 35, 35]
01:07:04 - final MAP: 0.380
00:00:06 - Namespace(apex_level='O2', batch_size=8, cased=False, dataset='clef', debug=False, encoder_lr=2e-05, eval_step=1, full_doc_length=True, local_rank=8, model_path='/mnt/scratch/puxuan/short_qlm_doc/2186796/huggingface-14', model_type='mbert', num_epochs=20, num_ft_encoders=3, num_neg=1, projector_lr=2e-05, seed=611, source_lang='fr', target_lang='en')
00:00:14 - Evaluating every 1 epochs ...
00:00:14 - reading data from /mnt/home/puxuan/CLIR-project/Evaluation_data/process-clef/uncased
00:00:15 - test has 35 queries ...
00:00:15 - Data reading done ...
00:00:21 - adding 9-th encoder to optimizer...
00:00:21 - adding 10-th encoder to optimizer...
00:00:21 - adding 11-th encoder to optimizer...
00:00:22 - process[8]: training epoch 0 ...
00:00:33 - process[8] - epoch 0 - train iter 197 - 15444.7 words/s - loss: 0.6914
00:00:33 - process[8]: training epoch 1 ...
00:00:44 - process[8] - epoch 1 - train iter 197 - 17777.2 words/s - loss: 0.6388
00:00:49 - process[8]: training epoch 2 ...
00:01:00 - process[8] - epoch 2 - train iter 197 - 15928.7 words/s - loss: 0.6113
00:01:00 - process[8]: training epoch 3 ...
00:01:10 - process[8] - epoch 3 - train iter 197 - 16497.9 words/s - loss: 0.5849
00:01:10 - process[8]: training epoch 4 ...
00:01:22 - process[8] - epoch 4 - train iter 197 - 15089.3 words/s - loss: 0.5206
00:01:22 - process[8]: training epoch 5 ...
00:01:33 - process[8] - epoch 5 - train iter 197 - 17293.0 words/s - loss: 0.5356
00:01:33 - process[8]: training epoch 6 ...
00:01:44 - process[8] - epoch 6 - train iter 197 - 15389.0 words/s - loss: 0.5388
00:01:44 - process[8]: training epoch 7 ...
00:01:55 - process[8] - epoch 7 - train iter 197 - 17389.7 words/s - loss: 0.4726
00:01:55 - process[8]: training epoch 8 ...
00:02:07 - process[8] - epoch 8 - train iter 197 - 13967.2 words/s - loss: 0.5212
00:02:07 - process[8]: training epoch 9 ...
00:02:18 - process[8] - epoch 9 - train iter 197 - 16286.8 words/s - loss: 0.5032
00:02:18 - process[8]: training epoch 10 ...
00:02:28 - process[8] - epoch 10 - train iter 197 - 18069.0 words/s - loss: 0.4599
00:02:28 - process[8]: evaluating epoch 10 on dev ...
00:03:16 - dev set during evaluation: 14160/14157
00:03:16 - process[8] - dev - epoch 10 - mAP: 0.385 w/ 35 queries
00:03:16 - process[8]: evaluating epoch 10 on test ...
00:03:57 - test set during evaluation: 14980/14975
00:03:57 - process[8] - test - epoch 10 - mAP: 0.357 w/ 35 queries
00:03:57 - process[8]: training epoch 11 ...
00:04:07 - process[8] - epoch 11 - train iter 197 - 17239.0 words/s - loss: 0.4571
00:04:07 - process[8]: evaluating epoch 11 on dev ...
00:04:54 - dev set during evaluation: 14160/14157
00:04:54 - process[8] - dev - epoch 11 - mAP: 0.378 w/ 35 queries
00:04:54 - process[8]: training epoch 12 ...
00:05:06 - process[8] - epoch 12 - train iter 197 - 14558.0 words/s - loss: 0.4205
00:05:06 - process[8]: evaluating epoch 12 on dev ...
00:05:48 - dev set during evaluation: 14160/14157
00:05:48 - process[8] - dev - epoch 12 - mAP: 0.386 w/ 35 queries
00:05:48 - process[8]: evaluating epoch 12 on test ...
00:06:30 - test set during evaluation: 14980/14975
00:06:30 - process[8] - test - epoch 12 - mAP: 0.398 w/ 35 queries
00:06:30 - process[8]: training epoch 13 ...
00:06:40 - process[8] - epoch 13 - train iter 197 - 16933.5 words/s - loss: 0.4407
00:06:40 - process[8]: evaluating epoch 13 on dev ...
00:07:26 - dev set during evaluation: 14160/14157
00:07:26 - process[8] - dev - epoch 13 - mAP: 0.427 w/ 35 queries
00:07:26 - process[8]: evaluating epoch 13 on test ...
00:08:08 - test set during evaluation: 14980/14975
00:08:08 - process[8] - test - epoch 13 - mAP: 0.429 w/ 35 queries
00:08:08 - process[8]: training epoch 14 ...
00:08:20 - process[8] - epoch 14 - train iter 197 - 15097.9 words/s - loss: 0.4420
00:08:20 - process[8]: evaluating epoch 14 on dev ...
00:09:04 - dev set during evaluation: 14160/14157
00:09:04 - process[8] - dev - epoch 14 - mAP: 0.404 w/ 35 queries
00:09:04 - process[8]: training epoch 15 ...
00:09:14 - process[8] - epoch 15 - train iter 197 - 16596.7 words/s - loss: 0.4171
00:09:14 - process[8]: evaluating epoch 15 on dev ...
00:09:59 - dev set during evaluation: 14160/14157
00:09:59 - process[8] - dev - epoch 15 - mAP: 0.394 w/ 35 queries
00:09:59 - process[8]: training epoch 16 ...
00:10:11 - process[8] - epoch 16 - train iter 197 - 15351.4 words/s - loss: 0.4175
00:10:11 - process[8]: evaluating epoch 16 on dev ...
00:10:55 - dev set during evaluation: 14160/14157
00:10:55 - process[8] - dev - epoch 16 - mAP: 0.392 w/ 35 queries
00:10:55 - process[8]: training epoch 17 ...
00:11:05 - process[8] - epoch 17 - train iter 197 - 16832.6 words/s - loss: 0.4679
00:11:05 - process[8]: evaluating epoch 17 on dev ...
00:11:51 - dev set during evaluation: 14160/14157
00:11:51 - process[8] - dev - epoch 17 - mAP: 0.412 w/ 35 queries
00:11:51 - process[8]: training epoch 18 ...
00:12:01 - process[8] - epoch 18 - train iter 197 - 16651.7 words/s - loss: 0.4607
00:12:01 - process[8]: evaluating epoch 18 on dev ...
00:12:46 - dev set during evaluation: 14160/14157
00:12:46 - process[8] - dev - epoch 18 - mAP: 0.420 w/ 35 queries
00:12:46 - process[8]: training epoch 19 ...
00:12:56 - process[8] - epoch 19 - train iter 197 - 17015.8 words/s - loss: 0.4074
00:12:56 - process[8]: evaluating epoch 19 on dev ...
00:13:42 - dev set during evaluation: 14160/14157
00:13:42 - process[8] - dev - epoch 19 - mAP: 0.402 w/ 35 queries
00:13:42 - [fold 1] best test MAP: 0.429 @ epoch 13
00:13:42 - Evaluating every 1 epochs ...
00:13:42 - reading data from /mnt/home/puxuan/CLIR-project/Evaluation_data/process-clef/uncased
00:13:43 - test has 36 queries ...
00:13:43 - Data reading done ...
00:13:44 - adding 9-th encoder to optimizer...
00:13:44 - adding 10-th encoder to optimizer...
00:13:44 - adding 11-th encoder to optimizer...
00:13:45 - process[8]: training epoch 0 ...
00:13:54 - process[8] - epoch 0 - train iter 187 - 17697.6 words/s - loss: 0.6900
00:13:54 - process[8]: training epoch 1 ...
00:14:04 - process[8] - epoch 1 - train iter 187 - 16883.8 words/s - loss: 0.6809
00:14:04 - process[8]: training epoch 2 ...
00:14:14 - process[8] - epoch 2 - train iter 187 - 18098.6 words/s - loss: 0.6523
00:14:14 - process[8]: training epoch 3 ...
00:14:23 - process[8] - epoch 3 - train iter 187 - 18365.6 words/s - loss: 0.6381
00:14:23 - process[8]: training epoch 4 ...
00:14:33 - process[8] - epoch 4 - train iter 187 - 17104.3 words/s - loss: 0.6148
00:14:33 - process[8]: training epoch 5 ...
00:14:44 - process[8] - epoch 5 - train iter 187 - 16310.6 words/s - loss: 0.5433
00:14:44 - process[8]: training epoch 6 ...
00:14:53 - process[8] - epoch 6 - train iter 187 - 18436.2 words/s - loss: 0.5245
00:14:53 - process[8]: training epoch 7 ...
00:15:03 - process[8] - epoch 7 - train iter 187 - 16866.4 words/s - loss: 0.5255
00:15:03 - process[8]: training epoch 8 ...
00:15:12 - process[8] - epoch 8 - train iter 187 - 17887.4 words/s - loss: 0.5428
00:15:12 - process[8]: training epoch 9 ...
00:15:22 - process[8] - epoch 9 - train iter 187 - 17084.7 words/s - loss: 0.5113
00:15:22 - process[8]: training epoch 10 ...
00:15:34 - process[8] - epoch 10 - train iter 187 - 15033.8 words/s - loss: 0.4807
00:15:34 - process[8]: evaluating epoch 10 on dev ...
00:16:18 - dev set during evaluation: 14980/14975
00:16:18 - process[8] - dev - epoch 10 - mAP: 0.413 w/ 35 queries
00:16:18 - process[8]: evaluating epoch 10 on test ...
00:17:02 - test set during evaluation: 15300/15294
00:17:02 - process[8] - test - epoch 10 - mAP: 0.398 w/ 36 queries
00:17:02 - process[8]: training epoch 11 ...
00:17:12 - process[8] - epoch 11 - train iter 187 - 16917.4 words/s - loss: 0.4802
00:17:12 - process[8]: evaluating epoch 11 on dev ...
00:17:54 - dev set during evaluation: 14980/14975
00:17:54 - process[8] - dev - epoch 11 - mAP: 0.320 w/ 35 queries
00:17:54 - process[8]: training epoch 12 ...
00:18:04 - process[8] - epoch 12 - train iter 187 - 16417.9 words/s - loss: 0.5071
00:18:04 - process[8]: evaluating epoch 12 on dev ...
00:18:45 - dev set during evaluation: 14980/14975
00:18:45 - process[8] - dev - epoch 12 - mAP: 0.362 w/ 35 queries
00:18:45 - process[8]: training epoch 13 ...
00:18:55 - process[8] - epoch 13 - train iter 187 - 16821.3 words/s - loss: 0.4555
00:18:55 - process[8]: evaluating epoch 13 on dev ...
00:19:37 - dev set during evaluation: 14980/14975
00:19:37 - process[8] - dev - epoch 13 - mAP: 0.396 w/ 35 queries
00:19:37 - process[8]: training epoch 14 ...
00:19:47 - process[8] - epoch 14 - train iter 187 - 16353.8 words/s - loss: 0.4927
00:19:47 - process[8]: evaluating epoch 14 on dev ...
00:20:29 - dev set during evaluation: 14980/14975
00:20:29 - process[8] - dev - epoch 14 - mAP: 0.401 w/ 35 queries
00:20:29 - process[8]: training epoch 15 ...
00:20:39 - process[8] - epoch 15 - train iter 187 - 17686.7 words/s - loss: 0.4797
00:20:39 - process[8]: evaluating epoch 15 on dev ...
00:21:21 - dev set during evaluation: 14980/14975
00:21:21 - process[8] - dev - epoch 15 - mAP: 0.365 w/ 35 queries
00:21:21 - process[8]: training epoch 16 ...
00:21:31 - process[8] - epoch 16 - train iter 187 - 16748.6 words/s - loss: 0.4315
00:21:31 - process[8]: evaluating epoch 16 on dev ...
00:22:11 - dev set during evaluation: 14980/14975
00:22:11 - process[8] - dev - epoch 16 - mAP: 0.375 w/ 35 queries
00:22:11 - process[8]: training epoch 17 ...
00:22:21 - process[8] - epoch 17 - train iter 187 - 17624.6 words/s - loss: 0.4376
00:22:21 - process[8]: evaluating epoch 17 on dev ...
00:23:02 - dev set during evaluation: 14980/14975
00:23:02 - process[8] - dev - epoch 17 - mAP: 0.422 w/ 35 queries
00:23:02 - process[8]: evaluating epoch 17 on test ...
00:23:46 - test set during evaluation: 15300/15294
00:23:46 - process[8] - test - epoch 17 - mAP: 0.397 w/ 36 queries
00:23:46 - process[8]: training epoch 18 ...
00:23:56 - process[8] - epoch 18 - train iter 187 - 15645.0 words/s - loss: 0.4513
00:23:56 - process[8]: evaluating epoch 18 on dev ...
00:24:37 - dev set during evaluation: 14980/14975
00:24:37 - process[8] - dev - epoch 18 - mAP: 0.381 w/ 35 queries
00:24:37 - process[8]: training epoch 19 ...
00:24:47 - process[8] - epoch 19 - train iter 187 - 18387.1 words/s - loss: 0.4216
00:24:47 - process[8]: evaluating epoch 19 on dev ...
00:25:29 - dev set during evaluation: 14980/14975
00:25:29 - process[8] - dev - epoch 19 - mAP: 0.397 w/ 35 queries
00:25:29 - [fold 2] best test MAP: 0.397 @ epoch 17
00:25:29 - Evaluating every 1 epochs ...
00:25:29 - reading data from /mnt/home/puxuan/CLIR-project/Evaluation_data/process-clef/uncased
00:25:29 - test has 35 queries ...
00:25:29 - Data reading done ...
00:25:31 - adding 9-th encoder to optimizer...
00:25:31 - adding 10-th encoder to optimizer...
00:25:31 - adding 11-th encoder to optimizer...
00:25:31 - process[8]: training epoch 0 ...
00:25:42 - process[8] - epoch 0 - train iter 196 - 16519.3 words/s - loss: 0.6881
00:25:42 - process[8]: training epoch 1 ...
00:25:53 - process[8] - epoch 1 - train iter 196 - 16184.5 words/s - loss: 0.6693
00:25:53 - process[8]: training epoch 2 ...
00:26:02 - process[8] - epoch 2 - train iter 196 - 17972.6 words/s - loss: 0.6313
00:26:02 - process[8]: training epoch 3 ...
00:26:12 - process[8] - epoch 3 - train iter 196 - 19262.0 words/s - loss: 0.6158
00:26:12 - process[8]: training epoch 4 ...
00:26:23 - process[8] - epoch 4 - train iter 196 - 16004.7 words/s - loss: 0.5682
00:26:23 - process[8]: training epoch 5 ...
00:26:33 - process[8] - epoch 5 - train iter 196 - 17078.7 words/s - loss: 0.5706
00:26:33 - process[8]: training epoch 6 ...
00:26:44 - process[8] - epoch 6 - train iter 196 - 16052.1 words/s - loss: 0.5674
00:26:44 - process[8]: training epoch 7 ...
00:26:54 - process[8] - epoch 7 - train iter 196 - 17352.8 words/s - loss: 0.5260
00:26:54 - process[8]: training epoch 8 ...
00:27:05 - process[8] - epoch 8 - train iter 196 - 17209.8 words/s - loss: 0.4867
00:27:05 - process[8]: training epoch 9 ...
00:27:16 - process[8] - epoch 9 - train iter 196 - 16426.8 words/s - loss: 0.5531
00:27:16 - process[8]: training epoch 10 ...
00:27:27 - process[8] - epoch 10 - train iter 196 - 16498.7 words/s - loss: 0.4770
00:27:27 - process[8]: evaluating epoch 10 on dev ...
00:28:12 - dev set during evaluation: 15300/15294
00:28:12 - process[8] - dev - epoch 10 - mAP: 0.344 w/ 36 queries
00:28:12 - process[8]: evaluating epoch 10 on test ...
00:28:55 - test set during evaluation: 15480/15477
00:28:55 - process[8] - test - epoch 10 - mAP: 0.282 w/ 35 queries
00:28:55 - process[8]: training epoch 11 ...
00:29:05 - process[8] - epoch 11 - train iter 196 - 16449.9 words/s - loss: 0.4667
00:29:05 - process[8]: evaluating epoch 11 on dev ...
00:29:51 - dev set during evaluation: 15300/15294
00:29:51 - process[8] - dev - epoch 11 - mAP: 0.363 w/ 36 queries
00:29:51 - process[8]: evaluating epoch 11 on test ...
00:30:33 - test set during evaluation: 15480/15477
00:30:33 - process[8] - test - epoch 11 - mAP: 0.311 w/ 35 queries
00:30:33 - process[8]: training epoch 12 ...
00:30:44 - process[8] - epoch 12 - train iter 196 - 15899.0 words/s - loss: 0.4878
00:30:44 - process[8]: evaluating epoch 12 on dev ...
00:31:26 - dev set during evaluation: 15300/15294
00:31:26 - process[8] - dev - epoch 12 - mAP: 0.362 w/ 36 queries
00:31:26 - process[8]: training epoch 13 ...
00:31:35 - process[8] - epoch 13 - train iter 196 - 19191.3 words/s - loss: 0.5035
00:31:35 - process[8]: evaluating epoch 13 on dev ...
00:32:20 - dev set during evaluation: 15300/15294
00:32:20 - process[8] - dev - epoch 13 - mAP: 0.365 w/ 36 queries
00:32:20 - process[8]: evaluating epoch 13 on test ...
00:33:02 - test set during evaluation: 15480/15477
00:33:02 - process[8] - test - epoch 13 - mAP: 0.329 w/ 35 queries
00:33:02 - process[8]: training epoch 14 ...
00:33:12 - process[8] - epoch 14 - train iter 196 - 18083.4 words/s - loss: 0.4968
00:33:12 - process[8]: evaluating epoch 14 on dev ...
00:33:55 - dev set during evaluation: 15300/15294
00:33:55 - process[8] - dev - epoch 14 - mAP: 0.357 w/ 36 queries
00:33:55 - process[8]: training epoch 15 ...
00:34:05 - process[8] - epoch 15 - train iter 196 - 17735.3 words/s - loss: 0.4142
00:34:05 - process[8]: evaluating epoch 15 on dev ...
00:34:48 - dev set during evaluation: 15300/15294
00:34:48 - process[8] - dev - epoch 15 - mAP: 0.376 w/ 36 queries
00:34:48 - process[8]: evaluating epoch 15 on test ...
00:35:30 - test set during evaluation: 15480/15477
00:35:30 - process[8] - test - epoch 15 - mAP: 0.336 w/ 35 queries
00:35:30 - process[8]: training epoch 16 ...
00:35:41 - process[8] - epoch 16 - train iter 196 - 16368.0 words/s - loss: 0.4385
00:35:41 - process[8]: evaluating epoch 16 on dev ...
00:36:22 - dev set during evaluation: 15300/15294
00:36:22 - process[8] - dev - epoch 16 - mAP: 0.382 w/ 36 queries
00:36:22 - process[8]: evaluating epoch 16 on test ...
00:37:04 - test set during evaluation: 15480/15477
00:37:04 - process[8] - test - epoch 16 - mAP: 0.316 w/ 35 queries
00:37:04 - process[8]: training epoch 17 ...
00:37:13 - process[8] - epoch 17 - train iter 196 - 18987.3 words/s - loss: 0.4262
00:37:13 - process[8]: evaluating epoch 17 on dev ...
00:37:57 - dev set during evaluation: 15300/15294
00:37:57 - process[8] - dev - epoch 17 - mAP: 0.407 w/ 36 queries
00:37:57 - process[8]: evaluating epoch 17 on test ...
00:38:39 - test set during evaluation: 15480/15477
00:38:39 - process[8] - test - epoch 17 - mAP: 0.321 w/ 35 queries
00:38:39 - process[8]: training epoch 18 ...
00:38:49 - process[8] - epoch 18 - train iter 196 - 18031.9 words/s - loss: 0.4783
00:38:49 - process[8]: evaluating epoch 18 on dev ...
00:39:32 - dev set during evaluation: 15300/15294
00:39:32 - process[8] - dev - epoch 18 - mAP: 0.371 w/ 36 queries
00:39:32 - process[8]: training epoch 19 ...
00:39:42 - process[8] - epoch 19 - train iter 196 - 17940.4 words/s - loss: 0.4669
00:39:42 - process[8]: evaluating epoch 19 on dev ...
00:40:25 - dev set during evaluation: 15300/15294
00:40:25 - process[8] - dev - epoch 19 - mAP: 0.372 w/ 36 queries
00:40:25 - [fold 3] best test MAP: 0.321 @ epoch 17
00:40:25 - Evaluating every 1 epochs ...
00:40:25 - reading data from /mnt/home/puxuan/CLIR-project/Evaluation_data/process-clef/uncased
00:40:26 - test has 35 queries ...
00:40:26 - Data reading done ...
00:40:27 - adding 9-th encoder to optimizer...
00:40:27 - adding 10-th encoder to optimizer...
00:40:27 - adding 11-th encoder to optimizer...
00:40:28 - process[8]: training epoch 0 ...
00:40:40 - process[8] - epoch 0 - train iter 207 - 16337.0 words/s - loss: 0.6909
00:40:40 - process[8]: training epoch 1 ...
00:40:50 - process[8] - epoch 1 - train iter 207 - 17641.8 words/s - loss: 0.6732
00:40:50 - process[8]: training epoch 2 ...
00:41:01 - process[8] - epoch 2 - train iter 207 - 16869.3 words/s - loss: 0.6298
00:41:01 - process[8]: training epoch 3 ...
00:41:15 - process[8] - epoch 3 - train iter 207 - 14414.3 words/s - loss: 0.5900
00:41:15 - process[8]: training epoch 4 ...
00:41:27 - process[8] - epoch 4 - train iter 207 - 15423.4 words/s - loss: 0.5598
00:41:27 - process[8]: training epoch 5 ...
00:41:38 - process[8] - epoch 5 - train iter 207 - 17861.1 words/s - loss: 0.5012
00:41:38 - process[8]: training epoch 6 ...
00:41:49 - process[8] - epoch 6 - train iter 207 - 16901.9 words/s - loss: 0.5249
00:41:49 - process[8]: training epoch 7 ...
00:41:59 - process[8] - epoch 7 - train iter 207 - 18454.7 words/s - loss: 0.5030
00:41:59 - process[8]: training epoch 8 ...
00:42:10 - process[8] - epoch 8 - train iter 207 - 16824.0 words/s - loss: 0.4573
00:42:10 - process[8]: training epoch 9 ...
00:42:21 - process[8] - epoch 9 - train iter 207 - 16949.6 words/s - loss: 0.4940
00:42:21 - process[8]: training epoch 10 ...
00:42:33 - process[8] - epoch 10 - train iter 207 - 16355.5 words/s - loss: 0.4877
00:42:33 - process[8]: evaluating epoch 10 on dev ...
00:43:17 - dev set during evaluation: 15480/15477
00:43:17 - process[8] - dev - epoch 10 - mAP: 0.319 w/ 35 queries
00:43:17 - process[8]: evaluating epoch 10 on test ...
00:44:00 - test set during evaluation: 14470/14463
00:44:00 - process[8] - test - epoch 10 - mAP: 0.323 w/ 35 queries
00:44:00 - process[8]: training epoch 11 ...
00:44:10 - process[8] - epoch 11 - train iter 207 - 18213.2 words/s - loss: 0.4391
00:44:10 - process[8]: evaluating epoch 11 on dev ...
00:44:53 - dev set during evaluation: 15480/15477
00:44:53 - process[8] - dev - epoch 11 - mAP: 0.335 w/ 35 queries
00:44:53 - process[8]: evaluating epoch 11 on test ...
00:45:35 - test set during evaluation: 14470/14463
00:45:35 - process[8] - test - epoch 11 - mAP: 0.377 w/ 35 queries
00:45:35 - process[8]: training epoch 12 ...
00:45:47 - process[8] - epoch 12 - train iter 207 - 16026.0 words/s - loss: 0.4482
00:45:47 - process[8]: evaluating epoch 12 on dev ...
00:46:29 - dev set during evaluation: 15480/15477
00:46:29 - process[8] - dev - epoch 12 - mAP: 0.283 w/ 35 queries
00:46:29 - process[8]: training epoch 13 ...
00:46:40 - process[8] - epoch 13 - train iter 207 - 16684.0 words/s - loss: 0.4623
00:46:40 - process[8]: evaluating epoch 13 on dev ...
00:47:22 - dev set during evaluation: 15480/15477
00:47:22 - process[8] - dev - epoch 13 - mAP: 0.292 w/ 35 queries
00:47:22 - process[8]: training epoch 14 ...
00:47:33 - process[8] - epoch 14 - train iter 207 - 17393.9 words/s - loss: 0.4655
00:47:33 - process[8]: evaluating epoch 14 on dev ...
00:48:16 - dev set during evaluation: 15480/15477
00:48:16 - process[8] - dev - epoch 14 - mAP: 0.312 w/ 35 queries
00:48:16 - process[8]: training epoch 15 ...
00:48:27 - process[8] - epoch 15 - train iter 207 - 17050.8 words/s - loss: 0.4186
00:48:27 - process[8]: evaluating epoch 15 on dev ...
00:49:08 - dev set during evaluation: 15480/15477
00:49:08 - process[8] - dev - epoch 15 - mAP: 0.303 w/ 35 queries
00:49:08 - process[8]: training epoch 16 ...
00:49:20 - process[8] - epoch 16 - train iter 207 - 15826.7 words/s - loss: 0.4233
00:49:20 - process[8]: evaluating epoch 16 on dev ...
00:50:02 - dev set during evaluation: 15480/15477
00:50:02 - process[8] - dev - epoch 16 - mAP: 0.311 w/ 35 queries
00:50:02 - process[8]: training epoch 17 ...
00:50:14 - process[8] - epoch 17 - train iter 207 - 15940.2 words/s - loss: 0.4293
00:50:14 - process[8]: evaluating epoch 17 on dev ...
00:50:56 - dev set during evaluation: 15480/15477
00:50:56 - process[8] - dev - epoch 17 - mAP: 0.357 w/ 35 queries
00:50:56 - process[8]: evaluating epoch 17 on test ...
00:51:38 - test set during evaluation: 14470/14463
00:51:38 - process[8] - test - epoch 17 - mAP: 0.358 w/ 35 queries
00:51:38 - process[8]: training epoch 18 ...
00:51:49 - process[8] - epoch 18 - train iter 207 - 17372.6 words/s - loss: 0.4393
00:51:49 - process[8]: evaluating epoch 18 on dev ...
00:52:32 - dev set during evaluation: 15480/15477
00:52:32 - process[8] - dev - epoch 18 - mAP: 0.382 w/ 35 queries
00:52:32 - process[8]: evaluating epoch 18 on test ...
00:53:14 - test set during evaluation: 14470/14463
00:53:14 - process[8] - test - epoch 18 - mAP: 0.349 w/ 35 queries
00:53:14 - process[8]: training epoch 19 ...
00:53:23 - process[8] - epoch 19 - train iter 207 - 18857.1 words/s - loss: 0.4068
00:53:23 - process[8]: evaluating epoch 19 on dev ...
00:54:07 - dev set during evaluation: 15480/15477
00:54:07 - process[8] - dev - epoch 19 - mAP: 0.357 w/ 35 queries
00:54:07 - [fold 4] best test MAP: 0.349 @ epoch 18
00:54:07 - Evaluating every 1 epochs ...
00:54:07 - reading data from /mnt/home/puxuan/CLIR-project/Evaluation_data/process-clef/uncased
00:54:08 - test has 35 queries ...
00:54:08 - Data reading done ...
00:54:09 - adding 9-th encoder to optimizer...
00:54:09 - adding 10-th encoder to optimizer...
00:54:09 - adding 11-th encoder to optimizer...
00:54:10 - process[8]: training epoch 0 ...
00:54:21 - process[8] - epoch 0 - train iter 195 - 16044.9 words/s - loss: 0.6882
00:54:21 - process[8]: training epoch 1 ...
00:54:32 - process[8] - epoch 1 - train iter 195 - 15332.8 words/s - loss: 0.6594
00:54:32 - process[8]: training epoch 2 ...
00:54:43 - process[8] - epoch 2 - train iter 195 - 15781.3 words/s - loss: 0.6004
00:54:43 - process[8]: training epoch 3 ...
00:54:54 - process[8] - epoch 3 - train iter 195 - 15741.6 words/s - loss: 0.5842
00:54:54 - process[8]: training epoch 4 ...
00:55:06 - process[8] - epoch 4 - train iter 195 - 15435.7 words/s - loss: 0.5752
00:55:06 - process[8]: training epoch 5 ...
00:55:18 - process[8] - epoch 5 - train iter 195 - 14533.7 words/s - loss: 0.5311
00:55:18 - process[8]: training epoch 6 ...
00:55:29 - process[8] - epoch 6 - train iter 195 - 15827.6 words/s - loss: 0.4784
00:55:29 - process[8]: training epoch 7 ...
00:55:40 - process[8] - epoch 7 - train iter 195 - 16033.6 words/s - loss: 0.5337
00:55:40 - process[8]: training epoch 8 ...
00:55:51 - process[8] - epoch 8 - train iter 195 - 15420.0 words/s - loss: 0.4563
00:55:51 - process[8]: training epoch 9 ...
00:56:01 - process[8] - epoch 9 - train iter 195 - 18198.7 words/s - loss: 0.5013
00:56:01 - process[8]: training epoch 10 ...
00:56:12 - process[8] - epoch 10 - train iter 195 - 15895.8 words/s - loss: 0.4666
00:56:12 - process[8]: evaluating epoch 10 on dev ...
00:56:52 - dev set during evaluation: 14470/14463
00:56:52 - process[8] - dev - epoch 10 - mAP: 0.310 w/ 35 queries
00:56:52 - process[8]: evaluating epoch 10 on test ...
00:57:38 - test set during evaluation: 14160/14157
00:57:38 - process[8] - test - epoch 10 - mAP: 0.350 w/ 35 queries
00:57:38 - process[8]: training epoch 11 ...
00:57:49 - process[8] - epoch 11 - train iter 195 - 16524.9 words/s - loss: 0.4933
00:57:49 - process[8]: evaluating epoch 11 on dev ...
00:58:33 - dev set during evaluation: 14470/14463
00:58:33 - process[8] - dev - epoch 11 - mAP: 0.372 w/ 35 queries
00:58:33 - process[8]: evaluating epoch 11 on test ...
00:59:18 - test set during evaluation: 14160/14157
00:59:18 - process[8] - test - epoch 11 - mAP: 0.396 w/ 35 queries
00:59:18 - process[8]: training epoch 12 ...
00:59:29 - process[8] - epoch 12 - train iter 195 - 16106.3 words/s - loss: 0.4749
00:59:29 - process[8]: evaluating epoch 12 on dev ...
01:00:11 - dev set during evaluation: 14470/14463
01:00:11 - process[8] - dev - epoch 12 - mAP: 0.340 w/ 35 queries
01:00:11 - process[8]: training epoch 13 ...
01:00:21 - process[8] - epoch 13 - train iter 195 - 16078.1 words/s - loss: 0.4534
01:00:21 - process[8]: evaluating epoch 13 on dev ...
01:01:04 - dev set during evaluation: 14470/14463
01:01:04 - process[8] - dev - epoch 13 - mAP: 0.344 w/ 35 queries
01:01:04 - process[8]: training epoch 14 ...
01:01:16 - process[8] - epoch 14 - train iter 195 - 15650.7 words/s - loss: 0.4326
01:01:16 - process[8]: evaluating epoch 14 on dev ...
01:01:58 - dev set during evaluation: 14470/14463
01:01:58 - process[8] - dev - epoch 14 - mAP: 0.367 w/ 35 queries
01:01:58 - process[8]: training epoch 15 ...
01:02:09 - process[8] - epoch 15 - train iter 195 - 16610.8 words/s - loss: 0.4044
01:02:09 - process[8]: evaluating epoch 15 on dev ...
01:02:51 - dev set during evaluation: 14470/14463
01:02:51 - process[8] - dev - epoch 15 - mAP: 0.349 w/ 35 queries
01:02:51 - process[8]: training epoch 16 ...
01:03:02 - process[8] - epoch 16 - train iter 195 - 16268.0 words/s - loss: 0.3971
01:03:02 - process[8]: evaluating epoch 16 on dev ...
01:03:57 - dev set during evaluation: 14470/14463
01:03:57 - process[8] - dev - epoch 16 - mAP: 0.382 w/ 35 queries
01:03:57 - process[8]: evaluating epoch 16 on test ...
01:04:42 - test set during evaluation: 14160/14157
01:04:42 - process[8] - test - epoch 16 - mAP: 0.403 w/ 35 queries
01:04:42 - process[8]: training epoch 17 ...
01:04:53 - process[8] - epoch 17 - train iter 195 - 17060.0 words/s - loss: 0.3867
01:04:53 - process[8]: evaluating epoch 17 on dev ...
01:05:36 - dev set during evaluation: 14470/14463
01:05:36 - process[8] - dev - epoch 17 - mAP: 0.360 w/ 35 queries
01:05:36 - process[8]: training epoch 18 ...
01:05:48 - process[8] - epoch 18 - train iter 195 - 14728.7 words/s - loss: 0.4873
01:05:48 - process[8]: evaluating epoch 18 on dev ...
01:06:28 - dev set during evaluation: 14470/14463
01:06:28 - process[8] - dev - epoch 18 - mAP: 0.318 w/ 35 queries
01:06:28 - process[8]: training epoch 19 ...
01:06:38 - process[8] - epoch 19 - train iter 195 - 18301.2 words/s - loss: 0.4319
01:06:38 - process[8]: evaluating epoch 19 on dev ...
01:07:22 - dev set during evaluation: 14470/14463
01:07:22 - process[8] - dev - epoch 19 - mAP: 0.380 w/ 35 queries
01:07:22 - [fold 5] best test MAP: 0.403 @ epoch 16
01:07:22 - [0.4285190005518322, 0.397071026246066, 0.32055002967174795, 0.34919134077952524, 0.4030722961989556]
01:07:22 - [35, 36, 35, 35, 35]
01:07:22 - final MAP: 0.380
