00:00:06 - Namespace(apex_level='O2', batch_size=8, cased=False, dataset='clef', debug=False, encoder_lr=2e-05, eval_step=1, full_doc_length=True, local_rank=3, model_path='/mnt/scratch/puxuan/short_qlm_doc/2186796/huggingface-4', model_type='mbert', num_epochs=20, num_ft_encoders=3, num_neg=1, projector_lr=2e-05, seed=611, source_lang='de', target_lang='fr')
00:00:16 - Evaluating every 1 epochs ...
00:00:16 - reading data from /mnt/home/puxuan/CLIR-project/Evaluation_data/process-clef/uncased
00:00:17 - test has 37 queries ...
00:00:17 - Data reading done ...
00:00:24 - adding 9-th encoder to optimizer...
00:00:24 - adding 10-th encoder to optimizer...
00:00:24 - adding 11-th encoder to optimizer...
00:00:24 - process[3]: training epoch 0 ...
00:00:34 - process[3] - epoch 0 - train iter 241 - 20251.1 words/s - loss: 0.6895
00:00:34 - process[3]: training epoch 1 ...
00:00:43 - process[3] - epoch 1 - train iter 241 - 21961.4 words/s - loss: 0.6785
00:00:43 - process[3]: training epoch 2 ...
00:00:52 - process[3] - epoch 2 - train iter 241 - 21237.2 words/s - loss: 0.6435
00:00:52 - process[3]: training epoch 3 ...
00:01:01 - process[3] - epoch 3 - train iter 241 - 22306.8 words/s - loss: 0.6353
00:01:01 - process[3]: training epoch 4 ...
00:01:10 - process[3] - epoch 4 - train iter 241 - 21936.9 words/s - loss: 0.6246
00:01:10 - process[3]: training epoch 5 ...
00:01:19 - process[3] - epoch 5 - train iter 241 - 22154.5 words/s - loss: 0.6261
00:01:19 - process[3]: training epoch 6 ...
00:01:27 - process[3] - epoch 6 - train iter 241 - 22913.3 words/s - loss: 0.5982
00:01:27 - process[3]: training epoch 7 ...
00:01:36 - process[3] - epoch 7 - train iter 241 - 22725.3 words/s - loss: 0.5838
00:01:36 - process[3]: training epoch 8 ...
00:01:44 - process[3] - epoch 8 - train iter 241 - 22178.2 words/s - loss: 0.4979
00:01:44 - process[3]: training epoch 9 ...
00:01:53 - process[3] - epoch 9 - train iter 241 - 22091.8 words/s - loss: 0.5105
00:01:53 - process[3]: training epoch 10 ...
00:02:02 - process[3] - epoch 10 - train iter 241 - 21807.6 words/s - loss: 0.4931
00:02:02 - process[3]: evaluating epoch 10 on dev ...
00:02:25 - process[3] - dev - epoch 10 - mAP: 0.303 w/ 37 queries
00:02:25 - process[3]: evaluating epoch 10 on test ...
00:02:44 - test set during evaluation: 11380/11372
00:02:44 - process[3] - test - epoch 10 - mAP: 0.333 w/ 37 queries
00:02:44 - process[3]: training epoch 11 ...
00:02:53 - process[3] - epoch 11 - train iter 241 - 21970.2 words/s - loss: 0.5171
00:02:53 - process[3]: evaluating epoch 11 on dev ...
00:03:12 - process[3] - dev - epoch 11 - mAP: 0.297 w/ 37 queries
00:03:12 - process[3]: training epoch 12 ...
00:03:20 - process[3] - epoch 12 - train iter 241 - 22959.3 words/s - loss: 0.4969
00:03:20 - process[3]: evaluating epoch 12 on dev ...
00:03:39 - process[3] - dev - epoch 12 - mAP: 0.343 w/ 37 queries
00:03:39 - process[3]: evaluating epoch 12 on test ...
00:03:58 - test set during evaluation: 11380/11372
00:03:58 - process[3] - test - epoch 12 - mAP: 0.373 w/ 37 queries
00:03:58 - process[3]: training epoch 13 ...
00:04:07 - process[3] - epoch 13 - train iter 241 - 21695.0 words/s - loss: 0.4899
00:04:07 - process[3]: evaluating epoch 13 on dev ...
00:04:25 - process[3] - dev - epoch 13 - mAP: 0.341 w/ 37 queries
00:04:25 - process[3]: training epoch 14 ...
00:04:34 - process[3] - epoch 14 - train iter 241 - 22163.1 words/s - loss: 0.5550
00:04:34 - process[3]: evaluating epoch 14 on dev ...
00:04:53 - process[3] - dev - epoch 14 - mAP: 0.312 w/ 37 queries
00:04:53 - process[3]: training epoch 15 ...
00:05:02 - process[3] - epoch 15 - train iter 241 - 22062.2 words/s - loss: 0.5345
00:05:02 - process[3]: evaluating epoch 15 on dev ...
00:05:20 - process[3] - dev - epoch 15 - mAP: 0.329 w/ 37 queries
00:05:20 - process[3]: training epoch 16 ...
00:05:30 - process[3] - epoch 16 - train iter 241 - 20891.3 words/s - loss: 0.4866
00:05:30 - process[3]: evaluating epoch 16 on dev ...
00:05:48 - process[3] - dev - epoch 16 - mAP: 0.324 w/ 37 queries
00:05:48 - process[3]: training epoch 17 ...
00:05:57 - process[3] - epoch 17 - train iter 241 - 22035.6 words/s - loss: 0.4829
00:05:57 - process[3]: evaluating epoch 17 on dev ...
00:06:15 - process[3] - dev - epoch 17 - mAP: 0.351 w/ 37 queries
00:06:15 - process[3]: evaluating epoch 17 on test ...
00:06:34 - test set during evaluation: 11380/11372
00:06:34 - process[3] - test - epoch 17 - mAP: 0.363 w/ 37 queries
00:06:34 - process[3]: training epoch 18 ...
00:06:43 - process[3] - epoch 18 - train iter 241 - 22144.5 words/s - loss: 0.4943
00:06:43 - process[3]: evaluating epoch 18 on dev ...
00:07:01 - process[3] - dev - epoch 18 - mAP: 0.350 w/ 37 queries
00:07:01 - process[3]: training epoch 19 ...
00:07:10 - process[3] - epoch 19 - train iter 241 - 22448.8 words/s - loss: 0.5035
00:07:10 - process[3]: evaluating epoch 19 on dev ...
00:07:29 - process[3] - dev - epoch 19 - mAP: 0.314 w/ 37 queries
00:07:29 - [fold 1] best test MAP: 0.363 @ epoch 17
00:07:29 - Evaluating every 1 epochs ...
00:07:29 - reading data from /mnt/home/puxuan/CLIR-project/Evaluation_data/process-clef/uncased
00:07:29 - test has 37 queries ...
00:07:29 - Data reading done ...
00:07:30 - adding 9-th encoder to optimizer...
00:07:30 - adding 10-th encoder to optimizer...
00:07:30 - adding 11-th encoder to optimizer...
00:07:31 - process[3]: training epoch 0 ...
00:07:41 - process[3] - epoch 0 - train iter 276 - 21698.1 words/s - loss: 0.6899
00:07:41 - process[3]: training epoch 1 ...
00:07:53 - process[3] - epoch 1 - train iter 276 - 19394.6 words/s - loss: 0.6774
00:07:53 - process[3]: training epoch 2 ...
00:08:04 - process[3] - epoch 2 - train iter 276 - 20728.7 words/s - loss: 0.6669
00:08:04 - process[3]: training epoch 3 ...
00:08:15 - process[3] - epoch 3 - train iter 276 - 19995.5 words/s - loss: 0.6701
00:08:15 - process[3]: training epoch 4 ...
00:08:26 - process[3] - epoch 4 - train iter 276 - 20991.0 words/s - loss: 0.6483
00:08:26 - process[3]: training epoch 5 ...
00:08:37 - process[3] - epoch 5 - train iter 276 - 20477.8 words/s - loss: 0.6370
00:08:37 - process[3]: training epoch 6 ...
00:08:48 - process[3] - epoch 6 - train iter 276 - 20728.4 words/s - loss: 0.6137
00:08:48 - process[3]: training epoch 7 ...
00:08:58 - process[3] - epoch 7 - train iter 276 - 22084.5 words/s - loss: 0.5669
00:08:58 - process[3]: training epoch 8 ...
00:09:09 - process[3] - epoch 8 - train iter 276 - 21895.9 words/s - loss: 0.5640
00:09:09 - process[3]: training epoch 9 ...
00:09:20 - process[3] - epoch 9 - train iter 276 - 21217.4 words/s - loss: 0.5567
00:09:20 - process[3]: training epoch 10 ...
00:09:31 - process[3] - epoch 10 - train iter 276 - 20991.0 words/s - loss: 0.5347
00:09:31 - process[3]: evaluating epoch 10 on dev ...
00:09:51 - dev set during evaluation: 11380/11372
00:09:51 - process[3] - dev - epoch 10 - mAP: 0.318 w/ 37 queries
00:09:51 - process[3]: evaluating epoch 10 on test ...
00:10:08 - process[3] - test - epoch 10 - mAP: 0.294 w/ 37 queries
00:10:08 - process[3]: training epoch 11 ...
00:10:20 - process[3] - epoch 11 - train iter 276 - 20554.9 words/s - loss: 0.5241
00:10:20 - process[3]: evaluating epoch 11 on dev ...
00:10:38 - dev set during evaluation: 11380/11372
00:10:38 - process[3] - dev - epoch 11 - mAP: 0.330 w/ 37 queries
00:10:38 - process[3]: evaluating epoch 11 on test ...
00:10:56 - process[3] - test - epoch 11 - mAP: 0.293 w/ 37 queries
00:10:56 - process[3]: training epoch 12 ...
00:11:07 - process[3] - epoch 12 - train iter 276 - 20521.3 words/s - loss: 0.5193
00:11:07 - process[3]: evaluating epoch 12 on dev ...
00:11:25 - dev set during evaluation: 11380/11372
00:11:25 - process[3] - dev - epoch 12 - mAP: 0.325 w/ 37 queries
00:11:25 - process[3]: training epoch 13 ...
00:11:36 - process[3] - epoch 13 - train iter 276 - 20627.7 words/s - loss: 0.5491
00:11:36 - process[3]: evaluating epoch 13 on dev ...
00:11:55 - dev set during evaluation: 11380/11372
00:11:55 - process[3] - dev - epoch 13 - mAP: 0.347 w/ 37 queries
00:11:55 - process[3]: evaluating epoch 13 on test ...
00:12:12 - process[3] - test - epoch 13 - mAP: 0.302 w/ 37 queries
00:12:12 - process[3]: training epoch 14 ...
00:12:23 - process[3] - epoch 14 - train iter 276 - 20552.8 words/s - loss: 0.4969
00:12:23 - process[3]: evaluating epoch 14 on dev ...
00:12:41 - dev set during evaluation: 11380/11372
00:12:41 - process[3] - dev - epoch 14 - mAP: 0.334 w/ 37 queries
00:12:41 - process[3]: training epoch 15 ...
00:12:52 - process[3] - epoch 15 - train iter 276 - 20266.3 words/s - loss: 0.4932
00:12:52 - process[3]: evaluating epoch 15 on dev ...
00:13:10 - dev set during evaluation: 11380/11372
00:13:10 - process[3] - dev - epoch 15 - mAP: 0.320 w/ 37 queries
00:13:10 - process[3]: training epoch 16 ...
00:13:21 - process[3] - epoch 16 - train iter 276 - 22286.4 words/s - loss: 0.5021
00:13:21 - process[3]: evaluating epoch 16 on dev ...
00:13:40 - dev set during evaluation: 11380/11372
00:13:40 - process[3] - dev - epoch 16 - mAP: 0.304 w/ 37 queries
00:13:40 - process[3]: training epoch 17 ...
00:13:50 - process[3] - epoch 17 - train iter 276 - 21849.8 words/s - loss: 0.5269
00:13:50 - process[3]: evaluating epoch 17 on dev ...
00:14:10 - dev set during evaluation: 11380/11372
00:14:10 - process[3] - dev - epoch 17 - mAP: 0.310 w/ 37 queries
00:14:10 - process[3]: training epoch 18 ...
00:14:21 - process[3] - epoch 18 - train iter 276 - 20435.3 words/s - loss: 0.4943
00:14:21 - process[3]: evaluating epoch 18 on dev ...
00:14:39 - dev set during evaluation: 11380/11372
00:14:39 - process[3] - dev - epoch 18 - mAP: 0.315 w/ 37 queries
00:14:39 - process[3]: training epoch 19 ...
00:14:50 - process[3] - epoch 19 - train iter 276 - 20423.0 words/s - loss: 0.5333
00:14:50 - process[3]: evaluating epoch 19 on dev ...
00:15:09 - dev set during evaluation: 11380/11372
00:15:09 - process[3] - dev - epoch 19 - mAP: 0.320 w/ 37 queries
00:15:09 - [fold 2] best test MAP: 0.302 @ epoch 13
00:15:09 - Evaluating every 1 epochs ...
00:15:09 - reading data from /mnt/home/puxuan/CLIR-project/Evaluation_data/process-clef/uncased
00:15:10 - test has 37 queries ...
00:15:10 - Data reading done ...
00:15:11 - adding 9-th encoder to optimizer...
00:15:11 - adding 10-th encoder to optimizer...
00:15:11 - adding 11-th encoder to optimizer...
00:15:12 - process[3]: training epoch 0 ...
00:15:21 - process[3] - epoch 0 - train iter 240 - 20905.1 words/s - loss: 0.6919
00:15:21 - process[3]: training epoch 1 ...
00:15:30 - process[3] - epoch 1 - train iter 240 - 21101.5 words/s - loss: 0.6838
00:15:30 - process[3]: training epoch 2 ...
00:15:39 - process[3] - epoch 2 - train iter 240 - 20966.8 words/s - loss: 0.6827
00:15:39 - process[3]: training epoch 3 ...
00:15:48 - process[3] - epoch 3 - train iter 240 - 21635.4 words/s - loss: 0.6701
00:15:48 - process[3]: training epoch 4 ...
00:15:57 - process[3] - epoch 4 - train iter 240 - 20873.2 words/s - loss: 0.6407
00:15:57 - process[3]: training epoch 5 ...
00:16:06 - process[3] - epoch 5 - train iter 240 - 21704.4 words/s - loss: 0.5953
00:16:06 - process[3]: training epoch 6 ...
00:16:15 - process[3] - epoch 6 - train iter 240 - 20926.3 words/s - loss: 0.5818
00:16:15 - process[3]: training epoch 7 ...
00:16:24 - process[3] - epoch 7 - train iter 240 - 21013.2 words/s - loss: 0.5512
00:16:24 - process[3]: training epoch 8 ...
00:16:33 - process[3] - epoch 8 - train iter 240 - 21215.5 words/s - loss: 0.5746
00:16:33 - process[3]: training epoch 9 ...
00:16:42 - process[3] - epoch 9 - train iter 240 - 22410.3 words/s - loss: 0.5758
00:16:42 - process[3]: training epoch 10 ...
00:16:51 - process[3] - epoch 10 - train iter 240 - 21344.9 words/s - loss: 0.5479
00:16:51 - process[3]: evaluating epoch 10 on dev ...
00:17:10 - process[3] - dev - epoch 10 - mAP: 0.299 w/ 37 queries
00:17:10 - process[3]: evaluating epoch 10 on test ...
00:17:29 - test set during evaluation: 11210/11201
00:17:29 - process[3] - test - epoch 10 - mAP: 0.323 w/ 37 queries
00:17:29 - process[3]: training epoch 11 ...
00:17:39 - process[3] - epoch 11 - train iter 240 - 20401.0 words/s - loss: 0.5348
00:17:39 - process[3]: evaluating epoch 11 on dev ...
00:17:56 - process[3] - dev - epoch 11 - mAP: 0.279 w/ 37 queries
00:17:56 - process[3]: training epoch 12 ...
00:18:05 - process[3] - epoch 12 - train iter 240 - 21709.2 words/s - loss: 0.5380
00:18:05 - process[3]: evaluating epoch 12 on dev ...
00:18:22 - process[3] - dev - epoch 12 - mAP: 0.302 w/ 37 queries
00:18:22 - process[3]: evaluating epoch 12 on test ...
00:18:42 - test set during evaluation: 11210/11201
00:18:42 - process[3] - test - epoch 12 - mAP: 0.365 w/ 37 queries
00:18:42 - process[3]: training epoch 13 ...
00:18:51 - process[3] - epoch 13 - train iter 240 - 20223.1 words/s - loss: 0.5008
00:18:51 - process[3]: evaluating epoch 13 on dev ...
00:19:08 - process[3] - dev - epoch 13 - mAP: 0.302 w/ 37 queries
00:19:08 - process[3]: evaluating epoch 13 on test ...
00:19:27 - test set during evaluation: 11210/11201
00:19:27 - process[3] - test - epoch 13 - mAP: 0.344 w/ 37 queries
00:19:27 - process[3]: training epoch 14 ...
00:19:37 - process[3] - epoch 14 - train iter 240 - 20684.8 words/s - loss: 0.5043
00:19:37 - process[3]: evaluating epoch 14 on dev ...
00:19:55 - process[3] - dev - epoch 14 - mAP: 0.316 w/ 37 queries
00:19:55 - process[3]: evaluating epoch 14 on test ...
00:20:15 - test set during evaluation: 11210/11201
00:20:15 - process[3] - test - epoch 14 - mAP: 0.342 w/ 37 queries
00:20:15 - process[3]: training epoch 15 ...
00:20:24 - process[3] - epoch 15 - train iter 240 - 20774.3 words/s - loss: 0.4704
00:20:24 - process[3]: evaluating epoch 15 on dev ...
00:20:41 - process[3] - dev - epoch 15 - mAP: 0.321 w/ 37 queries
00:20:41 - process[3]: evaluating epoch 15 on test ...
00:21:01 - test set during evaluation: 11210/11201
00:21:01 - process[3] - test - epoch 15 - mAP: 0.349 w/ 37 queries
00:21:01 - process[3]: training epoch 16 ...
00:21:10 - process[3] - epoch 16 - train iter 240 - 22297.0 words/s - loss: 0.4834
00:21:10 - process[3]: evaluating epoch 16 on dev ...
00:21:28 - process[3] - dev - epoch 16 - mAP: 0.326 w/ 37 queries
00:21:28 - process[3]: evaluating epoch 16 on test ...
00:21:55 - test set during evaluation: 11210/11201
00:21:55 - process[3] - test - epoch 16 - mAP: 0.359 w/ 37 queries
00:21:55 - process[3]: training epoch 17 ...
00:22:04 - process[3] - epoch 17 - train iter 240 - 21822.0 words/s - loss: 0.5044
00:22:04 - process[3]: evaluating epoch 17 on dev ...
00:22:24 - process[3] - dev - epoch 17 - mAP: 0.340 w/ 37 queries
00:22:24 - process[3]: evaluating epoch 17 on test ...
00:22:44 - test set during evaluation: 11210/11201
00:22:44 - process[3] - test - epoch 17 - mAP: 0.348 w/ 37 queries
00:22:44 - process[3]: training epoch 18 ...
00:22:53 - process[3] - epoch 18 - train iter 240 - 20634.4 words/s - loss: 0.4785
00:22:53 - process[3]: evaluating epoch 18 on dev ...
00:23:10 - process[3] - dev - epoch 18 - mAP: 0.334 w/ 37 queries
00:23:10 - process[3]: training epoch 19 ...
00:23:19 - process[3] - epoch 19 - train iter 240 - 20865.7 words/s - loss: 0.4832
00:23:19 - process[3]: evaluating epoch 19 on dev ...
00:23:36 - process[3] - dev - epoch 19 - mAP: 0.319 w/ 37 queries
00:23:36 - [fold 3] best test MAP: 0.348 @ epoch 17
00:23:36 - Evaluating every 1 epochs ...
00:23:36 - reading data from /mnt/home/puxuan/CLIR-project/Evaluation_data/process-clef/uncased
00:23:37 - test has 37 queries ...
00:23:37 - Data reading done ...
00:23:38 - adding 9-th encoder to optimizer...
00:23:38 - adding 10-th encoder to optimizer...
00:23:38 - adding 11-th encoder to optimizer...
00:23:39 - process[3]: training epoch 0 ...
00:23:47 - process[3] - epoch 0 - train iter 231 - 22283.3 words/s - loss: 0.6926
00:23:47 - process[3]: training epoch 1 ...
00:23:55 - process[3] - epoch 1 - train iter 231 - 22380.4 words/s - loss: 0.6829
00:23:55 - process[3]: training epoch 2 ...
00:24:04 - process[3] - epoch 2 - train iter 231 - 21481.9 words/s - loss: 0.6449
00:24:04 - process[3]: training epoch 3 ...
00:24:12 - process[3] - epoch 3 - train iter 231 - 21832.9 words/s - loss: 0.6528
00:24:12 - process[3]: training epoch 4 ...
00:24:21 - process[3] - epoch 4 - train iter 231 - 21746.6 words/s - loss: 0.6225
00:24:21 - process[3]: training epoch 5 ...
00:24:29 - process[3] - epoch 5 - train iter 231 - 22454.6 words/s - loss: 0.6190
00:24:29 - process[3]: training epoch 6 ...
00:24:38 - process[3] - epoch 6 - train iter 231 - 21271.6 words/s - loss: 0.5686
00:24:38 - process[3]: training epoch 7 ...
00:24:47 - process[3] - epoch 7 - train iter 231 - 20430.5 words/s - loss: 0.5799
00:24:47 - process[3]: training epoch 8 ...
00:24:56 - process[3] - epoch 8 - train iter 231 - 20192.9 words/s - loss: 0.5440
00:24:56 - process[3]: training epoch 9 ...
00:25:04 - process[3] - epoch 9 - train iter 231 - 22295.7 words/s - loss: 0.5590
00:25:04 - process[3]: training epoch 10 ...
00:25:13 - process[3] - epoch 10 - train iter 231 - 21300.3 words/s - loss: 0.5961
00:25:13 - process[3]: evaluating epoch 10 on dev ...
00:25:36 - dev set during evaluation: 11210/11201
00:25:36 - process[3] - dev - epoch 10 - mAP: 0.334 w/ 37 queries
00:25:36 - process[3]: evaluating epoch 10 on test ...
00:25:54 - test set during evaluation: 10640/10633
00:25:54 - process[3] - test - epoch 10 - mAP: 0.261 w/ 37 queries
00:25:54 - process[3]: training epoch 11 ...
00:26:03 - process[3] - epoch 11 - train iter 231 - 21397.5 words/s - loss: 0.5066
00:26:03 - process[3]: evaluating epoch 11 on dev ...
00:26:23 - dev set during evaluation: 11210/11201
00:26:23 - process[3] - dev - epoch 11 - mAP: 0.329 w/ 37 queries
00:26:23 - process[3]: training epoch 12 ...
00:26:31 - process[3] - epoch 12 - train iter 231 - 21677.8 words/s - loss: 0.5006
00:26:31 - process[3]: evaluating epoch 12 on dev ...
00:26:51 - dev set during evaluation: 11210/11201
00:26:51 - process[3] - dev - epoch 12 - mAP: 0.357 w/ 37 queries
00:26:51 - process[3]: evaluating epoch 12 on test ...
00:27:09 - test set during evaluation: 10640/10633
00:27:09 - process[3] - test - epoch 12 - mAP: 0.275 w/ 37 queries
00:27:09 - process[3]: training epoch 13 ...
00:27:17 - process[3] - epoch 13 - train iter 231 - 22613.5 words/s - loss: 0.5372
00:27:17 - process[3]: evaluating epoch 13 on dev ...
00:27:37 - dev set during evaluation: 11210/11201
00:27:37 - process[3] - dev - epoch 13 - mAP: 0.339 w/ 37 queries
00:27:37 - process[3]: training epoch 14 ...
00:27:46 - process[3] - epoch 14 - train iter 231 - 21389.3 words/s - loss: 0.5269
00:27:46 - process[3]: evaluating epoch 14 on dev ...
00:28:06 - dev set during evaluation: 11210/11201
00:28:06 - process[3] - dev - epoch 14 - mAP: 0.365 w/ 37 queries
00:28:06 - process[3]: evaluating epoch 14 on test ...
00:28:23 - test set during evaluation: 10640/10633
00:28:23 - process[3] - test - epoch 14 - mAP: 0.274 w/ 37 queries
00:28:23 - process[3]: training epoch 15 ...
00:28:32 - process[3] - epoch 15 - train iter 231 - 21240.3 words/s - loss: 0.4992
00:28:32 - process[3]: evaluating epoch 15 on dev ...
00:28:52 - dev set during evaluation: 11210/11201
00:28:52 - process[3] - dev - epoch 15 - mAP: 0.353 w/ 37 queries
00:28:52 - process[3]: training epoch 16 ...
00:29:00 - process[3] - epoch 16 - train iter 231 - 21331.9 words/s - loss: 0.4905
00:29:00 - process[3]: evaluating epoch 16 on dev ...
00:29:20 - dev set during evaluation: 11210/11201
00:29:20 - process[3] - dev - epoch 16 - mAP: 0.353 w/ 37 queries
00:29:20 - process[3]: training epoch 17 ...
00:29:28 - process[3] - epoch 17 - train iter 231 - 21455.7 words/s - loss: 0.4967
00:29:28 - process[3]: evaluating epoch 17 on dev ...
00:29:48 - dev set during evaluation: 11210/11201
00:29:48 - process[3] - dev - epoch 17 - mAP: 0.339 w/ 37 queries
00:29:48 - process[3]: training epoch 18 ...
00:29:56 - process[3] - epoch 18 - train iter 231 - 21525.3 words/s - loss: 0.4866
00:29:56 - process[3]: evaluating epoch 18 on dev ...
00:30:17 - dev set during evaluation: 11210/11201
00:30:17 - process[3] - dev - epoch 18 - mAP: 0.365 w/ 37 queries
00:30:17 - process[3]: training epoch 19 ...
00:30:25 - process[3] - epoch 19 - train iter 231 - 22909.3 words/s - loss: 0.4693
00:30:25 - process[3]: evaluating epoch 19 on dev ...
00:30:47 - dev set during evaluation: 11210/11201
00:30:47 - process[3] - dev - epoch 19 - mAP: 0.346 w/ 37 queries
00:30:47 - [fold 4] best test MAP: 0.274 @ epoch 14
00:30:47 - Evaluating every 1 epochs ...
00:30:47 - reading data from /mnt/home/puxuan/CLIR-project/Evaluation_data/process-clef/uncased
00:30:47 - test has 37 queries ...
00:30:47 - Data reading done ...
00:30:49 - adding 9-th encoder to optimizer...
00:30:49 - adding 10-th encoder to optimizer...
00:30:49 - adding 11-th encoder to optimizer...
00:30:49 - process[3]: training epoch 0 ...
00:30:58 - process[3] - epoch 0 - train iter 235 - 20796.9 words/s - loss: 0.6862
00:30:58 - process[3]: training epoch 1 ...
00:31:08 - process[3] - epoch 1 - train iter 235 - 20929.5 words/s - loss: 0.6838
00:31:08 - process[3]: training epoch 2 ...
00:31:17 - process[3] - epoch 2 - train iter 235 - 21474.2 words/s - loss: 0.6597
00:31:17 - process[3]: training epoch 3 ...
00:31:26 - process[3] - epoch 3 - train iter 235 - 19901.4 words/s - loss: 0.6574
00:31:26 - process[3]: training epoch 4 ...
00:31:35 - process[3] - epoch 4 - train iter 235 - 21976.3 words/s - loss: 0.6292
00:31:35 - process[3]: training epoch 5 ...
00:31:44 - process[3] - epoch 5 - train iter 235 - 22495.6 words/s - loss: 0.6200
00:31:44 - process[3]: training epoch 6 ...
00:31:53 - process[3] - epoch 6 - train iter 235 - 20552.7 words/s - loss: 0.5710
00:31:53 - process[3]: training epoch 7 ...
00:32:03 - process[3] - epoch 7 - train iter 235 - 20165.0 words/s - loss: 0.5816
00:32:03 - process[3]: training epoch 8 ...
00:32:11 - process[3] - epoch 8 - train iter 235 - 22765.5 words/s - loss: 0.5424
00:32:11 - process[3]: training epoch 9 ...
00:32:21 - process[3] - epoch 9 - train iter 235 - 20311.3 words/s - loss: 0.5528
00:32:21 - process[3]: training epoch 10 ...
00:32:30 - process[3] - epoch 10 - train iter 235 - 20892.5 words/s - loss: 0.5516
00:32:30 - process[3]: evaluating epoch 10 on dev ...
00:32:47 - dev set during evaluation: 10640/10633
00:32:47 - process[3] - dev - epoch 10 - mAP: 0.263 w/ 37 queries
00:32:47 - process[3]: evaluating epoch 10 on test ...
00:33:07 - process[3] - test - epoch 10 - mAP: 0.312 w/ 37 queries
00:33:07 - process[3]: training epoch 11 ...
00:33:16 - process[3] - epoch 11 - train iter 235 - 21234.1 words/s - loss: 0.5632
00:33:16 - process[3]: evaluating epoch 11 on dev ...
00:33:34 - dev set during evaluation: 10640/10633
00:33:34 - process[3] - dev - epoch 11 - mAP: 0.267 w/ 37 queries
00:33:34 - process[3]: evaluating epoch 11 on test ...
00:33:52 - process[3] - test - epoch 11 - mAP: 0.322 w/ 37 queries
00:33:52 - process[3]: training epoch 12 ...
00:34:01 - process[3] - epoch 12 - train iter 235 - 21230.7 words/s - loss: 0.5096
00:34:01 - process[3]: evaluating epoch 12 on dev ...
00:34:19 - dev set during evaluation: 10640/10633
00:34:19 - process[3] - dev - epoch 12 - mAP: 0.245 w/ 37 queries
00:34:19 - process[3]: training epoch 13 ...
00:34:28 - process[3] - epoch 13 - train iter 235 - 21719.8 words/s - loss: 0.5094
00:34:28 - process[3]: evaluating epoch 13 on dev ...
00:34:46 - dev set during evaluation: 10640/10633
00:34:46 - process[3] - dev - epoch 13 - mAP: 0.257 w/ 37 queries
00:34:46 - process[3]: training epoch 14 ...
00:34:55 - process[3] - epoch 14 - train iter 235 - 21988.5 words/s - loss: 0.5121
00:34:55 - process[3]: evaluating epoch 14 on dev ...
00:35:12 - dev set during evaluation: 10640/10633
00:35:12 - process[3] - dev - epoch 14 - mAP: 0.256 w/ 37 queries
00:35:12 - process[3]: training epoch 15 ...
00:35:21 - process[3] - epoch 15 - train iter 235 - 22319.5 words/s - loss: 0.4594
00:35:21 - process[3]: evaluating epoch 15 on dev ...
00:35:39 - dev set during evaluation: 10640/10633
00:35:39 - process[3] - dev - epoch 15 - mAP: 0.255 w/ 37 queries
00:35:39 - process[3]: training epoch 16 ...
00:35:48 - process[3] - epoch 16 - train iter 235 - 21226.5 words/s - loss: 0.4872
00:35:48 - process[3]: evaluating epoch 16 on dev ...
00:36:06 - dev set during evaluation: 10640/10633
00:36:06 - process[3] - dev - epoch 16 - mAP: 0.258 w/ 37 queries
00:36:06 - process[3]: training epoch 17 ...
00:36:14 - process[3] - epoch 17 - train iter 235 - 21832.9 words/s - loss: 0.4645
00:36:14 - process[3]: evaluating epoch 17 on dev ...
00:36:32 - dev set during evaluation: 10640/10633
00:36:32 - process[3] - dev - epoch 17 - mAP: 0.252 w/ 37 queries
00:36:32 - process[3]: training epoch 18 ...
00:36:41 - process[3] - epoch 18 - train iter 235 - 21010.2 words/s - loss: 0.4155
00:36:41 - process[3]: evaluating epoch 18 on dev ...
00:36:59 - dev set during evaluation: 10640/10633
00:36:59 - process[3] - dev - epoch 18 - mAP: 0.260 w/ 37 queries
00:36:59 - process[3]: training epoch 19 ...
00:37:08 - process[3] - epoch 19 - train iter 235 - 22158.3 words/s - loss: 0.4348
00:37:08 - process[3]: evaluating epoch 19 on dev ...
00:37:28 - dev set during evaluation: 10640/10633
00:37:28 - process[3] - dev - epoch 19 - mAP: 0.241 w/ 37 queries
00:37:28 - [fold 5] best test MAP: 0.322 @ epoch 11
00:37:28 - [0.36297148079287095, 0.3023876168747092, 0.3483136479888955, 0.27414018322993294, 0.32154827687348003]
00:37:28 - [37, 37, 37, 37, 37]
00:37:28 - final MAP: 0.322
00:00:08 - Namespace(apex_level='O2', batch_size=8, cased=False, dataset='clef', debug=False, encoder_lr=2e-05, eval_step=1, full_doc_length=True, local_rank=3, model_path='/mnt/scratch/puxuan/short_qlm_doc/2186796/huggingface-4', model_type='mbert', num_epochs=20, num_ft_encoders=3, num_neg=1, projector_lr=2e-05, seed=611, source_lang='de', target_lang='fr')
00:00:20 - Evaluating every 1 epochs ...
00:00:20 - reading data from /mnt/home/puxuan/CLIR-project/Evaluation_data/process-clef/uncased
00:00:21 - test has 37 queries ...
00:00:21 - Data reading done ...
00:00:28 - adding 9-th encoder to optimizer...
00:00:28 - adding 10-th encoder to optimizer...
00:00:28 - adding 11-th encoder to optimizer...
00:00:28 - process[3]: training epoch 0 ...
00:00:38 - process[3] - epoch 0 - train iter 241 - 19558.7 words/s - loss: 0.6895
00:00:38 - process[3]: training epoch 1 ...
00:00:47 - process[3] - epoch 1 - train iter 241 - 22188.5 words/s - loss: 0.6785
00:00:47 - process[3]: training epoch 2 ...
00:00:56 - process[3] - epoch 2 - train iter 241 - 21397.5 words/s - loss: 0.6435
00:00:56 - process[3]: training epoch 3 ...
00:01:05 - process[3] - epoch 3 - train iter 241 - 22515.1 words/s - loss: 0.6353
00:01:05 - process[3]: training epoch 4 ...
00:01:14 - process[3] - epoch 4 - train iter 241 - 22115.5 words/s - loss: 0.6246
00:01:14 - process[3]: training epoch 5 ...
00:01:23 - process[3] - epoch 5 - train iter 241 - 22268.5 words/s - loss: 0.6261
00:01:23 - process[3]: training epoch 6 ...
00:01:31 - process[3] - epoch 6 - train iter 241 - 23093.0 words/s - loss: 0.5982
00:01:31 - process[3]: training epoch 7 ...
00:01:40 - process[3] - epoch 7 - train iter 241 - 22942.4 words/s - loss: 0.5838
00:01:40 - process[3]: training epoch 8 ...
00:01:48 - process[3] - epoch 8 - train iter 241 - 22344.4 words/s - loss: 0.4979
00:01:48 - process[3]: training epoch 9 ...
00:01:57 - process[3] - epoch 9 - train iter 241 - 22262.1 words/s - loss: 0.5105
00:01:57 - process[3]: training epoch 10 ...
00:02:06 - process[3] - epoch 10 - train iter 241 - 21727.9 words/s - loss: 0.4931
00:02:06 - process[3]: evaluating epoch 10 on dev ...
00:02:29 - process[3] - dev - epoch 10 - mAP: 0.303 w/ 37 queries
00:02:29 - process[3]: evaluating epoch 10 on test ...
00:02:48 - test set during evaluation: 11380/11372
00:02:48 - process[3] - test - epoch 10 - mAP: 0.333 w/ 37 queries
00:02:48 - process[3]: training epoch 11 ...
00:02:57 - process[3] - epoch 11 - train iter 241 - 22059.5 words/s - loss: 0.5171
00:02:57 - process[3]: evaluating epoch 11 on dev ...
00:03:16 - process[3] - dev - epoch 11 - mAP: 0.297 w/ 37 queries
00:03:16 - process[3]: training epoch 12 ...
00:03:25 - process[3] - epoch 12 - train iter 241 - 22991.1 words/s - loss: 0.4969
00:03:25 - process[3]: evaluating epoch 12 on dev ...
00:03:50 - process[3] - dev - epoch 12 - mAP: 0.343 w/ 37 queries
00:03:50 - process[3]: evaluating epoch 12 on test ...
00:04:08 - test set during evaluation: 11380/11372
00:04:08 - process[3] - test - epoch 12 - mAP: 0.373 w/ 37 queries
00:04:08 - process[3]: training epoch 13 ...
00:04:18 - process[3] - epoch 13 - train iter 241 - 21871.7 words/s - loss: 0.4899
00:04:18 - process[3]: evaluating epoch 13 on dev ...
00:04:36 - process[3] - dev - epoch 13 - mAP: 0.341 w/ 37 queries
00:04:36 - process[3]: training epoch 14 ...
00:04:45 - process[3] - epoch 14 - train iter 241 - 22254.0 words/s - loss: 0.5550
00:04:45 - process[3]: evaluating epoch 14 on dev ...
00:05:03 - process[3] - dev - epoch 14 - mAP: 0.312 w/ 37 queries
00:05:03 - process[3]: training epoch 15 ...
00:05:12 - process[3] - epoch 15 - train iter 241 - 21854.6 words/s - loss: 0.5345
00:05:12 - process[3]: evaluating epoch 15 on dev ...
00:05:31 - process[3] - dev - epoch 15 - mAP: 0.329 w/ 37 queries
00:05:31 - process[3]: training epoch 16 ...
00:05:40 - process[3] - epoch 16 - train iter 241 - 21094.4 words/s - loss: 0.4866
00:05:40 - process[3]: evaluating epoch 16 on dev ...
00:05:58 - process[3] - dev - epoch 16 - mAP: 0.324 w/ 37 queries
00:05:58 - process[3]: training epoch 17 ...
00:06:07 - process[3] - epoch 17 - train iter 241 - 22190.2 words/s - loss: 0.4829
00:06:07 - process[3]: evaluating epoch 17 on dev ...
00:06:26 - process[3] - dev - epoch 17 - mAP: 0.351 w/ 37 queries
00:06:26 - process[3]: evaluating epoch 17 on test ...
00:06:44 - test set during evaluation: 11380/11372
00:06:44 - process[3] - test - epoch 17 - mAP: 0.363 w/ 37 queries
00:06:44 - process[3]: training epoch 18 ...
00:06:53 - process[3] - epoch 18 - train iter 241 - 22320.8 words/s - loss: 0.4943
00:06:53 - process[3]: evaluating epoch 18 on dev ...
00:07:12 - process[3] - dev - epoch 18 - mAP: 0.350 w/ 37 queries
00:07:12 - process[3]: training epoch 19 ...
00:07:20 - process[3] - epoch 19 - train iter 241 - 23025.2 words/s - loss: 0.5035
00:07:20 - process[3]: evaluating epoch 19 on dev ...
00:07:39 - process[3] - dev - epoch 19 - mAP: 0.314 w/ 37 queries
00:07:39 - [fold 1] best test MAP: 0.363 @ epoch 17
00:07:39 - Evaluating every 1 epochs ...
00:07:39 - reading data from /mnt/home/puxuan/CLIR-project/Evaluation_data/process-clef/uncased
00:07:39 - test has 37 queries ...
00:07:39 - Data reading done ...
00:07:41 - adding 9-th encoder to optimizer...
00:07:41 - adding 10-th encoder to optimizer...
00:07:41 - adding 11-th encoder to optimizer...
00:07:42 - process[3]: training epoch 0 ...
00:07:52 - process[3] - epoch 0 - train iter 276 - 22069.7 words/s - loss: 0.6899
00:07:52 - process[3]: training epoch 1 ...
00:08:03 - process[3] - epoch 1 - train iter 276 - 19671.9 words/s - loss: 0.6774
00:08:03 - process[3]: training epoch 2 ...
00:08:14 - process[3] - epoch 2 - train iter 276 - 21088.3 words/s - loss: 0.6669
00:08:14 - process[3]: training epoch 3 ...
00:08:24 - process[3] - epoch 3 - train iter 276 - 21395.3 words/s - loss: 0.6701
00:08:24 - process[3]: training epoch 4 ...
00:08:35 - process[3] - epoch 4 - train iter 276 - 21377.2 words/s - loss: 0.6483
00:08:35 - process[3]: training epoch 5 ...
00:08:46 - process[3] - epoch 5 - train iter 276 - 20775.8 words/s - loss: 0.6370
00:08:46 - process[3]: training epoch 6 ...
00:08:57 - process[3] - epoch 6 - train iter 276 - 21007.6 words/s - loss: 0.6137
00:08:57 - process[3]: training epoch 7 ...
00:09:07 - process[3] - epoch 7 - train iter 276 - 22365.3 words/s - loss: 0.5669
00:09:07 - process[3]: training epoch 8 ...
00:09:17 - process[3] - epoch 8 - train iter 276 - 22225.1 words/s - loss: 0.5640
00:09:17 - process[3]: training epoch 9 ...
00:09:28 - process[3] - epoch 9 - train iter 276 - 21491.2 words/s - loss: 0.5567
00:09:28 - process[3]: training epoch 10 ...
00:09:39 - process[3] - epoch 10 - train iter 276 - 21271.9 words/s - loss: 0.5347
00:09:39 - process[3]: evaluating epoch 10 on dev ...
00:10:01 - dev set during evaluation: 11380/11372
00:10:01 - process[3] - dev - epoch 10 - mAP: 0.318 w/ 37 queries
00:10:01 - process[3]: evaluating epoch 10 on test ...
00:10:18 - process[3] - test - epoch 10 - mAP: 0.294 w/ 37 queries
00:10:18 - process[3]: training epoch 11 ...
00:10:29 - process[3] - epoch 11 - train iter 276 - 20737.3 words/s - loss: 0.5241
00:10:29 - process[3]: evaluating epoch 11 on dev ...
00:10:48 - dev set during evaluation: 11380/11372
00:10:48 - process[3] - dev - epoch 11 - mAP: 0.330 w/ 37 queries
00:10:48 - process[3]: evaluating epoch 11 on test ...
00:11:05 - process[3] - test - epoch 11 - mAP: 0.293 w/ 37 queries
00:11:05 - process[3]: training epoch 12 ...
00:11:16 - process[3] - epoch 12 - train iter 276 - 20593.6 words/s - loss: 0.5193
00:11:16 - process[3]: evaluating epoch 12 on dev ...
00:11:34 - dev set during evaluation: 11380/11372
00:11:34 - process[3] - dev - epoch 12 - mAP: 0.325 w/ 37 queries
00:11:34 - process[3]: training epoch 13 ...
00:11:45 - process[3] - epoch 13 - train iter 276 - 20761.7 words/s - loss: 0.5491
00:11:45 - process[3]: evaluating epoch 13 on dev ...
00:12:04 - dev set during evaluation: 11380/11372
00:12:04 - process[3] - dev - epoch 13 - mAP: 0.347 w/ 37 queries
00:12:04 - process[3]: evaluating epoch 13 on test ...
00:12:21 - process[3] - test - epoch 13 - mAP: 0.302 w/ 37 queries
00:12:21 - process[3]: training epoch 14 ...
00:12:32 - process[3] - epoch 14 - train iter 276 - 20509.4 words/s - loss: 0.4969
00:12:32 - process[3]: evaluating epoch 14 on dev ...
00:12:51 - dev set during evaluation: 11380/11372
00:12:51 - process[3] - dev - epoch 14 - mAP: 0.334 w/ 37 queries
00:12:51 - process[3]: training epoch 15 ...
00:13:02 - process[3] - epoch 15 - train iter 276 - 20407.1 words/s - loss: 0.4932
00:13:02 - process[3]: evaluating epoch 15 on dev ...
00:13:19 - dev set during evaluation: 11380/11372
00:13:19 - process[3] - dev - epoch 15 - mAP: 0.320 w/ 37 queries
00:13:19 - process[3]: training epoch 16 ...
00:13:30 - process[3] - epoch 16 - train iter 276 - 22401.4 words/s - loss: 0.5021
00:13:30 - process[3]: evaluating epoch 16 on dev ...
00:13:48 - dev set during evaluation: 11380/11372
00:13:48 - process[3] - dev - epoch 16 - mAP: 0.304 w/ 37 queries
00:13:48 - process[3]: training epoch 17 ...
00:13:59 - process[3] - epoch 17 - train iter 276 - 21861.4 words/s - loss: 0.5269
00:13:59 - process[3]: evaluating epoch 17 on dev ...
00:14:18 - dev set during evaluation: 11380/11372
00:14:18 - process[3] - dev - epoch 17 - mAP: 0.310 w/ 37 queries
00:14:18 - process[3]: training epoch 18 ...
00:14:29 - process[3] - epoch 18 - train iter 276 - 20574.0 words/s - loss: 0.4943
00:14:29 - process[3]: evaluating epoch 18 on dev ...
00:14:47 - dev set during evaluation: 11380/11372
00:14:47 - process[3] - dev - epoch 18 - mAP: 0.315 w/ 37 queries
00:14:47 - process[3]: training epoch 19 ...
00:14:58 - process[3] - epoch 19 - train iter 276 - 20577.7 words/s - loss: 0.5333
00:14:58 - process[3]: evaluating epoch 19 on dev ...
00:15:17 - dev set during evaluation: 11380/11372
00:15:17 - process[3] - dev - epoch 19 - mAP: 0.320 w/ 37 queries
00:15:17 - [fold 2] best test MAP: 0.302 @ epoch 13
00:15:17 - Evaluating every 1 epochs ...
00:15:17 - reading data from /mnt/home/puxuan/CLIR-project/Evaluation_data/process-clef/uncased
00:15:17 - test has 37 queries ...
00:15:17 - Data reading done ...
00:15:19 - adding 9-th encoder to optimizer...
00:15:19 - adding 10-th encoder to optimizer...
00:15:19 - adding 11-th encoder to optimizer...
00:15:20 - process[3]: training epoch 0 ...
00:15:28 - process[3] - epoch 0 - train iter 240 - 21153.1 words/s - loss: 0.6919
00:15:28 - process[3]: training epoch 1 ...
00:15:37 - process[3] - epoch 1 - train iter 240 - 21408.4 words/s - loss: 0.6838
00:15:37 - process[3]: training epoch 2 ...
00:15:47 - process[3] - epoch 2 - train iter 240 - 21220.0 words/s - loss: 0.6827
00:15:47 - process[3]: training epoch 3 ...
00:15:55 - process[3] - epoch 3 - train iter 240 - 21878.6 words/s - loss: 0.6701
00:15:55 - process[3]: training epoch 4 ...
00:16:04 - process[3] - epoch 4 - train iter 240 - 21075.8 words/s - loss: 0.6407
00:16:04 - process[3]: training epoch 5 ...
00:16:13 - process[3] - epoch 5 - train iter 240 - 21899.6 words/s - loss: 0.5953
00:16:13 - process[3]: training epoch 6 ...
00:16:22 - process[3] - epoch 6 - train iter 240 - 21011.7 words/s - loss: 0.5818
00:16:22 - process[3]: training epoch 7 ...
00:16:32 - process[3] - epoch 7 - train iter 240 - 21190.3 words/s - loss: 0.5512
00:16:32 - process[3]: training epoch 8 ...
00:16:41 - process[3] - epoch 8 - train iter 240 - 21376.6 words/s - loss: 0.5746
00:16:41 - process[3]: training epoch 9 ...
00:16:49 - process[3] - epoch 9 - train iter 240 - 22580.6 words/s - loss: 0.5758
00:16:49 - process[3]: training epoch 10 ...
00:16:58 - process[3] - epoch 10 - train iter 240 - 21490.8 words/s - loss: 0.5479
00:16:58 - process[3]: evaluating epoch 10 on dev ...
00:17:18 - process[3] - dev - epoch 10 - mAP: 0.299 w/ 37 queries
00:17:18 - process[3]: evaluating epoch 10 on test ...
00:17:38 - test set during evaluation: 11210/11201
00:17:38 - process[3] - test - epoch 10 - mAP: 0.323 w/ 37 queries
00:17:38 - process[3]: training epoch 11 ...
00:17:47 - process[3] - epoch 11 - train iter 240 - 20461.2 words/s - loss: 0.5348
00:17:47 - process[3]: evaluating epoch 11 on dev ...
00:18:04 - process[3] - dev - epoch 11 - mAP: 0.279 w/ 37 queries
00:18:04 - process[3]: training epoch 12 ...
00:18:13 - process[3] - epoch 12 - train iter 240 - 21888.1 words/s - loss: 0.5380
00:18:13 - process[3]: evaluating epoch 12 on dev ...
00:18:31 - process[3] - dev - epoch 12 - mAP: 0.302 w/ 37 queries
00:18:31 - process[3]: evaluating epoch 12 on test ...
00:18:50 - test set during evaluation: 11210/11201
00:18:50 - process[3] - test - epoch 12 - mAP: 0.365 w/ 37 queries
00:18:50 - process[3]: training epoch 13 ...
00:19:00 - process[3] - epoch 13 - train iter 240 - 20616.0 words/s - loss: 0.5008
00:19:00 - process[3]: evaluating epoch 13 on dev ...
00:19:17 - process[3] - dev - epoch 13 - mAP: 0.302 w/ 37 queries
00:19:17 - process[3]: evaluating epoch 13 on test ...
00:19:36 - test set during evaluation: 11210/11201
00:19:36 - process[3] - test - epoch 13 - mAP: 0.344 w/ 37 queries
00:19:36 - process[3]: training epoch 14 ...
00:19:46 - process[3] - epoch 14 - train iter 240 - 20777.4 words/s - loss: 0.5043
00:19:46 - process[3]: evaluating epoch 14 on dev ...
00:20:03 - process[3] - dev - epoch 14 - mAP: 0.316 w/ 37 queries
00:20:03 - process[3]: evaluating epoch 14 on test ...
00:20:23 - test set during evaluation: 11210/11201
00:20:23 - process[3] - test - epoch 14 - mAP: 0.342 w/ 37 queries
00:20:23 - process[3]: training epoch 15 ...
00:20:32 - process[3] - epoch 15 - train iter 240 - 20900.2 words/s - loss: 0.4704
00:20:32 - process[3]: evaluating epoch 15 on dev ...
00:20:49 - process[3] - dev - epoch 15 - mAP: 0.321 w/ 37 queries
00:20:49 - process[3]: evaluating epoch 15 on test ...
00:21:08 - test set during evaluation: 11210/11201
00:21:08 - process[3] - test - epoch 15 - mAP: 0.349 w/ 37 queries
00:21:09 - process[3]: training epoch 16 ...
00:21:17 - process[3] - epoch 16 - train iter 240 - 22361.1 words/s - loss: 0.4834
00:21:17 - process[3]: evaluating epoch 16 on dev ...
00:21:35 - process[3] - dev - epoch 16 - mAP: 0.326 w/ 37 queries
00:21:35 - process[3]: evaluating epoch 16 on test ...
00:21:54 - test set during evaluation: 11210/11201
00:21:54 - process[3] - test - epoch 16 - mAP: 0.359 w/ 37 queries
00:21:54 - process[3]: training epoch 17 ...
00:22:03 - process[3] - epoch 17 - train iter 240 - 22198.1 words/s - loss: 0.5044
00:22:03 - process[3]: evaluating epoch 17 on dev ...
00:22:20 - process[3] - dev - epoch 17 - mAP: 0.340 w/ 37 queries
00:22:20 - process[3]: evaluating epoch 17 on test ...
00:22:40 - test set during evaluation: 11210/11201
00:22:40 - process[3] - test - epoch 17 - mAP: 0.348 w/ 37 queries
00:22:40 - process[3]: training epoch 18 ...
00:22:49 - process[3] - epoch 18 - train iter 240 - 20812.2 words/s - loss: 0.4785
00:22:49 - process[3]: evaluating epoch 18 on dev ...
00:23:06 - process[3] - dev - epoch 18 - mAP: 0.334 w/ 37 queries
00:23:06 - process[3]: training epoch 19 ...
00:23:16 - process[3] - epoch 19 - train iter 240 - 20976.2 words/s - loss: 0.4832
00:23:16 - process[3]: evaluating epoch 19 on dev ...
00:23:33 - process[3] - dev - epoch 19 - mAP: 0.319 w/ 37 queries
00:23:33 - [fold 3] best test MAP: 0.348 @ epoch 17
00:23:33 - Evaluating every 1 epochs ...
00:23:33 - reading data from /mnt/home/puxuan/CLIR-project/Evaluation_data/process-clef/uncased
00:23:33 - test has 37 queries ...
00:23:33 - Data reading done ...
00:23:35 - adding 9-th encoder to optimizer...
00:23:35 - adding 10-th encoder to optimizer...
00:23:35 - adding 11-th encoder to optimizer...
00:23:35 - process[3]: training epoch 0 ...
00:23:43 - process[3] - epoch 0 - train iter 231 - 22383.9 words/s - loss: 0.6926
00:23:43 - process[3]: training epoch 1 ...
00:23:52 - process[3] - epoch 1 - train iter 231 - 22473.1 words/s - loss: 0.6829
00:23:52 - process[3]: training epoch 2 ...
00:24:00 - process[3] - epoch 2 - train iter 231 - 21561.9 words/s - loss: 0.6449
00:24:00 - process[3]: training epoch 3 ...
00:24:09 - process[3] - epoch 3 - train iter 231 - 21917.4 words/s - loss: 0.6528
00:24:09 - process[3]: training epoch 4 ...
00:24:17 - process[3] - epoch 4 - train iter 231 - 21851.0 words/s - loss: 0.6225
00:24:17 - process[3]: training epoch 5 ...
00:24:25 - process[3] - epoch 5 - train iter 231 - 22574.7 words/s - loss: 0.6190
00:24:25 - process[3]: training epoch 6 ...
00:24:34 - process[3] - epoch 6 - train iter 231 - 21368.1 words/s - loss: 0.5686
00:24:34 - process[3]: training epoch 7 ...
00:24:43 - process[3] - epoch 7 - train iter 231 - 20517.7 words/s - loss: 0.5799
00:24:43 - process[3]: training epoch 8 ...
00:24:52 - process[3] - epoch 8 - train iter 231 - 20236.8 words/s - loss: 0.5440
00:24:52 - process[3]: training epoch 9 ...
00:25:00 - process[3] - epoch 9 - train iter 231 - 22429.8 words/s - loss: 0.5590
00:25:00 - process[3]: training epoch 10 ...
00:25:09 - process[3] - epoch 10 - train iter 231 - 21415.6 words/s - loss: 0.5961
00:25:09 - process[3]: evaluating epoch 10 on dev ...
00:25:32 - dev set during evaluation: 11210/11201
00:25:32 - process[3] - dev - epoch 10 - mAP: 0.334 w/ 37 queries
00:25:32 - process[3]: evaluating epoch 10 on test ...
00:25:50 - test set during evaluation: 10640/10633
00:25:50 - process[3] - test - epoch 10 - mAP: 0.261 w/ 37 queries
00:25:50 - process[3]: training epoch 11 ...
00:25:59 - process[3] - epoch 11 - train iter 231 - 21564.1 words/s - loss: 0.5066
00:25:59 - process[3]: evaluating epoch 11 on dev ...
00:26:19 - dev set during evaluation: 11210/11201
00:26:19 - process[3] - dev - epoch 11 - mAP: 0.329 w/ 37 queries
00:26:19 - process[3]: training epoch 12 ...
00:26:27 - process[3] - epoch 12 - train iter 231 - 21844.8 words/s - loss: 0.5006
00:26:27 - process[3]: evaluating epoch 12 on dev ...
00:26:47 - dev set during evaluation: 11210/11201
00:26:47 - process[3] - dev - epoch 12 - mAP: 0.357 w/ 37 queries
00:26:47 - process[3]: evaluating epoch 12 on test ...
00:27:05 - test set during evaluation: 10640/10633
00:27:05 - process[3] - test - epoch 12 - mAP: 0.275 w/ 37 queries
00:27:05 - process[3]: training epoch 13 ...
00:27:13 - process[3] - epoch 13 - train iter 231 - 22805.2 words/s - loss: 0.5372
00:27:13 - process[3]: evaluating epoch 13 on dev ...
00:27:34 - dev set during evaluation: 11210/11201
00:27:34 - process[3] - dev - epoch 13 - mAP: 0.339 w/ 37 queries
00:27:34 - process[3]: training epoch 14 ...
00:27:42 - process[3] - epoch 14 - train iter 231 - 21488.7 words/s - loss: 0.5269
00:27:42 - process[3]: evaluating epoch 14 on dev ...
00:28:02 - dev set during evaluation: 11210/11201
00:28:02 - process[3] - dev - epoch 14 - mAP: 0.365 w/ 37 queries
00:28:02 - process[3]: evaluating epoch 14 on test ...
00:28:20 - test set during evaluation: 10640/10633
00:28:20 - process[3] - test - epoch 14 - mAP: 0.274 w/ 37 queries
00:28:20 - process[3]: training epoch 15 ...
00:28:29 - process[3] - epoch 15 - train iter 231 - 21428.3 words/s - loss: 0.4992
00:28:29 - process[3]: evaluating epoch 15 on dev ...
00:28:48 - dev set during evaluation: 11210/11201
00:28:48 - process[3] - dev - epoch 15 - mAP: 0.353 w/ 37 queries
00:28:48 - process[3]: training epoch 16 ...
00:28:57 - process[3] - epoch 16 - train iter 231 - 21470.4 words/s - loss: 0.4905
00:28:57 - process[3]: evaluating epoch 16 on dev ...
00:29:16 - dev set during evaluation: 11210/11201
00:29:16 - process[3] - dev - epoch 16 - mAP: 0.353 w/ 37 queries
00:29:16 - process[3]: training epoch 17 ...
00:29:25 - process[3] - epoch 17 - train iter 231 - 21601.9 words/s - loss: 0.4967
00:29:25 - process[3]: evaluating epoch 17 on dev ...
00:29:45 - dev set during evaluation: 11210/11201
00:29:45 - process[3] - dev - epoch 17 - mAP: 0.339 w/ 37 queries
00:29:45 - process[3]: training epoch 18 ...
00:29:53 - process[3] - epoch 18 - train iter 231 - 21489.1 words/s - loss: 0.4866
00:29:53 - process[3]: evaluating epoch 18 on dev ...
00:30:13 - dev set during evaluation: 11210/11201
00:30:13 - process[3] - dev - epoch 18 - mAP: 0.365 w/ 37 queries
00:30:13 - process[3]: training epoch 19 ...
00:30:21 - process[3] - epoch 19 - train iter 231 - 22936.2 words/s - loss: 0.4693
00:30:21 - process[3]: evaluating epoch 19 on dev ...
00:30:42 - dev set during evaluation: 11210/11201
00:30:42 - process[3] - dev - epoch 19 - mAP: 0.346 w/ 37 queries
00:30:42 - [fold 4] best test MAP: 0.274 @ epoch 14
00:30:42 - Evaluating every 1 epochs ...
00:30:42 - reading data from /mnt/home/puxuan/CLIR-project/Evaluation_data/process-clef/uncased
00:30:42 - test has 37 queries ...
00:30:42 - Data reading done ...
00:30:43 - adding 9-th encoder to optimizer...
00:30:43 - adding 10-th encoder to optimizer...
00:30:43 - adding 11-th encoder to optimizer...
00:30:44 - process[3]: training epoch 0 ...
00:30:53 - process[3] - epoch 0 - train iter 235 - 20901.1 words/s - loss: 0.6862
00:30:53 - process[3]: training epoch 1 ...
00:31:02 - process[3] - epoch 1 - train iter 235 - 21077.1 words/s - loss: 0.6838
00:31:02 - process[3]: training epoch 2 ...
00:31:11 - process[3] - epoch 2 - train iter 235 - 21585.1 words/s - loss: 0.6597
00:31:11 - process[3]: training epoch 3 ...
00:31:21 - process[3] - epoch 3 - train iter 235 - 19956.1 words/s - loss: 0.6574
00:31:21 - process[3]: training epoch 4 ...
00:31:30 - process[3] - epoch 4 - train iter 235 - 22059.7 words/s - loss: 0.6292
00:31:30 - process[3]: training epoch 5 ...
00:31:38 - process[3] - epoch 5 - train iter 235 - 22572.6 words/s - loss: 0.6200
00:31:38 - process[3]: training epoch 6 ...
00:31:47 - process[3] - epoch 6 - train iter 235 - 20623.1 words/s - loss: 0.5710
00:31:47 - process[3]: training epoch 7 ...
00:31:57 - process[3] - epoch 7 - train iter 235 - 20213.6 words/s - loss: 0.5816
00:31:57 - process[3]: training epoch 8 ...
00:32:06 - process[3] - epoch 8 - train iter 235 - 22843.7 words/s - loss: 0.5424
00:32:06 - process[3]: training epoch 9 ...
00:32:15 - process[3] - epoch 9 - train iter 235 - 20416.0 words/s - loss: 0.5528
00:32:15 - process[3]: training epoch 10 ...
00:32:24 - process[3] - epoch 10 - train iter 235 - 21004.1 words/s - loss: 0.5516
00:32:24 - process[3]: evaluating epoch 10 on dev ...
00:32:42 - dev set during evaluation: 10640/10633
00:32:42 - process[3] - dev - epoch 10 - mAP: 0.263 w/ 37 queries
00:32:42 - process[3]: evaluating epoch 10 on test ...
00:33:01 - process[3] - test - epoch 10 - mAP: 0.312 w/ 37 queries
00:33:01 - process[3]: training epoch 11 ...
00:33:10 - process[3] - epoch 11 - train iter 235 - 21335.0 words/s - loss: 0.5632
00:33:10 - process[3]: evaluating epoch 11 on dev ...
00:33:29 - dev set during evaluation: 10640/10633
00:33:29 - process[3] - dev - epoch 11 - mAP: 0.267 w/ 37 queries
00:33:29 - process[3]: evaluating epoch 11 on test ...
00:33:47 - process[3] - test - epoch 11 - mAP: 0.322 w/ 37 queries
00:33:47 - process[3]: training epoch 12 ...
00:33:56 - process[3] - epoch 12 - train iter 235 - 21373.5 words/s - loss: 0.5096
00:33:56 - process[3]: evaluating epoch 12 on dev ...
00:34:14 - dev set during evaluation: 10640/10633
00:34:14 - process[3] - dev - epoch 12 - mAP: 0.245 w/ 37 queries
00:34:14 - process[3]: training epoch 13 ...
00:34:23 - process[3] - epoch 13 - train iter 235 - 21683.3 words/s - loss: 0.5094
00:34:23 - process[3]: evaluating epoch 13 on dev ...
00:34:42 - dev set during evaluation: 10640/10633
00:34:42 - process[3] - dev - epoch 13 - mAP: 0.257 w/ 37 queries
00:34:42 - process[3]: training epoch 14 ...
00:34:51 - process[3] - epoch 14 - train iter 235 - 22036.8 words/s - loss: 0.5121
00:34:51 - process[3]: evaluating epoch 14 on dev ...
00:35:08 - dev set during evaluation: 10640/10633
00:35:08 - process[3] - dev - epoch 14 - mAP: 0.256 w/ 37 queries
00:35:08 - process[3]: training epoch 15 ...
00:35:17 - process[3] - epoch 15 - train iter 235 - 22275.5 words/s - loss: 0.4594
00:35:17 - process[3]: evaluating epoch 15 on dev ...
00:35:35 - dev set during evaluation: 10640/10633
00:35:35 - process[3] - dev - epoch 15 - mAP: 0.255 w/ 37 queries
00:35:35 - process[3]: training epoch 16 ...
00:35:44 - process[3] - epoch 16 - train iter 235 - 21347.7 words/s - loss: 0.4872
00:35:44 - process[3]: evaluating epoch 16 on dev ...
00:36:02 - dev set during evaluation: 10640/10633
00:36:02 - process[3] - dev - epoch 16 - mAP: 0.258 w/ 37 queries
00:36:02 - process[3]: training epoch 17 ...
00:36:10 - process[3] - epoch 17 - train iter 235 - 21946.1 words/s - loss: 0.4645
00:36:10 - process[3]: evaluating epoch 17 on dev ...
00:36:29 - dev set during evaluation: 10640/10633
00:36:29 - process[3] - dev - epoch 17 - mAP: 0.252 w/ 37 queries
00:36:29 - process[3]: training epoch 18 ...
00:36:38 - process[3] - epoch 18 - train iter 235 - 21014.2 words/s - loss: 0.4155
00:36:38 - process[3]: evaluating epoch 18 on dev ...
00:36:55 - dev set during evaluation: 10640/10633
00:36:55 - process[3] - dev - epoch 18 - mAP: 0.260 w/ 37 queries
00:36:55 - process[3]: training epoch 19 ...
00:37:04 - process[3] - epoch 19 - train iter 235 - 22170.5 words/s - loss: 0.4348
00:37:04 - process[3]: evaluating epoch 19 on dev ...
00:37:22 - dev set during evaluation: 10640/10633
00:37:22 - process[3] - dev - epoch 19 - mAP: 0.241 w/ 37 queries
00:37:22 - [fold 5] best test MAP: 0.322 @ epoch 11
00:37:22 - [0.36297148079287095, 0.3023876168747092, 0.3483136479888955, 0.27414018322993294, 0.32154827687348003]
00:37:22 - [37, 37, 37, 37, 37]
00:37:22 - final MAP: 0.322
