00:00:02 - Namespace(apex_level='O2', batch_size=8, cased=False, dataset='mix', debug=False, encoder_lr=2e-05, eval_step=1, full_doc_length=True, local_rank=4, model_path='/mnt/scratch/puxuan/long_qlm-rr/2148591/huggingface-0', model_type='mbert-long', num_epochs=10, num_ft_encoders=3, num_neg=1, projector_lr=2e-05, seed=611, source_lang='de', target_lang='es')
00:26:42 - BertLongForXLRetrieval(
  (bert): BertModel(
    (embeddings): BertEmbeddings(
      (word_embeddings): Embedding(105879, 768, padding_idx=0)
      (position_embeddings): Embedding(1024, 768)
      (token_type_embeddings): Embedding(2, 768)
      (LayerNorm): LayerNorm((768,), eps=1e-12, elementwise_affine=True)
      (dropout): Dropout(p=0.1, inplace=False)
    )
    (encoder): BertEncoder(
      (layer): ModuleList(
        (0): BertLayer(
          (attention): BertAttention(
            (self): LongformerSelfAttention(
              (query): Linear(in_features=768, out_features=768, bias=True)
              (key): Linear(in_features=768, out_features=768, bias=True)
              (value): Linear(in_features=768, out_features=768, bias=True)
              (query_global): Linear(in_features=768, out_features=768, bias=True)
              (key_global): Linear(in_features=768, out_features=768, bias=True)
              (value_global): Linear(in_features=768, out_features=768, bias=True)
            )
            (output): BertSelfOutput(
              (dense): Linear(in_features=768, out_features=768, bias=True)
              (LayerNorm): LayerNorm((768,), eps=1e-12, elementwise_affine=True)
              (dropout): Dropout(p=0.1, inplace=False)
            )
          )
          (intermediate): BertIntermediate(
            (dense): Linear(in_features=768, out_features=3072, bias=True)
          )
          (output): BertOutput(
            (dense): Linear(in_features=3072, out_features=768, bias=True)
            (LayerNorm): LayerNorm((768,), eps=1e-12, elementwise_affine=True)
            (dropout): Dropout(p=0.1, inplace=False)
          )
        )
        (1): BertLayer(
          (attention): BertAttention(
            (self): LongformerSelfAttention(
              (query): Linear(in_features=768, out_features=768, bias=True)
              (key): Linear(in_features=768, out_features=768, bias=True)
              (value): Linear(in_features=768, out_features=768, bias=True)
              (query_global): Linear(in_features=768, out_features=768, bias=True)
              (key_global): Linear(in_features=768, out_features=768, bias=True)
              (value_global): Linear(in_features=768, out_features=768, bias=True)
            )
            (output): BertSelfOutput(
              (dense): Linear(in_features=768, out_features=768, bias=True)
              (LayerNorm): LayerNorm((768,), eps=1e-12, elementwise_affine=True)
              (dropout): Dropout(p=0.1, inplace=False)
            )
          )
          (intermediate): BertIntermediate(
            (dense): Linear(in_features=768, out_features=3072, bias=True)
          )
          (output): BertOutput(
            (dense): Linear(in_features=3072, out_features=768, bias=True)
            (LayerNorm): LayerNorm((768,), eps=1e-12, elementwise_affine=True)
            (dropout): Dropout(p=0.1, inplace=False)
          )
        )
        (2): BertLayer(
          (attention): BertAttention(
            (self): LongformerSelfAttention(
              (query): Linear(in_features=768, out_features=768, bias=True)
              (key): Linear(in_features=768, out_features=768, bias=True)
              (value): Linear(in_features=768, out_features=768, bias=True)
              (query_global): Linear(in_features=768, out_features=768, bias=True)
              (key_global): Linear(in_features=768, out_features=768, bias=True)
              (value_global): Linear(in_features=768, out_features=768, bias=True)
            )
            (output): BertSelfOutput(
              (dense): Linear(in_features=768, out_features=768, bias=True)
              (LayerNorm): LayerNorm((768,), eps=1e-12, elementwise_affine=True)
              (dropout): Dropout(p=0.1, inplace=False)
            )
          )
          (intermediate): BertIntermediate(
            (dense): Linear(in_features=768, out_features=3072, bias=True)
          )
          (output): BertOutput(
            (dense): Linear(in_features=3072, out_features=768, bias=True)
            (LayerNorm): LayerNorm((768,), eps=1e-12, elementwise_affine=True)
            (dropout): Dropout(p=0.1, inplace=False)
          )
        )
        (3): BertLayer(
          (attention): BertAttention(
            (self): LongformerSelfAttention(
              (query): Linear(in_features=768, out_features=768, bias=True)
              (key): Linear(in_features=768, out_features=768, bias=True)
              (value): Linear(in_features=768, out_features=768, bias=True)
              (query_global): Linear(in_features=768, out_features=768, bias=True)
              (key_global): Linear(in_features=768, out_features=768, bias=True)
              (value_global): Linear(in_features=768, out_features=768, bias=True)
            )
            (output): BertSelfOutput(
              (dense): Linear(in_features=768, out_features=768, bias=True)
              (LayerNorm): LayerNorm((768,), eps=1e-12, elementwise_affine=True)
              (dropout): Dropout(p=0.1, inplace=False)
            )
          )
          (intermediate): BertIntermediate(
            (dense): Linear(in_features=768, out_features=3072, bias=True)
          )
          (output): BertOutput(
            (dense): Linear(in_features=3072, out_features=768, bias=True)
            (LayerNorm): LayerNorm((768,), eps=1e-12, elementwise_affine=True)
            (dropout): Dropout(p=0.1, inplace=False)
          )
        )
        (4): BertLayer(
          (attention): BertAttention(
            (self): LongformerSelfAttention(
              (query): Linear(in_features=768, out_features=768, bias=True)
              (key): Linear(in_features=768, out_features=768, bias=True)
              (value): Linear(in_features=768, out_features=768, bias=True)
              (query_global): Linear(in_features=768, out_features=768, bias=True)
              (key_global): Linear(in_features=768, out_features=768, bias=True)
              (value_global): Linear(in_features=768, out_features=768, bias=True)
            )
            (output): BertSelfOutput(
              (dense): Linear(in_features=768, out_features=768, bias=True)
              (LayerNorm): LayerNorm((768,), eps=1e-12, elementwise_affine=True)
              (dropout): Dropout(p=0.1, inplace=False)
            )
          )
          (intermediate): BertIntermediate(
            (dense): Linear(in_features=768, out_features=3072, bias=True)
          )
          (output): BertOutput(
            (dense): Linear(in_features=3072, out_features=768, bias=True)
            (LayerNorm): LayerNorm((768,), eps=1e-12, elementwise_affine=True)
            (dropout): Dropout(p=0.1, inplace=False)
          )
        )
        (5): BertLayer(
          (attention): BertAttention(
            (self): LongformerSelfAttention(
              (query): Linear(in_features=768, out_features=768, bias=True)
              (key): Linear(in_features=768, out_features=768, bias=True)
              (value): Linear(in_features=768, out_features=768, bias=True)
              (query_global): Linear(in_features=768, out_features=768, bias=True)
              (key_global): Linear(in_features=768, out_features=768, bias=True)
              (value_global): Linear(in_features=768, out_features=768, bias=True)
            )
            (output): BertSelfOutput(
              (dense): Linear(in_features=768, out_features=768, bias=True)
              (LayerNorm): LayerNorm((768,), eps=1e-12, elementwise_affine=True)
              (dropout): Dropout(p=0.1, inplace=False)
            )
          )
          (intermediate): BertIntermediate(
            (dense): Linear(in_features=768, out_features=3072, bias=True)
          )
          (output): BertOutput(
            (dense): Linear(in_features=3072, out_features=768, bias=True)
            (LayerNorm): LayerNorm((768,), eps=1e-12, elementwise_affine=True)
            (dropout): Dropout(p=0.1, inplace=False)
          )
        )
        (6): BertLayer(
          (attention): BertAttention(
            (self): LongformerSelfAttention(
              (query): Linear(in_features=768, out_features=768, bias=True)
              (key): Linear(in_features=768, out_features=768, bias=True)
              (value): Linear(in_features=768, out_features=768, bias=True)
              (query_global): Linear(in_features=768, out_features=768, bias=True)
              (key_global): Linear(in_features=768, out_features=768, bias=True)
              (value_global): Linear(in_features=768, out_features=768, bias=True)
            )
            (output): BertSelfOutput(
              (dense): Linear(in_features=768, out_features=768, bias=True)
              (LayerNorm): LayerNorm((768,), eps=1e-12, elementwise_affine=True)
              (dropout): Dropout(p=0.1, inplace=False)
            )
          )
          (intermediate): BertIntermediate(
            (dense): Linear(in_features=768, out_features=3072, bias=True)
          )
          (output): BertOutput(
            (dense): Linear(in_features=3072, out_features=768, bias=True)
            (LayerNorm): LayerNorm((768,), eps=1e-12, elementwise_affine=True)
            (dropout): Dropout(p=0.1, inplace=False)
          )
        )
        (7): BertLayer(
          (attention): BertAttention(
            (self): LongformerSelfAttention(
              (query): Linear(in_features=768, out_features=768, bias=True)
              (key): Linear(in_features=768, out_features=768, bias=True)
              (value): Linear(in_features=768, out_features=768, bias=True)
              (query_global): Linear(in_features=768, out_features=768, bias=True)
              (key_global): Linear(in_features=768, out_features=768, bias=True)
              (value_global): Linear(in_features=768, out_features=768, bias=True)
            )
            (output): BertSelfOutput(
              (dense): Linear(in_features=768, out_features=768, bias=True)
              (LayerNorm): LayerNorm((768,), eps=1e-12, elementwise_affine=True)
              (dropout): Dropout(p=0.1, inplace=False)
            )
          )
          (intermediate): BertIntermediate(
            (dense): Linear(in_features=768, out_features=3072, bias=True)
          )
          (output): BertOutput(
            (dense): Linear(in_features=3072, out_features=768, bias=True)
            (LayerNorm): LayerNorm((768,), eps=1e-12, elementwise_affine=True)
            (dropout): Dropout(p=0.1, inplace=False)
          )
        )
        (8): BertLayer(
          (attention): BertAttention(
            (self): LongformerSelfAttention(
              (query): Linear(in_features=768, out_features=768, bias=True)
              (key): Linear(in_features=768, out_features=768, bias=True)
              (value): Linear(in_features=768, out_features=768, bias=True)
              (query_global): Linear(in_features=768, out_features=768, bias=True)
              (key_global): Linear(in_features=768, out_features=768, bias=True)
              (value_global): Linear(in_features=768, out_features=768, bias=True)
            )
            (output): BertSelfOutput(
              (dense): Linear(in_features=768, out_features=768, bias=True)
              (LayerNorm): LayerNorm((768,), eps=1e-12, elementwise_affine=True)
              (dropout): Dropout(p=0.1, inplace=False)
            )
          )
          (intermediate): BertIntermediate(
            (dense): Linear(in_features=768, out_features=3072, bias=True)
          )
          (output): BertOutput(
            (dense): Linear(in_features=3072, out_features=768, bias=True)
            (LayerNorm): LayerNorm((768,), eps=1e-12, elementwise_affine=True)
            (dropout): Dropout(p=0.1, inplace=False)
          )
        )
        (9): BertLayer(
          (attention): BertAttention(
            (self): LongformerSelfAttention(
              (query): Linear(in_features=768, out_features=768, bias=True)
              (key): Linear(in_features=768, out_features=768, bias=True)
              (value): Linear(in_features=768, out_features=768, bias=True)
              (query_global): Linear(in_features=768, out_features=768, bias=True)
              (key_global): Linear(in_features=768, out_features=768, bias=True)
              (value_global): Linear(in_features=768, out_features=768, bias=True)
            )
            (output): BertSelfOutput(
              (dense): Linear(in_features=768, out_features=768, bias=True)
              (LayerNorm): LayerNorm((768,), eps=1e-12, elementwise_affine=True)
              (dropout): Dropout(p=0.1, inplace=False)
            )
          )
          (intermediate): BertIntermediate(
            (dense): Linear(in_features=768, out_features=3072, bias=True)
          )
          (output): BertOutput(
            (dense): Linear(in_features=3072, out_features=768, bias=True)
            (LayerNorm): LayerNorm((768,), eps=1e-12, elementwise_affine=True)
            (dropout): Dropout(p=0.1, inplace=False)
          )
        )
        (10): BertLayer(
          (attention): BertAttention(
            (self): LongformerSelfAttention(
              (query): Linear(in_features=768, out_features=768, bias=True)
              (key): Linear(in_features=768, out_features=768, bias=True)
              (value): Linear(in_features=768, out_features=768, bias=True)
              (query_global): Linear(in_features=768, out_features=768, bias=True)
              (key_global): Linear(in_features=768, out_features=768, bias=True)
              (value_global): Linear(in_features=768, out_features=768, bias=True)
            )
            (output): BertSelfOutput(
              (dense): Linear(in_features=768, out_features=768, bias=True)
              (LayerNorm): LayerNorm((768,), eps=1e-12, elementwise_affine=True)
              (dropout): Dropout(p=0.1, inplace=False)
            )
          )
          (intermediate): BertIntermediate(
            (dense): Linear(in_features=768, out_features=3072, bias=True)
          )
          (output): BertOutput(
            (dense): Linear(in_features=3072, out_features=768, bias=True)
            (LayerNorm): LayerNorm((768,), eps=1e-12, elementwise_affine=True)
            (dropout): Dropout(p=0.1, inplace=False)
          )
        )
        (11): BertLayer(
          (attention): BertAttention(
            (self): LongformerSelfAttention(
              (query): Linear(in_features=768, out_features=768, bias=True)
              (key): Linear(in_features=768, out_features=768, bias=True)
              (value): Linear(in_features=768, out_features=768, bias=True)
              (query_global): Linear(in_features=768, out_features=768, bias=True)
              (key_global): Linear(in_features=768, out_features=768, bias=True)
              (value_global): Linear(in_features=768, out_features=768, bias=True)
            )
            (output): BertSelfOutput(
              (dense): Linear(in_features=768, out_features=768, bias=True)
              (LayerNorm): LayerNorm((768,), eps=1e-12, elementwise_affine=True)
              (dropout): Dropout(p=0.1, inplace=False)
            )
          )
          (intermediate): BertIntermediate(
            (dense): Linear(in_features=768, out_features=3072, bias=True)
          )
          (output): BertOutput(
            (dense): Linear(in_features=3072, out_features=768, bias=True)
            (LayerNorm): LayerNorm((768,), eps=1e-12, elementwise_affine=True)
            (dropout): Dropout(p=0.1, inplace=False)
          )
        )
      )
    )
    (pooler): BertPooler(
      (dense): Linear(in_features=768, out_features=768, bias=True)
      (activation): Tanh()
    )
  )
  (mlm_cls): BertOnlyMLMHead(
    (predictions): BertLMPredictionHead(
      (transform): BertPredictionHeadTransform(
        (dense): Linear(in_features=768, out_features=768, bias=True)
        (LayerNorm): LayerNorm((768,), eps=1e-12, elementwise_affine=True)
      )
      (decoder): Linear(in_features=768, out_features=105879, bias=True)
    )
  )
  (seqcls_dropout): Dropout(p=0.1, inplace=False)
  (seqcls_classifier): Linear(in_features=768, out_features=2, bias=True)
)
00:26:42 - Evaluating every 1 epochs ...
00:26:43 - reading data from /mnt/home/puxuan/wiki-clir/uncased and /mnt/home/puxuan/CLIR-project/Evaluation_data/process-clef/uncased
00:26:44 - f1 has 78 queries ...
00:26:44 - f2 has 78 queries ...
00:26:44 - Data reading done ...
00:26:50 - adding 9-th encoder to optimizer...
00:26:50 - adding 10-th encoder to optimizer...
00:26:50 - adding 11-th encoder to optimizer...
00:26:50 - process[4]: training epoch 0 ...
00:28:19 - process[4] - epoch 0 - train iter 625 - 7212.6 words/s - loss: 0.3482
00:28:19 - process[4]: training epoch 1 ...
00:30:15 - process[4] - epoch 1 - train iter 625 - 5711.4 words/s - loss: 0.2422
00:30:15 - process[4]: training epoch 2 ...
00:31:52 - process[4] - epoch 2 - train iter 625 - 6868.5 words/s - loss: 0.2104
00:31:52 - process[4]: training epoch 3 ...
00:33:43 - process[4] - epoch 3 - train iter 625 - 6298.2 words/s - loss: 0.2265
00:33:43 - process[4]: training epoch 4 ...
00:35:26 - process[4] - epoch 4 - train iter 625 - 6350.0 words/s - loss: 0.2007
00:35:26 - process[4]: training epoch 5 ...
00:37:00 - process[4] - epoch 5 - train iter 625 - 6930.2 words/s - loss: 0.1839
00:37:00 - process[4]: evaluating epoch 5 on f1 ...
00:39:10 - process[4] - f1 - epoch 5 - mAP: 0.463 w/ 78 queries
00:39:10 - process[4]: evaluating epoch 5 on f2 ...
00:40:06 - f2 set during evaluation: 29536/29534
00:40:06 - process[4] - f2 - epoch 5 - mAP: 0.527 w/ 78 queries
00:40:06 - process[4]: training epoch 6 ...
00:41:55 - process[4] - epoch 6 - train iter 625 - 6117.0 words/s - loss: 0.1765
00:41:55 - process[4]: evaluating epoch 6 on f1 ...
00:42:56 - process[4] - f1 - epoch 6 - mAP: 0.446 w/ 78 queries
00:42:56 - process[4]: evaluating epoch 6 on f2 ...
00:43:51 - f2 set during evaluation: 29536/29534
00:43:51 - process[4] - f2 - epoch 6 - mAP: 0.529 w/ 78 queries
00:43:51 - process[4]: training epoch 7 ...
00:45:48 - process[4] - epoch 7 - train iter 625 - 5677.0 words/s - loss: 0.1754
00:45:48 - process[4]: evaluating epoch 7 on f1 ...
00:46:42 - process[4] - f1 - epoch 7 - mAP: 0.456 w/ 78 queries
00:46:42 - process[4]: evaluating epoch 7 on f2 ...
00:47:37 - f2 set during evaluation: 29536/29534
00:47:37 - process[4] - f2 - epoch 7 - mAP: 0.535 w/ 78 queries
00:47:37 - process[4]: training epoch 8 ...
00:49:19 - process[4] - epoch 8 - train iter 625 - 6524.6 words/s - loss: 0.1776
00:49:19 - process[4]: evaluating epoch 8 on f1 ...
00:50:26 - process[4] - f1 - epoch 8 - mAP: 0.462 w/ 78 queries
00:50:26 - process[4]: evaluating epoch 8 on f2 ...
00:51:21 - f2 set during evaluation: 29536/29534
00:51:21 - process[4] - f2 - epoch 8 - mAP: 0.537 w/ 78 queries
00:51:21 - process[4]: training epoch 9 ...
00:52:54 - process[4] - epoch 9 - train iter 625 - 7038.4 words/s - loss: 0.1482
00:52:54 - process[4]: evaluating epoch 9 on f1 ...
00:54:11 - process[4] - f1 - epoch 9 - mAP: 0.471 w/ 78 queries
00:54:11 - process[4]: evaluating epoch 9 on f2 ...
00:55:06 - f2 set during evaluation: 29536/29534
00:55:06 - process[4] - f2 - epoch 9 - mAP: 0.540 w/ 78 queries
