00:00:06 - Namespace(apex_level='O2', batch_size=8, cased=False, dataset='clef', debug=False, encoder_lr=2e-05, eval_step=1, full_doc_length=True, local_rank=9, model_path='/mnt/scratch/puxuan/short_qlm_mix/2192279/huggingface-14', model_type='mbert', num_epochs=20, num_ft_encoders=3, num_neg=1, projector_lr=2e-05, seed=611, source_lang='es', target_lang='de')
00:00:14 - Evaluating every 1 epochs ...
00:00:14 - reading data from /mnt/home/puxuan/CLIR-project/Evaluation_data/process-clef/uncased
00:00:15 - test has 38 queries ...
00:00:15 - Data reading done ...
00:00:21 - adding 9-th encoder to optimizer...
00:00:21 - adding 10-th encoder to optimizer...
00:00:21 - adding 11-th encoder to optimizer...
00:00:22 - process[9]: training epoch 0 ...
00:00:39 - process[9] - epoch 0 - train iter 423 - 19496.9 words/s - loss: 0.6315
00:00:39 - process[9]: training epoch 1 ...
00:00:55 - process[9] - epoch 1 - train iter 423 - 21045.4 words/s - loss: 0.5469
00:00:55 - process[9]: training epoch 2 ...
00:01:11 - process[9] - epoch 2 - train iter 423 - 20971.0 words/s - loss: 0.5069
00:01:11 - process[9]: training epoch 3 ...
00:01:27 - process[9] - epoch 3 - train iter 423 - 21753.0 words/s - loss: 0.5142
00:01:27 - process[9]: training epoch 4 ...
00:01:43 - process[9] - epoch 4 - train iter 423 - 20586.7 words/s - loss: 0.4923
00:01:43 - process[9]: training epoch 5 ...
00:02:00 - process[9] - epoch 5 - train iter 423 - 19874.8 words/s - loss: 0.4683
00:02:00 - process[9]: training epoch 6 ...
00:02:16 - process[9] - epoch 6 - train iter 423 - 20691.2 words/s - loss: 0.4673
00:02:16 - process[9]: training epoch 7 ...
00:02:32 - process[9] - epoch 7 - train iter 423 - 21107.1 words/s - loss: 0.4576
00:02:32 - process[9]: training epoch 8 ...
00:02:48 - process[9] - epoch 8 - train iter 423 - 20865.9 words/s - loss: 0.4525
00:02:48 - process[9]: training epoch 9 ...
00:03:04 - process[9] - epoch 9 - train iter 423 - 20884.5 words/s - loss: 0.4247
00:03:04 - process[9]: training epoch 10 ...
00:03:19 - process[9] - epoch 10 - train iter 423 - 21673.7 words/s - loss: 0.4091
00:03:19 - process[9]: evaluating epoch 10 on dev ...
00:03:52 - dev set during evaluation: 13890/13887
00:03:53 - process[9] - dev - epoch 10 - mAP: 0.490 w/ 38 queries
00:03:53 - process[9]: evaluating epoch 10 on test ...
00:04:22 - test set during evaluation: 15580/15574
00:04:22 - process[9] - test - epoch 10 - mAP: 0.416 w/ 38 queries
00:04:23 - process[9]: training epoch 11 ...
00:04:39 - process[9] - epoch 11 - train iter 423 - 20654.4 words/s - loss: 0.4283
00:04:39 - process[9]: evaluating epoch 11 on dev ...
00:05:08 - dev set during evaluation: 13890/13887
00:05:08 - process[9] - dev - epoch 11 - mAP: 0.503 w/ 38 queries
00:05:08 - process[9]: evaluating epoch 11 on test ...
00:05:38 - test set during evaluation: 15580/15574
00:05:38 - process[9] - test - epoch 11 - mAP: 0.384 w/ 38 queries
00:05:38 - process[9]: training epoch 12 ...
00:05:55 - process[9] - epoch 12 - train iter 423 - 18695.4 words/s - loss: 0.4292
00:05:55 - process[9]: evaluating epoch 12 on dev ...
00:06:23 - dev set during evaluation: 13890/13887
00:06:23 - process[9] - dev - epoch 12 - mAP: 0.516 w/ 38 queries
00:06:23 - process[9]: evaluating epoch 12 on test ...
00:06:53 - test set during evaluation: 15580/15574
00:06:53 - process[9] - test - epoch 12 - mAP: 0.397 w/ 38 queries
00:06:53 - process[9]: training epoch 13 ...
00:07:09 - process[9] - epoch 13 - train iter 423 - 20887.2 words/s - loss: 0.3811
00:07:09 - process[9]: evaluating epoch 13 on dev ...
00:07:38 - dev set during evaluation: 13890/13887
00:07:38 - process[9] - dev - epoch 13 - mAP: 0.480 w/ 38 queries
00:07:38 - process[9]: training epoch 14 ...
00:07:54 - process[9] - epoch 14 - train iter 423 - 21768.3 words/s - loss: 0.4167
00:07:54 - process[9]: evaluating epoch 14 on dev ...
00:08:23 - dev set during evaluation: 13890/13887
00:08:23 - process[9] - dev - epoch 14 - mAP: 0.485 w/ 38 queries
00:08:24 - process[9]: training epoch 15 ...
00:08:40 - process[9] - epoch 15 - train iter 423 - 20323.2 words/s - loss: 0.3747
00:08:40 - process[9]: evaluating epoch 15 on dev ...
00:09:10 - dev set during evaluation: 13890/13887
00:09:10 - process[9] - dev - epoch 15 - mAP: 0.497 w/ 38 queries
00:09:10 - process[9]: training epoch 16 ...
00:09:26 - process[9] - epoch 16 - train iter 423 - 20164.2 words/s - loss: 0.3923
00:09:26 - process[9]: evaluating epoch 16 on dev ...
00:09:55 - dev set during evaluation: 13890/13887
00:09:55 - process[9] - dev - epoch 16 - mAP: 0.506 w/ 38 queries
00:09:55 - process[9]: training epoch 17 ...
00:10:11 - process[9] - epoch 17 - train iter 423 - 20441.2 words/s - loss: 0.3883
00:10:11 - process[9]: evaluating epoch 17 on dev ...
00:10:40 - dev set during evaluation: 13890/13887
00:10:40 - process[9] - dev - epoch 17 - mAP: 0.471 w/ 38 queries
00:10:40 - process[9]: training epoch 18 ...
00:10:57 - process[9] - epoch 18 - train iter 423 - 20068.7 words/s - loss: 0.4017
00:10:57 - process[9]: evaluating epoch 18 on dev ...
00:11:25 - dev set during evaluation: 13890/13887
00:11:25 - process[9] - dev - epoch 18 - mAP: 0.501 w/ 38 queries
00:11:25 - process[9]: training epoch 19 ...
00:11:41 - process[9] - epoch 19 - train iter 423 - 20926.6 words/s - loss: 0.4179
00:11:41 - process[9]: evaluating epoch 19 on dev ...
00:12:10 - dev set during evaluation: 13890/13887
00:12:10 - process[9] - dev - epoch 19 - mAP: 0.511 w/ 38 queries
00:12:10 - [fold 1] best test MAP: 0.397 @ epoch 12
00:12:10 - Evaluating every 1 epochs ...
00:12:10 - reading data from /mnt/home/puxuan/CLIR-project/Evaluation_data/process-clef/uncased
00:12:11 - test has 39 queries ...
00:12:11 - Data reading done ...
00:12:13 - adding 9-th encoder to optimizer...
00:12:13 - adding 10-th encoder to optimizer...
00:12:13 - adding 11-th encoder to optimizer...
00:12:14 - process[9]: training epoch 0 ...
00:12:31 - process[9] - epoch 0 - train iter 386 - 17098.8 words/s - loss: 0.6550
00:12:31 - process[9]: training epoch 1 ...
00:12:48 - process[9] - epoch 1 - train iter 386 - 17962.3 words/s - loss: 0.5534
00:12:48 - process[9]: training epoch 2 ...
00:13:07 - process[9] - epoch 2 - train iter 386 - 16396.9 words/s - loss: 0.5032
00:13:07 - process[9]: training epoch 3 ...
00:13:26 - process[9] - epoch 3 - train iter 386 - 16447.1 words/s - loss: 0.4939
00:13:26 - process[9]: training epoch 4 ...
00:13:43 - process[9] - epoch 4 - train iter 386 - 17554.2 words/s - loss: 0.4669
00:13:43 - process[9]: training epoch 5 ...
00:14:01 - process[9] - epoch 5 - train iter 386 - 16350.0 words/s - loss: 0.4734
00:14:01 - process[9]: training epoch 6 ...
00:14:21 - process[9] - epoch 6 - train iter 386 - 15091.0 words/s - loss: 0.3965
00:14:21 - process[9]: training epoch 7 ...
00:14:39 - process[9] - epoch 7 - train iter 386 - 17511.0 words/s - loss: 0.4382
00:14:39 - process[9]: training epoch 8 ...
00:14:56 - process[9] - epoch 8 - train iter 386 - 17967.7 words/s - loss: 0.4433
00:14:56 - process[9]: training epoch 9 ...
00:15:12 - process[9] - epoch 9 - train iter 386 - 18946.4 words/s - loss: 0.4175
00:15:12 - process[9]: training epoch 10 ...
00:15:29 - process[9] - epoch 10 - train iter 386 - 16912.4 words/s - loss: 0.4165
00:15:29 - process[9]: evaluating epoch 10 on dev ...
00:16:09 - dev set during evaluation: 15580/15574
00:16:09 - process[9] - dev - epoch 10 - mAP: 0.422 w/ 38 queries
00:16:09 - process[9]: evaluating epoch 10 on test ...
00:16:41 - test set during evaluation: 14340/14338
00:16:41 - process[9] - test - epoch 10 - mAP: 0.475 w/ 39 queries
00:16:41 - process[9]: training epoch 11 ...
00:16:58 - process[9] - epoch 11 - train iter 386 - 17764.3 words/s - loss: 0.3892
00:16:58 - process[9]: evaluating epoch 11 on dev ...
00:17:36 - dev set during evaluation: 15580/15574
00:17:36 - process[9] - dev - epoch 11 - mAP: 0.386 w/ 38 queries
00:17:36 - process[9]: training epoch 12 ...
00:17:53 - process[9] - epoch 12 - train iter 386 - 17845.9 words/s - loss: 0.4178
00:17:53 - process[9]: evaluating epoch 12 on dev ...
00:18:30 - dev set during evaluation: 15580/15574
00:18:30 - process[9] - dev - epoch 12 - mAP: 0.413 w/ 38 queries
00:18:30 - process[9]: training epoch 13 ...
00:18:50 - process[9] - epoch 13 - train iter 386 - 15494.7 words/s - loss: 0.4151
00:18:50 - process[9]: evaluating epoch 13 on dev ...
00:19:24 - dev set during evaluation: 15580/15574
00:19:24 - process[9] - dev - epoch 13 - mAP: 0.398 w/ 38 queries
00:19:24 - process[9]: training epoch 14 ...
00:19:42 - process[9] - epoch 14 - train iter 386 - 17367.6 words/s - loss: 0.4155
00:19:42 - process[9]: evaluating epoch 14 on dev ...
00:20:19 - dev set during evaluation: 15580/15574
00:20:19 - process[9] - dev - epoch 14 - mAP: 0.415 w/ 38 queries
00:20:19 - process[9]: training epoch 15 ...
00:20:37 - process[9] - epoch 15 - train iter 386 - 16448.0 words/s - loss: 0.4121
00:20:37 - process[9]: evaluating epoch 15 on dev ...
00:21:13 - dev set during evaluation: 15580/15574
00:21:13 - process[9] - dev - epoch 15 - mAP: 0.416 w/ 38 queries
00:21:13 - process[9]: training epoch 16 ...
00:21:30 - process[9] - epoch 16 - train iter 386 - 17075.9 words/s - loss: 0.3627
00:21:30 - process[9]: evaluating epoch 16 on dev ...
00:22:06 - dev set during evaluation: 15580/15574
00:22:06 - process[9] - dev - epoch 16 - mAP: 0.428 w/ 38 queries
00:22:06 - process[9]: evaluating epoch 16 on test ...
00:22:38 - test set during evaluation: 14340/14338
00:22:38 - process[9] - test - epoch 16 - mAP: 0.496 w/ 39 queries
00:22:38 - process[9]: training epoch 17 ...
00:22:58 - process[9] - epoch 17 - train iter 386 - 15816.4 words/s - loss: 0.3913
00:22:58 - process[9]: evaluating epoch 17 on dev ...
00:23:31 - dev set during evaluation: 15580/15574
00:23:31 - process[9] - dev - epoch 17 - mAP: 0.406 w/ 38 queries
00:23:31 - process[9]: training epoch 18 ...
00:23:49 - process[9] - epoch 18 - train iter 386 - 16868.4 words/s - loss: 0.4177
00:23:49 - process[9]: evaluating epoch 18 on dev ...
00:24:25 - dev set during evaluation: 15580/15574
00:24:25 - process[9] - dev - epoch 18 - mAP: 0.430 w/ 38 queries
00:24:25 - process[9]: evaluating epoch 18 on test ...
00:24:58 - test set during evaluation: 14340/14338
00:24:58 - process[9] - test - epoch 18 - mAP: 0.499 w/ 39 queries
00:24:58 - process[9]: training epoch 19 ...
00:25:17 - process[9] - epoch 19 - train iter 386 - 16674.9 words/s - loss: 0.3552
00:25:17 - process[9]: evaluating epoch 19 on dev ...
00:25:52 - dev set during evaluation: 15580/15574
00:25:52 - process[9] - dev - epoch 19 - mAP: 0.396 w/ 38 queries
00:25:52 - [fold 2] best test MAP: 0.499 @ epoch 18
00:25:52 - Evaluating every 1 epochs ...
00:25:52 - reading data from /mnt/home/puxuan/CLIR-project/Evaluation_data/process-clef/uncased
00:25:53 - test has 39 queries ...
00:25:53 - Data reading done ...
00:25:55 - adding 9-th encoder to optimizer...
00:25:55 - adding 10-th encoder to optimizer...
00:25:55 - adding 11-th encoder to optimizer...
00:25:55 - process[9]: training epoch 0 ...
00:26:13 - process[9] - epoch 0 - train iter 360 - 16052.0 words/s - loss: 0.6696
00:26:13 - process[9]: training epoch 1 ...
00:26:30 - process[9] - epoch 1 - train iter 360 - 16840.0 words/s - loss: 0.5264
00:26:30 - process[9]: training epoch 2 ...
00:26:46 - process[9] - epoch 2 - train iter 360 - 18025.8 words/s - loss: 0.5232
00:26:46 - process[9]: training epoch 3 ...
00:27:03 - process[9] - epoch 3 - train iter 360 - 17023.6 words/s - loss: 0.4889
00:27:03 - process[9]: training epoch 4 ...
00:27:21 - process[9] - epoch 4 - train iter 360 - 16286.1 words/s - loss: 0.4739
00:27:21 - process[9]: training epoch 5 ...
00:27:40 - process[9] - epoch 5 - train iter 360 - 14925.8 words/s - loss: 0.4619
00:27:40 - process[9]: training epoch 6 ...
00:27:57 - process[9] - epoch 6 - train iter 360 - 17423.2 words/s - loss: 0.4619
00:27:57 - process[9]: training epoch 7 ...
00:28:13 - process[9] - epoch 7 - train iter 360 - 16904.2 words/s - loss: 0.4694
00:28:13 - process[9]: training epoch 8 ...
00:28:30 - process[9] - epoch 8 - train iter 360 - 16926.9 words/s - loss: 0.4338
00:28:30 - process[9]: training epoch 9 ...
00:28:47 - process[9] - epoch 9 - train iter 360 - 16666.2 words/s - loss: 0.4107
00:28:47 - process[9]: training epoch 10 ...
00:29:05 - process[9] - epoch 10 - train iter 360 - 15961.0 words/s - loss: 0.4335
00:29:05 - process[9]: evaluating epoch 10 on dev ...
00:29:48 - dev set during evaluation: 14340/14338
00:29:48 - process[9] - dev - epoch 10 - mAP: 0.481 w/ 39 queries
00:29:48 - process[9]: evaluating epoch 10 on test ...
00:30:17 - test set during evaluation: 11710/11707
00:30:17 - process[9] - test - epoch 10 - mAP: 0.512 w/ 39 queries
00:30:17 - process[9]: training epoch 11 ...
00:30:36 - process[9] - epoch 11 - train iter 360 - 14777.8 words/s - loss: 0.4544
00:30:36 - process[9]: evaluating epoch 11 on dev ...
00:31:08 - dev set during evaluation: 14340/14338
00:31:08 - process[9] - dev - epoch 11 - mAP: 0.482 w/ 39 queries
00:31:08 - process[9]: evaluating epoch 11 on test ...
00:31:37 - test set during evaluation: 11710/11707
00:31:37 - process[9] - test - epoch 11 - mAP: 0.516 w/ 39 queries
00:31:37 - process[9]: training epoch 12 ...
00:31:54 - process[9] - epoch 12 - train iter 360 - 16739.6 words/s - loss: 0.4419
00:31:54 - process[9]: evaluating epoch 12 on dev ...
00:32:27 - dev set during evaluation: 14340/14338
00:32:27 - process[9] - dev - epoch 12 - mAP: 0.499 w/ 39 queries
00:32:27 - process[9]: evaluating epoch 12 on test ...
00:32:55 - test set during evaluation: 11710/11707
00:32:55 - process[9] - test - epoch 12 - mAP: 0.519 w/ 39 queries
00:32:55 - process[9]: training epoch 13 ...
00:33:12 - process[9] - epoch 13 - train iter 360 - 17151.5 words/s - loss: 0.4168
00:33:12 - process[9]: evaluating epoch 13 on dev ...
00:33:45 - dev set during evaluation: 14340/14338
00:33:45 - process[9] - dev - epoch 13 - mAP: 0.501 w/ 39 queries
00:33:45 - process[9]: evaluating epoch 13 on test ...
00:34:14 - test set during evaluation: 11710/11707
00:34:14 - process[9] - test - epoch 13 - mAP: 0.517 w/ 39 queries
00:34:14 - process[9]: training epoch 14 ...
00:34:30 - process[9] - epoch 14 - train iter 360 - 17177.5 words/s - loss: 0.4186
00:34:30 - process[9]: evaluating epoch 14 on dev ...
00:35:04 - dev set during evaluation: 14340/14338
00:35:04 - process[9] - dev - epoch 14 - mAP: 0.491 w/ 39 queries
00:35:04 - process[9]: training epoch 15 ...
00:35:21 - process[9] - epoch 15 - train iter 360 - 16844.4 words/s - loss: 0.4146
00:35:21 - process[9]: evaluating epoch 15 on dev ...
00:35:53 - dev set during evaluation: 14340/14338
00:35:53 - process[9] - dev - epoch 15 - mAP: 0.504 w/ 39 queries
00:35:54 - process[9]: evaluating epoch 15 on test ...
00:36:22 - test set during evaluation: 11710/11707
00:36:22 - process[9] - test - epoch 15 - mAP: 0.517 w/ 39 queries
00:36:22 - process[9]: training epoch 16 ...
00:36:40 - process[9] - epoch 16 - train iter 360 - 16205.5 words/s - loss: 0.3844
00:36:40 - process[9]: evaluating epoch 16 on dev ...
00:37:13 - dev set during evaluation: 14340/14338
00:37:13 - process[9] - dev - epoch 16 - mAP: 0.493 w/ 39 queries
00:37:13 - process[9]: training epoch 17 ...
00:37:30 - process[9] - epoch 17 - train iter 360 - 16555.0 words/s - loss: 0.3895
00:37:30 - process[9]: evaluating epoch 17 on dev ...
00:38:03 - dev set during evaluation: 14340/14338
00:38:03 - process[9] - dev - epoch 17 - mAP: 0.498 w/ 39 queries
00:38:03 - process[9]: training epoch 18 ...
00:38:21 - process[9] - epoch 18 - train iter 360 - 16085.0 words/s - loss: 0.3287
00:38:21 - process[9]: evaluating epoch 18 on dev ...
00:38:56 - dev set during evaluation: 14340/14338
00:38:56 - process[9] - dev - epoch 18 - mAP: 0.510 w/ 39 queries
00:38:56 - process[9]: evaluating epoch 18 on test ...
00:39:25 - test set during evaluation: 11710/11707
00:39:25 - process[9] - test - epoch 18 - mAP: 0.506 w/ 39 queries
00:39:25 - process[9]: training epoch 19 ...
00:39:44 - process[9] - epoch 19 - train iter 360 - 15251.4 words/s - loss: 0.3964
00:39:44 - process[9]: evaluating epoch 19 on dev ...
00:40:16 - dev set during evaluation: 14340/14338
00:40:16 - process[9] - dev - epoch 19 - mAP: 0.495 w/ 39 queries
00:40:16 - [fold 3] best test MAP: 0.506 @ epoch 18
00:40:16 - Evaluating every 1 epochs ...
00:40:16 - reading data from /mnt/home/puxuan/CLIR-project/Evaluation_data/process-clef/uncased
00:40:17 - test has 38 queries ...
00:40:17 - Data reading done ...
00:40:19 - adding 9-th encoder to optimizer...
00:40:19 - adding 10-th encoder to optimizer...
00:40:19 - adding 11-th encoder to optimizer...
00:40:19 - process[9]: training epoch 0 ...
00:40:37 - process[9] - epoch 0 - train iter 404 - 17873.1 words/s - loss: 0.6480
00:40:37 - process[9]: training epoch 1 ...
00:40:56 - process[9] - epoch 1 - train iter 404 - 17475.3 words/s - loss: 0.5173
00:40:56 - process[9]: training epoch 2 ...
00:41:14 - process[9] - epoch 2 - train iter 404 - 17974.4 words/s - loss: 0.5247
00:41:14 - process[9]: training epoch 3 ...
00:41:32 - process[9] - epoch 3 - train iter 404 - 17556.7 words/s - loss: 0.4827
00:41:32 - process[9]: training epoch 4 ...
00:41:50 - process[9] - epoch 4 - train iter 404 - 17414.8 words/s - loss: 0.4582
00:41:50 - process[9]: training epoch 5 ...
00:42:08 - process[9] - epoch 5 - train iter 404 - 18479.5 words/s - loss: 0.4729
00:42:08 - process[9]: training epoch 6 ...
00:42:26 - process[9] - epoch 6 - train iter 404 - 17960.0 words/s - loss: 0.4518
00:42:26 - process[9]: training epoch 7 ...
00:42:44 - process[9] - epoch 7 - train iter 404 - 17253.1 words/s - loss: 0.4100
00:42:44 - process[9]: training epoch 8 ...
00:43:02 - process[9] - epoch 8 - train iter 404 - 18410.4 words/s - loss: 0.4069
00:43:02 - process[9]: training epoch 9 ...
00:43:19 - process[9] - epoch 9 - train iter 404 - 18118.7 words/s - loss: 0.4184
00:43:19 - process[9]: training epoch 10 ...
00:43:38 - process[9] - epoch 10 - train iter 404 - 17320.6 words/s - loss: 0.4277
00:43:38 - process[9]: evaluating epoch 10 on dev ...
00:44:05 - dev set during evaluation: 11710/11707
00:44:05 - process[9] - dev - epoch 10 - mAP: 0.512 w/ 39 queries
00:44:05 - process[9]: evaluating epoch 10 on test ...
00:44:32 - test set during evaluation: 13490/13483
00:44:32 - process[9] - test - epoch 10 - mAP: 0.513 w/ 38 queries
00:44:32 - process[9]: training epoch 11 ...
00:44:50 - process[9] - epoch 11 - train iter 404 - 18188.1 words/s - loss: 0.3965
00:44:50 - process[9]: evaluating epoch 11 on dev ...
00:45:19 - dev set during evaluation: 11710/11707
00:45:19 - process[9] - dev - epoch 11 - mAP: 0.514 w/ 39 queries
00:45:19 - process[9]: evaluating epoch 11 on test ...
00:45:46 - test set during evaluation: 13490/13483
00:45:46 - process[9] - test - epoch 11 - mAP: 0.520 w/ 38 queries
00:45:46 - process[9]: training epoch 12 ...
00:46:06 - process[9] - epoch 12 - train iter 404 - 16511.9 words/s - loss: 0.4410
00:46:06 - process[9]: evaluating epoch 12 on dev ...
00:46:32 - dev set during evaluation: 11710/11707
00:46:32 - process[9] - dev - epoch 12 - mAP: 0.513 w/ 39 queries
00:46:32 - process[9]: training epoch 13 ...
00:46:49 - process[9] - epoch 13 - train iter 404 - 18287.2 words/s - loss: 0.4050
00:46:49 - process[9]: evaluating epoch 13 on dev ...
00:47:17 - dev set during evaluation: 11710/11707
00:47:17 - process[9] - dev - epoch 13 - mAP: 0.523 w/ 39 queries
00:47:17 - process[9]: evaluating epoch 13 on test ...
00:47:44 - test set during evaluation: 13490/13483
00:47:44 - process[9] - test - epoch 13 - mAP: 0.512 w/ 38 queries
00:47:44 - process[9]: training epoch 14 ...
00:48:04 - process[9] - epoch 14 - train iter 404 - 16488.7 words/s - loss: 0.4023
00:48:04 - process[9]: evaluating epoch 14 on dev ...
00:48:30 - dev set during evaluation: 11710/11707
00:48:30 - process[9] - dev - epoch 14 - mAP: 0.518 w/ 39 queries
00:48:30 - process[9]: training epoch 15 ...
00:48:49 - process[9] - epoch 15 - train iter 404 - 16945.4 words/s - loss: 0.3942
00:48:49 - process[9]: evaluating epoch 15 on dev ...
00:49:15 - dev set during evaluation: 11710/11707
00:49:15 - process[9] - dev - epoch 15 - mAP: 0.520 w/ 39 queries
00:49:15 - process[9]: training epoch 16 ...
00:49:32 - process[9] - epoch 16 - train iter 404 - 18377.4 words/s - loss: 0.3610
00:49:32 - process[9]: evaluating epoch 16 on dev ...
00:50:00 - dev set during evaluation: 11710/11707
00:50:00 - process[9] - dev - epoch 16 - mAP: 0.518 w/ 39 queries
00:50:00 - process[9]: training epoch 17 ...
00:50:19 - process[9] - epoch 17 - train iter 404 - 16336.0 words/s - loss: 0.3596
00:50:19 - process[9]: evaluating epoch 17 on dev ...
00:50:45 - dev set during evaluation: 11710/11707
00:50:45 - process[9] - dev - epoch 17 - mAP: 0.514 w/ 39 queries
00:50:45 - process[9]: training epoch 18 ...
00:51:04 - process[9] - epoch 18 - train iter 404 - 17000.5 words/s - loss: 0.3732
00:51:04 - process[9]: evaluating epoch 18 on dev ...
00:51:31 - dev set during evaluation: 11710/11707
00:51:31 - process[9] - dev - epoch 18 - mAP: 0.523 w/ 39 queries
00:51:31 - process[9]: training epoch 19 ...
00:51:48 - process[9] - epoch 19 - train iter 404 - 18330.8 words/s - loss: 0.3976
00:51:48 - process[9]: evaluating epoch 19 on dev ...
00:52:15 - dev set during evaluation: 11710/11707
00:52:15 - process[9] - dev - epoch 19 - mAP: 0.514 w/ 39 queries
00:52:15 - [fold 4] best test MAP: 0.512 @ epoch 13
00:52:15 - Evaluating every 1 epochs ...
00:52:15 - reading data from /mnt/home/puxuan/CLIR-project/Evaluation_data/process-clef/uncased
00:52:16 - test has 38 queries ...
00:52:16 - Data reading done ...
00:52:18 - adding 9-th encoder to optimizer...
00:52:18 - adding 10-th encoder to optimizer...
00:52:18 - adding 11-th encoder to optimizer...
00:52:18 - process[9]: training epoch 0 ...
00:52:38 - process[9] - epoch 0 - train iter 444 - 18328.7 words/s - loss: 0.6605
00:52:38 - process[9]: training epoch 1 ...
00:52:56 - process[9] - epoch 1 - train iter 444 - 19655.5 words/s - loss: 0.5645
00:52:56 - process[9]: training epoch 2 ...
00:53:14 - process[9] - epoch 2 - train iter 444 - 19552.3 words/s - loss: 0.5268
00:53:14 - process[9]: training epoch 3 ...
00:53:33 - process[9] - epoch 3 - train iter 444 - 18708.2 words/s - loss: 0.5271
00:53:33 - process[9]: training epoch 4 ...
00:53:52 - process[9] - epoch 4 - train iter 444 - 19144.6 words/s - loss: 0.4996
00:53:52 - process[9]: training epoch 5 ...
00:54:09 - process[9] - epoch 5 - train iter 444 - 19882.4 words/s - loss: 0.4722
00:54:09 - process[9]: training epoch 6 ...
00:54:28 - process[9] - epoch 6 - train iter 444 - 18734.6 words/s - loss: 0.4729
00:54:28 - process[9]: training epoch 7 ...
00:54:48 - process[9] - epoch 7 - train iter 444 - 18109.6 words/s - loss: 0.4635
00:54:48 - process[9]: training epoch 8 ...
00:55:07 - process[9] - epoch 8 - train iter 444 - 18662.7 words/s - loss: 0.4577
00:55:07 - process[9]: training epoch 9 ...
00:55:25 - process[9] - epoch 9 - train iter 444 - 18845.9 words/s - loss: 0.4550
00:55:25 - process[9]: training epoch 10 ...
00:55:43 - process[9] - epoch 10 - train iter 444 - 19928.5 words/s - loss: 0.4464
00:55:43 - process[9]: evaluating epoch 10 on dev ...
00:56:14 - dev set during evaluation: 13490/13483
00:56:14 - process[9] - dev - epoch 10 - mAP: 0.521 w/ 38 queries
00:56:14 - process[9]: evaluating epoch 10 on test ...
00:56:46 - test set during evaluation: 13890/13887
00:56:46 - process[9] - test - epoch 10 - mAP: 0.480 w/ 38 queries
00:56:46 - process[9]: training epoch 11 ...
00:57:04 - process[9] - epoch 11 - train iter 444 - 19472.6 words/s - loss: 0.4532
00:57:04 - process[9]: evaluating epoch 11 on dev ...
00:57:34 - dev set during evaluation: 13490/13483
00:57:34 - process[9] - dev - epoch 11 - mAP: 0.494 w/ 38 queries
00:57:34 - process[9]: training epoch 12 ...
00:57:54 - process[9] - epoch 12 - train iter 444 - 17988.4 words/s - loss: 0.4294
00:57:54 - process[9]: evaluating epoch 12 on dev ...
00:58:20 - dev set during evaluation: 13490/13483
00:58:20 - process[9] - dev - epoch 12 - mAP: 0.483 w/ 38 queries
00:58:20 - process[9]: training epoch 13 ...
00:58:39 - process[9] - epoch 13 - train iter 444 - 18238.6 words/s - loss: 0.3994
00:58:39 - process[9]: evaluating epoch 13 on dev ...
00:59:07 - dev set during evaluation: 13490/13483
00:59:07 - process[9] - dev - epoch 13 - mAP: 0.480 w/ 38 queries
00:59:07 - process[9]: training epoch 14 ...
00:59:27 - process[9] - epoch 14 - train iter 444 - 17864.6 words/s - loss: 0.4072
00:59:27 - process[9]: evaluating epoch 14 on dev ...
00:59:55 - dev set during evaluation: 13490/13483
00:59:55 - process[9] - dev - epoch 14 - mAP: 0.513 w/ 38 queries
00:59:55 - process[9]: training epoch 15 ...
01:00:14 - process[9] - epoch 15 - train iter 444 - 18675.4 words/s - loss: 0.4029
01:00:14 - process[9]: evaluating epoch 15 on dev ...
01:00:42 - dev set during evaluation: 13490/13483
01:00:42 - process[9] - dev - epoch 15 - mAP: 0.497 w/ 38 queries
01:00:42 - process[9]: training epoch 16 ...
01:01:00 - process[9] - epoch 16 - train iter 444 - 19637.6 words/s - loss: 0.3968
01:01:00 - process[9]: evaluating epoch 16 on dev ...
01:01:29 - dev set during evaluation: 13490/13483
01:01:29 - process[9] - dev - epoch 16 - mAP: 0.511 w/ 38 queries
01:01:29 - process[9]: training epoch 17 ...
01:01:48 - process[9] - epoch 17 - train iter 444 - 18160.8 words/s - loss: 0.4018
01:01:48 - process[9]: evaluating epoch 17 on dev ...
01:02:16 - dev set during evaluation: 13490/13483
01:02:16 - process[9] - dev - epoch 17 - mAP: 0.488 w/ 38 queries
01:02:16 - process[9]: training epoch 18 ...
01:02:35 - process[9] - epoch 18 - train iter 444 - 18667.5 words/s - loss: 0.4102
01:02:35 - process[9]: evaluating epoch 18 on dev ...
01:03:03 - dev set during evaluation: 13490/13483
01:03:03 - process[9] - dev - epoch 18 - mAP: 0.504 w/ 38 queries
01:03:03 - process[9]: training epoch 19 ...
01:03:21 - process[9] - epoch 19 - train iter 444 - 19204.3 words/s - loss: 0.4073
01:03:21 - process[9]: evaluating epoch 19 on dev ...
01:03:50 - dev set during evaluation: 13490/13483
01:03:50 - process[9] - dev - epoch 19 - mAP: 0.503 w/ 38 queries
01:03:50 - [fold 5] best test MAP: 0.480 @ epoch 10
01:03:50 - [0.3967031222202733, 0.498547993119284, 0.5062560485476457, 0.5123188260972602, 0.4797767429962551]
01:03:50 - [38, 39, 39, 38, 38]
01:03:50 - final MAP: 0.479
