00:00:06 - Namespace(apex_level='O2', batch_size=8, cased=False, dataset='clef', debug=False, encoder_lr=2e-05, eval_step=1, full_doc_length=True, local_rank=4, model_path='/mnt/scratch/puxuan/long_qlm-rr/2151242/huggingface-0', model_type='mbert-long', num_epochs=20, num_ft_encoders=3, num_neg=1, projector_lr=2e-05, seed=611, source_lang='fr', target_lang='de')
00:00:15 - BertLongForXLRetrieval(
  (bert): BertModel(
    (embeddings): BertEmbeddings(
      (word_embeddings): Embedding(105879, 768, padding_idx=0)
      (position_embeddings): Embedding(1024, 768)
      (token_type_embeddings): Embedding(2, 768)
      (LayerNorm): LayerNorm((768,), eps=1e-12, elementwise_affine=True)
      (dropout): Dropout(p=0.1, inplace=False)
    )
    (encoder): BertEncoder(
      (layer): ModuleList(
        (0): BertLayer(
          (attention): BertAttention(
            (self): LongformerSelfAttention(
              (query): Linear(in_features=768, out_features=768, bias=True)
              (key): Linear(in_features=768, out_features=768, bias=True)
              (value): Linear(in_features=768, out_features=768, bias=True)
              (query_global): Linear(in_features=768, out_features=768, bias=True)
              (key_global): Linear(in_features=768, out_features=768, bias=True)
              (value_global): Linear(in_features=768, out_features=768, bias=True)
            )
            (output): BertSelfOutput(
              (dense): Linear(in_features=768, out_features=768, bias=True)
              (LayerNorm): LayerNorm((768,), eps=1e-12, elementwise_affine=True)
              (dropout): Dropout(p=0.1, inplace=False)
            )
          )
          (intermediate): BertIntermediate(
            (dense): Linear(in_features=768, out_features=3072, bias=True)
          )
          (output): BertOutput(
            (dense): Linear(in_features=3072, out_features=768, bias=True)
            (LayerNorm): LayerNorm((768,), eps=1e-12, elementwise_affine=True)
            (dropout): Dropout(p=0.1, inplace=False)
          )
        )
        (1): BertLayer(
          (attention): BertAttention(
            (self): LongformerSelfAttention(
              (query): Linear(in_features=768, out_features=768, bias=True)
              (key): Linear(in_features=768, out_features=768, bias=True)
              (value): Linear(in_features=768, out_features=768, bias=True)
              (query_global): Linear(in_features=768, out_features=768, bias=True)
              (key_global): Linear(in_features=768, out_features=768, bias=True)
              (value_global): Linear(in_features=768, out_features=768, bias=True)
            )
            (output): BertSelfOutput(
              (dense): Linear(in_features=768, out_features=768, bias=True)
              (LayerNorm): LayerNorm((768,), eps=1e-12, elementwise_affine=True)
              (dropout): Dropout(p=0.1, inplace=False)
            )
          )
          (intermediate): BertIntermediate(
            (dense): Linear(in_features=768, out_features=3072, bias=True)
          )
          (output): BertOutput(
            (dense): Linear(in_features=3072, out_features=768, bias=True)
            (LayerNorm): LayerNorm((768,), eps=1e-12, elementwise_affine=True)
            (dropout): Dropout(p=0.1, inplace=False)
          )
        )
        (2): BertLayer(
          (attention): BertAttention(
            (self): LongformerSelfAttention(
              (query): Linear(in_features=768, out_features=768, bias=True)
              (key): Linear(in_features=768, out_features=768, bias=True)
              (value): Linear(in_features=768, out_features=768, bias=True)
              (query_global): Linear(in_features=768, out_features=768, bias=True)
              (key_global): Linear(in_features=768, out_features=768, bias=True)
              (value_global): Linear(in_features=768, out_features=768, bias=True)
            )
            (output): BertSelfOutput(
              (dense): Linear(in_features=768, out_features=768, bias=True)
              (LayerNorm): LayerNorm((768,), eps=1e-12, elementwise_affine=True)
              (dropout): Dropout(p=0.1, inplace=False)
            )
          )
          (intermediate): BertIntermediate(
            (dense): Linear(in_features=768, out_features=3072, bias=True)
          )
          (output): BertOutput(
            (dense): Linear(in_features=3072, out_features=768, bias=True)
            (LayerNorm): LayerNorm((768,), eps=1e-12, elementwise_affine=True)
            (dropout): Dropout(p=0.1, inplace=False)
          )
        )
        (3): BertLayer(
          (attention): BertAttention(
            (self): LongformerSelfAttention(
              (query): Linear(in_features=768, out_features=768, bias=True)
              (key): Linear(in_features=768, out_features=768, bias=True)
              (value): Linear(in_features=768, out_features=768, bias=True)
              (query_global): Linear(in_features=768, out_features=768, bias=True)
              (key_global): Linear(in_features=768, out_features=768, bias=True)
              (value_global): Linear(in_features=768, out_features=768, bias=True)
            )
            (output): BertSelfOutput(
              (dense): Linear(in_features=768, out_features=768, bias=True)
              (LayerNorm): LayerNorm((768,), eps=1e-12, elementwise_affine=True)
              (dropout): Dropout(p=0.1, inplace=False)
            )
          )
          (intermediate): BertIntermediate(
            (dense): Linear(in_features=768, out_features=3072, bias=True)
          )
          (output): BertOutput(
            (dense): Linear(in_features=3072, out_features=768, bias=True)
            (LayerNorm): LayerNorm((768,), eps=1e-12, elementwise_affine=True)
            (dropout): Dropout(p=0.1, inplace=False)
          )
        )
        (4): BertLayer(
          (attention): BertAttention(
            (self): LongformerSelfAttention(
              (query): Linear(in_features=768, out_features=768, bias=True)
              (key): Linear(in_features=768, out_features=768, bias=True)
              (value): Linear(in_features=768, out_features=768, bias=True)
              (query_global): Linear(in_features=768, out_features=768, bias=True)
              (key_global): Linear(in_features=768, out_features=768, bias=True)
              (value_global): Linear(in_features=768, out_features=768, bias=True)
            )
            (output): BertSelfOutput(
              (dense): Linear(in_features=768, out_features=768, bias=True)
              (LayerNorm): LayerNorm((768,), eps=1e-12, elementwise_affine=True)
              (dropout): Dropout(p=0.1, inplace=False)
            )
          )
          (intermediate): BertIntermediate(
            (dense): Linear(in_features=768, out_features=3072, bias=True)
          )
          (output): BertOutput(
            (dense): Linear(in_features=3072, out_features=768, bias=True)
            (LayerNorm): LayerNorm((768,), eps=1e-12, elementwise_affine=True)
            (dropout): Dropout(p=0.1, inplace=False)
          )
        )
        (5): BertLayer(
          (attention): BertAttention(
            (self): LongformerSelfAttention(
              (query): Linear(in_features=768, out_features=768, bias=True)
              (key): Linear(in_features=768, out_features=768, bias=True)
              (value): Linear(in_features=768, out_features=768, bias=True)
              (query_global): Linear(in_features=768, out_features=768, bias=True)
              (key_global): Linear(in_features=768, out_features=768, bias=True)
              (value_global): Linear(in_features=768, out_features=768, bias=True)
            )
            (output): BertSelfOutput(
              (dense): Linear(in_features=768, out_features=768, bias=True)
              (LayerNorm): LayerNorm((768,), eps=1e-12, elementwise_affine=True)
              (dropout): Dropout(p=0.1, inplace=False)
            )
          )
          (intermediate): BertIntermediate(
            (dense): Linear(in_features=768, out_features=3072, bias=True)
          )
          (output): BertOutput(
            (dense): Linear(in_features=3072, out_features=768, bias=True)
            (LayerNorm): LayerNorm((768,), eps=1e-12, elementwise_affine=True)
            (dropout): Dropout(p=0.1, inplace=False)
          )
        )
        (6): BertLayer(
          (attention): BertAttention(
            (self): LongformerSelfAttention(
              (query): Linear(in_features=768, out_features=768, bias=True)
              (key): Linear(in_features=768, out_features=768, bias=True)
              (value): Linear(in_features=768, out_features=768, bias=True)
              (query_global): Linear(in_features=768, out_features=768, bias=True)
              (key_global): Linear(in_features=768, out_features=768, bias=True)
              (value_global): Linear(in_features=768, out_features=768, bias=True)
            )
            (output): BertSelfOutput(
              (dense): Linear(in_features=768, out_features=768, bias=True)
              (LayerNorm): LayerNorm((768,), eps=1e-12, elementwise_affine=True)
              (dropout): Dropout(p=0.1, inplace=False)
            )
          )
          (intermediate): BertIntermediate(
            (dense): Linear(in_features=768, out_features=3072, bias=True)
          )
          (output): BertOutput(
            (dense): Linear(in_features=3072, out_features=768, bias=True)
            (LayerNorm): LayerNorm((768,), eps=1e-12, elementwise_affine=True)
            (dropout): Dropout(p=0.1, inplace=False)
          )
        )
        (7): BertLayer(
          (attention): BertAttention(
            (self): LongformerSelfAttention(
              (query): Linear(in_features=768, out_features=768, bias=True)
              (key): Linear(in_features=768, out_features=768, bias=True)
              (value): Linear(in_features=768, out_features=768, bias=True)
              (query_global): Linear(in_features=768, out_features=768, bias=True)
              (key_global): Linear(in_features=768, out_features=768, bias=True)
              (value_global): Linear(in_features=768, out_features=768, bias=True)
            )
            (output): BertSelfOutput(
              (dense): Linear(in_features=768, out_features=768, bias=True)
              (LayerNorm): LayerNorm((768,), eps=1e-12, elementwise_affine=True)
              (dropout): Dropout(p=0.1, inplace=False)
            )
          )
          (intermediate): BertIntermediate(
            (dense): Linear(in_features=768, out_features=3072, bias=True)
          )
          (output): BertOutput(
            (dense): Linear(in_features=3072, out_features=768, bias=True)
            (LayerNorm): LayerNorm((768,), eps=1e-12, elementwise_affine=True)
            (dropout): Dropout(p=0.1, inplace=False)
          )
        )
        (8): BertLayer(
          (attention): BertAttention(
            (self): LongformerSelfAttention(
              (query): Linear(in_features=768, out_features=768, bias=True)
              (key): Linear(in_features=768, out_features=768, bias=True)
              (value): Linear(in_features=768, out_features=768, bias=True)
              (query_global): Linear(in_features=768, out_features=768, bias=True)
              (key_global): Linear(in_features=768, out_features=768, bias=True)
              (value_global): Linear(in_features=768, out_features=768, bias=True)
            )
            (output): BertSelfOutput(
              (dense): Linear(in_features=768, out_features=768, bias=True)
              (LayerNorm): LayerNorm((768,), eps=1e-12, elementwise_affine=True)
              (dropout): Dropout(p=0.1, inplace=False)
            )
          )
          (intermediate): BertIntermediate(
            (dense): Linear(in_features=768, out_features=3072, bias=True)
          )
          (output): BertOutput(
            (dense): Linear(in_features=3072, out_features=768, bias=True)
            (LayerNorm): LayerNorm((768,), eps=1e-12, elementwise_affine=True)
            (dropout): Dropout(p=0.1, inplace=False)
          )
        )
        (9): BertLayer(
          (attention): BertAttention(
            (self): LongformerSelfAttention(
              (query): Linear(in_features=768, out_features=768, bias=True)
              (key): Linear(in_features=768, out_features=768, bias=True)
              (value): Linear(in_features=768, out_features=768, bias=True)
              (query_global): Linear(in_features=768, out_features=768, bias=True)
              (key_global): Linear(in_features=768, out_features=768, bias=True)
              (value_global): Linear(in_features=768, out_features=768, bias=True)
            )
            (output): BertSelfOutput(
              (dense): Linear(in_features=768, out_features=768, bias=True)
              (LayerNorm): LayerNorm((768,), eps=1e-12, elementwise_affine=True)
              (dropout): Dropout(p=0.1, inplace=False)
            )
          )
          (intermediate): BertIntermediate(
            (dense): Linear(in_features=768, out_features=3072, bias=True)
          )
          (output): BertOutput(
            (dense): Linear(in_features=3072, out_features=768, bias=True)
            (LayerNorm): LayerNorm((768,), eps=1e-12, elementwise_affine=True)
            (dropout): Dropout(p=0.1, inplace=False)
          )
        )
        (10): BertLayer(
          (attention): BertAttention(
            (self): LongformerSelfAttention(
              (query): Linear(in_features=768, out_features=768, bias=True)
              (key): Linear(in_features=768, out_features=768, bias=True)
              (value): Linear(in_features=768, out_features=768, bias=True)
              (query_global): Linear(in_features=768, out_features=768, bias=True)
              (key_global): Linear(in_features=768, out_features=768, bias=True)
              (value_global): Linear(in_features=768, out_features=768, bias=True)
            )
            (output): BertSelfOutput(
              (dense): Linear(in_features=768, out_features=768, bias=True)
              (LayerNorm): LayerNorm((768,), eps=1e-12, elementwise_affine=True)
              (dropout): Dropout(p=0.1, inplace=False)
            )
          )
          (intermediate): BertIntermediate(
            (dense): Linear(in_features=768, out_features=3072, bias=True)
          )
          (output): BertOutput(
            (dense): Linear(in_features=3072, out_features=768, bias=True)
            (LayerNorm): LayerNorm((768,), eps=1e-12, elementwise_affine=True)
            (dropout): Dropout(p=0.1, inplace=False)
          )
        )
        (11): BertLayer(
          (attention): BertAttention(
            (self): LongformerSelfAttention(
              (query): Linear(in_features=768, out_features=768, bias=True)
              (key): Linear(in_features=768, out_features=768, bias=True)
              (value): Linear(in_features=768, out_features=768, bias=True)
              (query_global): Linear(in_features=768, out_features=768, bias=True)
              (key_global): Linear(in_features=768, out_features=768, bias=True)
              (value_global): Linear(in_features=768, out_features=768, bias=True)
            )
            (output): BertSelfOutput(
              (dense): Linear(in_features=768, out_features=768, bias=True)
              (LayerNorm): LayerNorm((768,), eps=1e-12, elementwise_affine=True)
              (dropout): Dropout(p=0.1, inplace=False)
            )
          )
          (intermediate): BertIntermediate(
            (dense): Linear(in_features=768, out_features=3072, bias=True)
          )
          (output): BertOutput(
            (dense): Linear(in_features=3072, out_features=768, bias=True)
            (LayerNorm): LayerNorm((768,), eps=1e-12, elementwise_affine=True)
            (dropout): Dropout(p=0.1, inplace=False)
          )
        )
      )
    )
    (pooler): BertPooler(
      (dense): Linear(in_features=768, out_features=768, bias=True)
      (activation): Tanh()
    )
  )
  (mlm_cls): BertOnlyMLMHead(
    (predictions): BertLMPredictionHead(
      (transform): BertPredictionHeadTransform(
        (dense): Linear(in_features=768, out_features=768, bias=True)
        (LayerNorm): LayerNorm((768,), eps=1e-12, elementwise_affine=True)
      )
      (decoder): Linear(in_features=768, out_features=105879, bias=True)
    )
  )
  (seqcls_dropout): Dropout(p=0.1, inplace=False)
  (seqcls_classifier): Linear(in_features=768, out_features=2, bias=True)
)
00:00:15 - Evaluating every 1 epochs ...
00:00:15 - reading data from /mnt/home/puxuan/CLIR-project/Evaluation_data/process-clef/uncased
00:00:16 - test has 38 queries ...
00:00:16 - Data reading done ...
00:00:21 - adding 9-th encoder to optimizer...
00:00:21 - adding 10-th encoder to optimizer...
00:00:21 - adding 11-th encoder to optimizer...
00:00:22 - process[4]: training epoch 0 ...
00:00:52 - process[4] - epoch 0 - train iter 423 - 15343.7 words/s - loss: 0.5599
00:00:52 - process[4]: training epoch 1 ...
00:01:20 - process[4] - epoch 1 - train iter 423 - 15860.3 words/s - loss: 0.5024
00:01:20 - process[4]: training epoch 2 ...
00:01:49 - process[4] - epoch 2 - train iter 423 - 16218.7 words/s - loss: 0.4471
00:01:49 - process[4]: training epoch 3 ...
00:02:18 - process[4] - epoch 3 - train iter 423 - 16267.8 words/s - loss: 0.4263
00:02:18 - process[4]: training epoch 4 ...
00:02:48 - process[4] - epoch 4 - train iter 423 - 16121.8 words/s - loss: 0.4445
00:02:48 - process[4]: training epoch 5 ...
00:03:17 - process[4] - epoch 5 - train iter 423 - 16040.1 words/s - loss: 0.4046
00:03:17 - process[4]: training epoch 6 ...
00:03:46 - process[4] - epoch 6 - train iter 423 - 16385.8 words/s - loss: 0.4159
00:03:46 - process[4]: training epoch 7 ...
00:04:15 - process[4] - epoch 7 - train iter 423 - 16491.2 words/s - loss: 0.3874
00:04:15 - process[4]: training epoch 8 ...
00:04:45 - process[4] - epoch 8 - train iter 423 - 15200.2 words/s - loss: 0.3406
00:04:45 - process[4]: training epoch 9 ...
00:05:13 - process[4] - epoch 9 - train iter 423 - 16432.0 words/s - loss: 0.3770
00:05:13 - process[4]: training epoch 10 ...
00:05:42 - process[4] - epoch 10 - train iter 423 - 15934.4 words/s - loss: 0.3641
00:05:42 - process[4]: evaluating epoch 10 on dev ...
00:06:19 - dev set during evaluation: 13890/13887
00:06:19 - process[4] - dev - epoch 10 - mAP: 0.512 w/ 38 queries
00:06:19 - process[4]: evaluating epoch 10 on test ...
00:07:01 - test set during evaluation: 15580/15574
00:07:01 - process[4] - test - epoch 10 - mAP: 0.510 w/ 38 queries
00:07:01 - process[4]: training epoch 11 ...
00:07:31 - process[4] - epoch 11 - train iter 423 - 16347.4 words/s - loss: 0.3867
00:07:31 - process[4]: evaluating epoch 11 on dev ...
00:08:08 - dev set during evaluation: 13890/13887
00:08:08 - process[4] - dev - epoch 11 - mAP: 0.539 w/ 38 queries
00:08:08 - process[4]: evaluating epoch 11 on test ...
00:08:49 - test set during evaluation: 15580/15574
00:08:49 - process[4] - test - epoch 11 - mAP: 0.500 w/ 38 queries
00:08:49 - process[4]: training epoch 12 ...
00:09:18 - process[4] - epoch 12 - train iter 423 - 16310.8 words/s - loss: 0.3665
00:09:18 - process[4]: evaluating epoch 12 on dev ...
00:09:57 - dev set during evaluation: 13890/13887
00:09:57 - process[4] - dev - epoch 12 - mAP: 0.545 w/ 38 queries
00:09:57 - process[4]: evaluating epoch 12 on test ...
00:10:38 - test set during evaluation: 15580/15574
00:10:38 - process[4] - test - epoch 12 - mAP: 0.502 w/ 38 queries
00:10:38 - process[4]: training epoch 13 ...
00:11:06 - process[4] - epoch 13 - train iter 423 - 16687.6 words/s - loss: 0.3481
00:11:06 - process[4]: evaluating epoch 13 on dev ...
00:11:45 - dev set during evaluation: 13890/13887
00:11:45 - process[4] - dev - epoch 13 - mAP: 0.550 w/ 38 queries
00:11:45 - process[4]: evaluating epoch 13 on test ...
00:12:27 - test set during evaluation: 15580/15574
00:12:27 - process[4] - test - epoch 13 - mAP: 0.509 w/ 38 queries
00:12:27 - process[4]: training epoch 14 ...
00:12:56 - process[4] - epoch 14 - train iter 423 - 15989.5 words/s - loss: 0.3150
00:12:56 - process[4]: evaluating epoch 14 on dev ...
00:13:34 - dev set during evaluation: 13890/13887
00:13:34 - process[4] - dev - epoch 14 - mAP: 0.546 w/ 38 queries
00:13:34 - process[4]: training epoch 15 ...
00:14:05 - process[4] - epoch 15 - train iter 423 - 16029.2 words/s - loss: 0.3280
00:14:05 - process[4]: evaluating epoch 15 on dev ...
00:14:42 - dev set during evaluation: 13890/13887
00:14:42 - process[4] - dev - epoch 15 - mAP: 0.553 w/ 38 queries
00:14:42 - process[4]: evaluating epoch 15 on test ...
00:15:23 - test set during evaluation: 15580/15574
00:15:23 - process[4] - test - epoch 15 - mAP: 0.508 w/ 38 queries
00:15:23 - process[4]: training epoch 16 ...
00:15:52 - process[4] - epoch 16 - train iter 423 - 16490.9 words/s - loss: 0.3290
00:15:52 - process[4]: evaluating epoch 16 on dev ...
00:16:30 - dev set during evaluation: 13890/13887
00:16:30 - process[4] - dev - epoch 16 - mAP: 0.550 w/ 38 queries
00:16:30 - process[4]: training epoch 17 ...
00:17:00 - process[4] - epoch 17 - train iter 423 - 16303.1 words/s - loss: 0.3217
00:17:00 - process[4]: evaluating epoch 17 on dev ...
00:17:38 - dev set during evaluation: 13890/13887
00:17:38 - process[4] - dev - epoch 17 - mAP: 0.545 w/ 38 queries
00:17:38 - process[4]: training epoch 18 ...
00:18:06 - process[4] - epoch 18 - train iter 423 - 16576.2 words/s - loss: 0.3054
00:18:06 - process[4]: evaluating epoch 18 on dev ...
00:18:45 - dev set during evaluation: 13890/13887
00:18:45 - process[4] - dev - epoch 18 - mAP: 0.548 w/ 38 queries
00:18:45 - process[4]: training epoch 19 ...
00:19:13 - process[4] - epoch 19 - train iter 423 - 16288.3 words/s - loss: 0.3451
00:19:13 - process[4]: evaluating epoch 19 on dev ...
00:19:52 - dev set during evaluation: 13890/13887
00:19:52 - process[4] - dev - epoch 19 - mAP: 0.559 w/ 38 queries
00:19:52 - process[4]: evaluating epoch 19 on test ...
00:20:33 - test set during evaluation: 15580/15574
00:20:33 - process[4] - test - epoch 19 - mAP: 0.497 w/ 38 queries
00:20:33 - [fold 1] best test MAP: 0.497 @ epoch 19
00:20:33 - Evaluating every 1 epochs ...
00:20:33 - reading data from /mnt/home/puxuan/CLIR-project/Evaluation_data/process-clef/uncased
00:20:34 - test has 39 queries ...
00:20:34 - Data reading done ...
00:20:36 - adding 9-th encoder to optimizer...
00:20:36 - adding 10-th encoder to optimizer...
00:20:36 - adding 11-th encoder to optimizer...
00:20:36 - process[4]: training epoch 0 ...
00:21:06 - process[4] - epoch 0 - train iter 386 - 14563.6 words/s - loss: 0.5473
00:21:06 - process[4]: training epoch 1 ...
00:21:36 - process[4] - epoch 1 - train iter 386 - 14347.7 words/s - loss: 0.4762
00:21:36 - process[4]: training epoch 2 ...
00:22:05 - process[4] - epoch 2 - train iter 386 - 15046.1 words/s - loss: 0.4191
00:22:05 - process[4]: training epoch 3 ...
00:22:32 - process[4] - epoch 3 - train iter 386 - 15427.0 words/s - loss: 0.4036
00:22:32 - process[4]: training epoch 4 ...
00:23:01 - process[4] - epoch 4 - train iter 386 - 14742.9 words/s - loss: 0.4304
00:23:01 - process[4]: training epoch 5 ...
00:23:31 - process[4] - epoch 5 - train iter 386 - 13708.5 words/s - loss: 0.3990
00:23:31 - process[4]: training epoch 6 ...
00:23:59 - process[4] - epoch 6 - train iter 386 - 14588.4 words/s - loss: 0.3844
00:23:59 - process[4]: training epoch 7 ...
00:24:30 - process[4] - epoch 7 - train iter 386 - 13769.9 words/s - loss: 0.3685
00:24:30 - process[4]: training epoch 8 ...
00:24:58 - process[4] - epoch 8 - train iter 386 - 15627.0 words/s - loss: 0.3561
00:24:58 - process[4]: training epoch 9 ...
00:25:25 - process[4] - epoch 9 - train iter 386 - 15216.1 words/s - loss: 0.3896
00:25:25 - process[4]: training epoch 10 ...
00:25:54 - process[4] - epoch 10 - train iter 386 - 15420.5 words/s - loss: 0.3941
00:25:54 - process[4]: evaluating epoch 10 on dev ...
00:26:42 - dev set during evaluation: 15580/15574
00:26:42 - process[4] - dev - epoch 10 - mAP: 0.486 w/ 38 queries
00:26:42 - process[4]: evaluating epoch 10 on test ...
00:27:25 - test set during evaluation: 14340/14338
00:27:25 - process[4] - test - epoch 10 - mAP: 0.511 w/ 39 queries
00:27:25 - process[4]: training epoch 11 ...
00:27:56 - process[4] - epoch 11 - train iter 386 - 14691.0 words/s - loss: 0.3719
00:27:56 - process[4]: evaluating epoch 11 on dev ...
00:28:42 - dev set during evaluation: 15580/15574
00:28:42 - process[4] - dev - epoch 11 - mAP: 0.472 w/ 38 queries
00:28:42 - process[4]: training epoch 12 ...
00:29:12 - process[4] - epoch 12 - train iter 386 - 14299.5 words/s - loss: 0.3748
00:29:12 - process[4]: evaluating epoch 12 on dev ...
00:29:58 - dev set during evaluation: 15580/15574
00:29:58 - process[4] - dev - epoch 12 - mAP: 0.481 w/ 38 queries
00:29:58 - process[4]: training epoch 13 ...
00:30:26 - process[4] - epoch 13 - train iter 386 - 15328.6 words/s - loss: 0.3364
00:30:26 - process[4]: evaluating epoch 13 on dev ...
00:31:14 - dev set during evaluation: 15580/15574
00:31:14 - process[4] - dev - epoch 13 - mAP: 0.491 w/ 38 queries
00:31:14 - process[4]: evaluating epoch 13 on test ...
00:31:56 - test set during evaluation: 14340/14338
00:31:56 - process[4] - test - epoch 13 - mAP: 0.514 w/ 39 queries
00:31:56 - process[4]: training epoch 14 ...
00:32:25 - process[4] - epoch 14 - train iter 386 - 14879.5 words/s - loss: 0.3560
00:32:25 - process[4]: evaluating epoch 14 on dev ...
00:33:13 - dev set during evaluation: 15580/15574
00:33:13 - process[4] - dev - epoch 14 - mAP: 0.488 w/ 38 queries
00:33:13 - process[4]: training epoch 15 ...
00:33:42 - process[4] - epoch 15 - train iter 386 - 14670.3 words/s - loss: 0.3525
00:33:42 - process[4]: evaluating epoch 15 on dev ...
00:34:29 - dev set during evaluation: 15580/15574
00:34:29 - process[4] - dev - epoch 15 - mAP: 0.498 w/ 38 queries
00:34:29 - process[4]: evaluating epoch 15 on test ...
00:35:13 - test set during evaluation: 14340/14338
00:35:13 - process[4] - test - epoch 15 - mAP: 0.515 w/ 39 queries
00:35:13 - process[4]: training epoch 16 ...
00:35:42 - process[4] - epoch 16 - train iter 386 - 14199.1 words/s - loss: 0.3345
00:35:42 - process[4]: evaluating epoch 16 on dev ...
00:36:29 - dev set during evaluation: 15580/15574
00:36:29 - process[4] - dev - epoch 16 - mAP: 0.496 w/ 38 queries
00:36:29 - process[4]: training epoch 17 ...
00:36:57 - process[4] - epoch 17 - train iter 386 - 14800.5 words/s - loss: 0.3557
00:36:57 - process[4]: evaluating epoch 17 on dev ...
00:37:44 - dev set during evaluation: 15580/15574
00:37:44 - process[4] - dev - epoch 17 - mAP: 0.487 w/ 38 queries
00:37:44 - process[4]: training epoch 18 ...
00:38:14 - process[4] - epoch 18 - train iter 386 - 14545.7 words/s - loss: 0.3495
00:38:14 - process[4]: evaluating epoch 18 on dev ...
00:39:00 - dev set during evaluation: 15580/15574
00:39:00 - process[4] - dev - epoch 18 - mAP: 0.492 w/ 38 queries
00:39:00 - process[4]: training epoch 19 ...
00:39:31 - process[4] - epoch 19 - train iter 386 - 14340.5 words/s - loss: 0.2905
00:39:31 - process[4]: evaluating epoch 19 on dev ...
00:40:17 - dev set during evaluation: 15580/15574
00:40:17 - process[4] - dev - epoch 19 - mAP: 0.479 w/ 38 queries
00:40:17 - [fold 2] best test MAP: 0.515 @ epoch 15
00:40:17 - Evaluating every 1 epochs ...
00:40:17 - reading data from /mnt/home/puxuan/CLIR-project/Evaluation_data/process-clef/uncased
00:40:18 - test has 39 queries ...
00:40:18 - Data reading done ...
00:40:20 - adding 9-th encoder to optimizer...
00:40:20 - adding 10-th encoder to optimizer...
00:40:20 - adding 11-th encoder to optimizer...
00:40:20 - process[4]: training epoch 0 ...
00:40:47 - process[4] - epoch 0 - train iter 360 - 14408.9 words/s - loss: 0.5313
00:40:47 - process[4]: training epoch 1 ...
00:41:14 - process[4] - epoch 1 - train iter 360 - 15030.4 words/s - loss: 0.5154
00:41:14 - process[4]: training epoch 2 ...
00:41:42 - process[4] - epoch 2 - train iter 360 - 14102.6 words/s - loss: 0.4257
00:41:42 - process[4]: training epoch 3 ...
00:42:09 - process[4] - epoch 3 - train iter 360 - 14999.9 words/s - loss: 0.4583
00:42:09 - process[4]: training epoch 4 ...
00:42:36 - process[4] - epoch 4 - train iter 360 - 14947.6 words/s - loss: 0.4178
00:42:36 - process[4]: training epoch 5 ...
00:43:05 - process[4] - epoch 5 - train iter 360 - 13914.4 words/s - loss: 0.4011
00:43:05 - process[4]: training epoch 6 ...
00:43:32 - process[4] - epoch 6 - train iter 360 - 14484.8 words/s - loss: 0.3856
00:43:32 - process[4]: training epoch 7 ...
00:43:58 - process[4] - epoch 7 - train iter 360 - 15195.4 words/s - loss: 0.3989
00:43:58 - process[4]: training epoch 8 ...
00:44:26 - process[4] - epoch 8 - train iter 360 - 14744.1 words/s - loss: 0.4500
00:44:26 - process[4]: training epoch 9 ...
00:44:52 - process[4] - epoch 9 - train iter 360 - 14866.4 words/s - loss: 0.3956
00:44:52 - process[4]: training epoch 10 ...
00:45:20 - process[4] - epoch 10 - train iter 360 - 14349.7 words/s - loss: 0.3742
00:45:20 - process[4]: evaluating epoch 10 on dev ...
00:46:12 - dev set during evaluation: 14340/14338
00:46:12 - process[4] - dev - epoch 10 - mAP: 0.511 w/ 39 queries
00:46:12 - process[4]: evaluating epoch 10 on test ...
00:46:49 - test set during evaluation: 11710/11707
00:46:49 - process[4] - test - epoch 10 - mAP: 0.554 w/ 39 queries
00:46:49 - process[4]: training epoch 11 ...
00:47:16 - process[4] - epoch 11 - train iter 360 - 14764.2 words/s - loss: 0.3688
00:47:16 - process[4]: evaluating epoch 11 on dev ...
00:48:01 - dev set during evaluation: 14340/14338
00:48:01 - process[4] - dev - epoch 11 - mAP: 0.511 w/ 39 queries
00:48:01 - process[4]: evaluating epoch 11 on test ...
00:48:38 - test set during evaluation: 11710/11707
00:48:38 - process[4] - test - epoch 11 - mAP: 0.571 w/ 39 queries
00:48:38 - process[4]: training epoch 12 ...
00:49:06 - process[4] - epoch 12 - train iter 360 - 14446.2 words/s - loss: 0.3464
00:49:06 - process[4]: evaluating epoch 12 on dev ...
00:49:48 - dev set during evaluation: 14340/14338
00:49:48 - process[4] - dev - epoch 12 - mAP: 0.511 w/ 39 queries
00:49:48 - process[4]: evaluating epoch 12 on test ...
00:50:26 - test set during evaluation: 11710/11707
00:50:26 - process[4] - test - epoch 12 - mAP: 0.565 w/ 39 queries
00:50:26 - process[4]: training epoch 13 ...
00:50:55 - process[4] - epoch 13 - train iter 360 - 14361.1 words/s - loss: 0.3244
00:50:55 - process[4]: evaluating epoch 13 on dev ...
00:51:36 - dev set during evaluation: 14340/14338
00:51:36 - process[4] - dev - epoch 13 - mAP: 0.513 w/ 39 queries
00:51:36 - process[4]: evaluating epoch 13 on test ...
00:52:13 - test set during evaluation: 11710/11707
00:52:13 - process[4] - test - epoch 13 - mAP: 0.569 w/ 39 queries
00:52:13 - process[4]: training epoch 14 ...
00:52:40 - process[4] - epoch 14 - train iter 360 - 15007.5 words/s - loss: 0.3614
00:52:40 - process[4]: evaluating epoch 14 on dev ...
00:53:24 - dev set during evaluation: 14340/14338
00:53:24 - process[4] - dev - epoch 14 - mAP: 0.500 w/ 39 queries
00:53:24 - process[4]: training epoch 15 ...
00:53:51 - process[4] - epoch 15 - train iter 360 - 14575.8 words/s - loss: 0.3709
00:53:51 - process[4]: evaluating epoch 15 on dev ...
00:54:34 - dev set during evaluation: 14340/14338
00:54:34 - process[4] - dev - epoch 15 - mAP: 0.514 w/ 39 queries
00:54:34 - process[4]: evaluating epoch 15 on test ...
00:55:12 - test set during evaluation: 11710/11707
00:55:12 - process[4] - test - epoch 15 - mAP: 0.559 w/ 39 queries
00:55:12 - process[4]: training epoch 16 ...
00:55:42 - process[4] - epoch 16 - train iter 360 - 14315.7 words/s - loss: 0.3252
00:55:42 - process[4]: evaluating epoch 16 on dev ...
00:56:23 - dev set during evaluation: 14340/14338
00:56:23 - process[4] - dev - epoch 16 - mAP: 0.500 w/ 39 queries
00:56:23 - process[4]: training epoch 17 ...
00:56:49 - process[4] - epoch 17 - train iter 360 - 15731.3 words/s - loss: 0.3463
00:56:49 - process[4]: evaluating epoch 17 on dev ...
00:57:34 - dev set during evaluation: 14340/14338
00:57:34 - process[4] - dev - epoch 17 - mAP: 0.526 w/ 39 queries
00:57:34 - process[4]: evaluating epoch 17 on test ...
00:58:12 - test set during evaluation: 11710/11707
00:58:12 - process[4] - test - epoch 17 - mAP: 0.557 w/ 39 queries
00:58:12 - process[4]: training epoch 18 ...
00:58:38 - process[4] - epoch 18 - train iter 360 - 14721.4 words/s - loss: 0.2876
00:58:38 - process[4]: evaluating epoch 18 on dev ...
00:59:25 - dev set during evaluation: 14340/14338
00:59:25 - process[4] - dev - epoch 18 - mAP: 0.517 w/ 39 queries
00:59:25 - process[4]: training epoch 19 ...
00:59:50 - process[4] - epoch 19 - train iter 360 - 15069.4 words/s - loss: 0.3212
00:59:50 - process[4]: evaluating epoch 19 on dev ...
01:00:36 - dev set during evaluation: 14340/14338
01:00:36 - process[4] - dev - epoch 19 - mAP: 0.516 w/ 39 queries
01:00:36 - [fold 3] best test MAP: 0.557 @ epoch 17
01:00:36 - Evaluating every 1 epochs ...
01:00:36 - reading data from /mnt/home/puxuan/CLIR-project/Evaluation_data/process-clef/uncased
01:00:37 - test has 38 queries ...
01:00:37 - Data reading done ...
01:00:39 - adding 9-th encoder to optimizer...
01:00:39 - adding 10-th encoder to optimizer...
01:00:39 - adding 11-th encoder to optimizer...
01:00:39 - process[4]: training epoch 0 ...
01:01:09 - process[4] - epoch 0 - train iter 404 - 14883.2 words/s - loss: 0.5507
01:01:09 - process[4]: training epoch 1 ...
01:01:38 - process[4] - epoch 1 - train iter 404 - 15590.7 words/s - loss: 0.4938
01:01:38 - process[4]: training epoch 2 ...
01:02:06 - process[4] - epoch 2 - train iter 404 - 16171.9 words/s - loss: 0.4593
01:02:06 - process[4]: training epoch 3 ...
01:02:36 - process[4] - epoch 3 - train iter 404 - 15090.1 words/s - loss: 0.4237
01:02:36 - process[4]: training epoch 4 ...
01:03:07 - process[4] - epoch 4 - train iter 404 - 14812.7 words/s - loss: 0.3879
01:03:07 - process[4]: training epoch 5 ...
01:03:36 - process[4] - epoch 5 - train iter 404 - 15512.1 words/s - loss: 0.4251
01:03:36 - process[4]: training epoch 6 ...
01:04:05 - process[4] - epoch 6 - train iter 404 - 15327.4 words/s - loss: 0.3826
01:04:05 - process[4]: training epoch 7 ...
01:04:34 - process[4] - epoch 7 - train iter 404 - 15373.3 words/s - loss: 0.3608
01:04:34 - process[4]: training epoch 8 ...
01:05:04 - process[4] - epoch 8 - train iter 404 - 14958.5 words/s - loss: 0.3888
01:05:04 - process[4]: training epoch 9 ...
01:05:32 - process[4] - epoch 9 - train iter 404 - 16218.8 words/s - loss: 0.3385
01:05:32 - process[4]: training epoch 10 ...
01:06:02 - process[4] - epoch 10 - train iter 404 - 15120.9 words/s - loss: 0.3461
01:06:02 - process[4]: evaluating epoch 10 on dev ...
01:06:39 - dev set during evaluation: 11710/11707
01:06:39 - process[4] - dev - epoch 10 - mAP: 0.555 w/ 39 queries
01:06:39 - process[4]: evaluating epoch 10 on test ...
01:07:18 - test set during evaluation: 13490/13483
01:07:18 - process[4] - test - epoch 10 - mAP: 0.555 w/ 38 queries
01:07:18 - process[4]: training epoch 11 ...
01:07:47 - process[4] - epoch 11 - train iter 404 - 15595.7 words/s - loss: 0.3080
01:07:47 - process[4]: evaluating epoch 11 on dev ...
01:08:24 - dev set during evaluation: 11710/11707
01:08:24 - process[4] - dev - epoch 11 - mAP: 0.567 w/ 39 queries
01:08:24 - process[4]: evaluating epoch 11 on test ...
01:09:01 - test set during evaluation: 13490/13483
01:09:01 - process[4] - test - epoch 11 - mAP: 0.535 w/ 38 queries
01:09:01 - process[4]: training epoch 12 ...
01:09:32 - process[4] - epoch 12 - train iter 404 - 14455.1 words/s - loss: 0.3203
01:09:32 - process[4]: evaluating epoch 12 on dev ...
01:10:06 - dev set during evaluation: 11710/11707
01:10:06 - process[4] - dev - epoch 12 - mAP: 0.553 w/ 39 queries
01:10:06 - process[4]: training epoch 13 ...
01:10:36 - process[4] - epoch 13 - train iter 404 - 15408.1 words/s - loss: 0.3174
01:10:36 - process[4]: evaluating epoch 13 on dev ...
01:11:11 - dev set during evaluation: 11710/11707
01:11:11 - process[4] - dev - epoch 13 - mAP: 0.575 w/ 39 queries
01:11:11 - process[4]: evaluating epoch 13 on test ...
01:11:48 - test set during evaluation: 13490/13483
01:11:48 - process[4] - test - epoch 13 - mAP: 0.562 w/ 38 queries
01:11:48 - process[4]: training epoch 14 ...
01:12:20 - process[4] - epoch 14 - train iter 404 - 14055.4 words/s - loss: 0.3164
01:12:20 - process[4]: evaluating epoch 14 on dev ...
01:13:03 - dev set during evaluation: 11710/11707
01:13:03 - process[4] - dev - epoch 14 - mAP: 0.558 w/ 39 queries
01:13:03 - process[4]: training epoch 15 ...
01:13:49 - process[4] - epoch 15 - train iter 404 - 9649.4 words/s - loss: 0.3113
01:13:49 - process[4]: evaluating epoch 15 on dev ...
01:14:46 - dev set during evaluation: 11710/11707
01:14:46 - process[4] - dev - epoch 15 - mAP: 0.577 w/ 39 queries
01:14:46 - process[4]: evaluating epoch 15 on test ...
01:15:50 - test set during evaluation: 13490/13483
01:15:50 - process[4] - test - epoch 15 - mAP: 0.564 w/ 38 queries
01:15:50 - process[4]: training epoch 16 ...
01:16:34 - process[4] - epoch 16 - train iter 404 - 10328.8 words/s - loss: 0.3198
01:16:34 - process[4]: evaluating epoch 16 on dev ...
01:17:32 - dev set during evaluation: 11710/11707
01:17:32 - process[4] - dev - epoch 16 - mAP: 0.555 w/ 39 queries
01:17:32 - process[4]: training epoch 17 ...
01:18:17 - process[4] - epoch 17 - train iter 404 - 10217.4 words/s - loss: 0.3134
01:18:17 - process[4]: evaluating epoch 17 on dev ...
01:19:19 - dev set during evaluation: 11710/11707
01:19:19 - process[4] - dev - epoch 17 - mAP: 0.577 w/ 39 queries
01:19:19 - process[4]: training epoch 18 ...
01:20:04 - process[4] - epoch 18 - train iter 404 - 10446.2 words/s - loss: 0.2942
01:20:04 - process[4]: evaluating epoch 18 on dev ...
01:21:06 - dev set during evaluation: 11710/11707
01:21:06 - process[4] - dev - epoch 18 - mAP: 0.577 w/ 39 queries
01:21:06 - process[4]: training epoch 19 ...
01:21:49 - process[4] - epoch 19 - train iter 404 - 10558.4 words/s - loss: 0.2941
01:21:49 - process[4]: evaluating epoch 19 on dev ...
01:22:52 - dev set during evaluation: 11710/11707
01:22:52 - process[4] - dev - epoch 19 - mAP: 0.568 w/ 39 queries
01:22:52 - [fold 4] best test MAP: 0.564 @ epoch 15
01:22:52 - Evaluating every 1 epochs ...
01:22:52 - reading data from /mnt/home/puxuan/CLIR-project/Evaluation_data/process-clef/uncased
01:22:54 - test has 38 queries ...
01:22:54 - Data reading done ...
01:22:56 - adding 9-th encoder to optimizer...
01:22:56 - adding 10-th encoder to optimizer...
01:22:56 - adding 11-th encoder to optimizer...
01:22:57 - process[4]: training epoch 0 ...
01:23:36 - process[4] - epoch 0 - train iter 444 - 12660.8 words/s - loss: 0.5745
01:23:36 - process[4]: training epoch 1 ...
01:24:22 - process[4] - epoch 1 - train iter 444 - 10840.4 words/s - loss: 0.4810
01:24:22 - process[4]: training epoch 2 ...
01:25:09 - process[4] - epoch 2 - train iter 444 - 10664.5 words/s - loss: 0.4637
01:25:09 - process[4]: training epoch 3 ...
01:25:50 - process[4] - epoch 3 - train iter 444 - 11962.9 words/s - loss: 0.4460
01:25:50 - process[4]: training epoch 4 ...
01:26:31 - process[4] - epoch 4 - train iter 444 - 12143.0 words/s - loss: 0.4308
01:26:31 - process[4]: training epoch 5 ...
01:27:07 - process[4] - epoch 5 - train iter 444 - 13989.7 words/s - loss: 0.3981
01:27:07 - process[4]: training epoch 6 ...
01:27:50 - process[4] - epoch 6 - train iter 444 - 11341.2 words/s - loss: 0.3975
01:27:50 - process[4]: training epoch 7 ...
01:28:32 - process[4] - epoch 7 - train iter 444 - 11616.6 words/s - loss: 0.4541
01:28:32 - process[4]: training epoch 8 ...
01:29:19 - process[4] - epoch 8 - train iter 444 - 10709.4 words/s - loss: 0.3827
01:29:19 - process[4]: training epoch 9 ...
01:29:57 - process[4] - epoch 9 - train iter 444 - 12963.1 words/s - loss: 0.4032
01:29:57 - process[4]: training epoch 10 ...
01:30:40 - process[4] - epoch 10 - train iter 444 - 11611.4 words/s - loss: 0.4114
01:30:40 - process[4]: evaluating epoch 10 on dev ...
01:31:53 - dev set during evaluation: 13490/13483
01:31:53 - process[4] - dev - epoch 10 - mAP: 0.553 w/ 38 queries
01:31:53 - process[4]: evaluating epoch 10 on test ...
01:33:07 - test set during evaluation: 13890/13887
01:33:07 - process[4] - test - epoch 10 - mAP: 0.565 w/ 38 queries
01:33:07 - process[4]: training epoch 11 ...
01:33:48 - process[4] - epoch 11 - train iter 444 - 11760.1 words/s - loss: 0.3901
01:33:48 - process[4]: evaluating epoch 11 on dev ...
01:34:49 - dev set during evaluation: 13490/13483
01:34:49 - process[4] - dev - epoch 11 - mAP: 0.549 w/ 38 queries
01:34:49 - process[4]: training epoch 12 ...
01:35:30 - process[4] - epoch 12 - train iter 444 - 12143.6 words/s - loss: 0.3683
01:35:30 - process[4]: evaluating epoch 12 on dev ...
01:36:40 - dev set during evaluation: 13490/13483
01:36:40 - process[4] - dev - epoch 12 - mAP: 0.534 w/ 38 queries
01:36:40 - process[4]: training epoch 13 ...
01:37:28 - process[4] - epoch 13 - train iter 444 - 10570.8 words/s - loss: 0.3334
01:37:28 - process[4]: evaluating epoch 13 on dev ...
01:38:33 - dev set during evaluation: 13490/13483
01:38:33 - process[4] - dev - epoch 13 - mAP: 0.541 w/ 38 queries
01:38:33 - process[4]: training epoch 14 ...
01:39:18 - process[4] - epoch 14 - train iter 444 - 11069.0 words/s - loss: 0.3454
01:39:18 - process[4]: evaluating epoch 14 on dev ...
01:40:31 - dev set during evaluation: 13490/13483
01:40:31 - process[4] - dev - epoch 14 - mAP: 0.535 w/ 38 queries
01:40:31 - process[4]: training epoch 15 ...
01:41:18 - process[4] - epoch 15 - train iter 444 - 10605.7 words/s - loss: 0.3604
01:41:18 - process[4]: evaluating epoch 15 on dev ...
01:42:21 - dev set during evaluation: 13490/13483
01:42:21 - process[4] - dev - epoch 15 - mAP: 0.540 w/ 38 queries
01:42:21 - process[4]: training epoch 16 ...
01:42:57 - process[4] - epoch 16 - train iter 444 - 13534.2 words/s - loss: 0.3301
01:42:57 - process[4]: evaluating epoch 16 on dev ...
01:44:09 - dev set during evaluation: 13490/13483
01:44:09 - process[4] - dev - epoch 16 - mAP: 0.529 w/ 38 queries
01:44:09 - process[4]: training epoch 17 ...
01:44:47 - process[4] - epoch 17 - train iter 444 - 12602.3 words/s - loss: 0.3262
01:44:47 - process[4]: evaluating epoch 17 on dev ...
01:45:57 - dev set during evaluation: 13490/13483
01:45:57 - process[4] - dev - epoch 17 - mAP: 0.547 w/ 38 queries
01:45:57 - process[4]: training epoch 18 ...
01:46:31 - process[4] - epoch 18 - train iter 444 - 14183.7 words/s - loss: 0.3529
01:46:31 - process[4]: evaluating epoch 18 on dev ...
01:47:50 - dev set during evaluation: 13490/13483
01:47:50 - process[4] - dev - epoch 18 - mAP: 0.543 w/ 38 queries
01:47:50 - process[4]: training epoch 19 ...
01:48:32 - process[4] - epoch 19 - train iter 444 - 12233.6 words/s - loss: 0.3437
01:48:32 - process[4]: evaluating epoch 19 on dev ...
01:49:41 - dev set during evaluation: 13490/13483
01:49:41 - process[4] - dev - epoch 19 - mAP: 0.562 w/ 38 queries
01:49:41 - process[4]: evaluating epoch 19 on test ...
01:50:56 - test set during evaluation: 13890/13887
01:50:56 - process[4] - test - epoch 19 - mAP: 0.535 w/ 38 queries
01:50:56 - [fold 5] best test MAP: 0.535 @ epoch 19
01:50:56 - [0.49715637513333055, 0.5152810432077184, 0.5565326566373797, 0.563910554654509, 0.5348665550955828]
01:50:56 - [38, 39, 39, 38, 38]
01:50:56 - final MAP: 0.534
