00:00:07 - Namespace(apex_level='O2', batch_size=8, cased=False, dataset='clef', debug=False, encoder_lr=2e-05, eval_step=1, full_doc_length=True, local_rank=9, model_path='/mnt/scratch/puxuan/short_qlm_mix/2192279/huggingface-19', model_type='mbert', num_epochs=20, num_ft_encoders=3, num_neg=1, projector_lr=2e-05, seed=611, source_lang='en', target_lang='fr')
00:00:58 - Evaluating every 1 epochs ...
00:00:58 - reading data from /mnt/home/puxuan/CLIR-project/Evaluation_data/process-clef/uncased
00:00:58 - test has 37 queries ...
00:00:58 - Data reading done ...
00:01:05 - adding 9-th encoder to optimizer...
00:01:05 - adding 10-th encoder to optimizer...
00:01:05 - adding 11-th encoder to optimizer...
00:01:05 - process[9]: training epoch 0 ...
00:01:15 - process[9] - epoch 0 - train iter 241 - 19661.6 words/s - loss: 0.6794
00:01:15 - process[9]: training epoch 1 ...
00:01:24 - process[9] - epoch 1 - train iter 241 - 22615.9 words/s - loss: 0.5877
00:01:24 - process[9]: training epoch 2 ...
00:01:33 - process[9] - epoch 2 - train iter 241 - 21328.4 words/s - loss: 0.4931
00:01:33 - process[9]: training epoch 3 ...
00:01:43 - process[9] - epoch 3 - train iter 241 - 20771.1 words/s - loss: 0.5256
00:01:43 - process[9]: training epoch 4 ...
00:01:52 - process[9] - epoch 4 - train iter 241 - 20611.9 words/s - loss: 0.4333
00:01:52 - process[9]: training epoch 5 ...
00:02:01 - process[9] - epoch 5 - train iter 241 - 23034.7 words/s - loss: 0.4626
00:02:01 - process[9]: training epoch 6 ...
00:02:10 - process[9] - epoch 6 - train iter 241 - 21100.6 words/s - loss: 0.4593
00:02:10 - process[9]: training epoch 7 ...
00:02:19 - process[9] - epoch 7 - train iter 241 - 22124.8 words/s - loss: 0.4630
00:02:19 - process[9]: training epoch 8 ...
00:02:29 - process[9] - epoch 8 - train iter 241 - 19982.7 words/s - loss: 0.4526
00:02:29 - process[9]: training epoch 9 ...
00:02:38 - process[9] - epoch 9 - train iter 241 - 22558.9 words/s - loss: 0.4770
00:02:38 - process[9]: training epoch 10 ...
00:02:46 - process[9] - epoch 10 - train iter 241 - 22352.8 words/s - loss: 0.5048
00:02:46 - process[9]: evaluating epoch 10 on dev ...
00:03:05 - process[9] - dev - epoch 10 - mAP: 0.379 w/ 37 queries
00:03:05 - process[9]: evaluating epoch 10 on test ...
00:03:24 - test set during evaluation: 11380/11372
00:03:24 - process[9] - test - epoch 10 - mAP: 0.512 w/ 37 queries
00:03:24 - process[9]: training epoch 11 ...
00:03:33 - process[9] - epoch 11 - train iter 241 - 22128.6 words/s - loss: 0.4237
00:03:33 - process[9]: evaluating epoch 11 on dev ...
00:03:52 - process[9] - dev - epoch 11 - mAP: 0.365 w/ 37 queries
00:03:52 - process[9]: training epoch 12 ...
00:04:01 - process[9] - epoch 12 - train iter 241 - 20555.6 words/s - loss: 0.4711
00:04:01 - process[9]: evaluating epoch 12 on dev ...
00:04:19 - process[9] - dev - epoch 12 - mAP: 0.392 w/ 37 queries
00:04:19 - process[9]: evaluating epoch 12 on test ...
00:04:37 - test set during evaluation: 11380/11372
00:04:37 - process[9] - test - epoch 12 - mAP: 0.523 w/ 37 queries
00:04:37 - process[9]: training epoch 13 ...
00:04:46 - process[9] - epoch 13 - train iter 241 - 21474.5 words/s - loss: 0.4246
00:04:46 - process[9]: evaluating epoch 13 on dev ...
00:05:06 - process[9] - dev - epoch 13 - mAP: 0.392 w/ 37 queries
00:05:06 - process[9]: training epoch 14 ...
00:05:15 - process[9] - epoch 14 - train iter 241 - 21484.1 words/s - loss: 0.4899
00:05:15 - process[9]: evaluating epoch 14 on dev ...
00:05:33 - process[9] - dev - epoch 14 - mAP: 0.374 w/ 37 queries
00:05:33 - process[9]: training epoch 15 ...
00:05:42 - process[9] - epoch 15 - train iter 241 - 22554.2 words/s - loss: 0.4434
00:05:42 - process[9]: evaluating epoch 15 on dev ...
00:06:01 - process[9] - dev - epoch 15 - mAP: 0.390 w/ 37 queries
00:06:01 - process[9]: training epoch 16 ...
00:06:10 - process[9] - epoch 16 - train iter 241 - 21006.2 words/s - loss: 0.4067
00:06:10 - process[9]: evaluating epoch 16 on dev ...
00:06:29 - process[9] - dev - epoch 16 - mAP: 0.395 w/ 37 queries
00:06:29 - process[9]: evaluating epoch 16 on test ...
00:06:47 - test set during evaluation: 11380/11372
00:06:47 - process[9] - test - epoch 16 - mAP: 0.500 w/ 37 queries
00:06:47 - process[9]: training epoch 17 ...
00:06:57 - process[9] - epoch 17 - train iter 241 - 20771.0 words/s - loss: 0.4568
00:06:57 - process[9]: evaluating epoch 17 on dev ...
00:07:15 - process[9] - dev - epoch 17 - mAP: 0.406 w/ 37 queries
00:07:15 - process[9]: evaluating epoch 17 on test ...
00:07:33 - test set during evaluation: 11380/11372
00:07:33 - process[9] - test - epoch 17 - mAP: 0.495 w/ 37 queries
00:07:33 - process[9]: training epoch 18 ...
00:07:42 - process[9] - epoch 18 - train iter 241 - 21914.8 words/s - loss: 0.4228
00:07:42 - process[9]: evaluating epoch 18 on dev ...
00:08:01 - process[9] - dev - epoch 18 - mAP: 0.405 w/ 37 queries
00:08:01 - process[9]: training epoch 19 ...
00:08:11 - process[9] - epoch 19 - train iter 241 - 20867.3 words/s - loss: 0.4010
00:08:11 - process[9]: evaluating epoch 19 on dev ...
00:08:29 - process[9] - dev - epoch 19 - mAP: 0.400 w/ 37 queries
00:08:29 - [fold 1] best test MAP: 0.495 @ epoch 17
00:08:29 - Evaluating every 1 epochs ...
00:08:29 - reading data from /mnt/home/puxuan/CLIR-project/Evaluation_data/process-clef/uncased
00:08:29 - test has 37 queries ...
00:08:29 - Data reading done ...
00:08:31 - adding 9-th encoder to optimizer...
00:08:31 - adding 10-th encoder to optimizer...
00:08:31 - adding 11-th encoder to optimizer...
00:08:31 - process[9]: training epoch 0 ...
00:08:42 - process[9] - epoch 0 - train iter 276 - 21038.0 words/s - loss: 0.6759
00:08:42 - process[9]: training epoch 1 ...
00:08:53 - process[9] - epoch 1 - train iter 276 - 20245.0 words/s - loss: 0.5610
00:08:53 - process[9]: training epoch 2 ...
00:09:04 - process[9] - epoch 2 - train iter 276 - 20519.7 words/s - loss: 0.5217
00:09:04 - process[9]: training epoch 3 ...
00:09:16 - process[9] - epoch 3 - train iter 276 - 19343.1 words/s - loss: 0.5397
00:09:16 - process[9]: training epoch 4 ...
00:09:27 - process[9] - epoch 4 - train iter 276 - 20705.4 words/s - loss: 0.5089
00:09:27 - process[9]: training epoch 5 ...
00:09:38 - process[9] - epoch 5 - train iter 276 - 20122.2 words/s - loss: 0.5138
00:09:38 - process[9]: training epoch 6 ...
00:09:49 - process[9] - epoch 6 - train iter 276 - 20077.2 words/s - loss: 0.4629
00:09:49 - process[9]: training epoch 7 ...
00:10:00 - process[9] - epoch 7 - train iter 276 - 20497.6 words/s - loss: 0.4950
00:10:00 - process[9]: training epoch 8 ...
00:10:10 - process[9] - epoch 8 - train iter 276 - 21443.3 words/s - loss: 0.4858
00:10:10 - process[9]: training epoch 9 ...
00:10:21 - process[9] - epoch 9 - train iter 276 - 20843.0 words/s - loss: 0.4731
00:10:21 - process[9]: training epoch 10 ...
00:10:32 - process[9] - epoch 10 - train iter 276 - 21021.2 words/s - loss: 0.4700
00:10:32 - process[9]: evaluating epoch 10 on dev ...
00:10:51 - dev set during evaluation: 11380/11372
00:10:51 - process[9] - dev - epoch 10 - mAP: 0.434 w/ 37 queries
00:10:51 - process[9]: evaluating epoch 10 on test ...
00:11:08 - process[9] - test - epoch 10 - mAP: 0.406 w/ 37 queries
00:11:08 - process[9]: training epoch 11 ...
00:11:19 - process[9] - epoch 11 - train iter 276 - 21023.4 words/s - loss: 0.4283
00:11:19 - process[9]: evaluating epoch 11 on dev ...
00:11:38 - dev set during evaluation: 11380/11372
00:11:38 - process[9] - dev - epoch 11 - mAP: 0.474 w/ 37 queries
00:11:38 - process[9]: evaluating epoch 11 on test ...
00:11:56 - process[9] - test - epoch 11 - mAP: 0.433 w/ 37 queries
00:11:56 - process[9]: training epoch 12 ...
00:12:07 - process[9] - epoch 12 - train iter 276 - 20809.9 words/s - loss: 0.4875
00:12:07 - process[9]: evaluating epoch 12 on dev ...
00:12:26 - dev set during evaluation: 11380/11372
00:12:26 - process[9] - dev - epoch 12 - mAP: 0.469 w/ 37 queries
00:12:26 - process[9]: training epoch 13 ...
00:12:36 - process[9] - epoch 13 - train iter 276 - 22284.6 words/s - loss: 0.4495
00:12:36 - process[9]: evaluating epoch 13 on dev ...
00:12:56 - dev set during evaluation: 11380/11372
00:12:56 - process[9] - dev - epoch 13 - mAP: 0.484 w/ 37 queries
00:12:56 - process[9]: evaluating epoch 13 on test ...
00:13:13 - process[9] - test - epoch 13 - mAP: 0.441 w/ 37 queries
00:13:13 - process[9]: training epoch 14 ...
00:13:24 - process[9] - epoch 14 - train iter 276 - 19710.2 words/s - loss: 0.4524
00:13:24 - process[9]: evaluating epoch 14 on dev ...
00:13:42 - dev set during evaluation: 11380/11372
00:13:42 - process[9] - dev - epoch 14 - mAP: 0.460 w/ 37 queries
00:13:42 - process[9]: training epoch 15 ...
00:13:52 - process[9] - epoch 15 - train iter 276 - 21883.7 words/s - loss: 0.4185
00:13:52 - process[9]: evaluating epoch 15 on dev ...
00:14:11 - dev set during evaluation: 11380/11372
00:14:11 - process[9] - dev - epoch 15 - mAP: 0.455 w/ 37 queries
00:14:11 - process[9]: training epoch 16 ...
00:14:21 - process[9] - epoch 16 - train iter 276 - 21391.0 words/s - loss: 0.4679
00:14:21 - process[9]: evaluating epoch 16 on dev ...
00:14:40 - dev set during evaluation: 11380/11372
00:14:40 - process[9] - dev - epoch 16 - mAP: 0.457 w/ 37 queries
00:14:40 - process[9]: training epoch 17 ...
00:14:51 - process[9] - epoch 17 - train iter 276 - 20923.3 words/s - loss: 0.3942
00:14:51 - process[9]: evaluating epoch 17 on dev ...
00:15:09 - dev set during evaluation: 11380/11372
00:15:09 - process[9] - dev - epoch 17 - mAP: 0.462 w/ 37 queries
00:15:10 - process[9]: training epoch 18 ...
00:15:20 - process[9] - epoch 18 - train iter 276 - 21393.0 words/s - loss: 0.4457
00:15:20 - process[9]: evaluating epoch 18 on dev ...
00:15:39 - dev set during evaluation: 11380/11372
00:15:39 - process[9] - dev - epoch 18 - mAP: 0.471 w/ 37 queries
00:15:39 - process[9]: training epoch 19 ...
00:15:49 - process[9] - epoch 19 - train iter 276 - 21278.3 words/s - loss: 0.3842
00:15:49 - process[9]: evaluating epoch 19 on dev ...
00:16:09 - dev set during evaluation: 11380/11372
00:16:09 - process[9] - dev - epoch 19 - mAP: 0.489 w/ 37 queries
00:16:09 - process[9]: evaluating epoch 19 on test ...
00:16:26 - process[9] - test - epoch 19 - mAP: 0.456 w/ 37 queries
00:16:26 - [fold 2] best test MAP: 0.456 @ epoch 19
00:16:26 - Evaluating every 1 epochs ...
00:16:26 - reading data from /mnt/home/puxuan/CLIR-project/Evaluation_data/process-clef/uncased
00:16:26 - test has 37 queries ...
00:16:26 - Data reading done ...
00:16:28 - adding 9-th encoder to optimizer...
00:16:28 - adding 10-th encoder to optimizer...
00:16:28 - adding 11-th encoder to optimizer...
00:16:28 - process[9]: training epoch 0 ...
00:16:37 - process[9] - epoch 0 - train iter 240 - 21465.3 words/s - loss: 0.6798
00:16:37 - process[9]: training epoch 1 ...
00:16:46 - process[9] - epoch 1 - train iter 240 - 21630.8 words/s - loss: 0.5810
00:16:46 - process[9]: training epoch 2 ...
00:16:55 - process[9] - epoch 2 - train iter 240 - 21084.7 words/s - loss: 0.5528
00:16:55 - process[9]: training epoch 3 ...
00:17:03 - process[9] - epoch 3 - train iter 240 - 22442.2 words/s - loss: 0.4979
00:17:03 - process[9]: training epoch 4 ...
00:17:13 - process[9] - epoch 4 - train iter 240 - 20319.6 words/s - loss: 0.4869
00:17:13 - process[9]: training epoch 5 ...
00:17:21 - process[9] - epoch 5 - train iter 240 - 22299.0 words/s - loss: 0.4720
00:17:21 - process[9]: training epoch 6 ...
00:17:30 - process[9] - epoch 6 - train iter 240 - 22681.4 words/s - loss: 0.4692
00:17:30 - process[9]: training epoch 7 ...
00:17:39 - process[9] - epoch 7 - train iter 240 - 21086.9 words/s - loss: 0.5144
00:17:39 - process[9]: training epoch 8 ...
00:17:48 - process[9] - epoch 8 - train iter 240 - 21276.5 words/s - loss: 0.4759
00:17:48 - process[9]: training epoch 9 ...
00:17:57 - process[9] - epoch 9 - train iter 240 - 21334.9 words/s - loss: 0.4839
00:17:57 - process[9]: training epoch 10 ...
00:18:05 - process[9] - epoch 10 - train iter 240 - 21798.9 words/s - loss: 0.4657
00:18:05 - process[9]: evaluating epoch 10 on dev ...
00:18:26 - process[9] - dev - epoch 10 - mAP: 0.435 w/ 37 queries
00:18:26 - process[9]: evaluating epoch 10 on test ...
00:18:45 - test set during evaluation: 11210/11201
00:18:45 - process[9] - test - epoch 10 - mAP: 0.478 w/ 37 queries
00:18:45 - process[9]: training epoch 11 ...
00:18:54 - process[9] - epoch 11 - train iter 240 - 20806.0 words/s - loss: 0.4094
00:18:54 - process[9]: evaluating epoch 11 on dev ...
00:19:11 - process[9] - dev - epoch 11 - mAP: 0.434 w/ 37 queries
00:19:11 - process[9]: training epoch 12 ...
00:19:20 - process[9] - epoch 12 - train iter 240 - 20856.0 words/s - loss: 0.4402
00:19:20 - process[9]: evaluating epoch 12 on dev ...
00:19:37 - process[9] - dev - epoch 12 - mAP: 0.439 w/ 37 queries
00:19:37 - process[9]: evaluating epoch 12 on test ...
00:19:57 - test set during evaluation: 11210/11201
00:19:57 - process[9] - test - epoch 12 - mAP: 0.480 w/ 37 queries
00:19:57 - process[9]: training epoch 13 ...
00:20:06 - process[9] - epoch 13 - train iter 240 - 22036.6 words/s - loss: 0.4496
00:20:06 - process[9]: evaluating epoch 13 on dev ...
00:20:23 - process[9] - dev - epoch 13 - mAP: 0.443 w/ 37 queries
00:20:23 - process[9]: evaluating epoch 13 on test ...
00:20:42 - test set during evaluation: 11210/11201
00:20:42 - process[9] - test - epoch 13 - mAP: 0.495 w/ 37 queries
00:20:42 - process[9]: training epoch 14 ...
00:20:51 - process[9] - epoch 14 - train iter 240 - 21400.2 words/s - loss: 0.4112
00:20:51 - process[9]: evaluating epoch 14 on dev ...
00:21:09 - process[9] - dev - epoch 14 - mAP: 0.438 w/ 37 queries
00:21:09 - process[9]: training epoch 15 ...
00:21:17 - process[9] - epoch 15 - train iter 240 - 21667.5 words/s - loss: 0.4637
00:21:17 - process[9]: evaluating epoch 15 on dev ...
00:21:35 - process[9] - dev - epoch 15 - mAP: 0.432 w/ 37 queries
00:21:35 - process[9]: training epoch 16 ...
00:21:44 - process[9] - epoch 16 - train iter 240 - 20861.3 words/s - loss: 0.4258
00:21:44 - process[9]: evaluating epoch 16 on dev ...
00:22:01 - process[9] - dev - epoch 16 - mAP: 0.435 w/ 37 queries
00:22:01 - process[9]: training epoch 17 ...
00:22:10 - process[9] - epoch 17 - train iter 240 - 20900.8 words/s - loss: 0.3959
00:22:10 - process[9]: evaluating epoch 17 on dev ...
00:22:29 - process[9] - dev - epoch 17 - mAP: 0.443 w/ 37 queries
00:22:29 - process[9]: training epoch 18 ...
00:22:38 - process[9] - epoch 18 - train iter 240 - 20891.9 words/s - loss: 0.3939
00:22:38 - process[9]: evaluating epoch 18 on dev ...
00:22:55 - process[9] - dev - epoch 18 - mAP: 0.425 w/ 37 queries
00:22:55 - process[9]: training epoch 19 ...
00:23:04 - process[9] - epoch 19 - train iter 240 - 21656.0 words/s - loss: 0.4691
00:23:04 - process[9]: evaluating epoch 19 on dev ...
00:23:21 - process[9] - dev - epoch 19 - mAP: 0.446 w/ 37 queries
00:23:21 - process[9]: evaluating epoch 19 on test ...
00:23:41 - test set during evaluation: 11210/11201
00:23:41 - process[9] - test - epoch 19 - mAP: 0.480 w/ 37 queries
00:23:41 - [fold 3] best test MAP: 0.480 @ epoch 19
00:23:41 - Evaluating every 1 epochs ...
00:23:41 - reading data from /mnt/home/puxuan/CLIR-project/Evaluation_data/process-clef/uncased
00:23:41 - test has 37 queries ...
00:23:41 - Data reading done ...
00:23:43 - adding 9-th encoder to optimizer...
00:23:43 - adding 10-th encoder to optimizer...
00:23:43 - adding 11-th encoder to optimizer...
00:23:43 - process[9]: training epoch 0 ...
00:23:51 - process[9] - epoch 0 - train iter 231 - 21750.3 words/s - loss: 0.6797
00:23:51 - process[9]: training epoch 1 ...
00:24:00 - process[9] - epoch 1 - train iter 231 - 20699.7 words/s - loss: 0.5870
00:24:00 - process[9]: training epoch 2 ...
00:24:09 - process[9] - epoch 2 - train iter 231 - 20993.7 words/s - loss: 0.5371
00:24:09 - process[9]: training epoch 3 ...
00:24:18 - process[9] - epoch 3 - train iter 231 - 21391.1 words/s - loss: 0.5289
00:24:18 - process[9]: training epoch 4 ...
00:24:26 - process[9] - epoch 4 - train iter 231 - 21602.7 words/s - loss: 0.4824
00:24:26 - process[9]: training epoch 5 ...
00:24:35 - process[9] - epoch 5 - train iter 231 - 21237.4 words/s - loss: 0.4913
00:24:35 - process[9]: training epoch 6 ...
00:24:43 - process[9] - epoch 6 - train iter 231 - 22089.6 words/s - loss: 0.4883
00:24:43 - process[9]: training epoch 7 ...
00:24:52 - process[9] - epoch 7 - train iter 231 - 20479.9 words/s - loss: 0.4737
00:24:52 - process[9]: training epoch 8 ...
00:25:01 - process[9] - epoch 8 - train iter 231 - 21800.1 words/s - loss: 0.4804
00:25:01 - process[9]: training epoch 9 ...
00:25:09 - process[9] - epoch 9 - train iter 231 - 21406.9 words/s - loss: 0.4352
00:25:09 - process[9]: training epoch 10 ...
00:25:18 - process[9] - epoch 10 - train iter 231 - 20777.7 words/s - loss: 0.4535
00:25:18 - process[9]: evaluating epoch 10 on dev ...
00:25:39 - dev set during evaluation: 11210/11201
00:25:39 - process[9] - dev - epoch 10 - mAP: 0.462 w/ 37 queries
00:25:39 - process[9]: evaluating epoch 10 on test ...
00:25:56 - test set during evaluation: 10640/10633
00:25:56 - process[9] - test - epoch 10 - mAP: 0.412 w/ 37 queries
00:25:56 - process[9]: training epoch 11 ...
00:26:04 - process[9] - epoch 11 - train iter 231 - 22233.4 words/s - loss: 0.4455
00:26:04 - process[9]: evaluating epoch 11 on dev ...
00:26:25 - dev set during evaluation: 11210/11201
00:26:25 - process[9] - dev - epoch 11 - mAP: 0.471 w/ 37 queries
00:26:25 - process[9]: evaluating epoch 11 on test ...
00:26:43 - test set during evaluation: 10640/10633
00:26:43 - process[9] - test - epoch 11 - mAP: 0.399 w/ 37 queries
00:26:43 - process[9]: training epoch 12 ...
00:26:51 - process[9] - epoch 12 - train iter 231 - 21034.0 words/s - loss: 0.4069
00:26:51 - process[9]: evaluating epoch 12 on dev ...
00:27:11 - dev set during evaluation: 11210/11201
00:27:11 - process[9] - dev - epoch 12 - mAP: 0.503 w/ 37 queries
00:27:11 - process[9]: evaluating epoch 12 on test ...
00:27:29 - test set during evaluation: 10640/10633
00:27:29 - process[9] - test - epoch 12 - mAP: 0.394 w/ 37 queries
00:27:29 - process[9]: training epoch 13 ...
00:27:38 - process[9] - epoch 13 - train iter 231 - 20945.3 words/s - loss: 0.4511
00:27:38 - process[9]: evaluating epoch 13 on dev ...
00:27:58 - dev set during evaluation: 11210/11201
00:27:58 - process[9] - dev - epoch 13 - mAP: 0.482 w/ 37 queries
00:27:58 - process[9]: training epoch 14 ...
00:28:07 - process[9] - epoch 14 - train iter 231 - 20950.6 words/s - loss: 0.4393
00:28:07 - process[9]: evaluating epoch 14 on dev ...
00:28:26 - dev set during evaluation: 11210/11201
00:28:26 - process[9] - dev - epoch 14 - mAP: 0.476 w/ 37 queries
00:28:26 - process[9]: training epoch 15 ...
00:28:34 - process[9] - epoch 15 - train iter 231 - 21161.5 words/s - loss: 0.3742
00:28:34 - process[9]: evaluating epoch 15 on dev ...
00:28:54 - dev set during evaluation: 11210/11201
00:28:54 - process[9] - dev - epoch 15 - mAP: 0.477 w/ 37 queries
00:28:54 - process[9]: training epoch 16 ...
00:29:02 - process[9] - epoch 16 - train iter 231 - 21811.0 words/s - loss: 0.4300
00:29:02 - process[9]: evaluating epoch 16 on dev ...
00:29:22 - dev set during evaluation: 11210/11201
00:29:22 - process[9] - dev - epoch 16 - mAP: 0.457 w/ 37 queries
00:29:22 - process[9]: training epoch 17 ...
00:29:30 - process[9] - epoch 17 - train iter 231 - 21843.2 words/s - loss: 0.3861
00:29:30 - process[9]: evaluating epoch 17 on dev ...
00:29:51 - dev set during evaluation: 11210/11201
00:29:51 - process[9] - dev - epoch 17 - mAP: 0.509 w/ 37 queries
00:29:51 - process[9]: evaluating epoch 17 on test ...
00:30:10 - test set during evaluation: 10640/10633
00:30:10 - process[9] - test - epoch 17 - mAP: 0.397 w/ 37 queries
00:30:10 - process[9]: training epoch 18 ...
00:30:18 - process[9] - epoch 18 - train iter 231 - 20465.9 words/s - loss: 0.4230
00:30:18 - process[9]: evaluating epoch 18 on dev ...
00:30:39 - dev set during evaluation: 11210/11201
00:30:39 - process[9] - dev - epoch 18 - mAP: 0.479 w/ 37 queries
00:30:39 - process[9]: training epoch 19 ...
00:30:47 - process[9] - epoch 19 - train iter 231 - 22008.6 words/s - loss: 0.4059
00:30:47 - process[9]: evaluating epoch 19 on dev ...
00:31:08 - dev set during evaluation: 11210/11201
00:31:08 - process[9] - dev - epoch 19 - mAP: 0.512 w/ 37 queries
00:31:08 - process[9]: evaluating epoch 19 on test ...
00:31:27 - test set during evaluation: 10640/10633
00:31:27 - process[9] - test - epoch 19 - mAP: 0.391 w/ 37 queries
00:31:27 - [fold 4] best test MAP: 0.391 @ epoch 19
00:31:27 - Evaluating every 1 epochs ...
00:31:27 - reading data from /mnt/home/puxuan/CLIR-project/Evaluation_data/process-clef/uncased
00:31:27 - test has 37 queries ...
00:31:27 - Data reading done ...
00:31:29 - adding 9-th encoder to optimizer...
00:31:29 - adding 10-th encoder to optimizer...
00:31:29 - adding 11-th encoder to optimizer...
00:31:29 - process[9]: training epoch 0 ...
00:31:39 - process[9] - epoch 0 - train iter 235 - 21151.7 words/s - loss: 0.6805
00:31:39 - process[9]: training epoch 1 ...
00:31:47 - process[9] - epoch 1 - train iter 235 - 21948.3 words/s - loss: 0.5803
00:31:47 - process[9]: training epoch 2 ...
00:31:57 - process[9] - epoch 2 - train iter 235 - 20111.0 words/s - loss: 0.5393
00:31:57 - process[9]: training epoch 3 ...
00:32:06 - process[9] - epoch 3 - train iter 235 - 22085.6 words/s - loss: 0.5143
00:32:06 - process[9]: training epoch 4 ...
00:32:14 - process[9] - epoch 4 - train iter 235 - 21902.7 words/s - loss: 0.4812
00:32:14 - process[9]: training epoch 5 ...
00:32:23 - process[9] - epoch 5 - train iter 235 - 22241.4 words/s - loss: 0.4896
00:32:23 - process[9]: training epoch 6 ...
00:32:32 - process[9] - epoch 6 - train iter 235 - 20856.1 words/s - loss: 0.4929
00:32:32 - process[9]: training epoch 7 ...
00:32:41 - process[9] - epoch 7 - train iter 235 - 20843.3 words/s - loss: 0.4397
00:32:41 - process[9]: training epoch 8 ...
00:32:50 - process[9] - epoch 8 - train iter 235 - 21596.7 words/s - loss: 0.4809
00:32:50 - process[9]: training epoch 9 ...
00:32:59 - process[9] - epoch 9 - train iter 235 - 21151.3 words/s - loss: 0.4528
00:32:59 - process[9]: training epoch 10 ...
00:33:10 - process[9] - epoch 10 - train iter 235 - 19001.5 words/s - loss: 0.4319
00:33:10 - process[9]: evaluating epoch 10 on dev ...
00:33:28 - dev set during evaluation: 10640/10633
00:33:28 - process[9] - dev - epoch 10 - mAP: 0.373 w/ 37 queries
00:33:28 - process[9]: evaluating epoch 10 on test ...
00:33:47 - process[9] - test - epoch 10 - mAP: 0.411 w/ 37 queries
00:33:47 - process[9]: training epoch 11 ...
00:33:56 - process[9] - epoch 11 - train iter 235 - 21291.2 words/s - loss: 0.4663
00:33:56 - process[9]: evaluating epoch 11 on dev ...
00:34:14 - dev set during evaluation: 10640/10633
00:34:14 - process[9] - dev - epoch 11 - mAP: 0.362 w/ 37 queries
00:34:14 - process[9]: training epoch 12 ...
00:34:23 - process[9] - epoch 12 - train iter 235 - 20856.0 words/s - loss: 0.4639
00:34:23 - process[9]: evaluating epoch 12 on dev ...
00:34:42 - dev set during evaluation: 10640/10633
00:34:42 - process[9] - dev - epoch 12 - mAP: 0.381 w/ 37 queries
00:34:42 - process[9]: evaluating epoch 12 on test ...
00:35:01 - process[9] - test - epoch 12 - mAP: 0.416 w/ 37 queries
00:35:01 - process[9]: training epoch 13 ...
00:35:10 - process[9] - epoch 13 - train iter 235 - 21363.4 words/s - loss: 0.3838
00:35:10 - process[9]: evaluating epoch 13 on dev ...
00:35:28 - dev set during evaluation: 10640/10633
00:35:28 - process[9] - dev - epoch 13 - mAP: 0.376 w/ 37 queries
00:35:28 - process[9]: training epoch 14 ...
00:35:38 - process[9] - epoch 14 - train iter 235 - 20225.1 words/s - loss: 0.4620
00:35:38 - process[9]: evaluating epoch 14 on dev ...
00:35:55 - dev set during evaluation: 10640/10633
00:35:55 - process[9] - dev - epoch 14 - mAP: 0.392 w/ 37 queries
00:35:55 - process[9]: evaluating epoch 14 on test ...
00:36:14 - process[9] - test - epoch 14 - mAP: 0.393 w/ 37 queries
00:36:14 - process[9]: training epoch 15 ...
00:36:23 - process[9] - epoch 15 - train iter 235 - 20982.6 words/s - loss: 0.3788
00:36:23 - process[9]: evaluating epoch 15 on dev ...
00:36:40 - dev set during evaluation: 10640/10633
00:36:40 - process[9] - dev - epoch 15 - mAP: 0.395 w/ 37 queries
00:36:40 - process[9]: evaluating epoch 15 on test ...
00:36:59 - process[9] - test - epoch 15 - mAP: 0.412 w/ 37 queries
00:36:59 - process[9]: training epoch 16 ...
00:37:08 - process[9] - epoch 16 - train iter 235 - 20694.5 words/s - loss: 0.4591
00:37:08 - process[9]: evaluating epoch 16 on dev ...
00:37:26 - dev set during evaluation: 10640/10633
00:37:26 - process[9] - dev - epoch 16 - mAP: 0.383 w/ 37 queries
00:37:26 - process[9]: training epoch 17 ...
00:37:35 - process[9] - epoch 17 - train iter 235 - 20952.6 words/s - loss: 0.4521
00:37:35 - process[9]: evaluating epoch 17 on dev ...
00:37:53 - dev set during evaluation: 10640/10633
00:37:53 - process[9] - dev - epoch 17 - mAP: 0.401 w/ 37 queries
00:37:53 - process[9]: evaluating epoch 17 on test ...
00:38:11 - process[9] - test - epoch 17 - mAP: 0.419 w/ 37 queries
00:38:11 - process[9]: training epoch 18 ...
00:38:22 - process[9] - epoch 18 - train iter 235 - 19052.9 words/s - loss: 0.4044
00:38:22 - process[9]: evaluating epoch 18 on dev ...
00:38:39 - dev set during evaluation: 10640/10633
00:38:39 - process[9] - dev - epoch 18 - mAP: 0.365 w/ 37 queries
00:38:39 - process[9]: training epoch 19 ...
00:38:49 - process[9] - epoch 19 - train iter 235 - 17949.9 words/s - loss: 0.3816
00:38:49 - process[9]: evaluating epoch 19 on dev ...
00:39:07 - dev set during evaluation: 10640/10633
00:39:07 - process[9] - dev - epoch 19 - mAP: 0.382 w/ 37 queries
00:39:07 - [fold 5] best test MAP: 0.419 @ epoch 17
00:39:07 - [0.49495143891145005, 0.45615345554282094, 0.48046809850505917, 0.391124065206879, 0.41943412340513486]
00:39:07 - [37, 37, 37, 37, 37]
00:39:07 - final MAP: 0.448
