00:00:06 - Namespace(apex_level='O2', batch_size=8, cased=False, dataset='clef', debug=False, encoder_lr=2e-05, eval_step=1, full_doc_length=True, local_rank=7, model_path='/mnt/scratch/puxuan/short_rr/2186734/huggingface-19', model_type='mbert', num_epochs=20, num_ft_encoders=3, num_neg=1, projector_lr=2e-05, seed=611, source_lang='es', target_lang='fr')
00:00:25 - Evaluating every 1 epochs ...
00:00:25 - reading data from /mnt/home/puxuan/CLIR-project/Evaluation_data/process-clef/uncased
00:00:25 - test has 37 queries ...
00:00:25 - Data reading done ...
00:00:32 - adding 9-th encoder to optimizer...
00:00:32 - adding 10-th encoder to optimizer...
00:00:32 - adding 11-th encoder to optimizer...
00:00:32 - process[7]: training epoch 0 ...
00:00:42 - process[7] - epoch 0 - train iter 241 - 20164.1 words/s - loss: 0.5679
00:00:42 - process[7]: training epoch 1 ...
00:00:51 - process[7] - epoch 1 - train iter 241 - 22457.5 words/s - loss: 0.5058
00:00:51 - process[7]: training epoch 2 ...
00:01:00 - process[7] - epoch 2 - train iter 241 - 22544.4 words/s - loss: 0.5081
00:01:00 - process[7]: training epoch 3 ...
00:01:08 - process[7] - epoch 3 - train iter 241 - 23505.5 words/s - loss: 0.5208
00:01:08 - process[7]: training epoch 4 ...
00:01:17 - process[7] - epoch 4 - train iter 241 - 21352.9 words/s - loss: 0.4470
00:01:17 - process[7]: training epoch 5 ...
00:01:26 - process[7] - epoch 5 - train iter 241 - 21282.4 words/s - loss: 0.4862
00:01:26 - process[7]: training epoch 6 ...
00:01:35 - process[7] - epoch 6 - train iter 241 - 21932.6 words/s - loss: 0.4488
00:01:35 - process[7]: training epoch 7 ...
00:01:44 - process[7] - epoch 7 - train iter 241 - 20818.8 words/s - loss: 0.4356
00:01:44 - process[7]: training epoch 8 ...
00:01:53 - process[7] - epoch 8 - train iter 241 - 21527.7 words/s - loss: 0.4599
00:01:53 - process[7]: training epoch 9 ...
00:02:02 - process[7] - epoch 9 - train iter 241 - 22535.9 words/s - loss: 0.4539
00:02:02 - process[7]: training epoch 10 ...
00:02:11 - process[7] - epoch 10 - train iter 241 - 21838.9 words/s - loss: 0.3965
00:02:11 - process[7]: evaluating epoch 10 on dev ...
00:02:32 - process[7] - dev - epoch 10 - mAP: 0.434 w/ 37 queries
00:02:32 - process[7]: evaluating epoch 10 on test ...
00:02:51 - test set during evaluation: 11380/11372
00:02:51 - process[7] - test - epoch 10 - mAP: 0.561 w/ 37 queries
00:02:51 - process[7]: training epoch 11 ...
00:03:00 - process[7] - epoch 11 - train iter 241 - 21526.0 words/s - loss: 0.4134
00:03:00 - process[7]: evaluating epoch 11 on dev ...
00:03:19 - process[7] - dev - epoch 11 - mAP: 0.424 w/ 37 queries
00:03:19 - process[7]: training epoch 12 ...
00:03:28 - process[7] - epoch 12 - train iter 241 - 22415.4 words/s - loss: 0.4203
00:03:28 - process[7]: evaluating epoch 12 on dev ...
00:03:47 - process[7] - dev - epoch 12 - mAP: 0.434 w/ 37 queries
00:03:47 - process[7]: evaluating epoch 12 on test ...
00:04:06 - test set during evaluation: 11380/11372
00:04:06 - process[7] - test - epoch 12 - mAP: 0.578 w/ 37 queries
00:04:06 - process[7]: training epoch 13 ...
00:04:15 - process[7] - epoch 13 - train iter 241 - 20657.3 words/s - loss: 0.4287
00:04:15 - process[7]: evaluating epoch 13 on dev ...
00:04:34 - process[7] - dev - epoch 13 - mAP: 0.434 w/ 37 queries
00:04:34 - process[7]: training epoch 14 ...
00:04:43 - process[7] - epoch 14 - train iter 241 - 21788.0 words/s - loss: 0.4217
00:04:43 - process[7]: evaluating epoch 14 on dev ...
00:05:01 - process[7] - dev - epoch 14 - mAP: 0.430 w/ 37 queries
00:05:01 - process[7]: training epoch 15 ...
00:05:11 - process[7] - epoch 15 - train iter 241 - 20910.6 words/s - loss: 0.4293
00:05:11 - process[7]: evaluating epoch 15 on dev ...
00:05:29 - process[7] - dev - epoch 15 - mAP: 0.436 w/ 37 queries
00:05:29 - process[7]: evaluating epoch 15 on test ...
00:05:48 - test set during evaluation: 11380/11372
00:05:48 - process[7] - test - epoch 15 - mAP: 0.573 w/ 37 queries
00:05:48 - process[7]: training epoch 16 ...
00:05:57 - process[7] - epoch 16 - train iter 241 - 21584.4 words/s - loss: 0.3650
00:05:57 - process[7]: evaluating epoch 16 on dev ...
00:06:15 - process[7] - dev - epoch 16 - mAP: 0.428 w/ 37 queries
00:06:15 - process[7]: training epoch 17 ...
00:06:25 - process[7] - epoch 17 - train iter 241 - 21148.3 words/s - loss: 0.4454
00:06:25 - process[7]: evaluating epoch 17 on dev ...
00:06:43 - process[7] - dev - epoch 17 - mAP: 0.435 w/ 37 queries
00:06:43 - process[7]: training epoch 18 ...
00:06:52 - process[7] - epoch 18 - train iter 241 - 21035.4 words/s - loss: 0.3493
00:06:52 - process[7]: evaluating epoch 18 on dev ...
00:07:10 - process[7] - dev - epoch 18 - mAP: 0.440 w/ 37 queries
00:07:10 - process[7]: evaluating epoch 18 on test ...
00:07:29 - test set during evaluation: 11380/11372
00:07:29 - process[7] - test - epoch 18 - mAP: 0.583 w/ 37 queries
00:07:29 - process[7]: training epoch 19 ...
00:07:38 - process[7] - epoch 19 - train iter 241 - 20528.1 words/s - loss: 0.3985
00:07:38 - process[7]: evaluating epoch 19 on dev ...
00:07:56 - process[7] - dev - epoch 19 - mAP: 0.437 w/ 37 queries
00:07:56 - [fold 1] best test MAP: 0.583 @ epoch 18
00:07:56 - Evaluating every 1 epochs ...
00:07:56 - reading data from /mnt/home/puxuan/CLIR-project/Evaluation_data/process-clef/uncased
00:07:57 - test has 37 queries ...
00:07:57 - Data reading done ...
00:07:58 - adding 9-th encoder to optimizer...
00:07:58 - adding 10-th encoder to optimizer...
00:07:58 - adding 11-th encoder to optimizer...
00:07:58 - process[7]: training epoch 0 ...
00:08:09 - process[7] - epoch 0 - train iter 276 - 20966.2 words/s - loss: 0.5771
00:08:09 - process[7]: training epoch 1 ...
00:08:20 - process[7] - epoch 1 - train iter 276 - 19835.8 words/s - loss: 0.5292
00:08:20 - process[7]: training epoch 2 ...
00:08:31 - process[7] - epoch 2 - train iter 276 - 20388.8 words/s - loss: 0.5262
00:08:31 - process[7]: training epoch 3 ...
00:08:41 - process[7] - epoch 3 - train iter 276 - 22343.6 words/s - loss: 0.5043
00:08:41 - process[7]: training epoch 4 ...
00:08:51 - process[7] - epoch 4 - train iter 276 - 21792.8 words/s - loss: 0.4743
00:08:51 - process[7]: training epoch 5 ...
00:09:02 - process[7] - epoch 5 - train iter 276 - 20932.3 words/s - loss: 0.4737
00:09:02 - process[7]: training epoch 6 ...
00:09:13 - process[7] - epoch 6 - train iter 276 - 20161.8 words/s - loss: 0.4429
00:09:13 - process[7]: training epoch 7 ...
00:09:24 - process[7] - epoch 7 - train iter 276 - 21264.9 words/s - loss: 0.4196
00:09:24 - process[7]: training epoch 8 ...
00:09:34 - process[7] - epoch 8 - train iter 276 - 21429.3 words/s - loss: 0.4612
00:09:34 - process[7]: training epoch 9 ...
00:09:45 - process[7] - epoch 9 - train iter 276 - 20981.1 words/s - loss: 0.4456
00:09:45 - process[7]: training epoch 10 ...
00:09:55 - process[7] - epoch 10 - train iter 276 - 21405.2 words/s - loss: 0.4384
00:09:55 - process[7]: evaluating epoch 10 on dev ...
00:10:18 - dev set during evaluation: 11380/11372
00:10:18 - process[7] - dev - epoch 10 - mAP: 0.574 w/ 37 queries
00:10:18 - process[7]: evaluating epoch 10 on test ...
00:10:35 - process[7] - test - epoch 10 - mAP: 0.478 w/ 37 queries
00:10:35 - process[7]: training epoch 11 ...
00:10:46 - process[7] - epoch 11 - train iter 276 - 20392.9 words/s - loss: 0.3988
00:10:46 - process[7]: evaluating epoch 11 on dev ...
00:11:06 - dev set during evaluation: 11380/11372
00:11:06 - process[7] - dev - epoch 11 - mAP: 0.561 w/ 37 queries
00:11:06 - process[7]: training epoch 12 ...
00:11:17 - process[7] - epoch 12 - train iter 276 - 20342.7 words/s - loss: 0.4115
00:11:17 - process[7]: evaluating epoch 12 on dev ...
00:11:35 - dev set during evaluation: 11380/11372
00:11:35 - process[7] - dev - epoch 12 - mAP: 0.593 w/ 37 queries
00:11:35 - process[7]: evaluating epoch 12 on test ...
00:11:52 - process[7] - test - epoch 12 - mAP: 0.472 w/ 37 queries
00:11:52 - process[7]: training epoch 13 ...
00:12:03 - process[7] - epoch 13 - train iter 276 - 21520.7 words/s - loss: 0.4339
00:12:03 - process[7]: evaluating epoch 13 on dev ...
00:12:22 - dev set during evaluation: 11380/11372
00:12:22 - process[7] - dev - epoch 13 - mAP: 0.565 w/ 37 queries
00:12:22 - process[7]: training epoch 14 ...
00:12:34 - process[7] - epoch 14 - train iter 276 - 20241.8 words/s - loss: 0.4425
00:12:34 - process[7]: evaluating epoch 14 on dev ...
00:12:51 - dev set during evaluation: 11380/11372
00:12:51 - process[7] - dev - epoch 14 - mAP: 0.567 w/ 37 queries
00:12:51 - process[7]: training epoch 15 ...
00:13:03 - process[7] - epoch 15 - train iter 276 - 20696.5 words/s - loss: 0.4154
00:13:03 - process[7]: evaluating epoch 15 on dev ...
00:13:20 - dev set during evaluation: 11380/11372
00:13:20 - process[7] - dev - epoch 15 - mAP: 0.579 w/ 37 queries
00:13:20 - process[7]: training epoch 16 ...
00:13:31 - process[7] - epoch 16 - train iter 276 - 21559.7 words/s - loss: 0.3554
00:13:31 - process[7]: evaluating epoch 16 on dev ...
00:13:50 - dev set during evaluation: 11380/11372
00:13:50 - process[7] - dev - epoch 16 - mAP: 0.552 w/ 37 queries
00:13:50 - process[7]: training epoch 17 ...
00:14:00 - process[7] - epoch 17 - train iter 276 - 20947.7 words/s - loss: 0.4057
00:14:00 - process[7]: evaluating epoch 17 on dev ...
00:14:19 - dev set during evaluation: 11380/11372
00:14:19 - process[7] - dev - epoch 17 - mAP: 0.552 w/ 37 queries
00:14:19 - process[7]: training epoch 18 ...
00:14:31 - process[7] - epoch 18 - train iter 276 - 19224.7 words/s - loss: 0.3859
00:14:31 - process[7]: evaluating epoch 18 on dev ...
00:14:49 - dev set during evaluation: 11380/11372
00:14:49 - process[7] - dev - epoch 18 - mAP: 0.531 w/ 37 queries
00:14:49 - process[7]: training epoch 19 ...
00:14:59 - process[7] - epoch 19 - train iter 276 - 21264.3 words/s - loss: 0.4009
00:14:59 - process[7]: evaluating epoch 19 on dev ...
00:15:19 - dev set during evaluation: 11380/11372
00:15:19 - process[7] - dev - epoch 19 - mAP: 0.548 w/ 37 queries
00:15:19 - [fold 2] best test MAP: 0.472 @ epoch 12
00:15:19 - Evaluating every 1 epochs ...
00:15:19 - reading data from /mnt/home/puxuan/CLIR-project/Evaluation_data/process-clef/uncased
00:15:20 - test has 37 queries ...
00:15:20 - Data reading done ...
00:15:21 - adding 9-th encoder to optimizer...
00:15:21 - adding 10-th encoder to optimizer...
00:15:21 - adding 11-th encoder to optimizer...
00:15:21 - process[7]: training epoch 0 ...
00:15:30 - process[7] - epoch 0 - train iter 240 - 20900.3 words/s - loss: 0.6059
00:15:30 - process[7]: training epoch 1 ...
00:15:40 - process[7] - epoch 1 - train iter 240 - 20978.5 words/s - loss: 0.5586
00:15:40 - process[7]: training epoch 2 ...
00:15:49 - process[7] - epoch 2 - train iter 240 - 21612.9 words/s - loss: 0.5486
00:15:49 - process[7]: training epoch 3 ...
00:15:58 - process[7] - epoch 3 - train iter 240 - 21645.6 words/s - loss: 0.4897
00:15:58 - process[7]: training epoch 4 ...
00:16:07 - process[7] - epoch 4 - train iter 240 - 21135.4 words/s - loss: 0.4584
00:16:07 - process[7]: training epoch 5 ...
00:16:16 - process[7] - epoch 5 - train iter 240 - 21840.2 words/s - loss: 0.4809
00:16:16 - process[7]: training epoch 6 ...
00:16:26 - process[7] - epoch 6 - train iter 240 - 20493.5 words/s - loss: 0.4582
00:16:26 - process[7]: training epoch 7 ...
00:16:35 - process[7] - epoch 7 - train iter 240 - 21482.3 words/s - loss: 0.4148
00:16:35 - process[7]: training epoch 8 ...
00:16:44 - process[7] - epoch 8 - train iter 240 - 20435.4 words/s - loss: 0.4693
00:16:44 - process[7]: training epoch 9 ...
00:16:52 - process[7] - epoch 9 - train iter 240 - 23474.6 words/s - loss: 0.4189
00:16:52 - process[7]: training epoch 10 ...
00:17:02 - process[7] - epoch 10 - train iter 240 - 20079.4 words/s - loss: 0.4365
00:17:02 - process[7]: evaluating epoch 10 on dev ...
00:17:19 - process[7] - dev - epoch 10 - mAP: 0.476 w/ 37 queries
00:17:19 - process[7]: evaluating epoch 10 on test ...
00:17:39 - test set during evaluation: 11210/11201
00:17:39 - process[7] - test - epoch 10 - mAP: 0.526 w/ 37 queries
00:17:39 - process[7]: training epoch 11 ...
00:17:48 - process[7] - epoch 11 - train iter 240 - 21857.1 words/s - loss: 0.4397
00:17:48 - process[7]: evaluating epoch 11 on dev ...
00:18:05 - process[7] - dev - epoch 11 - mAP: 0.514 w/ 37 queries
00:18:05 - process[7]: evaluating epoch 11 on test ...
00:18:24 - test set during evaluation: 11210/11201
00:18:24 - process[7] - test - epoch 11 - mAP: 0.513 w/ 37 queries
00:18:24 - process[7]: training epoch 12 ...
00:18:33 - process[7] - epoch 12 - train iter 240 - 21668.6 words/s - loss: 0.4451
00:18:33 - process[7]: evaluating epoch 12 on dev ...
00:18:51 - process[7] - dev - epoch 12 - mAP: 0.495 w/ 37 queries
00:18:51 - process[7]: training epoch 13 ...
00:19:00 - process[7] - epoch 13 - train iter 240 - 21511.7 words/s - loss: 0.4354
00:19:00 - process[7]: evaluating epoch 13 on dev ...
00:19:17 - process[7] - dev - epoch 13 - mAP: 0.490 w/ 37 queries
00:19:17 - process[7]: training epoch 14 ...
00:19:27 - process[7] - epoch 14 - train iter 240 - 20831.5 words/s - loss: 0.4002
00:19:27 - process[7]: evaluating epoch 14 on dev ...
00:19:44 - process[7] - dev - epoch 14 - mAP: 0.488 w/ 37 queries
00:19:44 - process[7]: training epoch 15 ...
00:19:53 - process[7] - epoch 15 - train iter 240 - 20867.5 words/s - loss: 0.3820
00:19:53 - process[7]: evaluating epoch 15 on dev ...
00:20:10 - process[7] - dev - epoch 15 - mAP: 0.492 w/ 37 queries
00:20:10 - process[7]: training epoch 16 ...
00:20:19 - process[7] - epoch 16 - train iter 240 - 22948.4 words/s - loss: 0.3871
00:20:19 - process[7]: evaluating epoch 16 on dev ...
00:20:37 - process[7] - dev - epoch 16 - mAP: 0.475 w/ 37 queries
00:20:37 - process[7]: training epoch 17 ...
00:20:45 - process[7] - epoch 17 - train iter 240 - 22016.5 words/s - loss: 0.4272
00:20:45 - process[7]: evaluating epoch 17 on dev ...
00:21:03 - process[7] - dev - epoch 17 - mAP: 0.479 w/ 37 queries
00:21:03 - process[7]: training epoch 18 ...
00:21:12 - process[7] - epoch 18 - train iter 240 - 21760.1 words/s - loss: 0.3332
00:21:12 - process[7]: evaluating epoch 18 on dev ...
00:21:29 - process[7] - dev - epoch 18 - mAP: 0.484 w/ 37 queries
00:21:29 - process[7]: training epoch 19 ...
00:21:38 - process[7] - epoch 19 - train iter 240 - 21204.0 words/s - loss: 0.4396
00:21:38 - process[7]: evaluating epoch 19 on dev ...
00:21:56 - process[7] - dev - epoch 19 - mAP: 0.483 w/ 37 queries
00:21:56 - [fold 3] best test MAP: 0.513 @ epoch 11
00:21:56 - Evaluating every 1 epochs ...
00:21:56 - reading data from /mnt/home/puxuan/CLIR-project/Evaluation_data/process-clef/uncased
00:21:56 - test has 37 queries ...
00:21:56 - Data reading done ...
00:21:57 - adding 9-th encoder to optimizer...
00:21:57 - adding 10-th encoder to optimizer...
00:21:57 - adding 11-th encoder to optimizer...
00:21:58 - process[7]: training epoch 0 ...
00:22:06 - process[7] - epoch 0 - train iter 231 - 20718.9 words/s - loss: 0.5757
00:22:06 - process[7]: training epoch 1 ...
00:22:15 - process[7] - epoch 1 - train iter 231 - 22275.7 words/s - loss: 0.5578
00:22:15 - process[7]: training epoch 2 ...
00:22:23 - process[7] - epoch 2 - train iter 231 - 21866.3 words/s - loss: 0.5051
00:22:23 - process[7]: training epoch 3 ...
00:22:32 - process[7] - epoch 3 - train iter 231 - 21791.6 words/s - loss: 0.5105
00:22:32 - process[7]: training epoch 4 ...
00:22:41 - process[7] - epoch 4 - train iter 231 - 20682.8 words/s - loss: 0.4881
00:22:41 - process[7]: training epoch 5 ...
00:22:50 - process[7] - epoch 5 - train iter 231 - 20354.9 words/s - loss: 0.4910
00:22:50 - process[7]: training epoch 6 ...
00:22:59 - process[7] - epoch 6 - train iter 231 - 21982.2 words/s - loss: 0.4541
00:22:59 - process[7]: training epoch 7 ...
00:23:08 - process[7] - epoch 7 - train iter 231 - 20079.0 words/s - loss: 0.4518
00:23:08 - process[7]: training epoch 8 ...
00:23:16 - process[7] - epoch 8 - train iter 231 - 21299.3 words/s - loss: 0.4450
00:23:16 - process[7]: training epoch 9 ...
00:23:25 - process[7] - epoch 9 - train iter 231 - 21101.8 words/s - loss: 0.4765
00:23:25 - process[7]: training epoch 10 ...
00:23:34 - process[7] - epoch 10 - train iter 231 - 21362.0 words/s - loss: 0.4136
00:23:34 - process[7]: evaluating epoch 10 on dev ...
00:23:55 - dev set during evaluation: 11210/11201
00:23:55 - process[7] - dev - epoch 10 - mAP: 0.541 w/ 37 queries
00:23:55 - process[7]: evaluating epoch 10 on test ...
00:24:13 - test set during evaluation: 10640/10633
00:24:13 - process[7] - test - epoch 10 - mAP: 0.470 w/ 37 queries
00:24:13 - process[7]: training epoch 11 ...
00:24:21 - process[7] - epoch 11 - train iter 231 - 21954.8 words/s - loss: 0.4526
00:24:21 - process[7]: evaluating epoch 11 on dev ...
00:24:41 - dev set during evaluation: 11210/11201
00:24:41 - process[7] - dev - epoch 11 - mAP: 0.548 w/ 37 queries
00:24:41 - process[7]: evaluating epoch 11 on test ...
00:24:59 - test set during evaluation: 10640/10633
00:24:59 - process[7] - test - epoch 11 - mAP: 0.508 w/ 37 queries
00:24:59 - process[7]: training epoch 12 ...
00:25:08 - process[7] - epoch 12 - train iter 231 - 20289.2 words/s - loss: 0.4065
00:25:08 - process[7]: evaluating epoch 12 on dev ...
00:25:28 - dev set during evaluation: 11210/11201
00:25:28 - process[7] - dev - epoch 12 - mAP: 0.544 w/ 37 queries
00:25:28 - process[7]: training epoch 13 ...
00:25:36 - process[7] - epoch 13 - train iter 231 - 21600.5 words/s - loss: 0.4150
00:25:36 - process[7]: evaluating epoch 13 on dev ...
00:25:56 - dev set during evaluation: 11210/11201
00:25:56 - process[7] - dev - epoch 13 - mAP: 0.553 w/ 37 queries
00:25:56 - process[7]: evaluating epoch 13 on test ...
00:26:14 - test set during evaluation: 10640/10633
00:26:14 - process[7] - test - epoch 13 - mAP: 0.472 w/ 37 queries
00:26:14 - process[7]: training epoch 14 ...
00:26:23 - process[7] - epoch 14 - train iter 231 - 21478.0 words/s - loss: 0.4181
00:26:23 - process[7]: evaluating epoch 14 on dev ...
00:26:43 - dev set during evaluation: 11210/11201
00:26:43 - process[7] - dev - epoch 14 - mAP: 0.542 w/ 37 queries
00:26:43 - process[7]: training epoch 15 ...
00:26:51 - process[7] - epoch 15 - train iter 231 - 21232.4 words/s - loss: 0.4144
00:26:51 - process[7]: evaluating epoch 15 on dev ...
00:27:11 - dev set during evaluation: 11210/11201
00:27:11 - process[7] - dev - epoch 15 - mAP: 0.546 w/ 37 queries
00:27:11 - process[7]: training epoch 16 ...
00:27:20 - process[7] - epoch 16 - train iter 231 - 21221.7 words/s - loss: 0.4274
00:27:20 - process[7]: evaluating epoch 16 on dev ...
00:27:39 - dev set during evaluation: 11210/11201
00:27:39 - process[7] - dev - epoch 16 - mAP: 0.522 w/ 37 queries
00:27:39 - process[7]: training epoch 17 ...
00:27:48 - process[7] - epoch 17 - train iter 231 - 21841.8 words/s - loss: 0.4298
00:27:48 - process[7]: evaluating epoch 17 on dev ...
00:28:08 - dev set during evaluation: 11210/11201
00:28:08 - process[7] - dev - epoch 17 - mAP: 0.522 w/ 37 queries
00:28:08 - process[7]: training epoch 18 ...
00:28:16 - process[7] - epoch 18 - train iter 231 - 21460.4 words/s - loss: 0.4287
00:28:16 - process[7]: evaluating epoch 18 on dev ...
00:28:37 - dev set during evaluation: 11210/11201
00:28:37 - process[7] - dev - epoch 18 - mAP: 0.502 w/ 37 queries
00:28:37 - process[7]: training epoch 19 ...
00:28:46 - process[7] - epoch 19 - train iter 231 - 20990.1 words/s - loss: 0.3607
00:28:46 - process[7]: evaluating epoch 19 on dev ...
00:29:05 - dev set during evaluation: 11210/11201
00:29:05 - process[7] - dev - epoch 19 - mAP: 0.537 w/ 37 queries
00:29:05 - [fold 4] best test MAP: 0.472 @ epoch 13
00:29:05 - Evaluating every 1 epochs ...
00:29:05 - reading data from /mnt/home/puxuan/CLIR-project/Evaluation_data/process-clef/uncased
00:29:06 - test has 37 queries ...
00:29:06 - Data reading done ...
00:29:07 - adding 9-th encoder to optimizer...
00:29:07 - adding 10-th encoder to optimizer...
00:29:07 - adding 11-th encoder to optimizer...
00:29:07 - process[7]: training epoch 0 ...
00:29:17 - process[7] - epoch 0 - train iter 235 - 20466.7 words/s - loss: 0.5806
00:29:17 - process[7]: training epoch 1 ...
00:29:26 - process[7] - epoch 1 - train iter 235 - 20901.5 words/s - loss: 0.6004
00:29:26 - process[7]: training epoch 2 ...
00:29:35 - process[7] - epoch 2 - train iter 235 - 20802.9 words/s - loss: 0.5269
00:29:35 - process[7]: training epoch 3 ...
00:29:44 - process[7] - epoch 3 - train iter 235 - 21605.9 words/s - loss: 0.4790
00:29:44 - process[7]: training epoch 4 ...
00:29:53 - process[7] - epoch 4 - train iter 235 - 21468.9 words/s - loss: 0.4776
00:29:53 - process[7]: training epoch 5 ...
00:30:02 - process[7] - epoch 5 - train iter 235 - 20536.5 words/s - loss: 0.4607
00:30:02 - process[7]: training epoch 6 ...
00:30:11 - process[7] - epoch 6 - train iter 235 - 20840.3 words/s - loss: 0.4220
00:30:11 - process[7]: training epoch 7 ...
00:30:21 - process[7] - epoch 7 - train iter 235 - 20254.1 words/s - loss: 0.4062
00:30:21 - process[7]: training epoch 8 ...
00:30:30 - process[7] - epoch 8 - train iter 235 - 21672.4 words/s - loss: 0.4966
00:30:30 - process[7]: training epoch 9 ...
00:30:39 - process[7] - epoch 9 - train iter 235 - 21452.4 words/s - loss: 0.4334
00:30:39 - process[7]: training epoch 10 ...
00:30:48 - process[7] - epoch 10 - train iter 235 - 20934.7 words/s - loss: 0.4359
00:30:48 - process[7]: evaluating epoch 10 on dev ...
00:31:05 - dev set during evaluation: 10640/10633
00:31:05 - process[7] - dev - epoch 10 - mAP: 0.466 w/ 37 queries
00:31:05 - process[7]: evaluating epoch 10 on test ...
00:31:24 - process[7] - test - epoch 10 - mAP: 0.442 w/ 37 queries
00:31:24 - process[7]: training epoch 11 ...
00:31:32 - process[7] - epoch 11 - train iter 235 - 22545.8 words/s - loss: 0.4082
00:31:32 - process[7]: evaluating epoch 11 on dev ...
00:31:51 - dev set during evaluation: 10640/10633
00:31:51 - process[7] - dev - epoch 11 - mAP: 0.456 w/ 37 queries
00:31:51 - process[7]: training epoch 12 ...
00:32:00 - process[7] - epoch 12 - train iter 235 - 21569.9 words/s - loss: 0.4329
00:32:00 - process[7]: evaluating epoch 12 on dev ...
00:32:18 - dev set during evaluation: 10640/10633
00:32:18 - process[7] - dev - epoch 12 - mAP: 0.487 w/ 37 queries
00:32:18 - process[7]: evaluating epoch 12 on test ...
00:32:37 - process[7] - test - epoch 12 - mAP: 0.440 w/ 37 queries
00:32:37 - process[7]: training epoch 13 ...
00:32:46 - process[7] - epoch 13 - train iter 235 - 20577.0 words/s - loss: 0.4559
00:32:46 - process[7]: evaluating epoch 13 on dev ...
00:33:04 - dev set during evaluation: 10640/10633
00:33:04 - process[7] - dev - epoch 13 - mAP: 0.471 w/ 37 queries
00:33:04 - process[7]: training epoch 14 ...
00:33:13 - process[7] - epoch 14 - train iter 235 - 20817.6 words/s - loss: 0.3826
00:33:13 - process[7]: evaluating epoch 14 on dev ...
00:33:30 - dev set during evaluation: 10640/10633
00:33:30 - process[7] - dev - epoch 14 - mAP: 0.463 w/ 37 queries
00:33:30 - process[7]: training epoch 15 ...
00:33:40 - process[7] - epoch 15 - train iter 235 - 20893.5 words/s - loss: 0.4110
00:33:40 - process[7]: evaluating epoch 15 on dev ...
00:33:57 - dev set during evaluation: 10640/10633
00:33:57 - process[7] - dev - epoch 15 - mAP: 0.450 w/ 37 queries
00:33:57 - process[7]: training epoch 16 ...
00:34:06 - process[7] - epoch 16 - train iter 235 - 20252.1 words/s - loss: 0.4331
00:34:06 - process[7]: evaluating epoch 16 on dev ...
00:34:23 - dev set during evaluation: 10640/10633
00:34:23 - process[7] - dev - epoch 16 - mAP: 0.485 w/ 37 queries
00:34:24 - process[7]: training epoch 17 ...
00:34:32 - process[7] - epoch 17 - train iter 235 - 21730.5 words/s - loss: 0.3603
00:34:32 - process[7]: evaluating epoch 17 on dev ...
00:34:50 - dev set during evaluation: 10640/10633
00:34:50 - process[7] - dev - epoch 17 - mAP: 0.460 w/ 37 queries
00:34:50 - process[7]: training epoch 18 ...
00:34:59 - process[7] - epoch 18 - train iter 235 - 21345.1 words/s - loss: 0.3971
00:34:59 - process[7]: evaluating epoch 18 on dev ...
00:35:17 - dev set during evaluation: 10640/10633
00:35:17 - process[7] - dev - epoch 18 - mAP: 0.441 w/ 37 queries
00:35:17 - process[7]: training epoch 19 ...
00:35:27 - process[7] - epoch 19 - train iter 235 - 20157.4 words/s - loss: 0.4004
00:35:27 - process[7]: evaluating epoch 19 on dev ...
00:35:44 - dev set during evaluation: 10640/10633
00:35:44 - process[7] - dev - epoch 19 - mAP: 0.459 w/ 37 queries
00:35:44 - [fold 5] best test MAP: 0.440 @ epoch 12
00:35:44 - [0.5828039822204477, 0.4717088658283903, 0.5130999905878847, 0.4723249662671973, 0.43958060542362054]
00:35:44 - [37, 37, 37, 37, 37]
00:35:44 - final MAP: 0.496
