00:00:05 - Namespace(apex_level='O2', batch_size=8, cased=False, dataset='clef', debug=False, encoder_lr=2e-05, eval_step=1, full_doc_length=True, local_rank=5, model_path='/mnt/scratch/puxuan/short_qlm_0.15/2186792/huggingface-4', model_type='mbert', num_epochs=20, num_ft_encoders=3, num_neg=1, projector_lr=2e-05, seed=611, source_lang='fr', target_lang='de')
00:00:19 - Evaluating every 1 epochs ...
00:00:19 - reading data from /mnt/home/puxuan/CLIR-project/Evaluation_data/process-clef/uncased
00:00:20 - test has 38 queries ...
00:00:20 - Data reading done ...
00:00:27 - adding 9-th encoder to optimizer...
00:00:27 - adding 10-th encoder to optimizer...
00:00:27 - adding 11-th encoder to optimizer...
00:00:28 - process[5]: training epoch 0 ...
00:00:44 - process[5] - epoch 0 - train iter 423 - 19943.8 words/s - loss: 0.6528
00:00:44 - process[5]: training epoch 1 ...
00:01:00 - process[5] - epoch 1 - train iter 423 - 21761.1 words/s - loss: 0.5661
00:01:00 - process[5]: training epoch 2 ...
00:01:16 - process[5] - epoch 2 - train iter 423 - 20367.0 words/s - loss: 0.5396
00:01:16 - process[5]: training epoch 3 ...
00:01:33 - process[5] - epoch 3 - train iter 423 - 20633.3 words/s - loss: 0.5661
00:01:33 - process[5]: training epoch 4 ...
00:01:48 - process[5] - epoch 4 - train iter 423 - 21083.4 words/s - loss: 0.5525
00:01:48 - process[5]: training epoch 5 ...
00:02:05 - process[5] - epoch 5 - train iter 423 - 20654.1 words/s - loss: 0.5195
00:02:05 - process[5]: training epoch 6 ...
00:02:21 - process[5] - epoch 6 - train iter 423 - 20581.7 words/s - loss: 0.5056
00:02:21 - process[5]: training epoch 7 ...
00:02:37 - process[5] - epoch 7 - train iter 423 - 20942.6 words/s - loss: 0.4920
00:02:37 - process[5]: training epoch 8 ...
00:02:53 - process[5] - epoch 8 - train iter 423 - 20685.9 words/s - loss: 0.4747
00:02:53 - process[5]: training epoch 9 ...
00:03:08 - process[5] - epoch 9 - train iter 423 - 22365.6 words/s - loss: 0.4489
00:03:08 - process[5]: training epoch 10 ...
00:03:24 - process[5] - epoch 10 - train iter 423 - 21242.8 words/s - loss: 0.4908
00:03:24 - process[5]: evaluating epoch 10 on dev ...
00:03:58 - dev set during evaluation: 13890/13887
00:03:58 - process[5] - dev - epoch 10 - mAP: 0.466 w/ 38 queries
00:03:58 - process[5]: evaluating epoch 10 on test ...
00:04:28 - test set during evaluation: 15580/15574
00:04:28 - process[5] - test - epoch 10 - mAP: 0.382 w/ 38 queries
00:04:28 - process[5]: training epoch 11 ...
00:04:44 - process[5] - epoch 11 - train iter 423 - 20342.1 words/s - loss: 0.4106
00:04:44 - process[5]: evaluating epoch 11 on dev ...
00:05:13 - dev set during evaluation: 13890/13887
00:05:13 - process[5] - dev - epoch 11 - mAP: 0.439 w/ 38 queries
00:05:13 - process[5]: training epoch 12 ...
00:05:29 - process[5] - epoch 12 - train iter 423 - 20379.5 words/s - loss: 0.4273
00:05:29 - process[5]: evaluating epoch 12 on dev ...
00:05:58 - dev set during evaluation: 13890/13887
00:05:58 - process[5] - dev - epoch 12 - mAP: 0.464 w/ 38 queries
00:05:58 - process[5]: training epoch 13 ...
00:06:15 - process[5] - epoch 13 - train iter 423 - 19727.8 words/s - loss: 0.4382
00:06:15 - process[5]: evaluating epoch 13 on dev ...
00:06:44 - dev set during evaluation: 13890/13887
00:06:44 - process[5] - dev - epoch 13 - mAP: 0.468 w/ 38 queries
00:06:44 - process[5]: evaluating epoch 13 on test ...
00:07:14 - test set during evaluation: 15580/15574
00:07:14 - process[5] - test - epoch 13 - mAP: 0.392 w/ 38 queries
00:07:14 - process[5]: training epoch 14 ...
00:07:30 - process[5] - epoch 14 - train iter 423 - 21451.7 words/s - loss: 0.4462
00:07:30 - process[5]: evaluating epoch 14 on dev ...
00:08:00 - dev set during evaluation: 13890/13887
00:08:00 - process[5] - dev - epoch 14 - mAP: 0.430 w/ 38 queries
00:08:00 - process[5]: training epoch 15 ...
00:08:17 - process[5] - epoch 15 - train iter 423 - 20221.6 words/s - loss: 0.4346
00:08:17 - process[5]: evaluating epoch 15 on dev ...
00:08:46 - dev set during evaluation: 13890/13887
00:08:46 - process[5] - dev - epoch 15 - mAP: 0.436 w/ 38 queries
00:08:46 - process[5]: training epoch 16 ...
00:09:02 - process[5] - epoch 16 - train iter 423 - 20751.8 words/s - loss: 0.4129
00:09:02 - process[5]: evaluating epoch 16 on dev ...
00:09:31 - dev set during evaluation: 13890/13887
00:09:31 - process[5] - dev - epoch 16 - mAP: 0.419 w/ 38 queries
00:09:31 - process[5]: training epoch 17 ...
00:09:48 - process[5] - epoch 17 - train iter 423 - 19628.5 words/s - loss: 0.4478
00:09:48 - process[5]: evaluating epoch 17 on dev ...
00:10:17 - dev set during evaluation: 13890/13887
00:10:17 - process[5] - dev - epoch 17 - mAP: 0.404 w/ 38 queries
00:10:17 - process[5]: training epoch 18 ...
00:10:33 - process[5] - epoch 18 - train iter 423 - 20735.3 words/s - loss: 0.3770
00:10:33 - process[5]: evaluating epoch 18 on dev ...
00:11:02 - dev set during evaluation: 13890/13887
00:11:02 - process[5] - dev - epoch 18 - mAP: 0.471 w/ 38 queries
00:11:02 - process[5]: evaluating epoch 18 on test ...
00:11:32 - test set during evaluation: 15580/15574
00:11:32 - process[5] - test - epoch 18 - mAP: 0.404 w/ 38 queries
00:11:32 - process[5]: training epoch 19 ...
00:11:48 - process[5] - epoch 19 - train iter 423 - 20753.9 words/s - loss: 0.4073
00:11:48 - process[5]: evaluating epoch 19 on dev ...
00:12:17 - dev set during evaluation: 13890/13887
00:12:17 - process[5] - dev - epoch 19 - mAP: 0.457 w/ 38 queries
00:12:17 - [fold 1] best test MAP: 0.404 @ epoch 18
00:12:17 - Evaluating every 1 epochs ...
00:12:17 - reading data from /mnt/home/puxuan/CLIR-project/Evaluation_data/process-clef/uncased
00:12:17 - test has 39 queries ...
00:12:17 - Data reading done ...
00:12:19 - adding 9-th encoder to optimizer...
00:12:19 - adding 10-th encoder to optimizer...
00:12:19 - adding 11-th encoder to optimizer...
00:12:20 - process[5]: training epoch 0 ...
00:12:37 - process[5] - epoch 0 - train iter 386 - 16933.5 words/s - loss: 0.6555
00:12:37 - process[5]: training epoch 1 ...
00:12:56 - process[5] - epoch 1 - train iter 386 - 16134.0 words/s - loss: 0.5321
00:12:56 - process[5]: training epoch 2 ...
00:13:14 - process[5] - epoch 2 - train iter 386 - 16829.9 words/s - loss: 0.5652
00:13:14 - process[5]: training epoch 3 ...
00:13:33 - process[5] - epoch 3 - train iter 386 - 16646.8 words/s - loss: 0.5446
00:13:33 - process[5]: training epoch 4 ...
00:13:51 - process[5] - epoch 4 - train iter 386 - 16714.1 words/s - loss: 0.5408
00:13:51 - process[5]: training epoch 5 ...
00:14:11 - process[5] - epoch 5 - train iter 386 - 15792.8 words/s - loss: 0.5151
00:14:11 - process[5]: training epoch 6 ...
00:14:30 - process[5] - epoch 6 - train iter 386 - 15935.7 words/s - loss: 0.5259
00:14:30 - process[5]: training epoch 7 ...
00:14:48 - process[5] - epoch 7 - train iter 386 - 17052.4 words/s - loss: 0.4850
00:14:48 - process[5]: training epoch 8 ...
00:15:05 - process[5] - epoch 8 - train iter 386 - 17868.7 words/s - loss: 0.5089
00:15:05 - process[5]: training epoch 9 ...
00:15:21 - process[5] - epoch 9 - train iter 386 - 17803.3 words/s - loss: 0.4663
00:15:21 - process[5]: training epoch 10 ...
00:15:41 - process[5] - epoch 10 - train iter 386 - 16344.6 words/s - loss: 0.5040
00:15:41 - process[5]: evaluating epoch 10 on dev ...
00:16:15 - dev set during evaluation: 15580/15574
00:16:15 - process[5] - dev - epoch 10 - mAP: 0.367 w/ 38 queries
00:16:15 - process[5]: evaluating epoch 10 on test ...
00:16:48 - test set during evaluation: 14340/14338
00:16:48 - process[5] - test - epoch 10 - mAP: 0.448 w/ 39 queries
00:16:48 - process[5]: training epoch 11 ...
00:17:05 - process[5] - epoch 11 - train iter 386 - 17525.7 words/s - loss: 0.4803
00:17:05 - process[5]: evaluating epoch 11 on dev ...
00:17:43 - dev set during evaluation: 15580/15574
00:17:43 - process[5] - dev - epoch 11 - mAP: 0.372 w/ 38 queries
00:17:43 - process[5]: evaluating epoch 11 on test ...
00:18:15 - test set during evaluation: 14340/14338
00:18:15 - process[5] - test - epoch 11 - mAP: 0.445 w/ 39 queries
00:18:16 - process[5]: training epoch 12 ...
00:18:32 - process[5] - epoch 12 - train iter 386 - 18081.6 words/s - loss: 0.4636
00:18:32 - process[5]: evaluating epoch 12 on dev ...
00:19:09 - dev set during evaluation: 15580/15574
00:19:09 - process[5] - dev - epoch 12 - mAP: 0.378 w/ 38 queries
00:19:09 - process[5]: evaluating epoch 12 on test ...
00:19:42 - test set during evaluation: 14340/14338
00:19:42 - process[5] - test - epoch 12 - mAP: 0.438 w/ 39 queries
00:19:42 - process[5]: training epoch 13 ...
00:20:00 - process[5] - epoch 13 - train iter 386 - 17475.0 words/s - loss: 0.4760
00:20:00 - process[5]: evaluating epoch 13 on dev ...
00:20:37 - dev set during evaluation: 15580/15574
00:20:37 - process[5] - dev - epoch 13 - mAP: 0.372 w/ 38 queries
00:20:37 - process[5]: training epoch 14 ...
00:20:56 - process[5] - epoch 14 - train iter 386 - 15946.5 words/s - loss: 0.4585
00:20:56 - process[5]: evaluating epoch 14 on dev ...
00:21:31 - dev set during evaluation: 15580/15574
00:21:31 - process[5] - dev - epoch 14 - mAP: 0.382 w/ 38 queries
00:21:31 - process[5]: evaluating epoch 14 on test ...
00:22:04 - test set during evaluation: 14340/14338
00:22:04 - process[5] - test - epoch 14 - mAP: 0.453 w/ 39 queries
00:22:04 - process[5]: training epoch 15 ...
00:22:22 - process[5] - epoch 15 - train iter 386 - 16448.3 words/s - loss: 0.4192
00:22:22 - process[5]: evaluating epoch 15 on dev ...
00:22:58 - dev set during evaluation: 15580/15574
00:22:58 - process[5] - dev - epoch 15 - mAP: 0.382 w/ 38 queries
00:22:58 - process[5]: training epoch 16 ...
00:23:15 - process[5] - epoch 16 - train iter 386 - 17899.9 words/s - loss: 0.4748
00:23:15 - process[5]: evaluating epoch 16 on dev ...
00:23:52 - dev set during evaluation: 15580/15574
00:23:52 - process[5] - dev - epoch 16 - mAP: 0.382 w/ 38 queries
00:23:52 - process[5]: training epoch 17 ...
00:24:09 - process[5] - epoch 17 - train iter 386 - 17834.4 words/s - loss: 0.3959
00:24:09 - process[5]: evaluating epoch 17 on dev ...
00:24:45 - dev set during evaluation: 15580/15574
00:24:45 - process[5] - dev - epoch 17 - mAP: 0.380 w/ 38 queries
00:24:45 - process[5]: training epoch 18 ...
00:25:03 - process[5] - epoch 18 - train iter 386 - 17435.9 words/s - loss: 0.4460
00:25:03 - process[5]: evaluating epoch 18 on dev ...
00:25:40 - dev set during evaluation: 15580/15574
00:25:40 - process[5] - dev - epoch 18 - mAP: 0.376 w/ 38 queries
00:25:40 - process[5]: training epoch 19 ...
00:25:58 - process[5] - epoch 19 - train iter 386 - 16774.0 words/s - loss: 0.4622
00:25:58 - process[5]: evaluating epoch 19 on dev ...
00:26:34 - dev set during evaluation: 15580/15574
00:26:34 - process[5] - dev - epoch 19 - mAP: 0.389 w/ 38 queries
00:26:34 - process[5]: evaluating epoch 19 on test ...
00:27:07 - test set during evaluation: 14340/14338
00:27:07 - process[5] - test - epoch 19 - mAP: 0.448 w/ 39 queries
00:27:07 - [fold 2] best test MAP: 0.448 @ epoch 19
00:27:07 - Evaluating every 1 epochs ...
00:27:07 - reading data from /mnt/home/puxuan/CLIR-project/Evaluation_data/process-clef/uncased
00:27:08 - test has 39 queries ...
00:27:08 - Data reading done ...
00:27:10 - adding 9-th encoder to optimizer...
00:27:10 - adding 10-th encoder to optimizer...
00:27:10 - adding 11-th encoder to optimizer...
00:27:10 - process[5]: training epoch 0 ...
00:27:29 - process[5] - epoch 0 - train iter 360 - 14904.6 words/s - loss: 0.6603
00:27:29 - process[5]: training epoch 1 ...
00:27:47 - process[5] - epoch 1 - train iter 360 - 16610.2 words/s - loss: 0.5781
00:27:47 - process[5]: training epoch 2 ...
00:28:04 - process[5] - epoch 2 - train iter 360 - 16527.4 words/s - loss: 0.5741
00:28:04 - process[5]: training epoch 3 ...
00:28:21 - process[5] - epoch 3 - train iter 360 - 16148.5 words/s - loss: 0.5539
00:28:21 - process[5]: training epoch 4 ...
00:28:40 - process[5] - epoch 4 - train iter 360 - 15635.6 words/s - loss: 0.5274
00:28:40 - process[5]: training epoch 5 ...
00:28:58 - process[5] - epoch 5 - train iter 360 - 15739.1 words/s - loss: 0.5425
00:28:58 - process[5]: training epoch 6 ...
00:29:14 - process[5] - epoch 6 - train iter 360 - 17645.4 words/s - loss: 0.5190
00:29:14 - process[5]: training epoch 7 ...
00:29:32 - process[5] - epoch 7 - train iter 360 - 16331.9 words/s - loss: 0.5143
00:29:32 - process[5]: training epoch 8 ...
00:29:49 - process[5] - epoch 8 - train iter 360 - 16950.1 words/s - loss: 0.5076
00:29:49 - process[5]: training epoch 9 ...
00:30:07 - process[5] - epoch 9 - train iter 360 - 16051.0 words/s - loss: 0.5241
00:30:07 - process[5]: training epoch 10 ...
00:30:22 - process[5] - epoch 10 - train iter 360 - 18752.8 words/s - loss: 0.4453
00:30:22 - process[5]: evaluating epoch 10 on dev ...
00:31:03 - dev set during evaluation: 14340/14338
00:31:03 - process[5] - dev - epoch 10 - mAP: 0.446 w/ 39 queries
00:31:03 - process[5]: evaluating epoch 10 on test ...
00:31:32 - test set during evaluation: 11710/11707
00:31:32 - process[5] - test - epoch 10 - mAP: 0.468 w/ 39 queries
00:31:32 - process[5]: training epoch 11 ...
00:31:50 - process[5] - epoch 11 - train iter 360 - 15830.5 words/s - loss: 0.4260
00:31:50 - process[5]: evaluating epoch 11 on dev ...
00:32:23 - dev set during evaluation: 14340/14338
00:32:23 - process[5] - dev - epoch 11 - mAP: 0.426 w/ 39 queries
00:32:23 - process[5]: training epoch 12 ...
00:32:40 - process[5] - epoch 12 - train iter 360 - 17093.0 words/s - loss: 0.4838
00:32:40 - process[5]: evaluating epoch 12 on dev ...
00:33:13 - dev set during evaluation: 14340/14338
00:33:13 - process[5] - dev - epoch 12 - mAP: 0.432 w/ 39 queries
00:33:13 - process[5]: training epoch 13 ...
00:33:30 - process[5] - epoch 13 - train iter 360 - 16581.7 words/s - loss: 0.4330
00:33:30 - process[5]: evaluating epoch 13 on dev ...
00:34:03 - dev set during evaluation: 14340/14338
00:34:03 - process[5] - dev - epoch 13 - mAP: 0.440 w/ 39 queries
00:34:03 - process[5]: training epoch 14 ...
00:34:19 - process[5] - epoch 14 - train iter 360 - 18080.7 words/s - loss: 0.4317
00:34:19 - process[5]: evaluating epoch 14 on dev ...
00:34:54 - dev set during evaluation: 14340/14338
00:34:54 - process[5] - dev - epoch 14 - mAP: 0.419 w/ 39 queries
00:34:54 - process[5]: training epoch 15 ...
00:35:12 - process[5] - epoch 15 - train iter 360 - 15651.5 words/s - loss: 0.4139
00:35:12 - process[5]: evaluating epoch 15 on dev ...
00:35:44 - dev set during evaluation: 14340/14338
00:35:44 - process[5] - dev - epoch 15 - mAP: 0.441 w/ 39 queries
00:35:44 - process[5]: training epoch 16 ...
00:36:03 - process[5] - epoch 16 - train iter 360 - 15202.0 words/s - loss: 0.4117
00:36:03 - process[5]: evaluating epoch 16 on dev ...
00:36:34 - dev set during evaluation: 14340/14338
00:36:34 - process[5] - dev - epoch 16 - mAP: 0.445 w/ 39 queries
00:36:34 - process[5]: training epoch 17 ...
00:36:51 - process[5] - epoch 17 - train iter 360 - 16891.6 words/s - loss: 0.4176
00:36:51 - process[5]: evaluating epoch 17 on dev ...
00:37:26 - dev set during evaluation: 14340/14338
00:37:26 - process[5] - dev - epoch 17 - mAP: 0.451 w/ 39 queries
00:37:26 - process[5]: evaluating epoch 17 on test ...
00:37:55 - test set during evaluation: 11710/11707
00:37:55 - process[5] - test - epoch 17 - mAP: 0.474 w/ 39 queries
00:37:55 - process[5]: training epoch 18 ...
00:38:12 - process[5] - epoch 18 - train iter 360 - 16506.7 words/s - loss: 0.4165
00:38:12 - process[5]: evaluating epoch 18 on dev ...
00:38:47 - dev set during evaluation: 14340/14338
00:38:47 - process[5] - dev - epoch 18 - mAP: 0.437 w/ 39 queries
00:38:47 - process[5]: training epoch 19 ...
00:39:05 - process[5] - epoch 19 - train iter 360 - 16550.3 words/s - loss: 0.4094
00:39:05 - process[5]: evaluating epoch 19 on dev ...
00:39:38 - dev set during evaluation: 14340/14338
00:39:38 - process[5] - dev - epoch 19 - mAP: 0.435 w/ 39 queries
00:39:38 - [fold 3] best test MAP: 0.474 @ epoch 17
00:39:38 - Evaluating every 1 epochs ...
00:39:38 - reading data from /mnt/home/puxuan/CLIR-project/Evaluation_data/process-clef/uncased
00:39:39 - test has 38 queries ...
00:39:39 - Data reading done ...
00:39:40 - adding 9-th encoder to optimizer...
00:39:40 - adding 10-th encoder to optimizer...
00:39:40 - adding 11-th encoder to optimizer...
00:39:41 - process[5]: training epoch 0 ...
00:39:59 - process[5] - epoch 0 - train iter 404 - 17886.9 words/s - loss: 0.6600
00:39:59 - process[5]: training epoch 1 ...
00:40:16 - process[5] - epoch 1 - train iter 404 - 18624.9 words/s - loss: 0.5856
00:40:16 - process[5]: training epoch 2 ...
00:40:34 - process[5] - epoch 2 - train iter 404 - 17751.4 words/s - loss: 0.5076
00:40:34 - process[5]: training epoch 3 ...
00:40:54 - process[5] - epoch 3 - train iter 404 - 16857.8 words/s - loss: 0.5371
00:40:54 - process[5]: training epoch 4 ...
00:41:11 - process[5] - epoch 4 - train iter 404 - 18517.5 words/s - loss: 0.5284
00:41:11 - process[5]: training epoch 5 ...
00:41:28 - process[5] - epoch 5 - train iter 404 - 18275.3 words/s - loss: 0.5437
00:41:28 - process[5]: training epoch 6 ...
00:41:47 - process[5] - epoch 6 - train iter 404 - 17609.8 words/s - loss: 0.5145
00:41:47 - process[5]: training epoch 7 ...
00:42:05 - process[5] - epoch 7 - train iter 404 - 17316.6 words/s - loss: 0.5089
00:42:05 - process[5]: training epoch 8 ...
00:42:24 - process[5] - epoch 8 - train iter 404 - 17122.7 words/s - loss: 0.4933
00:42:24 - process[5]: training epoch 9 ...
00:42:42 - process[5] - epoch 9 - train iter 404 - 18376.4 words/s - loss: 0.4795
00:42:42 - process[5]: training epoch 10 ...
00:43:00 - process[5] - epoch 10 - train iter 404 - 17373.4 words/s - loss: 0.4577
00:43:00 - process[5]: evaluating epoch 10 on dev ...
00:43:27 - dev set during evaluation: 11710/11707
00:43:27 - process[5] - dev - epoch 10 - mAP: 0.457 w/ 39 queries
00:43:27 - process[5]: evaluating epoch 10 on test ...
00:43:55 - test set during evaluation: 13490/13483
00:43:55 - process[5] - test - epoch 10 - mAP: 0.404 w/ 38 queries
00:43:55 - process[5]: training epoch 11 ...
00:44:13 - process[5] - epoch 11 - train iter 404 - 17014.6 words/s - loss: 0.4636
00:44:13 - process[5]: evaluating epoch 11 on dev ...
00:44:42 - dev set during evaluation: 11710/11707
00:44:42 - process[5] - dev - epoch 11 - mAP: 0.407 w/ 39 queries
00:44:42 - process[5]: training epoch 12 ...
00:44:58 - process[5] - epoch 12 - train iter 404 - 19143.2 words/s - loss: 0.4546
00:44:58 - process[5]: evaluating epoch 12 on dev ...
00:45:27 - dev set during evaluation: 11710/11707
00:45:27 - process[5] - dev - epoch 12 - mAP: 0.451 w/ 39 queries
00:45:27 - process[5]: training epoch 13 ...
00:45:45 - process[5] - epoch 13 - train iter 404 - 17611.9 words/s - loss: 0.4729
00:45:45 - process[5]: evaluating epoch 13 on dev ...
00:46:12 - dev set during evaluation: 11710/11707
00:46:12 - process[5] - dev - epoch 13 - mAP: 0.481 w/ 39 queries
00:46:12 - process[5]: evaluating epoch 13 on test ...
00:46:40 - test set during evaluation: 13490/13483
00:46:40 - process[5] - test - epoch 13 - mAP: 0.436 w/ 38 queries
00:46:40 - process[5]: training epoch 14 ...
00:46:58 - process[5] - epoch 14 - train iter 404 - 17825.9 words/s - loss: 0.4532
00:46:58 - process[5]: evaluating epoch 14 on dev ...
00:47:25 - dev set during evaluation: 11710/11707
00:47:25 - process[5] - dev - epoch 14 - mAP: 0.457 w/ 39 queries
00:47:25 - process[5]: training epoch 15 ...
00:47:44 - process[5] - epoch 15 - train iter 404 - 16837.7 words/s - loss: 0.4219
00:47:44 - process[5]: evaluating epoch 15 on dev ...
00:48:11 - dev set during evaluation: 11710/11707
00:48:11 - process[5] - dev - epoch 15 - mAP: 0.471 w/ 39 queries
00:48:11 - process[5]: training epoch 16 ...
00:48:29 - process[5] - epoch 16 - train iter 404 - 17655.4 words/s - loss: 0.4452
00:48:29 - process[5]: evaluating epoch 16 on dev ...
00:48:56 - dev set during evaluation: 11710/11707
00:48:56 - process[5] - dev - epoch 16 - mAP: 0.484 w/ 39 queries
00:48:56 - process[5]: evaluating epoch 16 on test ...
00:49:23 - test set during evaluation: 13490/13483
00:49:23 - process[5] - test - epoch 16 - mAP: 0.447 w/ 38 queries
00:49:23 - process[5]: training epoch 17 ...
00:49:41 - process[5] - epoch 17 - train iter 404 - 17705.1 words/s - loss: 0.4054
00:49:41 - process[5]: evaluating epoch 17 on dev ...
00:50:09 - dev set during evaluation: 11710/11707
00:50:09 - process[5] - dev - epoch 17 - mAP: 0.466 w/ 39 queries
00:50:09 - process[5]: training epoch 18 ...
00:50:27 - process[5] - epoch 18 - train iter 404 - 17473.9 words/s - loss: 0.4236
00:50:27 - process[5]: evaluating epoch 18 on dev ...
00:50:54 - dev set during evaluation: 11710/11707
00:50:54 - process[5] - dev - epoch 18 - mAP: 0.479 w/ 39 queries
00:50:54 - process[5]: training epoch 19 ...
00:51:12 - process[5] - epoch 19 - train iter 404 - 18322.2 words/s - loss: 0.4512
00:51:12 - process[5]: evaluating epoch 19 on dev ...
00:51:39 - dev set during evaluation: 11710/11707
00:51:40 - process[5] - dev - epoch 19 - mAP: 0.477 w/ 39 queries
00:51:40 - [fold 4] best test MAP: 0.447 @ epoch 16
00:51:40 - Evaluating every 1 epochs ...
00:51:40 - reading data from /mnt/home/puxuan/CLIR-project/Evaluation_data/process-clef/uncased
00:51:41 - test has 38 queries ...
00:51:41 - Data reading done ...
00:51:42 - adding 9-th encoder to optimizer...
00:51:42 - adding 10-th encoder to optimizer...
00:51:42 - adding 11-th encoder to optimizer...
00:51:43 - process[5]: training epoch 0 ...
00:52:02 - process[5] - epoch 0 - train iter 444 - 18469.7 words/s - loss: 0.6553
00:52:02 - process[5]: training epoch 1 ...
00:52:21 - process[5] - epoch 1 - train iter 444 - 18746.8 words/s - loss: 0.5934
00:52:21 - process[5]: training epoch 2 ...
00:52:39 - process[5] - epoch 2 - train iter 444 - 20238.0 words/s - loss: 0.5741
00:52:39 - process[5]: training epoch 3 ...
00:52:58 - process[5] - epoch 3 - train iter 444 - 18842.9 words/s - loss: 0.5588
00:52:58 - process[5]: training epoch 4 ...
00:53:18 - process[5] - epoch 4 - train iter 444 - 18215.5 words/s - loss: 0.5351
00:53:18 - process[5]: training epoch 5 ...
00:53:37 - process[5] - epoch 5 - train iter 444 - 17896.7 words/s - loss: 0.5275
00:53:37 - process[5]: training epoch 6 ...
00:53:54 - process[5] - epoch 6 - train iter 444 - 21079.1 words/s - loss: 0.5438
00:53:54 - process[5]: training epoch 7 ...
00:54:13 - process[5] - epoch 7 - train iter 444 - 19344.8 words/s - loss: 0.5084
00:54:13 - process[5]: training epoch 8 ...
00:54:32 - process[5] - epoch 8 - train iter 444 - 17988.2 words/s - loss: 0.5202
00:54:32 - process[5]: training epoch 9 ...
00:54:51 - process[5] - epoch 9 - train iter 444 - 18593.1 words/s - loss: 0.4894
00:54:51 - process[5]: training epoch 10 ...
00:55:10 - process[5] - epoch 10 - train iter 444 - 19449.6 words/s - loss: 0.5068
00:55:10 - process[5]: evaluating epoch 10 on dev ...
00:55:39 - dev set during evaluation: 13490/13483
00:55:39 - process[5] - dev - epoch 10 - mAP: 0.382 w/ 38 queries
00:55:39 - process[5]: evaluating epoch 10 on test ...
00:56:11 - test set during evaluation: 13890/13887
00:56:11 - process[5] - test - epoch 10 - mAP: 0.405 w/ 38 queries
00:56:11 - process[5]: training epoch 11 ...
00:56:31 - process[5] - epoch 11 - train iter 444 - 18199.2 words/s - loss: 0.4914
00:56:31 - process[5]: evaluating epoch 11 on dev ...
00:56:59 - dev set during evaluation: 13490/13483
00:56:59 - process[5] - dev - epoch 11 - mAP: 0.405 w/ 38 queries
00:56:59 - process[5]: evaluating epoch 11 on test ...
00:57:31 - test set during evaluation: 13890/13887
00:57:31 - process[5] - test - epoch 11 - mAP: 0.406 w/ 38 queries
00:57:31 - process[5]: training epoch 12 ...
00:57:50 - process[5] - epoch 12 - train iter 444 - 18649.3 words/s - loss: 0.4573
00:57:50 - process[5]: evaluating epoch 12 on dev ...
00:58:17 - dev set during evaluation: 13490/13483
00:58:17 - process[5] - dev - epoch 12 - mAP: 0.396 w/ 38 queries
00:58:17 - process[5]: training epoch 13 ...
00:58:35 - process[5] - epoch 13 - train iter 444 - 19692.9 words/s - loss: 0.4893
00:58:35 - process[5]: evaluating epoch 13 on dev ...
00:59:03 - dev set during evaluation: 13490/13483
00:59:03 - process[5] - dev - epoch 13 - mAP: 0.418 w/ 38 queries
00:59:03 - process[5]: evaluating epoch 13 on test ...
00:59:35 - test set during evaluation: 13890/13887
00:59:35 - process[5] - test - epoch 13 - mAP: 0.403 w/ 38 queries
00:59:35 - process[5]: training epoch 14 ...
00:59:53 - process[5] - epoch 14 - train iter 444 - 19784.1 words/s - loss: 0.4668
00:59:53 - process[5]: evaluating epoch 14 on dev ...
01:00:24 - dev set during evaluation: 13490/13483
01:00:24 - process[5] - dev - epoch 14 - mAP: 0.427 w/ 38 queries
01:00:24 - process[5]: evaluating epoch 14 on test ...
01:00:56 - test set during evaluation: 13890/13887
01:00:56 - process[5] - test - epoch 14 - mAP: 0.419 w/ 38 queries
01:00:56 - process[5]: training epoch 15 ...
01:01:16 - process[5] - epoch 15 - train iter 444 - 18227.0 words/s - loss: 0.4434
01:01:16 - process[5]: evaluating epoch 15 on dev ...
01:01:43 - dev set during evaluation: 13490/13483
01:01:43 - process[5] - dev - epoch 15 - mAP: 0.418 w/ 38 queries
01:01:43 - process[5]: training epoch 16 ...
01:02:01 - process[5] - epoch 16 - train iter 444 - 19334.0 words/s - loss: 0.4818
01:02:01 - process[5]: evaluating epoch 16 on dev ...
01:02:29 - dev set during evaluation: 13490/13483
01:02:29 - process[5] - dev - epoch 16 - mAP: 0.424 w/ 38 queries
01:02:29 - process[5]: training epoch 17 ...
01:02:48 - process[5] - epoch 17 - train iter 444 - 19016.1 words/s - loss: 0.5010
01:02:48 - process[5]: evaluating epoch 17 on dev ...
01:03:17 - dev set during evaluation: 13490/13483
01:03:17 - process[5] - dev - epoch 17 - mAP: 0.417 w/ 38 queries
01:03:17 - process[5]: training epoch 18 ...
01:03:36 - process[5] - epoch 18 - train iter 444 - 18245.3 words/s - loss: 0.4549
01:03:36 - process[5]: evaluating epoch 18 on dev ...
01:04:04 - dev set during evaluation: 13490/13483
01:04:04 - process[5] - dev - epoch 18 - mAP: 0.426 w/ 38 queries
01:04:04 - process[5]: training epoch 19 ...
01:04:22 - process[5] - epoch 19 - train iter 444 - 20081.6 words/s - loss: 0.3959
01:04:22 - process[5]: evaluating epoch 19 on dev ...
01:04:51 - dev set during evaluation: 13490/13483
01:04:51 - process[5] - dev - epoch 19 - mAP: 0.424 w/ 38 queries
01:04:51 - [fold 5] best test MAP: 0.419 @ epoch 14
01:04:51 - [0.40402252011124345, 0.44752831127093445, 0.4739750936863905, 0.4467927157792278, 0.4185959091065293]
01:04:51 - [38, 39, 39, 38, 38]
01:04:51 - final MAP: 0.438
