00:00:06 - Namespace(apex_level='O2', batch_size=8, cased=False, dataset='clef', debug=False, encoder_lr=2e-05, eval_step=1, full_doc_length=True, local_rank=9, model_path='/mnt/scratch/puxuan/short_qlm_0.15/2186792/huggingface-9', model_type='mbert', num_epochs=20, num_ft_encoders=3, num_neg=1, projector_lr=2e-05, seed=611, source_lang='fr', target_lang='de')
00:00:15 - Evaluating every 1 epochs ...
00:00:15 - reading data from /mnt/home/puxuan/CLIR-project/Evaluation_data/process-clef/uncased
00:00:16 - test has 38 queries ...
00:00:16 - Data reading done ...
00:00:23 - adding 9-th encoder to optimizer...
00:00:23 - adding 10-th encoder to optimizer...
00:00:23 - adding 11-th encoder to optimizer...
00:00:23 - process[9]: training epoch 0 ...
00:00:41 - process[9] - epoch 0 - train iter 423 - 19123.5 words/s - loss: 0.6500
00:00:41 - process[9]: training epoch 1 ...
00:00:57 - process[9] - epoch 1 - train iter 423 - 20756.2 words/s - loss: 0.5811
00:00:57 - process[9]: training epoch 2 ...
00:01:13 - process[9] - epoch 2 - train iter 423 - 20794.7 words/s - loss: 0.5469
00:01:13 - process[9]: training epoch 3 ...
00:01:29 - process[9] - epoch 3 - train iter 423 - 21764.7 words/s - loss: 0.5507
00:01:29 - process[9]: training epoch 4 ...
00:01:45 - process[9] - epoch 4 - train iter 423 - 20599.8 words/s - loss: 0.5135
00:01:45 - process[9]: training epoch 5 ...
00:02:03 - process[9] - epoch 5 - train iter 423 - 19883.2 words/s - loss: 0.4940
00:02:03 - process[9]: training epoch 6 ...
00:02:19 - process[9] - epoch 6 - train iter 423 - 20759.4 words/s - loss: 0.4768
00:02:19 - process[9]: training epoch 7 ...
00:02:34 - process[9] - epoch 7 - train iter 423 - 21213.6 words/s - loss: 0.4858
00:02:34 - process[9]: training epoch 8 ...
00:02:50 - process[9] - epoch 8 - train iter 423 - 20979.5 words/s - loss: 0.4457
00:02:50 - process[9]: training epoch 9 ...
00:03:07 - process[9] - epoch 9 - train iter 423 - 20995.0 words/s - loss: 0.4387
00:03:07 - process[9]: training epoch 10 ...
00:03:22 - process[9] - epoch 10 - train iter 423 - 21840.5 words/s - loss: 0.4234
00:03:22 - process[9]: evaluating epoch 10 on dev ...
00:03:56 - dev set during evaluation: 13890/13887
00:03:56 - process[9] - dev - epoch 10 - mAP: 0.439 w/ 38 queries
00:03:56 - process[9]: evaluating epoch 10 on test ...
00:04:26 - test set during evaluation: 15580/15574
00:04:26 - process[9] - test - epoch 10 - mAP: 0.386 w/ 38 queries
00:04:26 - process[9]: training epoch 11 ...
00:04:43 - process[9] - epoch 11 - train iter 423 - 20642.7 words/s - loss: 0.4293
00:04:43 - process[9]: evaluating epoch 11 on dev ...
00:05:12 - dev set during evaluation: 13890/13887
00:05:12 - process[9] - dev - epoch 11 - mAP: 0.447 w/ 38 queries
00:05:12 - process[9]: evaluating epoch 11 on test ...
00:05:42 - test set during evaluation: 15580/15574
00:05:42 - process[9] - test - epoch 11 - mAP: 0.378 w/ 38 queries
00:05:42 - process[9]: training epoch 12 ...
00:06:00 - process[9] - epoch 12 - train iter 423 - 18906.2 words/s - loss: 0.4238
00:06:00 - process[9]: evaluating epoch 12 on dev ...
00:06:28 - dev set during evaluation: 13890/13887
00:06:28 - process[9] - dev - epoch 12 - mAP: 0.465 w/ 38 queries
00:06:28 - process[9]: evaluating epoch 12 on test ...
00:06:58 - test set during evaluation: 15580/15574
00:06:58 - process[9] - test - epoch 12 - mAP: 0.401 w/ 38 queries
00:06:58 - process[9]: training epoch 13 ...
00:07:14 - process[9] - epoch 13 - train iter 423 - 21083.5 words/s - loss: 0.4123
00:07:14 - process[9]: evaluating epoch 13 on dev ...
00:07:44 - dev set during evaluation: 13890/13887
00:07:44 - process[9] - dev - epoch 13 - mAP: 0.478 w/ 38 queries
00:07:44 - process[9]: evaluating epoch 13 on test ...
00:08:14 - test set during evaluation: 15580/15574
00:08:14 - process[9] - test - epoch 13 - mAP: 0.372 w/ 38 queries
00:08:14 - process[9]: training epoch 14 ...
00:08:30 - process[9] - epoch 14 - train iter 423 - 21697.9 words/s - loss: 0.4083
00:08:30 - process[9]: evaluating epoch 14 on dev ...
00:08:59 - dev set during evaluation: 13890/13887
00:08:59 - process[9] - dev - epoch 14 - mAP: 0.477 w/ 38 queries
00:08:59 - process[9]: training epoch 15 ...
00:09:16 - process[9] - epoch 15 - train iter 423 - 20400.2 words/s - loss: 0.3699
00:09:16 - process[9]: evaluating epoch 15 on dev ...
00:09:46 - dev set during evaluation: 13890/13887
00:09:46 - process[9] - dev - epoch 15 - mAP: 0.438 w/ 38 queries
00:09:46 - process[9]: training epoch 16 ...
00:10:02 - process[9] - epoch 16 - train iter 423 - 20310.3 words/s - loss: 0.4037
00:10:02 - process[9]: evaluating epoch 16 on dev ...
00:10:31 - dev set during evaluation: 13890/13887
00:10:31 - process[9] - dev - epoch 16 - mAP: 0.457 w/ 38 queries
00:10:31 - process[9]: training epoch 17 ...
00:10:47 - process[9] - epoch 17 - train iter 423 - 20542.4 words/s - loss: 0.3918
00:10:47 - process[9]: evaluating epoch 17 on dev ...
00:11:16 - dev set during evaluation: 13890/13887
00:11:16 - process[9] - dev - epoch 17 - mAP: 0.440 w/ 38 queries
00:11:16 - process[9]: training epoch 18 ...
00:11:33 - process[9] - epoch 18 - train iter 423 - 20016.3 words/s - loss: 0.3997
00:11:33 - process[9]: evaluating epoch 18 on dev ...
00:12:02 - dev set during evaluation: 13890/13887
00:12:02 - process[9] - dev - epoch 18 - mAP: 0.457 w/ 38 queries
00:12:02 - process[9]: training epoch 19 ...
00:12:18 - process[9] - epoch 19 - train iter 423 - 21042.2 words/s - loss: 0.4099
00:12:18 - process[9]: evaluating epoch 19 on dev ...
00:12:47 - dev set during evaluation: 13890/13887
00:12:47 - process[9] - dev - epoch 19 - mAP: 0.460 w/ 38 queries
00:12:47 - [fold 1] best test MAP: 0.372 @ epoch 13
00:12:47 - Evaluating every 1 epochs ...
00:12:47 - reading data from /mnt/home/puxuan/CLIR-project/Evaluation_data/process-clef/uncased
00:12:48 - test has 39 queries ...
00:12:48 - Data reading done ...
00:12:49 - adding 9-th encoder to optimizer...
00:12:49 - adding 10-th encoder to optimizer...
00:12:49 - adding 11-th encoder to optimizer...
00:12:50 - process[9]: training epoch 0 ...
00:13:08 - process[9] - epoch 0 - train iter 386 - 17301.7 words/s - loss: 0.6693
00:13:08 - process[9]: training epoch 1 ...
00:13:24 - process[9] - epoch 1 - train iter 386 - 18154.0 words/s - loss: 0.5890
00:13:24 - process[9]: training epoch 2 ...
00:13:43 - process[9] - epoch 2 - train iter 386 - 16532.5 words/s - loss: 0.5502
00:13:43 - process[9]: training epoch 3 ...
00:14:01 - process[9] - epoch 3 - train iter 386 - 16649.0 words/s - loss: 0.5282
00:14:01 - process[9]: training epoch 4 ...
00:14:18 - process[9] - epoch 4 - train iter 386 - 17736.3 words/s - loss: 0.5364
00:14:18 - process[9]: training epoch 5 ...
00:14:37 - process[9] - epoch 5 - train iter 386 - 16527.8 words/s - loss: 0.5270
00:14:37 - process[9]: training epoch 6 ...
00:14:57 - process[9] - epoch 6 - train iter 386 - 15279.9 words/s - loss: 0.4701
00:14:57 - process[9]: training epoch 7 ...
00:15:14 - process[9] - epoch 7 - train iter 386 - 17673.8 words/s - loss: 0.5069
00:15:14 - process[9]: training epoch 8 ...
00:15:31 - process[9] - epoch 8 - train iter 386 - 18055.9 words/s - loss: 0.4820
00:15:31 - process[9]: training epoch 9 ...
00:15:47 - process[9] - epoch 9 - train iter 386 - 19055.4 words/s - loss: 0.4658
00:15:47 - process[9]: training epoch 10 ...
00:16:04 - process[9] - epoch 10 - train iter 386 - 17039.2 words/s - loss: 0.4625
00:16:04 - process[9]: evaluating epoch 10 on dev ...
00:16:46 - dev set during evaluation: 15580/15574
00:16:46 - process[9] - dev - epoch 10 - mAP: 0.368 w/ 38 queries
00:16:46 - process[9]: evaluating epoch 10 on test ...
00:17:19 - test set during evaluation: 14340/14338
00:17:19 - process[9] - test - epoch 10 - mAP: 0.426 w/ 39 queries
00:17:19 - process[9]: training epoch 11 ...
00:17:36 - process[9] - epoch 11 - train iter 386 - 18081.7 words/s - loss: 0.4341
00:17:36 - process[9]: evaluating epoch 11 on dev ...
00:18:13 - dev set during evaluation: 15580/15574
00:18:13 - process[9] - dev - epoch 11 - mAP: 0.365 w/ 38 queries
00:18:13 - process[9]: training epoch 12 ...
00:18:30 - process[9] - epoch 12 - train iter 386 - 18039.6 words/s - loss: 0.4385
00:18:30 - process[9]: evaluating epoch 12 on dev ...
00:19:07 - dev set during evaluation: 15580/15574
00:19:07 - process[9] - dev - epoch 12 - mAP: 0.364 w/ 38 queries
00:19:07 - process[9]: training epoch 13 ...
00:19:27 - process[9] - epoch 13 - train iter 386 - 15692.7 words/s - loss: 0.4595
00:19:27 - process[9]: evaluating epoch 13 on dev ...
00:20:02 - dev set during evaluation: 15580/15574
00:20:02 - process[9] - dev - epoch 13 - mAP: 0.381 w/ 38 queries
00:20:02 - process[9]: evaluating epoch 13 on test ...
00:20:35 - test set during evaluation: 14340/14338
00:20:35 - process[9] - test - epoch 13 - mAP: 0.449 w/ 39 queries
00:20:35 - process[9]: training epoch 14 ...
00:20:53 - process[9] - epoch 14 - train iter 386 - 17038.4 words/s - loss: 0.4467
00:20:53 - process[9]: evaluating epoch 14 on dev ...
00:21:30 - dev set during evaluation: 15580/15574
00:21:30 - process[9] - dev - epoch 14 - mAP: 0.371 w/ 38 queries
00:21:30 - process[9]: training epoch 15 ...
00:21:48 - process[9] - epoch 15 - train iter 386 - 16338.7 words/s - loss: 0.4272
00:21:48 - process[9]: evaluating epoch 15 on dev ...
00:22:24 - dev set during evaluation: 15580/15574
00:22:24 - process[9] - dev - epoch 15 - mAP: 0.382 w/ 38 queries
00:22:24 - process[9]: evaluating epoch 15 on test ...
00:22:57 - test set during evaluation: 14340/14338
00:22:57 - process[9] - test - epoch 15 - mAP: 0.448 w/ 39 queries
00:22:57 - process[9]: training epoch 16 ...
00:23:15 - process[9] - epoch 16 - train iter 386 - 17064.3 words/s - loss: 0.4132
00:23:15 - process[9]: evaluating epoch 16 on dev ...
00:23:51 - dev set during evaluation: 15580/15574
00:23:51 - process[9] - dev - epoch 16 - mAP: 0.377 w/ 38 queries
00:23:51 - process[9]: training epoch 17 ...
00:24:10 - process[9] - epoch 17 - train iter 386 - 15757.0 words/s - loss: 0.3964
00:24:10 - process[9]: evaluating epoch 17 on dev ...
00:24:44 - dev set during evaluation: 15580/15574
00:24:44 - process[9] - dev - epoch 17 - mAP: 0.362 w/ 38 queries
00:24:44 - process[9]: training epoch 18 ...
00:25:02 - process[9] - epoch 18 - train iter 386 - 16859.9 words/s - loss: 0.4241
00:25:02 - process[9]: evaluating epoch 18 on dev ...
00:25:39 - dev set during evaluation: 15580/15574
00:25:39 - process[9] - dev - epoch 18 - mAP: 0.377 w/ 38 queries
00:25:39 - process[9]: training epoch 19 ...
00:25:58 - process[9] - epoch 19 - train iter 386 - 16086.1 words/s - loss: 0.4167
00:25:58 - process[9]: evaluating epoch 19 on dev ...
00:26:33 - dev set during evaluation: 15580/15574
00:26:33 - process[9] - dev - epoch 19 - mAP: 0.372 w/ 38 queries
00:26:33 - [fold 2] best test MAP: 0.448 @ epoch 15
00:26:33 - Evaluating every 1 epochs ...
00:26:33 - reading data from /mnt/home/puxuan/CLIR-project/Evaluation_data/process-clef/uncased
00:26:34 - test has 39 queries ...
00:26:34 - Data reading done ...
00:26:35 - adding 9-th encoder to optimizer...
00:26:35 - adding 10-th encoder to optimizer...
00:26:35 - adding 11-th encoder to optimizer...
00:26:36 - process[9]: training epoch 0 ...
00:26:54 - process[9] - epoch 0 - train iter 360 - 16021.6 words/s - loss: 0.6828
00:26:54 - process[9]: training epoch 1 ...
00:27:11 - process[9] - epoch 1 - train iter 360 - 16744.9 words/s - loss: 0.5983
00:27:11 - process[9]: training epoch 2 ...
00:27:27 - process[9] - epoch 2 - train iter 360 - 17948.1 words/s - loss: 0.5796
00:27:27 - process[9]: training epoch 3 ...
00:27:44 - process[9] - epoch 3 - train iter 360 - 17017.1 words/s - loss: 0.5725
00:27:44 - process[9]: training epoch 4 ...
00:28:01 - process[9] - epoch 4 - train iter 360 - 16351.2 words/s - loss: 0.5474
00:28:01 - process[9]: training epoch 5 ...
00:28:21 - process[9] - epoch 5 - train iter 360 - 14971.6 words/s - loss: 0.5317
00:28:21 - process[9]: training epoch 6 ...
00:28:37 - process[9] - epoch 6 - train iter 360 - 17628.5 words/s - loss: 0.5238
00:28:37 - process[9]: training epoch 7 ...
00:28:54 - process[9] - epoch 7 - train iter 360 - 16973.7 words/s - loss: 0.4919
00:28:54 - process[9]: training epoch 8 ...
00:29:11 - process[9] - epoch 8 - train iter 360 - 16989.0 words/s - loss: 0.5157
00:29:11 - process[9]: training epoch 9 ...
00:29:28 - process[9] - epoch 9 - train iter 360 - 16793.5 words/s - loss: 0.4767
00:29:28 - process[9]: training epoch 10 ...
00:29:46 - process[9] - epoch 10 - train iter 360 - 16049.5 words/s - loss: 0.4745
00:29:46 - process[9]: evaluating epoch 10 on dev ...
00:30:29 - dev set during evaluation: 14340/14338
00:30:29 - process[9] - dev - epoch 10 - mAP: 0.429 w/ 39 queries
00:30:29 - process[9]: evaluating epoch 10 on test ...
00:30:57 - test set during evaluation: 11710/11707
00:30:57 - process[9] - test - epoch 10 - mAP: 0.476 w/ 39 queries
00:30:57 - process[9]: training epoch 11 ...
00:31:17 - process[9] - epoch 11 - train iter 360 - 14759.4 words/s - loss: 0.4931
00:31:17 - process[9]: evaluating epoch 11 on dev ...
00:31:48 - dev set during evaluation: 14340/14338
00:31:48 - process[9] - dev - epoch 11 - mAP: 0.425 w/ 39 queries
00:31:48 - process[9]: training epoch 12 ...
00:32:06 - process[9] - epoch 12 - train iter 360 - 16855.0 words/s - loss: 0.4778
00:32:06 - process[9]: evaluating epoch 12 on dev ...
00:32:39 - dev set during evaluation: 14340/14338
00:32:39 - process[9] - dev - epoch 12 - mAP: 0.455 w/ 39 queries
00:32:39 - process[9]: evaluating epoch 12 on test ...
00:33:08 - test set during evaluation: 11710/11707
00:33:08 - process[9] - test - epoch 12 - mAP: 0.471 w/ 39 queries
00:33:08 - process[9]: training epoch 13 ...
00:33:24 - process[9] - epoch 13 - train iter 360 - 17313.3 words/s - loss: 0.4570
00:33:24 - process[9]: evaluating epoch 13 on dev ...
00:33:57 - dev set during evaluation: 14340/14338
00:33:57 - process[9] - dev - epoch 13 - mAP: 0.458 w/ 39 queries
00:33:57 - process[9]: evaluating epoch 13 on test ...
00:34:26 - test set during evaluation: 11710/11707
00:34:26 - process[9] - test - epoch 13 - mAP: 0.495 w/ 39 queries
00:34:26 - process[9]: training epoch 14 ...
00:34:42 - process[9] - epoch 14 - train iter 360 - 17281.1 words/s - loss: 0.4701
00:34:42 - process[9]: evaluating epoch 14 on dev ...
00:35:16 - dev set during evaluation: 14340/14338
00:35:16 - process[9] - dev - epoch 14 - mAP: 0.453 w/ 39 queries
00:35:16 - process[9]: training epoch 15 ...
00:35:33 - process[9] - epoch 15 - train iter 360 - 17032.9 words/s - loss: 0.4622
00:35:33 - process[9]: evaluating epoch 15 on dev ...
00:36:06 - dev set during evaluation: 14340/14338
00:36:06 - process[9] - dev - epoch 15 - mAP: 0.431 w/ 39 queries
00:36:06 - process[9]: training epoch 16 ...
00:36:23 - process[9] - epoch 16 - train iter 360 - 16302.7 words/s - loss: 0.4127
00:36:23 - process[9]: evaluating epoch 16 on dev ...
00:36:57 - dev set during evaluation: 14340/14338
00:36:57 - process[9] - dev - epoch 16 - mAP: 0.450 w/ 39 queries
00:36:57 - process[9]: training epoch 17 ...
00:37:14 - process[9] - epoch 17 - train iter 360 - 16480.6 words/s - loss: 0.3916
00:37:14 - process[9]: evaluating epoch 17 on dev ...
00:37:47 - dev set during evaluation: 14340/14338
00:37:47 - process[9] - dev - epoch 17 - mAP: 0.448 w/ 39 queries
00:37:47 - process[9]: training epoch 18 ...
00:38:05 - process[9] - epoch 18 - train iter 360 - 16075.3 words/s - loss: 0.4024
00:38:05 - process[9]: evaluating epoch 18 on dev ...
00:38:39 - dev set during evaluation: 14340/14338
00:38:39 - process[9] - dev - epoch 18 - mAP: 0.442 w/ 39 queries
00:38:39 - process[9]: training epoch 19 ...
00:38:58 - process[9] - epoch 19 - train iter 360 - 15315.2 words/s - loss: 0.4094
00:38:58 - process[9]: evaluating epoch 19 on dev ...
00:39:30 - dev set during evaluation: 14340/14338
00:39:30 - process[9] - dev - epoch 19 - mAP: 0.420 w/ 39 queries
00:39:30 - [fold 3] best test MAP: 0.495 @ epoch 13
00:39:30 - Evaluating every 1 epochs ...
00:39:30 - reading data from /mnt/home/puxuan/CLIR-project/Evaluation_data/process-clef/uncased
00:39:31 - test has 38 queries ...
00:39:31 - Data reading done ...
00:39:33 - adding 9-th encoder to optimizer...
00:39:33 - adding 10-th encoder to optimizer...
00:39:33 - adding 11-th encoder to optimizer...
00:39:33 - process[9]: training epoch 0 ...
00:39:51 - process[9] - epoch 0 - train iter 404 - 17895.9 words/s - loss: 0.6652
00:39:51 - process[9]: training epoch 1 ...
00:40:10 - process[9] - epoch 1 - train iter 404 - 17453.0 words/s - loss: 0.5834
00:40:10 - process[9]: training epoch 2 ...
00:40:28 - process[9] - epoch 2 - train iter 404 - 17969.0 words/s - loss: 0.5874
00:40:28 - process[9]: training epoch 3 ...
00:40:46 - process[9] - epoch 3 - train iter 404 - 17540.3 words/s - loss: 0.5383
00:40:46 - process[9]: training epoch 4 ...
00:41:05 - process[9] - epoch 4 - train iter 404 - 17341.0 words/s - loss: 0.5202
00:41:05 - process[9]: training epoch 5 ...
00:41:22 - process[9] - epoch 5 - train iter 404 - 18464.2 words/s - loss: 0.4952
00:41:22 - process[9]: training epoch 6 ...
00:41:40 - process[9] - epoch 6 - train iter 404 - 17930.7 words/s - loss: 0.4825
00:41:40 - process[9]: training epoch 7 ...
00:41:59 - process[9] - epoch 7 - train iter 404 - 17206.4 words/s - loss: 0.4708
00:41:59 - process[9]: training epoch 8 ...
00:42:17 - process[9] - epoch 8 - train iter 404 - 18352.1 words/s - loss: 0.4539
00:42:17 - process[9]: training epoch 9 ...
00:42:34 - process[9] - epoch 9 - train iter 404 - 18010.0 words/s - loss: 0.4448
00:42:34 - process[9]: training epoch 10 ...
00:42:53 - process[9] - epoch 10 - train iter 404 - 17319.5 words/s - loss: 0.4432
00:42:53 - process[9]: evaluating epoch 10 on dev ...
00:43:19 - dev set during evaluation: 11710/11707
00:43:20 - process[9] - dev - epoch 10 - mAP: 0.473 w/ 39 queries
00:43:20 - process[9]: evaluating epoch 10 on test ...
00:43:47 - test set during evaluation: 13490/13483
00:43:47 - process[9] - test - epoch 10 - mAP: 0.436 w/ 38 queries
00:43:47 - process[9]: training epoch 11 ...
00:44:05 - process[9] - epoch 11 - train iter 404 - 18227.6 words/s - loss: 0.4411
00:44:05 - process[9]: evaluating epoch 11 on dev ...
00:44:33 - dev set during evaluation: 11710/11707
00:44:33 - process[9] - dev - epoch 11 - mAP: 0.442 w/ 39 queries
00:44:33 - process[9]: training epoch 12 ...
00:44:53 - process[9] - epoch 12 - train iter 404 - 16723.2 words/s - loss: 0.4416
00:44:53 - process[9]: evaluating epoch 12 on dev ...
00:45:19 - dev set during evaluation: 11710/11707
00:45:19 - process[9] - dev - epoch 12 - mAP: 0.474 w/ 39 queries
00:45:19 - process[9]: evaluating epoch 12 on test ...
00:45:46 - test set during evaluation: 13490/13483
00:45:46 - process[9] - test - epoch 12 - mAP: 0.448 w/ 38 queries
00:45:46 - process[9]: training epoch 13 ...
00:46:03 - process[9] - epoch 13 - train iter 404 - 18352.6 words/s - loss: 0.4312
00:46:03 - process[9]: evaluating epoch 13 on dev ...
00:46:31 - dev set during evaluation: 11710/11707
00:46:31 - process[9] - dev - epoch 13 - mAP: 0.475 w/ 39 queries
00:46:31 - process[9]: evaluating epoch 13 on test ...
00:46:59 - test set during evaluation: 13490/13483
00:46:59 - process[9] - test - epoch 13 - mAP: 0.459 w/ 38 queries
00:46:59 - process[9]: training epoch 14 ...
00:47:18 - process[9] - epoch 14 - train iter 404 - 16422.8 words/s - loss: 0.4148
00:47:18 - process[9]: evaluating epoch 14 on dev ...
00:47:44 - dev set during evaluation: 11710/11707
00:47:44 - process[9] - dev - epoch 14 - mAP: 0.478 w/ 39 queries
00:47:45 - process[9]: evaluating epoch 14 on test ...
00:48:12 - test set during evaluation: 13490/13483
00:48:12 - process[9] - test - epoch 14 - mAP: 0.461 w/ 38 queries
00:48:12 - process[9]: training epoch 15 ...
00:48:31 - process[9] - epoch 15 - train iter 404 - 16982.3 words/s - loss: 0.3821
00:48:31 - process[9]: evaluating epoch 15 on dev ...
00:48:57 - dev set during evaluation: 11710/11707
00:48:57 - process[9] - dev - epoch 15 - mAP: 0.497 w/ 39 queries
00:48:57 - process[9]: evaluating epoch 15 on test ...
00:49:24 - test set during evaluation: 13490/13483
00:49:24 - process[9] - test - epoch 15 - mAP: 0.452 w/ 38 queries
00:49:24 - process[9]: training epoch 16 ...
00:49:41 - process[9] - epoch 16 - train iter 404 - 18624.0 words/s - loss: 0.3855
00:49:41 - process[9]: evaluating epoch 16 on dev ...
00:50:09 - dev set during evaluation: 11710/11707
00:50:09 - process[9] - dev - epoch 16 - mAP: 0.478 w/ 39 queries
00:50:10 - process[9]: training epoch 17 ...
00:50:29 - process[9] - epoch 17 - train iter 404 - 16574.1 words/s - loss: 0.3866
00:50:29 - process[9]: evaluating epoch 17 on dev ...
00:50:55 - dev set during evaluation: 11710/11707
00:50:55 - process[9] - dev - epoch 17 - mAP: 0.492 w/ 39 queries
00:50:55 - process[9]: training epoch 18 ...
00:51:14 - process[9] - epoch 18 - train iter 404 - 17112.2 words/s - loss: 0.3671
00:51:14 - process[9]: evaluating epoch 18 on dev ...
00:51:40 - dev set during evaluation: 11710/11707
00:51:40 - process[9] - dev - epoch 18 - mAP: 0.479 w/ 39 queries
00:51:40 - process[9]: training epoch 19 ...
00:51:58 - process[9] - epoch 19 - train iter 404 - 18353.2 words/s - loss: 0.4115
00:51:58 - process[9]: evaluating epoch 19 on dev ...
00:52:25 - dev set during evaluation: 11710/11707
00:52:25 - process[9] - dev - epoch 19 - mAP: 0.483 w/ 39 queries
00:52:25 - [fold 4] best test MAP: 0.452 @ epoch 15
00:52:25 - Evaluating every 1 epochs ...
00:52:25 - reading data from /mnt/home/puxuan/CLIR-project/Evaluation_data/process-clef/uncased
00:52:26 - test has 38 queries ...
00:52:26 - Data reading done ...
00:52:27 - adding 9-th encoder to optimizer...
00:52:27 - adding 10-th encoder to optimizer...
00:52:27 - adding 11-th encoder to optimizer...
00:52:28 - process[9]: training epoch 0 ...
00:52:47 - process[9] - epoch 0 - train iter 444 - 18227.7 words/s - loss: 0.6643
00:52:47 - process[9]: training epoch 1 ...
00:53:05 - process[9] - epoch 1 - train iter 444 - 19614.3 words/s - loss: 0.5900
00:53:05 - process[9]: training epoch 2 ...
00:53:23 - process[9] - epoch 2 - train iter 444 - 19502.1 words/s - loss: 0.5720
00:53:23 - process[9]: training epoch 3 ...
00:53:43 - process[9] - epoch 3 - train iter 444 - 18631.3 words/s - loss: 0.5916
00:53:43 - process[9]: training epoch 4 ...
00:54:01 - process[9] - epoch 4 - train iter 444 - 19100.1 words/s - loss: 0.5454
00:54:01 - process[9]: training epoch 5 ...
00:54:19 - process[9] - epoch 5 - train iter 444 - 19886.5 words/s - loss: 0.5293
00:54:19 - process[9]: training epoch 6 ...
00:54:38 - process[9] - epoch 6 - train iter 444 - 18743.3 words/s - loss: 0.5189
00:54:38 - process[9]: training epoch 7 ...
00:54:58 - process[9] - epoch 7 - train iter 444 - 18117.8 words/s - loss: 0.5201
00:54:58 - process[9]: training epoch 8 ...
00:55:17 - process[9] - epoch 8 - train iter 444 - 18627.8 words/s - loss: 0.5009
00:55:17 - process[9]: training epoch 9 ...
00:55:36 - process[9] - epoch 9 - train iter 444 - 18803.0 words/s - loss: 0.4902
00:55:36 - process[9]: training epoch 10 ...
00:55:53 - process[9] - epoch 10 - train iter 444 - 19894.0 words/s - loss: 0.4816
00:55:53 - process[9]: evaluating epoch 10 on dev ...
00:56:23 - dev set during evaluation: 13490/13483
00:56:23 - process[9] - dev - epoch 10 - mAP: 0.417 w/ 38 queries
00:56:23 - process[9]: evaluating epoch 10 on test ...
00:56:55 - test set during evaluation: 13890/13887
00:56:55 - process[9] - test - epoch 10 - mAP: 0.417 w/ 38 queries
00:56:55 - process[9]: training epoch 11 ...
00:57:13 - process[9] - epoch 11 - train iter 444 - 19641.3 words/s - loss: 0.5049
00:57:13 - process[9]: evaluating epoch 11 on dev ...
00:57:43 - dev set during evaluation: 13490/13483
00:57:43 - process[9] - dev - epoch 11 - mAP: 0.442 w/ 38 queries
00:57:43 - process[9]: evaluating epoch 11 on test ...
00:58:15 - test set during evaluation: 13890/13887
00:58:15 - process[9] - test - epoch 11 - mAP: 0.455 w/ 38 queries
00:58:15 - process[9]: training epoch 12 ...
00:58:35 - process[9] - epoch 12 - train iter 444 - 18239.7 words/s - loss: 0.4429
00:58:35 - process[9]: evaluating epoch 12 on dev ...
00:59:01 - dev set during evaluation: 13490/13483
00:59:01 - process[9] - dev - epoch 12 - mAP: 0.449 w/ 38 queries
00:59:01 - process[9]: evaluating epoch 12 on test ...
00:59:33 - test set during evaluation: 13890/13887
00:59:33 - process[9] - test - epoch 12 - mAP: 0.439 w/ 38 queries
00:59:33 - process[9]: training epoch 13 ...
00:59:53 - process[9] - epoch 13 - train iter 444 - 18471.1 words/s - loss: 0.4452
00:59:53 - process[9]: evaluating epoch 13 on dev ...
01:00:20 - dev set during evaluation: 13490/13483
01:00:20 - process[9] - dev - epoch 13 - mAP: 0.457 w/ 38 queries
01:00:20 - process[9]: evaluating epoch 13 on test ...
01:00:52 - test set during evaluation: 13890/13887
01:00:52 - process[9] - test - epoch 13 - mAP: 0.448 w/ 38 queries
01:00:52 - process[9]: training epoch 14 ...
01:01:12 - process[9] - epoch 14 - train iter 444 - 18042.9 words/s - loss: 0.4304
01:01:12 - process[9]: evaluating epoch 14 on dev ...
01:01:40 - dev set during evaluation: 13490/13483
01:01:40 - process[9] - dev - epoch 14 - mAP: 0.456 w/ 38 queries
01:01:40 - process[9]: training epoch 15 ...
01:01:59 - process[9] - epoch 15 - train iter 444 - 18818.7 words/s - loss: 0.4248
01:01:59 - process[9]: evaluating epoch 15 on dev ...
01:02:26 - dev set during evaluation: 13490/13483
01:02:26 - process[9] - dev - epoch 15 - mAP: 0.431 w/ 38 queries
01:02:26 - process[9]: training epoch 16 ...
01:02:43 - process[9] - epoch 16 - train iter 444 - 19802.1 words/s - loss: 0.4356
01:02:43 - process[9]: evaluating epoch 16 on dev ...
01:03:13 - dev set during evaluation: 13490/13483
01:03:13 - process[9] - dev - epoch 16 - mAP: 0.441 w/ 38 queries
01:03:13 - process[9]: training epoch 17 ...
01:03:32 - process[9] - epoch 17 - train iter 444 - 18212.8 words/s - loss: 0.4164
01:03:32 - process[9]: evaluating epoch 17 on dev ...
01:03:59 - dev set during evaluation: 13490/13483
01:03:59 - process[9] - dev - epoch 17 - mAP: 0.431 w/ 38 queries
01:03:59 - process[9]: training epoch 18 ...
01:04:19 - process[9] - epoch 18 - train iter 444 - 18572.5 words/s - loss: 0.4334
01:04:19 - process[9]: evaluating epoch 18 on dev ...
01:04:46 - dev set during evaluation: 13490/13483
01:04:46 - process[9] - dev - epoch 18 - mAP: 0.428 w/ 38 queries
01:04:46 - process[9]: training epoch 19 ...
01:05:05 - process[9] - epoch 19 - train iter 444 - 19276.0 words/s - loss: 0.3743
01:05:05 - process[9]: evaluating epoch 19 on dev ...
01:05:33 - dev set during evaluation: 13490/13483
01:05:33 - process[9] - dev - epoch 19 - mAP: 0.466 w/ 38 queries
01:05:33 - process[9]: evaluating epoch 19 on test ...
01:06:05 - test set during evaluation: 13890/13887
01:06:05 - process[9] - test - epoch 19 - mAP: 0.432 w/ 38 queries
01:06:05 - [fold 5] best test MAP: 0.432 @ epoch 19
01:06:05 - [0.37188472012209506, 0.4475117416488928, 0.49454493828979795, 0.4516095064290691, 0.43201402477434314]
01:06:05 - [38, 39, 39, 38, 38]
01:06:05 - final MAP: 0.440
