00:00:05 - Namespace(apex_level='O2', batch_size=8, cased=False, dataset='clef', debug=False, encoder_lr=2e-05, eval_step=1, full_doc_length=True, local_rank=6, model_path='/mnt/scratch/puxuan/short_qlm_0.45/2186793/huggingface-19', model_type='mbert', num_epochs=20, num_ft_encoders=3, num_neg=1, projector_lr=2e-05, seed=611, source_lang='fr', target_lang='es')
00:00:14 - Evaluating every 1 epochs ...
00:00:14 - reading data from /mnt/home/puxuan/CLIR-project/Evaluation_data/process-clef/uncased
00:00:15 - test has 31 queries ...
00:00:15 - Data reading done ...
00:00:22 - adding 9-th encoder to optimizer...
00:00:22 - adding 10-th encoder to optimizer...
00:00:22 - adding 11-th encoder to optimizer...
00:00:22 - process[6]: training epoch 0 ...
00:00:40 - process[6] - epoch 0 - train iter 540 - 27199.0 words/s - loss: 0.5176
00:00:40 - process[6]: training epoch 1 ...
00:00:56 - process[6] - epoch 1 - train iter 540 - 28153.4 words/s - loss: 0.4690
00:00:56 - process[6]: training epoch 2 ...
00:01:13 - process[6] - epoch 2 - train iter 540 - 28467.5 words/s - loss: 0.4002
00:01:13 - process[6]: training epoch 3 ...
00:01:29 - process[6] - epoch 3 - train iter 540 - 28194.6 words/s - loss: 0.4080
00:01:29 - process[6]: training epoch 4 ...
00:01:46 - process[6] - epoch 4 - train iter 540 - 28246.0 words/s - loss: 0.3859
00:01:46 - process[6]: training epoch 5 ...
00:02:03 - process[6] - epoch 5 - train iter 540 - 28128.2 words/s - loss: 0.3728
00:02:03 - process[6]: training epoch 6 ...
00:02:19 - process[6] - epoch 6 - train iter 540 - 28656.9 words/s - loss: 0.3292
00:02:19 - process[6]: training epoch 7 ...
00:02:36 - process[6] - epoch 7 - train iter 540 - 28018.4 words/s - loss: 0.3394
00:02:36 - process[6]: training epoch 8 ...
00:02:52 - process[6] - epoch 8 - train iter 540 - 28298.8 words/s - loss: 0.3471
00:02:52 - process[6]: training epoch 9 ...
00:03:09 - process[6] - epoch 9 - train iter 540 - 28117.8 words/s - loss: 0.3255
00:03:09 - process[6]: training epoch 10 ...
00:03:26 - process[6] - epoch 10 - train iter 540 - 28003.0 words/s - loss: 0.3253
00:03:26 - process[6]: evaluating epoch 10 on dev ...
00:03:40 - process[6] - dev - epoch 10 - mAP: 0.501 w/ 31 queries
00:03:40 - process[6]: evaluating epoch 10 on test ...
00:03:54 - test set during evaluation: 11460/11458
00:03:54 - process[6] - test - epoch 10 - mAP: 0.528 w/ 31 queries
00:03:54 - process[6]: training epoch 11 ...
00:04:11 - process[6] - epoch 11 - train iter 540 - 28415.8 words/s - loss: 0.3060
00:04:11 - process[6]: evaluating epoch 11 on dev ...
00:04:25 - process[6] - dev - epoch 11 - mAP: 0.493 w/ 31 queries
00:04:25 - process[6]: training epoch 12 ...
00:04:41 - process[6] - epoch 12 - train iter 540 - 28179.0 words/s - loss: 0.3081
00:04:41 - process[6]: evaluating epoch 12 on dev ...
00:04:55 - process[6] - dev - epoch 12 - mAP: 0.501 w/ 31 queries
00:04:55 - process[6]: evaluating epoch 12 on test ...
00:05:09 - test set during evaluation: 11460/11458
00:05:09 - process[6] - test - epoch 12 - mAP: 0.533 w/ 31 queries
00:05:10 - process[6]: training epoch 13 ...
00:05:27 - process[6] - epoch 13 - train iter 540 - 26987.6 words/s - loss: 0.2916
00:05:27 - process[6]: evaluating epoch 13 on dev ...
00:05:42 - process[6] - dev - epoch 13 - mAP: 0.486 w/ 31 queries
00:05:42 - process[6]: training epoch 14 ...
00:05:58 - process[6] - epoch 14 - train iter 540 - 28192.8 words/s - loss: 0.3197
00:05:58 - process[6]: evaluating epoch 14 on dev ...
00:06:13 - process[6] - dev - epoch 14 - mAP: 0.509 w/ 31 queries
00:06:13 - process[6]: evaluating epoch 14 on test ...
00:06:27 - test set during evaluation: 11460/11458
00:06:27 - process[6] - test - epoch 14 - mAP: 0.536 w/ 31 queries
00:06:27 - process[6]: training epoch 15 ...
00:06:44 - process[6] - epoch 15 - train iter 540 - 28128.3 words/s - loss: 0.3039
00:06:44 - process[6]: evaluating epoch 15 on dev ...
00:06:59 - process[6] - dev - epoch 15 - mAP: 0.497 w/ 31 queries
00:06:59 - process[6]: training epoch 16 ...
00:07:15 - process[6] - epoch 16 - train iter 540 - 28546.5 words/s - loss: 0.3059
00:07:15 - process[6]: evaluating epoch 16 on dev ...
00:07:29 - process[6] - dev - epoch 16 - mAP: 0.494 w/ 31 queries
00:07:29 - process[6]: training epoch 17 ...
00:07:46 - process[6] - epoch 17 - train iter 540 - 27863.8 words/s - loss: 0.2429
00:07:46 - process[6]: evaluating epoch 17 on dev ...
00:08:00 - process[6] - dev - epoch 17 - mAP: 0.498 w/ 31 queries
00:08:00 - process[6]: training epoch 18 ...
00:08:17 - process[6] - epoch 18 - train iter 540 - 28040.2 words/s - loss: 0.2737
00:08:17 - process[6]: evaluating epoch 18 on dev ...
00:08:30 - process[6] - dev - epoch 18 - mAP: 0.489 w/ 31 queries
00:08:30 - process[6]: training epoch 19 ...
00:08:47 - process[6] - epoch 19 - train iter 540 - 28755.6 words/s - loss: 0.2723
00:08:47 - process[6]: evaluating epoch 19 on dev ...
00:09:00 - process[6] - dev - epoch 19 - mAP: 0.499 w/ 31 queries
00:09:00 - [fold 1] best test MAP: 0.536 @ epoch 14
00:09:00 - Evaluating every 1 epochs ...
00:09:00 - reading data from /mnt/home/puxuan/CLIR-project/Evaluation_data/process-clef/uncased
00:09:02 - test has 32 queries ...
00:09:02 - Data reading done ...
00:09:03 - adding 9-th encoder to optimizer...
00:09:03 - adding 10-th encoder to optimizer...
00:09:03 - adding 11-th encoder to optimizer...
00:09:04 - process[6]: training epoch 0 ...
00:09:19 - process[6] - epoch 0 - train iter 492 - 27679.8 words/s - loss: 0.5301
00:09:19 - process[6]: training epoch 1 ...
00:09:35 - process[6] - epoch 1 - train iter 492 - 27874.6 words/s - loss: 0.4394
00:09:35 - process[6]: training epoch 2 ...
00:09:50 - process[6] - epoch 2 - train iter 492 - 27661.3 words/s - loss: 0.3989
00:09:50 - process[6]: training epoch 3 ...
00:10:06 - process[6] - epoch 3 - train iter 492 - 27866.1 words/s - loss: 0.3893
00:10:06 - process[6]: training epoch 4 ...
00:10:21 - process[6] - epoch 4 - train iter 492 - 27879.6 words/s - loss: 0.4082
00:10:21 - process[6]: training epoch 5 ...
00:10:37 - process[6] - epoch 5 - train iter 492 - 27871.1 words/s - loss: 0.3458
00:10:37 - process[6]: training epoch 6 ...
00:10:52 - process[6] - epoch 6 - train iter 492 - 27802.1 words/s - loss: 0.3524
00:10:52 - process[6]: training epoch 7 ...
00:11:08 - process[6] - epoch 7 - train iter 492 - 27826.5 words/s - loss: 0.3792
00:11:08 - process[6]: training epoch 8 ...
00:11:23 - process[6] - epoch 8 - train iter 492 - 27450.5 words/s - loss: 0.3061
00:11:23 - process[6]: training epoch 9 ...
00:11:39 - process[6] - epoch 9 - train iter 492 - 27894.3 words/s - loss: 0.3803
00:11:39 - process[6]: training epoch 10 ...
00:11:54 - process[6] - epoch 10 - train iter 492 - 27925.1 words/s - loss: 0.3450
00:11:54 - process[6]: evaluating epoch 10 on dev ...
00:12:08 - dev set during evaluation: 11460/11458
00:12:08 - process[6] - dev - epoch 10 - mAP: 0.536 w/ 31 queries
00:12:08 - process[6]: evaluating epoch 10 on test ...
00:12:23 - process[6] - test - epoch 10 - mAP: 0.601 w/ 32 queries
00:12:23 - process[6]: training epoch 11 ...
00:12:39 - process[6] - epoch 11 - train iter 492 - 27308.3 words/s - loss: 0.3248
00:12:39 - process[6]: evaluating epoch 11 on dev ...
00:12:53 - dev set during evaluation: 11460/11458
00:12:53 - process[6] - dev - epoch 11 - mAP: 0.549 w/ 31 queries
00:12:53 - process[6]: evaluating epoch 11 on test ...
00:13:08 - process[6] - test - epoch 11 - mAP: 0.599 w/ 32 queries
00:13:08 - process[6]: training epoch 12 ...
00:13:24 - process[6] - epoch 12 - train iter 492 - 27629.9 words/s - loss: 0.3369
00:13:24 - process[6]: evaluating epoch 12 on dev ...
00:13:38 - dev set during evaluation: 11460/11458
00:13:38 - process[6] - dev - epoch 12 - mAP: 0.540 w/ 31 queries
00:13:38 - process[6]: training epoch 13 ...
00:13:54 - process[6] - epoch 13 - train iter 492 - 27744.1 words/s - loss: 0.2939
00:13:54 - process[6]: evaluating epoch 13 on dev ...
00:14:08 - dev set during evaluation: 11460/11458
00:14:08 - process[6] - dev - epoch 13 - mAP: 0.540 w/ 31 queries
00:14:08 - process[6]: training epoch 14 ...
00:14:23 - process[6] - epoch 14 - train iter 492 - 27607.8 words/s - loss: 0.2973
00:14:23 - process[6]: evaluating epoch 14 on dev ...
00:14:38 - dev set during evaluation: 11460/11458
00:14:38 - process[6] - dev - epoch 14 - mAP: 0.533 w/ 31 queries
00:14:38 - process[6]: training epoch 15 ...
00:14:53 - process[6] - epoch 15 - train iter 492 - 28010.6 words/s - loss: 0.3126
00:14:53 - process[6]: evaluating epoch 15 on dev ...
00:15:07 - dev set during evaluation: 11460/11458
00:15:07 - process[6] - dev - epoch 15 - mAP: 0.529 w/ 31 queries
00:15:07 - process[6]: training epoch 16 ...
00:15:22 - process[6] - epoch 16 - train iter 492 - 27827.7 words/s - loss: 0.2728
00:15:22 - process[6]: evaluating epoch 16 on dev ...
00:15:37 - dev set during evaluation: 11460/11458
00:15:37 - process[6] - dev - epoch 16 - mAP: 0.523 w/ 31 queries
00:15:37 - process[6]: training epoch 17 ...
00:15:52 - process[6] - epoch 17 - train iter 492 - 28189.3 words/s - loss: 0.2949
00:15:52 - process[6]: evaluating epoch 17 on dev ...
00:16:06 - dev set during evaluation: 11460/11458
00:16:06 - process[6] - dev - epoch 17 - mAP: 0.520 w/ 31 queries
00:16:06 - process[6]: training epoch 18 ...
00:16:22 - process[6] - epoch 18 - train iter 492 - 27620.9 words/s - loss: 0.2754
00:16:22 - process[6]: evaluating epoch 18 on dev ...
00:16:37 - dev set during evaluation: 11460/11458
00:16:37 - process[6] - dev - epoch 18 - mAP: 0.519 w/ 31 queries
00:16:37 - process[6]: training epoch 19 ...
00:16:53 - process[6] - epoch 19 - train iter 492 - 27758.4 words/s - loss: 0.2762
00:16:53 - process[6]: evaluating epoch 19 on dev ...
00:17:07 - dev set during evaluation: 11460/11458
00:17:07 - process[6] - dev - epoch 19 - mAP: 0.524 w/ 31 queries
00:17:07 - [fold 2] best test MAP: 0.599 @ epoch 11
00:17:07 - Evaluating every 1 epochs ...
00:17:07 - reading data from /mnt/home/puxuan/CLIR-project/Evaluation_data/process-clef/uncased
00:17:08 - test has 31 queries ...
00:17:08 - Data reading done ...
00:17:10 - adding 9-th encoder to optimizer...
00:17:10 - adding 10-th encoder to optimizer...
00:17:10 - adding 11-th encoder to optimizer...
00:17:10 - process[6]: training epoch 0 ...
00:17:25 - process[6] - epoch 0 - train iter 476 - 27848.2 words/s - loss: 0.5199
00:17:25 - process[6]: training epoch 1 ...
00:17:40 - process[6] - epoch 1 - train iter 476 - 27734.8 words/s - loss: 0.4607
00:17:40 - process[6]: training epoch 2 ...
00:17:55 - process[6] - epoch 2 - train iter 476 - 27823.7 words/s - loss: 0.4300
00:17:55 - process[6]: training epoch 3 ...
00:18:10 - process[6] - epoch 3 - train iter 476 - 27989.7 words/s - loss: 0.4257
00:18:10 - process[6]: training epoch 4 ...
00:18:24 - process[6] - epoch 4 - train iter 476 - 28070.6 words/s - loss: 0.4047
00:18:24 - process[6]: training epoch 5 ...
00:18:39 - process[6] - epoch 5 - train iter 476 - 27887.4 words/s - loss: 0.3796
00:18:39 - process[6]: training epoch 6 ...
00:18:54 - process[6] - epoch 6 - train iter 476 - 28024.5 words/s - loss: 0.3767
00:18:54 - process[6]: training epoch 7 ...
00:19:09 - process[6] - epoch 7 - train iter 476 - 28101.6 words/s - loss: 0.3312
00:19:09 - process[6]: training epoch 8 ...
00:19:24 - process[6] - epoch 8 - train iter 476 - 27620.1 words/s - loss: 0.3383
00:19:24 - process[6]: training epoch 9 ...
00:19:39 - process[6] - epoch 9 - train iter 476 - 27991.7 words/s - loss: 0.3215
00:19:39 - process[6]: training epoch 10 ...
00:19:53 - process[6] - epoch 10 - train iter 476 - 27912.0 words/s - loss: 0.3178
00:19:53 - process[6]: evaluating epoch 10 on dev ...
00:20:09 - process[6] - dev - epoch 10 - mAP: 0.596 w/ 32 queries
00:20:09 - process[6]: evaluating epoch 10 on test ...
00:20:24 - test set during evaluation: 11550/11545
00:20:24 - process[6] - test - epoch 10 - mAP: 0.573 w/ 31 queries
00:20:24 - process[6]: training epoch 11 ...
00:20:38 - process[6] - epoch 11 - train iter 476 - 27730.3 words/s - loss: 0.3336
00:20:38 - process[6]: evaluating epoch 11 on dev ...
00:20:54 - process[6] - dev - epoch 11 - mAP: 0.580 w/ 32 queries
00:20:54 - process[6]: training epoch 12 ...
00:21:09 - process[6] - epoch 12 - train iter 476 - 27947.1 words/s - loss: 0.2837
00:21:09 - process[6]: evaluating epoch 12 on dev ...
00:21:24 - process[6] - dev - epoch 12 - mAP: 0.610 w/ 32 queries
00:21:24 - process[6]: evaluating epoch 12 on test ...
00:21:39 - test set during evaluation: 11550/11545
00:21:39 - process[6] - test - epoch 12 - mAP: 0.566 w/ 31 queries
00:21:39 - process[6]: training epoch 13 ...
00:21:54 - process[6] - epoch 13 - train iter 476 - 28202.9 words/s - loss: 0.2969
00:21:54 - process[6]: evaluating epoch 13 on dev ...
00:22:09 - process[6] - dev - epoch 13 - mAP: 0.603 w/ 32 queries
00:22:09 - process[6]: training epoch 14 ...
00:22:24 - process[6] - epoch 14 - train iter 476 - 27903.3 words/s - loss: 0.2954
00:22:24 - process[6]: evaluating epoch 14 on dev ...
00:22:39 - process[6] - dev - epoch 14 - mAP: 0.615 w/ 32 queries
00:22:39 - process[6]: evaluating epoch 14 on test ...
00:22:53 - test set during evaluation: 11550/11545
00:22:53 - process[6] - test - epoch 14 - mAP: 0.583 w/ 31 queries
00:22:53 - process[6]: training epoch 15 ...
00:23:08 - process[6] - epoch 15 - train iter 476 - 28180.7 words/s - loss: 0.3087
00:23:08 - process[6]: evaluating epoch 15 on dev ...
00:23:23 - process[6] - dev - epoch 15 - mAP: 0.597 w/ 32 queries
00:23:23 - process[6]: training epoch 16 ...
00:23:38 - process[6] - epoch 16 - train iter 476 - 28045.1 words/s - loss: 0.3008
00:23:38 - process[6]: evaluating epoch 16 on dev ...
00:23:53 - process[6] - dev - epoch 16 - mAP: 0.609 w/ 32 queries
00:23:53 - process[6]: training epoch 17 ...
00:24:08 - process[6] - epoch 17 - train iter 476 - 27798.5 words/s - loss: 0.3134
00:24:08 - process[6]: evaluating epoch 17 on dev ...
00:24:23 - process[6] - dev - epoch 17 - mAP: 0.602 w/ 32 queries
00:24:23 - process[6]: training epoch 18 ...
00:24:38 - process[6] - epoch 18 - train iter 476 - 28049.1 words/s - loss: 0.3031
00:24:38 - process[6]: evaluating epoch 18 on dev ...
00:24:53 - process[6] - dev - epoch 18 - mAP: 0.611 w/ 32 queries
00:24:53 - process[6]: training epoch 19 ...
00:25:08 - process[6] - epoch 19 - train iter 476 - 27903.3 words/s - loss: 0.2659
00:25:08 - process[6]: evaluating epoch 19 on dev ...
00:25:23 - process[6] - dev - epoch 19 - mAP: 0.600 w/ 32 queries
00:25:23 - [fold 3] best test MAP: 0.583 @ epoch 14
00:25:23 - Evaluating every 1 epochs ...
00:25:23 - reading data from /mnt/home/puxuan/CLIR-project/Evaluation_data/process-clef/uncased
00:25:24 - test has 31 queries ...
00:25:24 - Data reading done ...
00:25:26 - adding 9-th encoder to optimizer...
00:25:26 - adding 10-th encoder to optimizer...
00:25:26 - adding 11-th encoder to optimizer...
00:25:26 - process[6]: training epoch 0 ...
00:25:40 - process[6] - epoch 0 - train iter 432 - 27833.6 words/s - loss: 0.5678
00:25:40 - process[6]: training epoch 1 ...
00:25:54 - process[6] - epoch 1 - train iter 432 - 27927.5 words/s - loss: 0.5096
00:25:54 - process[6]: training epoch 2 ...
00:26:07 - process[6] - epoch 2 - train iter 432 - 27732.6 words/s - loss: 0.4736
00:26:07 - process[6]: training epoch 3 ...
00:26:21 - process[6] - epoch 3 - train iter 432 - 27547.4 words/s - loss: 0.4289
00:26:21 - process[6]: training epoch 4 ...
00:26:34 - process[6] - epoch 4 - train iter 432 - 28164.6 words/s - loss: 0.4208
00:26:34 - process[6]: training epoch 5 ...
00:26:48 - process[6] - epoch 5 - train iter 432 - 27771.5 words/s - loss: 0.3881
00:26:48 - process[6]: training epoch 6 ...
00:27:02 - process[6] - epoch 6 - train iter 432 - 27952.1 words/s - loss: 0.3800
00:27:02 - process[6]: training epoch 7 ...
00:27:15 - process[6] - epoch 7 - train iter 432 - 28359.1 words/s - loss: 0.3707
00:27:15 - process[6]: training epoch 8 ...
00:27:29 - process[6] - epoch 8 - train iter 432 - 27751.3 words/s - loss: 0.3668
00:27:29 - process[6]: training epoch 9 ...
00:27:43 - process[6] - epoch 9 - train iter 432 - 27905.1 words/s - loss: 0.2968
00:27:43 - process[6]: training epoch 10 ...
00:27:56 - process[6] - epoch 10 - train iter 432 - 27701.6 words/s - loss: 0.3426
00:27:56 - process[6]: evaluating epoch 10 on dev ...
00:28:11 - dev set during evaluation: 11550/11545
00:28:11 - process[6] - dev - epoch 10 - mAP: 0.563 w/ 31 queries
00:28:11 - process[6]: evaluating epoch 10 on test ...
00:28:26 - test set during evaluation: 11320/11315
00:28:26 - process[6] - test - epoch 10 - mAP: 0.565 w/ 31 queries
00:28:26 - process[6]: training epoch 11 ...
00:28:40 - process[6] - epoch 11 - train iter 432 - 27734.3 words/s - loss: 0.3299
00:28:40 - process[6]: evaluating epoch 11 on dev ...
00:28:55 - dev set during evaluation: 11550/11545
00:28:55 - process[6] - dev - epoch 11 - mAP: 0.569 w/ 31 queries
00:28:55 - process[6]: evaluating epoch 11 on test ...
00:29:09 - test set during evaluation: 11320/11315
00:29:09 - process[6] - test - epoch 11 - mAP: 0.585 w/ 31 queries
00:29:09 - process[6]: training epoch 12 ...
00:29:23 - process[6] - epoch 12 - train iter 432 - 27963.0 words/s - loss: 0.3574
00:29:23 - process[6]: evaluating epoch 12 on dev ...
00:29:38 - dev set during evaluation: 11550/11545
00:29:38 - process[6] - dev - epoch 12 - mAP: 0.578 w/ 31 queries
00:29:38 - process[6]: evaluating epoch 12 on test ...
00:29:53 - test set during evaluation: 11320/11315
00:29:53 - process[6] - test - epoch 12 - mAP: 0.588 w/ 31 queries
00:29:53 - process[6]: training epoch 13 ...
00:30:07 - process[6] - epoch 13 - train iter 432 - 28162.5 words/s - loss: 0.3194
00:30:07 - process[6]: evaluating epoch 13 on dev ...
00:30:23 - dev set during evaluation: 11550/11545
00:30:23 - process[6] - dev - epoch 13 - mAP: 0.570 w/ 31 queries
00:30:23 - process[6]: training epoch 14 ...
00:30:37 - process[6] - epoch 14 - train iter 432 - 27649.9 words/s - loss: 0.3253
00:30:37 - process[6]: evaluating epoch 14 on dev ...
00:30:54 - dev set during evaluation: 11550/11545
00:30:54 - process[6] - dev - epoch 14 - mAP: 0.560 w/ 31 queries
00:30:54 - process[6]: training epoch 15 ...
00:31:08 - process[6] - epoch 15 - train iter 432 - 27970.7 words/s - loss: 0.2921
00:31:08 - process[6]: evaluating epoch 15 on dev ...
00:31:22 - dev set during evaluation: 11550/11545
00:31:22 - process[6] - dev - epoch 15 - mAP: 0.581 w/ 31 queries
00:31:22 - process[6]: evaluating epoch 15 on test ...
00:31:37 - test set during evaluation: 11320/11315
00:31:37 - process[6] - test - epoch 15 - mAP: 0.572 w/ 31 queries
00:31:37 - process[6]: training epoch 16 ...
00:31:50 - process[6] - epoch 16 - train iter 432 - 28021.6 words/s - loss: 0.3137
00:31:50 - process[6]: evaluating epoch 16 on dev ...
00:32:06 - dev set during evaluation: 11550/11545
00:32:06 - process[6] - dev - epoch 16 - mAP: 0.578 w/ 31 queries
00:32:06 - process[6]: training epoch 17 ...
00:32:20 - process[6] - epoch 17 - train iter 432 - 27788.0 words/s - loss: 0.3304
00:32:20 - process[6]: evaluating epoch 17 on dev ...
00:32:34 - dev set during evaluation: 11550/11545
00:32:34 - process[6] - dev - epoch 17 - mAP: 0.573 w/ 31 queries
00:32:34 - process[6]: training epoch 18 ...
00:32:48 - process[6] - epoch 18 - train iter 432 - 28342.7 words/s - loss: 0.2769
00:32:48 - process[6]: evaluating epoch 18 on dev ...
00:33:02 - dev set during evaluation: 11550/11545
00:33:02 - process[6] - dev - epoch 18 - mAP: 0.550 w/ 31 queries
00:33:02 - process[6]: training epoch 19 ...
00:33:16 - process[6] - epoch 19 - train iter 432 - 28347.0 words/s - loss: 0.2950
00:33:16 - process[6]: evaluating epoch 19 on dev ...
00:33:31 - dev set during evaluation: 11550/11545
00:33:31 - process[6] - dev - epoch 19 - mAP: 0.579 w/ 31 queries
00:33:31 - [fold 4] best test MAP: 0.572 @ epoch 15
00:33:31 - Evaluating every 1 epochs ...
00:33:31 - reading data from /mnt/home/puxuan/CLIR-project/Evaluation_data/process-clef/uncased
00:33:32 - test has 31 queries ...
00:33:32 - Data reading done ...
00:33:33 - adding 9-th encoder to optimizer...
00:33:33 - adding 10-th encoder to optimizer...
00:33:33 - adding 11-th encoder to optimizer...
00:33:34 - process[6]: training epoch 0 ...
00:33:48 - process[6] - epoch 0 - train iter 437 - 27861.6 words/s - loss: 0.5784
00:33:48 - process[6]: training epoch 1 ...
00:34:02 - process[6] - epoch 1 - train iter 437 - 27686.1 words/s - loss: 0.4621
00:34:02 - process[6]: training epoch 2 ...
00:34:16 - process[6] - epoch 2 - train iter 437 - 27698.2 words/s - loss: 0.4614
00:34:16 - process[6]: training epoch 3 ...
00:34:29 - process[6] - epoch 3 - train iter 437 - 28022.7 words/s - loss: 0.4072
00:34:29 - process[6]: training epoch 4 ...
00:34:43 - process[6] - epoch 4 - train iter 437 - 27916.9 words/s - loss: 0.3992
00:34:43 - process[6]: training epoch 5 ...
00:34:57 - process[6] - epoch 5 - train iter 437 - 27934.9 words/s - loss: 0.3829
00:34:57 - process[6]: training epoch 6 ...
00:35:11 - process[6] - epoch 6 - train iter 437 - 27939.0 words/s - loss: 0.3749
00:35:11 - process[6]: training epoch 7 ...
00:35:24 - process[6] - epoch 7 - train iter 437 - 27842.5 words/s - loss: 0.3424
00:35:24 - process[6]: training epoch 8 ...
00:35:38 - process[6] - epoch 8 - train iter 437 - 27851.2 words/s - loss: 0.3346
00:35:38 - process[6]: training epoch 9 ...
00:35:52 - process[6] - epoch 9 - train iter 437 - 27769.6 words/s - loss: 0.3114
00:35:52 - process[6]: training epoch 10 ...
00:36:06 - process[6] - epoch 10 - train iter 437 - 28073.3 words/s - loss: 0.3573
00:36:06 - process[6]: evaluating epoch 10 on dev ...
00:36:20 - dev set during evaluation: 11320/11315
00:36:20 - process[6] - dev - epoch 10 - mAP: 0.568 w/ 31 queries
00:36:20 - process[6]: evaluating epoch 10 on test ...
00:36:34 - process[6] - test - epoch 10 - mAP: 0.500 w/ 31 queries
00:36:34 - process[6]: training epoch 11 ...
00:36:48 - process[6] - epoch 11 - train iter 437 - 27346.8 words/s - loss: 0.3487
00:36:48 - process[6]: evaluating epoch 11 on dev ...
00:37:03 - dev set during evaluation: 11320/11315
00:37:03 - process[6] - dev - epoch 11 - mAP: 0.587 w/ 31 queries
00:37:03 - process[6]: evaluating epoch 11 on test ...
00:37:17 - process[6] - test - epoch 11 - mAP: 0.502 w/ 31 queries
00:37:17 - process[6]: training epoch 12 ...
00:37:30 - process[6] - epoch 12 - train iter 437 - 27572.4 words/s - loss: 0.3283
00:37:30 - process[6]: evaluating epoch 12 on dev ...
00:37:46 - dev set during evaluation: 11320/11315
00:37:46 - process[6] - dev - epoch 12 - mAP: 0.571 w/ 31 queries
00:37:46 - process[6]: training epoch 13 ...
00:37:59 - process[6] - epoch 13 - train iter 437 - 27926.0 words/s - loss: 0.3324
00:37:59 - process[6]: evaluating epoch 13 on dev ...
00:38:15 - dev set during evaluation: 11320/11315
00:38:15 - process[6] - dev - epoch 13 - mAP: 0.580 w/ 31 queries
00:38:15 - process[6]: training epoch 14 ...
00:38:30 - process[6] - epoch 14 - train iter 437 - 25697.3 words/s - loss: 0.3061
00:38:30 - process[6]: evaluating epoch 14 on dev ...
00:38:45 - dev set during evaluation: 11320/11315
00:38:46 - process[6] - dev - epoch 14 - mAP: 0.567 w/ 31 queries
00:38:46 - process[6]: training epoch 15 ...
00:39:00 - process[6] - epoch 15 - train iter 437 - 27505.5 words/s - loss: 0.2961
00:39:00 - process[6]: evaluating epoch 15 on dev ...
00:39:15 - dev set during evaluation: 11320/11315
00:39:15 - process[6] - dev - epoch 15 - mAP: 0.577 w/ 31 queries
00:39:15 - process[6]: training epoch 16 ...
00:39:29 - process[6] - epoch 16 - train iter 437 - 27962.6 words/s - loss: 0.2909
00:39:29 - process[6]: evaluating epoch 16 on dev ...
00:39:44 - dev set during evaluation: 11320/11315
00:39:44 - process[6] - dev - epoch 16 - mAP: 0.579 w/ 31 queries
00:39:44 - process[6]: training epoch 17 ...
00:39:59 - process[6] - epoch 17 - train iter 437 - 27841.2 words/s - loss: 0.2934
00:39:59 - process[6]: evaluating epoch 17 on dev ...
00:40:13 - dev set during evaluation: 11320/11315
00:40:13 - process[6] - dev - epoch 17 - mAP: 0.575 w/ 31 queries
00:40:13 - process[6]: training epoch 18 ...
00:40:26 - process[6] - epoch 18 - train iter 437 - 28428.9 words/s - loss: 0.2921
00:40:26 - process[6]: evaluating epoch 18 on dev ...
00:40:41 - dev set during evaluation: 11320/11315
00:40:42 - process[6] - dev - epoch 18 - mAP: 0.592 w/ 31 queries
00:40:42 - process[6]: evaluating epoch 18 on test ...
00:40:55 - process[6] - test - epoch 18 - mAP: 0.514 w/ 31 queries
00:40:55 - process[6]: training epoch 19 ...
00:41:09 - process[6] - epoch 19 - train iter 437 - 27911.8 words/s - loss: 0.2967
00:41:09 - process[6]: evaluating epoch 19 on dev ...
00:41:23 - dev set during evaluation: 11320/11315
00:41:23 - process[6] - dev - epoch 19 - mAP: 0.591 w/ 31 queries
00:41:23 - [fold 5] best test MAP: 0.514 @ epoch 18
00:41:23 - [0.5357895200209924, 0.5991876566616603, 0.5832336388828687, 0.5720697976955195, 0.5136563271879906]
00:41:23 - [31, 32, 31, 31, 31]
00:41:23 - final MAP: 0.561
00:00:06 - Namespace(apex_level='O2', batch_size=8, cased=False, dataset='clef', debug=False, encoder_lr=2e-05, eval_step=1, full_doc_length=True, local_rank=6, model_path='/mnt/scratch/puxuan/short_qlm_0.45/2186793/huggingface-19', model_type='mbert', num_epochs=20, num_ft_encoders=3, num_neg=1, projector_lr=2e-05, seed=611, source_lang='fr', target_lang='es')
00:00:15 - Evaluating every 1 epochs ...
00:00:15 - reading data from /mnt/home/puxuan/CLIR-project/Evaluation_data/process-clef/uncased
00:00:17 - test has 31 queries ...
00:00:17 - Data reading done ...
00:00:23 - adding 9-th encoder to optimizer...
00:00:23 - adding 10-th encoder to optimizer...
00:00:23 - adding 11-th encoder to optimizer...
00:00:24 - process[6]: training epoch 0 ...
00:00:41 - process[6] - epoch 0 - train iter 540 - 27536.6 words/s - loss: 0.5176
00:00:41 - process[6]: training epoch 1 ...
00:00:58 - process[6] - epoch 1 - train iter 540 - 28262.8 words/s - loss: 0.4690
00:00:58 - process[6]: training epoch 2 ...
00:01:14 - process[6] - epoch 2 - train iter 540 - 28562.6 words/s - loss: 0.4002
00:01:14 - process[6]: training epoch 3 ...
00:01:31 - process[6] - epoch 3 - train iter 540 - 28272.5 words/s - loss: 0.4080
00:01:31 - process[6]: training epoch 4 ...
00:01:47 - process[6] - epoch 4 - train iter 540 - 28387.3 words/s - loss: 0.3859
00:01:47 - process[6]: training epoch 5 ...
00:02:03 - process[6] - epoch 5 - train iter 540 - 28307.1 words/s - loss: 0.3728
00:02:03 - process[6]: training epoch 6 ...
00:02:20 - process[6] - epoch 6 - train iter 540 - 28815.6 words/s - loss: 0.3292
00:02:20 - process[6]: training epoch 7 ...
00:02:37 - process[6] - epoch 7 - train iter 540 - 28196.9 words/s - loss: 0.3394
00:02:37 - process[6]: training epoch 8 ...
00:02:53 - process[6] - epoch 8 - train iter 540 - 28503.5 words/s - loss: 0.3471
00:02:53 - process[6]: training epoch 9 ...
00:03:09 - process[6] - epoch 9 - train iter 540 - 28275.0 words/s - loss: 0.3255
00:03:09 - process[6]: training epoch 10 ...
00:03:26 - process[6] - epoch 10 - train iter 540 - 28170.6 words/s - loss: 0.3253
00:03:26 - process[6]: evaluating epoch 10 on dev ...
00:03:40 - process[6] - dev - epoch 10 - mAP: 0.501 w/ 31 queries
00:03:40 - process[6]: evaluating epoch 10 on test ...
00:03:54 - test set during evaluation: 11460/11458
00:03:54 - process[6] - test - epoch 10 - mAP: 0.528 w/ 31 queries
00:03:54 - process[6]: training epoch 11 ...
00:04:10 - process[6] - epoch 11 - train iter 540 - 28987.5 words/s - loss: 0.3060
00:04:10 - process[6]: evaluating epoch 11 on dev ...
00:04:24 - process[6] - dev - epoch 11 - mAP: 0.493 w/ 31 queries
00:04:24 - process[6]: training epoch 12 ...
00:04:41 - process[6] - epoch 12 - train iter 540 - 28796.8 words/s - loss: 0.3081
00:04:41 - process[6]: evaluating epoch 12 on dev ...
00:04:55 - process[6] - dev - epoch 12 - mAP: 0.501 w/ 31 queries
00:04:55 - process[6]: evaluating epoch 12 on test ...
00:05:08 - test set during evaluation: 11460/11458
00:05:09 - process[6] - test - epoch 12 - mAP: 0.533 w/ 31 queries
00:05:09 - process[6]: training epoch 13 ...
00:05:25 - process[6] - epoch 13 - train iter 540 - 28841.1 words/s - loss: 0.2916
00:05:25 - process[6]: evaluating epoch 13 on dev ...
00:05:38 - process[6] - dev - epoch 13 - mAP: 0.486 w/ 31 queries
00:05:38 - process[6]: training epoch 14 ...
00:05:55 - process[6] - epoch 14 - train iter 540 - 28711.4 words/s - loss: 0.3197
00:05:55 - process[6]: evaluating epoch 14 on dev ...
00:06:08 - process[6] - dev - epoch 14 - mAP: 0.509 w/ 31 queries
00:06:08 - process[6]: evaluating epoch 14 on test ...
00:06:22 - test set during evaluation: 11460/11458
00:06:22 - process[6] - test - epoch 14 - mAP: 0.536 w/ 31 queries
00:06:22 - process[6]: training epoch 15 ...
00:06:39 - process[6] - epoch 15 - train iter 540 - 28139.2 words/s - loss: 0.3039
00:06:39 - process[6]: evaluating epoch 15 on dev ...
00:06:52 - process[6] - dev - epoch 15 - mAP: 0.497 w/ 31 queries
00:06:52 - process[6]: training epoch 16 ...
00:07:08 - process[6] - epoch 16 - train iter 540 - 28963.6 words/s - loss: 0.3059
00:07:08 - process[6]: evaluating epoch 16 on dev ...
00:07:22 - process[6] - dev - epoch 16 - mAP: 0.494 w/ 31 queries
00:07:22 - process[6]: training epoch 17 ...
00:07:39 - process[6] - epoch 17 - train iter 540 - 28624.5 words/s - loss: 0.2429
00:07:39 - process[6]: evaluating epoch 17 on dev ...
00:07:52 - process[6] - dev - epoch 17 - mAP: 0.498 w/ 31 queries
00:07:52 - process[6]: training epoch 18 ...
00:08:09 - process[6] - epoch 18 - train iter 540 - 28587.1 words/s - loss: 0.2737
00:08:09 - process[6]: evaluating epoch 18 on dev ...
00:08:22 - process[6] - dev - epoch 18 - mAP: 0.489 w/ 31 queries
00:08:22 - process[6]: training epoch 19 ...
00:08:38 - process[6] - epoch 19 - train iter 540 - 28829.7 words/s - loss: 0.2723
00:08:38 - process[6]: evaluating epoch 19 on dev ...
00:08:52 - process[6] - dev - epoch 19 - mAP: 0.499 w/ 31 queries
00:08:52 - [fold 1] best test MAP: 0.536 @ epoch 14
00:08:52 - Evaluating every 1 epochs ...
00:08:52 - reading data from /mnt/home/puxuan/CLIR-project/Evaluation_data/process-clef/uncased
00:08:54 - test has 32 queries ...
00:08:54 - Data reading done ...
00:08:55 - adding 9-th encoder to optimizer...
00:08:55 - adding 10-th encoder to optimizer...
00:08:55 - adding 11-th encoder to optimizer...
00:08:56 - process[6]: training epoch 0 ...
00:09:11 - process[6] - epoch 0 - train iter 492 - 27955.3 words/s - loss: 0.5301
00:09:11 - process[6]: training epoch 1 ...
00:09:26 - process[6] - epoch 1 - train iter 492 - 28188.3 words/s - loss: 0.4394
00:09:26 - process[6]: training epoch 2 ...
00:09:42 - process[6] - epoch 2 - train iter 492 - 28008.7 words/s - loss: 0.3989
00:09:42 - process[6]: training epoch 3 ...
00:09:57 - process[6] - epoch 3 - train iter 492 - 28200.7 words/s - loss: 0.3893
00:09:57 - process[6]: training epoch 4 ...
00:10:12 - process[6] - epoch 4 - train iter 492 - 28245.1 words/s - loss: 0.4082
00:10:12 - process[6]: training epoch 5 ...
00:10:27 - process[6] - epoch 5 - train iter 492 - 28221.2 words/s - loss: 0.3458
00:10:27 - process[6]: training epoch 6 ...
00:10:43 - process[6] - epoch 6 - train iter 492 - 28119.7 words/s - loss: 0.3524
00:10:43 - process[6]: training epoch 7 ...
00:10:58 - process[6] - epoch 7 - train iter 492 - 28193.7 words/s - loss: 0.3792
00:10:58 - process[6]: training epoch 8 ...
00:11:13 - process[6] - epoch 8 - train iter 492 - 27916.4 words/s - loss: 0.3061
00:11:13 - process[6]: training epoch 9 ...
00:11:29 - process[6] - epoch 9 - train iter 492 - 28386.8 words/s - loss: 0.3803
00:11:29 - process[6]: training epoch 10 ...
00:11:44 - process[6] - epoch 10 - train iter 492 - 28390.8 words/s - loss: 0.3450
00:11:44 - process[6]: evaluating epoch 10 on dev ...
00:11:59 - dev set during evaluation: 11460/11458
00:11:59 - process[6] - dev - epoch 10 - mAP: 0.536 w/ 31 queries
00:11:59 - process[6]: evaluating epoch 10 on test ...
00:12:15 - process[6] - test - epoch 10 - mAP: 0.601 w/ 32 queries
00:12:15 - process[6]: training epoch 11 ...
00:12:30 - process[6] - epoch 11 - train iter 492 - 27731.5 words/s - loss: 0.3248
00:12:30 - process[6]: evaluating epoch 11 on dev ...
00:12:44 - dev set during evaluation: 11460/11458
00:12:44 - process[6] - dev - epoch 11 - mAP: 0.549 w/ 31 queries
00:12:44 - process[6]: evaluating epoch 11 on test ...
00:12:59 - process[6] - test - epoch 11 - mAP: 0.599 w/ 32 queries
00:12:59 - process[6]: training epoch 12 ...
00:13:15 - process[6] - epoch 12 - train iter 492 - 28106.4 words/s - loss: 0.3369
00:13:15 - process[6]: evaluating epoch 12 on dev ...
00:13:29 - dev set during evaluation: 11460/11458
00:13:29 - process[6] - dev - epoch 12 - mAP: 0.540 w/ 31 queries
00:13:29 - process[6]: training epoch 13 ...
00:13:44 - process[6] - epoch 13 - train iter 492 - 28214.9 words/s - loss: 0.2939
00:13:44 - process[6]: evaluating epoch 13 on dev ...
00:13:58 - dev set during evaluation: 11460/11458
00:13:58 - process[6] - dev - epoch 13 - mAP: 0.540 w/ 31 queries
00:13:58 - process[6]: training epoch 14 ...
00:14:13 - process[6] - epoch 14 - train iter 492 - 27851.9 words/s - loss: 0.2973
00:14:13 - process[6]: evaluating epoch 14 on dev ...
00:14:27 - dev set during evaluation: 11460/11458
00:14:27 - process[6] - dev - epoch 14 - mAP: 0.533 w/ 31 queries
00:14:27 - process[6]: training epoch 15 ...
00:14:42 - process[6] - epoch 15 - train iter 492 - 28295.2 words/s - loss: 0.3126
00:14:42 - process[6]: evaluating epoch 15 on dev ...
00:14:56 - dev set during evaluation: 11460/11458
00:14:56 - process[6] - dev - epoch 15 - mAP: 0.529 w/ 31 queries
00:14:56 - process[6]: training epoch 16 ...
00:15:11 - process[6] - epoch 16 - train iter 492 - 28321.5 words/s - loss: 0.2728
00:15:11 - process[6]: evaluating epoch 16 on dev ...
00:15:26 - dev set during evaluation: 11460/11458
00:15:26 - process[6] - dev - epoch 16 - mAP: 0.523 w/ 31 queries
00:15:26 - process[6]: training epoch 17 ...
00:15:41 - process[6] - epoch 17 - train iter 492 - 28710.2 words/s - loss: 0.2949
00:15:41 - process[6]: evaluating epoch 17 on dev ...
00:15:55 - dev set during evaluation: 11460/11458
00:15:55 - process[6] - dev - epoch 17 - mAP: 0.520 w/ 31 queries
00:15:55 - process[6]: training epoch 18 ...
00:16:10 - process[6] - epoch 18 - train iter 492 - 28212.2 words/s - loss: 0.2754
00:16:10 - process[6]: evaluating epoch 18 on dev ...
00:16:24 - dev set during evaluation: 11460/11458
00:16:24 - process[6] - dev - epoch 18 - mAP: 0.519 w/ 31 queries
00:16:24 - process[6]: training epoch 19 ...
00:16:40 - process[6] - epoch 19 - train iter 492 - 28291.4 words/s - loss: 0.2762
00:16:40 - process[6]: evaluating epoch 19 on dev ...
00:16:54 - dev set during evaluation: 11460/11458
00:16:54 - process[6] - dev - epoch 19 - mAP: 0.524 w/ 31 queries
00:16:54 - [fold 2] best test MAP: 0.599 @ epoch 11
00:16:54 - Evaluating every 1 epochs ...
00:16:54 - reading data from /mnt/home/puxuan/CLIR-project/Evaluation_data/process-clef/uncased
00:16:55 - test has 31 queries ...
00:16:55 - Data reading done ...
00:16:57 - adding 9-th encoder to optimizer...
00:16:57 - adding 10-th encoder to optimizer...
00:16:57 - adding 11-th encoder to optimizer...
00:16:57 - process[6]: training epoch 0 ...
00:17:12 - process[6] - epoch 0 - train iter 476 - 28235.7 words/s - loss: 0.5199
00:17:12 - process[6]: training epoch 1 ...
00:17:26 - process[6] - epoch 1 - train iter 476 - 28110.8 words/s - loss: 0.4607
00:17:26 - process[6]: training epoch 2 ...
00:17:41 - process[6] - epoch 2 - train iter 476 - 28207.7 words/s - loss: 0.4300
00:17:41 - process[6]: training epoch 3 ...
00:17:56 - process[6] - epoch 3 - train iter 476 - 28374.2 words/s - loss: 0.4257
00:17:56 - process[6]: training epoch 4 ...
00:18:10 - process[6] - epoch 4 - train iter 476 - 28508.2 words/s - loss: 0.4047
00:18:10 - process[6]: training epoch 5 ...
00:18:25 - process[6] - epoch 5 - train iter 476 - 28354.0 words/s - loss: 0.3796
00:18:25 - process[6]: training epoch 6 ...
00:18:40 - process[6] - epoch 6 - train iter 476 - 28496.0 words/s - loss: 0.3767
00:18:40 - process[6]: training epoch 7 ...
00:18:54 - process[6] - epoch 7 - train iter 476 - 28560.5 words/s - loss: 0.3312
00:18:54 - process[6]: training epoch 8 ...
00:19:09 - process[6] - epoch 8 - train iter 476 - 28126.5 words/s - loss: 0.3383
00:19:09 - process[6]: training epoch 9 ...
00:19:23 - process[6] - epoch 9 - train iter 476 - 28541.6 words/s - loss: 0.3215
00:19:23 - process[6]: training epoch 10 ...
00:19:38 - process[6] - epoch 10 - train iter 476 - 28691.4 words/s - loss: 0.3178
00:19:38 - process[6]: evaluating epoch 10 on dev ...
00:19:57 - process[6] - dev - epoch 10 - mAP: 0.596 w/ 32 queries
00:19:57 - process[6]: evaluating epoch 10 on test ...
00:20:11 - test set during evaluation: 11550/11545
00:20:11 - process[6] - test - epoch 10 - mAP: 0.573 w/ 31 queries
00:20:11 - process[6]: training epoch 11 ...
00:20:26 - process[6] - epoch 11 - train iter 476 - 28313.2 words/s - loss: 0.3336
00:20:26 - process[6]: evaluating epoch 11 on dev ...
00:20:41 - process[6] - dev - epoch 11 - mAP: 0.580 w/ 32 queries
00:20:41 - process[6]: training epoch 12 ...
00:20:56 - process[6] - epoch 12 - train iter 476 - 28492.8 words/s - loss: 0.2837
00:20:56 - process[6]: evaluating epoch 12 on dev ...
00:21:12 - process[6] - dev - epoch 12 - mAP: 0.610 w/ 32 queries
00:21:12 - process[6]: evaluating epoch 12 on test ...
00:21:27 - test set during evaluation: 11550/11545
00:21:27 - process[6] - test - epoch 12 - mAP: 0.566 w/ 31 queries
00:21:27 - process[6]: training epoch 13 ...
00:21:41 - process[6] - epoch 13 - train iter 476 - 28816.2 words/s - loss: 0.2969
00:21:41 - process[6]: evaluating epoch 13 on dev ...
00:21:56 - process[6] - dev - epoch 13 - mAP: 0.603 w/ 32 queries
00:21:56 - process[6]: training epoch 14 ...
00:22:11 - process[6] - epoch 14 - train iter 476 - 28277.3 words/s - loss: 0.2954
00:22:11 - process[6]: evaluating epoch 14 on dev ...
00:22:26 - process[6] - dev - epoch 14 - mAP: 0.615 w/ 32 queries
00:22:26 - process[6]: evaluating epoch 14 on test ...
00:22:41 - test set during evaluation: 11550/11545
00:22:41 - process[6] - test - epoch 14 - mAP: 0.583 w/ 31 queries
00:22:41 - process[6]: training epoch 15 ...
00:22:55 - process[6] - epoch 15 - train iter 476 - 28556.2 words/s - loss: 0.3087
00:22:55 - process[6]: evaluating epoch 15 on dev ...
00:23:10 - process[6] - dev - epoch 15 - mAP: 0.597 w/ 32 queries
00:23:10 - process[6]: training epoch 16 ...
00:23:25 - process[6] - epoch 16 - train iter 476 - 28723.0 words/s - loss: 0.3008
00:23:25 - process[6]: evaluating epoch 16 on dev ...
00:23:40 - process[6] - dev - epoch 16 - mAP: 0.609 w/ 32 queries
00:23:40 - process[6]: training epoch 17 ...
00:23:55 - process[6] - epoch 17 - train iter 476 - 28490.2 words/s - loss: 0.3134
00:23:55 - process[6]: evaluating epoch 17 on dev ...
00:24:10 - process[6] - dev - epoch 17 - mAP: 0.602 w/ 32 queries
00:24:10 - process[6]: training epoch 18 ...
00:24:24 - process[6] - epoch 18 - train iter 476 - 28677.4 words/s - loss: 0.3031
00:24:24 - process[6]: evaluating epoch 18 on dev ...
00:24:40 - process[6] - dev - epoch 18 - mAP: 0.611 w/ 32 queries
00:24:40 - process[6]: training epoch 19 ...
00:24:54 - process[6] - epoch 19 - train iter 476 - 28753.9 words/s - loss: 0.2659
00:24:54 - process[6]: evaluating epoch 19 on dev ...
00:25:09 - process[6] - dev - epoch 19 - mAP: 0.600 w/ 32 queries
00:25:09 - [fold 3] best test MAP: 0.583 @ epoch 14
00:25:09 - Evaluating every 1 epochs ...
00:25:09 - reading data from /mnt/home/puxuan/CLIR-project/Evaluation_data/process-clef/uncased
00:25:11 - test has 31 queries ...
00:25:11 - Data reading done ...
00:25:12 - adding 9-th encoder to optimizer...
00:25:12 - adding 10-th encoder to optimizer...
00:25:12 - adding 11-th encoder to optimizer...
00:25:13 - process[6]: training epoch 0 ...
00:25:27 - process[6] - epoch 0 - train iter 432 - 27857.7 words/s - loss: 0.5678
00:25:27 - process[6]: training epoch 1 ...
00:25:40 - process[6] - epoch 1 - train iter 432 - 27938.2 words/s - loss: 0.5096
00:25:40 - process[6]: training epoch 2 ...
00:25:54 - process[6] - epoch 2 - train iter 432 - 27661.1 words/s - loss: 0.4736
00:25:54 - process[6]: training epoch 3 ...
00:26:08 - process[6] - epoch 3 - train iter 432 - 27650.1 words/s - loss: 0.4289
00:26:08 - process[6]: training epoch 4 ...
00:26:21 - process[6] - epoch 4 - train iter 432 - 28249.8 words/s - loss: 0.4208
00:26:21 - process[6]: training epoch 5 ...
00:26:35 - process[6] - epoch 5 - train iter 432 - 27896.2 words/s - loss: 0.3881
00:26:35 - process[6]: training epoch 6 ...
00:26:48 - process[6] - epoch 6 - train iter 432 - 27996.3 words/s - loss: 0.3800
00:26:48 - process[6]: training epoch 7 ...
00:27:02 - process[6] - epoch 7 - train iter 432 - 28515.0 words/s - loss: 0.3707
00:27:02 - process[6]: training epoch 8 ...
00:27:15 - process[6] - epoch 8 - train iter 432 - 27898.1 words/s - loss: 0.3668
00:27:15 - process[6]: training epoch 9 ...
00:27:29 - process[6] - epoch 9 - train iter 432 - 28044.3 words/s - loss: 0.2968
00:27:29 - process[6]: training epoch 10 ...
00:27:43 - process[6] - epoch 10 - train iter 432 - 27857.8 words/s - loss: 0.3426
00:27:43 - process[6]: evaluating epoch 10 on dev ...
00:27:57 - dev set during evaluation: 11550/11545
00:27:57 - process[6] - dev - epoch 10 - mAP: 0.563 w/ 31 queries
00:27:57 - process[6]: evaluating epoch 10 on test ...
00:28:12 - test set during evaluation: 11320/11315
00:28:12 - process[6] - test - epoch 10 - mAP: 0.565 w/ 31 queries
00:28:12 - process[6]: training epoch 11 ...
00:28:25 - process[6] - epoch 11 - train iter 432 - 28523.7 words/s - loss: 0.3299
00:28:25 - process[6]: evaluating epoch 11 on dev ...
00:28:40 - dev set during evaluation: 11550/11545
00:28:40 - process[6] - dev - epoch 11 - mAP: 0.569 w/ 31 queries
00:28:40 - process[6]: evaluating epoch 11 on test ...
00:28:54 - test set during evaluation: 11320/11315
00:28:54 - process[6] - test - epoch 11 - mAP: 0.585 w/ 31 queries
00:28:54 - process[6]: training epoch 12 ...
00:29:07 - process[6] - epoch 12 - train iter 432 - 28478.2 words/s - loss: 0.3574
00:29:07 - process[6]: evaluating epoch 12 on dev ...
00:29:22 - dev set during evaluation: 11550/11545
00:29:22 - process[6] - dev - epoch 12 - mAP: 0.578 w/ 31 queries
00:29:22 - process[6]: evaluating epoch 12 on test ...
00:29:37 - test set during evaluation: 11320/11315
00:29:37 - process[6] - test - epoch 12 - mAP: 0.588 w/ 31 queries
00:29:37 - process[6]: training epoch 13 ...
00:29:50 - process[6] - epoch 13 - train iter 432 - 28442.4 words/s - loss: 0.3194
00:29:50 - process[6]: evaluating epoch 13 on dev ...
00:30:05 - dev set during evaluation: 11550/11545
00:30:05 - process[6] - dev - epoch 13 - mAP: 0.570 w/ 31 queries
00:30:05 - process[6]: training epoch 14 ...
00:30:19 - process[6] - epoch 14 - train iter 432 - 28146.5 words/s - loss: 0.3253
00:30:19 - process[6]: evaluating epoch 14 on dev ...
00:30:33 - dev set during evaluation: 11550/11545
00:30:33 - process[6] - dev - epoch 14 - mAP: 0.560 w/ 31 queries
00:30:33 - process[6]: training epoch 15 ...
00:30:46 - process[6] - epoch 15 - train iter 432 - 28220.5 words/s - loss: 0.2921
00:30:46 - process[6]: evaluating epoch 15 on dev ...
00:31:01 - dev set during evaluation: 11550/11545
00:31:01 - process[6] - dev - epoch 15 - mAP: 0.581 w/ 31 queries
00:31:01 - process[6]: evaluating epoch 15 on test ...
00:31:15 - test set during evaluation: 11320/11315
00:31:15 - process[6] - test - epoch 15 - mAP: 0.572 w/ 31 queries
00:31:15 - process[6]: training epoch 16 ...
00:31:29 - process[6] - epoch 16 - train iter 432 - 28625.2 words/s - loss: 0.3137
00:31:29 - process[6]: evaluating epoch 16 on dev ...
00:31:43 - dev set during evaluation: 11550/11545
00:31:43 - process[6] - dev - epoch 16 - mAP: 0.578 w/ 31 queries
00:31:43 - process[6]: training epoch 17 ...
00:31:57 - process[6] - epoch 17 - train iter 432 - 28121.2 words/s - loss: 0.3304
00:31:57 - process[6]: evaluating epoch 17 on dev ...
00:32:12 - dev set during evaluation: 11550/11545
00:32:12 - process[6] - dev - epoch 17 - mAP: 0.573 w/ 31 queries
00:32:12 - process[6]: training epoch 18 ...
00:32:25 - process[6] - epoch 18 - train iter 432 - 28676.6 words/s - loss: 0.2769
00:32:25 - process[6]: evaluating epoch 18 on dev ...
00:32:40 - dev set during evaluation: 11550/11545
00:32:40 - process[6] - dev - epoch 18 - mAP: 0.550 w/ 31 queries
00:32:40 - process[6]: training epoch 19 ...
00:32:53 - process[6] - epoch 19 - train iter 432 - 28866.8 words/s - loss: 0.2950
00:32:53 - process[6]: evaluating epoch 19 on dev ...
00:33:08 - dev set during evaluation: 11550/11545
00:33:08 - process[6] - dev - epoch 19 - mAP: 0.579 w/ 31 queries
00:33:08 - [fold 4] best test MAP: 0.572 @ epoch 15
00:33:08 - Evaluating every 1 epochs ...
00:33:08 - reading data from /mnt/home/puxuan/CLIR-project/Evaluation_data/process-clef/uncased
00:33:09 - test has 31 queries ...
00:33:09 - Data reading done ...
00:33:11 - adding 9-th encoder to optimizer...
00:33:11 - adding 10-th encoder to optimizer...
00:33:11 - adding 11-th encoder to optimizer...
00:33:11 - process[6]: training epoch 0 ...
00:33:25 - process[6] - epoch 0 - train iter 437 - 28428.5 words/s - loss: 0.5784
00:33:25 - process[6]: training epoch 1 ...
00:33:38 - process[6] - epoch 1 - train iter 437 - 28154.9 words/s - loss: 0.4621
00:33:38 - process[6]: training epoch 2 ...
00:33:52 - process[6] - epoch 2 - train iter 437 - 28308.8 words/s - loss: 0.4614
00:33:52 - process[6]: training epoch 3 ...
00:34:05 - process[6] - epoch 3 - train iter 437 - 28552.9 words/s - loss: 0.4072
00:34:05 - process[6]: training epoch 4 ...
00:34:19 - process[6] - epoch 4 - train iter 437 - 28418.0 words/s - loss: 0.3992
00:34:19 - process[6]: training epoch 5 ...
00:34:33 - process[6] - epoch 5 - train iter 437 - 28436.7 words/s - loss: 0.3829
00:34:33 - process[6]: training epoch 6 ...
00:34:46 - process[6] - epoch 6 - train iter 437 - 28453.2 words/s - loss: 0.3749
00:34:46 - process[6]: training epoch 7 ...
00:34:59 - process[6] - epoch 7 - train iter 437 - 28299.8 words/s - loss: 0.3424
00:34:59 - process[6]: training epoch 8 ...
00:35:13 - process[6] - epoch 8 - train iter 437 - 28352.4 words/s - loss: 0.3346
00:35:13 - process[6]: training epoch 9 ...
00:35:27 - process[6] - epoch 9 - train iter 437 - 28366.8 words/s - loss: 0.3114
00:35:27 - process[6]: training epoch 10 ...
00:35:40 - process[6] - epoch 10 - train iter 437 - 28613.0 words/s - loss: 0.3573
00:35:40 - process[6]: evaluating epoch 10 on dev ...
00:35:59 - dev set during evaluation: 11320/11315
00:35:59 - process[6] - dev - epoch 10 - mAP: 0.568 w/ 31 queries
00:35:59 - process[6]: evaluating epoch 10 on test ...
00:36:13 - process[6] - test - epoch 10 - mAP: 0.500 w/ 31 queries
00:36:13 - process[6]: training epoch 11 ...
00:36:27 - process[6] - epoch 11 - train iter 437 - 27549.6 words/s - loss: 0.3487
00:36:27 - process[6]: evaluating epoch 11 on dev ...
00:36:41 - dev set during evaluation: 11320/11315
00:36:41 - process[6] - dev - epoch 11 - mAP: 0.587 w/ 31 queries
00:36:41 - process[6]: evaluating epoch 11 on test ...
00:36:55 - process[6] - test - epoch 11 - mAP: 0.502 w/ 31 queries
00:36:55 - process[6]: training epoch 12 ...
00:37:09 - process[6] - epoch 12 - train iter 437 - 28249.8 words/s - loss: 0.3283
00:37:09 - process[6]: evaluating epoch 12 on dev ...
00:37:23 - dev set during evaluation: 11320/11315
00:37:23 - process[6] - dev - epoch 12 - mAP: 0.571 w/ 31 queries
00:37:23 - process[6]: training epoch 13 ...
00:37:37 - process[6] - epoch 13 - train iter 437 - 28486.3 words/s - loss: 0.3324
00:37:37 - process[6]: evaluating epoch 13 on dev ...
00:37:52 - dev set during evaluation: 11320/11315
00:37:52 - process[6] - dev - epoch 13 - mAP: 0.580 w/ 31 queries
00:37:52 - process[6]: training epoch 14 ...
00:38:05 - process[6] - epoch 14 - train iter 437 - 28250.8 words/s - loss: 0.3061
00:38:05 - process[6]: evaluating epoch 14 on dev ...
00:38:20 - dev set during evaluation: 11320/11315
00:38:20 - process[6] - dev - epoch 14 - mAP: 0.567 w/ 31 queries
00:38:20 - process[6]: training epoch 15 ...
00:38:34 - process[6] - epoch 15 - train iter 437 - 28172.6 words/s - loss: 0.2961
00:38:34 - process[6]: evaluating epoch 15 on dev ...
00:38:48 - dev set during evaluation: 11320/11315
00:38:48 - process[6] - dev - epoch 15 - mAP: 0.577 w/ 31 queries
00:38:48 - process[6]: training epoch 16 ...
00:39:02 - process[6] - epoch 16 - train iter 437 - 28314.6 words/s - loss: 0.2909
00:39:02 - process[6]: evaluating epoch 16 on dev ...
00:39:16 - dev set during evaluation: 11320/11315
00:39:16 - process[6] - dev - epoch 16 - mAP: 0.579 w/ 31 queries
00:39:16 - process[6]: training epoch 17 ...
00:39:30 - process[6] - epoch 17 - train iter 437 - 28336.6 words/s - loss: 0.2934
00:39:30 - process[6]: evaluating epoch 17 on dev ...
00:39:44 - dev set during evaluation: 11320/11315
00:39:44 - process[6] - dev - epoch 17 - mAP: 0.575 w/ 31 queries
00:39:44 - process[6]: training epoch 18 ...
00:39:58 - process[6] - epoch 18 - train iter 437 - 28953.7 words/s - loss: 0.2921
00:39:58 - process[6]: evaluating epoch 18 on dev ...
00:40:13 - dev set during evaluation: 11320/11315
00:40:13 - process[6] - dev - epoch 18 - mAP: 0.592 w/ 31 queries
00:40:13 - process[6]: evaluating epoch 18 on test ...
00:40:26 - process[6] - test - epoch 18 - mAP: 0.514 w/ 31 queries
00:40:26 - process[6]: training epoch 19 ...
00:40:40 - process[6] - epoch 19 - train iter 437 - 28466.9 words/s - loss: 0.2967
00:40:40 - process[6]: evaluating epoch 19 on dev ...
00:40:54 - dev set during evaluation: 11320/11315
00:40:54 - process[6] - dev - epoch 19 - mAP: 0.591 w/ 31 queries
00:40:54 - [fold 5] best test MAP: 0.514 @ epoch 18
00:40:54 - [0.5357895200209924, 0.5991876566616603, 0.5832336388828687, 0.5720697976955195, 0.5136563271879906]
00:40:54 - [31, 32, 31, 31, 31]
00:40:54 - final MAP: 0.561
