00:00:06 - Namespace(apex_level='O2', batch_size=8, cased=False, dataset='clef', debug=False, encoder_lr=2e-05, eval_step=1, full_doc_length=True, local_rank=1, model_path='/mnt/scratch/puxuan/short_qlm/2186735/huggingface-9', model_type='mbert', num_epochs=20, num_ft_encoders=3, num_neg=1, projector_lr=2e-05, seed=611, source_lang='es', target_lang='en')
00:00:16 - Evaluating every 1 epochs ...
00:00:16 - reading data from /mnt/home/puxuan/CLIR-project/Evaluation_data/process-clef/uncased
00:00:16 - test has 35 queries ...
00:00:16 - Data reading done ...
00:00:23 - adding 9-th encoder to optimizer...
00:00:23 - adding 10-th encoder to optimizer...
00:00:23 - adding 11-th encoder to optimizer...
00:00:24 - process[1]: training epoch 0 ...
00:00:36 - process[1] - epoch 0 - train iter 197 - 15230.6 words/s - loss: 0.6806
00:00:36 - process[1]: training epoch 1 ...
00:00:47 - process[1] - epoch 1 - train iter 197 - 16330.0 words/s - loss: 0.5706
00:00:47 - process[1]: training epoch 2 ...
00:00:59 - process[1] - epoch 2 - train iter 197 - 15617.3 words/s - loss: 0.5291
00:00:59 - process[1]: training epoch 3 ...
00:01:09 - process[1] - epoch 3 - train iter 197 - 16896.0 words/s - loss: 0.5033
00:01:09 - process[1]: training epoch 4 ...
00:01:20 - process[1] - epoch 4 - train iter 197 - 16086.1 words/s - loss: 0.4489
00:01:20 - process[1]: training epoch 5 ...
00:01:31 - process[1] - epoch 5 - train iter 197 - 17670.5 words/s - loss: 0.4495
00:01:31 - process[1]: training epoch 6 ...
00:01:43 - process[1] - epoch 6 - train iter 197 - 14615.8 words/s - loss: 0.4862
00:01:43 - process[1]: training epoch 7 ...
00:01:54 - process[1] - epoch 7 - train iter 197 - 16094.5 words/s - loss: 0.4213
00:01:54 - process[1]: training epoch 8 ...
00:02:06 - process[1] - epoch 8 - train iter 197 - 15458.3 words/s - loss: 0.4347
00:02:06 - process[1]: training epoch 9 ...
00:02:17 - process[1] - epoch 9 - train iter 197 - 15879.9 words/s - loss: 0.4208
00:02:17 - process[1]: training epoch 10 ...
00:02:29 - process[1] - epoch 10 - train iter 197 - 15258.2 words/s - loss: 0.3856
00:02:29 - process[1]: evaluating epoch 10 on dev ...
00:03:14 - dev set during evaluation: 14160/14157
00:03:14 - process[1] - dev - epoch 10 - mAP: 0.482 w/ 35 queries
00:03:14 - process[1]: evaluating epoch 10 on test ...
00:03:55 - test set during evaluation: 14980/14975
00:03:55 - process[1] - test - epoch 10 - mAP: 0.468 w/ 35 queries
00:03:55 - process[1]: training epoch 11 ...
00:04:07 - process[1] - epoch 11 - train iter 197 - 15283.3 words/s - loss: 0.3563
00:04:07 - process[1]: evaluating epoch 11 on dev ...
00:04:51 - dev set during evaluation: 14160/14157
00:04:51 - process[1] - dev - epoch 11 - mAP: 0.480 w/ 35 queries
00:04:51 - process[1]: training epoch 12 ...
00:05:01 - process[1] - epoch 12 - train iter 197 - 18295.6 words/s - loss: 0.3844
00:05:01 - process[1]: evaluating epoch 12 on dev ...
00:05:46 - dev set during evaluation: 14160/14157
00:05:46 - process[1] - dev - epoch 12 - mAP: 0.487 w/ 35 queries
00:05:46 - process[1]: evaluating epoch 12 on test ...
00:06:27 - test set during evaluation: 14980/14975
00:06:27 - process[1] - test - epoch 12 - mAP: 0.468 w/ 35 queries
00:06:27 - process[1]: training epoch 13 ...
00:06:38 - process[1] - epoch 13 - train iter 197 - 15219.0 words/s - loss: 0.3833
00:06:38 - process[1]: evaluating epoch 13 on dev ...
00:07:23 - dev set during evaluation: 14160/14157
00:07:23 - process[1] - dev - epoch 13 - mAP: 0.494 w/ 35 queries
00:07:23 - process[1]: evaluating epoch 13 on test ...
00:08:04 - test set during evaluation: 14980/14975
00:08:04 - process[1] - test - epoch 13 - mAP: 0.477 w/ 35 queries
00:08:04 - process[1]: training epoch 14 ...
00:08:15 - process[1] - epoch 14 - train iter 197 - 16715.5 words/s - loss: 0.3511
00:08:15 - process[1]: evaluating epoch 14 on dev ...
00:08:59 - dev set during evaluation: 14160/14157
00:08:59 - process[1] - dev - epoch 14 - mAP: 0.494 w/ 35 queries
00:08:59 - process[1]: evaluating epoch 14 on test ...
00:09:41 - test set during evaluation: 14980/14975
00:09:41 - process[1] - test - epoch 14 - mAP: 0.484 w/ 35 queries
00:09:41 - process[1]: training epoch 15 ...
00:09:51 - process[1] - epoch 15 - train iter 197 - 17347.0 words/s - loss: 0.3195
00:09:51 - process[1]: evaluating epoch 15 on dev ...
00:10:36 - dev set during evaluation: 14160/14157
00:10:36 - process[1] - dev - epoch 15 - mAP: 0.437 w/ 35 queries
00:10:36 - process[1]: training epoch 16 ...
00:10:46 - process[1] - epoch 16 - train iter 197 - 16466.1 words/s - loss: 0.3961
00:10:46 - process[1]: evaluating epoch 16 on dev ...
00:11:31 - dev set during evaluation: 14160/14157
00:11:31 - process[1] - dev - epoch 16 - mAP: 0.498 w/ 35 queries
00:11:31 - process[1]: evaluating epoch 16 on test ...
00:12:14 - test set during evaluation: 14980/14975
00:12:14 - process[1] - test - epoch 16 - mAP: 0.474 w/ 35 queries
00:12:14 - process[1]: training epoch 17 ...
00:12:25 - process[1] - epoch 17 - train iter 197 - 16252.6 words/s - loss: 0.4306
00:12:25 - process[1]: evaluating epoch 17 on dev ...
00:13:09 - dev set during evaluation: 14160/14157
00:13:09 - process[1] - dev - epoch 17 - mAP: 0.481 w/ 35 queries
00:13:09 - process[1]: training epoch 18 ...
00:13:19 - process[1] - epoch 18 - train iter 197 - 17581.7 words/s - loss: 0.3026
00:13:19 - process[1]: evaluating epoch 18 on dev ...
00:14:04 - dev set during evaluation: 14160/14157
00:14:04 - process[1] - dev - epoch 18 - mAP: 0.502 w/ 35 queries
00:14:04 - process[1]: evaluating epoch 18 on test ...
00:14:45 - test set during evaluation: 14980/14975
00:14:45 - process[1] - test - epoch 18 - mAP: 0.463 w/ 35 queries
00:14:45 - process[1]: training epoch 19 ...
00:14:57 - process[1] - epoch 19 - train iter 197 - 15364.6 words/s - loss: 0.3668
00:14:57 - process[1]: evaluating epoch 19 on dev ...
00:15:41 - dev set during evaluation: 14160/14157
00:15:41 - process[1] - dev - epoch 19 - mAP: 0.498 w/ 35 queries
00:15:41 - [fold 1] best test MAP: 0.463 @ epoch 18
00:15:41 - Evaluating every 1 epochs ...
00:15:41 - reading data from /mnt/home/puxuan/CLIR-project/Evaluation_data/process-clef/uncased
00:15:42 - test has 36 queries ...
00:15:42 - Data reading done ...
00:15:43 - adding 9-th encoder to optimizer...
00:15:43 - adding 10-th encoder to optimizer...
00:15:43 - adding 11-th encoder to optimizer...
00:15:44 - process[1]: training epoch 0 ...
00:15:53 - process[1] - epoch 0 - train iter 187 - 17978.2 words/s - loss: 0.6674
00:15:53 - process[1]: training epoch 1 ...
00:16:05 - process[1] - epoch 1 - train iter 187 - 15124.7 words/s - loss: 0.5583
00:16:05 - process[1]: training epoch 2 ...
00:16:15 - process[1] - epoch 2 - train iter 187 - 17412.9 words/s - loss: 0.5426
00:16:15 - process[1]: training epoch 3 ...
00:16:26 - process[1] - epoch 3 - train iter 187 - 15133.0 words/s - loss: 0.5277
00:16:26 - process[1]: training epoch 4 ...
00:16:35 - process[1] - epoch 4 - train iter 187 - 18000.8 words/s - loss: 0.4530
00:16:35 - process[1]: training epoch 5 ...
00:16:46 - process[1] - epoch 5 - train iter 187 - 16089.6 words/s - loss: 0.4738
00:16:46 - process[1]: training epoch 6 ...
00:16:56 - process[1] - epoch 6 - train iter 187 - 17680.1 words/s - loss: 0.4613
00:16:56 - process[1]: training epoch 7 ...
00:17:05 - process[1] - epoch 7 - train iter 187 - 17818.0 words/s - loss: 0.4305
00:17:05 - process[1]: training epoch 8 ...
00:17:15 - process[1] - epoch 8 - train iter 187 - 17012.9 words/s - loss: 0.4404
00:17:15 - process[1]: training epoch 9 ...
00:17:25 - process[1] - epoch 9 - train iter 187 - 17894.5 words/s - loss: 0.4281
00:17:25 - process[1]: training epoch 10 ...
00:17:35 - process[1] - epoch 10 - train iter 187 - 16701.6 words/s - loss: 0.4548
00:17:35 - process[1]: evaluating epoch 10 on dev ...
00:18:17 - dev set during evaluation: 14980/14975
00:18:17 - process[1] - dev - epoch 10 - mAP: 0.468 w/ 35 queries
00:18:17 - process[1]: evaluating epoch 10 on test ...
00:19:00 - test set during evaluation: 15300/15294
00:19:01 - process[1] - test - epoch 10 - mAP: 0.484 w/ 36 queries
00:19:01 - process[1]: training epoch 11 ...
00:19:11 - process[1] - epoch 11 - train iter 187 - 16325.6 words/s - loss: 0.3751
00:19:11 - process[1]: evaluating epoch 11 on dev ...
00:19:51 - dev set during evaluation: 14980/14975
00:19:51 - process[1] - dev - epoch 11 - mAP: 0.451 w/ 35 queries
00:19:51 - process[1]: training epoch 12 ...
00:20:02 - process[1] - epoch 12 - train iter 187 - 16721.2 words/s - loss: 0.4104
00:20:02 - process[1]: evaluating epoch 12 on dev ...
00:20:43 - dev set during evaluation: 14980/14975
00:20:43 - process[1] - dev - epoch 12 - mAP: 0.447 w/ 35 queries
00:20:43 - process[1]: training epoch 13 ...
00:20:53 - process[1] - epoch 13 - train iter 187 - 16877.4 words/s - loss: 0.3640
00:20:53 - process[1]: evaluating epoch 13 on dev ...
00:21:34 - dev set during evaluation: 14980/14975
00:21:34 - process[1] - dev - epoch 13 - mAP: 0.443 w/ 35 queries
00:21:34 - process[1]: training epoch 14 ...
00:21:44 - process[1] - epoch 14 - train iter 187 - 17583.5 words/s - loss: 0.4102
00:21:44 - process[1]: evaluating epoch 14 on dev ...
00:22:25 - dev set during evaluation: 14980/14975
00:22:25 - process[1] - dev - epoch 14 - mAP: 0.440 w/ 35 queries
00:22:25 - process[1]: training epoch 15 ...
00:22:35 - process[1] - epoch 15 - train iter 187 - 16535.3 words/s - loss: 0.3747
00:22:35 - process[1]: evaluating epoch 15 on dev ...
00:23:16 - dev set during evaluation: 14980/14975
00:23:16 - process[1] - dev - epoch 15 - mAP: 0.451 w/ 35 queries
00:23:16 - process[1]: training epoch 16 ...
00:23:26 - process[1] - epoch 16 - train iter 187 - 17493.9 words/s - loss: 0.3648
00:23:26 - process[1]: evaluating epoch 16 on dev ...
00:24:07 - dev set during evaluation: 14980/14975
00:24:07 - process[1] - dev - epoch 16 - mAP: 0.432 w/ 35 queries
00:24:07 - process[1]: training epoch 17 ...
00:24:16 - process[1] - epoch 17 - train iter 187 - 18496.7 words/s - loss: 0.3931
00:24:16 - process[1]: evaluating epoch 17 on dev ...
00:24:58 - dev set during evaluation: 14980/14975
00:24:58 - process[1] - dev - epoch 17 - mAP: 0.470 w/ 35 queries
00:24:58 - process[1]: evaluating epoch 17 on test ...
00:25:41 - test set during evaluation: 15300/15294
00:25:41 - process[1] - test - epoch 17 - mAP: 0.469 w/ 36 queries
00:25:41 - process[1]: training epoch 18 ...
00:25:50 - process[1] - epoch 18 - train iter 187 - 16939.5 words/s - loss: 0.3324
00:25:50 - process[1]: evaluating epoch 18 on dev ...
00:26:32 - dev set during evaluation: 14980/14975
00:26:32 - process[1] - dev - epoch 18 - mAP: 0.480 w/ 35 queries
00:26:32 - process[1]: evaluating epoch 18 on test ...
00:27:15 - test set during evaluation: 15300/15294
00:27:15 - process[1] - test - epoch 18 - mAP: 0.447 w/ 36 queries
00:27:15 - process[1]: training epoch 19 ...
00:27:24 - process[1] - epoch 19 - train iter 187 - 17148.2 words/s - loss: 0.3563
00:27:24 - process[1]: evaluating epoch 19 on dev ...
00:28:06 - dev set during evaluation: 14980/14975
00:28:06 - process[1] - dev - epoch 19 - mAP: 0.469 w/ 35 queries
00:28:06 - [fold 2] best test MAP: 0.447 @ epoch 18
00:28:06 - Evaluating every 1 epochs ...
00:28:06 - reading data from /mnt/home/puxuan/CLIR-project/Evaluation_data/process-clef/uncased
00:28:07 - test has 35 queries ...
00:28:07 - Data reading done ...
00:28:08 - adding 9-th encoder to optimizer...
00:28:08 - adding 10-th encoder to optimizer...
00:28:08 - adding 11-th encoder to optimizer...
00:28:09 - process[1]: training epoch 0 ...
00:28:19 - process[1] - epoch 0 - train iter 196 - 16973.0 words/s - loss: 0.6671
00:28:19 - process[1]: training epoch 1 ...
00:28:30 - process[1] - epoch 1 - train iter 196 - 16554.5 words/s - loss: 0.5901
00:28:30 - process[1]: training epoch 2 ...
00:28:40 - process[1] - epoch 2 - train iter 196 - 17924.3 words/s - loss: 0.4912
00:28:40 - process[1]: training epoch 3 ...
00:28:50 - process[1] - epoch 3 - train iter 196 - 17067.4 words/s - loss: 0.5324
00:28:50 - process[1]: training epoch 4 ...
00:29:02 - process[1] - epoch 4 - train iter 196 - 16074.4 words/s - loss: 0.4940
00:29:02 - process[1]: training epoch 5 ...
00:29:11 - process[1] - epoch 5 - train iter 196 - 17958.7 words/s - loss: 0.4359
00:29:11 - process[1]: training epoch 6 ...
00:29:22 - process[1] - epoch 6 - train iter 196 - 17482.1 words/s - loss: 0.4371
00:29:22 - process[1]: training epoch 7 ...
00:29:33 - process[1] - epoch 7 - train iter 196 - 15259.8 words/s - loss: 0.4352
00:29:33 - process[1]: training epoch 8 ...
00:29:46 - process[1] - epoch 8 - train iter 196 - 14152.4 words/s - loss: 0.4075
00:29:46 - process[1]: training epoch 9 ...
00:29:56 - process[1] - epoch 9 - train iter 196 - 18358.9 words/s - loss: 0.3862
00:29:56 - process[1]: training epoch 10 ...
00:30:06 - process[1] - epoch 10 - train iter 196 - 17606.5 words/s - loss: 0.3887
00:30:06 - process[1]: evaluating epoch 10 on dev ...
00:30:49 - dev set during evaluation: 15300/15294
00:30:49 - process[1] - dev - epoch 10 - mAP: 0.482 w/ 36 queries
00:30:49 - process[1]: evaluating epoch 10 on test ...
00:31:31 - test set during evaluation: 15480/15477
00:31:31 - process[1] - test - epoch 10 - mAP: 0.407 w/ 35 queries
00:31:31 - process[1]: training epoch 11 ...
00:31:41 - process[1] - epoch 11 - train iter 196 - 17191.1 words/s - loss: 0.4285
00:31:41 - process[1]: evaluating epoch 11 on dev ...
00:32:24 - dev set during evaluation: 15300/15294
00:32:24 - process[1] - dev - epoch 11 - mAP: 0.491 w/ 36 queries
00:32:24 - process[1]: evaluating epoch 11 on test ...
00:33:06 - test set during evaluation: 15480/15477
00:33:06 - process[1] - test - epoch 11 - mAP: 0.380 w/ 35 queries
00:33:06 - process[1]: training epoch 12 ...
00:33:16 - process[1] - epoch 12 - train iter 196 - 17534.0 words/s - loss: 0.3911
00:33:16 - process[1]: evaluating epoch 12 on dev ...
00:34:00 - dev set during evaluation: 15300/15294
00:34:00 - process[1] - dev - epoch 12 - mAP: 0.447 w/ 36 queries
00:34:00 - process[1]: training epoch 13 ...
00:34:11 - process[1] - epoch 13 - train iter 196 - 16888.0 words/s - loss: 0.4248
00:34:11 - process[1]: evaluating epoch 13 on dev ...
00:34:54 - dev set during evaluation: 15300/15294
00:34:54 - process[1] - dev - epoch 13 - mAP: 0.466 w/ 36 queries
00:34:54 - process[1]: training epoch 14 ...
00:35:04 - process[1] - epoch 14 - train iter 196 - 17112.3 words/s - loss: 0.3955
00:35:04 - process[1]: evaluating epoch 14 on dev ...
00:35:47 - dev set during evaluation: 15300/15294
00:35:47 - process[1] - dev - epoch 14 - mAP: 0.474 w/ 36 queries
00:35:47 - process[1]: training epoch 15 ...
00:35:56 - process[1] - epoch 15 - train iter 196 - 18455.8 words/s - loss: 0.3667
00:35:56 - process[1]: evaluating epoch 15 on dev ...
00:36:39 - dev set during evaluation: 15300/15294
00:36:39 - process[1] - dev - epoch 15 - mAP: 0.478 w/ 36 queries
00:36:39 - process[1]: training epoch 16 ...
00:36:49 - process[1] - epoch 16 - train iter 196 - 18730.7 words/s - loss: 0.3981
00:36:49 - process[1]: evaluating epoch 16 on dev ...
00:37:31 - dev set during evaluation: 15300/15294
00:37:31 - process[1] - dev - epoch 16 - mAP: 0.473 w/ 36 queries
00:37:31 - process[1]: training epoch 17 ...
00:37:41 - process[1] - epoch 17 - train iter 196 - 17419.1 words/s - loss: 0.3999
00:37:41 - process[1]: evaluating epoch 17 on dev ...
00:38:24 - dev set during evaluation: 15300/15294
00:38:24 - process[1] - dev - epoch 17 - mAP: 0.481 w/ 36 queries
00:38:24 - process[1]: training epoch 18 ...
00:38:35 - process[1] - epoch 18 - train iter 196 - 16866.3 words/s - loss: 0.3481
00:38:35 - process[1]: evaluating epoch 18 on dev ...
00:39:17 - dev set during evaluation: 15300/15294
00:39:17 - process[1] - dev - epoch 18 - mAP: 0.486 w/ 36 queries
00:39:17 - process[1]: training epoch 19 ...
00:39:28 - process[1] - epoch 19 - train iter 196 - 16849.4 words/s - loss: 0.3101
00:39:28 - process[1]: evaluating epoch 19 on dev ...
00:40:10 - dev set during evaluation: 15300/15294
00:40:10 - process[1] - dev - epoch 19 - mAP: 0.495 w/ 36 queries
00:40:10 - process[1]: evaluating epoch 19 on test ...
00:40:52 - test set during evaluation: 15480/15477
00:40:52 - process[1] - test - epoch 19 - mAP: 0.392 w/ 35 queries
00:40:52 - [fold 3] best test MAP: 0.392 @ epoch 19
00:40:52 - Evaluating every 1 epochs ...
00:40:52 - reading data from /mnt/home/puxuan/CLIR-project/Evaluation_data/process-clef/uncased
00:40:53 - test has 35 queries ...
00:40:53 - Data reading done ...
00:40:54 - adding 9-th encoder to optimizer...
00:40:54 - adding 10-th encoder to optimizer...
00:40:54 - adding 11-th encoder to optimizer...
00:40:55 - process[1]: training epoch 0 ...
00:41:06 - process[1] - epoch 0 - train iter 207 - 16018.2 words/s - loss: 0.6643
00:41:06 - process[1]: training epoch 1 ...
00:41:17 - process[1] - epoch 1 - train iter 207 - 16383.1 words/s - loss: 0.5421
00:41:17 - process[1]: training epoch 2 ...
00:41:29 - process[1] - epoch 2 - train iter 207 - 16266.4 words/s - loss: 0.4981
00:41:29 - process[1]: training epoch 3 ...
00:41:42 - process[1] - epoch 3 - train iter 207 - 14227.3 words/s - loss: 0.4643
00:41:42 - process[1]: training epoch 4 ...
00:41:53 - process[1] - epoch 4 - train iter 207 - 17284.9 words/s - loss: 0.4350
00:41:53 - process[1]: training epoch 5 ...
00:42:04 - process[1] - epoch 5 - train iter 207 - 16375.6 words/s - loss: 0.3814
00:42:04 - process[1]: training epoch 6 ...
00:42:16 - process[1] - epoch 6 - train iter 207 - 15789.7 words/s - loss: 0.4358
00:42:16 - process[1]: training epoch 7 ...
00:42:27 - process[1] - epoch 7 - train iter 207 - 17559.9 words/s - loss: 0.4267
00:42:27 - process[1]: training epoch 8 ...
00:42:38 - process[1] - epoch 8 - train iter 207 - 16747.3 words/s - loss: 0.4083
00:42:38 - process[1]: training epoch 9 ...
00:42:50 - process[1] - epoch 9 - train iter 207 - 15315.0 words/s - loss: 0.3657
00:42:50 - process[1]: training epoch 10 ...
00:43:01 - process[1] - epoch 10 - train iter 207 - 16532.3 words/s - loss: 0.4006
00:43:01 - process[1]: evaluating epoch 10 on dev ...
00:43:42 - dev set during evaluation: 15480/15477
00:43:42 - process[1] - dev - epoch 10 - mAP: 0.423 w/ 35 queries
00:43:42 - process[1]: evaluating epoch 10 on test ...
00:44:25 - test set during evaluation: 14470/14463
00:44:25 - process[1] - test - epoch 10 - mAP: 0.411 w/ 35 queries
00:44:25 - process[1]: training epoch 11 ...
00:44:36 - process[1] - epoch 11 - train iter 207 - 16540.0 words/s - loss: 0.4185
00:44:36 - process[1]: evaluating epoch 11 on dev ...
00:45:17 - dev set during evaluation: 15480/15477
00:45:17 - process[1] - dev - epoch 11 - mAP: 0.401 w/ 35 queries
00:45:17 - process[1]: training epoch 12 ...
00:45:29 - process[1] - epoch 12 - train iter 207 - 16412.7 words/s - loss: 0.3748
00:45:29 - process[1]: evaluating epoch 12 on dev ...
00:46:15 - dev set during evaluation: 15480/15477
00:46:15 - process[1] - dev - epoch 12 - mAP: 0.402 w/ 35 queries
00:46:15 - process[1]: training epoch 13 ...
00:46:26 - process[1] - epoch 13 - train iter 207 - 16300.0 words/s - loss: 0.4260
00:46:26 - process[1]: evaluating epoch 13 on dev ...
00:47:08 - dev set during evaluation: 15480/15477
00:47:08 - process[1] - dev - epoch 13 - mAP: 0.393 w/ 35 queries
00:47:08 - process[1]: training epoch 14 ...
00:47:19 - process[1] - epoch 14 - train iter 207 - 16924.4 words/s - loss: 0.3947
00:47:19 - process[1]: evaluating epoch 14 on dev ...
00:48:02 - dev set during evaluation: 15480/15477
00:48:02 - process[1] - dev - epoch 14 - mAP: 0.445 w/ 35 queries
00:48:02 - process[1]: evaluating epoch 14 on test ...
00:48:44 - test set during evaluation: 14470/14463
00:48:44 - process[1] - test - epoch 14 - mAP: 0.407 w/ 35 queries
00:48:44 - process[1]: training epoch 15 ...
00:48:55 - process[1] - epoch 15 - train iter 207 - 16711.2 words/s - loss: 0.3501
00:48:55 - process[1]: evaluating epoch 15 on dev ...
00:49:36 - dev set during evaluation: 15480/15477
00:49:36 - process[1] - dev - epoch 15 - mAP: 0.388 w/ 35 queries
00:49:36 - process[1]: training epoch 16 ...
00:49:48 - process[1] - epoch 16 - train iter 207 - 16144.7 words/s - loss: 0.3612
00:49:48 - process[1]: evaluating epoch 16 on dev ...
00:50:29 - dev set during evaluation: 15480/15477
00:50:29 - process[1] - dev - epoch 16 - mAP: 0.428 w/ 35 queries
00:50:30 - process[1]: training epoch 17 ...
00:50:41 - process[1] - epoch 17 - train iter 207 - 15954.2 words/s - loss: 0.3660
00:50:41 - process[1]: evaluating epoch 17 on dev ...
00:51:23 - dev set during evaluation: 15480/15477
00:51:23 - process[1] - dev - epoch 17 - mAP: 0.448 w/ 35 queries
00:51:23 - process[1]: evaluating epoch 17 on test ...
00:52:08 - test set during evaluation: 14470/14463
00:52:08 - process[1] - test - epoch 17 - mAP: 0.379 w/ 35 queries
00:52:08 - process[1]: training epoch 18 ...
00:52:19 - process[1] - epoch 18 - train iter 207 - 17096.4 words/s - loss: 0.3165
00:52:19 - process[1]: evaluating epoch 18 on dev ...
00:53:08 - dev set during evaluation: 15480/15477
00:53:08 - process[1] - dev - epoch 18 - mAP: 0.447 w/ 35 queries
00:53:08 - process[1]: training epoch 19 ...
00:53:18 - process[1] - epoch 19 - train iter 207 - 18018.8 words/s - loss: 0.3016
00:53:18 - process[1]: evaluating epoch 19 on dev ...
00:54:06 - dev set during evaluation: 15480/15477
00:54:06 - process[1] - dev - epoch 19 - mAP: 0.429 w/ 35 queries
00:54:06 - [fold 4] best test MAP: 0.379 @ epoch 17
00:54:06 - Evaluating every 1 epochs ...
00:54:06 - reading data from /mnt/home/puxuan/CLIR-project/Evaluation_data/process-clef/uncased
00:54:07 - test has 35 queries ...
00:54:07 - Data reading done ...
00:54:08 - adding 9-th encoder to optimizer...
00:54:08 - adding 10-th encoder to optimizer...
00:54:08 - adding 11-th encoder to optimizer...
00:54:09 - process[1]: training epoch 0 ...
00:54:19 - process[1] - epoch 0 - train iter 195 - 17131.0 words/s - loss: 0.6679
00:54:19 - process[1]: training epoch 1 ...
00:54:29 - process[1] - epoch 1 - train iter 195 - 17751.5 words/s - loss: 0.5730
00:54:29 - process[1]: training epoch 2 ...
00:54:40 - process[1] - epoch 2 - train iter 195 - 15718.5 words/s - loss: 0.4816
00:54:40 - process[1]: training epoch 3 ...
00:54:51 - process[1] - epoch 3 - train iter 195 - 16495.6 words/s - loss: 0.4847
00:54:51 - process[1]: training epoch 4 ...
00:55:02 - process[1] - epoch 4 - train iter 195 - 14742.7 words/s - loss: 0.4243
00:55:02 - process[1]: training epoch 5 ...
00:55:14 - process[1] - epoch 5 - train iter 195 - 15108.2 words/s - loss: 0.4930
00:55:14 - process[1]: training epoch 6 ...
00:55:26 - process[1] - epoch 6 - train iter 195 - 15375.1 words/s - loss: 0.3992
00:55:26 - process[1]: training epoch 7 ...
00:55:36 - process[1] - epoch 7 - train iter 195 - 16022.3 words/s - loss: 0.4630
00:55:36 - process[1]: training epoch 8 ...
00:55:48 - process[1] - epoch 8 - train iter 195 - 15316.4 words/s - loss: 0.4329
00:55:48 - process[1]: training epoch 9 ...
00:56:00 - process[1] - epoch 9 - train iter 195 - 14458.3 words/s - loss: 0.3626
00:56:00 - process[1]: training epoch 10 ...
00:56:11 - process[1] - epoch 10 - train iter 195 - 15749.7 words/s - loss: 0.3247
00:56:11 - process[1]: evaluating epoch 10 on dev ...
00:56:52 - dev set during evaluation: 14470/14463
00:56:52 - process[1] - dev - epoch 10 - mAP: 0.406 w/ 35 queries
00:56:52 - process[1]: evaluating epoch 10 on test ...
00:57:37 - test set during evaluation: 14160/14157
00:57:37 - process[1] - test - epoch 10 - mAP: 0.522 w/ 35 queries
00:57:37 - process[1]: training epoch 11 ...
00:57:49 - process[1] - epoch 11 - train iter 195 - 14609.6 words/s - loss: 0.3573
00:57:49 - process[1]: evaluating epoch 11 on dev ...
00:58:32 - dev set during evaluation: 14470/14463
00:58:32 - process[1] - dev - epoch 11 - mAP: 0.396 w/ 35 queries
00:58:32 - process[1]: training epoch 12 ...
00:58:42 - process[1] - epoch 12 - train iter 195 - 16259.7 words/s - loss: 0.4485
00:58:42 - process[1]: evaluating epoch 12 on dev ...
00:59:24 - dev set during evaluation: 14470/14463
00:59:24 - process[1] - dev - epoch 12 - mAP: 0.407 w/ 35 queries
00:59:24 - process[1]: evaluating epoch 12 on test ...
01:00:10 - test set during evaluation: 14160/14157
01:00:10 - process[1] - test - epoch 12 - mAP: 0.510 w/ 35 queries
01:00:10 - process[1]: training epoch 13 ...
01:00:20 - process[1] - epoch 13 - train iter 195 - 17418.7 words/s - loss: 0.3516
01:00:20 - process[1]: evaluating epoch 13 on dev ...
01:01:03 - dev set during evaluation: 14470/14463
01:01:03 - process[1] - dev - epoch 13 - mAP: 0.407 w/ 35 queries
01:01:03 - process[1]: training epoch 14 ...
01:01:14 - process[1] - epoch 14 - train iter 195 - 15645.8 words/s - loss: 0.3528
01:01:14 - process[1]: evaluating epoch 14 on dev ...
01:01:57 - dev set during evaluation: 14470/14463
01:01:57 - process[1] - dev - epoch 14 - mAP: 0.405 w/ 35 queries
01:01:57 - process[1]: training epoch 15 ...
01:02:07 - process[1] - epoch 15 - train iter 195 - 16810.4 words/s - loss: 0.3610
01:02:07 - process[1]: evaluating epoch 15 on dev ...
01:02:50 - dev set during evaluation: 14470/14463
01:02:50 - process[1] - dev - epoch 15 - mAP: 0.430 w/ 35 queries
01:02:50 - process[1]: evaluating epoch 15 on test ...
01:03:35 - test set during evaluation: 14160/14157
01:03:35 - process[1] - test - epoch 15 - mAP: 0.546 w/ 35 queries
01:03:35 - process[1]: training epoch 16 ...
01:03:46 - process[1] - epoch 16 - train iter 195 - 16579.3 words/s - loss: 0.3751
01:03:46 - process[1]: evaluating epoch 16 on dev ...
01:04:28 - dev set during evaluation: 14470/14463
01:04:28 - process[1] - dev - epoch 16 - mAP: 0.395 w/ 35 queries
01:04:28 - process[1]: training epoch 17 ...
01:04:39 - process[1] - epoch 17 - train iter 195 - 16251.8 words/s - loss: 0.4273
01:04:39 - process[1]: evaluating epoch 17 on dev ...
01:05:22 - dev set during evaluation: 14470/14463
01:05:22 - process[1] - dev - epoch 17 - mAP: 0.414 w/ 35 queries
01:05:22 - process[1]: training epoch 18 ...
01:05:33 - process[1] - epoch 18 - train iter 195 - 16684.7 words/s - loss: 0.3897
01:05:33 - process[1]: evaluating epoch 18 on dev ...
01:06:15 - dev set during evaluation: 14470/14463
01:06:15 - process[1] - dev - epoch 18 - mAP: 0.415 w/ 35 queries
01:06:15 - process[1]: training epoch 19 ...
01:06:26 - process[1] - epoch 19 - train iter 195 - 15981.1 words/s - loss: 0.3441
01:06:26 - process[1]: evaluating epoch 19 on dev ...
01:07:08 - dev set during evaluation: 14470/14463
01:07:08 - process[1] - dev - epoch 19 - mAP: 0.427 w/ 35 queries
01:07:08 - [fold 5] best test MAP: 0.546 @ epoch 15
01:07:08 - [0.4627650589076368, 0.44712409674480963, 0.39176779953538904, 0.37870558613724314, 0.5461016849072743]
01:07:08 - [35, 36, 35, 35, 35]
01:07:08 - final MAP: 0.445
