00:00:06 - Namespace(apex_level='O2', batch_size=8, cased=False, dataset='clef', debug=False, encoder_lr=2e-05, eval_step=1, full_doc_length=True, local_rank=0, model_path='/mnt/scratch/puxuan/long_qlm-rr/2148591/huggingface-0', model_type='mbert-long', num_epochs=20, num_ft_encoders=3, num_neg=1, projector_lr=2e-05, seed=611, source_lang='fr', target_lang='es')
00:16:00 - BertLongForXLRetrieval(
  (bert): BertModel(
    (embeddings): BertEmbeddings(
      (word_embeddings): Embedding(105879, 768, padding_idx=0)
      (position_embeddings): Embedding(1024, 768)
      (token_type_embeddings): Embedding(2, 768)
      (LayerNorm): LayerNorm((768,), eps=1e-12, elementwise_affine=True)
      (dropout): Dropout(p=0.1, inplace=False)
    )
    (encoder): BertEncoder(
      (layer): ModuleList(
        (0): BertLayer(
          (attention): BertAttention(
            (self): LongformerSelfAttention(
              (query): Linear(in_features=768, out_features=768, bias=True)
              (key): Linear(in_features=768, out_features=768, bias=True)
              (value): Linear(in_features=768, out_features=768, bias=True)
              (query_global): Linear(in_features=768, out_features=768, bias=True)
              (key_global): Linear(in_features=768, out_features=768, bias=True)
              (value_global): Linear(in_features=768, out_features=768, bias=True)
            )
            (output): BertSelfOutput(
              (dense): Linear(in_features=768, out_features=768, bias=True)
              (LayerNorm): LayerNorm((768,), eps=1e-12, elementwise_affine=True)
              (dropout): Dropout(p=0.1, inplace=False)
            )
          )
          (intermediate): BertIntermediate(
            (dense): Linear(in_features=768, out_features=3072, bias=True)
          )
          (output): BertOutput(
            (dense): Linear(in_features=3072, out_features=768, bias=True)
            (LayerNorm): LayerNorm((768,), eps=1e-12, elementwise_affine=True)
            (dropout): Dropout(p=0.1, inplace=False)
          )
        )
        (1): BertLayer(
          (attention): BertAttention(
            (self): LongformerSelfAttention(
              (query): Linear(in_features=768, out_features=768, bias=True)
              (key): Linear(in_features=768, out_features=768, bias=True)
              (value): Linear(in_features=768, out_features=768, bias=True)
              (query_global): Linear(in_features=768, out_features=768, bias=True)
              (key_global): Linear(in_features=768, out_features=768, bias=True)
              (value_global): Linear(in_features=768, out_features=768, bias=True)
            )
            (output): BertSelfOutput(
              (dense): Linear(in_features=768, out_features=768, bias=True)
              (LayerNorm): LayerNorm((768,), eps=1e-12, elementwise_affine=True)
              (dropout): Dropout(p=0.1, inplace=False)
            )
          )
          (intermediate): BertIntermediate(
            (dense): Linear(in_features=768, out_features=3072, bias=True)
          )
          (output): BertOutput(
            (dense): Linear(in_features=3072, out_features=768, bias=True)
            (LayerNorm): LayerNorm((768,), eps=1e-12, elementwise_affine=True)
            (dropout): Dropout(p=0.1, inplace=False)
          )
        )
        (2): BertLayer(
          (attention): BertAttention(
            (self): LongformerSelfAttention(
              (query): Linear(in_features=768, out_features=768, bias=True)
              (key): Linear(in_features=768, out_features=768, bias=True)
              (value): Linear(in_features=768, out_features=768, bias=True)
              (query_global): Linear(in_features=768, out_features=768, bias=True)
              (key_global): Linear(in_features=768, out_features=768, bias=True)
              (value_global): Linear(in_features=768, out_features=768, bias=True)
            )
            (output): BertSelfOutput(
              (dense): Linear(in_features=768, out_features=768, bias=True)
              (LayerNorm): LayerNorm((768,), eps=1e-12, elementwise_affine=True)
              (dropout): Dropout(p=0.1, inplace=False)
            )
          )
          (intermediate): BertIntermediate(
            (dense): Linear(in_features=768, out_features=3072, bias=True)
          )
          (output): BertOutput(
            (dense): Linear(in_features=3072, out_features=768, bias=True)
            (LayerNorm): LayerNorm((768,), eps=1e-12, elementwise_affine=True)
            (dropout): Dropout(p=0.1, inplace=False)
          )
        )
        (3): BertLayer(
          (attention): BertAttention(
            (self): LongformerSelfAttention(
              (query): Linear(in_features=768, out_features=768, bias=True)
              (key): Linear(in_features=768, out_features=768, bias=True)
              (value): Linear(in_features=768, out_features=768, bias=True)
              (query_global): Linear(in_features=768, out_features=768, bias=True)
              (key_global): Linear(in_features=768, out_features=768, bias=True)
              (value_global): Linear(in_features=768, out_features=768, bias=True)
            )
            (output): BertSelfOutput(
              (dense): Linear(in_features=768, out_features=768, bias=True)
              (LayerNorm): LayerNorm((768,), eps=1e-12, elementwise_affine=True)
              (dropout): Dropout(p=0.1, inplace=False)
            )
          )
          (intermediate): BertIntermediate(
            (dense): Linear(in_features=768, out_features=3072, bias=True)
          )
          (output): BertOutput(
            (dense): Linear(in_features=3072, out_features=768, bias=True)
            (LayerNorm): LayerNorm((768,), eps=1e-12, elementwise_affine=True)
            (dropout): Dropout(p=0.1, inplace=False)
          )
        )
        (4): BertLayer(
          (attention): BertAttention(
            (self): LongformerSelfAttention(
              (query): Linear(in_features=768, out_features=768, bias=True)
              (key): Linear(in_features=768, out_features=768, bias=True)
              (value): Linear(in_features=768, out_features=768, bias=True)
              (query_global): Linear(in_features=768, out_features=768, bias=True)
              (key_global): Linear(in_features=768, out_features=768, bias=True)
              (value_global): Linear(in_features=768, out_features=768, bias=True)
            )
            (output): BertSelfOutput(
              (dense): Linear(in_features=768, out_features=768, bias=True)
              (LayerNorm): LayerNorm((768,), eps=1e-12, elementwise_affine=True)
              (dropout): Dropout(p=0.1, inplace=False)
            )
          )
          (intermediate): BertIntermediate(
            (dense): Linear(in_features=768, out_features=3072, bias=True)
          )
          (output): BertOutput(
            (dense): Linear(in_features=3072, out_features=768, bias=True)
            (LayerNorm): LayerNorm((768,), eps=1e-12, elementwise_affine=True)
            (dropout): Dropout(p=0.1, inplace=False)
          )
        )
        (5): BertLayer(
          (attention): BertAttention(
            (self): LongformerSelfAttention(
              (query): Linear(in_features=768, out_features=768, bias=True)
              (key): Linear(in_features=768, out_features=768, bias=True)
              (value): Linear(in_features=768, out_features=768, bias=True)
              (query_global): Linear(in_features=768, out_features=768, bias=True)
              (key_global): Linear(in_features=768, out_features=768, bias=True)
              (value_global): Linear(in_features=768, out_features=768, bias=True)
            )
            (output): BertSelfOutput(
              (dense): Linear(in_features=768, out_features=768, bias=True)
              (LayerNorm): LayerNorm((768,), eps=1e-12, elementwise_affine=True)
              (dropout): Dropout(p=0.1, inplace=False)
            )
          )
          (intermediate): BertIntermediate(
            (dense): Linear(in_features=768, out_features=3072, bias=True)
          )
          (output): BertOutput(
            (dense): Linear(in_features=3072, out_features=768, bias=True)
            (LayerNorm): LayerNorm((768,), eps=1e-12, elementwise_affine=True)
            (dropout): Dropout(p=0.1, inplace=False)
          )
        )
        (6): BertLayer(
          (attention): BertAttention(
            (self): LongformerSelfAttention(
              (query): Linear(in_features=768, out_features=768, bias=True)
              (key): Linear(in_features=768, out_features=768, bias=True)
              (value): Linear(in_features=768, out_features=768, bias=True)
              (query_global): Linear(in_features=768, out_features=768, bias=True)
              (key_global): Linear(in_features=768, out_features=768, bias=True)
              (value_global): Linear(in_features=768, out_features=768, bias=True)
            )
            (output): BertSelfOutput(
              (dense): Linear(in_features=768, out_features=768, bias=True)
              (LayerNorm): LayerNorm((768,), eps=1e-12, elementwise_affine=True)
              (dropout): Dropout(p=0.1, inplace=False)
            )
          )
          (intermediate): BertIntermediate(
            (dense): Linear(in_features=768, out_features=3072, bias=True)
          )
          (output): BertOutput(
            (dense): Linear(in_features=3072, out_features=768, bias=True)
            (LayerNorm): LayerNorm((768,), eps=1e-12, elementwise_affine=True)
            (dropout): Dropout(p=0.1, inplace=False)
          )
        )
        (7): BertLayer(
          (attention): BertAttention(
            (self): LongformerSelfAttention(
              (query): Linear(in_features=768, out_features=768, bias=True)
              (key): Linear(in_features=768, out_features=768, bias=True)
              (value): Linear(in_features=768, out_features=768, bias=True)
              (query_global): Linear(in_features=768, out_features=768, bias=True)
              (key_global): Linear(in_features=768, out_features=768, bias=True)
              (value_global): Linear(in_features=768, out_features=768, bias=True)
            )
            (output): BertSelfOutput(
              (dense): Linear(in_features=768, out_features=768, bias=True)
              (LayerNorm): LayerNorm((768,), eps=1e-12, elementwise_affine=True)
              (dropout): Dropout(p=0.1, inplace=False)
            )
          )
          (intermediate): BertIntermediate(
            (dense): Linear(in_features=768, out_features=3072, bias=True)
          )
          (output): BertOutput(
            (dense): Linear(in_features=3072, out_features=768, bias=True)
            (LayerNorm): LayerNorm((768,), eps=1e-12, elementwise_affine=True)
            (dropout): Dropout(p=0.1, inplace=False)
          )
        )
        (8): BertLayer(
          (attention): BertAttention(
            (self): LongformerSelfAttention(
              (query): Linear(in_features=768, out_features=768, bias=True)
              (key): Linear(in_features=768, out_features=768, bias=True)
              (value): Linear(in_features=768, out_features=768, bias=True)
              (query_global): Linear(in_features=768, out_features=768, bias=True)
              (key_global): Linear(in_features=768, out_features=768, bias=True)
              (value_global): Linear(in_features=768, out_features=768, bias=True)
            )
            (output): BertSelfOutput(
              (dense): Linear(in_features=768, out_features=768, bias=True)
              (LayerNorm): LayerNorm((768,), eps=1e-12, elementwise_affine=True)
              (dropout): Dropout(p=0.1, inplace=False)
            )
          )
          (intermediate): BertIntermediate(
            (dense): Linear(in_features=768, out_features=3072, bias=True)
          )
          (output): BertOutput(
            (dense): Linear(in_features=3072, out_features=768, bias=True)
            (LayerNorm): LayerNorm((768,), eps=1e-12, elementwise_affine=True)
            (dropout): Dropout(p=0.1, inplace=False)
          )
        )
        (9): BertLayer(
          (attention): BertAttention(
            (self): LongformerSelfAttention(
              (query): Linear(in_features=768, out_features=768, bias=True)
              (key): Linear(in_features=768, out_features=768, bias=True)
              (value): Linear(in_features=768, out_features=768, bias=True)
              (query_global): Linear(in_features=768, out_features=768, bias=True)
              (key_global): Linear(in_features=768, out_features=768, bias=True)
              (value_global): Linear(in_features=768, out_features=768, bias=True)
            )
            (output): BertSelfOutput(
              (dense): Linear(in_features=768, out_features=768, bias=True)
              (LayerNorm): LayerNorm((768,), eps=1e-12, elementwise_affine=True)
              (dropout): Dropout(p=0.1, inplace=False)
            )
          )
          (intermediate): BertIntermediate(
            (dense): Linear(in_features=768, out_features=3072, bias=True)
          )
          (output): BertOutput(
            (dense): Linear(in_features=3072, out_features=768, bias=True)
            (LayerNorm): LayerNorm((768,), eps=1e-12, elementwise_affine=True)
            (dropout): Dropout(p=0.1, inplace=False)
          )
        )
        (10): BertLayer(
          (attention): BertAttention(
            (self): LongformerSelfAttention(
              (query): Linear(in_features=768, out_features=768, bias=True)
              (key): Linear(in_features=768, out_features=768, bias=True)
              (value): Linear(in_features=768, out_features=768, bias=True)
              (query_global): Linear(in_features=768, out_features=768, bias=True)
              (key_global): Linear(in_features=768, out_features=768, bias=True)
              (value_global): Linear(in_features=768, out_features=768, bias=True)
            )
            (output): BertSelfOutput(
              (dense): Linear(in_features=768, out_features=768, bias=True)
              (LayerNorm): LayerNorm((768,), eps=1e-12, elementwise_affine=True)
              (dropout): Dropout(p=0.1, inplace=False)
            )
          )
          (intermediate): BertIntermediate(
            (dense): Linear(in_features=768, out_features=3072, bias=True)
          )
          (output): BertOutput(
            (dense): Linear(in_features=3072, out_features=768, bias=True)
            (LayerNorm): LayerNorm((768,), eps=1e-12, elementwise_affine=True)
            (dropout): Dropout(p=0.1, inplace=False)
          )
        )
        (11): BertLayer(
          (attention): BertAttention(
            (self): LongformerSelfAttention(
              (query): Linear(in_features=768, out_features=768, bias=True)
              (key): Linear(in_features=768, out_features=768, bias=True)
              (value): Linear(in_features=768, out_features=768, bias=True)
              (query_global): Linear(in_features=768, out_features=768, bias=True)
              (key_global): Linear(in_features=768, out_features=768, bias=True)
              (value_global): Linear(in_features=768, out_features=768, bias=True)
            )
            (output): BertSelfOutput(
              (dense): Linear(in_features=768, out_features=768, bias=True)
              (LayerNorm): LayerNorm((768,), eps=1e-12, elementwise_affine=True)
              (dropout): Dropout(p=0.1, inplace=False)
            )
          )
          (intermediate): BertIntermediate(
            (dense): Linear(in_features=768, out_features=3072, bias=True)
          )
          (output): BertOutput(
            (dense): Linear(in_features=3072, out_features=768, bias=True)
            (LayerNorm): LayerNorm((768,), eps=1e-12, elementwise_affine=True)
            (dropout): Dropout(p=0.1, inplace=False)
          )
        )
      )
    )
    (pooler): BertPooler(
      (dense): Linear(in_features=768, out_features=768, bias=True)
      (activation): Tanh()
    )
  )
  (mlm_cls): BertOnlyMLMHead(
    (predictions): BertLMPredictionHead(
      (transform): BertPredictionHeadTransform(
        (dense): Linear(in_features=768, out_features=768, bias=True)
        (LayerNorm): LayerNorm((768,), eps=1e-12, elementwise_affine=True)
      )
      (decoder): Linear(in_features=768, out_features=105879, bias=True)
    )
  )
  (seqcls_dropout): Dropout(p=0.1, inplace=False)
  (seqcls_classifier): Linear(in_features=768, out_features=2, bias=True)
)
00:16:00 - Evaluating every 1 epochs ...
00:16:00 - reading data from /mnt/home/puxuan/CLIR-project/Evaluation_data/process-clef/uncased
00:16:01 - test has 31 queries ...
00:16:01 - Data reading done ...
00:16:08 - adding 9-th encoder to optimizer...
00:16:08 - adding 10-th encoder to optimizer...
00:16:08 - adding 11-th encoder to optimizer...
00:16:09 - process[0]: training epoch 0 ...
00:16:40 - process[0] - epoch 0 - train iter 540 - 20554.2 words/s - loss: 0.4849
00:16:40 - process[0]: training epoch 1 ...
00:17:10 - process[0] - epoch 1 - train iter 540 - 21057.9 words/s - loss: 0.3988
00:17:10 - process[0]: training epoch 2 ...
00:17:41 - process[0] - epoch 2 - train iter 540 - 20900.1 words/s - loss: 0.3639
00:17:41 - process[0]: training epoch 3 ...
00:18:12 - process[0] - epoch 3 - train iter 540 - 20802.7 words/s - loss: 0.3765
00:18:12 - process[0]: training epoch 4 ...
00:18:42 - process[0] - epoch 4 - train iter 540 - 20918.7 words/s - loss: 0.3434
00:18:42 - process[0]: training epoch 5 ...
00:19:13 - process[0] - epoch 5 - train iter 540 - 20769.3 words/s - loss: 0.3195
00:19:13 - process[0]: training epoch 6 ...
00:19:43 - process[0] - epoch 6 - train iter 540 - 20704.7 words/s - loss: 0.3282
00:19:43 - process[0]: training epoch 7 ...
00:20:14 - process[0] - epoch 7 - train iter 540 - 20481.0 words/s - loss: 0.2950
00:20:14 - process[0]: training epoch 8 ...
00:20:44 - process[0] - epoch 8 - train iter 540 - 21070.3 words/s - loss: 0.3113
00:20:44 - process[0]: training epoch 9 ...
00:21:15 - process[0] - epoch 9 - train iter 540 - 20486.4 words/s - loss: 0.2795
00:21:15 - process[0]: training epoch 10 ...
00:21:46 - process[0] - epoch 10 - train iter 540 - 20846.1 words/s - loss: 0.2688
00:21:46 - process[0]: evaluating epoch 10 on dev ...
00:22:12 - process[0] - dev - epoch 10 - mAP: 0.518 w/ 31 queries
00:22:12 - removing file tmp_5f/mbert-long_fres_dev_2_10.txt
00:22:12 - removing file tmp_5f/mbert-long_fres_dev_7_10.txt
00:22:12 - removing file tmp_5f/mbert-long_fres_dev_6_10.txt
00:22:12 - removing file tmp_5f/mbert-long_fres_dev_3_10.txt
00:22:12 - removing file tmp_5f/mbert-long_fres_dev_8_10.txt
00:22:12 - removing file tmp_5f/mbert-long_fres_dev_0_10.txt
00:22:12 - removing file tmp_5f/mbert-long_fres_dev_1_10.txt
00:22:12 - removing file tmp_5f/mbert-long_fres_dev_5_10.txt
00:22:12 - removing file tmp_5f/mbert-long_fres_dev_4_10.txt
00:22:12 - removing file tmp_5f/mbert-long_fres_dev_9_10.txt
00:22:12 - process[0]: evaluating epoch 10 on test ...
00:22:34 - test set during evaluation: 11460/11458
00:22:34 - process[0] - test - epoch 10 - mAP: 0.582 w/ 31 queries
00:22:34 - removing file tmp_5f/mbert-long_fres_test_5_10.txt
00:22:34 - removing file tmp_5f/mbert-long_fres_test_9_10.txt
00:22:34 - removing file tmp_5f/mbert-long_fres_test_6_10.txt
00:22:34 - removing file tmp_5f/mbert-long_fres_test_0_10.txt
00:22:34 - removing file tmp_5f/mbert-long_fres_test_2_10.txt
00:22:34 - removing file tmp_5f/mbert-long_fres_test_8_10.txt
00:22:34 - removing file tmp_5f/mbert-long_fres_test_1_10.txt
00:22:34 - removing file tmp_5f/mbert-long_fres_test_3_10.txt
00:22:34 - removing file tmp_5f/mbert-long_fres_test_4_10.txt
00:22:34 - removing file tmp_5f/mbert-long_fres_test_7_10.txt
00:22:34 - process[0]: training epoch 11 ...
00:23:05 - process[0] - epoch 11 - train iter 540 - 21102.7 words/s - loss: 0.2931
00:23:05 - process[0]: evaluating epoch 11 on dev ...
00:23:26 - process[0] - dev - epoch 11 - mAP: 0.545 w/ 31 queries
00:23:26 - removing file tmp_5f/mbert-long_fres_dev_7_11.txt
00:23:26 - removing file tmp_5f/mbert-long_fres_dev_3_11.txt
00:23:26 - removing file tmp_5f/mbert-long_fres_dev_8_11.txt
00:23:26 - removing file tmp_5f/mbert-long_fres_dev_2_11.txt
00:23:26 - removing file tmp_5f/mbert-long_fres_dev_5_11.txt
00:23:26 - removing file tmp_5f/mbert-long_fres_dev_4_11.txt
00:23:26 - removing file tmp_5f/mbert-long_fres_dev_6_11.txt
00:23:26 - removing file tmp_5f/mbert-long_fres_dev_9_11.txt
00:23:26 - removing file tmp_5f/mbert-long_fres_dev_1_11.txt
00:23:26 - removing file tmp_5f/mbert-long_fres_dev_0_11.txt
00:23:26 - process[0]: evaluating epoch 11 on test ...
00:23:48 - test set during evaluation: 11460/11458
00:23:48 - process[0] - test - epoch 11 - mAP: 0.608 w/ 31 queries
00:23:48 - removing file tmp_5f/mbert-long_fres_test_7_11.txt
00:23:48 - removing file tmp_5f/mbert-long_fres_test_2_11.txt
00:23:48 - removing file tmp_5f/mbert-long_fres_test_5_11.txt
00:23:48 - removing file tmp_5f/mbert-long_fres_test_1_11.txt
00:23:48 - removing file tmp_5f/mbert-long_fres_test_3_11.txt
00:23:48 - removing file tmp_5f/mbert-long_fres_test_4_11.txt
00:23:48 - removing file tmp_5f/mbert-long_fres_test_9_11.txt
00:23:48 - removing file tmp_5f/mbert-long_fres_test_0_11.txt
00:23:48 - removing file tmp_5f/mbert-long_fres_test_8_11.txt
00:23:48 - removing file tmp_5f/mbert-long_fres_test_6_11.txt
00:23:48 - process[0]: training epoch 12 ...
00:24:19 - process[0] - epoch 12 - train iter 540 - 20764.0 words/s - loss: 0.2753
00:24:19 - process[0]: evaluating epoch 12 on dev ...
00:24:41 - process[0] - dev - epoch 12 - mAP: 0.519 w/ 31 queries
00:24:41 - removing file tmp_5f/mbert-long_fres_dev_2_12.txt
00:24:41 - removing file tmp_5f/mbert-long_fres_dev_5_12.txt
00:24:41 - removing file tmp_5f/mbert-long_fres_dev_7_12.txt
00:24:41 - removing file tmp_5f/mbert-long_fres_dev_9_12.txt
00:24:41 - removing file tmp_5f/mbert-long_fres_dev_1_12.txt
00:24:41 - removing file tmp_5f/mbert-long_fres_dev_0_12.txt
00:24:41 - removing file tmp_5f/mbert-long_fres_dev_6_12.txt
00:24:41 - removing file tmp_5f/mbert-long_fres_dev_4_12.txt
00:24:41 - removing file tmp_5f/mbert-long_fres_dev_8_12.txt
00:24:41 - removing file tmp_5f/mbert-long_fres_dev_3_12.txt
00:24:41 - process[0]: training epoch 13 ...
00:25:12 - process[0] - epoch 13 - train iter 540 - 20900.8 words/s - loss: 0.2798
00:25:12 - process[0]: evaluating epoch 13 on dev ...
00:25:34 - process[0] - dev - epoch 13 - mAP: 0.547 w/ 31 queries
00:25:34 - removing file tmp_5f/mbert-long_fres_dev_1_13.txt
00:25:34 - removing file tmp_5f/mbert-long_fres_dev_9_13.txt
00:25:34 - removing file tmp_5f/mbert-long_fres_dev_7_13.txt
00:25:34 - removing file tmp_5f/mbert-long_fres_dev_5_13.txt
00:25:34 - removing file tmp_5f/mbert-long_fres_dev_0_13.txt
00:25:34 - removing file tmp_5f/mbert-long_fres_dev_2_13.txt
00:25:34 - removing file tmp_5f/mbert-long_fres_dev_6_13.txt
00:25:34 - removing file tmp_5f/mbert-long_fres_dev_8_13.txt
00:25:34 - removing file tmp_5f/mbert-long_fres_dev_4_13.txt
00:25:34 - removing file tmp_5f/mbert-long_fres_dev_3_13.txt
00:25:34 - process[0]: evaluating epoch 13 on test ...
00:25:56 - test set during evaluation: 11460/11458
00:25:56 - process[0] - test - epoch 13 - mAP: 0.604 w/ 31 queries
00:25:56 - removing file tmp_5f/mbert-long_fres_test_1_13.txt
00:25:56 - removing file tmp_5f/mbert-long_fres_test_0_13.txt
00:25:56 - removing file tmp_5f/mbert-long_fres_test_2_13.txt
00:25:56 - removing file tmp_5f/mbert-long_fres_test_3_13.txt
00:25:56 - removing file tmp_5f/mbert-long_fres_test_9_13.txt
00:25:56 - removing file tmp_5f/mbert-long_fres_test_4_13.txt
00:25:56 - removing file tmp_5f/mbert-long_fres_test_7_13.txt
00:25:56 - removing file tmp_5f/mbert-long_fres_test_6_13.txt
00:25:56 - removing file tmp_5f/mbert-long_fres_test_5_13.txt
00:25:56 - removing file tmp_5f/mbert-long_fres_test_8_13.txt
00:25:56 - process[0]: training epoch 14 ...
00:26:27 - process[0] - epoch 14 - train iter 540 - 21042.9 words/s - loss: 0.2665
00:26:27 - process[0]: evaluating epoch 14 on dev ...
00:26:48 - process[0] - dev - epoch 14 - mAP: 0.545 w/ 31 queries
00:26:48 - removing file tmp_5f/mbert-long_fres_dev_8_14.txt
00:26:48 - removing file tmp_5f/mbert-long_fres_dev_0_14.txt
00:26:48 - removing file tmp_5f/mbert-long_fres_dev_5_14.txt
00:26:48 - removing file tmp_5f/mbert-long_fres_dev_4_14.txt
00:26:48 - removing file tmp_5f/mbert-long_fres_dev_1_14.txt
00:26:48 - removing file tmp_5f/mbert-long_fres_dev_3_14.txt
00:26:48 - removing file tmp_5f/mbert-long_fres_dev_9_14.txt
00:26:48 - removing file tmp_5f/mbert-long_fres_dev_7_14.txt
00:26:48 - removing file tmp_5f/mbert-long_fres_dev_6_14.txt
00:26:48 - removing file tmp_5f/mbert-long_fres_dev_2_14.txt
00:26:48 - process[0]: training epoch 15 ...
00:27:19 - process[0] - epoch 15 - train iter 540 - 20648.9 words/s - loss: 0.2599
00:27:19 - process[0]: evaluating epoch 15 on dev ...
00:27:41 - process[0] - dev - epoch 15 - mAP: 0.552 w/ 31 queries
00:27:41 - removing file tmp_5f/mbert-long_fres_dev_0_15.txt
00:27:41 - removing file tmp_5f/mbert-long_fres_dev_9_15.txt
00:27:41 - removing file tmp_5f/mbert-long_fres_dev_7_15.txt
00:27:41 - removing file tmp_5f/mbert-long_fres_dev_5_15.txt
00:27:41 - removing file tmp_5f/mbert-long_fres_dev_1_15.txt
00:27:41 - removing file tmp_5f/mbert-long_fres_dev_3_15.txt
00:27:41 - removing file tmp_5f/mbert-long_fres_dev_8_15.txt
00:27:41 - removing file tmp_5f/mbert-long_fres_dev_2_15.txt
00:27:41 - removing file tmp_5f/mbert-long_fres_dev_6_15.txt
00:27:41 - removing file tmp_5f/mbert-long_fres_dev_4_15.txt
00:27:41 - process[0]: evaluating epoch 15 on test ...
00:28:03 - test set during evaluation: 11460/11458
00:28:03 - process[0] - test - epoch 15 - mAP: 0.580 w/ 31 queries
00:28:03 - removing file tmp_5f/mbert-long_fres_test_7_15.txt
00:28:03 - removing file tmp_5f/mbert-long_fres_test_6_15.txt
00:28:03 - removing file tmp_5f/mbert-long_fres_test_2_15.txt
00:28:03 - removing file tmp_5f/mbert-long_fres_test_1_15.txt
00:28:03 - removing file tmp_5f/mbert-long_fres_test_9_15.txt
00:28:03 - removing file tmp_5f/mbert-long_fres_test_3_15.txt
00:28:03 - removing file tmp_5f/mbert-long_fres_test_0_15.txt
00:28:03 - removing file tmp_5f/mbert-long_fres_test_5_15.txt
00:28:03 - removing file tmp_5f/mbert-long_fres_test_8_15.txt
00:28:03 - removing file tmp_5f/mbert-long_fres_test_4_15.txt
00:28:03 - process[0]: training epoch 16 ...
00:28:34 - process[0] - epoch 16 - train iter 540 - 21078.3 words/s - loss: 0.2347
00:28:34 - process[0]: evaluating epoch 16 on dev ...
00:28:56 - process[0] - dev - epoch 16 - mAP: 0.536 w/ 31 queries
00:28:56 - removing file tmp_5f/mbert-long_fres_dev_1_16.txt
00:28:56 - removing file tmp_5f/mbert-long_fres_dev_7_16.txt
00:28:56 - removing file tmp_5f/mbert-long_fres_dev_0_16.txt
00:28:56 - removing file tmp_5f/mbert-long_fres_dev_8_16.txt
00:28:56 - removing file tmp_5f/mbert-long_fres_dev_4_16.txt
00:28:56 - removing file tmp_5f/mbert-long_fres_dev_3_16.txt
00:28:56 - removing file tmp_5f/mbert-long_fres_dev_5_16.txt
00:28:56 - removing file tmp_5f/mbert-long_fres_dev_6_16.txt
00:28:56 - removing file tmp_5f/mbert-long_fres_dev_2_16.txt
00:28:56 - removing file tmp_5f/mbert-long_fres_dev_9_16.txt
00:28:56 - process[0]: training epoch 17 ...
00:29:26 - process[0] - epoch 17 - train iter 540 - 20909.9 words/s - loss: 0.2306
00:29:26 - process[0]: evaluating epoch 17 on dev ...
00:29:48 - process[0] - dev - epoch 17 - mAP: 0.522 w/ 31 queries
00:29:48 - removing file tmp_5f/mbert-long_fres_dev_2_17.txt
00:29:48 - removing file tmp_5f/mbert-long_fres_dev_8_17.txt
00:29:48 - removing file tmp_5f/mbert-long_fres_dev_5_17.txt
00:29:48 - removing file tmp_5f/mbert-long_fres_dev_6_17.txt
00:29:48 - removing file tmp_5f/mbert-long_fres_dev_0_17.txt
00:29:48 - removing file tmp_5f/mbert-long_fres_dev_1_17.txt
00:29:48 - removing file tmp_5f/mbert-long_fres_dev_7_17.txt
00:29:48 - removing file tmp_5f/mbert-long_fres_dev_3_17.txt
00:29:48 - removing file tmp_5f/mbert-long_fres_dev_4_17.txt
00:29:48 - removing file tmp_5f/mbert-long_fres_dev_9_17.txt
00:29:48 - process[0]: training epoch 18 ...
00:30:19 - process[0] - epoch 18 - train iter 540 - 20983.1 words/s - loss: 0.2396
00:30:19 - process[0]: evaluating epoch 18 on dev ...
00:30:40 - process[0] - dev - epoch 18 - mAP: 0.545 w/ 31 queries
00:30:40 - removing file tmp_5f/mbert-long_fres_dev_9_18.txt
00:30:40 - removing file tmp_5f/mbert-long_fres_dev_6_18.txt
00:30:40 - removing file tmp_5f/mbert-long_fres_dev_2_18.txt
00:30:40 - removing file tmp_5f/mbert-long_fres_dev_5_18.txt
00:30:40 - removing file tmp_5f/mbert-long_fres_dev_3_18.txt
00:30:40 - removing file tmp_5f/mbert-long_fres_dev_1_18.txt
00:30:40 - removing file tmp_5f/mbert-long_fres_dev_7_18.txt
00:30:40 - removing file tmp_5f/mbert-long_fres_dev_8_18.txt
00:30:40 - removing file tmp_5f/mbert-long_fres_dev_0_18.txt
00:30:40 - removing file tmp_5f/mbert-long_fres_dev_4_18.txt
00:30:40 - process[0]: training epoch 19 ...
00:31:11 - process[0] - epoch 19 - train iter 540 - 21066.5 words/s - loss: 0.2830
00:31:11 - process[0]: evaluating epoch 19 on dev ...
00:31:33 - process[0] - dev - epoch 19 - mAP: 0.552 w/ 31 queries
00:31:33 - removing file tmp_5f/mbert-long_fres_dev_2_19.txt
00:31:33 - removing file tmp_5f/mbert-long_fres_dev_8_19.txt
00:31:33 - removing file tmp_5f/mbert-long_fres_dev_3_19.txt
00:31:33 - removing file tmp_5f/mbert-long_fres_dev_1_19.txt
00:31:33 - removing file tmp_5f/mbert-long_fres_dev_6_19.txt
00:31:33 - removing file tmp_5f/mbert-long_fres_dev_5_19.txt
00:31:33 - removing file tmp_5f/mbert-long_fres_dev_0_19.txt
00:31:33 - removing file tmp_5f/mbert-long_fres_dev_9_19.txt
00:31:33 - removing file tmp_5f/mbert-long_fres_dev_7_19.txt
00:31:33 - removing file tmp_5f/mbert-long_fres_dev_4_19.txt
00:31:33 - process[0]: evaluating epoch 19 on test ...
00:31:55 - test set during evaluation: 11460/11458
00:31:55 - process[0] - test - epoch 19 - mAP: 0.579 w/ 31 queries
00:31:55 - removing file tmp_5f/mbert-long_fres_test_7_19.txt
00:31:55 - removing file tmp_5f/mbert-long_fres_test_9_19.txt
00:31:55 - removing file tmp_5f/mbert-long_fres_test_0_19.txt
00:31:55 - removing file tmp_5f/mbert-long_fres_test_6_19.txt
00:31:55 - removing file tmp_5f/mbert-long_fres_test_1_19.txt
00:31:55 - removing file tmp_5f/mbert-long_fres_test_8_19.txt
00:31:55 - removing file tmp_5f/mbert-long_fres_test_5_19.txt
00:31:55 - removing file tmp_5f/mbert-long_fres_test_4_19.txt
00:31:55 - removing file tmp_5f/mbert-long_fres_test_2_19.txt
00:31:55 - removing file tmp_5f/mbert-long_fres_test_3_19.txt
00:31:55 - [fold 1] best test MAP: 0.579 @ epoch 19
00:31:55 - Evaluating every 1 epochs ...
00:31:55 - reading data from /mnt/home/puxuan/CLIR-project/Evaluation_data/process-clef/uncased
00:31:56 - test has 32 queries ...
00:31:56 - Data reading done ...
00:31:58 - adding 9-th encoder to optimizer...
00:31:58 - adding 10-th encoder to optimizer...
00:31:58 - adding 11-th encoder to optimizer...
00:31:59 - process[0]: training epoch 0 ...
00:32:27 - process[0] - epoch 0 - train iter 492 - 21238.9 words/s - loss: 0.4627
00:32:27 - process[0]: training epoch 1 ...
00:32:55 - process[0] - epoch 1 - train iter 492 - 20959.8 words/s - loss: 0.3792
00:32:55 - process[0]: training epoch 2 ...
00:33:23 - process[0] - epoch 2 - train iter 492 - 20496.6 words/s - loss: 0.3483
00:33:23 - process[0]: training epoch 3 ...
00:33:52 - process[0] - epoch 3 - train iter 492 - 20958.5 words/s - loss: 0.3263
00:33:52 - process[0]: training epoch 4 ...
00:34:20 - process[0] - epoch 4 - train iter 492 - 20688.3 words/s - loss: 0.3567
00:34:20 - process[0]: training epoch 5 ...
00:34:48 - process[0] - epoch 5 - train iter 492 - 20809.3 words/s - loss: 0.2992
00:34:48 - process[0]: training epoch 6 ...
00:35:17 - process[0] - epoch 6 - train iter 492 - 20983.4 words/s - loss: 0.3243
00:35:17 - process[0]: training epoch 7 ...
00:35:45 - process[0] - epoch 7 - train iter 492 - 20830.7 words/s - loss: 0.2681
00:35:45 - process[0]: training epoch 8 ...
00:36:13 - process[0] - epoch 8 - train iter 492 - 21040.1 words/s - loss: 0.3039
00:36:13 - process[0]: training epoch 9 ...
00:36:42 - process[0] - epoch 9 - train iter 492 - 20865.8 words/s - loss: 0.3271
00:36:42 - process[0]: training epoch 10 ...
00:37:10 - process[0] - epoch 10 - train iter 492 - 20742.9 words/s - loss: 0.3182
00:37:10 - process[0]: evaluating epoch 10 on dev ...
00:37:39 - dev set during evaluation: 11460/11458
00:37:39 - process[0] - dev - epoch 10 - mAP: 0.599 w/ 31 queries
00:37:39 - removing file tmp_5f/mbert-long_fres_dev_2_10.txt
00:37:39 - removing file tmp_5f/mbert-long_fres_dev_7_10.txt
00:37:39 - removing file tmp_5f/mbert-long_fres_dev_6_10.txt
00:37:39 - removing file tmp_5f/mbert-long_fres_dev_3_10.txt
00:37:39 - removing file tmp_5f/mbert-long_fres_dev_8_10.txt
00:37:39 - removing file tmp_5f/mbert-long_fres_dev_0_10.txt
00:37:39 - removing file tmp_5f/mbert-long_fres_dev_1_10.txt
00:37:39 - removing file tmp_5f/mbert-long_fres_dev_5_10.txt
00:37:39 - removing file tmp_5f/mbert-long_fres_dev_4_10.txt
00:37:39 - removing file tmp_5f/mbert-long_fres_dev_9_10.txt
00:37:39 - process[0]: evaluating epoch 10 on test ...
00:38:03 - process[0] - test - epoch 10 - mAP: 0.640 w/ 32 queries
00:38:03 - removing file tmp_5f/mbert-long_fres_test_5_10.txt
00:38:03 - removing file tmp_5f/mbert-long_fres_test_9_10.txt
00:38:03 - removing file tmp_5f/mbert-long_fres_test_6_10.txt
00:38:03 - removing file tmp_5f/mbert-long_fres_test_0_10.txt
00:38:03 - removing file tmp_5f/mbert-long_fres_test_2_10.txt
00:38:03 - removing file tmp_5f/mbert-long_fres_test_8_10.txt
00:38:03 - removing file tmp_5f/mbert-long_fres_test_1_10.txt
00:38:03 - removing file tmp_5f/mbert-long_fres_test_3_10.txt
00:38:03 - removing file tmp_5f/mbert-long_fres_test_4_10.txt
00:38:03 - removing file tmp_5f/mbert-long_fres_test_7_10.txt
00:38:03 - process[0]: training epoch 11 ...
00:38:31 - process[0] - epoch 11 - train iter 492 - 20467.7 words/s - loss: 0.2718
00:38:31 - process[0]: evaluating epoch 11 on dev ...
00:38:54 - dev set during evaluation: 11460/11458
00:38:55 - process[0] - dev - epoch 11 - mAP: 0.599 w/ 31 queries
00:38:55 - removing file tmp_5f/mbert-long_fres_dev_7_11.txt
00:38:55 - removing file tmp_5f/mbert-long_fres_dev_3_11.txt
00:38:55 - removing file tmp_5f/mbert-long_fres_dev_8_11.txt
00:38:55 - removing file tmp_5f/mbert-long_fres_dev_2_11.txt
00:38:55 - removing file tmp_5f/mbert-long_fres_dev_5_11.txt
00:38:55 - removing file tmp_5f/mbert-long_fres_dev_4_11.txt
00:38:55 - removing file tmp_5f/mbert-long_fres_dev_6_11.txt
00:38:55 - removing file tmp_5f/mbert-long_fres_dev_9_11.txt
00:38:55 - removing file tmp_5f/mbert-long_fres_dev_1_11.txt
00:38:55 - removing file tmp_5f/mbert-long_fres_dev_0_11.txt
00:38:55 - process[0]: training epoch 12 ...
00:39:23 - process[0] - epoch 12 - train iter 492 - 21266.8 words/s - loss: 0.2883
00:39:23 - process[0]: evaluating epoch 12 on dev ...
00:39:46 - dev set during evaluation: 11460/11458
00:39:46 - process[0] - dev - epoch 12 - mAP: 0.591 w/ 31 queries
00:39:46 - removing file tmp_5f/mbert-long_fres_dev_2_12.txt
00:39:46 - removing file tmp_5f/mbert-long_fres_dev_5_12.txt
00:39:46 - removing file tmp_5f/mbert-long_fres_dev_7_12.txt
00:39:46 - removing file tmp_5f/mbert-long_fres_dev_9_12.txt
00:39:46 - removing file tmp_5f/mbert-long_fres_dev_1_12.txt
00:39:46 - removing file tmp_5f/mbert-long_fres_dev_0_12.txt
00:39:46 - removing file tmp_5f/mbert-long_fres_dev_6_12.txt
00:39:46 - removing file tmp_5f/mbert-long_fres_dev_4_12.txt
00:39:46 - removing file tmp_5f/mbert-long_fres_dev_8_12.txt
00:39:46 - removing file tmp_5f/mbert-long_fres_dev_3_12.txt
00:39:46 - process[0]: training epoch 13 ...
00:40:14 - process[0] - epoch 13 - train iter 492 - 21194.9 words/s - loss: 0.2899
00:40:14 - process[0]: evaluating epoch 13 on dev ...
00:40:37 - dev set during evaluation: 11460/11458
00:40:37 - process[0] - dev - epoch 13 - mAP: 0.626 w/ 31 queries
00:40:37 - removing file tmp_5f/mbert-long_fres_dev_1_13.txt
00:40:37 - removing file tmp_5f/mbert-long_fres_dev_9_13.txt
00:40:37 - removing file tmp_5f/mbert-long_fres_dev_7_13.txt
00:40:37 - removing file tmp_5f/mbert-long_fres_dev_5_13.txt
00:40:37 - removing file tmp_5f/mbert-long_fres_dev_0_13.txt
00:40:37 - removing file tmp_5f/mbert-long_fres_dev_2_13.txt
00:40:37 - removing file tmp_5f/mbert-long_fres_dev_6_13.txt
00:40:37 - removing file tmp_5f/mbert-long_fres_dev_8_13.txt
00:40:37 - removing file tmp_5f/mbert-long_fres_dev_4_13.txt
00:40:37 - removing file tmp_5f/mbert-long_fres_dev_3_13.txt
00:40:37 - process[0]: evaluating epoch 13 on test ...
00:41:01 - process[0] - test - epoch 13 - mAP: 0.628 w/ 32 queries
00:41:01 - removing file tmp_5f/mbert-long_fres_test_1_13.txt
00:41:01 - removing file tmp_5f/mbert-long_fres_test_0_13.txt
00:41:01 - removing file tmp_5f/mbert-long_fres_test_2_13.txt
00:41:01 - removing file tmp_5f/mbert-long_fres_test_3_13.txt
00:41:01 - removing file tmp_5f/mbert-long_fres_test_9_13.txt
00:41:01 - removing file tmp_5f/mbert-long_fres_test_4_13.txt
00:41:01 - removing file tmp_5f/mbert-long_fres_test_7_13.txt
00:41:01 - removing file tmp_5f/mbert-long_fres_test_6_13.txt
00:41:01 - removing file tmp_5f/mbert-long_fres_test_5_13.txt
00:41:01 - removing file tmp_5f/mbert-long_fres_test_8_13.txt
00:41:01 - process[0]: training epoch 14 ...
00:41:29 - process[0] - epoch 14 - train iter 492 - 20955.2 words/s - loss: 0.2805
00:41:29 - process[0]: evaluating epoch 14 on dev ...
00:41:51 - dev set during evaluation: 11460/11458
00:41:51 - process[0] - dev - epoch 14 - mAP: 0.605 w/ 31 queries
00:41:51 - removing file tmp_5f/mbert-long_fres_dev_8_14.txt
00:41:51 - removing file tmp_5f/mbert-long_fres_dev_0_14.txt
00:41:51 - removing file tmp_5f/mbert-long_fres_dev_5_14.txt
00:41:51 - removing file tmp_5f/mbert-long_fres_dev_4_14.txt
00:41:51 - removing file tmp_5f/mbert-long_fres_dev_1_14.txt
00:41:51 - removing file tmp_5f/mbert-long_fres_dev_3_14.txt
00:41:51 - removing file tmp_5f/mbert-long_fres_dev_9_14.txt
00:41:51 - removing file tmp_5f/mbert-long_fres_dev_7_14.txt
00:41:51 - removing file tmp_5f/mbert-long_fres_dev_6_14.txt
00:41:51 - removing file tmp_5f/mbert-long_fres_dev_2_14.txt
00:41:51 - process[0]: training epoch 15 ...
00:42:20 - process[0] - epoch 15 - train iter 492 - 20918.5 words/s - loss: 0.2697
00:42:20 - process[0]: evaluating epoch 15 on dev ...
00:42:42 - dev set during evaluation: 11460/11458
00:42:42 - process[0] - dev - epoch 15 - mAP: 0.616 w/ 31 queries
00:42:42 - removing file tmp_5f/mbert-long_fres_dev_0_15.txt
00:42:42 - removing file tmp_5f/mbert-long_fres_dev_9_15.txt
00:42:42 - removing file tmp_5f/mbert-long_fres_dev_7_15.txt
00:42:42 - removing file tmp_5f/mbert-long_fres_dev_5_15.txt
00:42:42 - removing file tmp_5f/mbert-long_fres_dev_1_15.txt
00:42:42 - removing file tmp_5f/mbert-long_fres_dev_3_15.txt
00:42:42 - removing file tmp_5f/mbert-long_fres_dev_8_15.txt
00:42:42 - removing file tmp_5f/mbert-long_fres_dev_2_15.txt
00:42:42 - removing file tmp_5f/mbert-long_fres_dev_6_15.txt
00:42:42 - removing file tmp_5f/mbert-long_fres_dev_4_15.txt
00:42:42 - process[0]: training epoch 16 ...
00:43:11 - process[0] - epoch 16 - train iter 492 - 20680.5 words/s - loss: 0.2543
00:43:11 - process[0]: evaluating epoch 16 on dev ...
00:43:34 - dev set during evaluation: 11460/11458
00:43:34 - process[0] - dev - epoch 16 - mAP: 0.603 w/ 31 queries
00:43:34 - removing file tmp_5f/mbert-long_fres_dev_1_16.txt
00:43:34 - removing file tmp_5f/mbert-long_fres_dev_7_16.txt
00:43:34 - removing file tmp_5f/mbert-long_fres_dev_0_16.txt
00:43:34 - removing file tmp_5f/mbert-long_fres_dev_8_16.txt
00:43:34 - removing file tmp_5f/mbert-long_fres_dev_4_16.txt
00:43:34 - removing file tmp_5f/mbert-long_fres_dev_3_16.txt
00:43:34 - removing file tmp_5f/mbert-long_fres_dev_5_16.txt
00:43:34 - removing file tmp_5f/mbert-long_fres_dev_6_16.txt
00:43:34 - removing file tmp_5f/mbert-long_fres_dev_2_16.txt
00:43:34 - removing file tmp_5f/mbert-long_fres_dev_9_16.txt
00:43:34 - process[0]: training epoch 17 ...
00:44:02 - process[0] - epoch 17 - train iter 492 - 21014.1 words/s - loss: 0.2718
00:44:02 - process[0]: evaluating epoch 17 on dev ...
00:44:25 - dev set during evaluation: 11460/11458
00:44:25 - process[0] - dev - epoch 17 - mAP: 0.594 w/ 31 queries
00:44:25 - removing file tmp_5f/mbert-long_fres_dev_2_17.txt
00:44:25 - removing file tmp_5f/mbert-long_fres_dev_8_17.txt
00:44:25 - removing file tmp_5f/mbert-long_fres_dev_5_17.txt
00:44:25 - removing file tmp_5f/mbert-long_fres_dev_6_17.txt
00:44:25 - removing file tmp_5f/mbert-long_fres_dev_0_17.txt
00:44:25 - removing file tmp_5f/mbert-long_fres_dev_1_17.txt
00:44:25 - removing file tmp_5f/mbert-long_fres_dev_7_17.txt
00:44:25 - removing file tmp_5f/mbert-long_fres_dev_3_17.txt
00:44:25 - removing file tmp_5f/mbert-long_fres_dev_4_17.txt
00:44:25 - removing file tmp_5f/mbert-long_fres_dev_9_17.txt
00:44:25 - process[0]: training epoch 18 ...
00:44:54 - process[0] - epoch 18 - train iter 492 - 20791.6 words/s - loss: 0.2744
00:44:54 - process[0]: evaluating epoch 18 on dev ...
00:45:17 - dev set during evaluation: 11460/11458
00:45:17 - process[0] - dev - epoch 18 - mAP: 0.592 w/ 31 queries
00:45:17 - removing file tmp_5f/mbert-long_fres_dev_9_18.txt
00:45:17 - removing file tmp_5f/mbert-long_fres_dev_6_18.txt
00:45:17 - removing file tmp_5f/mbert-long_fres_dev_2_18.txt
00:45:17 - removing file tmp_5f/mbert-long_fres_dev_5_18.txt
00:45:17 - removing file tmp_5f/mbert-long_fres_dev_3_18.txt
00:45:17 - removing file tmp_5f/mbert-long_fres_dev_1_18.txt
00:45:17 - removing file tmp_5f/mbert-long_fres_dev_7_18.txt
00:45:17 - removing file tmp_5f/mbert-long_fres_dev_8_18.txt
00:45:17 - removing file tmp_5f/mbert-long_fres_dev_0_18.txt
00:45:17 - removing file tmp_5f/mbert-long_fres_dev_4_18.txt
00:45:17 - process[0]: training epoch 19 ...
00:45:45 - process[0] - epoch 19 - train iter 492 - 20920.1 words/s - loss: 0.2537
00:45:45 - process[0]: evaluating epoch 19 on dev ...
00:46:08 - dev set during evaluation: 11460/11458
00:46:08 - process[0] - dev - epoch 19 - mAP: 0.608 w/ 31 queries
00:46:08 - removing file tmp_5f/mbert-long_fres_dev_2_19.txt
00:46:08 - removing file tmp_5f/mbert-long_fres_dev_8_19.txt
00:46:08 - removing file tmp_5f/mbert-long_fres_dev_3_19.txt
00:46:08 - removing file tmp_5f/mbert-long_fres_dev_1_19.txt
00:46:08 - removing file tmp_5f/mbert-long_fres_dev_6_19.txt
00:46:08 - removing file tmp_5f/mbert-long_fres_dev_5_19.txt
00:46:08 - removing file tmp_5f/mbert-long_fres_dev_0_19.txt
00:46:08 - removing file tmp_5f/mbert-long_fres_dev_9_19.txt
00:46:08 - removing file tmp_5f/mbert-long_fres_dev_7_19.txt
00:46:08 - removing file tmp_5f/mbert-long_fres_dev_4_19.txt
00:46:08 - [fold 2] best test MAP: 0.628 @ epoch 13
00:46:08 - Evaluating every 1 epochs ...
00:46:08 - reading data from /mnt/home/puxuan/CLIR-project/Evaluation_data/process-clef/uncased
00:46:09 - test has 31 queries ...
00:46:09 - Data reading done ...
00:46:11 - adding 9-th encoder to optimizer...
00:46:11 - adding 10-th encoder to optimizer...
00:46:11 - adding 11-th encoder to optimizer...
00:46:12 - process[0]: training epoch 0 ...
00:46:39 - process[0] - epoch 0 - train iter 476 - 20989.1 words/s - loss: 0.4484
00:46:39 - process[0]: training epoch 1 ...
00:47:06 - process[0] - epoch 1 - train iter 476 - 20785.8 words/s - loss: 0.3901
00:47:06 - process[0]: training epoch 2 ...
00:47:34 - process[0] - epoch 2 - train iter 476 - 21170.1 words/s - loss: 0.3786
00:47:34 - process[0]: training epoch 3 ...
00:48:01 - process[0] - epoch 3 - train iter 476 - 20667.4 words/s - loss: 0.3491
00:48:01 - process[0]: training epoch 4 ...
00:48:29 - process[0] - epoch 4 - train iter 476 - 21031.9 words/s - loss: 0.3473
00:48:29 - process[0]: training epoch 5 ...
00:48:56 - process[0] - epoch 5 - train iter 476 - 21256.5 words/s - loss: 0.3043
00:48:56 - process[0]: training epoch 6 ...
00:49:23 - process[0] - epoch 6 - train iter 476 - 20542.5 words/s - loss: 0.3103
00:49:23 - process[0]: training epoch 7 ...
00:49:50 - process[0] - epoch 7 - train iter 476 - 20842.6 words/s - loss: 0.3217
00:49:50 - process[0]: training epoch 8 ...
00:50:17 - process[0] - epoch 8 - train iter 476 - 20751.1 words/s - loss: 0.2804
00:50:17 - process[0]: training epoch 9 ...
00:50:45 - process[0] - epoch 9 - train iter 476 - 21445.1 words/s - loss: 0.2618
00:50:45 - process[0]: training epoch 10 ...
00:51:12 - process[0] - epoch 10 - train iter 476 - 20917.8 words/s - loss: 0.3070
00:51:12 - process[0]: evaluating epoch 10 on dev ...
00:51:44 - process[0] - dev - epoch 10 - mAP: 0.627 w/ 32 queries
00:51:44 - removing file tmp_5f/mbert-long_fres_dev_2_10.txt
00:51:44 - removing file tmp_5f/mbert-long_fres_dev_7_10.txt
00:51:44 - removing file tmp_5f/mbert-long_fres_dev_6_10.txt
00:51:44 - removing file tmp_5f/mbert-long_fres_dev_3_10.txt
00:51:44 - removing file tmp_5f/mbert-long_fres_dev_8_10.txt
00:51:44 - removing file tmp_5f/mbert-long_fres_dev_0_10.txt
00:51:44 - removing file tmp_5f/mbert-long_fres_dev_1_10.txt
00:51:44 - removing file tmp_5f/mbert-long_fres_dev_5_10.txt
00:51:44 - removing file tmp_5f/mbert-long_fres_dev_4_10.txt
00:51:44 - removing file tmp_5f/mbert-long_fres_dev_9_10.txt
00:51:44 - process[0]: evaluating epoch 10 on test ...
00:52:07 - test set during evaluation: 11550/11545
00:52:07 - process[0] - test - epoch 10 - mAP: 0.596 w/ 31 queries
00:52:07 - removing file tmp_5f/mbert-long_fres_test_5_10.txt
00:52:07 - removing file tmp_5f/mbert-long_fres_test_9_10.txt
00:52:07 - removing file tmp_5f/mbert-long_fres_test_6_10.txt
00:52:07 - removing file tmp_5f/mbert-long_fres_test_0_10.txt
00:52:07 - removing file tmp_5f/mbert-long_fres_test_2_10.txt
00:52:07 - removing file tmp_5f/mbert-long_fres_test_8_10.txt
00:52:07 - removing file tmp_5f/mbert-long_fres_test_1_10.txt
00:52:07 - removing file tmp_5f/mbert-long_fres_test_3_10.txt
00:52:07 - removing file tmp_5f/mbert-long_fres_test_4_10.txt
00:52:07 - removing file tmp_5f/mbert-long_fres_test_7_10.txt
00:52:07 - process[0]: training epoch 11 ...
00:52:35 - process[0] - epoch 11 - train iter 476 - 21289.5 words/s - loss: 0.2541
00:52:35 - process[0]: evaluating epoch 11 on dev ...
00:52:59 - process[0] - dev - epoch 11 - mAP: 0.651 w/ 32 queries
00:52:59 - removing file tmp_5f/mbert-long_fres_dev_7_11.txt
00:52:59 - removing file tmp_5f/mbert-long_fres_dev_3_11.txt
00:52:59 - removing file tmp_5f/mbert-long_fres_dev_8_11.txt
00:52:59 - removing file tmp_5f/mbert-long_fres_dev_2_11.txt
00:52:59 - removing file tmp_5f/mbert-long_fres_dev_5_11.txt
00:52:59 - removing file tmp_5f/mbert-long_fres_dev_4_11.txt
00:52:59 - removing file tmp_5f/mbert-long_fres_dev_6_11.txt
00:52:59 - removing file tmp_5f/mbert-long_fres_dev_9_11.txt
00:52:59 - removing file tmp_5f/mbert-long_fres_dev_1_11.txt
00:52:59 - removing file tmp_5f/mbert-long_fres_dev_0_11.txt
00:52:59 - process[0]: evaluating epoch 11 on test ...
00:53:22 - test set during evaluation: 11550/11545
00:53:22 - process[0] - test - epoch 11 - mAP: 0.607 w/ 31 queries
00:53:22 - removing file tmp_5f/mbert-long_fres_test_7_11.txt
00:53:22 - removing file tmp_5f/mbert-long_fres_test_2_11.txt
00:53:22 - removing file tmp_5f/mbert-long_fres_test_5_11.txt
00:53:22 - removing file tmp_5f/mbert-long_fres_test_1_11.txt
00:53:22 - removing file tmp_5f/mbert-long_fres_test_3_11.txt
00:53:22 - removing file tmp_5f/mbert-long_fres_test_4_11.txt
00:53:22 - removing file tmp_5f/mbert-long_fres_test_9_11.txt
00:53:22 - removing file tmp_5f/mbert-long_fres_test_0_11.txt
00:53:22 - removing file tmp_5f/mbert-long_fres_test_8_11.txt
00:53:22 - removing file tmp_5f/mbert-long_fres_test_6_11.txt
00:53:22 - process[0]: training epoch 12 ...
00:53:50 - process[0] - epoch 12 - train iter 476 - 20620.3 words/s - loss: 0.2595
00:53:50 - process[0]: evaluating epoch 12 on dev ...
00:54:14 - process[0] - dev - epoch 12 - mAP: 0.646 w/ 32 queries
00:54:14 - removing file tmp_5f/mbert-long_fres_dev_2_12.txt
00:54:14 - removing file tmp_5f/mbert-long_fres_dev_5_12.txt
00:54:14 - removing file tmp_5f/mbert-long_fres_dev_7_12.txt
00:54:14 - removing file tmp_5f/mbert-long_fres_dev_9_12.txt
00:54:14 - removing file tmp_5f/mbert-long_fres_dev_1_12.txt
00:54:14 - removing file tmp_5f/mbert-long_fres_dev_0_12.txt
00:54:14 - removing file tmp_5f/mbert-long_fres_dev_6_12.txt
00:54:14 - removing file tmp_5f/mbert-long_fres_dev_4_12.txt
00:54:14 - removing file tmp_5f/mbert-long_fres_dev_8_12.txt
00:54:14 - removing file tmp_5f/mbert-long_fres_dev_3_12.txt
00:54:14 - process[0]: training epoch 13 ...
00:54:42 - process[0] - epoch 13 - train iter 476 - 21113.9 words/s - loss: 0.2845
00:54:42 - process[0]: evaluating epoch 13 on dev ...
00:55:06 - process[0] - dev - epoch 13 - mAP: 0.646 w/ 32 queries
00:55:06 - removing file tmp_5f/mbert-long_fres_dev_1_13.txt
00:55:06 - removing file tmp_5f/mbert-long_fres_dev_9_13.txt
00:55:06 - removing file tmp_5f/mbert-long_fres_dev_7_13.txt
00:55:06 - removing file tmp_5f/mbert-long_fres_dev_5_13.txt
00:55:06 - removing file tmp_5f/mbert-long_fres_dev_0_13.txt
00:55:06 - removing file tmp_5f/mbert-long_fres_dev_2_13.txt
00:55:06 - removing file tmp_5f/mbert-long_fres_dev_6_13.txt
00:55:06 - removing file tmp_5f/mbert-long_fres_dev_8_13.txt
00:55:06 - removing file tmp_5f/mbert-long_fres_dev_4_13.txt
00:55:06 - removing file tmp_5f/mbert-long_fres_dev_3_13.txt
00:55:06 - process[0]: training epoch 14 ...
00:55:33 - process[0] - epoch 14 - train iter 476 - 21139.7 words/s - loss: 0.2886
00:55:33 - process[0]: evaluating epoch 14 on dev ...
00:55:57 - process[0] - dev - epoch 14 - mAP: 0.656 w/ 32 queries
00:55:57 - removing file tmp_5f/mbert-long_fres_dev_8_14.txt
00:55:57 - removing file tmp_5f/mbert-long_fres_dev_0_14.txt
00:55:57 - removing file tmp_5f/mbert-long_fres_dev_5_14.txt
00:55:57 - removing file tmp_5f/mbert-long_fres_dev_4_14.txt
00:55:57 - removing file tmp_5f/mbert-long_fres_dev_1_14.txt
00:55:57 - removing file tmp_5f/mbert-long_fres_dev_3_14.txt
00:55:57 - removing file tmp_5f/mbert-long_fres_dev_9_14.txt
00:55:57 - removing file tmp_5f/mbert-long_fres_dev_7_14.txt
00:55:57 - removing file tmp_5f/mbert-long_fres_dev_6_14.txt
00:55:57 - removing file tmp_5f/mbert-long_fres_dev_2_14.txt
00:55:57 - process[0]: evaluating epoch 14 on test ...
00:56:20 - test set during evaluation: 11550/11545
00:56:20 - process[0] - test - epoch 14 - mAP: 0.606 w/ 31 queries
00:56:20 - removing file tmp_5f/mbert-long_fres_test_6_14.txt
00:56:20 - removing file tmp_5f/mbert-long_fres_test_1_14.txt
00:56:20 - removing file tmp_5f/mbert-long_fres_test_8_14.txt
00:56:20 - removing file tmp_5f/mbert-long_fres_test_0_14.txt
00:56:20 - removing file tmp_5f/mbert-long_fres_test_9_14.txt
00:56:20 - removing file tmp_5f/mbert-long_fres_test_2_14.txt
00:56:20 - removing file tmp_5f/mbert-long_fres_test_7_14.txt
00:56:20 - removing file tmp_5f/mbert-long_fres_test_4_14.txt
00:56:20 - removing file tmp_5f/mbert-long_fres_test_5_14.txt
00:56:20 - removing file tmp_5f/mbert-long_fres_test_3_14.txt
00:56:20 - process[0]: training epoch 15 ...
00:56:47 - process[0] - epoch 15 - train iter 476 - 20919.5 words/s - loss: 0.2594
00:56:47 - process[0]: evaluating epoch 15 on dev ...
00:57:12 - process[0] - dev - epoch 15 - mAP: 0.647 w/ 32 queries
00:57:12 - removing file tmp_5f/mbert-long_fres_dev_0_15.txt
00:57:12 - removing file tmp_5f/mbert-long_fres_dev_9_15.txt
00:57:12 - removing file tmp_5f/mbert-long_fres_dev_7_15.txt
00:57:12 - removing file tmp_5f/mbert-long_fres_dev_5_15.txt
00:57:12 - removing file tmp_5f/mbert-long_fres_dev_1_15.txt
00:57:12 - removing file tmp_5f/mbert-long_fres_dev_3_15.txt
00:57:12 - removing file tmp_5f/mbert-long_fres_dev_8_15.txt
00:57:12 - removing file tmp_5f/mbert-long_fres_dev_2_15.txt
00:57:12 - removing file tmp_5f/mbert-long_fres_dev_6_15.txt
00:57:12 - removing file tmp_5f/mbert-long_fres_dev_4_15.txt
00:57:12 - process[0]: training epoch 16 ...
00:57:39 - process[0] - epoch 16 - train iter 476 - 20735.6 words/s - loss: 0.2316
00:57:39 - process[0]: evaluating epoch 16 on dev ...
00:58:03 - process[0] - dev - epoch 16 - mAP: 0.638 w/ 32 queries
00:58:03 - removing file tmp_5f/mbert-long_fres_dev_1_16.txt
00:58:03 - removing file tmp_5f/mbert-long_fres_dev_7_16.txt
00:58:03 - removing file tmp_5f/mbert-long_fres_dev_0_16.txt
00:58:03 - removing file tmp_5f/mbert-long_fres_dev_8_16.txt
00:58:03 - removing file tmp_5f/mbert-long_fres_dev_4_16.txt
00:58:03 - removing file tmp_5f/mbert-long_fres_dev_3_16.txt
00:58:03 - removing file tmp_5f/mbert-long_fres_dev_5_16.txt
00:58:03 - removing file tmp_5f/mbert-long_fres_dev_6_16.txt
00:58:03 - removing file tmp_5f/mbert-long_fres_dev_2_16.txt
00:58:03 - removing file tmp_5f/mbert-long_fres_dev_9_16.txt
00:58:03 - process[0]: training epoch 17 ...
00:58:30 - process[0] - epoch 17 - train iter 476 - 20873.2 words/s - loss: 0.2325
00:58:30 - process[0]: evaluating epoch 17 on dev ...
00:58:55 - process[0] - dev - epoch 17 - mAP: 0.635 w/ 32 queries
00:58:55 - removing file tmp_5f/mbert-long_fres_dev_2_17.txt
00:58:55 - removing file tmp_5f/mbert-long_fres_dev_8_17.txt
00:58:55 - removing file tmp_5f/mbert-long_fres_dev_5_17.txt
00:58:55 - removing file tmp_5f/mbert-long_fres_dev_6_17.txt
00:58:55 - removing file tmp_5f/mbert-long_fres_dev_0_17.txt
00:58:55 - removing file tmp_5f/mbert-long_fres_dev_1_17.txt
00:58:55 - removing file tmp_5f/mbert-long_fres_dev_7_17.txt
00:58:55 - removing file tmp_5f/mbert-long_fres_dev_3_17.txt
00:58:55 - removing file tmp_5f/mbert-long_fres_dev_4_17.txt
00:58:55 - removing file tmp_5f/mbert-long_fres_dev_9_17.txt
00:58:55 - process[0]: training epoch 18 ...
00:59:23 - process[0] - epoch 18 - train iter 476 - 21370.6 words/s - loss: 0.2287
00:59:23 - process[0]: evaluating epoch 18 on dev ...
00:59:47 - process[0] - dev - epoch 18 - mAP: 0.635 w/ 32 queries
00:59:47 - removing file tmp_5f/mbert-long_fres_dev_9_18.txt
00:59:47 - removing file tmp_5f/mbert-long_fres_dev_6_18.txt
00:59:47 - removing file tmp_5f/mbert-long_fres_dev_2_18.txt
00:59:47 - removing file tmp_5f/mbert-long_fres_dev_5_18.txt
00:59:47 - removing file tmp_5f/mbert-long_fres_dev_3_18.txt
00:59:47 - removing file tmp_5f/mbert-long_fres_dev_1_18.txt
00:59:47 - removing file tmp_5f/mbert-long_fres_dev_7_18.txt
00:59:47 - removing file tmp_5f/mbert-long_fres_dev_8_18.txt
00:59:47 - removing file tmp_5f/mbert-long_fres_dev_0_18.txt
00:59:47 - removing file tmp_5f/mbert-long_fres_dev_4_18.txt
00:59:47 - process[0]: training epoch 19 ...
01:00:15 - process[0] - epoch 19 - train iter 476 - 20682.5 words/s - loss: 0.2205
01:00:15 - process[0]: evaluating epoch 19 on dev ...
01:00:39 - process[0] - dev - epoch 19 - mAP: 0.658 w/ 32 queries
01:00:39 - removing file tmp_5f/mbert-long_fres_dev_2_19.txt
01:00:39 - removing file tmp_5f/mbert-long_fres_dev_8_19.txt
01:00:39 - removing file tmp_5f/mbert-long_fres_dev_3_19.txt
01:00:39 - removing file tmp_5f/mbert-long_fres_dev_1_19.txt
01:00:39 - removing file tmp_5f/mbert-long_fres_dev_6_19.txt
01:00:39 - removing file tmp_5f/mbert-long_fres_dev_5_19.txt
01:00:39 - removing file tmp_5f/mbert-long_fres_dev_0_19.txt
01:00:39 - removing file tmp_5f/mbert-long_fres_dev_9_19.txt
01:00:39 - removing file tmp_5f/mbert-long_fres_dev_7_19.txt
01:00:39 - removing file tmp_5f/mbert-long_fres_dev_4_19.txt
01:00:39 - process[0]: evaluating epoch 19 on test ...
01:01:02 - test set during evaluation: 11550/11545
01:01:02 - process[0] - test - epoch 19 - mAP: 0.591 w/ 31 queries
01:01:02 - removing file tmp_5f/mbert-long_fres_test_7_19.txt
01:01:02 - removing file tmp_5f/mbert-long_fres_test_9_19.txt
01:01:02 - removing file tmp_5f/mbert-long_fres_test_0_19.txt
01:01:02 - removing file tmp_5f/mbert-long_fres_test_6_19.txt
01:01:02 - removing file tmp_5f/mbert-long_fres_test_1_19.txt
01:01:02 - removing file tmp_5f/mbert-long_fres_test_8_19.txt
01:01:02 - removing file tmp_5f/mbert-long_fres_test_5_19.txt
01:01:02 - removing file tmp_5f/mbert-long_fres_test_4_19.txt
01:01:02 - removing file tmp_5f/mbert-long_fres_test_2_19.txt
01:01:02 - removing file tmp_5f/mbert-long_fres_test_3_19.txt
01:01:02 - [fold 3] best test MAP: 0.591 @ epoch 19
01:01:02 - Evaluating every 1 epochs ...
01:01:02 - reading data from /mnt/home/puxuan/CLIR-project/Evaluation_data/process-clef/uncased
01:01:04 - test has 31 queries ...
01:01:04 - Data reading done ...
01:01:05 - adding 9-th encoder to optimizer...
01:01:05 - adding 10-th encoder to optimizer...
01:01:05 - adding 11-th encoder to optimizer...
01:01:06 - process[0]: training epoch 0 ...
01:01:30 - process[0] - epoch 0 - train iter 432 - 20639.6 words/s - loss: 0.5342
01:01:30 - process[0]: training epoch 1 ...
01:01:55 - process[0] - epoch 1 - train iter 432 - 20876.1 words/s - loss: 0.4345
01:01:55 - process[0]: training epoch 2 ...
01:02:19 - process[0] - epoch 2 - train iter 432 - 20698.5 words/s - loss: 0.4216
01:02:19 - process[0]: training epoch 3 ...
01:02:44 - process[0] - epoch 3 - train iter 432 - 21236.1 words/s - loss: 0.3454
01:02:44 - process[0]: training epoch 4 ...
01:03:09 - process[0] - epoch 4 - train iter 432 - 21153.5 words/s - loss: 0.3579
01:03:09 - process[0]: training epoch 5 ...
01:03:33 - process[0] - epoch 5 - train iter 432 - 21109.2 words/s - loss: 0.3800
01:03:33 - process[0]: training epoch 6 ...
01:03:58 - process[0] - epoch 6 - train iter 432 - 20397.3 words/s - loss: 0.3403
01:03:58 - process[0]: training epoch 7 ...
01:04:23 - process[0] - epoch 7 - train iter 432 - 20373.8 words/s - loss: 0.3003
01:04:23 - process[0]: training epoch 8 ...
01:04:48 - process[0] - epoch 8 - train iter 432 - 20464.9 words/s - loss: 0.3082
01:04:48 - process[0]: training epoch 9 ...
01:05:13 - process[0] - epoch 9 - train iter 432 - 20870.2 words/s - loss: 0.2704
01:05:13 - process[0]: training epoch 10 ...
01:05:39 - process[0] - epoch 10 - train iter 432 - 20438.1 words/s - loss: 0.3043
01:05:39 - process[0]: evaluating epoch 10 on dev ...
01:06:04 - dev set during evaluation: 11550/11545
01:06:04 - process[0] - dev - epoch 10 - mAP: 0.573 w/ 31 queries
01:06:04 - removing file tmp_5f/mbert-long_fres_dev_2_10.txt
01:06:04 - removing file tmp_5f/mbert-long_fres_dev_7_10.txt
01:06:04 - removing file tmp_5f/mbert-long_fres_dev_6_10.txt
01:06:04 - removing file tmp_5f/mbert-long_fres_dev_3_10.txt
01:06:04 - removing file tmp_5f/mbert-long_fres_dev_8_10.txt
01:06:04 - removing file tmp_5f/mbert-long_fres_dev_0_10.txt
01:06:04 - removing file tmp_5f/mbert-long_fres_dev_1_10.txt
01:06:04 - removing file tmp_5f/mbert-long_fres_dev_5_10.txt
01:06:04 - removing file tmp_5f/mbert-long_fres_dev_4_10.txt
01:06:04 - removing file tmp_5f/mbert-long_fres_dev_9_10.txt
01:06:04 - process[0]: evaluating epoch 10 on test ...
01:06:26 - test set during evaluation: 11320/11315
01:06:26 - process[0] - test - epoch 10 - mAP: 0.629 w/ 31 queries
01:06:26 - removing file tmp_5f/mbert-long_fres_test_5_10.txt
01:06:26 - removing file tmp_5f/mbert-long_fres_test_9_10.txt
01:06:26 - removing file tmp_5f/mbert-long_fres_test_6_10.txt
01:06:26 - removing file tmp_5f/mbert-long_fres_test_0_10.txt
01:06:26 - removing file tmp_5f/mbert-long_fres_test_2_10.txt
01:06:26 - removing file tmp_5f/mbert-long_fres_test_8_10.txt
01:06:26 - removing file tmp_5f/mbert-long_fres_test_1_10.txt
01:06:26 - removing file tmp_5f/mbert-long_fres_test_3_10.txt
01:06:26 - removing file tmp_5f/mbert-long_fres_test_4_10.txt
01:06:26 - removing file tmp_5f/mbert-long_fres_test_7_10.txt
01:06:26 - process[0]: training epoch 11 ...
01:06:51 - process[0] - epoch 11 - train iter 432 - 20780.8 words/s - loss: 0.2607
01:06:51 - process[0]: evaluating epoch 11 on dev ...
01:07:14 - dev set during evaluation: 11550/11545
01:07:14 - process[0] - dev - epoch 11 - mAP: 0.594 w/ 31 queries
01:07:14 - removing file tmp_5f/mbert-long_fres_dev_7_11.txt
01:07:14 - removing file tmp_5f/mbert-long_fres_dev_3_11.txt
01:07:14 - removing file tmp_5f/mbert-long_fres_dev_8_11.txt
01:07:14 - removing file tmp_5f/mbert-long_fres_dev_2_11.txt
01:07:14 - removing file tmp_5f/mbert-long_fres_dev_5_11.txt
01:07:14 - removing file tmp_5f/mbert-long_fres_dev_4_11.txt
01:07:14 - removing file tmp_5f/mbert-long_fres_dev_6_11.txt
01:07:14 - removing file tmp_5f/mbert-long_fres_dev_9_11.txt
01:07:14 - removing file tmp_5f/mbert-long_fres_dev_1_11.txt
01:07:14 - removing file tmp_5f/mbert-long_fres_dev_0_11.txt
01:07:14 - process[0]: evaluating epoch 11 on test ...
01:07:36 - test set during evaluation: 11320/11315
01:07:36 - process[0] - test - epoch 11 - mAP: 0.631 w/ 31 queries
01:07:36 - removing file tmp_5f/mbert-long_fres_test_7_11.txt
01:07:36 - removing file tmp_5f/mbert-long_fres_test_2_11.txt
01:07:36 - removing file tmp_5f/mbert-long_fres_test_5_11.txt
01:07:36 - removing file tmp_5f/mbert-long_fres_test_1_11.txt
01:07:36 - removing file tmp_5f/mbert-long_fres_test_3_11.txt
01:07:36 - removing file tmp_5f/mbert-long_fres_test_4_11.txt
01:07:36 - removing file tmp_5f/mbert-long_fres_test_9_11.txt
01:07:36 - removing file tmp_5f/mbert-long_fres_test_0_11.txt
01:07:36 - removing file tmp_5f/mbert-long_fres_test_8_11.txt
01:07:36 - removing file tmp_5f/mbert-long_fres_test_6_11.txt
01:07:36 - process[0]: training epoch 12 ...
01:08:01 - process[0] - epoch 12 - train iter 432 - 20787.7 words/s - loss: 0.2804
01:08:01 - process[0]: evaluating epoch 12 on dev ...
01:08:24 - dev set during evaluation: 11550/11545
01:08:24 - process[0] - dev - epoch 12 - mAP: 0.597 w/ 31 queries
01:08:24 - removing file tmp_5f/mbert-long_fres_dev_2_12.txt
01:08:24 - removing file tmp_5f/mbert-long_fres_dev_5_12.txt
01:08:24 - removing file tmp_5f/mbert-long_fres_dev_7_12.txt
01:08:24 - removing file tmp_5f/mbert-long_fres_dev_9_12.txt
01:08:24 - removing file tmp_5f/mbert-long_fres_dev_1_12.txt
01:08:24 - removing file tmp_5f/mbert-long_fres_dev_0_12.txt
01:08:24 - removing file tmp_5f/mbert-long_fres_dev_6_12.txt
01:08:24 - removing file tmp_5f/mbert-long_fres_dev_4_12.txt
01:08:24 - removing file tmp_5f/mbert-long_fres_dev_8_12.txt
01:08:24 - removing file tmp_5f/mbert-long_fres_dev_3_12.txt
01:08:24 - process[0]: evaluating epoch 12 on test ...
01:08:47 - test set during evaluation: 11320/11315
01:08:47 - process[0] - test - epoch 12 - mAP: 0.636 w/ 31 queries
01:08:47 - removing file tmp_5f/mbert-long_fres_test_5_12.txt
01:08:47 - removing file tmp_5f/mbert-long_fres_test_2_12.txt
01:08:47 - removing file tmp_5f/mbert-long_fres_test_0_12.txt
01:08:47 - removing file tmp_5f/mbert-long_fres_test_8_12.txt
01:08:47 - removing file tmp_5f/mbert-long_fres_test_3_12.txt
01:08:47 - removing file tmp_5f/mbert-long_fres_test_4_12.txt
01:08:47 - removing file tmp_5f/mbert-long_fres_test_7_12.txt
01:08:47 - removing file tmp_5f/mbert-long_fres_test_9_12.txt
01:08:47 - removing file tmp_5f/mbert-long_fres_test_1_12.txt
01:08:47 - removing file tmp_5f/mbert-long_fres_test_6_12.txt
01:08:47 - process[0]: training epoch 13 ...
01:09:11 - process[0] - epoch 13 - train iter 432 - 21131.0 words/s - loss: 0.2500
01:09:11 - process[0]: evaluating epoch 13 on dev ...
01:09:34 - dev set during evaluation: 11550/11545
01:09:34 - process[0] - dev - epoch 13 - mAP: 0.596 w/ 31 queries
01:09:35 - removing file tmp_5f/mbert-long_fres_dev_1_13.txt
01:09:35 - removing file tmp_5f/mbert-long_fres_dev_9_13.txt
01:09:35 - removing file tmp_5f/mbert-long_fres_dev_7_13.txt
01:09:35 - removing file tmp_5f/mbert-long_fres_dev_5_13.txt
01:09:35 - removing file tmp_5f/mbert-long_fres_dev_0_13.txt
01:09:35 - removing file tmp_5f/mbert-long_fres_dev_2_13.txt
01:09:35 - removing file tmp_5f/mbert-long_fres_dev_6_13.txt
01:09:35 - removing file tmp_5f/mbert-long_fres_dev_8_13.txt
01:09:35 - removing file tmp_5f/mbert-long_fres_dev_4_13.txt
01:09:35 - removing file tmp_5f/mbert-long_fres_dev_3_13.txt
01:09:35 - process[0]: training epoch 14 ...
01:09:59 - process[0] - epoch 14 - train iter 432 - 20672.5 words/s - loss: 0.2441
01:09:59 - process[0]: evaluating epoch 14 on dev ...
01:10:22 - dev set during evaluation: 11550/11545
01:10:22 - process[0] - dev - epoch 14 - mAP: 0.571 w/ 31 queries
01:10:22 - removing file tmp_5f/mbert-long_fres_dev_8_14.txt
01:10:22 - removing file tmp_5f/mbert-long_fres_dev_0_14.txt
01:10:22 - removing file tmp_5f/mbert-long_fres_dev_5_14.txt
01:10:22 - removing file tmp_5f/mbert-long_fres_dev_4_14.txt
01:10:22 - removing file tmp_5f/mbert-long_fres_dev_1_14.txt
01:10:22 - removing file tmp_5f/mbert-long_fres_dev_3_14.txt
01:10:22 - removing file tmp_5f/mbert-long_fres_dev_9_14.txt
01:10:22 - removing file tmp_5f/mbert-long_fres_dev_7_14.txt
01:10:22 - removing file tmp_5f/mbert-long_fres_dev_6_14.txt
01:10:22 - removing file tmp_5f/mbert-long_fres_dev_2_14.txt
01:10:22 - process[0]: training epoch 15 ...
01:10:47 - process[0] - epoch 15 - train iter 432 - 20881.9 words/s - loss: 0.2773
01:10:47 - process[0]: evaluating epoch 15 on dev ...
01:11:11 - dev set during evaluation: 11550/11545
01:11:11 - process[0] - dev - epoch 15 - mAP: 0.578 w/ 31 queries
01:11:11 - removing file tmp_5f/mbert-long_fres_dev_0_15.txt
01:11:11 - removing file tmp_5f/mbert-long_fres_dev_9_15.txt
01:11:11 - removing file tmp_5f/mbert-long_fres_dev_7_15.txt
01:11:11 - removing file tmp_5f/mbert-long_fres_dev_5_15.txt
01:11:11 - removing file tmp_5f/mbert-long_fres_dev_1_15.txt
01:11:11 - removing file tmp_5f/mbert-long_fres_dev_3_15.txt
01:11:11 - removing file tmp_5f/mbert-long_fres_dev_8_15.txt
01:11:11 - removing file tmp_5f/mbert-long_fres_dev_2_15.txt
01:11:11 - removing file tmp_5f/mbert-long_fres_dev_6_15.txt
01:11:11 - removing file tmp_5f/mbert-long_fres_dev_4_15.txt
01:11:11 - process[0]: training epoch 16 ...
01:11:36 - process[0] - epoch 16 - train iter 432 - 20830.1 words/s - loss: 0.2435
01:11:36 - process[0]: evaluating epoch 16 on dev ...
01:11:59 - dev set during evaluation: 11550/11545
01:11:59 - process[0] - dev - epoch 16 - mAP: 0.599 w/ 31 queries
01:11:59 - removing file tmp_5f/mbert-long_fres_dev_1_16.txt
01:11:59 - removing file tmp_5f/mbert-long_fres_dev_7_16.txt
01:11:59 - removing file tmp_5f/mbert-long_fres_dev_0_16.txt
01:11:59 - removing file tmp_5f/mbert-long_fres_dev_8_16.txt
01:11:59 - removing file tmp_5f/mbert-long_fres_dev_4_16.txt
01:11:59 - removing file tmp_5f/mbert-long_fres_dev_3_16.txt
01:11:59 - removing file tmp_5f/mbert-long_fres_dev_5_16.txt
01:11:59 - removing file tmp_5f/mbert-long_fres_dev_6_16.txt
01:11:59 - removing file tmp_5f/mbert-long_fres_dev_2_16.txt
01:11:59 - removing file tmp_5f/mbert-long_fres_dev_9_16.txt
01:11:59 - process[0]: evaluating epoch 16 on test ...
01:12:21 - test set during evaluation: 11320/11315
01:12:21 - process[0] - test - epoch 16 - mAP: 0.639 w/ 31 queries
01:12:21 - removing file tmp_5f/mbert-long_fres_test_0_16.txt
01:12:21 - removing file tmp_5f/mbert-long_fres_test_9_16.txt
01:12:21 - removing file tmp_5f/mbert-long_fres_test_5_16.txt
01:12:21 - removing file tmp_5f/mbert-long_fres_test_3_16.txt
01:12:21 - removing file tmp_5f/mbert-long_fres_test_2_16.txt
01:12:21 - removing file tmp_5f/mbert-long_fres_test_6_16.txt
01:12:21 - removing file tmp_5f/mbert-long_fres_test_1_16.txt
01:12:21 - removing file tmp_5f/mbert-long_fres_test_8_16.txt
01:12:21 - removing file tmp_5f/mbert-long_fres_test_4_16.txt
01:12:21 - removing file tmp_5f/mbert-long_fres_test_7_16.txt
01:12:21 - process[0]: training epoch 17 ...
01:12:46 - process[0] - epoch 17 - train iter 432 - 20917.5 words/s - loss: 0.2291
01:12:46 - process[0]: evaluating epoch 17 on dev ...
01:13:09 - dev set during evaluation: 11550/11545
01:13:09 - process[0] - dev - epoch 17 - mAP: 0.593 w/ 31 queries
01:13:09 - removing file tmp_5f/mbert-long_fres_dev_2_17.txt
01:13:09 - removing file tmp_5f/mbert-long_fres_dev_8_17.txt
01:13:09 - removing file tmp_5f/mbert-long_fres_dev_5_17.txt
01:13:09 - removing file tmp_5f/mbert-long_fres_dev_6_17.txt
01:13:09 - removing file tmp_5f/mbert-long_fres_dev_0_17.txt
01:13:09 - removing file tmp_5f/mbert-long_fres_dev_1_17.txt
01:13:09 - removing file tmp_5f/mbert-long_fres_dev_7_17.txt
01:13:09 - removing file tmp_5f/mbert-long_fres_dev_3_17.txt
01:13:09 - removing file tmp_5f/mbert-long_fres_dev_4_17.txt
01:13:09 - removing file tmp_5f/mbert-long_fres_dev_9_17.txt
01:13:09 - process[0]: training epoch 18 ...
01:13:34 - process[0] - epoch 18 - train iter 432 - 20607.7 words/s - loss: 0.2440
01:13:34 - process[0]: evaluating epoch 18 on dev ...
01:13:57 - dev set during evaluation: 11550/11545
01:13:57 - process[0] - dev - epoch 18 - mAP: 0.586 w/ 31 queries
01:13:57 - removing file tmp_5f/mbert-long_fres_dev_9_18.txt
01:13:57 - removing file tmp_5f/mbert-long_fres_dev_6_18.txt
01:13:57 - removing file tmp_5f/mbert-long_fres_dev_2_18.txt
01:13:57 - removing file tmp_5f/mbert-long_fres_dev_5_18.txt
01:13:57 - removing file tmp_5f/mbert-long_fres_dev_3_18.txt
01:13:57 - removing file tmp_5f/mbert-long_fres_dev_1_18.txt
01:13:57 - removing file tmp_5f/mbert-long_fres_dev_7_18.txt
01:13:57 - removing file tmp_5f/mbert-long_fres_dev_8_18.txt
01:13:57 - removing file tmp_5f/mbert-long_fres_dev_0_18.txt
01:13:57 - removing file tmp_5f/mbert-long_fres_dev_4_18.txt
01:13:57 - process[0]: training epoch 19 ...
01:14:22 - process[0] - epoch 19 - train iter 432 - 20984.2 words/s - loss: 0.2451
01:14:22 - process[0]: evaluating epoch 19 on dev ...
01:14:45 - dev set during evaluation: 11550/11545
01:14:45 - process[0] - dev - epoch 19 - mAP: 0.602 w/ 31 queries
01:14:45 - removing file tmp_5f/mbert-long_fres_dev_2_19.txt
01:14:45 - removing file tmp_5f/mbert-long_fres_dev_8_19.txt
01:14:45 - removing file tmp_5f/mbert-long_fres_dev_3_19.txt
01:14:45 - removing file tmp_5f/mbert-long_fres_dev_1_19.txt
01:14:45 - removing file tmp_5f/mbert-long_fres_dev_6_19.txt
01:14:45 - removing file tmp_5f/mbert-long_fres_dev_5_19.txt
01:14:45 - removing file tmp_5f/mbert-long_fres_dev_0_19.txt
01:14:45 - removing file tmp_5f/mbert-long_fres_dev_9_19.txt
01:14:45 - removing file tmp_5f/mbert-long_fres_dev_7_19.txt
01:14:45 - removing file tmp_5f/mbert-long_fres_dev_4_19.txt
01:14:45 - process[0]: evaluating epoch 19 on test ...
01:15:07 - test set during evaluation: 11320/11315
01:15:07 - process[0] - test - epoch 19 - mAP: 0.640 w/ 31 queries
01:15:07 - removing file tmp_5f/mbert-long_fres_test_7_19.txt
01:15:07 - removing file tmp_5f/mbert-long_fres_test_9_19.txt
01:15:07 - removing file tmp_5f/mbert-long_fres_test_0_19.txt
01:15:07 - removing file tmp_5f/mbert-long_fres_test_6_19.txt
01:15:07 - removing file tmp_5f/mbert-long_fres_test_1_19.txt
01:15:07 - removing file tmp_5f/mbert-long_fres_test_8_19.txt
01:15:07 - removing file tmp_5f/mbert-long_fres_test_5_19.txt
01:15:07 - removing file tmp_5f/mbert-long_fres_test_4_19.txt
01:15:07 - removing file tmp_5f/mbert-long_fres_test_2_19.txt
01:15:07 - removing file tmp_5f/mbert-long_fres_test_3_19.txt
01:15:07 - [fold 4] best test MAP: 0.640 @ epoch 19
01:15:07 - Evaluating every 1 epochs ...
01:15:07 - reading data from /mnt/home/puxuan/CLIR-project/Evaluation_data/process-clef/uncased
01:15:09 - test has 31 queries ...
01:15:09 - Data reading done ...
01:15:10 - adding 9-th encoder to optimizer...
01:15:10 - adding 10-th encoder to optimizer...
01:15:10 - adding 11-th encoder to optimizer...
01:15:11 - process[0]: training epoch 0 ...
01:15:37 - process[0] - epoch 0 - train iter 437 - 21277.0 words/s - loss: 0.5093
01:15:37 - process[0]: training epoch 1 ...
01:16:02 - process[0] - epoch 1 - train iter 437 - 20357.8 words/s - loss: 0.4354
01:16:02 - process[0]: training epoch 2 ...
01:16:27 - process[0] - epoch 2 - train iter 437 - 20841.9 words/s - loss: 0.3753
01:16:27 - process[0]: training epoch 3 ...
01:16:52 - process[0] - epoch 3 - train iter 437 - 21042.6 words/s - loss: 0.3816
01:16:52 - process[0]: training epoch 4 ...
01:17:17 - process[0] - epoch 4 - train iter 437 - 20861.3 words/s - loss: 0.3543
01:17:17 - process[0]: training epoch 5 ...
01:17:43 - process[0] - epoch 5 - train iter 437 - 21152.5 words/s - loss: 0.3667
01:17:43 - process[0]: training epoch 6 ...
01:18:08 - process[0] - epoch 6 - train iter 437 - 20822.8 words/s - loss: 0.3123
01:18:08 - process[0]: training epoch 7 ...
01:18:33 - process[0] - epoch 7 - train iter 437 - 21107.5 words/s - loss: 0.3232
01:18:33 - process[0]: training epoch 8 ...
01:18:59 - process[0] - epoch 8 - train iter 437 - 20731.6 words/s - loss: 0.2978
01:18:59 - process[0]: training epoch 9 ...
01:19:24 - process[0] - epoch 9 - train iter 437 - 20892.0 words/s - loss: 0.2720
01:19:24 - process[0]: training epoch 10 ...
01:19:49 - process[0] - epoch 10 - train iter 437 - 20861.8 words/s - loss: 0.3289
01:19:49 - process[0]: evaluating epoch 10 on dev ...
01:20:13 - dev set during evaluation: 11320/11315
01:20:13 - process[0] - dev - epoch 10 - mAP: 0.643 w/ 31 queries
01:20:13 - removing file tmp_5f/mbert-long_fres_dev_2_10.txt
01:20:13 - removing file tmp_5f/mbert-long_fres_dev_7_10.txt
01:20:13 - removing file tmp_5f/mbert-long_fres_dev_6_10.txt
01:20:13 - removing file tmp_5f/mbert-long_fres_dev_3_10.txt
01:20:13 - removing file tmp_5f/mbert-long_fres_dev_8_10.txt
01:20:13 - removing file tmp_5f/mbert-long_fres_dev_0_10.txt
01:20:13 - removing file tmp_5f/mbert-long_fres_dev_1_10.txt
01:20:13 - removing file tmp_5f/mbert-long_fres_dev_5_10.txt
01:20:13 - removing file tmp_5f/mbert-long_fres_dev_4_10.txt
01:20:13 - removing file tmp_5f/mbert-long_fres_dev_9_10.txt
01:20:13 - process[0]: evaluating epoch 10 on test ...
01:20:35 - process[0] - test - epoch 10 - mAP: 0.549 w/ 31 queries
01:20:35 - removing file tmp_5f/mbert-long_fres_test_5_10.txt
01:20:35 - removing file tmp_5f/mbert-long_fres_test_9_10.txt
01:20:35 - removing file tmp_5f/mbert-long_fres_test_6_10.txt
01:20:35 - removing file tmp_5f/mbert-long_fres_test_0_10.txt
01:20:35 - removing file tmp_5f/mbert-long_fres_test_2_10.txt
01:20:35 - removing file tmp_5f/mbert-long_fres_test_8_10.txt
01:20:35 - removing file tmp_5f/mbert-long_fres_test_1_10.txt
01:20:35 - removing file tmp_5f/mbert-long_fres_test_3_10.txt
01:20:35 - removing file tmp_5f/mbert-long_fres_test_4_10.txt
01:20:35 - removing file tmp_5f/mbert-long_fres_test_7_10.txt
01:20:35 - process[0]: training epoch 11 ...
01:21:00 - process[0] - epoch 11 - train iter 437 - 20299.9 words/s - loss: 0.2815
01:21:00 - process[0]: evaluating epoch 11 on dev ...
01:21:22 - dev set during evaluation: 11320/11315
01:21:22 - process[0] - dev - epoch 11 - mAP: 0.633 w/ 31 queries
01:21:22 - removing file tmp_5f/mbert-long_fres_dev_7_11.txt
01:21:22 - removing file tmp_5f/mbert-long_fres_dev_3_11.txt
01:21:22 - removing file tmp_5f/mbert-long_fres_dev_8_11.txt
01:21:22 - removing file tmp_5f/mbert-long_fres_dev_2_11.txt
01:21:22 - removing file tmp_5f/mbert-long_fres_dev_5_11.txt
01:21:23 - removing file tmp_5f/mbert-long_fres_dev_4_11.txt
01:21:23 - removing file tmp_5f/mbert-long_fres_dev_6_11.txt
01:21:23 - removing file tmp_5f/mbert-long_fres_dev_9_11.txt
01:21:23 - removing file tmp_5f/mbert-long_fres_dev_1_11.txt
01:21:23 - removing file tmp_5f/mbert-long_fres_dev_0_11.txt
01:21:23 - process[0]: training epoch 12 ...
01:21:48 - process[0] - epoch 12 - train iter 437 - 20814.0 words/s - loss: 0.2531
01:21:48 - process[0]: evaluating epoch 12 on dev ...
01:22:11 - dev set during evaluation: 11320/11315
01:22:11 - process[0] - dev - epoch 12 - mAP: 0.615 w/ 31 queries
01:22:11 - removing file tmp_5f/mbert-long_fres_dev_2_12.txt
01:22:11 - removing file tmp_5f/mbert-long_fres_dev_5_12.txt
01:22:11 - removing file tmp_5f/mbert-long_fres_dev_7_12.txt
01:22:11 - removing file tmp_5f/mbert-long_fres_dev_9_12.txt
01:22:11 - removing file tmp_5f/mbert-long_fres_dev_1_12.txt
01:22:11 - removing file tmp_5f/mbert-long_fres_dev_0_12.txt
01:22:11 - removing file tmp_5f/mbert-long_fres_dev_6_12.txt
01:22:11 - removing file tmp_5f/mbert-long_fres_dev_4_12.txt
01:22:11 - removing file tmp_5f/mbert-long_fres_dev_8_12.txt
01:22:11 - removing file tmp_5f/mbert-long_fres_dev_3_12.txt
01:22:11 - process[0]: training epoch 13 ...
01:22:36 - process[0] - epoch 13 - train iter 437 - 20653.9 words/s - loss: 0.2766
01:22:36 - process[0]: evaluating epoch 13 on dev ...
01:22:59 - dev set during evaluation: 11320/11315
01:22:59 - process[0] - dev - epoch 13 - mAP: 0.645 w/ 31 queries
01:22:59 - removing file tmp_5f/mbert-long_fres_dev_1_13.txt
01:22:59 - removing file tmp_5f/mbert-long_fres_dev_9_13.txt
01:22:59 - removing file tmp_5f/mbert-long_fres_dev_7_13.txt
01:22:59 - removing file tmp_5f/mbert-long_fres_dev_5_13.txt
01:22:59 - removing file tmp_5f/mbert-long_fres_dev_0_13.txt
01:22:59 - removing file tmp_5f/mbert-long_fres_dev_2_13.txt
01:22:59 - removing file tmp_5f/mbert-long_fres_dev_6_13.txt
01:22:59 - removing file tmp_5f/mbert-long_fres_dev_8_13.txt
01:22:59 - removing file tmp_5f/mbert-long_fres_dev_4_13.txt
01:22:59 - removing file tmp_5f/mbert-long_fres_dev_3_13.txt
01:22:59 - process[0]: evaluating epoch 13 on test ...
01:23:20 - process[0] - test - epoch 13 - mAP: 0.551 w/ 31 queries
01:23:20 - removing file tmp_5f/mbert-long_fres_test_1_13.txt
01:23:20 - removing file tmp_5f/mbert-long_fres_test_0_13.txt
01:23:20 - removing file tmp_5f/mbert-long_fres_test_2_13.txt
01:23:20 - removing file tmp_5f/mbert-long_fres_test_3_13.txt
01:23:20 - removing file tmp_5f/mbert-long_fres_test_9_13.txt
01:23:20 - removing file tmp_5f/mbert-long_fres_test_4_13.txt
01:23:20 - removing file tmp_5f/mbert-long_fres_test_7_13.txt
01:23:20 - removing file tmp_5f/mbert-long_fres_test_6_13.txt
01:23:20 - removing file tmp_5f/mbert-long_fres_test_5_13.txt
01:23:20 - removing file tmp_5f/mbert-long_fres_test_8_13.txt
01:23:20 - process[0]: training epoch 14 ...
01:23:46 - process[0] - epoch 14 - train iter 437 - 20361.4 words/s - loss: 0.2544
01:23:46 - process[0]: evaluating epoch 14 on dev ...
01:24:08 - dev set during evaluation: 11320/11315
01:24:08 - process[0] - dev - epoch 14 - mAP: 0.635 w/ 31 queries
01:24:08 - removing file tmp_5f/mbert-long_fres_dev_8_14.txt
01:24:08 - removing file tmp_5f/mbert-long_fres_dev_0_14.txt
01:24:08 - removing file tmp_5f/mbert-long_fres_dev_5_14.txt
01:24:08 - removing file tmp_5f/mbert-long_fres_dev_4_14.txt
01:24:08 - removing file tmp_5f/mbert-long_fres_dev_1_14.txt
01:24:08 - removing file tmp_5f/mbert-long_fres_dev_3_14.txt
01:24:08 - removing file tmp_5f/mbert-long_fres_dev_9_14.txt
01:24:08 - removing file tmp_5f/mbert-long_fres_dev_7_14.txt
01:24:08 - removing file tmp_5f/mbert-long_fres_dev_6_14.txt
01:24:08 - removing file tmp_5f/mbert-long_fres_dev_2_14.txt
01:24:08 - process[0]: training epoch 15 ...
01:24:33 - process[0] - epoch 15 - train iter 437 - 20538.8 words/s - loss: 0.2642
01:24:33 - process[0]: evaluating epoch 15 on dev ...
01:24:56 - dev set during evaluation: 11320/11315
01:24:56 - process[0] - dev - epoch 15 - mAP: 0.630 w/ 31 queries
01:24:56 - removing file tmp_5f/mbert-long_fres_dev_0_15.txt
01:24:56 - removing file tmp_5f/mbert-long_fres_dev_9_15.txt
01:24:56 - removing file tmp_5f/mbert-long_fres_dev_7_15.txt
01:24:56 - removing file tmp_5f/mbert-long_fres_dev_5_15.txt
01:24:56 - removing file tmp_5f/mbert-long_fres_dev_1_15.txt
01:24:56 - removing file tmp_5f/mbert-long_fres_dev_3_15.txt
01:24:56 - removing file tmp_5f/mbert-long_fres_dev_8_15.txt
01:24:56 - removing file tmp_5f/mbert-long_fres_dev_2_15.txt
01:24:56 - removing file tmp_5f/mbert-long_fres_dev_6_15.txt
01:24:56 - removing file tmp_5f/mbert-long_fres_dev_4_15.txt
01:24:56 - process[0]: training epoch 16 ...
01:25:21 - process[0] - epoch 16 - train iter 437 - 21297.3 words/s - loss: 0.2555
01:25:21 - process[0]: evaluating epoch 16 on dev ...
01:25:44 - dev set during evaluation: 11320/11315
01:25:44 - process[0] - dev - epoch 16 - mAP: 0.624 w/ 31 queries
01:25:44 - removing file tmp_5f/mbert-long_fres_dev_1_16.txt
01:25:44 - removing file tmp_5f/mbert-long_fres_dev_7_16.txt
01:25:44 - removing file tmp_5f/mbert-long_fres_dev_0_16.txt
01:25:44 - removing file tmp_5f/mbert-long_fres_dev_8_16.txt
01:25:44 - removing file tmp_5f/mbert-long_fres_dev_4_16.txt
01:25:44 - removing file tmp_5f/mbert-long_fres_dev_3_16.txt
01:25:44 - removing file tmp_5f/mbert-long_fres_dev_5_16.txt
01:25:44 - removing file tmp_5f/mbert-long_fres_dev_6_16.txt
01:25:44 - removing file tmp_5f/mbert-long_fres_dev_2_16.txt
01:25:44 - removing file tmp_5f/mbert-long_fres_dev_9_16.txt
01:25:44 - process[0]: training epoch 17 ...
01:26:09 - process[0] - epoch 17 - train iter 437 - 21163.5 words/s - loss: 0.2681
01:26:09 - process[0]: evaluating epoch 17 on dev ...
01:26:31 - dev set during evaluation: 11320/11315
01:26:31 - process[0] - dev - epoch 17 - mAP: 0.625 w/ 31 queries
01:26:31 - removing file tmp_5f/mbert-long_fres_dev_2_17.txt
01:26:31 - removing file tmp_5f/mbert-long_fres_dev_8_17.txt
01:26:31 - removing file tmp_5f/mbert-long_fres_dev_5_17.txt
01:26:31 - removing file tmp_5f/mbert-long_fres_dev_6_17.txt
01:26:31 - removing file tmp_5f/mbert-long_fres_dev_0_17.txt
01:26:31 - removing file tmp_5f/mbert-long_fres_dev_1_17.txt
01:26:31 - removing file tmp_5f/mbert-long_fres_dev_7_17.txt
01:26:31 - removing file tmp_5f/mbert-long_fres_dev_3_17.txt
01:26:31 - removing file tmp_5f/mbert-long_fres_dev_4_17.txt
01:26:31 - removing file tmp_5f/mbert-long_fres_dev_9_17.txt
01:26:31 - process[0]: training epoch 18 ...
01:26:56 - process[0] - epoch 18 - train iter 437 - 21156.3 words/s - loss: 0.2390
01:26:56 - process[0]: evaluating epoch 18 on dev ...
01:27:19 - dev set during evaluation: 11320/11315
01:27:19 - process[0] - dev - epoch 18 - mAP: 0.625 w/ 31 queries
01:27:19 - removing file tmp_5f/mbert-long_fres_dev_9_18.txt
01:27:19 - removing file tmp_5f/mbert-long_fres_dev_6_18.txt
01:27:19 - removing file tmp_5f/mbert-long_fres_dev_2_18.txt
01:27:19 - removing file tmp_5f/mbert-long_fres_dev_5_18.txt
01:27:19 - removing file tmp_5f/mbert-long_fres_dev_3_18.txt
01:27:19 - removing file tmp_5f/mbert-long_fres_dev_1_18.txt
01:27:19 - removing file tmp_5f/mbert-long_fres_dev_7_18.txt
01:27:19 - removing file tmp_5f/mbert-long_fres_dev_8_18.txt
01:27:19 - removing file tmp_5f/mbert-long_fres_dev_0_18.txt
01:27:19 - removing file tmp_5f/mbert-long_fres_dev_4_18.txt
01:27:19 - process[0]: training epoch 19 ...
01:27:44 - process[0] - epoch 19 - train iter 437 - 21008.8 words/s - loss: 0.2350
01:27:44 - process[0]: evaluating epoch 19 on dev ...
01:28:07 - dev set during evaluation: 11320/11315
01:28:07 - process[0] - dev - epoch 19 - mAP: 0.636 w/ 31 queries
01:28:07 - removing file tmp_5f/mbert-long_fres_dev_2_19.txt
01:28:07 - removing file tmp_5f/mbert-long_fres_dev_8_19.txt
01:28:07 - removing file tmp_5f/mbert-long_fres_dev_3_19.txt
01:28:07 - removing file tmp_5f/mbert-long_fres_dev_1_19.txt
01:28:07 - removing file tmp_5f/mbert-long_fres_dev_6_19.txt
01:28:07 - removing file tmp_5f/mbert-long_fres_dev_5_19.txt
01:28:07 - removing file tmp_5f/mbert-long_fres_dev_0_19.txt
01:28:07 - removing file tmp_5f/mbert-long_fres_dev_9_19.txt
01:28:07 - removing file tmp_5f/mbert-long_fres_dev_7_19.txt
01:28:07 - removing file tmp_5f/mbert-long_fres_dev_4_19.txt
01:28:07 - [fold 5] best test MAP: 0.551 @ epoch 13
01:28:07 - [0.5789721069567328, 0.628338990906931, 0.590858415758952, 0.640172553281607, 0.5510030153614112]
01:28:07 - [31, 32, 31, 31, 31]
01:28:07 - final MAP: 0.598
