00:00:06 - Namespace(apex_level='O2', batch_size=8, cased=False, dataset='clef', debug=False, encoder_lr=2e-05, eval_step=1, full_doc_length=True, local_rank=0, model_path='/mnt/scratch/puxuan/short_qlm-rr/2147416/huggingface-9', model_type='mbert', num_epochs=20, num_ft_encoders=3, num_neg=1, projector_lr=2e-05, seed=611, source_lang='de', target_lang='es')
00:13:17 - Evaluating every 1 epochs ...
00:13:17 - reading data from /mnt/home/puxuan/CLIR-project/Evaluation_data/process-clef/uncased
00:13:18 - test has 31 queries ...
00:13:18 - Data reading done ...
00:13:25 - adding 9-th encoder to optimizer...
00:13:25 - adding 10-th encoder to optimizer...
00:13:25 - adding 11-th encoder to optimizer...
00:13:25 - process[0]: training epoch 0 ...
00:13:42 - process[0] - epoch 0 - train iter 540 - 27550.1 words/s - loss: 0.5042
00:13:42 - process[0]: training epoch 1 ...
00:13:59 - process[0] - epoch 1 - train iter 540 - 28685.5 words/s - loss: 0.4188
00:13:59 - process[0]: training epoch 2 ...
00:14:15 - process[0] - epoch 2 - train iter 540 - 28369.7 words/s - loss: 0.3876
00:14:15 - process[0]: training epoch 3 ...
00:14:31 - process[0] - epoch 3 - train iter 540 - 28651.1 words/s - loss: 0.3903
00:14:31 - process[0]: training epoch 4 ...
00:14:48 - process[0] - epoch 4 - train iter 540 - 28411.0 words/s - loss: 0.3415
00:14:48 - process[0]: training epoch 5 ...
00:15:04 - process[0] - epoch 5 - train iter 540 - 28696.6 words/s - loss: 0.3548
00:15:04 - process[0]: training epoch 6 ...
00:15:21 - process[0] - epoch 6 - train iter 540 - 28134.9 words/s - loss: 0.3578
00:15:21 - process[0]: training epoch 7 ...
00:15:37 - process[0] - epoch 7 - train iter 540 - 28484.1 words/s - loss: 0.3199
00:15:37 - process[0]: training epoch 8 ...
00:15:54 - process[0] - epoch 8 - train iter 540 - 28235.3 words/s - loss: 0.3400
00:15:54 - process[0]: training epoch 9 ...
00:16:10 - process[0] - epoch 9 - train iter 540 - 28374.9 words/s - loss: 0.3014
00:16:10 - process[0]: training epoch 10 ...
00:16:27 - process[0] - epoch 10 - train iter 540 - 28449.8 words/s - loss: 0.2874
00:16:27 - process[0]: evaluating epoch 10 on dev ...
00:16:47 - process[0] - dev - epoch 10 - mAP: 0.522 w/ 31 queries
00:16:47 - removing file tmp_5f/mbert_dees_dev_4_10.txt
00:16:47 - removing file tmp_5f/mbert_dees_dev_7_10.txt
00:16:47 - removing file tmp_5f/mbert_dees_dev_6_10.txt
00:16:47 - removing file tmp_5f/mbert_dees_dev_2_10.txt
00:16:47 - removing file tmp_5f/mbert_dees_dev_5_10.txt
00:16:47 - removing file tmp_5f/mbert_dees_dev_3_10.txt
00:16:47 - removing file tmp_5f/mbert_dees_dev_0_10.txt
00:16:47 - removing file tmp_5f/mbert_dees_dev_9_10.txt
00:16:47 - removing file tmp_5f/mbert_dees_dev_1_10.txt
00:16:47 - removing file tmp_5f/mbert_dees_dev_8_10.txt
00:16:47 - process[0]: evaluating epoch 10 on test ...
00:17:01 - test set during evaluation: 11460/11458
00:17:01 - process[0] - test - epoch 10 - mAP: 0.576 w/ 31 queries
00:17:01 - removing file tmp_5f/mbert_dees_test_4_10.txt
00:17:01 - removing file tmp_5f/mbert_dees_test_7_10.txt
00:17:01 - removing file tmp_5f/mbert_dees_test_6_10.txt
00:17:01 - removing file tmp_5f/mbert_dees_test_8_10.txt
00:17:01 - removing file tmp_5f/mbert_dees_test_1_10.txt
00:17:01 - removing file tmp_5f/mbert_dees_test_0_10.txt
00:17:01 - removing file tmp_5f/mbert_dees_test_5_10.txt
00:17:01 - removing file tmp_5f/mbert_dees_test_2_10.txt
00:17:01 - removing file tmp_5f/mbert_dees_test_9_10.txt
00:17:01 - removing file tmp_5f/mbert_dees_test_3_10.txt
00:17:01 - process[0]: training epoch 11 ...
00:17:18 - process[0] - epoch 11 - train iter 540 - 28136.3 words/s - loss: 0.3247
00:17:18 - process[0]: evaluating epoch 11 on dev ...
00:17:32 - process[0] - dev - epoch 11 - mAP: 0.528 w/ 31 queries
00:17:32 - removing file tmp_5f/mbert_dees_dev_9_11.txt
00:17:32 - removing file tmp_5f/mbert_dees_dev_4_11.txt
00:17:32 - removing file tmp_5f/mbert_dees_dev_2_11.txt
00:17:32 - removing file tmp_5f/mbert_dees_dev_6_11.txt
00:17:32 - removing file tmp_5f/mbert_dees_dev_5_11.txt
00:17:32 - removing file tmp_5f/mbert_dees_dev_3_11.txt
00:17:32 - removing file tmp_5f/mbert_dees_dev_1_11.txt
00:17:32 - removing file tmp_5f/mbert_dees_dev_7_11.txt
00:17:32 - removing file tmp_5f/mbert_dees_dev_0_11.txt
00:17:32 - removing file tmp_5f/mbert_dees_dev_8_11.txt
00:17:32 - process[0]: evaluating epoch 11 on test ...
00:17:46 - test set during evaluation: 11460/11458
00:17:46 - process[0] - test - epoch 11 - mAP: 0.546 w/ 31 queries
00:17:46 - removing file tmp_5f/mbert_dees_test_8_11.txt
00:17:46 - removing file tmp_5f/mbert_dees_test_3_11.txt
00:17:46 - removing file tmp_5f/mbert_dees_test_6_11.txt
00:17:46 - removing file tmp_5f/mbert_dees_test_4_11.txt
00:17:46 - removing file tmp_5f/mbert_dees_test_5_11.txt
00:17:46 - removing file tmp_5f/mbert_dees_test_9_11.txt
00:17:46 - removing file tmp_5f/mbert_dees_test_7_11.txt
00:17:46 - removing file tmp_5f/mbert_dees_test_0_11.txt
00:17:46 - removing file tmp_5f/mbert_dees_test_1_11.txt
00:17:46 - removing file tmp_5f/mbert_dees_test_2_11.txt
00:17:46 - process[0]: training epoch 12 ...
00:18:02 - process[0] - epoch 12 - train iter 540 - 28768.8 words/s - loss: 0.2981
00:18:02 - process[0]: evaluating epoch 12 on dev ...
00:18:16 - process[0] - dev - epoch 12 - mAP: 0.520 w/ 31 queries
00:18:16 - removing file tmp_5f/mbert_dees_dev_5_12.txt
00:18:16 - removing file tmp_5f/mbert_dees_dev_9_12.txt
00:18:16 - removing file tmp_5f/mbert_dees_dev_2_12.txt
00:18:16 - removing file tmp_5f/mbert_dees_dev_1_12.txt
00:18:16 - removing file tmp_5f/mbert_dees_dev_6_12.txt
00:18:16 - removing file tmp_5f/mbert_dees_dev_3_12.txt
00:18:16 - removing file tmp_5f/mbert_dees_dev_8_12.txt
00:18:16 - removing file tmp_5f/mbert_dees_dev_4_12.txt
00:18:16 - removing file tmp_5f/mbert_dees_dev_0_12.txt
00:18:16 - removing file tmp_5f/mbert_dees_dev_7_12.txt
00:18:16 - process[0]: training epoch 13 ...
00:18:32 - process[0] - epoch 13 - train iter 540 - 28808.8 words/s - loss: 0.3098
00:18:32 - process[0]: evaluating epoch 13 on dev ...
00:18:45 - process[0] - dev - epoch 13 - mAP: 0.509 w/ 31 queries
00:18:45 - removing file tmp_5f/mbert_dees_dev_8_13.txt
00:18:45 - removing file tmp_5f/mbert_dees_dev_3_13.txt
00:18:45 - removing file tmp_5f/mbert_dees_dev_2_13.txt
00:18:45 - removing file tmp_5f/mbert_dees_dev_1_13.txt
00:18:45 - removing file tmp_5f/mbert_dees_dev_7_13.txt
00:18:45 - removing file tmp_5f/mbert_dees_dev_4_13.txt
00:18:45 - removing file tmp_5f/mbert_dees_dev_6_13.txt
00:18:45 - removing file tmp_5f/mbert_dees_dev_5_13.txt
00:18:45 - removing file tmp_5f/mbert_dees_dev_9_13.txt
00:18:45 - removing file tmp_5f/mbert_dees_dev_0_13.txt
00:18:45 - process[0]: training epoch 14 ...
00:19:02 - process[0] - epoch 14 - train iter 540 - 28755.1 words/s - loss: 0.2735
00:19:02 - process[0]: evaluating epoch 14 on dev ...
00:19:15 - process[0] - dev - epoch 14 - mAP: 0.509 w/ 31 queries
00:19:16 - removing file tmp_5f/mbert_dees_dev_0_14.txt
00:19:16 - removing file tmp_5f/mbert_dees_dev_8_14.txt
00:19:16 - removing file tmp_5f/mbert_dees_dev_5_14.txt
00:19:16 - removing file tmp_5f/mbert_dees_dev_3_14.txt
00:19:16 - removing file tmp_5f/mbert_dees_dev_4_14.txt
00:19:16 - removing file tmp_5f/mbert_dees_dev_9_14.txt
00:19:16 - removing file tmp_5f/mbert_dees_dev_7_14.txt
00:19:16 - removing file tmp_5f/mbert_dees_dev_2_14.txt
00:19:16 - removing file tmp_5f/mbert_dees_dev_1_14.txt
00:19:16 - removing file tmp_5f/mbert_dees_dev_6_14.txt
00:19:16 - process[0]: training epoch 15 ...
00:19:32 - process[0] - epoch 15 - train iter 540 - 28670.1 words/s - loss: 0.2813
00:19:32 - process[0]: evaluating epoch 15 on dev ...
00:19:46 - process[0] - dev - epoch 15 - mAP: 0.512 w/ 31 queries
00:19:46 - removing file tmp_5f/mbert_dees_dev_1_15.txt
00:19:46 - removing file tmp_5f/mbert_dees_dev_9_15.txt
00:19:46 - removing file tmp_5f/mbert_dees_dev_6_15.txt
00:19:46 - removing file tmp_5f/mbert_dees_dev_5_15.txt
00:19:46 - removing file tmp_5f/mbert_dees_dev_7_15.txt
00:19:46 - removing file tmp_5f/mbert_dees_dev_8_15.txt
00:19:46 - removing file tmp_5f/mbert_dees_dev_0_15.txt
00:19:46 - removing file tmp_5f/mbert_dees_dev_3_15.txt
00:19:46 - removing file tmp_5f/mbert_dees_dev_2_15.txt
00:19:46 - removing file tmp_5f/mbert_dees_dev_4_15.txt
00:19:46 - process[0]: training epoch 16 ...
00:20:02 - process[0] - epoch 16 - train iter 540 - 28776.9 words/s - loss: 0.2676
00:20:02 - process[0]: evaluating epoch 16 on dev ...
00:20:15 - process[0] - dev - epoch 16 - mAP: 0.517 w/ 31 queries
00:20:15 - removing file tmp_5f/mbert_dees_dev_7_16.txt
00:20:15 - removing file tmp_5f/mbert_dees_dev_5_16.txt
00:20:15 - removing file tmp_5f/mbert_dees_dev_8_16.txt
00:20:15 - removing file tmp_5f/mbert_dees_dev_4_16.txt
00:20:15 - removing file tmp_5f/mbert_dees_dev_1_16.txt
00:20:15 - removing file tmp_5f/mbert_dees_dev_3_16.txt
00:20:15 - removing file tmp_5f/mbert_dees_dev_2_16.txt
00:20:15 - removing file tmp_5f/mbert_dees_dev_9_16.txt
00:20:15 - removing file tmp_5f/mbert_dees_dev_0_16.txt
00:20:15 - removing file tmp_5f/mbert_dees_dev_6_16.txt
00:20:15 - process[0]: training epoch 17 ...
00:20:32 - process[0] - epoch 17 - train iter 540 - 28904.6 words/s - loss: 0.2625
00:20:32 - process[0]: evaluating epoch 17 on dev ...
00:20:45 - process[0] - dev - epoch 17 - mAP: 0.499 w/ 31 queries
00:20:45 - removing file tmp_5f/mbert_dees_dev_4_17.txt
00:20:45 - removing file tmp_5f/mbert_dees_dev_5_17.txt
00:20:45 - removing file tmp_5f/mbert_dees_dev_2_17.txt
00:20:45 - removing file tmp_5f/mbert_dees_dev_7_17.txt
00:20:45 - removing file tmp_5f/mbert_dees_dev_6_17.txt
00:20:45 - removing file tmp_5f/mbert_dees_dev_8_17.txt
00:20:45 - removing file tmp_5f/mbert_dees_dev_3_17.txt
00:20:45 - removing file tmp_5f/mbert_dees_dev_0_17.txt
00:20:45 - removing file tmp_5f/mbert_dees_dev_9_17.txt
00:20:45 - removing file tmp_5f/mbert_dees_dev_1_17.txt
00:20:45 - process[0]: training epoch 18 ...
00:21:02 - process[0] - epoch 18 - train iter 540 - 28545.1 words/s - loss: 0.2628
00:21:02 - process[0]: evaluating epoch 18 on dev ...
00:21:15 - process[0] - dev - epoch 18 - mAP: 0.508 w/ 31 queries
00:21:16 - removing file tmp_5f/mbert_dees_dev_0_18.txt
00:21:16 - removing file tmp_5f/mbert_dees_dev_2_18.txt
00:21:16 - removing file tmp_5f/mbert_dees_dev_4_18.txt
00:21:16 - removing file tmp_5f/mbert_dees_dev_7_18.txt
00:21:16 - removing file tmp_5f/mbert_dees_dev_3_18.txt
00:21:16 - removing file tmp_5f/mbert_dees_dev_6_18.txt
00:21:16 - removing file tmp_5f/mbert_dees_dev_5_18.txt
00:21:16 - removing file tmp_5f/mbert_dees_dev_1_18.txt
00:21:16 - removing file tmp_5f/mbert_dees_dev_9_18.txt
00:21:16 - removing file tmp_5f/mbert_dees_dev_8_18.txt
00:21:16 - process[0]: training epoch 19 ...
00:21:32 - process[0] - epoch 19 - train iter 540 - 28902.7 words/s - loss: 0.3027
00:21:32 - process[0]: evaluating epoch 19 on dev ...
00:21:46 - process[0] - dev - epoch 19 - mAP: 0.531 w/ 31 queries
00:21:46 - removing file tmp_5f/mbert_dees_dev_8_19.txt
00:21:46 - removing file tmp_5f/mbert_dees_dev_2_19.txt
00:21:46 - removing file tmp_5f/mbert_dees_dev_6_19.txt
00:21:46 - removing file tmp_5f/mbert_dees_dev_9_19.txt
00:21:46 - removing file tmp_5f/mbert_dees_dev_0_19.txt
00:21:46 - removing file tmp_5f/mbert_dees_dev_7_19.txt
00:21:46 - removing file tmp_5f/mbert_dees_dev_3_19.txt
00:21:46 - removing file tmp_5f/mbert_dees_dev_1_19.txt
00:21:46 - removing file tmp_5f/mbert_dees_dev_5_19.txt
00:21:46 - removing file tmp_5f/mbert_dees_dev_4_19.txt
00:21:46 - process[0]: evaluating epoch 19 on test ...
00:22:00 - test set during evaluation: 11460/11458
00:22:00 - process[0] - test - epoch 19 - mAP: 0.530 w/ 31 queries
00:22:00 - removing file tmp_5f/mbert_dees_test_4_19.txt
00:22:00 - removing file tmp_5f/mbert_dees_test_2_19.txt
00:22:00 - removing file tmp_5f/mbert_dees_test_6_19.txt
00:22:00 - removing file tmp_5f/mbert_dees_test_1_19.txt
00:22:00 - removing file tmp_5f/mbert_dees_test_9_19.txt
00:22:00 - removing file tmp_5f/mbert_dees_test_7_19.txt
00:22:00 - removing file tmp_5f/mbert_dees_test_0_19.txt
00:22:00 - removing file tmp_5f/mbert_dees_test_3_19.txt
00:22:00 - removing file tmp_5f/mbert_dees_test_8_19.txt
00:22:00 - removing file tmp_5f/mbert_dees_test_5_19.txt
00:22:00 - [fold 1] best test MAP: 0.530 @ epoch 19
00:22:00 - Evaluating every 1 epochs ...
00:22:00 - reading data from /mnt/home/puxuan/CLIR-project/Evaluation_data/process-clef/uncased
00:22:01 - test has 32 queries ...
00:22:01 - Data reading done ...
00:22:03 - adding 9-th encoder to optimizer...
00:22:03 - adding 10-th encoder to optimizer...
00:22:03 - adding 11-th encoder to optimizer...
00:22:04 - process[0]: training epoch 0 ...
00:22:19 - process[0] - epoch 0 - train iter 492 - 28134.8 words/s - loss: 0.5045
00:22:19 - process[0]: training epoch 1 ...
00:22:35 - process[0] - epoch 1 - train iter 492 - 28129.2 words/s - loss: 0.4199
00:22:35 - process[0]: training epoch 2 ...
00:22:50 - process[0] - epoch 2 - train iter 492 - 28322.3 words/s - loss: 0.3806
00:22:50 - process[0]: training epoch 3 ...
00:23:05 - process[0] - epoch 3 - train iter 492 - 27802.4 words/s - loss: 0.3532
00:23:05 - process[0]: training epoch 4 ...
00:23:20 - process[0] - epoch 4 - train iter 492 - 27979.3 words/s - loss: 0.3798
00:23:20 - process[0]: training epoch 5 ...
00:23:35 - process[0] - epoch 5 - train iter 492 - 28152.6 words/s - loss: 0.3268
00:23:35 - process[0]: training epoch 6 ...
00:23:51 - process[0] - epoch 6 - train iter 492 - 27867.7 words/s - loss: 0.3514
00:23:51 - process[0]: training epoch 7 ...
00:24:06 - process[0] - epoch 7 - train iter 492 - 28036.8 words/s - loss: 0.3012
00:24:06 - process[0]: training epoch 8 ...
00:24:22 - process[0] - epoch 8 - train iter 492 - 27560.7 words/s - loss: 0.3268
00:24:22 - process[0]: training epoch 9 ...
00:24:37 - process[0] - epoch 9 - train iter 492 - 27827.5 words/s - loss: 0.3403
00:24:37 - process[0]: training epoch 10 ...
00:24:52 - process[0] - epoch 10 - train iter 492 - 28208.1 words/s - loss: 0.3228
00:24:52 - process[0]: evaluating epoch 10 on dev ...
00:25:08 - dev set during evaluation: 11460/11458
00:25:08 - process[0] - dev - epoch 10 - mAP: 0.530 w/ 31 queries
00:25:08 - removing file tmp_5f/mbert_dees_dev_4_10.txt
00:25:08 - removing file tmp_5f/mbert_dees_dev_7_10.txt
00:25:08 - removing file tmp_5f/mbert_dees_dev_6_10.txt
00:25:08 - removing file tmp_5f/mbert_dees_dev_2_10.txt
00:25:08 - removing file tmp_5f/mbert_dees_dev_5_10.txt
00:25:08 - removing file tmp_5f/mbert_dees_dev_3_10.txt
00:25:08 - removing file tmp_5f/mbert_dees_dev_0_10.txt
00:25:08 - removing file tmp_5f/mbert_dees_dev_9_10.txt
00:25:08 - removing file tmp_5f/mbert_dees_dev_1_10.txt
00:25:08 - removing file tmp_5f/mbert_dees_dev_8_10.txt
00:25:08 - process[0]: evaluating epoch 10 on test ...
00:25:23 - process[0] - test - epoch 10 - mAP: 0.588 w/ 32 queries
00:25:23 - removing file tmp_5f/mbert_dees_test_4_10.txt
00:25:23 - removing file tmp_5f/mbert_dees_test_7_10.txt
00:25:23 - removing file tmp_5f/mbert_dees_test_6_10.txt
00:25:23 - removing file tmp_5f/mbert_dees_test_8_10.txt
00:25:23 - removing file tmp_5f/mbert_dees_test_1_10.txt
00:25:23 - removing file tmp_5f/mbert_dees_test_0_10.txt
00:25:23 - removing file tmp_5f/mbert_dees_test_5_10.txt
00:25:23 - removing file tmp_5f/mbert_dees_test_2_10.txt
00:25:23 - removing file tmp_5f/mbert_dees_test_9_10.txt
00:25:23 - removing file tmp_5f/mbert_dees_test_3_10.txt
00:25:23 - process[0]: training epoch 11 ...
00:25:38 - process[0] - epoch 11 - train iter 492 - 28182.1 words/s - loss: 0.2889
00:25:38 - process[0]: evaluating epoch 11 on dev ...
00:25:52 - dev set during evaluation: 11460/11458
00:25:52 - process[0] - dev - epoch 11 - mAP: 0.535 w/ 31 queries
00:25:52 - removing file tmp_5f/mbert_dees_dev_9_11.txt
00:25:52 - removing file tmp_5f/mbert_dees_dev_4_11.txt
00:25:52 - removing file tmp_5f/mbert_dees_dev_2_11.txt
00:25:52 - removing file tmp_5f/mbert_dees_dev_6_11.txt
00:25:52 - removing file tmp_5f/mbert_dees_dev_5_11.txt
00:25:52 - removing file tmp_5f/mbert_dees_dev_3_11.txt
00:25:52 - removing file tmp_5f/mbert_dees_dev_1_11.txt
00:25:52 - removing file tmp_5f/mbert_dees_dev_7_11.txt
00:25:52 - removing file tmp_5f/mbert_dees_dev_0_11.txt
00:25:52 - removing file tmp_5f/mbert_dees_dev_8_11.txt
00:25:52 - process[0]: evaluating epoch 11 on test ...
00:26:07 - process[0] - test - epoch 11 - mAP: 0.594 w/ 32 queries
00:26:07 - removing file tmp_5f/mbert_dees_test_8_11.txt
00:26:07 - removing file tmp_5f/mbert_dees_test_3_11.txt
00:26:07 - removing file tmp_5f/mbert_dees_test_6_11.txt
00:26:07 - removing file tmp_5f/mbert_dees_test_4_11.txt
00:26:07 - removing file tmp_5f/mbert_dees_test_5_11.txt
00:26:07 - removing file tmp_5f/mbert_dees_test_9_11.txt
00:26:07 - removing file tmp_5f/mbert_dees_test_7_11.txt
00:26:07 - removing file tmp_5f/mbert_dees_test_0_11.txt
00:26:07 - removing file tmp_5f/mbert_dees_test_1_11.txt
00:26:07 - removing file tmp_5f/mbert_dees_test_2_11.txt
00:26:07 - process[0]: training epoch 12 ...
00:26:23 - process[0] - epoch 12 - train iter 492 - 27655.7 words/s - loss: 0.2928
00:26:23 - process[0]: evaluating epoch 12 on dev ...
00:26:37 - dev set during evaluation: 11460/11458
00:26:37 - process[0] - dev - epoch 12 - mAP: 0.538 w/ 31 queries
00:26:37 - removing file tmp_5f/mbert_dees_dev_5_12.txt
00:26:37 - removing file tmp_5f/mbert_dees_dev_9_12.txt
00:26:37 - removing file tmp_5f/mbert_dees_dev_2_12.txt
00:26:37 - removing file tmp_5f/mbert_dees_dev_1_12.txt
00:26:37 - removing file tmp_5f/mbert_dees_dev_6_12.txt
00:26:37 - removing file tmp_5f/mbert_dees_dev_3_12.txt
00:26:37 - removing file tmp_5f/mbert_dees_dev_8_12.txt
00:26:37 - removing file tmp_5f/mbert_dees_dev_4_12.txt
00:26:37 - removing file tmp_5f/mbert_dees_dev_0_12.txt
00:26:37 - removing file tmp_5f/mbert_dees_dev_7_12.txt
00:26:37 - process[0]: evaluating epoch 12 on test ...
00:26:51 - process[0] - test - epoch 12 - mAP: 0.588 w/ 32 queries
00:26:51 - removing file tmp_5f/mbert_dees_test_2_12.txt
00:26:51 - removing file tmp_5f/mbert_dees_test_8_12.txt
00:26:51 - removing file tmp_5f/mbert_dees_test_7_12.txt
00:26:51 - removing file tmp_5f/mbert_dees_test_5_12.txt
00:26:51 - removing file tmp_5f/mbert_dees_test_0_12.txt
00:26:51 - removing file tmp_5f/mbert_dees_test_4_12.txt
00:26:51 - removing file tmp_5f/mbert_dees_test_9_12.txt
00:26:51 - removing file tmp_5f/mbert_dees_test_6_12.txt
00:26:51 - removing file tmp_5f/mbert_dees_test_1_12.txt
00:26:51 - removing file tmp_5f/mbert_dees_test_3_12.txt
00:26:51 - process[0]: training epoch 13 ...
00:27:07 - process[0] - epoch 13 - train iter 492 - 28473.3 words/s - loss: 0.2893
00:27:07 - process[0]: evaluating epoch 13 on dev ...
00:27:21 - dev set during evaluation: 11460/11458
00:27:21 - process[0] - dev - epoch 13 - mAP: 0.536 w/ 31 queries
00:27:21 - removing file tmp_5f/mbert_dees_dev_8_13.txt
00:27:21 - removing file tmp_5f/mbert_dees_dev_3_13.txt
00:27:21 - removing file tmp_5f/mbert_dees_dev_2_13.txt
00:27:21 - removing file tmp_5f/mbert_dees_dev_1_13.txt
00:27:21 - removing file tmp_5f/mbert_dees_dev_7_13.txt
00:27:21 - removing file tmp_5f/mbert_dees_dev_4_13.txt
00:27:21 - removing file tmp_5f/mbert_dees_dev_6_13.txt
00:27:21 - removing file tmp_5f/mbert_dees_dev_5_13.txt
00:27:21 - removing file tmp_5f/mbert_dees_dev_9_13.txt
00:27:21 - removing file tmp_5f/mbert_dees_dev_0_13.txt
00:27:21 - process[0]: training epoch 14 ...
00:27:36 - process[0] - epoch 14 - train iter 492 - 28292.1 words/s - loss: 0.3086
00:27:36 - process[0]: evaluating epoch 14 on dev ...
00:27:51 - dev set during evaluation: 11460/11458
00:27:51 - process[0] - dev - epoch 14 - mAP: 0.536 w/ 31 queries
00:27:51 - removing file tmp_5f/mbert_dees_dev_0_14.txt
00:27:51 - removing file tmp_5f/mbert_dees_dev_8_14.txt
00:27:51 - removing file tmp_5f/mbert_dees_dev_5_14.txt
00:27:51 - removing file tmp_5f/mbert_dees_dev_3_14.txt
00:27:51 - removing file tmp_5f/mbert_dees_dev_4_14.txt
00:27:51 - removing file tmp_5f/mbert_dees_dev_9_14.txt
00:27:51 - removing file tmp_5f/mbert_dees_dev_7_14.txt
00:27:51 - removing file tmp_5f/mbert_dees_dev_2_14.txt
00:27:51 - removing file tmp_5f/mbert_dees_dev_1_14.txt
00:27:51 - removing file tmp_5f/mbert_dees_dev_6_14.txt
00:27:51 - process[0]: training epoch 15 ...
00:28:06 - process[0] - epoch 15 - train iter 492 - 28439.7 words/s - loss: 0.2978
00:28:06 - process[0]: evaluating epoch 15 on dev ...
00:28:20 - dev set during evaluation: 11460/11458
00:28:20 - process[0] - dev - epoch 15 - mAP: 0.528 w/ 31 queries
00:28:20 - removing file tmp_5f/mbert_dees_dev_1_15.txt
00:28:20 - removing file tmp_5f/mbert_dees_dev_9_15.txt
00:28:20 - removing file tmp_5f/mbert_dees_dev_6_15.txt
00:28:20 - removing file tmp_5f/mbert_dees_dev_5_15.txt
00:28:20 - removing file tmp_5f/mbert_dees_dev_7_15.txt
00:28:20 - removing file tmp_5f/mbert_dees_dev_8_15.txt
00:28:20 - removing file tmp_5f/mbert_dees_dev_0_15.txt
00:28:20 - removing file tmp_5f/mbert_dees_dev_3_15.txt
00:28:20 - removing file tmp_5f/mbert_dees_dev_2_15.txt
00:28:20 - removing file tmp_5f/mbert_dees_dev_4_15.txt
00:28:20 - process[0]: training epoch 16 ...
00:28:35 - process[0] - epoch 16 - train iter 492 - 27954.5 words/s - loss: 0.2937
00:28:35 - process[0]: evaluating epoch 16 on dev ...
00:28:50 - dev set during evaluation: 11460/11458
00:28:50 - process[0] - dev - epoch 16 - mAP: 0.518 w/ 31 queries
00:28:50 - removing file tmp_5f/mbert_dees_dev_7_16.txt
00:28:50 - removing file tmp_5f/mbert_dees_dev_5_16.txt
00:28:50 - removing file tmp_5f/mbert_dees_dev_8_16.txt
00:28:50 - removing file tmp_5f/mbert_dees_dev_4_16.txt
00:28:50 - removing file tmp_5f/mbert_dees_dev_1_16.txt
00:28:50 - removing file tmp_5f/mbert_dees_dev_3_16.txt
00:28:50 - removing file tmp_5f/mbert_dees_dev_2_16.txt
00:28:50 - removing file tmp_5f/mbert_dees_dev_9_16.txt
00:28:50 - removing file tmp_5f/mbert_dees_dev_0_16.txt
00:28:50 - removing file tmp_5f/mbert_dees_dev_6_16.txt
00:28:50 - process[0]: training epoch 17 ...
00:29:05 - process[0] - epoch 17 - train iter 492 - 28433.1 words/s - loss: 0.2746
00:29:05 - process[0]: evaluating epoch 17 on dev ...
00:29:19 - dev set during evaluation: 11460/11458
00:29:19 - process[0] - dev - epoch 17 - mAP: 0.532 w/ 31 queries
00:29:19 - removing file tmp_5f/mbert_dees_dev_4_17.txt
00:29:19 - removing file tmp_5f/mbert_dees_dev_5_17.txt
00:29:19 - removing file tmp_5f/mbert_dees_dev_2_17.txt
00:29:19 - removing file tmp_5f/mbert_dees_dev_7_17.txt
00:29:19 - removing file tmp_5f/mbert_dees_dev_6_17.txt
00:29:19 - removing file tmp_5f/mbert_dees_dev_8_17.txt
00:29:19 - removing file tmp_5f/mbert_dees_dev_3_17.txt
00:29:19 - removing file tmp_5f/mbert_dees_dev_0_17.txt
00:29:19 - removing file tmp_5f/mbert_dees_dev_9_17.txt
00:29:19 - removing file tmp_5f/mbert_dees_dev_1_17.txt
00:29:19 - process[0]: training epoch 18 ...
00:29:34 - process[0] - epoch 18 - train iter 492 - 28647.6 words/s - loss: 0.2807
00:29:34 - process[0]: evaluating epoch 18 on dev ...
00:29:48 - dev set during evaluation: 11460/11458
00:29:48 - process[0] - dev - epoch 18 - mAP: 0.539 w/ 31 queries
00:29:48 - removing file tmp_5f/mbert_dees_dev_0_18.txt
00:29:48 - removing file tmp_5f/mbert_dees_dev_2_18.txt
00:29:48 - removing file tmp_5f/mbert_dees_dev_4_18.txt
00:29:48 - removing file tmp_5f/mbert_dees_dev_7_18.txt
00:29:48 - removing file tmp_5f/mbert_dees_dev_3_18.txt
00:29:48 - removing file tmp_5f/mbert_dees_dev_6_18.txt
00:29:48 - removing file tmp_5f/mbert_dees_dev_5_18.txt
00:29:48 - removing file tmp_5f/mbert_dees_dev_1_18.txt
00:29:48 - removing file tmp_5f/mbert_dees_dev_9_18.txt
00:29:48 - removing file tmp_5f/mbert_dees_dev_8_18.txt
00:29:48 - process[0]: evaluating epoch 18 on test ...
00:30:03 - process[0] - test - epoch 18 - mAP: 0.581 w/ 32 queries
00:30:03 - removing file tmp_5f/mbert_dees_test_4_18.txt
00:30:03 - removing file tmp_5f/mbert_dees_test_3_18.txt
00:30:03 - removing file tmp_5f/mbert_dees_test_9_18.txt
00:30:03 - removing file tmp_5f/mbert_dees_test_8_18.txt
00:30:03 - removing file tmp_5f/mbert_dees_test_6_18.txt
00:30:03 - removing file tmp_5f/mbert_dees_test_2_18.txt
00:30:03 - removing file tmp_5f/mbert_dees_test_7_18.txt
00:30:03 - removing file tmp_5f/mbert_dees_test_5_18.txt
00:30:03 - removing file tmp_5f/mbert_dees_test_0_18.txt
00:30:03 - removing file tmp_5f/mbert_dees_test_1_18.txt
00:30:03 - process[0]: training epoch 19 ...
00:30:18 - process[0] - epoch 19 - train iter 492 - 28242.2 words/s - loss: 0.2877
00:30:18 - process[0]: evaluating epoch 19 on dev ...
00:30:32 - dev set during evaluation: 11460/11458
00:30:32 - process[0] - dev - epoch 19 - mAP: 0.533 w/ 31 queries
00:30:32 - removing file tmp_5f/mbert_dees_dev_8_19.txt
00:30:32 - removing file tmp_5f/mbert_dees_dev_2_19.txt
00:30:32 - removing file tmp_5f/mbert_dees_dev_6_19.txt
00:30:32 - removing file tmp_5f/mbert_dees_dev_9_19.txt
00:30:32 - removing file tmp_5f/mbert_dees_dev_0_19.txt
00:30:32 - removing file tmp_5f/mbert_dees_dev_7_19.txt
00:30:32 - removing file tmp_5f/mbert_dees_dev_3_19.txt
00:30:32 - removing file tmp_5f/mbert_dees_dev_1_19.txt
00:30:32 - removing file tmp_5f/mbert_dees_dev_5_19.txt
00:30:32 - removing file tmp_5f/mbert_dees_dev_4_19.txt
00:30:32 - [fold 2] best test MAP: 0.581 @ epoch 18
00:30:32 - Evaluating every 1 epochs ...
00:30:32 - reading data from /mnt/home/puxuan/CLIR-project/Evaluation_data/process-clef/uncased
00:30:34 - test has 31 queries ...
00:30:34 - Data reading done ...
00:30:35 - adding 9-th encoder to optimizer...
00:30:35 - adding 10-th encoder to optimizer...
00:30:35 - adding 11-th encoder to optimizer...
00:30:36 - process[0]: training epoch 0 ...
00:30:51 - process[0] - epoch 0 - train iter 476 - 28189.5 words/s - loss: 0.4844
00:30:51 - process[0]: training epoch 1 ...
00:31:06 - process[0] - epoch 1 - train iter 476 - 28130.4 words/s - loss: 0.4094
00:31:06 - process[0]: training epoch 2 ...
00:31:20 - process[0] - epoch 2 - train iter 476 - 28152.2 words/s - loss: 0.4025
00:31:20 - process[0]: training epoch 3 ...
00:31:35 - process[0] - epoch 3 - train iter 476 - 28281.5 words/s - loss: 0.3797
00:31:35 - process[0]: training epoch 4 ...
00:31:50 - process[0] - epoch 4 - train iter 476 - 27980.7 words/s - loss: 0.3430
00:31:50 - process[0]: training epoch 5 ...
00:32:05 - process[0] - epoch 5 - train iter 476 - 28198.6 words/s - loss: 0.3377
00:32:05 - process[0]: training epoch 6 ...
00:32:19 - process[0] - epoch 6 - train iter 476 - 28403.7 words/s - loss: 0.3459
00:32:19 - process[0]: training epoch 7 ...
00:32:34 - process[0] - epoch 7 - train iter 476 - 28643.4 words/s - loss: 0.3517
00:32:34 - process[0]: training epoch 8 ...
00:32:48 - process[0] - epoch 8 - train iter 476 - 28303.5 words/s - loss: 0.3243
00:32:48 - process[0]: training epoch 9 ...
00:33:03 - process[0] - epoch 9 - train iter 476 - 28075.1 words/s - loss: 0.2922
00:33:03 - process[0]: training epoch 10 ...
00:33:18 - process[0] - epoch 10 - train iter 476 - 28302.0 words/s - loss: 0.3305
00:33:18 - process[0]: evaluating epoch 10 on dev ...
00:33:34 - process[0] - dev - epoch 10 - mAP: 0.581 w/ 32 queries
00:33:34 - removing file tmp_5f/mbert_dees_dev_4_10.txt
00:33:34 - removing file tmp_5f/mbert_dees_dev_7_10.txt
00:33:34 - removing file tmp_5f/mbert_dees_dev_6_10.txt
00:33:34 - removing file tmp_5f/mbert_dees_dev_2_10.txt
00:33:34 - removing file tmp_5f/mbert_dees_dev_5_10.txt
00:33:34 - removing file tmp_5f/mbert_dees_dev_3_10.txt
00:33:34 - removing file tmp_5f/mbert_dees_dev_0_10.txt
00:33:34 - removing file tmp_5f/mbert_dees_dev_9_10.txt
00:33:34 - removing file tmp_5f/mbert_dees_dev_1_10.txt
00:33:34 - removing file tmp_5f/mbert_dees_dev_8_10.txt
00:33:34 - process[0]: evaluating epoch 10 on test ...
00:33:49 - test set during evaluation: 11550/11545
00:33:49 - process[0] - test - epoch 10 - mAP: 0.553 w/ 31 queries
00:33:49 - removing file tmp_5f/mbert_dees_test_4_10.txt
00:33:49 - removing file tmp_5f/mbert_dees_test_7_10.txt
00:33:49 - removing file tmp_5f/mbert_dees_test_6_10.txt
00:33:49 - removing file tmp_5f/mbert_dees_test_8_10.txt
00:33:49 - removing file tmp_5f/mbert_dees_test_1_10.txt
00:33:49 - removing file tmp_5f/mbert_dees_test_0_10.txt
00:33:49 - removing file tmp_5f/mbert_dees_test_5_10.txt
00:33:49 - removing file tmp_5f/mbert_dees_test_2_10.txt
00:33:49 - removing file tmp_5f/mbert_dees_test_9_10.txt
00:33:49 - removing file tmp_5f/mbert_dees_test_3_10.txt
00:33:49 - process[0]: training epoch 11 ...
00:34:04 - process[0] - epoch 11 - train iter 476 - 28186.5 words/s - loss: 0.3006
00:34:04 - process[0]: evaluating epoch 11 on dev ...
00:34:19 - process[0] - dev - epoch 11 - mAP: 0.600 w/ 32 queries
00:34:19 - removing file tmp_5f/mbert_dees_dev_9_11.txt
00:34:19 - removing file tmp_5f/mbert_dees_dev_4_11.txt
00:34:19 - removing file tmp_5f/mbert_dees_dev_2_11.txt
00:34:19 - removing file tmp_5f/mbert_dees_dev_6_11.txt
00:34:19 - removing file tmp_5f/mbert_dees_dev_5_11.txt
00:34:19 - removing file tmp_5f/mbert_dees_dev_3_11.txt
00:34:19 - removing file tmp_5f/mbert_dees_dev_1_11.txt
00:34:19 - removing file tmp_5f/mbert_dees_dev_7_11.txt
00:34:19 - removing file tmp_5f/mbert_dees_dev_0_11.txt
00:34:19 - removing file tmp_5f/mbert_dees_dev_8_11.txt
00:34:19 - process[0]: evaluating epoch 11 on test ...
00:34:34 - test set during evaluation: 11550/11545
00:34:34 - process[0] - test - epoch 11 - mAP: 0.549 w/ 31 queries
00:34:34 - removing file tmp_5f/mbert_dees_test_8_11.txt
00:34:34 - removing file tmp_5f/mbert_dees_test_3_11.txt
00:34:34 - removing file tmp_5f/mbert_dees_test_6_11.txt
00:34:34 - removing file tmp_5f/mbert_dees_test_4_11.txt
00:34:34 - removing file tmp_5f/mbert_dees_test_5_11.txt
00:34:34 - removing file tmp_5f/mbert_dees_test_9_11.txt
00:34:34 - removing file tmp_5f/mbert_dees_test_7_11.txt
00:34:34 - removing file tmp_5f/mbert_dees_test_0_11.txt
00:34:34 - removing file tmp_5f/mbert_dees_test_1_11.txt
00:34:34 - removing file tmp_5f/mbert_dees_test_2_11.txt
00:34:34 - process[0]: training epoch 12 ...
00:34:49 - process[0] - epoch 12 - train iter 476 - 28131.6 words/s - loss: 0.3151
00:34:49 - process[0]: evaluating epoch 12 on dev ...
00:35:04 - process[0] - dev - epoch 12 - mAP: 0.580 w/ 32 queries
00:35:04 - removing file tmp_5f/mbert_dees_dev_5_12.txt
00:35:04 - removing file tmp_5f/mbert_dees_dev_9_12.txt
00:35:04 - removing file tmp_5f/mbert_dees_dev_2_12.txt
00:35:04 - removing file tmp_5f/mbert_dees_dev_1_12.txt
00:35:04 - removing file tmp_5f/mbert_dees_dev_6_12.txt
00:35:04 - removing file tmp_5f/mbert_dees_dev_3_12.txt
00:35:04 - removing file tmp_5f/mbert_dees_dev_8_12.txt
00:35:04 - removing file tmp_5f/mbert_dees_dev_4_12.txt
00:35:04 - removing file tmp_5f/mbert_dees_dev_0_12.txt
00:35:04 - removing file tmp_5f/mbert_dees_dev_7_12.txt
00:35:04 - process[0]: training epoch 13 ...
00:35:19 - process[0] - epoch 13 - train iter 476 - 28271.0 words/s - loss: 0.3352
00:35:19 - process[0]: evaluating epoch 13 on dev ...
00:35:34 - process[0] - dev - epoch 13 - mAP: 0.580 w/ 32 queries
00:35:34 - removing file tmp_5f/mbert_dees_dev_8_13.txt
00:35:34 - removing file tmp_5f/mbert_dees_dev_3_13.txt
00:35:34 - removing file tmp_5f/mbert_dees_dev_2_13.txt
00:35:34 - removing file tmp_5f/mbert_dees_dev_1_13.txt
00:35:34 - removing file tmp_5f/mbert_dees_dev_7_13.txt
00:35:34 - removing file tmp_5f/mbert_dees_dev_4_13.txt
00:35:34 - removing file tmp_5f/mbert_dees_dev_6_13.txt
00:35:34 - removing file tmp_5f/mbert_dees_dev_5_13.txt
00:35:34 - removing file tmp_5f/mbert_dees_dev_9_13.txt
00:35:34 - removing file tmp_5f/mbert_dees_dev_0_13.txt
00:35:34 - process[0]: training epoch 14 ...
00:35:48 - process[0] - epoch 14 - train iter 476 - 28417.0 words/s - loss: 0.3134
00:35:48 - process[0]: evaluating epoch 14 on dev ...
00:36:03 - process[0] - dev - epoch 14 - mAP: 0.584 w/ 32 queries
00:36:03 - removing file tmp_5f/mbert_dees_dev_0_14.txt
00:36:03 - removing file tmp_5f/mbert_dees_dev_8_14.txt
00:36:03 - removing file tmp_5f/mbert_dees_dev_5_14.txt
00:36:03 - removing file tmp_5f/mbert_dees_dev_3_14.txt
00:36:03 - removing file tmp_5f/mbert_dees_dev_4_14.txt
00:36:03 - removing file tmp_5f/mbert_dees_dev_9_14.txt
00:36:03 - removing file tmp_5f/mbert_dees_dev_7_14.txt
00:36:03 - removing file tmp_5f/mbert_dees_dev_2_14.txt
00:36:03 - removing file tmp_5f/mbert_dees_dev_1_14.txt
00:36:03 - removing file tmp_5f/mbert_dees_dev_6_14.txt
00:36:03 - process[0]: training epoch 15 ...
00:36:18 - process[0] - epoch 15 - train iter 476 - 28182.7 words/s - loss: 0.3075
00:36:18 - process[0]: evaluating epoch 15 on dev ...
00:36:33 - process[0] - dev - epoch 15 - mAP: 0.577 w/ 32 queries
00:36:33 - removing file tmp_5f/mbert_dees_dev_1_15.txt
00:36:33 - removing file tmp_5f/mbert_dees_dev_9_15.txt
00:36:33 - removing file tmp_5f/mbert_dees_dev_6_15.txt
00:36:33 - removing file tmp_5f/mbert_dees_dev_5_15.txt
00:36:33 - removing file tmp_5f/mbert_dees_dev_7_15.txt
00:36:33 - removing file tmp_5f/mbert_dees_dev_8_15.txt
00:36:33 - removing file tmp_5f/mbert_dees_dev_0_15.txt
00:36:33 - removing file tmp_5f/mbert_dees_dev_3_15.txt
00:36:33 - removing file tmp_5f/mbert_dees_dev_2_15.txt
00:36:33 - removing file tmp_5f/mbert_dees_dev_4_15.txt
00:36:33 - process[0]: training epoch 16 ...
00:36:48 - process[0] - epoch 16 - train iter 476 - 28076.3 words/s - loss: 0.2729
00:36:48 - process[0]: evaluating epoch 16 on dev ...
00:37:03 - process[0] - dev - epoch 16 - mAP: 0.571 w/ 32 queries
00:37:03 - removing file tmp_5f/mbert_dees_dev_7_16.txt
00:37:03 - removing file tmp_5f/mbert_dees_dev_5_16.txt
00:37:03 - removing file tmp_5f/mbert_dees_dev_8_16.txt
00:37:03 - removing file tmp_5f/mbert_dees_dev_4_16.txt
00:37:03 - removing file tmp_5f/mbert_dees_dev_1_16.txt
00:37:03 - removing file tmp_5f/mbert_dees_dev_3_16.txt
00:37:03 - removing file tmp_5f/mbert_dees_dev_2_16.txt
00:37:03 - removing file tmp_5f/mbert_dees_dev_9_16.txt
00:37:03 - removing file tmp_5f/mbert_dees_dev_0_16.txt
00:37:03 - removing file tmp_5f/mbert_dees_dev_6_16.txt
00:37:03 - process[0]: training epoch 17 ...
00:37:18 - process[0] - epoch 17 - train iter 476 - 28665.5 words/s - loss: 0.2584
00:37:18 - process[0]: evaluating epoch 17 on dev ...
00:37:33 - process[0] - dev - epoch 17 - mAP: 0.572 w/ 32 queries
00:37:33 - removing file tmp_5f/mbert_dees_dev_4_17.txt
00:37:33 - removing file tmp_5f/mbert_dees_dev_5_17.txt
00:37:33 - removing file tmp_5f/mbert_dees_dev_2_17.txt
00:37:33 - removing file tmp_5f/mbert_dees_dev_7_17.txt
00:37:33 - removing file tmp_5f/mbert_dees_dev_6_17.txt
00:37:33 - removing file tmp_5f/mbert_dees_dev_8_17.txt
00:37:33 - removing file tmp_5f/mbert_dees_dev_3_17.txt
00:37:33 - removing file tmp_5f/mbert_dees_dev_0_17.txt
00:37:33 - removing file tmp_5f/mbert_dees_dev_9_17.txt
00:37:33 - removing file tmp_5f/mbert_dees_dev_1_17.txt
00:37:33 - process[0]: training epoch 18 ...
00:37:48 - process[0] - epoch 18 - train iter 476 - 27828.8 words/s - loss: 0.3208
00:37:48 - process[0]: evaluating epoch 18 on dev ...
00:38:02 - process[0] - dev - epoch 18 - mAP: 0.566 w/ 32 queries
00:38:02 - removing file tmp_5f/mbert_dees_dev_0_18.txt
00:38:02 - removing file tmp_5f/mbert_dees_dev_2_18.txt
00:38:02 - removing file tmp_5f/mbert_dees_dev_4_18.txt
00:38:02 - removing file tmp_5f/mbert_dees_dev_7_18.txt
00:38:02 - removing file tmp_5f/mbert_dees_dev_3_18.txt
00:38:02 - removing file tmp_5f/mbert_dees_dev_6_18.txt
00:38:02 - removing file tmp_5f/mbert_dees_dev_5_18.txt
00:38:02 - removing file tmp_5f/mbert_dees_dev_1_18.txt
00:38:02 - removing file tmp_5f/mbert_dees_dev_9_18.txt
00:38:02 - removing file tmp_5f/mbert_dees_dev_8_18.txt
00:38:02 - process[0]: training epoch 19 ...
00:38:17 - process[0] - epoch 19 - train iter 476 - 27767.1 words/s - loss: 0.2586
00:38:17 - process[0]: evaluating epoch 19 on dev ...
00:38:32 - process[0] - dev - epoch 19 - mAP: 0.567 w/ 32 queries
00:38:32 - removing file tmp_5f/mbert_dees_dev_8_19.txt
00:38:32 - removing file tmp_5f/mbert_dees_dev_2_19.txt
00:38:32 - removing file tmp_5f/mbert_dees_dev_6_19.txt
00:38:32 - removing file tmp_5f/mbert_dees_dev_9_19.txt
00:38:32 - removing file tmp_5f/mbert_dees_dev_0_19.txt
00:38:32 - removing file tmp_5f/mbert_dees_dev_7_19.txt
00:38:32 - removing file tmp_5f/mbert_dees_dev_3_19.txt
00:38:32 - removing file tmp_5f/mbert_dees_dev_1_19.txt
00:38:32 - removing file tmp_5f/mbert_dees_dev_5_19.txt
00:38:32 - removing file tmp_5f/mbert_dees_dev_4_19.txt
00:38:32 - [fold 3] best test MAP: 0.549 @ epoch 11
00:38:32 - Evaluating every 1 epochs ...
00:38:32 - reading data from /mnt/home/puxuan/CLIR-project/Evaluation_data/process-clef/uncased
00:38:33 - test has 31 queries ...
00:38:33 - Data reading done ...
00:38:35 - adding 9-th encoder to optimizer...
00:38:35 - adding 10-th encoder to optimizer...
00:38:35 - adding 11-th encoder to optimizer...
00:38:36 - process[0]: training epoch 0 ...
00:38:49 - process[0] - epoch 0 - train iter 432 - 28498.2 words/s - loss: 0.5331
00:38:49 - process[0]: training epoch 1 ...
00:39:02 - process[0] - epoch 1 - train iter 432 - 28576.3 words/s - loss: 0.4386
00:39:02 - process[0]: training epoch 2 ...
00:39:15 - process[0] - epoch 2 - train iter 432 - 28503.9 words/s - loss: 0.4254
00:39:15 - process[0]: training epoch 3 ...
00:39:29 - process[0] - epoch 3 - train iter 432 - 27758.8 words/s - loss: 0.3894
00:39:29 - process[0]: training epoch 4 ...
00:39:42 - process[0] - epoch 4 - train iter 432 - 28108.7 words/s - loss: 0.3677
00:39:42 - process[0]: training epoch 5 ...
00:39:56 - process[0] - epoch 5 - train iter 432 - 28296.0 words/s - loss: 0.4193
00:39:56 - process[0]: training epoch 6 ...
00:40:09 - process[0] - epoch 6 - train iter 432 - 28446.4 words/s - loss: 0.3474
00:40:09 - process[0]: training epoch 7 ...
00:40:22 - process[0] - epoch 7 - train iter 432 - 28464.7 words/s - loss: 0.3333
00:40:22 - process[0]: training epoch 8 ...
00:40:36 - process[0] - epoch 8 - train iter 432 - 28118.3 words/s - loss: 0.3423
00:40:36 - process[0]: training epoch 9 ...
00:40:49 - process[0] - epoch 9 - train iter 432 - 27926.8 words/s - loss: 0.3104
00:40:49 - process[0]: training epoch 10 ...
00:41:03 - process[0] - epoch 10 - train iter 432 - 28135.8 words/s - loss: 0.3479
00:41:03 - process[0]: evaluating epoch 10 on dev ...
00:41:19 - dev set during evaluation: 11550/11545
00:41:19 - process[0] - dev - epoch 10 - mAP: 0.575 w/ 31 queries
00:41:19 - removing file tmp_5f/mbert_dees_dev_4_10.txt
00:41:19 - removing file tmp_5f/mbert_dees_dev_7_10.txt
00:41:19 - removing file tmp_5f/mbert_dees_dev_6_10.txt
00:41:19 - removing file tmp_5f/mbert_dees_dev_2_10.txt
00:41:19 - removing file tmp_5f/mbert_dees_dev_5_10.txt
00:41:19 - removing file tmp_5f/mbert_dees_dev_3_10.txt
00:41:19 - removing file tmp_5f/mbert_dees_dev_0_10.txt
00:41:19 - removing file tmp_5f/mbert_dees_dev_9_10.txt
00:41:19 - removing file tmp_5f/mbert_dees_dev_1_10.txt
00:41:19 - removing file tmp_5f/mbert_dees_dev_8_10.txt
00:41:19 - process[0]: evaluating epoch 10 on test ...
00:41:33 - test set during evaluation: 11320/11315
00:41:33 - process[0] - test - epoch 10 - mAP: 0.607 w/ 31 queries
00:41:33 - removing file tmp_5f/mbert_dees_test_4_10.txt
00:41:33 - removing file tmp_5f/mbert_dees_test_7_10.txt
00:41:33 - removing file tmp_5f/mbert_dees_test_6_10.txt
00:41:33 - removing file tmp_5f/mbert_dees_test_8_10.txt
00:41:33 - removing file tmp_5f/mbert_dees_test_1_10.txt
00:41:33 - removing file tmp_5f/mbert_dees_test_0_10.txt
00:41:33 - removing file tmp_5f/mbert_dees_test_5_10.txt
00:41:33 - removing file tmp_5f/mbert_dees_test_2_10.txt
00:41:33 - removing file tmp_5f/mbert_dees_test_9_10.txt
00:41:33 - removing file tmp_5f/mbert_dees_test_3_10.txt
00:41:33 - process[0]: training epoch 11 ...
00:41:46 - process[0] - epoch 11 - train iter 432 - 28115.7 words/s - loss: 0.3148
00:41:46 - process[0]: evaluating epoch 11 on dev ...
00:42:01 - dev set during evaluation: 11550/11545
00:42:01 - process[0] - dev - epoch 11 - mAP: 0.573 w/ 31 queries
00:42:01 - removing file tmp_5f/mbert_dees_dev_9_11.txt
00:42:01 - removing file tmp_5f/mbert_dees_dev_4_11.txt
00:42:01 - removing file tmp_5f/mbert_dees_dev_2_11.txt
00:42:01 - removing file tmp_5f/mbert_dees_dev_6_11.txt
00:42:01 - removing file tmp_5f/mbert_dees_dev_5_11.txt
00:42:01 - removing file tmp_5f/mbert_dees_dev_3_11.txt
00:42:01 - removing file tmp_5f/mbert_dees_dev_1_11.txt
00:42:01 - removing file tmp_5f/mbert_dees_dev_7_11.txt
00:42:01 - removing file tmp_5f/mbert_dees_dev_0_11.txt
00:42:01 - removing file tmp_5f/mbert_dees_dev_8_11.txt
00:42:01 - process[0]: training epoch 12 ...
00:42:15 - process[0] - epoch 12 - train iter 432 - 27976.3 words/s - loss: 0.3269
00:42:15 - process[0]: evaluating epoch 12 on dev ...
00:42:30 - dev set during evaluation: 11550/11545
00:42:30 - process[0] - dev - epoch 12 - mAP: 0.596 w/ 31 queries
00:42:30 - removing file tmp_5f/mbert_dees_dev_5_12.txt
00:42:30 - removing file tmp_5f/mbert_dees_dev_9_12.txt
00:42:30 - removing file tmp_5f/mbert_dees_dev_2_12.txt
00:42:30 - removing file tmp_5f/mbert_dees_dev_1_12.txt
00:42:30 - removing file tmp_5f/mbert_dees_dev_6_12.txt
00:42:30 - removing file tmp_5f/mbert_dees_dev_3_12.txt
00:42:30 - removing file tmp_5f/mbert_dees_dev_8_12.txt
00:42:30 - removing file tmp_5f/mbert_dees_dev_4_12.txt
00:42:30 - removing file tmp_5f/mbert_dees_dev_0_12.txt
00:42:30 - removing file tmp_5f/mbert_dees_dev_7_12.txt
00:42:30 - process[0]: evaluating epoch 12 on test ...
00:42:44 - test set during evaluation: 11320/11315
00:42:44 - process[0] - test - epoch 12 - mAP: 0.590 w/ 31 queries
00:42:44 - removing file tmp_5f/mbert_dees_test_2_12.txt
00:42:44 - removing file tmp_5f/mbert_dees_test_8_12.txt
00:42:44 - removing file tmp_5f/mbert_dees_test_7_12.txt
00:42:44 - removing file tmp_5f/mbert_dees_test_5_12.txt
00:42:44 - removing file tmp_5f/mbert_dees_test_0_12.txt
00:42:44 - removing file tmp_5f/mbert_dees_test_4_12.txt
00:42:44 - removing file tmp_5f/mbert_dees_test_9_12.txt
00:42:44 - removing file tmp_5f/mbert_dees_test_6_12.txt
00:42:44 - removing file tmp_5f/mbert_dees_test_1_12.txt
00:42:44 - removing file tmp_5f/mbert_dees_test_3_12.txt
00:42:44 - process[0]: training epoch 13 ...
00:42:58 - process[0] - epoch 13 - train iter 432 - 28317.5 words/s - loss: 0.2997
00:42:58 - process[0]: evaluating epoch 13 on dev ...
00:43:13 - dev set during evaluation: 11550/11545
00:43:13 - process[0] - dev - epoch 13 - mAP: 0.573 w/ 31 queries
00:43:13 - removing file tmp_5f/mbert_dees_dev_8_13.txt
00:43:13 - removing file tmp_5f/mbert_dees_dev_3_13.txt
00:43:13 - removing file tmp_5f/mbert_dees_dev_2_13.txt
00:43:13 - removing file tmp_5f/mbert_dees_dev_1_13.txt
00:43:13 - removing file tmp_5f/mbert_dees_dev_7_13.txt
00:43:13 - removing file tmp_5f/mbert_dees_dev_4_13.txt
00:43:13 - removing file tmp_5f/mbert_dees_dev_6_13.txt
00:43:13 - removing file tmp_5f/mbert_dees_dev_5_13.txt
00:43:13 - removing file tmp_5f/mbert_dees_dev_9_13.txt
00:43:13 - removing file tmp_5f/mbert_dees_dev_0_13.txt
00:43:13 - process[0]: training epoch 14 ...
00:43:26 - process[0] - epoch 14 - train iter 432 - 28372.4 words/s - loss: 0.2941
00:43:26 - process[0]: evaluating epoch 14 on dev ...
00:43:41 - dev set during evaluation: 11550/11545
00:43:41 - process[0] - dev - epoch 14 - mAP: 0.583 w/ 31 queries
00:43:41 - removing file tmp_5f/mbert_dees_dev_0_14.txt
00:43:41 - removing file tmp_5f/mbert_dees_dev_8_14.txt
00:43:41 - removing file tmp_5f/mbert_dees_dev_5_14.txt
00:43:41 - removing file tmp_5f/mbert_dees_dev_3_14.txt
00:43:41 - removing file tmp_5f/mbert_dees_dev_4_14.txt
00:43:41 - removing file tmp_5f/mbert_dees_dev_9_14.txt
00:43:41 - removing file tmp_5f/mbert_dees_dev_7_14.txt
00:43:41 - removing file tmp_5f/mbert_dees_dev_2_14.txt
00:43:41 - removing file tmp_5f/mbert_dees_dev_1_14.txt
00:43:41 - removing file tmp_5f/mbert_dees_dev_6_14.txt
00:43:41 - process[0]: training epoch 15 ...
00:43:54 - process[0] - epoch 15 - train iter 432 - 28166.2 words/s - loss: 0.3217
00:43:54 - process[0]: evaluating epoch 15 on dev ...
00:44:09 - dev set during evaluation: 11550/11545
00:44:09 - process[0] - dev - epoch 15 - mAP: 0.576 w/ 31 queries
00:44:09 - removing file tmp_5f/mbert_dees_dev_1_15.txt
00:44:09 - removing file tmp_5f/mbert_dees_dev_9_15.txt
00:44:09 - removing file tmp_5f/mbert_dees_dev_6_15.txt
00:44:09 - removing file tmp_5f/mbert_dees_dev_5_15.txt
00:44:09 - removing file tmp_5f/mbert_dees_dev_7_15.txt
00:44:09 - removing file tmp_5f/mbert_dees_dev_8_15.txt
00:44:09 - removing file tmp_5f/mbert_dees_dev_0_15.txt
00:44:09 - removing file tmp_5f/mbert_dees_dev_3_15.txt
00:44:09 - removing file tmp_5f/mbert_dees_dev_2_15.txt
00:44:09 - removing file tmp_5f/mbert_dees_dev_4_15.txt
00:44:09 - process[0]: training epoch 16 ...
00:44:23 - process[0] - epoch 16 - train iter 432 - 28180.3 words/s - loss: 0.2996
00:44:23 - process[0]: evaluating epoch 16 on dev ...
00:44:37 - dev set during evaluation: 11550/11545
00:44:37 - process[0] - dev - epoch 16 - mAP: 0.578 w/ 31 queries
00:44:37 - removing file tmp_5f/mbert_dees_dev_7_16.txt
00:44:37 - removing file tmp_5f/mbert_dees_dev_5_16.txt
00:44:37 - removing file tmp_5f/mbert_dees_dev_8_16.txt
00:44:37 - removing file tmp_5f/mbert_dees_dev_4_16.txt
00:44:37 - removing file tmp_5f/mbert_dees_dev_1_16.txt
00:44:37 - removing file tmp_5f/mbert_dees_dev_3_16.txt
00:44:37 - removing file tmp_5f/mbert_dees_dev_2_16.txt
00:44:37 - removing file tmp_5f/mbert_dees_dev_9_16.txt
00:44:37 - removing file tmp_5f/mbert_dees_dev_0_16.txt
00:44:37 - removing file tmp_5f/mbert_dees_dev_6_16.txt
00:44:37 - process[0]: training epoch 17 ...
00:44:51 - process[0] - epoch 17 - train iter 432 - 28512.2 words/s - loss: 0.2859
00:44:51 - process[0]: evaluating epoch 17 on dev ...
00:45:06 - dev set during evaluation: 11550/11545
00:45:06 - process[0] - dev - epoch 17 - mAP: 0.580 w/ 31 queries
00:45:06 - removing file tmp_5f/mbert_dees_dev_4_17.txt
00:45:06 - removing file tmp_5f/mbert_dees_dev_5_17.txt
00:45:06 - removing file tmp_5f/mbert_dees_dev_2_17.txt
00:45:06 - removing file tmp_5f/mbert_dees_dev_7_17.txt
00:45:06 - removing file tmp_5f/mbert_dees_dev_6_17.txt
00:45:06 - removing file tmp_5f/mbert_dees_dev_8_17.txt
00:45:06 - removing file tmp_5f/mbert_dees_dev_3_17.txt
00:45:06 - removing file tmp_5f/mbert_dees_dev_0_17.txt
00:45:06 - removing file tmp_5f/mbert_dees_dev_9_17.txt
00:45:06 - removing file tmp_5f/mbert_dees_dev_1_17.txt
00:45:06 - process[0]: training epoch 18 ...
00:45:19 - process[0] - epoch 18 - train iter 432 - 28332.1 words/s - loss: 0.2902
00:45:19 - process[0]: evaluating epoch 18 on dev ...
00:45:34 - dev set during evaluation: 11550/11545
00:45:34 - process[0] - dev - epoch 18 - mAP: 0.574 w/ 31 queries
00:45:34 - removing file tmp_5f/mbert_dees_dev_0_18.txt
00:45:34 - removing file tmp_5f/mbert_dees_dev_2_18.txt
00:45:34 - removing file tmp_5f/mbert_dees_dev_4_18.txt
00:45:34 - removing file tmp_5f/mbert_dees_dev_7_18.txt
00:45:34 - removing file tmp_5f/mbert_dees_dev_3_18.txt
00:45:34 - removing file tmp_5f/mbert_dees_dev_6_18.txt
00:45:34 - removing file tmp_5f/mbert_dees_dev_5_18.txt
00:45:34 - removing file tmp_5f/mbert_dees_dev_1_18.txt
00:45:34 - removing file tmp_5f/mbert_dees_dev_9_18.txt
00:45:34 - removing file tmp_5f/mbert_dees_dev_8_18.txt
00:45:34 - process[0]: training epoch 19 ...
00:45:47 - process[0] - epoch 19 - train iter 432 - 28419.0 words/s - loss: 0.2862
00:45:47 - process[0]: evaluating epoch 19 on dev ...
00:46:02 - dev set during evaluation: 11550/11545
00:46:02 - process[0] - dev - epoch 19 - mAP: 0.592 w/ 31 queries
00:46:02 - removing file tmp_5f/mbert_dees_dev_8_19.txt
00:46:02 - removing file tmp_5f/mbert_dees_dev_2_19.txt
00:46:02 - removing file tmp_5f/mbert_dees_dev_6_19.txt
00:46:02 - removing file tmp_5f/mbert_dees_dev_9_19.txt
00:46:02 - removing file tmp_5f/mbert_dees_dev_0_19.txt
00:46:02 - removing file tmp_5f/mbert_dees_dev_7_19.txt
00:46:02 - removing file tmp_5f/mbert_dees_dev_3_19.txt
00:46:02 - removing file tmp_5f/mbert_dees_dev_1_19.txt
00:46:02 - removing file tmp_5f/mbert_dees_dev_5_19.txt
00:46:02 - removing file tmp_5f/mbert_dees_dev_4_19.txt
00:46:02 - [fold 4] best test MAP: 0.590 @ epoch 12
00:46:02 - Evaluating every 1 epochs ...
00:46:02 - reading data from /mnt/home/puxuan/CLIR-project/Evaluation_data/process-clef/uncased
00:46:03 - test has 31 queries ...
00:46:03 - Data reading done ...
00:46:05 - adding 9-th encoder to optimizer...
00:46:05 - adding 10-th encoder to optimizer...
00:46:05 - adding 11-th encoder to optimizer...
00:46:05 - process[0]: training epoch 0 ...
00:46:19 - process[0] - epoch 0 - train iter 437 - 27736.3 words/s - loss: 0.5275
00:46:20 - process[0]: training epoch 1 ...
00:46:33 - process[0] - epoch 1 - train iter 437 - 28170.8 words/s - loss: 0.4715
00:46:33 - process[0]: training epoch 2 ...
00:46:47 - process[0] - epoch 2 - train iter 437 - 28221.4 words/s - loss: 0.4015
00:46:47 - process[0]: training epoch 3 ...
00:47:00 - process[0] - epoch 3 - train iter 437 - 28319.8 words/s - loss: 0.3983
00:47:00 - process[0]: training epoch 4 ...
00:47:14 - process[0] - epoch 4 - train iter 437 - 28222.6 words/s - loss: 0.3812
00:47:14 - process[0]: training epoch 5 ...
00:47:28 - process[0] - epoch 5 - train iter 437 - 28203.6 words/s - loss: 0.3754
00:47:28 - process[0]: training epoch 6 ...
00:47:41 - process[0] - epoch 6 - train iter 437 - 28163.2 words/s - loss: 0.3516
00:47:41 - process[0]: training epoch 7 ...
00:47:55 - process[0] - epoch 7 - train iter 437 - 28283.7 words/s - loss: 0.3456
00:47:55 - process[0]: training epoch 8 ...
00:48:09 - process[0] - epoch 8 - train iter 437 - 28235.6 words/s - loss: 0.3370
00:48:09 - process[0]: training epoch 9 ...
00:48:22 - process[0] - epoch 9 - train iter 437 - 28377.4 words/s - loss: 0.3024
00:48:22 - process[0]: training epoch 10 ...
00:48:36 - process[0] - epoch 10 - train iter 437 - 27905.5 words/s - loss: 0.3403
00:48:36 - process[0]: evaluating epoch 10 on dev ...
00:48:52 - dev set during evaluation: 11320/11315
00:48:52 - process[0] - dev - epoch 10 - mAP: 0.596 w/ 31 queries
00:48:52 - removing file tmp_5f/mbert_dees_dev_4_10.txt
00:48:52 - removing file tmp_5f/mbert_dees_dev_7_10.txt
00:48:52 - removing file tmp_5f/mbert_dees_dev_6_10.txt
00:48:52 - removing file tmp_5f/mbert_dees_dev_2_10.txt
00:48:52 - removing file tmp_5f/mbert_dees_dev_5_10.txt
00:48:52 - removing file tmp_5f/mbert_dees_dev_3_10.txt
00:48:52 - removing file tmp_5f/mbert_dees_dev_0_10.txt
00:48:52 - removing file tmp_5f/mbert_dees_dev_9_10.txt
00:48:52 - removing file tmp_5f/mbert_dees_dev_1_10.txt
00:48:52 - removing file tmp_5f/mbert_dees_dev_8_10.txt
00:48:52 - process[0]: evaluating epoch 10 on test ...
00:49:06 - process[0] - test - epoch 10 - mAP: 0.533 w/ 31 queries
00:49:06 - removing file tmp_5f/mbert_dees_test_4_10.txt
00:49:06 - removing file tmp_5f/mbert_dees_test_7_10.txt
00:49:06 - removing file tmp_5f/mbert_dees_test_6_10.txt
00:49:06 - removing file tmp_5f/mbert_dees_test_8_10.txt
00:49:06 - removing file tmp_5f/mbert_dees_test_1_10.txt
00:49:06 - removing file tmp_5f/mbert_dees_test_0_10.txt
00:49:06 - removing file tmp_5f/mbert_dees_test_5_10.txt
00:49:06 - removing file tmp_5f/mbert_dees_test_2_10.txt
00:49:06 - removing file tmp_5f/mbert_dees_test_9_10.txt
00:49:06 - removing file tmp_5f/mbert_dees_test_3_10.txt
00:49:06 - process[0]: training epoch 11 ...
00:49:20 - process[0] - epoch 11 - train iter 437 - 28648.9 words/s - loss: 0.3356
00:49:20 - process[0]: evaluating epoch 11 on dev ...
00:49:34 - dev set during evaluation: 11320/11315
00:49:34 - process[0] - dev - epoch 11 - mAP: 0.584 w/ 31 queries
00:49:34 - removing file tmp_5f/mbert_dees_dev_9_11.txt
00:49:34 - removing file tmp_5f/mbert_dees_dev_4_11.txt
00:49:34 - removing file tmp_5f/mbert_dees_dev_2_11.txt
00:49:34 - removing file tmp_5f/mbert_dees_dev_6_11.txt
00:49:34 - removing file tmp_5f/mbert_dees_dev_5_11.txt
00:49:34 - removing file tmp_5f/mbert_dees_dev_3_11.txt
00:49:34 - removing file tmp_5f/mbert_dees_dev_1_11.txt
00:49:34 - removing file tmp_5f/mbert_dees_dev_7_11.txt
00:49:34 - removing file tmp_5f/mbert_dees_dev_0_11.txt
00:49:34 - removing file tmp_5f/mbert_dees_dev_8_11.txt
00:49:34 - process[0]: training epoch 12 ...
00:49:48 - process[0] - epoch 12 - train iter 437 - 28134.6 words/s - loss: 0.2772
00:49:48 - process[0]: evaluating epoch 12 on dev ...
00:50:02 - dev set during evaluation: 11320/11315
00:50:02 - process[0] - dev - epoch 12 - mAP: 0.601 w/ 31 queries
00:50:02 - removing file tmp_5f/mbert_dees_dev_5_12.txt
00:50:02 - removing file tmp_5f/mbert_dees_dev_9_12.txt
00:50:02 - removing file tmp_5f/mbert_dees_dev_2_12.txt
00:50:03 - removing file tmp_5f/mbert_dees_dev_1_12.txt
00:50:03 - removing file tmp_5f/mbert_dees_dev_6_12.txt
00:50:03 - removing file tmp_5f/mbert_dees_dev_3_12.txt
00:50:03 - removing file tmp_5f/mbert_dees_dev_8_12.txt
00:50:03 - removing file tmp_5f/mbert_dees_dev_4_12.txt
00:50:03 - removing file tmp_5f/mbert_dees_dev_0_12.txt
00:50:03 - removing file tmp_5f/mbert_dees_dev_7_12.txt
00:50:03 - process[0]: evaluating epoch 12 on test ...
00:50:16 - process[0] - test - epoch 12 - mAP: 0.525 w/ 31 queries
00:50:16 - removing file tmp_5f/mbert_dees_test_2_12.txt
00:50:16 - removing file tmp_5f/mbert_dees_test_8_12.txt
00:50:16 - removing file tmp_5f/mbert_dees_test_7_12.txt
00:50:16 - removing file tmp_5f/mbert_dees_test_5_12.txt
00:50:16 - removing file tmp_5f/mbert_dees_test_0_12.txt
00:50:16 - removing file tmp_5f/mbert_dees_test_4_12.txt
00:50:16 - removing file tmp_5f/mbert_dees_test_9_12.txt
00:50:16 - removing file tmp_5f/mbert_dees_test_6_12.txt
00:50:16 - removing file tmp_5f/mbert_dees_test_1_12.txt
00:50:16 - removing file tmp_5f/mbert_dees_test_3_12.txt
00:50:16 - process[0]: training epoch 13 ...
00:50:30 - process[0] - epoch 13 - train iter 437 - 28155.8 words/s - loss: 0.3161
00:50:30 - process[0]: evaluating epoch 13 on dev ...
00:50:44 - dev set during evaluation: 11320/11315
00:50:44 - process[0] - dev - epoch 13 - mAP: 0.599 w/ 31 queries
00:50:44 - removing file tmp_5f/mbert_dees_dev_8_13.txt
00:50:44 - removing file tmp_5f/mbert_dees_dev_3_13.txt
00:50:44 - removing file tmp_5f/mbert_dees_dev_2_13.txt
00:50:44 - removing file tmp_5f/mbert_dees_dev_1_13.txt
00:50:44 - removing file tmp_5f/mbert_dees_dev_7_13.txt
00:50:44 - removing file tmp_5f/mbert_dees_dev_4_13.txt
00:50:44 - removing file tmp_5f/mbert_dees_dev_6_13.txt
00:50:44 - removing file tmp_5f/mbert_dees_dev_5_13.txt
00:50:44 - removing file tmp_5f/mbert_dees_dev_9_13.txt
00:50:44 - removing file tmp_5f/mbert_dees_dev_0_13.txt
00:50:44 - process[0]: training epoch 14 ...
00:50:58 - process[0] - epoch 14 - train iter 437 - 28246.1 words/s - loss: 0.2782
00:50:58 - process[0]: evaluating epoch 14 on dev ...
00:51:13 - dev set during evaluation: 11320/11315
00:51:13 - process[0] - dev - epoch 14 - mAP: 0.586 w/ 31 queries
00:51:13 - removing file tmp_5f/mbert_dees_dev_0_14.txt
00:51:13 - removing file tmp_5f/mbert_dees_dev_8_14.txt
00:51:13 - removing file tmp_5f/mbert_dees_dev_5_14.txt
00:51:13 - removing file tmp_5f/mbert_dees_dev_3_14.txt
00:51:13 - removing file tmp_5f/mbert_dees_dev_4_14.txt
00:51:13 - removing file tmp_5f/mbert_dees_dev_9_14.txt
00:51:13 - removing file tmp_5f/mbert_dees_dev_7_14.txt
00:51:13 - removing file tmp_5f/mbert_dees_dev_2_14.txt
00:51:13 - removing file tmp_5f/mbert_dees_dev_1_14.txt
00:51:13 - removing file tmp_5f/mbert_dees_dev_6_14.txt
00:51:13 - process[0]: training epoch 15 ...
00:51:26 - process[0] - epoch 15 - train iter 437 - 28424.7 words/s - loss: 0.2776
00:51:26 - process[0]: evaluating epoch 15 on dev ...
00:51:41 - dev set during evaluation: 11320/11315
00:51:41 - process[0] - dev - epoch 15 - mAP: 0.581 w/ 31 queries
00:51:41 - removing file tmp_5f/mbert_dees_dev_1_15.txt
00:51:41 - removing file tmp_5f/mbert_dees_dev_9_15.txt
00:51:41 - removing file tmp_5f/mbert_dees_dev_6_15.txt
00:51:41 - removing file tmp_5f/mbert_dees_dev_5_15.txt
00:51:41 - removing file tmp_5f/mbert_dees_dev_7_15.txt
00:51:41 - removing file tmp_5f/mbert_dees_dev_8_15.txt
00:51:41 - removing file tmp_5f/mbert_dees_dev_0_15.txt
00:51:41 - removing file tmp_5f/mbert_dees_dev_3_15.txt
00:51:41 - removing file tmp_5f/mbert_dees_dev_2_15.txt
00:51:41 - removing file tmp_5f/mbert_dees_dev_4_15.txt
00:51:41 - process[0]: training epoch 16 ...
00:51:55 - process[0] - epoch 16 - train iter 437 - 28055.5 words/s - loss: 0.2878
00:51:55 - process[0]: evaluating epoch 16 on dev ...
00:52:09 - dev set during evaluation: 11320/11315
00:52:09 - process[0] - dev - epoch 16 - mAP: 0.585 w/ 31 queries
00:52:09 - removing file tmp_5f/mbert_dees_dev_7_16.txt
00:52:09 - removing file tmp_5f/mbert_dees_dev_5_16.txt
00:52:09 - removing file tmp_5f/mbert_dees_dev_8_16.txt
00:52:09 - removing file tmp_5f/mbert_dees_dev_4_16.txt
00:52:09 - removing file tmp_5f/mbert_dees_dev_1_16.txt
00:52:09 - removing file tmp_5f/mbert_dees_dev_3_16.txt
00:52:09 - removing file tmp_5f/mbert_dees_dev_2_16.txt
00:52:09 - removing file tmp_5f/mbert_dees_dev_9_16.txt
00:52:09 - removing file tmp_5f/mbert_dees_dev_0_16.txt
00:52:09 - removing file tmp_5f/mbert_dees_dev_6_16.txt
00:52:09 - process[0]: training epoch 17 ...
00:52:23 - process[0] - epoch 17 - train iter 437 - 28153.0 words/s - loss: 0.2830
00:52:23 - process[0]: evaluating epoch 17 on dev ...
00:52:37 - dev set during evaluation: 11320/11315
00:52:37 - process[0] - dev - epoch 17 - mAP: 0.595 w/ 31 queries
00:52:37 - removing file tmp_5f/mbert_dees_dev_4_17.txt
00:52:37 - removing file tmp_5f/mbert_dees_dev_5_17.txt
00:52:37 - removing file tmp_5f/mbert_dees_dev_2_17.txt
00:52:37 - removing file tmp_5f/mbert_dees_dev_7_17.txt
00:52:37 - removing file tmp_5f/mbert_dees_dev_6_17.txt
00:52:37 - removing file tmp_5f/mbert_dees_dev_8_17.txt
00:52:37 - removing file tmp_5f/mbert_dees_dev_3_17.txt
00:52:37 - removing file tmp_5f/mbert_dees_dev_0_17.txt
00:52:37 - removing file tmp_5f/mbert_dees_dev_9_17.txt
00:52:37 - removing file tmp_5f/mbert_dees_dev_1_17.txt
00:52:37 - process[0]: training epoch 18 ...
00:52:51 - process[0] - epoch 18 - train iter 437 - 27941.8 words/s - loss: 0.2635
00:52:51 - process[0]: evaluating epoch 18 on dev ...
00:53:05 - dev set during evaluation: 11320/11315
00:53:05 - process[0] - dev - epoch 18 - mAP: 0.606 w/ 31 queries
00:53:05 - removing file tmp_5f/mbert_dees_dev_0_18.txt
00:53:05 - removing file tmp_5f/mbert_dees_dev_2_18.txt
00:53:05 - removing file tmp_5f/mbert_dees_dev_4_18.txt
00:53:05 - removing file tmp_5f/mbert_dees_dev_7_18.txt
00:53:05 - removing file tmp_5f/mbert_dees_dev_3_18.txt
00:53:05 - removing file tmp_5f/mbert_dees_dev_6_18.txt
00:53:05 - removing file tmp_5f/mbert_dees_dev_5_18.txt
00:53:05 - removing file tmp_5f/mbert_dees_dev_1_18.txt
00:53:05 - removing file tmp_5f/mbert_dees_dev_9_18.txt
00:53:05 - removing file tmp_5f/mbert_dees_dev_8_18.txt
00:53:05 - process[0]: evaluating epoch 18 on test ...
00:53:19 - process[0] - test - epoch 18 - mAP: 0.523 w/ 31 queries
00:53:19 - removing file tmp_5f/mbert_dees_test_4_18.txt
00:53:19 - removing file tmp_5f/mbert_dees_test_3_18.txt
00:53:19 - removing file tmp_5f/mbert_dees_test_9_18.txt
00:53:19 - removing file tmp_5f/mbert_dees_test_8_18.txt
00:53:19 - removing file tmp_5f/mbert_dees_test_6_18.txt
00:53:19 - removing file tmp_5f/mbert_dees_test_2_18.txt
00:53:19 - removing file tmp_5f/mbert_dees_test_7_18.txt
00:53:19 - removing file tmp_5f/mbert_dees_test_5_18.txt
00:53:19 - removing file tmp_5f/mbert_dees_test_0_18.txt
00:53:19 - removing file tmp_5f/mbert_dees_test_1_18.txt
00:53:19 - process[0]: training epoch 19 ...
00:53:33 - process[0] - epoch 19 - train iter 437 - 27920.5 words/s - loss: 0.2619
00:53:33 - process[0]: evaluating epoch 19 on dev ...
00:53:47 - dev set during evaluation: 11320/11315
00:53:47 - process[0] - dev - epoch 19 - mAP: 0.587 w/ 31 queries
00:53:47 - removing file tmp_5f/mbert_dees_dev_8_19.txt
00:53:47 - removing file tmp_5f/mbert_dees_dev_2_19.txt
00:53:47 - removing file tmp_5f/mbert_dees_dev_6_19.txt
00:53:47 - removing file tmp_5f/mbert_dees_dev_9_19.txt
00:53:47 - removing file tmp_5f/mbert_dees_dev_0_19.txt
00:53:47 - removing file tmp_5f/mbert_dees_dev_7_19.txt
00:53:47 - removing file tmp_5f/mbert_dees_dev_3_19.txt
00:53:47 - removing file tmp_5f/mbert_dees_dev_1_19.txt
00:53:47 - removing file tmp_5f/mbert_dees_dev_5_19.txt
00:53:47 - removing file tmp_5f/mbert_dees_dev_4_19.txt
00:53:47 - [fold 5] best test MAP: 0.523 @ epoch 18
00:53:47 - [0.5301325458546665, 0.5813046851788615, 0.5485058323001237, 0.5902559356311294, 0.5233774411225407]
00:53:47 - [31, 32, 31, 31, 31]
00:53:47 - final MAP: 0.555
