00:00:04 - Namespace(apex_level='O2', batch_size=8, cased=False, dataset='clef', debug=False, encoder_lr=2e-05, eval_step=1, full_doc_length=True, local_rank=4, model_path='/mnt/scratch/puxuan/short_qlm_doc/2186796/huggingface-9', model_type='mbert', num_epochs=20, num_ft_encoders=3, num_neg=1, projector_lr=2e-05, seed=611, source_lang='es', target_lang='en')
00:00:13 - Evaluating every 1 epochs ...
00:00:13 - reading data from /mnt/home/puxuan/CLIR-project/Evaluation_data/process-clef/uncased
00:00:13 - test has 35 queries ...
00:00:13 - Data reading done ...
00:00:20 - adding 9-th encoder to optimizer...
00:00:20 - adding 10-th encoder to optimizer...
00:00:20 - adding 11-th encoder to optimizer...
00:00:21 - process[4]: training epoch 0 ...
00:00:33 - process[4] - epoch 0 - train iter 197 - 15123.4 words/s - loss: 0.6869
00:00:33 - process[4]: training epoch 1 ...
00:00:43 - process[4] - epoch 1 - train iter 197 - 16865.2 words/s - loss: 0.6645
00:00:43 - process[4]: training epoch 2 ...
00:00:55 - process[4] - epoch 2 - train iter 197 - 15647.0 words/s - loss: 0.6293
00:00:55 - process[4]: training epoch 3 ...
00:01:06 - process[4] - epoch 3 - train iter 197 - 15975.2 words/s - loss: 0.5884
00:01:06 - process[4]: training epoch 4 ...
00:01:16 - process[4] - epoch 4 - train iter 197 - 17243.6 words/s - loss: 0.5682
00:01:16 - process[4]: training epoch 5 ...
00:01:28 - process[4] - epoch 5 - train iter 197 - 15109.8 words/s - loss: 0.4883
00:01:28 - process[4]: training epoch 6 ...
00:01:39 - process[4] - epoch 6 - train iter 197 - 16352.6 words/s - loss: 0.5234
00:01:39 - process[4]: training epoch 7 ...
00:01:51 - process[4] - epoch 7 - train iter 197 - 15375.0 words/s - loss: 0.5303
00:01:51 - process[4]: training epoch 8 ...
00:02:01 - process[4] - epoch 8 - train iter 197 - 16870.5 words/s - loss: 0.5285
00:02:01 - process[4]: training epoch 9 ...
00:02:13 - process[4] - epoch 9 - train iter 197 - 15737.9 words/s - loss: 0.5018
00:02:13 - process[4]: training epoch 10 ...
00:02:23 - process[4] - epoch 10 - train iter 197 - 17083.6 words/s - loss: 0.5119
00:02:23 - process[4]: evaluating epoch 10 on dev ...
00:03:09 - dev set during evaluation: 14160/14157
00:03:09 - process[4] - dev - epoch 10 - mAP: 0.342 w/ 35 queries
00:03:09 - process[4]: evaluating epoch 10 on test ...
00:03:51 - test set during evaluation: 14980/14975
00:03:51 - process[4] - test - epoch 10 - mAP: 0.341 w/ 35 queries
00:03:51 - process[4]: training epoch 11 ...
00:04:01 - process[4] - epoch 11 - train iter 197 - 18071.3 words/s - loss: 0.5091
00:04:01 - process[4]: evaluating epoch 11 on dev ...
00:04:49 - dev set during evaluation: 14160/14157
00:04:49 - process[4] - dev - epoch 11 - mAP: 0.316 w/ 35 queries
00:04:49 - process[4]: training epoch 12 ...
00:05:01 - process[4] - epoch 12 - train iter 197 - 15275.9 words/s - loss: 0.4941
00:05:01 - process[4]: evaluating epoch 12 on dev ...
00:05:43 - dev set during evaluation: 14160/14157
00:05:43 - process[4] - dev - epoch 12 - mAP: 0.354 w/ 35 queries
00:05:43 - process[4]: evaluating epoch 12 on test ...
00:06:24 - test set during evaluation: 14980/14975
00:06:24 - process[4] - test - epoch 12 - mAP: 0.339 w/ 35 queries
00:06:24 - process[4]: training epoch 13 ...
00:06:36 - process[4] - epoch 13 - train iter 197 - 14299.0 words/s - loss: 0.4486
00:06:36 - process[4]: evaluating epoch 13 on dev ...
00:07:20 - dev set during evaluation: 14160/14157
00:07:20 - process[4] - dev - epoch 13 - mAP: 0.366 w/ 35 queries
00:07:20 - process[4]: evaluating epoch 13 on test ...
00:08:01 - test set during evaluation: 14980/14975
00:08:01 - process[4] - test - epoch 13 - mAP: 0.348 w/ 35 queries
00:08:01 - process[4]: training epoch 14 ...
00:08:13 - process[4] - epoch 14 - train iter 197 - 15683.8 words/s - loss: 0.4224
00:08:13 - process[4]: evaluating epoch 14 on dev ...
00:08:56 - dev set during evaluation: 14160/14157
00:08:56 - process[4] - dev - epoch 14 - mAP: 0.343 w/ 35 queries
00:08:56 - process[4]: training epoch 15 ...
00:09:08 - process[4] - epoch 15 - train iter 197 - 14948.8 words/s - loss: 0.4804
00:09:08 - process[4]: evaluating epoch 15 on dev ...
00:09:51 - dev set during evaluation: 14160/14157
00:09:51 - process[4] - dev - epoch 15 - mAP: 0.350 w/ 35 queries
00:09:51 - process[4]: training epoch 16 ...
00:10:03 - process[4] - epoch 16 - train iter 197 - 14964.1 words/s - loss: 0.4002
00:10:03 - process[4]: evaluating epoch 16 on dev ...
00:10:47 - dev set during evaluation: 14160/14157
00:10:47 - process[4] - dev - epoch 16 - mAP: 0.373 w/ 35 queries
00:10:47 - process[4]: evaluating epoch 16 on test ...
00:11:28 - test set during evaluation: 14980/14975
00:11:28 - process[4] - test - epoch 16 - mAP: 0.351 w/ 35 queries
00:11:28 - process[4]: training epoch 17 ...
00:11:40 - process[4] - epoch 17 - train iter 197 - 14289.6 words/s - loss: 0.4565
00:11:40 - process[4]: evaluating epoch 17 on dev ...
00:12:24 - dev set during evaluation: 14160/14157
00:12:24 - process[4] - dev - epoch 17 - mAP: 0.337 w/ 35 queries
00:12:24 - process[4]: training epoch 18 ...
00:12:35 - process[4] - epoch 18 - train iter 197 - 15658.0 words/s - loss: 0.4311
00:12:35 - process[4]: evaluating epoch 18 on dev ...
00:13:18 - dev set during evaluation: 14160/14157
00:13:18 - process[4] - dev - epoch 18 - mAP: 0.349 w/ 35 queries
00:13:18 - process[4]: training epoch 19 ...
00:13:30 - process[4] - epoch 19 - train iter 197 - 15303.7 words/s - loss: 0.4103
00:13:30 - process[4]: evaluating epoch 19 on dev ...
00:14:15 - dev set during evaluation: 14160/14157
00:14:15 - process[4] - dev - epoch 19 - mAP: 0.357 w/ 35 queries
00:14:15 - [fold 1] best test MAP: 0.351 @ epoch 16
00:14:15 - Evaluating every 1 epochs ...
00:14:15 - reading data from /mnt/home/puxuan/CLIR-project/Evaluation_data/process-clef/uncased
00:14:16 - test has 36 queries ...
00:14:16 - Data reading done ...
00:14:17 - adding 9-th encoder to optimizer...
00:14:17 - adding 10-th encoder to optimizer...
00:14:17 - adding 11-th encoder to optimizer...
00:14:18 - process[4]: training epoch 0 ...
00:14:28 - process[4] - epoch 0 - train iter 187 - 17099.9 words/s - loss: 0.6908
00:14:28 - process[4]: training epoch 1 ...
00:14:39 - process[4] - epoch 1 - train iter 187 - 15243.7 words/s - loss: 0.6787
00:14:39 - process[4]: training epoch 2 ...
00:14:49 - process[4] - epoch 2 - train iter 187 - 16771.9 words/s - loss: 0.6064
00:14:49 - process[4]: training epoch 3 ...
00:14:57 - process[4] - epoch 3 - train iter 187 - 19551.6 words/s - loss: 0.6059
00:14:57 - process[4]: training epoch 4 ...
00:15:07 - process[4] - epoch 4 - train iter 187 - 17250.1 words/s - loss: 0.5598
00:15:07 - process[4]: training epoch 5 ...
00:15:17 - process[4] - epoch 5 - train iter 187 - 16753.1 words/s - loss: 0.5494
00:15:17 - process[4]: training epoch 6 ...
00:15:27 - process[4] - epoch 6 - train iter 187 - 17739.1 words/s - loss: 0.5249
00:15:27 - process[4]: training epoch 7 ...
00:15:38 - process[4] - epoch 7 - train iter 187 - 15379.5 words/s - loss: 0.5237
00:15:38 - process[4]: training epoch 8 ...
00:15:48 - process[4] - epoch 8 - train iter 187 - 16321.5 words/s - loss: 0.5073
00:15:48 - process[4]: training epoch 9 ...
00:15:59 - process[4] - epoch 9 - train iter 187 - 15968.0 words/s - loss: 0.5041
00:15:59 - process[4]: training epoch 10 ...
00:16:09 - process[4] - epoch 10 - train iter 187 - 17184.2 words/s - loss: 0.4563
00:16:09 - process[4]: evaluating epoch 10 on dev ...
00:16:50 - dev set during evaluation: 14980/14975
00:16:50 - process[4] - dev - epoch 10 - mAP: 0.377 w/ 35 queries
00:16:50 - process[4]: evaluating epoch 10 on test ...
00:17:33 - test set during evaluation: 15300/15294
00:17:33 - process[4] - test - epoch 10 - mAP: 0.357 w/ 36 queries
00:17:33 - process[4]: training epoch 11 ...
00:17:43 - process[4] - epoch 11 - train iter 187 - 16559.1 words/s - loss: 0.4773
00:17:43 - process[4]: evaluating epoch 11 on dev ...
00:18:23 - dev set during evaluation: 14980/14975
00:18:23 - process[4] - dev - epoch 11 - mAP: 0.322 w/ 35 queries
00:18:23 - process[4]: training epoch 12 ...
00:18:33 - process[4] - epoch 12 - train iter 187 - 17631.3 words/s - loss: 0.3918
00:18:33 - process[4]: evaluating epoch 12 on dev ...
00:19:14 - dev set during evaluation: 14980/14975
00:19:14 - process[4] - dev - epoch 12 - mAP: 0.332 w/ 35 queries
00:19:14 - process[4]: training epoch 13 ...
00:19:24 - process[4] - epoch 13 - train iter 187 - 16996.8 words/s - loss: 0.4942
00:19:24 - process[4]: evaluating epoch 13 on dev ...
00:20:05 - dev set during evaluation: 14980/14975
00:20:05 - process[4] - dev - epoch 13 - mAP: 0.389 w/ 35 queries
00:20:05 - process[4]: evaluating epoch 13 on test ...
00:20:48 - test set during evaluation: 15300/15294
00:20:48 - process[4] - test - epoch 13 - mAP: 0.380 w/ 36 queries
00:20:48 - process[4]: training epoch 14 ...
00:20:57 - process[4] - epoch 14 - train iter 187 - 18974.6 words/s - loss: 0.4611
00:20:57 - process[4]: evaluating epoch 14 on dev ...
00:21:39 - dev set during evaluation: 14980/14975
00:21:39 - process[4] - dev - epoch 14 - mAP: 0.386 w/ 35 queries
00:21:39 - process[4]: training epoch 15 ...
00:21:50 - process[4] - epoch 15 - train iter 187 - 16213.5 words/s - loss: 0.4319
00:21:50 - process[4]: evaluating epoch 15 on dev ...
00:22:30 - dev set during evaluation: 14980/14975
00:22:30 - process[4] - dev - epoch 15 - mAP: 0.395 w/ 35 queries
00:22:30 - process[4]: evaluating epoch 15 on test ...
00:23:12 - test set during evaluation: 15300/15294
00:23:12 - process[4] - test - epoch 15 - mAP: 0.365 w/ 36 queries
00:23:12 - process[4]: training epoch 16 ...
00:23:22 - process[4] - epoch 16 - train iter 187 - 18048.4 words/s - loss: 0.4529
00:23:22 - process[4]: evaluating epoch 16 on dev ...
00:24:03 - dev set during evaluation: 14980/14975
00:24:03 - process[4] - dev - epoch 16 - mAP: 0.368 w/ 35 queries
00:24:03 - process[4]: training epoch 17 ...
00:24:12 - process[4] - epoch 17 - train iter 187 - 18368.1 words/s - loss: 0.4837
00:24:12 - process[4]: evaluating epoch 17 on dev ...
00:24:53 - dev set during evaluation: 14980/14975
00:24:53 - process[4] - dev - epoch 17 - mAP: 0.365 w/ 35 queries
00:24:53 - process[4]: training epoch 18 ...
00:25:02 - process[4] - epoch 18 - train iter 187 - 18172.2 words/s - loss: 0.4537
00:25:02 - process[4]: evaluating epoch 18 on dev ...
00:25:44 - dev set during evaluation: 14980/14975
00:25:44 - process[4] - dev - epoch 18 - mAP: 0.373 w/ 35 queries
00:25:44 - process[4]: training epoch 19 ...
00:25:55 - process[4] - epoch 19 - train iter 187 - 16153.5 words/s - loss: 0.4227
00:25:55 - process[4]: evaluating epoch 19 on dev ...
00:26:35 - dev set during evaluation: 14980/14975
00:26:35 - process[4] - dev - epoch 19 - mAP: 0.398 w/ 35 queries
00:26:35 - process[4]: evaluating epoch 19 on test ...
00:27:18 - test set during evaluation: 15300/15294
00:27:18 - process[4] - test - epoch 19 - mAP: 0.370 w/ 36 queries
00:27:18 - [fold 2] best test MAP: 0.370 @ epoch 19
00:27:18 - Evaluating every 1 epochs ...
00:27:18 - reading data from /mnt/home/puxuan/CLIR-project/Evaluation_data/process-clef/uncased
00:27:18 - test has 35 queries ...
00:27:18 - Data reading done ...
00:27:20 - adding 9-th encoder to optimizer...
00:27:20 - adding 10-th encoder to optimizer...
00:27:20 - adding 11-th encoder to optimizer...
00:27:20 - process[4]: training epoch 0 ...
00:27:30 - process[4] - epoch 0 - train iter 196 - 18408.2 words/s - loss: 0.6888
00:27:30 - process[4]: training epoch 1 ...
00:27:40 - process[4] - epoch 1 - train iter 196 - 17755.7 words/s - loss: 0.6662
00:27:40 - process[4]: training epoch 2 ...
00:27:50 - process[4] - epoch 2 - train iter 196 - 18482.8 words/s - loss: 0.6645
00:27:50 - process[4]: training epoch 3 ...
00:27:59 - process[4] - epoch 3 - train iter 196 - 17981.3 words/s - loss: 0.5995
00:27:59 - process[4]: training epoch 4 ...
00:28:10 - process[4] - epoch 4 - train iter 196 - 16977.6 words/s - loss: 0.6058
00:28:10 - process[4]: training epoch 5 ...
00:28:20 - process[4] - epoch 5 - train iter 196 - 17700.7 words/s - loss: 0.5938
00:28:20 - process[4]: training epoch 6 ...
00:28:31 - process[4] - epoch 6 - train iter 196 - 16680.4 words/s - loss: 0.5281
00:28:31 - process[4]: training epoch 7 ...
00:28:41 - process[4] - epoch 7 - train iter 196 - 16211.4 words/s - loss: 0.5415
00:28:41 - process[4]: training epoch 8 ...
00:28:52 - process[4] - epoch 8 - train iter 196 - 17081.3 words/s - loss: 0.5301
00:28:52 - process[4]: training epoch 9 ...
00:29:02 - process[4] - epoch 9 - train iter 196 - 17301.3 words/s - loss: 0.5351
00:29:02 - process[4]: training epoch 10 ...
00:29:13 - process[4] - epoch 10 - train iter 196 - 16928.5 words/s - loss: 0.5190
00:29:13 - process[4]: evaluating epoch 10 on dev ...
00:30:00 - dev set during evaluation: 15300/15294
00:30:00 - process[4] - dev - epoch 10 - mAP: 0.334 w/ 36 queries
00:30:00 - process[4]: evaluating epoch 10 on test ...
00:30:42 - test set during evaluation: 15480/15477
00:30:42 - process[4] - test - epoch 10 - mAP: 0.358 w/ 35 queries
00:30:42 - process[4]: training epoch 11 ...
00:30:52 - process[4] - epoch 11 - train iter 196 - 17321.3 words/s - loss: 0.4983
00:30:52 - process[4]: evaluating epoch 11 on dev ...
00:31:35 - dev set during evaluation: 15300/15294
00:31:35 - process[4] - dev - epoch 11 - mAP: 0.337 w/ 36 queries
00:31:35 - process[4]: evaluating epoch 11 on test ...
00:32:18 - test set during evaluation: 15480/15477
00:32:18 - process[4] - test - epoch 11 - mAP: 0.319 w/ 35 queries
00:32:18 - process[4]: training epoch 12 ...
00:32:28 - process[4] - epoch 12 - train iter 196 - 17295.4 words/s - loss: 0.4632
00:32:28 - process[4]: evaluating epoch 12 on dev ...
00:33:11 - dev set during evaluation: 15300/15294
00:33:11 - process[4] - dev - epoch 12 - mAP: 0.358 w/ 36 queries
00:33:11 - process[4]: evaluating epoch 12 on test ...
00:33:53 - test set during evaluation: 15480/15477
00:33:53 - process[4] - test - epoch 12 - mAP: 0.337 w/ 35 queries
00:33:53 - process[4]: training epoch 13 ...
00:34:03 - process[4] - epoch 13 - train iter 196 - 18146.8 words/s - loss: 0.4656
00:34:03 - process[4]: evaluating epoch 13 on dev ...
00:34:46 - dev set during evaluation: 15300/15294
00:34:46 - process[4] - dev - epoch 13 - mAP: 0.348 w/ 36 queries
00:34:46 - process[4]: training epoch 14 ...
00:34:57 - process[4] - epoch 14 - train iter 196 - 16607.0 words/s - loss: 0.4775
00:34:57 - process[4]: evaluating epoch 14 on dev ...
00:35:39 - dev set during evaluation: 15300/15294
00:35:39 - process[4] - dev - epoch 14 - mAP: 0.369 w/ 36 queries
00:35:39 - process[4]: evaluating epoch 14 on test ...
00:36:21 - test set during evaluation: 15480/15477
00:36:21 - process[4] - test - epoch 14 - mAP: 0.329 w/ 35 queries
00:36:21 - process[4]: training epoch 15 ...
00:36:31 - process[4] - epoch 15 - train iter 196 - 17028.1 words/s - loss: 0.4378
00:36:31 - process[4]: evaluating epoch 15 on dev ...
00:37:13 - dev set during evaluation: 15300/15294
00:37:13 - process[4] - dev - epoch 15 - mAP: 0.355 w/ 36 queries
00:37:13 - process[4]: training epoch 16 ...
00:37:23 - process[4] - epoch 16 - train iter 196 - 17984.9 words/s - loss: 0.4591
00:37:23 - process[4]: evaluating epoch 16 on dev ...
00:38:05 - dev set during evaluation: 15300/15294
00:38:05 - process[4] - dev - epoch 16 - mAP: 0.349 w/ 36 queries
00:38:05 - process[4]: training epoch 17 ...
00:38:15 - process[4] - epoch 17 - train iter 196 - 17745.4 words/s - loss: 0.4571
00:38:15 - process[4]: evaluating epoch 17 on dev ...
00:38:58 - dev set during evaluation: 15300/15294
00:38:58 - process[4] - dev - epoch 17 - mAP: 0.373 w/ 36 queries
00:38:58 - process[4]: evaluating epoch 17 on test ...
00:39:40 - test set during evaluation: 15480/15477
00:39:40 - process[4] - test - epoch 17 - mAP: 0.301 w/ 35 queries
00:39:40 - process[4]: training epoch 18 ...
00:39:51 - process[4] - epoch 18 - train iter 196 - 16193.3 words/s - loss: 0.4521
00:39:51 - process[4]: evaluating epoch 18 on dev ...
00:40:33 - dev set during evaluation: 15300/15294
00:40:33 - process[4] - dev - epoch 18 - mAP: 0.346 w/ 36 queries
00:40:33 - process[4]: training epoch 19 ...
00:40:44 - process[4] - epoch 19 - train iter 196 - 16227.3 words/s - loss: 0.4474
00:40:44 - process[4]: evaluating epoch 19 on dev ...
00:41:25 - dev set during evaluation: 15300/15294
00:41:25 - process[4] - dev - epoch 19 - mAP: 0.377 w/ 36 queries
00:41:25 - process[4]: evaluating epoch 19 on test ...
00:42:07 - test set during evaluation: 15480/15477
00:42:07 - process[4] - test - epoch 19 - mAP: 0.320 w/ 35 queries
00:42:07 - [fold 3] best test MAP: 0.320 @ epoch 19
00:42:07 - Evaluating every 1 epochs ...
00:42:07 - reading data from /mnt/home/puxuan/CLIR-project/Evaluation_data/process-clef/uncased
00:42:08 - test has 35 queries ...
00:42:08 - Data reading done ...
00:42:10 - adding 9-th encoder to optimizer...
00:42:10 - adding 10-th encoder to optimizer...
00:42:10 - adding 11-th encoder to optimizer...
00:42:10 - process[4]: training epoch 0 ...
00:42:21 - process[4] - epoch 0 - train iter 207 - 16755.4 words/s - loss: 0.6883
00:42:21 - process[4]: training epoch 1 ...
00:42:32 - process[4] - epoch 1 - train iter 207 - 17019.5 words/s - loss: 0.6700
00:42:32 - process[4]: training epoch 2 ...
00:42:43 - process[4] - epoch 2 - train iter 207 - 17641.9 words/s - loss: 0.6324
00:42:43 - process[4]: training epoch 3 ...
00:42:54 - process[4] - epoch 3 - train iter 207 - 16504.3 words/s - loss: 0.6193
00:42:54 - process[4]: training epoch 4 ...
00:43:06 - process[4] - epoch 4 - train iter 207 - 16600.8 words/s - loss: 0.5849
00:43:06 - process[4]: training epoch 5 ...
00:43:17 - process[4] - epoch 5 - train iter 207 - 16008.4 words/s - loss: 0.5615
00:43:17 - process[4]: training epoch 6 ...
00:43:30 - process[4] - epoch 6 - train iter 207 - 15286.2 words/s - loss: 0.5447
00:43:30 - process[4]: training epoch 7 ...
00:43:40 - process[4] - epoch 7 - train iter 207 - 17062.6 words/s - loss: 0.5583
00:43:40 - process[4]: training epoch 8 ...
00:43:52 - process[4] - epoch 8 - train iter 207 - 16057.1 words/s - loss: 0.5328
00:43:52 - process[4]: training epoch 9 ...
00:44:04 - process[4] - epoch 9 - train iter 207 - 16273.7 words/s - loss: 0.5440
00:44:04 - process[4]: training epoch 10 ...
00:44:14 - process[4] - epoch 10 - train iter 207 - 17505.2 words/s - loss: 0.4665
00:44:14 - process[4]: evaluating epoch 10 on dev ...
00:44:59 - dev set during evaluation: 15480/15477
00:44:59 - process[4] - dev - epoch 10 - mAP: 0.265 w/ 35 queries
00:44:59 - process[4]: evaluating epoch 10 on test ...
00:45:41 - test set during evaluation: 14470/14463
00:45:41 - process[4] - test - epoch 10 - mAP: 0.256 w/ 35 queries
00:45:41 - process[4]: training epoch 11 ...
00:45:53 - process[4] - epoch 11 - train iter 207 - 15720.5 words/s - loss: 0.5362
00:45:53 - process[4]: evaluating epoch 11 on dev ...
00:46:34 - dev set during evaluation: 15480/15477
00:46:34 - process[4] - dev - epoch 11 - mAP: 0.271 w/ 35 queries
00:46:34 - process[4]: evaluating epoch 11 on test ...
00:47:16 - test set during evaluation: 14470/14463
00:47:16 - process[4] - test - epoch 11 - mAP: 0.288 w/ 35 queries
00:47:16 - process[4]: training epoch 12 ...
00:47:28 - process[4] - epoch 12 - train iter 207 - 16484.7 words/s - loss: 0.4265
00:47:28 - process[4]: evaluating epoch 12 on dev ...
00:48:10 - dev set during evaluation: 15480/15477
00:48:10 - process[4] - dev - epoch 12 - mAP: 0.254 w/ 35 queries
00:48:10 - process[4]: training epoch 13 ...
00:48:21 - process[4] - epoch 13 - train iter 207 - 17530.8 words/s - loss: 0.4729
00:48:21 - process[4]: evaluating epoch 13 on dev ...
00:49:03 - dev set during evaluation: 15480/15477
00:49:03 - process[4] - dev - epoch 13 - mAP: 0.276 w/ 35 queries
00:49:03 - process[4]: evaluating epoch 13 on test ...
00:49:45 - test set during evaluation: 14470/14463
00:49:45 - process[4] - test - epoch 13 - mAP: 0.322 w/ 35 queries
00:49:46 - process[4]: training epoch 14 ...
00:49:56 - process[4] - epoch 14 - train iter 207 - 17442.5 words/s - loss: 0.4946
00:49:56 - process[4]: evaluating epoch 14 on dev ...
00:50:39 - dev set during evaluation: 15480/15477
00:50:39 - process[4] - dev - epoch 14 - mAP: 0.269 w/ 35 queries
00:50:39 - process[4]: training epoch 15 ...
00:50:49 - process[4] - epoch 15 - train iter 207 - 18914.1 words/s - loss: 0.4600
00:50:49 - process[4]: evaluating epoch 15 on dev ...
00:51:32 - dev set during evaluation: 15480/15477
00:51:32 - process[4] - dev - epoch 15 - mAP: 0.259 w/ 35 queries
00:51:32 - process[4]: training epoch 16 ...
00:51:43 - process[4] - epoch 16 - train iter 207 - 16142.3 words/s - loss: 0.4003
00:51:43 - process[4]: evaluating epoch 16 on dev ...
00:52:25 - dev set during evaluation: 15480/15477
00:52:25 - process[4] - dev - epoch 16 - mAP: 0.291 w/ 35 queries
00:52:25 - process[4]: evaluating epoch 16 on test ...
00:53:07 - test set during evaluation: 14470/14463
00:53:07 - process[4] - test - epoch 16 - mAP: 0.283 w/ 35 queries
00:53:07 - process[4]: training epoch 17 ...
00:53:18 - process[4] - epoch 17 - train iter 207 - 16641.5 words/s - loss: 0.4893
00:53:18 - process[4]: evaluating epoch 17 on dev ...
00:54:01 - dev set during evaluation: 15480/15477
00:54:01 - process[4] - dev - epoch 17 - mAP: 0.298 w/ 35 queries
00:54:01 - process[4]: evaluating epoch 17 on test ...
00:54:43 - test set during evaluation: 14470/14463
00:54:43 - process[4] - test - epoch 17 - mAP: 0.337 w/ 35 queries
00:54:43 - process[4]: training epoch 18 ...
00:54:55 - process[4] - epoch 18 - train iter 207 - 15838.2 words/s - loss: 0.4279
00:54:55 - process[4]: evaluating epoch 18 on dev ...
00:55:37 - dev set during evaluation: 15480/15477
00:55:37 - process[4] - dev - epoch 18 - mAP: 0.291 w/ 35 queries
00:55:37 - process[4]: training epoch 19 ...
00:55:47 - process[4] - epoch 19 - train iter 207 - 18624.2 words/s - loss: 0.4629
00:55:47 - process[4]: evaluating epoch 19 on dev ...
00:56:30 - dev set during evaluation: 15480/15477
00:56:30 - process[4] - dev - epoch 19 - mAP: 0.297 w/ 35 queries
00:56:30 - [fold 4] best test MAP: 0.337 @ epoch 17
00:56:30 - Evaluating every 1 epochs ...
00:56:30 - reading data from /mnt/home/puxuan/CLIR-project/Evaluation_data/process-clef/uncased
00:56:31 - test has 35 queries ...
00:56:31 - Data reading done ...
00:56:32 - adding 9-th encoder to optimizer...
00:56:32 - adding 10-th encoder to optimizer...
00:56:32 - adding 11-th encoder to optimizer...
00:56:33 - process[4]: training epoch 0 ...
00:56:43 - process[4] - epoch 0 - train iter 195 - 16321.0 words/s - loss: 0.6927
00:56:43 - process[4]: training epoch 1 ...
00:56:54 - process[4] - epoch 1 - train iter 195 - 15650.3 words/s - loss: 0.6637
00:56:54 - process[4]: training epoch 2 ...
00:57:05 - process[4] - epoch 2 - train iter 195 - 16356.3 words/s - loss: 0.6231
00:57:05 - process[4]: training epoch 3 ...
00:57:15 - process[4] - epoch 3 - train iter 195 - 16885.1 words/s - loss: 0.5900
00:57:15 - process[4]: training epoch 4 ...
00:57:26 - process[4] - epoch 4 - train iter 195 - 15987.5 words/s - loss: 0.5429
00:57:26 - process[4]: training epoch 5 ...
00:57:38 - process[4] - epoch 5 - train iter 195 - 15535.8 words/s - loss: 0.5664
00:57:38 - process[4]: training epoch 6 ...
00:57:48 - process[4] - epoch 6 - train iter 195 - 16760.5 words/s - loss: 0.5431
00:57:48 - process[4]: training epoch 7 ...
00:57:59 - process[4] - epoch 7 - train iter 195 - 16502.8 words/s - loss: 0.5038
00:57:59 - process[4]: training epoch 8 ...
00:58:10 - process[4] - epoch 8 - train iter 195 - 15773.2 words/s - loss: 0.5150
00:58:10 - process[4]: training epoch 9 ...
00:58:21 - process[4] - epoch 9 - train iter 195 - 16574.7 words/s - loss: 0.4710
00:58:21 - process[4]: training epoch 10 ...
00:58:32 - process[4] - epoch 10 - train iter 195 - 15894.7 words/s - loss: 0.4554
00:58:32 - process[4]: evaluating epoch 10 on dev ...
00:59:15 - dev set during evaluation: 14470/14463
00:59:15 - process[4] - dev - epoch 10 - mAP: 0.292 w/ 35 queries
00:59:15 - process[4]: evaluating epoch 10 on test ...
01:00:00 - test set during evaluation: 14160/14157
01:00:00 - process[4] - test - epoch 10 - mAP: 0.367 w/ 35 queries
01:00:00 - process[4]: training epoch 11 ...
01:00:13 - process[4] - epoch 11 - train iter 195 - 13934.0 words/s - loss: 0.4608
01:00:13 - process[4]: evaluating epoch 11 on dev ...
01:00:55 - dev set during evaluation: 14470/14463
01:00:55 - process[4] - dev - epoch 11 - mAP: 0.298 w/ 35 queries
01:00:55 - process[4]: evaluating epoch 11 on test ...
01:01:40 - test set during evaluation: 14160/14157
01:01:40 - process[4] - test - epoch 11 - mAP: 0.380 w/ 35 queries
01:01:40 - process[4]: training epoch 12 ...
01:01:50 - process[4] - epoch 12 - train iter 195 - 16968.1 words/s - loss: 0.4775
01:01:50 - process[4]: evaluating epoch 12 on dev ...
01:02:32 - dev set during evaluation: 14470/14463
01:02:32 - process[4] - dev - epoch 12 - mAP: 0.290 w/ 35 queries
01:02:33 - process[4]: training epoch 13 ...
01:02:43 - process[4] - epoch 13 - train iter 195 - 16659.3 words/s - loss: 0.4590
01:02:43 - process[4]: evaluating epoch 13 on dev ...
01:03:25 - dev set during evaluation: 14470/14463
01:03:25 - process[4] - dev - epoch 13 - mAP: 0.305 w/ 35 queries
01:03:25 - process[4]: evaluating epoch 13 on test ...
01:04:10 - test set during evaluation: 14160/14157
01:04:10 - process[4] - test - epoch 13 - mAP: 0.308 w/ 35 queries
01:04:10 - process[4]: training epoch 14 ...
01:04:22 - process[4] - epoch 14 - train iter 195 - 14849.0 words/s - loss: 0.4480
01:04:22 - process[4]: evaluating epoch 14 on dev ...
01:05:04 - dev set during evaluation: 14470/14463
01:05:04 - process[4] - dev - epoch 14 - mAP: 0.286 w/ 35 queries
01:05:04 - process[4]: training epoch 15 ...
01:05:13 - process[4] - epoch 15 - train iter 195 - 17708.6 words/s - loss: 0.4141
01:05:13 - process[4]: evaluating epoch 15 on dev ...
01:05:56 - dev set during evaluation: 14470/14463
01:05:56 - process[4] - dev - epoch 15 - mAP: 0.346 w/ 35 queries
01:05:56 - process[4]: evaluating epoch 15 on test ...
01:06:41 - test set during evaluation: 14160/14157
01:06:41 - process[4] - test - epoch 15 - mAP: 0.363 w/ 35 queries
01:06:41 - process[4]: training epoch 16 ...
01:06:53 - process[4] - epoch 16 - train iter 195 - 14767.9 words/s - loss: 0.4295
01:06:53 - process[4]: evaluating epoch 16 on dev ...
01:07:35 - dev set during evaluation: 14470/14463
01:07:35 - process[4] - dev - epoch 16 - mAP: 0.313 w/ 35 queries
01:07:35 - process[4]: training epoch 17 ...
01:07:46 - process[4] - epoch 17 - train iter 195 - 15639.9 words/s - loss: 0.4318
01:07:46 - process[4]: evaluating epoch 17 on dev ...
01:08:28 - dev set during evaluation: 14470/14463
01:08:28 - process[4] - dev - epoch 17 - mAP: 0.310 w/ 35 queries
01:08:28 - process[4]: training epoch 18 ...
01:08:39 - process[4] - epoch 18 - train iter 195 - 16476.0 words/s - loss: 0.4046
01:08:39 - process[4]: evaluating epoch 18 on dev ...
01:09:21 - dev set during evaluation: 14470/14463
01:09:21 - process[4] - dev - epoch 18 - mAP: 0.326 w/ 35 queries
01:09:21 - process[4]: training epoch 19 ...
01:09:31 - process[4] - epoch 19 - train iter 195 - 16087.8 words/s - loss: 0.4115
01:09:31 - process[4]: evaluating epoch 19 on dev ...
01:10:14 - dev set during evaluation: 14470/14463
01:10:14 - process[4] - dev - epoch 19 - mAP: 0.319 w/ 35 queries
01:10:14 - [fold 5] best test MAP: 0.363 @ epoch 15
01:10:14 - [0.35127494576984947, 0.3698112564363, 0.31980500550655944, 0.3368930162385046, 0.3629053014418045]
01:10:14 - [35, 36, 35, 35, 35]
01:10:14 - final MAP: 0.348
00:00:06 - Namespace(apex_level='O2', batch_size=8, cased=False, dataset='clef', debug=False, encoder_lr=2e-05, eval_step=1, full_doc_length=True, local_rank=4, model_path='/mnt/scratch/puxuan/short_qlm_doc/2186796/huggingface-9', model_type='mbert', num_epochs=20, num_ft_encoders=3, num_neg=1, projector_lr=2e-05, seed=611, source_lang='es', target_lang='en')
00:00:14 - Evaluating every 1 epochs ...
00:00:14 - reading data from /mnt/home/puxuan/CLIR-project/Evaluation_data/process-clef/uncased
00:00:15 - test has 35 queries ...
00:00:15 - Data reading done ...
00:00:21 - adding 9-th encoder to optimizer...
00:00:21 - adding 10-th encoder to optimizer...
00:00:21 - adding 11-th encoder to optimizer...
00:00:22 - process[4]: training epoch 0 ...
00:00:34 - process[4] - epoch 0 - train iter 197 - 15066.2 words/s - loss: 0.6869
00:00:34 - process[4]: training epoch 1 ...
00:00:44 - process[4] - epoch 1 - train iter 197 - 16802.2 words/s - loss: 0.6645
00:00:44 - process[4]: training epoch 2 ...
00:00:56 - process[4] - epoch 2 - train iter 197 - 15637.8 words/s - loss: 0.6293
00:00:56 - process[4]: training epoch 3 ...
00:01:07 - process[4] - epoch 3 - train iter 197 - 15976.3 words/s - loss: 0.5884
00:01:07 - process[4]: training epoch 4 ...
00:01:17 - process[4] - epoch 4 - train iter 197 - 17164.2 words/s - loss: 0.5682
00:01:17 - process[4]: training epoch 5 ...
00:01:29 - process[4] - epoch 5 - train iter 197 - 15140.9 words/s - loss: 0.4883
00:01:29 - process[4]: training epoch 6 ...
00:01:40 - process[4] - epoch 6 - train iter 197 - 16480.3 words/s - loss: 0.5234
00:01:40 - process[4]: training epoch 7 ...
00:01:52 - process[4] - epoch 7 - train iter 197 - 15469.2 words/s - loss: 0.5303
00:01:52 - process[4]: training epoch 8 ...
00:02:02 - process[4] - epoch 8 - train iter 197 - 16894.2 words/s - loss: 0.5285
00:02:02 - process[4]: training epoch 9 ...
00:02:14 - process[4] - epoch 9 - train iter 197 - 15814.1 words/s - loss: 0.5018
00:02:14 - process[4]: training epoch 10 ...
00:02:24 - process[4] - epoch 10 - train iter 197 - 17149.5 words/s - loss: 0.5119
00:02:24 - process[4]: evaluating epoch 10 on dev ...
00:03:12 - dev set during evaluation: 14160/14157
00:03:12 - process[4] - dev - epoch 10 - mAP: 0.342 w/ 35 queries
00:03:12 - process[4]: evaluating epoch 10 on test ...
00:03:54 - test set during evaluation: 14980/14975
00:03:54 - process[4] - test - epoch 10 - mAP: 0.341 w/ 35 queries
00:03:54 - process[4]: training epoch 11 ...
00:04:04 - process[4] - epoch 11 - train iter 197 - 18186.5 words/s - loss: 0.5091
00:04:04 - process[4]: evaluating epoch 11 on dev ...
00:04:50 - dev set during evaluation: 14160/14157
00:04:50 - process[4] - dev - epoch 11 - mAP: 0.316 w/ 35 queries
00:04:50 - process[4]: training epoch 12 ...
00:05:02 - process[4] - epoch 12 - train iter 197 - 15391.1 words/s - loss: 0.4941
00:05:02 - process[4]: evaluating epoch 12 on dev ...
00:05:44 - dev set during evaluation: 14160/14157
00:05:44 - process[4] - dev - epoch 12 - mAP: 0.354 w/ 35 queries
00:05:44 - process[4]: evaluating epoch 12 on test ...
00:06:25 - test set during evaluation: 14980/14975
00:06:25 - process[4] - test - epoch 12 - mAP: 0.339 w/ 35 queries
00:06:26 - process[4]: training epoch 13 ...
00:06:38 - process[4] - epoch 13 - train iter 197 - 14398.0 words/s - loss: 0.4486
00:06:38 - process[4]: evaluating epoch 13 on dev ...
00:07:22 - dev set during evaluation: 14160/14157
00:07:22 - process[4] - dev - epoch 13 - mAP: 0.366 w/ 35 queries
00:07:22 - process[4]: evaluating epoch 13 on test ...
00:08:03 - test set during evaluation: 14980/14975
00:08:03 - process[4] - test - epoch 13 - mAP: 0.348 w/ 35 queries
00:08:03 - process[4]: training epoch 14 ...
00:08:14 - process[4] - epoch 14 - train iter 197 - 15944.6 words/s - loss: 0.4224
00:08:14 - process[4]: evaluating epoch 14 on dev ...
00:08:58 - dev set during evaluation: 14160/14157
00:08:58 - process[4] - dev - epoch 14 - mAP: 0.343 w/ 35 queries
00:08:58 - process[4]: training epoch 15 ...
00:09:10 - process[4] - epoch 15 - train iter 197 - 15010.0 words/s - loss: 0.4804
00:09:10 - process[4]: evaluating epoch 15 on dev ...
00:09:53 - dev set during evaluation: 14160/14157
00:09:53 - process[4] - dev - epoch 15 - mAP: 0.350 w/ 35 queries
00:09:53 - process[4]: training epoch 16 ...
00:10:05 - process[4] - epoch 16 - train iter 197 - 15012.8 words/s - loss: 0.4002
00:10:05 - process[4]: evaluating epoch 16 on dev ...
00:10:48 - dev set during evaluation: 14160/14157
00:10:48 - process[4] - dev - epoch 16 - mAP: 0.373 w/ 35 queries
00:10:48 - process[4]: evaluating epoch 16 on test ...
00:11:29 - test set during evaluation: 14980/14975
00:11:29 - process[4] - test - epoch 16 - mAP: 0.351 w/ 35 queries
00:11:29 - process[4]: training epoch 17 ...
00:11:42 - process[4] - epoch 17 - train iter 197 - 14552.1 words/s - loss: 0.4565
00:11:42 - process[4]: evaluating epoch 17 on dev ...
00:12:25 - dev set during evaluation: 14160/14157
00:12:25 - process[4] - dev - epoch 17 - mAP: 0.337 w/ 35 queries
00:12:25 - process[4]: training epoch 18 ...
00:12:36 - process[4] - epoch 18 - train iter 197 - 15713.5 words/s - loss: 0.4311
00:12:36 - process[4]: evaluating epoch 18 on dev ...
00:13:20 - dev set during evaluation: 14160/14157
00:13:20 - process[4] - dev - epoch 18 - mAP: 0.349 w/ 35 queries
00:13:20 - process[4]: training epoch 19 ...
00:13:32 - process[4] - epoch 19 - train iter 197 - 15250.0 words/s - loss: 0.4103
00:13:32 - process[4]: evaluating epoch 19 on dev ...
00:14:16 - dev set during evaluation: 14160/14157
00:14:16 - process[4] - dev - epoch 19 - mAP: 0.357 w/ 35 queries
00:14:16 - [fold 1] best test MAP: 0.351 @ epoch 16
00:14:16 - Evaluating every 1 epochs ...
00:14:16 - reading data from /mnt/home/puxuan/CLIR-project/Evaluation_data/process-clef/uncased
00:14:17 - test has 36 queries ...
00:14:17 - Data reading done ...
00:14:18 - adding 9-th encoder to optimizer...
00:14:18 - adding 10-th encoder to optimizer...
00:14:18 - adding 11-th encoder to optimizer...
00:14:19 - process[4]: training epoch 0 ...
00:14:29 - process[4] - epoch 0 - train iter 187 - 17098.8 words/s - loss: 0.6908
00:14:29 - process[4]: training epoch 1 ...
00:14:40 - process[4] - epoch 1 - train iter 187 - 15304.4 words/s - loss: 0.6787
00:14:40 - process[4]: training epoch 2 ...
00:14:50 - process[4] - epoch 2 - train iter 187 - 16862.4 words/s - loss: 0.6064
00:14:50 - process[4]: training epoch 3 ...
00:14:59 - process[4] - epoch 3 - train iter 187 - 19686.6 words/s - loss: 0.6059
00:14:59 - process[4]: training epoch 4 ...
00:15:09 - process[4] - epoch 4 - train iter 187 - 17319.0 words/s - loss: 0.5598
00:15:09 - process[4]: training epoch 5 ...
00:15:19 - process[4] - epoch 5 - train iter 187 - 16854.1 words/s - loss: 0.5494
00:15:19 - process[4]: training epoch 6 ...
00:15:28 - process[4] - epoch 6 - train iter 187 - 17832.5 words/s - loss: 0.5249
00:15:28 - process[4]: training epoch 7 ...
00:15:39 - process[4] - epoch 7 - train iter 187 - 15463.5 words/s - loss: 0.5237
00:15:39 - process[4]: training epoch 8 ...
00:15:49 - process[4] - epoch 8 - train iter 187 - 16395.1 words/s - loss: 0.5073
00:15:49 - process[4]: training epoch 9 ...
00:16:00 - process[4] - epoch 9 - train iter 187 - 16052.5 words/s - loss: 0.5041
00:16:00 - process[4]: training epoch 10 ...
00:16:10 - process[4] - epoch 10 - train iter 187 - 17228.3 words/s - loss: 0.4563
00:16:10 - process[4]: evaluating epoch 10 on dev ...
00:16:53 - dev set during evaluation: 14980/14975
00:16:53 - process[4] - dev - epoch 10 - mAP: 0.377 w/ 35 queries
00:16:53 - process[4]: evaluating epoch 10 on test ...
00:17:37 - test set during evaluation: 15300/15294
00:17:37 - process[4] - test - epoch 10 - mAP: 0.357 w/ 36 queries
00:17:37 - process[4]: training epoch 11 ...
00:17:47 - process[4] - epoch 11 - train iter 187 - 16280.0 words/s - loss: 0.4773
00:17:47 - process[4]: evaluating epoch 11 on dev ...
00:18:28 - dev set during evaluation: 14980/14975
00:18:28 - process[4] - dev - epoch 11 - mAP: 0.322 w/ 35 queries
00:18:28 - process[4]: training epoch 12 ...
00:18:37 - process[4] - epoch 12 - train iter 187 - 17493.1 words/s - loss: 0.3918
00:18:37 - process[4]: evaluating epoch 12 on dev ...
00:19:19 - dev set during evaluation: 14980/14975
00:19:19 - process[4] - dev - epoch 12 - mAP: 0.332 w/ 35 queries
00:19:19 - process[4]: training epoch 13 ...
00:19:29 - process[4] - epoch 13 - train iter 187 - 17359.6 words/s - loss: 0.4942
00:19:29 - process[4]: evaluating epoch 13 on dev ...
00:20:10 - dev set during evaluation: 14980/14975
00:20:10 - process[4] - dev - epoch 13 - mAP: 0.389 w/ 35 queries
00:20:10 - process[4]: evaluating epoch 13 on test ...
00:20:53 - test set during evaluation: 15300/15294
00:20:53 - process[4] - test - epoch 13 - mAP: 0.380 w/ 36 queries
00:20:53 - process[4]: training epoch 14 ...
00:21:02 - process[4] - epoch 14 - train iter 187 - 18977.6 words/s - loss: 0.4611
00:21:02 - process[4]: evaluating epoch 14 on dev ...
00:21:45 - dev set during evaluation: 14980/14975
00:21:45 - process[4] - dev - epoch 14 - mAP: 0.386 w/ 35 queries
00:21:45 - process[4]: training epoch 15 ...
00:21:56 - process[4] - epoch 15 - train iter 187 - 16354.7 words/s - loss: 0.4319
00:21:56 - process[4]: evaluating epoch 15 on dev ...
00:22:37 - dev set during evaluation: 14980/14975
00:22:37 - process[4] - dev - epoch 15 - mAP: 0.395 w/ 35 queries
00:22:37 - process[4]: evaluating epoch 15 on test ...
00:23:20 - test set during evaluation: 15300/15294
00:23:20 - process[4] - test - epoch 15 - mAP: 0.365 w/ 36 queries
00:23:20 - process[4]: training epoch 16 ...
00:23:29 - process[4] - epoch 16 - train iter 187 - 18208.6 words/s - loss: 0.4529
00:23:29 - process[4]: evaluating epoch 16 on dev ...
00:24:10 - dev set during evaluation: 14980/14975
00:24:10 - process[4] - dev - epoch 16 - mAP: 0.368 w/ 35 queries
00:24:10 - process[4]: training epoch 17 ...
00:24:20 - process[4] - epoch 17 - train iter 187 - 18587.5 words/s - loss: 0.4837
00:24:20 - process[4]: evaluating epoch 17 on dev ...
00:25:02 - dev set during evaluation: 14980/14975
00:25:02 - process[4] - dev - epoch 17 - mAP: 0.365 w/ 35 queries
00:25:02 - process[4]: training epoch 18 ...
00:25:11 - process[4] - epoch 18 - train iter 187 - 18183.6 words/s - loss: 0.4537
00:25:11 - process[4]: evaluating epoch 18 on dev ...
00:25:54 - dev set during evaluation: 14980/14975
00:25:54 - process[4] - dev - epoch 18 - mAP: 0.373 w/ 35 queries
00:25:54 - process[4]: training epoch 19 ...
00:26:04 - process[4] - epoch 19 - train iter 187 - 16318.2 words/s - loss: 0.4227
00:26:04 - process[4]: evaluating epoch 19 on dev ...
00:26:45 - dev set during evaluation: 14980/14975
00:26:45 - process[4] - dev - epoch 19 - mAP: 0.398 w/ 35 queries
00:26:45 - process[4]: evaluating epoch 19 on test ...
00:27:28 - test set during evaluation: 15300/15294
00:27:28 - process[4] - test - epoch 19 - mAP: 0.370 w/ 36 queries
00:27:28 - [fold 2] best test MAP: 0.370 @ epoch 19
00:27:28 - Evaluating every 1 epochs ...
00:27:28 - reading data from /mnt/home/puxuan/CLIR-project/Evaluation_data/process-clef/uncased
00:27:29 - test has 35 queries ...
00:27:29 - Data reading done ...
00:27:30 - adding 9-th encoder to optimizer...
00:27:30 - adding 10-th encoder to optimizer...
00:27:30 - adding 11-th encoder to optimizer...
00:27:31 - process[4]: training epoch 0 ...
00:27:41 - process[4] - epoch 0 - train iter 196 - 18298.2 words/s - loss: 0.6888
00:27:41 - process[4]: training epoch 1 ...
00:27:51 - process[4] - epoch 1 - train iter 196 - 17662.1 words/s - loss: 0.6662
00:27:51 - process[4]: training epoch 2 ...
00:28:00 - process[4] - epoch 2 - train iter 196 - 18351.6 words/s - loss: 0.6645
00:28:00 - process[4]: training epoch 3 ...
00:28:10 - process[4] - epoch 3 - train iter 196 - 17866.7 words/s - loss: 0.5995
00:28:10 - process[4]: training epoch 4 ...
00:28:21 - process[4] - epoch 4 - train iter 196 - 16897.0 words/s - loss: 0.6058
00:28:21 - process[4]: training epoch 5 ...
00:28:31 - process[4] - epoch 5 - train iter 196 - 17600.8 words/s - loss: 0.5938
00:28:31 - process[4]: training epoch 6 ...
00:28:42 - process[4] - epoch 6 - train iter 196 - 16550.3 words/s - loss: 0.5281
00:28:42 - process[4]: training epoch 7 ...
00:28:52 - process[4] - epoch 7 - train iter 196 - 16201.9 words/s - loss: 0.5415
00:28:52 - process[4]: training epoch 8 ...
00:29:03 - process[4] - epoch 8 - train iter 196 - 17015.3 words/s - loss: 0.5301
00:29:03 - process[4]: training epoch 9 ...
00:29:13 - process[4] - epoch 9 - train iter 196 - 17435.7 words/s - loss: 0.5351
00:29:13 - process[4]: training epoch 10 ...
00:29:23 - process[4] - epoch 10 - train iter 196 - 17068.7 words/s - loss: 0.5190
00:29:23 - process[4]: evaluating epoch 10 on dev ...
00:30:10 - dev set during evaluation: 15300/15294
00:30:10 - process[4] - dev - epoch 10 - mAP: 0.334 w/ 36 queries
00:30:10 - process[4]: evaluating epoch 10 on test ...
00:30:53 - test set during evaluation: 15480/15477
00:30:53 - process[4] - test - epoch 10 - mAP: 0.358 w/ 35 queries
00:30:53 - process[4]: training epoch 11 ...
00:31:03 - process[4] - epoch 11 - train iter 196 - 17471.4 words/s - loss: 0.4983
00:31:03 - process[4]: evaluating epoch 11 on dev ...
00:31:46 - dev set during evaluation: 15300/15294
00:31:46 - process[4] - dev - epoch 11 - mAP: 0.337 w/ 36 queries
00:31:46 - process[4]: evaluating epoch 11 on test ...
00:32:28 - test set during evaluation: 15480/15477
00:32:28 - process[4] - test - epoch 11 - mAP: 0.319 w/ 35 queries
00:32:28 - process[4]: training epoch 12 ...
00:32:38 - process[4] - epoch 12 - train iter 196 - 17563.9 words/s - loss: 0.4632
00:32:38 - process[4]: evaluating epoch 12 on dev ...
00:33:21 - dev set during evaluation: 15300/15294
00:33:21 - process[4] - dev - epoch 12 - mAP: 0.358 w/ 36 queries
00:33:21 - process[4]: evaluating epoch 12 on test ...
00:34:03 - test set during evaluation: 15480/15477
00:34:03 - process[4] - test - epoch 12 - mAP: 0.337 w/ 35 queries
00:34:03 - process[4]: training epoch 13 ...
00:34:13 - process[4] - epoch 13 - train iter 196 - 18198.6 words/s - loss: 0.4656
00:34:13 - process[4]: evaluating epoch 13 on dev ...
00:34:57 - dev set during evaluation: 15300/15294
00:34:57 - process[4] - dev - epoch 13 - mAP: 0.348 w/ 36 queries
00:34:57 - process[4]: training epoch 14 ...
00:35:07 - process[4] - epoch 14 - train iter 196 - 16495.3 words/s - loss: 0.4775
00:35:07 - process[4]: evaluating epoch 14 on dev ...
00:35:50 - dev set during evaluation: 15300/15294
00:35:50 - process[4] - dev - epoch 14 - mAP: 0.369 w/ 36 queries
00:35:50 - process[4]: evaluating epoch 14 on test ...
00:36:32 - test set during evaluation: 15480/15477
00:36:32 - process[4] - test - epoch 14 - mAP: 0.329 w/ 35 queries
00:36:32 - process[4]: training epoch 15 ...
00:36:42 - process[4] - epoch 15 - train iter 196 - 17180.7 words/s - loss: 0.4378
00:36:42 - process[4]: evaluating epoch 15 on dev ...
00:37:24 - dev set during evaluation: 15300/15294
00:37:24 - process[4] - dev - epoch 15 - mAP: 0.355 w/ 36 queries
00:37:24 - process[4]: training epoch 16 ...
00:37:34 - process[4] - epoch 16 - train iter 196 - 18097.3 words/s - loss: 0.4591
00:37:34 - process[4]: evaluating epoch 16 on dev ...
00:38:17 - dev set during evaluation: 15300/15294
00:38:17 - process[4] - dev - epoch 16 - mAP: 0.349 w/ 36 queries
00:38:17 - process[4]: training epoch 17 ...
00:38:27 - process[4] - epoch 17 - train iter 196 - 17943.6 words/s - loss: 0.4571
00:38:27 - process[4]: evaluating epoch 17 on dev ...
00:39:10 - dev set during evaluation: 15300/15294
00:39:10 - process[4] - dev - epoch 17 - mAP: 0.373 w/ 36 queries
00:39:10 - process[4]: evaluating epoch 17 on test ...
00:39:52 - test set during evaluation: 15480/15477
00:39:52 - process[4] - test - epoch 17 - mAP: 0.301 w/ 35 queries
00:39:52 - process[4]: training epoch 18 ...
00:40:03 - process[4] - epoch 18 - train iter 196 - 16290.1 words/s - loss: 0.4521
00:40:03 - process[4]: evaluating epoch 18 on dev ...
00:40:45 - dev set during evaluation: 15300/15294
00:40:45 - process[4] - dev - epoch 18 - mAP: 0.346 w/ 36 queries
00:40:45 - process[4]: training epoch 19 ...
00:40:56 - process[4] - epoch 19 - train iter 196 - 16297.3 words/s - loss: 0.4474
00:40:56 - process[4]: evaluating epoch 19 on dev ...
00:41:38 - dev set during evaluation: 15300/15294
00:41:38 - process[4] - dev - epoch 19 - mAP: 0.377 w/ 36 queries
00:41:38 - process[4]: evaluating epoch 19 on test ...
00:42:20 - test set during evaluation: 15480/15477
00:42:20 - process[4] - test - epoch 19 - mAP: 0.320 w/ 35 queries
00:42:20 - [fold 3] best test MAP: 0.320 @ epoch 19
00:42:20 - Evaluating every 1 epochs ...
00:42:20 - reading data from /mnt/home/puxuan/CLIR-project/Evaluation_data/process-clef/uncased
00:42:21 - test has 35 queries ...
00:42:21 - Data reading done ...
00:42:22 - adding 9-th encoder to optimizer...
00:42:22 - adding 10-th encoder to optimizer...
00:42:22 - adding 11-th encoder to optimizer...
00:42:23 - process[4]: training epoch 0 ...
00:42:34 - process[4] - epoch 0 - train iter 207 - 16719.5 words/s - loss: 0.6883
00:42:34 - process[4]: training epoch 1 ...
00:42:45 - process[4] - epoch 1 - train iter 207 - 16988.9 words/s - loss: 0.6700
00:42:45 - process[4]: training epoch 2 ...
00:42:55 - process[4] - epoch 2 - train iter 207 - 17664.1 words/s - loss: 0.6324
00:42:55 - process[4]: training epoch 3 ...
00:43:07 - process[4] - epoch 3 - train iter 207 - 16460.8 words/s - loss: 0.6193
00:43:07 - process[4]: training epoch 4 ...
00:43:18 - process[4] - epoch 4 - train iter 207 - 16546.0 words/s - loss: 0.5849
00:43:18 - process[4]: training epoch 5 ...
00:43:30 - process[4] - epoch 5 - train iter 207 - 15955.3 words/s - loss: 0.5615
00:43:30 - process[4]: training epoch 6 ...
00:43:43 - process[4] - epoch 6 - train iter 207 - 15231.8 words/s - loss: 0.5447
00:43:43 - process[4]: training epoch 7 ...
00:43:53 - process[4] - epoch 7 - train iter 207 - 17045.0 words/s - loss: 0.5583
00:43:53 - process[4]: training epoch 8 ...
00:44:05 - process[4] - epoch 8 - train iter 207 - 16000.2 words/s - loss: 0.5328
00:44:05 - process[4]: training epoch 9 ...
00:44:17 - process[4] - epoch 9 - train iter 207 - 16235.9 words/s - loss: 0.5440
00:44:17 - process[4]: training epoch 10 ...
00:44:27 - process[4] - epoch 10 - train iter 207 - 17494.4 words/s - loss: 0.4665
00:44:27 - process[4]: evaluating epoch 10 on dev ...
00:45:11 - dev set during evaluation: 15480/15477
00:45:11 - process[4] - dev - epoch 10 - mAP: 0.265 w/ 35 queries
00:45:11 - process[4]: evaluating epoch 10 on test ...
00:45:54 - test set during evaluation: 14470/14463
00:45:54 - process[4] - test - epoch 10 - mAP: 0.256 w/ 35 queries
00:45:54 - process[4]: training epoch 11 ...
00:46:05 - process[4] - epoch 11 - train iter 207 - 15904.9 words/s - loss: 0.5362
00:46:05 - process[4]: evaluating epoch 11 on dev ...
00:46:47 - dev set during evaluation: 15480/15477
00:46:47 - process[4] - dev - epoch 11 - mAP: 0.271 w/ 35 queries
00:46:47 - process[4]: evaluating epoch 11 on test ...
00:47:29 - test set during evaluation: 14470/14463
00:47:29 - process[4] - test - epoch 11 - mAP: 0.288 w/ 35 queries
00:47:29 - process[4]: training epoch 12 ...
00:47:40 - process[4] - epoch 12 - train iter 207 - 16587.3 words/s - loss: 0.4265
00:47:40 - process[4]: evaluating epoch 12 on dev ...
00:48:23 - dev set during evaluation: 15480/15477
00:48:23 - process[4] - dev - epoch 12 - mAP: 0.254 w/ 35 queries
00:48:23 - process[4]: training epoch 13 ...
00:48:33 - process[4] - epoch 13 - train iter 207 - 17546.8 words/s - loss: 0.4729
00:48:33 - process[4]: evaluating epoch 13 on dev ...
00:49:16 - dev set during evaluation: 15480/15477
00:49:16 - process[4] - dev - epoch 13 - mAP: 0.276 w/ 35 queries
00:49:16 - process[4]: evaluating epoch 13 on test ...
00:49:58 - test set during evaluation: 14470/14463
00:49:58 - process[4] - test - epoch 13 - mAP: 0.322 w/ 35 queries
00:49:58 - process[4]: training epoch 14 ...
00:50:09 - process[4] - epoch 14 - train iter 207 - 17535.3 words/s - loss: 0.4946
00:50:10 - process[4]: evaluating epoch 14 on dev ...
00:50:52 - dev set during evaluation: 15480/15477
00:50:52 - process[4] - dev - epoch 14 - mAP: 0.269 w/ 35 queries
00:50:52 - process[4]: training epoch 15 ...
00:51:02 - process[4] - epoch 15 - train iter 207 - 19041.7 words/s - loss: 0.4600
00:51:02 - process[4]: evaluating epoch 15 on dev ...
00:51:45 - dev set during evaluation: 15480/15477
00:51:45 - process[4] - dev - epoch 15 - mAP: 0.259 w/ 35 queries
00:51:45 - process[4]: training epoch 16 ...
00:51:56 - process[4] - epoch 16 - train iter 207 - 16324.8 words/s - loss: 0.4003
00:51:56 - process[4]: evaluating epoch 16 on dev ...
00:52:43 - dev set during evaluation: 15480/15477
00:52:43 - process[4] - dev - epoch 16 - mAP: 0.291 w/ 35 queries
00:52:43 - process[4]: evaluating epoch 16 on test ...
00:53:25 - test set during evaluation: 14470/14463
00:53:25 - process[4] - test - epoch 16 - mAP: 0.283 w/ 35 queries
00:53:25 - process[4]: training epoch 17 ...
00:53:36 - process[4] - epoch 17 - train iter 207 - 16654.3 words/s - loss: 0.4893
00:53:36 - process[4]: evaluating epoch 17 on dev ...
00:54:20 - dev set during evaluation: 15480/15477
00:54:20 - process[4] - dev - epoch 17 - mAP: 0.298 w/ 35 queries
00:54:20 - process[4]: evaluating epoch 17 on test ...
00:55:02 - test set during evaluation: 14470/14463
00:55:02 - process[4] - test - epoch 17 - mAP: 0.337 w/ 35 queries
00:55:02 - process[4]: training epoch 18 ...
00:55:14 - process[4] - epoch 18 - train iter 207 - 15905.6 words/s - loss: 0.4279
00:55:14 - process[4]: evaluating epoch 18 on dev ...
00:55:55 - dev set during evaluation: 15480/15477
00:55:55 - process[4] - dev - epoch 18 - mAP: 0.291 w/ 35 queries
00:55:55 - process[4]: training epoch 19 ...
00:56:05 - process[4] - epoch 19 - train iter 207 - 18703.5 words/s - loss: 0.4629
00:56:05 - process[4]: evaluating epoch 19 on dev ...
00:56:49 - dev set during evaluation: 15480/15477
00:56:49 - process[4] - dev - epoch 19 - mAP: 0.297 w/ 35 queries
00:56:49 - [fold 4] best test MAP: 0.337 @ epoch 17
00:56:49 - Evaluating every 1 epochs ...
00:56:49 - reading data from /mnt/home/puxuan/CLIR-project/Evaluation_data/process-clef/uncased
00:56:50 - test has 35 queries ...
00:56:50 - Data reading done ...
00:56:51 - adding 9-th encoder to optimizer...
00:56:51 - adding 10-th encoder to optimizer...
00:56:51 - adding 11-th encoder to optimizer...
00:56:52 - process[4]: training epoch 0 ...
00:57:02 - process[4] - epoch 0 - train iter 195 - 16601.1 words/s - loss: 0.6927
00:57:02 - process[4]: training epoch 1 ...
00:57:13 - process[4] - epoch 1 - train iter 195 - 15984.1 words/s - loss: 0.6637
00:57:13 - process[4]: training epoch 2 ...
00:57:24 - process[4] - epoch 2 - train iter 195 - 16471.2 words/s - loss: 0.6231
00:57:24 - process[4]: training epoch 3 ...
00:57:34 - process[4] - epoch 3 - train iter 195 - 16949.2 words/s - loss: 0.5900
00:57:34 - process[4]: training epoch 4 ...
00:57:45 - process[4] - epoch 4 - train iter 195 - 16027.5 words/s - loss: 0.5429
00:57:45 - process[4]: training epoch 5 ...
00:57:56 - process[4] - epoch 5 - train iter 195 - 15577.8 words/s - loss: 0.5664
00:57:56 - process[4]: training epoch 6 ...
00:58:07 - process[4] - epoch 6 - train iter 195 - 16853.8 words/s - loss: 0.5431
00:58:07 - process[4]: training epoch 7 ...
00:58:17 - process[4] - epoch 7 - train iter 195 - 16585.8 words/s - loss: 0.5038
00:58:17 - process[4]: training epoch 8 ...
00:58:29 - process[4] - epoch 8 - train iter 195 - 15803.4 words/s - loss: 0.5150
00:58:29 - process[4]: training epoch 9 ...
00:58:39 - process[4] - epoch 9 - train iter 195 - 16632.2 words/s - loss: 0.4710
00:58:39 - process[4]: training epoch 10 ...
00:58:50 - process[4] - epoch 10 - train iter 195 - 16002.5 words/s - loss: 0.4554
00:58:50 - process[4]: evaluating epoch 10 on dev ...
00:59:36 - dev set during evaluation: 14470/14463
00:59:36 - process[4] - dev - epoch 10 - mAP: 0.292 w/ 35 queries
00:59:36 - process[4]: evaluating epoch 10 on test ...
01:00:22 - test set during evaluation: 14160/14157
01:00:22 - process[4] - test - epoch 10 - mAP: 0.367 w/ 35 queries
01:00:22 - process[4]: training epoch 11 ...
01:00:34 - process[4] - epoch 11 - train iter 195 - 14058.1 words/s - loss: 0.4608
01:00:34 - process[4]: evaluating epoch 11 on dev ...
01:01:17 - dev set during evaluation: 14470/14463
01:01:17 - process[4] - dev - epoch 11 - mAP: 0.298 w/ 35 queries
01:01:17 - process[4]: evaluating epoch 11 on test ...
01:02:03 - test set during evaluation: 14160/14157
01:02:03 - process[4] - test - epoch 11 - mAP: 0.380 w/ 35 queries
01:02:03 - process[4]: training epoch 12 ...
01:02:13 - process[4] - epoch 12 - train iter 195 - 16971.1 words/s - loss: 0.4775
01:02:13 - process[4]: evaluating epoch 12 on dev ...
01:02:55 - dev set during evaluation: 14470/14463
01:02:55 - process[4] - dev - epoch 12 - mAP: 0.290 w/ 35 queries
01:02:55 - process[4]: training epoch 13 ...
01:03:06 - process[4] - epoch 13 - train iter 195 - 16699.2 words/s - loss: 0.4590
01:03:06 - process[4]: evaluating epoch 13 on dev ...
01:03:48 - dev set during evaluation: 14470/14463
01:03:48 - process[4] - dev - epoch 13 - mAP: 0.305 w/ 35 queries
01:03:48 - process[4]: evaluating epoch 13 on test ...
01:04:33 - test set during evaluation: 14160/14157
01:04:33 - process[4] - test - epoch 13 - mAP: 0.308 w/ 35 queries
01:04:33 - process[4]: training epoch 14 ...
01:04:45 - process[4] - epoch 14 - train iter 195 - 14890.2 words/s - loss: 0.4480
01:04:45 - process[4]: evaluating epoch 14 on dev ...
01:05:27 - dev set during evaluation: 14470/14463
01:05:27 - process[4] - dev - epoch 14 - mAP: 0.286 w/ 35 queries
01:05:27 - process[4]: training epoch 15 ...
01:05:37 - process[4] - epoch 15 - train iter 195 - 17714.0 words/s - loss: 0.4141
01:05:37 - process[4]: evaluating epoch 15 on dev ...
01:06:19 - dev set during evaluation: 14470/14463
01:06:19 - process[4] - dev - epoch 15 - mAP: 0.346 w/ 35 queries
01:06:19 - process[4]: evaluating epoch 15 on test ...
01:07:04 - test set during evaluation: 14160/14157
01:07:04 - process[4] - test - epoch 15 - mAP: 0.363 w/ 35 queries
01:07:04 - process[4]: training epoch 16 ...
01:07:16 - process[4] - epoch 16 - train iter 195 - 14906.0 words/s - loss: 0.4295
01:07:16 - process[4]: evaluating epoch 16 on dev ...
01:07:58 - dev set during evaluation: 14470/14463
01:07:58 - process[4] - dev - epoch 16 - mAP: 0.313 w/ 35 queries
01:07:58 - process[4]: training epoch 17 ...
01:08:09 - process[4] - epoch 17 - train iter 195 - 15739.9 words/s - loss: 0.4318
01:08:09 - process[4]: evaluating epoch 17 on dev ...
01:08:51 - dev set during evaluation: 14470/14463
01:08:51 - process[4] - dev - epoch 17 - mAP: 0.310 w/ 35 queries
01:08:51 - process[4]: training epoch 18 ...
01:09:01 - process[4] - epoch 18 - train iter 195 - 16750.0 words/s - loss: 0.4046
01:09:01 - process[4]: evaluating epoch 18 on dev ...
01:09:43 - dev set during evaluation: 14470/14463
01:09:43 - process[4] - dev - epoch 18 - mAP: 0.326 w/ 35 queries
01:09:43 - process[4]: training epoch 19 ...
01:09:54 - process[4] - epoch 19 - train iter 195 - 16278.8 words/s - loss: 0.4115
01:09:54 - process[4]: evaluating epoch 19 on dev ...
01:10:36 - dev set during evaluation: 14470/14463
01:10:36 - process[4] - dev - epoch 19 - mAP: 0.319 w/ 35 queries
01:10:36 - [fold 5] best test MAP: 0.363 @ epoch 15
01:10:36 - [0.35127494576984947, 0.3698112564363, 0.31980500550655944, 0.3368930162385046, 0.3629053014418045]
01:10:36 - [35, 36, 35, 35, 35]
01:10:36 - final MAP: 0.348
