00:00:06 - Namespace(apex_level='O2', batch_size=8, cased=False, dataset='clef', debug=False, encoder_lr=2e-05, eval_step=1, full_doc_length=True, local_rank=5, model_path='/mnt/scratch/puxuan/short_qlm_mix/2192279/huggingface-9', model_type='mbert', num_epochs=20, num_ft_encoders=3, num_neg=1, projector_lr=2e-05, seed=611, source_lang='fr', target_lang='en')
00:00:14 - Evaluating every 1 epochs ...
00:00:14 - reading data from /mnt/home/puxuan/CLIR-project/Evaluation_data/process-clef/uncased
00:00:15 - test has 35 queries ...
00:00:15 - Data reading done ...
00:00:21 - adding 9-th encoder to optimizer...
00:00:21 - adding 10-th encoder to optimizer...
00:00:21 - adding 11-th encoder to optimizer...
00:00:21 - process[5]: training epoch 0 ...
00:00:34 - process[5] - epoch 0 - train iter 197 - 14070.4 words/s - loss: 0.6536
00:00:34 - process[5]: training epoch 1 ...
00:00:47 - process[5] - epoch 1 - train iter 197 - 14303.5 words/s - loss: 0.5336
00:00:47 - process[5]: training epoch 2 ...
00:00:58 - process[5] - epoch 2 - train iter 197 - 15788.7 words/s - loss: 0.4795
00:00:58 - process[5]: training epoch 3 ...
00:01:10 - process[5] - epoch 3 - train iter 197 - 15088.5 words/s - loss: 0.4511
00:01:10 - process[5]: training epoch 4 ...
00:01:21 - process[5] - epoch 4 - train iter 197 - 15687.4 words/s - loss: 0.4671
00:01:21 - process[5]: training epoch 5 ...
00:01:32 - process[5] - epoch 5 - train iter 197 - 16242.2 words/s - loss: 0.4066
00:01:32 - process[5]: training epoch 6 ...
00:01:43 - process[5] - epoch 6 - train iter 197 - 16790.8 words/s - loss: 0.4117
00:01:43 - process[5]: training epoch 7 ...
00:01:55 - process[5] - epoch 7 - train iter 197 - 15464.6 words/s - loss: 0.4534
00:01:55 - process[5]: training epoch 8 ...
00:02:06 - process[5] - epoch 8 - train iter 197 - 15925.6 words/s - loss: 0.4146
00:02:06 - process[5]: training epoch 9 ...
00:02:17 - process[5] - epoch 9 - train iter 197 - 16316.7 words/s - loss: 0.3930
00:02:17 - process[5]: training epoch 10 ...
00:02:29 - process[5] - epoch 10 - train iter 197 - 14536.5 words/s - loss: 0.3842
00:02:29 - process[5]: evaluating epoch 10 on dev ...
00:03:13 - dev set during evaluation: 14160/14157
00:03:13 - process[5] - dev - epoch 10 - mAP: 0.486 w/ 35 queries
00:03:13 - process[5]: evaluating epoch 10 on test ...
00:03:54 - test set during evaluation: 14980/14975
00:03:54 - process[5] - test - epoch 10 - mAP: 0.462 w/ 35 queries
00:03:54 - process[5]: training epoch 11 ...
00:04:04 - process[5] - epoch 11 - train iter 197 - 17007.8 words/s - loss: 0.3901
00:04:04 - process[5]: evaluating epoch 11 on dev ...
00:04:51 - dev set during evaluation: 14160/14157
00:04:51 - process[5] - dev - epoch 11 - mAP: 0.486 w/ 35 queries
00:04:51 - process[5]: training epoch 12 ...
00:05:02 - process[5] - epoch 12 - train iter 197 - 16649.7 words/s - loss: 0.4140
00:05:02 - process[5]: evaluating epoch 12 on dev ...
00:05:46 - dev set during evaluation: 14160/14157
00:05:46 - process[5] - dev - epoch 12 - mAP: 0.487 w/ 35 queries
00:05:46 - process[5]: evaluating epoch 12 on test ...
00:06:27 - test set during evaluation: 14980/14975
00:06:27 - process[5] - test - epoch 12 - mAP: 0.474 w/ 35 queries
00:06:27 - process[5]: training epoch 13 ...
00:06:38 - process[5] - epoch 13 - train iter 197 - 15559.8 words/s - loss: 0.3954
00:06:38 - process[5]: evaluating epoch 13 on dev ...
00:07:23 - dev set during evaluation: 14160/14157
00:07:23 - process[5] - dev - epoch 13 - mAP: 0.506 w/ 35 queries
00:07:23 - process[5]: evaluating epoch 13 on test ...
00:08:05 - test set during evaluation: 14980/14975
00:08:05 - process[5] - test - epoch 13 - mAP: 0.459 w/ 35 queries
00:08:05 - process[5]: training epoch 14 ...
00:08:17 - process[5] - epoch 14 - train iter 197 - 15044.7 words/s - loss: 0.3810
00:08:17 - process[5]: evaluating epoch 14 on dev ...
00:09:01 - dev set during evaluation: 14160/14157
00:09:01 - process[5] - dev - epoch 14 - mAP: 0.473 w/ 35 queries
00:09:01 - process[5]: training epoch 15 ...
00:09:12 - process[5] - epoch 15 - train iter 197 - 16106.7 words/s - loss: 0.4242
00:09:12 - process[5]: evaluating epoch 15 on dev ...
00:09:56 - dev set during evaluation: 14160/14157
00:09:56 - process[5] - dev - epoch 15 - mAP: 0.478 w/ 35 queries
00:09:56 - process[5]: training epoch 16 ...
00:10:07 - process[5] - epoch 16 - train iter 197 - 15790.3 words/s - loss: 0.3729
00:10:07 - process[5]: evaluating epoch 16 on dev ...
00:10:52 - dev set during evaluation: 14160/14157
00:10:52 - process[5] - dev - epoch 16 - mAP: 0.453 w/ 35 queries
00:10:52 - process[5]: training epoch 17 ...
00:11:02 - process[5] - epoch 17 - train iter 197 - 17535.8 words/s - loss: 0.3409
00:11:02 - process[5]: evaluating epoch 17 on dev ...
00:11:48 - dev set during evaluation: 14160/14157
00:11:48 - process[5] - dev - epoch 17 - mAP: 0.446 w/ 35 queries
00:11:48 - process[5]: training epoch 18 ...
00:11:58 - process[5] - epoch 18 - train iter 197 - 18023.3 words/s - loss: 0.3905
00:11:58 - process[5]: evaluating epoch 18 on dev ...
00:12:43 - dev set during evaluation: 14160/14157
00:12:43 - process[5] - dev - epoch 18 - mAP: 0.501 w/ 35 queries
00:12:43 - process[5]: training epoch 19 ...
00:12:53 - process[5] - epoch 19 - train iter 197 - 17499.5 words/s - loss: 0.3175
00:12:53 - process[5]: evaluating epoch 19 on dev ...
00:13:40 - dev set during evaluation: 14160/14157
00:13:40 - process[5] - dev - epoch 19 - mAP: 0.481 w/ 35 queries
00:13:40 - [fold 1] best test MAP: 0.459 @ epoch 13
00:13:40 - Evaluating every 1 epochs ...
00:13:40 - reading data from /mnt/home/puxuan/CLIR-project/Evaluation_data/process-clef/uncased
00:13:41 - test has 36 queries ...
00:13:41 - Data reading done ...
00:13:42 - adding 9-th encoder to optimizer...
00:13:42 - adding 10-th encoder to optimizer...
00:13:42 - adding 11-th encoder to optimizer...
00:13:42 - process[5]: training epoch 0 ...
00:13:54 - process[5] - epoch 0 - train iter 187 - 15038.9 words/s - loss: 0.6621
00:13:54 - process[5]: training epoch 1 ...
00:14:02 - process[5] - epoch 1 - train iter 187 - 19424.6 words/s - loss: 0.5292
00:14:02 - process[5]: training epoch 2 ...
00:14:12 - process[5] - epoch 2 - train iter 187 - 17566.3 words/s - loss: 0.4790
00:14:12 - process[5]: training epoch 3 ...
00:14:23 - process[5] - epoch 3 - train iter 187 - 16163.7 words/s - loss: 0.5175
00:14:23 - process[5]: training epoch 4 ...
00:14:32 - process[5] - epoch 4 - train iter 187 - 17615.7 words/s - loss: 0.4446
00:14:32 - process[5]: training epoch 5 ...
00:14:43 - process[5] - epoch 5 - train iter 187 - 16603.9 words/s - loss: 0.4266
00:14:43 - process[5]: training epoch 6 ...
00:14:53 - process[5] - epoch 6 - train iter 187 - 15967.4 words/s - loss: 0.4480
00:14:53 - process[5]: training epoch 7 ...
00:15:03 - process[5] - epoch 7 - train iter 187 - 16954.9 words/s - loss: 0.4569
00:15:03 - process[5]: training epoch 8 ...
00:15:14 - process[5] - epoch 8 - train iter 187 - 16450.1 words/s - loss: 0.4398
00:15:14 - process[5]: training epoch 9 ...
00:15:24 - process[5] - epoch 9 - train iter 187 - 16957.7 words/s - loss: 0.4329
00:15:24 - process[5]: training epoch 10 ...
00:15:34 - process[5] - epoch 10 - train iter 187 - 18233.1 words/s - loss: 0.4270
00:15:34 - process[5]: evaluating epoch 10 on dev ...
00:16:16 - dev set during evaluation: 14980/14975
00:16:16 - process[5] - dev - epoch 10 - mAP: 0.452 w/ 35 queries
00:16:16 - process[5]: evaluating epoch 10 on test ...
00:16:59 - test set during evaluation: 15300/15294
00:16:59 - process[5] - test - epoch 10 - mAP: 0.469 w/ 36 queries
00:16:59 - process[5]: training epoch 11 ...
00:17:09 - process[5] - epoch 11 - train iter 187 - 17059.4 words/s - loss: 0.3667
00:17:09 - process[5]: evaluating epoch 11 on dev ...
00:17:50 - dev set during evaluation: 14980/14975
00:17:50 - process[5] - dev - epoch 11 - mAP: 0.459 w/ 35 queries
00:17:50 - process[5]: evaluating epoch 11 on test ...
00:18:34 - test set during evaluation: 15300/15294
00:18:34 - process[5] - test - epoch 11 - mAP: 0.447 w/ 36 queries
00:18:34 - process[5]: training epoch 12 ...
00:18:43 - process[5] - epoch 12 - train iter 187 - 18006.5 words/s - loss: 0.3984
00:18:43 - process[5]: evaluating epoch 12 on dev ...
00:19:25 - dev set during evaluation: 14980/14975
00:19:25 - process[5] - dev - epoch 12 - mAP: 0.433 w/ 35 queries
00:19:25 - process[5]: training epoch 13 ...
00:19:35 - process[5] - epoch 13 - train iter 187 - 17521.2 words/s - loss: 0.4056
00:19:35 - process[5]: evaluating epoch 13 on dev ...
00:20:20 - dev set during evaluation: 14980/14975
00:20:20 - process[5] - dev - epoch 13 - mAP: 0.463 w/ 35 queries
00:20:20 - process[5]: evaluating epoch 13 on test ...
00:21:08 - test set during evaluation: 15300/15294
00:21:08 - process[5] - test - epoch 13 - mAP: 0.458 w/ 36 queries
00:21:08 - process[5]: training epoch 14 ...
00:21:18 - process[5] - epoch 14 - train iter 187 - 16747.0 words/s - loss: 0.3929
00:21:18 - process[5]: evaluating epoch 14 on dev ...
00:21:59 - dev set during evaluation: 14980/14975
00:21:59 - process[5] - dev - epoch 14 - mAP: 0.480 w/ 35 queries
00:21:59 - process[5]: evaluating epoch 14 on test ...
00:22:42 - test set during evaluation: 15300/15294
00:22:42 - process[5] - test - epoch 14 - mAP: 0.447 w/ 36 queries
00:22:42 - process[5]: training epoch 15 ...
00:22:52 - process[5] - epoch 15 - train iter 187 - 16529.4 words/s - loss: 0.3853
00:22:52 - process[5]: evaluating epoch 15 on dev ...
00:23:33 - dev set during evaluation: 14980/14975
00:23:33 - process[5] - dev - epoch 15 - mAP: 0.423 w/ 35 queries
00:23:33 - process[5]: training epoch 16 ...
00:23:43 - process[5] - epoch 16 - train iter 187 - 17555.2 words/s - loss: 0.4173
00:23:43 - process[5]: evaluating epoch 16 on dev ...
00:24:24 - dev set during evaluation: 14980/14975
00:24:24 - process[5] - dev - epoch 16 - mAP: 0.467 w/ 35 queries
00:24:24 - process[5]: training epoch 17 ...
00:24:33 - process[5] - epoch 17 - train iter 187 - 18419.7 words/s - loss: 0.3997
00:24:33 - process[5]: evaluating epoch 17 on dev ...
00:25:14 - dev set during evaluation: 14980/14975
00:25:14 - process[5] - dev - epoch 17 - mAP: 0.484 w/ 35 queries
00:25:14 - process[5]: evaluating epoch 17 on test ...
00:25:58 - test set during evaluation: 15300/15294
00:25:58 - process[5] - test - epoch 17 - mAP: 0.445 w/ 36 queries
00:25:58 - process[5]: training epoch 18 ...
00:26:08 - process[5] - epoch 18 - train iter 187 - 15826.8 words/s - loss: 0.3844
00:26:08 - process[5]: evaluating epoch 18 on dev ...
00:26:49 - dev set during evaluation: 14980/14975
00:26:49 - process[5] - dev - epoch 18 - mAP: 0.489 w/ 35 queries
00:26:49 - process[5]: evaluating epoch 18 on test ...
00:27:32 - test set during evaluation: 15300/15294
00:27:32 - process[5] - test - epoch 18 - mAP: 0.457 w/ 36 queries
00:27:32 - process[5]: training epoch 19 ...
00:27:43 - process[5] - epoch 19 - train iter 187 - 15230.4 words/s - loss: 0.4039
00:27:43 - process[5]: evaluating epoch 19 on dev ...
00:28:23 - dev set during evaluation: 14980/14975
00:28:23 - process[5] - dev - epoch 19 - mAP: 0.434 w/ 35 queries
00:28:23 - [fold 2] best test MAP: 0.457 @ epoch 18
00:28:23 - Evaluating every 1 epochs ...
00:28:23 - reading data from /mnt/home/puxuan/CLIR-project/Evaluation_data/process-clef/uncased
00:28:23 - test has 35 queries ...
00:28:23 - Data reading done ...
00:28:25 - adding 9-th encoder to optimizer...
00:28:25 - adding 10-th encoder to optimizer...
00:28:25 - adding 11-th encoder to optimizer...
00:28:25 - process[5]: training epoch 0 ...
00:28:36 - process[5] - epoch 0 - train iter 196 - 17031.3 words/s - loss: 0.6395
00:28:36 - process[5]: training epoch 1 ...
00:28:47 - process[5] - epoch 1 - train iter 196 - 16553.9 words/s - loss: 0.5508
00:28:47 - process[5]: training epoch 2 ...
00:28:57 - process[5] - epoch 2 - train iter 196 - 16600.8 words/s - loss: 0.4858
00:28:57 - process[5]: training epoch 3 ...
00:29:07 - process[5] - epoch 3 - train iter 196 - 18937.8 words/s - loss: 0.5038
00:29:07 - process[5]: training epoch 4 ...
00:29:17 - process[5] - epoch 4 - train iter 196 - 16911.5 words/s - loss: 0.4350
00:29:17 - process[5]: training epoch 5 ...
00:29:29 - process[5] - epoch 5 - train iter 196 - 15265.5 words/s - loss: 0.4438
00:29:29 - process[5]: training epoch 6 ...
00:29:39 - process[5] - epoch 6 - train iter 196 - 16901.9 words/s - loss: 0.4355
00:29:39 - process[5]: training epoch 7 ...
00:29:49 - process[5] - epoch 7 - train iter 196 - 16824.8 words/s - loss: 0.4615
00:29:49 - process[5]: training epoch 8 ...
00:30:00 - process[5] - epoch 8 - train iter 196 - 17134.2 words/s - loss: 0.4129
00:30:00 - process[5]: training epoch 9 ...
00:30:10 - process[5] - epoch 9 - train iter 196 - 17429.7 words/s - loss: 0.4270
00:30:10 - process[5]: training epoch 10 ...
00:30:21 - process[5] - epoch 10 - train iter 196 - 16739.7 words/s - loss: 0.4751
00:30:21 - process[5]: evaluating epoch 10 on dev ...
00:31:06 - dev set during evaluation: 15300/15294
00:31:06 - process[5] - dev - epoch 10 - mAP: 0.437 w/ 36 queries
00:31:06 - process[5]: evaluating epoch 10 on test ...
00:31:49 - test set during evaluation: 15480/15477
00:31:49 - process[5] - test - epoch 10 - mAP: 0.393 w/ 35 queries
00:31:49 - process[5]: training epoch 11 ...
00:31:59 - process[5] - epoch 11 - train iter 196 - 18557.4 words/s - loss: 0.4475
00:31:59 - process[5]: evaluating epoch 11 on dev ...
00:32:43 - dev set during evaluation: 15300/15294
00:32:43 - process[5] - dev - epoch 11 - mAP: 0.442 w/ 36 queries
00:32:43 - process[5]: evaluating epoch 11 on test ...
00:33:25 - test set during evaluation: 15480/15477
00:33:25 - process[5] - test - epoch 11 - mAP: 0.389 w/ 35 queries
00:33:25 - process[5]: training epoch 12 ...
00:33:35 - process[5] - epoch 12 - train iter 196 - 17407.8 words/s - loss: 0.4635
00:33:35 - process[5]: evaluating epoch 12 on dev ...
00:34:20 - dev set during evaluation: 15300/15294
00:34:20 - process[5] - dev - epoch 12 - mAP: 0.419 w/ 36 queries
00:34:20 - process[5]: training epoch 13 ...
00:34:30 - process[5] - epoch 13 - train iter 196 - 17388.1 words/s - loss: 0.3985
00:34:30 - process[5]: evaluating epoch 13 on dev ...
00:35:15 - dev set during evaluation: 15300/15294
00:35:15 - process[5] - dev - epoch 13 - mAP: 0.442 w/ 36 queries
00:35:15 - process[5]: evaluating epoch 13 on test ...
00:35:57 - test set during evaluation: 15480/15477
00:35:57 - process[5] - test - epoch 13 - mAP: 0.391 w/ 35 queries
00:35:57 - process[5]: training epoch 14 ...
00:36:08 - process[5] - epoch 14 - train iter 196 - 16336.1 words/s - loss: 0.3917
00:36:08 - process[5]: evaluating epoch 14 on dev ...
00:36:51 - dev set during evaluation: 15300/15294
00:36:51 - process[5] - dev - epoch 14 - mAP: 0.463 w/ 36 queries
00:36:51 - process[5]: evaluating epoch 14 on test ...
00:37:33 - test set during evaluation: 15480/15477
00:37:33 - process[5] - test - epoch 14 - mAP: 0.401 w/ 35 queries
00:37:33 - process[5]: training epoch 15 ...
00:37:42 - process[5] - epoch 15 - train iter 196 - 19057.2 words/s - loss: 0.4010
00:37:42 - process[5]: evaluating epoch 15 on dev ...
00:38:26 - dev set during evaluation: 15300/15294
00:38:26 - process[5] - dev - epoch 15 - mAP: 0.460 w/ 36 queries
00:38:26 - process[5]: training epoch 16 ...
00:38:37 - process[5] - epoch 16 - train iter 196 - 16189.7 words/s - loss: 0.3807
00:38:37 - process[5]: evaluating epoch 16 on dev ...
00:39:19 - dev set during evaluation: 15300/15294
00:39:19 - process[5] - dev - epoch 16 - mAP: 0.438 w/ 36 queries
00:39:19 - process[5]: training epoch 17 ...
00:39:29 - process[5] - epoch 17 - train iter 196 - 17575.3 words/s - loss: 0.3941
00:39:29 - process[5]: evaluating epoch 17 on dev ...
00:40:13 - dev set during evaluation: 15300/15294
00:40:13 - process[5] - dev - epoch 17 - mAP: 0.458 w/ 36 queries
00:40:13 - process[5]: training epoch 18 ...
00:40:24 - process[5] - epoch 18 - train iter 196 - 16101.1 words/s - loss: 0.3414
00:40:24 - process[5]: evaluating epoch 18 on dev ...
00:41:06 - dev set during evaluation: 15300/15294
00:41:06 - process[5] - dev - epoch 18 - mAP: 0.464 w/ 36 queries
00:41:06 - process[5]: evaluating epoch 18 on test ...
00:41:48 - test set during evaluation: 15480/15477
00:41:48 - process[5] - test - epoch 18 - mAP: 0.402 w/ 35 queries
00:41:48 - process[5]: training epoch 19 ...
00:41:58 - process[5] - epoch 19 - train iter 196 - 17828.6 words/s - loss: 0.3697
00:41:58 - process[5]: evaluating epoch 19 on dev ...
00:42:41 - dev set during evaluation: 15300/15294
00:42:41 - process[5] - dev - epoch 19 - mAP: 0.469 w/ 36 queries
00:42:41 - process[5]: evaluating epoch 19 on test ...
00:43:23 - test set during evaluation: 15480/15477
00:43:23 - process[5] - test - epoch 19 - mAP: 0.387 w/ 35 queries
00:43:23 - [fold 3] best test MAP: 0.387 @ epoch 19
00:43:23 - Evaluating every 1 epochs ...
00:43:23 - reading data from /mnt/home/puxuan/CLIR-project/Evaluation_data/process-clef/uncased
00:43:24 - test has 35 queries ...
00:43:24 - Data reading done ...
00:43:25 - adding 9-th encoder to optimizer...
00:43:25 - adding 10-th encoder to optimizer...
00:43:25 - adding 11-th encoder to optimizer...
00:43:26 - process[5]: training epoch 0 ...
00:43:37 - process[5] - epoch 0 - train iter 207 - 16487.3 words/s - loss: 0.6523
00:43:37 - process[5]: training epoch 1 ...
00:43:50 - process[5] - epoch 1 - train iter 207 - 15279.2 words/s - loss: 0.5237
00:43:50 - process[5]: training epoch 2 ...
00:44:02 - process[5] - epoch 2 - train iter 207 - 15905.8 words/s - loss: 0.4727
00:44:02 - process[5]: training epoch 3 ...
00:44:14 - process[5] - epoch 3 - train iter 207 - 15738.4 words/s - loss: 0.4623
00:44:14 - process[5]: training epoch 4 ...
00:44:25 - process[5] - epoch 4 - train iter 207 - 16696.9 words/s - loss: 0.4200
00:44:25 - process[5]: training epoch 5 ...
00:44:35 - process[5] - epoch 5 - train iter 207 - 18155.9 words/s - loss: 0.4690
00:44:35 - process[5]: training epoch 6 ...
00:44:46 - process[5] - epoch 6 - train iter 207 - 17929.4 words/s - loss: 0.4684
00:44:46 - process[5]: training epoch 7 ...
00:44:56 - process[5] - epoch 7 - train iter 207 - 17896.6 words/s - loss: 0.4288
00:44:56 - process[5]: training epoch 8 ...
00:45:08 - process[5] - epoch 8 - train iter 207 - 15994.8 words/s - loss: 0.4093
00:45:08 - process[5]: training epoch 9 ...
00:45:19 - process[5] - epoch 9 - train iter 207 - 17919.4 words/s - loss: 0.4205
00:45:19 - process[5]: training epoch 10 ...
00:45:29 - process[5] - epoch 10 - train iter 207 - 17445.3 words/s - loss: 0.3868
00:45:29 - process[5]: evaluating epoch 10 on dev ...
00:46:14 - dev set during evaluation: 15480/15477
00:46:14 - process[5] - dev - epoch 10 - mAP: 0.386 w/ 35 queries
00:46:14 - process[5]: evaluating epoch 10 on test ...
00:46:57 - test set during evaluation: 14470/14463
00:46:57 - process[5] - test - epoch 10 - mAP: 0.384 w/ 35 queries
00:46:57 - process[5]: training epoch 11 ...
00:47:07 - process[5] - epoch 11 - train iter 207 - 18555.5 words/s - loss: 0.3469
00:47:07 - process[5]: evaluating epoch 11 on dev ...
00:47:49 - dev set during evaluation: 15480/15477
00:47:49 - process[5] - dev - epoch 11 - mAP: 0.396 w/ 35 queries
00:47:49 - process[5]: evaluating epoch 11 on test ...
00:48:31 - test set during evaluation: 14470/14463
00:48:31 - process[5] - test - epoch 11 - mAP: 0.419 w/ 35 queries
00:48:31 - process[5]: training epoch 12 ...
00:48:42 - process[5] - epoch 12 - train iter 207 - 17435.8 words/s - loss: 0.3913
00:48:42 - process[5]: evaluating epoch 12 on dev ...
00:49:25 - dev set during evaluation: 15480/15477
00:49:25 - process[5] - dev - epoch 12 - mAP: 0.393 w/ 35 queries
00:49:25 - process[5]: training epoch 13 ...
00:49:38 - process[5] - epoch 13 - train iter 207 - 14487.6 words/s - loss: 0.3207
00:49:38 - process[5]: evaluating epoch 13 on dev ...
00:50:18 - dev set during evaluation: 15480/15477
00:50:18 - process[5] - dev - epoch 13 - mAP: 0.354 w/ 35 queries
00:50:18 - process[5]: training epoch 14 ...
00:50:29 - process[5] - epoch 14 - train iter 207 - 16939.9 words/s - loss: 0.3861
00:50:29 - process[5]: evaluating epoch 14 on dev ...
00:51:12 - dev set during evaluation: 15480/15477
00:51:12 - process[5] - dev - epoch 14 - mAP: 0.403 w/ 35 queries
00:51:12 - process[5]: evaluating epoch 14 on test ...
00:51:54 - test set during evaluation: 14470/14463
00:51:54 - process[5] - test - epoch 14 - mAP: 0.433 w/ 35 queries
00:51:54 - process[5]: training epoch 15 ...
00:52:06 - process[5] - epoch 15 - train iter 207 - 16935.2 words/s - loss: 0.3604
00:52:06 - process[5]: evaluating epoch 15 on dev ...
00:52:49 - dev set during evaluation: 15480/15477
00:52:49 - process[5] - dev - epoch 15 - mAP: 0.423 w/ 35 queries
00:52:49 - process[5]: evaluating epoch 15 on test ...
00:53:31 - test set during evaluation: 14470/14463
00:53:31 - process[5] - test - epoch 15 - mAP: 0.406 w/ 35 queries
00:53:31 - process[5]: training epoch 16 ...
00:53:43 - process[5] - epoch 16 - train iter 207 - 15831.0 words/s - loss: 0.3554
00:53:43 - process[5]: evaluating epoch 16 on dev ...
00:54:25 - dev set during evaluation: 15480/15477
00:54:25 - process[5] - dev - epoch 16 - mAP: 0.380 w/ 35 queries
00:54:25 - process[5]: training epoch 17 ...
00:54:35 - process[5] - epoch 17 - train iter 207 - 18124.2 words/s - loss: 0.3974
00:54:35 - process[5]: evaluating epoch 17 on dev ...
00:55:19 - dev set during evaluation: 15480/15477
00:55:19 - process[5] - dev - epoch 17 - mAP: 0.399 w/ 35 queries
00:55:19 - process[5]: training epoch 18 ...
00:55:29 - process[5] - epoch 18 - train iter 207 - 17652.0 words/s - loss: 0.3773
00:55:29 - process[5]: evaluating epoch 18 on dev ...
00:56:12 - dev set during evaluation: 15480/15477
00:56:12 - process[5] - dev - epoch 18 - mAP: 0.423 w/ 35 queries
00:56:12 - process[5]: training epoch 19 ...
00:56:23 - process[5] - epoch 19 - train iter 207 - 17353.9 words/s - loss: 0.3624
00:56:23 - process[5]: evaluating epoch 19 on dev ...
00:57:06 - dev set during evaluation: 15480/15477
00:57:06 - process[5] - dev - epoch 19 - mAP: 0.408 w/ 35 queries
00:57:06 - [fold 4] best test MAP: 0.406 @ epoch 15
00:57:06 - Evaluating every 1 epochs ...
00:57:06 - reading data from /mnt/home/puxuan/CLIR-project/Evaluation_data/process-clef/uncased
00:57:06 - test has 35 queries ...
00:57:06 - Data reading done ...
00:57:08 - adding 9-th encoder to optimizer...
00:57:08 - adding 10-th encoder to optimizer...
00:57:08 - adding 11-th encoder to optimizer...
00:57:08 - process[5]: training epoch 0 ...
00:57:20 - process[5] - epoch 0 - train iter 195 - 14682.1 words/s - loss: 0.6416
00:57:20 - process[5]: training epoch 1 ...
00:57:31 - process[5] - epoch 1 - train iter 195 - 15928.3 words/s - loss: 0.4651
00:57:31 - process[5]: training epoch 2 ...
00:57:44 - process[5] - epoch 2 - train iter 195 - 13977.4 words/s - loss: 0.4106
00:57:44 - process[5]: training epoch 3 ...
00:57:55 - process[5] - epoch 3 - train iter 195 - 15783.7 words/s - loss: 0.4262
00:57:55 - process[5]: training epoch 4 ...
00:58:06 - process[5] - epoch 4 - train iter 195 - 16420.5 words/s - loss: 0.4785
00:58:06 - process[5]: training epoch 5 ...
00:58:16 - process[5] - epoch 5 - train iter 195 - 15776.9 words/s - loss: 0.3929
00:58:16 - process[5]: training epoch 6 ...
00:58:27 - process[5] - epoch 6 - train iter 195 - 16618.7 words/s - loss: 0.4256
00:58:27 - process[5]: training epoch 7 ...
00:58:38 - process[5] - epoch 7 - train iter 195 - 15858.7 words/s - loss: 0.3957
00:58:38 - process[5]: training epoch 8 ...
00:58:48 - process[5] - epoch 8 - train iter 195 - 17572.0 words/s - loss: 0.4013
00:58:48 - process[5]: training epoch 9 ...
00:58:59 - process[5] - epoch 9 - train iter 195 - 16174.6 words/s - loss: 0.3943
00:58:59 - process[5]: training epoch 10 ...
00:59:09 - process[5] - epoch 10 - train iter 195 - 17233.1 words/s - loss: 0.3874
00:59:09 - process[5]: evaluating epoch 10 on dev ...
00:59:56 - dev set during evaluation: 14470/14463
00:59:56 - process[5] - dev - epoch 10 - mAP: 0.419 w/ 35 queries
00:59:56 - process[5]: evaluating epoch 10 on test ...
01:00:41 - test set during evaluation: 14160/14157
01:00:41 - process[5] - test - epoch 10 - mAP: 0.476 w/ 35 queries
01:00:41 - process[5]: training epoch 11 ...
01:00:52 - process[5] - epoch 11 - train iter 195 - 16624.8 words/s - loss: 0.4292
01:00:52 - process[5]: evaluating epoch 11 on dev ...
01:01:35 - dev set during evaluation: 14470/14463
01:01:35 - process[5] - dev - epoch 11 - mAP: 0.445 w/ 35 queries
01:01:35 - process[5]: evaluating epoch 11 on test ...
01:02:21 - test set during evaluation: 14160/14157
01:02:21 - process[5] - test - epoch 11 - mAP: 0.495 w/ 35 queries
01:02:21 - process[5]: training epoch 12 ...
01:02:32 - process[5] - epoch 12 - train iter 195 - 16244.0 words/s - loss: 0.3862
01:02:32 - process[5]: evaluating epoch 12 on dev ...
01:03:14 - dev set during evaluation: 14470/14463
01:03:14 - process[5] - dev - epoch 12 - mAP: 0.421 w/ 35 queries
01:03:14 - process[5]: training epoch 13 ...
01:03:26 - process[5] - epoch 13 - train iter 195 - 15668.9 words/s - loss: 0.4047
01:03:26 - process[5]: evaluating epoch 13 on dev ...
01:04:08 - dev set during evaluation: 14470/14463
01:04:08 - process[5] - dev - epoch 13 - mAP: 0.447 w/ 35 queries
01:04:08 - process[5]: evaluating epoch 13 on test ...
01:04:53 - test set during evaluation: 14160/14157
01:04:53 - process[5] - test - epoch 13 - mAP: 0.479 w/ 35 queries
01:04:53 - process[5]: training epoch 14 ...
01:05:04 - process[5] - epoch 14 - train iter 195 - 16370.6 words/s - loss: 0.3744
01:05:04 - process[5]: evaluating epoch 14 on dev ...
01:05:46 - dev set during evaluation: 14470/14463
01:05:46 - process[5] - dev - epoch 14 - mAP: 0.426 w/ 35 queries
01:05:46 - process[5]: training epoch 15 ...
01:05:59 - process[5] - epoch 15 - train iter 195 - 14051.4 words/s - loss: 0.3117
01:05:59 - process[5]: evaluating epoch 15 on dev ...
01:06:42 - dev set during evaluation: 14470/14463
01:06:42 - process[5] - dev - epoch 15 - mAP: 0.401 w/ 35 queries
01:06:42 - process[5]: training epoch 16 ...
01:06:54 - process[5] - epoch 16 - train iter 195 - 15617.6 words/s - loss: 0.3865
01:06:54 - process[5]: evaluating epoch 16 on dev ...
01:07:35 - dev set during evaluation: 14470/14463
01:07:35 - process[5] - dev - epoch 16 - mAP: 0.451 w/ 35 queries
01:07:35 - process[5]: evaluating epoch 16 on test ...
01:08:21 - test set during evaluation: 14160/14157
01:08:21 - process[5] - test - epoch 16 - mAP: 0.459 w/ 35 queries
01:08:21 - process[5]: training epoch 17 ...
01:08:31 - process[5] - epoch 17 - train iter 195 - 17441.4 words/s - loss: 0.3252
01:08:31 - process[5]: evaluating epoch 17 on dev ...
01:09:14 - dev set during evaluation: 14470/14463
01:09:14 - process[5] - dev - epoch 17 - mAP: 0.433 w/ 35 queries
01:09:14 - process[5]: training epoch 18 ...
01:09:25 - process[5] - epoch 18 - train iter 195 - 16477.2 words/s - loss: 0.3410
01:09:25 - process[5]: evaluating epoch 18 on dev ...
01:10:07 - dev set during evaluation: 14470/14463
01:10:07 - process[5] - dev - epoch 18 - mAP: 0.417 w/ 35 queries
01:10:07 - process[5]: training epoch 19 ...
01:10:18 - process[5] - epoch 19 - train iter 195 - 16067.9 words/s - loss: 0.3581
01:10:18 - process[5]: evaluating epoch 19 on dev ...
01:11:00 - dev set during evaluation: 14470/14463
01:11:00 - process[5] - dev - epoch 19 - mAP: 0.425 w/ 35 queries
01:11:00 - [fold 5] best test MAP: 0.459 @ epoch 16
01:11:00 - [0.4594706693346053, 0.457493448671944, 0.38664964453695116, 0.4061418727497038, 0.4586146241653763]
01:11:00 - [35, 36, 35, 35, 35]
01:11:00 - final MAP: 0.434
