00:00:05 - Namespace(apex_level='O2', batch_size=8, cased=False, dataset='clef', debug=False, encoder_lr=2e-05, eval_step=1, full_doc_length=True, local_rank=8, model_path='/mnt/scratch/puxuan/short_qlm/2186735/huggingface-9', model_type='mbert', num_epochs=20, num_ft_encoders=3, num_neg=1, projector_lr=2e-05, seed=611, source_lang='es', target_lang='fr')
00:00:13 - Evaluating every 1 epochs ...
00:00:13 - reading data from /mnt/home/puxuan/CLIR-project/Evaluation_data/process-clef/uncased
00:00:13 - test has 37 queries ...
00:00:13 - Data reading done ...
00:00:20 - adding 9-th encoder to optimizer...
00:00:20 - adding 10-th encoder to optimizer...
00:00:20 - adding 11-th encoder to optimizer...
00:00:20 - process[8]: training epoch 0 ...
00:00:31 - process[8] - epoch 0 - train iter 241 - 18967.4 words/s - loss: 0.6796
00:00:31 - process[8]: training epoch 1 ...
00:00:40 - process[8] - epoch 1 - train iter 241 - 21308.9 words/s - loss: 0.6012
00:00:40 - process[8]: training epoch 2 ...
00:00:49 - process[8] - epoch 2 - train iter 241 - 20725.9 words/s - loss: 0.5680
00:00:49 - process[8]: training epoch 3 ...
00:00:58 - process[8] - epoch 3 - train iter 241 - 22425.5 words/s - loss: 0.5858
00:00:58 - process[8]: training epoch 4 ...
00:01:07 - process[8] - epoch 4 - train iter 241 - 22734.6 words/s - loss: 0.5377
00:01:07 - process[8]: training epoch 5 ...
00:01:15 - process[8] - epoch 5 - train iter 241 - 22012.9 words/s - loss: 0.5444
00:01:15 - process[8]: training epoch 6 ...
00:01:25 - process[8] - epoch 6 - train iter 241 - 20638.0 words/s - loss: 0.4643
00:01:25 - process[8]: training epoch 7 ...
00:01:34 - process[8] - epoch 7 - train iter 241 - 21688.9 words/s - loss: 0.4718
00:01:34 - process[8]: training epoch 8 ...
00:01:42 - process[8] - epoch 8 - train iter 241 - 22312.7 words/s - loss: 0.5065
00:01:42 - process[8]: training epoch 9 ...
00:01:51 - process[8] - epoch 9 - train iter 241 - 22320.6 words/s - loss: 0.4822
00:01:51 - process[8]: training epoch 10 ...
00:02:00 - process[8] - epoch 10 - train iter 241 - 22311.3 words/s - loss: 0.4544
00:02:00 - process[8]: evaluating epoch 10 on dev ...
00:02:21 - process[8] - dev - epoch 10 - mAP: 0.402 w/ 37 queries
00:02:21 - process[8]: evaluating epoch 10 on test ...
00:02:40 - test set during evaluation: 11380/11372
00:02:40 - process[8] - test - epoch 10 - mAP: 0.547 w/ 37 queries
00:02:40 - process[8]: training epoch 11 ...
00:02:49 - process[8] - epoch 11 - train iter 241 - 20508.3 words/s - loss: 0.4920
00:02:49 - process[8]: evaluating epoch 11 on dev ...
00:03:08 - process[8] - dev - epoch 11 - mAP: 0.390 w/ 37 queries
00:03:08 - process[8]: training epoch 12 ...
00:03:17 - process[8] - epoch 12 - train iter 241 - 20363.3 words/s - loss: 0.4523
00:03:17 - process[8]: evaluating epoch 12 on dev ...
00:03:35 - process[8] - dev - epoch 12 - mAP: 0.400 w/ 37 queries
00:03:35 - process[8]: training epoch 13 ...
00:03:44 - process[8] - epoch 13 - train iter 241 - 22187.6 words/s - loss: 0.4047
00:03:44 - process[8]: evaluating epoch 13 on dev ...
00:04:02 - process[8] - dev - epoch 13 - mAP: 0.397 w/ 37 queries
00:04:02 - process[8]: training epoch 14 ...
00:04:11 - process[8] - epoch 14 - train iter 241 - 21989.2 words/s - loss: 0.4656
00:04:11 - process[8]: evaluating epoch 14 on dev ...
00:04:30 - process[8] - dev - epoch 14 - mAP: 0.405 w/ 37 queries
00:04:30 - process[8]: evaluating epoch 14 on test ...
00:04:49 - test set during evaluation: 11380/11372
00:04:49 - process[8] - test - epoch 14 - mAP: 0.539 w/ 37 queries
00:04:49 - process[8]: training epoch 15 ...
00:04:57 - process[8] - epoch 15 - train iter 241 - 22566.7 words/s - loss: 0.4559
00:04:57 - process[8]: evaluating epoch 15 on dev ...
00:05:16 - process[8] - dev - epoch 15 - mAP: 0.397 w/ 37 queries
00:05:16 - process[8]: training epoch 16 ...
00:05:25 - process[8] - epoch 16 - train iter 241 - 22934.1 words/s - loss: 0.4294
00:05:25 - process[8]: evaluating epoch 16 on dev ...
00:05:44 - process[8] - dev - epoch 16 - mAP: 0.397 w/ 37 queries
00:05:44 - process[8]: training epoch 17 ...
00:05:53 - process[8] - epoch 17 - train iter 241 - 22778.1 words/s - loss: 0.3740
00:05:53 - process[8]: evaluating epoch 17 on dev ...
00:06:11 - process[8] - dev - epoch 17 - mAP: 0.410 w/ 37 queries
00:06:11 - process[8]: evaluating epoch 17 on test ...
00:06:30 - test set during evaluation: 11380/11372
00:06:30 - process[8] - test - epoch 17 - mAP: 0.542 w/ 37 queries
00:06:30 - process[8]: training epoch 18 ...
00:06:39 - process[8] - epoch 18 - train iter 241 - 20918.6 words/s - loss: 0.4170
00:06:39 - process[8]: evaluating epoch 18 on dev ...
00:06:57 - process[8] - dev - epoch 18 - mAP: 0.390 w/ 37 queries
00:06:57 - process[8]: training epoch 19 ...
00:07:07 - process[8] - epoch 19 - train iter 241 - 22080.6 words/s - loss: 0.3665
00:07:07 - process[8]: evaluating epoch 19 on dev ...
00:07:25 - process[8] - dev - epoch 19 - mAP: 0.397 w/ 37 queries
00:07:25 - [fold 1] best test MAP: 0.542 @ epoch 17
00:07:25 - Evaluating every 1 epochs ...
00:07:25 - reading data from /mnt/home/puxuan/CLIR-project/Evaluation_data/process-clef/uncased
00:07:25 - test has 37 queries ...
00:07:25 - Data reading done ...
00:07:26 - adding 9-th encoder to optimizer...
00:07:26 - adding 10-th encoder to optimizer...
00:07:26 - adding 11-th encoder to optimizer...
00:07:27 - process[8]: training epoch 0 ...
00:07:38 - process[8] - epoch 0 - train iter 276 - 21459.4 words/s - loss: 0.6749
00:07:38 - process[8]: training epoch 1 ...
00:07:49 - process[8] - epoch 1 - train iter 276 - 20421.7 words/s - loss: 0.5832
00:07:49 - process[8]: training epoch 2 ...
00:08:00 - process[8] - epoch 2 - train iter 276 - 19284.2 words/s - loss: 0.5624
00:08:00 - process[8]: training epoch 3 ...
00:08:10 - process[8] - epoch 3 - train iter 276 - 22606.8 words/s - loss: 0.5358
00:08:10 - process[8]: training epoch 4 ...
00:08:21 - process[8] - epoch 4 - train iter 276 - 21520.7 words/s - loss: 0.5358
00:08:21 - process[8]: training epoch 5 ...
00:08:30 - process[8] - epoch 5 - train iter 276 - 22357.4 words/s - loss: 0.4887
00:08:30 - process[8]: training epoch 6 ...
00:08:41 - process[8] - epoch 6 - train iter 276 - 21860.7 words/s - loss: 0.5122
00:08:41 - process[8]: training epoch 7 ...
00:08:51 - process[8] - epoch 7 - train iter 276 - 21524.6 words/s - loss: 0.4666
00:08:51 - process[8]: training epoch 8 ...
00:09:02 - process[8] - epoch 8 - train iter 276 - 20769.0 words/s - loss: 0.4564
00:09:02 - process[8]: training epoch 9 ...
00:09:12 - process[8] - epoch 9 - train iter 276 - 21335.7 words/s - loss: 0.4556
00:09:12 - process[8]: training epoch 10 ...
00:09:23 - process[8] - epoch 10 - train iter 276 - 21268.5 words/s - loss: 0.4198
00:09:23 - process[8]: evaluating epoch 10 on dev ...
00:09:47 - dev set during evaluation: 11380/11372
00:09:47 - process[8] - dev - epoch 10 - mAP: 0.499 w/ 37 queries
00:09:47 - process[8]: evaluating epoch 10 on test ...
00:10:05 - process[8] - test - epoch 10 - mAP: 0.437 w/ 37 queries
00:10:05 - process[8]: training epoch 11 ...
00:10:16 - process[8] - epoch 11 - train iter 276 - 21302.0 words/s - loss: 0.4822
00:10:16 - process[8]: evaluating epoch 11 on dev ...
00:10:35 - dev set during evaluation: 11380/11372
00:10:35 - process[8] - dev - epoch 11 - mAP: 0.501 w/ 37 queries
00:10:35 - process[8]: evaluating epoch 11 on test ...
00:10:52 - process[8] - test - epoch 11 - mAP: 0.428 w/ 37 queries
00:10:52 - process[8]: training epoch 12 ...
00:11:03 - process[8] - epoch 12 - train iter 276 - 21172.5 words/s - loss: 0.4524
00:11:03 - process[8]: evaluating epoch 12 on dev ...
00:11:22 - dev set during evaluation: 11380/11372
00:11:22 - process[8] - dev - epoch 12 - mAP: 0.540 w/ 37 queries
00:11:22 - process[8]: evaluating epoch 12 on test ...
00:11:41 - process[8] - test - epoch 12 - mAP: 0.430 w/ 37 queries
00:11:41 - process[8]: training epoch 13 ...
00:11:51 - process[8] - epoch 13 - train iter 276 - 22139.8 words/s - loss: 0.4293
00:11:51 - process[8]: evaluating epoch 13 on dev ...
00:12:11 - dev set during evaluation: 11380/11372
00:12:11 - process[8] - dev - epoch 13 - mAP: 0.519 w/ 37 queries
00:12:11 - process[8]: training epoch 14 ...
00:12:21 - process[8] - epoch 14 - train iter 276 - 22649.6 words/s - loss: 0.4331
00:12:21 - process[8]: evaluating epoch 14 on dev ...
00:12:42 - dev set during evaluation: 11380/11372
00:12:42 - process[8] - dev - epoch 14 - mAP: 0.520 w/ 37 queries
00:12:42 - process[8]: training epoch 15 ...
00:12:52 - process[8] - epoch 15 - train iter 276 - 21014.4 words/s - loss: 0.4115
00:12:52 - process[8]: evaluating epoch 15 on dev ...
00:13:11 - dev set during evaluation: 11380/11372
00:13:11 - process[8] - dev - epoch 15 - mAP: 0.553 w/ 37 queries
00:13:11 - process[8]: evaluating epoch 15 on test ...
00:13:28 - process[8] - test - epoch 15 - mAP: 0.461 w/ 37 queries
00:13:28 - process[8]: training epoch 16 ...
00:13:39 - process[8] - epoch 16 - train iter 276 - 21464.7 words/s - loss: 0.4080
00:13:39 - process[8]: evaluating epoch 16 on dev ...
00:13:58 - dev set during evaluation: 11380/11372
00:13:58 - process[8] - dev - epoch 16 - mAP: 0.505 w/ 37 queries
00:13:58 - process[8]: training epoch 17 ...
00:14:08 - process[8] - epoch 17 - train iter 276 - 20877.0 words/s - loss: 0.4129
00:14:08 - process[8]: evaluating epoch 17 on dev ...
00:14:27 - dev set during evaluation: 11380/11372
00:14:27 - process[8] - dev - epoch 17 - mAP: 0.545 w/ 37 queries
00:14:27 - process[8]: training epoch 18 ...
00:14:38 - process[8] - epoch 18 - train iter 276 - 21447.1 words/s - loss: 0.4200
00:14:38 - process[8]: evaluating epoch 18 on dev ...
00:14:57 - dev set during evaluation: 11380/11372
00:14:57 - process[8] - dev - epoch 18 - mAP: 0.523 w/ 37 queries
00:14:57 - process[8]: training epoch 19 ...
00:15:08 - process[8] - epoch 19 - train iter 276 - 21354.3 words/s - loss: 0.3912
00:15:08 - process[8]: evaluating epoch 19 on dev ...
00:15:27 - dev set during evaluation: 11380/11372
00:15:27 - process[8] - dev - epoch 19 - mAP: 0.518 w/ 37 queries
00:15:27 - [fold 2] best test MAP: 0.461 @ epoch 15
00:15:27 - Evaluating every 1 epochs ...
00:15:27 - reading data from /mnt/home/puxuan/CLIR-project/Evaluation_data/process-clef/uncased
00:15:28 - test has 37 queries ...
00:15:28 - Data reading done ...
00:15:29 - adding 9-th encoder to optimizer...
00:15:29 - adding 10-th encoder to optimizer...
00:15:29 - adding 11-th encoder to optimizer...
00:15:29 - process[8]: training epoch 0 ...
00:15:39 - process[8] - epoch 0 - train iter 240 - 20654.3 words/s - loss: 0.6746
00:15:39 - process[8]: training epoch 1 ...
00:15:48 - process[8] - epoch 1 - train iter 240 - 21322.2 words/s - loss: 0.5842
00:15:48 - process[8]: training epoch 2 ...
00:15:57 - process[8] - epoch 2 - train iter 240 - 20710.2 words/s - loss: 0.5626
00:15:57 - process[8]: training epoch 3 ...
00:16:07 - process[8] - epoch 3 - train iter 240 - 20236.9 words/s - loss: 0.5635
00:16:07 - process[8]: training epoch 4 ...
00:16:16 - process[8] - epoch 4 - train iter 240 - 22430.0 words/s - loss: 0.5021
00:16:16 - process[8]: training epoch 5 ...
00:16:24 - process[8] - epoch 5 - train iter 240 - 21930.4 words/s - loss: 0.5094
00:16:24 - process[8]: training epoch 6 ...
00:16:33 - process[8] - epoch 6 - train iter 240 - 21376.6 words/s - loss: 0.5117
00:16:33 - process[8]: training epoch 7 ...
00:16:42 - process[8] - epoch 7 - train iter 240 - 21286.6 words/s - loss: 0.5050
00:16:42 - process[8]: training epoch 8 ...
00:16:51 - process[8] - epoch 8 - train iter 240 - 21586.6 words/s - loss: 0.4396
00:16:51 - process[8]: training epoch 9 ...
00:17:00 - process[8] - epoch 9 - train iter 240 - 21080.7 words/s - loss: 0.5178
00:17:00 - process[8]: training epoch 10 ...
00:17:09 - process[8] - epoch 10 - train iter 240 - 22214.1 words/s - loss: 0.4316
00:17:09 - process[8]: evaluating epoch 10 on dev ...
00:17:29 - process[8] - dev - epoch 10 - mAP: 0.435 w/ 37 queries
00:17:29 - process[8]: evaluating epoch 10 on test ...
00:17:49 - test set during evaluation: 11210/11201
00:17:49 - process[8] - test - epoch 10 - mAP: 0.487 w/ 37 queries
00:17:49 - process[8]: training epoch 11 ...
00:17:58 - process[8] - epoch 11 - train iter 240 - 21529.9 words/s - loss: 0.4449
00:17:58 - process[8]: evaluating epoch 11 on dev ...
00:18:16 - process[8] - dev - epoch 11 - mAP: 0.410 w/ 37 queries
00:18:16 - process[8]: training epoch 12 ...
00:18:25 - process[8] - epoch 12 - train iter 240 - 20916.8 words/s - loss: 0.4312
00:18:25 - process[8]: evaluating epoch 12 on dev ...
00:18:42 - process[8] - dev - epoch 12 - mAP: 0.443 w/ 37 queries
00:18:42 - process[8]: evaluating epoch 12 on test ...
00:19:02 - test set during evaluation: 11210/11201
00:19:02 - process[8] - test - epoch 12 - mAP: 0.490 w/ 37 queries
00:19:02 - process[8]: training epoch 13 ...
00:19:11 - process[8] - epoch 13 - train iter 240 - 22441.9 words/s - loss: 0.4546
00:19:11 - process[8]: evaluating epoch 13 on dev ...
00:19:29 - process[8] - dev - epoch 13 - mAP: 0.440 w/ 37 queries
00:19:29 - process[8]: training epoch 14 ...
00:19:38 - process[8] - epoch 14 - train iter 240 - 21637.5 words/s - loss: 0.3909
00:19:38 - process[8]: evaluating epoch 14 on dev ...
00:19:56 - process[8] - dev - epoch 14 - mAP: 0.432 w/ 37 queries
00:19:56 - process[8]: training epoch 15 ...
00:20:04 - process[8] - epoch 15 - train iter 240 - 22080.5 words/s - loss: 0.4167
00:20:04 - process[8]: evaluating epoch 15 on dev ...
00:20:23 - process[8] - dev - epoch 15 - mAP: 0.414 w/ 37 queries
00:20:23 - process[8]: training epoch 16 ...
00:20:32 - process[8] - epoch 16 - train iter 240 - 20632.5 words/s - loss: 0.4319
00:20:32 - process[8]: evaluating epoch 16 on dev ...
00:20:50 - process[8] - dev - epoch 16 - mAP: 0.416 w/ 37 queries
00:20:50 - process[8]: training epoch 17 ...
00:20:59 - process[8] - epoch 17 - train iter 240 - 21605.7 words/s - loss: 0.3896
00:20:59 - process[8]: evaluating epoch 17 on dev ...
00:21:17 - process[8] - dev - epoch 17 - mAP: 0.425 w/ 37 queries
00:21:17 - process[8]: training epoch 18 ...
00:21:26 - process[8] - epoch 18 - train iter 240 - 21476.5 words/s - loss: 0.3500
00:21:26 - process[8]: evaluating epoch 18 on dev ...
00:21:44 - process[8] - dev - epoch 18 - mAP: 0.407 w/ 37 queries
00:21:44 - process[8]: training epoch 19 ...
00:21:52 - process[8] - epoch 19 - train iter 240 - 22350.0 words/s - loss: 0.3661
00:21:52 - process[8]: evaluating epoch 19 on dev ...
00:22:10 - process[8] - dev - epoch 19 - mAP: 0.435 w/ 37 queries
00:22:10 - [fold 3] best test MAP: 0.490 @ epoch 12
00:22:10 - Evaluating every 1 epochs ...
00:22:10 - reading data from /mnt/home/puxuan/CLIR-project/Evaluation_data/process-clef/uncased
00:22:11 - test has 37 queries ...
00:22:11 - Data reading done ...
00:22:12 - adding 9-th encoder to optimizer...
00:22:12 - adding 10-th encoder to optimizer...
00:22:12 - adding 11-th encoder to optimizer...
00:22:13 - process[8]: training epoch 0 ...
00:22:21 - process[8] - epoch 0 - train iter 231 - 21039.6 words/s - loss: 0.6845
00:22:21 - process[8]: training epoch 1 ...
00:22:30 - process[8] - epoch 1 - train iter 231 - 22011.2 words/s - loss: 0.6199
00:22:30 - process[8]: training epoch 2 ...
00:22:38 - process[8] - epoch 2 - train iter 231 - 22040.7 words/s - loss: 0.5433
00:22:38 - process[8]: training epoch 3 ...
00:22:46 - process[8] - epoch 3 - train iter 231 - 21995.8 words/s - loss: 0.4928
00:22:46 - process[8]: training epoch 4 ...
00:22:55 - process[8] - epoch 4 - train iter 231 - 22394.7 words/s - loss: 0.4857
00:22:55 - process[8]: training epoch 5 ...
00:23:03 - process[8] - epoch 5 - train iter 231 - 20991.9 words/s - loss: 0.5228
00:23:03 - process[8]: training epoch 6 ...
00:23:12 - process[8] - epoch 6 - train iter 231 - 21462.7 words/s - loss: 0.4661
00:23:12 - process[8]: training epoch 7 ...
00:23:20 - process[8] - epoch 7 - train iter 231 - 22981.4 words/s - loss: 0.4062
00:23:20 - process[8]: training epoch 8 ...
00:23:28 - process[8] - epoch 8 - train iter 231 - 21830.0 words/s - loss: 0.4522
00:23:28 - process[8]: training epoch 9 ...
00:23:37 - process[8] - epoch 9 - train iter 231 - 21114.0 words/s - loss: 0.4312
00:23:37 - process[8]: training epoch 10 ...
00:23:45 - process[8] - epoch 10 - train iter 231 - 22706.9 words/s - loss: 0.4760
00:23:45 - process[8]: evaluating epoch 10 on dev ...
00:24:10 - dev set during evaluation: 11210/11201
00:24:10 - process[8] - dev - epoch 10 - mAP: 0.466 w/ 37 queries
00:24:10 - process[8]: evaluating epoch 10 on test ...
00:24:28 - test set during evaluation: 10640/10633
00:24:28 - process[8] - test - epoch 10 - mAP: 0.419 w/ 37 queries
00:24:28 - process[8]: training epoch 11 ...
00:24:37 - process[8] - epoch 11 - train iter 231 - 21573.3 words/s - loss: 0.4610
00:24:37 - process[8]: evaluating epoch 11 on dev ...
00:24:57 - dev set during evaluation: 11210/11201
00:24:57 - process[8] - dev - epoch 11 - mAP: 0.471 w/ 37 queries
00:24:57 - process[8]: evaluating epoch 11 on test ...
00:25:16 - test set during evaluation: 10640/10633
00:25:16 - process[8] - test - epoch 11 - mAP: 0.420 w/ 37 queries
00:25:16 - process[8]: training epoch 12 ...
00:25:24 - process[8] - epoch 12 - train iter 231 - 21857.8 words/s - loss: 0.4680
00:25:24 - process[8]: evaluating epoch 12 on dev ...
00:25:44 - dev set during evaluation: 11210/11201
00:25:44 - process[8] - dev - epoch 12 - mAP: 0.502 w/ 37 queries
00:25:44 - process[8]: evaluating epoch 12 on test ...
00:26:02 - test set during evaluation: 10640/10633
00:26:02 - process[8] - test - epoch 12 - mAP: 0.437 w/ 37 queries
00:26:02 - process[8]: training epoch 13 ...
00:26:10 - process[8] - epoch 13 - train iter 231 - 23017.8 words/s - loss: 0.4886
00:26:10 - process[8]: evaluating epoch 13 on dev ...
00:26:31 - dev set during evaluation: 11210/11201
00:26:31 - process[8] - dev - epoch 13 - mAP: 0.487 w/ 37 queries
00:26:31 - process[8]: training epoch 14 ...
00:26:40 - process[8] - epoch 14 - train iter 231 - 21435.7 words/s - loss: 0.4160
00:26:40 - process[8]: evaluating epoch 14 on dev ...
00:26:59 - dev set during evaluation: 11210/11201
00:26:59 - process[8] - dev - epoch 14 - mAP: 0.482 w/ 37 queries
00:26:59 - process[8]: training epoch 15 ...
00:27:09 - process[8] - epoch 15 - train iter 231 - 20084.8 words/s - loss: 0.4319
00:27:09 - process[8]: evaluating epoch 15 on dev ...
00:27:28 - dev set during evaluation: 11210/11201
00:27:28 - process[8] - dev - epoch 15 - mAP: 0.471 w/ 37 queries
00:27:28 - process[8]: training epoch 16 ...
00:27:36 - process[8] - epoch 16 - train iter 231 - 22333.2 words/s - loss: 0.4307
00:27:36 - process[8]: evaluating epoch 16 on dev ...
00:27:56 - dev set during evaluation: 11210/11201
00:27:56 - process[8] - dev - epoch 16 - mAP: 0.461 w/ 37 queries
00:27:56 - process[8]: training epoch 17 ...
00:28:05 - process[8] - epoch 17 - train iter 231 - 20847.9 words/s - loss: 0.4250
00:28:05 - process[8]: evaluating epoch 17 on dev ...
00:28:24 - dev set during evaluation: 11210/11201
00:28:24 - process[8] - dev - epoch 17 - mAP: 0.473 w/ 37 queries
00:28:24 - process[8]: training epoch 18 ...
00:28:33 - process[8] - epoch 18 - train iter 231 - 21093.3 words/s - loss: 0.3923
00:28:33 - process[8]: evaluating epoch 18 on dev ...
00:28:53 - dev set during evaluation: 11210/11201
00:28:53 - process[8] - dev - epoch 18 - mAP: 0.499 w/ 37 queries
00:28:53 - process[8]: training epoch 19 ...
00:29:01 - process[8] - epoch 19 - train iter 231 - 22460.8 words/s - loss: 0.4031
00:29:01 - process[8]: evaluating epoch 19 on dev ...
00:29:22 - dev set during evaluation: 11210/11201
00:29:22 - process[8] - dev - epoch 19 - mAP: 0.479 w/ 37 queries
00:29:22 - [fold 4] best test MAP: 0.437 @ epoch 12
00:29:22 - Evaluating every 1 epochs ...
00:29:22 - reading data from /mnt/home/puxuan/CLIR-project/Evaluation_data/process-clef/uncased
00:29:22 - test has 37 queries ...
00:29:22 - Data reading done ...
00:29:24 - adding 9-th encoder to optimizer...
00:29:24 - adding 10-th encoder to optimizer...
00:29:24 - adding 11-th encoder to optimizer...
00:29:24 - process[8]: training epoch 0 ...
00:29:33 - process[8] - epoch 0 - train iter 235 - 22451.5 words/s - loss: 0.6849
00:29:33 - process[8]: training epoch 1 ...
00:29:42 - process[8] - epoch 1 - train iter 235 - 21759.6 words/s - loss: 0.6120
00:29:42 - process[8]: training epoch 2 ...
00:29:51 - process[8] - epoch 2 - train iter 235 - 21940.4 words/s - loss: 0.5488
00:29:51 - process[8]: training epoch 3 ...
00:29:59 - process[8] - epoch 3 - train iter 235 - 21816.1 words/s - loss: 0.5371
00:29:59 - process[8]: training epoch 4 ...
00:30:08 - process[8] - epoch 4 - train iter 235 - 21983.3 words/s - loss: 0.4888
00:30:08 - process[8]: training epoch 5 ...
00:30:17 - process[8] - epoch 5 - train iter 235 - 21348.4 words/s - loss: 0.5404
00:30:17 - process[8]: training epoch 6 ...
00:30:27 - process[8] - epoch 6 - train iter 235 - 20534.8 words/s - loss: 0.5023
00:30:27 - process[8]: training epoch 7 ...
00:30:35 - process[8] - epoch 7 - train iter 235 - 21973.3 words/s - loss: 0.4906
00:30:35 - process[8]: training epoch 8 ...
00:30:44 - process[8] - epoch 8 - train iter 235 - 21768.1 words/s - loss: 0.4843
00:30:44 - process[8]: training epoch 9 ...
00:30:53 - process[8] - epoch 9 - train iter 235 - 21876.3 words/s - loss: 0.4764
00:30:53 - process[8]: training epoch 10 ...
00:31:02 - process[8] - epoch 10 - train iter 235 - 22182.7 words/s - loss: 0.4474
00:31:02 - process[8]: evaluating epoch 10 on dev ...
00:31:23 - dev set during evaluation: 10640/10633
00:31:23 - process[8] - dev - epoch 10 - mAP: 0.398 w/ 37 queries
00:31:23 - process[8]: evaluating epoch 10 on test ...
00:31:42 - process[8] - test - epoch 10 - mAP: 0.392 w/ 37 queries
00:31:42 - process[8]: training epoch 11 ...
00:31:50 - process[8] - epoch 11 - train iter 235 - 22149.1 words/s - loss: 0.4490
00:31:50 - process[8]: evaluating epoch 11 on dev ...
00:32:09 - dev set during evaluation: 10640/10633
00:32:09 - process[8] - dev - epoch 11 - mAP: 0.385 w/ 37 queries
00:32:09 - process[8]: training epoch 12 ...
00:32:18 - process[8] - epoch 12 - train iter 235 - 22577.7 words/s - loss: 0.4136
00:32:18 - process[8]: evaluating epoch 12 on dev ...
00:32:36 - dev set during evaluation: 10640/10633
00:32:36 - process[8] - dev - epoch 12 - mAP: 0.413 w/ 37 queries
00:32:36 - process[8]: evaluating epoch 12 on test ...
00:32:56 - process[8] - test - epoch 12 - mAP: 0.410 w/ 37 queries
00:32:56 - process[8]: training epoch 13 ...
00:33:05 - process[8] - epoch 13 - train iter 235 - 20814.0 words/s - loss: 0.4523
00:33:05 - process[8]: evaluating epoch 13 on dev ...
00:33:23 - dev set during evaluation: 10640/10633
00:33:23 - process[8] - dev - epoch 13 - mAP: 0.398 w/ 37 queries
00:33:23 - process[8]: training epoch 14 ...
00:33:32 - process[8] - epoch 14 - train iter 235 - 21631.2 words/s - loss: 0.4409
00:33:32 - process[8]: evaluating epoch 14 on dev ...
00:33:50 - dev set during evaluation: 10640/10633
00:33:50 - process[8] - dev - epoch 14 - mAP: 0.394 w/ 37 queries
00:33:50 - process[8]: training epoch 15 ...
00:33:59 - process[8] - epoch 15 - train iter 235 - 21562.0 words/s - loss: 0.4428
00:33:59 - process[8]: evaluating epoch 15 on dev ...
00:34:19 - dev set during evaluation: 10640/10633
00:34:19 - process[8] - dev - epoch 15 - mAP: 0.414 w/ 37 queries
00:34:19 - process[8]: evaluating epoch 15 on test ...
00:34:38 - process[8] - test - epoch 15 - mAP: 0.408 w/ 37 queries
00:34:38 - process[8]: training epoch 16 ...
00:34:47 - process[8] - epoch 16 - train iter 235 - 21759.1 words/s - loss: 0.3945
00:34:47 - process[8]: evaluating epoch 16 on dev ...
00:35:05 - dev set during evaluation: 10640/10633
00:35:05 - process[8] - dev - epoch 16 - mAP: 0.417 w/ 37 queries
00:35:05 - process[8]: evaluating epoch 16 on test ...
00:35:23 - process[8] - test - epoch 16 - mAP: 0.407 w/ 37 queries
00:35:23 - process[8]: training epoch 17 ...
00:35:32 - process[8] - epoch 17 - train iter 235 - 22004.7 words/s - loss: 0.4147
00:35:32 - process[8]: evaluating epoch 17 on dev ...
00:35:51 - dev set during evaluation: 10640/10633
00:35:51 - process[8] - dev - epoch 17 - mAP: 0.418 w/ 37 queries
00:35:51 - process[8]: evaluating epoch 17 on test ...
00:36:09 - process[8] - test - epoch 17 - mAP: 0.411 w/ 37 queries
00:36:09 - process[8]: training epoch 18 ...
00:36:18 - process[8] - epoch 18 - train iter 235 - 22869.7 words/s - loss: 0.3901
00:36:18 - process[8]: evaluating epoch 18 on dev ...
00:36:39 - dev set during evaluation: 10640/10633
00:36:39 - process[8] - dev - epoch 18 - mAP: 0.408 w/ 37 queries
00:36:39 - process[8]: training epoch 19 ...
00:36:48 - process[8] - epoch 19 - train iter 235 - 21011.7 words/s - loss: 0.4167
00:36:48 - process[8]: evaluating epoch 19 on dev ...
00:37:06 - dev set during evaluation: 10640/10633
00:37:06 - process[8] - dev - epoch 19 - mAP: 0.410 w/ 37 queries
00:37:06 - [fold 5] best test MAP: 0.411 @ epoch 17
00:37:06 - [0.5423482371160118, 0.4613384251276434, 0.4897560491300535, 0.4371320429752968, 0.41113997877310504]
00:37:06 - [37, 37, 37, 37, 37]
00:37:06 - final MAP: 0.468
