00:00:06 - Namespace(apex_level='O2', batch_size=8, cased=False, dataset='clef', debug=False, encoder_lr=2e-05, eval_step=1, full_doc_length=True, local_rank=5, model_path='/mnt/scratch/puxuan/short_qlm_doc/2186796/huggingface-14', model_type='mbert', num_epochs=20, num_ft_encoders=3, num_neg=1, projector_lr=2e-05, seed=611, source_lang='fr', target_lang='es')
00:00:15 - Evaluating every 1 epochs ...
00:00:15 - reading data from /mnt/home/puxuan/CLIR-project/Evaluation_data/process-clef/uncased
00:00:16 - test has 31 queries ...
00:00:16 - Data reading done ...
00:00:23 - adding 9-th encoder to optimizer...
00:00:23 - adding 10-th encoder to optimizer...
00:00:23 - adding 11-th encoder to optimizer...
00:00:23 - process[5]: training epoch 0 ...
00:00:40 - process[5] - epoch 0 - train iter 540 - 27674.4 words/s - loss: 0.6793
00:00:40 - process[5]: training epoch 1 ...
00:00:57 - process[5] - epoch 1 - train iter 540 - 28678.1 words/s - loss: 0.6084
00:00:57 - process[5]: training epoch 2 ...
00:01:13 - process[5] - epoch 2 - train iter 540 - 28603.2 words/s - loss: 0.5069
00:01:13 - process[5]: training epoch 3 ...
00:01:29 - process[5] - epoch 3 - train iter 540 - 28594.0 words/s - loss: 0.4726
00:01:29 - process[5]: training epoch 4 ...
00:01:46 - process[5] - epoch 4 - train iter 540 - 28658.6 words/s - loss: 0.4439
00:01:46 - process[5]: training epoch 5 ...
00:02:03 - process[5] - epoch 5 - train iter 540 - 28786.0 words/s - loss: 0.4208
00:02:03 - process[5]: training epoch 6 ...
00:02:19 - process[5] - epoch 6 - train iter 540 - 28677.9 words/s - loss: 0.4364
00:02:19 - process[5]: training epoch 7 ...
00:02:35 - process[5] - epoch 7 - train iter 540 - 28754.6 words/s - loss: 0.4048
00:02:35 - process[5]: training epoch 8 ...
00:02:51 - process[5] - epoch 8 - train iter 540 - 28777.8 words/s - loss: 0.3898
00:02:51 - process[5]: training epoch 9 ...
00:03:07 - process[5] - epoch 9 - train iter 540 - 28691.6 words/s - loss: 0.4010
00:03:07 - process[5]: training epoch 10 ...
00:03:24 - process[5] - epoch 10 - train iter 540 - 28683.8 words/s - loss: 0.3256
00:03:24 - process[5]: evaluating epoch 10 on dev ...
00:03:41 - process[5] - dev - epoch 10 - mAP: 0.411 w/ 31 queries
00:03:41 - process[5]: evaluating epoch 10 on test ...
00:03:55 - test set during evaluation: 11460/11458
00:03:55 - process[5] - test - epoch 10 - mAP: 0.444 w/ 31 queries
00:03:55 - process[5]: training epoch 11 ...
00:04:11 - process[5] - epoch 11 - train iter 540 - 29052.6 words/s - loss: 0.3550
00:04:11 - process[5]: evaluating epoch 11 on dev ...
00:04:25 - process[5] - dev - epoch 11 - mAP: 0.408 w/ 31 queries
00:04:25 - process[5]: training epoch 12 ...
00:04:42 - process[5] - epoch 12 - train iter 540 - 28409.8 words/s - loss: 0.3344
00:04:42 - process[5]: evaluating epoch 12 on dev ...
00:04:55 - process[5] - dev - epoch 12 - mAP: 0.404 w/ 31 queries
00:04:55 - process[5]: training epoch 13 ...
00:05:12 - process[5] - epoch 13 - train iter 540 - 28718.9 words/s - loss: 0.3724
00:05:12 - process[5]: evaluating epoch 13 on dev ...
00:05:25 - process[5] - dev - epoch 13 - mAP: 0.421 w/ 31 queries
00:05:26 - process[5]: evaluating epoch 13 on test ...
00:05:39 - test set during evaluation: 11460/11458
00:05:40 - process[5] - test - epoch 13 - mAP: 0.457 w/ 31 queries
00:05:40 - process[5]: training epoch 14 ...
00:05:56 - process[5] - epoch 14 - train iter 540 - 28780.6 words/s - loss: 0.3278
00:05:56 - process[5]: evaluating epoch 14 on dev ...
00:06:10 - process[5] - dev - epoch 14 - mAP: 0.417 w/ 31 queries
00:06:10 - process[5]: training epoch 15 ...
00:06:26 - process[5] - epoch 15 - train iter 540 - 28867.7 words/s - loss: 0.3117
00:06:26 - process[5]: evaluating epoch 15 on dev ...
00:06:40 - process[5] - dev - epoch 15 - mAP: 0.415 w/ 31 queries
00:06:40 - process[5]: training epoch 16 ...
00:06:56 - process[5] - epoch 16 - train iter 540 - 28875.9 words/s - loss: 0.3177
00:06:56 - process[5]: evaluating epoch 16 on dev ...
00:07:10 - process[5] - dev - epoch 16 - mAP: 0.423 w/ 31 queries
00:07:10 - process[5]: evaluating epoch 16 on test ...
00:07:25 - test set during evaluation: 11460/11458
00:07:25 - process[5] - test - epoch 16 - mAP: 0.454 w/ 31 queries
00:07:25 - process[5]: training epoch 17 ...
00:07:41 - process[5] - epoch 17 - train iter 540 - 28783.3 words/s - loss: 0.3048
00:07:41 - process[5]: evaluating epoch 17 on dev ...
00:07:58 - process[5] - dev - epoch 17 - mAP: 0.416 w/ 31 queries
00:07:58 - process[5]: training epoch 18 ...
00:08:14 - process[5] - epoch 18 - train iter 540 - 28870.6 words/s - loss: 0.3418
00:08:14 - process[5]: evaluating epoch 18 on dev ...
00:08:30 - process[5] - dev - epoch 18 - mAP: 0.414 w/ 31 queries
00:08:30 - process[5]: training epoch 19 ...
00:08:46 - process[5] - epoch 19 - train iter 540 - 28850.2 words/s - loss: 0.3247
00:08:46 - process[5]: evaluating epoch 19 on dev ...
00:09:01 - process[5] - dev - epoch 19 - mAP: 0.395 w/ 31 queries
00:09:01 - [fold 1] best test MAP: 0.454 @ epoch 16
00:09:01 - Evaluating every 1 epochs ...
00:09:01 - reading data from /mnt/home/puxuan/CLIR-project/Evaluation_data/process-clef/uncased
00:09:03 - test has 32 queries ...
00:09:03 - Data reading done ...
00:09:04 - adding 9-th encoder to optimizer...
00:09:04 - adding 10-th encoder to optimizer...
00:09:04 - adding 11-th encoder to optimizer...
00:09:05 - process[5]: training epoch 0 ...
00:09:20 - process[5] - epoch 0 - train iter 492 - 28512.2 words/s - loss: 0.6846
00:09:20 - process[5]: training epoch 1 ...
00:09:35 - process[5] - epoch 1 - train iter 492 - 28033.0 words/s - loss: 0.5991
00:09:35 - process[5]: training epoch 2 ...
00:09:51 - process[5] - epoch 2 - train iter 492 - 27698.6 words/s - loss: 0.5475
00:09:51 - process[5]: training epoch 3 ...
00:10:06 - process[5] - epoch 3 - train iter 492 - 28056.3 words/s - loss: 0.4802
00:10:06 - process[5]: training epoch 4 ...
00:10:21 - process[5] - epoch 4 - train iter 492 - 28754.2 words/s - loss: 0.4090
00:10:21 - process[5]: training epoch 5 ...
00:10:36 - process[5] - epoch 5 - train iter 492 - 28422.1 words/s - loss: 0.4654
00:10:36 - process[5]: training epoch 6 ...
00:10:51 - process[5] - epoch 6 - train iter 492 - 28339.8 words/s - loss: 0.3960
00:10:51 - process[5]: training epoch 7 ...
00:11:06 - process[5] - epoch 7 - train iter 492 - 28492.9 words/s - loss: 0.4167
00:11:06 - process[5]: training epoch 8 ...
00:11:21 - process[5] - epoch 8 - train iter 492 - 28334.7 words/s - loss: 0.3696
00:11:21 - process[5]: training epoch 9 ...
00:11:37 - process[5] - epoch 9 - train iter 492 - 28292.6 words/s - loss: 0.4051
00:11:37 - process[5]: training epoch 10 ...
00:11:52 - process[5] - epoch 10 - train iter 492 - 28540.5 words/s - loss: 0.3706
00:11:52 - process[5]: evaluating epoch 10 on dev ...
00:12:12 - dev set during evaluation: 11460/11458
00:12:12 - process[5] - dev - epoch 10 - mAP: 0.470 w/ 31 queries
00:12:12 - process[5]: evaluating epoch 10 on test ...
00:12:27 - process[5] - test - epoch 10 - mAP: 0.499 w/ 32 queries
00:12:27 - process[5]: training epoch 11 ...
00:12:43 - process[5] - epoch 11 - train iter 492 - 27866.4 words/s - loss: 0.3643
00:12:43 - process[5]: evaluating epoch 11 on dev ...
00:12:57 - dev set during evaluation: 11460/11458
00:12:57 - process[5] - dev - epoch 11 - mAP: 0.441 w/ 31 queries
00:12:57 - process[5]: training epoch 12 ...
00:13:12 - process[5] - epoch 12 - train iter 492 - 28395.9 words/s - loss: 0.3841
00:13:12 - process[5]: evaluating epoch 12 on dev ...
00:13:27 - dev set during evaluation: 11460/11458
00:13:27 - process[5] - dev - epoch 12 - mAP: 0.464 w/ 31 queries
00:13:27 - process[5]: training epoch 13 ...
00:13:42 - process[5] - epoch 13 - train iter 492 - 28506.0 words/s - loss: 0.3977
00:13:42 - process[5]: evaluating epoch 13 on dev ...
00:13:57 - dev set during evaluation: 11460/11458
00:13:57 - process[5] - dev - epoch 13 - mAP: 0.462 w/ 31 queries
00:13:57 - process[5]: training epoch 14 ...
00:14:12 - process[5] - epoch 14 - train iter 492 - 28517.1 words/s - loss: 0.3498
00:14:12 - process[5]: evaluating epoch 14 on dev ...
00:14:26 - dev set during evaluation: 11460/11458
00:14:26 - process[5] - dev - epoch 14 - mAP: 0.466 w/ 31 queries
00:14:26 - process[5]: training epoch 15 ...
00:14:41 - process[5] - epoch 15 - train iter 492 - 28714.9 words/s - loss: 0.3483
00:14:41 - process[5]: evaluating epoch 15 on dev ...
00:14:55 - dev set during evaluation: 11460/11458
00:14:55 - process[5] - dev - epoch 15 - mAP: 0.458 w/ 31 queries
00:14:55 - process[5]: training epoch 16 ...
00:15:11 - process[5] - epoch 16 - train iter 492 - 28439.4 words/s - loss: 0.3359
00:15:11 - process[5]: evaluating epoch 16 on dev ...
00:15:25 - dev set during evaluation: 11460/11458
00:15:25 - process[5] - dev - epoch 16 - mAP: 0.458 w/ 31 queries
00:15:25 - process[5]: training epoch 17 ...
00:15:40 - process[5] - epoch 17 - train iter 492 - 28000.6 words/s - loss: 0.3343
00:15:40 - process[5]: evaluating epoch 17 on dev ...
00:15:54 - dev set during evaluation: 11460/11458
00:15:54 - process[5] - dev - epoch 17 - mAP: 0.450 w/ 31 queries
00:15:54 - process[5]: training epoch 18 ...
00:16:10 - process[5] - epoch 18 - train iter 492 - 28304.4 words/s - loss: 0.3022
00:16:10 - process[5]: evaluating epoch 18 on dev ...
00:16:24 - dev set during evaluation: 11460/11458
00:16:24 - process[5] - dev - epoch 18 - mAP: 0.465 w/ 31 queries
00:16:24 - process[5]: training epoch 19 ...
00:16:39 - process[5] - epoch 19 - train iter 492 - 28797.4 words/s - loss: 0.3322
00:16:39 - process[5]: evaluating epoch 19 on dev ...
00:16:54 - dev set during evaluation: 11460/11458
00:16:54 - process[5] - dev - epoch 19 - mAP: 0.468 w/ 31 queries
00:16:54 - [fold 2] best test MAP: 0.499 @ epoch 10
00:16:54 - Evaluating every 1 epochs ...
00:16:54 - reading data from /mnt/home/puxuan/CLIR-project/Evaluation_data/process-clef/uncased
00:16:55 - test has 31 queries ...
00:16:55 - Data reading done ...
00:16:56 - adding 9-th encoder to optimizer...
00:16:56 - adding 10-th encoder to optimizer...
00:16:56 - adding 11-th encoder to optimizer...
00:16:57 - process[5]: training epoch 0 ...
00:17:11 - process[5] - epoch 0 - train iter 476 - 28781.5 words/s - loss: 0.6799
00:17:11 - process[5]: training epoch 1 ...
00:17:26 - process[5] - epoch 1 - train iter 476 - 28373.8 words/s - loss: 0.5919
00:17:26 - process[5]: training epoch 2 ...
00:17:41 - process[5] - epoch 2 - train iter 476 - 28408.2 words/s - loss: 0.5188
00:17:41 - process[5]: training epoch 3 ...
00:17:55 - process[5] - epoch 3 - train iter 476 - 27809.7 words/s - loss: 0.5174
00:17:55 - process[5]: training epoch 4 ...
00:18:10 - process[5] - epoch 4 - train iter 476 - 28500.6 words/s - loss: 0.4306
00:18:10 - process[5]: training epoch 5 ...
00:18:24 - process[5] - epoch 5 - train iter 476 - 28276.1 words/s - loss: 0.4405
00:18:24 - process[5]: training epoch 6 ...
00:18:39 - process[5] - epoch 6 - train iter 476 - 28541.4 words/s - loss: 0.4364
00:18:39 - process[5]: training epoch 7 ...
00:18:54 - process[5] - epoch 7 - train iter 476 - 28461.4 words/s - loss: 0.3814
00:18:54 - process[5]: training epoch 8 ...
00:19:08 - process[5] - epoch 8 - train iter 476 - 28256.9 words/s - loss: 0.3992
00:19:08 - process[5]: training epoch 9 ...
00:19:23 - process[5] - epoch 9 - train iter 476 - 28495.5 words/s - loss: 0.3941
00:19:23 - process[5]: training epoch 10 ...
00:19:38 - process[5] - epoch 10 - train iter 476 - 28016.8 words/s - loss: 0.3633
00:19:38 - process[5]: evaluating epoch 10 on dev ...
00:19:57 - process[5] - dev - epoch 10 - mAP: 0.482 w/ 32 queries
00:19:57 - process[5]: evaluating epoch 10 on test ...
00:20:11 - test set during evaluation: 11550/11545
00:20:11 - process[5] - test - epoch 10 - mAP: 0.456 w/ 31 queries
00:20:11 - process[5]: training epoch 11 ...
00:20:26 - process[5] - epoch 11 - train iter 476 - 28372.5 words/s - loss: 0.3935
00:20:26 - process[5]: evaluating epoch 11 on dev ...
00:20:41 - process[5] - dev - epoch 11 - mAP: 0.454 w/ 32 queries
00:20:41 - process[5]: training epoch 12 ...
00:20:56 - process[5] - epoch 12 - train iter 476 - 28240.7 words/s - loss: 0.3528
00:20:56 - process[5]: evaluating epoch 12 on dev ...
00:21:12 - process[5] - dev - epoch 12 - mAP: 0.466 w/ 32 queries
00:21:12 - process[5]: training epoch 13 ...
00:21:26 - process[5] - epoch 13 - train iter 476 - 28524.8 words/s - loss: 0.3455
00:21:26 - process[5]: evaluating epoch 13 on dev ...
00:21:42 - process[5] - dev - epoch 13 - mAP: 0.491 w/ 32 queries
00:21:42 - process[5]: evaluating epoch 13 on test ...
00:21:57 - test set during evaluation: 11550/11545
00:21:57 - process[5] - test - epoch 13 - mAP: 0.470 w/ 31 queries
00:21:57 - process[5]: training epoch 14 ...
00:22:12 - process[5] - epoch 14 - train iter 476 - 28251.1 words/s - loss: 0.3315
00:22:12 - process[5]: evaluating epoch 14 on dev ...
00:22:27 - process[5] - dev - epoch 14 - mAP: 0.475 w/ 32 queries
00:22:27 - process[5]: training epoch 15 ...
00:22:42 - process[5] - epoch 15 - train iter 476 - 28756.0 words/s - loss: 0.3458
00:22:42 - process[5]: evaluating epoch 15 on dev ...
00:22:57 - process[5] - dev - epoch 15 - mAP: 0.491 w/ 32 queries
00:22:57 - process[5]: training epoch 16 ...
00:23:12 - process[5] - epoch 16 - train iter 476 - 28368.9 words/s - loss: 0.3499
00:23:12 - process[5]: evaluating epoch 16 on dev ...
00:23:27 - process[5] - dev - epoch 16 - mAP: 0.477 w/ 32 queries
00:23:27 - process[5]: training epoch 17 ...
00:23:42 - process[5] - epoch 17 - train iter 476 - 28197.0 words/s - loss: 0.3375
00:23:42 - process[5]: evaluating epoch 17 on dev ...
00:23:57 - process[5] - dev - epoch 17 - mAP: 0.488 w/ 32 queries
00:23:57 - process[5]: training epoch 18 ...
00:24:12 - process[5] - epoch 18 - train iter 476 - 28462.1 words/s - loss: 0.3460
00:24:12 - process[5]: evaluating epoch 18 on dev ...
00:24:27 - process[5] - dev - epoch 18 - mAP: 0.499 w/ 32 queries
00:24:27 - process[5]: evaluating epoch 18 on test ...
00:24:41 - test set during evaluation: 11550/11545
00:24:41 - process[5] - test - epoch 18 - mAP: 0.470 w/ 31 queries
00:24:41 - process[5]: training epoch 19 ...
00:24:56 - process[5] - epoch 19 - train iter 476 - 28541.5 words/s - loss: 0.3253
00:24:56 - process[5]: evaluating epoch 19 on dev ...
00:25:11 - process[5] - dev - epoch 19 - mAP: 0.496 w/ 32 queries
00:25:11 - [fold 3] best test MAP: 0.470 @ epoch 18
00:25:11 - Evaluating every 1 epochs ...
00:25:11 - reading data from /mnt/home/puxuan/CLIR-project/Evaluation_data/process-clef/uncased
00:25:12 - test has 31 queries ...
00:25:12 - Data reading done ...
00:25:14 - adding 9-th encoder to optimizer...
00:25:14 - adding 10-th encoder to optimizer...
00:25:14 - adding 11-th encoder to optimizer...
00:25:15 - process[5]: training epoch 0 ...
00:25:28 - process[5] - epoch 0 - train iter 432 - 28549.6 words/s - loss: 0.6900
00:25:28 - process[5]: training epoch 1 ...
00:25:41 - process[5] - epoch 1 - train iter 432 - 28533.0 words/s - loss: 0.6592
00:25:41 - process[5]: training epoch 2 ...
00:25:54 - process[5] - epoch 2 - train iter 432 - 28632.2 words/s - loss: 0.5990
00:25:54 - process[5]: training epoch 3 ...
00:26:08 - process[5] - epoch 3 - train iter 432 - 28678.2 words/s - loss: 0.5332
00:26:08 - process[5]: training epoch 4 ...
00:26:21 - process[5] - epoch 4 - train iter 432 - 28224.1 words/s - loss: 0.5094
00:26:21 - process[5]: training epoch 5 ...
00:26:34 - process[5] - epoch 5 - train iter 432 - 28517.6 words/s - loss: 0.4574
00:26:34 - process[5]: training epoch 6 ...
00:26:48 - process[5] - epoch 6 - train iter 432 - 28291.5 words/s - loss: 0.4354
00:26:48 - process[5]: training epoch 7 ...
00:27:01 - process[5] - epoch 7 - train iter 432 - 28513.1 words/s - loss: 0.4500
00:27:01 - process[5]: training epoch 8 ...
00:27:14 - process[5] - epoch 8 - train iter 432 - 28198.1 words/s - loss: 0.4079
00:27:14 - process[5]: training epoch 9 ...
00:27:27 - process[5] - epoch 9 - train iter 432 - 28233.4 words/s - loss: 0.3857
00:27:27 - process[5]: training epoch 10 ...
00:27:41 - process[5] - epoch 10 - train iter 432 - 28168.5 words/s - loss: 0.3787
00:27:41 - process[5]: evaluating epoch 10 on dev ...
00:27:59 - dev set during evaluation: 11550/11545
00:27:59 - process[5] - dev - epoch 10 - mAP: 0.486 w/ 31 queries
00:27:59 - process[5]: evaluating epoch 10 on test ...
00:28:13 - test set during evaluation: 11320/11315
00:28:13 - process[5] - test - epoch 10 - mAP: 0.545 w/ 31 queries
00:28:13 - process[5]: training epoch 11 ...
00:28:26 - process[5] - epoch 11 - train iter 432 - 28395.6 words/s - loss: 0.3937
00:28:26 - process[5]: evaluating epoch 11 on dev ...
00:28:41 - dev set during evaluation: 11550/11545
00:28:41 - process[5] - dev - epoch 11 - mAP: 0.499 w/ 31 queries
00:28:41 - process[5]: evaluating epoch 11 on test ...
00:28:56 - test set during evaluation: 11320/11315
00:28:56 - process[5] - test - epoch 11 - mAP: 0.547 w/ 31 queries
00:28:56 - process[5]: training epoch 12 ...
00:29:09 - process[5] - epoch 12 - train iter 432 - 27898.3 words/s - loss: 0.3642
00:29:09 - process[5]: evaluating epoch 12 on dev ...
00:29:25 - dev set during evaluation: 11550/11545
00:29:25 - process[5] - dev - epoch 12 - mAP: 0.498 w/ 31 queries
00:29:25 - process[5]: training epoch 13 ...
00:29:38 - process[5] - epoch 13 - train iter 432 - 28713.1 words/s - loss: 0.3733
00:29:38 - process[5]: evaluating epoch 13 on dev ...
00:29:53 - dev set during evaluation: 11550/11545
00:29:53 - process[5] - dev - epoch 13 - mAP: 0.490 w/ 31 queries
00:29:53 - process[5]: training epoch 14 ...
00:30:06 - process[5] - epoch 14 - train iter 432 - 28865.1 words/s - loss: 0.3594
00:30:06 - process[5]: evaluating epoch 14 on dev ...
00:30:21 - dev set during evaluation: 11550/11545
00:30:21 - process[5] - dev - epoch 14 - mAP: 0.495 w/ 31 queries
00:30:21 - process[5]: training epoch 15 ...
00:30:35 - process[5] - epoch 15 - train iter 432 - 28201.0 words/s - loss: 0.3642
00:30:35 - process[5]: evaluating epoch 15 on dev ...
00:30:50 - dev set during evaluation: 11550/11545
00:30:50 - process[5] - dev - epoch 15 - mAP: 0.506 w/ 31 queries
00:30:50 - process[5]: evaluating epoch 15 on test ...
00:31:04 - test set during evaluation: 11320/11315
00:31:04 - process[5] - test - epoch 15 - mAP: 0.530 w/ 31 queries
00:31:04 - process[5]: training epoch 16 ...
00:31:17 - process[5] - epoch 16 - train iter 432 - 28499.1 words/s - loss: 0.3507
00:31:17 - process[5]: evaluating epoch 16 on dev ...
00:31:33 - dev set during evaluation: 11550/11545
00:31:33 - process[5] - dev - epoch 16 - mAP: 0.505 w/ 31 queries
00:31:33 - process[5]: training epoch 17 ...
00:31:46 - process[5] - epoch 17 - train iter 432 - 28914.0 words/s - loss: 0.3491
00:31:46 - process[5]: evaluating epoch 17 on dev ...
00:32:01 - dev set during evaluation: 11550/11545
00:32:01 - process[5] - dev - epoch 17 - mAP: 0.474 w/ 31 queries
00:32:01 - process[5]: training epoch 18 ...
00:32:15 - process[5] - epoch 18 - train iter 432 - 28758.8 words/s - loss: 0.3433
00:32:15 - process[5]: evaluating epoch 18 on dev ...
00:32:30 - dev set during evaluation: 11550/11545
00:32:30 - process[5] - dev - epoch 18 - mAP: 0.484 w/ 31 queries
00:32:30 - process[5]: training epoch 19 ...
00:32:43 - process[5] - epoch 19 - train iter 432 - 28463.0 words/s - loss: 0.3615
00:32:43 - process[5]: evaluating epoch 19 on dev ...
00:32:58 - dev set during evaluation: 11550/11545
00:32:58 - process[5] - dev - epoch 19 - mAP: 0.496 w/ 31 queries
00:32:58 - [fold 4] best test MAP: 0.530 @ epoch 15
00:32:58 - Evaluating every 1 epochs ...
00:32:58 - reading data from /mnt/home/puxuan/CLIR-project/Evaluation_data/process-clef/uncased
00:33:00 - test has 31 queries ...
00:33:00 - Data reading done ...
00:33:01 - adding 9-th encoder to optimizer...
00:33:01 - adding 10-th encoder to optimizer...
00:33:01 - adding 11-th encoder to optimizer...
00:33:02 - process[5]: training epoch 0 ...
00:33:16 - process[5] - epoch 0 - train iter 437 - 27761.1 words/s - loss: 0.6864
00:33:16 - process[5]: training epoch 1 ...
00:33:29 - process[5] - epoch 1 - train iter 437 - 28352.1 words/s - loss: 0.5796
00:33:29 - process[5]: training epoch 2 ...
00:33:43 - process[5] - epoch 2 - train iter 437 - 28278.8 words/s - loss: 0.5541
00:33:43 - process[5]: training epoch 3 ...
00:33:56 - process[5] - epoch 3 - train iter 437 - 28362.0 words/s - loss: 0.4901
00:33:56 - process[5]: training epoch 4 ...
00:34:10 - process[5] - epoch 4 - train iter 437 - 28249.1 words/s - loss: 0.4941
00:34:10 - process[5]: training epoch 5 ...
00:34:24 - process[5] - epoch 5 - train iter 437 - 28308.3 words/s - loss: 0.4598
00:34:24 - process[5]: training epoch 6 ...
00:34:37 - process[5] - epoch 6 - train iter 437 - 28369.8 words/s - loss: 0.4237
00:34:37 - process[5]: training epoch 7 ...
00:34:51 - process[5] - epoch 7 - train iter 437 - 28674.0 words/s - loss: 0.4614
00:34:51 - process[5]: training epoch 8 ...
00:35:04 - process[5] - epoch 8 - train iter 437 - 28280.8 words/s - loss: 0.4777
00:35:04 - process[5]: training epoch 9 ...
00:35:18 - process[5] - epoch 9 - train iter 437 - 28104.2 words/s - loss: 0.4053
00:35:18 - process[5]: training epoch 10 ...
00:35:31 - process[5] - epoch 10 - train iter 437 - 28671.6 words/s - loss: 0.4185
00:35:31 - process[5]: evaluating epoch 10 on dev ...
00:35:48 - dev set during evaluation: 11320/11315
00:35:48 - process[5] - dev - epoch 10 - mAP: 0.542 w/ 31 queries
00:35:48 - process[5]: evaluating epoch 10 on test ...
00:36:02 - process[5] - test - epoch 10 - mAP: 0.436 w/ 31 queries
00:36:02 - process[5]: training epoch 11 ...
00:36:16 - process[5] - epoch 11 - train iter 437 - 28053.8 words/s - loss: 0.4123
00:36:16 - process[5]: evaluating epoch 11 on dev ...
00:36:30 - dev set during evaluation: 11320/11315
00:36:30 - process[5] - dev - epoch 11 - mAP: 0.542 w/ 31 queries
00:36:30 - process[5]: training epoch 12 ...
00:36:44 - process[5] - epoch 12 - train iter 437 - 28460.6 words/s - loss: 0.3893
00:36:44 - process[5]: evaluating epoch 12 on dev ...
00:36:59 - dev set during evaluation: 11320/11315
00:36:59 - process[5] - dev - epoch 12 - mAP: 0.535 w/ 31 queries
00:36:59 - process[5]: training epoch 13 ...
00:37:13 - process[5] - epoch 13 - train iter 437 - 27975.3 words/s - loss: 0.3747
00:37:13 - process[5]: evaluating epoch 13 on dev ...
00:37:27 - dev set during evaluation: 11320/11315
00:37:27 - process[5] - dev - epoch 13 - mAP: 0.537 w/ 31 queries
00:37:27 - process[5]: training epoch 14 ...
00:37:40 - process[5] - epoch 14 - train iter 437 - 28228.4 words/s - loss: 0.3574
00:37:40 - process[5]: evaluating epoch 14 on dev ...
00:37:55 - dev set during evaluation: 11320/11315
00:37:55 - process[5] - dev - epoch 14 - mAP: 0.538 w/ 31 queries
00:37:55 - process[5]: training epoch 15 ...
00:38:08 - process[5] - epoch 15 - train iter 437 - 28775.4 words/s - loss: 0.3643
00:38:08 - process[5]: evaluating epoch 15 on dev ...
00:38:23 - dev set during evaluation: 11320/11315
00:38:23 - process[5] - dev - epoch 15 - mAP: 0.531 w/ 31 queries
00:38:23 - process[5]: training epoch 16 ...
00:38:37 - process[5] - epoch 16 - train iter 437 - 28510.1 words/s - loss: 0.3844
00:38:37 - process[5]: evaluating epoch 16 on dev ...
00:38:52 - dev set during evaluation: 11320/11315
00:38:52 - process[5] - dev - epoch 16 - mAP: 0.539 w/ 31 queries
00:38:52 - process[5]: training epoch 17 ...
00:39:05 - process[5] - epoch 17 - train iter 437 - 28575.7 words/s - loss: 0.3409
00:39:05 - process[5]: evaluating epoch 17 on dev ...
00:39:20 - dev set during evaluation: 11320/11315
00:39:20 - process[5] - dev - epoch 17 - mAP: 0.523 w/ 31 queries
00:39:20 - process[5]: training epoch 18 ...
00:39:33 - process[5] - epoch 18 - train iter 437 - 28230.0 words/s - loss: 0.3136
00:39:33 - process[5]: evaluating epoch 18 on dev ...
00:39:48 - dev set during evaluation: 11320/11315
00:39:48 - process[5] - dev - epoch 18 - mAP: 0.539 w/ 31 queries
00:39:48 - process[5]: training epoch 19 ...
00:40:02 - process[5] - epoch 19 - train iter 437 - 28404.1 words/s - loss: 0.3182
00:40:02 - process[5]: evaluating epoch 19 on dev ...
00:40:16 - dev set during evaluation: 11320/11315
00:40:16 - process[5] - dev - epoch 19 - mAP: 0.529 w/ 31 queries
00:40:16 - [fold 5] best test MAP: 0.436 @ epoch 10
00:40:16 - [0.4536721022026194, 0.49880758387025254, 0.4702875834783603, 0.530125591492683, 0.4359399052491684]
00:40:16 - [31, 32, 31, 31, 31]
00:40:16 - final MAP: 0.478
00:00:06 - Namespace(apex_level='O2', batch_size=8, cased=False, dataset='clef', debug=False, encoder_lr=2e-05, eval_step=1, full_doc_length=True, local_rank=5, model_path='/mnt/scratch/puxuan/short_qlm_doc/2186796/huggingface-14', model_type='mbert', num_epochs=20, num_ft_encoders=3, num_neg=1, projector_lr=2e-05, seed=611, source_lang='fr', target_lang='es')
00:00:14 - Evaluating every 1 epochs ...
00:00:14 - reading data from /mnt/home/puxuan/CLIR-project/Evaluation_data/process-clef/uncased
00:00:15 - test has 31 queries ...
00:00:15 - Data reading done ...
00:00:22 - adding 9-th encoder to optimizer...
00:00:22 - adding 10-th encoder to optimizer...
00:00:22 - adding 11-th encoder to optimizer...
00:00:22 - process[5]: training epoch 0 ...
00:00:39 - process[5] - epoch 0 - train iter 540 - 27673.8 words/s - loss: 0.6793
00:00:39 - process[5]: training epoch 1 ...
00:00:56 - process[5] - epoch 1 - train iter 540 - 28552.5 words/s - loss: 0.6084
00:00:56 - process[5]: training epoch 2 ...
00:01:12 - process[5] - epoch 2 - train iter 540 - 28442.7 words/s - loss: 0.5069
00:01:12 - process[5]: training epoch 3 ...
00:01:28 - process[5] - epoch 3 - train iter 540 - 28459.8 words/s - loss: 0.4726
00:01:28 - process[5]: training epoch 4 ...
00:01:45 - process[5] - epoch 4 - train iter 540 - 28596.8 words/s - loss: 0.4439
00:01:45 - process[5]: training epoch 5 ...
00:02:02 - process[5] - epoch 5 - train iter 540 - 28593.9 words/s - loss: 0.4208
00:02:02 - process[5]: training epoch 6 ...
00:02:18 - process[5] - epoch 6 - train iter 540 - 28511.7 words/s - loss: 0.4364
00:02:18 - process[5]: training epoch 7 ...
00:02:34 - process[5] - epoch 7 - train iter 540 - 28616.3 words/s - loss: 0.4048
00:02:34 - process[5]: training epoch 8 ...
00:02:51 - process[5] - epoch 8 - train iter 540 - 28434.0 words/s - loss: 0.3898
00:02:51 - process[5]: training epoch 9 ...
00:03:07 - process[5] - epoch 9 - train iter 540 - 28162.0 words/s - loss: 0.4010
00:03:07 - process[5]: training epoch 10 ...
00:03:24 - process[5] - epoch 10 - train iter 540 - 28205.4 words/s - loss: 0.3256
00:03:24 - process[5]: evaluating epoch 10 on dev ...
00:03:38 - process[5] - dev - epoch 10 - mAP: 0.411 w/ 31 queries
00:03:38 - process[5]: evaluating epoch 10 on test ...
00:03:52 - test set during evaluation: 11460/11458
00:03:52 - process[5] - test - epoch 10 - mAP: 0.444 w/ 31 queries
00:03:52 - process[5]: training epoch 11 ...
00:04:08 - process[5] - epoch 11 - train iter 540 - 28950.1 words/s - loss: 0.3550
00:04:08 - process[5]: evaluating epoch 11 on dev ...
00:04:22 - process[5] - dev - epoch 11 - mAP: 0.408 w/ 31 queries
00:04:22 - process[5]: training epoch 12 ...
00:04:38 - process[5] - epoch 12 - train iter 540 - 28238.6 words/s - loss: 0.3344
00:04:38 - process[5]: evaluating epoch 12 on dev ...
00:04:52 - process[5] - dev - epoch 12 - mAP: 0.404 w/ 31 queries
00:04:52 - process[5]: training epoch 13 ...
00:05:08 - process[5] - epoch 13 - train iter 540 - 28776.3 words/s - loss: 0.3724
00:05:08 - process[5]: evaluating epoch 13 on dev ...
00:05:21 - process[5] - dev - epoch 13 - mAP: 0.421 w/ 31 queries
00:05:21 - process[5]: evaluating epoch 13 on test ...
00:05:35 - test set during evaluation: 11460/11458
00:05:35 - process[5] - test - epoch 13 - mAP: 0.457 w/ 31 queries
00:05:35 - process[5]: training epoch 14 ...
00:05:52 - process[5] - epoch 14 - train iter 540 - 28764.1 words/s - loss: 0.3278
00:05:52 - process[5]: evaluating epoch 14 on dev ...
00:06:05 - process[5] - dev - epoch 14 - mAP: 0.417 w/ 31 queries
00:06:05 - process[5]: training epoch 15 ...
00:06:22 - process[5] - epoch 15 - train iter 540 - 28754.4 words/s - loss: 0.3117
00:06:22 - process[5]: evaluating epoch 15 on dev ...
00:06:35 - process[5] - dev - epoch 15 - mAP: 0.415 w/ 31 queries
00:06:35 - process[5]: training epoch 16 ...
00:06:52 - process[5] - epoch 16 - train iter 540 - 28568.2 words/s - loss: 0.3177
00:06:52 - process[5]: evaluating epoch 16 on dev ...
00:07:05 - process[5] - dev - epoch 16 - mAP: 0.423 w/ 31 queries
00:07:05 - process[5]: evaluating epoch 16 on test ...
00:07:19 - test set during evaluation: 11460/11458
00:07:19 - process[5] - test - epoch 16 - mAP: 0.454 w/ 31 queries
00:07:19 - process[5]: training epoch 17 ...
00:07:35 - process[5] - epoch 17 - train iter 540 - 28674.2 words/s - loss: 0.3048
00:07:35 - process[5]: evaluating epoch 17 on dev ...
00:07:49 - process[5] - dev - epoch 17 - mAP: 0.416 w/ 31 queries
00:07:49 - process[5]: training epoch 18 ...
00:08:05 - process[5] - epoch 18 - train iter 540 - 28585.8 words/s - loss: 0.3418
00:08:05 - process[5]: evaluating epoch 18 on dev ...
00:08:19 - process[5] - dev - epoch 18 - mAP: 0.414 w/ 31 queries
00:08:19 - process[5]: training epoch 19 ...
00:08:35 - process[5] - epoch 19 - train iter 540 - 28605.2 words/s - loss: 0.3247
00:08:35 - process[5]: evaluating epoch 19 on dev ...
00:08:49 - process[5] - dev - epoch 19 - mAP: 0.395 w/ 31 queries
00:08:49 - [fold 1] best test MAP: 0.454 @ epoch 16
00:08:49 - Evaluating every 1 epochs ...
00:08:49 - reading data from /mnt/home/puxuan/CLIR-project/Evaluation_data/process-clef/uncased
00:08:50 - test has 32 queries ...
00:08:50 - Data reading done ...
00:08:52 - adding 9-th encoder to optimizer...
00:08:52 - adding 10-th encoder to optimizer...
00:08:52 - adding 11-th encoder to optimizer...
00:08:52 - process[5]: training epoch 0 ...
00:09:07 - process[5] - epoch 0 - train iter 492 - 28392.7 words/s - loss: 0.6846
00:09:07 - process[5]: training epoch 1 ...
00:09:23 - process[5] - epoch 1 - train iter 492 - 27982.1 words/s - loss: 0.5991
00:09:23 - process[5]: training epoch 2 ...
00:09:38 - process[5] - epoch 2 - train iter 492 - 27715.6 words/s - loss: 0.5475
00:09:38 - process[5]: training epoch 3 ...
00:09:53 - process[5] - epoch 3 - train iter 492 - 28090.5 words/s - loss: 0.4802
00:09:53 - process[5]: training epoch 4 ...
00:10:08 - process[5] - epoch 4 - train iter 492 - 28733.9 words/s - loss: 0.4090
00:10:08 - process[5]: training epoch 5 ...
00:10:23 - process[5] - epoch 5 - train iter 492 - 28380.0 words/s - loss: 0.4654
00:10:23 - process[5]: training epoch 6 ...
00:10:39 - process[5] - epoch 6 - train iter 492 - 28333.4 words/s - loss: 0.3960
00:10:39 - process[5]: training epoch 7 ...
00:10:54 - process[5] - epoch 7 - train iter 492 - 28457.6 words/s - loss: 0.4167
00:10:54 - process[5]: training epoch 8 ...
00:11:09 - process[5] - epoch 8 - train iter 492 - 28271.3 words/s - loss: 0.3696
00:11:09 - process[5]: training epoch 9 ...
00:11:24 - process[5] - epoch 9 - train iter 492 - 28236.0 words/s - loss: 0.4051
00:11:24 - process[5]: training epoch 10 ...
00:11:39 - process[5] - epoch 10 - train iter 492 - 28499.9 words/s - loss: 0.3706
00:11:39 - process[5]: evaluating epoch 10 on dev ...
00:11:56 - dev set during evaluation: 11460/11458
00:11:56 - process[5] - dev - epoch 10 - mAP: 0.470 w/ 31 queries
00:11:56 - process[5]: evaluating epoch 10 on test ...
00:12:11 - process[5] - test - epoch 10 - mAP: 0.499 w/ 32 queries
00:12:11 - process[5]: training epoch 11 ...
00:12:26 - process[5] - epoch 11 - train iter 492 - 27789.2 words/s - loss: 0.3643
00:12:26 - process[5]: evaluating epoch 11 on dev ...
00:12:40 - dev set during evaluation: 11460/11458
00:12:40 - process[5] - dev - epoch 11 - mAP: 0.441 w/ 31 queries
00:12:40 - process[5]: training epoch 12 ...
00:12:56 - process[5] - epoch 12 - train iter 492 - 28307.3 words/s - loss: 0.3841
00:12:56 - process[5]: evaluating epoch 12 on dev ...
00:13:10 - dev set during evaluation: 11460/11458
00:13:10 - process[5] - dev - epoch 12 - mAP: 0.464 w/ 31 queries
00:13:10 - process[5]: training epoch 13 ...
00:13:25 - process[5] - epoch 13 - train iter 492 - 28333.0 words/s - loss: 0.3977
00:13:25 - process[5]: evaluating epoch 13 on dev ...
00:13:39 - dev set during evaluation: 11460/11458
00:13:39 - process[5] - dev - epoch 13 - mAP: 0.462 w/ 31 queries
00:13:39 - process[5]: training epoch 14 ...
00:13:54 - process[5] - epoch 14 - train iter 492 - 28425.6 words/s - loss: 0.3498
00:13:54 - process[5]: evaluating epoch 14 on dev ...
00:14:09 - dev set during evaluation: 11460/11458
00:14:09 - process[5] - dev - epoch 14 - mAP: 0.466 w/ 31 queries
00:14:09 - process[5]: training epoch 15 ...
00:14:24 - process[5] - epoch 15 - train iter 492 - 28620.8 words/s - loss: 0.3483
00:14:24 - process[5]: evaluating epoch 15 on dev ...
00:14:38 - dev set during evaluation: 11460/11458
00:14:38 - process[5] - dev - epoch 15 - mAP: 0.458 w/ 31 queries
00:14:38 - process[5]: training epoch 16 ...
00:14:53 - process[5] - epoch 16 - train iter 492 - 28272.6 words/s - loss: 0.3359
00:14:53 - process[5]: evaluating epoch 16 on dev ...
00:15:07 - dev set during evaluation: 11460/11458
00:15:07 - process[5] - dev - epoch 16 - mAP: 0.458 w/ 31 queries
00:15:07 - process[5]: training epoch 17 ...
00:15:23 - process[5] - epoch 17 - train iter 492 - 27775.0 words/s - loss: 0.3343
00:15:23 - process[5]: evaluating epoch 17 on dev ...
00:15:37 - dev set during evaluation: 11460/11458
00:15:37 - process[5] - dev - epoch 17 - mAP: 0.450 w/ 31 queries
00:15:37 - process[5]: training epoch 18 ...
00:15:52 - process[5] - epoch 18 - train iter 492 - 28214.8 words/s - loss: 0.3022
00:15:52 - process[5]: evaluating epoch 18 on dev ...
00:16:06 - dev set during evaluation: 11460/11458
00:16:06 - process[5] - dev - epoch 18 - mAP: 0.465 w/ 31 queries
00:16:06 - process[5]: training epoch 19 ...
00:16:21 - process[5] - epoch 19 - train iter 492 - 28702.2 words/s - loss: 0.3322
00:16:21 - process[5]: evaluating epoch 19 on dev ...
00:16:35 - dev set during evaluation: 11460/11458
00:16:35 - process[5] - dev - epoch 19 - mAP: 0.468 w/ 31 queries
00:16:35 - [fold 2] best test MAP: 0.499 @ epoch 10
00:16:35 - Evaluating every 1 epochs ...
00:16:35 - reading data from /mnt/home/puxuan/CLIR-project/Evaluation_data/process-clef/uncased
00:16:36 - test has 31 queries ...
00:16:36 - Data reading done ...
00:16:38 - adding 9-th encoder to optimizer...
00:16:38 - adding 10-th encoder to optimizer...
00:16:38 - adding 11-th encoder to optimizer...
00:16:39 - process[5]: training epoch 0 ...
00:16:53 - process[5] - epoch 0 - train iter 476 - 28873.6 words/s - loss: 0.6799
00:16:53 - process[5]: training epoch 1 ...
00:17:08 - process[5] - epoch 1 - train iter 476 - 28401.8 words/s - loss: 0.5919
00:17:08 - process[5]: training epoch 2 ...
00:17:22 - process[5] - epoch 2 - train iter 476 - 28499.4 words/s - loss: 0.5188
00:17:22 - process[5]: training epoch 3 ...
00:17:37 - process[5] - epoch 3 - train iter 476 - 27890.6 words/s - loss: 0.5174
00:17:37 - process[5]: training epoch 4 ...
00:17:51 - process[5] - epoch 4 - train iter 476 - 28622.5 words/s - loss: 0.4306
00:17:51 - process[5]: training epoch 5 ...
00:18:06 - process[5] - epoch 5 - train iter 476 - 28320.1 words/s - loss: 0.4405
00:18:06 - process[5]: training epoch 6 ...
00:18:20 - process[5] - epoch 6 - train iter 476 - 28554.4 words/s - loss: 0.4364
00:18:20 - process[5]: training epoch 7 ...
00:18:35 - process[5] - epoch 7 - train iter 476 - 28588.6 words/s - loss: 0.3814
00:18:35 - process[5]: training epoch 8 ...
00:18:49 - process[5] - epoch 8 - train iter 476 - 28345.1 words/s - loss: 0.3992
00:18:49 - process[5]: training epoch 9 ...
00:19:04 - process[5] - epoch 9 - train iter 476 - 28432.8 words/s - loss: 0.3941
00:19:04 - process[5]: training epoch 10 ...
00:19:19 - process[5] - epoch 10 - train iter 476 - 28012.6 words/s - loss: 0.3633
00:19:19 - process[5]: evaluating epoch 10 on dev ...
00:19:38 - process[5] - dev - epoch 10 - mAP: 0.482 w/ 32 queries
00:19:38 - process[5]: evaluating epoch 10 on test ...
00:19:53 - test set during evaluation: 11550/11545
00:19:53 - process[5] - test - epoch 10 - mAP: 0.456 w/ 31 queries
00:19:53 - process[5]: training epoch 11 ...
00:20:08 - process[5] - epoch 11 - train iter 476 - 28119.1 words/s - loss: 0.3935
00:20:08 - process[5]: evaluating epoch 11 on dev ...
00:20:23 - process[5] - dev - epoch 11 - mAP: 0.454 w/ 32 queries
00:20:23 - process[5]: training epoch 12 ...
00:20:38 - process[5] - epoch 12 - train iter 476 - 28123.9 words/s - loss: 0.3528
00:20:38 - process[5]: evaluating epoch 12 on dev ...
00:20:53 - process[5] - dev - epoch 12 - mAP: 0.466 w/ 32 queries
00:20:53 - process[5]: training epoch 13 ...
00:21:07 - process[5] - epoch 13 - train iter 476 - 28251.4 words/s - loss: 0.3455
00:21:07 - process[5]: evaluating epoch 13 on dev ...
00:21:23 - process[5] - dev - epoch 13 - mAP: 0.491 w/ 32 queries
00:21:23 - process[5]: evaluating epoch 13 on test ...
00:21:37 - test set during evaluation: 11550/11545
00:21:37 - process[5] - test - epoch 13 - mAP: 0.470 w/ 31 queries
00:21:37 - process[5]: training epoch 14 ...
00:21:52 - process[5] - epoch 14 - train iter 476 - 28343.4 words/s - loss: 0.3315
00:21:52 - process[5]: evaluating epoch 14 on dev ...
00:22:07 - process[5] - dev - epoch 14 - mAP: 0.475 w/ 32 queries
00:22:07 - process[5]: training epoch 15 ...
00:22:21 - process[5] - epoch 15 - train iter 476 - 28490.1 words/s - loss: 0.3458
00:22:21 - process[5]: evaluating epoch 15 on dev ...
00:22:36 - process[5] - dev - epoch 15 - mAP: 0.491 w/ 32 queries
00:22:36 - process[5]: training epoch 16 ...
00:22:51 - process[5] - epoch 16 - train iter 476 - 28336.6 words/s - loss: 0.3499
00:22:51 - process[5]: evaluating epoch 16 on dev ...
00:23:06 - process[5] - dev - epoch 16 - mAP: 0.477 w/ 32 queries
00:23:06 - process[5]: training epoch 17 ...
00:23:21 - process[5] - epoch 17 - train iter 476 - 28195.1 words/s - loss: 0.3375
00:23:21 - process[5]: evaluating epoch 17 on dev ...
00:23:36 - process[5] - dev - epoch 17 - mAP: 0.488 w/ 32 queries
00:23:36 - process[5]: training epoch 18 ...
00:23:50 - process[5] - epoch 18 - train iter 476 - 28378.1 words/s - loss: 0.3460
00:23:50 - process[5]: evaluating epoch 18 on dev ...
00:24:06 - process[5] - dev - epoch 18 - mAP: 0.499 w/ 32 queries
00:24:06 - process[5]: evaluating epoch 18 on test ...
00:24:20 - test set during evaluation: 11550/11545
00:24:20 - process[5] - test - epoch 18 - mAP: 0.470 w/ 31 queries
00:24:20 - process[5]: training epoch 19 ...
00:24:35 - process[5] - epoch 19 - train iter 476 - 28516.8 words/s - loss: 0.3253
00:24:35 - process[5]: evaluating epoch 19 on dev ...
00:24:50 - process[5] - dev - epoch 19 - mAP: 0.496 w/ 32 queries
00:24:50 - [fold 3] best test MAP: 0.470 @ epoch 18
00:24:50 - Evaluating every 1 epochs ...
00:24:50 - reading data from /mnt/home/puxuan/CLIR-project/Evaluation_data/process-clef/uncased
00:24:51 - test has 31 queries ...
00:24:51 - Data reading done ...
00:24:53 - adding 9-th encoder to optimizer...
00:24:53 - adding 10-th encoder to optimizer...
00:24:53 - adding 11-th encoder to optimizer...
00:24:53 - process[5]: training epoch 0 ...
00:25:07 - process[5] - epoch 0 - train iter 432 - 28586.0 words/s - loss: 0.6900
00:25:07 - process[5]: training epoch 1 ...
00:25:20 - process[5] - epoch 1 - train iter 432 - 28540.0 words/s - loss: 0.6592
00:25:20 - process[5]: training epoch 2 ...
00:25:33 - process[5] - epoch 2 - train iter 432 - 28644.2 words/s - loss: 0.5990
00:25:33 - process[5]: training epoch 3 ...
00:25:46 - process[5] - epoch 3 - train iter 432 - 28698.4 words/s - loss: 0.5332
00:25:46 - process[5]: training epoch 4 ...
00:26:00 - process[5] - epoch 4 - train iter 432 - 28180.3 words/s - loss: 0.5094
00:26:00 - process[5]: training epoch 5 ...
00:26:13 - process[5] - epoch 5 - train iter 432 - 28583.9 words/s - loss: 0.4574
00:26:13 - process[5]: training epoch 6 ...
00:26:26 - process[5] - epoch 6 - train iter 432 - 28218.0 words/s - loss: 0.4354
00:26:26 - process[5]: training epoch 7 ...
00:26:40 - process[5] - epoch 7 - train iter 432 - 28458.7 words/s - loss: 0.4500
00:26:40 - process[5]: training epoch 8 ...
00:26:53 - process[5] - epoch 8 - train iter 432 - 28254.8 words/s - loss: 0.4079
00:26:53 - process[5]: training epoch 9 ...
00:27:06 - process[5] - epoch 9 - train iter 432 - 28251.8 words/s - loss: 0.3857
00:27:06 - process[5]: training epoch 10 ...
00:27:19 - process[5] - epoch 10 - train iter 432 - 28187.1 words/s - loss: 0.3787
00:27:19 - process[5]: evaluating epoch 10 on dev ...
00:27:37 - dev set during evaluation: 11550/11545
00:27:37 - process[5] - dev - epoch 10 - mAP: 0.486 w/ 31 queries
00:27:37 - process[5]: evaluating epoch 10 on test ...
00:27:51 - test set during evaluation: 11320/11315
00:27:51 - process[5] - test - epoch 10 - mAP: 0.545 w/ 31 queries
00:27:51 - process[5]: training epoch 11 ...
00:28:05 - process[5] - epoch 11 - train iter 432 - 28399.5 words/s - loss: 0.3937
00:28:05 - process[5]: evaluating epoch 11 on dev ...
00:28:20 - dev set during evaluation: 11550/11545
00:28:20 - process[5] - dev - epoch 11 - mAP: 0.499 w/ 31 queries
00:28:20 - process[5]: evaluating epoch 11 on test ...
00:28:34 - test set during evaluation: 11320/11315
00:28:34 - process[5] - test - epoch 11 - mAP: 0.547 w/ 31 queries
00:28:34 - process[5]: training epoch 12 ...
00:28:48 - process[5] - epoch 12 - train iter 432 - 27934.4 words/s - loss: 0.3642
00:28:48 - process[5]: evaluating epoch 12 on dev ...
00:29:02 - dev set during evaluation: 11550/11545
00:29:02 - process[5] - dev - epoch 12 - mAP: 0.498 w/ 31 queries
00:29:02 - process[5]: training epoch 13 ...
00:29:16 - process[5] - epoch 13 - train iter 432 - 28792.3 words/s - loss: 0.3733
00:29:16 - process[5]: evaluating epoch 13 on dev ...
00:29:30 - dev set during evaluation: 11550/11545
00:29:30 - process[5] - dev - epoch 13 - mAP: 0.490 w/ 31 queries
00:29:30 - process[5]: training epoch 14 ...
00:29:44 - process[5] - epoch 14 - train iter 432 - 28791.2 words/s - loss: 0.3594
00:29:44 - process[5]: evaluating epoch 14 on dev ...
00:29:58 - dev set during evaluation: 11550/11545
00:29:58 - process[5] - dev - epoch 14 - mAP: 0.495 w/ 31 queries
00:29:58 - process[5]: training epoch 15 ...
00:30:12 - process[5] - epoch 15 - train iter 432 - 28196.8 words/s - loss: 0.3642
00:30:12 - process[5]: evaluating epoch 15 on dev ...
00:30:26 - dev set during evaluation: 11550/11545
00:30:26 - process[5] - dev - epoch 15 - mAP: 0.506 w/ 31 queries
00:30:26 - process[5]: evaluating epoch 15 on test ...
00:30:41 - test set during evaluation: 11320/11315
00:30:41 - process[5] - test - epoch 15 - mAP: 0.530 w/ 31 queries
00:30:41 - process[5]: training epoch 16 ...
00:30:54 - process[5] - epoch 16 - train iter 432 - 28272.0 words/s - loss: 0.3507
00:30:54 - process[5]: evaluating epoch 16 on dev ...
00:31:09 - dev set during evaluation: 11550/11545
00:31:09 - process[5] - dev - epoch 16 - mAP: 0.505 w/ 31 queries
00:31:09 - process[5]: training epoch 17 ...
00:31:23 - process[5] - epoch 17 - train iter 432 - 28696.9 words/s - loss: 0.3491
00:31:23 - process[5]: evaluating epoch 17 on dev ...
00:31:37 - dev set during evaluation: 11550/11545
00:31:37 - process[5] - dev - epoch 17 - mAP: 0.474 w/ 31 queries
00:31:37 - process[5]: training epoch 18 ...
00:31:51 - process[5] - epoch 18 - train iter 432 - 28662.4 words/s - loss: 0.3433
00:31:51 - process[5]: evaluating epoch 18 on dev ...
00:32:06 - dev set during evaluation: 11550/11545
00:32:06 - process[5] - dev - epoch 18 - mAP: 0.484 w/ 31 queries
00:32:06 - process[5]: training epoch 19 ...
00:32:19 - process[5] - epoch 19 - train iter 432 - 28362.1 words/s - loss: 0.3615
00:32:19 - process[5]: evaluating epoch 19 on dev ...
00:32:33 - dev set during evaluation: 11550/11545
00:32:33 - process[5] - dev - epoch 19 - mAP: 0.496 w/ 31 queries
00:32:34 - [fold 4] best test MAP: 0.530 @ epoch 15
00:32:34 - Evaluating every 1 epochs ...
00:32:34 - reading data from /mnt/home/puxuan/CLIR-project/Evaluation_data/process-clef/uncased
00:32:35 - test has 31 queries ...
00:32:35 - Data reading done ...
00:32:37 - adding 9-th encoder to optimizer...
00:32:37 - adding 10-th encoder to optimizer...
00:32:37 - adding 11-th encoder to optimizer...
00:32:37 - process[5]: training epoch 0 ...
00:32:51 - process[5] - epoch 0 - train iter 437 - 27625.1 words/s - loss: 0.6864
00:32:51 - process[5]: training epoch 1 ...
00:33:05 - process[5] - epoch 1 - train iter 437 - 28108.9 words/s - loss: 0.5796
00:33:05 - process[5]: training epoch 2 ...
00:33:18 - process[5] - epoch 2 - train iter 437 - 28023.2 words/s - loss: 0.5541
00:33:18 - process[5]: training epoch 3 ...
00:33:32 - process[5] - epoch 3 - train iter 437 - 28206.3 words/s - loss: 0.4901
00:33:32 - process[5]: training epoch 4 ...
00:33:46 - process[5] - epoch 4 - train iter 437 - 28011.9 words/s - loss: 0.4941
00:33:46 - process[5]: training epoch 5 ...
00:33:59 - process[5] - epoch 5 - train iter 437 - 28130.2 words/s - loss: 0.4598
00:33:59 - process[5]: training epoch 6 ...
00:34:13 - process[5] - epoch 6 - train iter 437 - 28130.2 words/s - loss: 0.4237
00:34:13 - process[5]: training epoch 7 ...
00:34:27 - process[5] - epoch 7 - train iter 437 - 28464.8 words/s - loss: 0.4614
00:34:27 - process[5]: training epoch 8 ...
00:34:40 - process[5] - epoch 8 - train iter 437 - 28095.0 words/s - loss: 0.4777
00:34:40 - process[5]: training epoch 9 ...
00:34:54 - process[5] - epoch 9 - train iter 437 - 27908.1 words/s - loss: 0.4053
00:34:54 - process[5]: training epoch 10 ...
00:35:08 - process[5] - epoch 10 - train iter 437 - 28478.6 words/s - loss: 0.4185
00:35:08 - process[5]: evaluating epoch 10 on dev ...
00:35:23 - dev set during evaluation: 11320/11315
00:35:23 - process[5] - dev - epoch 10 - mAP: 0.542 w/ 31 queries
00:35:23 - process[5]: evaluating epoch 10 on test ...
00:35:37 - process[5] - test - epoch 10 - mAP: 0.436 w/ 31 queries
00:35:37 - process[5]: training epoch 11 ...
00:35:51 - process[5] - epoch 11 - train iter 437 - 27921.4 words/s - loss: 0.4123
00:35:51 - process[5]: evaluating epoch 11 on dev ...
00:36:05 - dev set during evaluation: 11320/11315
00:36:05 - process[5] - dev - epoch 11 - mAP: 0.542 w/ 31 queries
00:36:05 - process[5]: training epoch 12 ...
00:36:19 - process[5] - epoch 12 - train iter 437 - 28559.1 words/s - loss: 0.3893
00:36:19 - process[5]: evaluating epoch 12 on dev ...
00:36:33 - dev set during evaluation: 11320/11315
00:36:33 - process[5] - dev - epoch 12 - mAP: 0.535 w/ 31 queries
00:36:33 - process[5]: training epoch 13 ...
00:36:47 - process[5] - epoch 13 - train iter 437 - 27962.7 words/s - loss: 0.3747
00:36:47 - process[5]: evaluating epoch 13 on dev ...
00:37:01 - dev set during evaluation: 11320/11315
00:37:01 - process[5] - dev - epoch 13 - mAP: 0.537 w/ 31 queries
00:37:01 - process[5]: training epoch 14 ...
00:37:15 - process[5] - epoch 14 - train iter 437 - 28326.1 words/s - loss: 0.3574
00:37:15 - process[5]: evaluating epoch 14 on dev ...
00:37:29 - dev set during evaluation: 11320/11315
00:37:29 - process[5] - dev - epoch 14 - mAP: 0.538 w/ 31 queries
00:37:29 - process[5]: training epoch 15 ...
00:37:43 - process[5] - epoch 15 - train iter 437 - 28612.8 words/s - loss: 0.3643
00:37:43 - process[5]: evaluating epoch 15 on dev ...
00:37:57 - dev set during evaluation: 11320/11315
00:37:57 - process[5] - dev - epoch 15 - mAP: 0.531 w/ 31 queries
00:37:57 - process[5]: training epoch 16 ...
00:38:11 - process[5] - epoch 16 - train iter 437 - 28210.3 words/s - loss: 0.3844
00:38:11 - process[5]: evaluating epoch 16 on dev ...
00:38:25 - dev set during evaluation: 11320/11315
00:38:25 - process[5] - dev - epoch 16 - mAP: 0.539 w/ 31 queries
00:38:25 - process[5]: training epoch 17 ...
00:38:39 - process[5] - epoch 17 - train iter 437 - 28677.7 words/s - loss: 0.3409
00:38:39 - process[5]: evaluating epoch 17 on dev ...
00:38:53 - dev set during evaluation: 11320/11315
00:38:53 - process[5] - dev - epoch 17 - mAP: 0.523 w/ 31 queries
00:38:53 - process[5]: training epoch 18 ...
00:39:07 - process[5] - epoch 18 - train iter 437 - 27935.0 words/s - loss: 0.3136
00:39:07 - process[5]: evaluating epoch 18 on dev ...
00:39:22 - dev set during evaluation: 11320/11315
00:39:22 - process[5] - dev - epoch 18 - mAP: 0.539 w/ 31 queries
00:39:22 - process[5]: training epoch 19 ...
00:39:35 - process[5] - epoch 19 - train iter 437 - 28222.6 words/s - loss: 0.3182
00:39:35 - process[5]: evaluating epoch 19 on dev ...
00:39:50 - dev set during evaluation: 11320/11315
00:39:50 - process[5] - dev - epoch 19 - mAP: 0.529 w/ 31 queries
00:39:50 - [fold 5] best test MAP: 0.436 @ epoch 10
00:39:50 - [0.4536721022026194, 0.49880758387025254, 0.4702875834783603, 0.530125591492683, 0.4359399052491684]
00:39:50 - [31, 32, 31, 31, 31]
00:39:50 - final MAP: 0.478
