00:00:02 - Namespace(apex_level='O2', batch_size=8, cased=False, dataset='mix', debug=False, encoder_lr=2e-05, eval_step=1, full_doc_length=True, local_rank=2, model_path='bert-base-multilingual-uncased', model_type='mbert', num_epochs=10, num_ft_encoders=3, num_neg=1, projector_lr=2e-05, seed=611, source_lang='de', target_lang='es')
00:00:11 - Evaluating every 1 epochs ...
00:00:12 - reading data from /mnt/home/puxuan/wiki-clir/uncased and /mnt/home/puxuan/CLIR-project/Evaluation_data/process-clef/uncased
00:00:12 - f1 has 78 queries ...
00:00:12 - f2 has 78 queries ...
00:00:12 - Data reading done ...
00:00:17 - adding 9-th encoder to optimizer...
00:00:17 - adding 10-th encoder to optimizer...
00:00:17 - adding 11-th encoder to optimizer...
00:00:17 - process[2]: training epoch 0 ...
00:01:55 - process[2] - epoch 0 - train iter 625 - 4302.8 words/s - loss: 0.5393
00:01:55 - process[2]: training epoch 1 ...
00:03:36 - process[2] - epoch 1 - train iter 625 - 4111.9 words/s - loss: 0.3102
00:03:36 - process[2]: training epoch 2 ...
00:05:17 - process[2] - epoch 2 - train iter 625 - 4183.4 words/s - loss: 0.2507
00:05:17 - process[2]: training epoch 3 ...
00:06:57 - process[2] - epoch 3 - train iter 625 - 4221.0 words/s - loss: 0.2483
00:06:57 - process[2]: training epoch 4 ...
00:08:29 - process[2] - epoch 4 - train iter 625 - 4430.1 words/s - loss: 0.2161
00:08:29 - process[2]: training epoch 5 ...
00:09:55 - process[2] - epoch 5 - train iter 625 - 4881.2 words/s - loss: 0.2098
00:09:55 - process[2]: evaluating epoch 5 on f1 ...
00:11:04 - process[2] - f1 - epoch 5 - mAP: 0.390 w/ 78 queries
00:11:04 - process[2]: evaluating epoch 5 on f2 ...
00:11:41 - f2 set during evaluation: 29536/29534
00:11:41 - process[2] - f2 - epoch 5 - mAP: 0.431 w/ 78 queries
00:11:41 - process[2]: training epoch 6 ...
00:13:11 - process[2] - epoch 6 - train iter 625 - 4569.5 words/s - loss: 0.2218
00:13:11 - process[2]: evaluating epoch 6 on f1 ...
00:13:58 - process[2] - f1 - epoch 6 - mAP: 0.375 w/ 78 queries
00:13:58 - process[2]: evaluating epoch 6 on f2 ...
00:14:35 - f2 set during evaluation: 29536/29534
00:14:35 - process[2] - f2 - epoch 6 - mAP: 0.427 w/ 78 queries
00:14:35 - process[2]: training epoch 7 ...
00:16:11 - process[2] - epoch 7 - train iter 625 - 4313.7 words/s - loss: 0.2219
00:16:11 - process[2]: evaluating epoch 7 on f1 ...
00:16:56 - process[2] - f1 - epoch 7 - mAP: 0.375 w/ 78 queries
00:16:56 - process[2]: evaluating epoch 7 on f2 ...
00:17:33 - f2 set during evaluation: 29536/29534
00:17:33 - process[2] - f2 - epoch 7 - mAP: 0.436 w/ 78 queries
00:17:33 - process[2]: training epoch 8 ...
00:19:01 - process[2] - epoch 8 - train iter 625 - 4641.6 words/s - loss: 0.1874
00:19:01 - process[2]: evaluating epoch 8 on f1 ...
00:19:56 - process[2] - f1 - epoch 8 - mAP: 0.359 w/ 78 queries
00:19:56 - process[2]: evaluating epoch 8 on f2 ...
00:20:33 - f2 set during evaluation: 29536/29534
00:20:33 - process[2] - f2 - epoch 8 - mAP: 0.431 w/ 78 queries
00:20:33 - process[2]: training epoch 9 ...
00:22:07 - process[2] - epoch 9 - train iter 625 - 4419.2 words/s - loss: 0.1659
00:22:07 - process[2]: evaluating epoch 9 on f1 ...
00:22:44 - process[2] - f1 - epoch 9 - mAP: 0.350 w/ 78 queries
00:22:44 - process[2]: evaluating epoch 9 on f2 ...
00:23:21 - f2 set during evaluation: 29536/29534
00:23:21 - process[2] - f2 - epoch 9 - mAP: 0.422 w/ 78 queries
