00:00:02 - Namespace(apex_level='O2', batch_size=8, cased=False, dataset='mix', debug=False, encoder_lr=2e-05, eval_step=1, full_doc_length=True, local_rank=7, model_path='bert-base-multilingual-uncased', model_type='mbert', num_epochs=10, num_ft_encoders=3, num_neg=1, projector_lr=2e-05, seed=611, source_lang='de', target_lang='es')
00:00:11 - Evaluating every 1 epochs ...
00:00:13 - reading data from /mnt/home/puxuan/wiki-clir/uncased and /mnt/home/puxuan/CLIR-project/Evaluation_data/process-clef/uncased
00:00:13 - f1 has 78 queries ...
00:00:13 - f2 has 78 queries ...
00:00:13 - Data reading done ...
00:00:17 - adding 9-th encoder to optimizer...
00:00:17 - adding 10-th encoder to optimizer...
00:00:17 - adding 11-th encoder to optimizer...
00:00:17 - process[7]: training epoch 0 ...
00:02:08 - process[7] - epoch 0 - train iter 625 - 3715.9 words/s - loss: 0.5190
00:02:08 - process[7]: training epoch 1 ...
00:03:46 - process[7] - epoch 1 - train iter 625 - 4091.4 words/s - loss: 0.3239
00:03:46 - process[7]: training epoch 2 ...
00:05:30 - process[7] - epoch 2 - train iter 625 - 4054.6 words/s - loss: 0.2640
00:05:30 - process[7]: training epoch 3 ...
00:07:13 - process[7] - epoch 3 - train iter 625 - 4022.8 words/s - loss: 0.2318
00:07:13 - process[7]: training epoch 4 ...
00:09:02 - process[7] - epoch 4 - train iter 625 - 3933.9 words/s - loss: 0.2473
00:09:02 - process[7]: training epoch 5 ...
00:10:30 - process[7] - epoch 5 - train iter 625 - 4698.1 words/s - loss: 0.2415
00:10:30 - process[7]: evaluating epoch 5 on f1 ...
00:11:04 - process[7] - f1 - epoch 5 - mAP: 0.390 w/ 78 queries
00:11:04 - process[7]: evaluating epoch 5 on f2 ...
00:11:41 - f2 set during evaluation: 29536/29534
00:11:41 - process[7] - f2 - epoch 5 - mAP: 0.431 w/ 78 queries
00:11:41 - process[7]: training epoch 6 ...
00:13:09 - process[7] - epoch 6 - train iter 625 - 4599.6 words/s - loss: 0.2222
00:13:09 - process[7]: evaluating epoch 6 on f1 ...
00:13:58 - process[7] - f1 - epoch 6 - mAP: 0.375 w/ 78 queries
00:13:58 - process[7]: evaluating epoch 6 on f2 ...
00:14:35 - f2 set during evaluation: 29536/29534
00:14:35 - process[7] - f2 - epoch 6 - mAP: 0.427 w/ 78 queries
00:14:35 - process[7]: training epoch 7 ...
00:15:56 - process[7] - epoch 7 - train iter 625 - 5120.1 words/s - loss: 0.2125
00:15:56 - process[7]: evaluating epoch 7 on f1 ...
00:16:56 - process[7] - f1 - epoch 7 - mAP: 0.375 w/ 78 queries
00:16:56 - process[7]: evaluating epoch 7 on f2 ...
00:17:33 - f2 set during evaluation: 29536/29534
00:17:33 - process[7] - f2 - epoch 7 - mAP: 0.436 w/ 78 queries
00:17:33 - process[7]: training epoch 8 ...
00:19:13 - process[7] - epoch 8 - train iter 625 - 4229.1 words/s - loss: 0.1861
00:19:13 - process[7]: evaluating epoch 8 on f1 ...
00:19:56 - process[7] - f1 - epoch 8 - mAP: 0.359 w/ 78 queries
00:19:56 - process[7]: evaluating epoch 8 on f2 ...
00:20:33 - f2 set during evaluation: 29536/29534
00:20:33 - process[7] - f2 - epoch 8 - mAP: 0.431 w/ 78 queries
00:20:33 - process[7]: training epoch 9 ...
00:22:04 - process[7] - epoch 9 - train iter 625 - 4551.0 words/s - loss: 0.1604
00:22:04 - process[7]: evaluating epoch 9 on f1 ...
00:22:44 - process[7] - f1 - epoch 9 - mAP: 0.350 w/ 78 queries
00:22:44 - process[7]: evaluating epoch 9 on f2 ...
00:23:21 - f2 set during evaluation: 29536/29534
00:23:21 - process[7] - f2 - epoch 9 - mAP: 0.422 w/ 78 queries
