00:00:05 - Namespace(apex_level='O2', batch_size=8, cased=False, dataset='clef', debug=False, encoder_lr=2e-05, eval_step=1, full_doc_length=True, local_rank=1, model_path='/mnt/scratch/puxuan/short_qlm_0.15/2186792/huggingface-14', model_type='mbert', num_epochs=20, num_ft_encoders=3, num_neg=1, projector_lr=2e-05, seed=611, source_lang='de', target_lang='en')
00:00:14 - Evaluating every 1 epochs ...
00:00:14 - reading data from /mnt/home/puxuan/CLIR-project/Evaluation_data/process-clef/uncased
00:00:15 - test has 35 queries ...
00:00:15 - Data reading done ...
00:00:22 - adding 9-th encoder to optimizer...
00:00:22 - adding 10-th encoder to optimizer...
00:00:22 - adding 11-th encoder to optimizer...
00:00:22 - process[1]: training epoch 0 ...
00:00:34 - process[1] - epoch 0 - train iter 197 - 15143.7 words/s - loss: 0.6851
00:00:34 - process[1]: training epoch 1 ...
00:00:46 - process[1] - epoch 1 - train iter 197 - 16232.6 words/s - loss: 0.5902
00:00:46 - process[1]: training epoch 2 ...
00:00:57 - process[1] - epoch 2 - train iter 197 - 15553.7 words/s - loss: 0.5559
00:00:57 - process[1]: training epoch 3 ...
00:01:08 - process[1] - epoch 3 - train iter 197 - 16849.6 words/s - loss: 0.5289
00:01:08 - process[1]: training epoch 4 ...
00:01:19 - process[1] - epoch 4 - train iter 197 - 15999.4 words/s - loss: 0.4798
00:01:19 - process[1]: training epoch 5 ...
00:01:30 - process[1] - epoch 5 - train iter 197 - 17552.8 words/s - loss: 0.5087
00:01:30 - process[1]: training epoch 6 ...
00:01:42 - process[1] - epoch 6 - train iter 197 - 14565.7 words/s - loss: 0.5180
00:01:42 - process[1]: training epoch 7 ...
00:01:53 - process[1] - epoch 7 - train iter 197 - 16081.7 words/s - loss: 0.4574
00:01:53 - process[1]: training epoch 8 ...
00:02:05 - process[1] - epoch 8 - train iter 197 - 15407.1 words/s - loss: 0.4257
00:02:05 - process[1]: training epoch 9 ...
00:02:16 - process[1] - epoch 9 - train iter 197 - 15890.1 words/s - loss: 0.4619
00:02:16 - process[1]: training epoch 10 ...
00:02:28 - process[1] - epoch 10 - train iter 197 - 15160.7 words/s - loss: 0.4213
00:02:28 - process[1]: evaluating epoch 10 on dev ...
00:03:13 - dev set during evaluation: 14160/14157
00:03:13 - process[1] - dev - epoch 10 - mAP: 0.449 w/ 35 queries
00:03:13 - process[1]: evaluating epoch 10 on test ...
00:03:54 - test set during evaluation: 14980/14975
00:03:54 - process[1] - test - epoch 10 - mAP: 0.433 w/ 35 queries
00:03:54 - process[1]: training epoch 11 ...
00:04:06 - process[1] - epoch 11 - train iter 197 - 15320.6 words/s - loss: 0.4427
00:04:06 - process[1]: evaluating epoch 11 on dev ...
00:04:50 - dev set during evaluation: 14160/14157
00:04:50 - process[1] - dev - epoch 11 - mAP: 0.451 w/ 35 queries
00:04:50 - process[1]: evaluating epoch 11 on test ...
00:05:32 - test set during evaluation: 14980/14975
00:05:32 - process[1] - test - epoch 11 - mAP: 0.399 w/ 35 queries
00:05:32 - process[1]: training epoch 12 ...
00:05:41 - process[1] - epoch 12 - train iter 197 - 18280.9 words/s - loss: 0.4171
00:05:41 - process[1]: evaluating epoch 12 on dev ...
00:06:26 - dev set during evaluation: 14160/14157
00:06:26 - process[1] - dev - epoch 12 - mAP: 0.414 w/ 35 queries
00:06:26 - process[1]: training epoch 13 ...
00:06:37 - process[1] - epoch 13 - train iter 197 - 15189.2 words/s - loss: 0.3724
00:06:37 - process[1]: evaluating epoch 13 on dev ...
00:07:22 - dev set during evaluation: 14160/14157
00:07:22 - process[1] - dev - epoch 13 - mAP: 0.470 w/ 35 queries
00:07:22 - process[1]: evaluating epoch 13 on test ...
00:08:03 - test set during evaluation: 14980/14975
00:08:03 - process[1] - test - epoch 13 - mAP: 0.411 w/ 35 queries
00:08:03 - process[1]: training epoch 14 ...
00:08:14 - process[1] - epoch 14 - train iter 197 - 16740.5 words/s - loss: 0.4329
00:08:14 - process[1]: evaluating epoch 14 on dev ...
00:08:58 - dev set during evaluation: 14160/14157
00:08:59 - process[1] - dev - epoch 14 - mAP: 0.464 w/ 35 queries
00:08:59 - process[1]: training epoch 15 ...
00:09:09 - process[1] - epoch 15 - train iter 197 - 17268.3 words/s - loss: 0.3641
00:09:09 - process[1]: evaluating epoch 15 on dev ...
00:09:53 - dev set during evaluation: 14160/14157
00:09:53 - process[1] - dev - epoch 15 - mAP: 0.441 w/ 35 queries
00:09:54 - process[1]: training epoch 16 ...
00:10:04 - process[1] - epoch 16 - train iter 197 - 16556.4 words/s - loss: 0.4466
00:10:04 - process[1]: evaluating epoch 16 on dev ...
00:10:49 - dev set during evaluation: 14160/14157
00:10:49 - process[1] - dev - epoch 16 - mAP: 0.466 w/ 35 queries
00:10:49 - process[1]: training epoch 17 ...
00:11:00 - process[1] - epoch 17 - train iter 197 - 16208.2 words/s - loss: 0.4342
00:11:00 - process[1]: evaluating epoch 17 on dev ...
00:11:44 - dev set during evaluation: 14160/14157
00:11:44 - process[1] - dev - epoch 17 - mAP: 0.454 w/ 35 queries
00:11:44 - process[1]: training epoch 18 ...
00:11:54 - process[1] - epoch 18 - train iter 197 - 17557.0 words/s - loss: 0.3726
00:11:54 - process[1]: evaluating epoch 18 on dev ...
00:12:39 - dev set during evaluation: 14160/14157
00:12:39 - process[1] - dev - epoch 18 - mAP: 0.402 w/ 35 queries
00:12:39 - process[1]: training epoch 19 ...
00:12:51 - process[1] - epoch 19 - train iter 197 - 15321.4 words/s - loss: 0.4092
00:12:51 - process[1]: evaluating epoch 19 on dev ...
00:13:35 - dev set during evaluation: 14160/14157
00:13:35 - process[1] - dev - epoch 19 - mAP: 0.443 w/ 35 queries
00:13:35 - [fold 1] best test MAP: 0.411 @ epoch 13
00:13:35 - Evaluating every 1 epochs ...
00:13:35 - reading data from /mnt/home/puxuan/CLIR-project/Evaluation_data/process-clef/uncased
00:13:36 - test has 36 queries ...
00:13:36 - Data reading done ...
00:13:38 - adding 9-th encoder to optimizer...
00:13:38 - adding 10-th encoder to optimizer...
00:13:38 - adding 11-th encoder to optimizer...
00:13:38 - process[1]: training epoch 0 ...
00:13:48 - process[1] - epoch 0 - train iter 187 - 17984.6 words/s - loss: 0.6822
00:13:48 - process[1]: training epoch 1 ...
00:13:59 - process[1] - epoch 1 - train iter 187 - 15107.5 words/s - loss: 0.6018
00:13:59 - process[1]: training epoch 2 ...
00:14:09 - process[1] - epoch 2 - train iter 187 - 17327.9 words/s - loss: 0.5376
00:14:09 - process[1]: training epoch 3 ...
00:14:20 - process[1] - epoch 3 - train iter 187 - 15101.8 words/s - loss: 0.5507
00:14:20 - process[1]: training epoch 4 ...
00:14:30 - process[1] - epoch 4 - train iter 187 - 17907.3 words/s - loss: 0.5049
00:14:30 - process[1]: training epoch 5 ...
00:14:40 - process[1] - epoch 5 - train iter 187 - 16065.1 words/s - loss: 0.5058
00:14:40 - process[1]: training epoch 6 ...
00:14:50 - process[1] - epoch 6 - train iter 187 - 17588.5 words/s - loss: 0.4700
00:14:50 - process[1]: training epoch 7 ...
00:15:00 - process[1] - epoch 7 - train iter 187 - 17784.7 words/s - loss: 0.4565
00:15:00 - process[1]: training epoch 8 ...
00:15:10 - process[1] - epoch 8 - train iter 187 - 17030.4 words/s - loss: 0.4617
00:15:10 - process[1]: training epoch 9 ...
00:15:19 - process[1] - epoch 9 - train iter 187 - 17912.5 words/s - loss: 0.4375
00:15:19 - process[1]: training epoch 10 ...
00:15:30 - process[1] - epoch 10 - train iter 187 - 16688.5 words/s - loss: 0.4856
00:15:30 - process[1]: evaluating epoch 10 on dev ...
00:16:11 - dev set during evaluation: 14980/14975
00:16:11 - process[1] - dev - epoch 10 - mAP: 0.415 w/ 35 queries
00:16:11 - process[1]: evaluating epoch 10 on test ...
00:16:54 - test set during evaluation: 15300/15294
00:16:54 - process[1] - test - epoch 10 - mAP: 0.434 w/ 36 queries
00:16:54 - process[1]: training epoch 11 ...
00:17:04 - process[1] - epoch 11 - train iter 187 - 16425.1 words/s - loss: 0.4052
00:17:04 - process[1]: evaluating epoch 11 on dev ...
00:17:45 - dev set during evaluation: 14980/14975
00:17:45 - process[1] - dev - epoch 11 - mAP: 0.374 w/ 35 queries
00:17:45 - process[1]: training epoch 12 ...
00:17:55 - process[1] - epoch 12 - train iter 187 - 16875.4 words/s - loss: 0.4010
00:17:55 - process[1]: evaluating epoch 12 on dev ...
00:18:36 - dev set during evaluation: 14980/14975
00:18:36 - process[1] - dev - epoch 12 - mAP: 0.382 w/ 35 queries
00:18:36 - process[1]: training epoch 13 ...
00:18:46 - process[1] - epoch 13 - train iter 187 - 16965.0 words/s - loss: 0.4157
00:18:46 - process[1]: evaluating epoch 13 on dev ...
00:19:27 - dev set during evaluation: 14980/14975
00:19:27 - process[1] - dev - epoch 13 - mAP: 0.396 w/ 35 queries
00:19:27 - process[1]: training epoch 14 ...
00:19:37 - process[1] - epoch 14 - train iter 187 - 17711.8 words/s - loss: 0.4396
00:19:37 - process[1]: evaluating epoch 14 on dev ...
00:20:19 - dev set during evaluation: 14980/14975
00:20:19 - process[1] - dev - epoch 14 - mAP: 0.394 w/ 35 queries
00:20:20 - process[1]: training epoch 15 ...
00:20:30 - process[1] - epoch 15 - train iter 187 - 16630.8 words/s - loss: 0.4000
00:20:30 - process[1]: evaluating epoch 15 on dev ...
00:21:10 - dev set during evaluation: 14980/14975
00:21:10 - process[1] - dev - epoch 15 - mAP: 0.417 w/ 35 queries
00:21:10 - process[1]: evaluating epoch 15 on test ...
00:21:53 - test set during evaluation: 15300/15294
00:21:53 - process[1] - test - epoch 15 - mAP: 0.426 w/ 36 queries
00:21:53 - process[1]: training epoch 16 ...
00:22:03 - process[1] - epoch 16 - train iter 187 - 17487.1 words/s - loss: 0.3862
00:22:03 - process[1]: evaluating epoch 16 on dev ...
00:22:44 - dev set during evaluation: 14980/14975
00:22:44 - process[1] - dev - epoch 16 - mAP: 0.409 w/ 35 queries
00:22:44 - process[1]: training epoch 17 ...
00:22:53 - process[1] - epoch 17 - train iter 187 - 18453.9 words/s - loss: 0.4127
00:22:53 - process[1]: evaluating epoch 17 on dev ...
00:23:35 - dev set during evaluation: 14980/14975
00:23:35 - process[1] - dev - epoch 17 - mAP: 0.426 w/ 35 queries
00:23:35 - process[1]: evaluating epoch 17 on test ...
00:24:17 - test set during evaluation: 15300/15294
00:24:17 - process[1] - test - epoch 17 - mAP: 0.458 w/ 36 queries
00:24:17 - process[1]: training epoch 18 ...
00:24:27 - process[1] - epoch 18 - train iter 187 - 16906.2 words/s - loss: 0.3256
00:24:27 - process[1]: evaluating epoch 18 on dev ...
00:25:08 - dev set during evaluation: 14980/14975
00:25:08 - process[1] - dev - epoch 18 - mAP: 0.412 w/ 35 queries
00:25:08 - process[1]: training epoch 19 ...
00:25:18 - process[1] - epoch 19 - train iter 187 - 17097.7 words/s - loss: 0.3546
00:25:18 - process[1]: evaluating epoch 19 on dev ...
00:25:59 - dev set during evaluation: 14980/14975
00:25:59 - process[1] - dev - epoch 19 - mAP: 0.373 w/ 35 queries
00:25:59 - [fold 2] best test MAP: 0.458 @ epoch 17
00:25:59 - Evaluating every 1 epochs ...
00:25:59 - reading data from /mnt/home/puxuan/CLIR-project/Evaluation_data/process-clef/uncased
00:26:00 - test has 35 queries ...
00:26:00 - Data reading done ...
00:26:02 - adding 9-th encoder to optimizer...
00:26:02 - adding 10-th encoder to optimizer...
00:26:02 - adding 11-th encoder to optimizer...
00:26:02 - process[1]: training epoch 0 ...
00:26:13 - process[1] - epoch 0 - train iter 196 - 16939.2 words/s - loss: 0.6828
00:26:13 - process[1]: training epoch 1 ...
00:26:23 - process[1] - epoch 1 - train iter 196 - 16492.9 words/s - loss: 0.5927
00:26:23 - process[1]: training epoch 2 ...
00:26:33 - process[1] - epoch 2 - train iter 196 - 17896.4 words/s - loss: 0.5155
00:26:33 - process[1]: training epoch 3 ...
00:26:44 - process[1] - epoch 3 - train iter 196 - 17041.2 words/s - loss: 0.5221
00:26:44 - process[1]: training epoch 4 ...
00:26:55 - process[1] - epoch 4 - train iter 196 - 16072.1 words/s - loss: 0.5319
00:26:55 - process[1]: training epoch 5 ...
00:27:05 - process[1] - epoch 5 - train iter 196 - 17922.2 words/s - loss: 0.4847
00:27:05 - process[1]: training epoch 6 ...
00:27:16 - process[1] - epoch 6 - train iter 196 - 17418.1 words/s - loss: 0.4796
00:27:16 - process[1]: training epoch 7 ...
00:27:27 - process[1] - epoch 7 - train iter 196 - 15232.2 words/s - loss: 0.4781
00:27:27 - process[1]: training epoch 8 ...
00:27:40 - process[1] - epoch 8 - train iter 196 - 14145.0 words/s - loss: 0.4504
00:27:40 - process[1]: training epoch 9 ...
00:27:49 - process[1] - epoch 9 - train iter 196 - 18307.1 words/s - loss: 0.4558
00:27:49 - process[1]: training epoch 10 ...
00:27:59 - process[1] - epoch 10 - train iter 196 - 17555.0 words/s - loss: 0.4423
00:27:59 - process[1]: evaluating epoch 10 on dev ...
00:28:42 - dev set during evaluation: 15300/15294
00:28:42 - process[1] - dev - epoch 10 - mAP: 0.425 w/ 36 queries
00:28:42 - process[1]: evaluating epoch 10 on test ...
00:29:24 - test set during evaluation: 15480/15477
00:29:24 - process[1] - test - epoch 10 - mAP: 0.363 w/ 35 queries
00:29:25 - process[1]: training epoch 11 ...
00:29:35 - process[1] - epoch 11 - train iter 196 - 17258.3 words/s - loss: 0.4310
00:29:35 - process[1]: evaluating epoch 11 on dev ...
00:30:17 - dev set during evaluation: 15300/15294
00:30:17 - process[1] - dev - epoch 11 - mAP: 0.417 w/ 36 queries
00:30:17 - process[1]: training epoch 12 ...
00:30:27 - process[1] - epoch 12 - train iter 196 - 17509.9 words/s - loss: 0.4419
00:30:27 - process[1]: evaluating epoch 12 on dev ...
00:31:10 - dev set during evaluation: 15300/15294
00:31:10 - process[1] - dev - epoch 12 - mAP: 0.435 w/ 36 queries
00:31:10 - process[1]: evaluating epoch 12 on test ...
00:31:52 - test set during evaluation: 15480/15477
00:31:52 - process[1] - test - epoch 12 - mAP: 0.370 w/ 35 queries
00:31:52 - process[1]: training epoch 13 ...
00:32:03 - process[1] - epoch 13 - train iter 196 - 16852.6 words/s - loss: 0.4621
00:32:03 - process[1]: evaluating epoch 13 on dev ...
00:32:46 - dev set during evaluation: 15300/15294
00:32:46 - process[1] - dev - epoch 13 - mAP: 0.428 w/ 36 queries
00:32:46 - process[1]: training epoch 14 ...
00:32:56 - process[1] - epoch 14 - train iter 196 - 17088.2 words/s - loss: 0.4571
00:32:56 - process[1]: evaluating epoch 14 on dev ...
00:33:39 - dev set during evaluation: 15300/15294
00:33:39 - process[1] - dev - epoch 14 - mAP: 0.466 w/ 36 queries
00:33:39 - process[1]: evaluating epoch 14 on test ...
00:34:21 - test set during evaluation: 15480/15477
00:34:21 - process[1] - test - epoch 14 - mAP: 0.386 w/ 35 queries
00:34:21 - process[1]: training epoch 15 ...
00:34:30 - process[1] - epoch 15 - train iter 196 - 18380.8 words/s - loss: 0.4238
00:34:30 - process[1]: evaluating epoch 15 on dev ...
00:35:13 - dev set during evaluation: 15300/15294
00:35:13 - process[1] - dev - epoch 15 - mAP: 0.443 w/ 36 queries
00:35:13 - process[1]: training epoch 16 ...
00:35:22 - process[1] - epoch 16 - train iter 196 - 18744.0 words/s - loss: 0.4338
00:35:22 - process[1]: evaluating epoch 16 on dev ...
00:36:05 - dev set during evaluation: 15300/15294
00:36:05 - process[1] - dev - epoch 16 - mAP: 0.432 w/ 36 queries
00:36:05 - process[1]: training epoch 17 ...
00:36:16 - process[1] - epoch 17 - train iter 196 - 17393.9 words/s - loss: 0.4391
00:36:16 - process[1]: evaluating epoch 17 on dev ...
00:36:58 - dev set during evaluation: 15300/15294
00:36:58 - process[1] - dev - epoch 17 - mAP: 0.439 w/ 36 queries
00:36:58 - process[1]: training epoch 18 ...
00:37:09 - process[1] - epoch 18 - train iter 196 - 16860.7 words/s - loss: 0.4023
00:37:09 - process[1]: evaluating epoch 18 on dev ...
00:37:51 - dev set during evaluation: 15300/15294
00:37:51 - process[1] - dev - epoch 18 - mAP: 0.419 w/ 36 queries
00:37:51 - process[1]: training epoch 19 ...
00:38:02 - process[1] - epoch 19 - train iter 196 - 16837.8 words/s - loss: 0.3390
00:38:02 - process[1]: evaluating epoch 19 on dev ...
00:38:45 - dev set during evaluation: 15300/15294
00:38:45 - process[1] - dev - epoch 19 - mAP: 0.448 w/ 36 queries
00:38:45 - [fold 3] best test MAP: 0.386 @ epoch 14
00:38:45 - Evaluating every 1 epochs ...
00:38:45 - reading data from /mnt/home/puxuan/CLIR-project/Evaluation_data/process-clef/uncased
00:38:45 - test has 35 queries ...
00:38:45 - Data reading done ...
00:38:47 - adding 9-th encoder to optimizer...
00:38:47 - adding 10-th encoder to optimizer...
00:38:47 - adding 11-th encoder to optimizer...
00:38:48 - process[1]: training epoch 0 ...
00:38:59 - process[1] - epoch 0 - train iter 207 - 15969.5 words/s - loss: 0.6759
00:38:59 - process[1]: training epoch 1 ...
00:39:10 - process[1] - epoch 1 - train iter 207 - 16409.1 words/s - loss: 0.5694
00:39:10 - process[1]: training epoch 2 ...
00:39:22 - process[1] - epoch 2 - train iter 207 - 16312.0 words/s - loss: 0.5147
00:39:22 - process[1]: training epoch 3 ...
00:39:35 - process[1] - epoch 3 - train iter 207 - 14246.0 words/s - loss: 0.4931
00:39:35 - process[1]: training epoch 4 ...
00:39:46 - process[1] - epoch 4 - train iter 207 - 17425.9 words/s - loss: 0.4752
00:39:46 - process[1]: training epoch 5 ...
00:39:57 - process[1] - epoch 5 - train iter 207 - 16410.3 words/s - loss: 0.3909
00:39:57 - process[1]: training epoch 6 ...
00:40:09 - process[1] - epoch 6 - train iter 207 - 15802.6 words/s - loss: 0.4431
00:40:09 - process[1]: training epoch 7 ...
00:40:20 - process[1] - epoch 7 - train iter 207 - 17543.9 words/s - loss: 0.4227
00:40:20 - process[1]: training epoch 8 ...
00:40:31 - process[1] - epoch 8 - train iter 207 - 16739.7 words/s - loss: 0.4113
00:40:31 - process[1]: training epoch 9 ...
00:40:43 - process[1] - epoch 9 - train iter 207 - 15350.1 words/s - loss: 0.3768
00:40:43 - process[1]: training epoch 10 ...
00:40:54 - process[1] - epoch 10 - train iter 207 - 16402.0 words/s - loss: 0.4258
00:40:54 - process[1]: evaluating epoch 10 on dev ...
00:41:35 - dev set during evaluation: 15480/15477
00:41:35 - process[1] - dev - epoch 10 - mAP: 0.398 w/ 35 queries
00:41:35 - process[1]: evaluating epoch 10 on test ...
00:42:17 - test set during evaluation: 14470/14463
00:42:17 - process[1] - test - epoch 10 - mAP: 0.353 w/ 35 queries
00:42:17 - process[1]: training epoch 11 ...
00:42:29 - process[1] - epoch 11 - train iter 207 - 16400.8 words/s - loss: 0.4361
00:42:29 - process[1]: evaluating epoch 11 on dev ...
00:43:10 - dev set during evaluation: 15480/15477
00:43:10 - process[1] - dev - epoch 11 - mAP: 0.365 w/ 35 queries
00:43:10 - process[1]: training epoch 12 ...
00:43:22 - process[1] - epoch 12 - train iter 207 - 16542.7 words/s - loss: 0.3662
00:43:22 - process[1]: evaluating epoch 12 on dev ...
00:44:04 - dev set during evaluation: 15480/15477
00:44:04 - process[1] - dev - epoch 12 - mAP: 0.386 w/ 35 queries
00:44:04 - process[1]: training epoch 13 ...
00:44:16 - process[1] - epoch 13 - train iter 207 - 16232.3 words/s - loss: 0.4555
00:44:16 - process[1]: evaluating epoch 13 on dev ...
00:44:57 - dev set during evaluation: 15480/15477
00:44:57 - process[1] - dev - epoch 13 - mAP: 0.375 w/ 35 queries
00:44:57 - process[1]: training epoch 14 ...
00:45:08 - process[1] - epoch 14 - train iter 207 - 16904.1 words/s - loss: 0.4104
00:45:08 - process[1]: evaluating epoch 14 on dev ...
00:45:51 - dev set during evaluation: 15480/15477
00:45:51 - process[1] - dev - epoch 14 - mAP: 0.432 w/ 35 queries
00:45:51 - process[1]: evaluating epoch 14 on test ...
00:46:34 - test set during evaluation: 14470/14463
00:46:34 - process[1] - test - epoch 14 - mAP: 0.327 w/ 35 queries
00:46:34 - process[1]: training epoch 15 ...
00:46:45 - process[1] - epoch 15 - train iter 207 - 16836.9 words/s - loss: 0.3656
00:46:45 - process[1]: evaluating epoch 15 on dev ...
00:47:26 - dev set during evaluation: 15480/15477
00:47:26 - process[1] - dev - epoch 15 - mAP: 0.409 w/ 35 queries
00:47:26 - process[1]: training epoch 16 ...
00:47:37 - process[1] - epoch 16 - train iter 207 - 16287.3 words/s - loss: 0.3622
00:47:37 - process[1]: evaluating epoch 16 on dev ...
00:48:19 - dev set during evaluation: 15480/15477
00:48:19 - process[1] - dev - epoch 16 - mAP: 0.408 w/ 35 queries
00:48:19 - process[1]: training epoch 17 ...
00:48:31 - process[1] - epoch 17 - train iter 207 - 16020.6 words/s - loss: 0.3932
00:48:31 - process[1]: evaluating epoch 17 on dev ...
00:49:14 - dev set during evaluation: 15480/15477
00:49:14 - process[1] - dev - epoch 17 - mAP: 0.408 w/ 35 queries
00:49:14 - process[1]: training epoch 18 ...
00:49:25 - process[1] - epoch 18 - train iter 207 - 17095.5 words/s - loss: 0.3466
00:49:25 - process[1]: evaluating epoch 18 on dev ...
00:50:07 - dev set during evaluation: 15480/15477
00:50:07 - process[1] - dev - epoch 18 - mAP: 0.387 w/ 35 queries
00:50:07 - process[1]: training epoch 19 ...
00:50:17 - process[1] - epoch 19 - train iter 207 - 17944.4 words/s - loss: 0.3419
00:50:17 - process[1]: evaluating epoch 19 on dev ...
00:51:00 - dev set during evaluation: 15480/15477
00:51:00 - process[1] - dev - epoch 19 - mAP: 0.407 w/ 35 queries
00:51:00 - [fold 4] best test MAP: 0.327 @ epoch 14
00:51:00 - Evaluating every 1 epochs ...
00:51:00 - reading data from /mnt/home/puxuan/CLIR-project/Evaluation_data/process-clef/uncased
00:51:01 - test has 35 queries ...
00:51:01 - Data reading done ...
00:51:02 - adding 9-th encoder to optimizer...
00:51:02 - adding 10-th encoder to optimizer...
00:51:02 - adding 11-th encoder to optimizer...
00:51:03 - process[1]: training epoch 0 ...
00:51:13 - process[1] - epoch 0 - train iter 195 - 17051.6 words/s - loss: 0.6804
00:51:13 - process[1]: training epoch 1 ...
00:51:23 - process[1] - epoch 1 - train iter 195 - 17664.4 words/s - loss: 0.5842
00:51:23 - process[1]: training epoch 2 ...
00:51:34 - process[1] - epoch 2 - train iter 195 - 15670.3 words/s - loss: 0.5131
00:51:34 - process[1]: training epoch 3 ...
00:51:45 - process[1] - epoch 3 - train iter 195 - 16476.7 words/s - loss: 0.4833
00:51:45 - process[1]: training epoch 4 ...
00:51:56 - process[1] - epoch 4 - train iter 195 - 14789.8 words/s - loss: 0.4373
00:51:56 - process[1]: training epoch 5 ...
00:52:08 - process[1] - epoch 5 - train iter 195 - 15202.1 words/s - loss: 0.5009
00:52:08 - process[1]: training epoch 6 ...
00:52:20 - process[1] - epoch 6 - train iter 195 - 15360.0 words/s - loss: 0.3732
00:52:20 - process[1]: training epoch 7 ...
00:52:30 - process[1] - epoch 7 - train iter 195 - 16105.1 words/s - loss: 0.4653
00:52:30 - process[1]: training epoch 8 ...
00:52:42 - process[1] - epoch 8 - train iter 195 - 15388.6 words/s - loss: 0.4478
00:52:42 - process[1]: training epoch 9 ...
00:52:54 - process[1] - epoch 9 - train iter 195 - 14536.9 words/s - loss: 0.3350
00:52:54 - process[1]: training epoch 10 ...
00:53:05 - process[1] - epoch 10 - train iter 195 - 15836.2 words/s - loss: 0.3617
00:53:05 - process[1]: evaluating epoch 10 on dev ...
00:53:46 - dev set during evaluation: 14470/14463
00:53:46 - process[1] - dev - epoch 10 - mAP: 0.327 w/ 35 queries
00:53:46 - process[1]: evaluating epoch 10 on test ...
00:54:31 - test set during evaluation: 14160/14157
00:54:31 - process[1] - test - epoch 10 - mAP: 0.435 w/ 35 queries
00:54:31 - process[1]: training epoch 11 ...
00:54:43 - process[1] - epoch 11 - train iter 195 - 14605.0 words/s - loss: 0.3444
00:54:43 - process[1]: evaluating epoch 11 on dev ...
00:55:26 - dev set during evaluation: 14470/14463
00:55:26 - process[1] - dev - epoch 11 - mAP: 0.355 w/ 35 queries
00:55:26 - process[1]: evaluating epoch 11 on test ...
00:56:11 - test set during evaluation: 14160/14157
00:56:11 - process[1] - test - epoch 11 - mAP: 0.451 w/ 35 queries
00:56:11 - process[1]: training epoch 12 ...
00:56:22 - process[1] - epoch 12 - train iter 195 - 16305.7 words/s - loss: 0.4540
00:56:22 - process[1]: evaluating epoch 12 on dev ...
00:57:06 - dev set during evaluation: 14470/14463
00:57:06 - process[1] - dev - epoch 12 - mAP: 0.354 w/ 35 queries
00:57:06 - process[1]: training epoch 13 ...
00:57:16 - process[1] - epoch 13 - train iter 195 - 17342.2 words/s - loss: 0.3868
00:57:16 - process[1]: evaluating epoch 13 on dev ...
00:58:00 - dev set during evaluation: 14470/14463
00:58:00 - process[1] - dev - epoch 13 - mAP: 0.368 w/ 35 queries
00:58:00 - process[1]: evaluating epoch 13 on test ...
00:58:45 - test set during evaluation: 14160/14157
00:58:45 - process[1] - test - epoch 13 - mAP: 0.454 w/ 35 queries
00:58:45 - process[1]: training epoch 14 ...
00:58:56 - process[1] - epoch 14 - train iter 195 - 15632.1 words/s - loss: 0.3375
00:58:56 - process[1]: evaluating epoch 14 on dev ...
00:59:39 - dev set during evaluation: 14470/14463
00:59:39 - process[1] - dev - epoch 14 - mAP: 0.383 w/ 35 queries
00:59:39 - process[1]: evaluating epoch 14 on test ...
01:00:25 - test set during evaluation: 14160/14157
01:00:25 - process[1] - test - epoch 14 - mAP: 0.487 w/ 35 queries
01:00:25 - process[1]: training epoch 15 ...
01:00:35 - process[1] - epoch 15 - train iter 195 - 16843.1 words/s - loss: 0.3740
01:00:35 - process[1]: evaluating epoch 15 on dev ...
01:01:17 - dev set during evaluation: 14470/14463
01:01:18 - process[1] - dev - epoch 15 - mAP: 0.367 w/ 35 queries
01:01:18 - process[1]: training epoch 16 ...
01:01:28 - process[1] - epoch 16 - train iter 195 - 16165.7 words/s - loss: 0.3742
01:01:28 - process[1]: evaluating epoch 16 on dev ...
01:02:11 - dev set during evaluation: 14470/14463
01:02:11 - process[1] - dev - epoch 16 - mAP: 0.387 w/ 35 queries
01:02:11 - process[1]: evaluating epoch 16 on test ...
01:02:56 - test set during evaluation: 14160/14157
01:02:56 - process[1] - test - epoch 16 - mAP: 0.470 w/ 35 queries
01:02:56 - process[1]: training epoch 17 ...
01:03:07 - process[1] - epoch 17 - train iter 195 - 16212.0 words/s - loss: 0.4361
01:03:07 - process[1]: evaluating epoch 17 on dev ...
01:03:50 - dev set during evaluation: 14470/14463
01:03:50 - process[1] - dev - epoch 17 - mAP: 0.390 w/ 35 queries
01:03:50 - process[1]: evaluating epoch 17 on test ...
01:04:35 - test set during evaluation: 14160/14157
01:04:35 - process[1] - test - epoch 17 - mAP: 0.467 w/ 35 queries
01:04:35 - process[1]: training epoch 18 ...
01:04:46 - process[1] - epoch 18 - train iter 195 - 16740.7 words/s - loss: 0.3880
01:04:46 - process[1]: evaluating epoch 18 on dev ...
01:05:28 - dev set during evaluation: 14470/14463
01:05:28 - process[1] - dev - epoch 18 - mAP: 0.392 w/ 35 queries
01:05:28 - process[1]: evaluating epoch 18 on test ...
01:06:13 - test set during evaluation: 14160/14157
01:06:13 - process[1] - test - epoch 18 - mAP: 0.437 w/ 35 queries
01:06:13 - process[1]: training epoch 19 ...
01:06:24 - process[1] - epoch 19 - train iter 195 - 16191.2 words/s - loss: 0.3480
01:06:24 - process[1]: evaluating epoch 19 on dev ...
01:07:06 - dev set during evaluation: 14470/14463
01:07:06 - process[1] - dev - epoch 19 - mAP: 0.400 w/ 35 queries
01:07:06 - process[1]: evaluating epoch 19 on test ...
01:07:51 - test set during evaluation: 14160/14157
01:07:51 - process[1] - test - epoch 19 - mAP: 0.472 w/ 35 queries
01:07:51 - [fold 5] best test MAP: 0.472 @ epoch 19
01:07:51 - [0.4110548696420087, 0.4583988186041934, 0.3863044637715615, 0.32698715689936797, 0.4721648079457961]
01:07:51 - [35, 36, 35, 35, 35]
01:07:51 - final MAP: 0.411
