00:00:06 - Namespace(apex_level='O2', batch_size=8, cased=False, dataset='clef', debug=False, encoder_lr=2e-05, eval_step=1, full_doc_length=True, local_rank=1, model_path='/mnt/home/puxuan/XLM-Trainer/mBertLong/mBert-base-p1024-w64-0', model_type='mbert-long', num_epochs=20, num_ft_encoders=3, num_neg=1, projector_lr=2e-05, seed=611, source_lang='fr', target_lang='en')
00:00:15 - BertLongForXLRetrieval(
  (bert): BertModel(
    (embeddings): BertEmbeddings(
      (word_embeddings): Embedding(105879, 768, padding_idx=0)
      (position_embeddings): Embedding(1024, 768)
      (token_type_embeddings): Embedding(2, 768)
      (LayerNorm): LayerNorm((768,), eps=1e-12, elementwise_affine=True)
      (dropout): Dropout(p=0.1, inplace=False)
    )
    (encoder): BertEncoder(
      (layer): ModuleList(
        (0): BertLayer(
          (attention): BertAttention(
            (self): LongformerSelfAttention(
              (query): Linear(in_features=768, out_features=768, bias=True)
              (key): Linear(in_features=768, out_features=768, bias=True)
              (value): Linear(in_features=768, out_features=768, bias=True)
              (query_global): Linear(in_features=768, out_features=768, bias=True)
              (key_global): Linear(in_features=768, out_features=768, bias=True)
              (value_global): Linear(in_features=768, out_features=768, bias=True)
            )
            (output): BertSelfOutput(
              (dense): Linear(in_features=768, out_features=768, bias=True)
              (LayerNorm): LayerNorm((768,), eps=1e-12, elementwise_affine=True)
              (dropout): Dropout(p=0.1, inplace=False)
            )
          )
          (intermediate): BertIntermediate(
            (dense): Linear(in_features=768, out_features=3072, bias=True)
          )
          (output): BertOutput(
            (dense): Linear(in_features=3072, out_features=768, bias=True)
            (LayerNorm): LayerNorm((768,), eps=1e-12, elementwise_affine=True)
            (dropout): Dropout(p=0.1, inplace=False)
          )
        )
        (1): BertLayer(
          (attention): BertAttention(
            (self): LongformerSelfAttention(
              (query): Linear(in_features=768, out_features=768, bias=True)
              (key): Linear(in_features=768, out_features=768, bias=True)
              (value): Linear(in_features=768, out_features=768, bias=True)
              (query_global): Linear(in_features=768, out_features=768, bias=True)
              (key_global): Linear(in_features=768, out_features=768, bias=True)
              (value_global): Linear(in_features=768, out_features=768, bias=True)
            )
            (output): BertSelfOutput(
              (dense): Linear(in_features=768, out_features=768, bias=True)
              (LayerNorm): LayerNorm((768,), eps=1e-12, elementwise_affine=True)
              (dropout): Dropout(p=0.1, inplace=False)
            )
          )
          (intermediate): BertIntermediate(
            (dense): Linear(in_features=768, out_features=3072, bias=True)
          )
          (output): BertOutput(
            (dense): Linear(in_features=3072, out_features=768, bias=True)
            (LayerNorm): LayerNorm((768,), eps=1e-12, elementwise_affine=True)
            (dropout): Dropout(p=0.1, inplace=False)
          )
        )
        (2): BertLayer(
          (attention): BertAttention(
            (self): LongformerSelfAttention(
              (query): Linear(in_features=768, out_features=768, bias=True)
              (key): Linear(in_features=768, out_features=768, bias=True)
              (value): Linear(in_features=768, out_features=768, bias=True)
              (query_global): Linear(in_features=768, out_features=768, bias=True)
              (key_global): Linear(in_features=768, out_features=768, bias=True)
              (value_global): Linear(in_features=768, out_features=768, bias=True)
            )
            (output): BertSelfOutput(
              (dense): Linear(in_features=768, out_features=768, bias=True)
              (LayerNorm): LayerNorm((768,), eps=1e-12, elementwise_affine=True)
              (dropout): Dropout(p=0.1, inplace=False)
            )
          )
          (intermediate): BertIntermediate(
            (dense): Linear(in_features=768, out_features=3072, bias=True)
          )
          (output): BertOutput(
            (dense): Linear(in_features=3072, out_features=768, bias=True)
            (LayerNorm): LayerNorm((768,), eps=1e-12, elementwise_affine=True)
            (dropout): Dropout(p=0.1, inplace=False)
          )
        )
        (3): BertLayer(
          (attention): BertAttention(
            (self): LongformerSelfAttention(
              (query): Linear(in_features=768, out_features=768, bias=True)
              (key): Linear(in_features=768, out_features=768, bias=True)
              (value): Linear(in_features=768, out_features=768, bias=True)
              (query_global): Linear(in_features=768, out_features=768, bias=True)
              (key_global): Linear(in_features=768, out_features=768, bias=True)
              (value_global): Linear(in_features=768, out_features=768, bias=True)
            )
            (output): BertSelfOutput(
              (dense): Linear(in_features=768, out_features=768, bias=True)
              (LayerNorm): LayerNorm((768,), eps=1e-12, elementwise_affine=True)
              (dropout): Dropout(p=0.1, inplace=False)
            )
          )
          (intermediate): BertIntermediate(
            (dense): Linear(in_features=768, out_features=3072, bias=True)
          )
          (output): BertOutput(
            (dense): Linear(in_features=3072, out_features=768, bias=True)
            (LayerNorm): LayerNorm((768,), eps=1e-12, elementwise_affine=True)
            (dropout): Dropout(p=0.1, inplace=False)
          )
        )
        (4): BertLayer(
          (attention): BertAttention(
            (self): LongformerSelfAttention(
              (query): Linear(in_features=768, out_features=768, bias=True)
              (key): Linear(in_features=768, out_features=768, bias=True)
              (value): Linear(in_features=768, out_features=768, bias=True)
              (query_global): Linear(in_features=768, out_features=768, bias=True)
              (key_global): Linear(in_features=768, out_features=768, bias=True)
              (value_global): Linear(in_features=768, out_features=768, bias=True)
            )
            (output): BertSelfOutput(
              (dense): Linear(in_features=768, out_features=768, bias=True)
              (LayerNorm): LayerNorm((768,), eps=1e-12, elementwise_affine=True)
              (dropout): Dropout(p=0.1, inplace=False)
            )
          )
          (intermediate): BertIntermediate(
            (dense): Linear(in_features=768, out_features=3072, bias=True)
          )
          (output): BertOutput(
            (dense): Linear(in_features=3072, out_features=768, bias=True)
            (LayerNorm): LayerNorm((768,), eps=1e-12, elementwise_affine=True)
            (dropout): Dropout(p=0.1, inplace=False)
          )
        )
        (5): BertLayer(
          (attention): BertAttention(
            (self): LongformerSelfAttention(
              (query): Linear(in_features=768, out_features=768, bias=True)
              (key): Linear(in_features=768, out_features=768, bias=True)
              (value): Linear(in_features=768, out_features=768, bias=True)
              (query_global): Linear(in_features=768, out_features=768, bias=True)
              (key_global): Linear(in_features=768, out_features=768, bias=True)
              (value_global): Linear(in_features=768, out_features=768, bias=True)
            )
            (output): BertSelfOutput(
              (dense): Linear(in_features=768, out_features=768, bias=True)
              (LayerNorm): LayerNorm((768,), eps=1e-12, elementwise_affine=True)
              (dropout): Dropout(p=0.1, inplace=False)
            )
          )
          (intermediate): BertIntermediate(
            (dense): Linear(in_features=768, out_features=3072, bias=True)
          )
          (output): BertOutput(
            (dense): Linear(in_features=3072, out_features=768, bias=True)
            (LayerNorm): LayerNorm((768,), eps=1e-12, elementwise_affine=True)
            (dropout): Dropout(p=0.1, inplace=False)
          )
        )
        (6): BertLayer(
          (attention): BertAttention(
            (self): LongformerSelfAttention(
              (query): Linear(in_features=768, out_features=768, bias=True)
              (key): Linear(in_features=768, out_features=768, bias=True)
              (value): Linear(in_features=768, out_features=768, bias=True)
              (query_global): Linear(in_features=768, out_features=768, bias=True)
              (key_global): Linear(in_features=768, out_features=768, bias=True)
              (value_global): Linear(in_features=768, out_features=768, bias=True)
            )
            (output): BertSelfOutput(
              (dense): Linear(in_features=768, out_features=768, bias=True)
              (LayerNorm): LayerNorm((768,), eps=1e-12, elementwise_affine=True)
              (dropout): Dropout(p=0.1, inplace=False)
            )
          )
          (intermediate): BertIntermediate(
            (dense): Linear(in_features=768, out_features=3072, bias=True)
          )
          (output): BertOutput(
            (dense): Linear(in_features=3072, out_features=768, bias=True)
            (LayerNorm): LayerNorm((768,), eps=1e-12, elementwise_affine=True)
            (dropout): Dropout(p=0.1, inplace=False)
          )
        )
        (7): BertLayer(
          (attention): BertAttention(
            (self): LongformerSelfAttention(
              (query): Linear(in_features=768, out_features=768, bias=True)
              (key): Linear(in_features=768, out_features=768, bias=True)
              (value): Linear(in_features=768, out_features=768, bias=True)
              (query_global): Linear(in_features=768, out_features=768, bias=True)
              (key_global): Linear(in_features=768, out_features=768, bias=True)
              (value_global): Linear(in_features=768, out_features=768, bias=True)
            )
            (output): BertSelfOutput(
              (dense): Linear(in_features=768, out_features=768, bias=True)
              (LayerNorm): LayerNorm((768,), eps=1e-12, elementwise_affine=True)
              (dropout): Dropout(p=0.1, inplace=False)
            )
          )
          (intermediate): BertIntermediate(
            (dense): Linear(in_features=768, out_features=3072, bias=True)
          )
          (output): BertOutput(
            (dense): Linear(in_features=3072, out_features=768, bias=True)
            (LayerNorm): LayerNorm((768,), eps=1e-12, elementwise_affine=True)
            (dropout): Dropout(p=0.1, inplace=False)
          )
        )
        (8): BertLayer(
          (attention): BertAttention(
            (self): LongformerSelfAttention(
              (query): Linear(in_features=768, out_features=768, bias=True)
              (key): Linear(in_features=768, out_features=768, bias=True)
              (value): Linear(in_features=768, out_features=768, bias=True)
              (query_global): Linear(in_features=768, out_features=768, bias=True)
              (key_global): Linear(in_features=768, out_features=768, bias=True)
              (value_global): Linear(in_features=768, out_features=768, bias=True)
            )
            (output): BertSelfOutput(
              (dense): Linear(in_features=768, out_features=768, bias=True)
              (LayerNorm): LayerNorm((768,), eps=1e-12, elementwise_affine=True)
              (dropout): Dropout(p=0.1, inplace=False)
            )
          )
          (intermediate): BertIntermediate(
            (dense): Linear(in_features=768, out_features=3072, bias=True)
          )
          (output): BertOutput(
            (dense): Linear(in_features=3072, out_features=768, bias=True)
            (LayerNorm): LayerNorm((768,), eps=1e-12, elementwise_affine=True)
            (dropout): Dropout(p=0.1, inplace=False)
          )
        )
        (9): BertLayer(
          (attention): BertAttention(
            (self): LongformerSelfAttention(
              (query): Linear(in_features=768, out_features=768, bias=True)
              (key): Linear(in_features=768, out_features=768, bias=True)
              (value): Linear(in_features=768, out_features=768, bias=True)
              (query_global): Linear(in_features=768, out_features=768, bias=True)
              (key_global): Linear(in_features=768, out_features=768, bias=True)
              (value_global): Linear(in_features=768, out_features=768, bias=True)
            )
            (output): BertSelfOutput(
              (dense): Linear(in_features=768, out_features=768, bias=True)
              (LayerNorm): LayerNorm((768,), eps=1e-12, elementwise_affine=True)
              (dropout): Dropout(p=0.1, inplace=False)
            )
          )
          (intermediate): BertIntermediate(
            (dense): Linear(in_features=768, out_features=3072, bias=True)
          )
          (output): BertOutput(
            (dense): Linear(in_features=3072, out_features=768, bias=True)
            (LayerNorm): LayerNorm((768,), eps=1e-12, elementwise_affine=True)
            (dropout): Dropout(p=0.1, inplace=False)
          )
        )
        (10): BertLayer(
          (attention): BertAttention(
            (self): LongformerSelfAttention(
              (query): Linear(in_features=768, out_features=768, bias=True)
              (key): Linear(in_features=768, out_features=768, bias=True)
              (value): Linear(in_features=768, out_features=768, bias=True)
              (query_global): Linear(in_features=768, out_features=768, bias=True)
              (key_global): Linear(in_features=768, out_features=768, bias=True)
              (value_global): Linear(in_features=768, out_features=768, bias=True)
            )
            (output): BertSelfOutput(
              (dense): Linear(in_features=768, out_features=768, bias=True)
              (LayerNorm): LayerNorm((768,), eps=1e-12, elementwise_affine=True)
              (dropout): Dropout(p=0.1, inplace=False)
            )
          )
          (intermediate): BertIntermediate(
            (dense): Linear(in_features=768, out_features=3072, bias=True)
          )
          (output): BertOutput(
            (dense): Linear(in_features=3072, out_features=768, bias=True)
            (LayerNorm): LayerNorm((768,), eps=1e-12, elementwise_affine=True)
            (dropout): Dropout(p=0.1, inplace=False)
          )
        )
        (11): BertLayer(
          (attention): BertAttention(
            (self): LongformerSelfAttention(
              (query): Linear(in_features=768, out_features=768, bias=True)
              (key): Linear(in_features=768, out_features=768, bias=True)
              (value): Linear(in_features=768, out_features=768, bias=True)
              (query_global): Linear(in_features=768, out_features=768, bias=True)
              (key_global): Linear(in_features=768, out_features=768, bias=True)
              (value_global): Linear(in_features=768, out_features=768, bias=True)
            )
            (output): BertSelfOutput(
              (dense): Linear(in_features=768, out_features=768, bias=True)
              (LayerNorm): LayerNorm((768,), eps=1e-12, elementwise_affine=True)
              (dropout): Dropout(p=0.1, inplace=False)
            )
          )
          (intermediate): BertIntermediate(
            (dense): Linear(in_features=768, out_features=3072, bias=True)
          )
          (output): BertOutput(
            (dense): Linear(in_features=3072, out_features=768, bias=True)
            (LayerNorm): LayerNorm((768,), eps=1e-12, elementwise_affine=True)
            (dropout): Dropout(p=0.1, inplace=False)
          )
        )
      )
    )
    (pooler): BertPooler(
      (dense): Linear(in_features=768, out_features=768, bias=True)
      (activation): Tanh()
    )
  )
  (mlm_cls): BertOnlyMLMHead(
    (predictions): BertLMPredictionHead(
      (transform): BertPredictionHeadTransform(
        (dense): Linear(in_features=768, out_features=768, bias=True)
        (LayerNorm): LayerNorm((768,), eps=1e-12, elementwise_affine=True)
      )
      (decoder): Linear(in_features=768, out_features=105879, bias=True)
    )
  )
  (seqcls_dropout): Dropout(p=0.1, inplace=False)
  (seqcls_classifier): Linear(in_features=768, out_features=2, bias=True)
)
00:00:15 - Evaluating every 1 epochs ...
00:00:15 - reading data from /mnt/home/puxuan/CLIR-project/Evaluation_data/process-clef/uncased
00:00:15 - test has 35 queries ...
00:00:15 - Data reading done ...
00:00:22 - adding 9-th encoder to optimizer...
00:00:22 - adding 10-th encoder to optimizer...
00:00:22 - adding 11-th encoder to optimizer...
00:00:22 - process[1]: training epoch 0 ...
00:00:40 - process[1] - epoch 0 - train iter 197 - 17494.6 words/s - loss: 0.6485
00:00:40 - process[1]: training epoch 1 ...
00:00:57 - process[1] - epoch 1 - train iter 197 - 18413.2 words/s - loss: 0.6015
00:00:57 - process[1]: training epoch 2 ...
00:01:14 - process[1] - epoch 2 - train iter 197 - 18081.7 words/s - loss: 0.5649
00:01:14 - process[1]: training epoch 3 ...
00:01:30 - process[1] - epoch 3 - train iter 197 - 18811.8 words/s - loss: 0.5500
00:01:30 - process[1]: training epoch 4 ...
00:01:47 - process[1] - epoch 4 - train iter 197 - 18024.7 words/s - loss: 0.5078
00:01:47 - process[1]: training epoch 5 ...
00:02:03 - process[1] - epoch 5 - train iter 197 - 19487.8 words/s - loss: 0.5104
00:02:03 - process[1]: training epoch 6 ...
00:02:21 - process[1] - epoch 6 - train iter 197 - 16581.1 words/s - loss: 0.5456
00:02:21 - process[1]: training epoch 7 ...
00:02:38 - process[1] - epoch 7 - train iter 197 - 18186.5 words/s - loss: 0.4993
00:02:38 - process[1]: training epoch 8 ...
00:02:55 - process[1] - epoch 8 - train iter 197 - 17378.9 words/s - loss: 0.4704
00:02:55 - process[1]: training epoch 9 ...
00:03:12 - process[1] - epoch 9 - train iter 197 - 18177.7 words/s - loss: 0.4490
00:03:12 - process[1]: training epoch 10 ...
00:03:29 - process[1] - epoch 10 - train iter 197 - 17254.2 words/s - loss: 0.4120
00:03:29 - process[1]: evaluating epoch 10 on dev ...
00:04:24 - dev set during evaluation: 14160/14157
00:04:24 - process[1] - dev - epoch 10 - mAP: 0.445 w/ 35 queries
00:04:24 - process[1]: evaluating epoch 10 on test ...
00:05:16 - test set during evaluation: 14980/14975
00:05:16 - process[1] - test - epoch 10 - mAP: 0.421 w/ 35 queries
00:05:16 - process[1]: training epoch 11 ...
00:05:33 - process[1] - epoch 11 - train iter 197 - 17753.0 words/s - loss: 0.4009
00:05:33 - process[1]: evaluating epoch 11 on dev ...
00:06:28 - dev set during evaluation: 14160/14157
00:06:28 - process[1] - dev - epoch 11 - mAP: 0.459 w/ 35 queries
00:06:28 - process[1]: evaluating epoch 11 on test ...
00:07:19 - test set during evaluation: 14980/14975
00:07:19 - process[1] - test - epoch 11 - mAP: 0.423 w/ 35 queries
00:07:19 - process[1]: training epoch 12 ...
00:07:35 - process[1] - epoch 12 - train iter 197 - 18923.0 words/s - loss: 0.3815
00:07:35 - process[1]: evaluating epoch 12 on dev ...
00:08:29 - dev set during evaluation: 14160/14157
00:08:29 - process[1] - dev - epoch 12 - mAP: 0.477 w/ 35 queries
00:08:29 - process[1]: evaluating epoch 12 on test ...
00:09:21 - test set during evaluation: 14980/14975
00:09:21 - process[1] - test - epoch 12 - mAP: 0.419 w/ 35 queries
00:09:21 - process[1]: training epoch 13 ...
00:09:38 - process[1] - epoch 13 - train iter 197 - 17320.6 words/s - loss: 0.3972
00:09:38 - process[1]: evaluating epoch 13 on dev ...
00:10:33 - dev set during evaluation: 14160/14157
00:10:33 - process[1] - dev - epoch 13 - mAP: 0.481 w/ 35 queries
00:10:33 - process[1]: evaluating epoch 13 on test ...
00:11:24 - test set during evaluation: 14980/14975
00:11:24 - process[1] - test - epoch 13 - mAP: 0.458 w/ 35 queries
00:11:24 - process[1]: training epoch 14 ...
00:11:40 - process[1] - epoch 14 - train iter 197 - 18530.7 words/s - loss: 0.4045
00:11:40 - process[1]: evaluating epoch 14 on dev ...
00:12:35 - dev set during evaluation: 14160/14157
00:12:35 - process[1] - dev - epoch 14 - mAP: 0.473 w/ 35 queries
00:12:35 - process[1]: training epoch 15 ...
00:12:51 - process[1] - epoch 15 - train iter 197 - 18744.3 words/s - loss: 0.4028
00:12:51 - process[1]: evaluating epoch 15 on dev ...
00:13:46 - dev set during evaluation: 14160/14157
00:13:46 - process[1] - dev - epoch 15 - mAP: 0.456 w/ 35 queries
00:13:46 - process[1]: training epoch 16 ...
00:14:02 - process[1] - epoch 16 - train iter 197 - 18522.5 words/s - loss: 0.4346
00:14:02 - process[1]: evaluating epoch 16 on dev ...
00:14:57 - dev set during evaluation: 14160/14157
00:14:57 - process[1] - dev - epoch 16 - mAP: 0.476 w/ 35 queries
00:14:57 - process[1]: training epoch 17 ...
00:15:14 - process[1] - epoch 17 - train iter 197 - 18107.5 words/s - loss: 0.4059
00:15:14 - process[1]: evaluating epoch 17 on dev ...
00:16:09 - dev set during evaluation: 14160/14157
00:16:09 - process[1] - dev - epoch 17 - mAP: 0.495 w/ 35 queries
00:16:09 - process[1]: evaluating epoch 17 on test ...
00:17:00 - test set during evaluation: 14980/14975
00:17:00 - process[1] - test - epoch 17 - mAP: 0.400 w/ 35 queries
00:17:00 - process[1]: training epoch 18 ...
00:17:16 - process[1] - epoch 18 - train iter 197 - 18588.8 words/s - loss: 0.3676
00:17:16 - process[1]: evaluating epoch 18 on dev ...
00:18:10 - dev set during evaluation: 14160/14157
00:18:10 - process[1] - dev - epoch 18 - mAP: 0.460 w/ 35 queries
00:18:10 - process[1]: training epoch 19 ...
00:18:28 - process[1] - epoch 19 - train iter 197 - 17383.1 words/s - loss: 0.3896
00:18:28 - process[1]: evaluating epoch 19 on dev ...
00:19:23 - dev set during evaluation: 14160/14157
00:19:23 - process[1] - dev - epoch 19 - mAP: 0.411 w/ 35 queries
00:19:23 - [fold 1] best test MAP: 0.400 @ epoch 17
00:19:23 - Evaluating every 1 epochs ...
00:19:23 - reading data from /mnt/home/puxuan/CLIR-project/Evaluation_data/process-clef/uncased
00:19:23 - test has 36 queries ...
00:19:23 - Data reading done ...
00:19:25 - adding 9-th encoder to optimizer...
00:19:25 - adding 10-th encoder to optimizer...
00:19:25 - adding 11-th encoder to optimizer...
00:19:25 - process[1]: training epoch 0 ...
00:19:40 - process[1] - epoch 0 - train iter 187 - 19589.1 words/s - loss: 0.6245
00:19:40 - process[1]: training epoch 1 ...
00:19:56 - process[1] - epoch 1 - train iter 187 - 17745.6 words/s - loss: 0.5641
00:19:56 - process[1]: training epoch 2 ...
00:20:11 - process[1] - epoch 2 - train iter 187 - 19222.6 words/s - loss: 0.5559
00:20:11 - process[1]: training epoch 3 ...
00:20:28 - process[1] - epoch 3 - train iter 187 - 17554.5 words/s - loss: 0.5707
00:20:28 - process[1]: training epoch 4 ...
00:20:42 - process[1] - epoch 4 - train iter 187 - 19188.7 words/s - loss: 0.4983
00:20:42 - process[1]: training epoch 5 ...
00:20:58 - process[1] - epoch 5 - train iter 187 - 18674.8 words/s - loss: 0.4704
00:20:58 - process[1]: training epoch 6 ...
00:21:13 - process[1] - epoch 6 - train iter 187 - 19255.8 words/s - loss: 0.4332
00:21:13 - process[1]: training epoch 7 ...
00:21:28 - process[1] - epoch 7 - train iter 187 - 19468.5 words/s - loss: 0.4158
00:21:28 - process[1]: training epoch 8 ...
00:21:43 - process[1] - epoch 8 - train iter 187 - 19108.5 words/s - loss: 0.4984
00:21:43 - process[1]: training epoch 9 ...
00:21:58 - process[1] - epoch 9 - train iter 187 - 19108.0 words/s - loss: 0.4753
00:21:58 - process[1]: training epoch 10 ...
00:22:14 - process[1] - epoch 10 - train iter 187 - 19110.2 words/s - loss: 0.4495
00:22:14 - process[1]: evaluating epoch 10 on dev ...
00:23:06 - dev set during evaluation: 14980/14975
00:23:06 - process[1] - dev - epoch 10 - mAP: 0.443 w/ 35 queries
00:23:06 - process[1]: evaluating epoch 10 on test ...
00:24:00 - test set during evaluation: 15300/15294
00:24:00 - process[1] - test - epoch 10 - mAP: 0.419 w/ 36 queries
00:24:00 - process[1]: training epoch 11 ...
00:24:15 - process[1] - epoch 11 - train iter 187 - 18074.9 words/s - loss: 0.3841
00:24:15 - process[1]: evaluating epoch 11 on dev ...
00:25:06 - dev set during evaluation: 14980/14975
00:25:06 - process[1] - dev - epoch 11 - mAP: 0.434 w/ 35 queries
00:25:06 - process[1]: training epoch 12 ...
00:25:22 - process[1] - epoch 12 - train iter 187 - 18859.8 words/s - loss: 0.3860
00:25:22 - process[1]: evaluating epoch 12 on dev ...
00:26:13 - dev set during evaluation: 14980/14975
00:26:13 - process[1] - dev - epoch 12 - mAP: 0.428 w/ 35 queries
00:26:13 - process[1]: training epoch 13 ...
00:26:29 - process[1] - epoch 13 - train iter 187 - 18641.4 words/s - loss: 0.3544
00:26:29 - process[1]: evaluating epoch 13 on dev ...
00:27:20 - dev set during evaluation: 14980/14975
00:27:20 - process[1] - dev - epoch 13 - mAP: 0.433 w/ 35 queries
00:27:20 - process[1]: training epoch 14 ...
00:27:35 - process[1] - epoch 14 - train iter 187 - 19158.6 words/s - loss: 0.3973
00:27:35 - process[1]: evaluating epoch 14 on dev ...
00:28:26 - dev set during evaluation: 14980/14975
00:28:26 - process[1] - dev - epoch 14 - mAP: 0.417 w/ 35 queries
00:28:26 - process[1]: training epoch 15 ...
00:28:42 - process[1] - epoch 15 - train iter 187 - 18363.3 words/s - loss: 0.4372
00:28:42 - process[1]: evaluating epoch 15 on dev ...
00:29:33 - dev set during evaluation: 14980/14975
00:29:33 - process[1] - dev - epoch 15 - mAP: 0.427 w/ 35 queries
00:29:33 - process[1]: training epoch 16 ...
00:29:47 - process[1] - epoch 16 - train iter 187 - 19400.4 words/s - loss: 0.3751
00:29:47 - process[1]: evaluating epoch 16 on dev ...
00:30:38 - dev set during evaluation: 14980/14975
00:30:38 - process[1] - dev - epoch 16 - mAP: 0.437 w/ 35 queries
00:30:38 - process[1]: training epoch 17 ...
00:30:53 - process[1] - epoch 17 - train iter 187 - 20011.5 words/s - loss: 0.3826
00:30:53 - process[1]: evaluating epoch 17 on dev ...
00:31:45 - dev set during evaluation: 14980/14975
00:31:45 - process[1] - dev - epoch 17 - mAP: 0.451 w/ 35 queries
00:31:45 - process[1]: evaluating epoch 17 on test ...
00:32:38 - test set during evaluation: 15300/15294
00:32:38 - process[1] - test - epoch 17 - mAP: 0.411 w/ 36 queries
00:32:38 - process[1]: training epoch 18 ...
00:32:53 - process[1] - epoch 18 - train iter 187 - 18497.9 words/s - loss: 0.3300
00:32:53 - process[1]: evaluating epoch 18 on dev ...
00:33:45 - dev set during evaluation: 14980/14975
00:33:45 - process[1] - dev - epoch 18 - mAP: 0.478 w/ 35 queries
00:33:45 - process[1]: evaluating epoch 18 on test ...
00:34:38 - test set during evaluation: 15300/15294
00:34:38 - process[1] - test - epoch 18 - mAP: 0.441 w/ 36 queries
00:34:38 - process[1]: training epoch 19 ...
00:34:53 - process[1] - epoch 19 - train iter 187 - 19063.6 words/s - loss: 0.3229
00:34:53 - process[1]: evaluating epoch 19 on dev ...
00:35:45 - dev set during evaluation: 14980/14975
00:35:45 - process[1] - dev - epoch 19 - mAP: 0.442 w/ 35 queries
00:35:45 - [fold 2] best test MAP: 0.441 @ epoch 18
00:35:45 - Evaluating every 1 epochs ...
00:35:45 - reading data from /mnt/home/puxuan/CLIR-project/Evaluation_data/process-clef/uncased
00:35:46 - test has 35 queries ...
00:35:46 - Data reading done ...
00:35:47 - adding 9-th encoder to optimizer...
00:35:47 - adding 10-th encoder to optimizer...
00:35:47 - adding 11-th encoder to optimizer...
00:35:48 - process[1]: training epoch 0 ...
00:36:03 - process[1] - epoch 0 - train iter 196 - 18533.4 words/s - loss: 0.6258
00:36:03 - process[1]: training epoch 1 ...
00:36:20 - process[1] - epoch 1 - train iter 196 - 18685.7 words/s - loss: 0.6022
00:36:20 - process[1]: training epoch 2 ...
00:36:35 - process[1] - epoch 2 - train iter 196 - 19454.7 words/s - loss: 0.5389
00:36:35 - process[1]: training epoch 3 ...
00:36:51 - process[1] - epoch 3 - train iter 196 - 19299.5 words/s - loss: 0.5402
00:36:51 - process[1]: training epoch 4 ...
00:37:08 - process[1] - epoch 4 - train iter 196 - 18017.0 words/s - loss: 0.5510
00:37:08 - process[1]: training epoch 5 ...
00:37:24 - process[1] - epoch 5 - train iter 196 - 19175.4 words/s - loss: 0.4529
00:37:24 - process[1]: training epoch 6 ...
00:37:40 - process[1] - epoch 6 - train iter 196 - 19170.9 words/s - loss: 0.4594
00:37:40 - process[1]: training epoch 7 ...
00:37:57 - process[1] - epoch 7 - train iter 196 - 17298.5 words/s - loss: 0.4688
00:37:57 - process[1]: training epoch 8 ...
00:38:15 - process[1] - epoch 8 - train iter 196 - 16436.2 words/s - loss: 0.4039
00:38:15 - process[1]: training epoch 9 ...
00:38:30 - process[1] - epoch 9 - train iter 196 - 20001.5 words/s - loss: 0.3767
00:38:30 - process[1]: training epoch 10 ...
00:38:46 - process[1] - epoch 10 - train iter 196 - 18599.4 words/s - loss: 0.4033
00:38:46 - process[1]: evaluating epoch 10 on dev ...
00:39:39 - dev set during evaluation: 15300/15294
00:39:39 - process[1] - dev - epoch 10 - mAP: 0.450 w/ 36 queries
00:39:39 - process[1]: evaluating epoch 10 on test ...
00:40:32 - test set during evaluation: 15480/15477
00:40:32 - process[1] - test - epoch 10 - mAP: 0.339 w/ 35 queries
00:40:32 - process[1]: training epoch 11 ...
00:40:48 - process[1] - epoch 11 - train iter 196 - 19025.6 words/s - loss: 0.3696
00:40:48 - process[1]: evaluating epoch 11 on dev ...
00:41:42 - dev set during evaluation: 15300/15294
00:41:42 - process[1] - dev - epoch 11 - mAP: 0.433 w/ 36 queries
00:41:42 - process[1]: training epoch 12 ...
00:41:57 - process[1] - epoch 12 - train iter 196 - 19153.7 words/s - loss: 0.3877
00:41:57 - process[1]: evaluating epoch 12 on dev ...
00:42:51 - dev set during evaluation: 15300/15294
00:42:51 - process[1] - dev - epoch 12 - mAP: 0.403 w/ 36 queries
00:42:51 - process[1]: training epoch 13 ...
00:43:07 - process[1] - epoch 13 - train iter 196 - 18659.8 words/s - loss: 0.3932
00:43:07 - process[1]: evaluating epoch 13 on dev ...
00:44:01 - dev set during evaluation: 15300/15294
00:44:01 - process[1] - dev - epoch 13 - mAP: 0.419 w/ 36 queries
00:44:01 - process[1]: training epoch 14 ...
00:44:16 - process[1] - epoch 14 - train iter 196 - 18298.8 words/s - loss: 0.4292
00:44:16 - process[1]: evaluating epoch 14 on dev ...
00:45:12 - dev set during evaluation: 15300/15294
00:45:12 - process[1] - dev - epoch 14 - mAP: 0.431 w/ 36 queries
00:45:12 - process[1]: training epoch 15 ...
00:45:27 - process[1] - epoch 15 - train iter 196 - 19765.1 words/s - loss: 0.3571
00:45:27 - process[1]: evaluating epoch 15 on dev ...
00:46:20 - dev set during evaluation: 15300/15294
00:46:20 - process[1] - dev - epoch 15 - mAP: 0.423 w/ 36 queries
00:46:20 - process[1]: training epoch 16 ...
00:46:35 - process[1] - epoch 16 - train iter 196 - 19659.1 words/s - loss: 0.4101
00:46:35 - process[1]: evaluating epoch 16 on dev ...
00:47:29 - dev set during evaluation: 15300/15294
00:47:29 - process[1] - dev - epoch 16 - mAP: 0.425 w/ 36 queries
00:47:29 - process[1]: training epoch 17 ...
00:47:44 - process[1] - epoch 17 - train iter 196 - 18951.9 words/s - loss: 0.3707
00:47:44 - process[1]: evaluating epoch 17 on dev ...
00:48:38 - dev set during evaluation: 15300/15294
00:48:38 - process[1] - dev - epoch 17 - mAP: 0.442 w/ 36 queries
00:48:38 - process[1]: training epoch 18 ...
00:48:54 - process[1] - epoch 18 - train iter 196 - 18486.9 words/s - loss: 0.3726
00:48:54 - process[1]: evaluating epoch 18 on dev ...
00:49:47 - dev set during evaluation: 15300/15294
00:49:47 - process[1] - dev - epoch 18 - mAP: 0.436 w/ 36 queries
00:49:47 - process[1]: training epoch 19 ...
00:50:03 - process[1] - epoch 19 - train iter 196 - 18740.5 words/s - loss: 0.3207
00:50:03 - process[1]: evaluating epoch 19 on dev ...
00:50:57 - dev set during evaluation: 15300/15294
00:50:57 - process[1] - dev - epoch 19 - mAP: 0.455 w/ 36 queries
00:50:57 - process[1]: evaluating epoch 19 on test ...
00:51:49 - test set during evaluation: 15480/15477
00:51:49 - process[1] - test - epoch 19 - mAP: 0.359 w/ 35 queries
00:51:49 - [fold 3] best test MAP: 0.359 @ epoch 19
00:51:49 - Evaluating every 1 epochs ...
00:51:49 - reading data from /mnt/home/puxuan/CLIR-project/Evaluation_data/process-clef/uncased
00:51:50 - test has 35 queries ...
00:51:50 - Data reading done ...
00:51:51 - adding 9-th encoder to optimizer...
00:51:51 - adding 10-th encoder to optimizer...
00:51:51 - adding 11-th encoder to optimizer...
00:51:52 - process[1]: training epoch 0 ...
00:52:09 - process[1] - epoch 0 - train iter 207 - 17667.7 words/s - loss: 0.6217
00:52:09 - process[1]: training epoch 1 ...
00:52:27 - process[1] - epoch 1 - train iter 207 - 17638.9 words/s - loss: 0.5676
00:52:27 - process[1]: training epoch 2 ...
00:52:44 - process[1] - epoch 2 - train iter 207 - 17136.3 words/s - loss: 0.5252
00:52:44 - process[1]: training epoch 3 ...
00:53:03 - process[1] - epoch 3 - train iter 207 - 16566.0 words/s - loss: 0.5095
00:53:03 - process[1]: training epoch 4 ...
00:53:20 - process[1] - epoch 4 - train iter 207 - 19052.4 words/s - loss: 0.4780
00:53:20 - process[1]: training epoch 5 ...
00:53:37 - process[1] - epoch 5 - train iter 207 - 17902.1 words/s - loss: 0.3921
00:53:37 - process[1]: training epoch 6 ...
00:53:55 - process[1] - epoch 6 - train iter 207 - 17669.0 words/s - loss: 0.4151
00:53:55 - process[1]: training epoch 7 ...
00:54:11 - process[1] - epoch 7 - train iter 207 - 19189.8 words/s - loss: 0.4791
00:54:11 - process[1]: training epoch 8 ...
00:54:28 - process[1] - epoch 8 - train iter 207 - 18534.7 words/s - loss: 0.4023
00:54:28 - process[1]: training epoch 9 ...
00:54:46 - process[1] - epoch 9 - train iter 207 - 17246.3 words/s - loss: 0.3730
00:54:46 - process[1]: training epoch 10 ...
00:55:04 - process[1] - epoch 10 - train iter 207 - 18419.7 words/s - loss: 0.4003
00:55:04 - process[1]: evaluating epoch 10 on dev ...
00:55:56 - dev set during evaluation: 15480/15477
00:55:56 - process[1] - dev - epoch 10 - mAP: 0.356 w/ 35 queries
00:55:56 - process[1]: evaluating epoch 10 on test ...
00:56:48 - test set during evaluation: 14470/14463
00:56:48 - process[1] - test - epoch 10 - mAP: 0.342 w/ 35 queries
00:56:48 - process[1]: training epoch 11 ...
00:57:05 - process[1] - epoch 11 - train iter 207 - 18553.8 words/s - loss: 0.3868
00:57:05 - process[1]: evaluating epoch 11 on dev ...
00:57:57 - dev set during evaluation: 15480/15477
00:57:57 - process[1] - dev - epoch 11 - mAP: 0.387 w/ 35 queries
00:57:57 - process[1]: evaluating epoch 11 on test ...
00:58:49 - test set during evaluation: 14470/14463
00:58:49 - process[1] - test - epoch 11 - mAP: 0.358 w/ 35 queries
00:58:49 - process[1]: training epoch 12 ...
00:59:06 - process[1] - epoch 12 - train iter 207 - 18220.0 words/s - loss: 0.3487
00:59:06 - process[1]: evaluating epoch 12 on dev ...
00:59:59 - dev set during evaluation: 15480/15477
00:59:59 - process[1] - dev - epoch 12 - mAP: 0.353 w/ 35 queries
00:59:59 - process[1]: training epoch 13 ...
01:00:16 - process[1] - epoch 13 - train iter 207 - 18303.9 words/s - loss: 0.4050
01:00:16 - process[1]: evaluating epoch 13 on dev ...
01:01:09 - dev set during evaluation: 15480/15477
01:01:09 - process[1] - dev - epoch 13 - mAP: 0.353 w/ 35 queries
01:01:09 - process[1]: training epoch 14 ...
01:01:26 - process[1] - epoch 14 - train iter 207 - 18391.8 words/s - loss: 0.3493
01:01:26 - process[1]: evaluating epoch 14 on dev ...
01:02:19 - dev set during evaluation: 15480/15477
01:02:19 - process[1] - dev - epoch 14 - mAP: 0.377 w/ 35 queries
01:02:19 - process[1]: training epoch 15 ...
01:02:37 - process[1] - epoch 15 - train iter 207 - 18822.9 words/s - loss: 0.3588
01:02:37 - process[1]: evaluating epoch 15 on dev ...
01:03:28 - dev set during evaluation: 15480/15477
01:03:28 - process[1] - dev - epoch 15 - mAP: 0.349 w/ 35 queries
01:03:28 - process[1]: training epoch 16 ...
01:03:46 - process[1] - epoch 16 - train iter 207 - 18172.5 words/s - loss: 0.3611
01:03:46 - process[1]: evaluating epoch 16 on dev ...
01:04:38 - dev set during evaluation: 15480/15477
01:04:38 - process[1] - dev - epoch 16 - mAP: 0.361 w/ 35 queries
01:04:39 - process[1]: training epoch 17 ...
01:04:56 - process[1] - epoch 17 - train iter 207 - 17705.6 words/s - loss: 0.3771
01:04:56 - process[1]: evaluating epoch 17 on dev ...
01:05:49 - dev set during evaluation: 15480/15477
01:05:49 - process[1] - dev - epoch 17 - mAP: 0.348 w/ 35 queries
01:05:49 - process[1]: training epoch 18 ...
01:06:06 - process[1] - epoch 18 - train iter 207 - 18733.4 words/s - loss: 0.3693
01:06:06 - process[1]: evaluating epoch 18 on dev ...
01:06:59 - dev set during evaluation: 15480/15477
01:06:59 - process[1] - dev - epoch 18 - mAP: 0.376 w/ 35 queries
01:06:59 - process[1]: training epoch 19 ...
01:07:16 - process[1] - epoch 19 - train iter 207 - 19458.6 words/s - loss: 0.3805
01:07:16 - process[1]: evaluating epoch 19 on dev ...
01:08:10 - dev set during evaluation: 15480/15477
01:08:10 - process[1] - dev - epoch 19 - mAP: 0.376 w/ 35 queries
01:08:10 - [fold 4] best test MAP: 0.358 @ epoch 11
01:08:10 - Evaluating every 1 epochs ...
01:08:10 - reading data from /mnt/home/puxuan/CLIR-project/Evaluation_data/process-clef/uncased
01:08:10 - test has 35 queries ...
01:08:10 - Data reading done ...
01:08:12 - adding 9-th encoder to optimizer...
01:08:12 - adding 10-th encoder to optimizer...
01:08:12 - adding 11-th encoder to optimizer...
01:08:12 - process[1]: training epoch 0 ...
01:08:28 - process[1] - epoch 0 - train iter 195 - 18370.2 words/s - loss: 0.6045
01:08:28 - process[1]: training epoch 1 ...
01:08:44 - process[1] - epoch 1 - train iter 195 - 19147.0 words/s - loss: 0.6052
01:08:44 - process[1]: training epoch 2 ...
01:09:00 - process[1] - epoch 2 - train iter 195 - 17048.6 words/s - loss: 0.5457
01:09:00 - process[1]: training epoch 3 ...
01:09:16 - process[1] - epoch 3 - train iter 195 - 18092.9 words/s - loss: 0.5159
01:09:16 - process[1]: training epoch 4 ...
01:09:34 - process[1] - epoch 4 - train iter 195 - 16329.1 words/s - loss: 0.4580
01:09:34 - process[1]: training epoch 5 ...
01:09:51 - process[1] - epoch 5 - train iter 195 - 16872.3 words/s - loss: 0.4725
01:09:51 - process[1]: training epoch 6 ...
01:10:08 - process[1] - epoch 6 - train iter 195 - 17507.8 words/s - loss: 0.4295
01:10:08 - process[1]: training epoch 7 ...
01:10:25 - process[1] - epoch 7 - train iter 195 - 17910.8 words/s - loss: 0.4431
01:10:25 - process[1]: training epoch 8 ...
01:10:42 - process[1] - epoch 8 - train iter 195 - 16817.4 words/s - loss: 0.4839
01:10:42 - process[1]: training epoch 9 ...
01:10:59 - process[1] - epoch 9 - train iter 195 - 16808.8 words/s - loss: 0.3966
01:10:59 - process[1]: training epoch 10 ...
01:11:16 - process[1] - epoch 10 - train iter 195 - 17359.0 words/s - loss: 0.3743
01:11:16 - process[1]: evaluating epoch 10 on dev ...
01:12:08 - dev set during evaluation: 14470/14463
01:12:08 - process[1] - dev - epoch 10 - mAP: 0.350 w/ 35 queries
01:12:08 - process[1]: evaluating epoch 10 on test ...
01:13:04 - test set during evaluation: 14160/14157
01:13:04 - process[1] - test - epoch 10 - mAP: 0.469 w/ 35 queries
01:13:04 - process[1]: training epoch 11 ...
01:13:21 - process[1] - epoch 11 - train iter 195 - 16623.8 words/s - loss: 0.3841
01:13:21 - process[1]: evaluating epoch 11 on dev ...
01:14:14 - dev set during evaluation: 14470/14463
01:14:14 - process[1] - dev - epoch 11 - mAP: 0.346 w/ 35 queries
01:14:14 - process[1]: training epoch 12 ...
01:14:30 - process[1] - epoch 12 - train iter 195 - 17612.9 words/s - loss: 0.4625
01:14:30 - process[1]: evaluating epoch 12 on dev ...
01:15:22 - dev set during evaluation: 14470/14463
01:15:22 - process[1] - dev - epoch 12 - mAP: 0.368 w/ 35 queries
01:15:22 - process[1]: evaluating epoch 12 on test ...
01:16:17 - test set during evaluation: 14160/14157
01:16:17 - process[1] - test - epoch 12 - mAP: 0.428 w/ 35 queries
01:16:17 - process[1]: training epoch 13 ...
01:16:33 - process[1] - epoch 13 - train iter 195 - 18476.9 words/s - loss: 0.3661
01:16:33 - process[1]: evaluating epoch 13 on dev ...
01:17:25 - dev set during evaluation: 14470/14463
01:17:25 - process[1] - dev - epoch 13 - mAP: 0.378 w/ 35 queries
01:17:25 - process[1]: evaluating epoch 13 on test ...
01:18:20 - test set during evaluation: 14160/14157
01:18:20 - process[1] - test - epoch 13 - mAP: 0.468 w/ 35 queries
01:18:20 - process[1]: training epoch 14 ...
01:18:37 - process[1] - epoch 14 - train iter 195 - 17062.8 words/s - loss: 0.3531
01:18:37 - process[1]: evaluating epoch 14 on dev ...
01:19:30 - dev set during evaluation: 14470/14463
01:19:30 - process[1] - dev - epoch 14 - mAP: 0.346 w/ 35 queries
01:19:30 - process[1]: training epoch 15 ...
01:19:46 - process[1] - epoch 15 - train iter 195 - 17984.2 words/s - loss: 0.3432
01:19:46 - process[1]: evaluating epoch 15 on dev ...
01:20:37 - dev set during evaluation: 14470/14463
01:20:37 - process[1] - dev - epoch 15 - mAP: 0.387 w/ 35 queries
01:20:37 - process[1]: evaluating epoch 15 on test ...
01:21:32 - test set during evaluation: 14160/14157
01:21:32 - process[1] - test - epoch 15 - mAP: 0.468 w/ 35 queries
01:21:32 - process[1]: training epoch 16 ...
01:21:49 - process[1] - epoch 16 - train iter 195 - 18271.6 words/s - loss: 0.4076
01:21:49 - process[1]: evaluating epoch 16 on dev ...
01:22:42 - dev set during evaluation: 14470/14463
01:22:42 - process[1] - dev - epoch 16 - mAP: 0.371 w/ 35 queries
01:22:42 - process[1]: training epoch 17 ...
01:22:58 - process[1] - epoch 17 - train iter 195 - 18049.9 words/s - loss: 0.4074
01:22:58 - process[1]: evaluating epoch 17 on dev ...
01:23:50 - dev set during evaluation: 14470/14463
01:23:50 - process[1] - dev - epoch 17 - mAP: 0.357 w/ 35 queries
01:23:50 - process[1]: training epoch 18 ...
01:24:07 - process[1] - epoch 18 - train iter 195 - 18531.5 words/s - loss: 0.4008
01:24:07 - process[1]: evaluating epoch 18 on dev ...
01:24:58 - dev set during evaluation: 14470/14463
01:24:58 - process[1] - dev - epoch 18 - mAP: 0.377 w/ 35 queries
01:24:58 - process[1]: training epoch 19 ...
01:25:15 - process[1] - epoch 19 - train iter 195 - 17608.8 words/s - loss: 0.3722
01:25:15 - process[1]: evaluating epoch 19 on dev ...
01:26:07 - dev set during evaluation: 14470/14463
01:26:07 - process[1] - dev - epoch 19 - mAP: 0.397 w/ 35 queries
01:26:07 - process[1]: evaluating epoch 19 on test ...
01:27:02 - test set during evaluation: 14160/14157
01:27:02 - process[1] - test - epoch 19 - mAP: 0.472 w/ 35 queries
01:27:02 - [fold 5] best test MAP: 0.472 @ epoch 19
01:27:02 - [0.4002566975545993, 0.4407444733475131, 0.35853861727144243, 0.3577205800627194, 0.4721001907300892]
01:27:02 - [35, 36, 35, 35, 35]
01:27:02 - final MAP: 0.406
