00:00:05 - Namespace(apex_level='O2', batch_size=8, cased=False, dataset='clef', debug=False, encoder_lr=2e-05, eval_step=1, full_doc_length=True, local_rank=5, model_path='/mnt/scratch/puxuan/short_qlm_0.15/2186792/huggingface-19', model_type='mbert', num_epochs=20, num_ft_encoders=3, num_neg=1, projector_lr=2e-05, seed=611, source_lang='de', target_lang='fr')
00:00:15 - Evaluating every 1 epochs ...
00:00:15 - reading data from /mnt/home/puxuan/CLIR-project/Evaluation_data/process-clef/uncased
00:00:15 - test has 37 queries ...
00:00:15 - Data reading done ...
00:00:22 - adding 9-th encoder to optimizer...
00:00:22 - adding 10-th encoder to optimizer...
00:00:22 - adding 11-th encoder to optimizer...
00:00:23 - process[5]: training epoch 0 ...
00:00:32 - process[5] - epoch 0 - train iter 241 - 20176.1 words/s - loss: 0.6839
00:00:32 - process[5]: training epoch 1 ...
00:00:41 - process[5] - epoch 1 - train iter 241 - 22323.2 words/s - loss: 0.6190
00:00:41 - process[5]: training epoch 2 ...
00:00:51 - process[5] - epoch 2 - train iter 241 - 20832.1 words/s - loss: 0.5570
00:00:51 - process[5]: training epoch 3 ...
00:01:00 - process[5] - epoch 3 - train iter 241 - 21422.7 words/s - loss: 0.5840
00:01:00 - process[5]: training epoch 4 ...
00:01:09 - process[5] - epoch 4 - train iter 241 - 21823.1 words/s - loss: 0.5683
00:01:09 - process[5]: training epoch 5 ...
00:01:18 - process[5] - epoch 5 - train iter 241 - 22430.5 words/s - loss: 0.5292
00:01:18 - process[5]: training epoch 6 ...
00:01:27 - process[5] - epoch 6 - train iter 241 - 21580.5 words/s - loss: 0.4790
00:01:27 - process[5]: training epoch 7 ...
00:01:36 - process[5] - epoch 7 - train iter 241 - 21977.1 words/s - loss: 0.5378
00:01:36 - process[5]: training epoch 8 ...
00:01:45 - process[5] - epoch 8 - train iter 241 - 22670.0 words/s - loss: 0.4932
00:01:45 - process[5]: training epoch 9 ...
00:01:54 - process[5] - epoch 9 - train iter 241 - 20472.7 words/s - loss: 0.4569
00:01:54 - process[5]: training epoch 10 ...
00:02:03 - process[5] - epoch 10 - train iter 241 - 22211.3 words/s - loss: 0.4722
00:02:03 - process[5]: evaluating epoch 10 on dev ...
00:02:22 - process[5] - dev - epoch 10 - mAP: 0.379 w/ 37 queries
00:02:22 - process[5]: evaluating epoch 10 on test ...
00:02:41 - test set during evaluation: 11380/11372
00:02:41 - process[5] - test - epoch 10 - mAP: 0.480 w/ 37 queries
00:02:41 - process[5]: training epoch 11 ...
00:02:49 - process[5] - epoch 11 - train iter 241 - 22514.6 words/s - loss: 0.4582
00:02:49 - process[5]: evaluating epoch 11 on dev ...
00:03:09 - process[5] - dev - epoch 11 - mAP: 0.367 w/ 37 queries
00:03:09 - process[5]: training epoch 12 ...
00:03:19 - process[5] - epoch 12 - train iter 241 - 21353.3 words/s - loss: 0.4798
00:03:19 - process[5]: evaluating epoch 12 on dev ...
00:03:38 - process[5] - dev - epoch 12 - mAP: 0.383 w/ 37 queries
00:03:38 - process[5]: evaluating epoch 12 on test ...
00:03:57 - test set during evaluation: 11380/11372
00:03:57 - process[5] - test - epoch 12 - mAP: 0.502 w/ 37 queries
00:03:57 - process[5]: training epoch 13 ...
00:04:06 - process[5] - epoch 13 - train iter 241 - 21284.7 words/s - loss: 0.4911
00:04:06 - process[5]: evaluating epoch 13 on dev ...
00:04:24 - process[5] - dev - epoch 13 - mAP: 0.386 w/ 37 queries
00:04:24 - process[5]: evaluating epoch 13 on test ...
00:04:43 - test set during evaluation: 11380/11372
00:04:43 - process[5] - test - epoch 13 - mAP: 0.496 w/ 37 queries
00:04:43 - process[5]: training epoch 14 ...
00:04:52 - process[5] - epoch 14 - train iter 241 - 21414.7 words/s - loss: 0.4287
00:04:52 - process[5]: evaluating epoch 14 on dev ...
00:05:11 - process[5] - dev - epoch 14 - mAP: 0.376 w/ 37 queries
00:05:11 - process[5]: training epoch 15 ...
00:05:21 - process[5] - epoch 15 - train iter 241 - 21557.0 words/s - loss: 0.4376
00:05:21 - process[5]: evaluating epoch 15 on dev ...
00:05:39 - process[5] - dev - epoch 15 - mAP: 0.382 w/ 37 queries
00:05:39 - process[5]: training epoch 16 ...
00:05:47 - process[5] - epoch 16 - train iter 241 - 23194.6 words/s - loss: 0.4667
00:05:47 - process[5]: evaluating epoch 16 on dev ...
00:06:07 - process[5] - dev - epoch 16 - mAP: 0.384 w/ 37 queries
00:06:07 - process[5]: training epoch 17 ...
00:06:16 - process[5] - epoch 17 - train iter 241 - 20882.7 words/s - loss: 0.4179
00:06:16 - process[5]: evaluating epoch 17 on dev ...
00:06:34 - process[5] - dev - epoch 17 - mAP: 0.388 w/ 37 queries
00:06:34 - process[5]: evaluating epoch 17 on test ...
00:06:53 - test set during evaluation: 11380/11372
00:06:53 - process[5] - test - epoch 17 - mAP: 0.490 w/ 37 queries
00:06:53 - process[5]: training epoch 18 ...
00:07:02 - process[5] - epoch 18 - train iter 241 - 21795.3 words/s - loss: 0.3722
00:07:02 - process[5]: evaluating epoch 18 on dev ...
00:07:22 - process[5] - dev - epoch 18 - mAP: 0.377 w/ 37 queries
00:07:22 - process[5]: training epoch 19 ...
00:07:31 - process[5] - epoch 19 - train iter 241 - 21152.0 words/s - loss: 0.4384
00:07:31 - process[5]: evaluating epoch 19 on dev ...
00:07:50 - process[5] - dev - epoch 19 - mAP: 0.388 w/ 37 queries
00:07:50 - [fold 1] best test MAP: 0.490 @ epoch 17
00:07:50 - Evaluating every 1 epochs ...
00:07:50 - reading data from /mnt/home/puxuan/CLIR-project/Evaluation_data/process-clef/uncased
00:07:50 - test has 37 queries ...
00:07:50 - Data reading done ...
00:07:52 - adding 9-th encoder to optimizer...
00:07:52 - adding 10-th encoder to optimizer...
00:07:52 - adding 11-th encoder to optimizer...
00:07:52 - process[5]: training epoch 0 ...
00:08:03 - process[5] - epoch 0 - train iter 276 - 21049.4 words/s - loss: 0.6807
00:08:03 - process[5]: training epoch 1 ...
00:08:13 - process[5] - epoch 1 - train iter 276 - 22574.5 words/s - loss: 0.5669
00:08:13 - process[5]: training epoch 2 ...
00:08:25 - process[5] - epoch 2 - train iter 276 - 20425.6 words/s - loss: 0.5563
00:08:25 - process[5]: training epoch 3 ...
00:08:35 - process[5] - epoch 3 - train iter 276 - 21437.1 words/s - loss: 0.5467
00:08:35 - process[5]: training epoch 4 ...
00:08:46 - process[5] - epoch 4 - train iter 276 - 21925.0 words/s - loss: 0.5248
00:08:46 - process[5]: training epoch 5 ...
00:08:56 - process[5] - epoch 5 - train iter 276 - 21751.8 words/s - loss: 0.5347
00:08:56 - process[5]: training epoch 6 ...
00:09:06 - process[5] - epoch 6 - train iter 276 - 21808.2 words/s - loss: 0.5192
00:09:06 - process[5]: training epoch 7 ...
00:09:17 - process[5] - epoch 7 - train iter 276 - 20870.0 words/s - loss: 0.5011
00:09:17 - process[5]: training epoch 8 ...
00:09:27 - process[5] - epoch 8 - train iter 276 - 22310.2 words/s - loss: 0.4939
00:09:27 - process[5]: training epoch 9 ...
00:09:38 - process[5] - epoch 9 - train iter 276 - 20419.8 words/s - loss: 0.5176
00:09:38 - process[5]: training epoch 10 ...
00:09:50 - process[5] - epoch 10 - train iter 276 - 19542.6 words/s - loss: 0.5151
00:09:50 - process[5]: evaluating epoch 10 on dev ...
00:10:13 - dev set during evaluation: 11380/11372
00:10:13 - process[5] - dev - epoch 10 - mAP: 0.502 w/ 37 queries
00:10:13 - process[5]: evaluating epoch 10 on test ...
00:10:31 - process[5] - test - epoch 10 - mAP: 0.376 w/ 37 queries
00:10:31 - process[5]: training epoch 11 ...
00:10:41 - process[5] - epoch 11 - train iter 276 - 20950.4 words/s - loss: 0.4168
00:10:41 - process[5]: evaluating epoch 11 on dev ...
00:11:00 - dev set during evaluation: 11380/11372
00:11:00 - process[5] - dev - epoch 11 - mAP: 0.483 w/ 37 queries
00:11:00 - process[5]: training epoch 12 ...
00:11:11 - process[5] - epoch 12 - train iter 276 - 20219.2 words/s - loss: 0.4830
00:11:11 - process[5]: evaluating epoch 12 on dev ...
00:11:30 - dev set during evaluation: 11380/11372
00:11:30 - process[5] - dev - epoch 12 - mAP: 0.447 w/ 37 queries
00:11:30 - process[5]: training epoch 13 ...
00:11:41 - process[5] - epoch 13 - train iter 276 - 21152.3 words/s - loss: 0.4891
00:11:41 - process[5]: evaluating epoch 13 on dev ...
00:12:00 - dev set during evaluation: 11380/11372
00:12:00 - process[5] - dev - epoch 13 - mAP: 0.468 w/ 37 queries
00:12:00 - process[5]: training epoch 14 ...
00:12:11 - process[5] - epoch 14 - train iter 276 - 21307.2 words/s - loss: 0.4756
00:12:11 - process[5]: evaluating epoch 14 on dev ...
00:12:29 - dev set during evaluation: 11380/11372
00:12:29 - process[5] - dev - epoch 14 - mAP: 0.509 w/ 37 queries
00:12:29 - process[5]: evaluating epoch 14 on test ...
00:12:46 - process[5] - test - epoch 14 - mAP: 0.403 w/ 37 queries
00:12:46 - process[5]: training epoch 15 ...
00:12:57 - process[5] - epoch 15 - train iter 276 - 21279.0 words/s - loss: 0.4552
00:12:57 - process[5]: evaluating epoch 15 on dev ...
00:13:16 - dev set during evaluation: 11380/11372
00:13:16 - process[5] - dev - epoch 15 - mAP: 0.510 w/ 37 queries
00:13:16 - process[5]: evaluating epoch 15 on test ...
00:13:33 - process[5] - test - epoch 15 - mAP: 0.419 w/ 37 queries
00:13:33 - process[5]: training epoch 16 ...
00:13:43 - process[5] - epoch 16 - train iter 276 - 22122.2 words/s - loss: 0.4511
00:13:43 - process[5]: evaluating epoch 16 on dev ...
00:14:03 - dev set during evaluation: 11380/11372
00:14:03 - process[5] - dev - epoch 16 - mAP: 0.471 w/ 37 queries
00:14:03 - process[5]: training epoch 17 ...
00:14:14 - process[5] - epoch 17 - train iter 276 - 20583.1 words/s - loss: 0.4468
00:14:14 - process[5]: evaluating epoch 17 on dev ...
00:14:32 - dev set during evaluation: 11380/11372
00:14:32 - process[5] - dev - epoch 17 - mAP: 0.477 w/ 37 queries
00:14:33 - process[5]: training epoch 18 ...
00:14:43 - process[5] - epoch 18 - train iter 276 - 20830.0 words/s - loss: 0.4051
00:14:43 - process[5]: evaluating epoch 18 on dev ...
00:15:02 - dev set during evaluation: 11380/11372
00:15:02 - process[5] - dev - epoch 18 - mAP: 0.502 w/ 37 queries
00:15:02 - process[5]: training epoch 19 ...
00:15:13 - process[5] - epoch 19 - train iter 276 - 20907.3 words/s - loss: 0.4534
00:15:13 - process[5]: evaluating epoch 19 on dev ...
00:15:32 - dev set during evaluation: 11380/11372
00:15:32 - process[5] - dev - epoch 19 - mAP: 0.523 w/ 37 queries
00:15:32 - process[5]: evaluating epoch 19 on test ...
00:15:49 - process[5] - test - epoch 19 - mAP: 0.419 w/ 37 queries
00:15:49 - [fold 2] best test MAP: 0.419 @ epoch 19
00:15:49 - Evaluating every 1 epochs ...
00:15:49 - reading data from /mnt/home/puxuan/CLIR-project/Evaluation_data/process-clef/uncased
00:15:50 - test has 37 queries ...
00:15:50 - Data reading done ...
00:15:51 - adding 9-th encoder to optimizer...
00:15:51 - adding 10-th encoder to optimizer...
00:15:51 - adding 11-th encoder to optimizer...
00:15:52 - process[5]: training epoch 0 ...
00:16:01 - process[5] - epoch 0 - train iter 240 - 21324.5 words/s - loss: 0.6869
00:16:01 - process[5]: training epoch 1 ...
00:16:10 - process[5] - epoch 1 - train iter 240 - 21167.3 words/s - loss: 0.6218
00:16:10 - process[5]: training epoch 2 ...
00:16:19 - process[5] - epoch 2 - train iter 240 - 21540.3 words/s - loss: 0.5258
00:16:19 - process[5]: training epoch 3 ...
00:16:28 - process[5] - epoch 3 - train iter 240 - 21242.5 words/s - loss: 0.5782
00:16:28 - process[5]: training epoch 4 ...
00:16:37 - process[5] - epoch 4 - train iter 240 - 21944.8 words/s - loss: 0.5642
00:16:37 - process[5]: training epoch 5 ...
00:16:46 - process[5] - epoch 5 - train iter 240 - 21654.4 words/s - loss: 0.5446
00:16:46 - process[5]: training epoch 6 ...
00:16:55 - process[5] - epoch 6 - train iter 240 - 21283.3 words/s - loss: 0.5085
00:16:55 - process[5]: training epoch 7 ...
00:17:04 - process[5] - epoch 7 - train iter 240 - 21473.2 words/s - loss: 0.4990
00:17:04 - process[5]: training epoch 8 ...
00:17:13 - process[5] - epoch 8 - train iter 240 - 21774.4 words/s - loss: 0.4931
00:17:13 - process[5]: training epoch 9 ...
00:17:22 - process[5] - epoch 9 - train iter 240 - 21214.0 words/s - loss: 0.4866
00:17:22 - process[5]: training epoch 10 ...
00:17:31 - process[5] - epoch 10 - train iter 240 - 21277.9 words/s - loss: 0.4715
00:17:31 - process[5]: evaluating epoch 10 on dev ...
00:17:50 - process[5] - dev - epoch 10 - mAP: 0.376 w/ 37 queries
00:17:50 - process[5]: evaluating epoch 10 on test ...
00:18:11 - test set during evaluation: 11210/11201
00:18:11 - process[5] - test - epoch 10 - mAP: 0.430 w/ 37 queries
00:18:11 - process[5]: training epoch 11 ...
00:18:20 - process[5] - epoch 11 - train iter 240 - 22313.2 words/s - loss: 0.4864
00:18:20 - process[5]: evaluating epoch 11 on dev ...
00:18:38 - process[5] - dev - epoch 11 - mAP: 0.364 w/ 37 queries
00:18:38 - process[5]: training epoch 12 ...
00:18:46 - process[5] - epoch 12 - train iter 240 - 22567.2 words/s - loss: 0.4665
00:18:46 - process[5]: evaluating epoch 12 on dev ...
00:19:04 - process[5] - dev - epoch 12 - mAP: 0.362 w/ 37 queries
00:19:04 - process[5]: training epoch 13 ...
00:19:13 - process[5] - epoch 13 - train iter 240 - 22275.8 words/s - loss: 0.4524
00:19:13 - process[5]: evaluating epoch 13 on dev ...
00:19:30 - process[5] - dev - epoch 13 - mAP: 0.368 w/ 37 queries
00:19:30 - process[5]: training epoch 14 ...
00:19:40 - process[5] - epoch 14 - train iter 240 - 20371.0 words/s - loss: 0.4872
00:19:40 - process[5]: evaluating epoch 14 on dev ...
00:19:58 - process[5] - dev - epoch 14 - mAP: 0.368 w/ 37 queries
00:19:58 - process[5]: training epoch 15 ...
00:20:07 - process[5] - epoch 15 - train iter 240 - 21395.0 words/s - loss: 0.4649
00:20:07 - process[5]: evaluating epoch 15 on dev ...
00:20:24 - process[5] - dev - epoch 15 - mAP: 0.374 w/ 37 queries
00:20:24 - process[5]: training epoch 16 ...
00:20:33 - process[5] - epoch 16 - train iter 240 - 20965.0 words/s - loss: 0.4611
00:20:33 - process[5]: evaluating epoch 16 on dev ...
00:20:51 - process[5] - dev - epoch 16 - mAP: 0.384 w/ 37 queries
00:20:51 - process[5]: evaluating epoch 16 on test ...
00:21:11 - test set during evaluation: 11210/11201
00:21:12 - process[5] - test - epoch 16 - mAP: 0.443 w/ 37 queries
00:21:12 - process[5]: training epoch 17 ...
00:21:20 - process[5] - epoch 17 - train iter 240 - 21665.4 words/s - loss: 0.4157
00:21:20 - process[5]: evaluating epoch 17 on dev ...
00:21:38 - process[5] - dev - epoch 17 - mAP: 0.372 w/ 37 queries
00:21:38 - process[5]: training epoch 18 ...
00:21:47 - process[5] - epoch 18 - train iter 240 - 20853.3 words/s - loss: 0.4322
00:21:47 - process[5]: evaluating epoch 18 on dev ...
00:22:04 - process[5] - dev - epoch 18 - mAP: 0.369 w/ 37 queries
00:22:04 - process[5]: training epoch 19 ...
00:22:13 - process[5] - epoch 19 - train iter 240 - 22142.9 words/s - loss: 0.4542
00:22:13 - process[5]: evaluating epoch 19 on dev ...
00:22:31 - process[5] - dev - epoch 19 - mAP: 0.365 w/ 37 queries
00:22:31 - [fold 3] best test MAP: 0.443 @ epoch 16
00:22:31 - Evaluating every 1 epochs ...
00:22:31 - reading data from /mnt/home/puxuan/CLIR-project/Evaluation_data/process-clef/uncased
00:22:31 - test has 37 queries ...
00:22:31 - Data reading done ...
00:22:33 - adding 9-th encoder to optimizer...
00:22:33 - adding 10-th encoder to optimizer...
00:22:33 - adding 11-th encoder to optimizer...
00:22:33 - process[5]: training epoch 0 ...
00:22:42 - process[5] - epoch 0 - train iter 231 - 20768.4 words/s - loss: 0.6831
00:22:42 - process[5]: training epoch 1 ...
00:22:51 - process[5] - epoch 1 - train iter 231 - 21202.5 words/s - loss: 0.5983
00:22:51 - process[5]: training epoch 2 ...
00:23:00 - process[5] - epoch 2 - train iter 231 - 20657.6 words/s - loss: 0.5868
00:23:00 - process[5]: training epoch 3 ...
00:23:09 - process[5] - epoch 3 - train iter 231 - 20919.1 words/s - loss: 0.5509
00:23:09 - process[5]: training epoch 4 ...
00:23:18 - process[5] - epoch 4 - train iter 231 - 21244.1 words/s - loss: 0.5723
00:23:18 - process[5]: training epoch 5 ...
00:23:27 - process[5] - epoch 5 - train iter 231 - 20986.9 words/s - loss: 0.4870
00:23:27 - process[5]: training epoch 6 ...
00:23:35 - process[5] - epoch 6 - train iter 231 - 20934.2 words/s - loss: 0.5550
00:23:35 - process[5]: training epoch 7 ...
00:23:44 - process[5] - epoch 7 - train iter 231 - 21675.0 words/s - loss: 0.5220
00:23:44 - process[5]: training epoch 8 ...
00:23:52 - process[5] - epoch 8 - train iter 231 - 21404.6 words/s - loss: 0.5447
00:23:52 - process[5]: training epoch 9 ...
00:24:01 - process[5] - epoch 9 - train iter 231 - 21235.8 words/s - loss: 0.4851
00:24:01 - process[5]: training epoch 10 ...
00:24:10 - process[5] - epoch 10 - train iter 231 - 21171.9 words/s - loss: 0.4642
00:24:10 - process[5]: evaluating epoch 10 on dev ...
00:24:31 - dev set during evaluation: 11210/11201
00:24:31 - process[5] - dev - epoch 10 - mAP: 0.423 w/ 37 queries
00:24:31 - process[5]: evaluating epoch 10 on test ...
00:24:49 - test set during evaluation: 10640/10633
00:24:49 - process[5] - test - epoch 10 - mAP: 0.349 w/ 37 queries
00:24:49 - process[5]: training epoch 11 ...
00:24:58 - process[5] - epoch 11 - train iter 231 - 22055.0 words/s - loss: 0.4608
00:24:58 - process[5]: evaluating epoch 11 on dev ...
00:25:19 - dev set during evaluation: 11210/11201
00:25:19 - process[5] - dev - epoch 11 - mAP: 0.449 w/ 37 queries
00:25:19 - process[5]: evaluating epoch 11 on test ...
00:25:37 - test set during evaluation: 10640/10633
00:25:37 - process[5] - test - epoch 11 - mAP: 0.395 w/ 37 queries
00:25:37 - process[5]: training epoch 12 ...
00:25:46 - process[5] - epoch 12 - train iter 231 - 21501.7 words/s - loss: 0.4607
00:25:46 - process[5]: evaluating epoch 12 on dev ...
00:26:08 - dev set during evaluation: 11210/11201
00:26:08 - process[5] - dev - epoch 12 - mAP: 0.420 w/ 37 queries
00:26:08 - process[5]: training epoch 13 ...
00:26:16 - process[5] - epoch 13 - train iter 231 - 20742.9 words/s - loss: 0.4743
00:26:16 - process[5]: evaluating epoch 13 on dev ...
00:26:36 - dev set during evaluation: 11210/11201
00:26:36 - process[5] - dev - epoch 13 - mAP: 0.405 w/ 37 queries
00:26:36 - process[5]: training epoch 14 ...
00:26:45 - process[5] - epoch 14 - train iter 231 - 21358.7 words/s - loss: 0.4945
00:26:45 - process[5]: evaluating epoch 14 on dev ...
00:27:05 - dev set during evaluation: 11210/11201
00:27:05 - process[5] - dev - epoch 14 - mAP: 0.432 w/ 37 queries
00:27:05 - process[5]: training epoch 15 ...
00:27:14 - process[5] - epoch 15 - train iter 231 - 21470.5 words/s - loss: 0.4681
00:27:14 - process[5]: evaluating epoch 15 on dev ...
00:27:33 - dev set during evaluation: 11210/11201
00:27:33 - process[5] - dev - epoch 15 - mAP: 0.432 w/ 37 queries
00:27:33 - process[5]: training epoch 16 ...
00:27:42 - process[5] - epoch 16 - train iter 231 - 22569.7 words/s - loss: 0.4281
00:27:42 - process[5]: evaluating epoch 16 on dev ...
00:28:02 - dev set during evaluation: 11210/11201
00:28:02 - process[5] - dev - epoch 16 - mAP: 0.410 w/ 37 queries
00:28:02 - process[5]: training epoch 17 ...
00:28:10 - process[5] - epoch 17 - train iter 231 - 22120.5 words/s - loss: 0.4650
00:28:10 - process[5]: evaluating epoch 17 on dev ...
00:28:30 - dev set during evaluation: 11210/11201
00:28:30 - process[5] - dev - epoch 17 - mAP: 0.406 w/ 37 queries
00:28:30 - process[5]: training epoch 18 ...
00:28:39 - process[5] - epoch 18 - train iter 231 - 21687.9 words/s - loss: 0.4350
00:28:39 - process[5]: evaluating epoch 18 on dev ...
00:28:58 - dev set during evaluation: 11210/11201
00:28:58 - process[5] - dev - epoch 18 - mAP: 0.418 w/ 37 queries
00:28:58 - process[5]: training epoch 19 ...
00:29:07 - process[5] - epoch 19 - train iter 231 - 22771.6 words/s - loss: 0.4239
00:29:07 - process[5]: evaluating epoch 19 on dev ...
00:29:27 - dev set during evaluation: 11210/11201
00:29:27 - process[5] - dev - epoch 19 - mAP: 0.423 w/ 37 queries
00:29:27 - [fold 4] best test MAP: 0.395 @ epoch 11
00:29:27 - Evaluating every 1 epochs ...
00:29:27 - reading data from /mnt/home/puxuan/CLIR-project/Evaluation_data/process-clef/uncased
00:29:27 - test has 37 queries ...
00:29:27 - Data reading done ...
00:29:29 - adding 9-th encoder to optimizer...
00:29:29 - adding 10-th encoder to optimizer...
00:29:29 - adding 11-th encoder to optimizer...
00:29:29 - process[5]: training epoch 0 ...
00:29:38 - process[5] - epoch 0 - train iter 235 - 22310.4 words/s - loss: 0.6844
00:29:38 - process[5]: training epoch 1 ...
00:29:47 - process[5] - epoch 1 - train iter 235 - 21929.5 words/s - loss: 0.5970
00:29:47 - process[5]: training epoch 2 ...
00:29:56 - process[5] - epoch 2 - train iter 235 - 20958.0 words/s - loss: 0.5715
00:29:56 - process[5]: training epoch 3 ...
00:30:05 - process[5] - epoch 3 - train iter 235 - 20113.1 words/s - loss: 0.5257
00:30:05 - process[5]: training epoch 4 ...
00:30:14 - process[5] - epoch 4 - train iter 235 - 21702.1 words/s - loss: 0.5565
00:30:14 - process[5]: training epoch 5 ...
00:30:23 - process[5] - epoch 5 - train iter 235 - 21915.5 words/s - loss: 0.5345
00:30:23 - process[5]: training epoch 6 ...
00:30:31 - process[5] - epoch 6 - train iter 235 - 21507.2 words/s - loss: 0.4987
00:30:31 - process[5]: training epoch 7 ...
00:30:40 - process[5] - epoch 7 - train iter 235 - 21907.7 words/s - loss: 0.5444
00:30:40 - process[5]: training epoch 8 ...
00:30:49 - process[5] - epoch 8 - train iter 235 - 21871.3 words/s - loss: 0.4670
00:30:49 - process[5]: training epoch 9 ...
00:30:58 - process[5] - epoch 9 - train iter 235 - 21533.0 words/s - loss: 0.5094
00:30:58 - process[5]: training epoch 10 ...
00:31:07 - process[5] - epoch 10 - train iter 235 - 21268.9 words/s - loss: 0.4886
00:31:07 - process[5]: evaluating epoch 10 on dev ...
00:31:29 - dev set during evaluation: 10640/10633
00:31:29 - process[5] - dev - epoch 10 - mAP: 0.346 w/ 37 queries
00:31:29 - process[5]: evaluating epoch 10 on test ...
00:31:47 - process[5] - test - epoch 10 - mAP: 0.377 w/ 37 queries
00:31:47 - process[5]: training epoch 11 ...
00:31:56 - process[5] - epoch 11 - train iter 235 - 20812.9 words/s - loss: 0.4646
00:31:56 - process[5]: evaluating epoch 11 on dev ...
00:32:15 - dev set during evaluation: 10640/10633
00:32:15 - process[5] - dev - epoch 11 - mAP: 0.350 w/ 37 queries
00:32:15 - process[5]: evaluating epoch 11 on test ...
00:32:34 - process[5] - test - epoch 11 - mAP: 0.393 w/ 37 queries
00:32:34 - process[5]: training epoch 12 ...
00:32:43 - process[5] - epoch 12 - train iter 235 - 21245.2 words/s - loss: 0.4945
00:32:43 - process[5]: evaluating epoch 12 on dev ...
00:33:01 - dev set during evaluation: 10640/10633
00:33:01 - process[5] - dev - epoch 12 - mAP: 0.355 w/ 37 queries
00:33:01 - process[5]: evaluating epoch 12 on test ...
00:33:19 - process[5] - test - epoch 12 - mAP: 0.384 w/ 37 queries
00:33:19 - process[5]: training epoch 13 ...
00:33:29 - process[5] - epoch 13 - train iter 235 - 19737.6 words/s - loss: 0.4760
00:33:29 - process[5]: evaluating epoch 13 on dev ...
00:33:46 - dev set during evaluation: 10640/10633
00:33:46 - process[5] - dev - epoch 13 - mAP: 0.357 w/ 37 queries
00:33:46 - process[5]: evaluating epoch 13 on test ...
00:34:05 - process[5] - test - epoch 13 - mAP: 0.370 w/ 37 queries
00:34:05 - process[5]: training epoch 14 ...
00:34:14 - process[5] - epoch 14 - train iter 235 - 20912.2 words/s - loss: 0.4693
00:34:14 - process[5]: evaluating epoch 14 on dev ...
00:34:32 - dev set during evaluation: 10640/10633
00:34:32 - process[5] - dev - epoch 14 - mAP: 0.348 w/ 37 queries
00:34:32 - process[5]: training epoch 15 ...
00:34:41 - process[5] - epoch 15 - train iter 235 - 21018.4 words/s - loss: 0.4470
00:34:41 - process[5]: evaluating epoch 15 on dev ...
00:34:59 - dev set during evaluation: 10640/10633
00:34:59 - process[5] - dev - epoch 15 - mAP: 0.376 w/ 37 queries
00:34:59 - process[5]: evaluating epoch 15 on test ...
00:35:18 - process[5] - test - epoch 15 - mAP: 0.393 w/ 37 queries
00:35:18 - process[5]: training epoch 16 ...
00:35:27 - process[5] - epoch 16 - train iter 235 - 21639.7 words/s - loss: 0.4549
00:35:27 - process[5]: evaluating epoch 16 on dev ...
00:35:45 - dev set during evaluation: 10640/10633
00:35:45 - process[5] - dev - epoch 16 - mAP: 0.329 w/ 37 queries
00:35:45 - process[5]: training epoch 17 ...
00:35:54 - process[5] - epoch 17 - train iter 235 - 20813.2 words/s - loss: 0.4782
00:35:54 - process[5]: evaluating epoch 17 on dev ...
00:36:12 - dev set during evaluation: 10640/10633
00:36:12 - process[5] - dev - epoch 17 - mAP: 0.340 w/ 37 queries
00:36:12 - process[5]: training epoch 18 ...
00:36:21 - process[5] - epoch 18 - train iter 235 - 22988.9 words/s - loss: 0.4287
00:36:21 - process[5]: evaluating epoch 18 on dev ...
00:36:40 - dev set during evaluation: 10640/10633
00:36:40 - process[5] - dev - epoch 18 - mAP: 0.369 w/ 37 queries
00:36:40 - process[5]: training epoch 19 ...
00:36:49 - process[5] - epoch 19 - train iter 235 - 21715.1 words/s - loss: 0.4021
00:36:49 - process[5]: evaluating epoch 19 on dev ...
00:37:07 - dev set during evaluation: 10640/10633
00:37:07 - process[5] - dev - epoch 19 - mAP: 0.362 w/ 37 queries
00:37:07 - [fold 5] best test MAP: 0.393 @ epoch 15
00:37:07 - [0.4898623313583045, 0.4185220964765506, 0.44294382785814423, 0.39495131724013693, 0.39279692624396867]
00:37:07 - [37, 37, 37, 37, 37]
00:37:07 - final MAP: 0.428
00:00:06 - Namespace(apex_level='O2', batch_size=8, cased=False, dataset='clef', debug=False, encoder_lr=2e-05, eval_step=1, full_doc_length=True, local_rank=5, model_path='/mnt/scratch/puxuan/short_qlm_0.15/2186792/huggingface-19', model_type='mbert', num_epochs=20, num_ft_encoders=3, num_neg=1, projector_lr=2e-05, seed=611, source_lang='de', target_lang='fr')
00:00:17 - Evaluating every 1 epochs ...
00:00:17 - reading data from /mnt/home/puxuan/CLIR-project/Evaluation_data/process-clef/uncased
00:00:18 - test has 37 queries ...
00:00:18 - Data reading done ...
00:00:24 - adding 9-th encoder to optimizer...
00:00:24 - adding 10-th encoder to optimizer...
00:00:24 - adding 11-th encoder to optimizer...
00:00:25 - process[5]: training epoch 0 ...
00:00:34 - process[5] - epoch 0 - train iter 241 - 20174.1 words/s - loss: 0.6839
00:00:34 - process[5]: training epoch 1 ...
00:00:43 - process[5] - epoch 1 - train iter 241 - 22159.1 words/s - loss: 0.6190
00:00:43 - process[5]: training epoch 2 ...
00:00:53 - process[5] - epoch 2 - train iter 241 - 20952.2 words/s - loss: 0.5570
00:00:53 - process[5]: training epoch 3 ...
00:01:02 - process[5] - epoch 3 - train iter 241 - 21568.3 words/s - loss: 0.5840
00:01:02 - process[5]: training epoch 4 ...
00:01:11 - process[5] - epoch 4 - train iter 241 - 21991.9 words/s - loss: 0.5683
00:01:11 - process[5]: training epoch 5 ...
00:01:20 - process[5] - epoch 5 - train iter 241 - 22545.4 words/s - loss: 0.5292
00:01:20 - process[5]: training epoch 6 ...
00:01:29 - process[5] - epoch 6 - train iter 241 - 21738.5 words/s - loss: 0.4790
00:01:29 - process[5]: training epoch 7 ...
00:01:38 - process[5] - epoch 7 - train iter 241 - 22098.7 words/s - loss: 0.5378
00:01:38 - process[5]: training epoch 8 ...
00:01:46 - process[5] - epoch 8 - train iter 241 - 22690.7 words/s - loss: 0.4932
00:01:46 - process[5]: training epoch 9 ...
00:01:56 - process[5] - epoch 9 - train iter 241 - 20417.0 words/s - loss: 0.4569
00:01:56 - process[5]: training epoch 10 ...
00:02:05 - process[5] - epoch 10 - train iter 241 - 22191.4 words/s - loss: 0.4722
00:02:05 - process[5]: evaluating epoch 10 on dev ...
00:02:26 - process[5] - dev - epoch 10 - mAP: 0.379 w/ 37 queries
00:02:26 - process[5]: evaluating epoch 10 on test ...
00:02:45 - test set during evaluation: 11380/11372
00:02:45 - process[5] - test - epoch 10 - mAP: 0.480 w/ 37 queries
00:02:45 - process[5]: training epoch 11 ...
00:02:53 - process[5] - epoch 11 - train iter 241 - 22630.7 words/s - loss: 0.4582
00:02:53 - process[5]: evaluating epoch 11 on dev ...
00:03:13 - process[5] - dev - epoch 11 - mAP: 0.367 w/ 37 queries
00:03:13 - process[5]: training epoch 12 ...
00:03:22 - process[5] - epoch 12 - train iter 241 - 21554.0 words/s - loss: 0.4798
00:03:22 - process[5]: evaluating epoch 12 on dev ...
00:03:42 - process[5] - dev - epoch 12 - mAP: 0.383 w/ 37 queries
00:03:42 - process[5]: evaluating epoch 12 on test ...
00:04:01 - test set during evaluation: 11380/11372
00:04:01 - process[5] - test - epoch 12 - mAP: 0.502 w/ 37 queries
00:04:01 - process[5]: training epoch 13 ...
00:04:11 - process[5] - epoch 13 - train iter 241 - 20517.9 words/s - loss: 0.4911
00:04:11 - process[5]: evaluating epoch 13 on dev ...
00:04:29 - process[5] - dev - epoch 13 - mAP: 0.386 w/ 37 queries
00:04:29 - process[5]: evaluating epoch 13 on test ...
00:04:48 - test set during evaluation: 11380/11372
00:04:48 - process[5] - test - epoch 13 - mAP: 0.496 w/ 37 queries
00:04:48 - process[5]: training epoch 14 ...
00:04:58 - process[5] - epoch 14 - train iter 241 - 21427.5 words/s - loss: 0.4287
00:04:58 - process[5]: evaluating epoch 14 on dev ...
00:05:16 - process[5] - dev - epoch 14 - mAP: 0.376 w/ 37 queries
00:05:16 - process[5]: training epoch 15 ...
00:05:26 - process[5] - epoch 15 - train iter 241 - 21400.8 words/s - loss: 0.4376
00:05:26 - process[5]: evaluating epoch 15 on dev ...
00:05:44 - process[5] - dev - epoch 15 - mAP: 0.382 w/ 37 queries
00:05:44 - process[5]: training epoch 16 ...
00:05:52 - process[5] - epoch 16 - train iter 241 - 23354.9 words/s - loss: 0.4667
00:05:52 - process[5]: evaluating epoch 16 on dev ...
00:06:12 - process[5] - dev - epoch 16 - mAP: 0.384 w/ 37 queries
00:06:12 - process[5]: training epoch 17 ...
00:06:21 - process[5] - epoch 17 - train iter 241 - 20933.6 words/s - loss: 0.4179
00:06:21 - process[5]: evaluating epoch 17 on dev ...
00:06:39 - process[5] - dev - epoch 17 - mAP: 0.388 w/ 37 queries
00:06:39 - process[5]: evaluating epoch 17 on test ...
00:06:58 - test set during evaluation: 11380/11372
00:06:58 - process[5] - test - epoch 17 - mAP: 0.490 w/ 37 queries
00:06:58 - process[5]: training epoch 18 ...
00:07:07 - process[5] - epoch 18 - train iter 241 - 21703.5 words/s - loss: 0.3722
00:07:07 - process[5]: evaluating epoch 18 on dev ...
00:07:26 - process[5] - dev - epoch 18 - mAP: 0.377 w/ 37 queries
00:07:26 - process[5]: training epoch 19 ...
00:07:35 - process[5] - epoch 19 - train iter 241 - 21162.0 words/s - loss: 0.4384
00:07:35 - process[5]: evaluating epoch 19 on dev ...
00:07:54 - process[5] - dev - epoch 19 - mAP: 0.388 w/ 37 queries
00:07:54 - [fold 1] best test MAP: 0.490 @ epoch 17
00:07:54 - Evaluating every 1 epochs ...
00:07:54 - reading data from /mnt/home/puxuan/CLIR-project/Evaluation_data/process-clef/uncased
00:07:54 - test has 37 queries ...
00:07:54 - Data reading done ...
00:07:56 - adding 9-th encoder to optimizer...
00:07:56 - adding 10-th encoder to optimizer...
00:07:56 - adding 11-th encoder to optimizer...
00:07:56 - process[5]: training epoch 0 ...
00:08:07 - process[5] - epoch 0 - train iter 276 - 21040.2 words/s - loss: 0.6807
00:08:07 - process[5]: training epoch 1 ...
00:08:17 - process[5] - epoch 1 - train iter 276 - 22563.9 words/s - loss: 0.5669
00:08:17 - process[5]: training epoch 2 ...
00:08:29 - process[5] - epoch 2 - train iter 276 - 20411.1 words/s - loss: 0.5563
00:08:29 - process[5]: training epoch 3 ...
00:08:39 - process[5] - epoch 3 - train iter 276 - 21455.8 words/s - loss: 0.5467
00:08:39 - process[5]: training epoch 4 ...
00:08:50 - process[5] - epoch 4 - train iter 276 - 21923.0 words/s - loss: 0.5248
00:08:50 - process[5]: training epoch 5 ...
00:09:00 - process[5] - epoch 5 - train iter 276 - 21807.2 words/s - loss: 0.5347
00:09:00 - process[5]: training epoch 6 ...
00:09:10 - process[5] - epoch 6 - train iter 276 - 21830.3 words/s - loss: 0.5192
00:09:10 - process[5]: training epoch 7 ...
00:09:21 - process[5] - epoch 7 - train iter 276 - 20945.0 words/s - loss: 0.5011
00:09:21 - process[5]: training epoch 8 ...
00:09:31 - process[5] - epoch 8 - train iter 276 - 22327.3 words/s - loss: 0.4939
00:09:31 - process[5]: training epoch 9 ...
00:09:42 - process[5] - epoch 9 - train iter 276 - 20441.2 words/s - loss: 0.5176
00:09:42 - process[5]: training epoch 10 ...
00:09:53 - process[5] - epoch 10 - train iter 276 - 19619.2 words/s - loss: 0.5151
00:09:53 - process[5]: evaluating epoch 10 on dev ...
00:10:22 - dev set during evaluation: 11380/11372
00:10:22 - process[5] - dev - epoch 10 - mAP: 0.502 w/ 37 queries
00:10:22 - process[5]: evaluating epoch 10 on test ...
00:10:40 - process[5] - test - epoch 10 - mAP: 0.376 w/ 37 queries
00:10:40 - process[5]: training epoch 11 ...
00:10:50 - process[5] - epoch 11 - train iter 276 - 20902.0 words/s - loss: 0.4168
00:10:50 - process[5]: evaluating epoch 11 on dev ...
00:11:09 - dev set during evaluation: 11380/11372
00:11:09 - process[5] - dev - epoch 11 - mAP: 0.483 w/ 37 queries
00:11:09 - process[5]: training epoch 12 ...
00:11:21 - process[5] - epoch 12 - train iter 276 - 20171.8 words/s - loss: 0.4830
00:11:21 - process[5]: evaluating epoch 12 on dev ...
00:11:39 - dev set during evaluation: 11380/11372
00:11:39 - process[5] - dev - epoch 12 - mAP: 0.447 w/ 37 queries
00:11:39 - process[5]: training epoch 13 ...
00:11:49 - process[5] - epoch 13 - train iter 276 - 21223.0 words/s - loss: 0.4891
00:11:49 - process[5]: evaluating epoch 13 on dev ...
00:12:08 - dev set during evaluation: 11380/11372
00:12:08 - process[5] - dev - epoch 13 - mAP: 0.468 w/ 37 queries
00:12:08 - process[5]: training epoch 14 ...
00:12:19 - process[5] - epoch 14 - train iter 276 - 21332.1 words/s - loss: 0.4756
00:12:19 - process[5]: evaluating epoch 14 on dev ...
00:12:37 - dev set during evaluation: 11380/11372
00:12:38 - process[5] - dev - epoch 14 - mAP: 0.509 w/ 37 queries
00:12:38 - process[5]: evaluating epoch 14 on test ...
00:12:55 - process[5] - test - epoch 14 - mAP: 0.403 w/ 37 queries
00:12:55 - process[5]: training epoch 15 ...
00:13:05 - process[5] - epoch 15 - train iter 276 - 21467.8 words/s - loss: 0.4552
00:13:05 - process[5]: evaluating epoch 15 on dev ...
00:13:24 - dev set during evaluation: 11380/11372
00:13:24 - process[5] - dev - epoch 15 - mAP: 0.510 w/ 37 queries
00:13:24 - process[5]: evaluating epoch 15 on test ...
00:13:41 - process[5] - test - epoch 15 - mAP: 0.419 w/ 37 queries
00:13:41 - process[5]: training epoch 16 ...
00:13:51 - process[5] - epoch 16 - train iter 276 - 22127.5 words/s - loss: 0.4511
00:13:51 - process[5]: evaluating epoch 16 on dev ...
00:14:10 - dev set during evaluation: 11380/11372
00:14:10 - process[5] - dev - epoch 16 - mAP: 0.471 w/ 37 queries
00:14:10 - process[5]: training epoch 17 ...
00:14:21 - process[5] - epoch 17 - train iter 276 - 20691.1 words/s - loss: 0.4468
00:14:21 - process[5]: evaluating epoch 17 on dev ...
00:14:40 - dev set during evaluation: 11380/11372
00:14:40 - process[5] - dev - epoch 17 - mAP: 0.477 w/ 37 queries
00:14:40 - process[5]: training epoch 18 ...
00:14:50 - process[5] - epoch 18 - train iter 276 - 20908.0 words/s - loss: 0.4051
00:14:50 - process[5]: evaluating epoch 18 on dev ...
00:15:09 - dev set during evaluation: 11380/11372
00:15:09 - process[5] - dev - epoch 18 - mAP: 0.502 w/ 37 queries
00:15:09 - process[5]: training epoch 19 ...
00:15:20 - process[5] - epoch 19 - train iter 276 - 20825.7 words/s - loss: 0.4534
00:15:20 - process[5]: evaluating epoch 19 on dev ...
00:15:39 - dev set during evaluation: 11380/11372
00:15:39 - process[5] - dev - epoch 19 - mAP: 0.523 w/ 37 queries
00:15:39 - process[5]: evaluating epoch 19 on test ...
00:15:56 - process[5] - test - epoch 19 - mAP: 0.419 w/ 37 queries
00:15:56 - [fold 2] best test MAP: 0.419 @ epoch 19
00:15:56 - Evaluating every 1 epochs ...
00:15:56 - reading data from /mnt/home/puxuan/CLIR-project/Evaluation_data/process-clef/uncased
00:15:57 - test has 37 queries ...
00:15:57 - Data reading done ...
00:15:58 - adding 9-th encoder to optimizer...
00:15:58 - adding 10-th encoder to optimizer...
00:15:58 - adding 11-th encoder to optimizer...
00:15:59 - process[5]: training epoch 0 ...
00:16:08 - process[5] - epoch 0 - train iter 240 - 21347.1 words/s - loss: 0.6869
00:16:08 - process[5]: training epoch 1 ...
00:16:17 - process[5] - epoch 1 - train iter 240 - 21228.8 words/s - loss: 0.6218
00:16:17 - process[5]: training epoch 2 ...
00:16:25 - process[5] - epoch 2 - train iter 240 - 21993.2 words/s - loss: 0.5258
00:16:25 - process[5]: training epoch 3 ...
00:16:35 - process[5] - epoch 3 - train iter 240 - 21305.4 words/s - loss: 0.5782
00:16:35 - process[5]: training epoch 4 ...
00:16:44 - process[5] - epoch 4 - train iter 240 - 20977.8 words/s - loss: 0.5642
00:16:44 - process[5]: training epoch 5 ...
00:16:53 - process[5] - epoch 5 - train iter 240 - 21775.2 words/s - loss: 0.5446
00:16:53 - process[5]: training epoch 6 ...
00:17:02 - process[5] - epoch 6 - train iter 240 - 21398.3 words/s - loss: 0.5085
00:17:02 - process[5]: training epoch 7 ...
00:17:11 - process[5] - epoch 7 - train iter 240 - 21669.3 words/s - loss: 0.4990
00:17:11 - process[5]: training epoch 8 ...
00:17:19 - process[5] - epoch 8 - train iter 240 - 21860.0 words/s - loss: 0.4931
00:17:19 - process[5]: training epoch 9 ...
00:17:29 - process[5] - epoch 9 - train iter 240 - 20303.5 words/s - loss: 0.4866
00:17:29 - process[5]: training epoch 10 ...
00:17:38 - process[5] - epoch 10 - train iter 240 - 21200.7 words/s - loss: 0.4715
00:17:38 - process[5]: evaluating epoch 10 on dev ...
00:17:57 - process[5] - dev - epoch 10 - mAP: 0.376 w/ 37 queries
00:17:57 - process[5]: evaluating epoch 10 on test ...
00:18:17 - test set during evaluation: 11210/11201
00:18:17 - process[5] - test - epoch 10 - mAP: 0.430 w/ 37 queries
00:18:17 - process[5]: training epoch 11 ...
00:18:26 - process[5] - epoch 11 - train iter 240 - 22300.3 words/s - loss: 0.4864
00:18:26 - process[5]: evaluating epoch 11 on dev ...
00:18:43 - process[5] - dev - epoch 11 - mAP: 0.364 w/ 37 queries
00:18:44 - process[5]: training epoch 12 ...
00:18:52 - process[5] - epoch 12 - train iter 240 - 22531.0 words/s - loss: 0.4665
00:18:52 - process[5]: evaluating epoch 12 on dev ...
00:19:11 - process[5] - dev - epoch 12 - mAP: 0.362 w/ 37 queries
00:19:11 - process[5]: training epoch 13 ...
00:19:19 - process[5] - epoch 13 - train iter 240 - 22484.2 words/s - loss: 0.4524
00:19:19 - process[5]: evaluating epoch 13 on dev ...
00:19:38 - process[5] - dev - epoch 13 - mAP: 0.368 w/ 37 queries
00:19:38 - process[5]: training epoch 14 ...
00:19:47 - process[5] - epoch 14 - train iter 240 - 20443.1 words/s - loss: 0.4872
00:19:47 - process[5]: evaluating epoch 14 on dev ...
00:20:04 - process[5] - dev - epoch 14 - mAP: 0.368 w/ 37 queries
00:20:04 - process[5]: training epoch 15 ...
00:20:13 - process[5] - epoch 15 - train iter 240 - 21479.0 words/s - loss: 0.4649
00:20:13 - process[5]: evaluating epoch 15 on dev ...
00:20:31 - process[5] - dev - epoch 15 - mAP: 0.374 w/ 37 queries
00:20:31 - process[5]: training epoch 16 ...
00:20:40 - process[5] - epoch 16 - train iter 240 - 19627.3 words/s - loss: 0.4611
00:20:40 - process[5]: evaluating epoch 16 on dev ...
00:20:57 - process[5] - dev - epoch 16 - mAP: 0.384 w/ 37 queries
00:20:57 - process[5]: evaluating epoch 16 on test ...
00:21:17 - test set during evaluation: 11210/11201
00:21:17 - process[5] - test - epoch 16 - mAP: 0.443 w/ 37 queries
00:21:17 - process[5]: training epoch 17 ...
00:21:26 - process[5] - epoch 17 - train iter 240 - 21369.1 words/s - loss: 0.4157
00:21:26 - process[5]: evaluating epoch 17 on dev ...
00:21:44 - process[5] - dev - epoch 17 - mAP: 0.372 w/ 37 queries
00:21:44 - process[5]: training epoch 18 ...
00:21:53 - process[5] - epoch 18 - train iter 240 - 21357.9 words/s - loss: 0.4322
00:21:53 - process[5]: evaluating epoch 18 on dev ...
00:22:12 - process[5] - dev - epoch 18 - mAP: 0.369 w/ 37 queries
00:22:12 - process[5]: training epoch 19 ...
00:22:21 - process[5] - epoch 19 - train iter 240 - 22314.1 words/s - loss: 0.4542
00:22:21 - process[5]: evaluating epoch 19 on dev ...
00:22:38 - process[5] - dev - epoch 19 - mAP: 0.365 w/ 37 queries
00:22:38 - [fold 3] best test MAP: 0.443 @ epoch 16
00:22:38 - Evaluating every 1 epochs ...
00:22:38 - reading data from /mnt/home/puxuan/CLIR-project/Evaluation_data/process-clef/uncased
00:22:39 - test has 37 queries ...
00:22:39 - Data reading done ...
00:22:40 - adding 9-th encoder to optimizer...
00:22:40 - adding 10-th encoder to optimizer...
00:22:40 - adding 11-th encoder to optimizer...
00:22:41 - process[5]: training epoch 0 ...
00:22:50 - process[5] - epoch 0 - train iter 231 - 20999.0 words/s - loss: 0.6831
00:22:50 - process[5]: training epoch 1 ...
00:22:58 - process[5] - epoch 1 - train iter 231 - 21326.7 words/s - loss: 0.5983
00:22:58 - process[5]: training epoch 2 ...
00:23:07 - process[5] - epoch 2 - train iter 231 - 20857.9 words/s - loss: 0.5868
00:23:07 - process[5]: training epoch 3 ...
00:23:16 - process[5] - epoch 3 - train iter 231 - 21164.5 words/s - loss: 0.5509
00:23:16 - process[5]: training epoch 4 ...
00:23:25 - process[5] - epoch 4 - train iter 231 - 21407.4 words/s - loss: 0.5723
00:23:25 - process[5]: training epoch 5 ...
00:23:34 - process[5] - epoch 5 - train iter 231 - 21148.4 words/s - loss: 0.4870
00:23:34 - process[5]: training epoch 6 ...
00:23:43 - process[5] - epoch 6 - train iter 231 - 21099.5 words/s - loss: 0.5550
00:23:43 - process[5]: training epoch 7 ...
00:23:51 - process[5] - epoch 7 - train iter 231 - 21842.1 words/s - loss: 0.5220
00:23:51 - process[5]: training epoch 8 ...
00:23:59 - process[5] - epoch 8 - train iter 231 - 21620.3 words/s - loss: 0.5447
00:23:59 - process[5]: training epoch 9 ...
00:24:08 - process[5] - epoch 9 - train iter 231 - 21463.0 words/s - loss: 0.4851
00:24:08 - process[5]: training epoch 10 ...
00:24:16 - process[5] - epoch 10 - train iter 231 - 22569.3 words/s - loss: 0.4642
00:24:16 - process[5]: evaluating epoch 10 on dev ...
00:24:41 - dev set during evaluation: 11210/11201
00:24:41 - process[5] - dev - epoch 10 - mAP: 0.423 w/ 37 queries
00:24:41 - process[5]: evaluating epoch 10 on test ...
00:24:59 - test set during evaluation: 10640/10633
00:24:59 - process[5] - test - epoch 10 - mAP: 0.349 w/ 37 queries
00:24:59 - process[5]: training epoch 11 ...
00:25:07 - process[5] - epoch 11 - train iter 231 - 22302.6 words/s - loss: 0.4608
00:25:07 - process[5]: evaluating epoch 11 on dev ...
00:25:27 - dev set during evaluation: 11210/11201
00:25:27 - process[5] - dev - epoch 11 - mAP: 0.449 w/ 37 queries
00:25:27 - process[5]: evaluating epoch 11 on test ...
00:25:46 - test set during evaluation: 10640/10633
00:25:46 - process[5] - test - epoch 11 - mAP: 0.395 w/ 37 queries
00:25:46 - process[5]: training epoch 12 ...
00:25:55 - process[5] - epoch 12 - train iter 231 - 21537.3 words/s - loss: 0.4607
00:25:55 - process[5]: evaluating epoch 12 on dev ...
00:26:15 - dev set during evaluation: 11210/11201
00:26:15 - process[5] - dev - epoch 12 - mAP: 0.420 w/ 37 queries
00:26:15 - process[5]: training epoch 13 ...
00:26:24 - process[5] - epoch 13 - train iter 231 - 20656.1 words/s - loss: 0.4743
00:26:24 - process[5]: evaluating epoch 13 on dev ...
00:26:43 - dev set during evaluation: 11210/11201
00:26:43 - process[5] - dev - epoch 13 - mAP: 0.405 w/ 37 queries
00:26:43 - process[5]: training epoch 14 ...
00:26:52 - process[5] - epoch 14 - train iter 231 - 21524.7 words/s - loss: 0.4945
00:26:52 - process[5]: evaluating epoch 14 on dev ...
00:27:11 - dev set during evaluation: 11210/11201
00:27:11 - process[5] - dev - epoch 14 - mAP: 0.432 w/ 37 queries
00:27:11 - process[5]: training epoch 15 ...
00:27:20 - process[5] - epoch 15 - train iter 231 - 21688.9 words/s - loss: 0.4681
00:27:20 - process[5]: evaluating epoch 15 on dev ...
00:27:40 - dev set during evaluation: 11210/11201
00:27:40 - process[5] - dev - epoch 15 - mAP: 0.432 w/ 37 queries
00:27:40 - process[5]: training epoch 16 ...
00:27:48 - process[5] - epoch 16 - train iter 231 - 22585.2 words/s - loss: 0.4281
00:27:48 - process[5]: evaluating epoch 16 on dev ...
00:28:08 - dev set during evaluation: 11210/11201
00:28:08 - process[5] - dev - epoch 16 - mAP: 0.410 w/ 37 queries
00:28:08 - process[5]: training epoch 17 ...
00:28:17 - process[5] - epoch 17 - train iter 231 - 22003.4 words/s - loss: 0.4650
00:28:17 - process[5]: evaluating epoch 17 on dev ...
00:28:36 - dev set during evaluation: 11210/11201
00:28:36 - process[5] - dev - epoch 17 - mAP: 0.406 w/ 37 queries
00:28:36 - process[5]: training epoch 18 ...
00:28:45 - process[5] - epoch 18 - train iter 231 - 21691.9 words/s - loss: 0.4350
00:28:45 - process[5]: evaluating epoch 18 on dev ...
00:29:05 - dev set during evaluation: 11210/11201
00:29:05 - process[5] - dev - epoch 18 - mAP: 0.418 w/ 37 queries
00:29:05 - process[5]: training epoch 19 ...
00:29:14 - process[5] - epoch 19 - train iter 231 - 22606.9 words/s - loss: 0.4239
00:29:14 - process[5]: evaluating epoch 19 on dev ...
00:29:33 - dev set during evaluation: 11210/11201
00:29:33 - process[5] - dev - epoch 19 - mAP: 0.423 w/ 37 queries
00:29:33 - [fold 4] best test MAP: 0.395 @ epoch 11
00:29:33 - Evaluating every 1 epochs ...
00:29:33 - reading data from /mnt/home/puxuan/CLIR-project/Evaluation_data/process-clef/uncased
00:29:34 - test has 37 queries ...
00:29:34 - Data reading done ...
00:29:35 - adding 9-th encoder to optimizer...
00:29:35 - adding 10-th encoder to optimizer...
00:29:35 - adding 11-th encoder to optimizer...
00:29:36 - process[5]: training epoch 0 ...
00:29:44 - process[5] - epoch 0 - train iter 235 - 22384.9 words/s - loss: 0.6844
00:29:44 - process[5]: training epoch 1 ...
00:29:53 - process[5] - epoch 1 - train iter 235 - 21987.8 words/s - loss: 0.5970
00:29:53 - process[5]: training epoch 2 ...
00:30:02 - process[5] - epoch 2 - train iter 235 - 20939.7 words/s - loss: 0.5715
00:30:02 - process[5]: training epoch 3 ...
00:30:12 - process[5] - epoch 3 - train iter 235 - 20134.2 words/s - loss: 0.5257
00:30:12 - process[5]: training epoch 4 ...
00:30:20 - process[5] - epoch 4 - train iter 235 - 21792.2 words/s - loss: 0.5565
00:30:20 - process[5]: training epoch 5 ...
00:30:29 - process[5] - epoch 5 - train iter 235 - 21998.7 words/s - loss: 0.5345
00:30:29 - process[5]: training epoch 6 ...
00:30:38 - process[5] - epoch 6 - train iter 235 - 21457.8 words/s - loss: 0.4987
00:30:38 - process[5]: training epoch 7 ...
00:30:47 - process[5] - epoch 7 - train iter 235 - 21832.8 words/s - loss: 0.5444
00:30:47 - process[5]: training epoch 8 ...
00:30:55 - process[5] - epoch 8 - train iter 235 - 21698.0 words/s - loss: 0.4670
00:30:55 - process[5]: training epoch 9 ...
00:31:04 - process[5] - epoch 9 - train iter 235 - 21416.0 words/s - loss: 0.5094
00:31:04 - process[5]: training epoch 10 ...
00:31:13 - process[5] - epoch 10 - train iter 235 - 21160.7 words/s - loss: 0.4886
00:31:13 - process[5]: evaluating epoch 10 on dev ...
00:31:36 - dev set during evaluation: 10640/10633
00:31:36 - process[5] - dev - epoch 10 - mAP: 0.346 w/ 37 queries
00:31:36 - process[5]: evaluating epoch 10 on test ...
00:31:54 - process[5] - test - epoch 10 - mAP: 0.377 w/ 37 queries
00:31:54 - process[5]: training epoch 11 ...
00:32:03 - process[5] - epoch 11 - train iter 235 - 21829.2 words/s - loss: 0.4646
00:32:03 - process[5]: evaluating epoch 11 on dev ...
00:32:21 - dev set during evaluation: 10640/10633
00:32:21 - process[5] - dev - epoch 11 - mAP: 0.350 w/ 37 queries
00:32:21 - process[5]: evaluating epoch 11 on test ...
00:32:40 - process[5] - test - epoch 11 - mAP: 0.393 w/ 37 queries
00:32:40 - process[5]: training epoch 12 ...
00:32:49 - process[5] - epoch 12 - train iter 235 - 21215.3 words/s - loss: 0.4945
00:32:49 - process[5]: evaluating epoch 12 on dev ...
00:33:08 - dev set during evaluation: 10640/10633
00:33:08 - process[5] - dev - epoch 12 - mAP: 0.355 w/ 37 queries
00:33:08 - process[5]: evaluating epoch 12 on test ...
00:33:28 - process[5] - test - epoch 12 - mAP: 0.384 w/ 37 queries
00:33:28 - process[5]: training epoch 13 ...
00:33:38 - process[5] - epoch 13 - train iter 235 - 18477.7 words/s - loss: 0.4760
00:33:38 - process[5]: evaluating epoch 13 on dev ...
00:33:56 - dev set during evaluation: 10640/10633
00:33:56 - process[5] - dev - epoch 13 - mAP: 0.357 w/ 37 queries
00:33:56 - process[5]: evaluating epoch 13 on test ...
00:34:17 - process[5] - test - epoch 13 - mAP: 0.370 w/ 37 queries
00:34:17 - process[5]: training epoch 14 ...
00:34:26 - process[5] - epoch 14 - train iter 235 - 20829.5 words/s - loss: 0.4693
00:34:26 - process[5]: evaluating epoch 14 on dev ...
00:34:43 - dev set during evaluation: 10640/10633
00:34:43 - process[5] - dev - epoch 14 - mAP: 0.348 w/ 37 queries
00:34:43 - process[5]: training epoch 15 ...
00:34:52 - process[5] - epoch 15 - train iter 235 - 21164.2 words/s - loss: 0.4470
00:34:52 - process[5]: evaluating epoch 15 on dev ...
00:35:10 - dev set during evaluation: 10640/10633
00:35:10 - process[5] - dev - epoch 15 - mAP: 0.376 w/ 37 queries
00:35:10 - process[5]: evaluating epoch 15 on test ...
00:35:29 - process[5] - test - epoch 15 - mAP: 0.393 w/ 37 queries
00:35:29 - process[5]: training epoch 16 ...
00:35:39 - process[5] - epoch 16 - train iter 235 - 19642.6 words/s - loss: 0.4549
00:35:39 - process[5]: evaluating epoch 16 on dev ...
00:35:56 - dev set during evaluation: 10640/10633
00:35:56 - process[5] - dev - epoch 16 - mAP: 0.329 w/ 37 queries
00:35:56 - process[5]: training epoch 17 ...
00:36:05 - process[5] - epoch 17 - train iter 235 - 20802.2 words/s - loss: 0.4782
00:36:05 - process[5]: evaluating epoch 17 on dev ...
00:36:23 - dev set during evaluation: 10640/10633
00:36:23 - process[5] - dev - epoch 17 - mAP: 0.340 w/ 37 queries
00:36:23 - process[5]: training epoch 18 ...
00:36:32 - process[5] - epoch 18 - train iter 235 - 22986.5 words/s - loss: 0.4287
00:36:32 - process[5]: evaluating epoch 18 on dev ...
00:36:50 - dev set during evaluation: 10640/10633
00:36:50 - process[5] - dev - epoch 18 - mAP: 0.369 w/ 37 queries
00:36:50 - process[5]: training epoch 19 ...
00:36:58 - process[5] - epoch 19 - train iter 235 - 21502.3 words/s - loss: 0.4021
00:36:58 - process[5]: evaluating epoch 19 on dev ...
00:37:16 - dev set during evaluation: 10640/10633
00:37:16 - process[5] - dev - epoch 19 - mAP: 0.362 w/ 37 queries
00:37:16 - [fold 5] best test MAP: 0.393 @ epoch 15
00:37:16 - [0.4898623313583045, 0.4185220964765506, 0.44294382785814423, 0.39495131724013693, 0.39279692624396867]
00:37:16 - [37, 37, 37, 37, 37]
00:37:16 - final MAP: 0.428
