00:00:06 - Namespace(apex_level='O2', batch_size=8, cased=False, dataset='clef', debug=False, encoder_lr=2e-05, eval_step=1, full_doc_length=True, local_rank=1, model_path='/mnt/scratch/puxuan/short_qlm_doc/2186796/huggingface-14', model_type='mbert', num_epochs=20, num_ft_encoders=3, num_neg=1, projector_lr=2e-05, seed=611, source_lang='es', target_lang='en')
00:00:16 - Evaluating every 1 epochs ...
00:00:16 - reading data from /mnt/home/puxuan/CLIR-project/Evaluation_data/process-clef/uncased
00:00:17 - test has 35 queries ...
00:00:17 - Data reading done ...
00:00:23 - adding 9-th encoder to optimizer...
00:00:23 - adding 10-th encoder to optimizer...
00:00:23 - adding 11-th encoder to optimizer...
00:00:24 - process[1]: training epoch 0 ...
00:00:36 - process[1] - epoch 0 - train iter 197 - 15258.3 words/s - loss: 0.6895
00:00:36 - process[1]: training epoch 1 ...
00:00:47 - process[1] - epoch 1 - train iter 197 - 16221.9 words/s - loss: 0.6551
00:00:47 - process[1]: training epoch 2 ...
00:00:59 - process[1] - epoch 2 - train iter 197 - 15584.4 words/s - loss: 0.5972
00:00:59 - process[1]: training epoch 3 ...
00:01:09 - process[1] - epoch 3 - train iter 197 - 16842.3 words/s - loss: 0.5629
00:01:09 - process[1]: training epoch 4 ...
00:01:21 - process[1] - epoch 4 - train iter 197 - 16112.4 words/s - loss: 0.5197
00:01:21 - process[1]: training epoch 5 ...
00:01:31 - process[1] - epoch 5 - train iter 197 - 17687.2 words/s - loss: 0.4882
00:01:31 - process[1]: training epoch 6 ...
00:01:43 - process[1] - epoch 6 - train iter 197 - 14593.8 words/s - loss: 0.4957
00:01:43 - process[1]: training epoch 7 ...
00:01:54 - process[1] - epoch 7 - train iter 197 - 16129.5 words/s - loss: 0.4992
00:01:54 - process[1]: training epoch 8 ...
00:02:06 - process[1] - epoch 8 - train iter 197 - 15489.5 words/s - loss: 0.5146
00:02:06 - process[1]: training epoch 9 ...
00:02:17 - process[1] - epoch 9 - train iter 197 - 15943.8 words/s - loss: 0.4741
00:02:17 - process[1]: training epoch 10 ...
00:02:29 - process[1] - epoch 10 - train iter 197 - 15220.6 words/s - loss: 0.4484
00:02:29 - process[1]: evaluating epoch 10 on dev ...
00:03:15 - dev set during evaluation: 14160/14157
00:03:15 - process[1] - dev - epoch 10 - mAP: 0.393 w/ 35 queries
00:03:15 - process[1]: evaluating epoch 10 on test ...
00:03:56 - test set during evaluation: 14980/14975
00:03:56 - process[1] - test - epoch 10 - mAP: 0.395 w/ 35 queries
00:03:56 - process[1]: training epoch 11 ...
00:04:08 - process[1] - epoch 11 - train iter 197 - 15436.6 words/s - loss: 0.4081
00:04:08 - process[1]: evaluating epoch 11 on dev ...
00:04:57 - dev set during evaluation: 14160/14157
00:04:57 - process[1] - dev - epoch 11 - mAP: 0.374 w/ 35 queries
00:04:57 - process[1]: training epoch 12 ...
00:05:07 - process[1] - epoch 12 - train iter 197 - 18212.4 words/s - loss: 0.4577
00:05:07 - process[1]: evaluating epoch 12 on dev ...
00:05:52 - dev set during evaluation: 14160/14157
00:05:52 - process[1] - dev - epoch 12 - mAP: 0.364 w/ 35 queries
00:05:52 - process[1]: training epoch 13 ...
00:06:03 - process[1] - epoch 13 - train iter 197 - 15233.2 words/s - loss: 0.3851
00:06:03 - process[1]: evaluating epoch 13 on dev ...
00:06:48 - dev set during evaluation: 14160/14157
00:06:48 - process[1] - dev - epoch 13 - mAP: 0.399 w/ 35 queries
00:06:48 - process[1]: evaluating epoch 13 on test ...
00:07:29 - test set during evaluation: 14980/14975
00:07:29 - process[1] - test - epoch 13 - mAP: 0.409 w/ 35 queries
00:07:29 - process[1]: training epoch 14 ...
00:07:40 - process[1] - epoch 14 - train iter 197 - 16736.1 words/s - loss: 0.4520
00:07:40 - process[1]: evaluating epoch 14 on dev ...
00:08:24 - dev set during evaluation: 14160/14157
00:08:25 - process[1] - dev - epoch 14 - mAP: 0.357 w/ 35 queries
00:08:25 - process[1]: training epoch 15 ...
00:08:35 - process[1] - epoch 15 - train iter 197 - 17300.0 words/s - loss: 0.3840
00:08:35 - process[1]: evaluating epoch 15 on dev ...
00:09:20 - dev set during evaluation: 14160/14157
00:09:20 - process[1] - dev - epoch 15 - mAP: 0.361 w/ 35 queries
00:09:20 - process[1]: training epoch 16 ...
00:09:30 - process[1] - epoch 16 - train iter 197 - 16568.3 words/s - loss: 0.4423
00:09:30 - process[1]: evaluating epoch 16 on dev ...
00:10:15 - dev set during evaluation: 14160/14157
00:10:15 - process[1] - dev - epoch 16 - mAP: 0.395 w/ 35 queries
00:10:15 - process[1]: training epoch 17 ...
00:10:26 - process[1] - epoch 17 - train iter 197 - 16108.8 words/s - loss: 0.4347
00:10:26 - process[1]: evaluating epoch 17 on dev ...
00:11:11 - dev set during evaluation: 14160/14157
00:11:11 - process[1] - dev - epoch 17 - mAP: 0.367 w/ 35 queries
00:11:11 - process[1]: training epoch 18 ...
00:11:21 - process[1] - epoch 18 - train iter 197 - 17588.4 words/s - loss: 0.3662
00:11:21 - process[1]: evaluating epoch 18 on dev ...
00:12:05 - dev set during evaluation: 14160/14157
00:12:05 - process[1] - dev - epoch 18 - mAP: 0.373 w/ 35 queries
00:12:05 - process[1]: training epoch 19 ...
00:12:17 - process[1] - epoch 19 - train iter 197 - 15318.5 words/s - loss: 0.4266
00:12:17 - process[1]: evaluating epoch 19 on dev ...
00:13:02 - dev set during evaluation: 14160/14157
00:13:02 - process[1] - dev - epoch 19 - mAP: 0.372 w/ 35 queries
00:13:02 - [fold 1] best test MAP: 0.409 @ epoch 13
00:13:02 - Evaluating every 1 epochs ...
00:13:02 - reading data from /mnt/home/puxuan/CLIR-project/Evaluation_data/process-clef/uncased
00:13:03 - test has 36 queries ...
00:13:03 - Data reading done ...
00:13:04 - adding 9-th encoder to optimizer...
00:13:04 - adding 10-th encoder to optimizer...
00:13:04 - adding 11-th encoder to optimizer...
00:13:05 - process[1]: training epoch 0 ...
00:13:14 - process[1] - epoch 0 - train iter 187 - 17995.2 words/s - loss: 0.6877
00:13:14 - process[1]: training epoch 1 ...
00:13:25 - process[1] - epoch 1 - train iter 187 - 15155.3 words/s - loss: 0.6556
00:13:25 - process[1]: training epoch 2 ...
00:13:35 - process[1] - epoch 2 - train iter 187 - 17386.7 words/s - loss: 0.5939
00:13:35 - process[1]: training epoch 3 ...
00:13:46 - process[1] - epoch 3 - train iter 187 - 15132.7 words/s - loss: 0.5952
00:13:46 - process[1]: training epoch 4 ...
00:13:56 - process[1] - epoch 4 - train iter 187 - 17945.5 words/s - loss: 0.5457
00:13:56 - process[1]: training epoch 5 ...
00:14:07 - process[1] - epoch 5 - train iter 187 - 16026.0 words/s - loss: 0.5809
00:14:07 - process[1]: training epoch 6 ...
00:14:16 - process[1] - epoch 6 - train iter 187 - 17624.8 words/s - loss: 0.5502
00:14:16 - process[1]: training epoch 7 ...
00:14:26 - process[1] - epoch 7 - train iter 187 - 17742.2 words/s - loss: 0.4891
00:14:26 - process[1]: training epoch 8 ...
00:14:36 - process[1] - epoch 8 - train iter 187 - 16932.3 words/s - loss: 0.5209
00:14:36 - process[1]: training epoch 9 ...
00:14:46 - process[1] - epoch 9 - train iter 187 - 17838.4 words/s - loss: 0.5006
00:14:46 - process[1]: training epoch 10 ...
00:14:56 - process[1] - epoch 10 - train iter 187 - 16606.6 words/s - loss: 0.5333
00:14:56 - process[1]: evaluating epoch 10 on dev ...
00:15:37 - dev set during evaluation: 14980/14975
00:15:37 - process[1] - dev - epoch 10 - mAP: 0.402 w/ 35 queries
00:15:37 - process[1]: evaluating epoch 10 on test ...
00:16:20 - test set during evaluation: 15300/15294
00:16:20 - process[1] - test - epoch 10 - mAP: 0.331 w/ 36 queries
00:16:20 - process[1]: training epoch 11 ...
00:16:30 - process[1] - epoch 11 - train iter 187 - 16361.3 words/s - loss: 0.4161
00:16:30 - process[1]: evaluating epoch 11 on dev ...
00:17:11 - dev set during evaluation: 14980/14975
00:17:11 - process[1] - dev - epoch 11 - mAP: 0.370 w/ 35 queries
00:17:11 - process[1]: training epoch 12 ...
00:17:21 - process[1] - epoch 12 - train iter 187 - 16863.1 words/s - loss: 0.4600
00:17:21 - process[1]: evaluating epoch 12 on dev ...
00:18:02 - dev set during evaluation: 14980/14975
00:18:02 - process[1] - dev - epoch 12 - mAP: 0.402 w/ 35 queries
00:18:02 - process[1]: training epoch 13 ...
00:18:13 - process[1] - epoch 13 - train iter 187 - 16920.9 words/s - loss: 0.4769
00:18:13 - process[1]: evaluating epoch 13 on dev ...
00:18:54 - dev set during evaluation: 14980/14975
00:18:54 - process[1] - dev - epoch 13 - mAP: 0.415 w/ 35 queries
00:18:54 - process[1]: evaluating epoch 13 on test ...
00:19:37 - test set during evaluation: 15300/15294
00:19:37 - process[1] - test - epoch 13 - mAP: 0.404 w/ 36 queries
00:19:37 - process[1]: training epoch 14 ...
00:19:47 - process[1] - epoch 14 - train iter 187 - 17607.7 words/s - loss: 0.4770
00:19:47 - process[1]: evaluating epoch 14 on dev ...
00:20:28 - dev set during evaluation: 14980/14975
00:20:28 - process[1] - dev - epoch 14 - mAP: 0.386 w/ 35 queries
00:20:28 - process[1]: training epoch 15 ...
00:20:38 - process[1] - epoch 15 - train iter 187 - 16517.3 words/s - loss: 0.4486
00:20:38 - process[1]: evaluating epoch 15 on dev ...
00:21:19 - dev set during evaluation: 14980/14975
00:21:19 - process[1] - dev - epoch 15 - mAP: 0.426 w/ 35 queries
00:21:19 - process[1]: evaluating epoch 15 on test ...
00:22:02 - test set during evaluation: 15300/15294
00:22:02 - process[1] - test - epoch 15 - mAP: 0.383 w/ 36 queries
00:22:02 - process[1]: training epoch 16 ...
00:22:12 - process[1] - epoch 16 - train iter 187 - 17542.1 words/s - loss: 0.4166
00:22:12 - process[1]: evaluating epoch 16 on dev ...
00:22:53 - dev set during evaluation: 14980/14975
00:22:53 - process[1] - dev - epoch 16 - mAP: 0.432 w/ 35 queries
00:22:53 - process[1]: evaluating epoch 16 on test ...
00:23:35 - test set during evaluation: 15300/15294
00:23:35 - process[1] - test - epoch 16 - mAP: 0.397 w/ 36 queries
00:23:35 - process[1]: training epoch 17 ...
00:23:45 - process[1] - epoch 17 - train iter 187 - 18569.1 words/s - loss: 0.4060
00:23:45 - process[1]: evaluating epoch 17 on dev ...
00:24:26 - dev set during evaluation: 14980/14975
00:24:26 - process[1] - dev - epoch 17 - mAP: 0.414 w/ 35 queries
00:24:26 - process[1]: training epoch 18 ...
00:24:36 - process[1] - epoch 18 - train iter 187 - 16980.1 words/s - loss: 0.4005
00:24:36 - process[1]: evaluating epoch 18 on dev ...
00:25:17 - dev set during evaluation: 14980/14975
00:25:17 - process[1] - dev - epoch 18 - mAP: 0.395 w/ 35 queries
00:25:17 - process[1]: training epoch 19 ...
00:25:27 - process[1] - epoch 19 - train iter 187 - 17235.2 words/s - loss: 0.4320
00:25:27 - process[1]: evaluating epoch 19 on dev ...
00:26:08 - dev set during evaluation: 14980/14975
00:26:08 - process[1] - dev - epoch 19 - mAP: 0.400 w/ 35 queries
00:26:08 - [fold 2] best test MAP: 0.397 @ epoch 16
00:26:08 - Evaluating every 1 epochs ...
00:26:08 - reading data from /mnt/home/puxuan/CLIR-project/Evaluation_data/process-clef/uncased
00:26:09 - test has 35 queries ...
00:26:09 - Data reading done ...
00:26:10 - adding 9-th encoder to optimizer...
00:26:10 - adding 10-th encoder to optimizer...
00:26:10 - adding 11-th encoder to optimizer...
00:26:11 - process[1]: training epoch 0 ...
00:26:21 - process[1] - epoch 0 - train iter 196 - 16941.1 words/s - loss: 0.6898
00:26:21 - process[1]: training epoch 1 ...
00:26:32 - process[1] - epoch 1 - train iter 196 - 16552.2 words/s - loss: 0.6697
00:26:32 - process[1]: training epoch 2 ...
00:26:42 - process[1] - epoch 2 - train iter 196 - 17914.4 words/s - loss: 0.6178
00:26:42 - process[1]: training epoch 3 ...
00:26:52 - process[1] - epoch 3 - train iter 196 - 17036.9 words/s - loss: 0.5476
00:26:52 - process[1]: training epoch 4 ...
00:27:04 - process[1] - epoch 4 - train iter 196 - 16064.5 words/s - loss: 0.5908
00:27:04 - process[1]: training epoch 5 ...
00:27:14 - process[1] - epoch 5 - train iter 196 - 17887.5 words/s - loss: 0.5120
00:27:14 - process[1]: training epoch 6 ...
00:27:24 - process[1] - epoch 6 - train iter 196 - 17454.7 words/s - loss: 0.5536
00:27:24 - process[1]: training epoch 7 ...
00:27:36 - process[1] - epoch 7 - train iter 196 - 15252.7 words/s - loss: 0.5029
00:27:36 - process[1]: training epoch 8 ...
00:27:48 - process[1] - epoch 8 - train iter 196 - 14103.7 words/s - loss: 0.4817
00:27:48 - process[1]: training epoch 9 ...
00:27:58 - process[1] - epoch 9 - train iter 196 - 18360.5 words/s - loss: 0.4517
00:27:58 - process[1]: training epoch 10 ...
00:28:08 - process[1] - epoch 10 - train iter 196 - 17588.0 words/s - loss: 0.4893
00:28:08 - process[1]: evaluating epoch 10 on dev ...
00:28:51 - dev set during evaluation: 15300/15294
00:28:51 - process[1] - dev - epoch 10 - mAP: 0.328 w/ 36 queries
00:28:51 - process[1]: evaluating epoch 10 on test ...
00:29:33 - test set during evaluation: 15480/15477
00:29:33 - process[1] - test - epoch 10 - mAP: 0.294 w/ 35 queries
00:29:33 - process[1]: training epoch 11 ...
00:29:43 - process[1] - epoch 11 - train iter 196 - 17245.8 words/s - loss: 0.4821
00:29:43 - process[1]: evaluating epoch 11 on dev ...
00:30:26 - dev set during evaluation: 15300/15294
00:30:26 - process[1] - dev - epoch 11 - mAP: 0.358 w/ 36 queries
00:30:26 - process[1]: evaluating epoch 11 on test ...
00:31:09 - test set during evaluation: 15480/15477
00:31:09 - process[1] - test - epoch 11 - mAP: 0.325 w/ 35 queries
00:31:09 - process[1]: training epoch 12 ...
00:31:19 - process[1] - epoch 12 - train iter 196 - 17416.3 words/s - loss: 0.4894
00:31:19 - process[1]: evaluating epoch 12 on dev ...
00:32:02 - dev set during evaluation: 15300/15294
00:32:02 - process[1] - dev - epoch 12 - mAP: 0.348 w/ 36 queries
00:32:02 - process[1]: training epoch 13 ...
00:32:12 - process[1] - epoch 13 - train iter 196 - 16798.4 words/s - loss: 0.4913
00:32:12 - process[1]: evaluating epoch 13 on dev ...
00:32:55 - dev set during evaluation: 15300/15294
00:32:55 - process[1] - dev - epoch 13 - mAP: 0.360 w/ 36 queries
00:32:55 - process[1]: evaluating epoch 13 on test ...
00:33:37 - test set during evaluation: 15480/15477
00:33:37 - process[1] - test - epoch 13 - mAP: 0.311 w/ 35 queries
00:33:37 - process[1]: training epoch 14 ...
00:33:47 - process[1] - epoch 14 - train iter 196 - 17030.9 words/s - loss: 0.5079
00:33:47 - process[1]: evaluating epoch 14 on dev ...
00:34:30 - dev set during evaluation: 15300/15294
00:34:30 - process[1] - dev - epoch 14 - mAP: 0.380 w/ 36 queries
00:34:30 - process[1]: evaluating epoch 14 on test ...
00:35:12 - test set during evaluation: 15480/15477
00:35:12 - process[1] - test - epoch 14 - mAP: 0.324 w/ 35 queries
00:35:12 - process[1]: training epoch 15 ...
00:35:22 - process[1] - epoch 15 - train iter 196 - 18380.1 words/s - loss: 0.4164
00:35:22 - process[1]: evaluating epoch 15 on dev ...
00:36:05 - dev set during evaluation: 15300/15294
00:36:05 - process[1] - dev - epoch 15 - mAP: 0.357 w/ 36 queries
00:36:05 - process[1]: training epoch 16 ...
00:36:14 - process[1] - epoch 16 - train iter 196 - 18734.2 words/s - loss: 0.4633
00:36:14 - process[1]: evaluating epoch 16 on dev ...
00:36:57 - dev set during evaluation: 15300/15294
00:36:57 - process[1] - dev - epoch 16 - mAP: 0.389 w/ 36 queries
00:36:57 - process[1]: evaluating epoch 16 on test ...
00:37:39 - test set during evaluation: 15480/15477
00:37:39 - process[1] - test - epoch 16 - mAP: 0.325 w/ 35 queries
00:37:39 - process[1]: training epoch 17 ...
00:37:49 - process[1] - epoch 17 - train iter 196 - 17289.8 words/s - loss: 0.4359
00:37:49 - process[1]: evaluating epoch 17 on dev ...
00:38:32 - dev set during evaluation: 15300/15294
00:38:32 - process[1] - dev - epoch 17 - mAP: 0.379 w/ 36 queries
00:38:32 - process[1]: training epoch 18 ...
00:38:43 - process[1] - epoch 18 - train iter 196 - 16799.4 words/s - loss: 0.4631
00:38:43 - process[1]: evaluating epoch 18 on dev ...
00:39:25 - dev set during evaluation: 15300/15294
00:39:25 - process[1] - dev - epoch 18 - mAP: 0.370 w/ 36 queries
00:39:25 - process[1]: training epoch 19 ...
00:39:36 - process[1] - epoch 19 - train iter 196 - 16783.8 words/s - loss: 0.4236
00:39:36 - process[1]: evaluating epoch 19 on dev ...
00:40:18 - dev set during evaluation: 15300/15294
00:40:18 - process[1] - dev - epoch 19 - mAP: 0.387 w/ 36 queries
00:40:18 - [fold 3] best test MAP: 0.325 @ epoch 16
00:40:18 - Evaluating every 1 epochs ...
00:40:18 - reading data from /mnt/home/puxuan/CLIR-project/Evaluation_data/process-clef/uncased
00:40:19 - test has 35 queries ...
00:40:19 - Data reading done ...
00:40:20 - adding 9-th encoder to optimizer...
00:40:20 - adding 10-th encoder to optimizer...
00:40:20 - adding 11-th encoder to optimizer...
00:40:21 - process[1]: training epoch 0 ...
00:40:33 - process[1] - epoch 0 - train iter 207 - 15947.9 words/s - loss: 0.6888
00:40:33 - process[1]: training epoch 1 ...
00:40:44 - process[1] - epoch 1 - train iter 207 - 16333.9 words/s - loss: 0.6606
00:40:44 - process[1]: training epoch 2 ...
00:40:55 - process[1] - epoch 2 - train iter 207 - 16262.5 words/s - loss: 0.6189
00:40:55 - process[1]: training epoch 3 ...
00:41:08 - process[1] - epoch 3 - train iter 207 - 14237.8 words/s - loss: 0.5871
00:41:08 - process[1]: training epoch 4 ...
00:41:19 - process[1] - epoch 4 - train iter 207 - 17366.9 words/s - loss: 0.5924
00:41:19 - process[1]: training epoch 5 ...
00:41:31 - process[1] - epoch 5 - train iter 207 - 16343.7 words/s - loss: 0.4937
00:41:31 - process[1]: training epoch 6 ...
00:41:42 - process[1] - epoch 6 - train iter 207 - 15794.1 words/s - loss: 0.5287
00:41:42 - process[1]: training epoch 7 ...
00:41:53 - process[1] - epoch 7 - train iter 207 - 17534.2 words/s - loss: 0.5163
00:41:53 - process[1]: training epoch 8 ...
00:42:04 - process[1] - epoch 8 - train iter 207 - 16710.8 words/s - loss: 0.4992
00:42:04 - process[1]: training epoch 9 ...
00:42:16 - process[1] - epoch 9 - train iter 207 - 15331.0 words/s - loss: 0.4987
00:42:16 - process[1]: training epoch 10 ...
00:42:28 - process[1] - epoch 10 - train iter 207 - 16553.2 words/s - loss: 0.5184
00:42:28 - process[1]: evaluating epoch 10 on dev ...
00:43:09 - dev set during evaluation: 15480/15477
00:43:09 - process[1] - dev - epoch 10 - mAP: 0.308 w/ 35 queries
00:43:09 - process[1]: evaluating epoch 10 on test ...
00:43:51 - test set during evaluation: 14470/14463
00:43:51 - process[1] - test - epoch 10 - mAP: 0.331 w/ 35 queries
00:43:51 - process[1]: training epoch 11 ...
00:44:02 - process[1] - epoch 11 - train iter 207 - 16586.0 words/s - loss: 0.4958
00:44:02 - process[1]: evaluating epoch 11 on dev ...
00:44:44 - dev set during evaluation: 15480/15477
00:44:44 - process[1] - dev - epoch 11 - mAP: 0.309 w/ 35 queries
00:44:44 - process[1]: evaluating epoch 11 on test ...
00:45:26 - test set during evaluation: 14470/14463
00:45:26 - process[1] - test - epoch 11 - mAP: 0.358 w/ 35 queries
00:45:26 - process[1]: training epoch 12 ...
00:45:37 - process[1] - epoch 12 - train iter 207 - 16529.7 words/s - loss: 0.4500
00:45:37 - process[1]: evaluating epoch 12 on dev ...
00:46:19 - dev set during evaluation: 15480/15477
00:46:19 - process[1] - dev - epoch 12 - mAP: 0.291 w/ 35 queries
00:46:19 - process[1]: training epoch 13 ...
00:46:31 - process[1] - epoch 13 - train iter 207 - 16389.6 words/s - loss: 0.4953
00:46:31 - process[1]: evaluating epoch 13 on dev ...
00:47:13 - dev set during evaluation: 15480/15477
00:47:13 - process[1] - dev - epoch 13 - mAP: 0.340 w/ 35 queries
00:47:13 - process[1]: evaluating epoch 13 on test ...
00:47:55 - test set during evaluation: 14470/14463
00:47:55 - process[1] - test - epoch 13 - mAP: 0.355 w/ 35 queries
00:47:55 - process[1]: training epoch 14 ...
00:48:06 - process[1] - epoch 14 - train iter 207 - 17018.8 words/s - loss: 0.4584
00:48:06 - process[1]: evaluating epoch 14 on dev ...
00:48:49 - dev set during evaluation: 15480/15477
00:48:49 - process[1] - dev - epoch 14 - mAP: 0.304 w/ 35 queries
00:48:49 - process[1]: training epoch 15 ...
00:49:00 - process[1] - epoch 15 - train iter 207 - 16654.4 words/s - loss: 0.4429
00:49:00 - process[1]: evaluating epoch 15 on dev ...
00:49:41 - dev set during evaluation: 15480/15477
00:49:41 - process[1] - dev - epoch 15 - mAP: 0.313 w/ 35 queries
00:49:41 - process[1]: training epoch 16 ...
00:49:53 - process[1] - epoch 16 - train iter 207 - 16143.0 words/s - loss: 0.4522
00:49:53 - process[1]: evaluating epoch 16 on dev ...
00:50:35 - dev set during evaluation: 15480/15477
00:50:35 - process[1] - dev - epoch 16 - mAP: 0.304 w/ 35 queries
00:50:35 - process[1]: training epoch 17 ...
00:50:46 - process[1] - epoch 17 - train iter 207 - 15973.1 words/s - loss: 0.4421
00:50:46 - process[1]: evaluating epoch 17 on dev ...
00:51:29 - dev set during evaluation: 15480/15477
00:51:29 - process[1] - dev - epoch 17 - mAP: 0.321 w/ 35 queries
00:51:29 - process[1]: training epoch 18 ...
00:51:40 - process[1] - epoch 18 - train iter 207 - 17156.0 words/s - loss: 0.4136
00:51:40 - process[1]: evaluating epoch 18 on dev ...
00:52:23 - dev set during evaluation: 15480/15477
00:52:23 - process[1] - dev - epoch 18 - mAP: 0.328 w/ 35 queries
00:52:23 - process[1]: training epoch 19 ...
00:52:33 - process[1] - epoch 19 - train iter 207 - 17870.8 words/s - loss: 0.4277
00:52:33 - process[1]: evaluating epoch 19 on dev ...
00:53:16 - dev set during evaluation: 15480/15477
00:53:16 - process[1] - dev - epoch 19 - mAP: 0.353 w/ 35 queries
00:53:16 - process[1]: evaluating epoch 19 on test ...
00:53:58 - test set during evaluation: 14470/14463
00:53:58 - process[1] - test - epoch 19 - mAP: 0.376 w/ 35 queries
00:53:58 - [fold 4] best test MAP: 0.376 @ epoch 19
00:53:58 - Evaluating every 1 epochs ...
00:53:58 - reading data from /mnt/home/puxuan/CLIR-project/Evaluation_data/process-clef/uncased
00:53:59 - test has 35 queries ...
00:53:59 - Data reading done ...
00:54:00 - adding 9-th encoder to optimizer...
00:54:00 - adding 10-th encoder to optimizer...
00:54:00 - adding 11-th encoder to optimizer...
00:54:01 - process[1]: training epoch 0 ...
00:54:11 - process[1] - epoch 0 - train iter 195 - 17049.1 words/s - loss: 0.6885
00:54:11 - process[1]: training epoch 1 ...
00:54:21 - process[1] - epoch 1 - train iter 195 - 17619.4 words/s - loss: 0.6685
00:54:21 - process[1]: training epoch 2 ...
00:54:32 - process[1] - epoch 2 - train iter 195 - 15699.7 words/s - loss: 0.6074
00:54:32 - process[1]: training epoch 3 ...
00:54:43 - process[1] - epoch 3 - train iter 195 - 16488.7 words/s - loss: 0.5864
00:54:43 - process[1]: training epoch 4 ...
00:54:54 - process[1] - epoch 4 - train iter 195 - 14775.3 words/s - loss: 0.5096
00:54:54 - process[1]: training epoch 5 ...
00:55:06 - process[1] - epoch 5 - train iter 195 - 15170.0 words/s - loss: 0.5942
00:55:06 - process[1]: training epoch 6 ...
00:55:18 - process[1] - epoch 6 - train iter 195 - 15422.5 words/s - loss: 0.4835
00:55:18 - process[1]: training epoch 7 ...
00:55:28 - process[1] - epoch 7 - train iter 195 - 16104.9 words/s - loss: 0.5099
00:55:28 - process[1]: training epoch 8 ...
00:55:40 - process[1] - epoch 8 - train iter 195 - 15369.5 words/s - loss: 0.4577
00:55:40 - process[1]: training epoch 9 ...
00:55:52 - process[1] - epoch 9 - train iter 195 - 14553.6 words/s - loss: 0.4144
00:55:52 - process[1]: training epoch 10 ...
00:56:03 - process[1] - epoch 10 - train iter 195 - 15802.9 words/s - loss: 0.4152
00:56:03 - process[1]: evaluating epoch 10 on dev ...
00:56:44 - dev set during evaluation: 14470/14463
00:56:44 - process[1] - dev - epoch 10 - mAP: 0.304 w/ 35 queries
00:56:44 - process[1]: evaluating epoch 10 on test ...
00:57:30 - test set during evaluation: 14160/14157
00:57:30 - process[1] - test - epoch 10 - mAP: 0.327 w/ 35 queries
00:57:30 - process[1]: training epoch 11 ...
00:57:42 - process[1] - epoch 11 - train iter 195 - 14472.0 words/s - loss: 0.4169
00:57:42 - process[1]: evaluating epoch 11 on dev ...
00:58:24 - dev set during evaluation: 14470/14463
00:58:24 - process[1] - dev - epoch 11 - mAP: 0.362 w/ 35 queries
00:58:24 - process[1]: evaluating epoch 11 on test ...
00:59:09 - test set during evaluation: 14160/14157
00:59:09 - process[1] - test - epoch 11 - mAP: 0.386 w/ 35 queries
00:59:09 - process[1]: training epoch 12 ...
00:59:20 - process[1] - epoch 12 - train iter 195 - 16276.2 words/s - loss: 0.4830
00:59:20 - process[1]: evaluating epoch 12 on dev ...
01:00:01 - dev set during evaluation: 14470/14463
01:00:01 - process[1] - dev - epoch 12 - mAP: 0.318 w/ 35 queries
01:00:01 - process[1]: training epoch 13 ...
01:00:11 - process[1] - epoch 13 - train iter 195 - 17407.8 words/s - loss: 0.4223
01:00:11 - process[1]: evaluating epoch 13 on dev ...
01:00:54 - dev set during evaluation: 14470/14463
01:00:54 - process[1] - dev - epoch 13 - mAP: 0.370 w/ 35 queries
01:00:54 - process[1]: evaluating epoch 13 on test ...
01:01:39 - test set during evaluation: 14160/14157
01:01:39 - process[1] - test - epoch 13 - mAP: 0.366 w/ 35 queries
01:01:39 - process[1]: training epoch 14 ...
01:01:50 - process[1] - epoch 14 - train iter 195 - 15420.3 words/s - loss: 0.4255
01:01:50 - process[1]: evaluating epoch 14 on dev ...
01:02:33 - dev set during evaluation: 14470/14463
01:02:33 - process[1] - dev - epoch 14 - mAP: 0.379 w/ 35 queries
01:02:33 - process[1]: evaluating epoch 14 on test ...
01:03:18 - test set during evaluation: 14160/14157
01:03:18 - process[1] - test - epoch 14 - mAP: 0.361 w/ 35 queries
01:03:18 - process[1]: training epoch 15 ...
01:03:28 - process[1] - epoch 15 - train iter 195 - 16813.3 words/s - loss: 0.3833
01:03:28 - process[1]: evaluating epoch 15 on dev ...
01:04:10 - dev set during evaluation: 14470/14463
01:04:10 - process[1] - dev - epoch 15 - mAP: 0.374 w/ 35 queries
01:04:10 - process[1]: training epoch 16 ...
01:04:21 - process[1] - epoch 16 - train iter 195 - 16636.3 words/s - loss: 0.4151
01:04:21 - process[1]: evaluating epoch 16 on dev ...
01:05:04 - dev set during evaluation: 14470/14463
01:05:04 - process[1] - dev - epoch 16 - mAP: 0.353 w/ 35 queries
01:05:04 - process[1]: training epoch 17 ...
01:05:15 - process[1] - epoch 17 - train iter 195 - 16307.1 words/s - loss: 0.4696
01:05:15 - process[1]: evaluating epoch 17 on dev ...
01:05:57 - dev set during evaluation: 14470/14463
01:05:57 - process[1] - dev - epoch 17 - mAP: 0.393 w/ 35 queries
01:05:57 - process[1]: evaluating epoch 17 on test ...
01:06:42 - test set during evaluation: 14160/14157
01:06:42 - process[1] - test - epoch 17 - mAP: 0.412 w/ 35 queries
01:06:42 - process[1]: training epoch 18 ...
01:06:52 - process[1] - epoch 18 - train iter 195 - 16677.4 words/s - loss: 0.4100
01:06:52 - process[1]: evaluating epoch 18 on dev ...
01:07:34 - dev set during evaluation: 14470/14463
01:07:34 - process[1] - dev - epoch 18 - mAP: 0.356 w/ 35 queries
01:07:34 - process[1]: training epoch 19 ...
01:07:45 - process[1] - epoch 19 - train iter 195 - 16046.0 words/s - loss: 0.4213
01:07:45 - process[1]: evaluating epoch 19 on dev ...
01:08:27 - dev set during evaluation: 14470/14463
01:08:27 - process[1] - dev - epoch 19 - mAP: 0.393 w/ 35 queries
01:08:27 - process[1]: evaluating epoch 19 on test ...
01:09:12 - test set during evaluation: 14160/14157
01:09:12 - process[1] - test - epoch 19 - mAP: 0.390 w/ 35 queries
01:09:12 - [fold 5] best test MAP: 0.390 @ epoch 19
01:09:12 - [0.4092922062990663, 0.39727483165000893, 0.3253278638779062, 0.3763919780630299, 0.3897709668099024]
01:09:12 - [35, 36, 35, 35, 35]
01:09:12 - final MAP: 0.380
00:00:06 - Namespace(apex_level='O2', batch_size=8, cased=False, dataset='clef', debug=False, encoder_lr=2e-05, eval_step=1, full_doc_length=True, local_rank=1, model_path='/mnt/scratch/puxuan/short_qlm_doc/2186796/huggingface-14', model_type='mbert', num_epochs=20, num_ft_encoders=3, num_neg=1, projector_lr=2e-05, seed=611, source_lang='es', target_lang='en')
00:00:14 - Evaluating every 1 epochs ...
00:00:14 - reading data from /mnt/home/puxuan/CLIR-project/Evaluation_data/process-clef/uncased
00:00:15 - test has 35 queries ...
00:00:15 - Data reading done ...
00:00:21 - adding 9-th encoder to optimizer...
00:00:21 - adding 10-th encoder to optimizer...
00:00:21 - adding 11-th encoder to optimizer...
00:00:21 - process[1]: training epoch 0 ...
00:00:33 - process[1] - epoch 0 - train iter 197 - 15094.5 words/s - loss: 0.6895
00:00:33 - process[1]: training epoch 1 ...
00:00:44 - process[1] - epoch 1 - train iter 197 - 16210.1 words/s - loss: 0.6551
00:00:44 - process[1]: training epoch 2 ...
00:00:56 - process[1] - epoch 2 - train iter 197 - 15567.7 words/s - loss: 0.5972
00:00:56 - process[1]: training epoch 3 ...
00:01:07 - process[1] - epoch 3 - train iter 197 - 16763.8 words/s - loss: 0.5629
00:01:07 - process[1]: training epoch 4 ...
00:01:18 - process[1] - epoch 4 - train iter 197 - 16002.0 words/s - loss: 0.5197
00:01:18 - process[1]: training epoch 5 ...
00:01:28 - process[1] - epoch 5 - train iter 197 - 17639.9 words/s - loss: 0.4882
00:01:28 - process[1]: training epoch 6 ...
00:01:41 - process[1] - epoch 6 - train iter 197 - 14537.3 words/s - loss: 0.4957
00:01:41 - process[1]: training epoch 7 ...
00:01:52 - process[1] - epoch 7 - train iter 197 - 16027.6 words/s - loss: 0.4992
00:01:52 - process[1]: training epoch 8 ...
00:02:04 - process[1] - epoch 8 - train iter 197 - 15439.4 words/s - loss: 0.5146
00:02:04 - process[1]: training epoch 9 ...
00:02:15 - process[1] - epoch 9 - train iter 197 - 15887.0 words/s - loss: 0.4741
00:02:15 - process[1]: training epoch 10 ...
00:02:27 - process[1] - epoch 10 - train iter 197 - 15219.6 words/s - loss: 0.4484
00:02:27 - process[1]: evaluating epoch 10 on dev ...
00:03:11 - dev set during evaluation: 14160/14157
00:03:11 - process[1] - dev - epoch 10 - mAP: 0.393 w/ 35 queries
00:03:11 - process[1]: evaluating epoch 10 on test ...
00:03:53 - test set during evaluation: 14980/14975
00:03:53 - process[1] - test - epoch 10 - mAP: 0.395 w/ 35 queries
00:03:53 - process[1]: training epoch 11 ...
00:04:05 - process[1] - epoch 11 - train iter 197 - 15256.9 words/s - loss: 0.4081
00:04:05 - process[1]: evaluating epoch 11 on dev ...
00:04:49 - dev set during evaluation: 14160/14157
00:04:49 - process[1] - dev - epoch 11 - mAP: 0.374 w/ 35 queries
00:04:49 - process[1]: training epoch 12 ...
00:04:59 - process[1] - epoch 12 - train iter 197 - 18347.6 words/s - loss: 0.4577
00:04:59 - process[1]: evaluating epoch 12 on dev ...
00:05:43 - dev set during evaluation: 14160/14157
00:05:43 - process[1] - dev - epoch 12 - mAP: 0.364 w/ 35 queries
00:05:43 - process[1]: training epoch 13 ...
00:05:54 - process[1] - epoch 13 - train iter 197 - 15286.2 words/s - loss: 0.3851
00:05:54 - process[1]: evaluating epoch 13 on dev ...
00:06:39 - dev set during evaluation: 14160/14157
00:06:39 - process[1] - dev - epoch 13 - mAP: 0.399 w/ 35 queries
00:06:39 - process[1]: evaluating epoch 13 on test ...
00:07:21 - test set during evaluation: 14980/14975
00:07:21 - process[1] - test - epoch 13 - mAP: 0.409 w/ 35 queries
00:07:21 - process[1]: training epoch 14 ...
00:07:31 - process[1] - epoch 14 - train iter 197 - 16813.6 words/s - loss: 0.4520
00:07:31 - process[1]: evaluating epoch 14 on dev ...
00:08:16 - dev set during evaluation: 14160/14157
00:08:16 - process[1] - dev - epoch 14 - mAP: 0.357 w/ 35 queries
00:08:16 - process[1]: training epoch 15 ...
00:08:26 - process[1] - epoch 15 - train iter 197 - 17426.5 words/s - loss: 0.3840
00:08:26 - process[1]: evaluating epoch 15 on dev ...
00:09:10 - dev set during evaluation: 14160/14157
00:09:10 - process[1] - dev - epoch 15 - mAP: 0.361 w/ 35 queries
00:09:11 - process[1]: training epoch 16 ...
00:09:21 - process[1] - epoch 16 - train iter 197 - 16646.7 words/s - loss: 0.4423
00:09:21 - process[1]: evaluating epoch 16 on dev ...
00:10:06 - dev set during evaluation: 14160/14157
00:10:06 - process[1] - dev - epoch 16 - mAP: 0.395 w/ 35 queries
00:10:06 - process[1]: training epoch 17 ...
00:10:17 - process[1] - epoch 17 - train iter 197 - 16350.1 words/s - loss: 0.4347
00:10:17 - process[1]: evaluating epoch 17 on dev ...
00:11:02 - dev set during evaluation: 14160/14157
00:11:02 - process[1] - dev - epoch 17 - mAP: 0.367 w/ 35 queries
00:11:02 - process[1]: training epoch 18 ...
00:11:11 - process[1] - epoch 18 - train iter 197 - 17683.7 words/s - loss: 0.3662
00:11:11 - process[1]: evaluating epoch 18 on dev ...
00:11:56 - dev set during evaluation: 14160/14157
00:11:56 - process[1] - dev - epoch 18 - mAP: 0.373 w/ 35 queries
00:11:56 - process[1]: training epoch 19 ...
00:12:08 - process[1] - epoch 19 - train iter 197 - 15358.3 words/s - loss: 0.4266
00:12:08 - process[1]: evaluating epoch 19 on dev ...
00:12:52 - dev set during evaluation: 14160/14157
00:12:52 - process[1] - dev - epoch 19 - mAP: 0.372 w/ 35 queries
00:12:52 - [fold 1] best test MAP: 0.409 @ epoch 13
00:12:52 - Evaluating every 1 epochs ...
00:12:52 - reading data from /mnt/home/puxuan/CLIR-project/Evaluation_data/process-clef/uncased
00:12:53 - test has 36 queries ...
00:12:53 - Data reading done ...
00:12:54 - adding 9-th encoder to optimizer...
00:12:54 - adding 10-th encoder to optimizer...
00:12:54 - adding 11-th encoder to optimizer...
00:12:55 - process[1]: training epoch 0 ...
00:13:04 - process[1] - epoch 0 - train iter 187 - 18197.4 words/s - loss: 0.6877
00:13:04 - process[1]: training epoch 1 ...
00:13:16 - process[1] - epoch 1 - train iter 187 - 15277.7 words/s - loss: 0.6556
00:13:16 - process[1]: training epoch 2 ...
00:13:25 - process[1] - epoch 2 - train iter 187 - 17534.5 words/s - loss: 0.5939
00:13:25 - process[1]: training epoch 3 ...
00:13:37 - process[1] - epoch 3 - train iter 187 - 15273.0 words/s - loss: 0.5952
00:13:37 - process[1]: training epoch 4 ...
00:13:46 - process[1] - epoch 4 - train iter 187 - 18118.1 words/s - loss: 0.5457
00:13:46 - process[1]: training epoch 5 ...
00:13:57 - process[1] - epoch 5 - train iter 187 - 16208.6 words/s - loss: 0.5809
00:13:57 - process[1]: training epoch 6 ...
00:14:06 - process[1] - epoch 6 - train iter 187 - 17791.4 words/s - loss: 0.5502
00:14:06 - process[1]: training epoch 7 ...
00:14:16 - process[1] - epoch 7 - train iter 187 - 17917.1 words/s - loss: 0.4891
00:14:16 - process[1]: training epoch 8 ...
00:14:26 - process[1] - epoch 8 - train iter 187 - 17156.6 words/s - loss: 0.5209
00:14:26 - process[1]: training epoch 9 ...
00:14:35 - process[1] - epoch 9 - train iter 187 - 17992.5 words/s - loss: 0.5006
00:14:35 - process[1]: training epoch 10 ...
00:14:45 - process[1] - epoch 10 - train iter 187 - 16810.9 words/s - loss: 0.5333
00:14:45 - process[1]: evaluating epoch 10 on dev ...
00:15:28 - dev set during evaluation: 14980/14975
00:15:28 - process[1] - dev - epoch 10 - mAP: 0.402 w/ 35 queries
00:15:28 - process[1]: evaluating epoch 10 on test ...
00:16:11 - test set during evaluation: 15300/15294
00:16:11 - process[1] - test - epoch 10 - mAP: 0.331 w/ 36 queries
00:16:11 - process[1]: training epoch 11 ...
00:16:21 - process[1] - epoch 11 - train iter 187 - 16447.1 words/s - loss: 0.4161
00:16:21 - process[1]: evaluating epoch 11 on dev ...
00:17:01 - dev set during evaluation: 14980/14975
00:17:01 - process[1] - dev - epoch 11 - mAP: 0.370 w/ 35 queries
00:17:01 - process[1]: training epoch 12 ...
00:17:12 - process[1] - epoch 12 - train iter 187 - 16905.2 words/s - loss: 0.4600
00:17:12 - process[1]: evaluating epoch 12 on dev ...
00:17:52 - dev set during evaluation: 14980/14975
00:17:52 - process[1] - dev - epoch 12 - mAP: 0.402 w/ 35 queries
00:17:52 - process[1]: training epoch 13 ...
00:18:03 - process[1] - epoch 13 - train iter 187 - 16964.3 words/s - loss: 0.4769
00:18:03 - process[1]: evaluating epoch 13 on dev ...
00:18:43 - dev set during evaluation: 14980/14975
00:18:43 - process[1] - dev - epoch 13 - mAP: 0.415 w/ 35 queries
00:18:43 - process[1]: evaluating epoch 13 on test ...
00:19:26 - test set during evaluation: 15300/15294
00:19:26 - process[1] - test - epoch 13 - mAP: 0.404 w/ 36 queries
00:19:26 - process[1]: training epoch 14 ...
00:19:36 - process[1] - epoch 14 - train iter 187 - 17656.9 words/s - loss: 0.4770
00:19:36 - process[1]: evaluating epoch 14 on dev ...
00:20:18 - dev set during evaluation: 14980/14975
00:20:18 - process[1] - dev - epoch 14 - mAP: 0.386 w/ 35 queries
00:20:18 - process[1]: training epoch 15 ...
00:20:28 - process[1] - epoch 15 - train iter 187 - 16695.9 words/s - loss: 0.4486
00:20:28 - process[1]: evaluating epoch 15 on dev ...
00:21:09 - dev set during evaluation: 14980/14975
00:21:09 - process[1] - dev - epoch 15 - mAP: 0.426 w/ 35 queries
00:21:09 - process[1]: evaluating epoch 15 on test ...
00:21:52 - test set during evaluation: 15300/15294
00:21:52 - process[1] - test - epoch 15 - mAP: 0.383 w/ 36 queries
00:21:52 - process[1]: training epoch 16 ...
00:22:02 - process[1] - epoch 16 - train iter 187 - 17640.1 words/s - loss: 0.4166
00:22:02 - process[1]: evaluating epoch 16 on dev ...
00:22:42 - dev set during evaluation: 14980/14975
00:22:42 - process[1] - dev - epoch 16 - mAP: 0.432 w/ 35 queries
00:22:42 - process[1]: evaluating epoch 16 on test ...
00:23:25 - test set during evaluation: 15300/15294
00:23:25 - process[1] - test - epoch 16 - mAP: 0.397 w/ 36 queries
00:23:25 - process[1]: training epoch 17 ...
00:23:34 - process[1] - epoch 17 - train iter 187 - 18347.0 words/s - loss: 0.4060
00:23:34 - process[1]: evaluating epoch 17 on dev ...
00:24:16 - dev set during evaluation: 14980/14975
00:24:16 - process[1] - dev - epoch 17 - mAP: 0.414 w/ 35 queries
00:24:16 - process[1]: training epoch 18 ...
00:24:26 - process[1] - epoch 18 - train iter 187 - 17027.5 words/s - loss: 0.4005
00:24:26 - process[1]: evaluating epoch 18 on dev ...
00:25:07 - dev set during evaluation: 14980/14975
00:25:07 - process[1] - dev - epoch 18 - mAP: 0.395 w/ 35 queries
00:25:07 - process[1]: training epoch 19 ...
00:25:17 - process[1] - epoch 19 - train iter 187 - 17252.4 words/s - loss: 0.4320
00:25:17 - process[1]: evaluating epoch 19 on dev ...
00:25:58 - dev set during evaluation: 14980/14975
00:25:58 - process[1] - dev - epoch 19 - mAP: 0.400 w/ 35 queries
00:25:58 - [fold 2] best test MAP: 0.397 @ epoch 16
00:25:58 - Evaluating every 1 epochs ...
00:25:58 - reading data from /mnt/home/puxuan/CLIR-project/Evaluation_data/process-clef/uncased
00:25:59 - test has 35 queries ...
00:25:59 - Data reading done ...
00:26:00 - adding 9-th encoder to optimizer...
00:26:00 - adding 10-th encoder to optimizer...
00:26:00 - adding 11-th encoder to optimizer...
00:26:01 - process[1]: training epoch 0 ...
00:26:11 - process[1] - epoch 0 - train iter 196 - 17034.7 words/s - loss: 0.6898
00:26:11 - process[1]: training epoch 1 ...
00:26:22 - process[1] - epoch 1 - train iter 196 - 16523.1 words/s - loss: 0.6697
00:26:22 - process[1]: training epoch 2 ...
00:26:32 - process[1] - epoch 2 - train iter 196 - 17942.9 words/s - loss: 0.6178
00:26:32 - process[1]: training epoch 3 ...
00:26:43 - process[1] - epoch 3 - train iter 196 - 17057.7 words/s - loss: 0.5476
00:26:43 - process[1]: training epoch 4 ...
00:26:54 - process[1] - epoch 4 - train iter 196 - 16099.0 words/s - loss: 0.5908
00:26:54 - process[1]: training epoch 5 ...
00:27:04 - process[1] - epoch 5 - train iter 196 - 17987.3 words/s - loss: 0.5120
00:27:04 - process[1]: training epoch 6 ...
00:27:14 - process[1] - epoch 6 - train iter 196 - 17522.2 words/s - loss: 0.5536
00:27:14 - process[1]: training epoch 7 ...
00:27:26 - process[1] - epoch 7 - train iter 196 - 15303.1 words/s - loss: 0.5029
00:27:26 - process[1]: training epoch 8 ...
00:27:38 - process[1] - epoch 8 - train iter 196 - 14160.9 words/s - loss: 0.4817
00:27:38 - process[1]: training epoch 9 ...
00:27:48 - process[1] - epoch 9 - train iter 196 - 18437.6 words/s - loss: 0.4517
00:27:48 - process[1]: training epoch 10 ...
00:27:58 - process[1] - epoch 10 - train iter 196 - 17639.5 words/s - loss: 0.4893
00:27:58 - process[1]: evaluating epoch 10 on dev ...
00:28:41 - dev set during evaluation: 15300/15294
00:28:41 - process[1] - dev - epoch 10 - mAP: 0.328 w/ 36 queries
00:28:41 - process[1]: evaluating epoch 10 on test ...
00:29:23 - test set during evaluation: 15480/15477
00:29:23 - process[1] - test - epoch 10 - mAP: 0.294 w/ 35 queries
00:29:23 - process[1]: training epoch 11 ...
00:29:33 - process[1] - epoch 11 - train iter 196 - 17284.1 words/s - loss: 0.4821
00:29:33 - process[1]: evaluating epoch 11 on dev ...
00:30:15 - dev set during evaluation: 15300/15294
00:30:15 - process[1] - dev - epoch 11 - mAP: 0.358 w/ 36 queries
00:30:15 - process[1]: evaluating epoch 11 on test ...
00:30:58 - test set during evaluation: 15480/15477
00:30:58 - process[1] - test - epoch 11 - mAP: 0.325 w/ 35 queries
00:30:58 - process[1]: training epoch 12 ...
00:31:08 - process[1] - epoch 12 - train iter 196 - 17620.2 words/s - loss: 0.4894
00:31:08 - process[1]: evaluating epoch 12 on dev ...
00:31:51 - dev set during evaluation: 15300/15294
00:31:51 - process[1] - dev - epoch 12 - mAP: 0.348 w/ 36 queries
00:31:51 - process[1]: training epoch 13 ...
00:32:01 - process[1] - epoch 13 - train iter 196 - 16982.3 words/s - loss: 0.4913
00:32:01 - process[1]: evaluating epoch 13 on dev ...
00:32:44 - dev set during evaluation: 15300/15294
00:32:44 - process[1] - dev - epoch 13 - mAP: 0.360 w/ 36 queries
00:32:44 - process[1]: evaluating epoch 13 on test ...
00:33:26 - test set during evaluation: 15480/15477
00:33:26 - process[1] - test - epoch 13 - mAP: 0.311 w/ 35 queries
00:33:26 - process[1]: training epoch 14 ...
00:33:36 - process[1] - epoch 14 - train iter 196 - 17145.3 words/s - loss: 0.5079
00:33:36 - process[1]: evaluating epoch 14 on dev ...
00:34:18 - dev set during evaluation: 15300/15294
00:34:18 - process[1] - dev - epoch 14 - mAP: 0.380 w/ 36 queries
00:34:18 - process[1]: evaluating epoch 14 on test ...
00:35:00 - test set during evaluation: 15480/15477
00:35:00 - process[1] - test - epoch 14 - mAP: 0.324 w/ 35 queries
00:35:00 - process[1]: training epoch 15 ...
00:35:10 - process[1] - epoch 15 - train iter 196 - 18375.7 words/s - loss: 0.4164
00:35:10 - process[1]: evaluating epoch 15 on dev ...
00:35:52 - dev set during evaluation: 15300/15294
00:35:52 - process[1] - dev - epoch 15 - mAP: 0.357 w/ 36 queries
00:35:52 - process[1]: training epoch 16 ...
00:36:02 - process[1] - epoch 16 - train iter 196 - 18782.4 words/s - loss: 0.4633
00:36:02 - process[1]: evaluating epoch 16 on dev ...
00:36:44 - dev set during evaluation: 15300/15294
00:36:44 - process[1] - dev - epoch 16 - mAP: 0.389 w/ 36 queries
00:36:44 - process[1]: evaluating epoch 16 on test ...
00:37:26 - test set during evaluation: 15480/15477
00:37:26 - process[1] - test - epoch 16 - mAP: 0.325 w/ 35 queries
00:37:26 - process[1]: training epoch 17 ...
00:37:37 - process[1] - epoch 17 - train iter 196 - 17438.0 words/s - loss: 0.4359
00:37:37 - process[1]: evaluating epoch 17 on dev ...
00:38:19 - dev set during evaluation: 15300/15294
00:38:19 - process[1] - dev - epoch 17 - mAP: 0.379 w/ 36 queries
00:38:19 - process[1]: training epoch 18 ...
00:38:29 - process[1] - epoch 18 - train iter 196 - 16909.5 words/s - loss: 0.4631
00:38:29 - process[1]: evaluating epoch 18 on dev ...
00:39:12 - dev set during evaluation: 15300/15294
00:39:12 - process[1] - dev - epoch 18 - mAP: 0.370 w/ 36 queries
00:39:12 - process[1]: training epoch 19 ...
00:39:22 - process[1] - epoch 19 - train iter 196 - 16973.0 words/s - loss: 0.4236
00:39:22 - process[1]: evaluating epoch 19 on dev ...
00:40:04 - dev set during evaluation: 15300/15294
00:40:04 - process[1] - dev - epoch 19 - mAP: 0.387 w/ 36 queries
00:40:04 - [fold 3] best test MAP: 0.325 @ epoch 16
00:40:04 - Evaluating every 1 epochs ...
00:40:04 - reading data from /mnt/home/puxuan/CLIR-project/Evaluation_data/process-clef/uncased
00:40:05 - test has 35 queries ...
00:40:05 - Data reading done ...
00:40:06 - adding 9-th encoder to optimizer...
00:40:06 - adding 10-th encoder to optimizer...
00:40:06 - adding 11-th encoder to optimizer...
00:40:07 - process[1]: training epoch 0 ...
00:40:19 - process[1] - epoch 0 - train iter 207 - 15952.6 words/s - loss: 0.6888
00:40:19 - process[1]: training epoch 1 ...
00:40:30 - process[1] - epoch 1 - train iter 207 - 16395.4 words/s - loss: 0.6606
00:40:30 - process[1]: training epoch 2 ...
00:40:41 - process[1] - epoch 2 - train iter 207 - 16237.1 words/s - loss: 0.6189
00:40:41 - process[1]: training epoch 3 ...
00:40:54 - process[1] - epoch 3 - train iter 207 - 14218.5 words/s - loss: 0.5871
00:40:54 - process[1]: training epoch 4 ...
00:41:05 - process[1] - epoch 4 - train iter 207 - 17400.5 words/s - loss: 0.5924
00:41:05 - process[1]: training epoch 5 ...
00:41:17 - process[1] - epoch 5 - train iter 207 - 16378.4 words/s - loss: 0.4937
00:41:17 - process[1]: training epoch 6 ...
00:41:28 - process[1] - epoch 6 - train iter 207 - 15803.0 words/s - loss: 0.5287
00:41:28 - process[1]: training epoch 7 ...
00:41:39 - process[1] - epoch 7 - train iter 207 - 17534.7 words/s - loss: 0.5163
00:41:39 - process[1]: training epoch 8 ...
00:41:50 - process[1] - epoch 8 - train iter 207 - 16738.3 words/s - loss: 0.4992
00:41:50 - process[1]: training epoch 9 ...
00:42:02 - process[1] - epoch 9 - train iter 207 - 15343.4 words/s - loss: 0.4987
00:42:02 - process[1]: training epoch 10 ...
00:42:14 - process[1] - epoch 10 - train iter 207 - 16584.3 words/s - loss: 0.5184
00:42:14 - process[1]: evaluating epoch 10 on dev ...
00:42:54 - dev set during evaluation: 15480/15477
00:42:54 - process[1] - dev - epoch 10 - mAP: 0.308 w/ 35 queries
00:42:54 - process[1]: evaluating epoch 10 on test ...
00:43:37 - test set during evaluation: 14470/14463
00:43:37 - process[1] - test - epoch 10 - mAP: 0.331 w/ 35 queries
00:43:37 - process[1]: training epoch 11 ...
00:43:48 - process[1] - epoch 11 - train iter 207 - 16716.2 words/s - loss: 0.4958
00:43:48 - process[1]: evaluating epoch 11 on dev ...
00:44:29 - dev set during evaluation: 15480/15477
00:44:29 - process[1] - dev - epoch 11 - mAP: 0.309 w/ 35 queries
00:44:29 - process[1]: evaluating epoch 11 on test ...
00:45:11 - test set during evaluation: 14470/14463
00:45:11 - process[1] - test - epoch 11 - mAP: 0.358 w/ 35 queries
00:45:11 - process[1]: training epoch 12 ...
00:45:23 - process[1] - epoch 12 - train iter 207 - 16552.1 words/s - loss: 0.4500
00:45:23 - process[1]: evaluating epoch 12 on dev ...
00:46:05 - dev set during evaluation: 15480/15477
00:46:05 - process[1] - dev - epoch 12 - mAP: 0.291 w/ 35 queries
00:46:05 - process[1]: training epoch 13 ...
00:46:16 - process[1] - epoch 13 - train iter 207 - 16237.5 words/s - loss: 0.4953
00:46:16 - process[1]: evaluating epoch 13 on dev ...
00:46:58 - dev set during evaluation: 15480/15477
00:46:58 - process[1] - dev - epoch 13 - mAP: 0.340 w/ 35 queries
00:46:58 - process[1]: evaluating epoch 13 on test ...
00:47:40 - test set during evaluation: 14470/14463
00:47:40 - process[1] - test - epoch 13 - mAP: 0.355 w/ 35 queries
00:47:40 - process[1]: training epoch 14 ...
00:47:51 - process[1] - epoch 14 - train iter 207 - 16922.7 words/s - loss: 0.4584
00:47:51 - process[1]: evaluating epoch 14 on dev ...
00:48:34 - dev set during evaluation: 15480/15477
00:48:34 - process[1] - dev - epoch 14 - mAP: 0.304 w/ 35 queries
00:48:34 - process[1]: training epoch 15 ...
00:48:45 - process[1] - epoch 15 - train iter 207 - 16873.9 words/s - loss: 0.4429
00:48:45 - process[1]: evaluating epoch 15 on dev ...
00:49:26 - dev set during evaluation: 15480/15477
00:49:26 - process[1] - dev - epoch 15 - mAP: 0.313 w/ 35 queries
00:49:26 - process[1]: training epoch 16 ...
00:49:37 - process[1] - epoch 16 - train iter 207 - 16299.8 words/s - loss: 0.4522
00:49:37 - process[1]: evaluating epoch 16 on dev ...
00:50:19 - dev set during evaluation: 15480/15477
00:50:19 - process[1] - dev - epoch 16 - mAP: 0.304 w/ 35 queries
00:50:19 - process[1]: training epoch 17 ...
00:50:31 - process[1] - epoch 17 - train iter 207 - 16207.0 words/s - loss: 0.4421
00:50:37 - process[1]: evaluating epoch 17 on dev ...
00:51:19 - dev set during evaluation: 15480/15477
00:51:19 - process[1] - dev - epoch 17 - mAP: 0.321 w/ 35 queries
00:51:19 - process[1]: training epoch 18 ...
00:51:30 - process[1] - epoch 18 - train iter 207 - 17336.4 words/s - loss: 0.4136
00:51:30 - process[1]: evaluating epoch 18 on dev ...
00:52:17 - dev set during evaluation: 15480/15477
00:52:17 - process[1] - dev - epoch 18 - mAP: 0.328 w/ 35 queries
00:52:17 - process[1]: training epoch 19 ...
00:52:27 - process[1] - epoch 19 - train iter 207 - 18149.0 words/s - loss: 0.4277
00:52:27 - process[1]: evaluating epoch 19 on dev ...
00:53:11 - dev set during evaluation: 15480/15477
00:53:11 - process[1] - dev - epoch 19 - mAP: 0.353 w/ 35 queries
00:53:11 - process[1]: evaluating epoch 19 on test ...
00:53:52 - test set during evaluation: 14470/14463
00:53:52 - process[1] - test - epoch 19 - mAP: 0.376 w/ 35 queries
00:53:52 - [fold 4] best test MAP: 0.376 @ epoch 19
00:53:52 - Evaluating every 1 epochs ...
00:53:52 - reading data from /mnt/home/puxuan/CLIR-project/Evaluation_data/process-clef/uncased
00:53:54 - test has 35 queries ...
00:53:54 - Data reading done ...
00:53:56 - adding 9-th encoder to optimizer...
00:53:56 - adding 10-th encoder to optimizer...
00:53:56 - adding 11-th encoder to optimizer...
00:53:56 - process[1]: training epoch 0 ...
00:54:06 - process[1] - epoch 0 - train iter 195 - 17165.2 words/s - loss: 0.6885
00:54:06 - process[1]: training epoch 1 ...
00:54:16 - process[1] - epoch 1 - train iter 195 - 17747.8 words/s - loss: 0.6685
00:54:16 - process[1]: training epoch 2 ...
00:54:27 - process[1] - epoch 2 - train iter 195 - 15747.3 words/s - loss: 0.6074
00:54:27 - process[1]: training epoch 3 ...
00:54:38 - process[1] - epoch 3 - train iter 195 - 16544.4 words/s - loss: 0.5864
00:54:38 - process[1]: training epoch 4 ...
00:54:49 - process[1] - epoch 4 - train iter 195 - 14793.3 words/s - loss: 0.5096
00:54:49 - process[1]: training epoch 5 ...
00:55:01 - process[1] - epoch 5 - train iter 195 - 15277.1 words/s - loss: 0.5942
00:55:01 - process[1]: training epoch 6 ...
00:55:12 - process[1] - epoch 6 - train iter 195 - 15452.4 words/s - loss: 0.4835
00:55:12 - process[1]: training epoch 7 ...
00:55:23 - process[1] - epoch 7 - train iter 195 - 16152.2 words/s - loss: 0.5099
00:55:23 - process[1]: training epoch 8 ...
00:55:34 - process[1] - epoch 8 - train iter 195 - 15435.3 words/s - loss: 0.4577
00:55:34 - process[1]: training epoch 9 ...
00:55:46 - process[1] - epoch 9 - train iter 195 - 14561.0 words/s - loss: 0.4144
00:55:46 - process[1]: training epoch 10 ...
00:55:58 - process[1] - epoch 10 - train iter 195 - 15799.5 words/s - loss: 0.4152
00:55:58 - process[1]: evaluating epoch 10 on dev ...
00:56:39 - dev set during evaluation: 14470/14463
00:56:39 - process[1] - dev - epoch 10 - mAP: 0.304 w/ 35 queries
00:56:39 - process[1]: evaluating epoch 10 on test ...
00:57:24 - test set during evaluation: 14160/14157
00:57:24 - process[1] - test - epoch 10 - mAP: 0.327 w/ 35 queries
00:57:24 - process[1]: training epoch 11 ...
00:57:36 - process[1] - epoch 11 - train iter 195 - 14617.5 words/s - loss: 0.4169
00:57:36 - process[1]: evaluating epoch 11 on dev ...
00:58:18 - dev set during evaluation: 14470/14463
00:58:18 - process[1] - dev - epoch 11 - mAP: 0.362 w/ 35 queries
00:58:18 - process[1]: evaluating epoch 11 on test ...
00:59:04 - test set during evaluation: 14160/14157
00:59:04 - process[1] - test - epoch 11 - mAP: 0.386 w/ 35 queries
00:59:04 - process[1]: training epoch 12 ...
00:59:14 - process[1] - epoch 12 - train iter 195 - 16466.8 words/s - loss: 0.4830
00:59:14 - process[1]: evaluating epoch 12 on dev ...
00:59:57 - dev set during evaluation: 14470/14463
00:59:57 - process[1] - dev - epoch 12 - mAP: 0.318 w/ 35 queries
00:59:57 - process[1]: training epoch 13 ...
01:00:06 - process[1] - epoch 13 - train iter 195 - 17576.2 words/s - loss: 0.4223
01:00:06 - process[1]: evaluating epoch 13 on dev ...
01:00:49 - dev set during evaluation: 14470/14463
01:00:49 - process[1] - dev - epoch 13 - mAP: 0.370 w/ 35 queries
01:00:49 - process[1]: evaluating epoch 13 on test ...
01:01:34 - test set during evaluation: 14160/14157
01:01:34 - process[1] - test - epoch 13 - mAP: 0.366 w/ 35 queries
01:01:34 - process[1]: training epoch 14 ...
01:01:45 - process[1] - epoch 14 - train iter 195 - 15755.3 words/s - loss: 0.4255
01:01:45 - process[1]: evaluating epoch 14 on dev ...
01:02:27 - dev set during evaluation: 14470/14463
01:02:27 - process[1] - dev - epoch 14 - mAP: 0.379 w/ 35 queries
01:02:27 - process[1]: evaluating epoch 14 on test ...
01:03:13 - test set during evaluation: 14160/14157
01:03:13 - process[1] - test - epoch 14 - mAP: 0.361 w/ 35 queries
01:03:13 - process[1]: training epoch 15 ...
01:03:23 - process[1] - epoch 15 - train iter 195 - 16887.3 words/s - loss: 0.3833
01:03:23 - process[1]: evaluating epoch 15 on dev ...
01:04:05 - dev set during evaluation: 14470/14463
01:04:05 - process[1] - dev - epoch 15 - mAP: 0.374 w/ 35 queries
01:04:05 - process[1]: training epoch 16 ...
01:04:15 - process[1] - epoch 16 - train iter 195 - 16700.7 words/s - loss: 0.4151
01:04:15 - process[1]: evaluating epoch 16 on dev ...
01:04:58 - dev set during evaluation: 14470/14463
01:04:58 - process[1] - dev - epoch 16 - mAP: 0.353 w/ 35 queries
01:04:58 - process[1]: training epoch 17 ...
01:05:09 - process[1] - epoch 17 - train iter 195 - 16333.6 words/s - loss: 0.4696
01:05:09 - process[1]: evaluating epoch 17 on dev ...
01:05:51 - dev set during evaluation: 14470/14463
01:05:52 - process[1] - dev - epoch 17 - mAP: 0.393 w/ 35 queries
01:05:52 - process[1]: evaluating epoch 17 on test ...
01:06:36 - test set during evaluation: 14160/14157
01:06:36 - process[1] - test - epoch 17 - mAP: 0.412 w/ 35 queries
01:06:36 - process[1]: training epoch 18 ...
01:06:47 - process[1] - epoch 18 - train iter 195 - 16716.8 words/s - loss: 0.4100
01:06:47 - process[1]: evaluating epoch 18 on dev ...
01:07:28 - dev set during evaluation: 14470/14463
01:07:28 - process[1] - dev - epoch 18 - mAP: 0.356 w/ 35 queries
01:07:28 - process[1]: training epoch 19 ...
01:07:39 - process[1] - epoch 19 - train iter 195 - 16141.5 words/s - loss: 0.4213
01:07:39 - process[1]: evaluating epoch 19 on dev ...
01:08:21 - dev set during evaluation: 14470/14463
01:08:21 - process[1] - dev - epoch 19 - mAP: 0.393 w/ 35 queries
01:08:21 - process[1]: evaluating epoch 19 on test ...
01:09:06 - test set during evaluation: 14160/14157
01:09:06 - process[1] - test - epoch 19 - mAP: 0.390 w/ 35 queries
01:09:06 - [fold 5] best test MAP: 0.390 @ epoch 19
01:09:06 - [0.4092922062990663, 0.39727483165000893, 0.3253278638779062, 0.3763919780630299, 0.3897709668099024]
01:09:06 - [35, 36, 35, 35, 35]
01:09:06 - final MAP: 0.380
