00:00:05 - Namespace(apex_level='O2', batch_size=8, cased=False, dataset='clef', debug=False, encoder_lr=2e-05, eval_step=1, full_doc_length=True, local_rank=4, model_path='/mnt/scratch/puxuan/short_qlm_doc/2186796/huggingface-14', model_type='mbert', num_epochs=20, num_ft_encoders=3, num_neg=1, projector_lr=2e-05, seed=611, source_lang='en', target_lang='fr')
00:00:14 - Evaluating every 1 epochs ...
00:00:14 - reading data from /mnt/home/puxuan/CLIR-project/Evaluation_data/process-clef/uncased
00:00:14 - test has 37 queries ...
00:00:14 - Data reading done ...
00:00:21 - adding 9-th encoder to optimizer...
00:00:21 - adding 10-th encoder to optimizer...
00:00:21 - adding 11-th encoder to optimizer...
00:00:22 - process[4]: training epoch 0 ...
00:00:32 - process[4] - epoch 0 - train iter 241 - 19752.5 words/s - loss: 0.6903
00:00:32 - process[4]: training epoch 1 ...
00:00:40 - process[4] - epoch 1 - train iter 241 - 22831.8 words/s - loss: 0.6750
00:00:40 - process[4]: training epoch 2 ...
00:00:49 - process[4] - epoch 2 - train iter 241 - 21353.3 words/s - loss: 0.6606
00:00:49 - process[4]: training epoch 3 ...
00:00:59 - process[4] - epoch 3 - train iter 241 - 21382.9 words/s - loss: 0.6572
00:00:59 - process[4]: training epoch 4 ...
00:01:08 - process[4] - epoch 4 - train iter 241 - 21822.0 words/s - loss: 0.6644
00:01:08 - process[4]: training epoch 5 ...
00:01:17 - process[4] - epoch 5 - train iter 241 - 20619.2 words/s - loss: 0.6345
00:01:17 - process[4]: training epoch 6 ...
00:01:26 - process[4] - epoch 6 - train iter 241 - 22066.3 words/s - loss: 0.6124
00:01:26 - process[4]: training epoch 7 ...
00:01:35 - process[4] - epoch 7 - train iter 241 - 21830.2 words/s - loss: 0.6192
00:01:35 - process[4]: training epoch 8 ...
00:01:44 - process[4] - epoch 8 - train iter 241 - 21089.3 words/s - loss: 0.5829
00:01:44 - process[4]: training epoch 9 ...
00:01:53 - process[4] - epoch 9 - train iter 241 - 20564.6 words/s - loss: 0.5684
00:01:53 - process[4]: training epoch 10 ...
00:02:03 - process[4] - epoch 10 - train iter 241 - 20482.6 words/s - loss: 0.5320
00:02:03 - process[4]: evaluating epoch 10 on dev ...
00:02:22 - process[4] - dev - epoch 10 - mAP: 0.308 w/ 37 queries
00:02:22 - process[4]: evaluating epoch 10 on test ...
00:02:41 - test set during evaluation: 11380/11372
00:02:41 - process[4] - test - epoch 10 - mAP: 0.251 w/ 37 queries
00:02:41 - process[4]: training epoch 11 ...
00:02:50 - process[4] - epoch 11 - train iter 241 - 22488.9 words/s - loss: 0.4981
00:02:50 - process[4]: evaluating epoch 11 on dev ...
00:03:09 - process[4] - dev - epoch 11 - mAP: 0.335 w/ 37 queries
00:03:09 - process[4]: evaluating epoch 11 on test ...
00:03:27 - test set during evaluation: 11380/11372
00:03:28 - process[4] - test - epoch 11 - mAP: 0.297 w/ 37 queries
00:03:28 - process[4]: training epoch 12 ...
00:03:37 - process[4] - epoch 12 - train iter 241 - 20487.1 words/s - loss: 0.5383
00:03:37 - process[4]: evaluating epoch 12 on dev ...
00:03:55 - process[4] - dev - epoch 12 - mAP: 0.355 w/ 37 queries
00:03:55 - process[4]: evaluating epoch 12 on test ...
00:04:14 - test set during evaluation: 11380/11372
00:04:14 - process[4] - test - epoch 12 - mAP: 0.343 w/ 37 queries
00:04:14 - process[4]: training epoch 13 ...
00:04:23 - process[4] - epoch 13 - train iter 241 - 20710.5 words/s - loss: 0.5182
00:04:23 - process[4]: evaluating epoch 13 on dev ...
00:04:43 - process[4] - dev - epoch 13 - mAP: 0.338 w/ 37 queries
00:04:43 - process[4]: training epoch 14 ...
00:04:52 - process[4] - epoch 14 - train iter 241 - 21207.9 words/s - loss: 0.5229
00:04:52 - process[4]: evaluating epoch 14 on dev ...
00:05:10 - process[4] - dev - epoch 14 - mAP: 0.344 w/ 37 queries
00:05:10 - process[4]: training epoch 15 ...
00:05:20 - process[4] - epoch 15 - train iter 241 - 21041.6 words/s - loss: 0.4968
00:05:20 - process[4]: evaluating epoch 15 on dev ...
00:05:38 - process[4] - dev - epoch 15 - mAP: 0.359 w/ 37 queries
00:05:38 - process[4]: evaluating epoch 15 on test ...
00:05:57 - test set during evaluation: 11380/11372
00:05:57 - process[4] - test - epoch 15 - mAP: 0.355 w/ 37 queries
00:05:57 - process[4]: training epoch 16 ...
00:06:06 - process[4] - epoch 16 - train iter 241 - 21211.8 words/s - loss: 0.5283
00:06:06 - process[4]: evaluating epoch 16 on dev ...
00:06:26 - process[4] - dev - epoch 16 - mAP: 0.344 w/ 37 queries
00:06:26 - process[4]: training epoch 17 ...
00:06:34 - process[4] - epoch 17 - train iter 241 - 22661.3 words/s - loss: 0.5040
00:06:34 - process[4]: evaluating epoch 17 on dev ...
00:06:53 - process[4] - dev - epoch 17 - mAP: 0.352 w/ 37 queries
00:06:53 - process[4]: training epoch 18 ...
00:07:02 - process[4] - epoch 18 - train iter 241 - 21607.4 words/s - loss: 0.4948
00:07:02 - process[4]: evaluating epoch 18 on dev ...
00:07:21 - process[4] - dev - epoch 18 - mAP: 0.356 w/ 37 queries
00:07:21 - process[4]: training epoch 19 ...
00:07:29 - process[4] - epoch 19 - train iter 241 - 22527.2 words/s - loss: 0.4836
00:07:29 - process[4]: evaluating epoch 19 on dev ...
00:07:48 - process[4] - dev - epoch 19 - mAP: 0.364 w/ 37 queries
00:07:48 - process[4]: evaluating epoch 19 on test ...
00:08:07 - test set during evaluation: 11380/11372
00:08:07 - process[4] - test - epoch 19 - mAP: 0.369 w/ 37 queries
00:08:07 - [fold 1] best test MAP: 0.369 @ epoch 19
00:08:07 - Evaluating every 1 epochs ...
00:08:07 - reading data from /mnt/home/puxuan/CLIR-project/Evaluation_data/process-clef/uncased
00:08:07 - test has 37 queries ...
00:08:07 - Data reading done ...
00:08:09 - adding 9-th encoder to optimizer...
00:08:09 - adding 10-th encoder to optimizer...
00:08:09 - adding 11-th encoder to optimizer...
00:08:09 - process[4]: training epoch 0 ...
00:08:20 - process[4] - epoch 0 - train iter 276 - 22033.9 words/s - loss: 0.6868
00:08:20 - process[4]: training epoch 1 ...
00:08:30 - process[4] - epoch 1 - train iter 276 - 21644.7 words/s - loss: 0.6753
00:08:30 - process[4]: training epoch 2 ...
00:08:41 - process[4] - epoch 2 - train iter 276 - 19970.6 words/s - loss: 0.6731
00:08:41 - process[4]: training epoch 3 ...
00:08:52 - process[4] - epoch 3 - train iter 276 - 21135.2 words/s - loss: 0.6720
00:08:52 - process[4]: training epoch 4 ...
00:09:02 - process[4] - epoch 4 - train iter 276 - 21422.8 words/s - loss: 0.6672
00:09:02 - process[4]: training epoch 5 ...
00:09:13 - process[4] - epoch 5 - train iter 276 - 19477.3 words/s - loss: 0.6414
00:09:13 - process[4]: training epoch 6 ...
00:09:24 - process[4] - epoch 6 - train iter 276 - 20812.2 words/s - loss: 0.6014
00:09:24 - process[4]: training epoch 7 ...
00:09:34 - process[4] - epoch 7 - train iter 276 - 21205.3 words/s - loss: 0.5780
00:09:34 - process[4]: training epoch 8 ...
00:09:45 - process[4] - epoch 8 - train iter 276 - 20073.1 words/s - loss: 0.5851
00:09:45 - process[4]: training epoch 9 ...
00:09:56 - process[4] - epoch 9 - train iter 276 - 20698.7 words/s - loss: 0.5720
00:09:56 - process[4]: training epoch 10 ...
00:10:07 - process[4] - epoch 10 - train iter 276 - 20863.5 words/s - loss: 0.5208
00:10:07 - process[4]: evaluating epoch 10 on dev ...
00:10:31 - dev set during evaluation: 11380/11372
00:10:31 - process[4] - dev - epoch 10 - mAP: 0.303 w/ 37 queries
00:10:31 - process[4]: evaluating epoch 10 on test ...
00:10:49 - process[4] - test - epoch 10 - mAP: 0.288 w/ 37 queries
00:10:49 - process[4]: training epoch 11 ...
00:10:59 - process[4] - epoch 11 - train iter 276 - 21684.1 words/s - loss: 0.5014
00:10:59 - process[4]: evaluating epoch 11 on dev ...
00:11:19 - dev set during evaluation: 11380/11372
00:11:19 - process[4] - dev - epoch 11 - mAP: 0.313 w/ 37 queries
00:11:19 - process[4]: evaluating epoch 11 on test ...
00:11:36 - process[4] - test - epoch 11 - mAP: 0.335 w/ 37 queries
00:11:36 - process[4]: training epoch 12 ...
00:11:46 - process[4] - epoch 12 - train iter 276 - 21004.5 words/s - loss: 0.5201
00:11:46 - process[4]: evaluating epoch 12 on dev ...
00:12:05 - dev set during evaluation: 11380/11372
00:12:05 - process[4] - dev - epoch 12 - mAP: 0.312 w/ 37 queries
00:12:05 - process[4]: training epoch 13 ...
00:12:16 - process[4] - epoch 13 - train iter 276 - 20729.3 words/s - loss: 0.5062
00:12:16 - process[4]: evaluating epoch 13 on dev ...
00:12:35 - dev set during evaluation: 11380/11372
00:12:35 - process[4] - dev - epoch 13 - mAP: 0.336 w/ 37 queries
00:12:35 - process[4]: evaluating epoch 13 on test ...
00:12:52 - process[4] - test - epoch 13 - mAP: 0.317 w/ 37 queries
00:12:52 - process[4]: training epoch 14 ...
00:13:03 - process[4] - epoch 14 - train iter 276 - 20249.1 words/s - loss: 0.4948
00:13:03 - process[4]: evaluating epoch 14 on dev ...
00:13:21 - dev set during evaluation: 11380/11372
00:13:21 - process[4] - dev - epoch 14 - mAP: 0.317 w/ 37 queries
00:13:21 - process[4]: training epoch 15 ...
00:13:32 - process[4] - epoch 15 - train iter 276 - 20671.6 words/s - loss: 0.5332
00:13:32 - process[4]: evaluating epoch 15 on dev ...
00:13:50 - dev set during evaluation: 11380/11372
00:13:50 - process[4] - dev - epoch 15 - mAP: 0.350 w/ 37 queries
00:13:50 - process[4]: evaluating epoch 15 on test ...
00:14:07 - process[4] - test - epoch 15 - mAP: 0.347 w/ 37 queries
00:14:07 - process[4]: training epoch 16 ...
00:14:18 - process[4] - epoch 16 - train iter 276 - 21155.9 words/s - loss: 0.4886
00:14:18 - process[4]: evaluating epoch 16 on dev ...
00:14:37 - dev set during evaluation: 11380/11372
00:14:37 - process[4] - dev - epoch 16 - mAP: 0.321 w/ 37 queries
00:14:37 - process[4]: training epoch 17 ...
00:14:47 - process[4] - epoch 17 - train iter 276 - 21148.1 words/s - loss: 0.4891
00:14:47 - process[4]: evaluating epoch 17 on dev ...
00:15:06 - dev set during evaluation: 11380/11372
00:15:06 - process[4] - dev - epoch 17 - mAP: 0.321 w/ 37 queries
00:15:06 - process[4]: training epoch 18 ...
00:15:17 - process[4] - epoch 18 - train iter 276 - 21428.8 words/s - loss: 0.4592
00:15:17 - process[4]: evaluating epoch 18 on dev ...
00:15:36 - dev set during evaluation: 11380/11372
00:15:36 - process[4] - dev - epoch 18 - mAP: 0.330 w/ 37 queries
00:15:36 - process[4]: training epoch 19 ...
00:15:47 - process[4] - epoch 19 - train iter 276 - 20483.4 words/s - loss: 0.4924
00:15:47 - process[4]: evaluating epoch 19 on dev ...
00:16:06 - dev set during evaluation: 11380/11372
00:16:06 - process[4] - dev - epoch 19 - mAP: 0.341 w/ 37 queries
00:16:06 - [fold 2] best test MAP: 0.347 @ epoch 15
00:16:06 - Evaluating every 1 epochs ...
00:16:06 - reading data from /mnt/home/puxuan/CLIR-project/Evaluation_data/process-clef/uncased
00:16:06 - test has 37 queries ...
00:16:06 - Data reading done ...
00:16:08 - adding 9-th encoder to optimizer...
00:16:08 - adding 10-th encoder to optimizer...
00:16:08 - adding 11-th encoder to optimizer...
00:16:08 - process[4]: training epoch 0 ...
00:16:18 - process[4] - epoch 0 - train iter 240 - 20544.6 words/s - loss: 0.6914
00:16:18 - process[4]: training epoch 1 ...
00:16:27 - process[4] - epoch 1 - train iter 240 - 21072.0 words/s - loss: 0.6799
00:16:27 - process[4]: training epoch 2 ...
00:16:36 - process[4] - epoch 2 - train iter 240 - 20854.8 words/s - loss: 0.6820
00:16:36 - process[4]: training epoch 3 ...
00:16:46 - process[4] - epoch 3 - train iter 240 - 20331.2 words/s - loss: 0.6633
00:16:46 - process[4]: training epoch 4 ...
00:16:55 - process[4] - epoch 4 - train iter 240 - 21216.2 words/s - loss: 0.6493
00:16:55 - process[4]: training epoch 5 ...
00:17:04 - process[4] - epoch 5 - train iter 240 - 20709.7 words/s - loss: 0.6105
00:17:04 - process[4]: training epoch 6 ...
00:17:13 - process[4] - epoch 6 - train iter 240 - 21237.2 words/s - loss: 0.5988
00:17:13 - process[4]: training epoch 7 ...
00:17:22 - process[4] - epoch 7 - train iter 240 - 21040.8 words/s - loss: 0.6053
00:17:22 - process[4]: training epoch 8 ...
00:17:31 - process[4] - epoch 8 - train iter 240 - 21704.0 words/s - loss: 0.6058
00:17:31 - process[4]: training epoch 9 ...
00:17:41 - process[4] - epoch 9 - train iter 240 - 20031.4 words/s - loss: 0.5695
00:17:41 - process[4]: training epoch 10 ...
00:17:50 - process[4] - epoch 10 - train iter 240 - 21120.9 words/s - loss: 0.5308
00:17:50 - process[4]: evaluating epoch 10 on dev ...
00:18:07 - process[4] - dev - epoch 10 - mAP: 0.330 w/ 37 queries
00:18:07 - process[4]: evaluating epoch 10 on test ...
00:18:26 - test set during evaluation: 11210/11201
00:18:26 - process[4] - test - epoch 10 - mAP: 0.356 w/ 37 queries
00:18:26 - process[4]: training epoch 11 ...
00:18:36 - process[4] - epoch 11 - train iter 240 - 20059.1 words/s - loss: 0.5196
00:18:36 - process[4]: evaluating epoch 11 on dev ...
00:18:52 - process[4] - dev - epoch 11 - mAP: 0.325 w/ 37 queries
00:18:52 - process[4]: training epoch 12 ...
00:19:01 - process[4] - epoch 12 - train iter 240 - 21254.8 words/s - loss: 0.5057
00:19:01 - process[4]: evaluating epoch 12 on dev ...
00:19:18 - process[4] - dev - epoch 12 - mAP: 0.315 w/ 37 queries
00:19:18 - process[4]: training epoch 13 ...
00:19:27 - process[4] - epoch 13 - train iter 240 - 21979.7 words/s - loss: 0.4985
00:19:27 - process[4]: evaluating epoch 13 on dev ...
00:19:44 - process[4] - dev - epoch 13 - mAP: 0.345 w/ 37 queries
00:19:44 - process[4]: evaluating epoch 13 on test ...
00:20:04 - test set during evaluation: 11210/11201
00:20:04 - process[4] - test - epoch 13 - mAP: 0.384 w/ 37 queries
00:20:04 - process[4]: training epoch 14 ...
00:20:13 - process[4] - epoch 14 - train iter 240 - 20483.1 words/s - loss: 0.4835
00:20:13 - process[4]: evaluating epoch 14 on dev ...
00:20:30 - process[4] - dev - epoch 14 - mAP: 0.379 w/ 37 queries
00:20:30 - process[4]: evaluating epoch 14 on test ...
00:20:50 - test set during evaluation: 11210/11201
00:20:50 - process[4] - test - epoch 14 - mAP: 0.377 w/ 37 queries
00:20:50 - process[4]: training epoch 15 ...
00:20:58 - process[4] - epoch 15 - train iter 240 - 21879.0 words/s - loss: 0.4735
00:20:58 - process[4]: evaluating epoch 15 on dev ...
00:21:16 - process[4] - dev - epoch 15 - mAP: 0.372 w/ 37 queries
00:21:16 - process[4]: training epoch 16 ...
00:21:25 - process[4] - epoch 16 - train iter 240 - 20368.5 words/s - loss: 0.4529
00:21:25 - process[4]: evaluating epoch 16 on dev ...
00:21:42 - process[4] - dev - epoch 16 - mAP: 0.391 w/ 37 queries
00:21:42 - process[4]: evaluating epoch 16 on test ...
00:22:03 - test set during evaluation: 11210/11201
00:22:03 - process[4] - test - epoch 16 - mAP: 0.368 w/ 37 queries
00:22:03 - process[4]: training epoch 17 ...
00:22:13 - process[4] - epoch 17 - train iter 240 - 20824.4 words/s - loss: 0.5017
00:22:13 - process[4]: evaluating epoch 17 on dev ...
00:22:30 - process[4] - dev - epoch 17 - mAP: 0.370 w/ 37 queries
00:22:30 - process[4]: training epoch 18 ...
00:22:39 - process[4] - epoch 18 - train iter 240 - 22396.5 words/s - loss: 0.4770
00:22:39 - process[4]: evaluating epoch 18 on dev ...
00:22:58 - process[4] - dev - epoch 18 - mAP: 0.353 w/ 37 queries
00:22:58 - process[4]: training epoch 19 ...
00:23:07 - process[4] - epoch 19 - train iter 240 - 21725.8 words/s - loss: 0.4688
00:23:07 - process[4]: evaluating epoch 19 on dev ...
00:23:24 - process[4] - dev - epoch 19 - mAP: 0.372 w/ 37 queries
00:23:25 - [fold 3] best test MAP: 0.368 @ epoch 16
00:23:25 - Evaluating every 1 epochs ...
00:23:25 - reading data from /mnt/home/puxuan/CLIR-project/Evaluation_data/process-clef/uncased
00:23:25 - test has 37 queries ...
00:23:25 - Data reading done ...
00:23:26 - adding 9-th encoder to optimizer...
00:23:26 - adding 10-th encoder to optimizer...
00:23:26 - adding 11-th encoder to optimizer...
00:23:27 - process[4]: training epoch 0 ...
00:23:35 - process[4] - epoch 0 - train iter 231 - 22344.4 words/s - loss: 0.6922
00:23:35 - process[4]: training epoch 1 ...
00:23:44 - process[4] - epoch 1 - train iter 231 - 20927.1 words/s - loss: 0.6881
00:23:44 - process[4]: training epoch 2 ...
00:23:53 - process[4] - epoch 2 - train iter 231 - 20940.5 words/s - loss: 0.6659
00:23:53 - process[4]: training epoch 3 ...
00:24:02 - process[4] - epoch 3 - train iter 231 - 20097.6 words/s - loss: 0.6626
00:24:02 - process[4]: training epoch 4 ...
00:24:10 - process[4] - epoch 4 - train iter 231 - 21577.2 words/s - loss: 0.6807
00:24:10 - process[4]: training epoch 5 ...
00:24:20 - process[4] - epoch 5 - train iter 231 - 20547.2 words/s - loss: 0.6566
00:24:20 - process[4]: training epoch 6 ...
00:24:28 - process[4] - epoch 6 - train iter 231 - 20777.7 words/s - loss: 0.6551
00:24:28 - process[4]: training epoch 7 ...
00:24:37 - process[4] - epoch 7 - train iter 231 - 21489.2 words/s - loss: 0.6165
00:24:37 - process[4]: training epoch 8 ...
00:24:46 - process[4] - epoch 8 - train iter 231 - 20211.9 words/s - loss: 0.6125
00:24:46 - process[4]: training epoch 9 ...
00:24:54 - process[4] - epoch 9 - train iter 231 - 21718.3 words/s - loss: 0.5441
00:24:54 - process[4]: training epoch 10 ...
00:25:03 - process[4] - epoch 10 - train iter 231 - 21542.5 words/s - loss: 0.5908
00:25:03 - process[4]: evaluating epoch 10 on dev ...
00:25:24 - dev set during evaluation: 11210/11201
00:25:24 - process[4] - dev - epoch 10 - mAP: 0.359 w/ 37 queries
00:25:24 - process[4]: evaluating epoch 10 on test ...
00:25:41 - test set during evaluation: 10640/10633
00:25:41 - process[4] - test - epoch 10 - mAP: 0.326 w/ 37 queries
00:25:41 - process[4]: training epoch 11 ...
00:25:50 - process[4] - epoch 11 - train iter 231 - 20745.1 words/s - loss: 0.5834
00:25:50 - process[4]: evaluating epoch 11 on dev ...
00:26:10 - dev set during evaluation: 11210/11201
00:26:10 - process[4] - dev - epoch 11 - mAP: 0.388 w/ 37 queries
00:26:10 - process[4]: evaluating epoch 11 on test ...
00:26:28 - test set during evaluation: 10640/10633
00:26:28 - process[4] - test - epoch 11 - mAP: 0.356 w/ 37 queries
00:26:28 - process[4]: training epoch 12 ...
00:26:36 - process[4] - epoch 12 - train iter 231 - 21051.6 words/s - loss: 0.5330
00:26:36 - process[4]: evaluating epoch 12 on dev ...
00:26:56 - dev set during evaluation: 11210/11201
00:26:56 - process[4] - dev - epoch 12 - mAP: 0.392 w/ 37 queries
00:26:56 - process[4]: evaluating epoch 12 on test ...
00:27:14 - test set during evaluation: 10640/10633
00:27:14 - process[4] - test - epoch 12 - mAP: 0.367 w/ 37 queries
00:27:14 - process[4]: training epoch 13 ...
00:27:22 - process[4] - epoch 13 - train iter 231 - 21249.4 words/s - loss: 0.5120
00:27:22 - process[4]: evaluating epoch 13 on dev ...
00:27:42 - dev set during evaluation: 11210/11201
00:27:42 - process[4] - dev - epoch 13 - mAP: 0.380 w/ 37 queries
00:27:42 - process[4]: training epoch 14 ...
00:27:52 - process[4] - epoch 14 - train iter 231 - 19586.4 words/s - loss: 0.5112
00:27:52 - process[4]: evaluating epoch 14 on dev ...
00:28:10 - dev set during evaluation: 11210/11201
00:28:10 - process[4] - dev - epoch 14 - mAP: 0.411 w/ 37 queries
00:28:10 - process[4]: evaluating epoch 14 on test ...
00:28:28 - test set during evaluation: 10640/10633
00:28:28 - process[4] - test - epoch 14 - mAP: 0.364 w/ 37 queries
00:28:28 - process[4]: training epoch 15 ...
00:28:37 - process[4] - epoch 15 - train iter 231 - 20896.0 words/s - loss: 0.5816
00:28:37 - process[4]: evaluating epoch 15 on dev ...
00:28:57 - dev set during evaluation: 11210/11201
00:28:57 - process[4] - dev - epoch 15 - mAP: 0.387 w/ 37 queries
00:28:57 - process[4]: training epoch 16 ...
00:29:05 - process[4] - epoch 16 - train iter 231 - 21494.1 words/s - loss: 0.5186
00:29:05 - process[4]: evaluating epoch 16 on dev ...
00:29:25 - dev set during evaluation: 11210/11201
00:29:25 - process[4] - dev - epoch 16 - mAP: 0.381 w/ 37 queries
00:29:25 - process[4]: training epoch 17 ...
00:29:34 - process[4] - epoch 17 - train iter 231 - 21062.4 words/s - loss: 0.4788
00:29:34 - process[4]: evaluating epoch 17 on dev ...
00:29:53 - dev set during evaluation: 11210/11201
00:29:53 - process[4] - dev - epoch 17 - mAP: 0.388 w/ 37 queries
00:29:53 - process[4]: training epoch 18 ...
00:30:01 - process[4] - epoch 18 - train iter 231 - 21978.0 words/s - loss: 0.5125
00:30:01 - process[4]: evaluating epoch 18 on dev ...
00:30:21 - dev set during evaluation: 11210/11201
00:30:21 - process[4] - dev - epoch 18 - mAP: 0.417 w/ 37 queries
00:30:21 - process[4]: evaluating epoch 18 on test ...
00:30:39 - test set during evaluation: 10640/10633
00:30:39 - process[4] - test - epoch 18 - mAP: 0.392 w/ 37 queries
00:30:39 - process[4]: training epoch 19 ...
00:30:48 - process[4] - epoch 19 - train iter 231 - 20911.8 words/s - loss: 0.4848
00:30:48 - process[4]: evaluating epoch 19 on dev ...
00:31:07 - dev set during evaluation: 11210/11201
00:31:07 - process[4] - dev - epoch 19 - mAP: 0.393 w/ 37 queries
00:31:07 - [fold 4] best test MAP: 0.392 @ epoch 18
00:31:07 - Evaluating every 1 epochs ...
00:31:07 - reading data from /mnt/home/puxuan/CLIR-project/Evaluation_data/process-clef/uncased
00:31:08 - test has 37 queries ...
00:31:08 - Data reading done ...
00:31:09 - adding 9-th encoder to optimizer...
00:31:09 - adding 10-th encoder to optimizer...
00:31:09 - adding 11-th encoder to optimizer...
00:31:10 - process[4]: training epoch 0 ...
00:31:19 - process[4] - epoch 0 - train iter 235 - 20877.7 words/s - loss: 0.6881
00:31:19 - process[4]: training epoch 1 ...
00:31:28 - process[4] - epoch 1 - train iter 235 - 21692.1 words/s - loss: 0.6830
00:31:28 - process[4]: training epoch 2 ...
00:31:37 - process[4] - epoch 2 - train iter 235 - 21458.5 words/s - loss: 0.6680
00:31:37 - process[4]: training epoch 3 ...
00:31:45 - process[4] - epoch 3 - train iter 235 - 21725.4 words/s - loss: 0.6590
00:31:45 - process[4]: training epoch 4 ...
00:31:55 - process[4] - epoch 4 - train iter 235 - 20415.9 words/s - loss: 0.6324
00:31:55 - process[4]: training epoch 5 ...
00:32:03 - process[4] - epoch 5 - train iter 235 - 22090.5 words/s - loss: 0.6325
00:32:03 - process[4]: training epoch 6 ...
00:32:12 - process[4] - epoch 6 - train iter 235 - 22179.6 words/s - loss: 0.6110
00:32:12 - process[4]: training epoch 7 ...
00:32:21 - process[4] - epoch 7 - train iter 235 - 20946.5 words/s - loss: 0.6000
00:32:21 - process[4]: training epoch 8 ...
00:32:30 - process[4] - epoch 8 - train iter 235 - 22446.7 words/s - loss: 0.5830
00:32:30 - process[4]: training epoch 9 ...
00:32:39 - process[4] - epoch 9 - train iter 235 - 20351.7 words/s - loss: 0.4829
00:32:39 - process[4]: training epoch 10 ...
00:32:48 - process[4] - epoch 10 - train iter 235 - 21895.3 words/s - loss: 0.4814
00:32:48 - process[4]: evaluating epoch 10 on dev ...
00:33:08 - dev set during evaluation: 10640/10633
00:33:08 - process[4] - dev - epoch 10 - mAP: 0.332 w/ 37 queries
00:33:08 - process[4]: evaluating epoch 10 on test ...
00:33:26 - process[4] - test - epoch 10 - mAP: 0.336 w/ 37 queries
00:33:26 - process[4]: training epoch 11 ...
00:33:36 - process[4] - epoch 11 - train iter 235 - 20784.8 words/s - loss: 0.4990
00:33:36 - process[4]: evaluating epoch 11 on dev ...
00:33:54 - dev set during evaluation: 10640/10633
00:33:54 - process[4] - dev - epoch 11 - mAP: 0.300 w/ 37 queries
00:33:54 - process[4]: training epoch 12 ...
00:34:03 - process[4] - epoch 12 - train iter 235 - 20980.0 words/s - loss: 0.5207
00:34:03 - process[4]: evaluating epoch 12 on dev ...
00:34:20 - dev set during evaluation: 10640/10633
00:34:20 - process[4] - dev - epoch 12 - mAP: 0.317 w/ 37 queries
00:34:20 - process[4]: training epoch 13 ...
00:34:29 - process[4] - epoch 13 - train iter 235 - 21376.3 words/s - loss: 0.4689
00:34:29 - process[4]: evaluating epoch 13 on dev ...
00:34:47 - dev set during evaluation: 10640/10633
00:34:47 - process[4] - dev - epoch 13 - mAP: 0.348 w/ 37 queries
00:34:47 - process[4]: evaluating epoch 13 on test ...
00:35:06 - process[4] - test - epoch 13 - mAP: 0.350 w/ 37 queries
00:35:06 - process[4]: training epoch 14 ...
00:35:14 - process[4] - epoch 14 - train iter 235 - 21735.0 words/s - loss: 0.5024
00:35:14 - process[4]: evaluating epoch 14 on dev ...
00:35:32 - dev set during evaluation: 10640/10633
00:35:32 - process[4] - dev - epoch 14 - mAP: 0.318 w/ 37 queries
00:35:32 - process[4]: training epoch 15 ...
00:35:41 - process[4] - epoch 15 - train iter 235 - 20419.4 words/s - loss: 0.4622
00:35:41 - process[4]: evaluating epoch 15 on dev ...
00:35:59 - dev set during evaluation: 10640/10633
00:35:59 - process[4] - dev - epoch 15 - mAP: 0.303 w/ 37 queries
00:35:59 - process[4]: training epoch 16 ...
00:36:08 - process[4] - epoch 16 - train iter 235 - 20107.0 words/s - loss: 0.4441
00:36:08 - process[4]: evaluating epoch 16 on dev ...
00:36:25 - dev set during evaluation: 10640/10633
00:36:25 - process[4] - dev - epoch 16 - mAP: 0.328 w/ 37 queries
00:36:25 - process[4]: training epoch 17 ...
00:36:34 - process[4] - epoch 17 - train iter 235 - 21061.7 words/s - loss: 0.5129
00:36:34 - process[4]: evaluating epoch 17 on dev ...
00:36:52 - dev set during evaluation: 10640/10633
00:36:52 - process[4] - dev - epoch 17 - mAP: 0.322 w/ 37 queries
00:36:52 - process[4]: training epoch 18 ...
00:37:01 - process[4] - epoch 18 - train iter 235 - 20588.6 words/s - loss: 0.4882
00:37:01 - process[4]: evaluating epoch 18 on dev ...
00:37:19 - dev set during evaluation: 10640/10633
00:37:19 - process[4] - dev - epoch 18 - mAP: 0.323 w/ 37 queries
00:37:19 - process[4]: training epoch 19 ...
00:37:28 - process[4] - epoch 19 - train iter 235 - 20835.1 words/s - loss: 0.4494
00:37:28 - process[4]: evaluating epoch 19 on dev ...
00:37:45 - dev set during evaluation: 10640/10633
00:37:45 - process[4] - dev - epoch 19 - mAP: 0.342 w/ 37 queries
00:37:45 - [fold 5] best test MAP: 0.350 @ epoch 13
00:37:45 - [0.3692824058540838, 0.34683405856558785, 0.36845048563003563, 0.39176968388293576, 0.3503016289847396]
00:37:45 - [37, 37, 37, 37, 37]
00:37:45 - final MAP: 0.365
