00:00:06 - Namespace(apex_level='O2', batch_size=8, cased=False, dataset='clef', debug=False, encoder_lr=2e-05, eval_step=1, full_doc_length=True, local_rank=0, model_path='/mnt/scratch/puxuan/long_qlm-rr/2186740/huggingface-2', model_type='mbert-long', num_epochs=20, num_ft_encoders=3, num_neg=1, projector_lr=2e-05, seed=611, source_lang='en', target_lang='es')
00:00:17 - BertLongForXLRetrieval(
  (bert): BertModel(
    (embeddings): BertEmbeddings(
      (word_embeddings): Embedding(105879, 768, padding_idx=0)
      (position_embeddings): Embedding(1024, 768)
      (token_type_embeddings): Embedding(2, 768)
      (LayerNorm): LayerNorm((768,), eps=1e-12, elementwise_affine=True)
      (dropout): Dropout(p=0.1, inplace=False)
    )
    (encoder): BertEncoder(
      (layer): ModuleList(
        (0): BertLayer(
          (attention): BertAttention(
            (self): LongformerSelfAttention(
              (query): Linear(in_features=768, out_features=768, bias=True)
              (key): Linear(in_features=768, out_features=768, bias=True)
              (value): Linear(in_features=768, out_features=768, bias=True)
              (query_global): Linear(in_features=768, out_features=768, bias=True)
              (key_global): Linear(in_features=768, out_features=768, bias=True)
              (value_global): Linear(in_features=768, out_features=768, bias=True)
            )
            (output): BertSelfOutput(
              (dense): Linear(in_features=768, out_features=768, bias=True)
              (LayerNorm): LayerNorm((768,), eps=1e-12, elementwise_affine=True)
              (dropout): Dropout(p=0.1, inplace=False)
            )
          )
          (intermediate): BertIntermediate(
            (dense): Linear(in_features=768, out_features=3072, bias=True)
          )
          (output): BertOutput(
            (dense): Linear(in_features=3072, out_features=768, bias=True)
            (LayerNorm): LayerNorm((768,), eps=1e-12, elementwise_affine=True)
            (dropout): Dropout(p=0.1, inplace=False)
          )
        )
        (1): BertLayer(
          (attention): BertAttention(
            (self): LongformerSelfAttention(
              (query): Linear(in_features=768, out_features=768, bias=True)
              (key): Linear(in_features=768, out_features=768, bias=True)
              (value): Linear(in_features=768, out_features=768, bias=True)
              (query_global): Linear(in_features=768, out_features=768, bias=True)
              (key_global): Linear(in_features=768, out_features=768, bias=True)
              (value_global): Linear(in_features=768, out_features=768, bias=True)
            )
            (output): BertSelfOutput(
              (dense): Linear(in_features=768, out_features=768, bias=True)
              (LayerNorm): LayerNorm((768,), eps=1e-12, elementwise_affine=True)
              (dropout): Dropout(p=0.1, inplace=False)
            )
          )
          (intermediate): BertIntermediate(
            (dense): Linear(in_features=768, out_features=3072, bias=True)
          )
          (output): BertOutput(
            (dense): Linear(in_features=3072, out_features=768, bias=True)
            (LayerNorm): LayerNorm((768,), eps=1e-12, elementwise_affine=True)
            (dropout): Dropout(p=0.1, inplace=False)
          )
        )
        (2): BertLayer(
          (attention): BertAttention(
            (self): LongformerSelfAttention(
              (query): Linear(in_features=768, out_features=768, bias=True)
              (key): Linear(in_features=768, out_features=768, bias=True)
              (value): Linear(in_features=768, out_features=768, bias=True)
              (query_global): Linear(in_features=768, out_features=768, bias=True)
              (key_global): Linear(in_features=768, out_features=768, bias=True)
              (value_global): Linear(in_features=768, out_features=768, bias=True)
            )
            (output): BertSelfOutput(
              (dense): Linear(in_features=768, out_features=768, bias=True)
              (LayerNorm): LayerNorm((768,), eps=1e-12, elementwise_affine=True)
              (dropout): Dropout(p=0.1, inplace=False)
            )
          )
          (intermediate): BertIntermediate(
            (dense): Linear(in_features=768, out_features=3072, bias=True)
          )
          (output): BertOutput(
            (dense): Linear(in_features=3072, out_features=768, bias=True)
            (LayerNorm): LayerNorm((768,), eps=1e-12, elementwise_affine=True)
            (dropout): Dropout(p=0.1, inplace=False)
          )
        )
        (3): BertLayer(
          (attention): BertAttention(
            (self): LongformerSelfAttention(
              (query): Linear(in_features=768, out_features=768, bias=True)
              (key): Linear(in_features=768, out_features=768, bias=True)
              (value): Linear(in_features=768, out_features=768, bias=True)
              (query_global): Linear(in_features=768, out_features=768, bias=True)
              (key_global): Linear(in_features=768, out_features=768, bias=True)
              (value_global): Linear(in_features=768, out_features=768, bias=True)
            )
            (output): BertSelfOutput(
              (dense): Linear(in_features=768, out_features=768, bias=True)
              (LayerNorm): LayerNorm((768,), eps=1e-12, elementwise_affine=True)
              (dropout): Dropout(p=0.1, inplace=False)
            )
          )
          (intermediate): BertIntermediate(
            (dense): Linear(in_features=768, out_features=3072, bias=True)
          )
          (output): BertOutput(
            (dense): Linear(in_features=3072, out_features=768, bias=True)
            (LayerNorm): LayerNorm((768,), eps=1e-12, elementwise_affine=True)
            (dropout): Dropout(p=0.1, inplace=False)
          )
        )
        (4): BertLayer(
          (attention): BertAttention(
            (self): LongformerSelfAttention(
              (query): Linear(in_features=768, out_features=768, bias=True)
              (key): Linear(in_features=768, out_features=768, bias=True)
              (value): Linear(in_features=768, out_features=768, bias=True)
              (query_global): Linear(in_features=768, out_features=768, bias=True)
              (key_global): Linear(in_features=768, out_features=768, bias=True)
              (value_global): Linear(in_features=768, out_features=768, bias=True)
            )
            (output): BertSelfOutput(
              (dense): Linear(in_features=768, out_features=768, bias=True)
              (LayerNorm): LayerNorm((768,), eps=1e-12, elementwise_affine=True)
              (dropout): Dropout(p=0.1, inplace=False)
            )
          )
          (intermediate): BertIntermediate(
            (dense): Linear(in_features=768, out_features=3072, bias=True)
          )
          (output): BertOutput(
            (dense): Linear(in_features=3072, out_features=768, bias=True)
            (LayerNorm): LayerNorm((768,), eps=1e-12, elementwise_affine=True)
            (dropout): Dropout(p=0.1, inplace=False)
          )
        )
        (5): BertLayer(
          (attention): BertAttention(
            (self): LongformerSelfAttention(
              (query): Linear(in_features=768, out_features=768, bias=True)
              (key): Linear(in_features=768, out_features=768, bias=True)
              (value): Linear(in_features=768, out_features=768, bias=True)
              (query_global): Linear(in_features=768, out_features=768, bias=True)
              (key_global): Linear(in_features=768, out_features=768, bias=True)
              (value_global): Linear(in_features=768, out_features=768, bias=True)
            )
            (output): BertSelfOutput(
              (dense): Linear(in_features=768, out_features=768, bias=True)
              (LayerNorm): LayerNorm((768,), eps=1e-12, elementwise_affine=True)
              (dropout): Dropout(p=0.1, inplace=False)
            )
          )
          (intermediate): BertIntermediate(
            (dense): Linear(in_features=768, out_features=3072, bias=True)
          )
          (output): BertOutput(
            (dense): Linear(in_features=3072, out_features=768, bias=True)
            (LayerNorm): LayerNorm((768,), eps=1e-12, elementwise_affine=True)
            (dropout): Dropout(p=0.1, inplace=False)
          )
        )
        (6): BertLayer(
          (attention): BertAttention(
            (self): LongformerSelfAttention(
              (query): Linear(in_features=768, out_features=768, bias=True)
              (key): Linear(in_features=768, out_features=768, bias=True)
              (value): Linear(in_features=768, out_features=768, bias=True)
              (query_global): Linear(in_features=768, out_features=768, bias=True)
              (key_global): Linear(in_features=768, out_features=768, bias=True)
              (value_global): Linear(in_features=768, out_features=768, bias=True)
            )
            (output): BertSelfOutput(
              (dense): Linear(in_features=768, out_features=768, bias=True)
              (LayerNorm): LayerNorm((768,), eps=1e-12, elementwise_affine=True)
              (dropout): Dropout(p=0.1, inplace=False)
            )
          )
          (intermediate): BertIntermediate(
            (dense): Linear(in_features=768, out_features=3072, bias=True)
          )
          (output): BertOutput(
            (dense): Linear(in_features=3072, out_features=768, bias=True)
            (LayerNorm): LayerNorm((768,), eps=1e-12, elementwise_affine=True)
            (dropout): Dropout(p=0.1, inplace=False)
          )
        )
        (7): BertLayer(
          (attention): BertAttention(
            (self): LongformerSelfAttention(
              (query): Linear(in_features=768, out_features=768, bias=True)
              (key): Linear(in_features=768, out_features=768, bias=True)
              (value): Linear(in_features=768, out_features=768, bias=True)
              (query_global): Linear(in_features=768, out_features=768, bias=True)
              (key_global): Linear(in_features=768, out_features=768, bias=True)
              (value_global): Linear(in_features=768, out_features=768, bias=True)
            )
            (output): BertSelfOutput(
              (dense): Linear(in_features=768, out_features=768, bias=True)
              (LayerNorm): LayerNorm((768,), eps=1e-12, elementwise_affine=True)
              (dropout): Dropout(p=0.1, inplace=False)
            )
          )
          (intermediate): BertIntermediate(
            (dense): Linear(in_features=768, out_features=3072, bias=True)
          )
          (output): BertOutput(
            (dense): Linear(in_features=3072, out_features=768, bias=True)
            (LayerNorm): LayerNorm((768,), eps=1e-12, elementwise_affine=True)
            (dropout): Dropout(p=0.1, inplace=False)
          )
        )
        (8): BertLayer(
          (attention): BertAttention(
            (self): LongformerSelfAttention(
              (query): Linear(in_features=768, out_features=768, bias=True)
              (key): Linear(in_features=768, out_features=768, bias=True)
              (value): Linear(in_features=768, out_features=768, bias=True)
              (query_global): Linear(in_features=768, out_features=768, bias=True)
              (key_global): Linear(in_features=768, out_features=768, bias=True)
              (value_global): Linear(in_features=768, out_features=768, bias=True)
            )
            (output): BertSelfOutput(
              (dense): Linear(in_features=768, out_features=768, bias=True)
              (LayerNorm): LayerNorm((768,), eps=1e-12, elementwise_affine=True)
              (dropout): Dropout(p=0.1, inplace=False)
            )
          )
          (intermediate): BertIntermediate(
            (dense): Linear(in_features=768, out_features=3072, bias=True)
          )
          (output): BertOutput(
            (dense): Linear(in_features=3072, out_features=768, bias=True)
            (LayerNorm): LayerNorm((768,), eps=1e-12, elementwise_affine=True)
            (dropout): Dropout(p=0.1, inplace=False)
          )
        )
        (9): BertLayer(
          (attention): BertAttention(
            (self): LongformerSelfAttention(
              (query): Linear(in_features=768, out_features=768, bias=True)
              (key): Linear(in_features=768, out_features=768, bias=True)
              (value): Linear(in_features=768, out_features=768, bias=True)
              (query_global): Linear(in_features=768, out_features=768, bias=True)
              (key_global): Linear(in_features=768, out_features=768, bias=True)
              (value_global): Linear(in_features=768, out_features=768, bias=True)
            )
            (output): BertSelfOutput(
              (dense): Linear(in_features=768, out_features=768, bias=True)
              (LayerNorm): LayerNorm((768,), eps=1e-12, elementwise_affine=True)
              (dropout): Dropout(p=0.1, inplace=False)
            )
          )
          (intermediate): BertIntermediate(
            (dense): Linear(in_features=768, out_features=3072, bias=True)
          )
          (output): BertOutput(
            (dense): Linear(in_features=3072, out_features=768, bias=True)
            (LayerNorm): LayerNorm((768,), eps=1e-12, elementwise_affine=True)
            (dropout): Dropout(p=0.1, inplace=False)
          )
        )
        (10): BertLayer(
          (attention): BertAttention(
            (self): LongformerSelfAttention(
              (query): Linear(in_features=768, out_features=768, bias=True)
              (key): Linear(in_features=768, out_features=768, bias=True)
              (value): Linear(in_features=768, out_features=768, bias=True)
              (query_global): Linear(in_features=768, out_features=768, bias=True)
              (key_global): Linear(in_features=768, out_features=768, bias=True)
              (value_global): Linear(in_features=768, out_features=768, bias=True)
            )
            (output): BertSelfOutput(
              (dense): Linear(in_features=768, out_features=768, bias=True)
              (LayerNorm): LayerNorm((768,), eps=1e-12, elementwise_affine=True)
              (dropout): Dropout(p=0.1, inplace=False)
            )
          )
          (intermediate): BertIntermediate(
            (dense): Linear(in_features=768, out_features=3072, bias=True)
          )
          (output): BertOutput(
            (dense): Linear(in_features=3072, out_features=768, bias=True)
            (LayerNorm): LayerNorm((768,), eps=1e-12, elementwise_affine=True)
            (dropout): Dropout(p=0.1, inplace=False)
          )
        )
        (11): BertLayer(
          (attention): BertAttention(
            (self): LongformerSelfAttention(
              (query): Linear(in_features=768, out_features=768, bias=True)
              (key): Linear(in_features=768, out_features=768, bias=True)
              (value): Linear(in_features=768, out_features=768, bias=True)
              (query_global): Linear(in_features=768, out_features=768, bias=True)
              (key_global): Linear(in_features=768, out_features=768, bias=True)
              (value_global): Linear(in_features=768, out_features=768, bias=True)
            )
            (output): BertSelfOutput(
              (dense): Linear(in_features=768, out_features=768, bias=True)
              (LayerNorm): LayerNorm((768,), eps=1e-12, elementwise_affine=True)
              (dropout): Dropout(p=0.1, inplace=False)
            )
          )
          (intermediate): BertIntermediate(
            (dense): Linear(in_features=768, out_features=3072, bias=True)
          )
          (output): BertOutput(
            (dense): Linear(in_features=3072, out_features=768, bias=True)
            (LayerNorm): LayerNorm((768,), eps=1e-12, elementwise_affine=True)
            (dropout): Dropout(p=0.1, inplace=False)
          )
        )
      )
    )
    (pooler): BertPooler(
      (dense): Linear(in_features=768, out_features=768, bias=True)
      (activation): Tanh()
    )
  )
  (mlm_cls): BertOnlyMLMHead(
    (predictions): BertLMPredictionHead(
      (transform): BertPredictionHeadTransform(
        (dense): Linear(in_features=768, out_features=768, bias=True)
        (LayerNorm): LayerNorm((768,), eps=1e-12, elementwise_affine=True)
      )
      (decoder): Linear(in_features=768, out_features=105879, bias=True)
    )
  )
  (seqcls_dropout): Dropout(p=0.1, inplace=False)
  (seqcls_classifier): Linear(in_features=768, out_features=2, bias=True)
)
00:00:17 - Evaluating every 1 epochs ...
00:00:17 - reading data from /mnt/home/puxuan/CLIR-project/Evaluation_data/process-clef/uncased
00:00:19 - test has 31 queries ...
00:00:19 - Data reading done ...
00:00:26 - adding 9-th encoder to optimizer...
00:00:26 - adding 10-th encoder to optimizer...
00:00:26 - adding 11-th encoder to optimizer...
00:00:27 - process[0]: training epoch 0 ...
00:00:58 - process[0] - epoch 0 - train iter 540 - 20064.1 words/s - loss: 0.4876
00:00:58 - process[0]: training epoch 1 ...
00:01:29 - process[0] - epoch 1 - train iter 540 - 20785.4 words/s - loss: 0.3823
00:01:29 - process[0]: training epoch 2 ...
00:02:00 - process[0] - epoch 2 - train iter 540 - 20635.8 words/s - loss: 0.3662
00:02:00 - process[0]: training epoch 3 ...
00:02:30 - process[0] - epoch 3 - train iter 540 - 20560.1 words/s - loss: 0.3586
00:02:30 - process[0]: training epoch 4 ...
00:03:01 - process[0] - epoch 4 - train iter 540 - 20700.6 words/s - loss: 0.3207
00:03:01 - process[0]: training epoch 5 ...
00:03:31 - process[0] - epoch 5 - train iter 540 - 20699.7 words/s - loss: 0.3020
00:03:31 - process[0]: training epoch 6 ...
00:04:01 - process[0] - epoch 6 - train iter 540 - 20550.7 words/s - loss: 0.2926
00:04:01 - process[0]: training epoch 7 ...
00:04:32 - process[0] - epoch 7 - train iter 540 - 20360.4 words/s - loss: 0.2871
00:04:32 - process[0]: training epoch 8 ...
00:05:02 - process[0] - epoch 8 - train iter 540 - 20968.9 words/s - loss: 0.3033
00:05:02 - process[0]: training epoch 9 ...
00:05:33 - process[0] - epoch 9 - train iter 540 - 20427.6 words/s - loss: 0.2649
00:05:33 - process[0]: training epoch 10 ...
00:06:03 - process[0] - epoch 10 - train iter 540 - 20712.9 words/s - loss: 0.2385
00:06:03 - process[0]: evaluating epoch 10 on dev ...
00:06:28 - process[0] - dev - epoch 10 - mAP: 0.532 w/ 31 queries
00:06:28 - removing file tmp_5f/mbert-long_enes_dev_3_10.txt
00:06:28 - removing file tmp_5f/mbert-long_enes_dev_6_10.txt
00:06:28 - removing file tmp_5f/mbert-long_enes_dev_4_10.txt
00:06:28 - removing file tmp_5f/mbert-long_enes_dev_8_10.txt
00:06:28 - removing file tmp_5f/mbert-long_enes_dev_5_10.txt
00:06:28 - removing file tmp_5f/mbert-long_enes_dev_7_10.txt
00:06:28 - removing file tmp_5f/mbert-long_enes_dev_1_10.txt
00:06:28 - removing file tmp_5f/mbert-long_enes_dev_2_10.txt
00:06:28 - removing file tmp_5f/mbert-long_enes_dev_0_10.txt
00:06:28 - removing file tmp_5f/mbert-long_enes_dev_9_10.txt
00:06:28 - process[0]: evaluating epoch 10 on test ...
00:06:50 - test set during evaluation: 11460/11458
00:06:50 - process[0] - test - epoch 10 - mAP: 0.606 w/ 31 queries
00:06:50 - removing file tmp_5f/mbert-long_enes_test_8_10.txt
00:06:50 - removing file tmp_5f/mbert-long_enes_test_7_10.txt
00:06:50 - removing file tmp_5f/mbert-long_enes_test_1_10.txt
00:06:50 - removing file tmp_5f/mbert-long_enes_test_4_10.txt
00:06:50 - removing file tmp_5f/mbert-long_enes_test_5_10.txt
00:06:50 - removing file tmp_5f/mbert-long_enes_test_3_10.txt
00:06:50 - removing file tmp_5f/mbert-long_enes_test_6_10.txt
00:06:50 - removing file tmp_5f/mbert-long_enes_test_9_10.txt
00:06:50 - removing file tmp_5f/mbert-long_enes_test_0_10.txt
00:06:50 - removing file tmp_5f/mbert-long_enes_test_2_10.txt
00:06:50 - process[0]: training epoch 11 ...
00:07:21 - process[0] - epoch 11 - train iter 540 - 20966.1 words/s - loss: 0.2740
00:07:21 - process[0]: evaluating epoch 11 on dev ...
00:07:42 - process[0] - dev - epoch 11 - mAP: 0.536 w/ 31 queries
00:07:42 - removing file tmp_5f/mbert-long_enes_dev_3_11.txt
00:07:42 - removing file tmp_5f/mbert-long_enes_dev_1_11.txt
00:07:42 - removing file tmp_5f/mbert-long_enes_dev_0_11.txt
00:07:42 - removing file tmp_5f/mbert-long_enes_dev_5_11.txt
00:07:42 - removing file tmp_5f/mbert-long_enes_dev_8_11.txt
00:07:42 - removing file tmp_5f/mbert-long_enes_dev_6_11.txt
00:07:42 - removing file tmp_5f/mbert-long_enes_dev_2_11.txt
00:07:42 - removing file tmp_5f/mbert-long_enes_dev_7_11.txt
00:07:42 - removing file tmp_5f/mbert-long_enes_dev_4_11.txt
00:07:42 - removing file tmp_5f/mbert-long_enes_dev_9_11.txt
00:07:42 - process[0]: evaluating epoch 11 on test ...
00:08:04 - test set during evaluation: 11460/11458
00:08:04 - process[0] - test - epoch 11 - mAP: 0.587 w/ 31 queries
00:08:04 - removing file tmp_5f/mbert-long_enes_test_2_11.txt
00:08:04 - removing file tmp_5f/mbert-long_enes_test_3_11.txt
00:08:04 - removing file tmp_5f/mbert-long_enes_test_1_11.txt
00:08:04 - removing file tmp_5f/mbert-long_enes_test_7_11.txt
00:08:04 - removing file tmp_5f/mbert-long_enes_test_9_11.txt
00:08:04 - removing file tmp_5f/mbert-long_enes_test_4_11.txt
00:08:04 - removing file tmp_5f/mbert-long_enes_test_6_11.txt
00:08:04 - removing file tmp_5f/mbert-long_enes_test_0_11.txt
00:08:04 - removing file tmp_5f/mbert-long_enes_test_5_11.txt
00:08:04 - removing file tmp_5f/mbert-long_enes_test_8_11.txt
00:08:04 - process[0]: training epoch 12 ...
00:08:35 - process[0] - epoch 12 - train iter 540 - 20526.3 words/s - loss: 0.2620
00:08:35 - process[0]: evaluating epoch 12 on dev ...
00:08:56 - process[0] - dev - epoch 12 - mAP: 0.526 w/ 31 queries
00:08:56 - removing file tmp_5f/mbert-long_enes_dev_1_12.txt
00:08:56 - removing file tmp_5f/mbert-long_enes_dev_4_12.txt
00:08:56 - removing file tmp_5f/mbert-long_enes_dev_9_12.txt
00:08:56 - removing file tmp_5f/mbert-long_enes_dev_2_12.txt
00:08:56 - removing file tmp_5f/mbert-long_enes_dev_0_12.txt
00:08:56 - removing file tmp_5f/mbert-long_enes_dev_6_12.txt
00:08:56 - removing file tmp_5f/mbert-long_enes_dev_5_12.txt
00:08:56 - removing file tmp_5f/mbert-long_enes_dev_8_12.txt
00:08:56 - removing file tmp_5f/mbert-long_enes_dev_3_12.txt
00:08:56 - removing file tmp_5f/mbert-long_enes_dev_7_12.txt
00:08:56 - process[0]: training epoch 13 ...
00:09:27 - process[0] - epoch 13 - train iter 540 - 20657.0 words/s - loss: 0.2652
00:09:27 - process[0]: evaluating epoch 13 on dev ...
00:09:48 - process[0] - dev - epoch 13 - mAP: 0.568 w/ 31 queries
00:09:48 - removing file tmp_5f/mbert-long_enes_dev_0_13.txt
00:09:48 - removing file tmp_5f/mbert-long_enes_dev_7_13.txt
00:09:48 - removing file tmp_5f/mbert-long_enes_dev_1_13.txt
00:09:48 - removing file tmp_5f/mbert-long_enes_dev_6_13.txt
00:09:48 - removing file tmp_5f/mbert-long_enes_dev_9_13.txt
00:09:48 - removing file tmp_5f/mbert-long_enes_dev_4_13.txt
00:09:48 - removing file tmp_5f/mbert-long_enes_dev_8_13.txt
00:09:48 - removing file tmp_5f/mbert-long_enes_dev_3_13.txt
00:09:48 - removing file tmp_5f/mbert-long_enes_dev_2_13.txt
00:09:48 - removing file tmp_5f/mbert-long_enes_dev_5_13.txt
00:09:48 - process[0]: evaluating epoch 13 on test ...
00:10:10 - test set during evaluation: 11460/11458
00:10:10 - process[0] - test - epoch 13 - mAP: 0.604 w/ 31 queries
00:10:10 - removing file tmp_5f/mbert-long_enes_test_5_13.txt
00:10:10 - removing file tmp_5f/mbert-long_enes_test_8_13.txt
00:10:10 - removing file tmp_5f/mbert-long_enes_test_4_13.txt
00:10:10 - removing file tmp_5f/mbert-long_enes_test_7_13.txt
00:10:10 - removing file tmp_5f/mbert-long_enes_test_1_13.txt
00:10:10 - removing file tmp_5f/mbert-long_enes_test_6_13.txt
00:10:10 - removing file tmp_5f/mbert-long_enes_test_3_13.txt
00:10:10 - removing file tmp_5f/mbert-long_enes_test_2_13.txt
00:10:10 - removing file tmp_5f/mbert-long_enes_test_0_13.txt
00:10:10 - removing file tmp_5f/mbert-long_enes_test_9_13.txt
00:10:10 - process[0]: training epoch 14 ...
00:10:41 - process[0] - epoch 14 - train iter 540 - 20735.9 words/s - loss: 0.2289
00:10:41 - process[0]: evaluating epoch 14 on dev ...
00:11:02 - process[0] - dev - epoch 14 - mAP: 0.560 w/ 31 queries
00:11:02 - removing file tmp_5f/mbert-long_enes_dev_9_14.txt
00:11:02 - removing file tmp_5f/mbert-long_enes_dev_3_14.txt
00:11:02 - removing file tmp_5f/mbert-long_enes_dev_2_14.txt
00:11:02 - removing file tmp_5f/mbert-long_enes_dev_4_14.txt
00:11:02 - removing file tmp_5f/mbert-long_enes_dev_5_14.txt
00:11:02 - removing file tmp_5f/mbert-long_enes_dev_8_14.txt
00:11:02 - removing file tmp_5f/mbert-long_enes_dev_0_14.txt
00:11:02 - removing file tmp_5f/mbert-long_enes_dev_6_14.txt
00:11:02 - removing file tmp_5f/mbert-long_enes_dev_7_14.txt
00:11:02 - removing file tmp_5f/mbert-long_enes_dev_1_14.txt
00:11:02 - process[0]: training epoch 15 ...
00:11:33 - process[0] - epoch 15 - train iter 540 - 20624.2 words/s - loss: 0.2436
00:11:33 - process[0]: evaluating epoch 15 on dev ...
00:11:55 - process[0] - dev - epoch 15 - mAP: 0.545 w/ 31 queries
00:11:55 - removing file tmp_5f/mbert-long_enes_dev_5_15.txt
00:11:55 - removing file tmp_5f/mbert-long_enes_dev_4_15.txt
00:11:55 - removing file tmp_5f/mbert-long_enes_dev_0_15.txt
00:11:55 - removing file tmp_5f/mbert-long_enes_dev_3_15.txt
00:11:55 - removing file tmp_5f/mbert-long_enes_dev_8_15.txt
00:11:55 - removing file tmp_5f/mbert-long_enes_dev_7_15.txt
00:11:55 - removing file tmp_5f/mbert-long_enes_dev_1_15.txt
00:11:55 - removing file tmp_5f/mbert-long_enes_dev_6_15.txt
00:11:55 - removing file tmp_5f/mbert-long_enes_dev_9_15.txt
00:11:55 - removing file tmp_5f/mbert-long_enes_dev_2_15.txt
00:11:55 - process[0]: training epoch 16 ...
00:12:25 - process[0] - epoch 16 - train iter 540 - 20827.9 words/s - loss: 0.1995
00:12:25 - process[0]: evaluating epoch 16 on dev ...
00:12:47 - process[0] - dev - epoch 16 - mAP: 0.531 w/ 31 queries
00:12:47 - removing file tmp_5f/mbert-long_enes_dev_2_16.txt
00:12:47 - removing file tmp_5f/mbert-long_enes_dev_1_16.txt
00:12:47 - removing file tmp_5f/mbert-long_enes_dev_7_16.txt
00:12:47 - removing file tmp_5f/mbert-long_enes_dev_6_16.txt
00:12:47 - removing file tmp_5f/mbert-long_enes_dev_0_16.txt
00:12:47 - removing file tmp_5f/mbert-long_enes_dev_5_16.txt
00:12:47 - removing file tmp_5f/mbert-long_enes_dev_8_16.txt
00:12:47 - removing file tmp_5f/mbert-long_enes_dev_9_16.txt
00:12:47 - removing file tmp_5f/mbert-long_enes_dev_4_16.txt
00:12:47 - removing file tmp_5f/mbert-long_enes_dev_3_16.txt
00:12:47 - process[0]: training epoch 17 ...
00:13:18 - process[0] - epoch 17 - train iter 540 - 20712.6 words/s - loss: 0.2163
00:13:18 - process[0]: evaluating epoch 17 on dev ...
00:13:39 - process[0] - dev - epoch 17 - mAP: 0.535 w/ 31 queries
00:13:39 - removing file tmp_5f/mbert-long_enes_dev_8_17.txt
00:13:39 - removing file tmp_5f/mbert-long_enes_dev_4_17.txt
00:13:39 - removing file tmp_5f/mbert-long_enes_dev_9_17.txt
00:13:39 - removing file tmp_5f/mbert-long_enes_dev_6_17.txt
00:13:39 - removing file tmp_5f/mbert-long_enes_dev_5_17.txt
00:13:39 - removing file tmp_5f/mbert-long_enes_dev_0_17.txt
00:13:39 - removing file tmp_5f/mbert-long_enes_dev_1_17.txt
00:13:39 - removing file tmp_5f/mbert-long_enes_dev_3_17.txt
00:13:39 - removing file tmp_5f/mbert-long_enes_dev_7_17.txt
00:13:39 - removing file tmp_5f/mbert-long_enes_dev_2_17.txt
00:13:39 - process[0]: training epoch 18 ...
00:14:10 - process[0] - epoch 18 - train iter 540 - 20849.5 words/s - loss: 0.2294
00:14:10 - process[0]: evaluating epoch 18 on dev ...
00:14:31 - process[0] - dev - epoch 18 - mAP: 0.530 w/ 31 queries
00:14:31 - removing file tmp_5f/mbert-long_enes_dev_8_18.txt
00:14:31 - removing file tmp_5f/mbert-long_enes_dev_0_18.txt
00:14:31 - removing file tmp_5f/mbert-long_enes_dev_5_18.txt
00:14:31 - removing file tmp_5f/mbert-long_enes_dev_2_18.txt
00:14:31 - removing file tmp_5f/mbert-long_enes_dev_4_18.txt
00:14:31 - removing file tmp_5f/mbert-long_enes_dev_3_18.txt
00:14:31 - removing file tmp_5f/mbert-long_enes_dev_6_18.txt
00:14:31 - removing file tmp_5f/mbert-long_enes_dev_9_18.txt
00:14:31 - removing file tmp_5f/mbert-long_enes_dev_7_18.txt
00:14:31 - removing file tmp_5f/mbert-long_enes_dev_1_18.txt
00:14:31 - process[0]: training epoch 19 ...
00:15:02 - process[0] - epoch 19 - train iter 540 - 20922.8 words/s - loss: 0.2571
00:15:02 - process[0]: evaluating epoch 19 on dev ...
00:15:23 - process[0] - dev - epoch 19 - mAP: 0.547 w/ 31 queries
00:15:23 - removing file tmp_5f/mbert-long_enes_dev_1_19.txt
00:15:23 - removing file tmp_5f/mbert-long_enes_dev_7_19.txt
00:15:23 - removing file tmp_5f/mbert-long_enes_dev_5_19.txt
00:15:23 - removing file tmp_5f/mbert-long_enes_dev_8_19.txt
00:15:23 - removing file tmp_5f/mbert-long_enes_dev_6_19.txt
00:15:23 - removing file tmp_5f/mbert-long_enes_dev_3_19.txt
00:15:23 - removing file tmp_5f/mbert-long_enes_dev_4_19.txt
00:15:23 - removing file tmp_5f/mbert-long_enes_dev_9_19.txt
00:15:23 - removing file tmp_5f/mbert-long_enes_dev_2_19.txt
00:15:23 - removing file tmp_5f/mbert-long_enes_dev_0_19.txt
00:15:23 - [fold 1] best test MAP: 0.604 @ epoch 13
00:15:23 - Evaluating every 1 epochs ...
00:15:23 - reading data from /mnt/home/puxuan/CLIR-project/Evaluation_data/process-clef/uncased
00:15:24 - test has 32 queries ...
00:15:24 - Data reading done ...
00:15:26 - adding 9-th encoder to optimizer...
00:15:26 - adding 10-th encoder to optimizer...
00:15:26 - adding 11-th encoder to optimizer...
00:15:27 - process[0]: training epoch 0 ...
00:15:55 - process[0] - epoch 0 - train iter 492 - 20977.0 words/s - loss: 0.4561
00:15:55 - process[0]: training epoch 1 ...
00:16:23 - process[0] - epoch 1 - train iter 492 - 20773.6 words/s - loss: 0.3710
00:16:23 - process[0]: training epoch 2 ...
00:16:51 - process[0] - epoch 2 - train iter 492 - 20231.7 words/s - loss: 0.3528
00:16:51 - process[0]: training epoch 3 ...
00:17:20 - process[0] - epoch 3 - train iter 492 - 20741.9 words/s - loss: 0.3177
00:17:20 - process[0]: training epoch 4 ...
00:17:48 - process[0] - epoch 4 - train iter 492 - 20516.2 words/s - loss: 0.3579
00:17:48 - process[0]: training epoch 5 ...
00:18:16 - process[0] - epoch 5 - train iter 492 - 20628.5 words/s - loss: 0.2923
00:18:16 - process[0]: training epoch 6 ...
00:18:44 - process[0] - epoch 6 - train iter 492 - 20809.1 words/s - loss: 0.3191
00:18:44 - process[0]: training epoch 7 ...
00:19:12 - process[0] - epoch 7 - train iter 492 - 20581.2 words/s - loss: 0.2456
00:19:12 - process[0]: training epoch 8 ...
00:19:41 - process[0] - epoch 8 - train iter 492 - 20817.5 words/s - loss: 0.3069
00:19:41 - process[0]: training epoch 9 ...
00:20:09 - process[0] - epoch 9 - train iter 492 - 20655.1 words/s - loss: 0.3198
00:20:09 - process[0]: training epoch 10 ...
00:20:38 - process[0] - epoch 10 - train iter 492 - 20472.8 words/s - loss: 0.3017
00:20:38 - process[0]: evaluating epoch 10 on dev ...
00:21:02 - dev set during evaluation: 11460/11458
00:21:02 - process[0] - dev - epoch 10 - mAP: 0.600 w/ 31 queries
00:21:02 - removing file tmp_5f/mbert-long_enes_dev_3_10.txt
00:21:02 - removing file tmp_5f/mbert-long_enes_dev_6_10.txt
00:21:02 - removing file tmp_5f/mbert-long_enes_dev_4_10.txt
00:21:02 - removing file tmp_5f/mbert-long_enes_dev_8_10.txt
00:21:02 - removing file tmp_5f/mbert-long_enes_dev_5_10.txt
00:21:02 - removing file tmp_5f/mbert-long_enes_dev_7_10.txt
00:21:02 - removing file tmp_5f/mbert-long_enes_dev_1_10.txt
00:21:02 - removing file tmp_5f/mbert-long_enes_dev_2_10.txt
00:21:02 - removing file tmp_5f/mbert-long_enes_dev_0_10.txt
00:21:02 - removing file tmp_5f/mbert-long_enes_dev_9_10.txt
00:21:02 - process[0]: evaluating epoch 10 on test ...
00:21:26 - process[0] - test - epoch 10 - mAP: 0.675 w/ 32 queries
00:21:26 - removing file tmp_5f/mbert-long_enes_test_8_10.txt
00:21:26 - removing file tmp_5f/mbert-long_enes_test_7_10.txt
00:21:26 - removing file tmp_5f/mbert-long_enes_test_1_10.txt
00:21:26 - removing file tmp_5f/mbert-long_enes_test_4_10.txt
00:21:26 - removing file tmp_5f/mbert-long_enes_test_5_10.txt
00:21:26 - removing file tmp_5f/mbert-long_enes_test_3_10.txt
00:21:26 - removing file tmp_5f/mbert-long_enes_test_6_10.txt
00:21:26 - removing file tmp_5f/mbert-long_enes_test_9_10.txt
00:21:26 - removing file tmp_5f/mbert-long_enes_test_0_10.txt
00:21:26 - removing file tmp_5f/mbert-long_enes_test_2_10.txt
00:21:26 - process[0]: training epoch 11 ...
00:21:54 - process[0] - epoch 11 - train iter 492 - 20495.3 words/s - loss: 0.2620
00:21:54 - process[0]: evaluating epoch 11 on dev ...
00:22:17 - dev set during evaluation: 11460/11458
00:22:17 - process[0] - dev - epoch 11 - mAP: 0.602 w/ 31 queries
00:22:17 - removing file tmp_5f/mbert-long_enes_dev_3_11.txt
00:22:17 - removing file tmp_5f/mbert-long_enes_dev_1_11.txt
00:22:17 - removing file tmp_5f/mbert-long_enes_dev_0_11.txt
00:22:17 - removing file tmp_5f/mbert-long_enes_dev_5_11.txt
00:22:17 - removing file tmp_5f/mbert-long_enes_dev_8_11.txt
00:22:17 - removing file tmp_5f/mbert-long_enes_dev_6_11.txt
00:22:17 - removing file tmp_5f/mbert-long_enes_dev_2_11.txt
00:22:17 - removing file tmp_5f/mbert-long_enes_dev_7_11.txt
00:22:17 - removing file tmp_5f/mbert-long_enes_dev_4_11.txt
00:22:17 - removing file tmp_5f/mbert-long_enes_dev_9_11.txt
00:22:17 - process[0]: evaluating epoch 11 on test ...
00:22:40 - process[0] - test - epoch 11 - mAP: 0.672 w/ 32 queries
00:22:40 - removing file tmp_5f/mbert-long_enes_test_2_11.txt
00:22:40 - removing file tmp_5f/mbert-long_enes_test_3_11.txt
00:22:40 - removing file tmp_5f/mbert-long_enes_test_1_11.txt
00:22:40 - removing file tmp_5f/mbert-long_enes_test_7_11.txt
00:22:40 - removing file tmp_5f/mbert-long_enes_test_9_11.txt
00:22:40 - removing file tmp_5f/mbert-long_enes_test_4_11.txt
00:22:40 - removing file tmp_5f/mbert-long_enes_test_6_11.txt
00:22:41 - removing file tmp_5f/mbert-long_enes_test_0_11.txt
00:22:41 - removing file tmp_5f/mbert-long_enes_test_5_11.txt
00:22:41 - removing file tmp_5f/mbert-long_enes_test_8_11.txt
00:22:41 - process[0]: training epoch 12 ...
00:23:09 - process[0] - epoch 12 - train iter 492 - 21049.1 words/s - loss: 0.2697
00:23:09 - process[0]: evaluating epoch 12 on dev ...
00:23:31 - dev set during evaluation: 11460/11458
00:23:31 - process[0] - dev - epoch 12 - mAP: 0.588 w/ 31 queries
00:23:31 - removing file tmp_5f/mbert-long_enes_dev_1_12.txt
00:23:31 - removing file tmp_5f/mbert-long_enes_dev_4_12.txt
00:23:31 - removing file tmp_5f/mbert-long_enes_dev_9_12.txt
00:23:31 - removing file tmp_5f/mbert-long_enes_dev_2_12.txt
00:23:31 - removing file tmp_5f/mbert-long_enes_dev_0_12.txt
00:23:31 - removing file tmp_5f/mbert-long_enes_dev_6_12.txt
00:23:31 - removing file tmp_5f/mbert-long_enes_dev_5_12.txt
00:23:31 - removing file tmp_5f/mbert-long_enes_dev_8_12.txt
00:23:31 - removing file tmp_5f/mbert-long_enes_dev_3_12.txt
00:23:31 - removing file tmp_5f/mbert-long_enes_dev_7_12.txt
00:23:31 - process[0]: training epoch 13 ...
00:23:59 - process[0] - epoch 13 - train iter 492 - 21055.0 words/s - loss: 0.2628
00:23:59 - process[0]: evaluating epoch 13 on dev ...
00:24:21 - dev set during evaluation: 11460/11458
00:24:21 - process[0] - dev - epoch 13 - mAP: 0.588 w/ 31 queries
00:24:21 - removing file tmp_5f/mbert-long_enes_dev_0_13.txt
00:24:21 - removing file tmp_5f/mbert-long_enes_dev_7_13.txt
00:24:21 - removing file tmp_5f/mbert-long_enes_dev_1_13.txt
00:24:21 - removing file tmp_5f/mbert-long_enes_dev_6_13.txt
00:24:21 - removing file tmp_5f/mbert-long_enes_dev_9_13.txt
00:24:21 - removing file tmp_5f/mbert-long_enes_dev_4_13.txt
00:24:21 - removing file tmp_5f/mbert-long_enes_dev_8_13.txt
00:24:21 - removing file tmp_5f/mbert-long_enes_dev_3_13.txt
00:24:21 - removing file tmp_5f/mbert-long_enes_dev_2_13.txt
00:24:21 - removing file tmp_5f/mbert-long_enes_dev_5_13.txt
00:24:21 - process[0]: training epoch 14 ...
00:24:50 - process[0] - epoch 14 - train iter 492 - 20862.5 words/s - loss: 0.2622
00:24:50 - process[0]: evaluating epoch 14 on dev ...
00:25:12 - dev set during evaluation: 11460/11458
00:25:12 - process[0] - dev - epoch 14 - mAP: 0.587 w/ 31 queries
00:25:12 - removing file tmp_5f/mbert-long_enes_dev_9_14.txt
00:25:12 - removing file tmp_5f/mbert-long_enes_dev_3_14.txt
00:25:12 - removing file tmp_5f/mbert-long_enes_dev_2_14.txt
00:25:12 - removing file tmp_5f/mbert-long_enes_dev_4_14.txt
00:25:12 - removing file tmp_5f/mbert-long_enes_dev_5_14.txt
00:25:12 - removing file tmp_5f/mbert-long_enes_dev_8_14.txt
00:25:12 - removing file tmp_5f/mbert-long_enes_dev_0_14.txt
00:25:12 - removing file tmp_5f/mbert-long_enes_dev_6_14.txt
00:25:12 - removing file tmp_5f/mbert-long_enes_dev_7_14.txt
00:25:12 - removing file tmp_5f/mbert-long_enes_dev_1_14.txt
00:25:12 - process[0]: training epoch 15 ...
00:25:40 - process[0] - epoch 15 - train iter 492 - 20683.6 words/s - loss: 0.2558
00:25:40 - process[0]: evaluating epoch 15 on dev ...
00:26:03 - dev set during evaluation: 11460/11458
00:26:03 - process[0] - dev - epoch 15 - mAP: 0.590 w/ 31 queries
00:26:03 - removing file tmp_5f/mbert-long_enes_dev_5_15.txt
00:26:03 - removing file tmp_5f/mbert-long_enes_dev_4_15.txt
00:26:03 - removing file tmp_5f/mbert-long_enes_dev_0_15.txt
00:26:03 - removing file tmp_5f/mbert-long_enes_dev_3_15.txt
00:26:03 - removing file tmp_5f/mbert-long_enes_dev_8_15.txt
00:26:03 - removing file tmp_5f/mbert-long_enes_dev_7_15.txt
00:26:03 - removing file tmp_5f/mbert-long_enes_dev_1_15.txt
00:26:03 - removing file tmp_5f/mbert-long_enes_dev_6_15.txt
00:26:03 - removing file tmp_5f/mbert-long_enes_dev_9_15.txt
00:26:03 - removing file tmp_5f/mbert-long_enes_dev_2_15.txt
00:26:03 - process[0]: training epoch 16 ...
00:26:31 - process[0] - epoch 16 - train iter 492 - 20611.7 words/s - loss: 0.2454
00:26:31 - process[0]: evaluating epoch 16 on dev ...
00:26:54 - dev set during evaluation: 11460/11458
00:26:54 - process[0] - dev - epoch 16 - mAP: 0.590 w/ 31 queries
00:26:54 - removing file tmp_5f/mbert-long_enes_dev_2_16.txt
00:26:54 - removing file tmp_5f/mbert-long_enes_dev_1_16.txt
00:26:54 - removing file tmp_5f/mbert-long_enes_dev_7_16.txt
00:26:54 - removing file tmp_5f/mbert-long_enes_dev_6_16.txt
00:26:54 - removing file tmp_5f/mbert-long_enes_dev_0_16.txt
00:26:54 - removing file tmp_5f/mbert-long_enes_dev_5_16.txt
00:26:54 - removing file tmp_5f/mbert-long_enes_dev_8_16.txt
00:26:54 - removing file tmp_5f/mbert-long_enes_dev_9_16.txt
00:26:54 - removing file tmp_5f/mbert-long_enes_dev_4_16.txt
00:26:54 - removing file tmp_5f/mbert-long_enes_dev_3_16.txt
00:26:54 - process[0]: training epoch 17 ...
00:27:21 - process[0] - epoch 17 - train iter 492 - 20890.4 words/s - loss: 0.2406
00:27:21 - process[0]: evaluating epoch 17 on dev ...
00:27:44 - dev set during evaluation: 11460/11458
00:27:44 - process[0] - dev - epoch 17 - mAP: 0.585 w/ 31 queries
00:27:44 - removing file tmp_5f/mbert-long_enes_dev_8_17.txt
00:27:44 - removing file tmp_5f/mbert-long_enes_dev_4_17.txt
00:27:44 - removing file tmp_5f/mbert-long_enes_dev_9_17.txt
00:27:44 - removing file tmp_5f/mbert-long_enes_dev_6_17.txt
00:27:44 - removing file tmp_5f/mbert-long_enes_dev_5_17.txt
00:27:44 - removing file tmp_5f/mbert-long_enes_dev_0_17.txt
00:27:44 - removing file tmp_5f/mbert-long_enes_dev_1_17.txt
00:27:44 - removing file tmp_5f/mbert-long_enes_dev_3_17.txt
00:27:44 - removing file tmp_5f/mbert-long_enes_dev_7_17.txt
00:27:44 - removing file tmp_5f/mbert-long_enes_dev_2_17.txt
00:27:44 - process[0]: training epoch 18 ...
00:28:12 - process[0] - epoch 18 - train iter 492 - 20729.0 words/s - loss: 0.2637
00:28:12 - process[0]: evaluating epoch 18 on dev ...
00:28:35 - dev set during evaluation: 11460/11458
00:28:35 - process[0] - dev - epoch 18 - mAP: 0.582 w/ 31 queries
00:28:35 - removing file tmp_5f/mbert-long_enes_dev_8_18.txt
00:28:35 - removing file tmp_5f/mbert-long_enes_dev_0_18.txt
00:28:35 - removing file tmp_5f/mbert-long_enes_dev_5_18.txt
00:28:35 - removing file tmp_5f/mbert-long_enes_dev_2_18.txt
00:28:35 - removing file tmp_5f/mbert-long_enes_dev_4_18.txt
00:28:35 - removing file tmp_5f/mbert-long_enes_dev_3_18.txt
00:28:35 - removing file tmp_5f/mbert-long_enes_dev_6_18.txt
00:28:35 - removing file tmp_5f/mbert-long_enes_dev_9_18.txt
00:28:35 - removing file tmp_5f/mbert-long_enes_dev_7_18.txt
00:28:35 - removing file tmp_5f/mbert-long_enes_dev_1_18.txt
00:28:35 - process[0]: training epoch 19 ...
00:29:03 - process[0] - epoch 19 - train iter 492 - 20806.3 words/s - loss: 0.2418
00:29:03 - process[0]: evaluating epoch 19 on dev ...
00:29:26 - dev set during evaluation: 11460/11458
00:29:26 - process[0] - dev - epoch 19 - mAP: 0.587 w/ 31 queries
00:29:26 - removing file tmp_5f/mbert-long_enes_dev_1_19.txt
00:29:26 - removing file tmp_5f/mbert-long_enes_dev_7_19.txt
00:29:26 - removing file tmp_5f/mbert-long_enes_dev_5_19.txt
00:29:26 - removing file tmp_5f/mbert-long_enes_dev_8_19.txt
00:29:26 - removing file tmp_5f/mbert-long_enes_dev_6_19.txt
00:29:26 - removing file tmp_5f/mbert-long_enes_dev_3_19.txt
00:29:26 - removing file tmp_5f/mbert-long_enes_dev_4_19.txt
00:29:26 - removing file tmp_5f/mbert-long_enes_dev_9_19.txt
00:29:26 - removing file tmp_5f/mbert-long_enes_dev_2_19.txt
00:29:26 - removing file tmp_5f/mbert-long_enes_dev_0_19.txt
00:29:26 - [fold 2] best test MAP: 0.672 @ epoch 11
00:29:26 - Evaluating every 1 epochs ...
00:29:26 - reading data from /mnt/home/puxuan/CLIR-project/Evaluation_data/process-clef/uncased
00:29:27 - test has 31 queries ...
00:29:27 - Data reading done ...
00:29:29 - adding 9-th encoder to optimizer...
00:29:29 - adding 10-th encoder to optimizer...
00:29:29 - adding 11-th encoder to optimizer...
00:29:30 - process[0]: training epoch 0 ...
00:29:57 - process[0] - epoch 0 - train iter 476 - 20728.1 words/s - loss: 0.4484
00:29:57 - process[0]: training epoch 1 ...
00:30:24 - process[0] - epoch 1 - train iter 476 - 20685.5 words/s - loss: 0.3841
00:30:24 - process[0]: training epoch 2 ...
00:30:51 - process[0] - epoch 2 - train iter 476 - 21065.3 words/s - loss: 0.3853
00:30:51 - process[0]: training epoch 3 ...
00:31:18 - process[0] - epoch 3 - train iter 476 - 20547.0 words/s - loss: 0.3469
00:31:18 - process[0]: training epoch 4 ...
00:31:46 - process[0] - epoch 4 - train iter 476 - 20981.5 words/s - loss: 0.3273
00:31:46 - process[0]: training epoch 5 ...
00:32:13 - process[0] - epoch 5 - train iter 476 - 21080.7 words/s - loss: 0.2930
00:32:13 - process[0]: training epoch 6 ...
00:32:40 - process[0] - epoch 6 - train iter 476 - 20374.9 words/s - loss: 0.3115
00:32:40 - process[0]: training epoch 7 ...
00:33:07 - process[0] - epoch 7 - train iter 476 - 20710.0 words/s - loss: 0.3196
00:33:07 - process[0]: training epoch 8 ...
00:33:34 - process[0] - epoch 8 - train iter 476 - 20487.2 words/s - loss: 0.2721
00:33:34 - process[0]: training epoch 9 ...
00:34:02 - process[0] - epoch 9 - train iter 476 - 21143.3 words/s - loss: 0.2367
00:34:02 - process[0]: training epoch 10 ...
00:34:29 - process[0] - epoch 10 - train iter 476 - 20641.1 words/s - loss: 0.2939
00:34:29 - process[0]: evaluating epoch 10 on dev ...
00:34:59 - process[0] - dev - epoch 10 - mAP: 0.673 w/ 32 queries
00:34:59 - removing file tmp_5f/mbert-long_enes_dev_3_10.txt
00:34:59 - removing file tmp_5f/mbert-long_enes_dev_6_10.txt
00:34:59 - removing file tmp_5f/mbert-long_enes_dev_4_10.txt
00:34:59 - removing file tmp_5f/mbert-long_enes_dev_8_10.txt
00:34:59 - removing file tmp_5f/mbert-long_enes_dev_5_10.txt
00:34:59 - removing file tmp_5f/mbert-long_enes_dev_7_10.txt
00:34:59 - removing file tmp_5f/mbert-long_enes_dev_1_10.txt
00:34:59 - removing file tmp_5f/mbert-long_enes_dev_2_10.txt
00:34:59 - removing file tmp_5f/mbert-long_enes_dev_0_10.txt
00:34:59 - removing file tmp_5f/mbert-long_enes_dev_9_10.txt
00:34:59 - process[0]: evaluating epoch 10 on test ...
00:35:23 - test set during evaluation: 11550/11545
00:35:23 - process[0] - test - epoch 10 - mAP: 0.613 w/ 31 queries
00:35:23 - removing file tmp_5f/mbert-long_enes_test_8_10.txt
00:35:23 - removing file tmp_5f/mbert-long_enes_test_7_10.txt
00:35:23 - removing file tmp_5f/mbert-long_enes_test_1_10.txt
00:35:23 - removing file tmp_5f/mbert-long_enes_test_4_10.txt
00:35:23 - removing file tmp_5f/mbert-long_enes_test_5_10.txt
00:35:23 - removing file tmp_5f/mbert-long_enes_test_3_10.txt
00:35:23 - removing file tmp_5f/mbert-long_enes_test_6_10.txt
00:35:23 - removing file tmp_5f/mbert-long_enes_test_9_10.txt
00:35:23 - removing file tmp_5f/mbert-long_enes_test_0_10.txt
00:35:23 - removing file tmp_5f/mbert-long_enes_test_2_10.txt
00:35:23 - process[0]: training epoch 11 ...
00:35:50 - process[0] - epoch 11 - train iter 476 - 21136.4 words/s - loss: 0.2473
00:35:50 - process[0]: evaluating epoch 11 on dev ...
00:36:16 - process[0] - dev - epoch 11 - mAP: 0.679 w/ 32 queries
00:36:16 - removing file tmp_5f/mbert-long_enes_dev_3_11.txt
00:36:16 - removing file tmp_5f/mbert-long_enes_dev_1_11.txt
00:36:16 - removing file tmp_5f/mbert-long_enes_dev_0_11.txt
00:36:16 - removing file tmp_5f/mbert-long_enes_dev_5_11.txt
00:36:16 - removing file tmp_5f/mbert-long_enes_dev_8_11.txt
00:36:16 - removing file tmp_5f/mbert-long_enes_dev_6_11.txt
00:36:16 - removing file tmp_5f/mbert-long_enes_dev_2_11.txt
00:36:16 - removing file tmp_5f/mbert-long_enes_dev_7_11.txt
00:36:16 - removing file tmp_5f/mbert-long_enes_dev_4_11.txt
00:36:16 - removing file tmp_5f/mbert-long_enes_dev_9_11.txt
00:36:16 - process[0]: evaluating epoch 11 on test ...
00:36:40 - test set during evaluation: 11550/11545
00:36:40 - process[0] - test - epoch 11 - mAP: 0.612 w/ 31 queries
00:36:40 - removing file tmp_5f/mbert-long_enes_test_2_11.txt
00:36:40 - removing file tmp_5f/mbert-long_enes_test_3_11.txt
00:36:40 - removing file tmp_5f/mbert-long_enes_test_1_11.txt
00:36:40 - removing file tmp_5f/mbert-long_enes_test_7_11.txt
00:36:40 - removing file tmp_5f/mbert-long_enes_test_9_11.txt
00:36:40 - removing file tmp_5f/mbert-long_enes_test_4_11.txt
00:36:40 - removing file tmp_5f/mbert-long_enes_test_6_11.txt
00:36:40 - removing file tmp_5f/mbert-long_enes_test_0_11.txt
00:36:40 - removing file tmp_5f/mbert-long_enes_test_5_11.txt
00:36:40 - removing file tmp_5f/mbert-long_enes_test_8_11.txt
00:36:40 - process[0]: training epoch 12 ...
00:37:07 - process[0] - epoch 12 - train iter 476 - 20891.8 words/s - loss: 0.2603
00:37:07 - process[0]: evaluating epoch 12 on dev ...
00:37:32 - process[0] - dev - epoch 12 - mAP: 0.671 w/ 32 queries
00:37:32 - removing file tmp_5f/mbert-long_enes_dev_1_12.txt
00:37:32 - removing file tmp_5f/mbert-long_enes_dev_4_12.txt
00:37:32 - removing file tmp_5f/mbert-long_enes_dev_9_12.txt
00:37:32 - removing file tmp_5f/mbert-long_enes_dev_2_12.txt
00:37:32 - removing file tmp_5f/mbert-long_enes_dev_0_12.txt
00:37:32 - removing file tmp_5f/mbert-long_enes_dev_6_12.txt
00:37:32 - removing file tmp_5f/mbert-long_enes_dev_5_12.txt
00:37:32 - removing file tmp_5f/mbert-long_enes_dev_8_12.txt
00:37:32 - removing file tmp_5f/mbert-long_enes_dev_3_12.txt
00:37:32 - removing file tmp_5f/mbert-long_enes_dev_7_12.txt
00:37:32 - process[0]: training epoch 13 ...
00:37:59 - process[0] - epoch 13 - train iter 476 - 21028.1 words/s - loss: 0.2741
00:37:59 - process[0]: evaluating epoch 13 on dev ...
00:38:23 - process[0] - dev - epoch 13 - mAP: 0.677 w/ 32 queries
00:38:23 - removing file tmp_5f/mbert-long_enes_dev_0_13.txt
00:38:23 - removing file tmp_5f/mbert-long_enes_dev_7_13.txt
00:38:23 - removing file tmp_5f/mbert-long_enes_dev_1_13.txt
00:38:23 - removing file tmp_5f/mbert-long_enes_dev_6_13.txt
00:38:23 - removing file tmp_5f/mbert-long_enes_dev_9_13.txt
00:38:23 - removing file tmp_5f/mbert-long_enes_dev_4_13.txt
00:38:23 - removing file tmp_5f/mbert-long_enes_dev_8_13.txt
00:38:23 - removing file tmp_5f/mbert-long_enes_dev_3_13.txt
00:38:23 - removing file tmp_5f/mbert-long_enes_dev_2_13.txt
00:38:23 - removing file tmp_5f/mbert-long_enes_dev_5_13.txt
00:38:23 - process[0]: training epoch 14 ...
00:38:50 - process[0] - epoch 14 - train iter 476 - 20791.2 words/s - loss: 0.2569
00:38:50 - process[0]: evaluating epoch 14 on dev ...
00:39:14 - process[0] - dev - epoch 14 - mAP: 0.683 w/ 32 queries
00:39:14 - removing file tmp_5f/mbert-long_enes_dev_9_14.txt
00:39:14 - removing file tmp_5f/mbert-long_enes_dev_3_14.txt
00:39:14 - removing file tmp_5f/mbert-long_enes_dev_2_14.txt
00:39:14 - removing file tmp_5f/mbert-long_enes_dev_4_14.txt
00:39:14 - removing file tmp_5f/mbert-long_enes_dev_5_14.txt
00:39:14 - removing file tmp_5f/mbert-long_enes_dev_8_14.txt
00:39:14 - removing file tmp_5f/mbert-long_enes_dev_0_14.txt
00:39:14 - removing file tmp_5f/mbert-long_enes_dev_6_14.txt
00:39:14 - removing file tmp_5f/mbert-long_enes_dev_7_14.txt
00:39:14 - removing file tmp_5f/mbert-long_enes_dev_1_14.txt
00:39:14 - process[0]: evaluating epoch 14 on test ...
00:39:37 - test set during evaluation: 11550/11545
00:39:37 - process[0] - test - epoch 14 - mAP: 0.620 w/ 31 queries
00:39:37 - removing file tmp_5f/mbert-long_enes_test_9_14.txt
00:39:37 - removing file tmp_5f/mbert-long_enes_test_6_14.txt
00:39:37 - removing file tmp_5f/mbert-long_enes_test_2_14.txt
00:39:37 - removing file tmp_5f/mbert-long_enes_test_1_14.txt
00:39:37 - removing file tmp_5f/mbert-long_enes_test_7_14.txt
00:39:37 - removing file tmp_5f/mbert-long_enes_test_8_14.txt
00:39:37 - removing file tmp_5f/mbert-long_enes_test_0_14.txt
00:39:37 - removing file tmp_5f/mbert-long_enes_test_3_14.txt
00:39:37 - removing file tmp_5f/mbert-long_enes_test_5_14.txt
00:39:37 - removing file tmp_5f/mbert-long_enes_test_4_14.txt
00:39:37 - process[0]: training epoch 15 ...
00:40:04 - process[0] - epoch 15 - train iter 476 - 20615.1 words/s - loss: 0.2427
00:40:04 - process[0]: evaluating epoch 15 on dev ...
00:40:29 - process[0] - dev - epoch 15 - mAP: 0.672 w/ 32 queries
00:40:29 - removing file tmp_5f/mbert-long_enes_dev_5_15.txt
00:40:29 - removing file tmp_5f/mbert-long_enes_dev_4_15.txt
00:40:29 - removing file tmp_5f/mbert-long_enes_dev_0_15.txt
00:40:29 - removing file tmp_5f/mbert-long_enes_dev_3_15.txt
00:40:29 - removing file tmp_5f/mbert-long_enes_dev_8_15.txt
00:40:29 - removing file tmp_5f/mbert-long_enes_dev_7_15.txt
00:40:29 - removing file tmp_5f/mbert-long_enes_dev_1_15.txt
00:40:29 - removing file tmp_5f/mbert-long_enes_dev_6_15.txt
00:40:29 - removing file tmp_5f/mbert-long_enes_dev_9_15.txt
00:40:29 - removing file tmp_5f/mbert-long_enes_dev_2_15.txt
00:40:29 - process[0]: training epoch 16 ...
00:40:56 - process[0] - epoch 16 - train iter 476 - 20664.1 words/s - loss: 0.2296
00:40:56 - process[0]: evaluating epoch 16 on dev ...
00:41:22 - process[0] - dev - epoch 16 - mAP: 0.673 w/ 32 queries
00:41:22 - removing file tmp_5f/mbert-long_enes_dev_2_16.txt
00:41:22 - removing file tmp_5f/mbert-long_enes_dev_1_16.txt
00:41:22 - removing file tmp_5f/mbert-long_enes_dev_7_16.txt
00:41:22 - removing file tmp_5f/mbert-long_enes_dev_6_16.txt
00:41:22 - removing file tmp_5f/mbert-long_enes_dev_0_16.txt
00:41:22 - removing file tmp_5f/mbert-long_enes_dev_5_16.txt
00:41:22 - removing file tmp_5f/mbert-long_enes_dev_8_16.txt
00:41:22 - removing file tmp_5f/mbert-long_enes_dev_9_16.txt
00:41:22 - removing file tmp_5f/mbert-long_enes_dev_4_16.txt
00:41:22 - removing file tmp_5f/mbert-long_enes_dev_3_16.txt
00:41:22 - process[0]: training epoch 17 ...
00:41:49 - process[0] - epoch 17 - train iter 476 - 20726.8 words/s - loss: 0.2186
00:41:49 - process[0]: evaluating epoch 17 on dev ...
00:42:13 - process[0] - dev - epoch 17 - mAP: 0.677 w/ 32 queries
00:42:13 - removing file tmp_5f/mbert-long_enes_dev_8_17.txt
00:42:13 - removing file tmp_5f/mbert-long_enes_dev_4_17.txt
00:42:13 - removing file tmp_5f/mbert-long_enes_dev_9_17.txt
00:42:13 - removing file tmp_5f/mbert-long_enes_dev_6_17.txt
00:42:13 - removing file tmp_5f/mbert-long_enes_dev_5_17.txt
00:42:13 - removing file tmp_5f/mbert-long_enes_dev_0_17.txt
00:42:13 - removing file tmp_5f/mbert-long_enes_dev_1_17.txt
00:42:13 - removing file tmp_5f/mbert-long_enes_dev_3_17.txt
00:42:13 - removing file tmp_5f/mbert-long_enes_dev_7_17.txt
00:42:13 - removing file tmp_5f/mbert-long_enes_dev_2_17.txt
00:42:13 - process[0]: training epoch 18 ...
00:42:41 - process[0] - epoch 18 - train iter 476 - 21140.6 words/s - loss: 0.2336
00:42:41 - process[0]: evaluating epoch 18 on dev ...
00:43:05 - process[0] - dev - epoch 18 - mAP: 0.665 w/ 32 queries
00:43:05 - removing file tmp_5f/mbert-long_enes_dev_8_18.txt
00:43:05 - removing file tmp_5f/mbert-long_enes_dev_0_18.txt
00:43:05 - removing file tmp_5f/mbert-long_enes_dev_5_18.txt
00:43:05 - removing file tmp_5f/mbert-long_enes_dev_2_18.txt
00:43:05 - removing file tmp_5f/mbert-long_enes_dev_4_18.txt
00:43:05 - removing file tmp_5f/mbert-long_enes_dev_3_18.txt
00:43:05 - removing file tmp_5f/mbert-long_enes_dev_6_18.txt
00:43:05 - removing file tmp_5f/mbert-long_enes_dev_9_18.txt
00:43:05 - removing file tmp_5f/mbert-long_enes_dev_7_18.txt
00:43:05 - removing file tmp_5f/mbert-long_enes_dev_1_18.txt
00:43:05 - process[0]: training epoch 19 ...
00:43:32 - process[0] - epoch 19 - train iter 476 - 20912.0 words/s - loss: 0.2180
00:43:32 - process[0]: evaluating epoch 19 on dev ...
00:43:56 - process[0] - dev - epoch 19 - mAP: 0.672 w/ 32 queries
00:43:56 - removing file tmp_5f/mbert-long_enes_dev_1_19.txt
00:43:56 - removing file tmp_5f/mbert-long_enes_dev_7_19.txt
00:43:56 - removing file tmp_5f/mbert-long_enes_dev_5_19.txt
00:43:56 - removing file tmp_5f/mbert-long_enes_dev_8_19.txt
00:43:56 - removing file tmp_5f/mbert-long_enes_dev_6_19.txt
00:43:56 - removing file tmp_5f/mbert-long_enes_dev_3_19.txt
00:43:56 - removing file tmp_5f/mbert-long_enes_dev_4_19.txt
00:43:56 - removing file tmp_5f/mbert-long_enes_dev_9_19.txt
00:43:56 - removing file tmp_5f/mbert-long_enes_dev_2_19.txt
00:43:56 - removing file tmp_5f/mbert-long_enes_dev_0_19.txt
00:43:56 - [fold 3] best test MAP: 0.620 @ epoch 14
00:43:56 - Evaluating every 1 epochs ...
00:43:56 - reading data from /mnt/home/puxuan/CLIR-project/Evaluation_data/process-clef/uncased
00:43:57 - test has 31 queries ...
00:43:57 - Data reading done ...
00:43:59 - adding 9-th encoder to optimizer...
00:43:59 - adding 10-th encoder to optimizer...
00:43:59 - adding 11-th encoder to optimizer...
00:44:00 - process[0]: training epoch 0 ...
00:44:24 - process[0] - epoch 0 - train iter 432 - 20214.3 words/s - loss: 0.5133
00:44:24 - process[0]: training epoch 1 ...
00:44:49 - process[0] - epoch 1 - train iter 432 - 20476.2 words/s - loss: 0.4211
00:44:49 - process[0]: training epoch 2 ...
00:45:14 - process[0] - epoch 2 - train iter 432 - 20298.9 words/s - loss: 0.3739
00:45:14 - process[0]: training epoch 3 ...
00:45:39 - process[0] - epoch 3 - train iter 432 - 20770.2 words/s - loss: 0.3184
00:45:39 - process[0]: training epoch 4 ...
00:46:04 - process[0] - epoch 4 - train iter 432 - 20710.0 words/s - loss: 0.3481
00:46:04 - process[0]: training epoch 5 ...
00:46:29 - process[0] - epoch 5 - train iter 432 - 20688.2 words/s - loss: 0.3521
00:46:29 - process[0]: training epoch 6 ...
00:46:53 - process[0] - epoch 6 - train iter 432 - 20115.9 words/s - loss: 0.3115
00:46:53 - process[0]: training epoch 7 ...
00:47:18 - process[0] - epoch 7 - train iter 432 - 20451.9 words/s - loss: 0.2643
00:47:18 - process[0]: training epoch 8 ...
00:47:42 - process[0] - epoch 8 - train iter 432 - 20510.7 words/s - loss: 0.2775
00:47:42 - process[0]: training epoch 9 ...
00:48:07 - process[0] - epoch 9 - train iter 432 - 20927.0 words/s - loss: 0.2583
00:48:07 - process[0]: training epoch 10 ...
00:48:32 - process[0] - epoch 10 - train iter 432 - 20502.2 words/s - loss: 0.2855
00:48:32 - process[0]: evaluating epoch 10 on dev ...
00:48:58 - dev set during evaluation: 11550/11545
00:48:58 - process[0] - dev - epoch 10 - mAP: 0.617 w/ 31 queries
00:48:58 - removing file tmp_5f/mbert-long_enes_dev_3_10.txt
00:48:58 - removing file tmp_5f/mbert-long_enes_dev_6_10.txt
00:48:58 - removing file tmp_5f/mbert-long_enes_dev_4_10.txt
00:48:58 - removing file tmp_5f/mbert-long_enes_dev_8_10.txt
00:48:58 - removing file tmp_5f/mbert-long_enes_dev_5_10.txt
00:48:58 - removing file tmp_5f/mbert-long_enes_dev_7_10.txt
00:48:58 - removing file tmp_5f/mbert-long_enes_dev_1_10.txt
00:48:58 - removing file tmp_5f/mbert-long_enes_dev_2_10.txt
00:48:58 - removing file tmp_5f/mbert-long_enes_dev_0_10.txt
00:48:58 - removing file tmp_5f/mbert-long_enes_dev_9_10.txt
00:48:58 - process[0]: evaluating epoch 10 on test ...
00:49:20 - test set during evaluation: 11320/11315
00:49:20 - process[0] - test - epoch 10 - mAP: 0.635 w/ 31 queries
00:49:20 - removing file tmp_5f/mbert-long_enes_test_8_10.txt
00:49:20 - removing file tmp_5f/mbert-long_enes_test_7_10.txt
00:49:20 - removing file tmp_5f/mbert-long_enes_test_1_10.txt
00:49:20 - removing file tmp_5f/mbert-long_enes_test_4_10.txt
00:49:20 - removing file tmp_5f/mbert-long_enes_test_5_10.txt
00:49:20 - removing file tmp_5f/mbert-long_enes_test_3_10.txt
00:49:20 - removing file tmp_5f/mbert-long_enes_test_6_10.txt
00:49:20 - removing file tmp_5f/mbert-long_enes_test_9_10.txt
00:49:20 - removing file tmp_5f/mbert-long_enes_test_0_10.txt
00:49:20 - removing file tmp_5f/mbert-long_enes_test_2_10.txt
00:49:20 - process[0]: training epoch 11 ...
00:49:45 - process[0] - epoch 11 - train iter 432 - 20572.1 words/s - loss: 0.2558
00:49:45 - process[0]: evaluating epoch 11 on dev ...
00:50:08 - dev set during evaluation: 11550/11545
00:50:08 - process[0] - dev - epoch 11 - mAP: 0.625 w/ 31 queries
00:50:08 - removing file tmp_5f/mbert-long_enes_dev_3_11.txt
00:50:08 - removing file tmp_5f/mbert-long_enes_dev_1_11.txt
00:50:08 - removing file tmp_5f/mbert-long_enes_dev_0_11.txt
00:50:08 - removing file tmp_5f/mbert-long_enes_dev_5_11.txt
00:50:08 - removing file tmp_5f/mbert-long_enes_dev_8_11.txt
00:50:08 - removing file tmp_5f/mbert-long_enes_dev_6_11.txt
00:50:08 - removing file tmp_5f/mbert-long_enes_dev_2_11.txt
00:50:08 - removing file tmp_5f/mbert-long_enes_dev_7_11.txt
00:50:08 - removing file tmp_5f/mbert-long_enes_dev_4_11.txt
00:50:08 - removing file tmp_5f/mbert-long_enes_dev_9_11.txt
00:50:08 - process[0]: evaluating epoch 11 on test ...
00:50:31 - test set during evaluation: 11320/11315
00:50:31 - process[0] - test - epoch 11 - mAP: 0.643 w/ 31 queries
00:50:31 - removing file tmp_5f/mbert-long_enes_test_2_11.txt
00:50:31 - removing file tmp_5f/mbert-long_enes_test_3_11.txt
00:50:31 - removing file tmp_5f/mbert-long_enes_test_1_11.txt
00:50:31 - removing file tmp_5f/mbert-long_enes_test_7_11.txt
00:50:31 - removing file tmp_5f/mbert-long_enes_test_9_11.txt
00:50:31 - removing file tmp_5f/mbert-long_enes_test_4_11.txt
00:50:31 - removing file tmp_5f/mbert-long_enes_test_6_11.txt
00:50:31 - removing file tmp_5f/mbert-long_enes_test_0_11.txt
00:50:31 - removing file tmp_5f/mbert-long_enes_test_5_11.txt
00:50:31 - removing file tmp_5f/mbert-long_enes_test_8_11.txt
00:50:31 - process[0]: training epoch 12 ...
00:50:56 - process[0] - epoch 12 - train iter 432 - 20365.9 words/s - loss: 0.2542
00:50:56 - process[0]: evaluating epoch 12 on dev ...
00:51:20 - dev set during evaluation: 11550/11545
00:51:20 - process[0] - dev - epoch 12 - mAP: 0.607 w/ 31 queries
00:51:20 - removing file tmp_5f/mbert-long_enes_dev_1_12.txt
00:51:20 - removing file tmp_5f/mbert-long_enes_dev_4_12.txt
00:51:20 - removing file tmp_5f/mbert-long_enes_dev_9_12.txt
00:51:20 - removing file tmp_5f/mbert-long_enes_dev_2_12.txt
00:51:20 - removing file tmp_5f/mbert-long_enes_dev_0_12.txt
00:51:20 - removing file tmp_5f/mbert-long_enes_dev_6_12.txt
00:51:20 - removing file tmp_5f/mbert-long_enes_dev_5_12.txt
00:51:20 - removing file tmp_5f/mbert-long_enes_dev_8_12.txt
00:51:20 - removing file tmp_5f/mbert-long_enes_dev_3_12.txt
00:51:20 - removing file tmp_5f/mbert-long_enes_dev_7_12.txt
00:51:20 - process[0]: training epoch 13 ...
00:51:44 - process[0] - epoch 13 - train iter 432 - 20741.5 words/s - loss: 0.2505
00:51:44 - process[0]: evaluating epoch 13 on dev ...
00:52:09 - dev set during evaluation: 11550/11545
00:52:09 - process[0] - dev - epoch 13 - mAP: 0.617 w/ 31 queries
00:52:09 - removing file tmp_5f/mbert-long_enes_dev_0_13.txt
00:52:09 - removing file tmp_5f/mbert-long_enes_dev_7_13.txt
00:52:09 - removing file tmp_5f/mbert-long_enes_dev_1_13.txt
00:52:09 - removing file tmp_5f/mbert-long_enes_dev_6_13.txt
00:52:09 - removing file tmp_5f/mbert-long_enes_dev_9_13.txt
00:52:09 - removing file tmp_5f/mbert-long_enes_dev_4_13.txt
00:52:09 - removing file tmp_5f/mbert-long_enes_dev_8_13.txt
00:52:09 - removing file tmp_5f/mbert-long_enes_dev_3_13.txt
00:52:09 - removing file tmp_5f/mbert-long_enes_dev_2_13.txt
00:52:09 - removing file tmp_5f/mbert-long_enes_dev_5_13.txt
00:52:09 - process[0]: training epoch 14 ...
00:52:34 - process[0] - epoch 14 - train iter 432 - 20286.1 words/s - loss: 0.2531
00:52:34 - process[0]: evaluating epoch 14 on dev ...
00:52:57 - dev set during evaluation: 11550/11545
00:52:57 - process[0] - dev - epoch 14 - mAP: 0.595 w/ 31 queries
00:52:57 - removing file tmp_5f/mbert-long_enes_dev_9_14.txt
00:52:57 - removing file tmp_5f/mbert-long_enes_dev_3_14.txt
00:52:57 - removing file tmp_5f/mbert-long_enes_dev_2_14.txt
00:52:57 - removing file tmp_5f/mbert-long_enes_dev_4_14.txt
00:52:57 - removing file tmp_5f/mbert-long_enes_dev_5_14.txt
00:52:57 - removing file tmp_5f/mbert-long_enes_dev_8_14.txt
00:52:57 - removing file tmp_5f/mbert-long_enes_dev_0_14.txt
00:52:57 - removing file tmp_5f/mbert-long_enes_dev_6_14.txt
00:52:57 - removing file tmp_5f/mbert-long_enes_dev_7_14.txt
00:52:57 - removing file tmp_5f/mbert-long_enes_dev_1_14.txt
00:52:57 - process[0]: training epoch 15 ...
00:53:22 - process[0] - epoch 15 - train iter 432 - 20466.6 words/s - loss: 0.2622
00:53:22 - process[0]: evaluating epoch 15 on dev ...
00:53:45 - dev set during evaluation: 11550/11545
00:53:45 - process[0] - dev - epoch 15 - mAP: 0.599 w/ 31 queries
00:53:45 - removing file tmp_5f/mbert-long_enes_dev_5_15.txt
00:53:45 - removing file tmp_5f/mbert-long_enes_dev_4_15.txt
00:53:45 - removing file tmp_5f/mbert-long_enes_dev_0_15.txt
00:53:45 - removing file tmp_5f/mbert-long_enes_dev_3_15.txt
00:53:45 - removing file tmp_5f/mbert-long_enes_dev_8_15.txt
00:53:45 - removing file tmp_5f/mbert-long_enes_dev_7_15.txt
00:53:45 - removing file tmp_5f/mbert-long_enes_dev_1_15.txt
00:53:45 - removing file tmp_5f/mbert-long_enes_dev_6_15.txt
00:53:45 - removing file tmp_5f/mbert-long_enes_dev_9_15.txt
00:53:45 - removing file tmp_5f/mbert-long_enes_dev_2_15.txt
00:53:45 - process[0]: training epoch 16 ...
00:54:09 - process[0] - epoch 16 - train iter 432 - 20506.7 words/s - loss: 0.2475
00:54:09 - process[0]: evaluating epoch 16 on dev ...
00:54:32 - dev set during evaluation: 11550/11545
00:54:32 - process[0] - dev - epoch 16 - mAP: 0.628 w/ 31 queries
00:54:32 - removing file tmp_5f/mbert-long_enes_dev_2_16.txt
00:54:32 - removing file tmp_5f/mbert-long_enes_dev_1_16.txt
00:54:32 - removing file tmp_5f/mbert-long_enes_dev_7_16.txt
00:54:32 - removing file tmp_5f/mbert-long_enes_dev_6_16.txt
00:54:32 - removing file tmp_5f/mbert-long_enes_dev_0_16.txt
00:54:32 - removing file tmp_5f/mbert-long_enes_dev_5_16.txt
00:54:32 - removing file tmp_5f/mbert-long_enes_dev_8_16.txt
00:54:32 - removing file tmp_5f/mbert-long_enes_dev_9_16.txt
00:54:32 - removing file tmp_5f/mbert-long_enes_dev_4_16.txt
00:54:32 - removing file tmp_5f/mbert-long_enes_dev_3_16.txt
00:54:32 - process[0]: evaluating epoch 16 on test ...
00:54:55 - test set during evaluation: 11320/11315
00:54:55 - process[0] - test - epoch 16 - mAP: 0.648 w/ 31 queries
00:54:55 - removing file tmp_5f/mbert-long_enes_test_5_16.txt
00:54:55 - removing file tmp_5f/mbert-long_enes_test_1_16.txt
00:54:55 - removing file tmp_5f/mbert-long_enes_test_6_16.txt
00:54:55 - removing file tmp_5f/mbert-long_enes_test_3_16.txt
00:54:55 - removing file tmp_5f/mbert-long_enes_test_7_16.txt
00:54:55 - removing file tmp_5f/mbert-long_enes_test_0_16.txt
00:54:55 - removing file tmp_5f/mbert-long_enes_test_9_16.txt
00:54:55 - removing file tmp_5f/mbert-long_enes_test_2_16.txt
00:54:55 - removing file tmp_5f/mbert-long_enes_test_4_16.txt
00:54:55 - removing file tmp_5f/mbert-long_enes_test_8_16.txt
00:54:55 - process[0]: training epoch 17 ...
00:55:19 - process[0] - epoch 17 - train iter 432 - 20489.4 words/s - loss: 0.2325
00:55:19 - process[0]: evaluating epoch 17 on dev ...
00:55:42 - dev set during evaluation: 11550/11545
00:55:42 - process[0] - dev - epoch 17 - mAP: 0.623 w/ 31 queries
00:55:42 - removing file tmp_5f/mbert-long_enes_dev_8_17.txt
00:55:42 - removing file tmp_5f/mbert-long_enes_dev_4_17.txt
00:55:42 - removing file tmp_5f/mbert-long_enes_dev_9_17.txt
00:55:42 - removing file tmp_5f/mbert-long_enes_dev_6_17.txt
00:55:42 - removing file tmp_5f/mbert-long_enes_dev_5_17.txt
00:55:42 - removing file tmp_5f/mbert-long_enes_dev_0_17.txt
00:55:42 - removing file tmp_5f/mbert-long_enes_dev_1_17.txt
00:55:42 - removing file tmp_5f/mbert-long_enes_dev_3_17.txt
00:55:42 - removing file tmp_5f/mbert-long_enes_dev_7_17.txt
00:55:42 - removing file tmp_5f/mbert-long_enes_dev_2_17.txt
00:55:42 - process[0]: training epoch 18 ...
00:56:07 - process[0] - epoch 18 - train iter 432 - 20119.8 words/s - loss: 0.2313
00:56:07 - process[0]: evaluating epoch 18 on dev ...
00:56:30 - dev set during evaluation: 11550/11545
00:56:30 - process[0] - dev - epoch 18 - mAP: 0.603 w/ 31 queries
00:56:30 - removing file tmp_5f/mbert-long_enes_dev_8_18.txt
00:56:30 - removing file tmp_5f/mbert-long_enes_dev_0_18.txt
00:56:30 - removing file tmp_5f/mbert-long_enes_dev_5_18.txt
00:56:30 - removing file tmp_5f/mbert-long_enes_dev_2_18.txt
00:56:30 - removing file tmp_5f/mbert-long_enes_dev_4_18.txt
00:56:30 - removing file tmp_5f/mbert-long_enes_dev_3_18.txt
00:56:30 - removing file tmp_5f/mbert-long_enes_dev_6_18.txt
00:56:30 - removing file tmp_5f/mbert-long_enes_dev_9_18.txt
00:56:30 - removing file tmp_5f/mbert-long_enes_dev_7_18.txt
00:56:30 - removing file tmp_5f/mbert-long_enes_dev_1_18.txt
00:56:30 - process[0]: training epoch 19 ...
00:56:55 - process[0] - epoch 19 - train iter 432 - 20571.6 words/s - loss: 0.2472
00:56:55 - process[0]: evaluating epoch 19 on dev ...
00:57:17 - dev set during evaluation: 11550/11545
00:57:17 - process[0] - dev - epoch 19 - mAP: 0.626 w/ 31 queries
00:57:17 - removing file tmp_5f/mbert-long_enes_dev_1_19.txt
00:57:17 - removing file tmp_5f/mbert-long_enes_dev_7_19.txt
00:57:17 - removing file tmp_5f/mbert-long_enes_dev_5_19.txt
00:57:17 - removing file tmp_5f/mbert-long_enes_dev_8_19.txt
00:57:17 - removing file tmp_5f/mbert-long_enes_dev_6_19.txt
00:57:17 - removing file tmp_5f/mbert-long_enes_dev_3_19.txt
00:57:17 - removing file tmp_5f/mbert-long_enes_dev_4_19.txt
00:57:17 - removing file tmp_5f/mbert-long_enes_dev_9_19.txt
00:57:17 - removing file tmp_5f/mbert-long_enes_dev_2_19.txt
00:57:17 - removing file tmp_5f/mbert-long_enes_dev_0_19.txt
00:57:17 - [fold 4] best test MAP: 0.648 @ epoch 16
00:57:17 - Evaluating every 1 epochs ...
00:57:17 - reading data from /mnt/home/puxuan/CLIR-project/Evaluation_data/process-clef/uncased
00:57:19 - test has 31 queries ...
00:57:19 - Data reading done ...
00:57:20 - adding 9-th encoder to optimizer...
00:57:20 - adding 10-th encoder to optimizer...
00:57:20 - adding 11-th encoder to optimizer...
00:57:21 - process[0]: training epoch 0 ...
00:57:46 - process[0] - epoch 0 - train iter 437 - 21047.2 words/s - loss: 0.4957
00:57:46 - process[0]: training epoch 1 ...
00:58:11 - process[0] - epoch 1 - train iter 437 - 20094.1 words/s - loss: 0.4325
00:58:11 - process[0]: training epoch 2 ...
00:58:37 - process[0] - epoch 2 - train iter 437 - 20614.3 words/s - loss: 0.3537
00:58:37 - process[0]: training epoch 3 ...
00:59:02 - process[0] - epoch 3 - train iter 437 - 20757.3 words/s - loss: 0.3569
00:59:02 - process[0]: training epoch 4 ...
00:59:27 - process[0] - epoch 4 - train iter 437 - 20707.7 words/s - loss: 0.3393
00:59:27 - process[0]: training epoch 5 ...
00:59:52 - process[0] - epoch 5 - train iter 437 - 20961.0 words/s - loss: 0.3373
00:59:52 - process[0]: training epoch 6 ...
01:00:17 - process[0] - epoch 6 - train iter 437 - 20630.4 words/s - loss: 0.2945
01:00:17 - process[0]: training epoch 7 ...
01:00:43 - process[0] - epoch 7 - train iter 437 - 20977.8 words/s - loss: 0.2959
01:00:43 - process[0]: training epoch 8 ...
01:01:08 - process[0] - epoch 8 - train iter 437 - 20498.4 words/s - loss: 0.2579
01:01:08 - process[0]: training epoch 9 ...
01:01:33 - process[0] - epoch 9 - train iter 437 - 20721.7 words/s - loss: 0.2621
01:01:33 - process[0]: training epoch 10 ...
01:01:58 - process[0] - epoch 10 - train iter 437 - 20729.7 words/s - loss: 0.2987
01:01:58 - process[0]: evaluating epoch 10 on dev ...
01:02:23 - dev set during evaluation: 11320/11315
01:02:23 - process[0] - dev - epoch 10 - mAP: 0.639 w/ 31 queries
01:02:23 - removing file tmp_5f/mbert-long_enes_dev_3_10.txt
01:02:23 - removing file tmp_5f/mbert-long_enes_dev_6_10.txt
01:02:23 - removing file tmp_5f/mbert-long_enes_dev_4_10.txt
01:02:23 - removing file tmp_5f/mbert-long_enes_dev_8_10.txt
01:02:23 - removing file tmp_5f/mbert-long_enes_dev_5_10.txt
01:02:23 - removing file tmp_5f/mbert-long_enes_dev_7_10.txt
01:02:23 - removing file tmp_5f/mbert-long_enes_dev_1_10.txt
01:02:23 - removing file tmp_5f/mbert-long_enes_dev_2_10.txt
01:02:23 - removing file tmp_5f/mbert-long_enes_dev_0_10.txt
01:02:23 - removing file tmp_5f/mbert-long_enes_dev_9_10.txt
01:02:23 - process[0]: evaluating epoch 10 on test ...
01:02:44 - process[0] - test - epoch 10 - mAP: 0.560 w/ 31 queries
01:02:44 - removing file tmp_5f/mbert-long_enes_test_8_10.txt
01:02:44 - removing file tmp_5f/mbert-long_enes_test_7_10.txt
01:02:44 - removing file tmp_5f/mbert-long_enes_test_1_10.txt
01:02:44 - removing file tmp_5f/mbert-long_enes_test_4_10.txt
01:02:44 - removing file tmp_5f/mbert-long_enes_test_5_10.txt
01:02:44 - removing file tmp_5f/mbert-long_enes_test_3_10.txt
01:02:44 - removing file tmp_5f/mbert-long_enes_test_6_10.txt
01:02:44 - removing file tmp_5f/mbert-long_enes_test_9_10.txt
01:02:44 - removing file tmp_5f/mbert-long_enes_test_0_10.txt
01:02:44 - removing file tmp_5f/mbert-long_enes_test_2_10.txt
01:02:44 - process[0]: training epoch 11 ...
01:03:09 - process[0] - epoch 11 - train iter 437 - 20393.6 words/s - loss: 0.2749
01:03:09 - process[0]: evaluating epoch 11 on dev ...
01:03:32 - dev set during evaluation: 11320/11315
01:03:32 - process[0] - dev - epoch 11 - mAP: 0.644 w/ 31 queries
01:03:32 - removing file tmp_5f/mbert-long_enes_dev_3_11.txt
01:03:32 - removing file tmp_5f/mbert-long_enes_dev_1_11.txt
01:03:32 - removing file tmp_5f/mbert-long_enes_dev_0_11.txt
01:03:32 - removing file tmp_5f/mbert-long_enes_dev_5_11.txt
01:03:32 - removing file tmp_5f/mbert-long_enes_dev_8_11.txt
01:03:32 - removing file tmp_5f/mbert-long_enes_dev_6_11.txt
01:03:32 - removing file tmp_5f/mbert-long_enes_dev_2_11.txt
01:03:32 - removing file tmp_5f/mbert-long_enes_dev_7_11.txt
01:03:32 - removing file tmp_5f/mbert-long_enes_dev_4_11.txt
01:03:32 - removing file tmp_5f/mbert-long_enes_dev_9_11.txt
01:03:32 - process[0]: evaluating epoch 11 on test ...
01:03:53 - process[0] - test - epoch 11 - mAP: 0.542 w/ 31 queries
01:03:53 - removing file tmp_5f/mbert-long_enes_test_2_11.txt
01:03:53 - removing file tmp_5f/mbert-long_enes_test_3_11.txt
01:03:53 - removing file tmp_5f/mbert-long_enes_test_1_11.txt
01:03:53 - removing file tmp_5f/mbert-long_enes_test_7_11.txt
01:03:53 - removing file tmp_5f/mbert-long_enes_test_9_11.txt
01:03:53 - removing file tmp_5f/mbert-long_enes_test_4_11.txt
01:03:53 - removing file tmp_5f/mbert-long_enes_test_6_11.txt
01:03:53 - removing file tmp_5f/mbert-long_enes_test_0_11.txt
01:03:53 - removing file tmp_5f/mbert-long_enes_test_5_11.txt
01:03:53 - removing file tmp_5f/mbert-long_enes_test_8_11.txt
01:03:53 - process[0]: training epoch 12 ...
01:04:19 - process[0] - epoch 12 - train iter 437 - 20535.6 words/s - loss: 0.2564
01:04:19 - process[0]: evaluating epoch 12 on dev ...
01:04:41 - dev set during evaluation: 11320/11315
01:04:41 - process[0] - dev - epoch 12 - mAP: 0.640 w/ 31 queries
01:04:41 - removing file tmp_5f/mbert-long_enes_dev_1_12.txt
01:04:41 - removing file tmp_5f/mbert-long_enes_dev_4_12.txt
01:04:41 - removing file tmp_5f/mbert-long_enes_dev_9_12.txt
01:04:41 - removing file tmp_5f/mbert-long_enes_dev_2_12.txt
01:04:41 - removing file tmp_5f/mbert-long_enes_dev_0_12.txt
01:04:41 - removing file tmp_5f/mbert-long_enes_dev_6_12.txt
01:04:41 - removing file tmp_5f/mbert-long_enes_dev_5_12.txt
01:04:41 - removing file tmp_5f/mbert-long_enes_dev_8_12.txt
01:04:41 - removing file tmp_5f/mbert-long_enes_dev_3_12.txt
01:04:41 - removing file tmp_5f/mbert-long_enes_dev_7_12.txt
01:04:41 - process[0]: training epoch 13 ...
01:05:06 - process[0] - epoch 13 - train iter 437 - 20574.3 words/s - loss: 0.2482
01:05:06 - process[0]: evaluating epoch 13 on dev ...
01:05:28 - dev set during evaluation: 11320/11315
01:05:28 - process[0] - dev - epoch 13 - mAP: 0.649 w/ 31 queries
01:05:28 - removing file tmp_5f/mbert-long_enes_dev_0_13.txt
01:05:28 - removing file tmp_5f/mbert-long_enes_dev_7_13.txt
01:05:28 - removing file tmp_5f/mbert-long_enes_dev_1_13.txt
01:05:28 - removing file tmp_5f/mbert-long_enes_dev_6_13.txt
01:05:28 - removing file tmp_5f/mbert-long_enes_dev_9_13.txt
01:05:28 - removing file tmp_5f/mbert-long_enes_dev_4_13.txt
01:05:28 - removing file tmp_5f/mbert-long_enes_dev_8_13.txt
01:05:28 - removing file tmp_5f/mbert-long_enes_dev_3_13.txt
01:05:28 - removing file tmp_5f/mbert-long_enes_dev_2_13.txt
01:05:28 - removing file tmp_5f/mbert-long_enes_dev_5_13.txt
01:05:28 - process[0]: evaluating epoch 13 on test ...
01:05:50 - process[0] - test - epoch 13 - mAP: 0.565 w/ 31 queries
01:05:50 - removing file tmp_5f/mbert-long_enes_test_5_13.txt
01:05:50 - removing file tmp_5f/mbert-long_enes_test_8_13.txt
01:05:50 - removing file tmp_5f/mbert-long_enes_test_4_13.txt
01:05:50 - removing file tmp_5f/mbert-long_enes_test_7_13.txt
01:05:50 - removing file tmp_5f/mbert-long_enes_test_1_13.txt
01:05:50 - removing file tmp_5f/mbert-long_enes_test_6_13.txt
01:05:50 - removing file tmp_5f/mbert-long_enes_test_3_13.txt
01:05:50 - removing file tmp_5f/mbert-long_enes_test_2_13.txt
01:05:50 - removing file tmp_5f/mbert-long_enes_test_0_13.txt
01:05:50 - removing file tmp_5f/mbert-long_enes_test_9_13.txt
01:05:50 - process[0]: training epoch 14 ...
01:06:15 - process[0] - epoch 14 - train iter 437 - 20386.9 words/s - loss: 0.2217
01:06:15 - process[0]: evaluating epoch 14 on dev ...
01:06:38 - dev set during evaluation: 11320/11315
01:06:38 - process[0] - dev - epoch 14 - mAP: 0.646 w/ 31 queries
01:06:38 - removing file tmp_5f/mbert-long_enes_dev_9_14.txt
01:06:38 - removing file tmp_5f/mbert-long_enes_dev_3_14.txt
01:06:38 - removing file tmp_5f/mbert-long_enes_dev_2_14.txt
01:06:38 - removing file tmp_5f/mbert-long_enes_dev_4_14.txt
01:06:38 - removing file tmp_5f/mbert-long_enes_dev_5_14.txt
01:06:38 - removing file tmp_5f/mbert-long_enes_dev_8_14.txt
01:06:38 - removing file tmp_5f/mbert-long_enes_dev_0_14.txt
01:06:38 - removing file tmp_5f/mbert-long_enes_dev_6_14.txt
01:06:38 - removing file tmp_5f/mbert-long_enes_dev_7_14.txt
01:06:38 - removing file tmp_5f/mbert-long_enes_dev_1_14.txt
01:06:38 - process[0]: training epoch 15 ...
01:07:03 - process[0] - epoch 15 - train iter 437 - 20269.1 words/s - loss: 0.2540
01:07:03 - process[0]: evaluating epoch 15 on dev ...
01:07:25 - dev set during evaluation: 11320/11315
01:07:25 - process[0] - dev - epoch 15 - mAP: 0.662 w/ 31 queries
01:07:25 - removing file tmp_5f/mbert-long_enes_dev_5_15.txt
01:07:25 - removing file tmp_5f/mbert-long_enes_dev_4_15.txt
01:07:25 - removing file tmp_5f/mbert-long_enes_dev_0_15.txt
01:07:25 - removing file tmp_5f/mbert-long_enes_dev_3_15.txt
01:07:25 - removing file tmp_5f/mbert-long_enes_dev_8_15.txt
01:07:25 - removing file tmp_5f/mbert-long_enes_dev_7_15.txt
01:07:25 - removing file tmp_5f/mbert-long_enes_dev_1_15.txt
01:07:25 - removing file tmp_5f/mbert-long_enes_dev_6_15.txt
01:07:25 - removing file tmp_5f/mbert-long_enes_dev_9_15.txt
01:07:25 - removing file tmp_5f/mbert-long_enes_dev_2_15.txt
01:07:25 - process[0]: evaluating epoch 15 on test ...
01:07:47 - process[0] - test - epoch 15 - mAP: 0.556 w/ 31 queries
01:07:47 - removing file tmp_5f/mbert-long_enes_test_3_15.txt
01:07:47 - removing file tmp_5f/mbert-long_enes_test_8_15.txt
01:07:47 - removing file tmp_5f/mbert-long_enes_test_5_15.txt
01:07:47 - removing file tmp_5f/mbert-long_enes_test_6_15.txt
01:07:47 - removing file tmp_5f/mbert-long_enes_test_9_15.txt
01:07:47 - removing file tmp_5f/mbert-long_enes_test_7_15.txt
01:07:47 - removing file tmp_5f/mbert-long_enes_test_2_15.txt
01:07:47 - removing file tmp_5f/mbert-long_enes_test_1_15.txt
01:07:47 - removing file tmp_5f/mbert-long_enes_test_0_15.txt
01:07:47 - removing file tmp_5f/mbert-long_enes_test_4_15.txt
01:07:47 - process[0]: training epoch 16 ...
01:08:12 - process[0] - epoch 16 - train iter 437 - 21006.3 words/s - loss: 0.2182
01:08:12 - process[0]: evaluating epoch 16 on dev ...
01:08:34 - dev set during evaluation: 11320/11315
01:08:34 - process[0] - dev - epoch 16 - mAP: 0.660 w/ 31 queries
01:08:34 - removing file tmp_5f/mbert-long_enes_dev_2_16.txt
01:08:34 - removing file tmp_5f/mbert-long_enes_dev_1_16.txt
01:08:34 - removing file tmp_5f/mbert-long_enes_dev_7_16.txt
01:08:34 - removing file tmp_5f/mbert-long_enes_dev_6_16.txt
01:08:34 - removing file tmp_5f/mbert-long_enes_dev_0_16.txt
01:08:34 - removing file tmp_5f/mbert-long_enes_dev_5_16.txt
01:08:34 - removing file tmp_5f/mbert-long_enes_dev_8_16.txt
01:08:34 - removing file tmp_5f/mbert-long_enes_dev_9_16.txt
01:08:34 - removing file tmp_5f/mbert-long_enes_dev_4_16.txt
01:08:34 - removing file tmp_5f/mbert-long_enes_dev_3_16.txt
01:08:34 - process[0]: training epoch 17 ...
01:08:59 - process[0] - epoch 17 - train iter 437 - 20905.6 words/s - loss: 0.2277
01:08:59 - process[0]: evaluating epoch 17 on dev ...
01:09:22 - dev set during evaluation: 11320/11315
01:09:22 - process[0] - dev - epoch 17 - mAP: 0.659 w/ 31 queries
01:09:22 - removing file tmp_5f/mbert-long_enes_dev_8_17.txt
01:09:22 - removing file tmp_5f/mbert-long_enes_dev_4_17.txt
01:09:22 - removing file tmp_5f/mbert-long_enes_dev_9_17.txt
01:09:22 - removing file tmp_5f/mbert-long_enes_dev_6_17.txt
01:09:22 - removing file tmp_5f/mbert-long_enes_dev_5_17.txt
01:09:22 - removing file tmp_5f/mbert-long_enes_dev_0_17.txt
01:09:22 - removing file tmp_5f/mbert-long_enes_dev_1_17.txt
01:09:22 - removing file tmp_5f/mbert-long_enes_dev_3_17.txt
01:09:22 - removing file tmp_5f/mbert-long_enes_dev_7_17.txt
01:09:22 - removing file tmp_5f/mbert-long_enes_dev_2_17.txt
01:09:22 - process[0]: training epoch 18 ...
01:09:47 - process[0] - epoch 18 - train iter 437 - 20776.6 words/s - loss: 0.2039
01:09:47 - process[0]: evaluating epoch 18 on dev ...
01:10:09 - dev set during evaluation: 11320/11315
01:10:09 - process[0] - dev - epoch 18 - mAP: 0.661 w/ 31 queries
01:10:09 - removing file tmp_5f/mbert-long_enes_dev_8_18.txt
01:10:09 - removing file tmp_5f/mbert-long_enes_dev_0_18.txt
01:10:09 - removing file tmp_5f/mbert-long_enes_dev_5_18.txt
01:10:09 - removing file tmp_5f/mbert-long_enes_dev_2_18.txt
01:10:09 - removing file tmp_5f/mbert-long_enes_dev_4_18.txt
01:10:09 - removing file tmp_5f/mbert-long_enes_dev_3_18.txt
01:10:09 - removing file tmp_5f/mbert-long_enes_dev_6_18.txt
01:10:09 - removing file tmp_5f/mbert-long_enes_dev_9_18.txt
01:10:09 - removing file tmp_5f/mbert-long_enes_dev_7_18.txt
01:10:09 - removing file tmp_5f/mbert-long_enes_dev_1_18.txt
01:10:09 - process[0]: training epoch 19 ...
01:10:35 - process[0] - epoch 19 - train iter 437 - 20682.3 words/s - loss: 0.2199
01:10:35 - process[0]: evaluating epoch 19 on dev ...
01:10:57 - dev set during evaluation: 11320/11315
01:10:57 - process[0] - dev - epoch 19 - mAP: 0.649 w/ 31 queries
01:10:57 - removing file tmp_5f/mbert-long_enes_dev_1_19.txt
01:10:57 - removing file tmp_5f/mbert-long_enes_dev_7_19.txt
01:10:57 - removing file tmp_5f/mbert-long_enes_dev_5_19.txt
01:10:57 - removing file tmp_5f/mbert-long_enes_dev_8_19.txt
01:10:57 - removing file tmp_5f/mbert-long_enes_dev_6_19.txt
01:10:57 - removing file tmp_5f/mbert-long_enes_dev_3_19.txt
01:10:57 - removing file tmp_5f/mbert-long_enes_dev_4_19.txt
01:10:57 - removing file tmp_5f/mbert-long_enes_dev_9_19.txt
01:10:57 - removing file tmp_5f/mbert-long_enes_dev_2_19.txt
01:10:57 - removing file tmp_5f/mbert-long_enes_dev_0_19.txt
01:10:57 - [fold 5] best test MAP: 0.556 @ epoch 15
01:10:57 - [0.6039017673495504, 0.6717486207649955, 0.6204901726477635, 0.6484331468620524, 0.5559735455615931]
01:10:57 - [31, 32, 31, 31, 31]
01:10:57 - final MAP: 0.620
00:00:06 - Namespace(apex_level='O2', batch_size=8, cased=False, dataset='clef', debug=False, encoder_lr=2e-05, eval_step=1, full_doc_length=True, local_rank=0, model_path='/mnt/scratch/puxuan/long_qlm-rr/2186740/huggingface-2', model_type='mbert-long', num_epochs=20, num_ft_encoders=3, num_neg=1, projector_lr=2e-05, seed=611, source_lang='en', target_lang='es')
