00:00:06 - Namespace(apex_level='O2', batch_size=8, cased=False, dataset='clef', debug=False, encoder_lr=2e-05, eval_step=1, full_doc_length=True, local_rank=2, model_path='/mnt/scratch/puxuan/short_qlm_0.45/2186793/huggingface-14', model_type='mbert', num_epochs=20, num_ft_encoders=3, num_neg=1, projector_lr=2e-05, seed=611, source_lang='en', target_lang='es')
00:00:14 - Evaluating every 1 epochs ...
00:00:14 - reading data from /mnt/home/puxuan/CLIR-project/Evaluation_data/process-clef/uncased
00:00:15 - test has 31 queries ...
00:00:15 - Data reading done ...
00:00:21 - adding 9-th encoder to optimizer...
00:00:21 - adding 10-th encoder to optimizer...
00:00:21 - adding 11-th encoder to optimizer...
00:00:22 - process[2]: training epoch 0 ...
00:00:38 - process[2] - epoch 0 - train iter 540 - 27809.7 words/s - loss: 0.5440
00:00:38 - process[2]: training epoch 1 ...
00:00:55 - process[2] - epoch 1 - train iter 540 - 28414.5 words/s - loss: 0.4345
00:00:55 - process[2]: training epoch 2 ...
00:01:11 - process[2] - epoch 2 - train iter 540 - 28401.1 words/s - loss: 0.4033
00:01:11 - process[2]: training epoch 3 ...
00:01:28 - process[2] - epoch 3 - train iter 540 - 28478.8 words/s - loss: 0.3695
00:01:28 - process[2]: training epoch 4 ...
00:01:44 - process[2] - epoch 4 - train iter 540 - 28509.1 words/s - loss: 0.3870
00:01:44 - process[2]: training epoch 5 ...
00:02:00 - process[2] - epoch 5 - train iter 540 - 28694.4 words/s - loss: 0.3639
00:02:00 - process[2]: training epoch 6 ...
00:02:17 - process[2] - epoch 6 - train iter 540 - 28253.7 words/s - loss: 0.3512
00:02:17 - process[2]: training epoch 7 ...
00:02:33 - process[2] - epoch 7 - train iter 540 - 28226.0 words/s - loss: 0.3329
00:02:33 - process[2]: training epoch 8 ...
00:02:49 - process[2] - epoch 8 - train iter 540 - 28293.4 words/s - loss: 0.3035
00:02:49 - process[2]: training epoch 9 ...
00:03:06 - process[2] - epoch 9 - train iter 540 - 28318.4 words/s - loss: 0.3206
00:03:06 - process[2]: training epoch 10 ...
00:03:22 - process[2] - epoch 10 - train iter 540 - 28659.6 words/s - loss: 0.3387
00:03:22 - process[2]: evaluating epoch 10 on dev ...
00:03:38 - process[2] - dev - epoch 10 - mAP: 0.508 w/ 31 queries
00:03:38 - process[2]: evaluating epoch 10 on test ...
00:03:52 - test set during evaluation: 11460/11458
00:03:52 - process[2] - test - epoch 10 - mAP: 0.530 w/ 31 queries
00:03:52 - process[2]: training epoch 11 ...
00:04:09 - process[2] - epoch 11 - train iter 540 - 28397.7 words/s - loss: 0.2951
00:04:09 - process[2]: evaluating epoch 11 on dev ...
00:04:22 - process[2] - dev - epoch 11 - mAP: 0.529 w/ 31 queries
00:04:22 - process[2]: evaluating epoch 11 on test ...
00:04:36 - test set during evaluation: 11460/11458
00:04:36 - process[2] - test - epoch 11 - mAP: 0.526 w/ 31 queries
00:04:37 - process[2]: training epoch 12 ...
00:04:53 - process[2] - epoch 12 - train iter 540 - 28530.6 words/s - loss: 0.2985
00:04:53 - process[2]: evaluating epoch 12 on dev ...
00:05:06 - process[2] - dev - epoch 12 - mAP: 0.515 w/ 31 queries
00:05:06 - process[2]: training epoch 13 ...
00:05:22 - process[2] - epoch 13 - train iter 540 - 28639.9 words/s - loss: 0.3152
00:05:22 - process[2]: evaluating epoch 13 on dev ...
00:05:36 - process[2] - dev - epoch 13 - mAP: 0.521 w/ 31 queries
00:05:36 - process[2]: training epoch 14 ...
00:05:53 - process[2] - epoch 14 - train iter 540 - 28281.4 words/s - loss: 0.2990
00:05:53 - process[2]: evaluating epoch 14 on dev ...
00:06:06 - process[2] - dev - epoch 14 - mAP: 0.513 w/ 31 queries
00:06:06 - process[2]: training epoch 15 ...
00:06:23 - process[2] - epoch 15 - train iter 540 - 28551.8 words/s - loss: 0.2555
00:06:23 - process[2]: evaluating epoch 15 on dev ...
00:06:36 - process[2] - dev - epoch 15 - mAP: 0.499 w/ 31 queries
00:06:36 - process[2]: training epoch 16 ...
00:06:52 - process[2] - epoch 16 - train iter 540 - 28388.2 words/s - loss: 0.2799
00:06:52 - process[2]: evaluating epoch 16 on dev ...
00:07:06 - process[2] - dev - epoch 16 - mAP: 0.488 w/ 31 queries
00:07:06 - process[2]: training epoch 17 ...
00:07:22 - process[2] - epoch 17 - train iter 540 - 28936.3 words/s - loss: 0.2832
00:07:22 - process[2]: evaluating epoch 17 on dev ...
00:07:36 - process[2] - dev - epoch 17 - mAP: 0.497 w/ 31 queries
00:07:36 - process[2]: training epoch 18 ...
00:07:52 - process[2] - epoch 18 - train iter 540 - 28322.7 words/s - loss: 0.2635
00:07:52 - process[2]: evaluating epoch 18 on dev ...
00:08:06 - process[2] - dev - epoch 18 - mAP: 0.491 w/ 31 queries
00:08:06 - process[2]: training epoch 19 ...
00:08:22 - process[2] - epoch 19 - train iter 540 - 28669.2 words/s - loss: 0.2621
00:08:22 - process[2]: evaluating epoch 19 on dev ...
00:08:36 - process[2] - dev - epoch 19 - mAP: 0.503 w/ 31 queries
00:08:36 - [fold 1] best test MAP: 0.526 @ epoch 11
00:08:36 - Evaluating every 1 epochs ...
00:08:36 - reading data from /mnt/home/puxuan/CLIR-project/Evaluation_data/process-clef/uncased
00:08:37 - test has 32 queries ...
00:08:37 - Data reading done ...
00:08:39 - adding 9-th encoder to optimizer...
00:08:39 - adding 10-th encoder to optimizer...
00:08:39 - adding 11-th encoder to optimizer...
00:08:39 - process[2]: training epoch 0 ...
00:08:54 - process[2] - epoch 0 - train iter 492 - 28433.5 words/s - loss: 0.5187
00:08:54 - process[2]: training epoch 1 ...
00:09:09 - process[2] - epoch 1 - train iter 492 - 28374.9 words/s - loss: 0.4568
00:09:09 - process[2]: training epoch 2 ...
00:09:24 - process[2] - epoch 2 - train iter 492 - 28376.6 words/s - loss: 0.4235
00:09:24 - process[2]: training epoch 3 ...
00:09:40 - process[2] - epoch 3 - train iter 492 - 28173.2 words/s - loss: 0.4172
00:09:40 - process[2]: training epoch 4 ...
00:09:55 - process[2] - epoch 4 - train iter 492 - 27921.4 words/s - loss: 0.3883
00:09:55 - process[2]: training epoch 5 ...
00:10:10 - process[2] - epoch 5 - train iter 492 - 28295.3 words/s - loss: 0.3815
00:10:10 - process[2]: training epoch 6 ...
00:10:25 - process[2] - epoch 6 - train iter 492 - 28087.0 words/s - loss: 0.3754
00:10:25 - process[2]: training epoch 7 ...
00:10:40 - process[2] - epoch 7 - train iter 492 - 27329.1 words/s - loss: 0.3751
00:10:40 - process[2]: training epoch 8 ...
00:10:55 - process[2] - epoch 8 - train iter 492 - 27940.4 words/s - loss: 0.3477
00:10:55 - process[2]: training epoch 9 ...
00:11:11 - process[2] - epoch 9 - train iter 492 - 27763.4 words/s - loss: 0.3342
00:11:11 - process[2]: training epoch 10 ...
00:11:26 - process[2] - epoch 10 - train iter 492 - 27928.3 words/s - loss: 0.3605
00:11:26 - process[2]: evaluating epoch 10 on dev ...
00:11:43 - dev set during evaluation: 11460/11458
00:11:43 - process[2] - dev - epoch 10 - mAP: 0.505 w/ 31 queries
00:11:43 - process[2]: evaluating epoch 10 on test ...
00:11:58 - process[2] - test - epoch 10 - mAP: 0.572 w/ 32 queries
00:11:58 - process[2]: training epoch 11 ...
00:12:13 - process[2] - epoch 11 - train iter 492 - 27979.6 words/s - loss: 0.3067
00:12:13 - process[2]: evaluating epoch 11 on dev ...
00:12:28 - dev set during evaluation: 11460/11458
00:12:28 - process[2] - dev - epoch 11 - mAP: 0.498 w/ 31 queries
00:12:28 - process[2]: training epoch 12 ...
00:12:43 - process[2] - epoch 12 - train iter 492 - 27795.4 words/s - loss: 0.3295
00:12:43 - process[2]: evaluating epoch 12 on dev ...
00:12:57 - dev set during evaluation: 11460/11458
00:12:57 - process[2] - dev - epoch 12 - mAP: 0.529 w/ 31 queries
00:12:57 - process[2]: evaluating epoch 12 on test ...
00:13:12 - process[2] - test - epoch 12 - mAP: 0.579 w/ 32 queries
00:13:12 - process[2]: training epoch 13 ...
00:13:27 - process[2] - epoch 13 - train iter 492 - 28417.9 words/s - loss: 0.2736
00:13:27 - process[2]: evaluating epoch 13 on dev ...
00:13:41 - dev set during evaluation: 11460/11458
00:13:41 - process[2] - dev - epoch 13 - mAP: 0.523 w/ 31 queries
00:13:41 - process[2]: training epoch 14 ...
00:13:56 - process[2] - epoch 14 - train iter 492 - 28051.1 words/s - loss: 0.3170
00:13:56 - process[2]: evaluating epoch 14 on dev ...
00:14:11 - dev set during evaluation: 11460/11458
00:14:11 - process[2] - dev - epoch 14 - mAP: 0.522 w/ 31 queries
00:14:11 - process[2]: training epoch 15 ...
00:14:26 - process[2] - epoch 15 - train iter 492 - 28028.9 words/s - loss: 0.2767
00:14:26 - process[2]: evaluating epoch 15 on dev ...
00:14:40 - dev set during evaluation: 11460/11458
00:14:40 - process[2] - dev - epoch 15 - mAP: 0.523 w/ 31 queries
00:14:40 - process[2]: training epoch 16 ...
00:14:56 - process[2] - epoch 16 - train iter 492 - 27794.0 words/s - loss: 0.3224
00:14:56 - process[2]: evaluating epoch 16 on dev ...
00:15:10 - dev set during evaluation: 11460/11458
00:15:10 - process[2] - dev - epoch 16 - mAP: 0.514 w/ 31 queries
00:15:10 - process[2]: training epoch 17 ...
00:15:25 - process[2] - epoch 17 - train iter 492 - 28412.3 words/s - loss: 0.2714
00:15:25 - process[2]: evaluating epoch 17 on dev ...
00:15:39 - dev set during evaluation: 11460/11458
00:15:39 - process[2] - dev - epoch 17 - mAP: 0.513 w/ 31 queries
00:15:39 - process[2]: training epoch 18 ...
00:15:54 - process[2] - epoch 18 - train iter 492 - 27981.6 words/s - loss: 0.2985
00:15:54 - process[2]: evaluating epoch 18 on dev ...
00:16:08 - dev set during evaluation: 11460/11458
00:16:08 - process[2] - dev - epoch 18 - mAP: 0.511 w/ 31 queries
00:16:08 - process[2]: training epoch 19 ...
00:16:23 - process[2] - epoch 19 - train iter 492 - 27959.8 words/s - loss: 0.2807
00:16:23 - process[2]: evaluating epoch 19 on dev ...
00:16:38 - dev set during evaluation: 11460/11458
00:16:38 - process[2] - dev - epoch 19 - mAP: 0.498 w/ 31 queries
00:16:38 - [fold 2] best test MAP: 0.579 @ epoch 12
00:16:38 - Evaluating every 1 epochs ...
00:16:38 - reading data from /mnt/home/puxuan/CLIR-project/Evaluation_data/process-clef/uncased
00:16:39 - test has 31 queries ...
00:16:39 - Data reading done ...
00:16:41 - adding 9-th encoder to optimizer...
00:16:41 - adding 10-th encoder to optimizer...
00:16:41 - adding 11-th encoder to optimizer...
00:16:41 - process[2]: training epoch 0 ...
00:16:56 - process[2] - epoch 0 - train iter 476 - 27967.8 words/s - loss: 0.5219
00:16:56 - process[2]: training epoch 1 ...
00:17:10 - process[2] - epoch 1 - train iter 476 - 28362.7 words/s - loss: 0.4745
00:17:10 - process[2]: training epoch 2 ...
00:17:25 - process[2] - epoch 2 - train iter 476 - 28132.5 words/s - loss: 0.4038
00:17:25 - process[2]: training epoch 3 ...
00:17:39 - process[2] - epoch 3 - train iter 476 - 28173.8 words/s - loss: 0.3861
00:17:39 - process[2]: training epoch 4 ...
00:17:54 - process[2] - epoch 4 - train iter 476 - 28017.7 words/s - loss: 0.3557
00:17:54 - process[2]: training epoch 5 ...
00:18:08 - process[2] - epoch 5 - train iter 476 - 28295.3 words/s - loss: 0.3347
00:18:08 - process[2]: training epoch 6 ...
00:18:23 - process[2] - epoch 6 - train iter 476 - 27954.6 words/s - loss: 0.3692
00:18:23 - process[2]: training epoch 7 ...
00:18:38 - process[2] - epoch 7 - train iter 476 - 28080.3 words/s - loss: 0.3645
00:18:38 - process[2]: training epoch 8 ...
00:18:52 - process[2] - epoch 8 - train iter 476 - 28190.0 words/s - loss: 0.3062
00:18:52 - process[2]: training epoch 9 ...
00:19:07 - process[2] - epoch 9 - train iter 476 - 28099.2 words/s - loss: 0.3525
00:19:07 - process[2]: training epoch 10 ...
00:19:22 - process[2] - epoch 10 - train iter 476 - 28447.2 words/s - loss: 0.3254
00:19:22 - process[2]: evaluating epoch 10 on dev ...
00:19:40 - process[2] - dev - epoch 10 - mAP: 0.579 w/ 32 queries
00:19:40 - process[2]: evaluating epoch 10 on test ...
00:19:55 - test set during evaluation: 11550/11545
00:19:55 - process[2] - test - epoch 10 - mAP: 0.559 w/ 31 queries
00:19:55 - process[2]: training epoch 11 ...
00:20:09 - process[2] - epoch 11 - train iter 476 - 27974.9 words/s - loss: 0.2869
00:20:09 - process[2]: evaluating epoch 11 on dev ...
00:20:25 - process[2] - dev - epoch 11 - mAP: 0.563 w/ 32 queries
00:20:25 - process[2]: training epoch 12 ...
00:20:39 - process[2] - epoch 12 - train iter 476 - 28279.6 words/s - loss: 0.3317
00:20:39 - process[2]: evaluating epoch 12 on dev ...
00:20:55 - process[2] - dev - epoch 12 - mAP: 0.581 w/ 32 queries
00:20:55 - process[2]: evaluating epoch 12 on test ...
00:21:10 - test set during evaluation: 11550/11545
00:21:10 - process[2] - test - epoch 12 - mAP: 0.556 w/ 31 queries
00:21:10 - process[2]: training epoch 13 ...
00:21:24 - process[2] - epoch 13 - train iter 476 - 28106.1 words/s - loss: 0.3529
00:21:24 - process[2]: evaluating epoch 13 on dev ...
00:21:40 - process[2] - dev - epoch 13 - mAP: 0.583 w/ 32 queries
00:21:40 - process[2]: evaluating epoch 13 on test ...
00:21:54 - test set during evaluation: 11550/11545
00:21:54 - process[2] - test - epoch 13 - mAP: 0.560 w/ 31 queries
00:21:54 - process[2]: training epoch 14 ...
00:22:09 - process[2] - epoch 14 - train iter 476 - 28317.4 words/s - loss: 0.2980
00:22:09 - process[2]: evaluating epoch 14 on dev ...
00:22:24 - process[2] - dev - epoch 14 - mAP: 0.570 w/ 32 queries
00:22:24 - process[2]: training epoch 15 ...
00:22:38 - process[2] - epoch 15 - train iter 476 - 28572.0 words/s - loss: 0.2935
00:22:38 - process[2]: evaluating epoch 15 on dev ...
00:22:53 - process[2] - dev - epoch 15 - mAP: 0.589 w/ 32 queries
00:22:53 - process[2]: evaluating epoch 15 on test ...
00:23:08 - test set during evaluation: 11550/11545
00:23:08 - process[2] - test - epoch 15 - mAP: 0.557 w/ 31 queries
00:23:08 - process[2]: training epoch 16 ...
00:23:23 - process[2] - epoch 16 - train iter 476 - 28223.0 words/s - loss: 0.3015
00:23:23 - process[2]: evaluating epoch 16 on dev ...
00:23:38 - process[2] - dev - epoch 16 - mAP: 0.580 w/ 32 queries
00:23:38 - process[2]: training epoch 17 ...
00:23:53 - process[2] - epoch 17 - train iter 476 - 28299.2 words/s - loss: 0.3052
00:23:53 - process[2]: evaluating epoch 17 on dev ...
00:24:08 - process[2] - dev - epoch 17 - mAP: 0.589 w/ 32 queries
00:24:08 - process[2]: evaluating epoch 17 on test ...
00:24:22 - test set during evaluation: 11550/11545
00:24:22 - process[2] - test - epoch 17 - mAP: 0.547 w/ 31 queries
00:24:22 - process[2]: training epoch 18 ...
00:24:37 - process[2] - epoch 18 - train iter 476 - 27937.7 words/s - loss: 0.2915
00:24:37 - process[2]: evaluating epoch 18 on dev ...
00:24:52 - process[2] - dev - epoch 18 - mAP: 0.595 w/ 32 queries
00:24:52 - process[2]: evaluating epoch 18 on test ...
00:25:07 - test set during evaluation: 11550/11545
00:25:07 - process[2] - test - epoch 18 - mAP: 0.553 w/ 31 queries
00:25:07 - process[2]: training epoch 19 ...
00:25:21 - process[2] - epoch 19 - train iter 476 - 28819.7 words/s - loss: 0.2823
00:25:21 - process[2]: evaluating epoch 19 on dev ...
00:25:37 - process[2] - dev - epoch 19 - mAP: 0.583 w/ 32 queries
00:25:37 - [fold 3] best test MAP: 0.553 @ epoch 18
00:25:37 - Evaluating every 1 epochs ...
00:25:37 - reading data from /mnt/home/puxuan/CLIR-project/Evaluation_data/process-clef/uncased
00:25:38 - test has 31 queries ...
00:25:38 - Data reading done ...
00:25:40 - adding 9-th encoder to optimizer...
00:25:40 - adding 10-th encoder to optimizer...
00:25:40 - adding 11-th encoder to optimizer...
00:25:40 - process[2]: training epoch 0 ...
00:25:54 - process[2] - epoch 0 - train iter 432 - 28265.0 words/s - loss: 0.5966
00:25:54 - process[2]: training epoch 1 ...
00:26:07 - process[2] - epoch 1 - train iter 432 - 28114.4 words/s - loss: 0.4607
00:26:07 - process[2]: training epoch 2 ...
00:26:20 - process[2] - epoch 2 - train iter 432 - 28235.5 words/s - loss: 0.4348
00:26:20 - process[2]: training epoch 3 ...
00:26:33 - process[2] - epoch 3 - train iter 432 - 28600.0 words/s - loss: 0.4342
00:26:33 - process[2]: training epoch 4 ...
00:26:47 - process[2] - epoch 4 - train iter 432 - 28185.4 words/s - loss: 0.3957
00:26:47 - process[2]: training epoch 5 ...
00:27:00 - process[2] - epoch 5 - train iter 432 - 28317.9 words/s - loss: 0.3551
00:27:00 - process[2]: training epoch 6 ...
00:27:13 - process[2] - epoch 6 - train iter 432 - 28541.7 words/s - loss: 0.3839
00:27:13 - process[2]: training epoch 7 ...
00:27:27 - process[2] - epoch 7 - train iter 432 - 28250.3 words/s - loss: 0.3526
00:27:27 - process[2]: training epoch 8 ...
00:27:40 - process[2] - epoch 8 - train iter 432 - 27938.4 words/s - loss: 0.3736
00:27:40 - process[2]: training epoch 9 ...
00:27:54 - process[2] - epoch 9 - train iter 432 - 28344.1 words/s - loss: 0.3488
00:27:54 - process[2]: training epoch 10 ...
00:28:07 - process[2] - epoch 10 - train iter 432 - 28261.3 words/s - loss: 0.3427
00:28:07 - process[2]: evaluating epoch 10 on dev ...
00:28:24 - dev set during evaluation: 11550/11545
00:28:24 - process[2] - dev - epoch 10 - mAP: 0.562 w/ 31 queries
00:28:24 - process[2]: evaluating epoch 10 on test ...
00:28:38 - test set during evaluation: 11320/11315
00:28:38 - process[2] - test - epoch 10 - mAP: 0.590 w/ 31 queries
00:28:38 - process[2]: training epoch 11 ...
00:28:51 - process[2] - epoch 11 - train iter 432 - 28341.9 words/s - loss: 0.3515
00:28:51 - process[2]: evaluating epoch 11 on dev ...
00:29:06 - dev set during evaluation: 11550/11545
00:29:06 - process[2] - dev - epoch 11 - mAP: 0.564 w/ 31 queries
00:29:06 - process[2]: evaluating epoch 11 on test ...
00:29:21 - test set during evaluation: 11320/11315
00:29:21 - process[2] - test - epoch 11 - mAP: 0.611 w/ 31 queries
00:29:21 - process[2]: training epoch 12 ...
00:29:34 - process[2] - epoch 12 - train iter 432 - 28410.5 words/s - loss: 0.3250
00:29:34 - process[2]: evaluating epoch 12 on dev ...
00:29:49 - dev set during evaluation: 11550/11545
00:29:49 - process[2] - dev - epoch 12 - mAP: 0.554 w/ 31 queries
00:29:49 - process[2]: training epoch 13 ...
00:30:03 - process[2] - epoch 13 - train iter 432 - 28500.2 words/s - loss: 0.2940
00:30:03 - process[2]: evaluating epoch 13 on dev ...
00:30:18 - dev set during evaluation: 11550/11545
00:30:18 - process[2] - dev - epoch 13 - mAP: 0.564 w/ 31 queries
00:30:18 - process[2]: training epoch 14 ...
00:30:31 - process[2] - epoch 14 - train iter 432 - 28371.3 words/s - loss: 0.3026
00:30:31 - process[2]: evaluating epoch 14 on dev ...
00:30:45 - dev set during evaluation: 11550/11545
00:30:46 - process[2] - dev - epoch 14 - mAP: 0.555 w/ 31 queries
00:30:46 - process[2]: training epoch 15 ...
00:30:59 - process[2] - epoch 15 - train iter 432 - 28238.1 words/s - loss: 0.2859
00:30:59 - process[2]: evaluating epoch 15 on dev ...
00:31:14 - dev set during evaluation: 11550/11545
00:31:14 - process[2] - dev - epoch 15 - mAP: 0.542 w/ 31 queries
00:31:14 - process[2]: training epoch 16 ...
00:31:27 - process[2] - epoch 16 - train iter 432 - 28188.9 words/s - loss: 0.3106
00:31:27 - process[2]: evaluating epoch 16 on dev ...
00:31:42 - dev set during evaluation: 11550/11545
00:31:42 - process[2] - dev - epoch 16 - mAP: 0.557 w/ 31 queries
00:31:42 - process[2]: training epoch 17 ...
00:31:55 - process[2] - epoch 17 - train iter 432 - 28254.3 words/s - loss: 0.3201
00:31:55 - process[2]: evaluating epoch 17 on dev ...
00:32:10 - dev set during evaluation: 11550/11545
00:32:10 - process[2] - dev - epoch 17 - mAP: 0.552 w/ 31 queries
00:32:10 - process[2]: training epoch 18 ...
00:32:23 - process[2] - epoch 18 - train iter 432 - 28027.5 words/s - loss: 0.2798
00:32:23 - process[2]: evaluating epoch 18 on dev ...
00:32:38 - dev set during evaluation: 11550/11545
00:32:38 - process[2] - dev - epoch 18 - mAP: 0.552 w/ 31 queries
00:32:38 - process[2]: training epoch 19 ...
00:32:51 - process[2] - epoch 19 - train iter 432 - 28747.8 words/s - loss: 0.2947
00:32:51 - process[2]: evaluating epoch 19 on dev ...
00:33:06 - dev set during evaluation: 11550/11545
00:33:06 - process[2] - dev - epoch 19 - mAP: 0.561 w/ 31 queries
00:33:06 - [fold 4] best test MAP: 0.611 @ epoch 11
00:33:06 - Evaluating every 1 epochs ...
00:33:06 - reading data from /mnt/home/puxuan/CLIR-project/Evaluation_data/process-clef/uncased
00:33:08 - test has 31 queries ...
00:33:08 - Data reading done ...
00:33:09 - adding 9-th encoder to optimizer...
00:33:09 - adding 10-th encoder to optimizer...
00:33:09 - adding 11-th encoder to optimizer...
00:33:10 - process[2]: training epoch 0 ...
00:33:23 - process[2] - epoch 0 - train iter 437 - 28185.3 words/s - loss: 0.5621
00:33:23 - process[2]: training epoch 1 ...
00:33:37 - process[2] - epoch 1 - train iter 437 - 27958.8 words/s - loss: 0.4730
00:33:37 - process[2]: training epoch 2 ...
00:33:51 - process[2] - epoch 2 - train iter 437 - 27968.6 words/s - loss: 0.4430
00:33:51 - process[2]: training epoch 3 ...
00:34:04 - process[2] - epoch 3 - train iter 437 - 27770.4 words/s - loss: 0.3858
00:34:04 - process[2]: training epoch 4 ...
00:34:18 - process[2] - epoch 4 - train iter 437 - 28019.3 words/s - loss: 0.4085
00:34:18 - process[2]: training epoch 5 ...
00:34:32 - process[2] - epoch 5 - train iter 437 - 28115.1 words/s - loss: 0.3726
00:34:32 - process[2]: training epoch 6 ...
00:34:45 - process[2] - epoch 6 - train iter 437 - 28205.4 words/s - loss: 0.3770
00:34:45 - process[2]: training epoch 7 ...
00:34:59 - process[2] - epoch 7 - train iter 437 - 28021.2 words/s - loss: 0.3621
00:34:59 - process[2]: training epoch 8 ...
00:35:12 - process[2] - epoch 8 - train iter 437 - 28093.5 words/s - loss: 0.3418
00:35:12 - process[2]: training epoch 9 ...
00:35:26 - process[2] - epoch 9 - train iter 437 - 28203.8 words/s - loss: 0.3750
00:35:26 - process[2]: training epoch 10 ...
00:35:39 - process[2] - epoch 10 - train iter 437 - 27989.8 words/s - loss: 0.3325
00:35:39 - process[2]: evaluating epoch 10 on dev ...
00:35:56 - dev set during evaluation: 11320/11315
00:35:56 - process[2] - dev - epoch 10 - mAP: 0.580 w/ 31 queries
00:35:56 - process[2]: evaluating epoch 10 on test ...
00:36:10 - process[2] - test - epoch 10 - mAP: 0.505 w/ 31 queries
00:36:10 - process[2]: training epoch 11 ...
00:36:23 - process[2] - epoch 11 - train iter 437 - 28216.8 words/s - loss: 0.3314
00:36:23 - process[2]: evaluating epoch 11 on dev ...
00:36:38 - dev set during evaluation: 11320/11315
00:36:38 - process[2] - dev - epoch 11 - mAP: 0.589 w/ 31 queries
00:36:38 - process[2]: evaluating epoch 11 on test ...
00:36:52 - process[2] - test - epoch 11 - mAP: 0.509 w/ 31 queries
00:36:52 - process[2]: training epoch 12 ...
00:37:05 - process[2] - epoch 12 - train iter 437 - 27435.4 words/s - loss: 0.2991
00:37:05 - process[2]: evaluating epoch 12 on dev ...
00:37:20 - dev set during evaluation: 11320/11315
00:37:20 - process[2] - dev - epoch 12 - mAP: 0.586 w/ 31 queries
00:37:20 - process[2]: training epoch 13 ...
00:37:33 - process[2] - epoch 13 - train iter 437 - 27980.2 words/s - loss: 0.3340
00:37:33 - process[2]: evaluating epoch 13 on dev ...
00:37:48 - dev set during evaluation: 11320/11315
00:37:48 - process[2] - dev - epoch 13 - mAP: 0.593 w/ 31 queries
00:37:48 - process[2]: evaluating epoch 13 on test ...
00:38:02 - process[2] - test - epoch 13 - mAP: 0.519 w/ 31 queries
00:38:02 - process[2]: training epoch 14 ...
00:38:15 - process[2] - epoch 14 - train iter 437 - 27622.6 words/s - loss: 0.2822
00:38:15 - process[2]: evaluating epoch 14 on dev ...
00:38:30 - dev set during evaluation: 11320/11315
00:38:30 - process[2] - dev - epoch 14 - mAP: 0.588 w/ 31 queries
00:38:30 - process[2]: training epoch 15 ...
00:38:44 - process[2] - epoch 15 - train iter 437 - 26543.1 words/s - loss: 0.3050
00:38:44 - process[2]: evaluating epoch 15 on dev ...
00:38:59 - dev set during evaluation: 11320/11315
00:38:59 - process[2] - dev - epoch 15 - mAP: 0.581 w/ 31 queries
00:38:59 - process[2]: training epoch 16 ...
00:39:13 - process[2] - epoch 16 - train iter 437 - 27306.1 words/s - loss: 0.2960
00:39:13 - process[2]: evaluating epoch 16 on dev ...
00:39:27 - dev set during evaluation: 11320/11315
00:39:27 - process[2] - dev - epoch 16 - mAP: 0.580 w/ 31 queries
00:39:27 - process[2]: training epoch 17 ...
00:39:40 - process[2] - epoch 17 - train iter 437 - 27990.0 words/s - loss: 0.2827
00:39:40 - process[2]: evaluating epoch 17 on dev ...
00:39:55 - dev set during evaluation: 11320/11315
00:39:55 - process[2] - dev - epoch 17 - mAP: 0.583 w/ 31 queries
00:39:55 - process[2]: training epoch 18 ...
00:40:08 - process[2] - epoch 18 - train iter 437 - 28155.4 words/s - loss: 0.3025
00:40:08 - process[2]: evaluating epoch 18 on dev ...
00:40:23 - dev set during evaluation: 11320/11315
00:40:23 - process[2] - dev - epoch 18 - mAP: 0.595 w/ 31 queries
00:40:23 - process[2]: evaluating epoch 18 on test ...
00:40:36 - process[2] - test - epoch 18 - mAP: 0.525 w/ 31 queries
00:40:36 - process[2]: training epoch 19 ...
00:40:50 - process[2] - epoch 19 - train iter 437 - 27927.6 words/s - loss: 0.2535
00:40:50 - process[2]: evaluating epoch 19 on dev ...
00:41:04 - dev set during evaluation: 11320/11315
00:41:04 - process[2] - dev - epoch 19 - mAP: 0.577 w/ 31 queries
00:41:04 - [fold 5] best test MAP: 0.525 @ epoch 18
00:41:04 - [0.5256940921411546, 0.5794723282583003, 0.5534978233917169, 0.6105871704615093, 0.5249717536025547]
00:41:04 - [31, 32, 31, 31, 31]
00:41:04 - final MAP: 0.559
