00:00:06 - Namespace(apex_level='O2', batch_size=8, cased=False, dataset='clef', debug=False, encoder_lr=2e-05, eval_step=1, full_doc_length=True, local_rank=4, model_path='/mnt/scratch/puxuan/long_qlm-rr/2186742/huggingface-3', model_type='mbert-long', num_epochs=20, num_ft_encoders=3, num_neg=1, projector_lr=2e-05, seed=611, source_lang='es', target_lang='de')
00:00:14 - BertLongForXLRetrieval(
  (bert): BertModel(
    (embeddings): BertEmbeddings(
      (word_embeddings): Embedding(105879, 768, padding_idx=0)
      (position_embeddings): Embedding(1024, 768)
      (token_type_embeddings): Embedding(2, 768)
      (LayerNorm): LayerNorm((768,), eps=1e-12, elementwise_affine=True)
      (dropout): Dropout(p=0.1, inplace=False)
    )
    (encoder): BertEncoder(
      (layer): ModuleList(
        (0): BertLayer(
          (attention): BertAttention(
            (self): LongformerSelfAttention(
              (query): Linear(in_features=768, out_features=768, bias=True)
              (key): Linear(in_features=768, out_features=768, bias=True)
              (value): Linear(in_features=768, out_features=768, bias=True)
              (query_global): Linear(in_features=768, out_features=768, bias=True)
              (key_global): Linear(in_features=768, out_features=768, bias=True)
              (value_global): Linear(in_features=768, out_features=768, bias=True)
            )
            (output): BertSelfOutput(
              (dense): Linear(in_features=768, out_features=768, bias=True)
              (LayerNorm): LayerNorm((768,), eps=1e-12, elementwise_affine=True)
              (dropout): Dropout(p=0.1, inplace=False)
            )
          )
          (intermediate): BertIntermediate(
            (dense): Linear(in_features=768, out_features=3072, bias=True)
          )
          (output): BertOutput(
            (dense): Linear(in_features=3072, out_features=768, bias=True)
            (LayerNorm): LayerNorm((768,), eps=1e-12, elementwise_affine=True)
            (dropout): Dropout(p=0.1, inplace=False)
          )
        )
        (1): BertLayer(
          (attention): BertAttention(
            (self): LongformerSelfAttention(
              (query): Linear(in_features=768, out_features=768, bias=True)
              (key): Linear(in_features=768, out_features=768, bias=True)
              (value): Linear(in_features=768, out_features=768, bias=True)
              (query_global): Linear(in_features=768, out_features=768, bias=True)
              (key_global): Linear(in_features=768, out_features=768, bias=True)
              (value_global): Linear(in_features=768, out_features=768, bias=True)
            )
            (output): BertSelfOutput(
              (dense): Linear(in_features=768, out_features=768, bias=True)
              (LayerNorm): LayerNorm((768,), eps=1e-12, elementwise_affine=True)
              (dropout): Dropout(p=0.1, inplace=False)
            )
          )
          (intermediate): BertIntermediate(
            (dense): Linear(in_features=768, out_features=3072, bias=True)
          )
          (output): BertOutput(
            (dense): Linear(in_features=3072, out_features=768, bias=True)
            (LayerNorm): LayerNorm((768,), eps=1e-12, elementwise_affine=True)
            (dropout): Dropout(p=0.1, inplace=False)
          )
        )
        (2): BertLayer(
          (attention): BertAttention(
            (self): LongformerSelfAttention(
              (query): Linear(in_features=768, out_features=768, bias=True)
              (key): Linear(in_features=768, out_features=768, bias=True)
              (value): Linear(in_features=768, out_features=768, bias=True)
              (query_global): Linear(in_features=768, out_features=768, bias=True)
              (key_global): Linear(in_features=768, out_features=768, bias=True)
              (value_global): Linear(in_features=768, out_features=768, bias=True)
            )
            (output): BertSelfOutput(
              (dense): Linear(in_features=768, out_features=768, bias=True)
              (LayerNorm): LayerNorm((768,), eps=1e-12, elementwise_affine=True)
              (dropout): Dropout(p=0.1, inplace=False)
            )
          )
          (intermediate): BertIntermediate(
            (dense): Linear(in_features=768, out_features=3072, bias=True)
          )
          (output): BertOutput(
            (dense): Linear(in_features=3072, out_features=768, bias=True)
            (LayerNorm): LayerNorm((768,), eps=1e-12, elementwise_affine=True)
            (dropout): Dropout(p=0.1, inplace=False)
          )
        )
        (3): BertLayer(
          (attention): BertAttention(
            (self): LongformerSelfAttention(
              (query): Linear(in_features=768, out_features=768, bias=True)
              (key): Linear(in_features=768, out_features=768, bias=True)
              (value): Linear(in_features=768, out_features=768, bias=True)
              (query_global): Linear(in_features=768, out_features=768, bias=True)
              (key_global): Linear(in_features=768, out_features=768, bias=True)
              (value_global): Linear(in_features=768, out_features=768, bias=True)
            )
            (output): BertSelfOutput(
              (dense): Linear(in_features=768, out_features=768, bias=True)
              (LayerNorm): LayerNorm((768,), eps=1e-12, elementwise_affine=True)
              (dropout): Dropout(p=0.1, inplace=False)
            )
          )
          (intermediate): BertIntermediate(
            (dense): Linear(in_features=768, out_features=3072, bias=True)
          )
          (output): BertOutput(
            (dense): Linear(in_features=3072, out_features=768, bias=True)
            (LayerNorm): LayerNorm((768,), eps=1e-12, elementwise_affine=True)
            (dropout): Dropout(p=0.1, inplace=False)
          )
        )
        (4): BertLayer(
          (attention): BertAttention(
            (self): LongformerSelfAttention(
              (query): Linear(in_features=768, out_features=768, bias=True)
              (key): Linear(in_features=768, out_features=768, bias=True)
              (value): Linear(in_features=768, out_features=768, bias=True)
              (query_global): Linear(in_features=768, out_features=768, bias=True)
              (key_global): Linear(in_features=768, out_features=768, bias=True)
              (value_global): Linear(in_features=768, out_features=768, bias=True)
            )
            (output): BertSelfOutput(
              (dense): Linear(in_features=768, out_features=768, bias=True)
              (LayerNorm): LayerNorm((768,), eps=1e-12, elementwise_affine=True)
              (dropout): Dropout(p=0.1, inplace=False)
            )
          )
          (intermediate): BertIntermediate(
            (dense): Linear(in_features=768, out_features=3072, bias=True)
          )
          (output): BertOutput(
            (dense): Linear(in_features=3072, out_features=768, bias=True)
            (LayerNorm): LayerNorm((768,), eps=1e-12, elementwise_affine=True)
            (dropout): Dropout(p=0.1, inplace=False)
          )
        )
        (5): BertLayer(
          (attention): BertAttention(
            (self): LongformerSelfAttention(
              (query): Linear(in_features=768, out_features=768, bias=True)
              (key): Linear(in_features=768, out_features=768, bias=True)
              (value): Linear(in_features=768, out_features=768, bias=True)
              (query_global): Linear(in_features=768, out_features=768, bias=True)
              (key_global): Linear(in_features=768, out_features=768, bias=True)
              (value_global): Linear(in_features=768, out_features=768, bias=True)
            )
            (output): BertSelfOutput(
              (dense): Linear(in_features=768, out_features=768, bias=True)
              (LayerNorm): LayerNorm((768,), eps=1e-12, elementwise_affine=True)
              (dropout): Dropout(p=0.1, inplace=False)
            )
          )
          (intermediate): BertIntermediate(
            (dense): Linear(in_features=768, out_features=3072, bias=True)
          )
          (output): BertOutput(
            (dense): Linear(in_features=3072, out_features=768, bias=True)
            (LayerNorm): LayerNorm((768,), eps=1e-12, elementwise_affine=True)
            (dropout): Dropout(p=0.1, inplace=False)
          )
        )
        (6): BertLayer(
          (attention): BertAttention(
            (self): LongformerSelfAttention(
              (query): Linear(in_features=768, out_features=768, bias=True)
              (key): Linear(in_features=768, out_features=768, bias=True)
              (value): Linear(in_features=768, out_features=768, bias=True)
              (query_global): Linear(in_features=768, out_features=768, bias=True)
              (key_global): Linear(in_features=768, out_features=768, bias=True)
              (value_global): Linear(in_features=768, out_features=768, bias=True)
            )
            (output): BertSelfOutput(
              (dense): Linear(in_features=768, out_features=768, bias=True)
              (LayerNorm): LayerNorm((768,), eps=1e-12, elementwise_affine=True)
              (dropout): Dropout(p=0.1, inplace=False)
            )
          )
          (intermediate): BertIntermediate(
            (dense): Linear(in_features=768, out_features=3072, bias=True)
          )
          (output): BertOutput(
            (dense): Linear(in_features=3072, out_features=768, bias=True)
            (LayerNorm): LayerNorm((768,), eps=1e-12, elementwise_affine=True)
            (dropout): Dropout(p=0.1, inplace=False)
          )
        )
        (7): BertLayer(
          (attention): BertAttention(
            (self): LongformerSelfAttention(
              (query): Linear(in_features=768, out_features=768, bias=True)
              (key): Linear(in_features=768, out_features=768, bias=True)
              (value): Linear(in_features=768, out_features=768, bias=True)
              (query_global): Linear(in_features=768, out_features=768, bias=True)
              (key_global): Linear(in_features=768, out_features=768, bias=True)
              (value_global): Linear(in_features=768, out_features=768, bias=True)
            )
            (output): BertSelfOutput(
              (dense): Linear(in_features=768, out_features=768, bias=True)
              (LayerNorm): LayerNorm((768,), eps=1e-12, elementwise_affine=True)
              (dropout): Dropout(p=0.1, inplace=False)
            )
          )
          (intermediate): BertIntermediate(
            (dense): Linear(in_features=768, out_features=3072, bias=True)
          )
          (output): BertOutput(
            (dense): Linear(in_features=3072, out_features=768, bias=True)
            (LayerNorm): LayerNorm((768,), eps=1e-12, elementwise_affine=True)
            (dropout): Dropout(p=0.1, inplace=False)
          )
        )
        (8): BertLayer(
          (attention): BertAttention(
            (self): LongformerSelfAttention(
              (query): Linear(in_features=768, out_features=768, bias=True)
              (key): Linear(in_features=768, out_features=768, bias=True)
              (value): Linear(in_features=768, out_features=768, bias=True)
              (query_global): Linear(in_features=768, out_features=768, bias=True)
              (key_global): Linear(in_features=768, out_features=768, bias=True)
              (value_global): Linear(in_features=768, out_features=768, bias=True)
            )
            (output): BertSelfOutput(
              (dense): Linear(in_features=768, out_features=768, bias=True)
              (LayerNorm): LayerNorm((768,), eps=1e-12, elementwise_affine=True)
              (dropout): Dropout(p=0.1, inplace=False)
            )
          )
          (intermediate): BertIntermediate(
            (dense): Linear(in_features=768, out_features=3072, bias=True)
          )
          (output): BertOutput(
            (dense): Linear(in_features=3072, out_features=768, bias=True)
            (LayerNorm): LayerNorm((768,), eps=1e-12, elementwise_affine=True)
            (dropout): Dropout(p=0.1, inplace=False)
          )
        )
        (9): BertLayer(
          (attention): BertAttention(
            (self): LongformerSelfAttention(
              (query): Linear(in_features=768, out_features=768, bias=True)
              (key): Linear(in_features=768, out_features=768, bias=True)
              (value): Linear(in_features=768, out_features=768, bias=True)
              (query_global): Linear(in_features=768, out_features=768, bias=True)
              (key_global): Linear(in_features=768, out_features=768, bias=True)
              (value_global): Linear(in_features=768, out_features=768, bias=True)
            )
            (output): BertSelfOutput(
              (dense): Linear(in_features=768, out_features=768, bias=True)
              (LayerNorm): LayerNorm((768,), eps=1e-12, elementwise_affine=True)
              (dropout): Dropout(p=0.1, inplace=False)
            )
          )
          (intermediate): BertIntermediate(
            (dense): Linear(in_features=768, out_features=3072, bias=True)
          )
          (output): BertOutput(
            (dense): Linear(in_features=3072, out_features=768, bias=True)
            (LayerNorm): LayerNorm((768,), eps=1e-12, elementwise_affine=True)
            (dropout): Dropout(p=0.1, inplace=False)
          )
        )
        (10): BertLayer(
          (attention): BertAttention(
            (self): LongformerSelfAttention(
              (query): Linear(in_features=768, out_features=768, bias=True)
              (key): Linear(in_features=768, out_features=768, bias=True)
              (value): Linear(in_features=768, out_features=768, bias=True)
              (query_global): Linear(in_features=768, out_features=768, bias=True)
              (key_global): Linear(in_features=768, out_features=768, bias=True)
              (value_global): Linear(in_features=768, out_features=768, bias=True)
            )
            (output): BertSelfOutput(
              (dense): Linear(in_features=768, out_features=768, bias=True)
              (LayerNorm): LayerNorm((768,), eps=1e-12, elementwise_affine=True)
              (dropout): Dropout(p=0.1, inplace=False)
            )
          )
          (intermediate): BertIntermediate(
            (dense): Linear(in_features=768, out_features=3072, bias=True)
          )
          (output): BertOutput(
            (dense): Linear(in_features=3072, out_features=768, bias=True)
            (LayerNorm): LayerNorm((768,), eps=1e-12, elementwise_affine=True)
            (dropout): Dropout(p=0.1, inplace=False)
          )
        )
        (11): BertLayer(
          (attention): BertAttention(
            (self): LongformerSelfAttention(
              (query): Linear(in_features=768, out_features=768, bias=True)
              (key): Linear(in_features=768, out_features=768, bias=True)
              (value): Linear(in_features=768, out_features=768, bias=True)
              (query_global): Linear(in_features=768, out_features=768, bias=True)
              (key_global): Linear(in_features=768, out_features=768, bias=True)
              (value_global): Linear(in_features=768, out_features=768, bias=True)
            )
            (output): BertSelfOutput(
              (dense): Linear(in_features=768, out_features=768, bias=True)
              (LayerNorm): LayerNorm((768,), eps=1e-12, elementwise_affine=True)
              (dropout): Dropout(p=0.1, inplace=False)
            )
          )
          (intermediate): BertIntermediate(
            (dense): Linear(in_features=768, out_features=3072, bias=True)
          )
          (output): BertOutput(
            (dense): Linear(in_features=3072, out_features=768, bias=True)
            (LayerNorm): LayerNorm((768,), eps=1e-12, elementwise_affine=True)
            (dropout): Dropout(p=0.1, inplace=False)
          )
        )
      )
    )
    (pooler): BertPooler(
      (dense): Linear(in_features=768, out_features=768, bias=True)
      (activation): Tanh()
    )
  )
  (mlm_cls): BertOnlyMLMHead(
    (predictions): BertLMPredictionHead(
      (transform): BertPredictionHeadTransform(
        (dense): Linear(in_features=768, out_features=768, bias=True)
        (LayerNorm): LayerNorm((768,), eps=1e-12, elementwise_affine=True)
      )
      (decoder): Linear(in_features=768, out_features=105879, bias=True)
    )
  )
  (seqcls_dropout): Dropout(p=0.1, inplace=False)
  (seqcls_classifier): Linear(in_features=768, out_features=2, bias=True)
)
00:00:14 - Evaluating every 1 epochs ...
00:00:14 - reading data from /mnt/home/puxuan/CLIR-project/Evaluation_data/process-clef/uncased
00:00:15 - test has 38 queries ...
00:00:15 - Data reading done ...
00:00:22 - adding 9-th encoder to optimizer...
00:00:22 - adding 10-th encoder to optimizer...
00:00:22 - adding 11-th encoder to optimizer...
00:00:22 - process[4]: training epoch 0 ...
00:00:52 - process[4] - epoch 0 - train iter 423 - 15466.7 words/s - loss: 0.5639
00:00:52 - process[4]: training epoch 1 ...
00:01:20 - process[4] - epoch 1 - train iter 423 - 16111.0 words/s - loss: 0.4982
00:01:20 - process[4]: training epoch 2 ...
00:01:48 - process[4] - epoch 2 - train iter 423 - 16585.8 words/s - loss: 0.4398
00:01:48 - process[4]: training epoch 3 ...
00:02:17 - process[4] - epoch 3 - train iter 423 - 16633.8 words/s - loss: 0.4279
00:02:17 - process[4]: training epoch 4 ...
00:02:46 - process[4] - epoch 4 - train iter 423 - 16388.9 words/s - loss: 0.4362
00:02:46 - process[4]: training epoch 5 ...
00:03:15 - process[4] - epoch 5 - train iter 423 - 16204.7 words/s - loss: 0.4026
00:03:15 - process[4]: training epoch 6 ...
00:03:43 - process[4] - epoch 6 - train iter 423 - 16509.9 words/s - loss: 0.4082
00:03:43 - process[4]: training epoch 7 ...
00:04:11 - process[4] - epoch 7 - train iter 423 - 16651.7 words/s - loss: 0.3840
00:04:11 - process[4]: training epoch 8 ...
00:04:42 - process[4] - epoch 8 - train iter 423 - 15322.5 words/s - loss: 0.3666
00:04:42 - process[4]: training epoch 9 ...
00:05:09 - process[4] - epoch 9 - train iter 423 - 16582.0 words/s - loss: 0.3639
00:05:09 - process[4]: training epoch 10 ...
00:05:37 - process[4] - epoch 10 - train iter 423 - 16123.3 words/s - loss: 0.3612
00:05:37 - process[4]: evaluating epoch 10 on dev ...
00:06:17 - dev set during evaluation: 13890/13887
00:06:17 - process[4] - dev - epoch 10 - mAP: 0.544 w/ 38 queries
00:06:17 - process[4]: evaluating epoch 10 on test ...
00:06:58 - test set during evaluation: 15580/15574
00:06:58 - process[4] - test - epoch 10 - mAP: 0.519 w/ 38 queries
00:06:58 - process[4]: training epoch 11 ...
00:07:28 - process[4] - epoch 11 - train iter 423 - 16317.3 words/s - loss: 0.3669
00:07:28 - process[4]: evaluating epoch 11 on dev ...
00:08:05 - dev set during evaluation: 13890/13887
00:08:05 - process[4] - dev - epoch 11 - mAP: 0.541 w/ 38 queries
00:08:05 - process[4]: training epoch 12 ...
00:08:33 - process[4] - epoch 12 - train iter 423 - 16713.4 words/s - loss: 0.3430
00:08:33 - process[4]: evaluating epoch 12 on dev ...
00:09:13 - dev set during evaluation: 13890/13887
00:09:13 - process[4] - dev - epoch 12 - mAP: 0.546 w/ 38 queries
00:09:13 - process[4]: evaluating epoch 12 on test ...
00:09:54 - test set during evaluation: 15580/15574
00:09:54 - process[4] - test - epoch 12 - mAP: 0.502 w/ 38 queries
00:09:54 - process[4]: training epoch 13 ...
00:10:22 - process[4] - epoch 13 - train iter 423 - 16555.5 words/s - loss: 0.3287
00:10:22 - process[4]: evaluating epoch 13 on dev ...
00:11:01 - dev set during evaluation: 13890/13887
00:11:01 - process[4] - dev - epoch 13 - mAP: 0.552 w/ 38 queries
00:11:01 - process[4]: evaluating epoch 13 on test ...
00:11:42 - test set during evaluation: 15580/15574
00:11:42 - process[4] - test - epoch 13 - mAP: 0.504 w/ 38 queries
00:11:42 - process[4]: training epoch 14 ...
00:12:12 - process[4] - epoch 14 - train iter 423 - 15926.3 words/s - loss: 0.3172
00:12:12 - process[4]: evaluating epoch 14 on dev ...
00:12:50 - dev set during evaluation: 13890/13887
00:12:50 - process[4] - dev - epoch 14 - mAP: 0.556 w/ 38 queries
00:12:50 - process[4]: evaluating epoch 14 on test ...
00:13:31 - test set during evaluation: 15580/15574
00:13:31 - process[4] - test - epoch 14 - mAP: 0.509 w/ 38 queries
00:13:31 - process[4]: training epoch 15 ...
00:14:02 - process[4] - epoch 15 - train iter 423 - 15996.3 words/s - loss: 0.3326
00:14:02 - process[4]: evaluating epoch 15 on dev ...
00:14:39 - dev set during evaluation: 13890/13887
00:14:40 - process[4] - dev - epoch 15 - mAP: 0.549 w/ 38 queries
00:14:40 - process[4]: training epoch 16 ...
00:15:08 - process[4] - epoch 16 - train iter 423 - 16527.0 words/s - loss: 0.3455
00:15:08 - process[4]: evaluating epoch 16 on dev ...
00:15:46 - dev set during evaluation: 13890/13887
00:15:46 - process[4] - dev - epoch 16 - mAP: 0.538 w/ 38 queries
00:15:46 - process[4]: training epoch 17 ...
00:16:15 - process[4] - epoch 17 - train iter 423 - 16350.0 words/s - loss: 0.3213
00:16:15 - process[4]: evaluating epoch 17 on dev ...
00:16:53 - dev set during evaluation: 13890/13887
00:16:53 - process[4] - dev - epoch 17 - mAP: 0.541 w/ 38 queries
00:16:53 - process[4]: training epoch 18 ...
00:17:21 - process[4] - epoch 18 - train iter 423 - 16646.5 words/s - loss: 0.2831
00:17:21 - process[4]: evaluating epoch 18 on dev ...
00:18:00 - dev set during evaluation: 13890/13887
00:18:00 - process[4] - dev - epoch 18 - mAP: 0.556 w/ 38 queries
00:18:00 - process[4]: training epoch 19 ...
00:18:28 - process[4] - epoch 19 - train iter 423 - 16337.8 words/s - loss: 0.3320
00:18:28 - process[4]: evaluating epoch 19 on dev ...
00:19:06 - dev set during evaluation: 13890/13887
00:19:06 - process[4] - dev - epoch 19 - mAP: 0.541 w/ 38 queries
00:19:06 - [fold 1] best test MAP: 0.509 @ epoch 14
00:19:06 - Evaluating every 1 epochs ...
00:19:06 - reading data from /mnt/home/puxuan/CLIR-project/Evaluation_data/process-clef/uncased
00:19:07 - test has 39 queries ...
00:19:07 - Data reading done ...
00:19:09 - adding 9-th encoder to optimizer...
00:19:09 - adding 10-th encoder to optimizer...
00:19:09 - adding 11-th encoder to optimizer...
00:19:09 - process[4]: training epoch 0 ...
00:19:39 - process[4] - epoch 0 - train iter 386 - 14607.6 words/s - loss: 0.5508
00:19:39 - process[4]: training epoch 1 ...
00:20:09 - process[4] - epoch 1 - train iter 386 - 14382.2 words/s - loss: 0.4887
00:20:09 - process[4]: training epoch 2 ...
00:20:37 - process[4] - epoch 2 - train iter 386 - 15075.4 words/s - loss: 0.4360
00:20:37 - process[4]: training epoch 3 ...
00:21:05 - process[4] - epoch 3 - train iter 386 - 15470.7 words/s - loss: 0.4003
00:21:05 - process[4]: training epoch 4 ...
00:21:33 - process[4] - epoch 4 - train iter 386 - 14771.4 words/s - loss: 0.4193
00:21:33 - process[4]: training epoch 5 ...
00:22:04 - process[4] - epoch 5 - train iter 386 - 13717.0 words/s - loss: 0.3982
00:22:04 - process[4]: training epoch 6 ...
00:22:32 - process[4] - epoch 6 - train iter 386 - 14636.7 words/s - loss: 0.3795
00:22:32 - process[4]: training epoch 7 ...
00:23:02 - process[4] - epoch 7 - train iter 386 - 13847.8 words/s - loss: 0.3696
00:23:02 - process[4]: training epoch 8 ...
00:23:30 - process[4] - epoch 8 - train iter 386 - 15671.1 words/s - loss: 0.3453
00:23:30 - process[4]: training epoch 9 ...
00:23:57 - process[4] - epoch 9 - train iter 386 - 15272.8 words/s - loss: 0.3684
00:23:57 - process[4]: training epoch 10 ...
00:24:25 - process[4] - epoch 10 - train iter 386 - 15505.7 words/s - loss: 0.3850
00:24:25 - process[4]: evaluating epoch 10 on dev ...
00:25:14 - dev set during evaluation: 15580/15574
00:25:14 - process[4] - dev - epoch 10 - mAP: 0.491 w/ 38 queries
00:25:14 - process[4]: evaluating epoch 10 on test ...
00:25:57 - test set during evaluation: 14340/14338
00:25:57 - process[4] - test - epoch 10 - mAP: 0.541 w/ 39 queries
00:25:57 - process[4]: training epoch 11 ...
00:26:27 - process[4] - epoch 11 - train iter 386 - 14628.5 words/s - loss: 0.3688
00:26:27 - process[4]: evaluating epoch 11 on dev ...
00:27:13 - dev set during evaluation: 15580/15574
00:27:13 - process[4] - dev - epoch 11 - mAP: 0.491 w/ 38 queries
00:27:13 - process[4]: evaluating epoch 11 on test ...
00:27:56 - test set during evaluation: 14340/14338
00:27:56 - process[4] - test - epoch 11 - mAP: 0.545 w/ 39 queries
00:27:56 - process[4]: training epoch 12 ...
00:28:25 - process[4] - epoch 12 - train iter 386 - 14270.9 words/s - loss: 0.3418
00:28:25 - process[4]: evaluating epoch 12 on dev ...
00:29:11 - dev set during evaluation: 15580/15574
00:29:11 - process[4] - dev - epoch 12 - mAP: 0.494 w/ 38 queries
00:29:11 - process[4]: evaluating epoch 12 on test ...
00:29:54 - test set during evaluation: 14340/14338
00:29:54 - process[4] - test - epoch 12 - mAP: 0.547 w/ 39 queries
00:29:54 - process[4]: training epoch 13 ...
00:30:22 - process[4] - epoch 13 - train iter 386 - 15172.0 words/s - loss: 0.3267
00:30:22 - process[4]: evaluating epoch 13 on dev ...
00:31:09 - dev set during evaluation: 15580/15574
00:31:09 - process[4] - dev - epoch 13 - mAP: 0.499 w/ 38 queries
00:31:09 - process[4]: evaluating epoch 13 on test ...
00:31:52 - test set during evaluation: 14340/14338
00:31:52 - process[4] - test - epoch 13 - mAP: 0.543 w/ 39 queries
00:31:52 - process[4]: training epoch 14 ...
00:32:21 - process[4] - epoch 14 - train iter 386 - 14613.1 words/s - loss: 0.3542
00:32:21 - process[4]: evaluating epoch 14 on dev ...
00:33:08 - dev set during evaluation: 15580/15574
00:33:08 - process[4] - dev - epoch 14 - mAP: 0.501 w/ 38 queries
00:33:08 - process[4]: evaluating epoch 14 on test ...
00:33:51 - test set during evaluation: 14340/14338
00:33:51 - process[4] - test - epoch 14 - mAP: 0.556 w/ 39 queries
00:33:51 - process[4]: training epoch 15 ...
00:34:20 - process[4] - epoch 15 - train iter 386 - 14668.4 words/s - loss: 0.3314
00:34:20 - process[4]: evaluating epoch 15 on dev ...
00:35:07 - dev set during evaluation: 15580/15574
00:35:07 - process[4] - dev - epoch 15 - mAP: 0.519 w/ 38 queries
00:35:07 - process[4]: evaluating epoch 15 on test ...
00:35:50 - test set during evaluation: 14340/14338
00:35:50 - process[4] - test - epoch 15 - mAP: 0.542 w/ 39 queries
00:35:50 - process[4]: training epoch 16 ...
00:36:19 - process[4] - epoch 16 - train iter 386 - 14378.3 words/s - loss: 0.3431
00:36:19 - process[4]: evaluating epoch 16 on dev ...
00:37:05 - dev set during evaluation: 15580/15574
00:37:05 - process[4] - dev - epoch 16 - mAP: 0.504 w/ 38 queries
00:37:05 - process[4]: training epoch 17 ...
00:37:33 - process[4] - epoch 17 - train iter 386 - 14879.5 words/s - loss: 0.3332
00:37:33 - process[4]: evaluating epoch 17 on dev ...
00:38:20 - dev set during evaluation: 15580/15574
00:38:20 - process[4] - dev - epoch 17 - mAP: 0.492 w/ 38 queries
00:38:20 - process[4]: training epoch 18 ...
00:38:49 - process[4] - epoch 18 - train iter 386 - 14903.1 words/s - loss: 0.3350
00:38:49 - process[4]: evaluating epoch 18 on dev ...
00:39:37 - dev set during evaluation: 15580/15574
00:39:37 - process[4] - dev - epoch 18 - mAP: 0.497 w/ 38 queries
00:39:37 - process[4]: training epoch 19 ...
00:40:06 - process[4] - epoch 19 - train iter 386 - 14645.7 words/s - loss: 0.2964
00:40:06 - process[4]: evaluating epoch 19 on dev ...
00:40:53 - dev set during evaluation: 15580/15574
00:40:53 - process[4] - dev - epoch 19 - mAP: 0.485 w/ 38 queries
00:40:53 - [fold 2] best test MAP: 0.542 @ epoch 15
00:40:53 - Evaluating every 1 epochs ...
00:40:53 - reading data from /mnt/home/puxuan/CLIR-project/Evaluation_data/process-clef/uncased
00:40:54 - test has 39 queries ...
00:40:54 - Data reading done ...
00:40:55 - adding 9-th encoder to optimizer...
00:40:55 - adding 10-th encoder to optimizer...
00:40:55 - adding 11-th encoder to optimizer...
00:40:56 - process[4]: training epoch 0 ...
00:41:23 - process[4] - epoch 0 - train iter 360 - 14417.8 words/s - loss: 0.5600
00:41:23 - process[4]: training epoch 1 ...
00:41:50 - process[4] - epoch 1 - train iter 360 - 14957.4 words/s - loss: 0.5271
00:41:50 - process[4]: training epoch 2 ...
00:42:18 - process[4] - epoch 2 - train iter 360 - 14019.2 words/s - loss: 0.4351
00:42:18 - process[4]: training epoch 3 ...
00:42:45 - process[4] - epoch 3 - train iter 360 - 15069.6 words/s - loss: 0.4502
00:42:45 - process[4]: training epoch 4 ...
00:43:11 - process[4] - epoch 4 - train iter 360 - 15100.9 words/s - loss: 0.4230
00:43:11 - process[4]: training epoch 5 ...
00:43:40 - process[4] - epoch 5 - train iter 360 - 13979.7 words/s - loss: 0.3805
00:43:40 - process[4]: training epoch 6 ...
00:44:07 - process[4] - epoch 6 - train iter 360 - 14506.3 words/s - loss: 0.3749
00:44:07 - process[4]: training epoch 7 ...
00:44:33 - process[4] - epoch 7 - train iter 360 - 15214.8 words/s - loss: 0.3958
00:44:33 - process[4]: training epoch 8 ...
00:45:00 - process[4] - epoch 8 - train iter 360 - 14748.0 words/s - loss: 0.4230
00:45:00 - process[4]: training epoch 9 ...
00:45:27 - process[4] - epoch 9 - train iter 360 - 14862.8 words/s - loss: 0.3994
00:45:27 - process[4]: training epoch 10 ...
00:45:54 - process[4] - epoch 10 - train iter 360 - 14299.5 words/s - loss: 0.3603
00:45:54 - process[4]: evaluating epoch 10 on dev ...
00:46:49 - dev set during evaluation: 14340/14338
00:46:49 - process[4] - dev - epoch 10 - mAP: 0.543 w/ 39 queries
00:46:49 - process[4]: evaluating epoch 10 on test ...
00:47:26 - test set during evaluation: 11710/11707
00:47:26 - process[4] - test - epoch 10 - mAP: 0.559 w/ 39 queries
00:47:26 - process[4]: training epoch 11 ...
00:47:53 - process[4] - epoch 11 - train iter 360 - 14705.3 words/s - loss: 0.3679
00:47:53 - process[4]: evaluating epoch 11 on dev ...
00:48:37 - dev set during evaluation: 14340/14338
00:48:37 - process[4] - dev - epoch 11 - mAP: 0.556 w/ 39 queries
00:48:37 - process[4]: evaluating epoch 11 on test ...
00:49:14 - test set during evaluation: 11710/11707
00:49:14 - process[4] - test - epoch 11 - mAP: 0.557 w/ 39 queries
00:49:14 - process[4]: training epoch 12 ...
00:49:43 - process[4] - epoch 12 - train iter 360 - 14320.8 words/s - loss: 0.3484
00:49:43 - process[4]: evaluating epoch 12 on dev ...
00:50:24 - dev set during evaluation: 14340/14338
00:50:24 - process[4] - dev - epoch 12 - mAP: 0.555 w/ 39 queries
00:50:24 - process[4]: training epoch 13 ...
00:50:53 - process[4] - epoch 13 - train iter 360 - 14642.9 words/s - loss: 0.3289
00:50:53 - process[4]: evaluating epoch 13 on dev ...
00:51:38 - dev set during evaluation: 14340/14338
00:51:38 - process[4] - dev - epoch 13 - mAP: 0.557 w/ 39 queries
00:51:38 - process[4]: evaluating epoch 13 on test ...
00:52:15 - test set during evaluation: 11710/11707
00:52:15 - process[4] - test - epoch 13 - mAP: 0.569 w/ 39 queries
00:52:15 - process[4]: training epoch 14 ...
00:52:42 - process[4] - epoch 14 - train iter 360 - 15032.0 words/s - loss: 0.3552
00:52:42 - process[4]: evaluating epoch 14 on dev ...
00:53:26 - dev set during evaluation: 14340/14338
00:53:26 - process[4] - dev - epoch 14 - mAP: 0.548 w/ 39 queries
00:53:26 - process[4]: training epoch 15 ...
00:53:53 - process[4] - epoch 15 - train iter 360 - 14370.8 words/s - loss: 0.3495
00:53:53 - process[4]: evaluating epoch 15 on dev ...
00:54:36 - dev set during evaluation: 14340/14338
00:54:36 - process[4] - dev - epoch 15 - mAP: 0.543 w/ 39 queries
00:54:36 - process[4]: training epoch 16 ...
00:55:06 - process[4] - epoch 16 - train iter 360 - 14279.7 words/s - loss: 0.3264
00:55:06 - process[4]: evaluating epoch 16 on dev ...
00:55:47 - dev set during evaluation: 14340/14338
00:55:47 - process[4] - dev - epoch 16 - mAP: 0.545 w/ 39 queries
00:55:47 - process[4]: training epoch 17 ...
00:56:12 - process[4] - epoch 17 - train iter 360 - 15850.8 words/s - loss: 0.3176
00:56:12 - process[4]: evaluating epoch 17 on dev ...
00:56:57 - dev set during evaluation: 14340/14338
00:56:57 - process[4] - dev - epoch 17 - mAP: 0.564 w/ 39 queries
00:56:57 - process[4]: evaluating epoch 17 on test ...
00:57:34 - test set during evaluation: 11710/11707
00:57:34 - process[4] - test - epoch 17 - mAP: 0.572 w/ 39 queries
00:57:34 - process[4]: training epoch 18 ...
00:58:01 - process[4] - epoch 18 - train iter 360 - 14760.3 words/s - loss: 0.2627
00:58:01 - process[4]: evaluating epoch 18 on dev ...
00:58:47 - dev set during evaluation: 14340/14338
00:58:47 - process[4] - dev - epoch 18 - mAP: 0.550 w/ 39 queries
00:58:47 - process[4]: training epoch 19 ...
00:59:12 - process[4] - epoch 19 - train iter 360 - 14958.0 words/s - loss: 0.3291
00:59:12 - process[4]: evaluating epoch 19 on dev ...
00:59:58 - dev set during evaluation: 14340/14338
00:59:58 - process[4] - dev - epoch 19 - mAP: 0.519 w/ 39 queries
00:59:58 - [fold 3] best test MAP: 0.572 @ epoch 17
00:59:58 - Evaluating every 1 epochs ...
00:59:58 - reading data from /mnt/home/puxuan/CLIR-project/Evaluation_data/process-clef/uncased
00:59:59 - test has 38 queries ...
00:59:59 - Data reading done ...
01:00:00 - adding 9-th encoder to optimizer...
01:00:00 - adding 10-th encoder to optimizer...
01:00:00 - adding 11-th encoder to optimizer...
01:00:01 - process[4]: training epoch 0 ...
01:00:31 - process[4] - epoch 0 - train iter 404 - 14896.7 words/s - loss: 0.5700
01:00:31 - process[4]: training epoch 1 ...
01:01:00 - process[4] - epoch 1 - train iter 404 - 15683.3 words/s - loss: 0.5016
01:01:00 - process[4]: training epoch 2 ...
01:01:28 - process[4] - epoch 2 - train iter 404 - 16176.1 words/s - loss: 0.4633
01:01:28 - process[4]: training epoch 3 ...
01:01:57 - process[4] - epoch 3 - train iter 404 - 15132.2 words/s - loss: 0.3979
01:01:57 - process[4]: training epoch 4 ...
01:02:28 - process[4] - epoch 4 - train iter 404 - 14820.7 words/s - loss: 0.3891
01:02:28 - process[4]: training epoch 5 ...
01:02:57 - process[4] - epoch 5 - train iter 404 - 15536.9 words/s - loss: 0.3993
01:02:57 - process[4]: training epoch 6 ...
01:03:25 - process[4] - epoch 6 - train iter 404 - 15375.9 words/s - loss: 0.3731
01:03:25 - process[4]: training epoch 7 ...
01:03:54 - process[4] - epoch 7 - train iter 404 - 15394.1 words/s - loss: 0.3458
01:03:54 - process[4]: training epoch 8 ...
01:04:25 - process[4] - epoch 8 - train iter 404 - 14945.1 words/s - loss: 0.3875
01:04:25 - process[4]: training epoch 9 ...
01:04:52 - process[4] - epoch 9 - train iter 404 - 16243.7 words/s - loss: 0.3326
01:04:52 - process[4]: training epoch 10 ...
01:05:22 - process[4] - epoch 10 - train iter 404 - 15163.4 words/s - loss: 0.3640
01:05:22 - process[4]: evaluating epoch 10 on dev ...
01:06:02 - dev set during evaluation: 11710/11707
01:06:02 - process[4] - dev - epoch 10 - mAP: 0.601 w/ 39 queries
01:06:02 - process[4]: evaluating epoch 10 on test ...
01:06:40 - test set during evaluation: 13490/13483
01:06:40 - process[4] - test - epoch 10 - mAP: 0.589 w/ 38 queries
01:06:40 - process[4]: training epoch 11 ...
01:07:09 - process[4] - epoch 11 - train iter 404 - 15638.2 words/s - loss: 0.3094
01:07:09 - process[4]: evaluating epoch 11 on dev ...
01:07:45 - dev set during evaluation: 11710/11707
01:07:45 - process[4] - dev - epoch 11 - mAP: 0.584 w/ 39 queries
01:07:45 - process[4]: training epoch 12 ...
01:08:16 - process[4] - epoch 12 - train iter 404 - 14774.3 words/s - loss: 0.3078
01:08:16 - process[4]: evaluating epoch 12 on dev ...
01:08:51 - dev set during evaluation: 11710/11707
01:08:51 - process[4] - dev - epoch 12 - mAP: 0.575 w/ 39 queries
01:08:51 - process[4]: training epoch 13 ...
01:09:21 - process[4] - epoch 13 - train iter 404 - 15409.7 words/s - loss: 0.3157
01:09:21 - process[4]: evaluating epoch 13 on dev ...
01:09:55 - dev set during evaluation: 11710/11707
01:09:55 - process[4] - dev - epoch 13 - mAP: 0.582 w/ 39 queries
01:09:55 - process[4]: training epoch 14 ...
01:10:25 - process[4] - epoch 14 - train iter 404 - 14849.9 words/s - loss: 0.3234
01:10:25 - process[4]: evaluating epoch 14 on dev ...
01:11:01 - dev set during evaluation: 11710/11707
01:11:01 - process[4] - dev - epoch 14 - mAP: 0.575 w/ 39 queries
01:11:01 - process[4]: training epoch 15 ...
01:11:31 - process[4] - epoch 15 - train iter 404 - 14692.3 words/s - loss: 0.2968
01:11:31 - process[4]: evaluating epoch 15 on dev ...
01:12:06 - dev set during evaluation: 11710/11707
01:12:06 - process[4] - dev - epoch 15 - mAP: 0.587 w/ 39 queries
01:12:06 - process[4]: training epoch 16 ...
01:12:36 - process[4] - epoch 16 - train iter 404 - 15325.5 words/s - loss: 0.3164
01:12:36 - process[4]: evaluating epoch 16 on dev ...
01:13:10 - dev set during evaluation: 11710/11707
01:13:10 - process[4] - dev - epoch 16 - mAP: 0.581 w/ 39 queries
01:13:10 - process[4]: training epoch 17 ...
01:13:41 - process[4] - epoch 17 - train iter 404 - 14689.1 words/s - loss: 0.2758
01:13:41 - process[4]: evaluating epoch 17 on dev ...
01:14:16 - dev set during evaluation: 11710/11707
01:14:16 - process[4] - dev - epoch 17 - mAP: 0.582 w/ 39 queries
01:14:16 - process[4]: training epoch 18 ...
01:14:46 - process[4] - epoch 18 - train iter 404 - 14975.2 words/s - loss: 0.2998
01:14:46 - process[4]: evaluating epoch 18 on dev ...
01:15:21 - dev set during evaluation: 11710/11707
01:15:21 - process[4] - dev - epoch 18 - mAP: 0.585 w/ 39 queries
01:15:21 - process[4]: training epoch 19 ...
01:15:50 - process[4] - epoch 19 - train iter 404 - 15362.3 words/s - loss: 0.3108
01:15:50 - process[4]: evaluating epoch 19 on dev ...
01:16:26 - dev set during evaluation: 11710/11707
01:16:26 - process[4] - dev - epoch 19 - mAP: 0.588 w/ 39 queries
01:16:26 - [fold 4] best test MAP: 0.589 @ epoch 10
01:16:26 - Evaluating every 1 epochs ...
01:16:26 - reading data from /mnt/home/puxuan/CLIR-project/Evaluation_data/process-clef/uncased
01:16:27 - test has 38 queries ...
01:16:27 - Data reading done ...
01:16:28 - adding 9-th encoder to optimizer...
01:16:28 - adding 10-th encoder to optimizer...
01:16:28 - adding 11-th encoder to optimizer...
01:16:29 - process[4]: training epoch 0 ...
01:17:00 - process[4] - epoch 0 - train iter 444 - 16023.0 words/s - loss: 0.5849
01:17:00 - process[4]: training epoch 1 ...
01:17:31 - process[4] - epoch 1 - train iter 444 - 15841.2 words/s - loss: 0.4912
01:17:31 - process[4]: training epoch 2 ...
01:18:03 - process[4] - epoch 2 - train iter 444 - 15263.9 words/s - loss: 0.4649
01:18:03 - process[4]: training epoch 3 ...
01:18:34 - process[4] - epoch 3 - train iter 444 - 15858.9 words/s - loss: 0.4188
01:18:34 - process[4]: training epoch 4 ...
01:19:06 - process[4] - epoch 4 - train iter 444 - 15554.8 words/s - loss: 0.4181
01:19:06 - process[4]: training epoch 5 ...
01:19:38 - process[4] - epoch 5 - train iter 444 - 15866.0 words/s - loss: 0.3949
01:19:38 - process[4]: training epoch 6 ...
01:20:09 - process[4] - epoch 6 - train iter 444 - 15786.9 words/s - loss: 0.3993
01:20:09 - process[4]: training epoch 7 ...
01:20:41 - process[4] - epoch 7 - train iter 444 - 15053.9 words/s - loss: 0.4533
01:20:41 - process[4]: training epoch 8 ...
01:21:14 - process[4] - epoch 8 - train iter 444 - 15317.5 words/s - loss: 0.3819
01:21:14 - process[4]: training epoch 9 ...
01:21:44 - process[4] - epoch 9 - train iter 444 - 16116.3 words/s - loss: 0.3939
01:21:44 - process[4]: training epoch 10 ...
01:22:16 - process[4] - epoch 10 - train iter 444 - 15620.1 words/s - loss: 0.4285
01:22:16 - process[4]: evaluating epoch 10 on dev ...
01:22:51 - dev set during evaluation: 13490/13483
01:22:51 - process[4] - dev - epoch 10 - mAP: 0.559 w/ 38 queries
01:22:51 - process[4]: evaluating epoch 10 on test ...
01:23:33 - test set during evaluation: 13890/13887
01:23:33 - process[4] - test - epoch 10 - mAP: 0.549 w/ 38 queries
01:23:33 - process[4]: training epoch 11 ...
01:24:04 - process[4] - epoch 11 - train iter 444 - 15895.4 words/s - loss: 0.3885
01:24:04 - process[4]: evaluating epoch 11 on dev ...
01:24:43 - dev set during evaluation: 13490/13483
01:24:43 - process[4] - dev - epoch 11 - mAP: 0.564 w/ 38 queries
01:24:43 - process[4]: evaluating epoch 11 on test ...
01:25:24 - test set during evaluation: 13890/13887
01:25:24 - process[4] - test - epoch 11 - mAP: 0.561 w/ 38 queries
01:25:24 - process[4]: training epoch 12 ...
01:25:55 - process[4] - epoch 12 - train iter 444 - 16086.8 words/s - loss: 0.3505
01:25:55 - process[4]: evaluating epoch 12 on dev ...
01:26:33 - dev set during evaluation: 13490/13483
01:26:33 - process[4] - dev - epoch 12 - mAP: 0.569 w/ 38 queries
01:26:33 - process[4]: evaluating epoch 12 on test ...
01:27:16 - test set during evaluation: 13890/13887
01:27:16 - process[4] - test - epoch 12 - mAP: 0.554 w/ 38 queries
01:27:16 - process[4]: training epoch 13 ...
01:27:49 - process[4] - epoch 13 - train iter 444 - 15366.5 words/s - loss: 0.3616
01:27:49 - process[4]: evaluating epoch 13 on dev ...
01:28:27 - dev set during evaluation: 13490/13483
01:28:27 - process[4] - dev - epoch 13 - mAP: 0.561 w/ 38 queries
01:28:27 - process[4]: training epoch 14 ...
01:28:58 - process[4] - epoch 14 - train iter 444 - 15848.6 words/s - loss: 0.3419
01:28:58 - process[4]: evaluating epoch 14 on dev ...
01:29:37 - dev set during evaluation: 13490/13483
01:29:37 - process[4] - dev - epoch 14 - mAP: 0.569 w/ 38 queries
01:29:37 - process[4]: evaluating epoch 14 on test ...
01:30:19 - test set during evaluation: 13890/13887
01:30:19 - process[4] - test - epoch 14 - mAP: 0.553 w/ 38 queries
01:30:19 - process[4]: training epoch 15 ...
01:30:51 - process[4] - epoch 15 - train iter 444 - 15623.7 words/s - loss: 0.3645
01:30:51 - process[4]: evaluating epoch 15 on dev ...
01:31:27 - dev set during evaluation: 13490/13483
01:31:27 - process[4] - dev - epoch 15 - mAP: 0.567 w/ 38 queries
01:31:27 - process[4]: training epoch 16 ...
01:31:57 - process[4] - epoch 16 - train iter 444 - 15865.8 words/s - loss: 0.3210
01:31:57 - process[4]: evaluating epoch 16 on dev ...
01:32:36 - dev set during evaluation: 13490/13483
01:32:36 - process[4] - dev - epoch 16 - mAP: 0.573 w/ 38 queries
01:32:36 - process[4]: evaluating epoch 16 on test ...
01:33:17 - test set during evaluation: 13890/13887
01:33:17 - process[4] - test - epoch 16 - mAP: 0.557 w/ 38 queries
01:33:17 - process[4]: training epoch 17 ...
01:33:48 - process[4] - epoch 17 - train iter 444 - 15683.1 words/s - loss: 0.3332
01:33:48 - process[4]: evaluating epoch 17 on dev ...
01:34:26 - dev set during evaluation: 13490/13483
01:34:26 - process[4] - dev - epoch 17 - mAP: 0.569 w/ 38 queries
01:34:26 - process[4]: training epoch 18 ...
01:34:56 - process[4] - epoch 18 - train iter 444 - 16216.9 words/s - loss: 0.3586
01:34:56 - process[4]: evaluating epoch 18 on dev ...
01:35:35 - dev set during evaluation: 13490/13483
01:35:35 - process[4] - dev - epoch 18 - mAP: 0.570 w/ 38 queries
01:35:35 - process[4]: training epoch 19 ...
01:36:07 - process[4] - epoch 19 - train iter 444 - 15884.7 words/s - loss: 0.3199
01:36:07 - process[4]: evaluating epoch 19 on dev ...
01:36:44 - dev set during evaluation: 13490/13483
01:36:44 - process[4] - dev - epoch 19 - mAP: 0.556 w/ 38 queries
01:36:44 - [fold 5] best test MAP: 0.557 @ epoch 16
01:36:44 - [0.5094370208772756, 0.5422626409112269, 0.5716401670189358, 0.589158697157752, 0.5572722924666923]
01:36:44 - [38, 39, 39, 38, 38]
01:36:44 - final MAP: 0.554
