00:00:07 - Namespace(apex_level='O2', batch_size=8, cased=False, dataset='clef', debug=False, encoder_lr=2e-05, eval_step=1, full_doc_length=True, local_rank=3, model_path='/mnt/scratch/puxuan/short_qlm_0.45/2186793/huggingface-19', model_type='mbert', num_epochs=20, num_ft_encoders=3, num_neg=1, projector_lr=2e-05, seed=611, source_lang='fr', target_lang='de')
00:00:17 - Evaluating every 1 epochs ...
00:00:17 - reading data from /mnt/home/puxuan/CLIR-project/Evaluation_data/process-clef/uncased
00:00:18 - test has 38 queries ...
00:00:18 - Data reading done ...
00:00:25 - adding 9-th encoder to optimizer...
00:00:25 - adding 10-th encoder to optimizer...
00:00:25 - adding 11-th encoder to optimizer...
00:00:25 - process[3]: training epoch 0 ...
00:00:42 - process[3] - epoch 0 - train iter 423 - 20348.3 words/s - loss: 0.6049
00:00:42 - process[3]: training epoch 1 ...
00:00:58 - process[3] - epoch 1 - train iter 423 - 20707.9 words/s - loss: 0.5338
00:00:58 - process[3]: training epoch 2 ...
00:01:15 - process[3] - epoch 2 - train iter 423 - 20218.3 words/s - loss: 0.4934
00:01:15 - process[3]: training epoch 3 ...
00:01:31 - process[3] - epoch 3 - train iter 423 - 21647.6 words/s - loss: 0.5002
00:01:31 - process[3]: training epoch 4 ...
00:01:47 - process[3] - epoch 4 - train iter 423 - 21192.7 words/s - loss: 0.4581
00:01:47 - process[3]: training epoch 5 ...
00:02:04 - process[3] - epoch 5 - train iter 423 - 19934.8 words/s - loss: 0.4613
00:02:04 - process[3]: training epoch 6 ...
00:02:19 - process[3] - epoch 6 - train iter 423 - 21755.8 words/s - loss: 0.4632
00:02:19 - process[3]: training epoch 7 ...
00:02:36 - process[3] - epoch 7 - train iter 423 - 20552.9 words/s - loss: 0.4306
00:02:36 - process[3]: training epoch 8 ...
00:02:51 - process[3] - epoch 8 - train iter 423 - 21017.5 words/s - loss: 0.4357
00:02:51 - process[3]: training epoch 9 ...
00:03:08 - process[3] - epoch 9 - train iter 423 - 20288.0 words/s - loss: 0.4429
00:03:08 - process[3]: training epoch 10 ...
00:03:24 - process[3] - epoch 10 - train iter 423 - 20118.5 words/s - loss: 0.4026
00:03:24 - process[3]: evaluating epoch 10 on dev ...
00:03:55 - dev set during evaluation: 13890/13887
00:03:55 - process[3] - dev - epoch 10 - mAP: 0.480 w/ 38 queries
00:03:55 - process[3]: evaluating epoch 10 on test ...
00:04:25 - test set during evaluation: 15580/15574
00:04:25 - process[3] - test - epoch 10 - mAP: 0.440 w/ 38 queries
00:04:25 - process[3]: training epoch 11 ...
00:04:43 - process[3] - epoch 11 - train iter 423 - 19443.8 words/s - loss: 0.4210
00:04:43 - process[3]: evaluating epoch 11 on dev ...
00:05:10 - dev set during evaluation: 13890/13887
00:05:10 - process[3] - dev - epoch 11 - mAP: 0.493 w/ 38 queries
00:05:10 - process[3]: evaluating epoch 11 on test ...
00:05:40 - test set during evaluation: 15580/15574
00:05:40 - process[3] - test - epoch 11 - mAP: 0.428 w/ 38 queries
00:05:40 - process[3]: training epoch 12 ...
00:05:56 - process[3] - epoch 12 - train iter 423 - 21966.6 words/s - loss: 0.4309
00:05:56 - process[3]: evaluating epoch 12 on dev ...
00:06:30 - dev set during evaluation: 13890/13887
00:06:30 - process[3] - dev - epoch 12 - mAP: 0.492 w/ 38 queries
00:06:30 - process[3]: training epoch 13 ...
00:06:46 - process[3] - epoch 13 - train iter 423 - 21848.5 words/s - loss: 0.4046
00:06:46 - process[3]: evaluating epoch 13 on dev ...
00:07:15 - dev set during evaluation: 13890/13887
00:07:15 - process[3] - dev - epoch 13 - mAP: 0.489 w/ 38 queries
00:07:15 - process[3]: training epoch 14 ...
00:07:31 - process[3] - epoch 14 - train iter 423 - 21511.5 words/s - loss: 0.3867
00:07:31 - process[3]: evaluating epoch 14 on dev ...
00:08:07 - dev set during evaluation: 13890/13887
00:08:07 - process[3] - dev - epoch 14 - mAP: 0.494 w/ 38 queries
00:08:07 - process[3]: evaluating epoch 14 on test ...
00:08:37 - test set during evaluation: 15580/15574
00:08:37 - process[3] - test - epoch 14 - mAP: 0.438 w/ 38 queries
00:08:37 - process[3]: training epoch 15 ...
00:08:53 - process[3] - epoch 15 - train iter 423 - 20978.9 words/s - loss: 0.3946
00:08:53 - process[3]: evaluating epoch 15 on dev ...
00:09:22 - dev set during evaluation: 13890/13887
00:09:22 - process[3] - dev - epoch 15 - mAP: 0.486 w/ 38 queries
00:09:22 - process[3]: training epoch 16 ...
00:09:38 - process[3] - epoch 16 - train iter 423 - 21225.6 words/s - loss: 0.3439
00:09:38 - process[3]: evaluating epoch 16 on dev ...
00:10:07 - dev set during evaluation: 13890/13887
00:10:07 - process[3] - dev - epoch 16 - mAP: 0.466 w/ 38 queries
00:10:07 - process[3]: training epoch 17 ...
00:10:24 - process[3] - epoch 17 - train iter 423 - 19269.1 words/s - loss: 0.3949
00:10:24 - process[3]: evaluating epoch 17 on dev ...
00:10:52 - dev set during evaluation: 13890/13887
00:10:52 - process[3] - dev - epoch 17 - mAP: 0.459 w/ 38 queries
00:10:52 - process[3]: training epoch 18 ...
00:11:09 - process[3] - epoch 18 - train iter 423 - 19753.7 words/s - loss: 0.3704
00:11:09 - process[3]: evaluating epoch 18 on dev ...
00:11:41 - dev set during evaluation: 13890/13887
00:11:41 - process[3] - dev - epoch 18 - mAP: 0.509 w/ 38 queries
00:11:41 - process[3]: evaluating epoch 18 on test ...
00:12:11 - test set during evaluation: 15580/15574
00:12:11 - process[3] - test - epoch 18 - mAP: 0.418 w/ 38 queries
00:12:11 - process[3]: training epoch 19 ...
00:12:27 - process[3] - epoch 19 - train iter 423 - 20966.0 words/s - loss: 0.3732
00:12:27 - process[3]: evaluating epoch 19 on dev ...
00:12:56 - dev set during evaluation: 13890/13887
00:12:56 - process[3] - dev - epoch 19 - mAP: 0.473 w/ 38 queries
00:12:56 - [fold 1] best test MAP: 0.418 @ epoch 18
00:12:56 - Evaluating every 1 epochs ...
00:12:56 - reading data from /mnt/home/puxuan/CLIR-project/Evaluation_data/process-clef/uncased
00:12:57 - test has 39 queries ...
00:12:57 - Data reading done ...
00:12:58 - adding 9-th encoder to optimizer...
00:12:58 - adding 10-th encoder to optimizer...
00:12:58 - adding 11-th encoder to optimizer...
00:12:59 - process[3]: training epoch 0 ...
00:13:19 - process[3] - epoch 0 - train iter 386 - 15132.4 words/s - loss: 0.6030
00:13:19 - process[3]: training epoch 1 ...
00:13:37 - process[3] - epoch 1 - train iter 386 - 16256.9 words/s - loss: 0.5537
00:13:37 - process[3]: training epoch 2 ...
00:13:55 - process[3] - epoch 2 - train iter 386 - 16979.4 words/s - loss: 0.5007
00:13:55 - process[3]: training epoch 3 ...
00:14:13 - process[3] - epoch 3 - train iter 386 - 16903.2 words/s - loss: 0.4657
00:14:13 - process[3]: training epoch 4 ...
00:14:31 - process[3] - epoch 4 - train iter 386 - 17315.7 words/s - loss: 0.5014
00:14:31 - process[3]: training epoch 5 ...
00:14:47 - process[3] - epoch 5 - train iter 386 - 18805.9 words/s - loss: 0.4382
00:14:47 - process[3]: training epoch 6 ...
00:15:04 - process[3] - epoch 6 - train iter 386 - 17918.8 words/s - loss: 0.4133
00:15:04 - process[3]: training epoch 7 ...
00:15:22 - process[3] - epoch 7 - train iter 386 - 16888.9 words/s - loss: 0.4232
00:15:22 - process[3]: training epoch 8 ...
00:15:42 - process[3] - epoch 8 - train iter 386 - 15083.1 words/s - loss: 0.4189
00:15:42 - process[3]: training epoch 9 ...
00:16:00 - process[3] - epoch 9 - train iter 386 - 16405.0 words/s - loss: 0.4172
00:16:00 - process[3]: training epoch 10 ...
00:16:19 - process[3] - epoch 10 - train iter 386 - 16114.3 words/s - loss: 0.4453
00:16:19 - process[3]: evaluating epoch 10 on dev ...
00:16:54 - dev set during evaluation: 15580/15574
00:16:54 - process[3] - dev - epoch 10 - mAP: 0.424 w/ 38 queries
00:16:54 - process[3]: evaluating epoch 10 on test ...
00:17:27 - test set during evaluation: 14340/14338
00:17:27 - process[3] - test - epoch 10 - mAP: 0.508 w/ 39 queries
00:17:27 - process[3]: training epoch 11 ...
00:17:45 - process[3] - epoch 11 - train iter 386 - 16813.9 words/s - loss: 0.4173
00:17:45 - process[3]: evaluating epoch 11 on dev ...
00:18:21 - dev set during evaluation: 15580/15574
00:18:21 - process[3] - dev - epoch 11 - mAP: 0.441 w/ 38 queries
00:18:21 - process[3]: evaluating epoch 11 on test ...
00:18:53 - test set during evaluation: 14340/14338
00:18:53 - process[3] - test - epoch 11 - mAP: 0.507 w/ 39 queries
00:18:53 - process[3]: training epoch 12 ...
00:19:10 - process[3] - epoch 12 - train iter 386 - 17597.0 words/s - loss: 0.4174
00:19:10 - process[3]: evaluating epoch 12 on dev ...
00:19:47 - dev set during evaluation: 15580/15574
00:19:47 - process[3] - dev - epoch 12 - mAP: 0.429 w/ 38 queries
00:19:47 - process[3]: training epoch 13 ...
00:20:04 - process[3] - epoch 13 - train iter 386 - 17891.5 words/s - loss: 0.3844
00:20:04 - process[3]: evaluating epoch 13 on dev ...
00:20:41 - dev set during evaluation: 15580/15574
00:20:41 - process[3] - dev - epoch 13 - mAP: 0.426 w/ 38 queries
00:20:41 - process[3]: training epoch 14 ...
00:20:58 - process[3] - epoch 14 - train iter 386 - 17908.2 words/s - loss: 0.3942
00:20:58 - process[3]: evaluating epoch 14 on dev ...
00:21:36 - dev set during evaluation: 15580/15574
00:21:36 - process[3] - dev - epoch 14 - mAP: 0.428 w/ 38 queries
00:21:36 - process[3]: training epoch 15 ...
00:21:54 - process[3] - epoch 15 - train iter 386 - 16820.0 words/s - loss: 0.3904
00:21:54 - process[3]: evaluating epoch 15 on dev ...
00:22:30 - dev set during evaluation: 15580/15574
00:22:30 - process[3] - dev - epoch 15 - mAP: 0.427 w/ 38 queries
00:22:30 - process[3]: training epoch 16 ...
00:22:48 - process[3] - epoch 16 - train iter 386 - 17046.7 words/s - loss: 0.3541
00:22:48 - process[3]: evaluating epoch 16 on dev ...
00:23:25 - dev set during evaluation: 15580/15574
00:23:25 - process[3] - dev - epoch 16 - mAP: 0.423 w/ 38 queries
00:23:25 - process[3]: training epoch 17 ...
00:23:44 - process[3] - epoch 17 - train iter 386 - 16340.0 words/s - loss: 0.3562
00:23:44 - process[3]: evaluating epoch 17 on dev ...
00:24:19 - dev set during evaluation: 15580/15574
00:24:19 - process[3] - dev - epoch 17 - mAP: 0.424 w/ 38 queries
00:24:19 - process[3]: training epoch 18 ...
00:24:37 - process[3] - epoch 18 - train iter 386 - 16802.4 words/s - loss: 0.3500
00:24:37 - process[3]: evaluating epoch 18 on dev ...
00:25:13 - dev set during evaluation: 15580/15574
00:25:13 - process[3] - dev - epoch 18 - mAP: 0.428 w/ 38 queries
00:25:13 - process[3]: training epoch 19 ...
00:25:33 - process[3] - epoch 19 - train iter 386 - 15487.1 words/s - loss: 0.3717
00:25:33 - process[3]: evaluating epoch 19 on dev ...
00:26:07 - dev set during evaluation: 15580/15574
00:26:07 - process[3] - dev - epoch 19 - mAP: 0.413 w/ 38 queries
00:26:07 - [fold 2] best test MAP: 0.507 @ epoch 11
00:26:07 - Evaluating every 1 epochs ...
00:26:07 - reading data from /mnt/home/puxuan/CLIR-project/Evaluation_data/process-clef/uncased
00:26:08 - test has 39 queries ...
00:26:08 - Data reading done ...
00:26:09 - adding 9-th encoder to optimizer...
00:26:09 - adding 10-th encoder to optimizer...
00:26:09 - adding 11-th encoder to optimizer...
00:26:10 - process[3]: training epoch 0 ...
00:26:27 - process[3] - epoch 0 - train iter 360 - 16750.0 words/s - loss: 0.6124
00:26:27 - process[3]: training epoch 1 ...
00:26:44 - process[3] - epoch 1 - train iter 360 - 16631.0 words/s - loss: 0.5663
00:26:44 - process[3]: training epoch 2 ...
00:27:02 - process[3] - epoch 2 - train iter 360 - 16171.9 words/s - loss: 0.5254
00:27:02 - process[3]: training epoch 3 ...
00:27:21 - process[3] - epoch 3 - train iter 360 - 15571.3 words/s - loss: 0.4962
00:27:21 - process[3]: training epoch 4 ...
00:27:36 - process[3] - epoch 4 - train iter 360 - 18740.9 words/s - loss: 0.4768
00:27:36 - process[3]: training epoch 5 ...
00:27:53 - process[3] - epoch 5 - train iter 360 - 16944.5 words/s - loss: 0.4484
00:27:53 - process[3]: training epoch 6 ...
00:28:10 - process[3] - epoch 6 - train iter 360 - 16063.6 words/s - loss: 0.4486
00:28:10 - process[3]: training epoch 7 ...
00:28:27 - process[3] - epoch 7 - train iter 360 - 17218.3 words/s - loss: 0.4393
00:28:27 - process[3]: training epoch 8 ...
00:28:44 - process[3] - epoch 8 - train iter 360 - 16482.2 words/s - loss: 0.4689
00:28:44 - process[3]: training epoch 9 ...
00:29:02 - process[3] - epoch 9 - train iter 360 - 15668.4 words/s - loss: 0.3838
00:29:02 - process[3]: training epoch 10 ...
00:29:19 - process[3] - epoch 10 - train iter 360 - 16630.5 words/s - loss: 0.4271
00:29:19 - process[3]: evaluating epoch 10 on dev ...
00:30:01 - dev set during evaluation: 14340/14338
00:30:01 - process[3] - dev - epoch 10 - mAP: 0.498 w/ 39 queries
00:30:01 - process[3]: evaluating epoch 10 on test ...
00:30:30 - test set during evaluation: 11710/11707
00:30:30 - process[3] - test - epoch 10 - mAP: 0.541 w/ 39 queries
00:30:31 - process[3]: training epoch 11 ...
00:30:47 - process[3] - epoch 11 - train iter 360 - 17951.0 words/s - loss: 0.4171
00:30:47 - process[3]: evaluating epoch 11 on dev ...
00:31:22 - dev set during evaluation: 14340/14338
00:31:22 - process[3] - dev - epoch 11 - mAP: 0.498 w/ 39 queries
00:31:22 - process[3]: training epoch 12 ...
00:31:39 - process[3] - epoch 12 - train iter 360 - 16132.3 words/s - loss: 0.3940
00:31:39 - process[3]: evaluating epoch 12 on dev ...
00:32:11 - dev set during evaluation: 14340/14338
00:32:11 - process[3] - dev - epoch 12 - mAP: 0.524 w/ 39 queries
00:32:11 - process[3]: evaluating epoch 12 on test ...
00:32:40 - test set during evaluation: 11710/11707
00:32:40 - process[3] - test - epoch 12 - mAP: 0.556 w/ 39 queries
00:32:40 - process[3]: training epoch 13 ...
00:32:58 - process[3] - epoch 13 - train iter 360 - 16507.1 words/s - loss: 0.3651
00:32:58 - process[3]: evaluating epoch 13 on dev ...
00:33:30 - dev set during evaluation: 14340/14338
00:33:30 - process[3] - dev - epoch 13 - mAP: 0.518 w/ 39 queries
00:33:30 - process[3]: training epoch 14 ...
00:33:48 - process[3] - epoch 14 - train iter 360 - 16878.4 words/s - loss: 0.4063
00:33:48 - process[3]: evaluating epoch 14 on dev ...
00:34:21 - dev set during evaluation: 14340/14338
00:34:21 - process[3] - dev - epoch 14 - mAP: 0.503 w/ 39 queries
00:34:21 - process[3]: training epoch 15 ...
00:34:38 - process[3] - epoch 15 - train iter 360 - 16742.7 words/s - loss: 0.4070
00:34:38 - process[3]: evaluating epoch 15 on dev ...
00:35:10 - dev set during evaluation: 14340/14338
00:35:10 - process[3] - dev - epoch 15 - mAP: 0.504 w/ 39 queries
00:35:10 - process[3]: training epoch 16 ...
00:35:28 - process[3] - epoch 16 - train iter 360 - 16995.5 words/s - loss: 0.3725
00:35:28 - process[3]: evaluating epoch 16 on dev ...
00:36:00 - dev set during evaluation: 14340/14338
00:36:00 - process[3] - dev - epoch 16 - mAP: 0.508 w/ 39 queries
00:36:00 - process[3]: training epoch 17 ...
00:36:19 - process[3] - epoch 17 - train iter 360 - 15626.5 words/s - loss: 0.3789
00:36:19 - process[3]: evaluating epoch 17 on dev ...
00:36:52 - dev set during evaluation: 14340/14338
00:36:52 - process[3] - dev - epoch 17 - mAP: 0.504 w/ 39 queries
00:36:52 - process[3]: training epoch 18 ...
00:37:10 - process[3] - epoch 18 - train iter 360 - 15511.1 words/s - loss: 0.4146
00:37:10 - process[3]: evaluating epoch 18 on dev ...
00:37:44 - dev set during evaluation: 14340/14338
00:37:44 - process[3] - dev - epoch 18 - mAP: 0.513 w/ 39 queries
00:37:44 - process[3]: training epoch 19 ...
00:38:03 - process[3] - epoch 19 - train iter 360 - 15441.3 words/s - loss: 0.3776
00:38:03 - process[3]: evaluating epoch 19 on dev ...
00:38:35 - dev set during evaluation: 14340/14338
00:38:35 - process[3] - dev - epoch 19 - mAP: 0.496 w/ 39 queries
00:38:35 - [fold 3] best test MAP: 0.556 @ epoch 12
00:38:35 - Evaluating every 1 epochs ...
00:38:35 - reading data from /mnt/home/puxuan/CLIR-project/Evaluation_data/process-clef/uncased
00:38:36 - test has 38 queries ...
00:38:36 - Data reading done ...
00:38:37 - adding 9-th encoder to optimizer...
00:38:37 - adding 10-th encoder to optimizer...
00:38:37 - adding 11-th encoder to optimizer...
00:38:38 - process[3]: training epoch 0 ...
00:38:54 - process[3] - epoch 0 - train iter 404 - 18868.8 words/s - loss: 0.6049
00:38:54 - process[3]: training epoch 1 ...
00:39:13 - process[3] - epoch 1 - train iter 404 - 17178.3 words/s - loss: 0.5205
00:39:13 - process[3]: training epoch 2 ...
00:39:31 - process[3] - epoch 2 - train iter 404 - 17986.9 words/s - loss: 0.4974
00:39:31 - process[3]: training epoch 3 ...
00:39:48 - process[3] - epoch 3 - train iter 404 - 18580.3 words/s - loss: 0.4643
00:39:48 - process[3]: training epoch 4 ...
00:40:06 - process[3] - epoch 4 - train iter 404 - 17775.1 words/s - loss: 0.4764
00:40:06 - process[3]: training epoch 5 ...
00:40:25 - process[3] - epoch 5 - train iter 404 - 17583.0 words/s - loss: 0.4717
00:40:25 - process[3]: training epoch 6 ...
00:40:42 - process[3] - epoch 6 - train iter 404 - 19182.8 words/s - loss: 0.4542
00:40:42 - process[3]: training epoch 7 ...
00:41:01 - process[3] - epoch 7 - train iter 404 - 17475.8 words/s - loss: 0.4398
00:41:01 - process[3]: training epoch 8 ...
00:41:17 - process[3] - epoch 8 - train iter 404 - 19349.8 words/s - loss: 0.4351
00:41:17 - process[3]: training epoch 9 ...
00:41:35 - process[3] - epoch 9 - train iter 404 - 17564.8 words/s - loss: 0.4114
00:41:35 - process[3]: training epoch 10 ...
00:41:54 - process[3] - epoch 10 - train iter 404 - 17300.1 words/s - loss: 0.4035
00:41:54 - process[3]: evaluating epoch 10 on dev ...
00:42:24 - dev set during evaluation: 11710/11707
00:42:24 - process[3] - dev - epoch 10 - mAP: 0.525 w/ 39 queries
00:42:24 - process[3]: evaluating epoch 10 on test ...
00:42:52 - test set during evaluation: 13490/13483
00:42:52 - process[3] - test - epoch 10 - mAP: 0.494 w/ 38 queries
00:42:52 - process[3]: training epoch 11 ...
00:43:10 - process[3] - epoch 11 - train iter 404 - 17688.6 words/s - loss: 0.4151
00:43:10 - process[3]: evaluating epoch 11 on dev ...
00:43:38 - dev set during evaluation: 11710/11707
00:43:38 - process[3] - dev - epoch 11 - mAP: 0.518 w/ 39 queries
00:43:38 - process[3]: training epoch 12 ...
00:43:57 - process[3] - epoch 12 - train iter 404 - 17540.1 words/s - loss: 0.3939
00:43:57 - process[3]: evaluating epoch 12 on dev ...
00:44:23 - dev set during evaluation: 11710/11707
00:44:23 - process[3] - dev - epoch 12 - mAP: 0.527 w/ 39 queries
00:44:23 - process[3]: evaluating epoch 12 on test ...
00:44:50 - test set during evaluation: 13490/13483
00:44:51 - process[3] - test - epoch 12 - mAP: 0.475 w/ 38 queries
00:44:51 - process[3]: training epoch 13 ...
00:45:08 - process[3] - epoch 13 - train iter 404 - 18174.2 words/s - loss: 0.3592
00:45:08 - process[3]: evaluating epoch 13 on dev ...
00:45:35 - dev set during evaluation: 11710/11707
00:45:35 - process[3] - dev - epoch 13 - mAP: 0.528 w/ 39 queries
00:45:35 - process[3]: evaluating epoch 13 on test ...
00:46:03 - test set during evaluation: 13490/13483
00:46:03 - process[3] - test - epoch 13 - mAP: 0.520 w/ 38 queries
00:46:03 - process[3]: training epoch 14 ...
00:46:20 - process[3] - epoch 14 - train iter 404 - 19628.3 words/s - loss: 0.3723
00:46:20 - process[3]: evaluating epoch 14 on dev ...
00:46:48 - dev set during evaluation: 11710/11707
00:46:48 - process[3] - dev - epoch 14 - mAP: 0.511 w/ 39 queries
00:46:48 - process[3]: training epoch 15 ...
00:47:07 - process[3] - epoch 15 - train iter 404 - 17504.8 words/s - loss: 0.3979
00:47:07 - process[3]: evaluating epoch 15 on dev ...
00:47:34 - dev set during evaluation: 11710/11707
00:47:34 - process[3] - dev - epoch 15 - mAP: 0.534 w/ 39 queries
00:47:34 - process[3]: evaluating epoch 15 on test ...
00:48:01 - test set during evaluation: 13490/13483
00:48:01 - process[3] - test - epoch 15 - mAP: 0.498 w/ 38 queries
00:48:01 - process[3]: training epoch 16 ...
00:48:20 - process[3] - epoch 16 - train iter 404 - 17231.3 words/s - loss: 0.3822
00:48:20 - process[3]: evaluating epoch 16 on dev ...
00:48:46 - dev set during evaluation: 11710/11707
00:48:46 - process[3] - dev - epoch 16 - mAP: 0.536 w/ 39 queries
00:48:46 - process[3]: evaluating epoch 16 on test ...
00:49:14 - test set during evaluation: 13490/13483
00:49:14 - process[3] - test - epoch 16 - mAP: 0.522 w/ 38 queries
00:49:14 - process[3]: training epoch 17 ...
00:49:32 - process[3] - epoch 17 - train iter 404 - 17200.6 words/s - loss: 0.3473
00:49:32 - process[3]: evaluating epoch 17 on dev ...
00:49:59 - dev set during evaluation: 11710/11707
00:49:59 - process[3] - dev - epoch 17 - mAP: 0.544 w/ 39 queries
00:49:59 - process[3]: evaluating epoch 17 on test ...
00:50:26 - test set during evaluation: 13490/13483
00:50:26 - process[3] - test - epoch 17 - mAP: 0.504 w/ 38 queries
00:50:26 - process[3]: training epoch 18 ...
00:50:44 - process[3] - epoch 18 - train iter 404 - 18325.1 words/s - loss: 0.3363
00:50:44 - process[3]: evaluating epoch 18 on dev ...
00:51:12 - dev set during evaluation: 11710/11707
00:51:12 - process[3] - dev - epoch 18 - mAP: 0.554 w/ 39 queries
00:51:12 - process[3]: evaluating epoch 18 on test ...
00:51:40 - test set during evaluation: 13490/13483
00:51:40 - process[3] - test - epoch 18 - mAP: 0.526 w/ 38 queries
00:51:40 - process[3]: training epoch 19 ...
00:51:57 - process[3] - epoch 19 - train iter 404 - 18155.6 words/s - loss: 0.3402
00:51:57 - process[3]: evaluating epoch 19 on dev ...
00:52:24 - dev set during evaluation: 11710/11707
00:52:24 - process[3] - dev - epoch 19 - mAP: 0.540 w/ 39 queries
00:52:24 - [fold 4] best test MAP: 0.526 @ epoch 18
00:52:24 - Evaluating every 1 epochs ...
00:52:24 - reading data from /mnt/home/puxuan/CLIR-project/Evaluation_data/process-clef/uncased
00:52:25 - test has 38 queries ...
00:52:25 - Data reading done ...
00:52:27 - adding 9-th encoder to optimizer...
00:52:27 - adding 10-th encoder to optimizer...
00:52:27 - adding 11-th encoder to optimizer...
00:52:27 - process[3]: training epoch 0 ...
00:52:47 - process[3] - epoch 0 - train iter 444 - 18482.7 words/s - loss: 0.6163
00:52:47 - process[3]: training epoch 1 ...
00:53:06 - process[3] - epoch 1 - train iter 444 - 18227.8 words/s - loss: 0.5221
00:53:06 - process[3]: training epoch 2 ...
00:53:24 - process[3] - epoch 2 - train iter 444 - 19626.5 words/s - loss: 0.5135
00:53:24 - process[3]: training epoch 3 ...
00:53:43 - process[3] - epoch 3 - train iter 444 - 18844.9 words/s - loss: 0.4924
00:53:43 - process[3]: training epoch 4 ...
00:54:02 - process[3] - epoch 4 - train iter 444 - 18775.5 words/s - loss: 0.4875
00:54:02 - process[3]: training epoch 5 ...
00:54:21 - process[3] - epoch 5 - train iter 444 - 19019.1 words/s - loss: 0.4544
00:54:21 - process[3]: training epoch 6 ...
00:54:39 - process[3] - epoch 6 - train iter 444 - 18739.2 words/s - loss: 0.4280
00:54:39 - process[3]: training epoch 7 ...
00:54:57 - process[3] - epoch 7 - train iter 444 - 19549.2 words/s - loss: 0.4596
00:54:57 - process[3]: training epoch 8 ...
00:55:15 - process[3] - epoch 8 - train iter 444 - 19715.8 words/s - loss: 0.4301
00:55:15 - process[3]: training epoch 9 ...
00:55:35 - process[3] - epoch 9 - train iter 444 - 18029.1 words/s - loss: 0.4607
00:55:35 - process[3]: training epoch 10 ...
00:55:54 - process[3] - epoch 10 - train iter 444 - 19103.8 words/s - loss: 0.4376
00:55:54 - process[3]: evaluating epoch 10 on dev ...
00:56:22 - dev set during evaluation: 13490/13483
00:56:22 - process[3] - dev - epoch 10 - mAP: 0.514 w/ 38 queries
00:56:22 - process[3]: evaluating epoch 10 on test ...
00:56:55 - test set during evaluation: 13890/13887
00:56:55 - process[3] - test - epoch 10 - mAP: 0.443 w/ 38 queries
00:56:55 - process[3]: training epoch 11 ...
00:57:15 - process[3] - epoch 11 - train iter 444 - 17825.0 words/s - loss: 0.4214
00:57:15 - process[3]: evaluating epoch 11 on dev ...
00:57:42 - dev set during evaluation: 13490/13483
00:57:42 - process[3] - dev - epoch 11 - mAP: 0.499 w/ 38 queries
00:57:42 - process[3]: training epoch 12 ...
00:58:01 - process[3] - epoch 12 - train iter 444 - 18761.1 words/s - loss: 0.4171
00:58:01 - process[3]: evaluating epoch 12 on dev ...
00:58:28 - dev set during evaluation: 13490/13483
00:58:28 - process[3] - dev - epoch 12 - mAP: 0.482 w/ 38 queries
00:58:28 - process[3]: training epoch 13 ...
00:58:47 - process[3] - epoch 13 - train iter 444 - 18978.9 words/s - loss: 0.4365
00:58:47 - process[3]: evaluating epoch 13 on dev ...
00:59:14 - dev set during evaluation: 13490/13483
00:59:14 - process[3] - dev - epoch 13 - mAP: 0.468 w/ 38 queries
00:59:14 - process[3]: training epoch 14 ...
00:59:32 - process[3] - epoch 14 - train iter 444 - 19649.3 words/s - loss: 0.4286
00:59:32 - process[3]: evaluating epoch 14 on dev ...
01:00:05 - dev set during evaluation: 13490/13483
01:00:05 - process[3] - dev - epoch 14 - mAP: 0.501 w/ 38 queries
01:00:05 - process[3]: training epoch 15 ...
01:00:24 - process[3] - epoch 15 - train iter 444 - 18861.8 words/s - loss: 0.3853
01:00:24 - process[3]: evaluating epoch 15 on dev ...
01:00:51 - dev set during evaluation: 13490/13483
01:00:51 - process[3] - dev - epoch 15 - mAP: 0.499 w/ 38 queries
01:00:51 - process[3]: training epoch 16 ...
01:01:09 - process[3] - epoch 16 - train iter 444 - 19979.7 words/s - loss: 0.4022
01:01:09 - process[3]: evaluating epoch 16 on dev ...
01:01:39 - dev set during evaluation: 13490/13483
01:01:39 - process[3] - dev - epoch 16 - mAP: 0.510 w/ 38 queries
01:01:39 - process[3]: training epoch 17 ...
01:01:58 - process[3] - epoch 17 - train iter 444 - 18623.6 words/s - loss: 0.3952
01:01:58 - process[3]: evaluating epoch 17 on dev ...
01:02:26 - dev set during evaluation: 13490/13483
01:02:26 - process[3] - dev - epoch 17 - mAP: 0.488 w/ 38 queries
01:02:26 - process[3]: training epoch 18 ...
01:02:45 - process[3] - epoch 18 - train iter 444 - 18349.0 words/s - loss: 0.3809
01:02:45 - process[3]: evaluating epoch 18 on dev ...
01:03:13 - dev set during evaluation: 13490/13483
01:03:13 - process[3] - dev - epoch 18 - mAP: 0.495 w/ 38 queries
01:03:13 - process[3]: training epoch 19 ...
01:03:30 - process[3] - epoch 19 - train iter 444 - 20631.6 words/s - loss: 0.3631
01:03:30 - process[3]: evaluating epoch 19 on dev ...
01:03:59 - dev set during evaluation: 13490/13483
01:03:59 - process[3] - dev - epoch 19 - mAP: 0.497 w/ 38 queries
01:03:59 - [fold 5] best test MAP: 0.443 @ epoch 10
01:03:59 - [0.418455056066904, 0.5070842424889064, 0.5558642215527971, 0.5260719422021731, 0.4425559803455366]
01:03:59 - [38, 39, 39, 38, 38]
01:03:59 - final MAP: 0.490
00:00:06 - Namespace(apex_level='O2', batch_size=8, cased=False, dataset='clef', debug=False, encoder_lr=2e-05, eval_step=1, full_doc_length=True, local_rank=3, model_path='/mnt/scratch/puxuan/short_qlm_0.45/2186793/huggingface-19', model_type='mbert', num_epochs=20, num_ft_encoders=3, num_neg=1, projector_lr=2e-05, seed=611, source_lang='fr', target_lang='de')
00:00:14 - Evaluating every 1 epochs ...
00:00:14 - reading data from /mnt/home/puxuan/CLIR-project/Evaluation_data/process-clef/uncased
00:00:15 - test has 38 queries ...
00:00:15 - Data reading done ...
00:00:21 - adding 9-th encoder to optimizer...
00:00:21 - adding 10-th encoder to optimizer...
00:00:21 - adding 11-th encoder to optimizer...
00:00:22 - process[3]: training epoch 0 ...
00:00:38 - process[3] - epoch 0 - train iter 423 - 20112.8 words/s - loss: 0.6049
00:00:38 - process[3]: training epoch 1 ...
00:00:55 - process[3] - epoch 1 - train iter 423 - 20632.4 words/s - loss: 0.5338
00:00:55 - process[3]: training epoch 2 ...
00:01:12 - process[3] - epoch 2 - train iter 423 - 20193.5 words/s - loss: 0.4934
00:01:12 - process[3]: training epoch 3 ...
00:01:27 - process[3] - epoch 3 - train iter 423 - 21568.5 words/s - loss: 0.5002
00:01:27 - process[3]: training epoch 4 ...
00:01:43 - process[3] - epoch 4 - train iter 423 - 21165.3 words/s - loss: 0.4581
00:01:43 - process[3]: training epoch 5 ...
00:02:01 - process[3] - epoch 5 - train iter 423 - 19858.7 words/s - loss: 0.4613
00:02:01 - process[3]: training epoch 6 ...
00:02:16 - process[3] - epoch 6 - train iter 423 - 21701.4 words/s - loss: 0.4632
00:02:16 - process[3]: training epoch 7 ...
00:02:32 - process[3] - epoch 7 - train iter 423 - 20472.3 words/s - loss: 0.4306
00:02:32 - process[3]: training epoch 8 ...
00:02:48 - process[3] - epoch 8 - train iter 423 - 20981.5 words/s - loss: 0.4357
00:02:48 - process[3]: training epoch 9 ...
00:03:05 - process[3] - epoch 9 - train iter 423 - 20250.3 words/s - loss: 0.4429
00:03:05 - process[3]: training epoch 10 ...
00:03:22 - process[3] - epoch 10 - train iter 423 - 20026.3 words/s - loss: 0.4026
00:03:22 - process[3]: evaluating epoch 10 on dev ...
00:03:54 - dev set during evaluation: 13890/13887
00:03:54 - process[3] - dev - epoch 10 - mAP: 0.480 w/ 38 queries
00:03:54 - process[3]: evaluating epoch 10 on test ...
00:04:24 - test set during evaluation: 15580/15574
00:04:24 - process[3] - test - epoch 10 - mAP: 0.440 w/ 38 queries
00:04:24 - process[3]: training epoch 11 ...
00:04:42 - process[3] - epoch 11 - train iter 423 - 19496.6 words/s - loss: 0.4210
00:04:42 - process[3]: evaluating epoch 11 on dev ...
00:05:10 - dev set during evaluation: 13890/13887
00:05:10 - process[3] - dev - epoch 11 - mAP: 0.493 w/ 38 queries
00:05:10 - process[3]: evaluating epoch 11 on test ...
00:05:40 - test set during evaluation: 15580/15574
00:05:40 - process[3] - test - epoch 11 - mAP: 0.428 w/ 38 queries
00:05:40 - process[3]: training epoch 12 ...
00:05:55 - process[3] - epoch 12 - train iter 423 - 22036.9 words/s - loss: 0.4309
00:05:55 - process[3]: evaluating epoch 12 on dev ...
00:06:25 - dev set during evaluation: 13890/13887
00:06:25 - process[3] - dev - epoch 12 - mAP: 0.492 w/ 38 queries
00:06:25 - process[3]: training epoch 13 ...
00:06:41 - process[3] - epoch 13 - train iter 423 - 21860.9 words/s - loss: 0.4046
00:06:41 - process[3]: evaluating epoch 13 on dev ...
00:07:11 - dev set during evaluation: 13890/13887
00:07:11 - process[3] - dev - epoch 13 - mAP: 0.489 w/ 38 queries
00:07:11 - process[3]: training epoch 14 ...
00:07:27 - process[3] - epoch 14 - train iter 423 - 21676.4 words/s - loss: 0.3867
00:07:27 - process[3]: evaluating epoch 14 on dev ...
00:07:56 - dev set during evaluation: 13890/13887
00:07:56 - process[3] - dev - epoch 14 - mAP: 0.494 w/ 38 queries
00:07:56 - process[3]: evaluating epoch 14 on test ...
00:08:26 - test set during evaluation: 15580/15574
00:08:26 - process[3] - test - epoch 14 - mAP: 0.438 w/ 38 queries
00:08:26 - process[3]: training epoch 15 ...
00:08:42 - process[3] - epoch 15 - train iter 423 - 21202.6 words/s - loss: 0.3946
00:08:42 - process[3]: evaluating epoch 15 on dev ...
00:09:13 - dev set during evaluation: 13890/13887
00:09:13 - process[3] - dev - epoch 15 - mAP: 0.486 w/ 38 queries
00:09:13 - process[3]: training epoch 16 ...
00:09:28 - process[3] - epoch 16 - train iter 423 - 21170.9 words/s - loss: 0.3439
00:09:28 - process[3]: evaluating epoch 16 on dev ...
00:09:58 - dev set during evaluation: 13890/13887
00:09:58 - process[3] - dev - epoch 16 - mAP: 0.466 w/ 38 queries
00:09:58 - process[3]: training epoch 17 ...
00:10:15 - process[3] - epoch 17 - train iter 423 - 19319.8 words/s - loss: 0.3949
00:10:15 - process[3]: evaluating epoch 17 on dev ...
00:10:43 - dev set during evaluation: 13890/13887
00:10:43 - process[3] - dev - epoch 17 - mAP: 0.459 w/ 38 queries
00:10:43 - process[3]: training epoch 18 ...
00:11:00 - process[3] - epoch 18 - train iter 423 - 19716.5 words/s - loss: 0.3704
00:11:00 - process[3]: evaluating epoch 18 on dev ...
00:11:28 - dev set during evaluation: 13890/13887
00:11:28 - process[3] - dev - epoch 18 - mAP: 0.509 w/ 38 queries
00:11:28 - process[3]: evaluating epoch 18 on test ...
00:11:58 - test set during evaluation: 15580/15574
00:11:58 - process[3] - test - epoch 18 - mAP: 0.418 w/ 38 queries
00:11:58 - process[3]: training epoch 19 ...
00:12:15 - process[3] - epoch 19 - train iter 423 - 20889.0 words/s - loss: 0.3732
00:12:15 - process[3]: evaluating epoch 19 on dev ...
00:12:43 - dev set during evaluation: 13890/13887
00:12:43 - process[3] - dev - epoch 19 - mAP: 0.473 w/ 38 queries
00:12:43 - [fold 1] best test MAP: 0.418 @ epoch 18
00:12:43 - Evaluating every 1 epochs ...
00:12:43 - reading data from /mnt/home/puxuan/CLIR-project/Evaluation_data/process-clef/uncased
00:12:44 - test has 39 queries ...
00:12:44 - Data reading done ...
00:12:46 - adding 9-th encoder to optimizer...
00:12:46 - adding 10-th encoder to optimizer...
00:12:46 - adding 11-th encoder to optimizer...
00:12:46 - process[3]: training epoch 0 ...
00:13:07 - process[3] - epoch 0 - train iter 386 - 15049.9 words/s - loss: 0.6030
00:13:07 - process[3]: training epoch 1 ...
00:13:25 - process[3] - epoch 1 - train iter 386 - 16188.8 words/s - loss: 0.5537
00:13:25 - process[3]: training epoch 2 ...
00:13:43 - process[3] - epoch 2 - train iter 386 - 16860.4 words/s - loss: 0.5007
00:13:43 - process[3]: training epoch 3 ...
00:14:01 - process[3] - epoch 3 - train iter 386 - 16935.9 words/s - loss: 0.4657
00:14:01 - process[3]: training epoch 4 ...
00:14:18 - process[3] - epoch 4 - train iter 386 - 17478.5 words/s - loss: 0.5014
00:14:18 - process[3]: training epoch 5 ...
00:14:35 - process[3] - epoch 5 - train iter 386 - 18872.1 words/s - loss: 0.4382
00:14:35 - process[3]: training epoch 6 ...
00:14:51 - process[3] - epoch 6 - train iter 386 - 18072.3 words/s - loss: 0.4133
00:14:51 - process[3]: training epoch 7 ...
00:15:09 - process[3] - epoch 7 - train iter 386 - 16978.2 words/s - loss: 0.4232
00:15:09 - process[3]: training epoch 8 ...
00:15:29 - process[3] - epoch 8 - train iter 386 - 15203.3 words/s - loss: 0.4189
00:15:29 - process[3]: training epoch 9 ...
00:15:47 - process[3] - epoch 9 - train iter 386 - 16514.4 words/s - loss: 0.4172
00:15:47 - process[3]: training epoch 10 ...
00:16:06 - process[3] - epoch 10 - train iter 386 - 16250.5 words/s - loss: 0.4453
00:16:06 - process[3]: evaluating epoch 10 on dev ...
00:16:43 - dev set during evaluation: 15580/15574
00:16:43 - process[3] - dev - epoch 10 - mAP: 0.424 w/ 38 queries
00:16:43 - process[3]: evaluating epoch 10 on test ...
00:17:15 - test set during evaluation: 14340/14338
00:17:15 - process[3] - test - epoch 10 - mAP: 0.508 w/ 39 queries
00:17:15 - process[3]: training epoch 11 ...
00:17:33 - process[3] - epoch 11 - train iter 386 - 16969.0 words/s - loss: 0.4173
00:17:33 - process[3]: evaluating epoch 11 on dev ...
00:18:10 - dev set during evaluation: 15580/15574
00:18:10 - process[3] - dev - epoch 11 - mAP: 0.441 w/ 38 queries
00:18:10 - process[3]: evaluating epoch 11 on test ...
00:18:43 - test set during evaluation: 14340/14338
00:18:43 - process[3] - test - epoch 11 - mAP: 0.507 w/ 39 queries
00:18:43 - process[3]: training epoch 12 ...
00:19:00 - process[3] - epoch 12 - train iter 386 - 17653.4 words/s - loss: 0.4174
00:19:00 - process[3]: evaluating epoch 12 on dev ...
00:19:37 - dev set during evaluation: 15580/15574
00:19:37 - process[3] - dev - epoch 12 - mAP: 0.429 w/ 38 queries
00:19:37 - process[3]: training epoch 13 ...
00:19:54 - process[3] - epoch 13 - train iter 386 - 18011.2 words/s - loss: 0.3844
00:19:54 - process[3]: evaluating epoch 13 on dev ...
00:20:32 - dev set during evaluation: 15580/15574
00:20:32 - process[3] - dev - epoch 13 - mAP: 0.426 w/ 38 queries
00:20:32 - process[3]: training epoch 14 ...
00:20:49 - process[3] - epoch 14 - train iter 386 - 18019.4 words/s - loss: 0.3942
00:20:49 - process[3]: evaluating epoch 14 on dev ...
00:21:26 - dev set during evaluation: 15580/15574
00:21:26 - process[3] - dev - epoch 14 - mAP: 0.428 w/ 38 queries
00:21:26 - process[3]: training epoch 15 ...
00:21:45 - process[3] - epoch 15 - train iter 386 - 16855.4 words/s - loss: 0.3904
00:21:45 - process[3]: evaluating epoch 15 on dev ...
00:22:20 - dev set during evaluation: 15580/15574
00:22:20 - process[3] - dev - epoch 15 - mAP: 0.427 w/ 38 queries
00:22:20 - process[3]: training epoch 16 ...
00:22:38 - process[3] - epoch 16 - train iter 386 - 17249.5 words/s - loss: 0.3541
00:22:38 - process[3]: evaluating epoch 16 on dev ...
00:23:14 - dev set during evaluation: 15580/15574
00:23:14 - process[3] - dev - epoch 16 - mAP: 0.423 w/ 38 queries
00:23:14 - process[3]: training epoch 17 ...
00:23:33 - process[3] - epoch 17 - train iter 386 - 16467.2 words/s - loss: 0.3562
00:23:33 - process[3]: evaluating epoch 17 on dev ...
00:24:08 - dev set during evaluation: 15580/15574
00:24:08 - process[3] - dev - epoch 17 - mAP: 0.424 w/ 38 queries
00:24:08 - process[3]: training epoch 18 ...
00:24:27 - process[3] - epoch 18 - train iter 386 - 16664.3 words/s - loss: 0.3500
00:24:27 - process[3]: evaluating epoch 18 on dev ...
00:25:03 - dev set during evaluation: 15580/15574
00:25:03 - process[3] - dev - epoch 18 - mAP: 0.428 w/ 38 queries
00:25:03 - process[3]: training epoch 19 ...
00:25:22 - process[3] - epoch 19 - train iter 386 - 15445.3 words/s - loss: 0.3717
00:25:22 - process[3]: evaluating epoch 19 on dev ...
00:25:57 - dev set during evaluation: 15580/15574
00:25:57 - process[3] - dev - epoch 19 - mAP: 0.413 w/ 38 queries
00:25:57 - [fold 2] best test MAP: 0.507 @ epoch 11
00:25:57 - Evaluating every 1 epochs ...
00:25:57 - reading data from /mnt/home/puxuan/CLIR-project/Evaluation_data/process-clef/uncased
00:25:58 - test has 39 queries ...
00:25:58 - Data reading done ...
00:25:59 - adding 9-th encoder to optimizer...
00:25:59 - adding 10-th encoder to optimizer...
00:25:59 - adding 11-th encoder to optimizer...
00:26:00 - process[3]: training epoch 0 ...
00:26:17 - process[3] - epoch 0 - train iter 360 - 16818.9 words/s - loss: 0.6124
00:26:17 - process[3]: training epoch 1 ...
00:26:34 - process[3] - epoch 1 - train iter 360 - 16678.4 words/s - loss: 0.5663
00:26:34 - process[3]: training epoch 2 ...
00:26:52 - process[3] - epoch 2 - train iter 360 - 16334.8 words/s - loss: 0.5254
00:26:52 - process[3]: training epoch 3 ...
00:27:10 - process[3] - epoch 3 - train iter 360 - 15780.2 words/s - loss: 0.4962
00:27:10 - process[3]: training epoch 4 ...
00:27:25 - process[3] - epoch 4 - train iter 360 - 18933.4 words/s - loss: 0.4768
00:27:25 - process[3]: training epoch 5 ...
00:27:42 - process[3] - epoch 5 - train iter 360 - 17108.8 words/s - loss: 0.4484
00:27:42 - process[3]: training epoch 6 ...
00:27:59 - process[3] - epoch 6 - train iter 360 - 16233.2 words/s - loss: 0.4486
00:27:59 - process[3]: training epoch 7 ...
00:28:16 - process[3] - epoch 7 - train iter 360 - 17410.2 words/s - loss: 0.4393
00:28:16 - process[3]: training epoch 8 ...
00:28:32 - process[3] - epoch 8 - train iter 360 - 16638.0 words/s - loss: 0.4689
00:28:32 - process[3]: training epoch 9 ...
00:28:50 - process[3] - epoch 9 - train iter 360 - 15845.0 words/s - loss: 0.3838
00:28:50 - process[3]: training epoch 10 ...
00:29:07 - process[3] - epoch 10 - train iter 360 - 16760.0 words/s - loss: 0.4271
00:29:07 - process[3]: evaluating epoch 10 on dev ...
00:29:51 - dev set during evaluation: 14340/14338
00:29:51 - process[3] - dev - epoch 10 - mAP: 0.498 w/ 39 queries
00:29:51 - process[3]: evaluating epoch 10 on test ...
00:30:19 - test set during evaluation: 11710/11707
00:30:19 - process[3] - test - epoch 10 - mAP: 0.541 w/ 39 queries
00:30:19 - process[3]: training epoch 11 ...
00:30:35 - process[3] - epoch 11 - train iter 360 - 18044.8 words/s - loss: 0.4171
00:30:35 - process[3]: evaluating epoch 11 on dev ...
00:31:11 - dev set during evaluation: 14340/14338
00:31:11 - process[3] - dev - epoch 11 - mAP: 0.498 w/ 39 queries
00:31:11 - process[3]: training epoch 12 ...
00:31:28 - process[3] - epoch 12 - train iter 360 - 16079.7 words/s - loss: 0.3940
00:31:28 - process[3]: evaluating epoch 12 on dev ...
00:32:00 - dev set during evaluation: 14340/14338
00:32:00 - process[3] - dev - epoch 12 - mAP: 0.524 w/ 39 queries
00:32:01 - process[3]: evaluating epoch 12 on test ...
00:32:29 - test set during evaluation: 11710/11707
00:32:29 - process[3] - test - epoch 12 - mAP: 0.556 w/ 39 queries
00:32:29 - process[3]: training epoch 13 ...
00:32:46 - process[3] - epoch 13 - train iter 360 - 16753.0 words/s - loss: 0.3651
00:32:46 - process[3]: evaluating epoch 13 on dev ...
00:33:20 - dev set during evaluation: 14340/14338
00:33:20 - process[3] - dev - epoch 13 - mAP: 0.518 w/ 39 queries
00:33:20 - process[3]: training epoch 14 ...
00:33:37 - process[3] - epoch 14 - train iter 360 - 17049.4 words/s - loss: 0.4063
00:33:37 - process[3]: evaluating epoch 14 on dev ...
00:34:10 - dev set during evaluation: 14340/14338
00:34:10 - process[3] - dev - epoch 14 - mAP: 0.503 w/ 39 queries
00:34:10 - process[3]: training epoch 15 ...
00:34:27 - process[3] - epoch 15 - train iter 360 - 16769.7 words/s - loss: 0.4070
00:34:27 - process[3]: evaluating epoch 15 on dev ...
00:35:00 - dev set during evaluation: 14340/14338
00:35:00 - process[3] - dev - epoch 15 - mAP: 0.504 w/ 39 queries
00:35:00 - process[3]: training epoch 16 ...
00:35:17 - process[3] - epoch 16 - train iter 360 - 16820.2 words/s - loss: 0.3725
00:35:17 - process[3]: evaluating epoch 16 on dev ...
00:35:51 - dev set during evaluation: 14340/14338
00:35:51 - process[3] - dev - epoch 16 - mAP: 0.508 w/ 39 queries
00:35:51 - process[3]: training epoch 17 ...
00:36:09 - process[3] - epoch 17 - train iter 360 - 15503.3 words/s - loss: 0.3789
00:36:09 - process[3]: evaluating epoch 17 on dev ...
00:36:42 - dev set during evaluation: 14340/14338
00:36:42 - process[3] - dev - epoch 17 - mAP: 0.504 w/ 39 queries
00:36:42 - process[3]: training epoch 18 ...
00:37:00 - process[3] - epoch 18 - train iter 360 - 15561.0 words/s - loss: 0.4146
00:37:00 - process[3]: evaluating epoch 18 on dev ...
00:37:34 - dev set during evaluation: 14340/14338
00:37:34 - process[3] - dev - epoch 18 - mAP: 0.513 w/ 39 queries
00:37:34 - process[3]: training epoch 19 ...
00:37:53 - process[3] - epoch 19 - train iter 360 - 15516.8 words/s - loss: 0.3776
00:37:53 - process[3]: evaluating epoch 19 on dev ...
00:38:25 - dev set during evaluation: 14340/14338
00:38:25 - process[3] - dev - epoch 19 - mAP: 0.496 w/ 39 queries
00:38:25 - [fold 3] best test MAP: 0.556 @ epoch 12
00:38:25 - Evaluating every 1 epochs ...
00:38:25 - reading data from /mnt/home/puxuan/CLIR-project/Evaluation_data/process-clef/uncased
00:38:26 - test has 38 queries ...
00:38:26 - Data reading done ...
00:38:28 - adding 9-th encoder to optimizer...
00:38:28 - adding 10-th encoder to optimizer...
00:38:28 - adding 11-th encoder to optimizer...
00:38:28 - process[3]: training epoch 0 ...
00:38:45 - process[3] - epoch 0 - train iter 404 - 18990.5 words/s - loss: 0.6049
00:38:45 - process[3]: training epoch 1 ...
00:39:04 - process[3] - epoch 1 - train iter 404 - 17273.8 words/s - loss: 0.5205
00:39:04 - process[3]: training epoch 2 ...
00:39:21 - process[3] - epoch 2 - train iter 404 - 18104.3 words/s - loss: 0.4974
00:39:21 - process[3]: training epoch 3 ...
00:39:39 - process[3] - epoch 3 - train iter 404 - 18735.8 words/s - loss: 0.4643
00:39:39 - process[3]: training epoch 4 ...
00:39:56 - process[3] - epoch 4 - train iter 404 - 17863.6 words/s - loss: 0.4764
00:39:56 - process[3]: training epoch 5 ...
00:40:15 - process[3] - epoch 5 - train iter 404 - 17673.5 words/s - loss: 0.4717
00:40:15 - process[3]: training epoch 6 ...
00:40:32 - process[3] - epoch 6 - train iter 404 - 19309.6 words/s - loss: 0.4542
00:40:32 - process[3]: training epoch 7 ...
00:40:50 - process[3] - epoch 7 - train iter 404 - 17586.4 words/s - loss: 0.4398
00:40:50 - process[3]: training epoch 8 ...
00:41:07 - process[3] - epoch 8 - train iter 404 - 19470.5 words/s - loss: 0.4351
00:41:07 - process[3]: training epoch 9 ...
00:41:25 - process[3] - epoch 9 - train iter 404 - 17630.0 words/s - loss: 0.4114
00:41:25 - process[3]: training epoch 10 ...
00:41:44 - process[3] - epoch 10 - train iter 404 - 17188.1 words/s - loss: 0.4035
00:41:44 - process[3]: evaluating epoch 10 on dev ...
00:42:17 - dev set during evaluation: 11710/11707
00:42:17 - process[3] - dev - epoch 10 - mAP: 0.525 w/ 39 queries
00:42:17 - process[3]: evaluating epoch 10 on test ...
00:42:45 - test set during evaluation: 13490/13483
00:42:45 - process[3] - test - epoch 10 - mAP: 0.494 w/ 38 queries
00:42:45 - process[3]: training epoch 11 ...
00:43:03 - process[3] - epoch 11 - train iter 404 - 17812.2 words/s - loss: 0.4151
00:43:03 - process[3]: evaluating epoch 11 on dev ...
00:43:31 - dev set during evaluation: 11710/11707
00:43:31 - process[3] - dev - epoch 11 - mAP: 0.518 w/ 39 queries
00:43:31 - process[3]: training epoch 12 ...
00:43:50 - process[3] - epoch 12 - train iter 404 - 17706.6 words/s - loss: 0.3939
00:43:50 - process[3]: evaluating epoch 12 on dev ...
00:44:17 - dev set during evaluation: 11710/11707
00:44:17 - process[3] - dev - epoch 12 - mAP: 0.527 w/ 39 queries
00:44:17 - process[3]: evaluating epoch 12 on test ...
00:44:44 - test set during evaluation: 13490/13483
00:44:44 - process[3] - test - epoch 12 - mAP: 0.475 w/ 38 queries
00:44:44 - process[3]: training epoch 13 ...
00:45:02 - process[3] - epoch 13 - train iter 404 - 18244.2 words/s - loss: 0.3592
00:45:02 - process[3]: evaluating epoch 13 on dev ...
00:45:29 - dev set during evaluation: 11710/11707
00:45:29 - process[3] - dev - epoch 13 - mAP: 0.528 w/ 39 queries
00:45:29 - process[3]: evaluating epoch 13 on test ...
00:45:57 - test set during evaluation: 13490/13483
00:45:57 - process[3] - test - epoch 13 - mAP: 0.520 w/ 38 queries
00:45:57 - process[3]: training epoch 14 ...
00:46:13 - process[3] - epoch 14 - train iter 404 - 19604.3 words/s - loss: 0.3723
00:46:13 - process[3]: evaluating epoch 14 on dev ...
00:46:43 - dev set during evaluation: 11710/11707
00:46:43 - process[3] - dev - epoch 14 - mAP: 0.511 w/ 39 queries
00:46:43 - process[3]: training epoch 15 ...
00:47:01 - process[3] - epoch 15 - train iter 404 - 17561.7 words/s - loss: 0.3979
00:47:01 - process[3]: evaluating epoch 15 on dev ...
00:47:28 - dev set during evaluation: 11710/11707
00:47:28 - process[3] - dev - epoch 15 - mAP: 0.534 w/ 39 queries
00:47:28 - process[3]: evaluating epoch 15 on test ...
00:47:55 - test set during evaluation: 13490/13483
00:47:55 - process[3] - test - epoch 15 - mAP: 0.498 w/ 38 queries
00:47:55 - process[3]: training epoch 16 ...
00:48:14 - process[3] - epoch 16 - train iter 404 - 17227.7 words/s - loss: 0.3822
00:48:14 - process[3]: evaluating epoch 16 on dev ...
00:48:41 - dev set during evaluation: 11710/11707
00:48:41 - process[3] - dev - epoch 16 - mAP: 0.536 w/ 39 queries
00:48:41 - process[3]: evaluating epoch 16 on test ...
00:49:08 - test set during evaluation: 13490/13483
00:49:08 - process[3] - test - epoch 16 - mAP: 0.522 w/ 38 queries
00:49:08 - process[3]: training epoch 17 ...
00:49:27 - process[3] - epoch 17 - train iter 404 - 17279.0 words/s - loss: 0.3473
00:49:27 - process[3]: evaluating epoch 17 on dev ...
00:49:54 - dev set during evaluation: 11710/11707
00:49:54 - process[3] - dev - epoch 17 - mAP: 0.544 w/ 39 queries
00:49:54 - process[3]: evaluating epoch 17 on test ...
00:50:22 - test set during evaluation: 13490/13483
00:50:22 - process[3] - test - epoch 17 - mAP: 0.504 w/ 38 queries
00:50:22 - process[3]: training epoch 18 ...
00:50:39 - process[3] - epoch 18 - train iter 404 - 18384.3 words/s - loss: 0.3363
00:50:39 - process[3]: evaluating epoch 18 on dev ...
00:51:07 - dev set during evaluation: 11710/11707
00:51:07 - process[3] - dev - epoch 18 - mAP: 0.554 w/ 39 queries
00:51:07 - process[3]: evaluating epoch 18 on test ...
00:51:35 - test set during evaluation: 13490/13483
00:51:35 - process[3] - test - epoch 18 - mAP: 0.526 w/ 38 queries
00:51:35 - process[3]: training epoch 19 ...
00:51:52 - process[3] - epoch 19 - train iter 404 - 18549.2 words/s - loss: 0.3402
00:51:52 - process[3]: evaluating epoch 19 on dev ...
00:52:19 - dev set during evaluation: 11710/11707
00:52:19 - process[3] - dev - epoch 19 - mAP: 0.540 w/ 39 queries
00:52:19 - [fold 4] best test MAP: 0.526 @ epoch 18
00:52:19 - Evaluating every 1 epochs ...
00:52:19 - reading data from /mnt/home/puxuan/CLIR-project/Evaluation_data/process-clef/uncased
00:52:21 - test has 38 queries ...
00:52:21 - Data reading done ...
00:52:22 - adding 9-th encoder to optimizer...
00:52:22 - adding 10-th encoder to optimizer...
00:52:22 - adding 11-th encoder to optimizer...
00:52:23 - process[3]: training epoch 0 ...
00:52:42 - process[3] - epoch 0 - train iter 444 - 18495.0 words/s - loss: 0.6163
00:52:42 - process[3]: training epoch 1 ...
00:53:01 - process[3] - epoch 1 - train iter 444 - 18315.2 words/s - loss: 0.5221
00:53:01 - process[3]: training epoch 2 ...
00:53:19 - process[3] - epoch 2 - train iter 444 - 19678.1 words/s - loss: 0.5135
00:53:19 - process[3]: training epoch 3 ...
00:53:38 - process[3] - epoch 3 - train iter 444 - 19055.0 words/s - loss: 0.4924
00:53:38 - process[3]: training epoch 4 ...
00:53:57 - process[3] - epoch 4 - train iter 444 - 18975.8 words/s - loss: 0.4875
00:53:57 - process[3]: training epoch 5 ...
00:54:15 - process[3] - epoch 5 - train iter 444 - 19152.0 words/s - loss: 0.4544
00:54:15 - process[3]: training epoch 6 ...
00:54:34 - process[3] - epoch 6 - train iter 444 - 18933.4 words/s - loss: 0.4280
00:54:34 - process[3]: training epoch 7 ...
00:54:52 - process[3] - epoch 7 - train iter 444 - 19749.7 words/s - loss: 0.4596
00:54:52 - process[3]: training epoch 8 ...
00:55:09 - process[3] - epoch 8 - train iter 444 - 19929.9 words/s - loss: 0.4301
00:55:09 - process[3]: training epoch 9 ...
00:55:29 - process[3] - epoch 9 - train iter 444 - 18182.8 words/s - loss: 0.4607
00:55:29 - process[3]: training epoch 10 ...
00:55:47 - process[3] - epoch 10 - train iter 444 - 19249.9 words/s - loss: 0.4376
00:55:47 - process[3]: evaluating epoch 10 on dev ...
00:56:18 - dev set during evaluation: 13490/13483
00:56:18 - process[3] - dev - epoch 10 - mAP: 0.514 w/ 38 queries
00:56:18 - process[3]: evaluating epoch 10 on test ...
00:56:50 - test set during evaluation: 13890/13887
00:56:50 - process[3] - test - epoch 10 - mAP: 0.443 w/ 38 queries
00:56:50 - process[3]: training epoch 11 ...
00:57:10 - process[3] - epoch 11 - train iter 444 - 17905.2 words/s - loss: 0.4214
00:57:10 - process[3]: evaluating epoch 11 on dev ...
00:57:37 - dev set during evaluation: 13490/13483
00:57:37 - process[3] - dev - epoch 11 - mAP: 0.499 w/ 38 queries
00:57:37 - process[3]: training epoch 12 ...
00:57:56 - process[3] - epoch 12 - train iter 444 - 18885.8 words/s - loss: 0.4171
00:57:56 - process[3]: evaluating epoch 12 on dev ...
00:58:24 - dev set during evaluation: 13490/13483
00:58:24 - process[3] - dev - epoch 12 - mAP: 0.482 w/ 38 queries
00:58:24 - process[3]: training epoch 13 ...
00:58:42 - process[3] - epoch 13 - train iter 444 - 18898.2 words/s - loss: 0.4365
00:58:42 - process[3]: evaluating epoch 13 on dev ...
00:59:10 - dev set during evaluation: 13490/13483
00:59:10 - process[3] - dev - epoch 13 - mAP: 0.468 w/ 38 queries
00:59:10 - process[3]: training epoch 14 ...
00:59:28 - process[3] - epoch 14 - train iter 444 - 19606.4 words/s - loss: 0.4286
00:59:28 - process[3]: evaluating epoch 14 on dev ...
00:59:58 - dev set during evaluation: 13490/13483
00:59:58 - process[3] - dev - epoch 14 - mAP: 0.501 w/ 38 queries
00:59:58 - process[3]: training epoch 15 ...
01:00:17 - process[3] - epoch 15 - train iter 444 - 18826.8 words/s - loss: 0.3853
01:00:17 - process[3]: evaluating epoch 15 on dev ...
01:00:44 - dev set during evaluation: 13490/13483
01:00:44 - process[3] - dev - epoch 15 - mAP: 0.499 w/ 38 queries
01:00:44 - process[3]: training epoch 16 ...
01:01:02 - process[3] - epoch 16 - train iter 444 - 19974.6 words/s - loss: 0.4022
01:01:02 - process[3]: evaluating epoch 16 on dev ...
01:01:31 - dev set during evaluation: 13490/13483
01:01:31 - process[3] - dev - epoch 16 - mAP: 0.510 w/ 38 queries
01:01:31 - process[3]: training epoch 17 ...
01:01:51 - process[3] - epoch 17 - train iter 444 - 18581.8 words/s - loss: 0.3952
01:01:51 - process[3]: evaluating epoch 17 on dev ...
01:02:18 - dev set during evaluation: 13490/13483
01:02:18 - process[3] - dev - epoch 17 - mAP: 0.488 w/ 38 queries
01:02:18 - process[3]: training epoch 18 ...
01:02:38 - process[3] - epoch 18 - train iter 444 - 18257.5 words/s - loss: 0.3809
01:02:38 - process[3]: evaluating epoch 18 on dev ...
01:03:05 - dev set during evaluation: 13490/13483
01:03:05 - process[3] - dev - epoch 18 - mAP: 0.495 w/ 38 queries
01:03:05 - process[3]: training epoch 19 ...
01:03:23 - process[3] - epoch 19 - train iter 444 - 20576.1 words/s - loss: 0.3631
01:03:23 - process[3]: evaluating epoch 19 on dev ...
01:03:52 - dev set during evaluation: 13490/13483
01:03:52 - process[3] - dev - epoch 19 - mAP: 0.497 w/ 38 queries
01:03:52 - [fold 5] best test MAP: 0.443 @ epoch 10
01:03:52 - [0.418455056066904, 0.5070842424889064, 0.5558642215527971, 0.5260719422021731, 0.4425559803455366]
01:03:52 - [38, 39, 39, 38, 38]
01:03:52 - final MAP: 0.490
