00:00:06 - Namespace(apex_level='O2', batch_size=8, cased=False, dataset='clef', debug=False, encoder_lr=2e-05, eval_step=1, full_doc_length=True, local_rank=1, model_path='bert-base-multilingual-uncased', model_type='mbert', num_epochs=20, num_ft_encoders=3, num_neg=1, projector_lr=2e-05, seed=611, source_lang='de', target_lang='en')
00:00:15 - Evaluating every 1 epochs ...
00:00:15 - reading data from /mnt/home/puxuan/CLIR-project/Evaluation_data/process-clef/uncased
00:00:16 - test has 35 queries ...
00:00:16 - Data reading done ...
00:00:24 - adding 9-th encoder to optimizer...
00:00:24 - adding 10-th encoder to optimizer...
00:00:24 - adding 11-th encoder to optimizer...
00:00:24 - process[1]: training epoch 0 ...
00:00:36 - process[1] - epoch 0 - train iter 197 - 15116.5 words/s - loss: 0.7178
00:00:36 - process[1]: training epoch 1 ...
00:00:47 - process[1] - epoch 1 - train iter 197 - 16277.6 words/s - loss: 0.6547
00:00:47 - process[1]: training epoch 2 ...
00:00:59 - process[1] - epoch 2 - train iter 197 - 15658.5 words/s - loss: 0.6066
00:00:59 - process[1]: training epoch 3 ...
00:01:10 - process[1] - epoch 3 - train iter 197 - 16871.3 words/s - loss: 0.5625
00:01:10 - process[1]: training epoch 4 ...
00:01:21 - process[1] - epoch 4 - train iter 197 - 16115.2 words/s - loss: 0.5198
00:01:21 - process[1]: training epoch 5 ...
00:01:31 - process[1] - epoch 5 - train iter 197 - 17633.7 words/s - loss: 0.4921
00:01:31 - process[1]: training epoch 6 ...
00:01:44 - process[1] - epoch 6 - train iter 197 - 14507.2 words/s - loss: 0.5466
00:01:44 - process[1]: training epoch 7 ...
00:01:55 - process[1] - epoch 7 - train iter 197 - 16076.8 words/s - loss: 0.4984
00:01:55 - process[1]: training epoch 8 ...
00:02:06 - process[1] - epoch 8 - train iter 197 - 15481.4 words/s - loss: 0.4475
00:02:06 - process[1]: training epoch 9 ...
00:02:18 - process[1] - epoch 9 - train iter 197 - 15948.9 words/s - loss: 0.4754
00:02:18 - process[1]: training epoch 10 ...
00:02:29 - process[1] - epoch 10 - train iter 197 - 15245.0 words/s - loss: 0.4030
00:02:29 - process[1]: evaluating epoch 10 on dev ...
00:03:14 - dev set during evaluation: 14160/14157
00:03:14 - process[1] - dev - epoch 10 - mAP: 0.412 w/ 35 queries
00:03:14 - process[1]: evaluating epoch 10 on test ...
00:03:55 - test set during evaluation: 14980/14975
00:03:55 - process[1] - test - epoch 10 - mAP: 0.363 w/ 35 queries
00:03:55 - process[1]: training epoch 11 ...
00:04:07 - process[1] - epoch 11 - train iter 197 - 15286.9 words/s - loss: 0.3984
00:04:07 - process[1]: evaluating epoch 11 on dev ...
00:04:52 - dev set during evaluation: 14160/14157
00:04:52 - process[1] - dev - epoch 11 - mAP: 0.375 w/ 35 queries
00:04:52 - process[1]: training epoch 12 ...
00:05:02 - process[1] - epoch 12 - train iter 197 - 18237.9 words/s - loss: 0.4038
00:05:02 - process[1]: evaluating epoch 12 on dev ...
00:05:47 - dev set during evaluation: 14160/14157
00:05:47 - process[1] - dev - epoch 12 - mAP: 0.387 w/ 35 queries
00:05:47 - process[1]: training epoch 13 ...
00:05:58 - process[1] - epoch 13 - train iter 197 - 15016.6 words/s - loss: 0.3975
00:05:58 - process[1]: evaluating epoch 13 on dev ...
00:06:43 - dev set during evaluation: 14160/14157
00:06:43 - process[1] - dev - epoch 13 - mAP: 0.422 w/ 35 queries
00:06:43 - process[1]: evaluating epoch 13 on test ...
00:07:24 - test set during evaluation: 14980/14975
00:07:24 - process[1] - test - epoch 13 - mAP: 0.363 w/ 35 queries
00:07:24 - process[1]: training epoch 14 ...
00:07:35 - process[1] - epoch 14 - train iter 197 - 16396.6 words/s - loss: 0.4524
00:07:35 - process[1]: evaluating epoch 14 on dev ...
00:08:20 - dev set during evaluation: 14160/14157
00:08:20 - process[1] - dev - epoch 14 - mAP: 0.427 w/ 35 queries
00:08:20 - process[1]: evaluating epoch 14 on test ...
00:09:01 - test set during evaluation: 14980/14975
00:09:01 - process[1] - test - epoch 14 - mAP: 0.388 w/ 35 queries
00:09:01 - process[1]: training epoch 15 ...
00:09:12 - process[1] - epoch 15 - train iter 197 - 17110.0 words/s - loss: 0.3826
00:09:12 - process[1]: evaluating epoch 15 on dev ...
00:09:57 - dev set during evaluation: 14160/14157
00:09:57 - process[1] - dev - epoch 15 - mAP: 0.391 w/ 35 queries
00:09:57 - process[1]: training epoch 16 ...
00:10:08 - process[1] - epoch 16 - train iter 197 - 16405.0 words/s - loss: 0.4221
00:10:08 - process[1]: evaluating epoch 16 on dev ...
00:10:53 - dev set during evaluation: 14160/14157
00:10:53 - process[1] - dev - epoch 16 - mAP: 0.419 w/ 35 queries
00:10:53 - process[1]: training epoch 17 ...
00:11:04 - process[1] - epoch 17 - train iter 197 - 16176.1 words/s - loss: 0.4171
00:11:04 - process[1]: evaluating epoch 17 on dev ...
00:11:49 - dev set during evaluation: 14160/14157
00:11:49 - process[1] - dev - epoch 17 - mAP: 0.459 w/ 35 queries
00:11:49 - process[1]: evaluating epoch 17 on test ...
00:12:30 - test set during evaluation: 14980/14975
00:12:30 - process[1] - test - epoch 17 - mAP: 0.362 w/ 35 queries
00:12:30 - process[1]: training epoch 18 ...
00:12:40 - process[1] - epoch 18 - train iter 197 - 17458.3 words/s - loss: 0.3672
00:12:40 - process[1]: evaluating epoch 18 on dev ...
00:13:25 - dev set during evaluation: 14160/14157
00:13:25 - process[1] - dev - epoch 18 - mAP: 0.446 w/ 35 queries
00:13:25 - process[1]: training epoch 19 ...
00:13:37 - process[1] - epoch 19 - train iter 197 - 15281.9 words/s - loss: 0.4259
00:13:37 - process[1]: evaluating epoch 19 on dev ...
00:14:21 - dev set during evaluation: 14160/14157
00:14:21 - process[1] - dev - epoch 19 - mAP: 0.445 w/ 35 queries
00:14:21 - [fold 1] best test MAP: 0.362 @ epoch 17
00:14:21 - Evaluating every 1 epochs ...
00:14:21 - reading data from /mnt/home/puxuan/CLIR-project/Evaluation_data/process-clef/uncased
00:14:22 - test has 36 queries ...
00:14:22 - Data reading done ...
00:14:23 - adding 9-th encoder to optimizer...
00:14:23 - adding 10-th encoder to optimizer...
00:14:23 - adding 11-th encoder to optimizer...
00:14:24 - process[1]: training epoch 0 ...
00:14:33 - process[1] - epoch 0 - train iter 187 - 17943.4 words/s - loss: 0.7212
00:14:33 - process[1]: training epoch 1 ...
00:14:45 - process[1] - epoch 1 - train iter 187 - 15019.7 words/s - loss: 0.6486
00:14:45 - process[1]: training epoch 2 ...
00:14:55 - process[1] - epoch 2 - train iter 187 - 17320.6 words/s - loss: 0.5986
00:14:55 - process[1]: training epoch 3 ...
00:15:06 - process[1] - epoch 3 - train iter 187 - 15006.2 words/s - loss: 0.6068
00:15:06 - process[1]: training epoch 4 ...
00:15:16 - process[1] - epoch 4 - train iter 187 - 17928.3 words/s - loss: 0.5163
00:15:16 - process[1]: training epoch 5 ...
00:15:26 - process[1] - epoch 5 - train iter 187 - 16092.3 words/s - loss: 0.5277
00:15:26 - process[1]: training epoch 6 ...
00:15:36 - process[1] - epoch 6 - train iter 187 - 17514.4 words/s - loss: 0.4946
00:15:36 - process[1]: training epoch 7 ...
00:15:46 - process[1] - epoch 7 - train iter 187 - 17634.0 words/s - loss: 0.5034
00:15:46 - process[1]: training epoch 8 ...
00:15:56 - process[1] - epoch 8 - train iter 187 - 16816.9 words/s - loss: 0.4943
00:15:56 - process[1]: training epoch 9 ...
00:16:06 - process[1] - epoch 9 - train iter 187 - 17654.8 words/s - loss: 0.5009
00:16:06 - process[1]: training epoch 10 ...
00:16:16 - process[1] - epoch 10 - train iter 187 - 16522.4 words/s - loss: 0.5146
00:16:16 - process[1]: evaluating epoch 10 on dev ...
00:16:58 - dev set during evaluation: 14980/14975
00:16:58 - process[1] - dev - epoch 10 - mAP: 0.375 w/ 35 queries
00:16:58 - process[1]: evaluating epoch 10 on test ...
00:17:41 - test set during evaluation: 15300/15294
00:17:41 - process[1] - test - epoch 10 - mAP: 0.410 w/ 36 queries
00:17:41 - process[1]: training epoch 11 ...
00:17:51 - process[1] - epoch 11 - train iter 187 - 16265.2 words/s - loss: 0.4286
00:17:51 - process[1]: evaluating epoch 11 on dev ...
00:18:32 - dev set during evaluation: 14980/14975
00:18:32 - process[1] - dev - epoch 11 - mAP: 0.326 w/ 35 queries
00:18:32 - process[1]: training epoch 12 ...
00:18:42 - process[1] - epoch 12 - train iter 187 - 16707.5 words/s - loss: 0.4802
00:18:42 - process[1]: evaluating epoch 12 on dev ...
00:19:23 - dev set during evaluation: 14980/14975
00:19:23 - process[1] - dev - epoch 12 - mAP: 0.311 w/ 35 queries
00:19:23 - process[1]: training epoch 13 ...
00:19:33 - process[1] - epoch 13 - train iter 187 - 16872.8 words/s - loss: 0.4296
00:19:33 - process[1]: evaluating epoch 13 on dev ...
00:20:14 - dev set during evaluation: 14980/14975
00:20:14 - process[1] - dev - epoch 13 - mAP: 0.352 w/ 35 queries
00:20:14 - process[1]: training epoch 14 ...
00:20:24 - process[1] - epoch 14 - train iter 187 - 17458.5 words/s - loss: 0.4576
00:20:24 - process[1]: evaluating epoch 14 on dev ...
00:21:05 - dev set during evaluation: 14980/14975
00:21:05 - process[1] - dev - epoch 14 - mAP: 0.387 w/ 35 queries
00:21:05 - process[1]: evaluating epoch 14 on test ...
00:21:48 - test set during evaluation: 15300/15294
00:21:48 - process[1] - test - epoch 14 - mAP: 0.446 w/ 36 queries
00:21:48 - process[1]: training epoch 15 ...
00:21:58 - process[1] - epoch 15 - train iter 187 - 16594.7 words/s - loss: 0.4635
00:21:58 - process[1]: evaluating epoch 15 on dev ...
00:22:39 - dev set during evaluation: 14980/14975
00:22:39 - process[1] - dev - epoch 15 - mAP: 0.368 w/ 35 queries
00:22:39 - process[1]: training epoch 16 ...
00:22:49 - process[1] - epoch 16 - train iter 187 - 17518.3 words/s - loss: 0.3822
00:22:49 - process[1]: evaluating epoch 16 on dev ...
00:23:30 - dev set during evaluation: 14980/14975
00:23:30 - process[1] - dev - epoch 16 - mAP: 0.367 w/ 35 queries
00:23:30 - process[1]: training epoch 17 ...
00:23:39 - process[1] - epoch 17 - train iter 187 - 18521.3 words/s - loss: 0.4243
00:23:39 - process[1]: evaluating epoch 17 on dev ...
00:24:21 - dev set during evaluation: 14980/14975
00:24:21 - process[1] - dev - epoch 17 - mAP: 0.353 w/ 35 queries
00:24:21 - process[1]: training epoch 18 ...
00:24:31 - process[1] - epoch 18 - train iter 187 - 16785.6 words/s - loss: 0.3259
00:24:31 - process[1]: evaluating epoch 18 on dev ...
00:25:12 - dev set during evaluation: 14980/14975
00:25:12 - process[1] - dev - epoch 18 - mAP: 0.359 w/ 35 queries
00:25:12 - process[1]: training epoch 19 ...
00:25:22 - process[1] - epoch 19 - train iter 187 - 17143.7 words/s - loss: 0.3679
00:25:22 - process[1]: evaluating epoch 19 on dev ...
00:26:03 - dev set during evaluation: 14980/14975
00:26:03 - process[1] - dev - epoch 19 - mAP: 0.344 w/ 35 queries
00:26:03 - [fold 2] best test MAP: 0.446 @ epoch 14
00:26:03 - Evaluating every 1 epochs ...
00:26:03 - reading data from /mnt/home/puxuan/CLIR-project/Evaluation_data/process-clef/uncased
00:26:04 - test has 35 queries ...
00:26:04 - Data reading done ...
00:26:05 - adding 9-th encoder to optimizer...
00:26:05 - adding 10-th encoder to optimizer...
00:26:05 - adding 11-th encoder to optimizer...
00:26:06 - process[1]: training epoch 0 ...
00:26:16 - process[1] - epoch 0 - train iter 196 - 16895.4 words/s - loss: 0.7085
00:26:16 - process[1]: training epoch 1 ...
00:26:27 - process[1] - epoch 1 - train iter 196 - 16487.5 words/s - loss: 0.6366
00:26:27 - process[1]: training epoch 2 ...
00:26:37 - process[1] - epoch 2 - train iter 196 - 17803.2 words/s - loss: 0.5767
00:26:37 - process[1]: training epoch 3 ...
00:26:48 - process[1] - epoch 3 - train iter 196 - 16864.7 words/s - loss: 0.5642
00:26:48 - process[1]: training epoch 4 ...
00:26:59 - process[1] - epoch 4 - train iter 196 - 15866.8 words/s - loss: 0.5749
00:26:59 - process[1]: training epoch 5 ...
00:27:09 - process[1] - epoch 5 - train iter 196 - 17776.8 words/s - loss: 0.5405
00:27:09 - process[1]: training epoch 6 ...
00:27:19 - process[1] - epoch 6 - train iter 196 - 17290.2 words/s - loss: 0.5466
00:27:19 - process[1]: training epoch 7 ...
00:27:31 - process[1] - epoch 7 - train iter 196 - 15091.8 words/s - loss: 0.4820
00:27:31 - process[1]: training epoch 8 ...
00:27:44 - process[1] - epoch 8 - train iter 196 - 14089.3 words/s - loss: 0.4819
00:27:44 - process[1]: training epoch 9 ...
00:27:53 - process[1] - epoch 9 - train iter 196 - 18292.3 words/s - loss: 0.4727
00:27:53 - process[1]: training epoch 10 ...
00:28:04 - process[1] - epoch 10 - train iter 196 - 17492.7 words/s - loss: 0.4815
00:28:04 - process[1]: evaluating epoch 10 on dev ...
00:28:47 - dev set during evaluation: 15300/15294
00:28:47 - process[1] - dev - epoch 10 - mAP: 0.360 w/ 36 queries
00:28:47 - process[1]: evaluating epoch 10 on test ...
00:29:29 - test set during evaluation: 15480/15477
00:29:29 - process[1] - test - epoch 10 - mAP: 0.320 w/ 35 queries
00:29:29 - process[1]: training epoch 11 ...
00:29:39 - process[1] - epoch 11 - train iter 196 - 17193.4 words/s - loss: 0.4438
00:29:39 - process[1]: evaluating epoch 11 on dev ...
00:30:22 - dev set during evaluation: 15300/15294
00:30:22 - process[1] - dev - epoch 11 - mAP: 0.407 w/ 36 queries
00:30:22 - process[1]: evaluating epoch 11 on test ...
00:31:04 - test set during evaluation: 15480/15477
00:31:04 - process[1] - test - epoch 11 - mAP: 0.312 w/ 35 queries
00:31:04 - process[1]: training epoch 12 ...
00:31:14 - process[1] - epoch 12 - train iter 196 - 17379.3 words/s - loss: 0.4388
00:31:14 - process[1]: evaluating epoch 12 on dev ...
00:31:57 - dev set during evaluation: 15300/15294
00:31:57 - process[1] - dev - epoch 12 - mAP: 0.417 w/ 36 queries
00:31:57 - process[1]: evaluating epoch 12 on test ...
00:32:39 - test set during evaluation: 15480/15477
00:32:39 - process[1] - test - epoch 12 - mAP: 0.333 w/ 35 queries
00:32:39 - process[1]: training epoch 13 ...
00:32:49 - process[1] - epoch 13 - train iter 196 - 16772.3 words/s - loss: 0.4578
00:32:49 - process[1]: evaluating epoch 13 on dev ...
00:33:32 - dev set during evaluation: 15300/15294
00:33:32 - process[1] - dev - epoch 13 - mAP: 0.465 w/ 36 queries
00:33:32 - process[1]: evaluating epoch 13 on test ...
00:34:14 - test set during evaluation: 15480/15477
00:34:14 - process[1] - test - epoch 13 - mAP: 0.347 w/ 35 queries
00:34:14 - process[1]: training epoch 14 ...
00:34:25 - process[1] - epoch 14 - train iter 196 - 16980.6 words/s - loss: 0.4780
00:34:25 - process[1]: evaluating epoch 14 on dev ...
00:35:07 - dev set during evaluation: 15300/15294
00:35:07 - process[1] - dev - epoch 14 - mAP: 0.455 w/ 36 queries
00:35:07 - process[1]: training epoch 15 ...
00:35:17 - process[1] - epoch 15 - train iter 196 - 18348.4 words/s - loss: 0.4453
00:35:17 - process[1]: evaluating epoch 15 on dev ...
00:36:00 - dev set during evaluation: 15300/15294
00:36:00 - process[1] - dev - epoch 15 - mAP: 0.448 w/ 36 queries
00:36:00 - process[1]: training epoch 16 ...
00:36:10 - process[1] - epoch 16 - train iter 196 - 18621.3 words/s - loss: 0.4295
00:36:10 - process[1]: evaluating epoch 16 on dev ...
00:36:52 - dev set during evaluation: 15300/15294
00:36:52 - process[1] - dev - epoch 16 - mAP: 0.431 w/ 36 queries
00:36:52 - process[1]: training epoch 17 ...
00:37:03 - process[1] - epoch 17 - train iter 196 - 17406.3 words/s - loss: 0.4446
00:37:03 - process[1]: evaluating epoch 17 on dev ...
00:37:45 - dev set during evaluation: 15300/15294
00:37:45 - process[1] - dev - epoch 17 - mAP: 0.424 w/ 36 queries
00:37:45 - process[1]: training epoch 18 ...
00:37:56 - process[1] - epoch 18 - train iter 196 - 16867.3 words/s - loss: 0.4379
00:37:56 - process[1]: evaluating epoch 18 on dev ...
00:38:38 - dev set during evaluation: 15300/15294
00:38:38 - process[1] - dev - epoch 18 - mAP: 0.415 w/ 36 queries
00:38:38 - process[1]: training epoch 19 ...
00:38:49 - process[1] - epoch 19 - train iter 196 - 16876.7 words/s - loss: 0.3842
00:38:49 - process[1]: evaluating epoch 19 on dev ...
00:39:32 - dev set during evaluation: 15300/15294
00:39:32 - process[1] - dev - epoch 19 - mAP: 0.434 w/ 36 queries
00:39:32 - [fold 3] best test MAP: 0.347 @ epoch 13
00:39:32 - Evaluating every 1 epochs ...
00:39:32 - reading data from /mnt/home/puxuan/CLIR-project/Evaluation_data/process-clef/uncased
00:39:32 - test has 35 queries ...
00:39:32 - Data reading done ...
00:39:34 - adding 9-th encoder to optimizer...
00:39:34 - adding 10-th encoder to optimizer...
00:39:34 - adding 11-th encoder to optimizer...
00:39:34 - process[1]: training epoch 0 ...
00:39:46 - process[1] - epoch 0 - train iter 207 - 15937.5 words/s - loss: 0.7088
00:39:46 - process[1]: training epoch 1 ...
00:39:57 - process[1] - epoch 1 - train iter 207 - 16318.8 words/s - loss: 0.6474
00:39:57 - process[1]: training epoch 2 ...
00:40:09 - process[1] - epoch 2 - train iter 207 - 16211.0 words/s - loss: 0.5860
00:40:09 - process[1]: training epoch 3 ...
00:40:22 - process[1] - epoch 3 - train iter 207 - 14223.8 words/s - loss: 0.5505
00:40:22 - process[1]: training epoch 4 ...
00:40:33 - process[1] - epoch 4 - train iter 207 - 17359.4 words/s - loss: 0.5523
00:40:33 - process[1]: training epoch 5 ...
00:40:44 - process[1] - epoch 5 - train iter 207 - 16317.9 words/s - loss: 0.4573
00:40:44 - process[1]: training epoch 6 ...
00:40:56 - process[1] - epoch 6 - train iter 207 - 15735.9 words/s - loss: 0.5337
00:40:56 - process[1]: training epoch 7 ...
00:41:07 - process[1] - epoch 7 - train iter 207 - 17510.4 words/s - loss: 0.5015
00:41:07 - process[1]: training epoch 8 ...
00:41:18 - process[1] - epoch 8 - train iter 207 - 16702.0 words/s - loss: 0.4665
00:41:18 - process[1]: training epoch 9 ...
00:41:30 - process[1] - epoch 9 - train iter 207 - 15305.9 words/s - loss: 0.4206
00:41:30 - process[1]: training epoch 10 ...
00:41:41 - process[1] - epoch 10 - train iter 207 - 16486.3 words/s - loss: 0.4760
00:41:41 - process[1]: evaluating epoch 10 on dev ...
00:42:22 - dev set during evaluation: 15480/15477
00:42:22 - process[1] - dev - epoch 10 - mAP: 0.300 w/ 35 queries
00:42:22 - process[1]: evaluating epoch 10 on test ...
00:43:05 - test set during evaluation: 14470/14463
00:43:05 - process[1] - test - epoch 10 - mAP: 0.377 w/ 35 queries
00:43:05 - process[1]: training epoch 11 ...
00:43:16 - process[1] - epoch 11 - train iter 207 - 16554.9 words/s - loss: 0.4647
00:43:16 - process[1]: evaluating epoch 11 on dev ...
00:43:57 - dev set during evaluation: 15480/15477
00:43:57 - process[1] - dev - epoch 11 - mAP: 0.307 w/ 35 queries
00:43:57 - process[1]: evaluating epoch 11 on test ...
00:44:40 - test set during evaluation: 14470/14463
00:44:40 - process[1] - test - epoch 11 - mAP: 0.392 w/ 35 queries
00:44:40 - process[1]: training epoch 12 ...
00:44:51 - process[1] - epoch 12 - train iter 207 - 16467.9 words/s - loss: 0.4070
00:44:51 - process[1]: evaluating epoch 12 on dev ...
00:45:33 - dev set during evaluation: 15480/15477
00:45:33 - process[1] - dev - epoch 12 - mAP: 0.321 w/ 35 queries
00:45:33 - process[1]: evaluating epoch 12 on test ...
00:46:15 - test set during evaluation: 14470/14463
00:46:15 - process[1] - test - epoch 12 - mAP: 0.380 w/ 35 queries
00:46:15 - process[1]: training epoch 13 ...
00:46:27 - process[1] - epoch 13 - train iter 207 - 16302.4 words/s - loss: 0.4708
00:46:27 - process[1]: evaluating epoch 13 on dev ...
00:47:08 - dev set during evaluation: 15480/15477
00:47:08 - process[1] - dev - epoch 13 - mAP: 0.307 w/ 35 queries
00:47:08 - process[1]: training epoch 14 ...
00:47:20 - process[1] - epoch 14 - train iter 207 - 16824.6 words/s - loss: 0.4532
00:47:20 - process[1]: evaluating epoch 14 on dev ...
00:48:02 - dev set during evaluation: 15480/15477
00:48:02 - process[1] - dev - epoch 14 - mAP: 0.329 w/ 35 queries
00:48:02 - process[1]: evaluating epoch 14 on test ...
00:48:44 - test set during evaluation: 14470/14463
00:48:44 - process[1] - test - epoch 14 - mAP: 0.349 w/ 35 queries
00:48:44 - process[1]: training epoch 15 ...
00:48:56 - process[1] - epoch 15 - train iter 207 - 16511.7 words/s - loss: 0.3907
00:48:56 - process[1]: evaluating epoch 15 on dev ...
00:49:36 - dev set during evaluation: 15480/15477
00:49:37 - process[1] - dev - epoch 15 - mAP: 0.328 w/ 35 queries
00:49:37 - process[1]: training epoch 16 ...
00:49:48 - process[1] - epoch 16 - train iter 207 - 16059.2 words/s - loss: 0.4225
00:49:48 - process[1]: evaluating epoch 16 on dev ...
00:50:30 - dev set during evaluation: 15480/15477
00:50:30 - process[1] - dev - epoch 16 - mAP: 0.363 w/ 35 queries
00:50:30 - process[1]: evaluating epoch 16 on test ...
00:51:12 - test set during evaluation: 14470/14463
00:51:12 - process[1] - test - epoch 16 - mAP: 0.358 w/ 35 queries
00:51:12 - process[1]: training epoch 17 ...
00:51:24 - process[1] - epoch 17 - train iter 207 - 15922.7 words/s - loss: 0.4111
00:51:24 - process[1]: evaluating epoch 17 on dev ...
00:52:06 - dev set during evaluation: 15480/15477
00:52:06 - process[1] - dev - epoch 17 - mAP: 0.375 w/ 35 queries
00:52:06 - process[1]: evaluating epoch 17 on test ...
00:52:48 - test set during evaluation: 14470/14463
00:52:48 - process[1] - test - epoch 17 - mAP: 0.382 w/ 35 queries
00:52:48 - process[1]: training epoch 18 ...
00:52:59 - process[1] - epoch 18 - train iter 207 - 17167.8 words/s - loss: 0.3825
00:52:59 - process[1]: evaluating epoch 18 on dev ...
00:53:41 - dev set during evaluation: 15480/15477
00:53:41 - process[1] - dev - epoch 18 - mAP: 0.366 w/ 35 queries
00:53:41 - process[1]: training epoch 19 ...
00:53:52 - process[1] - epoch 19 - train iter 207 - 18004.6 words/s - loss: 0.4009
00:53:52 - process[1]: evaluating epoch 19 on dev ...
00:54:34 - dev set during evaluation: 15480/15477
00:54:34 - process[1] - dev - epoch 19 - mAP: 0.357 w/ 35 queries
00:54:34 - [fold 4] best test MAP: 0.382 @ epoch 17
00:54:34 - Evaluating every 1 epochs ...
00:54:34 - reading data from /mnt/home/puxuan/CLIR-project/Evaluation_data/process-clef/uncased
00:54:35 - test has 35 queries ...
00:54:35 - Data reading done ...
00:54:36 - adding 9-th encoder to optimizer...
00:54:36 - adding 10-th encoder to optimizer...
00:54:36 - adding 11-th encoder to optimizer...
00:54:37 - process[1]: training epoch 0 ...
00:54:47 - process[1] - epoch 0 - train iter 195 - 17053.2 words/s - loss: 0.7229
00:54:47 - process[1]: training epoch 1 ...
00:54:57 - process[1] - epoch 1 - train iter 195 - 17666.0 words/s - loss: 0.6651
00:54:57 - process[1]: training epoch 2 ...
00:55:08 - process[1] - epoch 2 - train iter 195 - 15655.4 words/s - loss: 0.5876
00:55:08 - process[1]: training epoch 3 ...
00:55:19 - process[1] - epoch 3 - train iter 195 - 16439.7 words/s - loss: 0.5568
00:55:19 - process[1]: training epoch 4 ...
00:55:30 - process[1] - epoch 4 - train iter 195 - 14760.1 words/s - loss: 0.4793
00:55:30 - process[1]: training epoch 5 ...
00:55:42 - process[1] - epoch 5 - train iter 195 - 15163.7 words/s - loss: 0.5174
00:55:42 - process[1]: training epoch 6 ...
00:55:54 - process[1] - epoch 6 - train iter 195 - 15342.2 words/s - loss: 0.4493
00:55:54 - process[1]: training epoch 7 ...
00:56:05 - process[1] - epoch 7 - train iter 195 - 16068.4 words/s - loss: 0.5108
00:56:05 - process[1]: training epoch 8 ...
00:56:16 - process[1] - epoch 8 - train iter 195 - 15337.6 words/s - loss: 0.4866
00:56:16 - process[1]: training epoch 9 ...
00:56:28 - process[1] - epoch 9 - train iter 195 - 14520.0 words/s - loss: 0.4193
00:56:28 - process[1]: training epoch 10 ...
00:56:39 - process[1] - epoch 10 - train iter 195 - 15789.0 words/s - loss: 0.4065
00:56:39 - process[1]: evaluating epoch 10 on dev ...
00:57:22 - dev set during evaluation: 14470/14463
00:57:22 - process[1] - dev - epoch 10 - mAP: 0.366 w/ 35 queries
00:57:22 - process[1]: evaluating epoch 10 on test ...
00:58:07 - test set during evaluation: 14160/14157
00:58:07 - process[1] - test - epoch 10 - mAP: 0.410 w/ 35 queries
00:58:07 - process[1]: training epoch 11 ...
00:58:20 - process[1] - epoch 11 - train iter 195 - 14371.8 words/s - loss: 0.4068
00:58:20 - process[1]: evaluating epoch 11 on dev ...
00:59:02 - dev set during evaluation: 14470/14463
00:59:02 - process[1] - dev - epoch 11 - mAP: 0.367 w/ 35 queries
00:59:02 - process[1]: evaluating epoch 11 on test ...
00:59:47 - test set during evaluation: 14160/14157
00:59:47 - process[1] - test - epoch 11 - mAP: 0.453 w/ 35 queries
00:59:47 - process[1]: training epoch 12 ...
00:59:58 - process[1] - epoch 12 - train iter 195 - 16171.8 words/s - loss: 0.4921
00:59:58 - process[1]: evaluating epoch 12 on dev ...
01:00:40 - dev set during evaluation: 14470/14463
01:00:40 - process[1] - dev - epoch 12 - mAP: 0.376 w/ 35 queries
01:00:40 - process[1]: evaluating epoch 12 on test ...
01:01:25 - test set during evaluation: 14160/14157
01:01:25 - process[1] - test - epoch 12 - mAP: 0.430 w/ 35 queries
01:01:25 - process[1]: training epoch 13 ...
01:01:35 - process[1] - epoch 13 - train iter 195 - 17343.7 words/s - loss: 0.4387
01:01:35 - process[1]: evaluating epoch 13 on dev ...
01:02:18 - dev set during evaluation: 14470/14463
01:02:18 - process[1] - dev - epoch 13 - mAP: 0.382 w/ 35 queries
01:02:18 - process[1]: evaluating epoch 13 on test ...
01:03:04 - test set during evaluation: 14160/14157
01:03:04 - process[1] - test - epoch 13 - mAP: 0.428 w/ 35 queries
01:03:04 - process[1]: training epoch 14 ...
01:03:15 - process[1] - epoch 14 - train iter 195 - 15461.3 words/s - loss: 0.4208
01:03:15 - process[1]: evaluating epoch 14 on dev ...
01:03:58 - dev set during evaluation: 14470/14463
01:03:58 - process[1] - dev - epoch 14 - mAP: 0.375 w/ 35 queries
01:03:58 - process[1]: training epoch 15 ...
01:04:08 - process[1] - epoch 15 - train iter 195 - 16771.5 words/s - loss: 0.4585
01:04:08 - process[1]: evaluating epoch 15 on dev ...
01:04:50 - dev set during evaluation: 14470/14463
01:04:50 - process[1] - dev - epoch 15 - mAP: 0.419 w/ 35 queries
01:04:50 - process[1]: evaluating epoch 15 on test ...
01:05:35 - test set during evaluation: 14160/14157
01:05:35 - process[1] - test - epoch 15 - mAP: 0.461 w/ 35 queries
01:05:35 - process[1]: training epoch 16 ...
01:05:46 - process[1] - epoch 16 - train iter 195 - 16673.6 words/s - loss: 0.4504
01:05:46 - process[1]: evaluating epoch 16 on dev ...
01:06:29 - dev set during evaluation: 14470/14463
01:06:29 - process[1] - dev - epoch 16 - mAP: 0.386 w/ 35 queries
01:06:29 - process[1]: training epoch 17 ...
01:06:40 - process[1] - epoch 17 - train iter 195 - 16084.8 words/s - loss: 0.5151
01:06:40 - process[1]: evaluating epoch 17 on dev ...
01:07:22 - dev set during evaluation: 14470/14463
01:07:22 - process[1] - dev - epoch 17 - mAP: 0.404 w/ 35 queries
01:07:22 - process[1]: training epoch 18 ...
01:07:33 - process[1] - epoch 18 - train iter 195 - 16638.7 words/s - loss: 0.4488
01:07:33 - process[1]: evaluating epoch 18 on dev ...
01:08:15 - dev set during evaluation: 14470/14463
01:08:15 - process[1] - dev - epoch 18 - mAP: 0.408 w/ 35 queries
01:08:15 - process[1]: training epoch 19 ...
01:08:26 - process[1] - epoch 19 - train iter 195 - 16035.9 words/s - loss: 0.4365
01:08:26 - process[1]: evaluating epoch 19 on dev ...
01:09:08 - dev set during evaluation: 14470/14463
01:09:08 - process[1] - dev - epoch 19 - mAP: 0.375 w/ 35 queries
01:09:08 - [fold 5] best test MAP: 0.461 @ epoch 15
01:09:08 - [0.3616231139198615, 0.4463308330768469, 0.34720404865292825, 0.3822473855602632, 0.4605659354619143]
01:09:08 - [35, 36, 35, 35, 35]
01:09:08 - final MAP: 0.400
