00:00:06 - Namespace(apex_level='O2', batch_size=8, cased=False, dataset='clef', debug=False, encoder_lr=2e-05, eval_step=1, full_doc_length=True, local_rank=9, model_path='bert-base-multilingual-uncased', model_type='mbert', num_epochs=20, num_ft_encoders=3, num_neg=1, projector_lr=2e-05, seed=611, source_lang='de', target_lang='en')
00:00:15 - Evaluating every 1 epochs ...
00:00:15 - reading data from /mnt/home/puxuan/CLIR-project/Evaluation_data/process-clef/uncased
00:00:16 - test has 35 queries ...
00:00:16 - Data reading done ...
00:00:24 - adding 9-th encoder to optimizer...
00:00:24 - adding 10-th encoder to optimizer...
00:00:24 - adding 11-th encoder to optimizer...
00:00:24 - process[9]: training epoch 0 ...
00:00:35 - process[9] - epoch 0 - train iter 197 - 16499.9 words/s - loss: 0.7106
00:00:35 - process[9]: training epoch 1 ...
00:00:47 - process[9] - epoch 1 - train iter 197 - 15484.7 words/s - loss: 0.6305
00:00:47 - process[9]: training epoch 2 ...
00:00:56 - process[9] - epoch 2 - train iter 197 - 18901.4 words/s - loss: 0.5739
00:00:56 - process[9]: training epoch 3 ...
00:01:07 - process[9] - epoch 3 - train iter 197 - 16190.8 words/s - loss: 0.6160
00:01:07 - process[9]: training epoch 4 ...
00:01:17 - process[9] - epoch 4 - train iter 197 - 16825.7 words/s - loss: 0.5605
00:01:17 - process[9]: training epoch 5 ...
00:01:29 - process[9] - epoch 5 - train iter 197 - 15750.2 words/s - loss: 0.5421
00:01:29 - process[9]: training epoch 6 ...
00:01:39 - process[9] - epoch 6 - train iter 197 - 16491.3 words/s - loss: 0.4104
00:01:39 - process[9]: training epoch 7 ...
00:01:50 - process[9] - epoch 7 - train iter 197 - 17695.3 words/s - loss: 0.4842
00:01:50 - process[9]: training epoch 8 ...
00:02:01 - process[9] - epoch 8 - train iter 197 - 15299.6 words/s - loss: 0.4547
00:02:01 - process[9]: training epoch 9 ...
00:02:14 - process[9] - epoch 9 - train iter 197 - 13645.1 words/s - loss: 0.4660
00:02:14 - process[9]: training epoch 10 ...
00:02:26 - process[9] - epoch 10 - train iter 197 - 16286.9 words/s - loss: 0.3899
00:02:26 - process[9]: evaluating epoch 10 on dev ...
00:03:14 - dev set during evaluation: 14160/14157
00:03:14 - process[9] - dev - epoch 10 - mAP: 0.412 w/ 35 queries
00:03:14 - process[9]: evaluating epoch 10 on test ...
00:03:55 - test set during evaluation: 14980/14975
00:03:55 - process[9] - test - epoch 10 - mAP: 0.363 w/ 35 queries
00:03:55 - process[9]: training epoch 11 ...
00:04:07 - process[9] - epoch 11 - train iter 197 - 16227.1 words/s - loss: 0.4713
00:04:07 - process[9]: evaluating epoch 11 on dev ...
00:04:52 - dev set during evaluation: 14160/14157
00:04:52 - process[9] - dev - epoch 11 - mAP: 0.375 w/ 35 queries
00:04:52 - process[9]: training epoch 12 ...
00:05:04 - process[9] - epoch 12 - train iter 197 - 14873.7 words/s - loss: 0.3866
00:05:04 - process[9]: evaluating epoch 12 on dev ...
00:05:47 - dev set during evaluation: 14160/14157
00:05:47 - process[9] - dev - epoch 12 - mAP: 0.387 w/ 35 queries
00:05:47 - process[9]: training epoch 13 ...
00:05:58 - process[9] - epoch 13 - train iter 197 - 15222.4 words/s - loss: 0.4363
00:05:58 - process[9]: evaluating epoch 13 on dev ...
00:06:43 - dev set during evaluation: 14160/14157
00:06:43 - process[9] - dev - epoch 13 - mAP: 0.422 w/ 35 queries
00:06:43 - process[9]: evaluating epoch 13 on test ...
00:07:24 - test set during evaluation: 14980/14975
00:07:24 - process[9] - test - epoch 13 - mAP: 0.363 w/ 35 queries
00:07:24 - process[9]: training epoch 14 ...
00:07:35 - process[9] - epoch 14 - train iter 197 - 16381.7 words/s - loss: 0.3875
00:07:35 - process[9]: evaluating epoch 14 on dev ...
00:08:20 - dev set during evaluation: 14160/14157
00:08:20 - process[9] - dev - epoch 14 - mAP: 0.427 w/ 35 queries
00:08:20 - process[9]: evaluating epoch 14 on test ...
00:09:01 - test set during evaluation: 14980/14975
00:09:01 - process[9] - test - epoch 14 - mAP: 0.388 w/ 35 queries
00:09:01 - process[9]: training epoch 15 ...
00:09:13 - process[9] - epoch 15 - train iter 197 - 15863.6 words/s - loss: 0.4839
00:09:13 - process[9]: evaluating epoch 15 on dev ...
00:09:57 - dev set during evaluation: 14160/14157
00:09:57 - process[9] - dev - epoch 15 - mAP: 0.391 w/ 35 queries
00:09:57 - process[9]: training epoch 16 ...
00:10:07 - process[9] - epoch 16 - train iter 197 - 17265.6 words/s - loss: 0.4204
00:10:07 - process[9]: evaluating epoch 16 on dev ...
00:10:53 - dev set during evaluation: 14160/14157
00:10:53 - process[9] - dev - epoch 16 - mAP: 0.419 w/ 35 queries
00:10:53 - process[9]: training epoch 17 ...
00:11:06 - process[9] - epoch 17 - train iter 197 - 14562.4 words/s - loss: 0.4511
00:11:06 - process[9]: evaluating epoch 17 on dev ...
00:11:49 - dev set during evaluation: 14160/14157
00:11:49 - process[9] - dev - epoch 17 - mAP: 0.459 w/ 35 queries
00:11:49 - process[9]: evaluating epoch 17 on test ...
00:12:30 - test set during evaluation: 14980/14975
00:12:30 - process[9] - test - epoch 17 - mAP: 0.362 w/ 35 queries
00:12:30 - process[9]: training epoch 18 ...
00:12:41 - process[9] - epoch 18 - train iter 197 - 15413.3 words/s - loss: 0.4158
00:12:41 - process[9]: evaluating epoch 18 on dev ...
00:13:25 - dev set during evaluation: 14160/14157
00:13:25 - process[9] - dev - epoch 18 - mAP: 0.446 w/ 35 queries
00:13:25 - process[9]: training epoch 19 ...
00:13:35 - process[9] - epoch 19 - train iter 197 - 16896.0 words/s - loss: 0.3452
00:13:35 - process[9]: evaluating epoch 19 on dev ...
00:14:21 - dev set during evaluation: 14160/14157
00:14:21 - process[9] - dev - epoch 19 - mAP: 0.445 w/ 35 queries
00:14:21 - [fold 1] best test MAP: 0.362 @ epoch 17
00:14:21 - Evaluating every 1 epochs ...
00:14:21 - reading data from /mnt/home/puxuan/CLIR-project/Evaluation_data/process-clef/uncased
00:14:22 - test has 36 queries ...
00:14:22 - Data reading done ...
00:14:23 - adding 9-th encoder to optimizer...
00:14:23 - adding 10-th encoder to optimizer...
00:14:23 - adding 11-th encoder to optimizer...
00:14:24 - process[9]: training epoch 0 ...
00:14:35 - process[9] - epoch 0 - train iter 187 - 15806.5 words/s - loss: 0.7115
00:14:35 - process[9]: training epoch 1 ...
00:14:46 - process[9] - epoch 1 - train iter 187 - 15353.9 words/s - loss: 0.6330
00:14:46 - process[9]: training epoch 2 ...
00:14:56 - process[9] - epoch 2 - train iter 187 - 16917.0 words/s - loss: 0.6319
00:14:56 - process[9]: training epoch 3 ...
00:15:07 - process[9] - epoch 3 - train iter 187 - 15542.6 words/s - loss: 0.5516
00:15:07 - process[9]: training epoch 4 ...
00:15:18 - process[9] - epoch 4 - train iter 187 - 16426.3 words/s - loss: 0.5630
00:15:18 - process[9]: training epoch 5 ...
00:15:27 - process[9] - epoch 5 - train iter 187 - 17884.7 words/s - loss: 0.5174
00:15:27 - process[9]: training epoch 6 ...
00:15:38 - process[9] - epoch 6 - train iter 187 - 16657.1 words/s - loss: 0.5494
00:15:38 - process[9]: training epoch 7 ...
00:15:48 - process[9] - epoch 7 - train iter 187 - 16113.9 words/s - loss: 0.5047
00:15:48 - process[9]: training epoch 8 ...
00:15:58 - process[9] - epoch 8 - train iter 187 - 16018.2 words/s - loss: 0.4752
00:15:58 - process[9]: training epoch 9 ...
00:16:08 - process[9] - epoch 9 - train iter 187 - 18020.9 words/s - loss: 0.5229
00:16:08 - process[9]: training epoch 10 ...
00:16:18 - process[9] - epoch 10 - train iter 187 - 16537.9 words/s - loss: 0.4662
00:16:18 - process[9]: evaluating epoch 10 on dev ...
00:16:58 - dev set during evaluation: 14980/14975
00:16:58 - process[9] - dev - epoch 10 - mAP: 0.375 w/ 35 queries
00:16:58 - process[9]: evaluating epoch 10 on test ...
00:17:41 - test set during evaluation: 15300/15294
00:17:41 - process[9] - test - epoch 10 - mAP: 0.410 w/ 36 queries
00:17:41 - process[9]: training epoch 11 ...
00:17:52 - process[9] - epoch 11 - train iter 187 - 15752.4 words/s - loss: 0.4873
00:17:52 - process[9]: evaluating epoch 11 on dev ...
00:18:32 - dev set during evaluation: 14980/14975
00:18:32 - process[9] - dev - epoch 11 - mAP: 0.326 w/ 35 queries
00:18:32 - process[9]: training epoch 12 ...
00:18:43 - process[9] - epoch 12 - train iter 187 - 15153.4 words/s - loss: 0.4846
00:18:43 - process[9]: evaluating epoch 12 on dev ...
00:19:23 - dev set during evaluation: 14980/14975
00:19:23 - process[9] - dev - epoch 12 - mAP: 0.311 w/ 35 queries
00:19:23 - process[9]: training epoch 13 ...
00:19:34 - process[9] - epoch 13 - train iter 187 - 15931.1 words/s - loss: 0.4782
00:19:34 - process[9]: evaluating epoch 13 on dev ...
00:20:14 - dev set during evaluation: 14980/14975
00:20:14 - process[9] - dev - epoch 13 - mAP: 0.352 w/ 35 queries
00:20:14 - process[9]: training epoch 14 ...
00:20:25 - process[9] - epoch 14 - train iter 187 - 15282.8 words/s - loss: 0.4111
00:20:25 - process[9]: evaluating epoch 14 on dev ...
00:21:05 - dev set during evaluation: 14980/14975
00:21:05 - process[9] - dev - epoch 14 - mAP: 0.387 w/ 35 queries
00:21:05 - process[9]: evaluating epoch 14 on test ...
00:21:48 - test set during evaluation: 15300/15294
00:21:48 - process[9] - test - epoch 14 - mAP: 0.446 w/ 36 queries
00:21:48 - process[9]: training epoch 15 ...
00:21:58 - process[9] - epoch 15 - train iter 187 - 17414.8 words/s - loss: 0.3959
00:21:58 - process[9]: evaluating epoch 15 on dev ...
00:22:39 - dev set during evaluation: 14980/14975
00:22:39 - process[9] - dev - epoch 15 - mAP: 0.368 w/ 35 queries
00:22:39 - process[9]: training epoch 16 ...
00:22:49 - process[9] - epoch 16 - train iter 187 - 18045.2 words/s - loss: 0.4511
00:22:49 - process[9]: evaluating epoch 16 on dev ...
00:23:30 - dev set during evaluation: 14980/14975
00:23:30 - process[9] - dev - epoch 16 - mAP: 0.367 w/ 35 queries
00:23:30 - process[9]: training epoch 17 ...
00:23:40 - process[9] - epoch 17 - train iter 187 - 16595.3 words/s - loss: 0.4413
00:23:40 - process[9]: evaluating epoch 17 on dev ...
00:24:21 - dev set during evaluation: 14980/14975
00:24:21 - process[9] - dev - epoch 17 - mAP: 0.353 w/ 35 queries
00:24:21 - process[9]: training epoch 18 ...
00:24:31 - process[9] - epoch 18 - train iter 187 - 17300.8 words/s - loss: 0.4112
00:24:31 - process[9]: evaluating epoch 18 on dev ...
00:25:12 - dev set during evaluation: 14980/14975
00:25:12 - process[9] - dev - epoch 18 - mAP: 0.359 w/ 35 queries
00:25:12 - process[9]: training epoch 19 ...
00:25:22 - process[9] - epoch 19 - train iter 187 - 17534.2 words/s - loss: 0.4075
00:25:22 - process[9]: evaluating epoch 19 on dev ...
00:26:03 - dev set during evaluation: 14980/14975
00:26:03 - process[9] - dev - epoch 19 - mAP: 0.344 w/ 35 queries
00:26:03 - [fold 2] best test MAP: 0.446 @ epoch 14
00:26:03 - Evaluating every 1 epochs ...
00:26:03 - reading data from /mnt/home/puxuan/CLIR-project/Evaluation_data/process-clef/uncased
00:26:04 - test has 35 queries ...
00:26:04 - Data reading done ...
00:26:05 - adding 9-th encoder to optimizer...
00:26:05 - adding 10-th encoder to optimizer...
00:26:05 - adding 11-th encoder to optimizer...
00:26:06 - process[9]: training epoch 0 ...
00:26:17 - process[9] - epoch 0 - train iter 196 - 15806.6 words/s - loss: 0.7128
00:26:17 - process[9]: training epoch 1 ...
00:26:27 - process[9] - epoch 1 - train iter 196 - 17077.9 words/s - loss: 0.6563
00:26:27 - process[9]: training epoch 2 ...
00:26:38 - process[9] - epoch 2 - train iter 196 - 16854.6 words/s - loss: 0.6043
00:26:38 - process[9]: training epoch 3 ...
00:26:50 - process[9] - epoch 3 - train iter 196 - 14569.2 words/s - loss: 0.5979
00:26:50 - process[9]: training epoch 4 ...
00:27:01 - process[9] - epoch 4 - train iter 196 - 16307.7 words/s - loss: 0.5272
00:27:01 - process[9]: training epoch 5 ...
00:27:11 - process[9] - epoch 5 - train iter 196 - 16793.1 words/s - loss: 0.5567
00:27:11 - process[9]: training epoch 6 ...
00:27:20 - process[9] - epoch 6 - train iter 196 - 18553.7 words/s - loss: 0.5404
00:27:20 - process[9]: training epoch 7 ...
00:27:31 - process[9] - epoch 7 - train iter 196 - 15933.0 words/s - loss: 0.4785
00:27:31 - process[9]: training epoch 8 ...
00:27:41 - process[9] - epoch 8 - train iter 196 - 17702.7 words/s - loss: 0.5423
00:27:41 - process[9]: training epoch 9 ...
00:27:52 - process[9] - epoch 9 - train iter 196 - 16958.2 words/s - loss: 0.5207
00:27:52 - process[9]: training epoch 10 ...
00:28:02 - process[9] - epoch 10 - train iter 196 - 17214.4 words/s - loss: 0.5001
00:28:02 - process[9]: evaluating epoch 10 on dev ...
00:28:47 - dev set during evaluation: 15300/15294
00:28:47 - process[9] - dev - epoch 10 - mAP: 0.360 w/ 36 queries
00:28:47 - process[9]: evaluating epoch 10 on test ...
00:29:29 - test set during evaluation: 15480/15477
00:29:29 - process[9] - test - epoch 10 - mAP: 0.320 w/ 35 queries
00:29:29 - process[9]: training epoch 11 ...
00:29:40 - process[9] - epoch 11 - train iter 196 - 16264.6 words/s - loss: 0.4909
00:29:40 - process[9]: evaluating epoch 11 on dev ...
00:30:22 - dev set during evaluation: 15300/15294
00:30:22 - process[9] - dev - epoch 11 - mAP: 0.407 w/ 36 queries
00:30:22 - process[9]: evaluating epoch 11 on test ...
00:31:04 - test set during evaluation: 15480/15477
00:31:04 - process[9] - test - epoch 11 - mAP: 0.312 w/ 35 queries
00:31:04 - process[9]: training epoch 12 ...
00:31:14 - process[9] - epoch 12 - train iter 196 - 17050.6 words/s - loss: 0.4769
00:31:14 - process[9]: evaluating epoch 12 on dev ...
00:31:57 - dev set during evaluation: 15300/15294
00:31:57 - process[9] - dev - epoch 12 - mAP: 0.417 w/ 36 queries
00:31:57 - process[9]: evaluating epoch 12 on test ...
00:32:39 - test set during evaluation: 15480/15477
00:32:39 - process[9] - test - epoch 12 - mAP: 0.333 w/ 35 queries
00:32:39 - process[9]: training epoch 13 ...
00:32:49 - process[9] - epoch 13 - train iter 196 - 16814.2 words/s - loss: 0.4147
00:32:49 - process[9]: evaluating epoch 13 on dev ...
00:33:32 - dev set during evaluation: 15300/15294
00:33:32 - process[9] - dev - epoch 13 - mAP: 0.465 w/ 36 queries
00:33:32 - process[9]: evaluating epoch 13 on test ...
00:34:14 - test set during evaluation: 15480/15477
00:34:14 - process[9] - test - epoch 13 - mAP: 0.347 w/ 35 queries
00:34:14 - process[9]: training epoch 14 ...
00:34:24 - process[9] - epoch 14 - train iter 196 - 17922.2 words/s - loss: 0.4623
00:34:24 - process[9]: evaluating epoch 14 on dev ...
00:35:07 - dev set during evaluation: 15300/15294
00:35:07 - process[9] - dev - epoch 14 - mAP: 0.455 w/ 36 queries
00:35:07 - process[9]: training epoch 15 ...
00:35:17 - process[9] - epoch 15 - train iter 196 - 18944.3 words/s - loss: 0.4800
00:35:17 - process[9]: evaluating epoch 15 on dev ...
00:36:00 - dev set during evaluation: 15300/15294
00:36:00 - process[9] - dev - epoch 15 - mAP: 0.448 w/ 36 queries
00:36:00 - process[9]: training epoch 16 ...
00:36:10 - process[9] - epoch 16 - train iter 196 - 17963.5 words/s - loss: 0.4482
00:36:10 - process[9]: evaluating epoch 16 on dev ...
00:36:52 - dev set during evaluation: 15300/15294
00:36:52 - process[9] - dev - epoch 16 - mAP: 0.431 w/ 36 queries
00:36:52 - process[9]: training epoch 17 ...
00:37:02 - process[9] - epoch 17 - train iter 196 - 18236.8 words/s - loss: 0.4397
00:37:02 - process[9]: evaluating epoch 17 on dev ...
00:37:45 - dev set during evaluation: 15300/15294
00:37:45 - process[9] - dev - epoch 17 - mAP: 0.424 w/ 36 queries
00:37:45 - process[9]: training epoch 18 ...
00:37:55 - process[9] - epoch 18 - train iter 196 - 19111.3 words/s - loss: 0.4383
00:37:55 - process[9]: evaluating epoch 18 on dev ...
00:38:38 - dev set during evaluation: 15300/15294
00:38:38 - process[9] - dev - epoch 18 - mAP: 0.415 w/ 36 queries
00:38:38 - process[9]: training epoch 19 ...
00:38:49 - process[9] - epoch 19 - train iter 196 - 17839.7 words/s - loss: 0.3931
00:38:49 - process[9]: evaluating epoch 19 on dev ...
00:39:32 - dev set during evaluation: 15300/15294
00:39:32 - process[9] - dev - epoch 19 - mAP: 0.434 w/ 36 queries
00:39:32 - [fold 3] best test MAP: 0.347 @ epoch 13
00:39:32 - Evaluating every 1 epochs ...
00:39:32 - reading data from /mnt/home/puxuan/CLIR-project/Evaluation_data/process-clef/uncased
00:39:32 - test has 35 queries ...
00:39:32 - Data reading done ...
00:39:34 - adding 9-th encoder to optimizer...
00:39:34 - adding 10-th encoder to optimizer...
00:39:34 - adding 11-th encoder to optimizer...
00:39:34 - process[9]: training epoch 0 ...
00:39:44 - process[9] - epoch 0 - train iter 207 - 18933.3 words/s - loss: 0.7280
00:39:44 - process[9]: training epoch 1 ...
00:39:55 - process[9] - epoch 1 - train iter 207 - 17967.5 words/s - loss: 0.6678
00:39:55 - process[9]: training epoch 2 ...
00:40:05 - process[9] - epoch 2 - train iter 207 - 16996.7 words/s - loss: 0.5916
00:40:05 - process[9]: training epoch 3 ...
00:40:17 - process[9] - epoch 3 - train iter 207 - 16228.5 words/s - loss: 0.5056
00:40:17 - process[9]: training epoch 4 ...
00:40:30 - process[9] - epoch 4 - train iter 207 - 14962.5 words/s - loss: 0.5504
00:40:30 - process[9]: training epoch 5 ...
00:40:41 - process[9] - epoch 5 - train iter 207 - 16655.9 words/s - loss: 0.5036
00:40:41 - process[9]: training epoch 6 ...
00:40:52 - process[9] - epoch 6 - train iter 207 - 17570.3 words/s - loss: 0.4717
00:40:52 - process[9]: training epoch 7 ...
00:41:03 - process[9] - epoch 7 - train iter 207 - 17473.5 words/s - loss: 0.4633
00:41:03 - process[9]: training epoch 8 ...
00:41:14 - process[9] - epoch 8 - train iter 207 - 16402.7 words/s - loss: 0.4624
00:41:14 - process[9]: training epoch 9 ...
00:41:26 - process[9] - epoch 9 - train iter 207 - 16412.4 words/s - loss: 0.4372
00:41:26 - process[9]: training epoch 10 ...
00:41:37 - process[9] - epoch 10 - train iter 207 - 15830.6 words/s - loss: 0.4500
00:41:37 - process[9]: evaluating epoch 10 on dev ...
00:42:22 - dev set during evaluation: 15480/15477
00:42:22 - process[9] - dev - epoch 10 - mAP: 0.300 w/ 35 queries
00:42:22 - process[9]: evaluating epoch 10 on test ...
00:43:05 - test set during evaluation: 14470/14463
00:43:05 - process[9] - test - epoch 10 - mAP: 0.377 w/ 35 queries
00:43:05 - process[9]: training epoch 11 ...
00:43:16 - process[9] - epoch 11 - train iter 207 - 16585.0 words/s - loss: 0.4534
00:43:16 - process[9]: evaluating epoch 11 on dev ...
00:43:57 - dev set during evaluation: 15480/15477
00:43:57 - process[9] - dev - epoch 11 - mAP: 0.307 w/ 35 queries
00:43:57 - process[9]: evaluating epoch 11 on test ...
00:44:40 - test set during evaluation: 14470/14463
00:44:40 - process[9] - test - epoch 11 - mAP: 0.392 w/ 35 queries
00:44:40 - process[9]: training epoch 12 ...
00:44:50 - process[9] - epoch 12 - train iter 207 - 17620.8 words/s - loss: 0.4668
00:44:50 - process[9]: evaluating epoch 12 on dev ...
00:45:33 - dev set during evaluation: 15480/15477
00:45:33 - process[9] - dev - epoch 12 - mAP: 0.321 w/ 35 queries
00:45:33 - process[9]: evaluating epoch 12 on test ...
00:46:15 - test set during evaluation: 14470/14463
00:46:15 - process[9] - test - epoch 12 - mAP: 0.380 w/ 35 queries
00:46:15 - process[9]: training epoch 13 ...
00:46:26 - process[9] - epoch 13 - train iter 207 - 17967.8 words/s - loss: 0.3953
00:46:26 - process[9]: evaluating epoch 13 on dev ...
00:47:08 - dev set during evaluation: 15480/15477
00:47:08 - process[9] - dev - epoch 13 - mAP: 0.307 w/ 35 queries
00:47:08 - process[9]: training epoch 14 ...
00:47:19 - process[9] - epoch 14 - train iter 207 - 17897.1 words/s - loss: 0.3819
00:47:19 - process[9]: evaluating epoch 14 on dev ...
00:48:02 - dev set during evaluation: 15480/15477
00:48:02 - process[9] - dev - epoch 14 - mAP: 0.329 w/ 35 queries
00:48:02 - process[9]: evaluating epoch 14 on test ...
00:48:44 - test set during evaluation: 14470/14463
00:48:44 - process[9] - test - epoch 14 - mAP: 0.349 w/ 35 queries
00:48:44 - process[9]: training epoch 15 ...
00:48:56 - process[9] - epoch 15 - train iter 207 - 15155.9 words/s - loss: 0.4186
00:48:56 - process[9]: evaluating epoch 15 on dev ...
00:49:36 - dev set during evaluation: 15480/15477
00:49:37 - process[9] - dev - epoch 15 - mAP: 0.328 w/ 35 queries
00:49:37 - process[9]: training epoch 16 ...
00:49:47 - process[9] - epoch 16 - train iter 207 - 17766.5 words/s - loss: 0.3674
00:49:47 - process[9]: evaluating epoch 16 on dev ...
00:50:30 - dev set during evaluation: 15480/15477
00:50:30 - process[9] - dev - epoch 16 - mAP: 0.363 w/ 35 queries
00:50:30 - process[9]: evaluating epoch 16 on test ...
00:51:12 - test set during evaluation: 14470/14463
00:51:12 - process[9] - test - epoch 16 - mAP: 0.358 w/ 35 queries
00:51:12 - process[9]: training epoch 17 ...
00:51:23 - process[9] - epoch 17 - train iter 207 - 18027.4 words/s - loss: 0.4596
00:51:23 - process[9]: evaluating epoch 17 on dev ...
00:52:06 - dev set during evaluation: 15480/15477
00:52:06 - process[9] - dev - epoch 17 - mAP: 0.375 w/ 35 queries
00:52:06 - process[9]: evaluating epoch 17 on test ...
00:52:48 - test set during evaluation: 14470/14463
00:52:48 - process[9] - test - epoch 17 - mAP: 0.382 w/ 35 queries
00:52:48 - process[9]: training epoch 18 ...
00:52:59 - process[9] - epoch 18 - train iter 207 - 17239.5 words/s - loss: 0.4231
00:52:59 - process[9]: evaluating epoch 18 on dev ...
00:53:41 - dev set during evaluation: 15480/15477
00:53:41 - process[9] - dev - epoch 18 - mAP: 0.366 w/ 35 queries
00:53:41 - process[9]: training epoch 19 ...
00:53:52 - process[9] - epoch 19 - train iter 207 - 17447.7 words/s - loss: 0.4309
00:53:52 - process[9]: evaluating epoch 19 on dev ...
00:54:34 - dev set during evaluation: 15480/15477
00:54:34 - process[9] - dev - epoch 19 - mAP: 0.357 w/ 35 queries
00:54:34 - [fold 4] best test MAP: 0.382 @ epoch 17
00:54:34 - Evaluating every 1 epochs ...
00:54:34 - reading data from /mnt/home/puxuan/CLIR-project/Evaluation_data/process-clef/uncased
00:54:35 - test has 35 queries ...
00:54:35 - Data reading done ...
00:54:36 - adding 9-th encoder to optimizer...
00:54:36 - adding 10-th encoder to optimizer...
00:54:36 - adding 11-th encoder to optimizer...
00:54:37 - process[9]: training epoch 0 ...
00:54:47 - process[9] - epoch 0 - train iter 195 - 18059.3 words/s - loss: 0.7145
00:54:47 - process[9]: training epoch 1 ...
00:54:58 - process[9] - epoch 1 - train iter 195 - 15094.2 words/s - loss: 0.6457
00:54:58 - process[9]: training epoch 2 ...
00:55:09 - process[9] - epoch 2 - train iter 195 - 16958.0 words/s - loss: 0.5889
00:55:09 - process[9]: training epoch 3 ...
00:55:20 - process[9] - epoch 3 - train iter 195 - 15067.7 words/s - loss: 0.5535
00:55:20 - process[9]: training epoch 4 ...
00:55:31 - process[9] - epoch 4 - train iter 195 - 16379.8 words/s - loss: 0.5128
00:55:31 - process[9]: training epoch 5 ...
00:55:41 - process[9] - epoch 5 - train iter 195 - 16495.9 words/s - loss: 0.4476
00:55:41 - process[9]: training epoch 6 ...
00:55:52 - process[9] - epoch 6 - train iter 195 - 16401.2 words/s - loss: 0.5110
00:55:52 - process[9]: training epoch 7 ...
00:56:02 - process[9] - epoch 7 - train iter 195 - 16739.9 words/s - loss: 0.4801
00:56:02 - process[9]: training epoch 8 ...
00:56:13 - process[9] - epoch 8 - train iter 195 - 15493.9 words/s - loss: 0.4931
00:56:13 - process[9]: training epoch 9 ...
00:56:25 - process[9] - epoch 9 - train iter 195 - 15111.4 words/s - loss: 0.4489
00:56:25 - process[9]: training epoch 10 ...
00:56:35 - process[9] - epoch 10 - train iter 195 - 16971.9 words/s - loss: 0.4290
00:56:35 - process[9]: evaluating epoch 10 on dev ...
00:57:22 - dev set during evaluation: 14470/14463
00:57:22 - process[9] - dev - epoch 10 - mAP: 0.366 w/ 35 queries
00:57:22 - process[9]: evaluating epoch 10 on test ...
00:58:07 - test set during evaluation: 14160/14157
00:58:07 - process[9] - test - epoch 10 - mAP: 0.410 w/ 35 queries
00:58:07 - process[9]: training epoch 11 ...
00:58:19 - process[9] - epoch 11 - train iter 195 - 15901.4 words/s - loss: 0.4221
00:58:19 - process[9]: evaluating epoch 11 on dev ...
00:59:02 - dev set during evaluation: 14470/14463
00:59:02 - process[9] - dev - epoch 11 - mAP: 0.367 w/ 35 queries
00:59:02 - process[9]: evaluating epoch 11 on test ...
00:59:47 - test set during evaluation: 14160/14157
00:59:47 - process[9] - test - epoch 11 - mAP: 0.453 w/ 35 queries
00:59:47 - process[9]: training epoch 12 ...
00:59:58 - process[9] - epoch 12 - train iter 195 - 15668.4 words/s - loss: 0.4412
00:59:58 - process[9]: evaluating epoch 12 on dev ...
01:00:40 - dev set during evaluation: 14470/14463
01:00:40 - process[9] - dev - epoch 12 - mAP: 0.376 w/ 35 queries
01:00:40 - process[9]: evaluating epoch 12 on test ...
01:01:25 - test set during evaluation: 14160/14157
01:01:25 - process[9] - test - epoch 12 - mAP: 0.430 w/ 35 queries
01:01:25 - process[9]: training epoch 13 ...
01:01:36 - process[9] - epoch 13 - train iter 195 - 15737.8 words/s - loss: 0.4448
01:01:36 - process[9]: evaluating epoch 13 on dev ...
01:02:18 - dev set during evaluation: 14470/14463
01:02:18 - process[9] - dev - epoch 13 - mAP: 0.382 w/ 35 queries
01:02:18 - process[9]: evaluating epoch 13 on test ...
01:03:04 - test set during evaluation: 14160/14157
01:03:04 - process[9] - test - epoch 13 - mAP: 0.428 w/ 35 queries
01:03:04 - process[9]: training epoch 14 ...
01:03:14 - process[9] - epoch 14 - train iter 195 - 17633.6 words/s - loss: 0.3993
01:03:14 - process[9]: evaluating epoch 14 on dev ...
01:03:58 - dev set during evaluation: 14470/14463
01:03:58 - process[9] - dev - epoch 14 - mAP: 0.375 w/ 35 queries
01:03:58 - process[9]: training epoch 15 ...
01:04:09 - process[9] - epoch 15 - train iter 195 - 15641.1 words/s - loss: 0.3533
01:04:09 - process[9]: evaluating epoch 15 on dev ...
01:04:50 - dev set during evaluation: 14470/14463
01:04:50 - process[9] - dev - epoch 15 - mAP: 0.419 w/ 35 queries
01:04:50 - process[9]: evaluating epoch 15 on test ...
01:05:35 - test set during evaluation: 14160/14157
01:05:35 - process[9] - test - epoch 15 - mAP: 0.461 w/ 35 queries
01:05:35 - process[9]: training epoch 16 ...
01:05:46 - process[9] - epoch 16 - train iter 195 - 15557.0 words/s - loss: 0.3523
01:05:46 - process[9]: evaluating epoch 16 on dev ...
01:06:29 - dev set during evaluation: 14470/14463
01:06:29 - process[9] - dev - epoch 16 - mAP: 0.386 w/ 35 queries
01:06:29 - process[9]: training epoch 17 ...
01:06:39 - process[9] - epoch 17 - train iter 195 - 17671.3 words/s - loss: 0.4307
01:06:39 - process[9]: evaluating epoch 17 on dev ...
01:07:22 - dev set during evaluation: 14470/14463
01:07:22 - process[9] - dev - epoch 17 - mAP: 0.404 w/ 35 queries
01:07:22 - process[9]: training epoch 18 ...
01:07:34 - process[9] - epoch 18 - train iter 195 - 15049.2 words/s - loss: 0.4611
01:07:34 - process[9]: evaluating epoch 18 on dev ...
01:08:15 - dev set during evaluation: 14470/14463
01:08:15 - process[9] - dev - epoch 18 - mAP: 0.408 w/ 35 queries
01:08:15 - process[9]: training epoch 19 ...
01:08:25 - process[9] - epoch 19 - train iter 195 - 16850.6 words/s - loss: 0.4030
01:08:25 - process[9]: evaluating epoch 19 on dev ...
01:09:08 - dev set during evaluation: 14470/14463
01:09:08 - process[9] - dev - epoch 19 - mAP: 0.375 w/ 35 queries
01:09:08 - [fold 5] best test MAP: 0.461 @ epoch 15
01:09:08 - [0.3616231139198615, 0.4463308330768469, 0.34720404865292825, 0.3822473855602632, 0.4605659354619143]
01:09:08 - [35, 36, 35, 35, 35]
01:09:08 - final MAP: 0.400
