00:00:06 - Namespace(apex_level='O2', batch_size=8, cased=False, dataset='clef', debug=False, encoder_lr=2e-05, eval_step=1, full_doc_length=True, local_rank=8, model_path='/mnt/scratch/puxuan/short_rr/2186734/huggingface-9', model_type='mbert', num_epochs=20, num_ft_encoders=3, num_neg=1, projector_lr=2e-05, seed=611, source_lang='en', target_lang='es')
00:00:16 - Evaluating every 1 epochs ...
00:00:16 - reading data from /mnt/home/puxuan/CLIR-project/Evaluation_data/process-clef/uncased
00:00:18 - test has 31 queries ...
00:00:18 - Data reading done ...
00:00:25 - adding 9-th encoder to optimizer...
00:00:25 - adding 10-th encoder to optimizer...
00:00:25 - adding 11-th encoder to optimizer...
00:00:25 - process[8]: training epoch 0 ...
00:00:42 - process[8] - epoch 0 - train iter 540 - 27641.9 words/s - loss: 0.4999
00:00:42 - process[8]: training epoch 1 ...
00:00:58 - process[8] - epoch 1 - train iter 540 - 28694.8 words/s - loss: 0.4626
00:00:58 - process[8]: training epoch 2 ...
00:01:14 - process[8] - epoch 2 - train iter 540 - 28642.0 words/s - loss: 0.4205
00:01:14 - process[8]: training epoch 3 ...
00:01:31 - process[8] - epoch 3 - train iter 540 - 28292.7 words/s - loss: 0.3749
00:01:31 - process[8]: training epoch 4 ...
00:01:47 - process[8] - epoch 4 - train iter 540 - 28418.1 words/s - loss: 0.3510
00:01:47 - process[8]: training epoch 5 ...
00:02:03 - process[8] - epoch 5 - train iter 540 - 28674.6 words/s - loss: 0.3597
00:02:03 - process[8]: training epoch 6 ...
00:02:20 - process[8] - epoch 6 - train iter 540 - 28668.5 words/s - loss: 0.3577
00:02:20 - process[8]: training epoch 7 ...
00:02:37 - process[8] - epoch 7 - train iter 540 - 28152.6 words/s - loss: 0.3620
00:02:37 - process[8]: training epoch 8 ...
00:02:53 - process[8] - epoch 8 - train iter 540 - 28703.7 words/s - loss: 0.2987
00:02:53 - process[8]: training epoch 9 ...
00:03:09 - process[8] - epoch 9 - train iter 540 - 28532.3 words/s - loss: 0.3237
00:03:09 - process[8]: training epoch 10 ...
00:03:26 - process[8] - epoch 10 - train iter 540 - 28551.0 words/s - loss: 0.3369
00:03:26 - process[8]: evaluating epoch 10 on dev ...
00:03:41 - process[8] - dev - epoch 10 - mAP: 0.484 w/ 31 queries
00:03:41 - process[8]: evaluating epoch 10 on test ...
00:03:55 - test set during evaluation: 11460/11458
00:03:55 - process[8] - test - epoch 10 - mAP: 0.544 w/ 31 queries
00:03:55 - process[8]: training epoch 11 ...
00:04:11 - process[8] - epoch 11 - train iter 540 - 28920.9 words/s - loss: 0.2974
00:04:11 - process[8]: evaluating epoch 11 on dev ...
00:04:24 - process[8] - dev - epoch 11 - mAP: 0.486 w/ 31 queries
00:04:24 - process[8]: evaluating epoch 11 on test ...
00:04:38 - test set during evaluation: 11460/11458
00:04:38 - process[8] - test - epoch 11 - mAP: 0.534 w/ 31 queries
00:04:38 - process[8]: training epoch 12 ...
00:04:54 - process[8] - epoch 12 - train iter 540 - 28981.6 words/s - loss: 0.3288
00:04:54 - process[8]: evaluating epoch 12 on dev ...
00:05:08 - process[8] - dev - epoch 12 - mAP: 0.490 w/ 31 queries
00:05:08 - process[8]: evaluating epoch 12 on test ...
00:05:22 - test set during evaluation: 11460/11458
00:05:22 - process[8] - test - epoch 12 - mAP: 0.537 w/ 31 queries
00:05:22 - process[8]: training epoch 13 ...
00:05:38 - process[8] - epoch 13 - train iter 540 - 29074.0 words/s - loss: 0.3494
00:05:38 - process[8]: evaluating epoch 13 on dev ...
00:05:52 - process[8] - dev - epoch 13 - mAP: 0.502 w/ 31 queries
00:05:52 - process[8]: evaluating epoch 13 on test ...
00:06:05 - test set during evaluation: 11460/11458
00:06:05 - process[8] - test - epoch 13 - mAP: 0.530 w/ 31 queries
00:06:05 - process[8]: training epoch 14 ...
00:06:21 - process[8] - epoch 14 - train iter 540 - 28832.9 words/s - loss: 0.2889
00:06:21 - process[8]: evaluating epoch 14 on dev ...
00:06:35 - process[8] - dev - epoch 14 - mAP: 0.483 w/ 31 queries
00:06:35 - process[8]: training epoch 15 ...
00:06:51 - process[8] - epoch 15 - train iter 540 - 28728.2 words/s - loss: 0.2951
00:06:51 - process[8]: evaluating epoch 15 on dev ...
00:07:05 - process[8] - dev - epoch 15 - mAP: 0.486 w/ 31 queries
00:07:05 - process[8]: training epoch 16 ...
00:07:21 - process[8] - epoch 16 - train iter 540 - 28677.5 words/s - loss: 0.3128
00:07:21 - process[8]: evaluating epoch 16 on dev ...
00:07:35 - process[8] - dev - epoch 16 - mAP: 0.503 w/ 31 queries
00:07:35 - process[8]: evaluating epoch 16 on test ...
00:07:48 - test set during evaluation: 11460/11458
00:07:48 - process[8] - test - epoch 16 - mAP: 0.518 w/ 31 queries
00:07:48 - process[8]: training epoch 17 ...
00:08:05 - process[8] - epoch 17 - train iter 540 - 28725.4 words/s - loss: 0.2728
00:08:05 - process[8]: evaluating epoch 17 on dev ...
00:08:18 - process[8] - dev - epoch 17 - mAP: 0.494 w/ 31 queries
00:08:18 - process[8]: training epoch 18 ...
00:08:34 - process[8] - epoch 18 - train iter 540 - 28593.7 words/s - loss: 0.2752
00:08:34 - process[8]: evaluating epoch 18 on dev ...
00:08:48 - process[8] - dev - epoch 18 - mAP: 0.494 w/ 31 queries
00:08:48 - process[8]: training epoch 19 ...
00:09:04 - process[8] - epoch 19 - train iter 540 - 28497.9 words/s - loss: 0.2789
00:09:04 - process[8]: evaluating epoch 19 on dev ...
00:09:18 - process[8] - dev - epoch 19 - mAP: 0.492 w/ 31 queries
00:09:18 - [fold 1] best test MAP: 0.518 @ epoch 16
00:09:18 - Evaluating every 1 epochs ...
00:09:18 - reading data from /mnt/home/puxuan/CLIR-project/Evaluation_data/process-clef/uncased
00:09:19 - test has 32 queries ...
00:09:19 - Data reading done ...
00:09:21 - adding 9-th encoder to optimizer...
00:09:21 - adding 10-th encoder to optimizer...
00:09:21 - adding 11-th encoder to optimizer...
00:09:21 - process[8]: training epoch 0 ...
00:09:37 - process[8] - epoch 0 - train iter 492 - 27989.2 words/s - loss: 0.4844
00:09:37 - process[8]: training epoch 1 ...
00:09:52 - process[8] - epoch 1 - train iter 492 - 28275.4 words/s - loss: 0.4582
00:09:52 - process[8]: training epoch 2 ...
00:10:07 - process[8] - epoch 2 - train iter 492 - 27959.6 words/s - loss: 0.4040
00:10:07 - process[8]: training epoch 3 ...
00:10:22 - process[8] - epoch 3 - train iter 492 - 27896.0 words/s - loss: 0.3762
00:10:22 - process[8]: training epoch 4 ...
00:10:37 - process[8] - epoch 4 - train iter 492 - 28431.2 words/s - loss: 0.3979
00:10:37 - process[8]: training epoch 5 ...
00:10:52 - process[8] - epoch 5 - train iter 492 - 28219.2 words/s - loss: 0.3816
00:10:52 - process[8]: training epoch 6 ...
00:11:07 - process[8] - epoch 6 - train iter 492 - 28337.6 words/s - loss: 0.3563
00:11:07 - process[8]: training epoch 7 ...
00:11:22 - process[8] - epoch 7 - train iter 492 - 28084.0 words/s - loss: 0.3371
00:11:22 - process[8]: training epoch 8 ...
00:11:37 - process[8] - epoch 8 - train iter 492 - 28264.2 words/s - loss: 0.3177
00:11:37 - process[8]: training epoch 9 ...
00:11:53 - process[8] - epoch 9 - train iter 492 - 28089.4 words/s - loss: 0.3103
00:11:53 - process[8]: training epoch 10 ...
00:12:08 - process[8] - epoch 10 - train iter 492 - 28360.0 words/s - loss: 0.3256
00:12:08 - process[8]: evaluating epoch 10 on dev ...
00:12:23 - dev set during evaluation: 11460/11458
00:12:23 - process[8] - dev - epoch 10 - mAP: 0.541 w/ 31 queries
00:12:23 - process[8]: evaluating epoch 10 on test ...
00:12:38 - process[8] - test - epoch 10 - mAP: 0.618 w/ 32 queries
00:12:38 - process[8]: training epoch 11 ...
00:12:53 - process[8] - epoch 11 - train iter 492 - 27949.7 words/s - loss: 0.3189
00:12:53 - process[8]: evaluating epoch 11 on dev ...
00:13:08 - dev set during evaluation: 11460/11458
00:13:08 - process[8] - dev - epoch 11 - mAP: 0.548 w/ 31 queries
00:13:08 - process[8]: evaluating epoch 11 on test ...
00:13:23 - process[8] - test - epoch 11 - mAP: 0.613 w/ 32 queries
00:13:23 - process[8]: training epoch 12 ...
00:13:38 - process[8] - epoch 12 - train iter 492 - 28370.8 words/s - loss: 0.3441
00:13:38 - process[8]: evaluating epoch 12 on dev ...
00:13:52 - dev set during evaluation: 11460/11458
00:13:52 - process[8] - dev - epoch 12 - mAP: 0.545 w/ 31 queries
00:13:52 - process[8]: training epoch 13 ...
00:14:07 - process[8] - epoch 13 - train iter 492 - 28839.2 words/s - loss: 0.3020
00:14:07 - process[8]: evaluating epoch 13 on dev ...
00:14:21 - dev set during evaluation: 11460/11458
00:14:21 - process[8] - dev - epoch 13 - mAP: 0.548 w/ 31 queries
00:14:21 - process[8]: evaluating epoch 13 on test ...
00:14:36 - process[8] - test - epoch 13 - mAP: 0.613 w/ 32 queries
00:14:36 - process[8]: training epoch 14 ...
00:14:51 - process[8] - epoch 14 - train iter 492 - 28222.5 words/s - loss: 0.3052
00:14:51 - process[8]: evaluating epoch 14 on dev ...
00:15:05 - dev set during evaluation: 11460/11458
00:15:05 - process[8] - dev - epoch 14 - mAP: 0.553 w/ 31 queries
00:15:05 - process[8]: evaluating epoch 14 on test ...
00:15:20 - process[8] - test - epoch 14 - mAP: 0.616 w/ 32 queries
00:15:20 - process[8]: training epoch 15 ...
00:15:35 - process[8] - epoch 15 - train iter 492 - 27669.7 words/s - loss: 0.3045
00:15:35 - process[8]: evaluating epoch 15 on dev ...
00:15:49 - dev set during evaluation: 11460/11458
00:15:49 - process[8] - dev - epoch 15 - mAP: 0.545 w/ 31 queries
00:15:49 - process[8]: training epoch 16 ...
00:16:04 - process[8] - epoch 16 - train iter 492 - 28311.1 words/s - loss: 0.2931
00:16:04 - process[8]: evaluating epoch 16 on dev ...
00:16:18 - dev set during evaluation: 11460/11458
00:16:18 - process[8] - dev - epoch 16 - mAP: 0.545 w/ 31 queries
00:16:18 - process[8]: training epoch 17 ...
00:16:33 - process[8] - epoch 17 - train iter 492 - 28267.3 words/s - loss: 0.3224
00:16:33 - process[8]: evaluating epoch 17 on dev ...
00:16:47 - dev set during evaluation: 11460/11458
00:16:47 - process[8] - dev - epoch 17 - mAP: 0.547 w/ 31 queries
00:16:47 - process[8]: training epoch 18 ...
00:17:02 - process[8] - epoch 18 - train iter 492 - 28271.8 words/s - loss: 0.3195
00:17:02 - process[8]: evaluating epoch 18 on dev ...
00:17:16 - dev set during evaluation: 11460/11458
00:17:16 - process[8] - dev - epoch 18 - mAP: 0.552 w/ 31 queries
00:17:16 - process[8]: training epoch 19 ...
00:17:31 - process[8] - epoch 19 - train iter 492 - 28046.0 words/s - loss: 0.2930
00:17:31 - process[8]: evaluating epoch 19 on dev ...
00:17:45 - dev set during evaluation: 11460/11458
00:17:45 - process[8] - dev - epoch 19 - mAP: 0.547 w/ 31 queries
00:17:45 - [fold 2] best test MAP: 0.616 @ epoch 14
00:17:45 - Evaluating every 1 epochs ...
00:17:45 - reading data from /mnt/home/puxuan/CLIR-project/Evaluation_data/process-clef/uncased
00:17:46 - test has 31 queries ...
00:17:46 - Data reading done ...
00:17:48 - adding 9-th encoder to optimizer...
00:17:48 - adding 10-th encoder to optimizer...
00:17:48 - adding 11-th encoder to optimizer...
00:17:48 - process[8]: training epoch 0 ...
00:18:03 - process[8] - epoch 0 - train iter 476 - 28279.6 words/s - loss: 0.4863
00:18:03 - process[8]: training epoch 1 ...
00:18:17 - process[8] - epoch 1 - train iter 476 - 28723.4 words/s - loss: 0.4619
00:18:17 - process[8]: training epoch 2 ...
00:18:32 - process[8] - epoch 2 - train iter 476 - 28212.2 words/s - loss: 0.3692
00:18:32 - process[8]: training epoch 3 ...
00:18:46 - process[8] - epoch 3 - train iter 476 - 27987.8 words/s - loss: 0.3657
00:18:46 - process[8]: training epoch 4 ...
00:19:01 - process[8] - epoch 4 - train iter 476 - 28251.1 words/s - loss: 0.3588
00:19:01 - process[8]: training epoch 5 ...
00:19:15 - process[8] - epoch 5 - train iter 476 - 28470.5 words/s - loss: 0.3854
00:19:15 - process[8]: training epoch 6 ...
00:19:30 - process[8] - epoch 6 - train iter 476 - 28441.3 words/s - loss: 0.3548
00:19:30 - process[8]: training epoch 7 ...
00:19:45 - process[8] - epoch 7 - train iter 476 - 27955.7 words/s - loss: 0.3293
00:19:45 - process[8]: training epoch 8 ...
00:19:59 - process[8] - epoch 8 - train iter 476 - 28357.3 words/s - loss: 0.3471
00:19:59 - process[8]: training epoch 9 ...
00:20:13 - process[8] - epoch 9 - train iter 476 - 28180.4 words/s - loss: 0.3214
00:20:14 - process[8]: training epoch 10 ...
00:20:28 - process[8] - epoch 10 - train iter 476 - 28256.4 words/s - loss: 0.2978
00:20:28 - process[8]: evaluating epoch 10 on dev ...
00:20:45 - process[8] - dev - epoch 10 - mAP: 0.619 w/ 32 queries
00:20:45 - process[8]: evaluating epoch 10 on test ...
00:21:00 - test set during evaluation: 11550/11545
00:21:00 - process[8] - test - epoch 10 - mAP: 0.584 w/ 31 queries
00:21:00 - process[8]: training epoch 11 ...
00:21:14 - process[8] - epoch 11 - train iter 476 - 28051.7 words/s - loss: 0.3186
00:21:14 - process[8]: evaluating epoch 11 on dev ...
00:21:30 - process[8] - dev - epoch 11 - mAP: 0.630 w/ 32 queries
00:21:30 - process[8]: evaluating epoch 11 on test ...
00:21:44 - test set during evaluation: 11550/11545
00:21:44 - process[8] - test - epoch 11 - mAP: 0.587 w/ 31 queries
00:21:44 - process[8]: training epoch 12 ...
00:21:59 - process[8] - epoch 12 - train iter 476 - 28438.1 words/s - loss: 0.2807
00:21:59 - process[8]: evaluating epoch 12 on dev ...
00:22:14 - process[8] - dev - epoch 12 - mAP: 0.627 w/ 32 queries
00:22:14 - process[8]: training epoch 13 ...
00:22:29 - process[8] - epoch 13 - train iter 476 - 28366.1 words/s - loss: 0.3130
00:22:29 - process[8]: evaluating epoch 13 on dev ...
00:22:44 - process[8] - dev - epoch 13 - mAP: 0.628 w/ 32 queries
00:22:44 - process[8]: training epoch 14 ...
00:22:58 - process[8] - epoch 14 - train iter 476 - 28077.4 words/s - loss: 0.3021
00:22:58 - process[8]: evaluating epoch 14 on dev ...
00:23:13 - process[8] - dev - epoch 14 - mAP: 0.630 w/ 32 queries
00:23:13 - process[8]: training epoch 15 ...
00:23:28 - process[8] - epoch 15 - train iter 476 - 28453.7 words/s - loss: 0.2973
00:23:28 - process[8]: evaluating epoch 15 on dev ...
00:23:43 - process[8] - dev - epoch 15 - mAP: 0.611 w/ 32 queries
00:23:43 - process[8]: training epoch 16 ...
00:23:57 - process[8] - epoch 16 - train iter 476 - 28708.9 words/s - loss: 0.2899
00:23:57 - process[8]: evaluating epoch 16 on dev ...
00:24:12 - process[8] - dev - epoch 16 - mAP: 0.623 w/ 32 queries
00:24:12 - process[8]: training epoch 17 ...
00:24:27 - process[8] - epoch 17 - train iter 476 - 28506.6 words/s - loss: 0.2926
00:24:27 - process[8]: evaluating epoch 17 on dev ...
00:24:41 - process[8] - dev - epoch 17 - mAP: 0.612 w/ 32 queries
00:24:42 - process[8]: training epoch 18 ...
00:24:56 - process[8] - epoch 18 - train iter 476 - 28188.2 words/s - loss: 0.2688
00:24:56 - process[8]: evaluating epoch 18 on dev ...
00:25:11 - process[8] - dev - epoch 18 - mAP: 0.616 w/ 32 queries
00:25:11 - process[8]: training epoch 19 ...
00:25:25 - process[8] - epoch 19 - train iter 476 - 28447.0 words/s - loss: 0.3064
00:25:25 - process[8]: evaluating epoch 19 on dev ...
00:25:40 - process[8] - dev - epoch 19 - mAP: 0.617 w/ 32 queries
00:25:40 - [fold 3] best test MAP: 0.587 @ epoch 11
00:25:40 - Evaluating every 1 epochs ...
00:25:40 - reading data from /mnt/home/puxuan/CLIR-project/Evaluation_data/process-clef/uncased
00:25:42 - test has 31 queries ...
00:25:42 - Data reading done ...
00:25:43 - adding 9-th encoder to optimizer...
00:25:43 - adding 10-th encoder to optimizer...
00:25:43 - adding 11-th encoder to optimizer...
00:25:44 - process[8]: training epoch 0 ...
00:25:57 - process[8] - epoch 0 - train iter 432 - 28510.9 words/s - loss: 0.5346
00:25:57 - process[8]: training epoch 1 ...
00:26:10 - process[8] - epoch 1 - train iter 432 - 28270.4 words/s - loss: 0.4722
00:26:10 - process[8]: training epoch 2 ...
00:26:23 - process[8] - epoch 2 - train iter 432 - 28475.7 words/s - loss: 0.4087
00:26:23 - process[8]: training epoch 3 ...
00:26:37 - process[8] - epoch 3 - train iter 432 - 28454.7 words/s - loss: 0.4398
00:26:37 - process[8]: training epoch 4 ...
00:26:50 - process[8] - epoch 4 - train iter 432 - 28825.0 words/s - loss: 0.3906
00:26:50 - process[8]: training epoch 5 ...
00:27:03 - process[8] - epoch 5 - train iter 432 - 28222.6 words/s - loss: 0.4003
00:27:03 - process[8]: training epoch 6 ...
00:27:16 - process[8] - epoch 6 - train iter 432 - 28563.7 words/s - loss: 0.3955
00:27:16 - process[8]: training epoch 7 ...
00:27:30 - process[8] - epoch 7 - train iter 432 - 28346.0 words/s - loss: 0.3764
00:27:30 - process[8]: training epoch 8 ...
00:27:43 - process[8] - epoch 8 - train iter 432 - 28240.5 words/s - loss: 0.3172
00:27:43 - process[8]: training epoch 9 ...
00:27:56 - process[8] - epoch 9 - train iter 432 - 28627.0 words/s - loss: 0.3560
00:27:56 - process[8]: training epoch 10 ...
00:28:09 - process[8] - epoch 10 - train iter 432 - 28104.5 words/s - loss: 0.3210
00:28:09 - process[8]: evaluating epoch 10 on dev ...
00:28:26 - dev set during evaluation: 11550/11545
00:28:26 - process[8] - dev - epoch 10 - mAP: 0.576 w/ 31 queries
00:28:26 - process[8]: evaluating epoch 10 on test ...
00:28:40 - test set during evaluation: 11320/11315
00:28:40 - process[8] - test - epoch 10 - mAP: 0.609 w/ 31 queries
00:28:40 - process[8]: training epoch 11 ...
00:28:53 - process[8] - epoch 11 - train iter 432 - 28425.5 words/s - loss: 0.3424
00:28:53 - process[8]: evaluating epoch 11 on dev ...
00:29:08 - dev set during evaluation: 11550/11545
00:29:08 - process[8] - dev - epoch 11 - mAP: 0.588 w/ 31 queries
00:29:08 - process[8]: evaluating epoch 11 on test ...
00:29:22 - test set during evaluation: 11320/11315
00:29:22 - process[8] - test - epoch 11 - mAP: 0.617 w/ 31 queries
00:29:22 - process[8]: training epoch 12 ...
00:29:36 - process[8] - epoch 12 - train iter 432 - 28478.8 words/s - loss: 0.3144
00:29:36 - process[8]: evaluating epoch 12 on dev ...
00:29:51 - dev set during evaluation: 11550/11545
00:29:51 - process[8] - dev - epoch 12 - mAP: 0.582 w/ 31 queries
00:29:51 - process[8]: training epoch 13 ...
00:30:04 - process[8] - epoch 13 - train iter 432 - 28304.7 words/s - loss: 0.2868
00:30:04 - process[8]: evaluating epoch 13 on dev ...
00:30:18 - dev set during evaluation: 11550/11545
00:30:18 - process[8] - dev - epoch 13 - mAP: 0.578 w/ 31 queries
00:30:18 - process[8]: training epoch 14 ...
00:30:32 - process[8] - epoch 14 - train iter 432 - 28473.9 words/s - loss: 0.3010
00:30:32 - process[8]: evaluating epoch 14 on dev ...
00:30:46 - dev set during evaluation: 11550/11545
00:30:46 - process[8] - dev - epoch 14 - mAP: 0.593 w/ 31 queries
00:30:46 - process[8]: evaluating epoch 14 on test ...
00:31:01 - test set during evaluation: 11320/11315
00:31:01 - process[8] - test - epoch 14 - mAP: 0.609 w/ 31 queries
00:31:01 - process[8]: training epoch 15 ...
00:31:14 - process[8] - epoch 15 - train iter 432 - 29010.2 words/s - loss: 0.3211
00:31:14 - process[8]: evaluating epoch 15 on dev ...
00:31:29 - dev set during evaluation: 11550/11545
00:31:29 - process[8] - dev - epoch 15 - mAP: 0.582 w/ 31 queries
00:31:29 - process[8]: training epoch 16 ...
00:31:42 - process[8] - epoch 16 - train iter 432 - 28350.4 words/s - loss: 0.2686
00:31:42 - process[8]: evaluating epoch 16 on dev ...
00:31:56 - dev set during evaluation: 11550/11545
00:31:56 - process[8] - dev - epoch 16 - mAP: 0.585 w/ 31 queries
00:31:56 - process[8]: training epoch 17 ...
00:32:10 - process[8] - epoch 17 - train iter 432 - 28544.2 words/s - loss: 0.2759
00:32:10 - process[8]: evaluating epoch 17 on dev ...
00:32:24 - dev set during evaluation: 11550/11545
00:32:24 - process[8] - dev - epoch 17 - mAP: 0.570 w/ 31 queries
00:32:24 - process[8]: training epoch 18 ...
00:32:38 - process[8] - epoch 18 - train iter 432 - 28361.8 words/s - loss: 0.2849
00:32:38 - process[8]: evaluating epoch 18 on dev ...
00:32:52 - dev set during evaluation: 11550/11545
00:32:52 - process[8] - dev - epoch 18 - mAP: 0.584 w/ 31 queries
00:32:52 - process[8]: training epoch 19 ...
00:33:06 - process[8] - epoch 19 - train iter 432 - 29063.8 words/s - loss: 0.2680
00:33:06 - process[8]: evaluating epoch 19 on dev ...
00:33:20 - dev set during evaluation: 11550/11545
00:33:20 - process[8] - dev - epoch 19 - mAP: 0.589 w/ 31 queries
00:33:20 - [fold 4] best test MAP: 0.609 @ epoch 14
00:33:20 - Evaluating every 1 epochs ...
00:33:20 - reading data from /mnt/home/puxuan/CLIR-project/Evaluation_data/process-clef/uncased
00:33:22 - test has 31 queries ...
00:33:22 - Data reading done ...
00:33:23 - adding 9-th encoder to optimizer...
00:33:23 - adding 10-th encoder to optimizer...
00:33:23 - adding 11-th encoder to optimizer...
00:33:24 - process[8]: training epoch 0 ...
00:33:38 - process[8] - epoch 0 - train iter 437 - 27965.7 words/s - loss: 0.5438
00:33:38 - process[8]: training epoch 1 ...
00:33:51 - process[8] - epoch 1 - train iter 437 - 28535.2 words/s - loss: 0.4415
00:33:51 - process[8]: training epoch 2 ...
00:34:04 - process[8] - epoch 2 - train iter 437 - 28058.1 words/s - loss: 0.4187
00:34:04 - process[8]: training epoch 3 ...
00:34:18 - process[8] - epoch 3 - train iter 437 - 28590.9 words/s - loss: 0.3643
00:34:18 - process[8]: training epoch 4 ...
00:34:31 - process[8] - epoch 4 - train iter 437 - 28569.2 words/s - loss: 0.3788
00:34:31 - process[8]: training epoch 5 ...
00:34:45 - process[8] - epoch 5 - train iter 437 - 28426.1 words/s - loss: 0.3807
00:34:45 - process[8]: training epoch 6 ...
00:34:58 - process[8] - epoch 6 - train iter 437 - 28344.1 words/s - loss: 0.3564
00:34:58 - process[8]: training epoch 7 ...
00:35:12 - process[8] - epoch 7 - train iter 437 - 28228.5 words/s - loss: 0.3539
00:35:12 - process[8]: training epoch 8 ...
00:35:25 - process[8] - epoch 8 - train iter 437 - 28672.5 words/s - loss: 0.3698
00:35:25 - process[8]: training epoch 9 ...
00:35:39 - process[8] - epoch 9 - train iter 437 - 28133.2 words/s - loss: 0.3546
00:35:39 - process[8]: training epoch 10 ...
00:35:52 - process[8] - epoch 10 - train iter 437 - 28549.3 words/s - loss: 0.3434
00:35:52 - process[8]: evaluating epoch 10 on dev ...
00:36:08 - dev set during evaluation: 11320/11315
00:36:08 - process[8] - dev - epoch 10 - mAP: 0.632 w/ 31 queries
00:36:08 - process[8]: evaluating epoch 10 on test ...
00:36:22 - process[8] - test - epoch 10 - mAP: 0.504 w/ 31 queries
00:36:22 - process[8]: training epoch 11 ...
00:36:35 - process[8] - epoch 11 - train iter 437 - 28588.6 words/s - loss: 0.3666
00:36:35 - process[8]: evaluating epoch 11 on dev ...
00:36:50 - dev set during evaluation: 11320/11315
00:36:50 - process[8] - dev - epoch 11 - mAP: 0.639 w/ 31 queries
00:36:50 - process[8]: evaluating epoch 11 on test ...
00:37:03 - process[8] - test - epoch 11 - mAP: 0.498 w/ 31 queries
00:37:03 - process[8]: training epoch 12 ...
00:37:17 - process[8] - epoch 12 - train iter 437 - 28495.3 words/s - loss: 0.3480
00:37:17 - process[8]: evaluating epoch 12 on dev ...
00:37:31 - dev set during evaluation: 11320/11315
00:37:31 - process[8] - dev - epoch 12 - mAP: 0.638 w/ 31 queries
00:37:31 - process[8]: training epoch 13 ...
00:37:45 - process[8] - epoch 13 - train iter 437 - 28034.7 words/s - loss: 0.2808
00:37:45 - process[8]: evaluating epoch 13 on dev ...
00:37:59 - dev set during evaluation: 11320/11315
00:37:59 - process[8] - dev - epoch 13 - mAP: 0.632 w/ 31 queries
00:37:59 - process[8]: training epoch 14 ...
00:38:12 - process[8] - epoch 14 - train iter 437 - 27871.0 words/s - loss: 0.2767
00:38:12 - process[8]: evaluating epoch 14 on dev ...
00:38:27 - dev set during evaluation: 11320/11315
00:38:27 - process[8] - dev - epoch 14 - mAP: 0.627 w/ 31 queries
00:38:27 - process[8]: training epoch 15 ...
00:38:41 - process[8] - epoch 15 - train iter 437 - 28042.4 words/s - loss: 0.2922
00:38:41 - process[8]: evaluating epoch 15 on dev ...
00:38:55 - dev set during evaluation: 11320/11315
00:38:55 - process[8] - dev - epoch 15 - mAP: 0.623 w/ 31 queries
00:38:55 - process[8]: training epoch 16 ...
00:39:08 - process[8] - epoch 16 - train iter 437 - 28370.7 words/s - loss: 0.2936
00:39:08 - process[8]: evaluating epoch 16 on dev ...
00:39:23 - dev set during evaluation: 11320/11315
00:39:23 - process[8] - dev - epoch 16 - mAP: 0.619 w/ 31 queries
00:39:23 - process[8]: training epoch 17 ...
00:39:37 - process[8] - epoch 17 - train iter 437 - 28015.0 words/s - loss: 0.2626
00:39:37 - process[8]: evaluating epoch 17 on dev ...
00:39:51 - dev set during evaluation: 11320/11315
00:39:51 - process[8] - dev - epoch 17 - mAP: 0.615 w/ 31 queries
00:39:51 - process[8]: training epoch 18 ...
00:40:05 - process[8] - epoch 18 - train iter 437 - 28118.6 words/s - loss: 0.2969
00:40:05 - process[8]: evaluating epoch 18 on dev ...
00:40:19 - dev set during evaluation: 11320/11315
00:40:19 - process[8] - dev - epoch 18 - mAP: 0.638 w/ 31 queries
00:40:19 - process[8]: training epoch 19 ...
00:40:33 - process[8] - epoch 19 - train iter 437 - 28423.0 words/s - loss: 0.3232
00:40:33 - process[8]: evaluating epoch 19 on dev ...
00:40:47 - dev set during evaluation: 11320/11315
00:40:47 - process[8] - dev - epoch 19 - mAP: 0.631 w/ 31 queries
00:40:47 - [fold 5] best test MAP: 0.498 @ epoch 11
00:40:47 - [0.5183286420137788, 0.6160868317844261, 0.5873360377040916, 0.6086961094538709, 0.4977526226443154]
00:40:47 - [31, 32, 31, 31, 31]
00:40:47 - final MAP: 0.566
