00:00:07 - Namespace(apex_level='O2', batch_size=8, cased=False, dataset='clef', debug=False, encoder_lr=2e-05, eval_step=1, full_doc_length=True, local_rank=0, model_path='/mnt/scratch/puxuan/short_qlm_mix/2192279/huggingface-9', model_type='mbert', num_epochs=20, num_ft_encoders=3, num_neg=1, projector_lr=2e-05, seed=611, source_lang='en', target_lang='es')
00:00:17 - Evaluating every 1 epochs ...
00:00:17 - reading data from /mnt/home/puxuan/CLIR-project/Evaluation_data/process-clef/uncased
00:00:18 - test has 31 queries ...
00:00:18 - Data reading done ...
00:00:25 - adding 9-th encoder to optimizer...
00:00:25 - adding 10-th encoder to optimizer...
00:00:25 - adding 11-th encoder to optimizer...
00:00:26 - process[0]: training epoch 0 ...
00:00:43 - process[0] - epoch 0 - train iter 540 - 27177.0 words/s - loss: 0.5833
00:00:43 - process[0]: training epoch 1 ...
00:00:59 - process[0] - epoch 1 - train iter 540 - 28483.0 words/s - loss: 0.4596
00:00:59 - process[0]: training epoch 2 ...
00:01:15 - process[0] - epoch 2 - train iter 540 - 28357.2 words/s - loss: 0.4222
00:01:15 - process[0]: training epoch 3 ...
00:01:31 - process[0] - epoch 3 - train iter 540 - 28817.7 words/s - loss: 0.4339
00:01:31 - process[0]: training epoch 4 ...
00:01:48 - process[0] - epoch 4 - train iter 540 - 28810.6 words/s - loss: 0.3808
00:01:48 - process[0]: training epoch 5 ...
00:02:04 - process[0] - epoch 5 - train iter 540 - 28982.0 words/s - loss: 0.3741
00:02:04 - process[0]: training epoch 6 ...
00:02:20 - process[0] - epoch 6 - train iter 540 - 28663.6 words/s - loss: 0.3661
00:02:20 - process[0]: training epoch 7 ...
00:02:36 - process[0] - epoch 7 - train iter 540 - 28941.3 words/s - loss: 0.3464
00:02:36 - process[0]: training epoch 8 ...
00:02:52 - process[0] - epoch 8 - train iter 540 - 28569.4 words/s - loss: 0.3713
00:02:52 - process[0]: training epoch 9 ...
00:03:08 - process[0] - epoch 9 - train iter 540 - 28894.7 words/s - loss: 0.3457
00:03:08 - process[0]: training epoch 10 ...
00:03:24 - process[0] - epoch 10 - train iter 540 - 28900.1 words/s - loss: 0.2869
00:03:24 - process[0]: evaluating epoch 10 on dev ...
00:03:42 - process[0] - dev - epoch 10 - mAP: 0.439 w/ 31 queries
00:03:42 - removing file tmp_5f/mbert_enes_dev_1_10.txt
00:03:42 - removing file tmp_5f/mbert_enes_dev_6_10.txt
00:03:42 - removing file tmp_5f/mbert_enes_dev_2_10.txt
00:03:42 - removing file tmp_5f/mbert_enes_dev_5_10.txt
00:03:42 - removing file tmp_5f/mbert_enes_dev_4_10.txt
00:03:42 - removing file tmp_5f/mbert_enes_dev_7_10.txt
00:03:42 - removing file tmp_5f/mbert_enes_dev_8_10.txt
00:03:42 - removing file tmp_5f/mbert_enes_dev_0_10.txt
00:03:42 - removing file tmp_5f/mbert_enes_dev_9_10.txt
00:03:42 - removing file tmp_5f/mbert_enes_dev_3_10.txt
00:03:42 - process[0]: evaluating epoch 10 on test ...
00:03:56 - test set during evaluation: 11460/11458
00:03:56 - process[0] - test - epoch 10 - mAP: 0.501 w/ 31 queries
00:03:56 - removing file tmp_5f/mbert_enes_test_5_10.txt
00:03:56 - removing file tmp_5f/mbert_enes_test_0_10.txt
00:03:56 - removing file tmp_5f/mbert_enes_test_3_10.txt
00:03:56 - removing file tmp_5f/mbert_enes_test_6_10.txt
00:03:56 - removing file tmp_5f/mbert_enes_test_1_10.txt
00:03:56 - removing file tmp_5f/mbert_enes_test_2_10.txt
00:03:56 - removing file tmp_5f/mbert_enes_test_7_10.txt
00:03:56 - removing file tmp_5f/mbert_enes_test_8_10.txt
00:03:56 - removing file tmp_5f/mbert_enes_test_9_10.txt
00:03:56 - removing file tmp_5f/mbert_enes_test_4_10.txt
00:03:56 - process[0]: training epoch 11 ...
00:04:12 - process[0] - epoch 11 - train iter 540 - 28693.3 words/s - loss: 0.3477
00:04:12 - process[0]: evaluating epoch 11 on dev ...
00:04:26 - process[0] - dev - epoch 11 - mAP: 0.458 w/ 31 queries
00:04:26 - removing file tmp_5f/mbert_enes_dev_4_11.txt
00:04:26 - removing file tmp_5f/mbert_enes_dev_0_11.txt
00:04:26 - removing file tmp_5f/mbert_enes_dev_6_11.txt
00:04:26 - removing file tmp_5f/mbert_enes_dev_9_11.txt
00:04:26 - removing file tmp_5f/mbert_enes_dev_7_11.txt
00:04:26 - removing file tmp_5f/mbert_enes_dev_8_11.txt
00:04:26 - removing file tmp_5f/mbert_enes_dev_2_11.txt
00:04:26 - removing file tmp_5f/mbert_enes_dev_3_11.txt
00:04:26 - removing file tmp_5f/mbert_enes_dev_1_11.txt
00:04:26 - removing file tmp_5f/mbert_enes_dev_5_11.txt
00:04:26 - process[0]: evaluating epoch 11 on test ...
00:04:39 - test set during evaluation: 11460/11458
00:04:39 - process[0] - test - epoch 11 - mAP: 0.503 w/ 31 queries
00:04:39 - removing file tmp_5f/mbert_enes_test_4_11.txt
00:04:39 - removing file tmp_5f/mbert_enes_test_0_11.txt
00:04:39 - removing file tmp_5f/mbert_enes_test_7_11.txt
00:04:39 - removing file tmp_5f/mbert_enes_test_2_11.txt
00:04:39 - removing file tmp_5f/mbert_enes_test_9_11.txt
00:04:39 - removing file tmp_5f/mbert_enes_test_3_11.txt
00:04:39 - removing file tmp_5f/mbert_enes_test_8_11.txt
00:04:39 - removing file tmp_5f/mbert_enes_test_6_11.txt
00:04:39 - removing file tmp_5f/mbert_enes_test_1_11.txt
00:04:39 - removing file tmp_5f/mbert_enes_test_5_11.txt
00:04:39 - process[0]: training epoch 12 ...
00:04:55 - process[0] - epoch 12 - train iter 540 - 28861.4 words/s - loss: 0.3125
00:04:55 - process[0]: evaluating epoch 12 on dev ...
00:05:09 - process[0] - dev - epoch 12 - mAP: 0.458 w/ 31 queries
00:05:09 - removing file tmp_5f/mbert_enes_dev_2_12.txt
00:05:09 - removing file tmp_5f/mbert_enes_dev_8_12.txt
00:05:09 - removing file tmp_5f/mbert_enes_dev_7_12.txt
00:05:09 - removing file tmp_5f/mbert_enes_dev_4_12.txt
00:05:09 - removing file tmp_5f/mbert_enes_dev_5_12.txt
00:05:09 - removing file tmp_5f/mbert_enes_dev_0_12.txt
00:05:09 - removing file tmp_5f/mbert_enes_dev_1_12.txt
00:05:09 - removing file tmp_5f/mbert_enes_dev_3_12.txt
00:05:09 - removing file tmp_5f/mbert_enes_dev_9_12.txt
00:05:09 - removing file tmp_5f/mbert_enes_dev_6_12.txt
00:05:09 - process[0]: training epoch 13 ...
00:05:26 - process[0] - epoch 13 - train iter 540 - 28583.9 words/s - loss: 0.3056
00:05:26 - process[0]: evaluating epoch 13 on dev ...
00:05:39 - process[0] - dev - epoch 13 - mAP: 0.455 w/ 31 queries
00:05:39 - removing file tmp_5f/mbert_enes_dev_5_13.txt
00:05:39 - removing file tmp_5f/mbert_enes_dev_8_13.txt
00:05:39 - removing file tmp_5f/mbert_enes_dev_6_13.txt
00:05:39 - removing file tmp_5f/mbert_enes_dev_3_13.txt
00:05:39 - removing file tmp_5f/mbert_enes_dev_0_13.txt
00:05:39 - removing file tmp_5f/mbert_enes_dev_1_13.txt
00:05:39 - removing file tmp_5f/mbert_enes_dev_2_13.txt
00:05:39 - removing file tmp_5f/mbert_enes_dev_9_13.txt
00:05:39 - removing file tmp_5f/mbert_enes_dev_4_13.txt
00:05:39 - removing file tmp_5f/mbert_enes_dev_7_13.txt
00:05:39 - process[0]: training epoch 14 ...
00:05:55 - process[0] - epoch 14 - train iter 540 - 28795.0 words/s - loss: 0.2855
00:05:55 - process[0]: evaluating epoch 14 on dev ...
00:06:09 - process[0] - dev - epoch 14 - mAP: 0.450 w/ 31 queries
00:06:09 - removing file tmp_5f/mbert_enes_dev_9_14.txt
00:06:09 - removing file tmp_5f/mbert_enes_dev_1_14.txt
00:06:09 - removing file tmp_5f/mbert_enes_dev_7_14.txt
00:06:09 - removing file tmp_5f/mbert_enes_dev_5_14.txt
00:06:09 - removing file tmp_5f/mbert_enes_dev_0_14.txt
00:06:09 - removing file tmp_5f/mbert_enes_dev_3_14.txt
00:06:09 - removing file tmp_5f/mbert_enes_dev_4_14.txt
00:06:09 - removing file tmp_5f/mbert_enes_dev_2_14.txt
00:06:09 - removing file tmp_5f/mbert_enes_dev_8_14.txt
00:06:09 - removing file tmp_5f/mbert_enes_dev_6_14.txt
00:06:09 - process[0]: training epoch 15 ...
00:06:25 - process[0] - epoch 15 - train iter 540 - 28677.8 words/s - loss: 0.2850
00:06:25 - process[0]: evaluating epoch 15 on dev ...
00:06:38 - process[0] - dev - epoch 15 - mAP: 0.443 w/ 31 queries
00:06:38 - removing file tmp_5f/mbert_enes_dev_2_15.txt
00:06:38 - removing file tmp_5f/mbert_enes_dev_1_15.txt
00:06:38 - removing file tmp_5f/mbert_enes_dev_3_15.txt
00:06:38 - removing file tmp_5f/mbert_enes_dev_0_15.txt
00:06:38 - removing file tmp_5f/mbert_enes_dev_4_15.txt
00:06:38 - removing file tmp_5f/mbert_enes_dev_8_15.txt
00:06:38 - removing file tmp_5f/mbert_enes_dev_9_15.txt
00:06:38 - removing file tmp_5f/mbert_enes_dev_5_15.txt
00:06:38 - removing file tmp_5f/mbert_enes_dev_6_15.txt
00:06:38 - removing file tmp_5f/mbert_enes_dev_7_15.txt
00:06:38 - process[0]: training epoch 16 ...
00:06:54 - process[0] - epoch 16 - train iter 540 - 28761.4 words/s - loss: 0.2871
00:06:54 - process[0]: evaluating epoch 16 on dev ...
00:07:08 - process[0] - dev - epoch 16 - mAP: 0.442 w/ 31 queries
00:07:08 - removing file tmp_5f/mbert_enes_dev_7_16.txt
00:07:08 - removing file tmp_5f/mbert_enes_dev_9_16.txt
00:07:08 - removing file tmp_5f/mbert_enes_dev_4_16.txt
00:07:08 - removing file tmp_5f/mbert_enes_dev_5_16.txt
00:07:08 - removing file tmp_5f/mbert_enes_dev_2_16.txt
00:07:08 - removing file tmp_5f/mbert_enes_dev_0_16.txt
00:07:08 - removing file tmp_5f/mbert_enes_dev_3_16.txt
00:07:08 - removing file tmp_5f/mbert_enes_dev_6_16.txt
00:07:08 - removing file tmp_5f/mbert_enes_dev_1_16.txt
00:07:08 - removing file tmp_5f/mbert_enes_dev_8_16.txt
00:07:08 - process[0]: training epoch 17 ...
00:07:24 - process[0] - epoch 17 - train iter 540 - 29052.8 words/s - loss: 0.2742
00:07:24 - process[0]: evaluating epoch 17 on dev ...
00:07:38 - process[0] - dev - epoch 17 - mAP: 0.438 w/ 31 queries
00:07:38 - removing file tmp_5f/mbert_enes_dev_8_17.txt
00:07:38 - removing file tmp_5f/mbert_enes_dev_9_17.txt
00:07:38 - removing file tmp_5f/mbert_enes_dev_1_17.txt
00:07:38 - removing file tmp_5f/mbert_enes_dev_3_17.txt
00:07:38 - removing file tmp_5f/mbert_enes_dev_6_17.txt
00:07:38 - removing file tmp_5f/mbert_enes_dev_2_17.txt
00:07:38 - removing file tmp_5f/mbert_enes_dev_5_17.txt
00:07:38 - removing file tmp_5f/mbert_enes_dev_4_17.txt
00:07:38 - removing file tmp_5f/mbert_enes_dev_7_17.txt
00:07:38 - removing file tmp_5f/mbert_enes_dev_0_17.txt
00:07:38 - process[0]: training epoch 18 ...
00:07:54 - process[0] - epoch 18 - train iter 540 - 28760.9 words/s - loss: 0.2721
00:07:54 - process[0]: evaluating epoch 18 on dev ...
00:08:07 - process[0] - dev - epoch 18 - mAP: 0.450 w/ 31 queries
00:08:07 - removing file tmp_5f/mbert_enes_dev_8_18.txt
00:08:07 - removing file tmp_5f/mbert_enes_dev_4_18.txt
00:08:07 - removing file tmp_5f/mbert_enes_dev_1_18.txt
00:08:07 - removing file tmp_5f/mbert_enes_dev_0_18.txt
00:08:07 - removing file tmp_5f/mbert_enes_dev_3_18.txt
00:08:07 - removing file tmp_5f/mbert_enes_dev_5_18.txt
00:08:07 - removing file tmp_5f/mbert_enes_dev_6_18.txt
00:08:07 - removing file tmp_5f/mbert_enes_dev_2_18.txt
00:08:07 - removing file tmp_5f/mbert_enes_dev_7_18.txt
00:08:07 - removing file tmp_5f/mbert_enes_dev_9_18.txt
00:08:07 - process[0]: training epoch 19 ...
00:08:24 - process[0] - epoch 19 - train iter 540 - 29042.8 words/s - loss: 0.3254
00:08:24 - process[0]: evaluating epoch 19 on dev ...
00:08:37 - process[0] - dev - epoch 19 - mAP: 0.455 w/ 31 queries
00:08:37 - removing file tmp_5f/mbert_enes_dev_2_19.txt
00:08:37 - removing file tmp_5f/mbert_enes_dev_4_19.txt
00:08:37 - removing file tmp_5f/mbert_enes_dev_0_19.txt
00:08:37 - removing file tmp_5f/mbert_enes_dev_6_19.txt
00:08:37 - removing file tmp_5f/mbert_enes_dev_5_19.txt
00:08:37 - removing file tmp_5f/mbert_enes_dev_1_19.txt
00:08:37 - removing file tmp_5f/mbert_enes_dev_8_19.txt
00:08:37 - removing file tmp_5f/mbert_enes_dev_7_19.txt
00:08:37 - removing file tmp_5f/mbert_enes_dev_3_19.txt
00:08:37 - removing file tmp_5f/mbert_enes_dev_9_19.txt
00:08:37 - [fold 1] best test MAP: 0.503 @ epoch 11
00:08:37 - Evaluating every 1 epochs ...
00:08:37 - reading data from /mnt/home/puxuan/CLIR-project/Evaluation_data/process-clef/uncased
00:08:38 - test has 32 queries ...
00:08:38 - Data reading done ...
00:08:40 - adding 9-th encoder to optimizer...
00:08:40 - adding 10-th encoder to optimizer...
00:08:40 - adding 11-th encoder to optimizer...
00:08:41 - process[0]: training epoch 0 ...
00:08:56 - process[0] - epoch 0 - train iter 492 - 28220.0 words/s - loss: 0.5712
00:08:56 - process[0]: training epoch 1 ...
00:09:11 - process[0] - epoch 1 - train iter 492 - 28234.1 words/s - loss: 0.4567
00:09:11 - process[0]: training epoch 2 ...
00:09:26 - process[0] - epoch 2 - train iter 492 - 28461.7 words/s - loss: 0.4054
00:09:26 - process[0]: training epoch 3 ...
00:09:41 - process[0] - epoch 3 - train iter 492 - 27938.0 words/s - loss: 0.3869
00:09:41 - process[0]: training epoch 4 ...
00:09:56 - process[0] - epoch 4 - train iter 492 - 28163.0 words/s - loss: 0.4011
00:09:56 - process[0]: training epoch 5 ...
00:10:11 - process[0] - epoch 5 - train iter 492 - 28221.9 words/s - loss: 0.3560
00:10:11 - process[0]: training epoch 6 ...
00:10:26 - process[0] - epoch 6 - train iter 492 - 28082.5 words/s - loss: 0.3572
00:10:26 - process[0]: training epoch 7 ...
00:10:41 - process[0] - epoch 7 - train iter 492 - 28149.6 words/s - loss: 0.3257
00:10:41 - process[0]: training epoch 8 ...
00:10:57 - process[0] - epoch 8 - train iter 492 - 27702.8 words/s - loss: 0.3587
00:10:57 - process[0]: training epoch 9 ...
00:11:12 - process[0] - epoch 9 - train iter 492 - 28055.9 words/s - loss: 0.3623
00:11:12 - process[0]: training epoch 10 ...
00:11:27 - process[0] - epoch 10 - train iter 492 - 28464.9 words/s - loss: 0.3455
00:11:27 - process[0]: evaluating epoch 10 on dev ...
00:11:43 - dev set during evaluation: 11460/11458
00:11:43 - process[0] - dev - epoch 10 - mAP: 0.531 w/ 31 queries
00:11:43 - removing file tmp_5f/mbert_enes_dev_1_10.txt
00:11:43 - removing file tmp_5f/mbert_enes_dev_6_10.txt
00:11:43 - removing file tmp_5f/mbert_enes_dev_2_10.txt
00:11:43 - removing file tmp_5f/mbert_enes_dev_5_10.txt
00:11:43 - removing file tmp_5f/mbert_enes_dev_4_10.txt
00:11:43 - removing file tmp_5f/mbert_enes_dev_7_10.txt
00:11:43 - removing file tmp_5f/mbert_enes_dev_8_10.txt
00:11:43 - removing file tmp_5f/mbert_enes_dev_0_10.txt
00:11:43 - removing file tmp_5f/mbert_enes_dev_9_10.txt
00:11:43 - removing file tmp_5f/mbert_enes_dev_3_10.txt
00:11:43 - process[0]: evaluating epoch 10 on test ...
00:11:58 - process[0] - test - epoch 10 - mAP: 0.609 w/ 32 queries
00:11:58 - removing file tmp_5f/mbert_enes_test_5_10.txt
00:11:58 - removing file tmp_5f/mbert_enes_test_0_10.txt
00:11:58 - removing file tmp_5f/mbert_enes_test_3_10.txt
00:11:58 - removing file tmp_5f/mbert_enes_test_6_10.txt
00:11:58 - removing file tmp_5f/mbert_enes_test_1_10.txt
00:11:58 - removing file tmp_5f/mbert_enes_test_2_10.txt
00:11:58 - removing file tmp_5f/mbert_enes_test_7_10.txt
00:11:58 - removing file tmp_5f/mbert_enes_test_8_10.txt
00:11:58 - removing file tmp_5f/mbert_enes_test_9_10.txt
00:11:58 - removing file tmp_5f/mbert_enes_test_4_10.txt
00:11:58 - process[0]: training epoch 11 ...
00:12:13 - process[0] - epoch 11 - train iter 492 - 28349.2 words/s - loss: 0.3130
00:12:13 - process[0]: evaluating epoch 11 on dev ...
00:12:27 - dev set during evaluation: 11460/11458
00:12:27 - process[0] - dev - epoch 11 - mAP: 0.529 w/ 31 queries
00:12:27 - removing file tmp_5f/mbert_enes_dev_4_11.txt
00:12:27 - removing file tmp_5f/mbert_enes_dev_0_11.txt
00:12:27 - removing file tmp_5f/mbert_enes_dev_6_11.txt
00:12:27 - removing file tmp_5f/mbert_enes_dev_9_11.txt
00:12:27 - removing file tmp_5f/mbert_enes_dev_7_11.txt
00:12:27 - removing file tmp_5f/mbert_enes_dev_8_11.txt
00:12:27 - removing file tmp_5f/mbert_enes_dev_2_11.txt
00:12:27 - removing file tmp_5f/mbert_enes_dev_3_11.txt
00:12:27 - removing file tmp_5f/mbert_enes_dev_1_11.txt
00:12:27 - removing file tmp_5f/mbert_enes_dev_5_11.txt
00:12:27 - process[0]: training epoch 12 ...
00:12:43 - process[0] - epoch 12 - train iter 492 - 27796.2 words/s - loss: 0.3173
00:12:43 - process[0]: evaluating epoch 12 on dev ...
00:12:57 - dev set during evaluation: 11460/11458
00:12:57 - process[0] - dev - epoch 12 - mAP: 0.524 w/ 31 queries
00:12:57 - removing file tmp_5f/mbert_enes_dev_2_12.txt
00:12:57 - removing file tmp_5f/mbert_enes_dev_8_12.txt
00:12:57 - removing file tmp_5f/mbert_enes_dev_7_12.txt
00:12:57 - removing file tmp_5f/mbert_enes_dev_4_12.txt
00:12:57 - removing file tmp_5f/mbert_enes_dev_5_12.txt
00:12:57 - removing file tmp_5f/mbert_enes_dev_0_12.txt
00:12:57 - removing file tmp_5f/mbert_enes_dev_1_12.txt
00:12:57 - removing file tmp_5f/mbert_enes_dev_3_12.txt
00:12:57 - removing file tmp_5f/mbert_enes_dev_9_12.txt
00:12:57 - removing file tmp_5f/mbert_enes_dev_6_12.txt
00:12:57 - process[0]: training epoch 13 ...
00:13:12 - process[0] - epoch 13 - train iter 492 - 28490.8 words/s - loss: 0.3202
00:13:12 - process[0]: evaluating epoch 13 on dev ...
00:13:26 - dev set during evaluation: 11460/11458
00:13:26 - process[0] - dev - epoch 13 - mAP: 0.523 w/ 31 queries
00:13:26 - removing file tmp_5f/mbert_enes_dev_5_13.txt
00:13:26 - removing file tmp_5f/mbert_enes_dev_8_13.txt
00:13:26 - removing file tmp_5f/mbert_enes_dev_6_13.txt
00:13:26 - removing file tmp_5f/mbert_enes_dev_3_13.txt
00:13:26 - removing file tmp_5f/mbert_enes_dev_0_13.txt
00:13:26 - removing file tmp_5f/mbert_enes_dev_1_13.txt
00:13:26 - removing file tmp_5f/mbert_enes_dev_2_13.txt
00:13:26 - removing file tmp_5f/mbert_enes_dev_9_13.txt
00:13:26 - removing file tmp_5f/mbert_enes_dev_4_13.txt
00:13:26 - removing file tmp_5f/mbert_enes_dev_7_13.txt
00:13:26 - process[0]: training epoch 14 ...
00:13:41 - process[0] - epoch 14 - train iter 492 - 28414.7 words/s - loss: 0.3132
00:13:41 - process[0]: evaluating epoch 14 on dev ...
00:13:54 - dev set during evaluation: 11460/11458
00:13:54 - process[0] - dev - epoch 14 - mAP: 0.505 w/ 31 queries
00:13:55 - removing file tmp_5f/mbert_enes_dev_9_14.txt
00:13:55 - removing file tmp_5f/mbert_enes_dev_1_14.txt
00:13:55 - removing file tmp_5f/mbert_enes_dev_7_14.txt
00:13:55 - removing file tmp_5f/mbert_enes_dev_5_14.txt
00:13:55 - removing file tmp_5f/mbert_enes_dev_0_14.txt
00:13:55 - removing file tmp_5f/mbert_enes_dev_3_14.txt
00:13:55 - removing file tmp_5f/mbert_enes_dev_4_14.txt
00:13:55 - removing file tmp_5f/mbert_enes_dev_2_14.txt
00:13:55 - removing file tmp_5f/mbert_enes_dev_8_14.txt
00:13:55 - removing file tmp_5f/mbert_enes_dev_6_14.txt
00:13:55 - process[0]: training epoch 15 ...
00:14:09 - process[0] - epoch 15 - train iter 492 - 28407.3 words/s - loss: 0.3093
00:14:09 - process[0]: evaluating epoch 15 on dev ...
00:14:23 - dev set during evaluation: 11460/11458
00:14:24 - process[0] - dev - epoch 15 - mAP: 0.532 w/ 31 queries
00:14:24 - removing file tmp_5f/mbert_enes_dev_2_15.txt
00:14:24 - removing file tmp_5f/mbert_enes_dev_1_15.txt
00:14:24 - removing file tmp_5f/mbert_enes_dev_3_15.txt
00:14:24 - removing file tmp_5f/mbert_enes_dev_0_15.txt
00:14:24 - removing file tmp_5f/mbert_enes_dev_4_15.txt
00:14:24 - removing file tmp_5f/mbert_enes_dev_8_15.txt
00:14:24 - removing file tmp_5f/mbert_enes_dev_9_15.txt
00:14:24 - removing file tmp_5f/mbert_enes_dev_5_15.txt
00:14:24 - removing file tmp_5f/mbert_enes_dev_6_15.txt
00:14:24 - removing file tmp_5f/mbert_enes_dev_7_15.txt
00:14:24 - process[0]: evaluating epoch 15 on test ...
00:14:38 - process[0] - test - epoch 15 - mAP: 0.612 w/ 32 queries
00:14:38 - removing file tmp_5f/mbert_enes_test_4_15.txt
00:14:38 - removing file tmp_5f/mbert_enes_test_7_15.txt
00:14:38 - removing file tmp_5f/mbert_enes_test_0_15.txt
00:14:38 - removing file tmp_5f/mbert_enes_test_8_15.txt
00:14:38 - removing file tmp_5f/mbert_enes_test_1_15.txt
00:14:38 - removing file tmp_5f/mbert_enes_test_2_15.txt
00:14:38 - removing file tmp_5f/mbert_enes_test_3_15.txt
00:14:38 - removing file tmp_5f/mbert_enes_test_5_15.txt
00:14:38 - removing file tmp_5f/mbert_enes_test_9_15.txt
00:14:38 - removing file tmp_5f/mbert_enes_test_6_15.txt
00:14:38 - process[0]: training epoch 16 ...
00:14:53 - process[0] - epoch 16 - train iter 492 - 28442.1 words/s - loss: 0.3015
00:14:53 - process[0]: evaluating epoch 16 on dev ...
00:15:08 - dev set during evaluation: 11460/11458
00:15:08 - process[0] - dev - epoch 16 - mAP: 0.524 w/ 31 queries
00:15:08 - removing file tmp_5f/mbert_enes_dev_7_16.txt
00:15:08 - removing file tmp_5f/mbert_enes_dev_9_16.txt
00:15:08 - removing file tmp_5f/mbert_enes_dev_4_16.txt
00:15:08 - removing file tmp_5f/mbert_enes_dev_5_16.txt
00:15:08 - removing file tmp_5f/mbert_enes_dev_2_16.txt
00:15:08 - removing file tmp_5f/mbert_enes_dev_0_16.txt
00:15:08 - removing file tmp_5f/mbert_enes_dev_3_16.txt
00:15:08 - removing file tmp_5f/mbert_enes_dev_6_16.txt
00:15:08 - removing file tmp_5f/mbert_enes_dev_1_16.txt
00:15:08 - removing file tmp_5f/mbert_enes_dev_8_16.txt
00:15:08 - process[0]: training epoch 17 ...
00:15:23 - process[0] - epoch 17 - train iter 492 - 28178.4 words/s - loss: 0.3050
00:15:23 - process[0]: evaluating epoch 17 on dev ...
00:15:37 - dev set during evaluation: 11460/11458
00:15:37 - process[0] - dev - epoch 17 - mAP: 0.525 w/ 31 queries
00:15:37 - removing file tmp_5f/mbert_enes_dev_8_17.txt
00:15:37 - removing file tmp_5f/mbert_enes_dev_9_17.txt
00:15:37 - removing file tmp_5f/mbert_enes_dev_1_17.txt
00:15:37 - removing file tmp_5f/mbert_enes_dev_3_17.txt
00:15:37 - removing file tmp_5f/mbert_enes_dev_6_17.txt
00:15:37 - removing file tmp_5f/mbert_enes_dev_2_17.txt
00:15:37 - removing file tmp_5f/mbert_enes_dev_5_17.txt
00:15:37 - removing file tmp_5f/mbert_enes_dev_4_17.txt
00:15:37 - removing file tmp_5f/mbert_enes_dev_7_17.txt
00:15:37 - removing file tmp_5f/mbert_enes_dev_0_17.txt
00:15:37 - process[0]: training epoch 18 ...
00:15:52 - process[0] - epoch 18 - train iter 492 - 28696.4 words/s - loss: 0.3093
00:15:52 - process[0]: evaluating epoch 18 on dev ...
00:16:06 - dev set during evaluation: 11460/11458
00:16:06 - process[0] - dev - epoch 18 - mAP: 0.511 w/ 31 queries
00:16:06 - removing file tmp_5f/mbert_enes_dev_8_18.txt
00:16:06 - removing file tmp_5f/mbert_enes_dev_4_18.txt
00:16:06 - removing file tmp_5f/mbert_enes_dev_1_18.txt
00:16:06 - removing file tmp_5f/mbert_enes_dev_0_18.txt
00:16:06 - removing file tmp_5f/mbert_enes_dev_3_18.txt
00:16:06 - removing file tmp_5f/mbert_enes_dev_5_18.txt
00:16:06 - removing file tmp_5f/mbert_enes_dev_6_18.txt
00:16:06 - removing file tmp_5f/mbert_enes_dev_2_18.txt
00:16:06 - removing file tmp_5f/mbert_enes_dev_7_18.txt
00:16:06 - removing file tmp_5f/mbert_enes_dev_9_18.txt
00:16:06 - process[0]: training epoch 19 ...
00:16:21 - process[0] - epoch 19 - train iter 492 - 28552.4 words/s - loss: 0.2888
00:16:21 - process[0]: evaluating epoch 19 on dev ...
00:16:35 - dev set during evaluation: 11460/11458
00:16:35 - process[0] - dev - epoch 19 - mAP: 0.533 w/ 31 queries
00:16:35 - removing file tmp_5f/mbert_enes_dev_2_19.txt
00:16:35 - removing file tmp_5f/mbert_enes_dev_4_19.txt
00:16:35 - removing file tmp_5f/mbert_enes_dev_0_19.txt
00:16:35 - removing file tmp_5f/mbert_enes_dev_6_19.txt
00:16:35 - removing file tmp_5f/mbert_enes_dev_5_19.txt
00:16:35 - removing file tmp_5f/mbert_enes_dev_1_19.txt
00:16:35 - removing file tmp_5f/mbert_enes_dev_8_19.txt
00:16:35 - removing file tmp_5f/mbert_enes_dev_7_19.txt
00:16:35 - removing file tmp_5f/mbert_enes_dev_3_19.txt
00:16:35 - removing file tmp_5f/mbert_enes_dev_9_19.txt
00:16:35 - process[0]: evaluating epoch 19 on test ...
00:16:50 - process[0] - test - epoch 19 - mAP: 0.608 w/ 32 queries
00:16:50 - removing file tmp_5f/mbert_enes_test_4_19.txt
00:16:50 - removing file tmp_5f/mbert_enes_test_3_19.txt
00:16:50 - removing file tmp_5f/mbert_enes_test_7_19.txt
00:16:50 - removing file tmp_5f/mbert_enes_test_6_19.txt
00:16:50 - removing file tmp_5f/mbert_enes_test_2_19.txt
00:16:50 - removing file tmp_5f/mbert_enes_test_9_19.txt
00:16:50 - removing file tmp_5f/mbert_enes_test_1_19.txt
00:16:50 - removing file tmp_5f/mbert_enes_test_5_19.txt
00:16:50 - removing file tmp_5f/mbert_enes_test_8_19.txt
00:16:50 - removing file tmp_5f/mbert_enes_test_0_19.txt
00:16:50 - [fold 2] best test MAP: 0.608 @ epoch 19
00:16:50 - Evaluating every 1 epochs ...
00:16:50 - reading data from /mnt/home/puxuan/CLIR-project/Evaluation_data/process-clef/uncased
00:16:51 - test has 31 queries ...
00:16:51 - Data reading done ...
00:16:53 - adding 9-th encoder to optimizer...
00:16:53 - adding 10-th encoder to optimizer...
00:16:53 - adding 11-th encoder to optimizer...
00:16:54 - process[0]: training epoch 0 ...
00:17:08 - process[0] - epoch 0 - train iter 476 - 28399.6 words/s - loss: 0.5783
00:17:08 - process[0]: training epoch 1 ...
00:17:23 - process[0] - epoch 1 - train iter 476 - 28418.3 words/s - loss: 0.4378
00:17:23 - process[0]: training epoch 2 ...
00:17:37 - process[0] - epoch 2 - train iter 476 - 28417.8 words/s - loss: 0.4306
00:17:37 - process[0]: training epoch 3 ...
00:17:52 - process[0] - epoch 3 - train iter 476 - 28498.9 words/s - loss: 0.3835
00:17:52 - process[0]: training epoch 4 ...
00:18:06 - process[0] - epoch 4 - train iter 476 - 28211.6 words/s - loss: 0.3728
00:18:06 - process[0]: training epoch 5 ...
00:18:21 - process[0] - epoch 5 - train iter 476 - 28490.3 words/s - loss: 0.3574
00:18:21 - process[0]: training epoch 6 ...
00:18:35 - process[0] - epoch 6 - train iter 476 - 28645.7 words/s - loss: 0.3789
00:18:35 - process[0]: training epoch 7 ...
00:18:50 - process[0] - epoch 7 - train iter 476 - 28864.0 words/s - loss: 0.3771
00:18:50 - process[0]: training epoch 8 ...
00:19:04 - process[0] - epoch 8 - train iter 476 - 28483.2 words/s - loss: 0.3329
00:19:04 - process[0]: training epoch 9 ...
00:19:19 - process[0] - epoch 9 - train iter 476 - 28287.8 words/s - loss: 0.3236
00:19:19 - process[0]: training epoch 10 ...
00:19:33 - process[0] - epoch 10 - train iter 476 - 28505.1 words/s - loss: 0.3617
00:19:33 - process[0]: evaluating epoch 10 on dev ...
00:19:51 - process[0] - dev - epoch 10 - mAP: 0.611 w/ 32 queries
00:19:51 - removing file tmp_5f/mbert_enes_dev_1_10.txt
00:19:51 - removing file tmp_5f/mbert_enes_dev_6_10.txt
00:19:51 - removing file tmp_5f/mbert_enes_dev_2_10.txt
00:19:51 - removing file tmp_5f/mbert_enes_dev_5_10.txt
00:19:51 - removing file tmp_5f/mbert_enes_dev_4_10.txt
00:19:51 - removing file tmp_5f/mbert_enes_dev_7_10.txt
00:19:51 - removing file tmp_5f/mbert_enes_dev_8_10.txt
00:19:51 - removing file tmp_5f/mbert_enes_dev_0_10.txt
00:19:51 - removing file tmp_5f/mbert_enes_dev_9_10.txt
00:19:51 - removing file tmp_5f/mbert_enes_dev_3_10.txt
00:19:51 - process[0]: evaluating epoch 10 on test ...
00:20:05 - test set during evaluation: 11550/11545
00:20:05 - process[0] - test - epoch 10 - mAP: 0.532 w/ 31 queries
00:20:05 - removing file tmp_5f/mbert_enes_test_5_10.txt
00:20:05 - removing file tmp_5f/mbert_enes_test_0_10.txt
00:20:05 - removing file tmp_5f/mbert_enes_test_3_10.txt
00:20:05 - removing file tmp_5f/mbert_enes_test_6_10.txt
00:20:05 - removing file tmp_5f/mbert_enes_test_1_10.txt
00:20:05 - removing file tmp_5f/mbert_enes_test_2_10.txt
00:20:05 - removing file tmp_5f/mbert_enes_test_7_10.txt
00:20:05 - removing file tmp_5f/mbert_enes_test_8_10.txt
00:20:05 - removing file tmp_5f/mbert_enes_test_9_10.txt
00:20:05 - removing file tmp_5f/mbert_enes_test_4_10.txt
00:20:05 - process[0]: training epoch 11 ...
00:20:20 - process[0] - epoch 11 - train iter 476 - 28401.1 words/s - loss: 0.3043
00:20:20 - process[0]: evaluating epoch 11 on dev ...
00:20:35 - process[0] - dev - epoch 11 - mAP: 0.597 w/ 32 queries
00:20:35 - removing file tmp_5f/mbert_enes_dev_4_11.txt
00:20:35 - removing file tmp_5f/mbert_enes_dev_0_11.txt
00:20:35 - removing file tmp_5f/mbert_enes_dev_6_11.txt
00:20:35 - removing file tmp_5f/mbert_enes_dev_9_11.txt
00:20:35 - removing file tmp_5f/mbert_enes_dev_7_11.txt
00:20:35 - removing file tmp_5f/mbert_enes_dev_8_11.txt
00:20:35 - removing file tmp_5f/mbert_enes_dev_2_11.txt
00:20:35 - removing file tmp_5f/mbert_enes_dev_3_11.txt
00:20:35 - removing file tmp_5f/mbert_enes_dev_1_11.txt
00:20:35 - removing file tmp_5f/mbert_enes_dev_5_11.txt
00:20:35 - process[0]: training epoch 12 ...
00:20:50 - process[0] - epoch 12 - train iter 476 - 28298.5 words/s - loss: 0.3480
00:20:50 - process[0]: evaluating epoch 12 on dev ...
00:21:05 - process[0] - dev - epoch 12 - mAP: 0.604 w/ 32 queries
00:21:05 - removing file tmp_5f/mbert_enes_dev_2_12.txt
00:21:05 - removing file tmp_5f/mbert_enes_dev_8_12.txt
00:21:05 - removing file tmp_5f/mbert_enes_dev_7_12.txt
00:21:05 - removing file tmp_5f/mbert_enes_dev_4_12.txt
00:21:05 - removing file tmp_5f/mbert_enes_dev_5_12.txt
00:21:05 - removing file tmp_5f/mbert_enes_dev_0_12.txt
00:21:05 - removing file tmp_5f/mbert_enes_dev_1_12.txt
00:21:05 - removing file tmp_5f/mbert_enes_dev_3_12.txt
00:21:05 - removing file tmp_5f/mbert_enes_dev_9_12.txt
00:21:05 - removing file tmp_5f/mbert_enes_dev_6_12.txt
00:21:05 - process[0]: training epoch 13 ...
00:21:19 - process[0] - epoch 13 - train iter 476 - 28312.1 words/s - loss: 0.3246
00:21:19 - process[0]: evaluating epoch 13 on dev ...
00:21:34 - process[0] - dev - epoch 13 - mAP: 0.583 w/ 32 queries
00:21:34 - removing file tmp_5f/mbert_enes_dev_5_13.txt
00:21:34 - removing file tmp_5f/mbert_enes_dev_8_13.txt
00:21:34 - removing file tmp_5f/mbert_enes_dev_6_13.txt
00:21:34 - removing file tmp_5f/mbert_enes_dev_3_13.txt
00:21:34 - removing file tmp_5f/mbert_enes_dev_0_13.txt
00:21:34 - removing file tmp_5f/mbert_enes_dev_1_13.txt
00:21:34 - removing file tmp_5f/mbert_enes_dev_2_13.txt
00:21:34 - removing file tmp_5f/mbert_enes_dev_9_13.txt
00:21:34 - removing file tmp_5f/mbert_enes_dev_4_13.txt
00:21:34 - removing file tmp_5f/mbert_enes_dev_7_13.txt
00:21:34 - process[0]: training epoch 14 ...
00:21:49 - process[0] - epoch 14 - train iter 476 - 28161.6 words/s - loss: 0.3419
00:21:49 - process[0]: evaluating epoch 14 on dev ...
00:22:04 - process[0] - dev - epoch 14 - mAP: 0.614 w/ 32 queries
00:22:04 - removing file tmp_5f/mbert_enes_dev_9_14.txt
00:22:04 - removing file tmp_5f/mbert_enes_dev_1_14.txt
00:22:04 - removing file tmp_5f/mbert_enes_dev_7_14.txt
00:22:04 - removing file tmp_5f/mbert_enes_dev_5_14.txt
00:22:04 - removing file tmp_5f/mbert_enes_dev_0_14.txt
00:22:04 - removing file tmp_5f/mbert_enes_dev_3_14.txt
00:22:04 - removing file tmp_5f/mbert_enes_dev_4_14.txt
00:22:04 - removing file tmp_5f/mbert_enes_dev_2_14.txt
00:22:04 - removing file tmp_5f/mbert_enes_dev_8_14.txt
00:22:04 - removing file tmp_5f/mbert_enes_dev_6_14.txt
00:22:04 - process[0]: evaluating epoch 14 on test ...
00:22:18 - test set during evaluation: 11550/11545
00:22:18 - process[0] - test - epoch 14 - mAP: 0.547 w/ 31 queries
00:22:18 - removing file tmp_5f/mbert_enes_test_7_14.txt
00:22:18 - removing file tmp_5f/mbert_enes_test_4_14.txt
00:22:18 - removing file tmp_5f/mbert_enes_test_1_14.txt
00:22:18 - removing file tmp_5f/mbert_enes_test_0_14.txt
00:22:18 - removing file tmp_5f/mbert_enes_test_5_14.txt
00:22:18 - removing file tmp_5f/mbert_enes_test_9_14.txt
00:22:18 - removing file tmp_5f/mbert_enes_test_8_14.txt
00:22:18 - removing file tmp_5f/mbert_enes_test_3_14.txt
00:22:18 - removing file tmp_5f/mbert_enes_test_6_14.txt
00:22:18 - removing file tmp_5f/mbert_enes_test_2_14.txt
00:22:18 - process[0]: training epoch 15 ...
00:22:33 - process[0] - epoch 15 - train iter 476 - 28200.9 words/s - loss: 0.3177
00:22:33 - process[0]: evaluating epoch 15 on dev ...
00:22:48 - process[0] - dev - epoch 15 - mAP: 0.588 w/ 32 queries
00:22:48 - removing file tmp_5f/mbert_enes_dev_2_15.txt
00:22:48 - removing file tmp_5f/mbert_enes_dev_1_15.txt
00:22:48 - removing file tmp_5f/mbert_enes_dev_3_15.txt
00:22:48 - removing file tmp_5f/mbert_enes_dev_0_15.txt
00:22:48 - removing file tmp_5f/mbert_enes_dev_4_15.txt
00:22:48 - removing file tmp_5f/mbert_enes_dev_8_15.txt
00:22:48 - removing file tmp_5f/mbert_enes_dev_9_15.txt
00:22:48 - removing file tmp_5f/mbert_enes_dev_5_15.txt
00:22:48 - removing file tmp_5f/mbert_enes_dev_6_15.txt
00:22:48 - removing file tmp_5f/mbert_enes_dev_7_15.txt
00:22:48 - process[0]: training epoch 16 ...
00:23:02 - process[0] - epoch 16 - train iter 476 - 28084.2 words/s - loss: 0.3096
00:23:02 - process[0]: evaluating epoch 16 on dev ...
00:23:17 - process[0] - dev - epoch 16 - mAP: 0.601 w/ 32 queries
00:23:17 - removing file tmp_5f/mbert_enes_dev_7_16.txt
00:23:17 - removing file tmp_5f/mbert_enes_dev_9_16.txt
00:23:17 - removing file tmp_5f/mbert_enes_dev_4_16.txt
00:23:17 - removing file tmp_5f/mbert_enes_dev_5_16.txt
00:23:17 - removing file tmp_5f/mbert_enes_dev_2_16.txt
00:23:17 - removing file tmp_5f/mbert_enes_dev_0_16.txt
00:23:17 - removing file tmp_5f/mbert_enes_dev_3_16.txt
00:23:17 - removing file tmp_5f/mbert_enes_dev_6_16.txt
00:23:17 - removing file tmp_5f/mbert_enes_dev_1_16.txt
00:23:17 - removing file tmp_5f/mbert_enes_dev_8_16.txt
00:23:17 - process[0]: training epoch 17 ...
00:23:32 - process[0] - epoch 17 - train iter 476 - 28553.6 words/s - loss: 0.3023
00:23:32 - process[0]: evaluating epoch 17 on dev ...
00:23:47 - process[0] - dev - epoch 17 - mAP: 0.582 w/ 32 queries
00:23:47 - removing file tmp_5f/mbert_enes_dev_8_17.txt
00:23:47 - removing file tmp_5f/mbert_enes_dev_9_17.txt
00:23:47 - removing file tmp_5f/mbert_enes_dev_1_17.txt
00:23:47 - removing file tmp_5f/mbert_enes_dev_3_17.txt
00:23:47 - removing file tmp_5f/mbert_enes_dev_6_17.txt
00:23:47 - removing file tmp_5f/mbert_enes_dev_2_17.txt
00:23:47 - removing file tmp_5f/mbert_enes_dev_5_17.txt
00:23:47 - removing file tmp_5f/mbert_enes_dev_4_17.txt
00:23:47 - removing file tmp_5f/mbert_enes_dev_7_17.txt
00:23:47 - removing file tmp_5f/mbert_enes_dev_0_17.txt
00:23:47 - process[0]: training epoch 18 ...
00:24:02 - process[0] - epoch 18 - train iter 476 - 28303.9 words/s - loss: 0.3079
00:24:02 - process[0]: evaluating epoch 18 on dev ...
00:24:16 - process[0] - dev - epoch 18 - mAP: 0.571 w/ 32 queries
00:24:16 - removing file tmp_5f/mbert_enes_dev_8_18.txt
00:24:16 - removing file tmp_5f/mbert_enes_dev_4_18.txt
00:24:16 - removing file tmp_5f/mbert_enes_dev_1_18.txt
00:24:16 - removing file tmp_5f/mbert_enes_dev_0_18.txt
00:24:16 - removing file tmp_5f/mbert_enes_dev_3_18.txt
00:24:16 - removing file tmp_5f/mbert_enes_dev_5_18.txt
00:24:16 - removing file tmp_5f/mbert_enes_dev_6_18.txt
00:24:16 - removing file tmp_5f/mbert_enes_dev_2_18.txt
00:24:16 - removing file tmp_5f/mbert_enes_dev_7_18.txt
00:24:16 - removing file tmp_5f/mbert_enes_dev_9_18.txt
00:24:16 - process[0]: training epoch 19 ...
00:24:31 - process[0] - epoch 19 - train iter 476 - 28209.0 words/s - loss: 0.2704
00:24:31 - process[0]: evaluating epoch 19 on dev ...
00:24:46 - process[0] - dev - epoch 19 - mAP: 0.596 w/ 32 queries
00:24:46 - removing file tmp_5f/mbert_enes_dev_2_19.txt
00:24:46 - removing file tmp_5f/mbert_enes_dev_4_19.txt
00:24:46 - removing file tmp_5f/mbert_enes_dev_0_19.txt
00:24:46 - removing file tmp_5f/mbert_enes_dev_6_19.txt
00:24:46 - removing file tmp_5f/mbert_enes_dev_5_19.txt
00:24:46 - removing file tmp_5f/mbert_enes_dev_1_19.txt
00:24:46 - removing file tmp_5f/mbert_enes_dev_8_19.txt
00:24:46 - removing file tmp_5f/mbert_enes_dev_7_19.txt
00:24:46 - removing file tmp_5f/mbert_enes_dev_3_19.txt
00:24:46 - removing file tmp_5f/mbert_enes_dev_9_19.txt
00:24:46 - [fold 3] best test MAP: 0.547 @ epoch 14
00:24:46 - Evaluating every 1 epochs ...
00:24:46 - reading data from /mnt/home/puxuan/CLIR-project/Evaluation_data/process-clef/uncased
00:24:47 - test has 31 queries ...
00:24:47 - Data reading done ...
00:24:49 - adding 9-th encoder to optimizer...
00:24:49 - adding 10-th encoder to optimizer...
00:24:49 - adding 11-th encoder to optimizer...
00:24:49 - process[0]: training epoch 0 ...
00:25:02 - process[0] - epoch 0 - train iter 432 - 28558.7 words/s - loss: 0.6004
00:25:02 - process[0]: training epoch 1 ...
00:25:16 - process[0] - epoch 1 - train iter 432 - 28519.8 words/s - loss: 0.5004
00:25:16 - process[0]: training epoch 2 ...
00:25:29 - process[0] - epoch 2 - train iter 432 - 28522.1 words/s - loss: 0.4457
00:25:29 - process[0]: training epoch 3 ...
00:25:42 - process[0] - epoch 3 - train iter 432 - 27771.0 words/s - loss: 0.4288
00:25:42 - process[0]: training epoch 4 ...
00:25:56 - process[0] - epoch 4 - train iter 432 - 28082.8 words/s - loss: 0.4218
00:25:56 - process[0]: training epoch 5 ...
00:26:09 - process[0] - epoch 5 - train iter 432 - 28341.2 words/s - loss: 0.4531
00:26:09 - process[0]: training epoch 6 ...
00:26:22 - process[0] - epoch 6 - train iter 432 - 28507.3 words/s - loss: 0.4075
00:26:22 - process[0]: training epoch 7 ...
00:26:35 - process[0] - epoch 7 - train iter 432 - 28430.5 words/s - loss: 0.3488
00:26:35 - process[0]: training epoch 8 ...
00:26:49 - process[0] - epoch 8 - train iter 432 - 28131.3 words/s - loss: 0.3815
00:26:49 - process[0]: training epoch 9 ...
00:27:02 - process[0] - epoch 9 - train iter 432 - 27966.7 words/s - loss: 0.3474
00:27:02 - process[0]: training epoch 10 ...
00:27:16 - process[0] - epoch 10 - train iter 432 - 28136.5 words/s - loss: 0.3733
00:27:16 - process[0]: evaluating epoch 10 on dev ...
00:27:32 - dev set during evaluation: 11550/11545
00:27:32 - process[0] - dev - epoch 10 - mAP: 0.544 w/ 31 queries
00:27:32 - removing file tmp_5f/mbert_enes_dev_1_10.txt
00:27:32 - removing file tmp_5f/mbert_enes_dev_6_10.txt
00:27:32 - removing file tmp_5f/mbert_enes_dev_2_10.txt
00:27:32 - removing file tmp_5f/mbert_enes_dev_5_10.txt
00:27:32 - removing file tmp_5f/mbert_enes_dev_4_10.txt
00:27:32 - removing file tmp_5f/mbert_enes_dev_7_10.txt
00:27:32 - removing file tmp_5f/mbert_enes_dev_8_10.txt
00:27:32 - removing file tmp_5f/mbert_enes_dev_0_10.txt
00:27:32 - removing file tmp_5f/mbert_enes_dev_9_10.txt
00:27:32 - removing file tmp_5f/mbert_enes_dev_3_10.txt
00:27:32 - process[0]: evaluating epoch 10 on test ...
00:27:46 - test set during evaluation: 11320/11315
00:27:46 - process[0] - test - epoch 10 - mAP: 0.554 w/ 31 queries
00:27:46 - removing file tmp_5f/mbert_enes_test_5_10.txt
00:27:46 - removing file tmp_5f/mbert_enes_test_0_10.txt
00:27:46 - removing file tmp_5f/mbert_enes_test_3_10.txt
00:27:46 - removing file tmp_5f/mbert_enes_test_6_10.txt
00:27:46 - removing file tmp_5f/mbert_enes_test_1_10.txt
00:27:46 - removing file tmp_5f/mbert_enes_test_2_10.txt
00:27:46 - removing file tmp_5f/mbert_enes_test_7_10.txt
00:27:46 - removing file tmp_5f/mbert_enes_test_8_10.txt
00:27:46 - removing file tmp_5f/mbert_enes_test_9_10.txt
00:27:46 - removing file tmp_5f/mbert_enes_test_4_10.txt
00:27:46 - process[0]: training epoch 11 ...
00:28:00 - process[0] - epoch 11 - train iter 432 - 27990.2 words/s - loss: 0.3484
00:28:00 - process[0]: evaluating epoch 11 on dev ...
00:28:14 - dev set during evaluation: 11550/11545
00:28:14 - process[0] - dev - epoch 11 - mAP: 0.554 w/ 31 queries
00:28:14 - removing file tmp_5f/mbert_enes_dev_4_11.txt
00:28:14 - removing file tmp_5f/mbert_enes_dev_0_11.txt
00:28:14 - removing file tmp_5f/mbert_enes_dev_6_11.txt
00:28:14 - removing file tmp_5f/mbert_enes_dev_9_11.txt
00:28:14 - removing file tmp_5f/mbert_enes_dev_7_11.txt
00:28:14 - removing file tmp_5f/mbert_enes_dev_8_11.txt
00:28:14 - removing file tmp_5f/mbert_enes_dev_2_11.txt
00:28:14 - removing file tmp_5f/mbert_enes_dev_3_11.txt
00:28:14 - removing file tmp_5f/mbert_enes_dev_1_11.txt
00:28:14 - removing file tmp_5f/mbert_enes_dev_5_11.txt
00:28:14 - process[0]: evaluating epoch 11 on test ...
00:28:29 - test set during evaluation: 11320/11315
00:28:29 - process[0] - test - epoch 11 - mAP: 0.568 w/ 31 queries
00:28:29 - removing file tmp_5f/mbert_enes_test_4_11.txt
00:28:29 - removing file tmp_5f/mbert_enes_test_0_11.txt
00:28:29 - removing file tmp_5f/mbert_enes_test_7_11.txt
00:28:29 - removing file tmp_5f/mbert_enes_test_2_11.txt
00:28:29 - removing file tmp_5f/mbert_enes_test_9_11.txt
00:28:29 - removing file tmp_5f/mbert_enes_test_3_11.txt
00:28:29 - removing file tmp_5f/mbert_enes_test_8_11.txt
00:28:29 - removing file tmp_5f/mbert_enes_test_6_11.txt
00:28:29 - removing file tmp_5f/mbert_enes_test_1_11.txt
00:28:29 - removing file tmp_5f/mbert_enes_test_5_11.txt
00:28:29 - process[0]: training epoch 12 ...
00:28:42 - process[0] - epoch 12 - train iter 432 - 28289.0 words/s - loss: 0.3426
00:28:42 - process[0]: evaluating epoch 12 on dev ...
00:28:57 - dev set during evaluation: 11550/11545
00:28:57 - process[0] - dev - epoch 12 - mAP: 0.538 w/ 31 queries
00:28:57 - removing file tmp_5f/mbert_enes_dev_2_12.txt
00:28:57 - removing file tmp_5f/mbert_enes_dev_8_12.txt
00:28:57 - removing file tmp_5f/mbert_enes_dev_7_12.txt
00:28:57 - removing file tmp_5f/mbert_enes_dev_4_12.txt
00:28:57 - removing file tmp_5f/mbert_enes_dev_5_12.txt
00:28:57 - removing file tmp_5f/mbert_enes_dev_0_12.txt
00:28:57 - removing file tmp_5f/mbert_enes_dev_1_12.txt
00:28:57 - removing file tmp_5f/mbert_enes_dev_3_12.txt
00:28:57 - removing file tmp_5f/mbert_enes_dev_9_12.txt
00:28:57 - removing file tmp_5f/mbert_enes_dev_6_12.txt
00:28:57 - process[0]: training epoch 13 ...
00:29:10 - process[0] - epoch 13 - train iter 432 - 28244.2 words/s - loss: 0.2925
00:29:10 - process[0]: evaluating epoch 13 on dev ...
00:29:25 - dev set during evaluation: 11550/11545
00:29:25 - process[0] - dev - epoch 13 - mAP: 0.540 w/ 31 queries
00:29:25 - removing file tmp_5f/mbert_enes_dev_5_13.txt
00:29:25 - removing file tmp_5f/mbert_enes_dev_8_13.txt
00:29:25 - removing file tmp_5f/mbert_enes_dev_6_13.txt
00:29:25 - removing file tmp_5f/mbert_enes_dev_3_13.txt
00:29:25 - removing file tmp_5f/mbert_enes_dev_0_13.txt
00:29:25 - removing file tmp_5f/mbert_enes_dev_1_13.txt
00:29:25 - removing file tmp_5f/mbert_enes_dev_2_13.txt
00:29:25 - removing file tmp_5f/mbert_enes_dev_9_13.txt
00:29:25 - removing file tmp_5f/mbert_enes_dev_4_13.txt
00:29:25 - removing file tmp_5f/mbert_enes_dev_7_13.txt
00:29:25 - process[0]: training epoch 14 ...
00:29:38 - process[0] - epoch 14 - train iter 432 - 28037.4 words/s - loss: 0.3218
00:29:38 - process[0]: evaluating epoch 14 on dev ...
00:29:53 - dev set during evaluation: 11550/11545
00:29:53 - process[0] - dev - epoch 14 - mAP: 0.526 w/ 31 queries
00:29:53 - removing file tmp_5f/mbert_enes_dev_9_14.txt
00:29:53 - removing file tmp_5f/mbert_enes_dev_1_14.txt
00:29:53 - removing file tmp_5f/mbert_enes_dev_7_14.txt
00:29:53 - removing file tmp_5f/mbert_enes_dev_5_14.txt
00:29:53 - removing file tmp_5f/mbert_enes_dev_0_14.txt
00:29:53 - removing file tmp_5f/mbert_enes_dev_3_14.txt
00:29:53 - removing file tmp_5f/mbert_enes_dev_4_14.txt
00:29:53 - removing file tmp_5f/mbert_enes_dev_2_14.txt
00:29:53 - removing file tmp_5f/mbert_enes_dev_8_14.txt
00:29:53 - removing file tmp_5f/mbert_enes_dev_6_14.txt
00:29:53 - process[0]: training epoch 15 ...
00:30:06 - process[0] - epoch 15 - train iter 432 - 28271.8 words/s - loss: 0.3369
00:30:06 - process[0]: evaluating epoch 15 on dev ...
00:30:21 - dev set during evaluation: 11550/11545
00:30:21 - process[0] - dev - epoch 15 - mAP: 0.533 w/ 31 queries
00:30:21 - removing file tmp_5f/mbert_enes_dev_2_15.txt
00:30:21 - removing file tmp_5f/mbert_enes_dev_1_15.txt
00:30:21 - removing file tmp_5f/mbert_enes_dev_3_15.txt
00:30:21 - removing file tmp_5f/mbert_enes_dev_0_15.txt
00:30:21 - removing file tmp_5f/mbert_enes_dev_4_15.txt
00:30:21 - removing file tmp_5f/mbert_enes_dev_8_15.txt
00:30:21 - removing file tmp_5f/mbert_enes_dev_9_15.txt
00:30:21 - removing file tmp_5f/mbert_enes_dev_5_15.txt
00:30:21 - removing file tmp_5f/mbert_enes_dev_6_15.txt
00:30:21 - removing file tmp_5f/mbert_enes_dev_7_15.txt
00:30:21 - process[0]: training epoch 16 ...
00:30:34 - process[0] - epoch 16 - train iter 432 - 28340.8 words/s - loss: 0.3076
00:30:34 - process[0]: evaluating epoch 16 on dev ...
00:30:49 - dev set during evaluation: 11550/11545
00:30:49 - process[0] - dev - epoch 16 - mAP: 0.545 w/ 31 queries
00:30:49 - removing file tmp_5f/mbert_enes_dev_7_16.txt
00:30:49 - removing file tmp_5f/mbert_enes_dev_9_16.txt
00:30:49 - removing file tmp_5f/mbert_enes_dev_4_16.txt
00:30:49 - removing file tmp_5f/mbert_enes_dev_5_16.txt
00:30:49 - removing file tmp_5f/mbert_enes_dev_2_16.txt
00:30:49 - removing file tmp_5f/mbert_enes_dev_0_16.txt
00:30:49 - removing file tmp_5f/mbert_enes_dev_3_16.txt
00:30:49 - removing file tmp_5f/mbert_enes_dev_6_16.txt
00:30:49 - removing file tmp_5f/mbert_enes_dev_1_16.txt
00:30:49 - removing file tmp_5f/mbert_enes_dev_8_16.txt
00:30:49 - process[0]: training epoch 17 ...
00:31:02 - process[0] - epoch 17 - train iter 432 - 28589.6 words/s - loss: 0.3249
00:31:02 - process[0]: evaluating epoch 17 on dev ...
00:31:16 - dev set during evaluation: 11550/11545
00:31:16 - process[0] - dev - epoch 17 - mAP: 0.531 w/ 31 queries
00:31:16 - removing file tmp_5f/mbert_enes_dev_8_17.txt
00:31:16 - removing file tmp_5f/mbert_enes_dev_9_17.txt
00:31:16 - removing file tmp_5f/mbert_enes_dev_1_17.txt
00:31:16 - removing file tmp_5f/mbert_enes_dev_3_17.txt
00:31:16 - removing file tmp_5f/mbert_enes_dev_6_17.txt
00:31:16 - removing file tmp_5f/mbert_enes_dev_2_17.txt
00:31:16 - removing file tmp_5f/mbert_enes_dev_5_17.txt
00:31:16 - removing file tmp_5f/mbert_enes_dev_4_17.txt
00:31:16 - removing file tmp_5f/mbert_enes_dev_7_17.txt
00:31:16 - removing file tmp_5f/mbert_enes_dev_0_17.txt
00:31:16 - process[0]: training epoch 18 ...
00:31:30 - process[0] - epoch 18 - train iter 432 - 28352.0 words/s - loss: 0.3157
00:31:30 - process[0]: evaluating epoch 18 on dev ...
00:31:44 - dev set during evaluation: 11550/11545
00:31:44 - process[0] - dev - epoch 18 - mAP: 0.530 w/ 31 queries
00:31:44 - removing file tmp_5f/mbert_enes_dev_8_18.txt
00:31:44 - removing file tmp_5f/mbert_enes_dev_4_18.txt
00:31:44 - removing file tmp_5f/mbert_enes_dev_1_18.txt
00:31:44 - removing file tmp_5f/mbert_enes_dev_0_18.txt
00:31:44 - removing file tmp_5f/mbert_enes_dev_3_18.txt
00:31:44 - removing file tmp_5f/mbert_enes_dev_5_18.txt
00:31:44 - removing file tmp_5f/mbert_enes_dev_6_18.txt
00:31:44 - removing file tmp_5f/mbert_enes_dev_2_18.txt
00:31:44 - removing file tmp_5f/mbert_enes_dev_7_18.txt
00:31:44 - removing file tmp_5f/mbert_enes_dev_9_18.txt
00:31:44 - process[0]: training epoch 19 ...
00:31:58 - process[0] - epoch 19 - train iter 432 - 28472.0 words/s - loss: 0.3089
00:31:58 - process[0]: evaluating epoch 19 on dev ...
00:32:12 - dev set during evaluation: 11550/11545
00:32:12 - process[0] - dev - epoch 19 - mAP: 0.544 w/ 31 queries
00:32:12 - removing file tmp_5f/mbert_enes_dev_2_19.txt
00:32:12 - removing file tmp_5f/mbert_enes_dev_4_19.txt
00:32:12 - removing file tmp_5f/mbert_enes_dev_0_19.txt
00:32:12 - removing file tmp_5f/mbert_enes_dev_6_19.txt
00:32:12 - removing file tmp_5f/mbert_enes_dev_5_19.txt
00:32:12 - removing file tmp_5f/mbert_enes_dev_1_19.txt
00:32:12 - removing file tmp_5f/mbert_enes_dev_8_19.txt
00:32:12 - removing file tmp_5f/mbert_enes_dev_7_19.txt
00:32:12 - removing file tmp_5f/mbert_enes_dev_3_19.txt
00:32:12 - removing file tmp_5f/mbert_enes_dev_9_19.txt
00:32:12 - [fold 4] best test MAP: 0.568 @ epoch 11
00:32:12 - Evaluating every 1 epochs ...
00:32:12 - reading data from /mnt/home/puxuan/CLIR-project/Evaluation_data/process-clef/uncased
00:32:14 - test has 31 queries ...
00:32:14 - Data reading done ...
00:32:15 - adding 9-th encoder to optimizer...
00:32:15 - adding 10-th encoder to optimizer...
00:32:15 - adding 11-th encoder to optimizer...
00:32:16 - process[0]: training epoch 0 ...
00:32:30 - process[0] - epoch 0 - train iter 437 - 28046.6 words/s - loss: 0.6087
00:32:30 - process[0]: training epoch 1 ...
00:32:43 - process[0] - epoch 1 - train iter 437 - 28146.7 words/s - loss: 0.5078
00:32:43 - process[0]: training epoch 2 ...
00:32:57 - process[0] - epoch 2 - train iter 437 - 28276.6 words/s - loss: 0.4423
00:32:57 - process[0]: training epoch 3 ...
00:33:10 - process[0] - epoch 3 - train iter 437 - 28463.7 words/s - loss: 0.4470
00:33:10 - process[0]: training epoch 4 ...
00:33:24 - process[0] - epoch 4 - train iter 437 - 28376.9 words/s - loss: 0.4297
00:33:24 - process[0]: training epoch 5 ...
00:33:37 - process[0] - epoch 5 - train iter 437 - 28352.9 words/s - loss: 0.4326
00:33:37 - process[0]: training epoch 6 ...
00:33:51 - process[0] - epoch 6 - train iter 437 - 28254.7 words/s - loss: 0.4013
00:33:51 - process[0]: training epoch 7 ...
00:34:04 - process[0] - epoch 7 - train iter 437 - 28409.3 words/s - loss: 0.3593
00:34:04 - process[0]: training epoch 8 ...
00:34:18 - process[0] - epoch 8 - train iter 437 - 28332.2 words/s - loss: 0.3557
00:34:18 - process[0]: training epoch 9 ...
00:34:31 - process[0] - epoch 9 - train iter 437 - 28493.6 words/s - loss: 0.3369
00:34:31 - process[0]: training epoch 10 ...
00:34:45 - process[0] - epoch 10 - train iter 437 - 27725.3 words/s - loss: 0.3644
00:34:45 - process[0]: evaluating epoch 10 on dev ...
00:35:00 - dev set during evaluation: 11320/11315
00:35:00 - process[0] - dev - epoch 10 - mAP: 0.558 w/ 31 queries
00:35:00 - removing file tmp_5f/mbert_enes_dev_1_10.txt
00:35:00 - removing file tmp_5f/mbert_enes_dev_6_10.txt
00:35:00 - removing file tmp_5f/mbert_enes_dev_2_10.txt
00:35:00 - removing file tmp_5f/mbert_enes_dev_5_10.txt
00:35:00 - removing file tmp_5f/mbert_enes_dev_4_10.txt
00:35:00 - removing file tmp_5f/mbert_enes_dev_7_10.txt
00:35:00 - removing file tmp_5f/mbert_enes_dev_8_10.txt
00:35:00 - removing file tmp_5f/mbert_enes_dev_0_10.txt
00:35:00 - removing file tmp_5f/mbert_enes_dev_9_10.txt
00:35:00 - removing file tmp_5f/mbert_enes_dev_3_10.txt
00:35:00 - process[0]: evaluating epoch 10 on test ...
00:35:14 - process[0] - test - epoch 10 - mAP: 0.459 w/ 31 queries
00:35:14 - removing file tmp_5f/mbert_enes_test_5_10.txt
00:35:14 - removing file tmp_5f/mbert_enes_test_0_10.txt
00:35:14 - removing file tmp_5f/mbert_enes_test_3_10.txt
00:35:14 - removing file tmp_5f/mbert_enes_test_6_10.txt
00:35:14 - removing file tmp_5f/mbert_enes_test_1_10.txt
00:35:14 - removing file tmp_5f/mbert_enes_test_2_10.txt
00:35:14 - removing file tmp_5f/mbert_enes_test_7_10.txt
00:35:14 - removing file tmp_5f/mbert_enes_test_8_10.txt
00:35:14 - removing file tmp_5f/mbert_enes_test_9_10.txt
00:35:14 - removing file tmp_5f/mbert_enes_test_4_10.txt
00:35:14 - process[0]: training epoch 11 ...
00:35:28 - process[0] - epoch 11 - train iter 437 - 28310.0 words/s - loss: 0.3644
00:35:28 - process[0]: evaluating epoch 11 on dev ...
00:35:42 - dev set during evaluation: 11320/11315
00:35:42 - process[0] - dev - epoch 11 - mAP: 0.557 w/ 31 queries
00:35:42 - removing file tmp_5f/mbert_enes_dev_4_11.txt
00:35:42 - removing file tmp_5f/mbert_enes_dev_0_11.txt
00:35:42 - removing file tmp_5f/mbert_enes_dev_6_11.txt
00:35:42 - removing file tmp_5f/mbert_enes_dev_9_11.txt
00:35:42 - removing file tmp_5f/mbert_enes_dev_7_11.txt
00:35:42 - removing file tmp_5f/mbert_enes_dev_8_11.txt
00:35:42 - removing file tmp_5f/mbert_enes_dev_2_11.txt
00:35:42 - removing file tmp_5f/mbert_enes_dev_3_11.txt
00:35:42 - removing file tmp_5f/mbert_enes_dev_1_11.txt
00:35:42 - removing file tmp_5f/mbert_enes_dev_5_11.txt
00:35:42 - process[0]: training epoch 12 ...
00:35:56 - process[0] - epoch 12 - train iter 437 - 28189.4 words/s - loss: 0.3149
00:35:56 - process[0]: evaluating epoch 12 on dev ...
00:36:10 - dev set during evaluation: 11320/11315
00:36:10 - process[0] - dev - epoch 12 - mAP: 0.552 w/ 31 queries
00:36:10 - removing file tmp_5f/mbert_enes_dev_2_12.txt
00:36:10 - removing file tmp_5f/mbert_enes_dev_8_12.txt
00:36:10 - removing file tmp_5f/mbert_enes_dev_7_12.txt
00:36:10 - removing file tmp_5f/mbert_enes_dev_4_12.txt
00:36:10 - removing file tmp_5f/mbert_enes_dev_5_12.txt
00:36:10 - removing file tmp_5f/mbert_enes_dev_0_12.txt
00:36:10 - removing file tmp_5f/mbert_enes_dev_1_12.txt
00:36:10 - removing file tmp_5f/mbert_enes_dev_3_12.txt
00:36:10 - removing file tmp_5f/mbert_enes_dev_9_12.txt
00:36:10 - removing file tmp_5f/mbert_enes_dev_6_12.txt
00:36:10 - process[0]: training epoch 13 ...
00:36:24 - process[0] - epoch 13 - train iter 437 - 28126.7 words/s - loss: 0.3277
00:36:24 - process[0]: evaluating epoch 13 on dev ...
00:36:38 - dev set during evaluation: 11320/11315
00:36:38 - process[0] - dev - epoch 13 - mAP: 0.547 w/ 31 queries
00:36:38 - removing file tmp_5f/mbert_enes_dev_5_13.txt
00:36:38 - removing file tmp_5f/mbert_enes_dev_8_13.txt
00:36:38 - removing file tmp_5f/mbert_enes_dev_6_13.txt
00:36:38 - removing file tmp_5f/mbert_enes_dev_3_13.txt
00:36:38 - removing file tmp_5f/mbert_enes_dev_0_13.txt
00:36:38 - removing file tmp_5f/mbert_enes_dev_1_13.txt
00:36:38 - removing file tmp_5f/mbert_enes_dev_2_13.txt
00:36:38 - removing file tmp_5f/mbert_enes_dev_9_13.txt
00:36:38 - removing file tmp_5f/mbert_enes_dev_4_13.txt
00:36:38 - removing file tmp_5f/mbert_enes_dev_7_13.txt
00:36:38 - process[0]: training epoch 14 ...
00:36:52 - process[0] - epoch 14 - train iter 437 - 28323.7 words/s - loss: 0.2995
00:36:52 - process[0]: evaluating epoch 14 on dev ...
00:37:07 - dev set during evaluation: 11320/11315
00:37:07 - process[0] - dev - epoch 14 - mAP: 0.563 w/ 31 queries
00:37:07 - removing file tmp_5f/mbert_enes_dev_9_14.txt
00:37:07 - removing file tmp_5f/mbert_enes_dev_1_14.txt
00:37:07 - removing file tmp_5f/mbert_enes_dev_7_14.txt
00:37:07 - removing file tmp_5f/mbert_enes_dev_5_14.txt
00:37:07 - removing file tmp_5f/mbert_enes_dev_0_14.txt
00:37:07 - removing file tmp_5f/mbert_enes_dev_3_14.txt
00:37:07 - removing file tmp_5f/mbert_enes_dev_4_14.txt
00:37:07 - removing file tmp_5f/mbert_enes_dev_2_14.txt
00:37:07 - removing file tmp_5f/mbert_enes_dev_8_14.txt
00:37:07 - removing file tmp_5f/mbert_enes_dev_6_14.txt
00:37:07 - process[0]: evaluating epoch 14 on test ...
00:37:20 - process[0] - test - epoch 14 - mAP: 0.469 w/ 31 queries
00:37:20 - removing file tmp_5f/mbert_enes_test_7_14.txt
00:37:20 - removing file tmp_5f/mbert_enes_test_4_14.txt
00:37:20 - removing file tmp_5f/mbert_enes_test_1_14.txt
00:37:20 - removing file tmp_5f/mbert_enes_test_0_14.txt
00:37:20 - removing file tmp_5f/mbert_enes_test_5_14.txt
00:37:20 - removing file tmp_5f/mbert_enes_test_9_14.txt
00:37:20 - removing file tmp_5f/mbert_enes_test_8_14.txt
00:37:20 - removing file tmp_5f/mbert_enes_test_3_14.txt
00:37:20 - removing file tmp_5f/mbert_enes_test_6_14.txt
00:37:20 - removing file tmp_5f/mbert_enes_test_2_14.txt
00:37:20 - process[0]: training epoch 15 ...
00:37:34 - process[0] - epoch 15 - train iter 437 - 28550.6 words/s - loss: 0.3226
00:37:34 - process[0]: evaluating epoch 15 on dev ...
00:37:48 - dev set during evaluation: 11320/11315
00:37:48 - process[0] - dev - epoch 15 - mAP: 0.563 w/ 31 queries
00:37:48 - removing file tmp_5f/mbert_enes_dev_2_15.txt
00:37:48 - removing file tmp_5f/mbert_enes_dev_1_15.txt
00:37:48 - removing file tmp_5f/mbert_enes_dev_3_15.txt
00:37:48 - removing file tmp_5f/mbert_enes_dev_0_15.txt
00:37:48 - removing file tmp_5f/mbert_enes_dev_4_15.txt
00:37:48 - removing file tmp_5f/mbert_enes_dev_8_15.txt
00:37:48 - removing file tmp_5f/mbert_enes_dev_9_15.txt
00:37:48 - removing file tmp_5f/mbert_enes_dev_5_15.txt
00:37:48 - removing file tmp_5f/mbert_enes_dev_6_15.txt
00:37:48 - removing file tmp_5f/mbert_enes_dev_7_15.txt
00:37:48 - process[0]: evaluating epoch 15 on test ...
00:38:02 - process[0] - test - epoch 15 - mAP: 0.468 w/ 31 queries
00:38:02 - removing file tmp_5f/mbert_enes_test_4_15.txt
00:38:02 - removing file tmp_5f/mbert_enes_test_7_15.txt
00:38:02 - removing file tmp_5f/mbert_enes_test_0_15.txt
00:38:02 - removing file tmp_5f/mbert_enes_test_8_15.txt
00:38:02 - removing file tmp_5f/mbert_enes_test_1_15.txt
00:38:02 - removing file tmp_5f/mbert_enes_test_2_15.txt
00:38:02 - removing file tmp_5f/mbert_enes_test_3_15.txt
00:38:02 - removing file tmp_5f/mbert_enes_test_5_15.txt
00:38:02 - removing file tmp_5f/mbert_enes_test_9_15.txt
00:38:02 - removing file tmp_5f/mbert_enes_test_6_15.txt
00:38:02 - process[0]: training epoch 16 ...
00:38:16 - process[0] - epoch 16 - train iter 437 - 28267.7 words/s - loss: 0.3024
00:38:16 - process[0]: evaluating epoch 16 on dev ...
00:38:30 - dev set during evaluation: 11320/11315
00:38:30 - process[0] - dev - epoch 16 - mAP: 0.565 w/ 31 queries
00:38:30 - removing file tmp_5f/mbert_enes_dev_7_16.txt
00:38:30 - removing file tmp_5f/mbert_enes_dev_9_16.txt
00:38:30 - removing file tmp_5f/mbert_enes_dev_4_16.txt
00:38:30 - removing file tmp_5f/mbert_enes_dev_5_16.txt
00:38:30 - removing file tmp_5f/mbert_enes_dev_2_16.txt
00:38:30 - removing file tmp_5f/mbert_enes_dev_0_16.txt
00:38:30 - removing file tmp_5f/mbert_enes_dev_3_16.txt
00:38:30 - removing file tmp_5f/mbert_enes_dev_6_16.txt
00:38:30 - removing file tmp_5f/mbert_enes_dev_1_16.txt
00:38:30 - removing file tmp_5f/mbert_enes_dev_8_16.txt
00:38:30 - process[0]: evaluating epoch 16 on test ...
00:38:43 - process[0] - test - epoch 16 - mAP: 0.456 w/ 31 queries
00:38:43 - removing file tmp_5f/mbert_enes_test_7_16.txt
00:38:43 - removing file tmp_5f/mbert_enes_test_3_16.txt
00:38:43 - removing file tmp_5f/mbert_enes_test_2_16.txt
00:38:43 - removing file tmp_5f/mbert_enes_test_0_16.txt
00:38:43 - removing file tmp_5f/mbert_enes_test_8_16.txt
00:38:43 - removing file tmp_5f/mbert_enes_test_4_16.txt
00:38:43 - removing file tmp_5f/mbert_enes_test_6_16.txt
00:38:43 - removing file tmp_5f/mbert_enes_test_1_16.txt
00:38:43 - removing file tmp_5f/mbert_enes_test_5_16.txt
00:38:43 - removing file tmp_5f/mbert_enes_test_9_16.txt
00:38:43 - process[0]: training epoch 17 ...
00:38:57 - process[0] - epoch 17 - train iter 437 - 28409.8 words/s - loss: 0.3176
00:38:57 - process[0]: evaluating epoch 17 on dev ...
00:39:11 - dev set during evaluation: 11320/11315
00:39:11 - process[0] - dev - epoch 17 - mAP: 0.564 w/ 31 queries
00:39:11 - removing file tmp_5f/mbert_enes_dev_8_17.txt
00:39:11 - removing file tmp_5f/mbert_enes_dev_9_17.txt
00:39:11 - removing file tmp_5f/mbert_enes_dev_1_17.txt
00:39:11 - removing file tmp_5f/mbert_enes_dev_3_17.txt
00:39:11 - removing file tmp_5f/mbert_enes_dev_6_17.txt
00:39:11 - removing file tmp_5f/mbert_enes_dev_2_17.txt
00:39:11 - removing file tmp_5f/mbert_enes_dev_5_17.txt
00:39:11 - removing file tmp_5f/mbert_enes_dev_4_17.txt
00:39:11 - removing file tmp_5f/mbert_enes_dev_7_17.txt
00:39:11 - removing file tmp_5f/mbert_enes_dev_0_17.txt
00:39:11 - process[0]: training epoch 18 ...
00:39:25 - process[0] - epoch 18 - train iter 437 - 28164.2 words/s - loss: 0.2740
00:39:25 - process[0]: evaluating epoch 18 on dev ...
00:39:39 - dev set during evaluation: 11320/11315
00:39:39 - process[0] - dev - epoch 18 - mAP: 0.567 w/ 31 queries
00:39:39 - removing file tmp_5f/mbert_enes_dev_8_18.txt
00:39:39 - removing file tmp_5f/mbert_enes_dev_4_18.txt
00:39:39 - removing file tmp_5f/mbert_enes_dev_1_18.txt
00:39:39 - removing file tmp_5f/mbert_enes_dev_0_18.txt
00:39:39 - removing file tmp_5f/mbert_enes_dev_3_18.txt
00:39:39 - removing file tmp_5f/mbert_enes_dev_5_18.txt
00:39:39 - removing file tmp_5f/mbert_enes_dev_6_18.txt
00:39:39 - removing file tmp_5f/mbert_enes_dev_2_18.txt
00:39:39 - removing file tmp_5f/mbert_enes_dev_7_18.txt
00:39:39 - removing file tmp_5f/mbert_enes_dev_9_18.txt
00:39:39 - process[0]: evaluating epoch 18 on test ...
00:39:53 - process[0] - test - epoch 18 - mAP: 0.472 w/ 31 queries
00:39:53 - removing file tmp_5f/mbert_enes_test_4_18.txt
00:39:53 - removing file tmp_5f/mbert_enes_test_3_18.txt
00:39:53 - removing file tmp_5f/mbert_enes_test_9_18.txt
00:39:53 - removing file tmp_5f/mbert_enes_test_2_18.txt
00:39:53 - removing file tmp_5f/mbert_enes_test_7_18.txt
00:39:53 - removing file tmp_5f/mbert_enes_test_0_18.txt
00:39:53 - removing file tmp_5f/mbert_enes_test_5_18.txt
00:39:53 - removing file tmp_5f/mbert_enes_test_1_18.txt
00:39:53 - removing file tmp_5f/mbert_enes_test_8_18.txt
00:39:53 - removing file tmp_5f/mbert_enes_test_6_18.txt
00:39:53 - process[0]: training epoch 19 ...
00:40:06 - process[0] - epoch 19 - train iter 437 - 28226.8 words/s - loss: 0.2952
00:40:06 - process[0]: evaluating epoch 19 on dev ...
00:40:20 - dev set during evaluation: 11320/11315
00:40:20 - process[0] - dev - epoch 19 - mAP: 0.554 w/ 31 queries
00:40:20 - removing file tmp_5f/mbert_enes_dev_2_19.txt
00:40:20 - removing file tmp_5f/mbert_enes_dev_4_19.txt
00:40:20 - removing file tmp_5f/mbert_enes_dev_0_19.txt
00:40:20 - removing file tmp_5f/mbert_enes_dev_6_19.txt
00:40:20 - removing file tmp_5f/mbert_enes_dev_5_19.txt
00:40:20 - removing file tmp_5f/mbert_enes_dev_1_19.txt
00:40:20 - removing file tmp_5f/mbert_enes_dev_8_19.txt
00:40:20 - removing file tmp_5f/mbert_enes_dev_7_19.txt
00:40:20 - removing file tmp_5f/mbert_enes_dev_3_19.txt
00:40:20 - removing file tmp_5f/mbert_enes_dev_9_19.txt
00:40:20 - [fold 5] best test MAP: 0.472 @ epoch 18
00:40:20 - [0.5030137001786987, 0.6083745828893984, 0.5473756167318827, 0.5681455876986942, 0.4720976012052597]
00:40:20 - [31, 32, 31, 31, 31]
00:40:20 - final MAP: 0.540
