00:00:06 - Namespace(apex_level='O2', batch_size=8, cased=False, dataset='clef', debug=False, encoder_lr=2e-05, eval_step=1, full_doc_length=True, local_rank=8, model_path='/mnt/scratch/puxuan/short_rr/2186734/huggingface-14', model_type='mbert', num_epochs=20, num_ft_encoders=3, num_neg=1, projector_lr=2e-05, seed=611, source_lang='fr', target_lang='es')
00:00:16 - Evaluating every 1 epochs ...
00:00:16 - reading data from /mnt/home/puxuan/CLIR-project/Evaluation_data/process-clef/uncased
00:00:17 - test has 31 queries ...
00:00:17 - Data reading done ...
00:00:24 - adding 9-th encoder to optimizer...
00:00:24 - adding 10-th encoder to optimizer...
00:00:24 - adding 11-th encoder to optimizer...
00:00:24 - process[8]: training epoch 0 ...
00:00:41 - process[8] - epoch 0 - train iter 540 - 27608.8 words/s - loss: 0.4984
00:00:41 - process[8]: training epoch 1 ...
00:00:57 - process[8] - epoch 1 - train iter 540 - 28873.7 words/s - loss: 0.4369
00:00:57 - process[8]: training epoch 2 ...
00:01:14 - process[8] - epoch 2 - train iter 540 - 28793.0 words/s - loss: 0.4039
00:01:14 - process[8]: training epoch 3 ...
00:01:30 - process[8] - epoch 3 - train iter 540 - 28501.8 words/s - loss: 0.3663
00:01:30 - process[8]: training epoch 4 ...
00:01:47 - process[8] - epoch 4 - train iter 540 - 28556.8 words/s - loss: 0.3473
00:01:47 - process[8]: training epoch 5 ...
00:02:03 - process[8] - epoch 5 - train iter 540 - 28899.0 words/s - loss: 0.3488
00:02:03 - process[8]: training epoch 6 ...
00:02:19 - process[8] - epoch 6 - train iter 540 - 28819.0 words/s - loss: 0.3365
00:02:19 - process[8]: training epoch 7 ...
00:02:36 - process[8] - epoch 7 - train iter 540 - 28310.9 words/s - loss: 0.3476
00:02:36 - process[8]: training epoch 8 ...
00:02:53 - process[8] - epoch 8 - train iter 540 - 28874.9 words/s - loss: 0.2776
00:02:53 - process[8]: training epoch 9 ...
00:03:09 - process[8] - epoch 9 - train iter 540 - 28707.7 words/s - loss: 0.3180
00:03:09 - process[8]: training epoch 10 ...
00:03:25 - process[8] - epoch 10 - train iter 540 - 28576.7 words/s - loss: 0.3172
00:03:25 - process[8]: evaluating epoch 10 on dev ...
00:03:39 - process[8] - dev - epoch 10 - mAP: 0.484 w/ 31 queries
00:03:39 - process[8]: evaluating epoch 10 on test ...
00:03:53 - test set during evaluation: 11460/11458
00:03:53 - process[8] - test - epoch 10 - mAP: 0.532 w/ 31 queries
00:03:53 - process[8]: training epoch 11 ...
00:04:10 - process[8] - epoch 11 - train iter 540 - 28950.0 words/s - loss: 0.2861
00:04:10 - process[8]: evaluating epoch 11 on dev ...
00:04:23 - process[8] - dev - epoch 11 - mAP: 0.491 w/ 31 queries
00:04:23 - process[8]: evaluating epoch 11 on test ...
00:04:37 - test set during evaluation: 11460/11458
00:04:37 - process[8] - test - epoch 11 - mAP: 0.541 w/ 31 queries
00:04:37 - process[8]: training epoch 12 ...
00:04:54 - process[8] - epoch 12 - train iter 540 - 28978.1 words/s - loss: 0.3073
00:04:54 - process[8]: evaluating epoch 12 on dev ...
00:05:07 - process[8] - dev - epoch 12 - mAP: 0.477 w/ 31 queries
00:05:07 - process[8]: training epoch 13 ...
00:05:24 - process[8] - epoch 13 - train iter 540 - 29114.6 words/s - loss: 0.3211
00:05:24 - process[8]: evaluating epoch 13 on dev ...
00:05:37 - process[8] - dev - epoch 13 - mAP: 0.486 w/ 31 queries
00:05:37 - process[8]: training epoch 14 ...
00:05:53 - process[8] - epoch 14 - train iter 540 - 28954.2 words/s - loss: 0.2810
00:05:53 - process[8]: evaluating epoch 14 on dev ...
00:06:08 - process[8] - dev - epoch 14 - mAP: 0.484 w/ 31 queries
00:06:08 - process[8]: training epoch 15 ...
00:06:24 - process[8] - epoch 15 - train iter 540 - 28877.3 words/s - loss: 0.2899
00:06:24 - process[8]: evaluating epoch 15 on dev ...
00:06:37 - process[8] - dev - epoch 15 - mAP: 0.493 w/ 31 queries
00:06:37 - process[8]: evaluating epoch 15 on test ...
00:06:51 - test set during evaluation: 11460/11458
00:06:51 - process[8] - test - epoch 15 - mAP: 0.538 w/ 31 queries
00:06:51 - process[8]: training epoch 16 ...
00:07:08 - process[8] - epoch 16 - train iter 540 - 28783.7 words/s - loss: 0.3005
00:07:08 - process[8]: evaluating epoch 16 on dev ...
00:07:21 - process[8] - dev - epoch 16 - mAP: 0.479 w/ 31 queries
00:07:21 - process[8]: training epoch 17 ...
00:07:38 - process[8] - epoch 17 - train iter 540 - 28742.7 words/s - loss: 0.2643
00:07:38 - process[8]: evaluating epoch 17 on dev ...
00:07:51 - process[8] - dev - epoch 17 - mAP: 0.487 w/ 31 queries
00:07:51 - process[8]: training epoch 18 ...
00:08:08 - process[8] - epoch 18 - train iter 540 - 28639.5 words/s - loss: 0.2785
00:08:08 - process[8]: evaluating epoch 18 on dev ...
00:08:21 - process[8] - dev - epoch 18 - mAP: 0.486 w/ 31 queries
00:08:21 - process[8]: training epoch 19 ...
00:08:38 - process[8] - epoch 19 - train iter 540 - 28528.7 words/s - loss: 0.2642
00:08:38 - process[8]: evaluating epoch 19 on dev ...
00:08:51 - process[8] - dev - epoch 19 - mAP: 0.481 w/ 31 queries
00:08:51 - [fold 1] best test MAP: 0.538 @ epoch 15
00:08:51 - Evaluating every 1 epochs ...
00:08:51 - reading data from /mnt/home/puxuan/CLIR-project/Evaluation_data/process-clef/uncased
00:08:53 - test has 32 queries ...
00:08:53 - Data reading done ...
00:08:54 - adding 9-th encoder to optimizer...
00:08:54 - adding 10-th encoder to optimizer...
00:08:54 - adding 11-th encoder to optimizer...
00:08:55 - process[8]: training epoch 0 ...
00:09:10 - process[8] - epoch 0 - train iter 492 - 28190.4 words/s - loss: 0.4815
00:09:10 - process[8]: training epoch 1 ...
00:09:25 - process[8] - epoch 1 - train iter 492 - 28394.7 words/s - loss: 0.4327
00:09:25 - process[8]: training epoch 2 ...
00:09:41 - process[8] - epoch 2 - train iter 492 - 28050.6 words/s - loss: 0.4008
00:09:41 - process[8]: training epoch 3 ...
00:09:56 - process[8] - epoch 3 - train iter 492 - 28012.1 words/s - loss: 0.3711
00:09:56 - process[8]: training epoch 4 ...
00:10:11 - process[8] - epoch 4 - train iter 492 - 28621.7 words/s - loss: 0.3913
00:10:11 - process[8]: training epoch 5 ...
00:10:26 - process[8] - epoch 5 - train iter 492 - 28391.6 words/s - loss: 0.3804
00:10:26 - process[8]: training epoch 6 ...
00:10:41 - process[8] - epoch 6 - train iter 492 - 28443.7 words/s - loss: 0.3637
00:10:41 - process[8]: training epoch 7 ...
00:10:56 - process[8] - epoch 7 - train iter 492 - 28148.3 words/s - loss: 0.3383
00:10:56 - process[8]: training epoch 8 ...
00:11:11 - process[8] - epoch 8 - train iter 492 - 28439.6 words/s - loss: 0.3228
00:11:11 - process[8]: training epoch 9 ...
00:11:27 - process[8] - epoch 9 - train iter 492 - 28239.1 words/s - loss: 0.3008
00:11:27 - process[8]: training epoch 10 ...
00:11:42 - process[8] - epoch 10 - train iter 492 - 28481.7 words/s - loss: 0.3291
00:11:42 - process[8]: evaluating epoch 10 on dev ...
00:11:58 - dev set during evaluation: 11460/11458
00:11:58 - process[8] - dev - epoch 10 - mAP: 0.548 w/ 31 queries
00:11:58 - process[8]: evaluating epoch 10 on test ...
00:12:13 - process[8] - test - epoch 10 - mAP: 0.597 w/ 32 queries
00:12:13 - process[8]: training epoch 11 ...
00:12:29 - process[8] - epoch 11 - train iter 492 - 27902.5 words/s - loss: 0.3043
00:12:29 - process[8]: evaluating epoch 11 on dev ...
00:12:43 - dev set during evaluation: 11460/11458
00:12:43 - process[8] - dev - epoch 11 - mAP: 0.558 w/ 31 queries
00:12:43 - process[8]: evaluating epoch 11 on test ...
00:12:58 - process[8] - test - epoch 11 - mAP: 0.592 w/ 32 queries
00:12:58 - process[8]: training epoch 12 ...
00:13:13 - process[8] - epoch 12 - train iter 492 - 28411.0 words/s - loss: 0.3299
00:13:13 - process[8]: evaluating epoch 12 on dev ...
00:13:28 - dev set during evaluation: 11460/11458
00:13:28 - process[8] - dev - epoch 12 - mAP: 0.555 w/ 31 queries
00:13:28 - process[8]: training epoch 13 ...
00:13:43 - process[8] - epoch 13 - train iter 492 - 28907.7 words/s - loss: 0.3190
00:13:43 - process[8]: evaluating epoch 13 on dev ...
00:13:57 - dev set during evaluation: 11460/11458
00:13:57 - process[8] - dev - epoch 13 - mAP: 0.567 w/ 31 queries
00:13:57 - process[8]: evaluating epoch 13 on test ...
00:14:12 - process[8] - test - epoch 13 - mAP: 0.579 w/ 32 queries
00:14:12 - process[8]: training epoch 14 ...
00:14:27 - process[8] - epoch 14 - train iter 492 - 28439.4 words/s - loss: 0.2889
00:14:27 - process[8]: evaluating epoch 14 on dev ...
00:14:41 - dev set during evaluation: 11460/11458
00:14:41 - process[8] - dev - epoch 14 - mAP: 0.558 w/ 31 queries
00:14:41 - process[8]: training epoch 15 ...
00:14:56 - process[8] - epoch 15 - train iter 492 - 28492.5 words/s - loss: 0.2926
00:14:56 - process[8]: evaluating epoch 15 on dev ...
00:15:11 - dev set during evaluation: 11460/11458
00:15:11 - process[8] - dev - epoch 15 - mAP: 0.560 w/ 31 queries
00:15:11 - process[8]: training epoch 16 ...
00:15:26 - process[8] - epoch 16 - train iter 492 - 28404.5 words/s - loss: 0.2733
00:15:26 - process[8]: evaluating epoch 16 on dev ...
00:15:40 - dev set during evaluation: 11460/11458
00:15:40 - process[8] - dev - epoch 16 - mAP: 0.553 w/ 31 queries
00:15:40 - process[8]: training epoch 17 ...
00:15:56 - process[8] - epoch 17 - train iter 492 - 28193.7 words/s - loss: 0.3240
00:15:56 - process[8]: evaluating epoch 17 on dev ...
00:16:10 - dev set during evaluation: 11460/11458
00:16:10 - process[8] - dev - epoch 17 - mAP: 0.559 w/ 31 queries
00:16:10 - process[8]: training epoch 18 ...
00:16:25 - process[8] - epoch 18 - train iter 492 - 28248.1 words/s - loss: 0.3120
00:16:25 - process[8]: evaluating epoch 18 on dev ...
00:16:39 - dev set during evaluation: 11460/11458
00:16:39 - process[8] - dev - epoch 18 - mAP: 0.565 w/ 31 queries
00:16:39 - process[8]: training epoch 19 ...
00:16:54 - process[8] - epoch 19 - train iter 492 - 27970.2 words/s - loss: 0.2805
00:16:54 - process[8]: evaluating epoch 19 on dev ...
00:17:08 - dev set during evaluation: 11460/11458
00:17:08 - process[8] - dev - epoch 19 - mAP: 0.553 w/ 31 queries
00:17:08 - [fold 2] best test MAP: 0.579 @ epoch 13
00:17:08 - Evaluating every 1 epochs ...
00:17:08 - reading data from /mnt/home/puxuan/CLIR-project/Evaluation_data/process-clef/uncased
00:17:10 - test has 31 queries ...
00:17:10 - Data reading done ...
00:17:11 - adding 9-th encoder to optimizer...
00:17:11 - adding 10-th encoder to optimizer...
00:17:11 - adding 11-th encoder to optimizer...
00:17:12 - process[8]: training epoch 0 ...
00:17:26 - process[8] - epoch 0 - train iter 476 - 28336.4 words/s - loss: 0.4663
00:17:26 - process[8]: training epoch 1 ...
00:17:41 - process[8] - epoch 1 - train iter 476 - 28700.0 words/s - loss: 0.4645
00:17:41 - process[8]: training epoch 2 ...
00:17:55 - process[8] - epoch 2 - train iter 476 - 28283.4 words/s - loss: 0.3792
00:17:55 - process[8]: training epoch 3 ...
00:18:10 - process[8] - epoch 3 - train iter 476 - 28080.7 words/s - loss: 0.3695
00:18:10 - process[8]: training epoch 4 ...
00:18:25 - process[8] - epoch 4 - train iter 476 - 28270.8 words/s - loss: 0.3463
00:18:25 - process[8]: training epoch 5 ...
00:18:39 - process[8] - epoch 5 - train iter 476 - 28625.7 words/s - loss: 0.4047
00:18:39 - process[8]: training epoch 6 ...
00:18:54 - process[8] - epoch 6 - train iter 476 - 28521.0 words/s - loss: 0.3527
00:18:54 - process[8]: training epoch 7 ...
00:19:09 - process[8] - epoch 7 - train iter 476 - 27995.7 words/s - loss: 0.3289
00:19:09 - process[8]: training epoch 8 ...
00:19:23 - process[8] - epoch 8 - train iter 476 - 28450.9 words/s - loss: 0.3434
00:19:23 - process[8]: training epoch 9 ...
00:19:38 - process[8] - epoch 9 - train iter 476 - 28346.7 words/s - loss: 0.3001
00:19:38 - process[8]: training epoch 10 ...
00:19:52 - process[8] - epoch 10 - train iter 476 - 28334.8 words/s - loss: 0.2990
00:19:52 - process[8]: evaluating epoch 10 on dev ...
00:20:09 - process[8] - dev - epoch 10 - mAP: 0.587 w/ 32 queries
00:20:09 - process[8]: evaluating epoch 10 on test ...
00:20:24 - test set during evaluation: 11550/11545
00:20:24 - process[8] - test - epoch 10 - mAP: 0.577 w/ 31 queries
00:20:24 - process[8]: training epoch 11 ...
00:20:39 - process[8] - epoch 11 - train iter 476 - 28477.4 words/s - loss: 0.3158
00:20:39 - process[8]: evaluating epoch 11 on dev ...
00:20:54 - process[8] - dev - epoch 11 - mAP: 0.585 w/ 32 queries
00:20:54 - process[8]: training epoch 12 ...
00:21:09 - process[8] - epoch 12 - train iter 476 - 28399.2 words/s - loss: 0.2704
00:21:09 - process[8]: evaluating epoch 12 on dev ...
00:21:24 - process[8] - dev - epoch 12 - mAP: 0.572 w/ 32 queries
00:21:24 - process[8]: training epoch 13 ...
00:21:39 - process[8] - epoch 13 - train iter 476 - 28339.8 words/s - loss: 0.3099
00:21:39 - process[8]: evaluating epoch 13 on dev ...
00:21:54 - process[8] - dev - epoch 13 - mAP: 0.567 w/ 32 queries
00:21:54 - process[8]: training epoch 14 ...
00:22:09 - process[8] - epoch 14 - train iter 476 - 27970.5 words/s - loss: 0.2861
00:22:09 - process[8]: evaluating epoch 14 on dev ...
00:22:24 - process[8] - dev - epoch 14 - mAP: 0.577 w/ 32 queries
00:22:24 - process[8]: training epoch 15 ...
00:22:38 - process[8] - epoch 15 - train iter 476 - 28430.7 words/s - loss: 0.2792
00:22:38 - process[8]: evaluating epoch 15 on dev ...
00:22:54 - process[8] - dev - epoch 15 - mAP: 0.586 w/ 32 queries
00:22:54 - process[8]: training epoch 16 ...
00:23:08 - process[8] - epoch 16 - train iter 476 - 28585.6 words/s - loss: 0.2824
00:23:08 - process[8]: evaluating epoch 16 on dev ...
00:23:24 - process[8] - dev - epoch 16 - mAP: 0.599 w/ 32 queries
00:23:24 - process[8]: evaluating epoch 16 on test ...
00:23:38 - test set during evaluation: 11550/11545
00:23:38 - process[8] - test - epoch 16 - mAP: 0.550 w/ 31 queries
00:23:38 - process[8]: training epoch 17 ...
00:23:53 - process[8] - epoch 17 - train iter 476 - 28540.7 words/s - loss: 0.2950
00:23:53 - process[8]: evaluating epoch 17 on dev ...
00:24:08 - process[8] - dev - epoch 17 - mAP: 0.576 w/ 32 queries
00:24:08 - process[8]: training epoch 18 ...
00:24:23 - process[8] - epoch 18 - train iter 476 - 28136.2 words/s - loss: 0.2531
00:24:23 - process[8]: evaluating epoch 18 on dev ...
00:24:38 - process[8] - dev - epoch 18 - mAP: 0.588 w/ 32 queries
00:24:38 - process[8]: training epoch 19 ...
00:24:52 - process[8] - epoch 19 - train iter 476 - 28592.5 words/s - loss: 0.2980
00:24:52 - process[8]: evaluating epoch 19 on dev ...
00:25:07 - process[8] - dev - epoch 19 - mAP: 0.588 w/ 32 queries
00:25:07 - [fold 3] best test MAP: 0.550 @ epoch 16
00:25:07 - Evaluating every 1 epochs ...
00:25:07 - reading data from /mnt/home/puxuan/CLIR-project/Evaluation_data/process-clef/uncased
00:25:09 - test has 31 queries ...
00:25:09 - Data reading done ...
00:25:10 - adding 9-th encoder to optimizer...
00:25:10 - adding 10-th encoder to optimizer...
00:25:10 - adding 11-th encoder to optimizer...
00:25:11 - process[8]: training epoch 0 ...
00:25:24 - process[8] - epoch 0 - train iter 432 - 28641.1 words/s - loss: 0.5196
00:25:24 - process[8]: training epoch 1 ...
00:25:37 - process[8] - epoch 1 - train iter 432 - 28358.5 words/s - loss: 0.4674
00:25:37 - process[8]: training epoch 2 ...
00:25:50 - process[8] - epoch 2 - train iter 432 - 28530.4 words/s - loss: 0.4041
00:25:50 - process[8]: training epoch 3 ...
00:26:04 - process[8] - epoch 3 - train iter 432 - 28501.7 words/s - loss: 0.4584
00:26:04 - process[8]: training epoch 4 ...
00:26:17 - process[8] - epoch 4 - train iter 432 - 28894.4 words/s - loss: 0.3893
00:26:17 - process[8]: training epoch 5 ...
00:26:30 - process[8] - epoch 5 - train iter 432 - 28315.4 words/s - loss: 0.4081
00:26:30 - process[8]: training epoch 6 ...
00:26:44 - process[8] - epoch 6 - train iter 432 - 28689.9 words/s - loss: 0.3792
00:26:44 - process[8]: training epoch 7 ...
00:26:57 - process[8] - epoch 7 - train iter 432 - 28503.6 words/s - loss: 0.3739
00:26:57 - process[8]: training epoch 8 ...
00:27:10 - process[8] - epoch 8 - train iter 432 - 28409.6 words/s - loss: 0.2979
00:27:10 - process[8]: training epoch 9 ...
00:27:23 - process[8] - epoch 9 - train iter 432 - 28782.1 words/s - loss: 0.3388
00:27:23 - process[8]: training epoch 10 ...
00:27:37 - process[8] - epoch 10 - train iter 432 - 28215.8 words/s - loss: 0.3031
00:27:37 - process[8]: evaluating epoch 10 on dev ...
00:27:55 - dev set during evaluation: 11550/11545
00:27:55 - process[8] - dev - epoch 10 - mAP: 0.571 w/ 31 queries
00:27:55 - process[8]: evaluating epoch 10 on test ...
00:28:09 - test set during evaluation: 11320/11315
00:28:09 - process[8] - test - epoch 10 - mAP: 0.608 w/ 31 queries
00:28:09 - process[8]: training epoch 11 ...
00:28:22 - process[8] - epoch 11 - train iter 432 - 28537.7 words/s - loss: 0.3199
00:28:22 - process[8]: evaluating epoch 11 on dev ...
00:28:37 - dev set during evaluation: 11550/11545
00:28:37 - process[8] - dev - epoch 11 - mAP: 0.585 w/ 31 queries
00:28:37 - process[8]: evaluating epoch 11 on test ...
00:28:52 - test set during evaluation: 11320/11315
00:28:52 - process[8] - test - epoch 11 - mAP: 0.617 w/ 31 queries
00:28:52 - process[8]: training epoch 12 ...
00:29:05 - process[8] - epoch 12 - train iter 432 - 28647.0 words/s - loss: 0.3030
00:29:05 - process[8]: evaluating epoch 12 on dev ...
00:29:20 - dev set during evaluation: 11550/11545
00:29:20 - process[8] - dev - epoch 12 - mAP: 0.572 w/ 31 queries
00:29:20 - process[8]: training epoch 13 ...
00:29:33 - process[8] - epoch 13 - train iter 432 - 28391.1 words/s - loss: 0.2978
00:29:33 - process[8]: evaluating epoch 13 on dev ...
00:29:48 - dev set during evaluation: 11550/11545
00:29:48 - process[8] - dev - epoch 13 - mAP: 0.569 w/ 31 queries
00:29:48 - process[8]: training epoch 14 ...
00:30:01 - process[8] - epoch 14 - train iter 432 - 28624.6 words/s - loss: 0.2962
00:30:01 - process[8]: evaluating epoch 14 on dev ...
00:30:16 - dev set during evaluation: 11550/11545
00:30:16 - process[8] - dev - epoch 14 - mAP: 0.579 w/ 31 queries
00:30:16 - process[8]: training epoch 15 ...
00:30:30 - process[8] - epoch 15 - train iter 432 - 28890.7 words/s - loss: 0.3104
00:30:30 - process[8]: evaluating epoch 15 on dev ...
00:30:45 - dev set during evaluation: 11550/11545
00:30:45 - process[8] - dev - epoch 15 - mAP: 0.578 w/ 31 queries
00:30:45 - process[8]: training epoch 16 ...
00:30:58 - process[8] - epoch 16 - train iter 432 - 28933.9 words/s - loss: 0.2672
00:30:58 - process[8]: evaluating epoch 16 on dev ...
00:31:13 - dev set during evaluation: 11550/11545
00:31:13 - process[8] - dev - epoch 16 - mAP: 0.579 w/ 31 queries
00:31:13 - process[8]: training epoch 17 ...
00:31:26 - process[8] - epoch 17 - train iter 432 - 28560.1 words/s - loss: 0.2808
00:31:26 - process[8]: evaluating epoch 17 on dev ...
00:31:41 - dev set during evaluation: 11550/11545
00:31:41 - process[8] - dev - epoch 17 - mAP: 0.572 w/ 31 queries
00:31:41 - process[8]: training epoch 18 ...
00:31:54 - process[8] - epoch 18 - train iter 432 - 28350.2 words/s - loss: 0.2509
00:31:54 - process[8]: evaluating epoch 18 on dev ...
00:32:09 - dev set during evaluation: 11550/11545
00:32:09 - process[8] - dev - epoch 18 - mAP: 0.571 w/ 31 queries
00:32:09 - process[8]: training epoch 19 ...
00:32:22 - process[8] - epoch 19 - train iter 432 - 29011.6 words/s - loss: 0.2835
00:32:22 - process[8]: evaluating epoch 19 on dev ...
00:32:37 - dev set during evaluation: 11550/11545
00:32:37 - process[8] - dev - epoch 19 - mAP: 0.577 w/ 31 queries
00:32:37 - [fold 4] best test MAP: 0.617 @ epoch 11
00:32:37 - Evaluating every 1 epochs ...
00:32:37 - reading data from /mnt/home/puxuan/CLIR-project/Evaluation_data/process-clef/uncased
00:32:38 - test has 31 queries ...
00:32:38 - Data reading done ...
00:32:40 - adding 9-th encoder to optimizer...
00:32:40 - adding 10-th encoder to optimizer...
00:32:40 - adding 11-th encoder to optimizer...
00:32:41 - process[8]: training epoch 0 ...
00:32:55 - process[8] - epoch 0 - train iter 437 - 27834.8 words/s - loss: 0.5302
00:32:55 - process[8]: training epoch 1 ...
00:33:08 - process[8] - epoch 1 - train iter 437 - 28388.3 words/s - loss: 0.4465
00:33:08 - process[8]: training epoch 2 ...
00:33:22 - process[8] - epoch 2 - train iter 437 - 27915.7 words/s - loss: 0.3968
00:33:22 - process[8]: training epoch 3 ...
00:33:35 - process[8] - epoch 3 - train iter 437 - 28459.4 words/s - loss: 0.3845
00:33:35 - process[8]: training epoch 4 ...
00:33:49 - process[8] - epoch 4 - train iter 437 - 28363.7 words/s - loss: 0.3574
00:33:49 - process[8]: training epoch 5 ...
00:34:03 - process[8] - epoch 5 - train iter 437 - 28217.6 words/s - loss: 0.3559
00:34:03 - process[8]: training epoch 6 ...
00:34:16 - process[8] - epoch 6 - train iter 437 - 28126.5 words/s - loss: 0.3509
00:34:16 - process[8]: training epoch 7 ...
00:34:30 - process[8] - epoch 7 - train iter 437 - 27976.4 words/s - loss: 0.3223
00:34:30 - process[8]: training epoch 8 ...
00:34:44 - process[8] - epoch 8 - train iter 437 - 28688.6 words/s - loss: 0.3429
00:34:44 - process[8]: training epoch 9 ...
00:34:57 - process[8] - epoch 9 - train iter 437 - 28195.8 words/s - loss: 0.3577
00:34:57 - process[8]: training epoch 10 ...
00:35:11 - process[8] - epoch 10 - train iter 437 - 28637.0 words/s - loss: 0.3279
00:35:11 - process[8]: evaluating epoch 10 on dev ...
00:35:27 - dev set during evaluation: 11320/11315
00:35:27 - process[8] - dev - epoch 10 - mAP: 0.610 w/ 31 queries
00:35:27 - process[8]: evaluating epoch 10 on test ...
00:35:41 - process[8] - test - epoch 10 - mAP: 0.493 w/ 31 queries
00:35:41 - process[8]: training epoch 11 ...
00:35:55 - process[8] - epoch 11 - train iter 437 - 28648.0 words/s - loss: 0.3160
00:35:55 - process[8]: evaluating epoch 11 on dev ...
00:36:10 - dev set during evaluation: 11320/11315
00:36:10 - process[8] - dev - epoch 11 - mAP: 0.605 w/ 31 queries
00:36:10 - process[8]: training epoch 12 ...
00:36:23 - process[8] - epoch 12 - train iter 437 - 28558.0 words/s - loss: 0.3394
00:36:23 - process[8]: evaluating epoch 12 on dev ...
00:36:38 - dev set during evaluation: 11320/11315
00:36:38 - process[8] - dev - epoch 12 - mAP: 0.601 w/ 31 queries
00:36:38 - process[8]: training epoch 13 ...
00:36:51 - process[8] - epoch 13 - train iter 437 - 28211.5 words/s - loss: 0.2789
00:36:51 - process[8]: evaluating epoch 13 on dev ...
00:37:05 - dev set during evaluation: 11320/11315
00:37:06 - process[8] - dev - epoch 13 - mAP: 0.607 w/ 31 queries
00:37:06 - process[8]: training epoch 14 ...
00:37:19 - process[8] - epoch 14 - train iter 437 - 28171.0 words/s - loss: 0.2733
00:37:19 - process[8]: evaluating epoch 14 on dev ...
00:37:34 - dev set during evaluation: 11320/11315
00:37:34 - process[8] - dev - epoch 14 - mAP: 0.597 w/ 31 queries
00:37:34 - process[8]: training epoch 15 ...
00:37:47 - process[8] - epoch 15 - train iter 437 - 28167.0 words/s - loss: 0.2792
00:37:47 - process[8]: evaluating epoch 15 on dev ...
00:38:02 - dev set during evaluation: 11320/11315
00:38:02 - process[8] - dev - epoch 15 - mAP: 0.609 w/ 31 queries
00:38:02 - process[8]: training epoch 16 ...
00:38:15 - process[8] - epoch 16 - train iter 437 - 28349.6 words/s - loss: 0.2975
00:38:15 - process[8]: evaluating epoch 16 on dev ...
00:38:30 - dev set during evaluation: 11320/11315
00:38:30 - process[8] - dev - epoch 16 - mAP: 0.609 w/ 31 queries
00:38:30 - process[8]: training epoch 17 ...
00:38:44 - process[8] - epoch 17 - train iter 437 - 28271.9 words/s - loss: 0.2636
00:38:44 - process[8]: evaluating epoch 17 on dev ...
00:38:58 - dev set during evaluation: 11320/11315
00:38:58 - process[8] - dev - epoch 17 - mAP: 0.611 w/ 31 queries
00:38:58 - process[8]: evaluating epoch 17 on test ...
00:39:12 - process[8] - test - epoch 17 - mAP: 0.510 w/ 31 queries
00:39:12 - process[8]: training epoch 18 ...
00:39:26 - process[8] - epoch 18 - train iter 437 - 28202.3 words/s - loss: 0.3003
00:39:26 - process[8]: evaluating epoch 18 on dev ...
00:39:40 - dev set during evaluation: 11320/11315
00:39:40 - process[8] - dev - epoch 18 - mAP: 0.593 w/ 31 queries
00:39:40 - process[8]: training epoch 19 ...
00:39:54 - process[8] - epoch 19 - train iter 437 - 28572.8 words/s - loss: 0.3119
00:39:54 - process[8]: evaluating epoch 19 on dev ...
00:40:08 - dev set during evaluation: 11320/11315
00:40:08 - process[8] - dev - epoch 19 - mAP: 0.600 w/ 31 queries
00:40:08 - [fold 5] best test MAP: 0.510 @ epoch 17
00:40:08 - [0.537644998088115, 0.5794809940973678, 0.5501843550154698, 0.6168878527117555, 0.5095002206782691]
00:40:08 - [31, 32, 31, 31, 31]
00:40:08 - final MAP: 0.559
