00:00:07 - Namespace(apex_level='O2', batch_size=8, cased=False, dataset='clef', debug=False, encoder_lr=2e-05, eval_step=1, full_doc_length=True, local_rank=6, model_path='/mnt/scratch/puxuan/short_qlm_0.15/2186792/huggingface-4', model_type='mbert', num_epochs=20, num_ft_encoders=3, num_neg=1, projector_lr=2e-05, seed=611, source_lang='es', target_lang='de')
00:00:22 - Evaluating every 1 epochs ...
00:00:22 - reading data from /mnt/home/puxuan/CLIR-project/Evaluation_data/process-clef/uncased
00:00:23 - test has 38 queries ...
00:00:23 - Data reading done ...
00:00:30 - adding 9-th encoder to optimizer...
00:00:30 - adding 10-th encoder to optimizer...
00:00:30 - adding 11-th encoder to optimizer...
00:00:30 - process[6]: training epoch 0 ...
00:00:48 - process[6] - epoch 0 - train iter 423 - 19313.2 words/s - loss: 0.6564
00:00:48 - process[6]: training epoch 1 ...
00:01:03 - process[6] - epoch 1 - train iter 423 - 21188.4 words/s - loss: 0.5875
00:01:03 - process[6]: training epoch 2 ...
00:01:20 - process[6] - epoch 2 - train iter 423 - 20277.9 words/s - loss: 0.5371
00:01:20 - process[6]: training epoch 3 ...
00:01:37 - process[6] - epoch 3 - train iter 423 - 19660.1 words/s - loss: 0.5342
00:01:37 - process[6]: training epoch 4 ...
00:01:53 - process[6] - epoch 4 - train iter 423 - 20254.5 words/s - loss: 0.5270
00:01:53 - process[6]: training epoch 5 ...
00:02:09 - process[6] - epoch 5 - train iter 423 - 21266.8 words/s - loss: 0.5078
00:02:09 - process[6]: training epoch 6 ...
00:02:26 - process[6] - epoch 6 - train iter 423 - 19837.5 words/s - loss: 0.4935
00:02:26 - process[6]: training epoch 7 ...
00:02:42 - process[6] - epoch 7 - train iter 423 - 20755.5 words/s - loss: 0.4634
00:02:42 - process[6]: training epoch 8 ...
00:02:58 - process[6] - epoch 8 - train iter 423 - 20796.7 words/s - loss: 0.4525
00:02:58 - process[6]: training epoch 9 ...
00:03:14 - process[6] - epoch 9 - train iter 423 - 21652.9 words/s - loss: 0.4892
00:03:14 - process[6]: training epoch 10 ...
00:03:31 - process[6] - epoch 10 - train iter 423 - 20047.2 words/s - loss: 0.5018
00:03:31 - process[6]: evaluating epoch 10 on dev ...
00:04:01 - dev set during evaluation: 13890/13887
00:04:01 - process[6] - dev - epoch 10 - mAP: 0.449 w/ 38 queries
00:04:01 - process[6]: evaluating epoch 10 on test ...
00:04:31 - test set during evaluation: 15580/15574
00:04:31 - process[6] - test - epoch 10 - mAP: 0.377 w/ 38 queries
00:04:31 - process[6]: training epoch 11 ...
00:04:46 - process[6] - epoch 11 - train iter 423 - 21617.7 words/s - loss: 0.4811
00:04:46 - process[6]: evaluating epoch 11 on dev ...
00:05:16 - dev set during evaluation: 13890/13887
00:05:16 - process[6] - dev - epoch 11 - mAP: 0.446 w/ 38 queries
00:05:16 - process[6]: training epoch 12 ...
00:05:33 - process[6] - epoch 12 - train iter 423 - 20057.6 words/s - loss: 0.4627
00:05:33 - process[6]: evaluating epoch 12 on dev ...
00:06:01 - dev set during evaluation: 13890/13887
00:06:01 - process[6] - dev - epoch 12 - mAP: 0.440 w/ 38 queries
00:06:01 - process[6]: training epoch 13 ...
00:06:18 - process[6] - epoch 13 - train iter 423 - 19646.5 words/s - loss: 0.4487
00:06:18 - process[6]: evaluating epoch 13 on dev ...
00:06:46 - dev set during evaluation: 13890/13887
00:06:46 - process[6] - dev - epoch 13 - mAP: 0.444 w/ 38 queries
00:06:47 - process[6]: training epoch 14 ...
00:07:03 - process[6] - epoch 14 - train iter 423 - 20244.9 words/s - loss: 0.4432
00:07:03 - process[6]: evaluating epoch 14 on dev ...
00:07:32 - dev set during evaluation: 13890/13887
00:07:32 - process[6] - dev - epoch 14 - mAP: 0.443 w/ 38 queries
00:07:32 - process[6]: training epoch 15 ...
00:07:49 - process[6] - epoch 15 - train iter 423 - 19294.0 words/s - loss: 0.3991
00:07:49 - process[6]: evaluating epoch 15 on dev ...
00:08:18 - dev set during evaluation: 13890/13887
00:08:18 - process[6] - dev - epoch 15 - mAP: 0.447 w/ 38 queries
00:08:18 - process[6]: training epoch 16 ...
00:08:33 - process[6] - epoch 16 - train iter 423 - 21589.1 words/s - loss: 0.4337
00:08:33 - process[6]: evaluating epoch 16 on dev ...
00:09:02 - dev set during evaluation: 13890/13887
00:09:02 - process[6] - dev - epoch 16 - mAP: 0.429 w/ 38 queries
00:09:02 - process[6]: training epoch 17 ...
00:09:18 - process[6] - epoch 17 - train iter 423 - 21624.0 words/s - loss: 0.3765
00:09:18 - process[6]: evaluating epoch 17 on dev ...
00:09:48 - dev set during evaluation: 13890/13887
00:09:48 - process[6] - dev - epoch 17 - mAP: 0.422 w/ 38 queries
00:09:48 - process[6]: training epoch 18 ...
00:10:03 - process[6] - epoch 18 - train iter 423 - 22384.2 words/s - loss: 0.4536
00:10:03 - process[6]: evaluating epoch 18 on dev ...
00:10:33 - dev set during evaluation: 13890/13887
00:10:33 - process[6] - dev - epoch 18 - mAP: 0.448 w/ 38 queries
00:10:33 - process[6]: training epoch 19 ...
00:10:49 - process[6] - epoch 19 - train iter 423 - 20521.7 words/s - loss: 0.4249
00:10:49 - process[6]: evaluating epoch 19 on dev ...
00:11:18 - dev set during evaluation: 13890/13887
00:11:18 - process[6] - dev - epoch 19 - mAP: 0.454 w/ 38 queries
00:11:18 - process[6]: evaluating epoch 19 on test ...
00:11:48 - test set during evaluation: 15580/15574
00:11:48 - process[6] - test - epoch 19 - mAP: 0.363 w/ 38 queries
00:11:48 - [fold 1] best test MAP: 0.363 @ epoch 19
00:11:48 - Evaluating every 1 epochs ...
00:11:48 - reading data from /mnt/home/puxuan/CLIR-project/Evaluation_data/process-clef/uncased
00:11:49 - test has 39 queries ...
00:11:49 - Data reading done ...
00:11:51 - adding 9-th encoder to optimizer...
00:11:51 - adding 10-th encoder to optimizer...
00:11:51 - adding 11-th encoder to optimizer...
00:11:51 - process[6]: training epoch 0 ...
00:12:10 - process[6] - epoch 0 - train iter 386 - 16316.4 words/s - loss: 0.6654
00:12:10 - process[6]: training epoch 1 ...
00:12:28 - process[6] - epoch 1 - train iter 386 - 16813.8 words/s - loss: 0.5634
00:12:28 - process[6]: training epoch 2 ...
00:12:44 - process[6] - epoch 2 - train iter 386 - 19572.0 words/s - loss: 0.5604
00:12:44 - process[6]: training epoch 3 ...
00:13:04 - process[6] - epoch 3 - train iter 386 - 15293.2 words/s - loss: 0.4646
00:13:04 - process[6]: training epoch 4 ...
00:13:20 - process[6] - epoch 4 - train iter 386 - 18277.1 words/s - loss: 0.5332
00:13:20 - process[6]: training epoch 5 ...
00:13:38 - process[6] - epoch 5 - train iter 386 - 17271.8 words/s - loss: 0.4888
00:13:38 - process[6]: training epoch 6 ...
00:13:56 - process[6] - epoch 6 - train iter 386 - 16612.7 words/s - loss: 0.5099
00:13:56 - process[6]: training epoch 7 ...
00:14:14 - process[6] - epoch 7 - train iter 386 - 17043.9 words/s - loss: 0.4543
00:14:14 - process[6]: training epoch 8 ...
00:14:33 - process[6] - epoch 8 - train iter 386 - 15653.2 words/s - loss: 0.4477
00:14:33 - process[6]: training epoch 9 ...
00:14:51 - process[6] - epoch 9 - train iter 386 - 17207.2 words/s - loss: 0.4860
00:14:51 - process[6]: training epoch 10 ...
00:15:09 - process[6] - epoch 10 - train iter 386 - 16721.9 words/s - loss: 0.5042
00:15:09 - process[6]: evaluating epoch 10 on dev ...
00:15:47 - dev set during evaluation: 15580/15574
00:15:47 - process[6] - dev - epoch 10 - mAP: 0.370 w/ 38 queries
00:15:47 - process[6]: evaluating epoch 10 on test ...
00:16:20 - test set during evaluation: 14340/14338
00:16:20 - process[6] - test - epoch 10 - mAP: 0.446 w/ 39 queries
00:16:20 - process[6]: training epoch 11 ...
00:16:37 - process[6] - epoch 11 - train iter 386 - 18004.8 words/s - loss: 0.4497
00:16:37 - process[6]: evaluating epoch 11 on dev ...
00:17:15 - dev set during evaluation: 15580/15574
00:17:15 - process[6] - dev - epoch 11 - mAP: 0.345 w/ 38 queries
00:17:15 - process[6]: training epoch 12 ...
00:17:34 - process[6] - epoch 12 - train iter 386 - 16134.9 words/s - loss: 0.4547
00:17:34 - process[6]: evaluating epoch 12 on dev ...
00:18:08 - dev set during evaluation: 15580/15574
00:18:08 - process[6] - dev - epoch 12 - mAP: 0.357 w/ 38 queries
00:18:08 - process[6]: training epoch 13 ...
00:18:25 - process[6] - epoch 13 - train iter 386 - 17846.1 words/s - loss: 0.4310
00:18:25 - process[6]: evaluating epoch 13 on dev ...
00:19:03 - dev set during evaluation: 15580/15574
00:19:03 - process[6] - dev - epoch 13 - mAP: 0.365 w/ 38 queries
00:19:03 - process[6]: training epoch 14 ...
00:19:22 - process[6] - epoch 14 - train iter 386 - 15325.7 words/s - loss: 0.4512
00:19:22 - process[6]: evaluating epoch 14 on dev ...
00:19:57 - dev set during evaluation: 15580/15574
00:19:57 - process[6] - dev - epoch 14 - mAP: 0.363 w/ 38 queries
00:19:57 - process[6]: training epoch 15 ...
00:20:16 - process[6] - epoch 15 - train iter 386 - 16400.3 words/s - loss: 0.4363
00:20:16 - process[6]: evaluating epoch 15 on dev ...
00:20:51 - dev set during evaluation: 15580/15574
00:20:51 - process[6] - dev - epoch 15 - mAP: 0.374 w/ 38 queries
00:20:51 - process[6]: evaluating epoch 15 on test ...
00:21:23 - test set during evaluation: 14340/14338
00:21:23 - process[6] - test - epoch 15 - mAP: 0.456 w/ 39 queries
00:21:23 - process[6]: training epoch 16 ...
00:21:41 - process[6] - epoch 16 - train iter 386 - 16982.2 words/s - loss: 0.3993
00:21:41 - process[6]: evaluating epoch 16 on dev ...
00:22:18 - dev set during evaluation: 15580/15574
00:22:18 - process[6] - dev - epoch 16 - mAP: 0.367 w/ 38 queries
00:22:18 - process[6]: training epoch 17 ...
00:22:36 - process[6] - epoch 17 - train iter 386 - 17167.5 words/s - loss: 0.4096
00:22:36 - process[6]: evaluating epoch 17 on dev ...
00:23:12 - dev set during evaluation: 15580/15574
00:23:12 - process[6] - dev - epoch 17 - mAP: 0.363 w/ 38 queries
00:23:12 - process[6]: training epoch 18 ...
00:23:30 - process[6] - epoch 18 - train iter 386 - 17046.6 words/s - loss: 0.4020
00:23:30 - process[6]: evaluating epoch 18 on dev ...
00:24:07 - dev set during evaluation: 15580/15574
00:24:07 - process[6] - dev - epoch 18 - mAP: 0.363 w/ 38 queries
00:24:07 - process[6]: training epoch 19 ...
00:24:24 - process[6] - epoch 19 - train iter 386 - 17323.8 words/s - loss: 0.3489
00:24:24 - process[6]: evaluating epoch 19 on dev ...
00:25:00 - dev set during evaluation: 15580/15574
00:25:00 - process[6] - dev - epoch 19 - mAP: 0.377 w/ 38 queries
00:25:00 - process[6]: evaluating epoch 19 on test ...
00:25:33 - test set during evaluation: 14340/14338
00:25:33 - process[6] - test - epoch 19 - mAP: 0.452 w/ 39 queries
00:25:33 - [fold 2] best test MAP: 0.452 @ epoch 19
00:25:33 - Evaluating every 1 epochs ...
00:25:33 - reading data from /mnt/home/puxuan/CLIR-project/Evaluation_data/process-clef/uncased
00:25:34 - test has 39 queries ...
00:25:34 - Data reading done ...
00:25:36 - adding 9-th encoder to optimizer...
00:25:36 - adding 10-th encoder to optimizer...
00:25:36 - adding 11-th encoder to optimizer...
00:25:36 - process[6]: training epoch 0 ...
00:25:53 - process[6] - epoch 0 - train iter 360 - 16518.1 words/s - loss: 0.6641
00:25:53 - process[6]: training epoch 1 ...
00:26:11 - process[6] - epoch 1 - train iter 360 - 16001.2 words/s - loss: 0.5812
00:26:11 - process[6]: training epoch 2 ...
00:26:28 - process[6] - epoch 2 - train iter 360 - 16144.2 words/s - loss: 0.6048
00:26:28 - process[6]: training epoch 3 ...
00:26:45 - process[6] - epoch 3 - train iter 360 - 17039.9 words/s - loss: 0.5216
00:26:45 - process[6]: training epoch 4 ...
00:27:03 - process[6] - epoch 4 - train iter 360 - 15877.7 words/s - loss: 0.5417
00:27:03 - process[6]: training epoch 5 ...
00:27:21 - process[6] - epoch 5 - train iter 360 - 16065.3 words/s - loss: 0.5414
00:27:21 - process[6]: training epoch 6 ...
00:27:39 - process[6] - epoch 6 - train iter 360 - 15829.5 words/s - loss: 0.5254
00:27:39 - process[6]: training epoch 7 ...
00:27:57 - process[6] - epoch 7 - train iter 360 - 15049.0 words/s - loss: 0.4820
00:27:57 - process[6]: training epoch 8 ...
00:28:15 - process[6] - epoch 8 - train iter 360 - 15713.9 words/s - loss: 0.4732
00:28:15 - process[6]: training epoch 9 ...
00:28:32 - process[6] - epoch 9 - train iter 360 - 17249.7 words/s - loss: 0.4729
00:28:32 - process[6]: training epoch 10 ...
00:28:49 - process[6] - epoch 10 - train iter 360 - 16720.6 words/s - loss: 0.4853
00:28:49 - process[6]: evaluating epoch 10 on dev ...
00:29:26 - dev set during evaluation: 14340/14338
00:29:26 - process[6] - dev - epoch 10 - mAP: 0.428 w/ 39 queries
00:29:26 - process[6]: evaluating epoch 10 on test ...
00:29:55 - test set during evaluation: 11710/11707
00:29:55 - process[6] - test - epoch 10 - mAP: 0.486 w/ 39 queries
00:29:55 - process[6]: training epoch 11 ...
00:30:12 - process[6] - epoch 11 - train iter 360 - 17542.0 words/s - loss: 0.5170
00:30:12 - process[6]: evaluating epoch 11 on dev ...
00:30:46 - dev set during evaluation: 14340/14338
00:30:46 - process[6] - dev - epoch 11 - mAP: 0.438 w/ 39 queries
00:30:46 - process[6]: evaluating epoch 11 on test ...
00:31:15 - test set during evaluation: 11710/11707
00:31:15 - process[6] - test - epoch 11 - mAP: 0.483 w/ 39 queries
00:31:15 - process[6]: training epoch 12 ...
00:31:31 - process[6] - epoch 12 - train iter 360 - 17952.5 words/s - loss: 0.4264
00:31:31 - process[6]: evaluating epoch 12 on dev ...
00:32:05 - dev set during evaluation: 14340/14338
00:32:05 - process[6] - dev - epoch 12 - mAP: 0.446 w/ 39 queries
00:32:05 - process[6]: evaluating epoch 12 on test ...
00:32:34 - test set during evaluation: 11710/11707
00:32:34 - process[6] - test - epoch 12 - mAP: 0.494 w/ 39 queries
00:32:34 - process[6]: training epoch 13 ...
00:32:51 - process[6] - epoch 13 - train iter 360 - 15932.4 words/s - loss: 0.4142
00:32:51 - process[6]: evaluating epoch 13 on dev ...
00:33:23 - dev set during evaluation: 14340/14338
00:33:23 - process[6] - dev - epoch 13 - mAP: 0.450 w/ 39 queries
00:33:23 - process[6]: evaluating epoch 13 on test ...
00:33:52 - test set during evaluation: 11710/11707
00:33:52 - process[6] - test - epoch 13 - mAP: 0.492 w/ 39 queries
00:33:52 - process[6]: training epoch 14 ...
00:34:09 - process[6] - epoch 14 - train iter 360 - 17637.9 words/s - loss: 0.4219
00:34:09 - process[6]: evaluating epoch 14 on dev ...
00:34:43 - dev set during evaluation: 14340/14338
00:34:43 - process[6] - dev - epoch 14 - mAP: 0.456 w/ 39 queries
00:34:43 - process[6]: evaluating epoch 14 on test ...
00:35:12 - test set during evaluation: 11710/11707
00:35:12 - process[6] - test - epoch 14 - mAP: 0.496 w/ 39 queries
00:35:12 - process[6]: training epoch 15 ...
00:35:28 - process[6] - epoch 15 - train iter 360 - 17935.8 words/s - loss: 0.4391
00:35:28 - process[6]: evaluating epoch 15 on dev ...
00:36:02 - dev set during evaluation: 14340/14338
00:36:02 - process[6] - dev - epoch 15 - mAP: 0.457 w/ 39 queries
00:36:02 - process[6]: evaluating epoch 15 on test ...
00:36:31 - test set during evaluation: 11710/11707
00:36:31 - process[6] - test - epoch 15 - mAP: 0.479 w/ 39 queries
00:36:31 - process[6]: training epoch 16 ...
00:36:47 - process[6] - epoch 16 - train iter 360 - 17684.9 words/s - loss: 0.4132
00:36:47 - process[6]: evaluating epoch 16 on dev ...
00:37:22 - dev set during evaluation: 14340/14338
00:37:22 - process[6] - dev - epoch 16 - mAP: 0.425 w/ 39 queries
00:37:22 - process[6]: training epoch 17 ...
00:37:40 - process[6] - epoch 17 - train iter 360 - 15706.3 words/s - loss: 0.4021
00:37:40 - process[6]: evaluating epoch 17 on dev ...
00:38:13 - dev set during evaluation: 14340/14338
00:38:13 - process[6] - dev - epoch 17 - mAP: 0.437 w/ 39 queries
00:38:13 - process[6]: training epoch 18 ...
00:38:29 - process[6] - epoch 18 - train iter 360 - 18075.7 words/s - loss: 0.4337
00:38:29 - process[6]: evaluating epoch 18 on dev ...
00:39:05 - dev set during evaluation: 14340/14338
00:39:05 - process[6] - dev - epoch 18 - mAP: 0.450 w/ 39 queries
00:39:05 - process[6]: training epoch 19 ...
00:39:23 - process[6] - epoch 19 - train iter 360 - 15912.0 words/s - loss: 0.4084
00:39:23 - process[6]: evaluating epoch 19 on dev ...
00:39:56 - dev set during evaluation: 14340/14338
00:39:56 - process[6] - dev - epoch 19 - mAP: 0.448 w/ 39 queries
00:39:56 - [fold 3] best test MAP: 0.479 @ epoch 15
00:39:56 - Evaluating every 1 epochs ...
00:39:56 - reading data from /mnt/home/puxuan/CLIR-project/Evaluation_data/process-clef/uncased
00:39:57 - test has 38 queries ...
00:39:57 - Data reading done ...
00:39:59 - adding 9-th encoder to optimizer...
00:39:59 - adding 10-th encoder to optimizer...
00:39:59 - adding 11-th encoder to optimizer...
00:39:59 - process[6]: training epoch 0 ...
00:40:19 - process[6] - epoch 0 - train iter 404 - 15886.0 words/s - loss: 0.6591
00:40:19 - process[6]: training epoch 1 ...
00:40:38 - process[6] - epoch 1 - train iter 404 - 17816.6 words/s - loss: 0.5872
00:40:38 - process[6]: training epoch 2 ...
00:40:55 - process[6] - epoch 2 - train iter 404 - 18912.4 words/s - loss: 0.5696
00:40:55 - process[6]: training epoch 3 ...
00:41:11 - process[6] - epoch 3 - train iter 404 - 20167.4 words/s - loss: 0.5692
00:41:11 - process[6]: training epoch 4 ...
00:41:28 - process[6] - epoch 4 - train iter 404 - 17884.6 words/s - loss: 0.5281
00:41:28 - process[6]: training epoch 5 ...
00:41:47 - process[6] - epoch 5 - train iter 404 - 17355.7 words/s - loss: 0.5349
00:41:47 - process[6]: training epoch 6 ...
00:42:05 - process[6] - epoch 6 - train iter 404 - 17867.1 words/s - loss: 0.5037
00:42:05 - process[6]: training epoch 7 ...
00:42:23 - process[6] - epoch 7 - train iter 404 - 17876.9 words/s - loss: 0.5275
00:42:23 - process[6]: training epoch 8 ...
00:42:39 - process[6] - epoch 8 - train iter 404 - 19788.2 words/s - loss: 0.5051
00:42:39 - process[6]: training epoch 9 ...
00:42:57 - process[6] - epoch 9 - train iter 404 - 17894.4 words/s - loss: 0.4760
00:42:57 - process[6]: training epoch 10 ...
00:43:14 - process[6] - epoch 10 - train iter 404 - 19069.3 words/s - loss: 0.4508
00:43:14 - process[6]: evaluating epoch 10 on dev ...
00:43:45 - dev set during evaluation: 11710/11707
00:43:45 - process[6] - dev - epoch 10 - mAP: 0.457 w/ 39 queries
00:43:45 - process[6]: evaluating epoch 10 on test ...
00:44:12 - test set during evaluation: 13490/13483
00:44:12 - process[6] - test - epoch 10 - mAP: 0.411 w/ 38 queries
00:44:12 - process[6]: training epoch 11 ...
00:44:29 - process[6] - epoch 11 - train iter 404 - 18124.3 words/s - loss: 0.4953
00:44:29 - process[6]: evaluating epoch 11 on dev ...
00:44:58 - dev set during evaluation: 11710/11707
00:44:58 - process[6] - dev - epoch 11 - mAP: 0.452 w/ 39 queries
00:44:58 - process[6]: training epoch 12 ...
00:45:16 - process[6] - epoch 12 - train iter 404 - 18456.5 words/s - loss: 0.4458
00:45:16 - process[6]: evaluating epoch 12 on dev ...
00:45:44 - dev set during evaluation: 11710/11707
00:45:44 - process[6] - dev - epoch 12 - mAP: 0.458 w/ 39 queries
00:45:44 - process[6]: evaluating epoch 12 on test ...
00:46:11 - test set during evaluation: 13490/13483
00:46:11 - process[6] - test - epoch 12 - mAP: 0.406 w/ 38 queries
00:46:11 - process[6]: training epoch 13 ...
00:46:28 - process[6] - epoch 13 - train iter 404 - 18464.9 words/s - loss: 0.4722
00:46:28 - process[6]: evaluating epoch 13 on dev ...
00:46:57 - dev set during evaluation: 11710/11707
00:46:57 - process[6] - dev - epoch 13 - mAP: 0.485 w/ 39 queries
00:46:57 - process[6]: evaluating epoch 13 on test ...
00:47:24 - test set during evaluation: 13490/13483
00:47:24 - process[6] - test - epoch 13 - mAP: 0.439 w/ 38 queries
00:47:24 - process[6]: training epoch 14 ...
00:47:42 - process[6] - epoch 14 - train iter 404 - 17657.3 words/s - loss: 0.4466
00:47:42 - process[6]: evaluating epoch 14 on dev ...
00:48:09 - dev set during evaluation: 11710/11707
00:48:09 - process[6] - dev - epoch 14 - mAP: 0.492 w/ 39 queries
00:48:09 - process[6]: evaluating epoch 14 on test ...
00:48:37 - test set during evaluation: 13490/13483
00:48:37 - process[6] - test - epoch 14 - mAP: 0.445 w/ 38 queries
00:48:37 - process[6]: training epoch 15 ...
00:48:54 - process[6] - epoch 15 - train iter 404 - 18459.3 words/s - loss: 0.4510
00:48:54 - process[6]: evaluating epoch 15 on dev ...
00:49:22 - dev set during evaluation: 11710/11707
00:49:22 - process[6] - dev - epoch 15 - mAP: 0.465 w/ 39 queries
00:49:22 - process[6]: training epoch 16 ...
00:49:40 - process[6] - epoch 16 - train iter 404 - 17586.5 words/s - loss: 0.4271
00:49:40 - process[6]: evaluating epoch 16 on dev ...
00:50:07 - dev set during evaluation: 11710/11707
00:50:07 - process[6] - dev - epoch 16 - mAP: 0.469 w/ 39 queries
00:50:07 - process[6]: training epoch 17 ...
00:50:26 - process[6] - epoch 17 - train iter 404 - 17164.7 words/s - loss: 0.4236
00:50:26 - process[6]: evaluating epoch 17 on dev ...
00:50:53 - dev set during evaluation: 11710/11707
00:50:53 - process[6] - dev - epoch 17 - mAP: 0.489 w/ 39 queries
00:50:53 - process[6]: training epoch 18 ...
00:51:10 - process[6] - epoch 18 - train iter 404 - 18471.1 words/s - loss: 0.4534
00:51:10 - process[6]: evaluating epoch 18 on dev ...
00:51:38 - dev set during evaluation: 11710/11707
00:51:38 - process[6] - dev - epoch 18 - mAP: 0.487 w/ 39 queries
00:51:38 - process[6]: training epoch 19 ...
00:51:55 - process[6] - epoch 19 - train iter 404 - 19519.2 words/s - loss: 0.4265
00:51:55 - process[6]: evaluating epoch 19 on dev ...
00:52:23 - dev set during evaluation: 11710/11707
00:52:23 - process[6] - dev - epoch 19 - mAP: 0.489 w/ 39 queries
00:52:23 - [fold 4] best test MAP: 0.445 @ epoch 14
00:52:23 - Evaluating every 1 epochs ...
00:52:23 - reading data from /mnt/home/puxuan/CLIR-project/Evaluation_data/process-clef/uncased
00:52:24 - test has 38 queries ...
00:52:24 - Data reading done ...
00:52:25 - adding 9-th encoder to optimizer...
00:52:25 - adding 10-th encoder to optimizer...
00:52:25 - adding 11-th encoder to optimizer...
00:52:26 - process[6]: training epoch 0 ...
00:52:45 - process[6] - epoch 0 - train iter 444 - 18391.2 words/s - loss: 0.6654
00:52:45 - process[6]: training epoch 1 ...
00:53:05 - process[6] - epoch 1 - train iter 444 - 17857.6 words/s - loss: 0.6042
00:53:05 - process[6]: training epoch 2 ...
00:53:23 - process[6] - epoch 2 - train iter 444 - 19287.3 words/s - loss: 0.5733
00:53:23 - process[6]: training epoch 3 ...
00:53:42 - process[6] - epoch 3 - train iter 444 - 18510.7 words/s - loss: 0.5732
00:53:42 - process[6]: training epoch 4 ...
00:54:02 - process[6] - epoch 4 - train iter 444 - 17992.1 words/s - loss: 0.5559
00:54:02 - process[6]: training epoch 5 ...
00:54:21 - process[6] - epoch 5 - train iter 444 - 18289.2 words/s - loss: 0.5375
00:54:21 - process[6]: training epoch 6 ...
00:54:40 - process[6] - epoch 6 - train iter 444 - 19002.9 words/s - loss: 0.4977
00:54:40 - process[6]: training epoch 7 ...
00:54:58 - process[6] - epoch 7 - train iter 444 - 19060.3 words/s - loss: 0.4642
00:54:58 - process[6]: training epoch 8 ...
00:55:16 - process[6] - epoch 8 - train iter 444 - 19413.0 words/s - loss: 0.4838
00:55:16 - process[6]: training epoch 9 ...
00:55:34 - process[6] - epoch 9 - train iter 444 - 20289.7 words/s - loss: 0.4653
00:55:34 - process[6]: training epoch 10 ...
00:55:53 - process[6] - epoch 10 - train iter 444 - 18785.6 words/s - loss: 0.4540
00:55:53 - process[6]: evaluating epoch 10 on dev ...
00:56:23 - dev set during evaluation: 13490/13483
00:56:23 - process[6] - dev - epoch 10 - mAP: 0.402 w/ 38 queries
00:56:23 - process[6]: evaluating epoch 10 on test ...
00:56:55 - test set during evaluation: 13890/13887
00:56:55 - process[6] - test - epoch 10 - mAP: 0.492 w/ 38 queries
00:56:55 - process[6]: training epoch 11 ...
00:57:14 - process[6] - epoch 11 - train iter 444 - 18790.1 words/s - loss: 0.4870
00:57:14 - process[6]: evaluating epoch 11 on dev ...
00:57:43 - dev set during evaluation: 13490/13483
00:57:43 - process[6] - dev - epoch 11 - mAP: 0.429 w/ 38 queries
00:57:43 - process[6]: evaluating epoch 11 on test ...
00:58:15 - test set during evaluation: 13890/13887
00:58:15 - process[6] - test - epoch 11 - mAP: 0.488 w/ 38 queries
00:58:15 - process[6]: training epoch 12 ...
00:58:33 - process[6] - epoch 12 - train iter 444 - 19565.4 words/s - loss: 0.4487
00:58:33 - process[6]: evaluating epoch 12 on dev ...
00:59:01 - dev set during evaluation: 13490/13483
00:59:01 - process[6] - dev - epoch 12 - mAP: 0.408 w/ 38 queries
00:59:01 - process[6]: training epoch 13 ...
00:59:19 - process[6] - epoch 13 - train iter 444 - 19729.1 words/s - loss: 0.4376
00:59:19 - process[6]: evaluating epoch 13 on dev ...
00:59:49 - dev set during evaluation: 13490/13483
00:59:49 - process[6] - dev - epoch 13 - mAP: 0.413 w/ 38 queries
00:59:49 - process[6]: training epoch 14 ...
01:00:09 - process[6] - epoch 14 - train iter 444 - 17988.6 words/s - loss: 0.4433
01:00:09 - process[6]: evaluating epoch 14 on dev ...
01:00:38 - dev set during evaluation: 13490/13483
01:00:38 - process[6] - dev - epoch 14 - mAP: 0.412 w/ 38 queries
01:00:38 - process[6]: training epoch 15 ...
01:00:57 - process[6] - epoch 15 - train iter 444 - 18371.8 words/s - loss: 0.4293
01:00:57 - process[6]: evaluating epoch 15 on dev ...
01:01:24 - dev set during evaluation: 13490/13483
01:01:24 - process[6] - dev - epoch 15 - mAP: 0.398 w/ 38 queries
01:01:24 - process[6]: training epoch 16 ...
01:01:43 - process[6] - epoch 16 - train iter 444 - 18833.4 words/s - loss: 0.4058
01:01:43 - process[6]: evaluating epoch 16 on dev ...
01:02:11 - dev set during evaluation: 13490/13483
01:02:11 - process[6] - dev - epoch 16 - mAP: 0.424 w/ 38 queries
01:02:11 - process[6]: training epoch 17 ...
01:02:31 - process[6] - epoch 17 - train iter 444 - 18135.2 words/s - loss: 0.4010
01:02:31 - process[6]: evaluating epoch 17 on dev ...
01:02:58 - dev set during evaluation: 13490/13483
01:02:58 - process[6] - dev - epoch 17 - mAP: 0.404 w/ 38 queries
01:02:58 - process[6]: training epoch 18 ...
01:03:17 - process[6] - epoch 18 - train iter 444 - 18456.2 words/s - loss: 0.4179
01:03:17 - process[6]: evaluating epoch 18 on dev ...
01:03:45 - dev set during evaluation: 13490/13483
01:03:45 - process[6] - dev - epoch 18 - mAP: 0.430 w/ 38 queries
01:03:45 - process[6]: evaluating epoch 18 on test ...
01:04:18 - test set during evaluation: 13890/13887
01:04:18 - process[6] - test - epoch 18 - mAP: 0.450 w/ 38 queries
01:04:18 - process[6]: training epoch 19 ...
01:04:37 - process[6] - epoch 19 - train iter 444 - 18602.6 words/s - loss: 0.4154
01:04:37 - process[6]: evaluating epoch 19 on dev ...
01:05:04 - dev set during evaluation: 13490/13483
01:05:04 - process[6] - dev - epoch 19 - mAP: 0.407 w/ 38 queries
01:05:04 - [fold 5] best test MAP: 0.450 @ epoch 18
01:05:04 - [0.36334105215129603, 0.4524924308459768, 0.4785242687560636, 0.44478000353707015, 0.4500193618606027]
01:05:04 - [38, 39, 39, 38, 38]
01:05:04 - final MAP: 0.438
