00:00:06 - Namespace(apex_level='O2', batch_size=8, cased=False, dataset='clef', debug=False, encoder_lr=2e-05, eval_step=1, full_doc_length=True, local_rank=1, model_path='/mnt/scratch/puxuan/short_qlm_0.45/2186793/huggingface-9', model_type='mbert', num_epochs=20, num_ft_encoders=3, num_neg=1, projector_lr=2e-05, seed=611, source_lang='fr', target_lang='en')
00:00:21 - Evaluating every 1 epochs ...
00:00:21 - reading data from /mnt/home/puxuan/CLIR-project/Evaluation_data/process-clef/uncased
00:00:22 - test has 35 queries ...
00:00:22 - Data reading done ...
00:00:28 - adding 9-th encoder to optimizer...
00:00:28 - adding 10-th encoder to optimizer...
00:00:28 - adding 11-th encoder to optimizer...
00:00:28 - process[1]: training epoch 0 ...
00:00:40 - process[1] - epoch 0 - train iter 197 - 15152.1 words/s - loss: 0.6224
00:00:40 - process[1]: training epoch 1 ...
00:00:52 - process[1] - epoch 1 - train iter 197 - 16199.8 words/s - loss: 0.5156
00:00:52 - process[1]: training epoch 2 ...
00:01:03 - process[1] - epoch 2 - train iter 197 - 15586.5 words/s - loss: 0.4937
00:01:03 - process[1]: training epoch 3 ...
00:01:14 - process[1] - epoch 3 - train iter 197 - 16754.4 words/s - loss: 0.5011
00:01:14 - process[1]: training epoch 4 ...
00:01:26 - process[1] - epoch 4 - train iter 197 - 15943.8 words/s - loss: 0.4328
00:01:26 - process[1]: training epoch 5 ...
00:01:36 - process[1] - epoch 5 - train iter 197 - 17523.2 words/s - loss: 0.4334
00:01:36 - process[1]: training epoch 6 ...
00:01:48 - process[1] - epoch 6 - train iter 197 - 14476.2 words/s - loss: 0.4717
00:01:48 - process[1]: training epoch 7 ...
00:02:00 - process[1] - epoch 7 - train iter 197 - 16007.7 words/s - loss: 0.4160
00:02:00 - process[1]: training epoch 8 ...
00:02:11 - process[1] - epoch 8 - train iter 197 - 15363.7 words/s - loss: 0.3928
00:02:11 - process[1]: training epoch 9 ...
00:02:23 - process[1] - epoch 9 - train iter 197 - 15797.8 words/s - loss: 0.4311
00:02:23 - process[1]: training epoch 10 ...
00:02:35 - process[1] - epoch 10 - train iter 197 - 15124.5 words/s - loss: 0.4048
00:02:35 - process[1]: evaluating epoch 10 on dev ...
00:03:19 - dev set during evaluation: 14160/14157
00:03:19 - process[1] - dev - epoch 10 - mAP: 0.502 w/ 35 queries
00:03:19 - process[1]: evaluating epoch 10 on test ...
00:04:01 - test set during evaluation: 14980/14975
00:04:01 - process[1] - test - epoch 10 - mAP: 0.475 w/ 35 queries
00:04:01 - process[1]: training epoch 11 ...
00:04:13 - process[1] - epoch 11 - train iter 197 - 15218.4 words/s - loss: 0.3781
00:04:13 - process[1]: evaluating epoch 11 on dev ...
00:04:58 - dev set during evaluation: 14160/14157
00:04:58 - process[1] - dev - epoch 11 - mAP: 0.503 w/ 35 queries
00:04:58 - process[1]: evaluating epoch 11 on test ...
00:05:40 - test set during evaluation: 14980/14975
00:05:40 - process[1] - test - epoch 11 - mAP: 0.480 w/ 35 queries
00:05:40 - process[1]: training epoch 12 ...
00:05:50 - process[1] - epoch 12 - train iter 197 - 18151.0 words/s - loss: 0.3902
00:05:50 - process[1]: evaluating epoch 12 on dev ...
00:06:34 - dev set during evaluation: 14160/14157
00:06:34 - process[1] - dev - epoch 12 - mAP: 0.498 w/ 35 queries
00:06:35 - process[1]: training epoch 13 ...
00:06:46 - process[1] - epoch 13 - train iter 197 - 15149.8 words/s - loss: 0.3497
00:06:46 - process[1]: evaluating epoch 13 on dev ...
00:07:31 - dev set during evaluation: 14160/14157
00:07:31 - process[1] - dev - epoch 13 - mAP: 0.492 w/ 35 queries
00:07:31 - process[1]: training epoch 14 ...
00:07:42 - process[1] - epoch 14 - train iter 197 - 16578.6 words/s - loss: 0.3677
00:07:42 - process[1]: evaluating epoch 14 on dev ...
00:08:27 - dev set during evaluation: 14160/14157
00:08:27 - process[1] - dev - epoch 14 - mAP: 0.522 w/ 35 queries
00:08:27 - process[1]: evaluating epoch 14 on test ...
00:09:08 - test set during evaluation: 14980/14975
00:09:08 - process[1] - test - epoch 14 - mAP: 0.489 w/ 35 queries
00:09:08 - process[1]: training epoch 15 ...
00:09:19 - process[1] - epoch 15 - train iter 197 - 17101.4 words/s - loss: 0.3158
00:09:19 - process[1]: evaluating epoch 15 on dev ...
00:10:04 - dev set during evaluation: 14160/14157
00:10:04 - process[1] - dev - epoch 15 - mAP: 0.408 w/ 35 queries
00:10:04 - process[1]: training epoch 16 ...
00:10:15 - process[1] - epoch 16 - train iter 197 - 16347.0 words/s - loss: 0.4003
00:10:15 - process[1]: evaluating epoch 16 on dev ...
00:11:00 - dev set during evaluation: 14160/14157
00:11:00 - process[1] - dev - epoch 16 - mAP: 0.473 w/ 35 queries
00:11:00 - process[1]: training epoch 17 ...
00:11:11 - process[1] - epoch 17 - train iter 197 - 16070.5 words/s - loss: 0.3800
00:11:11 - process[1]: evaluating epoch 17 on dev ...
00:11:56 - dev set during evaluation: 14160/14157
00:11:56 - process[1] - dev - epoch 17 - mAP: 0.468 w/ 35 queries
00:11:56 - process[1]: training epoch 18 ...
00:12:06 - process[1] - epoch 18 - train iter 197 - 17391.4 words/s - loss: 0.3056
00:12:06 - process[1]: evaluating epoch 18 on dev ...
00:12:51 - dev set during evaluation: 14160/14157
00:12:51 - process[1] - dev - epoch 18 - mAP: 0.474 w/ 35 queries
00:12:51 - process[1]: training epoch 19 ...
00:13:03 - process[1] - epoch 19 - train iter 197 - 15202.2 words/s - loss: 0.3784
00:13:03 - process[1]: evaluating epoch 19 on dev ...
00:13:48 - dev set during evaluation: 14160/14157
00:13:48 - process[1] - dev - epoch 19 - mAP: 0.494 w/ 35 queries
00:13:48 - [fold 1] best test MAP: 0.489 @ epoch 14
00:13:48 - Evaluating every 1 epochs ...
00:13:48 - reading data from /mnt/home/puxuan/CLIR-project/Evaluation_data/process-clef/uncased
00:13:48 - test has 36 queries ...
00:13:48 - Data reading done ...
00:13:50 - adding 9-th encoder to optimizer...
00:13:50 - adding 10-th encoder to optimizer...
00:13:50 - adding 11-th encoder to optimizer...
00:13:51 - process[1]: training epoch 0 ...
00:14:00 - process[1] - epoch 0 - train iter 187 - 18004.3 words/s - loss: 0.5678
00:14:00 - process[1]: training epoch 1 ...
00:14:12 - process[1] - epoch 1 - train iter 187 - 15092.6 words/s - loss: 0.5083
00:14:12 - process[1]: training epoch 2 ...
00:14:21 - process[1] - epoch 2 - train iter 187 - 17348.7 words/s - loss: 0.5046
00:14:21 - process[1]: training epoch 3 ...
00:14:33 - process[1] - epoch 3 - train iter 187 - 15100.7 words/s - loss: 0.4970
00:14:33 - process[1]: training epoch 4 ...
00:14:42 - process[1] - epoch 4 - train iter 187 - 17919.9 words/s - loss: 0.4618
00:14:42 - process[1]: training epoch 5 ...
00:14:53 - process[1] - epoch 5 - train iter 187 - 16042.9 words/s - loss: 0.4662
00:14:53 - process[1]: training epoch 6 ...
00:15:03 - process[1] - epoch 6 - train iter 187 - 17556.8 words/s - loss: 0.4503
00:15:03 - process[1]: training epoch 7 ...
00:15:12 - process[1] - epoch 7 - train iter 187 - 17760.4 words/s - loss: 0.4161
00:15:12 - process[1]: training epoch 8 ...
00:15:23 - process[1] - epoch 8 - train iter 187 - 16882.1 words/s - loss: 0.4291
00:15:23 - process[1]: training epoch 9 ...
00:15:32 - process[1] - epoch 9 - train iter 187 - 17894.3 words/s - loss: 0.4559
00:15:32 - process[1]: training epoch 10 ...
00:15:42 - process[1] - epoch 10 - train iter 187 - 16697.0 words/s - loss: 0.4390
00:15:42 - process[1]: evaluating epoch 10 on dev ...
00:16:25 - dev set during evaluation: 14980/14975
00:16:25 - process[1] - dev - epoch 10 - mAP: 0.465 w/ 35 queries
00:16:25 - process[1]: evaluating epoch 10 on test ...
00:17:08 - test set during evaluation: 15300/15294
00:17:08 - process[1] - test - epoch 10 - mAP: 0.471 w/ 36 queries
00:17:08 - process[1]: training epoch 11 ...
00:17:18 - process[1] - epoch 11 - train iter 187 - 16375.9 words/s - loss: 0.3639
00:17:18 - process[1]: evaluating epoch 11 on dev ...
00:18:00 - dev set during evaluation: 14980/14975
00:18:00 - process[1] - dev - epoch 11 - mAP: 0.477 w/ 35 queries
00:18:00 - process[1]: evaluating epoch 11 on test ...
00:18:43 - test set during evaluation: 15300/15294
00:18:43 - process[1] - test - epoch 11 - mAP: 0.455 w/ 36 queries
00:18:43 - process[1]: training epoch 12 ...
00:18:53 - process[1] - epoch 12 - train iter 187 - 16839.7 words/s - loss: 0.4061
00:18:53 - process[1]: evaluating epoch 12 on dev ...
00:19:34 - dev set during evaluation: 14980/14975
00:19:34 - process[1] - dev - epoch 12 - mAP: 0.431 w/ 35 queries
00:19:34 - process[1]: training epoch 13 ...
00:19:44 - process[1] - epoch 13 - train iter 187 - 16878.1 words/s - loss: 0.3966
00:19:44 - process[1]: evaluating epoch 13 on dev ...
00:20:25 - dev set during evaluation: 14980/14975
00:20:25 - process[1] - dev - epoch 13 - mAP: 0.451 w/ 35 queries
00:20:25 - process[1]: training epoch 14 ...
00:20:35 - process[1] - epoch 14 - train iter 187 - 17677.5 words/s - loss: 0.4308
00:20:35 - process[1]: evaluating epoch 14 on dev ...
00:21:17 - dev set during evaluation: 14980/14975
00:21:17 - process[1] - dev - epoch 14 - mAP: 0.461 w/ 35 queries
00:21:17 - process[1]: training epoch 15 ...
00:21:27 - process[1] - epoch 15 - train iter 187 - 16627.2 words/s - loss: 0.3980
00:21:27 - process[1]: evaluating epoch 15 on dev ...
00:22:08 - dev set during evaluation: 14980/14975
00:22:08 - process[1] - dev - epoch 15 - mAP: 0.461 w/ 35 queries
00:22:08 - process[1]: training epoch 16 ...
00:22:17 - process[1] - epoch 16 - train iter 187 - 17575.8 words/s - loss: 0.3846
00:22:17 - process[1]: evaluating epoch 16 on dev ...
00:22:59 - dev set during evaluation: 14980/14975
00:22:59 - process[1] - dev - epoch 16 - mAP: 0.461 w/ 35 queries
00:22:59 - process[1]: training epoch 17 ...
00:23:08 - process[1] - epoch 17 - train iter 187 - 18566.1 words/s - loss: 0.3776
00:23:08 - process[1]: evaluating epoch 17 on dev ...
00:23:50 - dev set during evaluation: 14980/14975
00:23:50 - process[1] - dev - epoch 17 - mAP: 0.474 w/ 35 queries
00:23:50 - process[1]: training epoch 18 ...
00:24:00 - process[1] - epoch 18 - train iter 187 - 16950.3 words/s - loss: 0.3087
00:24:00 - process[1]: evaluating epoch 18 on dev ...
00:24:42 - dev set during evaluation: 14980/14975
00:24:42 - process[1] - dev - epoch 18 - mAP: 0.449 w/ 35 queries
00:24:42 - process[1]: training epoch 19 ...
00:24:51 - process[1] - epoch 19 - train iter 187 - 17129.0 words/s - loss: 0.3762
00:24:51 - process[1]: evaluating epoch 19 on dev ...
00:25:33 - dev set during evaluation: 14980/14975
00:25:33 - process[1] - dev - epoch 19 - mAP: 0.445 w/ 35 queries
00:25:33 - [fold 2] best test MAP: 0.455 @ epoch 11
00:25:33 - Evaluating every 1 epochs ...
00:25:33 - reading data from /mnt/home/puxuan/CLIR-project/Evaluation_data/process-clef/uncased
00:25:34 - test has 35 queries ...
00:25:34 - Data reading done ...
00:25:35 - adding 9-th encoder to optimizer...
00:25:35 - adding 10-th encoder to optimizer...
00:25:35 - adding 11-th encoder to optimizer...
00:25:36 - process[1]: training epoch 0 ...
00:25:46 - process[1] - epoch 0 - train iter 196 - 16857.5 words/s - loss: 0.5999
00:25:46 - process[1]: training epoch 1 ...
00:25:57 - process[1] - epoch 1 - train iter 196 - 16465.7 words/s - loss: 0.5458
00:25:57 - process[1]: training epoch 2 ...
00:26:07 - process[1] - epoch 2 - train iter 196 - 17827.7 words/s - loss: 0.4684
00:26:07 - process[1]: training epoch 3 ...
00:26:18 - process[1] - epoch 3 - train iter 196 - 16959.2 words/s - loss: 0.4751
00:26:18 - process[1]: training epoch 4 ...
00:26:29 - process[1] - epoch 4 - train iter 196 - 16014.0 words/s - loss: 0.4828
00:26:29 - process[1]: training epoch 5 ...
00:26:39 - process[1] - epoch 5 - train iter 196 - 17775.9 words/s - loss: 0.3986
00:26:39 - process[1]: training epoch 6 ...
00:26:50 - process[1] - epoch 6 - train iter 196 - 17382.3 words/s - loss: 0.4465
00:26:50 - process[1]: training epoch 7 ...
00:27:01 - process[1] - epoch 7 - train iter 196 - 15182.8 words/s - loss: 0.4197
00:27:01 - process[1]: training epoch 8 ...
00:27:14 - process[1] - epoch 8 - train iter 196 - 14095.1 words/s - loss: 0.3741
00:27:14 - process[1]: training epoch 9 ...
00:27:24 - process[1] - epoch 9 - train iter 196 - 18287.0 words/s - loss: 0.3528
00:27:24 - process[1]: training epoch 10 ...
00:27:34 - process[1] - epoch 10 - train iter 196 - 17510.2 words/s - loss: 0.4010
00:27:34 - process[1]: evaluating epoch 10 on dev ...
00:28:17 - dev set during evaluation: 15300/15294
00:28:17 - process[1] - dev - epoch 10 - mAP: 0.468 w/ 36 queries
00:28:17 - process[1]: evaluating epoch 10 on test ...
00:28:59 - test set during evaluation: 15480/15477
00:28:59 - process[1] - test - epoch 10 - mAP: 0.435 w/ 35 queries
00:28:59 - process[1]: training epoch 11 ...
00:29:09 - process[1] - epoch 11 - train iter 196 - 17218.3 words/s - loss: 0.4080
00:29:09 - process[1]: evaluating epoch 11 on dev ...
00:29:52 - dev set during evaluation: 15300/15294
00:29:52 - process[1] - dev - epoch 11 - mAP: 0.484 w/ 36 queries
00:29:52 - process[1]: evaluating epoch 11 on test ...
00:30:34 - test set during evaluation: 15480/15477
00:30:34 - process[1] - test - epoch 11 - mAP: 0.433 w/ 35 queries
00:30:34 - process[1]: training epoch 12 ...
00:30:44 - process[1] - epoch 12 - train iter 196 - 17461.6 words/s - loss: 0.3714
00:30:44 - process[1]: evaluating epoch 12 on dev ...
00:31:27 - dev set during evaluation: 15300/15294
00:31:27 - process[1] - dev - epoch 12 - mAP: 0.472 w/ 36 queries
00:31:27 - process[1]: training epoch 13 ...
00:31:38 - process[1] - epoch 13 - train iter 196 - 16841.0 words/s - loss: 0.4135
00:31:38 - process[1]: evaluating epoch 13 on dev ...
00:32:21 - dev set during evaluation: 15300/15294
00:32:21 - process[1] - dev - epoch 13 - mAP: 0.461 w/ 36 queries
00:32:21 - process[1]: training epoch 14 ...
00:32:31 - process[1] - epoch 14 - train iter 196 - 17101.8 words/s - loss: 0.4080
00:32:31 - process[1]: evaluating epoch 14 on dev ...
00:33:14 - dev set during evaluation: 15300/15294
00:33:14 - process[1] - dev - epoch 14 - mAP: 0.437 w/ 36 queries
00:33:14 - process[1]: training epoch 15 ...
00:33:24 - process[1] - epoch 15 - train iter 196 - 18330.7 words/s - loss: 0.3489
00:33:24 - process[1]: evaluating epoch 15 on dev ...
00:34:07 - dev set during evaluation: 15300/15294
00:34:07 - process[1] - dev - epoch 15 - mAP: 0.491 w/ 36 queries
00:34:07 - process[1]: evaluating epoch 15 on test ...
00:34:49 - test set during evaluation: 15480/15477
00:34:49 - process[1] - test - epoch 15 - mAP: 0.462 w/ 35 queries
00:34:49 - process[1]: training epoch 16 ...
00:34:58 - process[1] - epoch 16 - train iter 196 - 18736.0 words/s - loss: 0.3646
00:34:58 - process[1]: evaluating epoch 16 on dev ...
00:35:41 - dev set during evaluation: 15300/15294
00:35:41 - process[1] - dev - epoch 16 - mAP: 0.471 w/ 36 queries
00:35:41 - process[1]: training epoch 17 ...
00:35:51 - process[1] - epoch 17 - train iter 196 - 17269.4 words/s - loss: 0.3358
00:35:51 - process[1]: evaluating epoch 17 on dev ...
00:36:34 - dev set during evaluation: 15300/15294
00:36:34 - process[1] - dev - epoch 17 - mAP: 0.482 w/ 36 queries
00:36:34 - process[1]: training epoch 18 ...
00:36:45 - process[1] - epoch 18 - train iter 196 - 16652.7 words/s - loss: 0.3904
00:36:45 - process[1]: evaluating epoch 18 on dev ...
00:37:28 - dev set during evaluation: 15300/15294
00:37:28 - process[1] - dev - epoch 18 - mAP: 0.456 w/ 36 queries
00:37:28 - process[1]: training epoch 19 ...
00:37:38 - process[1] - epoch 19 - train iter 196 - 16725.3 words/s - loss: 0.3765
00:37:38 - process[1]: evaluating epoch 19 on dev ...
00:38:21 - dev set during evaluation: 15300/15294
00:38:21 - process[1] - dev - epoch 19 - mAP: 0.461 w/ 36 queries
00:38:21 - [fold 3] best test MAP: 0.462 @ epoch 15
00:38:21 - Evaluating every 1 epochs ...
00:38:21 - reading data from /mnt/home/puxuan/CLIR-project/Evaluation_data/process-clef/uncased
00:38:22 - test has 35 queries ...
00:38:22 - Data reading done ...
00:38:23 - adding 9-th encoder to optimizer...
00:38:23 - adding 10-th encoder to optimizer...
00:38:23 - adding 11-th encoder to optimizer...
00:38:24 - process[1]: training epoch 0 ...
00:38:36 - process[1] - epoch 0 - train iter 207 - 15837.7 words/s - loss: 0.5855
00:38:36 - process[1]: training epoch 1 ...
00:38:47 - process[1] - epoch 1 - train iter 207 - 16237.0 words/s - loss: 0.5069
00:38:47 - process[1]: training epoch 2 ...
00:38:59 - process[1] - epoch 2 - train iter 207 - 16125.5 words/s - loss: 0.4940
00:38:59 - process[1]: training epoch 3 ...
00:39:12 - process[1] - epoch 3 - train iter 207 - 14060.5 words/s - loss: 0.4615
00:39:12 - process[1]: training epoch 4 ...
00:39:23 - process[1] - epoch 4 - train iter 207 - 17223.6 words/s - loss: 0.4140
00:39:23 - process[1]: training epoch 5 ...
00:39:35 - process[1] - epoch 5 - train iter 207 - 16164.3 words/s - loss: 0.3686
00:39:35 - process[1]: training epoch 6 ...
00:39:47 - process[1] - epoch 6 - train iter 207 - 15569.3 words/s - loss: 0.4143
00:39:47 - process[1]: training epoch 7 ...
00:39:57 - process[1] - epoch 7 - train iter 207 - 17390.0 words/s - loss: 0.4375
00:39:57 - process[1]: training epoch 8 ...
00:40:09 - process[1] - epoch 8 - train iter 207 - 16621.7 words/s - loss: 0.4302
00:40:09 - process[1]: training epoch 9 ...
00:40:21 - process[1] - epoch 9 - train iter 207 - 15211.8 words/s - loss: 0.3512
00:40:21 - process[1]: training epoch 10 ...
00:40:32 - process[1] - epoch 10 - train iter 207 - 16385.9 words/s - loss: 0.4051
00:40:32 - process[1]: evaluating epoch 10 on dev ...
00:41:13 - dev set during evaluation: 15480/15477
00:41:13 - process[1] - dev - epoch 10 - mAP: 0.413 w/ 35 queries
00:41:13 - process[1]: evaluating epoch 10 on test ...
00:41:56 - test set during evaluation: 14470/14463
00:41:56 - process[1] - test - epoch 10 - mAP: 0.381 w/ 35 queries
00:41:56 - process[1]: training epoch 11 ...
00:42:08 - process[1] - epoch 11 - train iter 207 - 16359.9 words/s - loss: 0.4233
00:42:08 - process[1]: evaluating epoch 11 on dev ...
00:42:49 - dev set during evaluation: 15480/15477
00:42:49 - process[1] - dev - epoch 11 - mAP: 0.424 w/ 35 queries
00:42:49 - process[1]: evaluating epoch 11 on test ...
00:43:32 - test set during evaluation: 14470/14463
00:43:32 - process[1] - test - epoch 11 - mAP: 0.400 w/ 35 queries
00:43:32 - process[1]: training epoch 12 ...
00:43:43 - process[1] - epoch 12 - train iter 207 - 16359.7 words/s - loss: 0.3633
00:43:43 - process[1]: evaluating epoch 12 on dev ...
00:44:25 - dev set during evaluation: 15480/15477
00:44:25 - process[1] - dev - epoch 12 - mAP: 0.429 w/ 35 queries
00:44:25 - process[1]: evaluating epoch 12 on test ...
00:45:08 - test set during evaluation: 14470/14463
00:45:08 - process[1] - test - epoch 12 - mAP: 0.391 w/ 35 queries
00:45:08 - process[1]: training epoch 13 ...
00:45:20 - process[1] - epoch 13 - train iter 207 - 16309.2 words/s - loss: 0.4336
00:45:20 - process[1]: evaluating epoch 13 on dev ...
00:46:01 - dev set during evaluation: 15480/15477
00:46:01 - process[1] - dev - epoch 13 - mAP: 0.435 w/ 35 queries
00:46:01 - process[1]: evaluating epoch 13 on test ...
00:46:44 - test set during evaluation: 14470/14463
00:46:44 - process[1] - test - epoch 13 - mAP: 0.395 w/ 35 queries
00:46:44 - process[1]: training epoch 14 ...
00:46:55 - process[1] - epoch 14 - train iter 207 - 16943.6 words/s - loss: 0.3639
00:46:55 - process[1]: evaluating epoch 14 on dev ...
00:47:37 - dev set during evaluation: 15480/15477
00:47:37 - process[1] - dev - epoch 14 - mAP: 0.440 w/ 35 queries
00:47:37 - process[1]: evaluating epoch 14 on test ...
00:48:20 - test set during evaluation: 14470/14463
00:48:20 - process[1] - test - epoch 14 - mAP: 0.415 w/ 35 queries
00:48:20 - process[1]: training epoch 15 ...
00:48:31 - process[1] - epoch 15 - train iter 207 - 16729.8 words/s - loss: 0.3396
00:48:31 - process[1]: evaluating epoch 15 on dev ...
00:49:12 - dev set during evaluation: 15480/15477
00:49:12 - process[1] - dev - epoch 15 - mAP: 0.426 w/ 35 queries
00:49:12 - process[1]: training epoch 16 ...
00:49:24 - process[1] - epoch 16 - train iter 207 - 16038.3 words/s - loss: 0.3519
00:49:24 - process[1]: evaluating epoch 16 on dev ...
00:50:06 - dev set during evaluation: 15480/15477
00:50:06 - process[1] - dev - epoch 16 - mAP: 0.425 w/ 35 queries
00:50:06 - process[1]: training epoch 17 ...
00:50:18 - process[1] - epoch 17 - train iter 207 - 15896.4 words/s - loss: 0.3912
00:50:18 - process[1]: evaluating epoch 17 on dev ...
00:51:00 - dev set during evaluation: 15480/15477
00:51:00 - process[1] - dev - epoch 17 - mAP: 0.454 w/ 35 queries
00:51:00 - process[1]: evaluating epoch 17 on test ...
00:51:42 - test set during evaluation: 14470/14463
00:51:42 - process[1] - test - epoch 17 - mAP: 0.404 w/ 35 queries
00:51:42 - process[1]: training epoch 18 ...
00:51:53 - process[1] - epoch 18 - train iter 207 - 17156.5 words/s - loss: 0.3136
00:51:53 - process[1]: evaluating epoch 18 on dev ...
00:52:36 - dev set during evaluation: 15480/15477
00:52:36 - process[1] - dev - epoch 18 - mAP: 0.480 w/ 35 queries
00:52:36 - process[1]: evaluating epoch 18 on test ...
00:53:18 - test set during evaluation: 14470/14463
00:53:18 - process[1] - test - epoch 18 - mAP: 0.407 w/ 35 queries
00:53:18 - process[1]: training epoch 19 ...
00:53:29 - process[1] - epoch 19 - train iter 207 - 18018.6 words/s - loss: 0.3281
00:53:29 - process[1]: evaluating epoch 19 on dev ...
00:54:12 - dev set during evaluation: 15480/15477
00:54:12 - process[1] - dev - epoch 19 - mAP: 0.442 w/ 35 queries
00:54:12 - [fold 4] best test MAP: 0.407 @ epoch 18
00:54:12 - Evaluating every 1 epochs ...
00:54:12 - reading data from /mnt/home/puxuan/CLIR-project/Evaluation_data/process-clef/uncased
00:54:12 - test has 35 queries ...
00:54:12 - Data reading done ...
00:54:14 - adding 9-th encoder to optimizer...
00:54:14 - adding 10-th encoder to optimizer...
00:54:14 - adding 11-th encoder to optimizer...
00:54:15 - process[1]: training epoch 0 ...
00:54:25 - process[1] - epoch 0 - train iter 195 - 17116.5 words/s - loss: 0.5654
00:54:25 - process[1]: training epoch 1 ...
00:54:35 - process[1] - epoch 1 - train iter 195 - 17727.6 words/s - loss: 0.5356
00:54:35 - process[1]: training epoch 2 ...
00:54:46 - process[1] - epoch 2 - train iter 195 - 15713.1 words/s - loss: 0.4511
00:54:46 - process[1]: training epoch 3 ...
00:54:56 - process[1] - epoch 3 - train iter 195 - 16470.1 words/s - loss: 0.4317
00:54:56 - process[1]: training epoch 4 ...
00:55:08 - process[1] - epoch 4 - train iter 195 - 14804.7 words/s - loss: 0.4201
00:55:08 - process[1]: training epoch 5 ...
00:55:20 - process[1] - epoch 5 - train iter 195 - 15165.4 words/s - loss: 0.4650
00:55:20 - process[1]: training epoch 6 ...
00:55:31 - process[1] - epoch 6 - train iter 195 - 15398.7 words/s - loss: 0.3743
00:55:31 - process[1]: training epoch 7 ...
00:55:42 - process[1] - epoch 7 - train iter 195 - 16072.3 words/s - loss: 0.4345
00:55:42 - process[1]: training epoch 8 ...
00:55:53 - process[1] - epoch 8 - train iter 195 - 15383.6 words/s - loss: 0.4527
00:55:53 - process[1]: training epoch 9 ...
00:56:05 - process[1] - epoch 9 - train iter 195 - 14561.8 words/s - loss: 0.3638
00:56:05 - process[1]: training epoch 10 ...
00:56:17 - process[1] - epoch 10 - train iter 195 - 15833.0 words/s - loss: 0.3475
00:56:17 - process[1]: evaluating epoch 10 on dev ...
00:56:59 - dev set during evaluation: 14470/14463
00:56:59 - process[1] - dev - epoch 10 - mAP: 0.410 w/ 35 queries
00:56:59 - process[1]: evaluating epoch 10 on test ...
00:57:44 - test set during evaluation: 14160/14157
00:57:44 - process[1] - test - epoch 10 - mAP: 0.506 w/ 35 queries
00:57:44 - process[1]: training epoch 11 ...
00:57:56 - process[1] - epoch 11 - train iter 195 - 14415.0 words/s - loss: 0.3506
00:57:56 - process[1]: evaluating epoch 11 on dev ...
00:58:39 - dev set during evaluation: 14470/14463
00:58:39 - process[1] - dev - epoch 11 - mAP: 0.428 w/ 35 queries
00:58:39 - process[1]: evaluating epoch 11 on test ...
00:59:25 - test set during evaluation: 14160/14157
00:59:25 - process[1] - test - epoch 11 - mAP: 0.543 w/ 35 queries
00:59:25 - process[1]: training epoch 12 ...
00:59:36 - process[1] - epoch 12 - train iter 195 - 16205.1 words/s - loss: 0.4255
00:59:36 - process[1]: evaluating epoch 12 on dev ...
01:00:18 - dev set during evaluation: 14470/14463
01:00:18 - process[1] - dev - epoch 12 - mAP: 0.432 w/ 35 queries
01:00:18 - process[1]: evaluating epoch 12 on test ...
01:01:04 - test set during evaluation: 14160/14157
01:01:04 - process[1] - test - epoch 12 - mAP: 0.526 w/ 35 queries
01:01:04 - process[1]: training epoch 13 ...
01:01:14 - process[1] - epoch 13 - train iter 195 - 17329.6 words/s - loss: 0.3559
01:01:14 - process[1]: evaluating epoch 13 on dev ...
01:01:57 - dev set during evaluation: 14470/14463
01:01:57 - process[1] - dev - epoch 13 - mAP: 0.431 w/ 35 queries
01:01:57 - process[1]: training epoch 14 ...
01:02:08 - process[1] - epoch 14 - train iter 195 - 15507.2 words/s - loss: 0.3710
01:02:08 - process[1]: evaluating epoch 14 on dev ...
01:02:51 - dev set during evaluation: 14470/14463
01:02:51 - process[1] - dev - epoch 14 - mAP: 0.438 w/ 35 queries
01:02:51 - process[1]: evaluating epoch 14 on test ...
01:03:36 - test set during evaluation: 14160/14157
01:03:36 - process[1] - test - epoch 14 - mAP: 0.518 w/ 35 queries
01:03:36 - process[1]: training epoch 15 ...
01:03:47 - process[1] - epoch 15 - train iter 195 - 16825.0 words/s - loss: 0.3439
01:03:47 - process[1]: evaluating epoch 15 on dev ...
01:04:29 - dev set during evaluation: 14470/14463
01:04:29 - process[1] - dev - epoch 15 - mAP: 0.434 w/ 35 queries
01:04:29 - process[1]: training epoch 16 ...
01:04:39 - process[1] - epoch 16 - train iter 195 - 16552.7 words/s - loss: 0.3522
01:04:39 - process[1]: evaluating epoch 16 on dev ...
01:05:23 - dev set during evaluation: 14470/14463
01:05:23 - process[1] - dev - epoch 16 - mAP: 0.433 w/ 35 queries
01:05:23 - process[1]: training epoch 17 ...
01:05:34 - process[1] - epoch 17 - train iter 195 - 16146.2 words/s - loss: 0.3935
01:05:34 - process[1]: evaluating epoch 17 on dev ...
01:06:17 - dev set during evaluation: 14470/14463
01:06:17 - process[1] - dev - epoch 17 - mAP: 0.429 w/ 35 queries
01:06:17 - process[1]: training epoch 18 ...
01:06:27 - process[1] - epoch 18 - train iter 195 - 16587.5 words/s - loss: 0.3614
01:06:27 - process[1]: evaluating epoch 18 on dev ...
01:07:10 - dev set during evaluation: 14470/14463
01:07:10 - process[1] - dev - epoch 18 - mAP: 0.430 w/ 35 queries
01:07:10 - process[1]: training epoch 19 ...
01:07:21 - process[1] - epoch 19 - train iter 195 - 16110.3 words/s - loss: 0.3508
01:07:21 - process[1]: evaluating epoch 19 on dev ...
01:08:03 - dev set during evaluation: 14470/14463
01:08:03 - process[1] - dev - epoch 19 - mAP: 0.434 w/ 35 queries
01:08:03 - [fold 5] best test MAP: 0.518 @ epoch 14
01:08:03 - [0.4889926494358886, 0.4547458751166345, 0.4618112492949724, 0.40721997042324914, 0.5176295994430417]
01:08:03 - [35, 36, 35, 35, 35]
01:08:03 - final MAP: 0.466
