00:00:06 - Namespace(apex_level='O2', batch_size=8, cased=False, dataset='clef', debug=False, encoder_lr=2e-05, eval_step=1, full_doc_length=True, local_rank=2, model_path='/mnt/scratch/puxuan/long_qlm-rr/2186740/huggingface-2', model_type='mbert-long', num_epochs=20, num_ft_encoders=3, num_neg=1, projector_lr=2e-05, seed=611, source_lang='es', target_lang='fr')
00:00:16 - BertLongForXLRetrieval(
  (bert): BertModel(
    (embeddings): BertEmbeddings(
      (word_embeddings): Embedding(105879, 768, padding_idx=0)
      (position_embeddings): Embedding(1024, 768)
      (token_type_embeddings): Embedding(2, 768)
      (LayerNorm): LayerNorm((768,), eps=1e-12, elementwise_affine=True)
      (dropout): Dropout(p=0.1, inplace=False)
    )
    (encoder): BertEncoder(
      (layer): ModuleList(
        (0): BertLayer(
          (attention): BertAttention(
            (self): LongformerSelfAttention(
              (query): Linear(in_features=768, out_features=768, bias=True)
              (key): Linear(in_features=768, out_features=768, bias=True)
              (value): Linear(in_features=768, out_features=768, bias=True)
              (query_global): Linear(in_features=768, out_features=768, bias=True)
              (key_global): Linear(in_features=768, out_features=768, bias=True)
              (value_global): Linear(in_features=768, out_features=768, bias=True)
            )
            (output): BertSelfOutput(
              (dense): Linear(in_features=768, out_features=768, bias=True)
              (LayerNorm): LayerNorm((768,), eps=1e-12, elementwise_affine=True)
              (dropout): Dropout(p=0.1, inplace=False)
            )
          )
          (intermediate): BertIntermediate(
            (dense): Linear(in_features=768, out_features=3072, bias=True)
          )
          (output): BertOutput(
            (dense): Linear(in_features=3072, out_features=768, bias=True)
            (LayerNorm): LayerNorm((768,), eps=1e-12, elementwise_affine=True)
            (dropout): Dropout(p=0.1, inplace=False)
          )
        )
        (1): BertLayer(
          (attention): BertAttention(
            (self): LongformerSelfAttention(
              (query): Linear(in_features=768, out_features=768, bias=True)
              (key): Linear(in_features=768, out_features=768, bias=True)
              (value): Linear(in_features=768, out_features=768, bias=True)
              (query_global): Linear(in_features=768, out_features=768, bias=True)
              (key_global): Linear(in_features=768, out_features=768, bias=True)
              (value_global): Linear(in_features=768, out_features=768, bias=True)
            )
            (output): BertSelfOutput(
              (dense): Linear(in_features=768, out_features=768, bias=True)
              (LayerNorm): LayerNorm((768,), eps=1e-12, elementwise_affine=True)
              (dropout): Dropout(p=0.1, inplace=False)
            )
          )
          (intermediate): BertIntermediate(
            (dense): Linear(in_features=768, out_features=3072, bias=True)
          )
          (output): BertOutput(
            (dense): Linear(in_features=3072, out_features=768, bias=True)
            (LayerNorm): LayerNorm((768,), eps=1e-12, elementwise_affine=True)
            (dropout): Dropout(p=0.1, inplace=False)
          )
        )
        (2): BertLayer(
          (attention): BertAttention(
            (self): LongformerSelfAttention(
              (query): Linear(in_features=768, out_features=768, bias=True)
              (key): Linear(in_features=768, out_features=768, bias=True)
              (value): Linear(in_features=768, out_features=768, bias=True)
              (query_global): Linear(in_features=768, out_features=768, bias=True)
              (key_global): Linear(in_features=768, out_features=768, bias=True)
              (value_global): Linear(in_features=768, out_features=768, bias=True)
            )
            (output): BertSelfOutput(
              (dense): Linear(in_features=768, out_features=768, bias=True)
              (LayerNorm): LayerNorm((768,), eps=1e-12, elementwise_affine=True)
              (dropout): Dropout(p=0.1, inplace=False)
            )
          )
          (intermediate): BertIntermediate(
            (dense): Linear(in_features=768, out_features=3072, bias=True)
          )
          (output): BertOutput(
            (dense): Linear(in_features=3072, out_features=768, bias=True)
            (LayerNorm): LayerNorm((768,), eps=1e-12, elementwise_affine=True)
            (dropout): Dropout(p=0.1, inplace=False)
          )
        )
        (3): BertLayer(
          (attention): BertAttention(
            (self): LongformerSelfAttention(
              (query): Linear(in_features=768, out_features=768, bias=True)
              (key): Linear(in_features=768, out_features=768, bias=True)
              (value): Linear(in_features=768, out_features=768, bias=True)
              (query_global): Linear(in_features=768, out_features=768, bias=True)
              (key_global): Linear(in_features=768, out_features=768, bias=True)
              (value_global): Linear(in_features=768, out_features=768, bias=True)
            )
            (output): BertSelfOutput(
              (dense): Linear(in_features=768, out_features=768, bias=True)
              (LayerNorm): LayerNorm((768,), eps=1e-12, elementwise_affine=True)
              (dropout): Dropout(p=0.1, inplace=False)
            )
          )
          (intermediate): BertIntermediate(
            (dense): Linear(in_features=768, out_features=3072, bias=True)
          )
          (output): BertOutput(
            (dense): Linear(in_features=3072, out_features=768, bias=True)
            (LayerNorm): LayerNorm((768,), eps=1e-12, elementwise_affine=True)
            (dropout): Dropout(p=0.1, inplace=False)
          )
        )
        (4): BertLayer(
          (attention): BertAttention(
            (self): LongformerSelfAttention(
              (query): Linear(in_features=768, out_features=768, bias=True)
              (key): Linear(in_features=768, out_features=768, bias=True)
              (value): Linear(in_features=768, out_features=768, bias=True)
              (query_global): Linear(in_features=768, out_features=768, bias=True)
              (key_global): Linear(in_features=768, out_features=768, bias=True)
              (value_global): Linear(in_features=768, out_features=768, bias=True)
            )
            (output): BertSelfOutput(
              (dense): Linear(in_features=768, out_features=768, bias=True)
              (LayerNorm): LayerNorm((768,), eps=1e-12, elementwise_affine=True)
              (dropout): Dropout(p=0.1, inplace=False)
            )
          )
          (intermediate): BertIntermediate(
            (dense): Linear(in_features=768, out_features=3072, bias=True)
          )
          (output): BertOutput(
            (dense): Linear(in_features=3072, out_features=768, bias=True)
            (LayerNorm): LayerNorm((768,), eps=1e-12, elementwise_affine=True)
            (dropout): Dropout(p=0.1, inplace=False)
          )
        )
        (5): BertLayer(
          (attention): BertAttention(
            (self): LongformerSelfAttention(
              (query): Linear(in_features=768, out_features=768, bias=True)
              (key): Linear(in_features=768, out_features=768, bias=True)
              (value): Linear(in_features=768, out_features=768, bias=True)
              (query_global): Linear(in_features=768, out_features=768, bias=True)
              (key_global): Linear(in_features=768, out_features=768, bias=True)
              (value_global): Linear(in_features=768, out_features=768, bias=True)
            )
            (output): BertSelfOutput(
              (dense): Linear(in_features=768, out_features=768, bias=True)
              (LayerNorm): LayerNorm((768,), eps=1e-12, elementwise_affine=True)
              (dropout): Dropout(p=0.1, inplace=False)
            )
          )
          (intermediate): BertIntermediate(
            (dense): Linear(in_features=768, out_features=3072, bias=True)
          )
          (output): BertOutput(
            (dense): Linear(in_features=3072, out_features=768, bias=True)
            (LayerNorm): LayerNorm((768,), eps=1e-12, elementwise_affine=True)
            (dropout): Dropout(p=0.1, inplace=False)
          )
        )
        (6): BertLayer(
          (attention): BertAttention(
            (self): LongformerSelfAttention(
              (query): Linear(in_features=768, out_features=768, bias=True)
              (key): Linear(in_features=768, out_features=768, bias=True)
              (value): Linear(in_features=768, out_features=768, bias=True)
              (query_global): Linear(in_features=768, out_features=768, bias=True)
              (key_global): Linear(in_features=768, out_features=768, bias=True)
              (value_global): Linear(in_features=768, out_features=768, bias=True)
            )
            (output): BertSelfOutput(
              (dense): Linear(in_features=768, out_features=768, bias=True)
              (LayerNorm): LayerNorm((768,), eps=1e-12, elementwise_affine=True)
              (dropout): Dropout(p=0.1, inplace=False)
            )
          )
          (intermediate): BertIntermediate(
            (dense): Linear(in_features=768, out_features=3072, bias=True)
          )
          (output): BertOutput(
            (dense): Linear(in_features=3072, out_features=768, bias=True)
            (LayerNorm): LayerNorm((768,), eps=1e-12, elementwise_affine=True)
            (dropout): Dropout(p=0.1, inplace=False)
          )
        )
        (7): BertLayer(
          (attention): BertAttention(
            (self): LongformerSelfAttention(
              (query): Linear(in_features=768, out_features=768, bias=True)
              (key): Linear(in_features=768, out_features=768, bias=True)
              (value): Linear(in_features=768, out_features=768, bias=True)
              (query_global): Linear(in_features=768, out_features=768, bias=True)
              (key_global): Linear(in_features=768, out_features=768, bias=True)
              (value_global): Linear(in_features=768, out_features=768, bias=True)
            )
            (output): BertSelfOutput(
              (dense): Linear(in_features=768, out_features=768, bias=True)
              (LayerNorm): LayerNorm((768,), eps=1e-12, elementwise_affine=True)
              (dropout): Dropout(p=0.1, inplace=False)
            )
          )
          (intermediate): BertIntermediate(
            (dense): Linear(in_features=768, out_features=3072, bias=True)
          )
          (output): BertOutput(
            (dense): Linear(in_features=3072, out_features=768, bias=True)
            (LayerNorm): LayerNorm((768,), eps=1e-12, elementwise_affine=True)
            (dropout): Dropout(p=0.1, inplace=False)
          )
        )
        (8): BertLayer(
          (attention): BertAttention(
            (self): LongformerSelfAttention(
              (query): Linear(in_features=768, out_features=768, bias=True)
              (key): Linear(in_features=768, out_features=768, bias=True)
              (value): Linear(in_features=768, out_features=768, bias=True)
              (query_global): Linear(in_features=768, out_features=768, bias=True)
              (key_global): Linear(in_features=768, out_features=768, bias=True)
              (value_global): Linear(in_features=768, out_features=768, bias=True)
            )
            (output): BertSelfOutput(
              (dense): Linear(in_features=768, out_features=768, bias=True)
              (LayerNorm): LayerNorm((768,), eps=1e-12, elementwise_affine=True)
              (dropout): Dropout(p=0.1, inplace=False)
            )
          )
          (intermediate): BertIntermediate(
            (dense): Linear(in_features=768, out_features=3072, bias=True)
          )
          (output): BertOutput(
            (dense): Linear(in_features=3072, out_features=768, bias=True)
            (LayerNorm): LayerNorm((768,), eps=1e-12, elementwise_affine=True)
            (dropout): Dropout(p=0.1, inplace=False)
          )
        )
        (9): BertLayer(
          (attention): BertAttention(
            (self): LongformerSelfAttention(
              (query): Linear(in_features=768, out_features=768, bias=True)
              (key): Linear(in_features=768, out_features=768, bias=True)
              (value): Linear(in_features=768, out_features=768, bias=True)
              (query_global): Linear(in_features=768, out_features=768, bias=True)
              (key_global): Linear(in_features=768, out_features=768, bias=True)
              (value_global): Linear(in_features=768, out_features=768, bias=True)
            )
            (output): BertSelfOutput(
              (dense): Linear(in_features=768, out_features=768, bias=True)
              (LayerNorm): LayerNorm((768,), eps=1e-12, elementwise_affine=True)
              (dropout): Dropout(p=0.1, inplace=False)
            )
          )
          (intermediate): BertIntermediate(
            (dense): Linear(in_features=768, out_features=3072, bias=True)
          )
          (output): BertOutput(
            (dense): Linear(in_features=3072, out_features=768, bias=True)
            (LayerNorm): LayerNorm((768,), eps=1e-12, elementwise_affine=True)
            (dropout): Dropout(p=0.1, inplace=False)
          )
        )
        (10): BertLayer(
          (attention): BertAttention(
            (self): LongformerSelfAttention(
              (query): Linear(in_features=768, out_features=768, bias=True)
              (key): Linear(in_features=768, out_features=768, bias=True)
              (value): Linear(in_features=768, out_features=768, bias=True)
              (query_global): Linear(in_features=768, out_features=768, bias=True)
              (key_global): Linear(in_features=768, out_features=768, bias=True)
              (value_global): Linear(in_features=768, out_features=768, bias=True)
            )
            (output): BertSelfOutput(
              (dense): Linear(in_features=768, out_features=768, bias=True)
              (LayerNorm): LayerNorm((768,), eps=1e-12, elementwise_affine=True)
              (dropout): Dropout(p=0.1, inplace=False)
            )
          )
          (intermediate): BertIntermediate(
            (dense): Linear(in_features=768, out_features=3072, bias=True)
          )
          (output): BertOutput(
            (dense): Linear(in_features=3072, out_features=768, bias=True)
            (LayerNorm): LayerNorm((768,), eps=1e-12, elementwise_affine=True)
            (dropout): Dropout(p=0.1, inplace=False)
          )
        )
        (11): BertLayer(
          (attention): BertAttention(
            (self): LongformerSelfAttention(
              (query): Linear(in_features=768, out_features=768, bias=True)
              (key): Linear(in_features=768, out_features=768, bias=True)
              (value): Linear(in_features=768, out_features=768, bias=True)
              (query_global): Linear(in_features=768, out_features=768, bias=True)
              (key_global): Linear(in_features=768, out_features=768, bias=True)
              (value_global): Linear(in_features=768, out_features=768, bias=True)
            )
            (output): BertSelfOutput(
              (dense): Linear(in_features=768, out_features=768, bias=True)
              (LayerNorm): LayerNorm((768,), eps=1e-12, elementwise_affine=True)
              (dropout): Dropout(p=0.1, inplace=False)
            )
          )
          (intermediate): BertIntermediate(
            (dense): Linear(in_features=768, out_features=3072, bias=True)
          )
          (output): BertOutput(
            (dense): Linear(in_features=3072, out_features=768, bias=True)
            (LayerNorm): LayerNorm((768,), eps=1e-12, elementwise_affine=True)
            (dropout): Dropout(p=0.1, inplace=False)
          )
        )
      )
    )
    (pooler): BertPooler(
      (dense): Linear(in_features=768, out_features=768, bias=True)
      (activation): Tanh()
    )
  )
  (mlm_cls): BertOnlyMLMHead(
    (predictions): BertLMPredictionHead(
      (transform): BertPredictionHeadTransform(
        (dense): Linear(in_features=768, out_features=768, bias=True)
        (LayerNorm): LayerNorm((768,), eps=1e-12, elementwise_affine=True)
      )
      (decoder): Linear(in_features=768, out_features=105879, bias=True)
    )
  )
  (seqcls_dropout): Dropout(p=0.1, inplace=False)
  (seqcls_classifier): Linear(in_features=768, out_features=2, bias=True)
)
00:00:16 - Evaluating every 1 epochs ...
00:00:16 - reading data from /mnt/home/puxuan/CLIR-project/Evaluation_data/process-clef/uncased
00:00:17 - test has 37 queries ...
00:00:17 - Data reading done ...
00:00:04 - Namespace(apex_level='O2', batch_size=8, cased=False, dataset='clef', debug=False, encoder_lr=2e-05, eval_step=1, full_doc_length=True, local_rank=2, model_path='/mnt/scratch/puxuan/long_qlm-rr/2186740/huggingface-2', model_type='mbert-long', num_epochs=20, num_ft_encoders=3, num_neg=1, projector_lr=2e-05, seed=611, source_lang='es', target_lang='fr')
00:00:21 - BertLongForXLRetrieval(
  (bert): BertModel(
    (embeddings): BertEmbeddings(
      (word_embeddings): Embedding(105879, 768, padding_idx=0)
      (position_embeddings): Embedding(1024, 768)
      (token_type_embeddings): Embedding(2, 768)
      (LayerNorm): LayerNorm((768,), eps=1e-12, elementwise_affine=True)
      (dropout): Dropout(p=0.1, inplace=False)
    )
    (encoder): BertEncoder(
      (layer): ModuleList(
        (0): BertLayer(
          (attention): BertAttention(
            (self): LongformerSelfAttention(
              (query): Linear(in_features=768, out_features=768, bias=True)
              (key): Linear(in_features=768, out_features=768, bias=True)
              (value): Linear(in_features=768, out_features=768, bias=True)
              (query_global): Linear(in_features=768, out_features=768, bias=True)
              (key_global): Linear(in_features=768, out_features=768, bias=True)
              (value_global): Linear(in_features=768, out_features=768, bias=True)
            )
            (output): BertSelfOutput(
              (dense): Linear(in_features=768, out_features=768, bias=True)
              (LayerNorm): LayerNorm((768,), eps=1e-12, elementwise_affine=True)
              (dropout): Dropout(p=0.1, inplace=False)
            )
          )
          (intermediate): BertIntermediate(
            (dense): Linear(in_features=768, out_features=3072, bias=True)
          )
          (output): BertOutput(
            (dense): Linear(in_features=3072, out_features=768, bias=True)
            (LayerNorm): LayerNorm((768,), eps=1e-12, elementwise_affine=True)
            (dropout): Dropout(p=0.1, inplace=False)
          )
        )
        (1): BertLayer(
          (attention): BertAttention(
            (self): LongformerSelfAttention(
              (query): Linear(in_features=768, out_features=768, bias=True)
              (key): Linear(in_features=768, out_features=768, bias=True)
              (value): Linear(in_features=768, out_features=768, bias=True)
              (query_global): Linear(in_features=768, out_features=768, bias=True)
              (key_global): Linear(in_features=768, out_features=768, bias=True)
              (value_global): Linear(in_features=768, out_features=768, bias=True)
            )
            (output): BertSelfOutput(
              (dense): Linear(in_features=768, out_features=768, bias=True)
              (LayerNorm): LayerNorm((768,), eps=1e-12, elementwise_affine=True)
              (dropout): Dropout(p=0.1, inplace=False)
            )
          )
          (intermediate): BertIntermediate(
            (dense): Linear(in_features=768, out_features=3072, bias=True)
          )
          (output): BertOutput(
            (dense): Linear(in_features=3072, out_features=768, bias=True)
            (LayerNorm): LayerNorm((768,), eps=1e-12, elementwise_affine=True)
            (dropout): Dropout(p=0.1, inplace=False)
          )
        )
        (2): BertLayer(
          (attention): BertAttention(
            (self): LongformerSelfAttention(
              (query): Linear(in_features=768, out_features=768, bias=True)
              (key): Linear(in_features=768, out_features=768, bias=True)
              (value): Linear(in_features=768, out_features=768, bias=True)
              (query_global): Linear(in_features=768, out_features=768, bias=True)
              (key_global): Linear(in_features=768, out_features=768, bias=True)
              (value_global): Linear(in_features=768, out_features=768, bias=True)
            )
            (output): BertSelfOutput(
              (dense): Linear(in_features=768, out_features=768, bias=True)
              (LayerNorm): LayerNorm((768,), eps=1e-12, elementwise_affine=True)
              (dropout): Dropout(p=0.1, inplace=False)
            )
          )
          (intermediate): BertIntermediate(
            (dense): Linear(in_features=768, out_features=3072, bias=True)
          )
          (output): BertOutput(
            (dense): Linear(in_features=3072, out_features=768, bias=True)
            (LayerNorm): LayerNorm((768,), eps=1e-12, elementwise_affine=True)
            (dropout): Dropout(p=0.1, inplace=False)
          )
        )
        (3): BertLayer(
          (attention): BertAttention(
            (self): LongformerSelfAttention(
              (query): Linear(in_features=768, out_features=768, bias=True)
              (key): Linear(in_features=768, out_features=768, bias=True)
              (value): Linear(in_features=768, out_features=768, bias=True)
              (query_global): Linear(in_features=768, out_features=768, bias=True)
              (key_global): Linear(in_features=768, out_features=768, bias=True)
              (value_global): Linear(in_features=768, out_features=768, bias=True)
            )
            (output): BertSelfOutput(
              (dense): Linear(in_features=768, out_features=768, bias=True)
              (LayerNorm): LayerNorm((768,), eps=1e-12, elementwise_affine=True)
              (dropout): Dropout(p=0.1, inplace=False)
            )
          )
          (intermediate): BertIntermediate(
            (dense): Linear(in_features=768, out_features=3072, bias=True)
          )
          (output): BertOutput(
            (dense): Linear(in_features=3072, out_features=768, bias=True)
            (LayerNorm): LayerNorm((768,), eps=1e-12, elementwise_affine=True)
            (dropout): Dropout(p=0.1, inplace=False)
          )
        )
        (4): BertLayer(
          (attention): BertAttention(
            (self): LongformerSelfAttention(
              (query): Linear(in_features=768, out_features=768, bias=True)
              (key): Linear(in_features=768, out_features=768, bias=True)
              (value): Linear(in_features=768, out_features=768, bias=True)
              (query_global): Linear(in_features=768, out_features=768, bias=True)
              (key_global): Linear(in_features=768, out_features=768, bias=True)
              (value_global): Linear(in_features=768, out_features=768, bias=True)
            )
            (output): BertSelfOutput(
              (dense): Linear(in_features=768, out_features=768, bias=True)
              (LayerNorm): LayerNorm((768,), eps=1e-12, elementwise_affine=True)
              (dropout): Dropout(p=0.1, inplace=False)
            )
          )
          (intermediate): BertIntermediate(
            (dense): Linear(in_features=768, out_features=3072, bias=True)
          )
          (output): BertOutput(
            (dense): Linear(in_features=3072, out_features=768, bias=True)
            (LayerNorm): LayerNorm((768,), eps=1e-12, elementwise_affine=True)
            (dropout): Dropout(p=0.1, inplace=False)
          )
        )
        (5): BertLayer(
          (attention): BertAttention(
            (self): LongformerSelfAttention(
              (query): Linear(in_features=768, out_features=768, bias=True)
              (key): Linear(in_features=768, out_features=768, bias=True)
              (value): Linear(in_features=768, out_features=768, bias=True)
              (query_global): Linear(in_features=768, out_features=768, bias=True)
              (key_global): Linear(in_features=768, out_features=768, bias=True)
              (value_global): Linear(in_features=768, out_features=768, bias=True)
            )
            (output): BertSelfOutput(
              (dense): Linear(in_features=768, out_features=768, bias=True)
              (LayerNorm): LayerNorm((768,), eps=1e-12, elementwise_affine=True)
              (dropout): Dropout(p=0.1, inplace=False)
            )
          )
          (intermediate): BertIntermediate(
            (dense): Linear(in_features=768, out_features=3072, bias=True)
          )
          (output): BertOutput(
            (dense): Linear(in_features=3072, out_features=768, bias=True)
            (LayerNorm): LayerNorm((768,), eps=1e-12, elementwise_affine=True)
            (dropout): Dropout(p=0.1, inplace=False)
          )
        )
        (6): BertLayer(
          (attention): BertAttention(
            (self): LongformerSelfAttention(
              (query): Linear(in_features=768, out_features=768, bias=True)
              (key): Linear(in_features=768, out_features=768, bias=True)
              (value): Linear(in_features=768, out_features=768, bias=True)
              (query_global): Linear(in_features=768, out_features=768, bias=True)
              (key_global): Linear(in_features=768, out_features=768, bias=True)
              (value_global): Linear(in_features=768, out_features=768, bias=True)
            )
            (output): BertSelfOutput(
              (dense): Linear(in_features=768, out_features=768, bias=True)
              (LayerNorm): LayerNorm((768,), eps=1e-12, elementwise_affine=True)
              (dropout): Dropout(p=0.1, inplace=False)
            )
          )
          (intermediate): BertIntermediate(
            (dense): Linear(in_features=768, out_features=3072, bias=True)
          )
          (output): BertOutput(
            (dense): Linear(in_features=3072, out_features=768, bias=True)
            (LayerNorm): LayerNorm((768,), eps=1e-12, elementwise_affine=True)
            (dropout): Dropout(p=0.1, inplace=False)
          )
        )
        (7): BertLayer(
          (attention): BertAttention(
            (self): LongformerSelfAttention(
              (query): Linear(in_features=768, out_features=768, bias=True)
              (key): Linear(in_features=768, out_features=768, bias=True)
              (value): Linear(in_features=768, out_features=768, bias=True)
              (query_global): Linear(in_features=768, out_features=768, bias=True)
              (key_global): Linear(in_features=768, out_features=768, bias=True)
              (value_global): Linear(in_features=768, out_features=768, bias=True)
            )
            (output): BertSelfOutput(
              (dense): Linear(in_features=768, out_features=768, bias=True)
              (LayerNorm): LayerNorm((768,), eps=1e-12, elementwise_affine=True)
              (dropout): Dropout(p=0.1, inplace=False)
            )
          )
          (intermediate): BertIntermediate(
            (dense): Linear(in_features=768, out_features=3072, bias=True)
          )
          (output): BertOutput(
            (dense): Linear(in_features=3072, out_features=768, bias=True)
            (LayerNorm): LayerNorm((768,), eps=1e-12, elementwise_affine=True)
            (dropout): Dropout(p=0.1, inplace=False)
          )
        )
        (8): BertLayer(
          (attention): BertAttention(
            (self): LongformerSelfAttention(
              (query): Linear(in_features=768, out_features=768, bias=True)
              (key): Linear(in_features=768, out_features=768, bias=True)
              (value): Linear(in_features=768, out_features=768, bias=True)
              (query_global): Linear(in_features=768, out_features=768, bias=True)
              (key_global): Linear(in_features=768, out_features=768, bias=True)
              (value_global): Linear(in_features=768, out_features=768, bias=True)
            )
            (output): BertSelfOutput(
              (dense): Linear(in_features=768, out_features=768, bias=True)
              (LayerNorm): LayerNorm((768,), eps=1e-12, elementwise_affine=True)
              (dropout): Dropout(p=0.1, inplace=False)
            )
          )
          (intermediate): BertIntermediate(
            (dense): Linear(in_features=768, out_features=3072, bias=True)
          )
          (output): BertOutput(
            (dense): Linear(in_features=3072, out_features=768, bias=True)
            (LayerNorm): LayerNorm((768,), eps=1e-12, elementwise_affine=True)
            (dropout): Dropout(p=0.1, inplace=False)
          )
        )
        (9): BertLayer(
          (attention): BertAttention(
            (self): LongformerSelfAttention(
              (query): Linear(in_features=768, out_features=768, bias=True)
              (key): Linear(in_features=768, out_features=768, bias=True)
              (value): Linear(in_features=768, out_features=768, bias=True)
              (query_global): Linear(in_features=768, out_features=768, bias=True)
              (key_global): Linear(in_features=768, out_features=768, bias=True)
              (value_global): Linear(in_features=768, out_features=768, bias=True)
            )
            (output): BertSelfOutput(
              (dense): Linear(in_features=768, out_features=768, bias=True)
              (LayerNorm): LayerNorm((768,), eps=1e-12, elementwise_affine=True)
              (dropout): Dropout(p=0.1, inplace=False)
            )
          )
          (intermediate): BertIntermediate(
            (dense): Linear(in_features=768, out_features=3072, bias=True)
          )
          (output): BertOutput(
            (dense): Linear(in_features=3072, out_features=768, bias=True)
            (LayerNorm): LayerNorm((768,), eps=1e-12, elementwise_affine=True)
            (dropout): Dropout(p=0.1, inplace=False)
          )
        )
        (10): BertLayer(
          (attention): BertAttention(
            (self): LongformerSelfAttention(
              (query): Linear(in_features=768, out_features=768, bias=True)
              (key): Linear(in_features=768, out_features=768, bias=True)
              (value): Linear(in_features=768, out_features=768, bias=True)
              (query_global): Linear(in_features=768, out_features=768, bias=True)
              (key_global): Linear(in_features=768, out_features=768, bias=True)
              (value_global): Linear(in_features=768, out_features=768, bias=True)
            )
            (output): BertSelfOutput(
              (dense): Linear(in_features=768, out_features=768, bias=True)
              (LayerNorm): LayerNorm((768,), eps=1e-12, elementwise_affine=True)
              (dropout): Dropout(p=0.1, inplace=False)
            )
          )
          (intermediate): BertIntermediate(
            (dense): Linear(in_features=768, out_features=3072, bias=True)
          )
          (output): BertOutput(
            (dense): Linear(in_features=3072, out_features=768, bias=True)
            (LayerNorm): LayerNorm((768,), eps=1e-12, elementwise_affine=True)
            (dropout): Dropout(p=0.1, inplace=False)
          )
        )
        (11): BertLayer(
          (attention): BertAttention(
            (self): LongformerSelfAttention(
              (query): Linear(in_features=768, out_features=768, bias=True)
              (key): Linear(in_features=768, out_features=768, bias=True)
              (value): Linear(in_features=768, out_features=768, bias=True)
              (query_global): Linear(in_features=768, out_features=768, bias=True)
              (key_global): Linear(in_features=768, out_features=768, bias=True)
              (value_global): Linear(in_features=768, out_features=768, bias=True)
            )
            (output): BertSelfOutput(
              (dense): Linear(in_features=768, out_features=768, bias=True)
              (LayerNorm): LayerNorm((768,), eps=1e-12, elementwise_affine=True)
              (dropout): Dropout(p=0.1, inplace=False)
            )
          )
          (intermediate): BertIntermediate(
            (dense): Linear(in_features=768, out_features=3072, bias=True)
          )
          (output): BertOutput(
            (dense): Linear(in_features=3072, out_features=768, bias=True)
            (LayerNorm): LayerNorm((768,), eps=1e-12, elementwise_affine=True)
            (dropout): Dropout(p=0.1, inplace=False)
          )
        )
      )
    )
    (pooler): BertPooler(
      (dense): Linear(in_features=768, out_features=768, bias=True)
      (activation): Tanh()
    )
  )
  (mlm_cls): BertOnlyMLMHead(
    (predictions): BertLMPredictionHead(
      (transform): BertPredictionHeadTransform(
        (dense): Linear(in_features=768, out_features=768, bias=True)
        (LayerNorm): LayerNorm((768,), eps=1e-12, elementwise_affine=True)
      )
      (decoder): Linear(in_features=768, out_features=105879, bias=True)
    )
  )
  (seqcls_dropout): Dropout(p=0.1, inplace=False)
  (seqcls_classifier): Linear(in_features=768, out_features=2, bias=True)
)
00:00:21 - Evaluating every 1 epochs ...
00:00:21 - reading data from /mnt/home/puxuan/CLIR-project/Evaluation_data/process-clef/uncased
00:00:21 - test has 37 queries ...
00:00:21 - Data reading done ...
00:00:28 - adding 9-th encoder to optimizer...
00:00:28 - adding 10-th encoder to optimizer...
00:00:28 - adding 11-th encoder to optimizer...
00:00:29 - process[2]: training epoch 0 ...
00:00:45 - process[2] - epoch 0 - train iter 241 - 17656.1 words/s - loss: 0.5453
00:00:45 - process[2]: training epoch 1 ...
00:01:01 - process[2] - epoch 1 - train iter 241 - 18416.0 words/s - loss: 0.5156
00:01:01 - process[2]: training epoch 2 ...
00:01:16 - process[2] - epoch 2 - train iter 241 - 18174.6 words/s - loss: 0.5198
00:01:16 - process[2]: training epoch 3 ...
00:01:32 - process[2] - epoch 3 - train iter 241 - 17660.4 words/s - loss: 0.5143
00:01:32 - process[2]: training epoch 4 ...
00:01:47 - process[2] - epoch 4 - train iter 241 - 18313.9 words/s - loss: 0.4440
00:01:47 - process[2]: training epoch 5 ...
00:02:03 - process[2] - epoch 5 - train iter 241 - 18666.6 words/s - loss: 0.4571
00:02:03 - process[2]: training epoch 6 ...
00:02:19 - process[2] - epoch 6 - train iter 241 - 18216.7 words/s - loss: 0.4189
00:02:19 - process[2]: training epoch 7 ...
00:02:35 - process[2] - epoch 7 - train iter 241 - 18114.6 words/s - loss: 0.4293
00:02:35 - process[2]: training epoch 8 ...
00:02:50 - process[2] - epoch 8 - train iter 241 - 18307.3 words/s - loss: 0.4234
00:02:50 - process[2]: training epoch 9 ...
00:03:06 - process[2] - epoch 9 - train iter 241 - 18239.1 words/s - loss: 0.3520
00:03:06 - process[2]: training epoch 10 ...
00:03:22 - process[2] - epoch 10 - train iter 241 - 18719.2 words/s - loss: 0.4052
00:03:22 - process[2]: evaluating epoch 10 on dev ...
00:03:50 - process[2] - dev - epoch 10 - mAP: 0.459 w/ 37 queries
00:03:50 - process[2]: evaluating epoch 10 on test ...
00:04:17 - test set during evaluation: 11380/11372
00:04:17 - process[2] - test - epoch 10 - mAP: 0.585 w/ 37 queries
00:04:17 - process[2]: training epoch 11 ...
00:04:33 - process[2] - epoch 11 - train iter 241 - 18115.7 words/s - loss: 0.3809
00:04:33 - process[2]: evaluating epoch 11 on dev ...
00:04:58 - process[2] - dev - epoch 11 - mAP: 0.454 w/ 37 queries
00:04:58 - process[2]: training epoch 12 ...
00:05:14 - process[2] - epoch 12 - train iter 241 - 18206.1 words/s - loss: 0.3612
00:05:14 - process[2]: evaluating epoch 12 on dev ...
00:05:40 - process[2] - dev - epoch 12 - mAP: 0.472 w/ 37 queries
00:05:40 - process[2]: evaluating epoch 12 on test ...
00:06:07 - test set during evaluation: 11380/11372
00:06:07 - process[2] - test - epoch 12 - mAP: 0.599 w/ 37 queries
00:06:07 - process[2]: training epoch 13 ...
00:06:23 - process[2] - epoch 13 - train iter 241 - 18219.8 words/s - loss: 0.3788
00:06:23 - process[2]: evaluating epoch 13 on dev ...
00:06:48 - process[2] - dev - epoch 13 - mAP: 0.467 w/ 37 queries
00:06:48 - process[2]: training epoch 14 ...
00:07:04 - process[2] - epoch 14 - train iter 241 - 18470.9 words/s - loss: 0.3611
00:07:04 - process[2]: evaluating epoch 14 on dev ...
00:07:30 - process[2] - dev - epoch 14 - mAP: 0.477 w/ 37 queries
00:07:30 - process[2]: evaluating epoch 14 on test ...
00:07:56 - test set during evaluation: 11380/11372
00:07:56 - process[2] - test - epoch 14 - mAP: 0.599 w/ 37 queries
00:07:56 - process[2]: training epoch 15 ...
00:08:11 - process[2] - epoch 15 - train iter 241 - 18467.2 words/s - loss: 0.3812
00:08:11 - process[2]: evaluating epoch 15 on dev ...
00:08:38 - process[2] - dev - epoch 15 - mAP: 0.484 w/ 37 queries
00:08:38 - process[2]: evaluating epoch 15 on test ...
00:09:04 - test set during evaluation: 11380/11372
00:09:04 - process[2] - test - epoch 15 - mAP: 0.618 w/ 37 queries
00:09:04 - process[2]: training epoch 16 ...
00:09:20 - process[2] - epoch 16 - train iter 241 - 18009.3 words/s - loss: 0.3412
00:09:20 - process[2]: evaluating epoch 16 on dev ...
00:09:46 - process[2] - dev - epoch 16 - mAP: 0.474 w/ 37 queries
00:09:46 - process[2]: training epoch 17 ...
00:10:02 - process[2] - epoch 17 - train iter 241 - 17567.4 words/s - loss: 0.3849
00:10:02 - process[2]: evaluating epoch 17 on dev ...
00:10:27 - process[2] - dev - epoch 17 - mAP: 0.480 w/ 37 queries
00:10:27 - process[2]: training epoch 18 ...
00:10:43 - process[2] - epoch 18 - train iter 241 - 18243.6 words/s - loss: 0.3333
00:10:43 - process[2]: evaluating epoch 18 on dev ...
00:11:09 - process[2] - dev - epoch 18 - mAP: 0.482 w/ 37 queries
00:11:09 - process[2]: training epoch 19 ...
00:11:25 - process[2] - epoch 19 - train iter 241 - 18580.8 words/s - loss: 0.3645
00:11:25 - process[2]: evaluating epoch 19 on dev ...
00:11:50 - process[2] - dev - epoch 19 - mAP: 0.485 w/ 37 queries
00:11:50 - process[2]: evaluating epoch 19 on test ...
00:12:17 - test set during evaluation: 11380/11372
00:12:17 - process[2] - test - epoch 19 - mAP: 0.599 w/ 37 queries
00:12:17 - [fold 1] best test MAP: 0.599 @ epoch 19
00:12:17 - Evaluating every 1 epochs ...
00:12:17 - reading data from /mnt/home/puxuan/CLIR-project/Evaluation_data/process-clef/uncased
00:12:17 - test has 37 queries ...
00:12:17 - Data reading done ...
00:12:19 - adding 9-th encoder to optimizer...
00:12:19 - adding 10-th encoder to optimizer...
00:12:19 - adding 11-th encoder to optimizer...
00:12:19 - process[2]: training epoch 0 ...
00:12:38 - process[2] - epoch 0 - train iter 276 - 17842.4 words/s - loss: 0.5559
00:12:38 - process[2]: training epoch 1 ...
00:12:57 - process[2] - epoch 1 - train iter 276 - 17728.5 words/s - loss: 0.5087
00:12:57 - process[2]: training epoch 2 ...
00:13:15 - process[2] - epoch 2 - train iter 276 - 18199.5 words/s - loss: 0.4607
00:13:15 - process[2]: training epoch 3 ...
00:13:34 - process[2] - epoch 3 - train iter 276 - 17928.8 words/s - loss: 0.4571
00:13:34 - process[2]: training epoch 4 ...
00:13:52 - process[2] - epoch 4 - train iter 276 - 17960.2 words/s - loss: 0.4499
00:13:52 - process[2]: training epoch 5 ...
00:14:11 - process[2] - epoch 5 - train iter 276 - 17886.0 words/s - loss: 0.4688
00:14:11 - process[2]: training epoch 6 ...
00:14:30 - process[2] - epoch 6 - train iter 276 - 18248.3 words/s - loss: 0.4187
00:14:30 - process[2]: training epoch 7 ...
00:14:49 - process[2] - epoch 7 - train iter 276 - 17497.6 words/s - loss: 0.4104
00:14:49 - process[2]: training epoch 8 ...
00:15:08 - process[2] - epoch 8 - train iter 276 - 17668.3 words/s - loss: 0.4191
00:15:08 - process[2]: training epoch 9 ...
00:15:26 - process[2] - epoch 9 - train iter 276 - 17810.9 words/s - loss: 0.3872
00:15:26 - process[2]: training epoch 10 ...
00:15:45 - process[2] - epoch 10 - train iter 276 - 17579.5 words/s - loss: 0.4196
00:15:45 - process[2]: evaluating epoch 10 on dev ...
00:16:12 - dev set during evaluation: 11380/11372
00:16:13 - process[2] - dev - epoch 10 - mAP: 0.597 w/ 37 queries
00:16:13 - process[2]: evaluating epoch 10 on test ...
00:16:37 - process[2] - test - epoch 10 - mAP: 0.549 w/ 37 queries
00:16:37 - process[2]: training epoch 11 ...
00:16:56 - process[2] - epoch 11 - train iter 276 - 17171.9 words/s - loss: 0.3744
00:16:56 - process[2]: evaluating epoch 11 on dev ...
00:17:23 - dev set during evaluation: 11380/11372
00:17:23 - process[2] - dev - epoch 11 - mAP: 0.595 w/ 37 queries
00:17:23 - process[2]: training epoch 12 ...
00:17:42 - process[2] - epoch 12 - train iter 276 - 18210.5 words/s - loss: 0.3779
00:17:42 - process[2]: evaluating epoch 12 on dev ...
00:18:08 - dev set during evaluation: 11380/11372
00:18:08 - process[2] - dev - epoch 12 - mAP: 0.575 w/ 37 queries
00:18:08 - process[2]: training epoch 13 ...
00:18:26 - process[2] - epoch 13 - train iter 276 - 18029.9 words/s - loss: 0.3218
00:18:26 - process[2]: evaluating epoch 13 on dev ...
00:18:53 - dev set during evaluation: 11380/11372
00:18:53 - process[2] - dev - epoch 13 - mAP: 0.595 w/ 37 queries
00:18:53 - process[2]: training epoch 14 ...
00:19:12 - process[2] - epoch 14 - train iter 276 - 17923.3 words/s - loss: 0.3811
00:19:12 - process[2]: evaluating epoch 14 on dev ...
00:19:38 - dev set during evaluation: 11380/11372
00:19:38 - process[2] - dev - epoch 14 - mAP: 0.561 w/ 37 queries
00:19:38 - process[2]: training epoch 15 ...
00:19:56 - process[2] - epoch 15 - train iter 276 - 17442.8 words/s - loss: 0.3253
00:19:56 - process[2]: evaluating epoch 15 on dev ...
00:20:23 - dev set during evaluation: 11380/11372
00:20:23 - process[2] - dev - epoch 15 - mAP: 0.594 w/ 37 queries
00:20:23 - process[2]: training epoch 16 ...
00:20:42 - process[2] - epoch 16 - train iter 276 - 18123.5 words/s - loss: 0.3722
00:20:42 - process[2]: evaluating epoch 16 on dev ...
00:21:08 - dev set during evaluation: 11380/11372
00:21:08 - process[2] - dev - epoch 16 - mAP: 0.562 w/ 37 queries
00:21:08 - process[2]: training epoch 17 ...
00:21:27 - process[2] - epoch 17 - train iter 276 - 17689.9 words/s - loss: 0.4016
00:21:27 - process[2]: evaluating epoch 17 on dev ...
00:21:53 - dev set during evaluation: 11380/11372
00:21:53 - process[2] - dev - epoch 17 - mAP: 0.575 w/ 37 queries
00:21:53 - process[2]: training epoch 18 ...
00:22:12 - process[2] - epoch 18 - train iter 276 - 17960.5 words/s - loss: 0.3770
00:22:12 - process[2]: evaluating epoch 18 on dev ...
00:22:38 - dev set during evaluation: 11380/11372
00:22:38 - process[2] - dev - epoch 18 - mAP: 0.550 w/ 37 queries
00:22:38 - process[2]: training epoch 19 ...
00:22:58 - process[2] - epoch 19 - train iter 276 - 18097.0 words/s - loss: 0.3814
00:22:58 - process[2]: evaluating epoch 19 on dev ...
00:23:24 - dev set during evaluation: 11380/11372
00:23:24 - process[2] - dev - epoch 19 - mAP: 0.591 w/ 37 queries
00:23:24 - [fold 2] best test MAP: 0.549 @ epoch 10
00:23:24 - Evaluating every 1 epochs ...
00:23:24 - reading data from /mnt/home/puxuan/CLIR-project/Evaluation_data/process-clef/uncased
00:23:25 - test has 37 queries ...
00:23:25 - Data reading done ...
00:23:26 - adding 9-th encoder to optimizer...
00:23:26 - adding 10-th encoder to optimizer...
00:23:26 - adding 11-th encoder to optimizer...
00:23:27 - process[2]: training epoch 0 ...
00:23:42 - process[2] - epoch 0 - train iter 240 - 17913.5 words/s - loss: 0.5507
00:23:42 - process[2]: training epoch 1 ...
00:23:59 - process[2] - epoch 1 - train iter 240 - 16950.0 words/s - loss: 0.5001
00:23:59 - process[2]: training epoch 2 ...
00:24:14 - process[2] - epoch 2 - train iter 240 - 17686.3 words/s - loss: 0.5037
00:24:14 - process[2]: training epoch 3 ...
00:24:30 - process[2] - epoch 3 - train iter 240 - 17814.5 words/s - loss: 0.4670
00:24:30 - process[2]: training epoch 4 ...
00:24:46 - process[2] - epoch 4 - train iter 240 - 17785.4 words/s - loss: 0.4476
00:24:46 - process[2]: training epoch 5 ...
00:25:03 - process[2] - epoch 5 - train iter 240 - 16597.3 words/s - loss: 0.4567
00:25:03 - process[2]: training epoch 6 ...
00:25:18 - process[2] - epoch 6 - train iter 240 - 17424.3 words/s - loss: 0.4559
00:25:18 - process[2]: training epoch 7 ...
00:25:35 - process[2] - epoch 7 - train iter 240 - 17558.1 words/s - loss: 0.4381
00:25:35 - process[2]: training epoch 8 ...
00:25:51 - process[2] - epoch 8 - train iter 240 - 17886.6 words/s - loss: 0.4489
00:25:51 - process[2]: training epoch 9 ...
00:26:07 - process[2] - epoch 9 - train iter 240 - 17820.5 words/s - loss: 0.4356
00:26:07 - process[2]: training epoch 10 ...
00:26:23 - process[2] - epoch 10 - train iter 240 - 17978.0 words/s - loss: 0.4075
00:26:23 - process[2]: evaluating epoch 10 on dev ...
00:26:47 - process[2] - dev - epoch 10 - mAP: 0.555 w/ 37 queries
00:26:47 - process[2]: evaluating epoch 10 on test ...
00:27:15 - test set during evaluation: 11210/11201
00:27:15 - process[2] - test - epoch 10 - mAP: 0.556 w/ 37 queries
00:27:15 - process[2]: training epoch 11 ...
00:27:31 - process[2] - epoch 11 - train iter 240 - 17715.8 words/s - loss: 0.3803
00:27:31 - process[2]: evaluating epoch 11 on dev ...
00:27:55 - process[2] - dev - epoch 11 - mAP: 0.551 w/ 37 queries
00:27:55 - process[2]: training epoch 12 ...
00:28:11 - process[2] - epoch 12 - train iter 240 - 17414.8 words/s - loss: 0.4116
00:28:11 - process[2]: evaluating epoch 12 on dev ...
00:28:36 - process[2] - dev - epoch 12 - mAP: 0.545 w/ 37 queries
00:28:36 - process[2]: training epoch 13 ...
00:28:52 - process[2] - epoch 13 - train iter 240 - 17416.2 words/s - loss: 0.4126
00:28:52 - process[2]: evaluating epoch 13 on dev ...
00:29:16 - process[2] - dev - epoch 13 - mAP: 0.542 w/ 37 queries
00:29:16 - process[2]: training epoch 14 ...
00:29:32 - process[2] - epoch 14 - train iter 240 - 17208.9 words/s - loss: 0.3744
00:29:32 - process[2]: evaluating epoch 14 on dev ...
00:29:57 - process[2] - dev - epoch 14 - mAP: 0.547 w/ 37 queries
00:29:57 - process[2]: training epoch 15 ...
00:30:13 - process[2] - epoch 15 - train iter 240 - 18357.4 words/s - loss: 0.3796
00:30:13 - process[2]: evaluating epoch 15 on dev ...
00:30:37 - process[2] - dev - epoch 15 - mAP: 0.555 w/ 37 queries
00:30:37 - process[2]: evaluating epoch 15 on test ...
00:31:04 - test set during evaluation: 11210/11201
00:31:04 - process[2] - test - epoch 15 - mAP: 0.557 w/ 37 queries
00:31:05 - process[2]: training epoch 16 ...
00:31:20 - process[2] - epoch 16 - train iter 240 - 17606.2 words/s - loss: 0.3528
00:31:20 - process[2]: evaluating epoch 16 on dev ...
00:31:45 - process[2] - dev - epoch 16 - mAP: 0.546 w/ 37 queries
00:31:45 - process[2]: training epoch 17 ...
00:32:01 - process[2] - epoch 17 - train iter 240 - 17822.6 words/s - loss: 0.3483
00:32:01 - process[2]: evaluating epoch 17 on dev ...
00:32:25 - process[2] - dev - epoch 17 - mAP: 0.547 w/ 37 queries
00:32:25 - process[2]: training epoch 18 ...
00:32:42 - process[2] - epoch 18 - train iter 240 - 16365.0 words/s - loss: 0.3670
00:32:42 - process[2]: evaluating epoch 18 on dev ...
00:33:06 - process[2] - dev - epoch 18 - mAP: 0.553 w/ 37 queries
00:33:06 - process[2]: training epoch 19 ...
00:33:22 - process[2] - epoch 19 - train iter 240 - 17848.6 words/s - loss: 0.3270
00:33:22 - process[2]: evaluating epoch 19 on dev ...
00:33:47 - process[2] - dev - epoch 19 - mAP: 0.551 w/ 37 queries
00:33:47 - [fold 3] best test MAP: 0.557 @ epoch 15
00:33:47 - Evaluating every 1 epochs ...
00:33:47 - reading data from /mnt/home/puxuan/CLIR-project/Evaluation_data/process-clef/uncased
00:33:47 - test has 37 queries ...
00:33:47 - Data reading done ...
00:33:48 - adding 9-th encoder to optimizer...
00:33:48 - adding 10-th encoder to optimizer...
00:33:48 - adding 11-th encoder to optimizer...
00:33:49 - process[2]: training epoch 0 ...
00:34:04 - process[2] - epoch 0 - train iter 231 - 17748.3 words/s - loss: 0.5749
00:34:04 - process[2]: training epoch 1 ...
00:34:20 - process[2] - epoch 1 - train iter 231 - 17950.1 words/s - loss: 0.5035
00:34:20 - process[2]: training epoch 2 ...
00:34:35 - process[2] - epoch 2 - train iter 231 - 17667.6 words/s - loss: 0.4557
00:34:35 - process[2]: training epoch 3 ...
00:34:51 - process[2] - epoch 3 - train iter 231 - 18431.6 words/s - loss: 0.4759
00:34:51 - process[2]: training epoch 4 ...
00:35:07 - process[2] - epoch 4 - train iter 231 - 17289.3 words/s - loss: 0.4293
00:35:07 - process[2]: training epoch 5 ...
00:35:22 - process[2] - epoch 5 - train iter 231 - 17990.8 words/s - loss: 0.4493
00:35:22 - process[2]: training epoch 6 ...
00:35:37 - process[2] - epoch 6 - train iter 231 - 17685.6 words/s - loss: 0.4516
00:35:37 - process[2]: training epoch 7 ...
00:35:53 - process[2] - epoch 7 - train iter 231 - 17705.1 words/s - loss: 0.4184
00:35:53 - process[2]: training epoch 8 ...
00:36:08 - process[2] - epoch 8 - train iter 231 - 16876.5 words/s - loss: 0.4546
00:36:08 - process[2]: training epoch 9 ...
00:36:24 - process[2] - epoch 9 - train iter 231 - 17604.0 words/s - loss: 0.4298
00:36:24 - process[2]: training epoch 10 ...
00:36:39 - process[2] - epoch 10 - train iter 231 - 17178.7 words/s - loss: 0.4021
00:36:39 - process[2]: evaluating epoch 10 on dev ...
00:37:07 - dev set during evaluation: 11210/11201
00:37:07 - process[2] - dev - epoch 10 - mAP: 0.562 w/ 37 queries
00:37:07 - process[2]: evaluating epoch 10 on test ...
00:37:32 - test set during evaluation: 10640/10633
00:37:32 - process[2] - test - epoch 10 - mAP: 0.494 w/ 37 queries
00:37:32 - process[2]: training epoch 11 ...
00:37:48 - process[2] - epoch 11 - train iter 231 - 17579.0 words/s - loss: 0.3704
00:37:48 - process[2]: evaluating epoch 11 on dev ...
00:38:15 - dev set during evaluation: 11210/11201
00:38:15 - process[2] - dev - epoch 11 - mAP: 0.558 w/ 37 queries
00:38:15 - process[2]: training epoch 12 ...
00:38:31 - process[2] - epoch 12 - train iter 231 - 17671.6 words/s - loss: 0.3896
00:38:31 - process[2]: evaluating epoch 12 on dev ...
00:38:58 - dev set during evaluation: 11210/11201
00:38:58 - process[2] - dev - epoch 12 - mAP: 0.573 w/ 37 queries
00:38:58 - process[2]: evaluating epoch 12 on test ...
00:39:23 - test set during evaluation: 10640/10633
00:39:23 - process[2] - test - epoch 12 - mAP: 0.495 w/ 37 queries
00:39:23 - process[2]: training epoch 13 ...
00:39:39 - process[2] - epoch 13 - train iter 231 - 17817.5 words/s - loss: 0.3494
00:39:39 - process[2]: evaluating epoch 13 on dev ...
00:40:07 - dev set during evaluation: 11210/11201
00:40:07 - process[2] - dev - epoch 13 - mAP: 0.574 w/ 37 queries
00:40:07 - process[2]: evaluating epoch 13 on test ...
00:40:32 - test set during evaluation: 10640/10633
00:40:32 - process[2] - test - epoch 13 - mAP: 0.478 w/ 37 queries
00:40:32 - process[2]: training epoch 14 ...
00:40:47 - process[2] - epoch 14 - train iter 231 - 17675.3 words/s - loss: 0.3343
00:40:47 - process[2]: evaluating epoch 14 on dev ...
00:41:15 - dev set during evaluation: 11210/11201
00:41:15 - process[2] - dev - epoch 14 - mAP: 0.573 w/ 37 queries
00:41:15 - process[2]: training epoch 15 ...
00:41:30 - process[2] - epoch 15 - train iter 231 - 18029.6 words/s - loss: 0.3980
00:41:30 - process[2]: evaluating epoch 15 on dev ...
00:41:58 - dev set during evaluation: 11210/11201
00:41:58 - process[2] - dev - epoch 15 - mAP: 0.575 w/ 37 queries
00:41:58 - process[2]: evaluating epoch 15 on test ...
00:42:23 - test set during evaluation: 10640/10633
00:42:23 - process[2] - test - epoch 15 - mAP: 0.493 w/ 37 queries
00:42:23 - process[2]: training epoch 16 ...
00:42:39 - process[2] - epoch 16 - train iter 231 - 17153.7 words/s - loss: 0.3516
00:42:39 - process[2]: evaluating epoch 16 on dev ...
00:43:06 - dev set during evaluation: 11210/11201
00:43:06 - process[2] - dev - epoch 16 - mAP: 0.575 w/ 37 queries
00:43:06 - process[2]: training epoch 17 ...
00:43:21 - process[2] - epoch 17 - train iter 231 - 17850.4 words/s - loss: 0.3161
00:43:21 - process[2]: evaluating epoch 17 on dev ...
00:43:49 - dev set during evaluation: 11210/11201
00:43:49 - process[2] - dev - epoch 17 - mAP: 0.561 w/ 37 queries
00:43:49 - process[2]: training epoch 18 ...
00:44:04 - process[2] - epoch 18 - train iter 231 - 17920.0 words/s - loss: 0.3542
00:44:04 - process[2]: evaluating epoch 18 on dev ...
00:44:32 - dev set during evaluation: 11210/11201
00:44:32 - process[2] - dev - epoch 18 - mAP: 0.556 w/ 37 queries
00:44:32 - process[2]: training epoch 19 ...
00:44:47 - process[2] - epoch 19 - train iter 231 - 16843.4 words/s - loss: 0.3406
00:44:47 - process[2]: evaluating epoch 19 on dev ...
00:45:15 - dev set during evaluation: 11210/11201
00:45:15 - process[2] - dev - epoch 19 - mAP: 0.553 w/ 37 queries
00:45:15 - [fold 4] best test MAP: 0.493 @ epoch 15
00:45:15 - Evaluating every 1 epochs ...
00:45:15 - reading data from /mnt/home/puxuan/CLIR-project/Evaluation_data/process-clef/uncased
00:45:15 - test has 37 queries ...
00:45:15 - Data reading done ...
00:45:17 - adding 9-th encoder to optimizer...
00:45:17 - adding 10-th encoder to optimizer...
00:45:17 - adding 11-th encoder to optimizer...
00:45:17 - process[2]: training epoch 0 ...
00:45:34 - process[2] - epoch 0 - train iter 235 - 17889.3 words/s - loss: 0.5612
00:45:34 - process[2]: training epoch 1 ...
00:45:49 - process[2] - epoch 1 - train iter 235 - 17500.3 words/s - loss: 0.5194
00:45:49 - process[2]: training epoch 2 ...
00:46:05 - process[2] - epoch 2 - train iter 235 - 17738.4 words/s - loss: 0.4376
00:46:05 - process[2]: training epoch 3 ...
00:46:21 - process[2] - epoch 3 - train iter 235 - 17929.7 words/s - loss: 0.4424
00:46:21 - process[2]: training epoch 4 ...
00:46:36 - process[2] - epoch 4 - train iter 235 - 18208.2 words/s - loss: 0.4308
00:46:36 - process[2]: training epoch 5 ...
00:46:51 - process[2] - epoch 5 - train iter 235 - 17793.6 words/s - loss: 0.3973
00:46:51 - process[2]: training epoch 6 ...
00:47:07 - process[2] - epoch 6 - train iter 235 - 17633.7 words/s - loss: 0.4349
00:47:07 - process[2]: training epoch 7 ...
00:47:22 - process[2] - epoch 7 - train iter 235 - 17709.8 words/s - loss: 0.3517
00:47:22 - process[2]: training epoch 8 ...
00:47:37 - process[2] - epoch 8 - train iter 235 - 17472.9 words/s - loss: 0.4359
00:47:37 - process[2]: training epoch 9 ...
00:47:53 - process[2] - epoch 9 - train iter 235 - 17594.0 words/s - loss: 0.3970
00:47:53 - process[2]: training epoch 10 ...
00:48:09 - process[2] - epoch 10 - train iter 235 - 17346.2 words/s - loss: 0.3777
00:48:09 - process[2]: evaluating epoch 10 on dev ...
00:48:36 - dev set during evaluation: 10640/10633
00:48:36 - process[2] - dev - epoch 10 - mAP: 0.480 w/ 37 queries
00:48:36 - process[2]: evaluating epoch 10 on test ...
00:49:02 - process[2] - test - epoch 10 - mAP: 0.479 w/ 37 queries
00:49:02 - process[2]: training epoch 11 ...
00:49:18 - process[2] - epoch 11 - train iter 235 - 17875.9 words/s - loss: 0.3566
00:49:18 - process[2]: evaluating epoch 11 on dev ...
00:49:43 - dev set during evaluation: 10640/10633
00:49:43 - process[2] - dev - epoch 11 - mAP: 0.483 w/ 37 queries
00:49:43 - process[2]: evaluating epoch 11 on test ...
00:50:09 - process[2] - test - epoch 11 - mAP: 0.485 w/ 37 queries
00:50:09 - process[2]: training epoch 12 ...
00:50:25 - process[2] - epoch 12 - train iter 235 - 18491.3 words/s - loss: 0.3739
00:50:25 - process[2]: evaluating epoch 12 on dev ...
00:50:50 - dev set during evaluation: 10640/10633
00:50:50 - process[2] - dev - epoch 12 - mAP: 0.493 w/ 37 queries
00:50:50 - process[2]: evaluating epoch 12 on test ...
00:51:16 - process[2] - test - epoch 12 - mAP: 0.484 w/ 37 queries
00:51:16 - process[2]: training epoch 13 ...
00:51:32 - process[2] - epoch 13 - train iter 235 - 17651.4 words/s - loss: 0.3395
00:51:32 - process[2]: evaluating epoch 13 on dev ...
00:51:57 - dev set during evaluation: 10640/10633
00:51:57 - process[2] - dev - epoch 13 - mAP: 0.489 w/ 37 queries
00:51:57 - process[2]: training epoch 14 ...
00:52:13 - process[2] - epoch 14 - train iter 235 - 17774.4 words/s - loss: 0.3445
00:52:13 - process[2]: evaluating epoch 14 on dev ...
00:52:39 - dev set during evaluation: 10640/10633
00:52:39 - process[2] - dev - epoch 14 - mAP: 0.500 w/ 37 queries
00:52:39 - process[2]: evaluating epoch 14 on test ...
00:53:04 - process[2] - test - epoch 14 - mAP: 0.479 w/ 37 queries
00:53:04 - process[2]: training epoch 15 ...
00:53:20 - process[2] - epoch 15 - train iter 235 - 17580.3 words/s - loss: 0.3240
00:53:20 - process[2]: evaluating epoch 15 on dev ...
00:53:45 - dev set during evaluation: 10640/10633
00:53:45 - process[2] - dev - epoch 15 - mAP: 0.498 w/ 37 queries
00:53:45 - process[2]: training epoch 16 ...
00:54:01 - process[2] - epoch 16 - train iter 235 - 17206.7 words/s - loss: 0.4124
00:54:01 - process[2]: evaluating epoch 16 on dev ...
00:54:26 - dev set during evaluation: 10640/10633
00:54:26 - process[2] - dev - epoch 16 - mAP: 0.525 w/ 37 queries
00:54:26 - process[2]: evaluating epoch 16 on test ...
00:54:52 - process[2] - test - epoch 16 - mAP: 0.485 w/ 37 queries
00:54:52 - process[2]: training epoch 17 ...
00:55:07 - process[2] - epoch 17 - train iter 235 - 17206.5 words/s - loss: 0.3853
00:55:07 - process[2]: evaluating epoch 17 on dev ...
00:55:33 - dev set during evaluation: 10640/10633
00:55:33 - process[2] - dev - epoch 17 - mAP: 0.492 w/ 37 queries
00:55:33 - process[2]: training epoch 18 ...
00:55:48 - process[2] - epoch 18 - train iter 235 - 17548.4 words/s - loss: 0.3117
00:55:48 - process[2]: evaluating epoch 18 on dev ...
00:56:13 - dev set during evaluation: 10640/10633
00:56:13 - process[2] - dev - epoch 18 - mAP: 0.475 w/ 37 queries
00:56:13 - process[2]: training epoch 19 ...
00:56:29 - process[2] - epoch 19 - train iter 235 - 18149.4 words/s - loss: 0.3460
00:56:29 - process[2]: evaluating epoch 19 on dev ...
00:56:54 - dev set during evaluation: 10640/10633
00:56:54 - process[2] - dev - epoch 19 - mAP: 0.489 w/ 37 queries
00:56:54 - [fold 5] best test MAP: 0.485 @ epoch 16
00:56:54 - [0.598759418777569, 0.5492827198485035, 0.5565416503861286, 0.49276745177213443, 0.48538509492961196]
00:56:54 - [37, 37, 37, 37, 37]
00:56:54 - final MAP: 0.537
