00:00:06 - Namespace(apex_level='O2', batch_size=8, cased=False, dataset='clef', debug=False, encoder_lr=2e-05, eval_step=1, full_doc_length=True, local_rank=1, model_path='/mnt/scratch/puxuan/short_qlm_0.45/2186793/huggingface-19', model_type='mbert', num_epochs=20, num_ft_encoders=3, num_neg=1, projector_lr=2e-05, seed=611, source_lang='en', target_lang='de')
00:00:14 - Evaluating every 1 epochs ...
00:00:14 - reading data from /mnt/home/puxuan/CLIR-project/Evaluation_data/process-clef/uncased
00:00:15 - test has 38 queries ...
00:00:15 - Data reading done ...
00:00:22 - adding 9-th encoder to optimizer...
00:00:22 - adding 10-th encoder to optimizer...
00:00:22 - adding 11-th encoder to optimizer...
00:00:23 - process[1]: training epoch 0 ...
00:00:40 - process[1] - epoch 0 - train iter 423 - 18981.3 words/s - loss: 0.6010
00:00:40 - process[1]: training epoch 1 ...
00:00:58 - process[1] - epoch 1 - train iter 423 - 18877.7 words/s - loss: 0.5363
00:00:58 - process[1]: training epoch 2 ...
00:01:14 - process[1] - epoch 2 - train iter 423 - 20591.0 words/s - loss: 0.4958
00:01:14 - process[1]: training epoch 3 ...
00:01:32 - process[1] - epoch 3 - train iter 423 - 18666.1 words/s - loss: 0.4934
00:01:32 - process[1]: training epoch 4 ...
00:01:48 - process[1] - epoch 4 - train iter 423 - 20369.3 words/s - loss: 0.4946
00:01:48 - process[1]: training epoch 5 ...
00:02:03 - process[1] - epoch 5 - train iter 423 - 22863.4 words/s - loss: 0.4771
00:02:03 - process[1]: training epoch 6 ...
00:02:19 - process[1] - epoch 6 - train iter 423 - 20192.0 words/s - loss: 0.4647
00:02:19 - process[1]: training epoch 7 ...
00:02:36 - process[1] - epoch 7 - train iter 423 - 20405.8 words/s - loss: 0.4273
00:02:36 - process[1]: training epoch 8 ...
00:02:52 - process[1] - epoch 8 - train iter 423 - 20913.1 words/s - loss: 0.4582
00:02:52 - process[1]: training epoch 9 ...
00:03:08 - process[1] - epoch 9 - train iter 423 - 20360.5 words/s - loss: 0.4034
00:03:08 - process[1]: training epoch 10 ...
00:03:25 - process[1] - epoch 10 - train iter 423 - 20020.1 words/s - loss: 0.4011
00:03:25 - process[1]: evaluating epoch 10 on dev ...
00:03:54 - dev set during evaluation: 13890/13887
00:03:54 - process[1] - dev - epoch 10 - mAP: 0.479 w/ 38 queries
00:03:54 - process[1]: evaluating epoch 10 on test ...
00:04:24 - test set during evaluation: 15580/15574
00:04:24 - process[1] - test - epoch 10 - mAP: 0.441 w/ 38 queries
00:04:24 - process[1]: training epoch 11 ...
00:04:41 - process[1] - epoch 11 - train iter 423 - 19994.6 words/s - loss: 0.4027
00:04:41 - process[1]: evaluating epoch 11 on dev ...
00:05:10 - dev set during evaluation: 13890/13887
00:05:10 - process[1] - dev - epoch 11 - mAP: 0.466 w/ 38 queries
00:05:10 - process[1]: training epoch 12 ...
00:05:26 - process[1] - epoch 12 - train iter 423 - 20960.9 words/s - loss: 0.4024
00:05:26 - process[1]: evaluating epoch 12 on dev ...
00:05:56 - dev set during evaluation: 13890/13887
00:05:56 - process[1] - dev - epoch 12 - mAP: 0.459 w/ 38 queries
00:05:56 - process[1]: training epoch 13 ...
00:06:11 - process[1] - epoch 13 - train iter 423 - 21667.8 words/s - loss: 0.3795
00:06:11 - process[1]: evaluating epoch 13 on dev ...
00:06:42 - dev set during evaluation: 13890/13887
00:06:42 - process[1] - dev - epoch 13 - mAP: 0.471 w/ 38 queries
00:06:42 - process[1]: training epoch 14 ...
00:06:58 - process[1] - epoch 14 - train iter 423 - 19844.9 words/s - loss: 0.3934
00:06:58 - process[1]: evaluating epoch 14 on dev ...
00:07:27 - dev set during evaluation: 13890/13887
00:07:27 - process[1] - dev - epoch 14 - mAP: 0.462 w/ 38 queries
00:07:27 - process[1]: training epoch 15 ...
00:07:43 - process[1] - epoch 15 - train iter 423 - 20266.9 words/s - loss: 0.4057
00:07:43 - process[1]: evaluating epoch 15 on dev ...
00:08:13 - dev set during evaluation: 13890/13887
00:08:13 - process[1] - dev - epoch 15 - mAP: 0.472 w/ 38 queries
00:08:13 - process[1]: training epoch 16 ...
00:08:28 - process[1] - epoch 16 - train iter 423 - 21544.9 words/s - loss: 0.3736
00:08:28 - process[1]: evaluating epoch 16 on dev ...
00:08:58 - dev set during evaluation: 13890/13887
00:08:58 - process[1] - dev - epoch 16 - mAP: 0.472 w/ 38 queries
00:08:58 - process[1]: training epoch 17 ...
00:09:15 - process[1] - epoch 17 - train iter 423 - 20065.8 words/s - loss: 0.3913
00:09:15 - process[1]: evaluating epoch 17 on dev ...
00:09:44 - dev set during evaluation: 13890/13887
00:09:44 - process[1] - dev - epoch 17 - mAP: 0.487 w/ 38 queries
00:09:44 - process[1]: evaluating epoch 17 on test ...
00:10:14 - test set during evaluation: 15580/15574
00:10:14 - process[1] - test - epoch 17 - mAP: 0.433 w/ 38 queries
00:10:14 - process[1]: training epoch 18 ...
00:10:32 - process[1] - epoch 18 - train iter 423 - 19236.7 words/s - loss: 0.3576
00:10:32 - process[1]: evaluating epoch 18 on dev ...
00:11:00 - dev set during evaluation: 13890/13887
00:11:00 - process[1] - dev - epoch 18 - mAP: 0.467 w/ 38 queries
00:11:00 - process[1]: training epoch 19 ...
00:11:16 - process[1] - epoch 19 - train iter 423 - 21102.4 words/s - loss: 0.3592
00:11:16 - process[1]: evaluating epoch 19 on dev ...
00:11:45 - dev set during evaluation: 13890/13887
00:11:45 - process[1] - dev - epoch 19 - mAP: 0.469 w/ 38 queries
00:11:45 - [fold 1] best test MAP: 0.433 @ epoch 17
00:11:45 - Evaluating every 1 epochs ...
00:11:45 - reading data from /mnt/home/puxuan/CLIR-project/Evaluation_data/process-clef/uncased
00:11:46 - test has 39 queries ...
00:11:46 - Data reading done ...
00:11:48 - adding 9-th encoder to optimizer...
00:11:48 - adding 10-th encoder to optimizer...
00:11:48 - adding 11-th encoder to optimizer...
00:11:48 - process[1]: training epoch 0 ...
00:12:07 - process[1] - epoch 0 - train iter 386 - 16615.7 words/s - loss: 0.5976
00:12:07 - process[1]: training epoch 1 ...
00:12:23 - process[1] - epoch 1 - train iter 386 - 18808.0 words/s - loss: 0.5176
00:12:23 - process[1]: training epoch 2 ...
00:12:40 - process[1] - epoch 2 - train iter 386 - 16972.7 words/s - loss: 0.4892
00:12:40 - process[1]: training epoch 3 ...
00:12:58 - process[1] - epoch 3 - train iter 386 - 17466.8 words/s - loss: 0.4875
00:12:58 - process[1]: training epoch 4 ...
00:13:18 - process[1] - epoch 4 - train iter 386 - 14976.4 words/s - loss: 0.4686
00:13:18 - process[1]: training epoch 5 ...
00:13:35 - process[1] - epoch 5 - train iter 386 - 17946.0 words/s - loss: 0.4267
00:13:35 - process[1]: training epoch 6 ...
00:13:55 - process[1] - epoch 6 - train iter 386 - 15669.1 words/s - loss: 0.4642
00:13:55 - process[1]: training epoch 7 ...
00:14:10 - process[1] - epoch 7 - train iter 386 - 18663.8 words/s - loss: 0.4207
00:14:10 - process[1]: training epoch 8 ...
00:14:29 - process[1] - epoch 8 - train iter 386 - 16736.2 words/s - loss: 0.4333
00:14:29 - process[1]: training epoch 9 ...
00:14:46 - process[1] - epoch 9 - train iter 386 - 16867.4 words/s - loss: 0.3896
00:14:46 - process[1]: training epoch 10 ...
00:15:06 - process[1] - epoch 10 - train iter 386 - 15342.3 words/s - loss: 0.4400
00:15:06 - process[1]: evaluating epoch 10 on dev ...
00:15:47 - dev set during evaluation: 15580/15574
00:15:47 - process[1] - dev - epoch 10 - mAP: 0.422 w/ 38 queries
00:15:47 - process[1]: evaluating epoch 10 on test ...
00:16:20 - test set during evaluation: 14340/14338
00:16:20 - process[1] - test - epoch 10 - mAP: 0.515 w/ 39 queries
00:16:20 - process[1]: training epoch 11 ...
00:16:40 - process[1] - epoch 11 - train iter 386 - 15300.1 words/s - loss: 0.3925
00:16:40 - process[1]: evaluating epoch 11 on dev ...
00:17:14 - dev set during evaluation: 15580/15574
00:17:14 - process[1] - dev - epoch 11 - mAP: 0.423 w/ 38 queries
00:17:14 - process[1]: evaluating epoch 11 on test ...
00:17:47 - test set during evaluation: 14340/14338
00:17:47 - process[1] - test - epoch 11 - mAP: 0.521 w/ 39 queries
00:17:47 - process[1]: training epoch 12 ...
00:18:04 - process[1] - epoch 12 - train iter 386 - 17600.1 words/s - loss: 0.4046
00:18:04 - process[1]: evaluating epoch 12 on dev ...
00:18:41 - dev set during evaluation: 15580/15574
00:18:41 - process[1] - dev - epoch 12 - mAP: 0.415 w/ 38 queries
00:18:41 - process[1]: training epoch 13 ...
00:19:00 - process[1] - epoch 13 - train iter 386 - 15803.5 words/s - loss: 0.3776
00:19:00 - process[1]: evaluating epoch 13 on dev ...
00:19:35 - dev set during evaluation: 15580/15574
00:19:35 - process[1] - dev - epoch 13 - mAP: 0.402 w/ 38 queries
00:19:36 - process[1]: training epoch 14 ...
00:19:54 - process[1] - epoch 14 - train iter 386 - 16767.9 words/s - loss: 0.4018
00:19:54 - process[1]: evaluating epoch 14 on dev ...
00:20:31 - dev set during evaluation: 15580/15574
00:20:31 - process[1] - dev - epoch 14 - mAP: 0.416 w/ 38 queries
00:20:31 - process[1]: training epoch 15 ...
00:20:50 - process[1] - epoch 15 - train iter 386 - 15761.4 words/s - loss: 0.3696
00:20:50 - process[1]: evaluating epoch 15 on dev ...
00:21:25 - dev set during evaluation: 15580/15574
00:21:25 - process[1] - dev - epoch 15 - mAP: 0.428 w/ 38 queries
00:21:25 - process[1]: evaluating epoch 15 on test ...
00:21:57 - test set during evaluation: 14340/14338
00:21:57 - process[1] - test - epoch 15 - mAP: 0.528 w/ 39 queries
00:21:57 - process[1]: training epoch 16 ...
00:22:14 - process[1] - epoch 16 - train iter 386 - 18000.2 words/s - loss: 0.4095
00:22:14 - process[1]: evaluating epoch 16 on dev ...
00:22:52 - dev set during evaluation: 15580/15574
00:22:52 - process[1] - dev - epoch 16 - mAP: 0.413 w/ 38 queries
00:22:52 - process[1]: training epoch 17 ...
00:23:10 - process[1] - epoch 17 - train iter 386 - 17059.4 words/s - loss: 0.3650
00:23:10 - process[1]: evaluating epoch 17 on dev ...
00:23:46 - dev set during evaluation: 15580/15574
00:23:46 - process[1] - dev - epoch 17 - mAP: 0.402 w/ 38 queries
00:23:46 - process[1]: training epoch 18 ...
00:24:05 - process[1] - epoch 18 - train iter 386 - 15698.0 words/s - loss: 0.3619
00:24:05 - process[1]: evaluating epoch 18 on dev ...
00:24:40 - dev set during evaluation: 15580/15574
00:24:40 - process[1] - dev - epoch 18 - mAP: 0.410 w/ 38 queries
00:24:40 - process[1]: training epoch 19 ...
00:25:00 - process[1] - epoch 19 - train iter 386 - 15400.1 words/s - loss: 0.4108
00:25:00 - process[1]: evaluating epoch 19 on dev ...
00:25:34 - dev set during evaluation: 15580/15574
00:25:34 - process[1] - dev - epoch 19 - mAP: 0.412 w/ 38 queries
00:25:34 - [fold 2] best test MAP: 0.528 @ epoch 15
00:25:34 - Evaluating every 1 epochs ...
00:25:34 - reading data from /mnt/home/puxuan/CLIR-project/Evaluation_data/process-clef/uncased
00:25:35 - test has 39 queries ...
00:25:35 - Data reading done ...
00:25:37 - adding 9-th encoder to optimizer...
00:25:37 - adding 10-th encoder to optimizer...
00:25:37 - adding 11-th encoder to optimizer...
00:25:38 - process[1]: training epoch 0 ...
00:25:56 - process[1] - epoch 0 - train iter 360 - 15898.0 words/s - loss: 0.6029
00:25:58 - process[1]: training epoch 1 ...
00:26:14 - process[1] - epoch 1 - train iter 360 - 17089.3 words/s - loss: 0.4878
00:26:15 - process[1]: training epoch 2 ...
00:26:32 - process[1] - epoch 2 - train iter 360 - 16303.1 words/s - loss: 0.4997
00:26:32 - process[1]: training epoch 3 ...
00:26:51 - process[1] - epoch 3 - train iter 360 - 15475.7 words/s - loss: 0.4426
00:26:51 - process[1]: training epoch 4 ...
00:27:07 - process[1] - epoch 4 - train iter 360 - 16509.6 words/s - loss: 0.4604
00:27:07 - process[1]: training epoch 5 ...
00:27:26 - process[1] - epoch 5 - train iter 360 - 14614.0 words/s - loss: 0.4129
00:27:26 - process[1]: training epoch 6 ...
00:27:43 - process[1] - epoch 6 - train iter 360 - 16892.3 words/s - loss: 0.4612
00:27:43 - process[1]: training epoch 7 ...
00:28:03 - process[1] - epoch 7 - train iter 360 - 14535.3 words/s - loss: 0.3998
00:28:03 - process[1]: training epoch 8 ...
00:28:22 - process[1] - epoch 8 - train iter 360 - 15071.1 words/s - loss: 0.4270
00:28:22 - process[1]: training epoch 9 ...
00:28:40 - process[1] - epoch 9 - train iter 360 - 15964.3 words/s - loss: 0.3826
00:28:40 - process[1]: training epoch 10 ...
00:28:58 - process[1] - epoch 10 - train iter 360 - 15691.5 words/s - loss: 0.4461
00:28:58 - process[1]: evaluating epoch 10 on dev ...
00:29:35 - dev set during evaluation: 14340/14338
00:29:35 - process[1] - dev - epoch 10 - mAP: 0.525 w/ 39 queries
00:29:35 - process[1]: evaluating epoch 10 on test ...
00:30:04 - test set during evaluation: 11710/11707
00:30:04 - process[1] - test - epoch 10 - mAP: 0.526 w/ 39 queries
00:30:04 - process[1]: training epoch 11 ...
00:30:21 - process[1] - epoch 11 - train iter 360 - 16560.3 words/s - loss: 0.3927
00:30:21 - process[1]: evaluating epoch 11 on dev ...
00:30:55 - dev set during evaluation: 14340/14338
00:30:55 - process[1] - dev - epoch 11 - mAP: 0.540 w/ 39 queries
00:30:55 - process[1]: evaluating epoch 11 on test ...
00:31:24 - test set during evaluation: 11710/11707
00:31:24 - process[1] - test - epoch 11 - mAP: 0.525 w/ 39 queries
00:31:24 - process[1]: training epoch 12 ...
00:31:42 - process[1] - epoch 12 - train iter 360 - 16055.9 words/s - loss: 0.4059
00:31:43 - process[1]: evaluating epoch 12 on dev ...
00:32:16 - dev set during evaluation: 14340/14338
00:32:16 - process[1] - dev - epoch 12 - mAP: 0.527 w/ 39 queries
00:32:16 - process[1]: training epoch 13 ...
00:32:33 - process[1] - epoch 13 - train iter 360 - 16562.8 words/s - loss: 0.3829
00:32:33 - process[1]: evaluating epoch 13 on dev ...
00:33:06 - dev set during evaluation: 14340/14338
00:33:06 - process[1] - dev - epoch 13 - mAP: 0.525 w/ 39 queries
00:33:06 - process[1]: training epoch 14 ...
00:33:24 - process[1] - epoch 14 - train iter 360 - 15520.6 words/s - loss: 0.3896
00:33:24 - process[1]: evaluating epoch 14 on dev ...
00:33:57 - dev set during evaluation: 14340/14338
00:33:57 - process[1] - dev - epoch 14 - mAP: 0.514 w/ 39 queries
00:33:57 - process[1]: training epoch 15 ...
00:34:13 - process[1] - epoch 15 - train iter 360 - 16804.2 words/s - loss: 0.4284
00:34:13 - process[1]: evaluating epoch 15 on dev ...
00:34:46 - dev set during evaluation: 14340/14338
00:34:46 - process[1] - dev - epoch 15 - mAP: 0.519 w/ 39 queries
00:34:46 - process[1]: training epoch 16 ...
00:35:05 - process[1] - epoch 16 - train iter 360 - 15199.1 words/s - loss: 0.4151
00:35:05 - process[1]: evaluating epoch 16 on dev ...
00:35:37 - dev set during evaluation: 14340/14338
00:35:37 - process[1] - dev - epoch 16 - mAP: 0.523 w/ 39 queries
00:35:37 - process[1]: training epoch 17 ...
00:35:54 - process[1] - epoch 17 - train iter 360 - 17302.7 words/s - loss: 0.3740
00:35:54 - process[1]: evaluating epoch 17 on dev ...
00:36:29 - dev set during evaluation: 14340/14338
00:36:29 - process[1] - dev - epoch 17 - mAP: 0.520 w/ 39 queries
00:36:29 - process[1]: training epoch 18 ...
00:36:46 - process[1] - epoch 18 - train iter 360 - 16203.8 words/s - loss: 0.3571
00:36:46 - process[1]: evaluating epoch 18 on dev ...
00:37:21 - dev set during evaluation: 14340/14338
00:37:21 - process[1] - dev - epoch 18 - mAP: 0.527 w/ 39 queries
00:37:21 - process[1]: training epoch 19 ...
00:37:39 - process[1] - epoch 19 - train iter 360 - 16027.5 words/s - loss: 0.3575
00:37:39 - process[1]: evaluating epoch 19 on dev ...
00:38:13 - dev set during evaluation: 14340/14338
00:38:13 - process[1] - dev - epoch 19 - mAP: 0.524 w/ 39 queries
00:38:13 - [fold 3] best test MAP: 0.525 @ epoch 11
00:38:13 - Evaluating every 1 epochs ...
00:38:13 - reading data from /mnt/home/puxuan/CLIR-project/Evaluation_data/process-clef/uncased
00:38:14 - test has 38 queries ...
00:38:14 - Data reading done ...
00:38:16 - adding 9-th encoder to optimizer...
00:38:16 - adding 10-th encoder to optimizer...
00:38:16 - adding 11-th encoder to optimizer...
00:38:16 - process[1]: training epoch 0 ...
00:38:36 - process[1] - epoch 0 - train iter 404 - 16186.6 words/s - loss: 0.5759
00:38:36 - process[1]: training epoch 1 ...
00:38:51 - process[1] - epoch 1 - train iter 404 - 19719.0 words/s - loss: 0.5319
00:38:51 - process[1]: training epoch 2 ...
00:39:11 - process[1] - epoch 2 - train iter 404 - 16807.2 words/s - loss: 0.4656
00:39:11 - process[1]: training epoch 3 ...
00:39:29 - process[1] - epoch 3 - train iter 404 - 17059.3 words/s - loss: 0.5043
00:39:29 - process[1]: training epoch 4 ...
00:39:48 - process[1] - epoch 4 - train iter 404 - 17062.6 words/s - loss: 0.4671
00:39:48 - process[1]: training epoch 5 ...
00:40:05 - process[1] - epoch 5 - train iter 404 - 18356.8 words/s - loss: 0.4793
00:40:05 - process[1]: training epoch 6 ...
00:40:23 - process[1] - epoch 6 - train iter 404 - 17503.7 words/s - loss: 0.4236
00:40:23 - process[1]: training epoch 7 ...
00:40:43 - process[1] - epoch 7 - train iter 404 - 15713.2 words/s - loss: 0.4456
00:40:43 - process[1]: training epoch 8 ...
00:40:59 - process[1] - epoch 8 - train iter 404 - 19669.2 words/s - loss: 0.4244
00:40:59 - process[1]: training epoch 9 ...
00:41:18 - process[1] - epoch 9 - train iter 404 - 16626.9 words/s - loss: 0.4150
00:41:18 - process[1]: training epoch 10 ...
00:41:36 - process[1] - epoch 10 - train iter 404 - 17461.7 words/s - loss: 0.4002
00:41:36 - process[1]: evaluating epoch 10 on dev ...
00:42:01 - dev set during evaluation: 11710/11707
00:42:01 - process[1] - dev - epoch 10 - mAP: 0.484 w/ 39 queries
00:42:01 - process[1]: evaluating epoch 10 on test ...
00:42:32 - test set during evaluation: 13490/13483
00:42:32 - process[1] - test - epoch 10 - mAP: 0.477 w/ 38 queries
00:42:32 - process[1]: training epoch 11 ...
00:42:50 - process[1] - epoch 11 - train iter 404 - 17408.2 words/s - loss: 0.3925
00:42:50 - process[1]: evaluating epoch 11 on dev ...
00:43:18 - dev set during evaluation: 11710/11707
00:43:18 - process[1] - dev - epoch 11 - mAP: 0.482 w/ 39 queries
00:43:18 - process[1]: training epoch 12 ...
00:43:38 - process[1] - epoch 12 - train iter 404 - 16619.2 words/s - loss: 0.3827
00:43:38 - process[1]: evaluating epoch 12 on dev ...
00:44:03 - dev set during evaluation: 11710/11707
00:44:03 - process[1] - dev - epoch 12 - mAP: 0.502 w/ 39 queries
00:44:03 - process[1]: evaluating epoch 12 on test ...
00:44:30 - test set during evaluation: 13490/13483
00:44:30 - process[1] - test - epoch 12 - mAP: 0.513 w/ 38 queries
00:44:30 - process[1]: training epoch 13 ...
00:44:47 - process[1] - epoch 13 - train iter 404 - 18674.2 words/s - loss: 0.3948
00:44:47 - process[1]: evaluating epoch 13 on dev ...
00:45:15 - dev set during evaluation: 11710/11707
00:45:15 - process[1] - dev - epoch 13 - mAP: 0.516 w/ 39 queries
00:45:15 - process[1]: evaluating epoch 13 on test ...
00:45:50 - test set during evaluation: 13490/13483
00:45:50 - process[1] - test - epoch 13 - mAP: 0.523 w/ 38 queries
00:45:50 - process[1]: training epoch 14 ...
00:46:09 - process[1] - epoch 14 - train iter 404 - 16609.2 words/s - loss: 0.3918
00:46:09 - process[1]: evaluating epoch 14 on dev ...
00:46:36 - dev set during evaluation: 11710/11707
00:46:36 - process[1] - dev - epoch 14 - mAP: 0.513 w/ 39 queries
00:46:36 - process[1]: training epoch 15 ...
00:46:54 - process[1] - epoch 15 - train iter 404 - 17654.0 words/s - loss: 0.3627
00:46:54 - process[1]: evaluating epoch 15 on dev ...
00:47:23 - dev set during evaluation: 11710/11707
00:47:23 - process[1] - dev - epoch 15 - mAP: 0.511 w/ 39 queries
00:47:23 - process[1]: training epoch 16 ...
00:47:41 - process[1] - epoch 16 - train iter 404 - 18104.7 words/s - loss: 0.3857
00:47:41 - process[1]: evaluating epoch 16 on dev ...
00:48:09 - dev set during evaluation: 11710/11707
00:48:09 - process[1] - dev - epoch 16 - mAP: 0.508 w/ 39 queries
00:48:09 - process[1]: training epoch 17 ...
00:48:29 - process[1] - epoch 17 - train iter 404 - 16238.4 words/s - loss: 0.3551
00:48:29 - process[1]: evaluating epoch 17 on dev ...
00:48:54 - dev set during evaluation: 11710/11707
00:48:54 - process[1] - dev - epoch 17 - mAP: 0.511 w/ 39 queries
00:48:54 - process[1]: training epoch 18 ...
00:49:13 - process[1] - epoch 18 - train iter 404 - 17313.7 words/s - loss: 0.3606
00:49:13 - process[1]: evaluating epoch 18 on dev ...
00:00:04 - Namespace(apex_level='O2', batch_size=8, cased=False, dataset='clef', debug=False, encoder_lr=2e-05, eval_step=1, full_doc_length=True, local_rank=1, model_path='/mnt/scratch/puxuan/short_qlm_0.45/2186793/huggingface-19', model_type='mbert', num_epochs=20, num_ft_encoders=3, num_neg=1, projector_lr=2e-05, seed=611, source_lang='en', target_lang='de')
00:00:13 - Evaluating every 1 epochs ...
00:00:13 - reading data from /mnt/home/puxuan/CLIR-project/Evaluation_data/process-clef/uncased
00:00:15 - test has 38 queries ...
00:00:15 - Data reading done ...
00:00:21 - adding 9-th encoder to optimizer...
00:00:21 - adding 10-th encoder to optimizer...
00:00:21 - adding 11-th encoder to optimizer...
00:00:21 - process[1]: training epoch 0 ...
00:00:39 - process[1] - epoch 0 - train iter 423 - 18818.7 words/s - loss: 0.6010
00:00:39 - process[1]: training epoch 1 ...
00:00:57 - process[1] - epoch 1 - train iter 423 - 18739.8 words/s - loss: 0.5363
00:00:57 - process[1]: training epoch 2 ...
00:01:13 - process[1] - epoch 2 - train iter 423 - 20440.1 words/s - loss: 0.4958
00:01:13 - process[1]: training epoch 3 ...
00:01:31 - process[1] - epoch 3 - train iter 423 - 18531.7 words/s - loss: 0.4934
00:01:31 - process[1]: training epoch 4 ...
00:01:48 - process[1] - epoch 4 - train iter 423 - 20054.8 words/s - loss: 0.4946
00:01:48 - process[1]: training epoch 5 ...
00:02:03 - process[1] - epoch 5 - train iter 423 - 22445.5 words/s - loss: 0.4771
00:02:03 - process[1]: training epoch 6 ...
00:02:20 - process[1] - epoch 6 - train iter 423 - 19853.3 words/s - loss: 0.4647
00:02:20 - process[1]: training epoch 7 ...
00:02:37 - process[1] - epoch 7 - train iter 423 - 20140.8 words/s - loss: 0.4273
00:02:37 - process[1]: training epoch 8 ...
00:02:52 - process[1] - epoch 8 - train iter 423 - 20809.0 words/s - loss: 0.4582
00:02:52 - process[1]: training epoch 9 ...
00:03:09 - process[1] - epoch 9 - train iter 423 - 20269.3 words/s - loss: 0.4034
00:03:09 - process[1]: training epoch 10 ...
00:03:25 - process[1] - epoch 10 - train iter 423 - 19887.1 words/s - loss: 0.4011
00:03:25 - process[1]: evaluating epoch 10 on dev ...
00:03:53 - dev set during evaluation: 13890/13887
00:03:53 - process[1] - dev - epoch 10 - mAP: 0.479 w/ 38 queries
00:03:53 - process[1]: evaluating epoch 10 on test ...
00:04:24 - test set during evaluation: 15580/15574
00:04:24 - process[1] - test - epoch 10 - mAP: 0.441 w/ 38 queries
00:04:24 - process[1]: training epoch 11 ...
00:04:40 - process[1] - epoch 11 - train iter 423 - 19891.4 words/s - loss: 0.4027
00:04:40 - process[1]: evaluating epoch 11 on dev ...
00:05:08 - dev set during evaluation: 13890/13887
00:05:08 - process[1] - dev - epoch 11 - mAP: 0.466 w/ 38 queries
00:05:08 - process[1]: training epoch 12 ...
00:05:25 - process[1] - epoch 12 - train iter 423 - 20768.5 words/s - loss: 0.4024
00:05:25 - process[1]: evaluating epoch 12 on dev ...
00:05:54 - dev set during evaluation: 13890/13887
00:05:54 - process[1] - dev - epoch 12 - mAP: 0.459 w/ 38 queries
00:05:54 - process[1]: training epoch 13 ...
00:06:09 - process[1] - epoch 13 - train iter 423 - 21497.0 words/s - loss: 0.3795
00:06:09 - process[1]: evaluating epoch 13 on dev ...
00:06:40 - dev set during evaluation: 13890/13887
00:06:40 - process[1] - dev - epoch 13 - mAP: 0.471 w/ 38 queries
00:06:40 - process[1]: training epoch 14 ...
00:06:57 - process[1] - epoch 14 - train iter 423 - 19740.0 words/s - loss: 0.3934
00:06:57 - process[1]: evaluating epoch 14 on dev ...
00:07:29 - dev set during evaluation: 13890/13887
00:07:29 - process[1] - dev - epoch 14 - mAP: 0.462 w/ 38 queries
00:07:29 - process[1]: training epoch 15 ...
00:07:46 - process[1] - epoch 15 - train iter 423 - 20143.8 words/s - loss: 0.4057
00:07:46 - process[1]: evaluating epoch 15 on dev ...
00:08:15 - dev set during evaluation: 13890/13887
00:08:15 - process[1] - dev - epoch 15 - mAP: 0.472 w/ 38 queries
00:08:15 - process[1]: training epoch 16 ...
00:08:30 - process[1] - epoch 16 - train iter 423 - 21425.4 words/s - loss: 0.3736
00:08:30 - process[1]: evaluating epoch 16 on dev ...
00:08:59 - dev set during evaluation: 13890/13887
00:08:59 - process[1] - dev - epoch 16 - mAP: 0.472 w/ 38 queries
00:08:59 - process[1]: training epoch 17 ...
00:09:16 - process[1] - epoch 17 - train iter 423 - 19914.7 words/s - loss: 0.3913
00:09:16 - process[1]: evaluating epoch 17 on dev ...
00:09:44 - dev set during evaluation: 13890/13887
00:09:44 - process[1] - dev - epoch 17 - mAP: 0.487 w/ 38 queries
00:09:44 - process[1]: evaluating epoch 17 on test ...
00:10:14 - test set during evaluation: 15580/15574
00:10:14 - process[1] - test - epoch 17 - mAP: 0.433 w/ 38 queries
00:10:14 - process[1]: training epoch 18 ...
00:10:32 - process[1] - epoch 18 - train iter 423 - 19145.6 words/s - loss: 0.3576
00:10:32 - process[1]: evaluating epoch 18 on dev ...
00:10:59 - dev set during evaluation: 13890/13887
00:10:59 - process[1] - dev - epoch 18 - mAP: 0.467 w/ 38 queries
00:10:59 - process[1]: training epoch 19 ...
00:11:15 - process[1] - epoch 19 - train iter 423 - 20869.8 words/s - loss: 0.3592
00:11:15 - process[1]: evaluating epoch 19 on dev ...
00:11:46 - dev set during evaluation: 13890/13887
00:11:46 - process[1] - dev - epoch 19 - mAP: 0.469 w/ 38 queries
00:11:46 - [fold 1] best test MAP: 0.433 @ epoch 17
00:11:46 - Evaluating every 1 epochs ...
00:11:46 - reading data from /mnt/home/puxuan/CLIR-project/Evaluation_data/process-clef/uncased
00:11:47 - test has 39 queries ...
00:11:47 - Data reading done ...
00:11:48 - adding 9-th encoder to optimizer...
00:11:48 - adding 10-th encoder to optimizer...
00:11:48 - adding 11-th encoder to optimizer...
00:11:49 - process[1]: training epoch 0 ...
00:12:07 - process[1] - epoch 0 - train iter 386 - 16461.5 words/s - loss: 0.5976
00:12:07 - process[1]: training epoch 1 ...
00:12:23 - process[1] - epoch 1 - train iter 386 - 18712.2 words/s - loss: 0.5176
00:12:23 - process[1]: training epoch 2 ...
00:12:41 - process[1] - epoch 2 - train iter 386 - 16887.1 words/s - loss: 0.4892
00:12:41 - process[1]: training epoch 3 ...
00:12:59 - process[1] - epoch 3 - train iter 386 - 17399.5 words/s - loss: 0.4875
00:12:59 - process[1]: training epoch 4 ...
00:13:19 - process[1] - epoch 4 - train iter 386 - 14897.0 words/s - loss: 0.4686
00:13:19 - process[1]: training epoch 5 ...
00:13:36 - process[1] - epoch 5 - train iter 386 - 17802.3 words/s - loss: 0.4267
00:13:36 - process[1]: training epoch 6 ...
00:13:56 - process[1] - epoch 6 - train iter 386 - 15466.2 words/s - loss: 0.4642
00:13:56 - process[1]: training epoch 7 ...
00:14:12 - process[1] - epoch 7 - train iter 386 - 18478.3 words/s - loss: 0.4207
00:14:12 - process[1]: training epoch 8 ...
00:14:30 - process[1] - epoch 8 - train iter 386 - 16499.9 words/s - loss: 0.4333
00:14:30 - process[1]: training epoch 9 ...
00:14:48 - process[1] - epoch 9 - train iter 386 - 16627.2 words/s - loss: 0.3896
00:14:48 - process[1]: training epoch 10 ...
00:15:08 - process[1] - epoch 10 - train iter 386 - 15118.7 words/s - loss: 0.4400
00:15:08 - process[1]: evaluating epoch 10 on dev ...
00:15:47 - dev set during evaluation: 15580/15574
00:15:47 - process[1] - dev - epoch 10 - mAP: 0.422 w/ 38 queries
00:15:47 - process[1]: evaluating epoch 10 on test ...
00:16:20 - test set during evaluation: 14340/14338
00:16:20 - process[1] - test - epoch 10 - mAP: 0.515 w/ 39 queries
00:16:20 - process[1]: training epoch 11 ...
00:16:40 - process[1] - epoch 11 - train iter 386 - 15165.6 words/s - loss: 0.3925
00:16:40 - process[1]: evaluating epoch 11 on dev ...
00:17:15 - dev set during evaluation: 15580/15574
00:17:15 - process[1] - dev - epoch 11 - mAP: 0.423 w/ 38 queries
00:17:15 - process[1]: evaluating epoch 11 on test ...
00:17:48 - test set during evaluation: 14340/14338
00:17:48 - process[1] - test - epoch 11 - mAP: 0.521 w/ 39 queries
00:17:48 - process[1]: training epoch 12 ...
00:18:05 - process[1] - epoch 12 - train iter 386 - 17236.3 words/s - loss: 0.4046
00:18:05 - process[1]: evaluating epoch 12 on dev ...
00:18:45 - dev set during evaluation: 15580/15574
00:18:45 - process[1] - dev - epoch 12 - mAP: 0.415 w/ 38 queries
00:18:45 - process[1]: training epoch 13 ...
00:19:05 - process[1] - epoch 13 - train iter 386 - 15557.7 words/s - loss: 0.3776
00:19:05 - process[1]: evaluating epoch 13 on dev ...
00:19:40 - dev set during evaluation: 15580/15574
00:19:40 - process[1] - dev - epoch 13 - mAP: 0.402 w/ 38 queries
00:19:40 - process[1]: training epoch 14 ...
00:19:58 - process[1] - epoch 14 - train iter 386 - 16522.6 words/s - loss: 0.4018
00:19:58 - process[1]: evaluating epoch 14 on dev ...
00:20:35 - dev set during evaluation: 15580/15574
00:20:35 - process[1] - dev - epoch 14 - mAP: 0.416 w/ 38 queries
00:20:35 - process[1]: training epoch 15 ...
00:20:54 - process[1] - epoch 15 - train iter 386 - 15540.9 words/s - loss: 0.3696
00:20:54 - process[1]: evaluating epoch 15 on dev ...
00:21:31 - dev set during evaluation: 15580/15574
00:21:31 - process[1] - dev - epoch 15 - mAP: 0.428 w/ 38 queries
00:21:31 - process[1]: evaluating epoch 15 on test ...
00:22:05 - test set during evaluation: 14340/14338
00:22:05 - process[1] - test - epoch 15 - mAP: 0.528 w/ 39 queries
00:22:05 - process[1]: training epoch 16 ...
00:22:22 - process[1] - epoch 16 - train iter 386 - 17929.5 words/s - loss: 0.4095
00:22:22 - process[1]: evaluating epoch 16 on dev ...
00:23:03 - dev set during evaluation: 15580/15574
00:23:03 - process[1] - dev - epoch 16 - mAP: 0.413 w/ 38 queries
00:23:03 - process[1]: training epoch 17 ...
00:23:21 - process[1] - epoch 17 - train iter 386 - 16986.3 words/s - loss: 0.3650
00:23:21 - process[1]: evaluating epoch 17 on dev ...
00:23:57 - dev set during evaluation: 15580/15574
00:23:57 - process[1] - dev - epoch 17 - mAP: 0.402 w/ 38 queries
00:23:57 - process[1]: training epoch 18 ...
00:24:16 - process[1] - epoch 18 - train iter 386 - 15581.2 words/s - loss: 0.3619
00:24:16 - process[1]: evaluating epoch 18 on dev ...
00:24:51 - dev set during evaluation: 15580/15574
00:24:51 - process[1] - dev - epoch 18 - mAP: 0.410 w/ 38 queries
00:24:51 - process[1]: training epoch 19 ...
00:25:10 - process[1] - epoch 19 - train iter 386 - 15412.7 words/s - loss: 0.4108
00:25:10 - process[1]: evaluating epoch 19 on dev ...
00:25:46 - dev set during evaluation: 15580/15574
00:25:46 - process[1] - dev - epoch 19 - mAP: 0.412 w/ 38 queries
00:25:46 - [fold 2] best test MAP: 0.528 @ epoch 15
00:25:46 - Evaluating every 1 epochs ...
00:25:46 - reading data from /mnt/home/puxuan/CLIR-project/Evaluation_data/process-clef/uncased
00:25:47 - test has 39 queries ...
00:25:47 - Data reading done ...
00:25:49 - adding 9-th encoder to optimizer...
00:25:49 - adding 10-th encoder to optimizer...
00:25:49 - adding 11-th encoder to optimizer...
00:25:49 - process[1]: training epoch 0 ...
00:26:07 - process[1] - epoch 0 - train iter 360 - 15735.3 words/s - loss: 0.6029
00:26:07 - process[1]: training epoch 1 ...
00:26:24 - process[1] - epoch 1 - train iter 360 - 17040.6 words/s - loss: 0.4878
00:26:24 - process[1]: training epoch 2 ...
00:26:41 - process[1] - epoch 2 - train iter 360 - 16154.2 words/s - loss: 0.4997
00:26:41 - process[1]: training epoch 3 ...
00:27:00 - process[1] - epoch 3 - train iter 360 - 15368.4 words/s - loss: 0.4426
00:27:00 - process[1]: training epoch 4 ...
00:27:17 - process[1] - epoch 4 - train iter 360 - 16398.3 words/s - loss: 0.4604
00:27:17 - process[1]: training epoch 5 ...
00:27:36 - process[1] - epoch 5 - train iter 360 - 14539.4 words/s - loss: 0.4129
00:27:36 - process[1]: training epoch 6 ...
00:27:53 - process[1] - epoch 6 - train iter 360 - 16782.6 words/s - loss: 0.4612
00:27:53 - process[1]: training epoch 7 ...
00:28:13 - process[1] - epoch 7 - train iter 360 - 14373.2 words/s - loss: 0.3998
00:28:13 - process[1]: training epoch 8 ...
00:28:32 - process[1] - epoch 8 - train iter 360 - 14934.2 words/s - loss: 0.4270
00:28:32 - process[1]: training epoch 9 ...
00:28:51 - process[1] - epoch 9 - train iter 360 - 15795.9 words/s - loss: 0.3826
00:28:51 - process[1]: training epoch 10 ...
00:29:09 - process[1] - epoch 10 - train iter 360 - 15536.6 words/s - loss: 0.4461
00:29:09 - process[1]: evaluating epoch 10 on dev ...
00:29:41 - dev set during evaluation: 14340/14338
00:29:41 - process[1] - dev - epoch 10 - mAP: 0.525 w/ 39 queries
00:29:41 - process[1]: evaluating epoch 10 on test ...
00:30:10 - test set during evaluation: 11710/11707
00:30:10 - process[1] - test - epoch 10 - mAP: 0.526 w/ 39 queries
00:30:10 - process[1]: training epoch 11 ...
00:30:27 - process[1] - epoch 11 - train iter 360 - 16526.3 words/s - loss: 0.3927
00:30:27 - process[1]: evaluating epoch 11 on dev ...
00:31:04 - dev set during evaluation: 14340/14338
00:31:04 - process[1] - dev - epoch 11 - mAP: 0.540 w/ 39 queries
00:31:04 - process[1]: evaluating epoch 11 on test ...
00:31:33 - test set during evaluation: 11710/11707
00:31:33 - process[1] - test - epoch 11 - mAP: 0.525 w/ 39 queries
00:31:33 - process[1]: training epoch 12 ...
00:31:51 - process[1] - epoch 12 - train iter 360 - 15768.6 words/s - loss: 0.4059
00:31:51 - process[1]: evaluating epoch 12 on dev ...
00:32:23 - dev set during evaluation: 14340/14338
00:32:23 - process[1] - dev - epoch 12 - mAP: 0.527 w/ 39 queries
00:32:23 - process[1]: training epoch 13 ...
00:32:40 - process[1] - epoch 13 - train iter 360 - 16701.4 words/s - loss: 0.3829
00:32:40 - process[1]: evaluating epoch 13 on dev ...
00:33:13 - dev set during evaluation: 14340/14338
00:33:13 - process[1] - dev - epoch 13 - mAP: 0.525 w/ 39 queries
00:33:13 - process[1]: training epoch 14 ...
00:33:31 - process[1] - epoch 14 - train iter 360 - 15620.9 words/s - loss: 0.3896
00:33:31 - process[1]: evaluating epoch 14 on dev ...
00:34:03 - dev set during evaluation: 14340/14338
00:34:03 - process[1] - dev - epoch 14 - mAP: 0.514 w/ 39 queries
00:34:03 - process[1]: training epoch 15 ...
00:34:20 - process[1] - epoch 15 - train iter 360 - 16834.4 words/s - loss: 0.4284
00:34:20 - process[1]: evaluating epoch 15 on dev ...
00:34:53 - dev set during evaluation: 14340/14338
00:34:53 - process[1] - dev - epoch 15 - mAP: 0.519 w/ 39 queries
00:34:53 - process[1]: training epoch 16 ...
00:35:11 - process[1] - epoch 16 - train iter 360 - 15312.6 words/s - loss: 0.4151
00:35:11 - process[1]: evaluating epoch 16 on dev ...
00:35:43 - dev set during evaluation: 14340/14338
00:35:43 - process[1] - dev - epoch 16 - mAP: 0.523 w/ 39 queries
00:35:43 - process[1]: training epoch 17 ...
00:35:59 - process[1] - epoch 17 - train iter 360 - 17309.7 words/s - loss: 0.3740
00:35:59 - process[1]: evaluating epoch 17 on dev ...
00:36:35 - dev set during evaluation: 14340/14338
00:36:35 - process[1] - dev - epoch 17 - mAP: 0.520 w/ 39 queries
00:36:35 - process[1]: training epoch 18 ...
00:36:52 - process[1] - epoch 18 - train iter 360 - 16205.2 words/s - loss: 0.3571
00:36:52 - process[1]: evaluating epoch 18 on dev ...
00:37:27 - dev set during evaluation: 14340/14338
00:37:27 - process[1] - dev - epoch 18 - mAP: 0.527 w/ 39 queries
00:37:27 - process[1]: training epoch 19 ...
00:37:45 - process[1] - epoch 19 - train iter 360 - 16016.1 words/s - loss: 0.3575
00:37:45 - process[1]: evaluating epoch 19 on dev ...
00:38:18 - dev set during evaluation: 14340/14338
00:38:18 - process[1] - dev - epoch 19 - mAP: 0.524 w/ 39 queries
00:38:18 - [fold 3] best test MAP: 0.525 @ epoch 11
00:38:18 - Evaluating every 1 epochs ...
00:38:18 - reading data from /mnt/home/puxuan/CLIR-project/Evaluation_data/process-clef/uncased
00:38:19 - test has 38 queries ...
00:38:19 - Data reading done ...
00:38:20 - adding 9-th encoder to optimizer...
00:38:20 - adding 10-th encoder to optimizer...
00:38:20 - adding 11-th encoder to optimizer...
00:38:21 - process[1]: training epoch 0 ...
00:38:41 - process[1] - epoch 0 - train iter 404 - 16142.5 words/s - loss: 0.5759
00:38:41 - process[1]: training epoch 1 ...
00:38:56 - process[1] - epoch 1 - train iter 404 - 19630.5 words/s - loss: 0.5319
00:38:56 - process[1]: training epoch 2 ...
00:39:16 - process[1] - epoch 2 - train iter 404 - 16795.4 words/s - loss: 0.4656
00:39:16 - process[1]: training epoch 3 ...
00:39:34 - process[1] - epoch 3 - train iter 404 - 17021.3 words/s - loss: 0.5043
00:39:34 - process[1]: training epoch 4 ...
00:39:53 - process[1] - epoch 4 - train iter 404 - 17066.4 words/s - loss: 0.4671
00:39:53 - process[1]: training epoch 5 ...
00:40:10 - process[1] - epoch 5 - train iter 404 - 18306.2 words/s - loss: 0.4793
00:40:10 - process[1]: training epoch 6 ...
00:40:28 - process[1] - epoch 6 - train iter 404 - 17408.0 words/s - loss: 0.4236
00:40:28 - process[1]: training epoch 7 ...
00:40:48 - process[1] - epoch 7 - train iter 404 - 15613.1 words/s - loss: 0.4456
00:40:48 - process[1]: training epoch 8 ...
00:41:04 - process[1] - epoch 8 - train iter 404 - 19481.7 words/s - loss: 0.4244
00:41:04 - process[1]: training epoch 9 ...
00:41:23 - process[1] - epoch 9 - train iter 404 - 16534.5 words/s - loss: 0.4150
00:41:23 - process[1]: training epoch 10 ...
00:41:42 - process[1] - epoch 10 - train iter 404 - 17412.6 words/s - loss: 0.4002
00:41:42 - process[1]: evaluating epoch 10 on dev ...
00:42:08 - dev set during evaluation: 11710/11707
00:42:08 - process[1] - dev - epoch 10 - mAP: 0.484 w/ 39 queries
00:42:08 - process[1]: evaluating epoch 10 on test ...
00:42:36 - test set during evaluation: 13490/13483
00:42:36 - process[1] - test - epoch 10 - mAP: 0.477 w/ 38 queries
00:42:36 - process[1]: training epoch 11 ...
00:42:54 - process[1] - epoch 11 - train iter 404 - 17372.8 words/s - loss: 0.3925
00:42:54 - process[1]: evaluating epoch 11 on dev ...
00:43:22 - dev set during evaluation: 11710/11707
00:43:22 - process[1] - dev - epoch 11 - mAP: 0.482 w/ 39 queries
00:43:22 - process[1]: training epoch 12 ...
00:43:42 - process[1] - epoch 12 - train iter 404 - 16720.5 words/s - loss: 0.3827
00:43:42 - process[1]: evaluating epoch 12 on dev ...
00:44:08 - dev set during evaluation: 11710/11707
00:44:08 - process[1] - dev - epoch 12 - mAP: 0.502 w/ 39 queries
00:44:08 - process[1]: evaluating epoch 12 on test ...
00:44:35 - test set during evaluation: 13490/13483
00:44:35 - process[1] - test - epoch 12 - mAP: 0.513 w/ 38 queries
00:44:35 - process[1]: training epoch 13 ...
00:44:52 - process[1] - epoch 13 - train iter 404 - 18539.5 words/s - loss: 0.3948
00:44:52 - process[1]: evaluating epoch 13 on dev ...
00:45:21 - dev set during evaluation: 11710/11707
00:45:21 - process[1] - dev - epoch 13 - mAP: 0.516 w/ 39 queries
00:45:21 - process[1]: evaluating epoch 13 on test ...
00:45:48 - test set during evaluation: 13490/13483
00:45:48 - process[1] - test - epoch 13 - mAP: 0.523 w/ 38 queries
00:45:48 - process[1]: training epoch 14 ...
00:46:08 - process[1] - epoch 14 - train iter 404 - 16406.2 words/s - loss: 0.3918
00:46:08 - process[1]: evaluating epoch 14 on dev ...
00:46:34 - dev set during evaluation: 11710/11707
00:46:34 - process[1] - dev - epoch 14 - mAP: 0.513 w/ 39 queries
00:46:34 - process[1]: training epoch 15 ...
00:46:52 - process[1] - epoch 15 - train iter 404 - 17466.4 words/s - loss: 0.3627
00:46:52 - process[1]: evaluating epoch 15 on dev ...
00:47:19 - dev set during evaluation: 11710/11707
00:47:19 - process[1] - dev - epoch 15 - mAP: 0.511 w/ 39 queries
00:47:19 - process[1]: training epoch 16 ...
00:47:37 - process[1] - epoch 16 - train iter 404 - 18139.2 words/s - loss: 0.3857
00:47:37 - process[1]: evaluating epoch 16 on dev ...
00:48:04 - dev set during evaluation: 11710/11707
00:48:04 - process[1] - dev - epoch 16 - mAP: 0.508 w/ 39 queries
00:48:04 - process[1]: training epoch 17 ...
00:48:24 - process[1] - epoch 17 - train iter 404 - 16196.9 words/s - loss: 0.3551
00:48:24 - process[1]: evaluating epoch 17 on dev ...
00:48:50 - dev set during evaluation: 11710/11707
00:48:50 - process[1] - dev - epoch 17 - mAP: 0.511 w/ 39 queries
00:48:50 - process[1]: training epoch 18 ...
00:49:08 - process[1] - epoch 18 - train iter 404 - 17168.6 words/s - loss: 0.3606
00:49:08 - process[1]: evaluating epoch 18 on dev ...
00:49:35 - dev set during evaluation: 11710/11707
00:49:35 - process[1] - dev - epoch 18 - mAP: 0.518 w/ 39 queries
00:49:35 - process[1]: evaluating epoch 18 on test ...
00:50:02 - test set during evaluation: 13490/13483
00:50:02 - process[1] - test - epoch 18 - mAP: 0.515 w/ 38 queries
00:50:03 - process[1]: training epoch 19 ...
00:50:22 - process[1] - epoch 19 - train iter 404 - 16617.5 words/s - loss: 0.3528
00:50:22 - process[1]: evaluating epoch 19 on dev ...
00:50:47 - dev set during evaluation: 11710/11707
00:50:47 - process[1] - dev - epoch 19 - mAP: 0.525 w/ 39 queries
00:50:47 - process[1]: evaluating epoch 19 on test ...
00:51:16 - test set during evaluation: 13490/13483
00:51:16 - process[1] - test - epoch 19 - mAP: 0.524 w/ 38 queries
00:51:16 - [fold 4] best test MAP: 0.524 @ epoch 19
00:51:16 - Evaluating every 1 epochs ...
00:51:16 - reading data from /mnt/home/puxuan/CLIR-project/Evaluation_data/process-clef/uncased
00:51:17 - test has 38 queries ...
00:51:17 - Data reading done ...
00:51:19 - adding 9-th encoder to optimizer...
00:51:19 - adding 10-th encoder to optimizer...
00:51:19 - adding 11-th encoder to optimizer...
00:51:20 - process[1]: training epoch 0 ...
00:51:37 - process[1] - epoch 0 - train iter 444 - 20192.5 words/s - loss: 0.6104
00:51:37 - process[1]: training epoch 1 ...
00:51:56 - process[1] - epoch 1 - train iter 444 - 18977.7 words/s - loss: 0.5546
00:51:56 - process[1]: training epoch 2 ...
00:52:15 - process[1] - epoch 2 - train iter 444 - 18432.2 words/s - loss: 0.5238
00:52:15 - process[1]: training epoch 3 ...
00:52:33 - process[1] - epoch 3 - train iter 444 - 19437.9 words/s - loss: 0.4820
00:52:33 - process[1]: training epoch 4 ...
00:52:52 - process[1] - epoch 4 - train iter 444 - 18449.1 words/s - loss: 0.4919
00:52:52 - process[1]: training epoch 5 ...
00:53:12 - process[1] - epoch 5 - train iter 444 - 17519.5 words/s - loss: 0.4831
00:53:12 - process[1]: training epoch 6 ...
00:53:31 - process[1] - epoch 6 - train iter 444 - 18371.1 words/s - loss: 0.4840
00:53:31 - process[1]: training epoch 7 ...
00:53:49 - process[1] - epoch 7 - train iter 444 - 19532.6 words/s - loss: 0.4325
00:53:49 - process[1]: training epoch 8 ...
00:54:08 - process[1] - epoch 8 - train iter 444 - 18855.3 words/s - loss: 0.4274
00:54:08 - process[1]: training epoch 9 ...
00:54:27 - process[1] - epoch 9 - train iter 444 - 18602.7 words/s - loss: 0.4269
00:54:27 - process[1]: training epoch 10 ...
00:54:45 - process[1] - epoch 10 - train iter 444 - 19038.0 words/s - loss: 0.3881
00:54:45 - process[1]: evaluating epoch 10 on dev ...
00:55:17 - dev set during evaluation: 13490/13483
00:55:17 - process[1] - dev - epoch 10 - mAP: 0.513 w/ 38 queries
00:55:17 - process[1]: evaluating epoch 10 on test ...
00:55:49 - test set during evaluation: 13890/13887
00:55:49 - process[1] - test - epoch 10 - mAP: 0.484 w/ 38 queries
00:55:49 - process[1]: training epoch 11 ...
00:56:08 - process[1] - epoch 11 - train iter 444 - 18978.4 words/s - loss: 0.4100
00:56:08 - process[1]: evaluating epoch 11 on dev ...
00:56:37 - dev set during evaluation: 13490/13483
00:56:37 - process[1] - dev - epoch 11 - mAP: 0.510 w/ 38 queries
00:56:37 - process[1]: training epoch 12 ...
00:56:56 - process[1] - epoch 12 - train iter 444 - 18322.3 words/s - loss: 0.4131
00:56:56 - process[1]: evaluating epoch 12 on dev ...
00:57:23 - dev set during evaluation: 13490/13483
00:57:23 - process[1] - dev - epoch 12 - mAP: 0.505 w/ 38 queries
00:57:23 - process[1]: training epoch 13 ...
00:57:43 - process[1] - epoch 13 - train iter 444 - 17677.6 words/s - loss: 0.4190
00:57:43 - process[1]: evaluating epoch 13 on dev ...
00:58:10 - dev set during evaluation: 13490/13483
00:58:10 - process[1] - dev - epoch 13 - mAP: 0.498 w/ 38 queries
00:58:10 - process[1]: training epoch 14 ...
00:58:29 - process[1] - epoch 14 - train iter 444 - 18476.1 words/s - loss: 0.3704
00:58:29 - process[1]: evaluating epoch 14 on dev ...
00:58:58 - dev set during evaluation: 13490/13483
00:58:58 - process[1] - dev - epoch 14 - mAP: 0.511 w/ 38 queries
00:58:58 - process[1]: training epoch 15 ...
00:59:17 - process[1] - epoch 15 - train iter 444 - 18717.3 words/s - loss: 0.4096
00:59:17 - process[1]: evaluating epoch 15 on dev ...
00:59:44 - dev set during evaluation: 13490/13483
00:59:44 - process[1] - dev - epoch 15 - mAP: 0.510 w/ 38 queries
00:59:44 - process[1]: training epoch 16 ...
01:00:05 - process[1] - epoch 16 - train iter 444 - 17537.5 words/s - loss: 0.3913
01:00:05 - process[1]: evaluating epoch 16 on dev ...
01:00:31 - dev set during evaluation: 13490/13483
01:00:31 - process[1] - dev - epoch 16 - mAP: 0.491 w/ 38 queries
01:00:31 - process[1]: training epoch 17 ...
01:00:49 - process[1] - epoch 17 - train iter 444 - 19327.7 words/s - loss: 0.3847
01:00:49 - process[1]: evaluating epoch 17 on dev ...
01:01:19 - dev set during evaluation: 13490/13483
01:01:19 - process[1] - dev - epoch 17 - mAP: 0.502 w/ 38 queries
01:01:19 - process[1]: training epoch 18 ...
01:01:39 - process[1] - epoch 18 - train iter 444 - 17740.2 words/s - loss: 0.4134
01:01:39 - process[1]: evaluating epoch 18 on dev ...
01:02:06 - dev set during evaluation: 13490/13483
01:02:06 - process[1] - dev - epoch 18 - mAP: 0.505 w/ 38 queries
01:02:06 - process[1]: training epoch 19 ...
01:02:24 - process[1] - epoch 19 - train iter 444 - 19494.1 words/s - loss: 0.3992
01:02:24 - process[1]: evaluating epoch 19 on dev ...
01:02:53 - dev set during evaluation: 13490/13483
01:02:53 - process[1] - dev - epoch 19 - mAP: 0.533 w/ 38 queries
01:02:53 - process[1]: evaluating epoch 19 on test ...
01:03:25 - test set during evaluation: 13890/13887
01:03:25 - process[1] - test - epoch 19 - mAP: 0.491 w/ 38 queries
01:03:25 - [fold 5] best test MAP: 0.491 @ epoch 19
01:03:25 - [0.4329447028868061, 0.5284016398156103, 0.5252395865481306, 0.5244360946459186, 0.491422931837793]
01:03:25 - [38, 39, 39, 38, 38]
01:03:25 - final MAP: 0.501
