00:00:07 - Namespace(apex_level='O2', batch_size=8, cased=False, dataset='clef', debug=False, encoder_lr=2e-05, eval_step=1, full_doc_length=True, local_rank=8, model_path='/mnt/scratch/puxuan/short_qlm_mix/2192279/huggingface-9', model_type='mbert', num_epochs=20, num_ft_encoders=3, num_neg=1, projector_lr=2e-05, seed=611, source_lang='fr', target_lang='de')
00:00:17 - Evaluating every 1 epochs ...
00:00:17 - reading data from /mnt/home/puxuan/CLIR-project/Evaluation_data/process-clef/uncased
00:00:18 - test has 38 queries ...
00:00:18 - Data reading done ...
00:00:25 - adding 9-th encoder to optimizer...
00:00:25 - adding 10-th encoder to optimizer...
00:00:25 - adding 11-th encoder to optimizer...
00:00:25 - process[8]: training epoch 0 ...
00:00:42 - process[8] - epoch 0 - train iter 423 - 20112.5 words/s - loss: 0.6430
00:00:42 - process[8]: training epoch 1 ...
00:00:59 - process[8] - epoch 1 - train iter 423 - 20008.7 words/s - loss: 0.5512
00:00:59 - process[8]: training epoch 2 ...
00:01:16 - process[8] - epoch 2 - train iter 423 - 20824.7 words/s - loss: 0.5104
00:01:16 - process[8]: training epoch 3 ...
00:01:31 - process[8] - epoch 3 - train iter 423 - 21616.9 words/s - loss: 0.5001
00:01:31 - process[8]: training epoch 4 ...
00:01:49 - process[8] - epoch 4 - train iter 423 - 19381.6 words/s - loss: 0.4543
00:01:49 - process[8]: training epoch 5 ...
00:02:04 - process[8] - epoch 5 - train iter 423 - 21695.0 words/s - loss: 0.4467
00:02:04 - process[8]: training epoch 6 ...
00:02:20 - process[8] - epoch 6 - train iter 423 - 21490.2 words/s - loss: 0.4221
00:02:20 - process[8]: training epoch 7 ...
00:02:36 - process[8] - epoch 7 - train iter 423 - 20929.6 words/s - loss: 0.4359
00:02:36 - process[8]: training epoch 8 ...
00:02:53 - process[8] - epoch 8 - train iter 423 - 19755.9 words/s - loss: 0.4591
00:02:53 - process[8]: training epoch 9 ...
00:03:09 - process[8] - epoch 9 - train iter 423 - 20261.1 words/s - loss: 0.4271
00:03:09 - process[8]: training epoch 10 ...
00:03:26 - process[8] - epoch 10 - train iter 423 - 20628.5 words/s - loss: 0.4400
00:03:26 - process[8]: evaluating epoch 10 on dev ...
00:03:55 - dev set during evaluation: 13890/13887
00:03:55 - process[8] - dev - epoch 10 - mAP: 0.464 w/ 38 queries
00:03:55 - process[8]: evaluating epoch 10 on test ...
00:04:25 - test set during evaluation: 15580/15574
00:04:25 - process[8] - test - epoch 10 - mAP: 0.417 w/ 38 queries
00:04:25 - process[8]: training epoch 11 ...
00:04:40 - process[8] - epoch 11 - train iter 423 - 22254.1 words/s - loss: 0.4318
00:04:40 - process[8]: evaluating epoch 11 on dev ...
00:05:10 - dev set during evaluation: 13890/13887
00:05:10 - process[8] - dev - epoch 11 - mAP: 0.442 w/ 38 queries
00:05:10 - process[8]: training epoch 12 ...
00:05:27 - process[8] - epoch 12 - train iter 423 - 19563.4 words/s - loss: 0.4083
00:05:27 - process[8]: evaluating epoch 12 on dev ...
00:05:56 - dev set during evaluation: 13890/13887
00:05:56 - process[8] - dev - epoch 12 - mAP: 0.462 w/ 38 queries
00:05:56 - process[8]: training epoch 13 ...
00:06:12 - process[8] - epoch 13 - train iter 423 - 20713.2 words/s - loss: 0.3824
00:06:12 - process[8]: evaluating epoch 13 on dev ...
00:06:41 - dev set during evaluation: 13890/13887
00:06:41 - process[8] - dev - epoch 13 - mAP: 0.456 w/ 38 queries
00:06:41 - process[8]: training epoch 14 ...
00:06:58 - process[8] - epoch 14 - train iter 423 - 19391.3 words/s - loss: 0.4057
00:06:58 - process[8]: evaluating epoch 14 on dev ...
00:07:26 - dev set during evaluation: 13890/13887
00:07:26 - process[8] - dev - epoch 14 - mAP: 0.485 w/ 38 queries
00:07:26 - process[8]: evaluating epoch 14 on test ...
00:07:56 - test set during evaluation: 15580/15574
00:07:56 - process[8] - test - epoch 14 - mAP: 0.390 w/ 38 queries
00:07:56 - process[8]: training epoch 15 ...
00:08:13 - process[8] - epoch 15 - train iter 423 - 20898.9 words/s - loss: 0.4133
00:08:13 - process[8]: evaluating epoch 15 on dev ...
00:08:42 - dev set during evaluation: 13890/13887
00:08:42 - process[8] - dev - epoch 15 - mAP: 0.498 w/ 38 queries
00:08:42 - process[8]: evaluating epoch 15 on test ...
00:09:12 - test set during evaluation: 15580/15574
00:09:12 - process[8] - test - epoch 15 - mAP: 0.393 w/ 38 queries
00:09:12 - process[8]: training epoch 16 ...
00:09:27 - process[8] - epoch 16 - train iter 423 - 22047.6 words/s - loss: 0.3957
00:09:27 - process[8]: evaluating epoch 16 on dev ...
00:09:57 - dev set during evaluation: 13890/13887
00:09:57 - process[8] - dev - epoch 16 - mAP: 0.483 w/ 38 queries
00:09:57 - process[8]: training epoch 17 ...
00:10:12 - process[8] - epoch 17 - train iter 423 - 21009.0 words/s - loss: 0.3793
00:10:12 - process[8]: evaluating epoch 17 on dev ...
00:10:42 - dev set during evaluation: 13890/13887
00:10:42 - process[8] - dev - epoch 17 - mAP: 0.455 w/ 38 queries
00:10:42 - process[8]: training epoch 18 ...
00:10:58 - process[8] - epoch 18 - train iter 423 - 20768.7 words/s - loss: 0.3612
00:10:58 - process[8]: evaluating epoch 18 on dev ...
00:11:27 - dev set during evaluation: 13890/13887
00:11:27 - process[8] - dev - epoch 18 - mAP: 0.500 w/ 38 queries
00:11:27 - process[8]: evaluating epoch 18 on test ...
00:11:57 - test set during evaluation: 15580/15574
00:11:57 - process[8] - test - epoch 18 - mAP: 0.393 w/ 38 queries
00:11:57 - process[8]: training epoch 19 ...
00:12:13 - process[8] - epoch 19 - train iter 423 - 20974.3 words/s - loss: 0.4180
00:12:13 - process[8]: evaluating epoch 19 on dev ...
00:12:41 - dev set during evaluation: 13890/13887
00:12:41 - process[8] - dev - epoch 19 - mAP: 0.467 w/ 38 queries
00:12:41 - [fold 1] best test MAP: 0.393 @ epoch 18
00:12:41 - Evaluating every 1 epochs ...
00:12:41 - reading data from /mnt/home/puxuan/CLIR-project/Evaluation_data/process-clef/uncased
00:12:42 - test has 39 queries ...
00:12:42 - Data reading done ...
00:12:44 - adding 9-th encoder to optimizer...
00:12:44 - adding 10-th encoder to optimizer...
00:12:44 - adding 11-th encoder to optimizer...
00:12:44 - process[8]: training epoch 0 ...
00:13:02 - process[8] - epoch 0 - train iter 386 - 17527.6 words/s - loss: 0.6353
00:13:02 - process[8]: training epoch 1 ...
00:13:19 - process[8] - epoch 1 - train iter 386 - 17509.1 words/s - loss: 0.5637
00:13:19 - process[8]: training epoch 2 ...
00:13:36 - process[8] - epoch 2 - train iter 386 - 18328.7 words/s - loss: 0.5062
00:13:36 - process[8]: training epoch 3 ...
00:13:53 - process[8] - epoch 3 - train iter 386 - 17249.8 words/s - loss: 0.5029
00:13:53 - process[8]: training epoch 4 ...
00:14:12 - process[8] - epoch 4 - train iter 386 - 15736.6 words/s - loss: 0.4458
00:14:12 - process[8]: training epoch 5 ...
00:14:31 - process[8] - epoch 5 - train iter 386 - 16356.9 words/s - loss: 0.4617
00:14:31 - process[8]: training epoch 6 ...
00:14:49 - process[8] - epoch 6 - train iter 386 - 16798.0 words/s - loss: 0.4335
00:14:49 - process[8]: training epoch 7 ...
00:15:08 - process[8] - epoch 7 - train iter 386 - 16092.1 words/s - loss: 0.4761
00:15:08 - process[8]: training epoch 8 ...
00:15:26 - process[8] - epoch 8 - train iter 386 - 16875.5 words/s - loss: 0.4574
00:15:26 - process[8]: training epoch 9 ...
00:15:44 - process[8] - epoch 9 - train iter 386 - 17016.8 words/s - loss: 0.4539
00:15:44 - process[8]: training epoch 10 ...
00:16:02 - process[8] - epoch 10 - train iter 386 - 17084.5 words/s - loss: 0.4239
00:16:02 - process[8]: evaluating epoch 10 on dev ...
00:16:38 - dev set during evaluation: 15580/15574
00:16:38 - process[8] - dev - epoch 10 - mAP: 0.408 w/ 38 queries
00:16:38 - process[8]: evaluating epoch 10 on test ...
00:17:11 - test set during evaluation: 14340/14338
00:17:11 - process[8] - test - epoch 10 - mAP: 0.491 w/ 39 queries
00:17:11 - process[8]: training epoch 11 ...
00:17:29 - process[8] - epoch 11 - train iter 386 - 17025.0 words/s - loss: 0.4148
00:17:29 - process[8]: evaluating epoch 11 on dev ...
00:18:05 - dev set during evaluation: 15580/15574
00:18:05 - process[8] - dev - epoch 11 - mAP: 0.421 w/ 38 queries
00:18:05 - process[8]: evaluating epoch 11 on test ...
00:18:38 - test set during evaluation: 14340/14338
00:18:38 - process[8] - test - epoch 11 - mAP: 0.502 w/ 39 queries
00:18:38 - process[8]: training epoch 12 ...
00:18:57 - process[8] - epoch 12 - train iter 386 - 16296.8 words/s - loss: 0.4196
00:18:57 - process[8]: evaluating epoch 12 on dev ...
00:19:32 - dev set during evaluation: 15580/15574
00:19:32 - process[8] - dev - epoch 12 - mAP: 0.417 w/ 38 queries
00:19:32 - process[8]: training epoch 13 ...
00:19:50 - process[8] - epoch 13 - train iter 386 - 17156.1 words/s - loss: 0.4266
00:19:50 - process[8]: evaluating epoch 13 on dev ...
00:20:26 - dev set during evaluation: 15580/15574
00:20:26 - process[8] - dev - epoch 13 - mAP: 0.402 w/ 38 queries
00:20:26 - process[8]: training epoch 14 ...
00:20:45 - process[8] - epoch 14 - train iter 386 - 16140.2 words/s - loss: 0.3752
00:20:45 - process[8]: evaluating epoch 14 on dev ...
00:21:21 - dev set during evaluation: 15580/15574
00:21:21 - process[8] - dev - epoch 14 - mAP: 0.398 w/ 38 queries
00:21:21 - process[8]: training epoch 15 ...
00:21:40 - process[8] - epoch 15 - train iter 386 - 16473.5 words/s - loss: 0.4077
00:21:40 - process[8]: evaluating epoch 15 on dev ...
00:22:15 - dev set during evaluation: 15580/15574
00:22:15 - process[8] - dev - epoch 15 - mAP: 0.415 w/ 38 queries
00:22:15 - process[8]: training epoch 16 ...
00:22:35 - process[8] - epoch 16 - train iter 386 - 15772.0 words/s - loss: 0.3885
00:22:35 - process[8]: evaluating epoch 16 on dev ...
00:23:10 - dev set during evaluation: 15580/15574
00:23:10 - process[8] - dev - epoch 16 - mAP: 0.422 w/ 38 queries
00:23:10 - process[8]: evaluating epoch 16 on test ...
00:23:42 - test set during evaluation: 14340/14338
00:23:42 - process[8] - test - epoch 16 - mAP: 0.507 w/ 39 queries
00:23:42 - process[8]: training epoch 17 ...
00:24:01 - process[8] - epoch 17 - train iter 386 - 16018.0 words/s - loss: 0.3924
00:24:01 - process[8]: evaluating epoch 17 on dev ...
00:24:36 - dev set during evaluation: 15580/15574
00:24:36 - process[8] - dev - epoch 17 - mAP: 0.413 w/ 38 queries
00:24:36 - process[8]: training epoch 18 ...
00:24:53 - process[8] - epoch 18 - train iter 386 - 17968.9 words/s - loss: 0.3998
00:24:53 - process[8]: evaluating epoch 18 on dev ...
00:25:30 - dev set during evaluation: 15580/15574
00:25:30 - process[8] - dev - epoch 18 - mAP: 0.406 w/ 38 queries
00:25:30 - process[8]: training epoch 19 ...
00:25:48 - process[8] - epoch 19 - train iter 386 - 16392.4 words/s - loss: 0.3851
00:25:48 - process[8]: evaluating epoch 19 on dev ...
00:26:23 - dev set during evaluation: 15580/15574
00:26:23 - process[8] - dev - epoch 19 - mAP: 0.398 w/ 38 queries
00:26:23 - [fold 2] best test MAP: 0.507 @ epoch 16
00:26:23 - Evaluating every 1 epochs ...
00:26:23 - reading data from /mnt/home/puxuan/CLIR-project/Evaluation_data/process-clef/uncased
00:26:24 - test has 39 queries ...
00:26:24 - Data reading done ...
00:26:26 - adding 9-th encoder to optimizer...
00:26:26 - adding 10-th encoder to optimizer...
00:26:26 - adding 11-th encoder to optimizer...
00:26:26 - process[8]: training epoch 0 ...
00:26:43 - process[8] - epoch 0 - train iter 360 - 17287.8 words/s - loss: 0.6388
00:26:43 - process[8]: training epoch 1 ...
00:27:00 - process[8] - epoch 1 - train iter 360 - 16697.1 words/s - loss: 0.5393
00:27:00 - process[8]: training epoch 2 ...
00:27:18 - process[8] - epoch 2 - train iter 360 - 16084.1 words/s - loss: 0.5050
00:27:18 - process[8]: training epoch 3 ...
00:27:36 - process[8] - epoch 3 - train iter 360 - 15283.9 words/s - loss: 0.5024
00:27:36 - process[8]: training epoch 4 ...
00:27:54 - process[8] - epoch 4 - train iter 360 - 16158.5 words/s - loss: 0.4969
00:27:54 - process[8]: training epoch 5 ...
00:28:10 - process[8] - epoch 5 - train iter 360 - 17722.1 words/s - loss: 0.4703
00:28:10 - process[8]: training epoch 6 ...
00:28:28 - process[8] - epoch 6 - train iter 360 - 16381.5 words/s - loss: 0.4368
00:28:28 - process[8]: training epoch 7 ...
00:28:45 - process[8] - epoch 7 - train iter 360 - 16353.2 words/s - loss: 0.4872
00:28:45 - process[8]: training epoch 8 ...
00:29:02 - process[8] - epoch 8 - train iter 360 - 17395.1 words/s - loss: 0.4114
00:29:02 - process[8]: training epoch 9 ...
00:29:18 - process[8] - epoch 9 - train iter 360 - 17948.2 words/s - loss: 0.4145
00:29:18 - process[8]: training epoch 10 ...
00:29:37 - process[8] - epoch 10 - train iter 360 - 14636.9 words/s - loss: 0.4199
00:29:37 - process[8]: evaluating epoch 10 on dev ...
00:30:18 - dev set during evaluation: 14340/14338
00:30:18 - process[8] - dev - epoch 10 - mAP: 0.491 w/ 39 queries
00:30:18 - process[8]: evaluating epoch 10 on test ...
00:30:47 - test set during evaluation: 11710/11707
00:30:47 - process[8] - test - epoch 10 - mAP: 0.511 w/ 39 queries
00:30:47 - process[8]: training epoch 11 ...
00:31:03 - process[8] - epoch 11 - train iter 360 - 17770.9 words/s - loss: 0.4370
00:31:03 - process[8]: evaluating epoch 11 on dev ...
00:31:38 - dev set during evaluation: 14340/14338
00:31:38 - process[8] - dev - epoch 11 - mAP: 0.481 w/ 39 queries
00:31:38 - process[8]: training epoch 12 ...
00:31:56 - process[8] - epoch 12 - train iter 360 - 16581.9 words/s - loss: 0.4186
00:31:56 - process[8]: evaluating epoch 12 on dev ...
00:32:28 - dev set during evaluation: 14340/14338
00:32:28 - process[8] - dev - epoch 12 - mAP: 0.495 w/ 39 queries
00:32:28 - process[8]: evaluating epoch 12 on test ...
00:32:57 - test set during evaluation: 11710/11707
00:32:57 - process[8] - test - epoch 12 - mAP: 0.505 w/ 39 queries
00:32:57 - process[8]: training epoch 13 ...
00:33:15 - process[8] - epoch 13 - train iter 360 - 16275.8 words/s - loss: 0.4061
00:33:15 - process[8]: evaluating epoch 13 on dev ...
00:33:47 - dev set during evaluation: 14340/14338
00:33:47 - process[8] - dev - epoch 13 - mAP: 0.498 w/ 39 queries
00:33:47 - process[8]: evaluating epoch 13 on test ...
00:34:16 - test set during evaluation: 11710/11707
00:34:16 - process[8] - test - epoch 13 - mAP: 0.506 w/ 39 queries
00:34:16 - process[8]: training epoch 14 ...
00:34:34 - process[8] - epoch 14 - train iter 360 - 16267.8 words/s - loss: 0.4512
00:34:34 - process[8]: evaluating epoch 14 on dev ...
00:35:07 - dev set during evaluation: 14340/14338
00:35:07 - process[8] - dev - epoch 14 - mAP: 0.490 w/ 39 queries
00:35:07 - process[8]: training epoch 15 ...
00:35:25 - process[8] - epoch 15 - train iter 360 - 15877.1 words/s - loss: 0.4140
00:35:25 - process[8]: evaluating epoch 15 on dev ...
00:35:56 - dev set during evaluation: 14340/14338
00:35:56 - process[8] - dev - epoch 15 - mAP: 0.490 w/ 39 queries
00:35:57 - process[8]: training epoch 16 ...
00:36:12 - process[8] - epoch 16 - train iter 360 - 18020.7 words/s - loss: 0.3646
00:36:12 - process[8]: evaluating epoch 16 on dev ...
00:36:47 - dev set during evaluation: 14340/14338
00:36:47 - process[8] - dev - epoch 16 - mAP: 0.499 w/ 39 queries
00:36:47 - process[8]: evaluating epoch 16 on test ...
00:37:16 - test set during evaluation: 11710/11707
00:37:16 - process[8] - test - epoch 16 - mAP: 0.505 w/ 39 queries
00:37:16 - process[8]: training epoch 17 ...
00:37:32 - process[8] - epoch 17 - train iter 360 - 17818.3 words/s - loss: 0.3871
00:37:32 - process[8]: evaluating epoch 17 on dev ...
00:38:08 - dev set during evaluation: 14340/14338
00:38:08 - process[8] - dev - epoch 17 - mAP: 0.484 w/ 39 queries
00:38:08 - process[8]: training epoch 18 ...
00:38:27 - process[8] - epoch 18 - train iter 360 - 15489.1 words/s - loss: 0.4032
00:38:27 - process[8]: evaluating epoch 18 on dev ...
00:39:01 - dev set during evaluation: 14340/14338
00:39:01 - process[8] - dev - epoch 18 - mAP: 0.493 w/ 39 queries
00:39:01 - process[8]: training epoch 19 ...
00:39:19 - process[8] - epoch 19 - train iter 360 - 15961.4 words/s - loss: 0.3852
00:39:19 - process[8]: evaluating epoch 19 on dev ...
00:39:52 - dev set during evaluation: 14340/14338
00:39:52 - process[8] - dev - epoch 19 - mAP: 0.488 w/ 39 queries
00:39:52 - [fold 3] best test MAP: 0.505 @ epoch 16
00:39:52 - Evaluating every 1 epochs ...
00:39:52 - reading data from /mnt/home/puxuan/CLIR-project/Evaluation_data/process-clef/uncased
00:39:53 - test has 38 queries ...
00:39:53 - Data reading done ...
00:39:55 - adding 9-th encoder to optimizer...
00:39:55 - adding 10-th encoder to optimizer...
00:39:55 - adding 11-th encoder to optimizer...
00:39:55 - process[8]: training epoch 0 ...
00:40:15 - process[8] - epoch 0 - train iter 404 - 16480.3 words/s - loss: 0.6514
00:40:15 - process[8]: training epoch 1 ...
00:40:34 - process[8] - epoch 1 - train iter 404 - 17038.3 words/s - loss: 0.5350
00:40:34 - process[8]: training epoch 2 ...
00:40:51 - process[8] - epoch 2 - train iter 404 - 18466.6 words/s - loss: 0.5406
00:40:51 - process[8]: training epoch 3 ...
00:41:09 - process[8] - epoch 3 - train iter 404 - 18404.6 words/s - loss: 0.4926
00:41:09 - process[8]: training epoch 4 ...
00:41:27 - process[8] - epoch 4 - train iter 404 - 17237.9 words/s - loss: 0.4559
00:41:27 - process[8]: training epoch 5 ...
00:41:46 - process[8] - epoch 5 - train iter 404 - 16709.1 words/s - loss: 0.4479
00:41:46 - process[8]: training epoch 6 ...
00:42:04 - process[8] - epoch 6 - train iter 404 - 17951.2 words/s - loss: 0.4657
00:42:04 - process[8]: training epoch 7 ...
00:42:22 - process[8] - epoch 7 - train iter 404 - 17385.9 words/s - loss: 0.4600
00:42:22 - process[8]: training epoch 8 ...
00:42:40 - process[8] - epoch 8 - train iter 404 - 18118.1 words/s - loss: 0.4338
00:42:40 - process[8]: training epoch 9 ...
00:42:59 - process[8] - epoch 9 - train iter 404 - 17893.3 words/s - loss: 0.4487
00:42:59 - process[8]: training epoch 10 ...
00:43:16 - process[8] - epoch 10 - train iter 404 - 18219.5 words/s - loss: 0.4291
00:43:16 - process[8]: evaluating epoch 10 on dev ...
00:43:42 - dev set during evaluation: 11710/11707
00:43:42 - process[8] - dev - epoch 10 - mAP: 0.493 w/ 39 queries
00:43:42 - process[8]: evaluating epoch 10 on test ...
00:44:09 - test set during evaluation: 13490/13483
00:44:09 - process[8] - test - epoch 10 - mAP: 0.453 w/ 38 queries
00:44:09 - process[8]: training epoch 11 ...
00:44:28 - process[8] - epoch 11 - train iter 404 - 16801.2 words/s - loss: 0.4099
00:44:28 - process[8]: evaluating epoch 11 on dev ...
00:44:56 - dev set during evaluation: 11710/11707
00:44:56 - process[8] - dev - epoch 11 - mAP: 0.494 w/ 39 queries
00:44:56 - process[8]: evaluating epoch 11 on test ...
00:45:23 - test set during evaluation: 13490/13483
00:45:23 - process[8] - test - epoch 11 - mAP: 0.457 w/ 38 queries
00:45:23 - process[8]: training epoch 12 ...
00:45:40 - process[8] - epoch 12 - train iter 404 - 19099.3 words/s - loss: 0.4340
00:45:40 - process[8]: evaluating epoch 12 on dev ...
00:46:08 - dev set during evaluation: 11710/11707
00:46:08 - process[8] - dev - epoch 12 - mAP: 0.502 w/ 39 queries
00:46:08 - process[8]: evaluating epoch 12 on test ...
00:46:36 - test set during evaluation: 13490/13483
00:46:36 - process[8] - test - epoch 12 - mAP: 0.458 w/ 38 queries
00:46:36 - process[8]: training epoch 13 ...
00:46:55 - process[8] - epoch 13 - train iter 404 - 16725.7 words/s - loss: 0.3947
00:46:55 - process[8]: evaluating epoch 13 on dev ...
00:47:21 - dev set during evaluation: 11710/11707
00:47:21 - process[8] - dev - epoch 13 - mAP: 0.507 w/ 39 queries
00:47:21 - process[8]: evaluating epoch 13 on test ...
00:47:48 - test set during evaluation: 13490/13483
00:47:48 - process[8] - test - epoch 13 - mAP: 0.486 w/ 38 queries
00:47:49 - process[8]: training epoch 14 ...
00:48:06 - process[8] - epoch 14 - train iter 404 - 18050.5 words/s - loss: 0.4173
00:48:06 - process[8]: evaluating epoch 14 on dev ...
00:48:34 - dev set during evaluation: 11710/11707
00:48:34 - process[8] - dev - epoch 14 - mAP: 0.524 w/ 39 queries
00:48:34 - process[8]: evaluating epoch 14 on test ...
00:49:02 - test set during evaluation: 13490/13483
00:49:02 - process[8] - test - epoch 14 - mAP: 0.478 w/ 38 queries
00:49:02 - process[8]: training epoch 15 ...
00:49:21 - process[8] - epoch 15 - train iter 404 - 16975.6 words/s - loss: 0.4110
00:49:21 - process[8]: evaluating epoch 15 on dev ...
00:49:47 - dev set during evaluation: 11710/11707
00:49:47 - process[8] - dev - epoch 15 - mAP: 0.499 w/ 39 queries
00:49:47 - process[8]: training epoch 16 ...
00:50:07 - process[8] - epoch 16 - train iter 404 - 16197.6 words/s - loss: 0.4186
00:50:07 - process[8]: evaluating epoch 16 on dev ...
00:50:33 - dev set during evaluation: 11710/11707
00:50:33 - process[8] - dev - epoch 16 - mAP: 0.495 w/ 39 queries
00:50:33 - process[8]: training epoch 17 ...
00:50:51 - process[8] - epoch 17 - train iter 404 - 17496.4 words/s - loss: 0.3967
00:50:51 - process[8]: evaluating epoch 17 on dev ...
00:51:19 - dev set during evaluation: 11710/11707
00:51:19 - process[8] - dev - epoch 17 - mAP: 0.518 w/ 39 queries
00:51:19 - process[8]: training epoch 18 ...
00:51:35 - process[8] - epoch 18 - train iter 404 - 19299.0 words/s - loss: 0.3797
00:51:35 - process[8]: evaluating epoch 18 on dev ...
00:52:04 - dev set during evaluation: 11710/11707
00:52:04 - process[8] - dev - epoch 18 - mAP: 0.507 w/ 39 queries
00:52:04 - process[8]: training epoch 19 ...
00:52:22 - process[8] - epoch 19 - train iter 404 - 17286.6 words/s - loss: 0.3922
00:52:22 - process[8]: evaluating epoch 19 on dev ...
00:52:49 - dev set during evaluation: 11710/11707
00:52:49 - process[8] - dev - epoch 19 - mAP: 0.503 w/ 39 queries
00:52:49 - [fold 4] best test MAP: 0.478 @ epoch 14
00:52:49 - Evaluating every 1 epochs ...
00:52:49 - reading data from /mnt/home/puxuan/CLIR-project/Evaluation_data/process-clef/uncased
00:52:50 - test has 38 queries ...
00:52:50 - Data reading done ...
00:52:51 - adding 9-th encoder to optimizer...
00:52:51 - adding 10-th encoder to optimizer...
00:52:51 - adding 11-th encoder to optimizer...
00:52:52 - process[8]: training epoch 0 ...
00:53:10 - process[8] - epoch 0 - train iter 444 - 19119.4 words/s - loss: 0.6658
00:53:10 - process[8]: training epoch 1 ...
00:53:28 - process[8] - epoch 1 - train iter 444 - 20433.4 words/s - loss: 0.5314
00:53:28 - process[8]: training epoch 2 ...
00:53:46 - process[8] - epoch 2 - train iter 444 - 19326.7 words/s - loss: 0.5520
00:53:46 - process[8]: training epoch 3 ...
00:54:05 - process[8] - epoch 3 - train iter 444 - 19437.1 words/s - loss: 0.5087
00:54:05 - process[8]: training epoch 4 ...
00:54:24 - process[8] - epoch 4 - train iter 444 - 18169.1 words/s - loss: 0.5051
00:54:24 - process[8]: training epoch 5 ...
00:54:43 - process[8] - epoch 5 - train iter 444 - 19270.8 words/s - loss: 0.4947
00:54:43 - process[8]: training epoch 6 ...
00:55:01 - process[8] - epoch 6 - train iter 444 - 19007.5 words/s - loss: 0.4558
00:55:01 - process[8]: training epoch 7 ...
00:55:20 - process[8] - epoch 7 - train iter 444 - 19594.8 words/s - loss: 0.4797
00:55:20 - process[8]: training epoch 8 ...
00:55:38 - process[8] - epoch 8 - train iter 444 - 19693.9 words/s - loss: 0.4188
00:55:38 - process[8]: training epoch 9 ...
00:55:56 - process[8] - epoch 9 - train iter 444 - 19562.2 words/s - loss: 0.4653
00:55:56 - process[8]: training epoch 10 ...
00:56:14 - process[8] - epoch 10 - train iter 444 - 19439.6 words/s - loss: 0.4499
00:56:14 - process[8]: evaluating epoch 10 on dev ...
00:56:47 - dev set during evaluation: 13490/13483
00:56:47 - process[8] - dev - epoch 10 - mAP: 0.470 w/ 38 queries
00:56:47 - process[8]: evaluating epoch 10 on test ...
00:57:19 - test set during evaluation: 13890/13887
00:57:19 - process[8] - test - epoch 10 - mAP: 0.444 w/ 38 queries
00:57:19 - process[8]: training epoch 11 ...
00:57:39 - process[8] - epoch 11 - train iter 444 - 17630.6 words/s - loss: 0.4331
00:57:39 - process[8]: evaluating epoch 11 on dev ...
00:58:06 - dev set during evaluation: 13490/13483
00:58:06 - process[8] - dev - epoch 11 - mAP: 0.478 w/ 38 queries
00:58:06 - process[8]: evaluating epoch 11 on test ...
00:58:38 - test set during evaluation: 13890/13887
00:58:38 - process[8] - test - epoch 11 - mAP: 0.468 w/ 38 queries
00:58:38 - process[8]: training epoch 12 ...
00:58:56 - process[8] - epoch 12 - train iter 444 - 20213.8 words/s - loss: 0.4280
00:58:56 - process[8]: evaluating epoch 12 on dev ...
00:59:24 - dev set during evaluation: 13490/13483
00:59:24 - process[8] - dev - epoch 12 - mAP: 0.447 w/ 38 queries
00:59:24 - process[8]: training epoch 13 ...
00:59:43 - process[8] - epoch 13 - train iter 444 - 18802.2 words/s - loss: 0.4569
00:59:43 - process[8]: evaluating epoch 13 on dev ...
01:00:11 - dev set during evaluation: 13490/13483
01:00:11 - process[8] - dev - epoch 13 - mAP: 0.452 w/ 38 queries
01:00:11 - process[8]: training epoch 14 ...
01:00:30 - process[8] - epoch 14 - train iter 444 - 18189.6 words/s - loss: 0.4309
01:00:30 - process[8]: evaluating epoch 14 on dev ...
01:00:59 - dev set during evaluation: 13490/13483
01:00:59 - process[8] - dev - epoch 14 - mAP: 0.493 w/ 38 queries
01:00:59 - process[8]: evaluating epoch 14 on test ...
01:01:31 - test set during evaluation: 13890/13887
01:01:31 - process[8] - test - epoch 14 - mAP: 0.463 w/ 38 queries
01:01:31 - process[8]: training epoch 15 ...
01:01:49 - process[8] - epoch 15 - train iter 444 - 19794.8 words/s - loss: 0.4211
01:01:49 - process[8]: evaluating epoch 15 on dev ...
01:02:17 - dev set during evaluation: 13490/13483
01:02:17 - process[8] - dev - epoch 15 - mAP: 0.463 w/ 38 queries
01:02:17 - process[8]: training epoch 16 ...
01:02:35 - process[8] - epoch 16 - train iter 444 - 19576.6 words/s - loss: 0.4084
01:02:35 - process[8]: evaluating epoch 16 on dev ...
01:03:04 - dev set during evaluation: 13490/13483
01:03:04 - process[8] - dev - epoch 16 - mAP: 0.463 w/ 38 queries
01:03:04 - process[8]: training epoch 17 ...
01:03:22 - process[8] - epoch 17 - train iter 444 - 19694.6 words/s - loss: 0.3895
01:03:22 - process[8]: evaluating epoch 17 on dev ...
01:03:51 - dev set during evaluation: 13490/13483
01:03:51 - process[8] - dev - epoch 17 - mAP: 0.467 w/ 38 queries
01:03:51 - process[8]: training epoch 18 ...
01:04:09 - process[8] - epoch 18 - train iter 444 - 19922.7 words/s - loss: 0.3550
01:04:09 - process[8]: evaluating epoch 18 on dev ...
01:04:39 - dev set during evaluation: 13490/13483
01:04:39 - process[8] - dev - epoch 18 - mAP: 0.459 w/ 38 queries
01:04:39 - process[8]: training epoch 19 ...
01:04:58 - process[8] - epoch 19 - train iter 444 - 18733.4 words/s - loss: 0.3852
01:04:58 - process[8]: evaluating epoch 19 on dev ...
01:05:26 - dev set during evaluation: 13490/13483
01:05:26 - process[8] - dev - epoch 19 - mAP: 0.471 w/ 38 queries
01:05:26 - [fold 5] best test MAP: 0.463 @ epoch 14
01:05:26 - [0.392841160487028, 0.5067711181901935, 0.5051822680378937, 0.47848710127108735, 0.4634576018238556]
01:05:26 - [38, 39, 39, 38, 38]
01:05:26 - final MAP: 0.470
