00:00:07 - Namespace(apex_level='O2', batch_size=8, cased=False, dataset='clef', debug=False, encoder_lr=2e-05, eval_step=1, full_doc_length=True, local_rank=7, model_path='/mnt/scratch/puxuan/short_qlm_mix/2192279/huggingface-9', model_type='mbert', num_epochs=20, num_ft_encoders=3, num_neg=1, projector_lr=2e-05, seed=611, source_lang='fr', target_lang='de')
00:00:17 - Evaluating every 1 epochs ...
00:00:17 - reading data from /mnt/home/puxuan/CLIR-project/Evaluation_data/process-clef/uncased
00:00:18 - test has 38 queries ...
00:00:18 - Data reading done ...
00:00:25 - adding 9-th encoder to optimizer...
00:00:25 - adding 10-th encoder to optimizer...
00:00:25 - adding 11-th encoder to optimizer...
00:00:25 - process[7]: training epoch 0 ...
00:00:42 - process[7] - epoch 0 - train iter 423 - 20985.2 words/s - loss: 0.6390
00:00:42 - process[7]: training epoch 1 ...
00:00:57 - process[7] - epoch 1 - train iter 423 - 21490.4 words/s - loss: 0.5182
00:00:57 - process[7]: training epoch 2 ...
00:01:13 - process[7] - epoch 2 - train iter 423 - 21533.1 words/s - loss: 0.5180
00:01:13 - process[7]: training epoch 3 ...
00:01:29 - process[7] - epoch 3 - train iter 423 - 20137.9 words/s - loss: 0.4899
00:01:29 - process[7]: training epoch 4 ...
00:01:46 - process[7] - epoch 4 - train iter 423 - 20393.7 words/s - loss: 0.5094
00:01:46 - process[7]: training epoch 5 ...
00:02:03 - process[7] - epoch 5 - train iter 423 - 19678.9 words/s - loss: 0.4634
00:02:03 - process[7]: training epoch 6 ...
00:02:20 - process[7] - epoch 6 - train iter 423 - 20097.3 words/s - loss: 0.4489
00:02:20 - process[7]: training epoch 7 ...
00:02:37 - process[7] - epoch 7 - train iter 423 - 19843.6 words/s - loss: 0.4611
00:02:37 - process[7]: training epoch 8 ...
00:02:53 - process[7] - epoch 8 - train iter 423 - 19996.8 words/s - loss: 0.4316
00:02:53 - process[7]: training epoch 9 ...
00:03:09 - process[7] - epoch 9 - train iter 423 - 21184.7 words/s - loss: 0.4682
00:03:09 - process[7]: training epoch 10 ...
00:03:26 - process[7] - epoch 10 - train iter 423 - 19418.4 words/s - loss: 0.4246
00:03:26 - process[7]: evaluating epoch 10 on dev ...
00:03:55 - dev set during evaluation: 13890/13887
00:03:55 - process[7] - dev - epoch 10 - mAP: 0.464 w/ 38 queries
00:03:55 - process[7]: evaluating epoch 10 on test ...
00:04:25 - test set during evaluation: 15580/15574
00:04:25 - process[7] - test - epoch 10 - mAP: 0.417 w/ 38 queries
00:04:25 - process[7]: training epoch 11 ...
00:04:41 - process[7] - epoch 11 - train iter 423 - 20622.6 words/s - loss: 0.4205
00:04:41 - process[7]: evaluating epoch 11 on dev ...
00:05:10 - dev set during evaluation: 13890/13887
00:05:10 - process[7] - dev - epoch 11 - mAP: 0.442 w/ 38 queries
00:05:10 - process[7]: training epoch 12 ...
00:05:26 - process[7] - epoch 12 - train iter 423 - 20427.1 words/s - loss: 0.4280
00:05:26 - process[7]: evaluating epoch 12 on dev ...
00:05:56 - dev set during evaluation: 13890/13887
00:05:56 - process[7] - dev - epoch 12 - mAP: 0.462 w/ 38 queries
00:05:56 - process[7]: training epoch 13 ...
00:06:12 - process[7] - epoch 13 - train iter 423 - 19967.7 words/s - loss: 0.4366
00:06:12 - process[7]: evaluating epoch 13 on dev ...
00:06:41 - dev set during evaluation: 13890/13887
00:06:41 - process[7] - dev - epoch 13 - mAP: 0.456 w/ 38 queries
00:06:41 - process[7]: training epoch 14 ...
00:06:57 - process[7] - epoch 14 - train iter 423 - 21538.7 words/s - loss: 0.4105
00:06:57 - process[7]: evaluating epoch 14 on dev ...
00:07:26 - dev set during evaluation: 13890/13887
00:07:26 - process[7] - dev - epoch 14 - mAP: 0.485 w/ 38 queries
00:07:26 - process[7]: evaluating epoch 14 on test ...
00:07:56 - test set during evaluation: 15580/15574
00:07:56 - process[7] - test - epoch 14 - mAP: 0.390 w/ 38 queries
00:07:56 - process[7]: training epoch 15 ...
00:08:12 - process[7] - epoch 15 - train iter 423 - 20772.6 words/s - loss: 0.4165
00:08:12 - process[7]: evaluating epoch 15 on dev ...
00:08:42 - dev set during evaluation: 13890/13887
00:08:42 - process[7] - dev - epoch 15 - mAP: 0.498 w/ 38 queries
00:08:42 - process[7]: evaluating epoch 15 on test ...
00:09:12 - test set during evaluation: 15580/15574
00:09:12 - process[7] - test - epoch 15 - mAP: 0.393 w/ 38 queries
00:09:12 - process[7]: training epoch 16 ...
00:09:28 - process[7] - epoch 16 - train iter 423 - 20237.9 words/s - loss: 0.3816
00:09:28 - process[7]: evaluating epoch 16 on dev ...
00:09:57 - dev set during evaluation: 13890/13887
00:09:57 - process[7] - dev - epoch 16 - mAP: 0.483 w/ 38 queries
00:09:57 - process[7]: training epoch 17 ...
00:10:13 - process[7] - epoch 17 - train iter 423 - 20983.5 words/s - loss: 0.3830
00:10:13 - process[7]: evaluating epoch 17 on dev ...
00:10:42 - dev set during evaluation: 13890/13887
00:10:42 - process[7] - dev - epoch 17 - mAP: 0.455 w/ 38 queries
00:10:42 - process[7]: training epoch 18 ...
00:10:58 - process[7] - epoch 18 - train iter 423 - 20319.9 words/s - loss: 0.4008
00:10:58 - process[7]: evaluating epoch 18 on dev ...
00:11:27 - dev set during evaluation: 13890/13887
00:11:27 - process[7] - dev - epoch 18 - mAP: 0.500 w/ 38 queries
00:11:27 - process[7]: evaluating epoch 18 on test ...
00:11:57 - test set during evaluation: 15580/15574
00:11:57 - process[7] - test - epoch 18 - mAP: 0.393 w/ 38 queries
00:11:57 - process[7]: training epoch 19 ...
00:12:14 - process[7] - epoch 19 - train iter 423 - 19968.6 words/s - loss: 0.3837
00:12:14 - process[7]: evaluating epoch 19 on dev ...
00:12:41 - dev set during evaluation: 13890/13887
00:12:41 - process[7] - dev - epoch 19 - mAP: 0.467 w/ 38 queries
00:12:41 - [fold 1] best test MAP: 0.393 @ epoch 18
00:12:41 - Evaluating every 1 epochs ...
00:12:41 - reading data from /mnt/home/puxuan/CLIR-project/Evaluation_data/process-clef/uncased
00:12:42 - test has 39 queries ...
00:12:42 - Data reading done ...
00:12:44 - adding 9-th encoder to optimizer...
00:12:44 - adding 10-th encoder to optimizer...
00:12:44 - adding 11-th encoder to optimizer...
00:12:44 - process[7]: training epoch 0 ...
00:13:03 - process[7] - epoch 0 - train iter 386 - 16455.1 words/s - loss: 0.6427
00:13:03 - process[7]: training epoch 1 ...
00:13:22 - process[7] - epoch 1 - train iter 386 - 15659.6 words/s - loss: 0.5600
00:13:22 - process[7]: training epoch 2 ...
00:13:40 - process[7] - epoch 2 - train iter 386 - 17666.5 words/s - loss: 0.4783
00:13:40 - process[7]: training epoch 3 ...
00:13:57 - process[7] - epoch 3 - train iter 386 - 17434.5 words/s - loss: 0.4961
00:13:57 - process[7]: training epoch 4 ...
00:14:14 - process[7] - epoch 4 - train iter 386 - 18037.3 words/s - loss: 0.4790
00:14:14 - process[7]: training epoch 5 ...
00:14:34 - process[7] - epoch 5 - train iter 386 - 15407.1 words/s - loss: 0.4964
00:14:34 - process[7]: training epoch 6 ...
00:14:51 - process[7] - epoch 6 - train iter 386 - 17927.8 words/s - loss: 0.4820
00:14:51 - process[7]: training epoch 7 ...
00:15:11 - process[7] - epoch 7 - train iter 386 - 15962.3 words/s - loss: 0.4654
00:15:11 - process[7]: training epoch 8 ...
00:15:29 - process[7] - epoch 8 - train iter 386 - 16972.1 words/s - loss: 0.4322
00:15:29 - process[7]: training epoch 9 ...
00:15:47 - process[7] - epoch 9 - train iter 386 - 16878.5 words/s - loss: 0.4066
00:15:47 - process[7]: training epoch 10 ...
00:16:04 - process[7] - epoch 10 - train iter 386 - 18022.2 words/s - loss: 0.4228
00:16:04 - process[7]: evaluating epoch 10 on dev ...
00:16:38 - dev set during evaluation: 15580/15574
00:16:38 - process[7] - dev - epoch 10 - mAP: 0.408 w/ 38 queries
00:16:38 - process[7]: evaluating epoch 10 on test ...
00:17:11 - test set during evaluation: 14340/14338
00:17:11 - process[7] - test - epoch 10 - mAP: 0.491 w/ 39 queries
00:17:11 - process[7]: training epoch 11 ...
00:17:28 - process[7] - epoch 11 - train iter 386 - 17643.1 words/s - loss: 0.4325
00:17:28 - process[7]: evaluating epoch 11 on dev ...
00:18:05 - dev set during evaluation: 15580/15574
00:18:05 - process[7] - dev - epoch 11 - mAP: 0.421 w/ 38 queries
00:18:05 - process[7]: evaluating epoch 11 on test ...
00:18:38 - test set during evaluation: 14340/14338
00:18:38 - process[7] - test - epoch 11 - mAP: 0.502 w/ 39 queries
00:18:38 - process[7]: training epoch 12 ...
00:18:57 - process[7] - epoch 12 - train iter 386 - 16788.0 words/s - loss: 0.3913
00:18:57 - process[7]: evaluating epoch 12 on dev ...
00:19:32 - dev set during evaluation: 15580/15574
00:19:32 - process[7] - dev - epoch 12 - mAP: 0.417 w/ 38 queries
00:19:32 - process[7]: training epoch 13 ...
00:19:49 - process[7] - epoch 13 - train iter 386 - 18372.4 words/s - loss: 0.4115
00:19:49 - process[7]: evaluating epoch 13 on dev ...
00:20:26 - dev set during evaluation: 15580/15574
00:20:26 - process[7] - dev - epoch 13 - mAP: 0.402 w/ 38 queries
00:20:26 - process[7]: training epoch 14 ...
00:20:46 - process[7] - epoch 14 - train iter 386 - 15788.2 words/s - loss: 0.4262
00:20:46 - process[7]: evaluating epoch 14 on dev ...
00:21:21 - dev set during evaluation: 15580/15574
00:21:21 - process[7] - dev - epoch 14 - mAP: 0.398 w/ 38 queries
00:21:21 - process[7]: training epoch 15 ...
00:21:40 - process[7] - epoch 15 - train iter 386 - 16367.3 words/s - loss: 0.4338
00:21:40 - process[7]: evaluating epoch 15 on dev ...
00:22:15 - dev set during evaluation: 15580/15574
00:22:15 - process[7] - dev - epoch 15 - mAP: 0.415 w/ 38 queries
00:22:15 - process[7]: training epoch 16 ...
00:22:32 - process[7] - epoch 16 - train iter 386 - 18291.7 words/s - loss: 0.3927
00:22:32 - process[7]: evaluating epoch 16 on dev ...
00:23:10 - dev set during evaluation: 15580/15574
00:23:10 - process[7] - dev - epoch 16 - mAP: 0.422 w/ 38 queries
00:23:10 - process[7]: evaluating epoch 16 on test ...
00:23:42 - test set during evaluation: 14340/14338
00:23:42 - process[7] - test - epoch 16 - mAP: 0.507 w/ 39 queries
00:23:42 - process[7]: training epoch 17 ...
00:24:00 - process[7] - epoch 17 - train iter 386 - 17279.3 words/s - loss: 0.3847
00:24:00 - process[7]: evaluating epoch 17 on dev ...
00:24:36 - dev set during evaluation: 15580/15574
00:24:36 - process[7] - dev - epoch 17 - mAP: 0.413 w/ 38 queries
00:24:36 - process[7]: training epoch 18 ...
00:24:55 - process[7] - epoch 18 - train iter 386 - 15788.2 words/s - loss: 0.3868
00:24:55 - process[7]: evaluating epoch 18 on dev ...
00:25:30 - dev set during evaluation: 15580/15574
00:25:30 - process[7] - dev - epoch 18 - mAP: 0.406 w/ 38 queries
00:25:30 - process[7]: training epoch 19 ...
00:25:48 - process[7] - epoch 19 - train iter 386 - 16808.9 words/s - loss: 0.3597
00:25:48 - process[7]: evaluating epoch 19 on dev ...
00:26:23 - dev set during evaluation: 15580/15574
00:26:23 - process[7] - dev - epoch 19 - mAP: 0.398 w/ 38 queries
00:26:23 - [fold 2] best test MAP: 0.507 @ epoch 16
00:26:23 - Evaluating every 1 epochs ...
00:26:23 - reading data from /mnt/home/puxuan/CLIR-project/Evaluation_data/process-clef/uncased
00:26:24 - test has 39 queries ...
00:26:24 - Data reading done ...
00:26:26 - adding 9-th encoder to optimizer...
00:26:26 - adding 10-th encoder to optimizer...
00:26:26 - adding 11-th encoder to optimizer...
00:26:26 - process[7]: training epoch 0 ...
00:26:45 - process[7] - epoch 0 - train iter 360 - 15895.9 words/s - loss: 0.6495
00:26:45 - process[7]: training epoch 1 ...
00:27:02 - process[7] - epoch 1 - train iter 360 - 16467.8 words/s - loss: 0.5545
00:27:02 - process[7]: training epoch 2 ...
00:27:19 - process[7] - epoch 2 - train iter 360 - 16116.8 words/s - loss: 0.5083
00:27:19 - process[7]: training epoch 3 ...
00:27:38 - process[7] - epoch 3 - train iter 360 - 15580.6 words/s - loss: 0.4913
00:27:38 - process[7]: training epoch 4 ...
00:27:55 - process[7] - epoch 4 - train iter 360 - 16119.5 words/s - loss: 0.4615
00:27:55 - process[7]: training epoch 5 ...
00:28:12 - process[7] - epoch 5 - train iter 360 - 17065.8 words/s - loss: 0.4767
00:28:12 - process[7]: training epoch 6 ...
00:28:29 - process[7] - epoch 6 - train iter 360 - 16971.3 words/s - loss: 0.4746
00:28:29 - process[7]: training epoch 7 ...
00:28:46 - process[7] - epoch 7 - train iter 360 - 16875.1 words/s - loss: 0.4100
00:28:46 - process[7]: training epoch 8 ...
00:29:05 - process[7] - epoch 8 - train iter 360 - 15367.5 words/s - loss: 0.4415
00:29:05 - process[7]: training epoch 9 ...
00:29:23 - process[7] - epoch 9 - train iter 360 - 15204.3 words/s - loss: 0.4233
00:29:23 - process[7]: training epoch 10 ...
00:29:41 - process[7] - epoch 10 - train iter 360 - 17055.0 words/s - loss: 0.4462
00:29:41 - process[7]: evaluating epoch 10 on dev ...
00:30:18 - dev set during evaluation: 14340/14338
00:30:18 - process[7] - dev - epoch 10 - mAP: 0.491 w/ 39 queries
00:30:18 - process[7]: evaluating epoch 10 on test ...
00:30:47 - test set during evaluation: 11710/11707
00:30:47 - process[7] - test - epoch 10 - mAP: 0.511 w/ 39 queries
00:30:47 - process[7]: training epoch 11 ...
00:31:05 - process[7] - epoch 11 - train iter 360 - 16283.7 words/s - loss: 0.4339
00:31:05 - process[7]: evaluating epoch 11 on dev ...
00:31:38 - dev set during evaluation: 14340/14338
00:31:38 - process[7] - dev - epoch 11 - mAP: 0.481 w/ 39 queries
00:31:38 - process[7]: training epoch 12 ...
00:31:55 - process[7] - epoch 12 - train iter 360 - 17305.0 words/s - loss: 0.4187
00:31:55 - process[7]: evaluating epoch 12 on dev ...
00:32:28 - dev set during evaluation: 14340/14338
00:32:28 - process[7] - dev - epoch 12 - mAP: 0.495 w/ 39 queries
00:32:28 - process[7]: evaluating epoch 12 on test ...
00:32:57 - test set during evaluation: 11710/11707
00:32:57 - process[7] - test - epoch 12 - mAP: 0.505 w/ 39 queries
00:32:57 - process[7]: training epoch 13 ...
00:33:13 - process[7] - epoch 13 - train iter 360 - 18090.4 words/s - loss: 0.4517
00:33:13 - process[7]: evaluating epoch 13 on dev ...
00:33:47 - dev set during evaluation: 14340/14338
00:33:47 - process[7] - dev - epoch 13 - mAP: 0.498 w/ 39 queries
00:33:47 - process[7]: evaluating epoch 13 on test ...
00:34:16 - test set during evaluation: 11710/11707
00:34:16 - process[7] - test - epoch 13 - mAP: 0.506 w/ 39 queries
00:34:16 - process[7]: training epoch 14 ...
00:34:33 - process[7] - epoch 14 - train iter 360 - 16807.2 words/s - loss: 0.4128
00:34:33 - process[7]: evaluating epoch 14 on dev ...
00:35:07 - dev set during evaluation: 14340/14338
00:35:07 - process[7] - dev - epoch 14 - mAP: 0.490 w/ 39 queries
00:35:07 - process[7]: training epoch 15 ...
00:35:24 - process[7] - epoch 15 - train iter 360 - 16875.6 words/s - loss: 0.4010
00:35:24 - process[7]: evaluating epoch 15 on dev ...
00:35:57 - dev set during evaluation: 14340/14338
00:35:57 - process[7] - dev - epoch 15 - mAP: 0.490 w/ 39 queries
00:35:57 - process[7]: training epoch 16 ...
00:36:12 - process[7] - epoch 16 - train iter 360 - 17789.9 words/s - loss: 0.3728
00:36:12 - process[7]: evaluating epoch 16 on dev ...
00:36:47 - dev set during evaluation: 14340/14338
00:36:47 - process[7] - dev - epoch 16 - mAP: 0.499 w/ 39 queries
00:36:47 - process[7]: evaluating epoch 16 on test ...
00:37:16 - test set during evaluation: 11710/11707
00:37:16 - process[7] - test - epoch 16 - mAP: 0.505 w/ 39 queries
00:37:16 - process[7]: training epoch 17 ...
00:37:35 - process[7] - epoch 17 - train iter 360 - 15357.6 words/s - loss: 0.4171
00:37:35 - process[7]: evaluating epoch 17 on dev ...
00:38:08 - dev set during evaluation: 14340/14338
00:38:08 - process[7] - dev - epoch 17 - mAP: 0.484 w/ 39 queries
00:38:08 - process[7]: training epoch 18 ...
00:38:28 - process[7] - epoch 18 - train iter 360 - 14637.6 words/s - loss: 0.4300
00:38:28 - process[7]: evaluating epoch 18 on dev ...
00:39:01 - dev set during evaluation: 14340/14338
00:39:01 - process[7] - dev - epoch 18 - mAP: 0.493 w/ 39 queries
00:39:01 - process[7]: training epoch 19 ...
00:39:19 - process[7] - epoch 19 - train iter 360 - 16514.1 words/s - loss: 0.3917
00:39:19 - process[7]: evaluating epoch 19 on dev ...
00:39:52 - dev set during evaluation: 14340/14338
00:39:52 - process[7] - dev - epoch 19 - mAP: 0.488 w/ 39 queries
00:39:52 - [fold 3] best test MAP: 0.505 @ epoch 16
00:39:52 - Evaluating every 1 epochs ...
00:39:52 - reading data from /mnt/home/puxuan/CLIR-project/Evaluation_data/process-clef/uncased
00:39:53 - test has 38 queries ...
00:39:53 - Data reading done ...
00:39:55 - adding 9-th encoder to optimizer...
00:39:55 - adding 10-th encoder to optimizer...
00:39:55 - adding 11-th encoder to optimizer...
00:39:55 - process[7]: training epoch 0 ...
00:40:14 - process[7] - epoch 0 - train iter 404 - 17137.5 words/s - loss: 0.6452
00:40:14 - process[7]: training epoch 1 ...
00:40:31 - process[7] - epoch 1 - train iter 404 - 18641.0 words/s - loss: 0.5206
00:40:31 - process[7]: training epoch 2 ...
00:40:48 - process[7] - epoch 2 - train iter 404 - 19196.0 words/s - loss: 0.4944
00:40:48 - process[7]: training epoch 3 ...
00:41:07 - process[7] - epoch 3 - train iter 404 - 17077.1 words/s - loss: 0.5009
00:41:07 - process[7]: training epoch 4 ...
00:41:25 - process[7] - epoch 4 - train iter 404 - 18110.4 words/s - loss: 0.4633
00:41:25 - process[7]: training epoch 5 ...
00:41:43 - process[7] - epoch 5 - train iter 404 - 17445.7 words/s - loss: 0.4234
00:41:43 - process[7]: training epoch 6 ...
00:42:01 - process[7] - epoch 6 - train iter 404 - 18098.8 words/s - loss: 0.4566
00:42:01 - process[7]: training epoch 7 ...
00:42:18 - process[7] - epoch 7 - train iter 404 - 18739.4 words/s - loss: 0.4280
00:42:18 - process[7]: training epoch 8 ...
00:42:35 - process[7] - epoch 8 - train iter 404 - 18947.7 words/s - loss: 0.4565
00:42:35 - process[7]: training epoch 9 ...
00:42:52 - process[7] - epoch 9 - train iter 404 - 18916.3 words/s - loss: 0.4432
00:42:52 - process[7]: training epoch 10 ...
00:43:10 - process[7] - epoch 10 - train iter 404 - 18324.9 words/s - loss: 0.3891
00:43:10 - process[7]: evaluating epoch 10 on dev ...
00:43:42 - dev set during evaluation: 11710/11707
00:43:42 - process[7] - dev - epoch 10 - mAP: 0.493 w/ 39 queries
00:43:42 - process[7]: evaluating epoch 10 on test ...
00:44:09 - test set during evaluation: 13490/13483
00:44:09 - process[7] - test - epoch 10 - mAP: 0.453 w/ 38 queries
00:44:09 - process[7]: training epoch 11 ...
00:44:29 - process[7] - epoch 11 - train iter 404 - 16552.0 words/s - loss: 0.4164
00:44:29 - process[7]: evaluating epoch 11 on dev ...
00:44:56 - dev set during evaluation: 11710/11707
00:44:56 - process[7] - dev - epoch 11 - mAP: 0.494 w/ 39 queries
00:44:56 - process[7]: evaluating epoch 11 on test ...
00:45:23 - test set during evaluation: 13490/13483
00:45:23 - process[7] - test - epoch 11 - mAP: 0.457 w/ 38 queries
00:45:23 - process[7]: training epoch 12 ...
00:45:41 - process[7] - epoch 12 - train iter 404 - 17902.9 words/s - loss: 0.4397
00:45:41 - process[7]: evaluating epoch 12 on dev ...
00:46:08 - dev set during evaluation: 11710/11707
00:46:08 - process[7] - dev - epoch 12 - mAP: 0.502 w/ 39 queries
00:46:08 - process[7]: evaluating epoch 12 on test ...
00:46:36 - test set during evaluation: 13490/13483
00:46:36 - process[7] - test - epoch 12 - mAP: 0.458 w/ 38 queries
00:46:36 - process[7]: training epoch 13 ...
00:46:54 - process[7] - epoch 13 - train iter 404 - 17569.6 words/s - loss: 0.3720
00:46:54 - process[7]: evaluating epoch 13 on dev ...
00:47:21 - dev set during evaluation: 11710/11707
00:47:21 - process[7] - dev - epoch 13 - mAP: 0.507 w/ 39 queries
00:47:21 - process[7]: evaluating epoch 13 on test ...
00:47:49 - test set during evaluation: 13490/13483
00:47:49 - process[7] - test - epoch 13 - mAP: 0.486 w/ 38 queries
00:47:49 - process[7]: training epoch 14 ...
00:48:06 - process[7] - epoch 14 - train iter 404 - 17854.1 words/s - loss: 0.3692
00:48:06 - process[7]: evaluating epoch 14 on dev ...
00:48:34 - dev set during evaluation: 11710/11707
00:48:34 - process[7] - dev - epoch 14 - mAP: 0.524 w/ 39 queries
00:48:34 - process[7]: evaluating epoch 14 on test ...
00:49:02 - test set during evaluation: 13490/13483
00:49:02 - process[7] - test - epoch 14 - mAP: 0.478 w/ 38 queries
00:49:02 - process[7]: training epoch 15 ...
00:49:20 - process[7] - epoch 15 - train iter 404 - 17508.6 words/s - loss: 0.3892
00:49:20 - process[7]: evaluating epoch 15 on dev ...
00:49:47 - dev set during evaluation: 11710/11707
00:49:47 - process[7] - dev - epoch 15 - mAP: 0.499 w/ 39 queries
00:49:47 - process[7]: training epoch 16 ...
00:50:04 - process[7] - epoch 16 - train iter 404 - 19110.9 words/s - loss: 0.3866
00:50:04 - process[7]: evaluating epoch 16 on dev ...
00:50:33 - dev set during evaluation: 11710/11707
00:50:33 - process[7] - dev - epoch 16 - mAP: 0.495 w/ 39 queries
00:50:33 - process[7]: training epoch 17 ...
00:50:51 - process[7] - epoch 17 - train iter 404 - 17234.2 words/s - loss: 0.3765
00:50:51 - process[7]: evaluating epoch 17 on dev ...
00:51:19 - dev set during evaluation: 11710/11707
00:51:19 - process[7] - dev - epoch 17 - mAP: 0.518 w/ 39 queries
00:51:19 - process[7]: training epoch 18 ...
00:51:36 - process[7] - epoch 18 - train iter 404 - 18663.0 words/s - loss: 0.3810
00:51:36 - process[7]: evaluating epoch 18 on dev ...
00:52:04 - dev set during evaluation: 11710/11707
00:52:04 - process[7] - dev - epoch 18 - mAP: 0.507 w/ 39 queries
00:52:04 - process[7]: training epoch 19 ...
00:52:22 - process[7] - epoch 19 - train iter 404 - 17605.2 words/s - loss: 0.3669
00:52:22 - process[7]: evaluating epoch 19 on dev ...
00:52:49 - dev set during evaluation: 11710/11707
00:52:49 - process[7] - dev - epoch 19 - mAP: 0.503 w/ 39 queries
00:52:49 - [fold 4] best test MAP: 0.478 @ epoch 14
00:52:49 - Evaluating every 1 epochs ...
00:52:49 - reading data from /mnt/home/puxuan/CLIR-project/Evaluation_data/process-clef/uncased
00:52:50 - test has 38 queries ...
00:52:50 - Data reading done ...
00:52:51 - adding 9-th encoder to optimizer...
00:52:51 - adding 10-th encoder to optimizer...
00:52:51 - adding 11-th encoder to optimizer...
00:52:52 - process[7]: training epoch 0 ...
00:53:10 - process[7] - epoch 0 - train iter 444 - 19937.2 words/s - loss: 0.6371
00:53:10 - process[7]: training epoch 1 ...
00:53:30 - process[7] - epoch 1 - train iter 444 - 17953.4 words/s - loss: 0.5273
00:53:30 - process[7]: training epoch 2 ...
00:53:49 - process[7] - epoch 2 - train iter 444 - 18717.4 words/s - loss: 0.4971
00:53:49 - process[7]: training epoch 3 ...
00:54:08 - process[7] - epoch 3 - train iter 444 - 18858.2 words/s - loss: 0.4915
00:54:08 - process[7]: training epoch 4 ...
00:54:27 - process[7] - epoch 4 - train iter 444 - 18102.6 words/s - loss: 0.4729
00:54:27 - process[7]: training epoch 5 ...
00:54:46 - process[7] - epoch 5 - train iter 444 - 18242.9 words/s - loss: 0.4888
00:54:46 - process[7]: training epoch 6 ...
00:55:05 - process[7] - epoch 6 - train iter 444 - 19432.6 words/s - loss: 0.4529
00:55:05 - process[7]: training epoch 7 ...
00:55:22 - process[7] - epoch 7 - train iter 444 - 20183.2 words/s - loss: 0.4565
00:55:22 - process[7]: training epoch 8 ...
00:55:42 - process[7] - epoch 8 - train iter 444 - 18427.1 words/s - loss: 0.4586
00:55:42 - process[7]: training epoch 9 ...
00:56:00 - process[7] - epoch 9 - train iter 444 - 19505.3 words/s - loss: 0.4289
00:56:00 - process[7]: training epoch 10 ...
00:56:20 - process[7] - epoch 10 - train iter 444 - 17922.1 words/s - loss: 0.4568
00:56:20 - process[7]: evaluating epoch 10 on dev ...
00:56:47 - dev set during evaluation: 13490/13483
00:56:47 - process[7] - dev - epoch 10 - mAP: 0.470 w/ 38 queries
00:56:47 - process[7]: evaluating epoch 10 on test ...
00:57:19 - test set during evaluation: 13890/13887
00:57:19 - process[7] - test - epoch 10 - mAP: 0.444 w/ 38 queries
00:57:19 - process[7]: training epoch 11 ...
00:57:38 - process[7] - epoch 11 - train iter 444 - 19234.1 words/s - loss: 0.4376
00:57:38 - process[7]: evaluating epoch 11 on dev ...
00:58:06 - dev set during evaluation: 13490/13483
00:58:06 - process[7] - dev - epoch 11 - mAP: 0.478 w/ 38 queries
00:58:06 - process[7]: evaluating epoch 11 on test ...
00:58:38 - test set during evaluation: 13890/13887
00:58:38 - process[7] - test - epoch 11 - mAP: 0.468 w/ 38 queries
00:58:38 - process[7]: training epoch 12 ...
00:58:57 - process[7] - epoch 12 - train iter 444 - 19545.5 words/s - loss: 0.4064
00:58:57 - process[7]: evaluating epoch 12 on dev ...
00:59:24 - dev set during evaluation: 13490/13483
00:59:24 - process[7] - dev - epoch 12 - mAP: 0.447 w/ 38 queries
00:59:24 - process[7]: training epoch 13 ...
00:59:42 - process[7] - epoch 13 - train iter 444 - 19503.4 words/s - loss: 0.4500
00:59:42 - process[7]: evaluating epoch 13 on dev ...
01:00:11 - dev set during evaluation: 13490/13483
01:00:11 - process[7] - dev - epoch 13 - mAP: 0.452 w/ 38 queries
01:00:11 - process[7]: training epoch 14 ...
01:00:31 - process[7] - epoch 14 - train iter 444 - 17380.9 words/s - loss: 0.4382
01:00:31 - process[7]: evaluating epoch 14 on dev ...
01:00:59 - dev set during evaluation: 13490/13483
01:00:59 - process[7] - dev - epoch 14 - mAP: 0.493 w/ 38 queries
01:00:59 - process[7]: evaluating epoch 14 on test ...
01:01:31 - test set during evaluation: 13890/13887
01:01:31 - process[7] - test - epoch 14 - mAP: 0.463 w/ 38 queries
01:01:31 - process[7]: training epoch 15 ...
01:01:50 - process[7] - epoch 15 - train iter 444 - 18816.4 words/s - loss: 0.4038
01:01:50 - process[7]: evaluating epoch 15 on dev ...
01:02:17 - dev set during evaluation: 13490/13483
01:02:17 - process[7] - dev - epoch 15 - mAP: 0.463 w/ 38 queries
01:02:17 - process[7]: training epoch 16 ...
01:02:35 - process[7] - epoch 16 - train iter 444 - 19790.7 words/s - loss: 0.4104
01:02:35 - process[7]: evaluating epoch 16 on dev ...
01:03:04 - dev set during evaluation: 13490/13483
01:03:04 - process[7] - dev - epoch 16 - mAP: 0.463 w/ 38 queries
01:03:04 - process[7]: training epoch 17 ...
01:03:24 - process[7] - epoch 17 - train iter 444 - 17894.2 words/s - loss: 0.3919
01:03:24 - process[7]: evaluating epoch 17 on dev ...
01:03:51 - dev set during evaluation: 13490/13483
01:03:51 - process[7] - dev - epoch 17 - mAP: 0.467 w/ 38 queries
01:03:51 - process[7]: training epoch 18 ...
01:04:11 - process[7] - epoch 18 - train iter 444 - 17564.4 words/s - loss: 0.4324
01:04:11 - process[7]: evaluating epoch 18 on dev ...
01:04:39 - dev set during evaluation: 13490/13483
01:04:39 - process[7] - dev - epoch 18 - mAP: 0.459 w/ 38 queries
01:04:39 - process[7]: training epoch 19 ...
01:04:58 - process[7] - epoch 19 - train iter 444 - 18179.2 words/s - loss: 0.4099
01:04:58 - process[7]: evaluating epoch 19 on dev ...
01:05:26 - dev set during evaluation: 13490/13483
01:05:26 - process[7] - dev - epoch 19 - mAP: 0.471 w/ 38 queries
01:05:26 - [fold 5] best test MAP: 0.463 @ epoch 14
01:05:26 - [0.392841160487028, 0.5067711181901935, 0.5051822680378937, 0.47848710127108735, 0.4634576018238556]
01:05:26 - [38, 39, 39, 38, 38]
01:05:26 - final MAP: 0.470
