00:00:06 - Namespace(apex_level='O2', batch_size=8, cased=False, dataset='clef', debug=False, encoder_lr=2e-05, eval_step=1, full_doc_length=True, local_rank=1, model_path='/mnt/scratch/puxuan/short_qlm_0.15/2186792/huggingface-19', model_type='mbert', num_epochs=20, num_ft_encoders=3, num_neg=1, projector_lr=2e-05, seed=611, source_lang='en', target_lang='de')
00:00:16 - Evaluating every 1 epochs ...
00:00:16 - reading data from /mnt/home/puxuan/CLIR-project/Evaluation_data/process-clef/uncased
00:00:17 - test has 38 queries ...
00:00:17 - Data reading done ...
00:00:24 - adding 9-th encoder to optimizer...
00:00:24 - adding 10-th encoder to optimizer...
00:00:24 - adding 11-th encoder to optimizer...
00:00:24 - process[1]: training epoch 0 ...
00:00:42 - process[1] - epoch 0 - train iter 423 - 18995.6 words/s - loss: 0.6514
00:00:42 - process[1]: training epoch 1 ...
00:01:00 - process[1] - epoch 1 - train iter 423 - 18842.7 words/s - loss: 0.5703
00:01:00 - process[1]: training epoch 2 ...
00:01:16 - process[1] - epoch 2 - train iter 423 - 20580.1 words/s - loss: 0.5292
00:01:16 - process[1]: training epoch 3 ...
00:01:34 - process[1] - epoch 3 - train iter 423 - 18607.9 words/s - loss: 0.5461
00:01:34 - process[1]: training epoch 4 ...
00:01:50 - process[1] - epoch 4 - train iter 423 - 20296.1 words/s - loss: 0.5358
00:01:50 - process[1]: training epoch 5 ...
00:02:05 - process[1] - epoch 5 - train iter 423 - 22817.7 words/s - loss: 0.5066
00:02:05 - process[1]: training epoch 6 ...
00:02:21 - process[1] - epoch 6 - train iter 423 - 20091.0 words/s - loss: 0.5027
00:02:21 - process[1]: training epoch 7 ...
00:02:38 - process[1] - epoch 7 - train iter 423 - 20344.4 words/s - loss: 0.4386
00:02:38 - process[1]: training epoch 8 ...
00:02:54 - process[1] - epoch 8 - train iter 423 - 20990.8 words/s - loss: 0.4691
00:02:54 - process[1]: training epoch 9 ...
00:03:10 - process[1] - epoch 9 - train iter 423 - 20407.4 words/s - loss: 0.4146
00:03:10 - process[1]: training epoch 10 ...
00:03:26 - process[1] - epoch 10 - train iter 423 - 20034.6 words/s - loss: 0.4173
00:03:26 - process[1]: evaluating epoch 10 on dev ...
00:03:54 - dev set during evaluation: 13890/13887
00:03:54 - process[1] - dev - epoch 10 - mAP: 0.440 w/ 38 queries
00:03:54 - process[1]: evaluating epoch 10 on test ...
00:04:23 - test set during evaluation: 15580/15574
00:04:23 - process[1] - test - epoch 10 - mAP: 0.399 w/ 38 queries
00:04:23 - process[1]: training epoch 11 ...
00:04:40 - process[1] - epoch 11 - train iter 423 - 19789.6 words/s - loss: 0.4264
00:04:40 - process[1]: evaluating epoch 11 on dev ...
00:05:09 - dev set during evaluation: 13890/13887
00:05:09 - process[1] - dev - epoch 11 - mAP: 0.456 w/ 38 queries
00:05:09 - process[1]: evaluating epoch 11 on test ...
00:05:39 - test set during evaluation: 15580/15574
00:05:39 - process[1] - test - epoch 11 - mAP: 0.390 w/ 38 queries
00:05:39 - process[1]: training epoch 12 ...
00:05:55 - process[1] - epoch 12 - train iter 423 - 20905.8 words/s - loss: 0.4372
00:05:55 - process[1]: evaluating epoch 12 on dev ...
00:06:25 - dev set during evaluation: 13890/13887
00:06:25 - process[1] - dev - epoch 12 - mAP: 0.441 w/ 38 queries
00:06:25 - process[1]: training epoch 13 ...
00:06:40 - process[1] - epoch 13 - train iter 423 - 21491.0 words/s - loss: 0.4110
00:06:40 - process[1]: evaluating epoch 13 on dev ...
00:07:10 - dev set during evaluation: 13890/13887
00:07:10 - process[1] - dev - epoch 13 - mAP: 0.434 w/ 38 queries
00:07:10 - process[1]: training epoch 14 ...
00:07:27 - process[1] - epoch 14 - train iter 423 - 19730.7 words/s - loss: 0.3911
00:07:27 - process[1]: evaluating epoch 14 on dev ...
00:07:55 - dev set during evaluation: 13890/13887
00:07:55 - process[1] - dev - epoch 14 - mAP: 0.441 w/ 38 queries
00:07:55 - process[1]: training epoch 15 ...
00:08:11 - process[1] - epoch 15 - train iter 423 - 20234.2 words/s - loss: 0.4079
00:08:11 - process[1]: evaluating epoch 15 on dev ...
00:08:41 - dev set during evaluation: 13890/13887
00:08:41 - process[1] - dev - epoch 15 - mAP: 0.447 w/ 38 queries
00:08:41 - process[1]: training epoch 16 ...
00:08:57 - process[1] - epoch 16 - train iter 423 - 21560.4 words/s - loss: 0.3844
00:08:57 - process[1]: evaluating epoch 16 on dev ...
00:09:26 - dev set during evaluation: 13890/13887
00:09:26 - process[1] - dev - epoch 16 - mAP: 0.474 w/ 38 queries
00:09:26 - process[1]: evaluating epoch 16 on test ...
00:09:56 - test set during evaluation: 15580/15574
00:09:56 - process[1] - test - epoch 16 - mAP: 0.396 w/ 38 queries
00:09:56 - process[1]: training epoch 17 ...
00:10:12 - process[1] - epoch 17 - train iter 423 - 19931.8 words/s - loss: 0.3945
00:10:12 - process[1]: evaluating epoch 17 on dev ...
00:10:41 - dev set during evaluation: 13890/13887
00:10:41 - process[1] - dev - epoch 17 - mAP: 0.462 w/ 38 queries
00:10:41 - process[1]: training epoch 18 ...
00:10:58 - process[1] - epoch 18 - train iter 423 - 19299.0 words/s - loss: 0.3641
00:10:58 - process[1]: evaluating epoch 18 on dev ...
00:11:26 - dev set during evaluation: 13890/13887
00:11:26 - process[1] - dev - epoch 18 - mAP: 0.436 w/ 38 queries
00:11:26 - process[1]: training epoch 19 ...
00:11:42 - process[1] - epoch 19 - train iter 423 - 20895.9 words/s - loss: 0.3669
00:11:42 - process[1]: evaluating epoch 19 on dev ...
00:12:10 - dev set during evaluation: 13890/13887
00:12:10 - process[1] - dev - epoch 19 - mAP: 0.462 w/ 38 queries
00:12:10 - [fold 1] best test MAP: 0.396 @ epoch 16
00:12:10 - Evaluating every 1 epochs ...
00:12:10 - reading data from /mnt/home/puxuan/CLIR-project/Evaluation_data/process-clef/uncased
00:12:11 - test has 39 queries ...
00:12:11 - Data reading done ...
00:12:13 - adding 9-th encoder to optimizer...
00:12:13 - adding 10-th encoder to optimizer...
00:12:13 - adding 11-th encoder to optimizer...
00:12:13 - process[1]: training epoch 0 ...
00:12:31 - process[1] - epoch 0 - train iter 386 - 16622.6 words/s - loss: 0.6559
00:12:31 - process[1]: training epoch 1 ...
00:12:48 - process[1] - epoch 1 - train iter 386 - 18885.3 words/s - loss: 0.5584
00:12:48 - process[1]: training epoch 2 ...
00:13:05 - process[1] - epoch 2 - train iter 386 - 17022.9 words/s - loss: 0.5309
00:13:05 - process[1]: training epoch 3 ...
00:13:23 - process[1] - epoch 3 - train iter 386 - 17486.9 words/s - loss: 0.5366
00:13:23 - process[1]: training epoch 4 ...
00:13:43 - process[1] - epoch 4 - train iter 386 - 15090.3 words/s - loss: 0.5306
00:13:43 - process[1]: training epoch 5 ...
00:14:00 - process[1] - epoch 5 - train iter 386 - 17944.9 words/s - loss: 0.4655
00:14:00 - process[1]: training epoch 6 ...
00:14:19 - process[1] - epoch 6 - train iter 386 - 15566.8 words/s - loss: 0.4965
00:14:19 - process[1]: training epoch 7 ...
00:14:35 - process[1] - epoch 7 - train iter 386 - 18698.4 words/s - loss: 0.4682
00:14:35 - process[1]: training epoch 8 ...
00:14:54 - process[1] - epoch 8 - train iter 386 - 16649.6 words/s - loss: 0.4525
00:14:54 - process[1]: training epoch 9 ...
00:15:11 - process[1] - epoch 9 - train iter 386 - 16878.0 words/s - loss: 0.4387
00:15:11 - process[1]: training epoch 10 ...
00:15:31 - process[1] - epoch 10 - train iter 386 - 15306.7 words/s - loss: 0.4765
00:15:31 - process[1]: evaluating epoch 10 on dev ...
00:16:07 - dev set during evaluation: 15580/15574
00:16:07 - process[1] - dev - epoch 10 - mAP: 0.391 w/ 38 queries
00:16:07 - process[1]: evaluating epoch 10 on test ...
00:16:40 - test set during evaluation: 14340/14338
00:16:40 - process[1] - test - epoch 10 - mAP: 0.503 w/ 39 queries
00:16:40 - process[1]: training epoch 11 ...
00:17:00 - process[1] - epoch 11 - train iter 386 - 15144.1 words/s - loss: 0.4440
00:17:00 - process[1]: evaluating epoch 11 on dev ...
00:17:34 - dev set during evaluation: 15580/15574
00:17:34 - process[1] - dev - epoch 11 - mAP: 0.393 w/ 38 queries
00:17:34 - process[1]: evaluating epoch 11 on test ...
00:18:07 - test set during evaluation: 14340/14338
00:18:07 - process[1] - test - epoch 11 - mAP: 0.501 w/ 39 queries
00:18:07 - process[1]: training epoch 12 ...
00:18:24 - process[1] - epoch 12 - train iter 386 - 17612.8 words/s - loss: 0.4395
00:18:24 - process[1]: evaluating epoch 12 on dev ...
00:19:00 - dev set during evaluation: 15580/15574
00:19:00 - process[1] - dev - epoch 12 - mAP: 0.394 w/ 38 queries
00:19:00 - process[1]: evaluating epoch 12 on test ...
00:19:33 - test set during evaluation: 14340/14338
00:19:33 - process[1] - test - epoch 12 - mAP: 0.499 w/ 39 queries
00:19:33 - process[1]: training epoch 13 ...
00:19:52 - process[1] - epoch 13 - train iter 386 - 15544.9 words/s - loss: 0.3942
00:19:52 - process[1]: evaluating epoch 13 on dev ...
00:20:27 - dev set during evaluation: 15580/15574
00:20:27 - process[1] - dev - epoch 13 - mAP: 0.385 w/ 38 queries
00:20:27 - process[1]: training epoch 14 ...
00:20:45 - process[1] - epoch 14 - train iter 386 - 16781.8 words/s - loss: 0.4285
00:20:45 - process[1]: evaluating epoch 14 on dev ...
00:21:21 - dev set during evaluation: 15580/15574
00:21:21 - process[1] - dev - epoch 14 - mAP: 0.381 w/ 38 queries
00:21:21 - process[1]: training epoch 15 ...
00:21:40 - process[1] - epoch 15 - train iter 386 - 15693.8 words/s - loss: 0.3916
00:21:40 - process[1]: evaluating epoch 15 on dev ...
00:22:15 - dev set during evaluation: 15580/15574
00:22:15 - process[1] - dev - epoch 15 - mAP: 0.404 w/ 38 queries
00:22:15 - process[1]: evaluating epoch 15 on test ...
00:22:48 - test set during evaluation: 14340/14338
00:22:48 - process[1] - test - epoch 15 - mAP: 0.510 w/ 39 queries
00:22:48 - process[1]: training epoch 16 ...
00:23:04 - process[1] - epoch 16 - train iter 386 - 18042.7 words/s - loss: 0.4077
00:23:04 - process[1]: evaluating epoch 16 on dev ...
00:23:41 - dev set during evaluation: 15580/15574
00:23:41 - process[1] - dev - epoch 16 - mAP: 0.378 w/ 38 queries
00:23:41 - process[1]: training epoch 17 ...
00:23:59 - process[1] - epoch 17 - train iter 386 - 17146.5 words/s - loss: 0.3895
00:23:59 - process[1]: evaluating epoch 17 on dev ...
00:24:35 - dev set during evaluation: 15580/15574
00:24:35 - process[1] - dev - epoch 17 - mAP: 0.391 w/ 38 queries
00:24:35 - process[1]: training epoch 18 ...
00:24:54 - process[1] - epoch 18 - train iter 386 - 15512.3 words/s - loss: 0.4004
00:24:54 - process[1]: evaluating epoch 18 on dev ...
00:25:29 - dev set during evaluation: 15580/15574
00:25:29 - process[1] - dev - epoch 18 - mAP: 0.391 w/ 38 queries
00:25:29 - process[1]: training epoch 19 ...
00:25:48 - process[1] - epoch 19 - train iter 386 - 15319.9 words/s - loss: 0.4015
00:25:48 - process[1]: evaluating epoch 19 on dev ...
00:26:23 - dev set during evaluation: 15580/15574
00:26:23 - process[1] - dev - epoch 19 - mAP: 0.395 w/ 38 queries
00:26:23 - [fold 2] best test MAP: 0.510 @ epoch 15
00:26:23 - Evaluating every 1 epochs ...
00:26:23 - reading data from /mnt/home/puxuan/CLIR-project/Evaluation_data/process-clef/uncased
00:26:24 - test has 39 queries ...
00:26:24 - Data reading done ...
00:26:26 - adding 9-th encoder to optimizer...
00:26:26 - adding 10-th encoder to optimizer...
00:26:26 - adding 11-th encoder to optimizer...
00:26:26 - process[1]: training epoch 0 ...
00:26:45 - process[1] - epoch 0 - train iter 360 - 15748.0 words/s - loss: 0.6678
00:26:45 - process[1]: training epoch 1 ...
00:27:01 - process[1] - epoch 1 - train iter 360 - 17016.9 words/s - loss: 0.5432
00:27:01 - process[1]: training epoch 2 ...
00:27:19 - process[1] - epoch 2 - train iter 360 - 16156.1 words/s - loss: 0.5345
00:27:19 - process[1]: training epoch 3 ...
00:27:38 - process[1] - epoch 3 - train iter 360 - 15312.0 words/s - loss: 0.4948
00:27:38 - process[1]: training epoch 4 ...
00:27:55 - process[1] - epoch 4 - train iter 360 - 16353.4 words/s - loss: 0.4920
00:27:55 - process[1]: training epoch 5 ...
00:28:14 - process[1] - epoch 5 - train iter 360 - 14478.7 words/s - loss: 0.4672
00:28:14 - process[1]: training epoch 6 ...
00:28:31 - process[1] - epoch 6 - train iter 360 - 16753.0 words/s - loss: 0.4785
00:28:31 - process[1]: training epoch 7 ...
00:28:50 - process[1] - epoch 7 - train iter 360 - 14374.3 words/s - loss: 0.4548
00:28:50 - process[1]: training epoch 8 ...
00:29:10 - process[1] - epoch 8 - train iter 360 - 14956.4 words/s - loss: 0.4567
00:29:10 - process[1]: training epoch 9 ...
00:29:28 - process[1] - epoch 9 - train iter 360 - 15798.8 words/s - loss: 0.3949
00:29:28 - process[1]: training epoch 10 ...
00:29:46 - process[1] - epoch 10 - train iter 360 - 15545.6 words/s - loss: 0.4711
00:29:46 - process[1]: evaluating epoch 10 on dev ...
00:30:18 - dev set during evaluation: 14340/14338
00:30:18 - process[1] - dev - epoch 10 - mAP: 0.496 w/ 39 queries
00:30:18 - process[1]: evaluating epoch 10 on test ...
00:30:47 - test set during evaluation: 11710/11707
00:30:47 - process[1] - test - epoch 10 - mAP: 0.508 w/ 39 queries
00:30:47 - process[1]: training epoch 11 ...
00:31:04 - process[1] - epoch 11 - train iter 360 - 16540.4 words/s - loss: 0.4174
00:31:04 - process[1]: evaluating epoch 11 on dev ...
00:31:38 - dev set during evaluation: 14340/14338
00:31:38 - process[1] - dev - epoch 11 - mAP: 0.495 w/ 39 queries
00:31:38 - process[1]: training epoch 12 ...
00:31:56 - process[1] - epoch 12 - train iter 360 - 16092.0 words/s - loss: 0.4129
00:31:56 - process[1]: evaluating epoch 12 on dev ...
00:32:28 - dev set during evaluation: 14340/14338
00:32:28 - process[1] - dev - epoch 12 - mAP: 0.510 w/ 39 queries
00:32:28 - process[1]: evaluating epoch 12 on test ...
00:32:57 - test set during evaluation: 11710/11707
00:32:57 - process[1] - test - epoch 12 - mAP: 0.515 w/ 39 queries
00:32:57 - process[1]: training epoch 13 ...
00:33:13 - process[1] - epoch 13 - train iter 360 - 16641.4 words/s - loss: 0.4243
00:33:13 - process[1]: evaluating epoch 13 on dev ...
00:33:46 - dev set during evaluation: 14340/14338
00:33:46 - process[1] - dev - epoch 13 - mAP: 0.521 w/ 39 queries
00:33:46 - process[1]: evaluating epoch 13 on test ...
00:34:15 - test set during evaluation: 11710/11707
00:34:15 - process[1] - test - epoch 13 - mAP: 0.512 w/ 39 queries
00:34:15 - process[1]: training epoch 14 ...
00:34:33 - process[1] - epoch 14 - train iter 360 - 15630.1 words/s - loss: 0.4008
00:34:33 - process[1]: evaluating epoch 14 on dev ...
00:35:05 - dev set during evaluation: 14340/14338
00:35:05 - process[1] - dev - epoch 14 - mAP: 0.498 w/ 39 queries
00:35:05 - process[1]: training epoch 15 ...
00:35:22 - process[1] - epoch 15 - train iter 360 - 16713.9 words/s - loss: 0.4416
00:35:22 - process[1]: evaluating epoch 15 on dev ...
00:35:55 - dev set during evaluation: 14340/14338
00:35:55 - process[1] - dev - epoch 15 - mAP: 0.490 w/ 39 queries
00:35:55 - process[1]: training epoch 16 ...
00:36:13 - process[1] - epoch 16 - train iter 360 - 15340.9 words/s - loss: 0.4027
00:36:13 - process[1]: evaluating epoch 16 on dev ...
00:36:46 - dev set during evaluation: 14340/14338
00:36:46 - process[1] - dev - epoch 16 - mAP: 0.497 w/ 39 queries
00:36:46 - process[1]: training epoch 17 ...
00:37:02 - process[1] - epoch 17 - train iter 360 - 17444.1 words/s - loss: 0.3740
00:37:02 - process[1]: evaluating epoch 17 on dev ...
00:37:37 - dev set during evaluation: 14340/14338
00:37:37 - process[1] - dev - epoch 17 - mAP: 0.500 w/ 39 queries
00:37:37 - process[1]: training epoch 18 ...
00:37:54 - process[1] - epoch 18 - train iter 360 - 16338.2 words/s - loss: 0.3600
00:37:54 - process[1]: evaluating epoch 18 on dev ...
00:38:30 - dev set during evaluation: 14340/14338
00:38:30 - process[1] - dev - epoch 18 - mAP: 0.507 w/ 39 queries
00:38:30 - process[1]: training epoch 19 ...
00:38:47 - process[1] - epoch 19 - train iter 360 - 15928.5 words/s - loss: 0.3756
00:38:47 - process[1]: evaluating epoch 19 on dev ...
00:39:21 - dev set during evaluation: 14340/14338
00:39:21 - process[1] - dev - epoch 19 - mAP: 0.527 w/ 39 queries
00:39:21 - process[1]: evaluating epoch 19 on test ...
00:39:50 - test set during evaluation: 11710/11707
00:39:50 - process[1] - test - epoch 19 - mAP: 0.515 w/ 39 queries
00:39:50 - [fold 3] best test MAP: 0.515 @ epoch 19
00:39:50 - Evaluating every 1 epochs ...
00:39:50 - reading data from /mnt/home/puxuan/CLIR-project/Evaluation_data/process-clef/uncased
00:39:51 - test has 38 queries ...
00:39:51 - Data reading done ...
00:39:52 - adding 9-th encoder to optimizer...
00:39:52 - adding 10-th encoder to optimizer...
00:39:52 - adding 11-th encoder to optimizer...
00:39:53 - process[1]: training epoch 0 ...
00:40:13 - process[1] - epoch 0 - train iter 404 - 16180.2 words/s - loss: 0.6378
00:40:13 - process[1]: training epoch 1 ...
00:40:28 - process[1] - epoch 1 - train iter 404 - 19645.2 words/s - loss: 0.5909
00:40:28 - process[1]: training epoch 2 ...
00:40:47 - process[1] - epoch 2 - train iter 404 - 16783.5 words/s - loss: 0.5245
00:40:47 - process[1]: training epoch 3 ...
00:41:06 - process[1] - epoch 3 - train iter 404 - 17050.0 words/s - loss: 0.5605
00:41:06 - process[1]: training epoch 4 ...
00:41:24 - process[1] - epoch 4 - train iter 404 - 17051.7 words/s - loss: 0.5161
00:41:24 - process[1]: training epoch 5 ...
00:41:42 - process[1] - epoch 5 - train iter 404 - 18262.5 words/s - loss: 0.5229
00:41:42 - process[1]: training epoch 6 ...
00:42:00 - process[1] - epoch 6 - train iter 404 - 17496.7 words/s - loss: 0.4761
00:42:00 - process[1]: training epoch 7 ...
00:42:20 - process[1] - epoch 7 - train iter 404 - 15720.4 words/s - loss: 0.4791
00:42:20 - process[1]: training epoch 8 ...
00:42:36 - process[1] - epoch 8 - train iter 404 - 19564.7 words/s - loss: 0.4781
00:42:36 - process[1]: training epoch 9 ...
00:42:55 - process[1] - epoch 9 - train iter 404 - 16706.0 words/s - loss: 0.4376
00:42:55 - process[1]: training epoch 10 ...
00:43:13 - process[1] - epoch 10 - train iter 404 - 17556.8 words/s - loss: 0.4606
00:43:13 - process[1]: evaluating epoch 10 on dev ...
00:43:39 - dev set during evaluation: 11710/11707
00:43:39 - process[1] - dev - epoch 10 - mAP: 0.497 w/ 39 queries
00:43:39 - process[1]: evaluating epoch 10 on test ...
00:44:07 - test set during evaluation: 13490/13483
00:44:07 - process[1] - test - epoch 10 - mAP: 0.528 w/ 38 queries
00:44:07 - process[1]: training epoch 11 ...
00:44:24 - process[1] - epoch 11 - train iter 404 - 17651.6 words/s - loss: 0.4481
00:44:24 - process[1]: evaluating epoch 11 on dev ...
00:44:53 - dev set during evaluation: 11710/11707
00:44:53 - process[1] - dev - epoch 11 - mAP: 0.490 w/ 39 queries
00:44:53 - process[1]: training epoch 12 ...
00:45:13 - process[1] - epoch 12 - train iter 404 - 16861.5 words/s - loss: 0.4232
00:45:13 - process[1]: evaluating epoch 12 on dev ...
00:45:38 - dev set during evaluation: 11710/11707
00:45:39 - process[1] - dev - epoch 12 - mAP: 0.507 w/ 39 queries
00:45:39 - process[1]: evaluating epoch 12 on test ...
00:46:06 - test set during evaluation: 13490/13483
00:46:06 - process[1] - test - epoch 12 - mAP: 0.558 w/ 38 queries
00:46:06 - process[1]: training epoch 13 ...
00:46:23 - process[1] - epoch 13 - train iter 404 - 18564.7 words/s - loss: 0.4442
00:46:23 - process[1]: evaluating epoch 13 on dev ...
00:46:51 - dev set during evaluation: 11710/11707
00:46:51 - process[1] - dev - epoch 13 - mAP: 0.505 w/ 39 queries
00:46:51 - process[1]: training epoch 14 ...
00:47:10 - process[1] - epoch 14 - train iter 404 - 16685.2 words/s - loss: 0.4146
00:47:10 - process[1]: evaluating epoch 14 on dev ...
00:47:37 - dev set during evaluation: 11710/11707
00:47:37 - process[1] - dev - epoch 14 - mAP: 0.502 w/ 39 queries
00:47:37 - process[1]: training epoch 15 ...
00:47:55 - process[1] - epoch 15 - train iter 404 - 17841.9 words/s - loss: 0.3887
00:47:55 - process[1]: evaluating epoch 15 on dev ...
00:48:22 - dev set during evaluation: 11710/11707
00:48:22 - process[1] - dev - epoch 15 - mAP: 0.509 w/ 39 queries
00:48:22 - process[1]: evaluating epoch 15 on test ...
00:48:50 - test set during evaluation: 13490/13483
00:48:50 - process[1] - test - epoch 15 - mAP: 0.511 w/ 38 queries
00:48:50 - process[1]: training epoch 16 ...
00:49:07 - process[1] - epoch 16 - train iter 404 - 18183.6 words/s - loss: 0.4019
00:49:07 - process[1]: evaluating epoch 16 on dev ...
00:49:35 - dev set during evaluation: 11710/11707
00:49:35 - process[1] - dev - epoch 16 - mAP: 0.495 w/ 39 queries
00:49:35 - process[1]: training epoch 17 ...
00:49:54 - process[1] - epoch 17 - train iter 404 - 16225.7 words/s - loss: 0.4090
00:49:54 - process[1]: evaluating epoch 17 on dev ...
00:50:20 - dev set during evaluation: 11710/11707
00:50:20 - process[1] - dev - epoch 17 - mAP: 0.497 w/ 39 queries
00:50:20 - process[1]: training epoch 18 ...
00:50:38 - process[1] - epoch 18 - train iter 404 - 17481.9 words/s - loss: 0.3659
00:50:38 - process[1]: evaluating epoch 18 on dev ...
00:51:05 - dev set during evaluation: 11710/11707
00:51:05 - process[1] - dev - epoch 18 - mAP: 0.512 w/ 39 queries
00:51:05 - process[1]: evaluating epoch 18 on test ...
00:51:32 - test set during evaluation: 13490/13483
00:51:32 - process[1] - test - epoch 18 - mAP: 0.532 w/ 38 queries
00:51:32 - process[1]: training epoch 19 ...
00:51:51 - process[1] - epoch 19 - train iter 404 - 16837.3 words/s - loss: 0.3817
00:51:51 - process[1]: evaluating epoch 19 on dev ...
00:52:17 - dev set during evaluation: 11710/11707
00:52:17 - process[1] - dev - epoch 19 - mAP: 0.511 w/ 39 queries
00:52:17 - [fold 4] best test MAP: 0.532 @ epoch 18
00:52:17 - Evaluating every 1 epochs ...
00:52:17 - reading data from /mnt/home/puxuan/CLIR-project/Evaluation_data/process-clef/uncased
00:52:18 - test has 38 queries ...
00:52:18 - Data reading done ...
00:52:20 - adding 9-th encoder to optimizer...
00:52:20 - adding 10-th encoder to optimizer...
00:52:20 - adding 11-th encoder to optimizer...
00:52:20 - process[1]: training epoch 0 ...
00:52:38 - process[1] - epoch 0 - train iter 444 - 20361.7 words/s - loss: 0.6490
00:52:38 - process[1]: training epoch 1 ...
00:52:56 - process[1] - epoch 1 - train iter 444 - 19091.1 words/s - loss: 0.5794
00:52:56 - process[1]: training epoch 2 ...
00:53:15 - process[1] - epoch 2 - train iter 444 - 18534.0 words/s - loss: 0.5717
00:53:15 - process[1]: training epoch 3 ...
00:53:33 - process[1] - epoch 3 - train iter 444 - 19514.5 words/s - loss: 0.5424
00:53:33 - process[1]: training epoch 4 ...
00:53:52 - process[1] - epoch 4 - train iter 444 - 18525.5 words/s - loss: 0.5177
00:53:52 - process[1]: training epoch 5 ...
00:54:12 - process[1] - epoch 5 - train iter 444 - 17643.2 words/s - loss: 0.5328
00:54:12 - process[1]: training epoch 6 ...
00:54:31 - process[1] - epoch 6 - train iter 444 - 18501.8 words/s - loss: 0.5196
00:54:31 - process[1]: training epoch 7 ...
00:54:49 - process[1] - epoch 7 - train iter 444 - 19676.5 words/s - loss: 0.4832
00:54:49 - process[1]: training epoch 8 ...
00:55:07 - process[1] - epoch 8 - train iter 444 - 19037.5 words/s - loss: 0.4475
00:55:07 - process[1]: training epoch 9 ...
00:55:26 - process[1] - epoch 9 - train iter 444 - 18740.0 words/s - loss: 0.4816
00:55:26 - process[1]: training epoch 10 ...
00:55:44 - process[1] - epoch 10 - train iter 444 - 19218.0 words/s - loss: 0.4261
00:55:44 - process[1]: evaluating epoch 10 on dev ...
00:56:16 - dev set during evaluation: 13490/13483
00:56:16 - process[1] - dev - epoch 10 - mAP: 0.486 w/ 38 queries
00:56:16 - process[1]: evaluating epoch 10 on test ...
00:56:48 - test set during evaluation: 13890/13887
00:56:48 - process[1] - test - epoch 10 - mAP: 0.446 w/ 38 queries
00:56:48 - process[1]: training epoch 11 ...
00:57:07 - process[1] - epoch 11 - train iter 444 - 19087.8 words/s - loss: 0.4506
00:57:07 - process[1]: evaluating epoch 11 on dev ...
00:57:35 - dev set during evaluation: 13490/13483
00:57:35 - process[1] - dev - epoch 11 - mAP: 0.486 w/ 38 queries
00:57:35 - process[1]: evaluating epoch 11 on test ...
00:58:07 - test set during evaluation: 13890/13887
00:58:07 - process[1] - test - epoch 11 - mAP: 0.417 w/ 38 queries
00:58:07 - process[1]: training epoch 12 ...
00:58:26 - process[1] - epoch 12 - train iter 444 - 18516.1 words/s - loss: 0.4522
00:58:26 - process[1]: evaluating epoch 12 on dev ...
00:58:53 - dev set during evaluation: 13490/13483
00:58:54 - process[1] - dev - epoch 12 - mAP: 0.491 w/ 38 queries
00:58:54 - process[1]: evaluating epoch 12 on test ...
00:59:26 - test set during evaluation: 13890/13887
00:59:26 - process[1] - test - epoch 12 - mAP: 0.449 w/ 38 queries
00:59:26 - process[1]: training epoch 13 ...
00:59:45 - process[1] - epoch 13 - train iter 444 - 17791.1 words/s - loss: 0.4393
00:59:45 - process[1]: evaluating epoch 13 on dev ...
01:00:11 - dev set during evaluation: 13490/13483
01:00:11 - process[1] - dev - epoch 13 - mAP: 0.480 w/ 38 queries
01:00:11 - process[1]: training epoch 14 ...
01:00:30 - process[1] - epoch 14 - train iter 444 - 18533.4 words/s - loss: 0.3989
01:00:30 - process[1]: evaluating epoch 14 on dev ...
01:00:59 - dev set during evaluation: 13490/13483
01:00:59 - process[1] - dev - epoch 14 - mAP: 0.501 w/ 38 queries
01:00:59 - process[1]: evaluating epoch 14 on test ...
01:01:31 - test set during evaluation: 13890/13887
01:01:31 - process[1] - test - epoch 14 - mAP: 0.461 w/ 38 queries
01:01:31 - process[1]: training epoch 15 ...
01:01:50 - process[1] - epoch 15 - train iter 444 - 18911.7 words/s - loss: 0.4339
01:01:50 - process[1]: evaluating epoch 15 on dev ...
01:02:17 - dev set during evaluation: 13490/13483
01:02:17 - process[1] - dev - epoch 15 - mAP: 0.492 w/ 38 queries
01:02:17 - process[1]: training epoch 16 ...
01:02:38 - process[1] - epoch 16 - train iter 444 - 17588.0 words/s - loss: 0.4356
01:02:38 - process[1]: evaluating epoch 16 on dev ...
01:03:05 - dev set during evaluation: 13490/13483
01:03:05 - process[1] - dev - epoch 16 - mAP: 0.478 w/ 38 queries
01:03:05 - process[1]: training epoch 17 ...
01:03:23 - process[1] - epoch 17 - train iter 444 - 19485.2 words/s - loss: 0.4055
01:03:23 - process[1]: evaluating epoch 17 on dev ...
01:03:52 - dev set during evaluation: 13490/13483
01:03:52 - process[1] - dev - epoch 17 - mAP: 0.482 w/ 38 queries
01:03:52 - process[1]: training epoch 18 ...
01:04:12 - process[1] - epoch 18 - train iter 444 - 17773.4 words/s - loss: 0.4268
01:04:12 - process[1]: evaluating epoch 18 on dev ...
01:04:38 - dev set during evaluation: 13490/13483
01:04:38 - process[1] - dev - epoch 18 - mAP: 0.484 w/ 38 queries
01:04:38 - process[1]: training epoch 19 ...
01:04:57 - process[1] - epoch 19 - train iter 444 - 19577.1 words/s - loss: 0.4286
01:04:57 - process[1]: evaluating epoch 19 on dev ...
01:05:25 - dev set during evaluation: 13490/13483
01:05:25 - process[1] - dev - epoch 19 - mAP: 0.499 w/ 38 queries
01:05:25 - [fold 5] best test MAP: 0.461 @ epoch 14
01:05:25 - [0.39641089163562865, 0.5101476837491382, 0.5151404066161412, 0.5315615443708769, 0.4612607640741284]
01:05:25 - [38, 39, 39, 38, 38]
01:05:25 - final MAP: 0.483
00:00:06 - Namespace(apex_level='O2', batch_size=8, cased=False, dataset='clef', debug=False, encoder_lr=2e-05, eval_step=1, full_doc_length=True, local_rank=1, model_path='/mnt/scratch/puxuan/short_qlm_0.15/2186792/huggingface-19', model_type='mbert', num_epochs=20, num_ft_encoders=3, num_neg=1, projector_lr=2e-05, seed=611, source_lang='en', target_lang='de')
00:00:15 - Evaluating every 1 epochs ...
00:00:15 - reading data from /mnt/home/puxuan/CLIR-project/Evaluation_data/process-clef/uncased
00:00:17 - test has 38 queries ...
00:00:17 - Data reading done ...
00:00:23 - adding 9-th encoder to optimizer...
00:00:23 - adding 10-th encoder to optimizer...
00:00:23 - adding 11-th encoder to optimizer...
00:00:24 - process[1]: training epoch 0 ...
00:00:42 - process[1] - epoch 0 - train iter 423 - 18567.6 words/s - loss: 0.6514
00:00:42 - process[1]: training epoch 1 ...
00:01:00 - process[1] - epoch 1 - train iter 423 - 18556.1 words/s - loss: 0.5703
00:01:00 - process[1]: training epoch 2 ...
00:01:17 - process[1] - epoch 2 - train iter 423 - 20248.8 words/s - loss: 0.5292
00:01:17 - process[1]: training epoch 3 ...
00:01:35 - process[1] - epoch 3 - train iter 423 - 18371.9 words/s - loss: 0.5461
00:01:35 - process[1]: training epoch 4 ...
00:01:51 - process[1] - epoch 4 - train iter 423 - 20035.7 words/s - loss: 0.5358
00:01:51 - process[1]: training epoch 5 ...
00:02:06 - process[1] - epoch 5 - train iter 423 - 22564.6 words/s - loss: 0.5066
00:02:06 - process[1]: training epoch 6 ...
00:02:23 - process[1] - epoch 6 - train iter 423 - 19889.7 words/s - loss: 0.5027
00:02:23 - process[1]: training epoch 7 ...
00:02:40 - process[1] - epoch 7 - train iter 423 - 20155.9 words/s - loss: 0.4386
00:02:40 - process[1]: training epoch 8 ...
00:02:56 - process[1] - epoch 8 - train iter 423 - 20775.5 words/s - loss: 0.4691
00:02:56 - process[1]: training epoch 9 ...
00:03:12 - process[1] - epoch 9 - train iter 423 - 20176.0 words/s - loss: 0.4146
00:03:12 - process[1]: training epoch 10 ...
00:03:29 - process[1] - epoch 10 - train iter 423 - 19829.9 words/s - loss: 0.4173
00:03:29 - process[1]: evaluating epoch 10 on dev ...
00:03:56 - dev set during evaluation: 13890/13887
00:03:56 - process[1] - dev - epoch 10 - mAP: 0.440 w/ 38 queries
00:03:56 - process[1]: evaluating epoch 10 on test ...
00:04:29 - test set during evaluation: 15580/15574
00:04:29 - process[1] - test - epoch 10 - mAP: 0.399 w/ 38 queries
00:04:29 - process[1]: training epoch 11 ...
00:04:46 - process[1] - epoch 11 - train iter 423 - 19802.5 words/s - loss: 0.4264
00:04:46 - process[1]: evaluating epoch 11 on dev ...
00:05:14 - dev set during evaluation: 13890/13887
00:05:14 - process[1] - dev - epoch 11 - mAP: 0.456 w/ 38 queries
00:05:14 - process[1]: evaluating epoch 11 on test ...
00:05:46 - test set during evaluation: 15580/15574
00:05:46 - process[1] - test - epoch 11 - mAP: 0.390 w/ 38 queries
00:05:46 - process[1]: training epoch 12 ...
00:06:02 - process[1] - epoch 12 - train iter 423 - 20800.0 words/s - loss: 0.4372
00:06:02 - process[1]: evaluating epoch 12 on dev ...
00:06:31 - dev set during evaluation: 13890/13887
00:06:31 - process[1] - dev - epoch 12 - mAP: 0.441 w/ 38 queries
00:06:31 - process[1]: training epoch 13 ...
00:06:46 - process[1] - epoch 13 - train iter 423 - 21469.6 words/s - loss: 0.4110
00:06:46 - process[1]: evaluating epoch 13 on dev ...
00:07:17 - dev set during evaluation: 13890/13887
00:07:17 - process[1] - dev - epoch 13 - mAP: 0.434 w/ 38 queries
00:07:17 - process[1]: training epoch 14 ...
00:07:33 - process[1] - epoch 14 - train iter 423 - 19657.2 words/s - loss: 0.3911
00:07:33 - process[1]: evaluating epoch 14 on dev ...
00:08:02 - dev set during evaluation: 13890/13887
00:08:02 - process[1] - dev - epoch 14 - mAP: 0.441 w/ 38 queries
00:08:02 - process[1]: training epoch 15 ...
00:08:18 - process[1] - epoch 15 - train iter 423 - 19987.6 words/s - loss: 0.4079
00:08:18 - process[1]: evaluating epoch 15 on dev ...
00:08:48 - dev set during evaluation: 13890/13887
00:08:48 - process[1] - dev - epoch 15 - mAP: 0.447 w/ 38 queries
00:08:48 - process[1]: training epoch 16 ...
00:09:03 - process[1] - epoch 16 - train iter 423 - 21300.4 words/s - loss: 0.3844
00:09:03 - process[1]: evaluating epoch 16 on dev ...
00:09:32 - dev set during evaluation: 13890/13887
00:09:32 - process[1] - dev - epoch 16 - mAP: 0.474 w/ 38 queries
00:09:32 - process[1]: evaluating epoch 16 on test ...
00:10:03 - test set during evaluation: 15580/15574
00:10:03 - process[1] - test - epoch 16 - mAP: 0.396 w/ 38 queries
00:10:03 - process[1]: training epoch 17 ...
00:10:19 - process[1] - epoch 17 - train iter 423 - 19779.2 words/s - loss: 0.3945
00:10:19 - process[1]: evaluating epoch 17 on dev ...
00:10:48 - dev set during evaluation: 13890/13887
00:10:48 - process[1] - dev - epoch 17 - mAP: 0.462 w/ 38 queries
00:10:48 - process[1]: training epoch 18 ...
00:11:06 - process[1] - epoch 18 - train iter 423 - 18885.0 words/s - loss: 0.3641
00:11:06 - process[1]: evaluating epoch 18 on dev ...
00:11:33 - dev set during evaluation: 13890/13887
00:11:33 - process[1] - dev - epoch 18 - mAP: 0.436 w/ 38 queries
00:11:33 - process[1]: training epoch 19 ...
00:11:49 - process[1] - epoch 19 - train iter 423 - 20673.7 words/s - loss: 0.3669
00:11:49 - process[1]: evaluating epoch 19 on dev ...
00:12:18 - dev set during evaluation: 13890/13887
00:12:18 - process[1] - dev - epoch 19 - mAP: 0.462 w/ 38 queries
00:12:18 - [fold 1] best test MAP: 0.396 @ epoch 16
00:12:18 - Evaluating every 1 epochs ...
00:12:18 - reading data from /mnt/home/puxuan/CLIR-project/Evaluation_data/process-clef/uncased
00:12:19 - test has 39 queries ...
00:12:19 - Data reading done ...
00:12:20 - adding 9-th encoder to optimizer...
00:12:20 - adding 10-th encoder to optimizer...
00:12:20 - adding 11-th encoder to optimizer...
00:12:21 - process[1]: training epoch 0 ...
00:12:40 - process[1] - epoch 0 - train iter 386 - 16254.3 words/s - loss: 0.6559
00:12:40 - process[1]: training epoch 1 ...
00:12:56 - process[1] - epoch 1 - train iter 386 - 18468.0 words/s - loss: 0.5584
00:12:56 - process[1]: training epoch 2 ...
00:13:14 - process[1] - epoch 2 - train iter 386 - 16590.4 words/s - loss: 0.5309
00:13:14 - process[1]: training epoch 3 ...
00:13:32 - process[1] - epoch 3 - train iter 386 - 17152.4 words/s - loss: 0.5366
00:13:32 - process[1]: training epoch 4 ...
00:13:52 - process[1] - epoch 4 - train iter 386 - 14724.4 words/s - loss: 0.5306
00:13:52 - process[1]: training epoch 5 ...
00:14:10 - process[1] - epoch 5 - train iter 386 - 17490.8 words/s - loss: 0.4655
00:14:10 - process[1]: training epoch 6 ...
00:14:30 - process[1] - epoch 6 - train iter 386 - 15238.4 words/s - loss: 0.4965
00:14:30 - process[1]: training epoch 7 ...
00:14:46 - process[1] - epoch 7 - train iter 386 - 18198.5 words/s - loss: 0.4682
00:14:46 - process[1]: training epoch 8 ...
00:15:05 - process[1] - epoch 8 - train iter 386 - 16304.4 words/s - loss: 0.4525
00:15:05 - process[1]: training epoch 9 ...
00:15:23 - process[1] - epoch 9 - train iter 386 - 16430.6 words/s - loss: 0.4387
00:15:23 - process[1]: training epoch 10 ...
00:15:43 - process[1] - epoch 10 - train iter 386 - 14982.5 words/s - loss: 0.4765
00:15:43 - process[1]: evaluating epoch 10 on dev ...
00:16:18 - dev set during evaluation: 15580/15574
00:16:18 - process[1] - dev - epoch 10 - mAP: 0.391 w/ 38 queries
00:16:18 - process[1]: evaluating epoch 10 on test ...
00:16:52 - test set during evaluation: 14340/14338
00:16:52 - process[1] - test - epoch 10 - mAP: 0.503 w/ 39 queries
00:16:52 - process[1]: training epoch 11 ...
00:17:12 - process[1] - epoch 11 - train iter 386 - 15258.8 words/s - loss: 0.4440
00:17:12 - process[1]: evaluating epoch 11 on dev ...
00:17:46 - dev set during evaluation: 15580/15574
00:17:46 - process[1] - dev - epoch 11 - mAP: 0.393 w/ 38 queries
00:17:46 - process[1]: evaluating epoch 11 on test ...
00:18:19 - test set during evaluation: 14340/14338
00:18:19 - process[1] - test - epoch 11 - mAP: 0.501 w/ 39 queries
00:18:19 - process[1]: training epoch 12 ...
00:18:36 - process[1] - epoch 12 - train iter 386 - 17432.8 words/s - loss: 0.4395
00:18:36 - process[1]: evaluating epoch 12 on dev ...
00:19:13 - dev set during evaluation: 15580/15574
00:19:13 - process[1] - dev - epoch 12 - mAP: 0.394 w/ 38 queries
00:19:13 - process[1]: evaluating epoch 12 on test ...
00:19:46 - test set during evaluation: 14340/14338
00:19:46 - process[1] - test - epoch 12 - mAP: 0.499 w/ 39 queries
00:19:46 - process[1]: training epoch 13 ...
00:20:05 - process[1] - epoch 13 - train iter 386 - 15523.1 words/s - loss: 0.3942
00:20:05 - process[1]: evaluating epoch 13 on dev ...
00:20:40 - dev set during evaluation: 15580/15574
00:20:40 - process[1] - dev - epoch 13 - mAP: 0.385 w/ 38 queries
00:20:40 - process[1]: training epoch 14 ...
00:20:58 - process[1] - epoch 14 - train iter 386 - 16565.1 words/s - loss: 0.4285
00:20:58 - process[1]: evaluating epoch 14 on dev ...
00:21:34 - dev set during evaluation: 15580/15574
00:21:34 - process[1] - dev - epoch 14 - mAP: 0.381 w/ 38 queries
00:21:34 - process[1]: training epoch 15 ...
00:21:54 - process[1] - epoch 15 - train iter 386 - 15288.0 words/s - loss: 0.3916
00:21:54 - process[1]: evaluating epoch 15 on dev ...
00:22:29 - dev set during evaluation: 15580/15574
00:22:29 - process[1] - dev - epoch 15 - mAP: 0.404 w/ 38 queries
00:22:29 - process[1]: evaluating epoch 15 on test ...
00:23:02 - test set during evaluation: 14340/14338
00:23:02 - process[1] - test - epoch 15 - mAP: 0.510 w/ 39 queries
00:23:02 - process[1]: training epoch 16 ...
00:23:19 - process[1] - epoch 16 - train iter 386 - 17721.5 words/s - loss: 0.4077
00:23:19 - process[1]: evaluating epoch 16 on dev ...
00:23:56 - dev set during evaluation: 15580/15574
00:23:56 - process[1] - dev - epoch 16 - mAP: 0.378 w/ 38 queries
00:23:56 - process[1]: training epoch 17 ...
00:24:14 - process[1] - epoch 17 - train iter 386 - 16798.2 words/s - loss: 0.3895
00:24:14 - process[1]: evaluating epoch 17 on dev ...
00:24:50 - dev set during evaluation: 15580/15574
00:24:50 - process[1] - dev - epoch 17 - mAP: 0.391 w/ 38 queries
00:24:50 - process[1]: training epoch 18 ...
00:25:09 - process[1] - epoch 18 - train iter 386 - 15621.5 words/s - loss: 0.4004
00:25:09 - process[1]: evaluating epoch 18 on dev ...
00:25:44 - dev set during evaluation: 15580/15574
00:25:44 - process[1] - dev - epoch 18 - mAP: 0.391 w/ 38 queries
00:25:44 - process[1]: training epoch 19 ...
00:26:03 - process[1] - epoch 19 - train iter 386 - 15382.8 words/s - loss: 0.4015
00:26:03 - process[1]: evaluating epoch 19 on dev ...
00:26:38 - dev set during evaluation: 15580/15574
00:26:38 - process[1] - dev - epoch 19 - mAP: 0.395 w/ 38 queries
00:26:38 - [fold 2] best test MAP: 0.510 @ epoch 15
00:26:38 - Evaluating every 1 epochs ...
00:26:38 - reading data from /mnt/home/puxuan/CLIR-project/Evaluation_data/process-clef/uncased
00:26:39 - test has 39 queries ...
00:26:39 - Data reading done ...
00:26:41 - adding 9-th encoder to optimizer...
00:26:41 - adding 10-th encoder to optimizer...
00:26:41 - adding 11-th encoder to optimizer...
00:26:41 - process[1]: training epoch 0 ...
00:27:00 - process[1] - epoch 0 - train iter 360 - 15599.6 words/s - loss: 0.6678
00:27:00 - process[1]: training epoch 1 ...
00:27:16 - process[1] - epoch 1 - train iter 360 - 16775.7 words/s - loss: 0.5432
00:27:16 - process[1]: training epoch 2 ...
00:27:34 - process[1] - epoch 2 - train iter 360 - 15960.5 words/s - loss: 0.5345
00:27:34 - process[1]: training epoch 3 ...
00:27:53 - process[1] - epoch 3 - train iter 360 - 15189.9 words/s - loss: 0.4948
00:27:53 - process[1]: training epoch 4 ...
00:28:10 - process[1] - epoch 4 - train iter 360 - 16256.1 words/s - loss: 0.4920
00:28:10 - process[1]: training epoch 5 ...
00:28:29 - process[1] - epoch 5 - train iter 360 - 14419.7 words/s - loss: 0.4672
00:28:29 - process[1]: training epoch 6 ...
00:28:47 - process[1] - epoch 6 - train iter 360 - 16639.2 words/s - loss: 0.4785
00:28:47 - process[1]: training epoch 7 ...
00:29:07 - process[1] - epoch 7 - train iter 360 - 14069.6 words/s - loss: 0.4548
00:29:07 - process[1]: training epoch 8 ...
00:29:27 - process[1] - epoch 8 - train iter 360 - 14599.9 words/s - loss: 0.4567
00:29:27 - process[1]: training epoch 9 ...
00:29:45 - process[1] - epoch 9 - train iter 360 - 15503.0 words/s - loss: 0.3949
00:29:45 - process[1]: training epoch 10 ...
00:30:03 - process[1] - epoch 10 - train iter 360 - 15277.8 words/s - loss: 0.4711
00:30:03 - process[1]: evaluating epoch 10 on dev ...
00:30:36 - dev set during evaluation: 14340/14338
00:30:36 - process[1] - dev - epoch 10 - mAP: 0.496 w/ 39 queries
00:30:36 - process[1]: evaluating epoch 10 on test ...
00:31:05 - test set during evaluation: 11710/11707
00:31:05 - process[1] - test - epoch 10 - mAP: 0.508 w/ 39 queries
00:31:05 - process[1]: training epoch 11 ...
00:31:22 - process[1] - epoch 11 - train iter 360 - 16472.0 words/s - loss: 0.4174
00:31:22 - process[1]: evaluating epoch 11 on dev ...
00:31:55 - dev set during evaluation: 14340/14338
00:31:55 - process[1] - dev - epoch 11 - mAP: 0.495 w/ 39 queries
00:31:55 - process[1]: training epoch 12 ...
00:32:13 - process[1] - epoch 12 - train iter 360 - 15899.4 words/s - loss: 0.4129
00:32:13 - process[1]: evaluating epoch 12 on dev ...
00:32:46 - dev set during evaluation: 14340/14338
00:32:46 - process[1] - dev - epoch 12 - mAP: 0.510 w/ 39 queries
00:32:46 - process[1]: evaluating epoch 12 on test ...
00:33:15 - test set during evaluation: 11710/11707
00:33:15 - process[1] - test - epoch 12 - mAP: 0.515 w/ 39 queries
00:33:15 - process[1]: training epoch 13 ...
00:33:31 - process[1] - epoch 13 - train iter 360 - 16518.5 words/s - loss: 0.4243
00:33:31 - process[1]: evaluating epoch 13 on dev ...
00:34:04 - dev set during evaluation: 14340/14338
00:34:04 - process[1] - dev - epoch 13 - mAP: 0.521 w/ 39 queries
00:34:04 - process[1]: evaluating epoch 13 on test ...
00:34:33 - test set during evaluation: 11710/11707
00:34:33 - process[1] - test - epoch 13 - mAP: 0.512 w/ 39 queries
00:34:33 - process[1]: training epoch 14 ...
00:34:52 - process[1] - epoch 14 - train iter 360 - 15426.5 words/s - loss: 0.4008
00:34:52 - process[1]: evaluating epoch 14 on dev ...
00:35:24 - dev set during evaluation: 14340/14338
00:35:24 - process[1] - dev - epoch 14 - mAP: 0.498 w/ 39 queries
00:35:24 - process[1]: training epoch 15 ...
00:35:41 - process[1] - epoch 15 - train iter 360 - 16647.0 words/s - loss: 0.4416
00:35:41 - process[1]: evaluating epoch 15 on dev ...
00:36:14 - dev set during evaluation: 14340/14338
00:36:14 - process[1] - dev - epoch 15 - mAP: 0.490 w/ 39 queries
00:36:14 - process[1]: training epoch 16 ...
00:36:32 - process[1] - epoch 16 - train iter 360 - 15080.4 words/s - loss: 0.4027
00:36:32 - process[1]: evaluating epoch 16 on dev ...
00:37:05 - dev set during evaluation: 14340/14338
00:37:05 - process[1] - dev - epoch 16 - mAP: 0.497 w/ 39 queries
00:37:05 - process[1]: training epoch 17 ...
00:37:21 - process[1] - epoch 17 - train iter 360 - 17087.7 words/s - loss: 0.3740
00:37:21 - process[1]: evaluating epoch 17 on dev ...
00:37:56 - dev set during evaluation: 14340/14338
00:37:56 - process[1] - dev - epoch 17 - mAP: 0.500 w/ 39 queries
00:37:56 - process[1]: training epoch 18 ...
00:38:14 - process[1] - epoch 18 - train iter 360 - 16016.9 words/s - loss: 0.3600
00:38:14 - process[1]: evaluating epoch 18 on dev ...
00:38:49 - dev set during evaluation: 14340/14338
00:38:49 - process[1] - dev - epoch 18 - mAP: 0.507 w/ 39 queries
00:38:49 - process[1]: training epoch 19 ...
00:39:07 - process[1] - epoch 19 - train iter 360 - 15876.6 words/s - loss: 0.3756
00:39:07 - process[1]: evaluating epoch 19 on dev ...
00:39:40 - dev set during evaluation: 14340/14338
00:39:40 - process[1] - dev - epoch 19 - mAP: 0.527 w/ 39 queries
00:39:40 - process[1]: evaluating epoch 19 on test ...
00:40:09 - test set during evaluation: 11710/11707
00:40:09 - process[1] - test - epoch 19 - mAP: 0.515 w/ 39 queries
00:40:09 - [fold 3] best test MAP: 0.515 @ epoch 19
00:40:09 - Evaluating every 1 epochs ...
00:40:09 - reading data from /mnt/home/puxuan/CLIR-project/Evaluation_data/process-clef/uncased
00:40:10 - test has 38 queries ...
00:40:10 - Data reading done ...
00:40:12 - adding 9-th encoder to optimizer...
00:40:12 - adding 10-th encoder to optimizer...
00:40:12 - adding 11-th encoder to optimizer...
00:40:12 - process[1]: training epoch 0 ...
00:40:32 - process[1] - epoch 0 - train iter 404 - 16040.4 words/s - loss: 0.6378
00:40:32 - process[1]: training epoch 1 ...
00:40:48 - process[1] - epoch 1 - train iter 404 - 19499.4 words/s - loss: 0.5909
00:40:48 - process[1]: training epoch 2 ...
00:41:07 - process[1] - epoch 2 - train iter 404 - 16658.1 words/s - loss: 0.5245
00:41:07 - process[1]: training epoch 3 ...
00:41:26 - process[1] - epoch 3 - train iter 404 - 16962.8 words/s - loss: 0.5605
00:41:26 - process[1]: training epoch 4 ...
00:41:44 - process[1] - epoch 4 - train iter 404 - 16947.5 words/s - loss: 0.5161
00:41:44 - process[1]: training epoch 5 ...
00:42:02 - process[1] - epoch 5 - train iter 404 - 18195.1 words/s - loss: 0.5229
00:42:02 - process[1]: training epoch 6 ...
00:42:20 - process[1] - epoch 6 - train iter 404 - 17360.3 words/s - loss: 0.4761
00:42:20 - process[1]: training epoch 7 ...
00:42:40 - process[1] - epoch 7 - train iter 404 - 15708.9 words/s - loss: 0.4791
00:42:40 - process[1]: training epoch 8 ...
00:42:56 - process[1] - epoch 8 - train iter 404 - 19518.4 words/s - loss: 0.4781
00:42:56 - process[1]: training epoch 9 ...
00:43:15 - process[1] - epoch 9 - train iter 404 - 16682.7 words/s - loss: 0.4376
00:43:15 - process[1]: training epoch 10 ...
00:43:33 - process[1] - epoch 10 - train iter 404 - 17525.1 words/s - loss: 0.4606
00:43:33 - process[1]: evaluating epoch 10 on dev ...
00:43:58 - dev set during evaluation: 11710/11707
00:43:58 - process[1] - dev - epoch 10 - mAP: 0.497 w/ 39 queries
00:43:58 - process[1]: evaluating epoch 10 on test ...
00:44:25 - test set during evaluation: 13490/13483
00:44:25 - process[1] - test - epoch 10 - mAP: 0.528 w/ 38 queries
00:44:25 - process[1]: training epoch 11 ...
00:44:43 - process[1] - epoch 11 - train iter 404 - 17370.9 words/s - loss: 0.4481
00:44:43 - process[1]: evaluating epoch 11 on dev ...
00:45:11 - dev set during evaluation: 11710/11707
00:45:11 - process[1] - dev - epoch 11 - mAP: 0.490 w/ 39 queries
00:45:11 - process[1]: training epoch 12 ...
00:45:31 - process[1] - epoch 12 - train iter 404 - 16458.0 words/s - loss: 0.4232
00:45:31 - process[1]: evaluating epoch 12 on dev ...
00:45:56 - dev set during evaluation: 11710/11707
00:45:56 - process[1] - dev - epoch 12 - mAP: 0.507 w/ 39 queries
00:45:56 - process[1]: evaluating epoch 12 on test ...
00:46:24 - test set during evaluation: 13490/13483
00:46:24 - process[1] - test - epoch 12 - mAP: 0.558 w/ 38 queries
00:46:24 - process[1]: training epoch 13 ...
00:46:41 - process[1] - epoch 13 - train iter 404 - 18364.1 words/s - loss: 0.4442
00:46:41 - process[1]: evaluating epoch 13 on dev ...
00:47:08 - dev set during evaluation: 11710/11707
00:47:08 - process[1] - dev - epoch 13 - mAP: 0.505 w/ 39 queries
00:47:08 - process[1]: training epoch 14 ...
00:47:27 - process[1] - epoch 14 - train iter 404 - 16676.3 words/s - loss: 0.4146
00:47:27 - process[1]: evaluating epoch 14 on dev ...
00:47:54 - dev set during evaluation: 11710/11707
00:47:54 - process[1] - dev - epoch 14 - mAP: 0.502 w/ 39 queries
00:47:54 - process[1]: training epoch 15 ...
00:48:12 - process[1] - epoch 15 - train iter 404 - 17619.0 words/s - loss: 0.3887
00:48:12 - process[1]: evaluating epoch 15 on dev ...
00:48:39 - dev set during evaluation: 11710/11707
00:48:39 - process[1] - dev - epoch 15 - mAP: 0.509 w/ 39 queries
00:48:39 - process[1]: evaluating epoch 15 on test ...
00:49:06 - test set during evaluation: 13490/13483
00:49:06 - process[1] - test - epoch 15 - mAP: 0.511 w/ 38 queries
00:49:06 - process[1]: training epoch 16 ...
00:49:24 - process[1] - epoch 16 - train iter 404 - 17855.9 words/s - loss: 0.4019
00:49:24 - process[1]: evaluating epoch 16 on dev ...
00:49:51 - dev set during evaluation: 11710/11707
00:49:51 - process[1] - dev - epoch 16 - mAP: 0.495 w/ 39 queries
00:49:51 - process[1]: training epoch 17 ...
00:50:11 - process[1] - epoch 17 - train iter 404 - 16267.2 words/s - loss: 0.4090
00:50:11 - process[1]: evaluating epoch 17 on dev ...
00:50:37 - dev set during evaluation: 11710/11707
00:50:37 - process[1] - dev - epoch 17 - mAP: 0.497 w/ 39 queries
00:50:37 - process[1]: training epoch 18 ...
00:50:55 - process[1] - epoch 18 - train iter 404 - 17242.3 words/s - loss: 0.3659
00:50:55 - process[1]: evaluating epoch 18 on dev ...
00:51:22 - dev set during evaluation: 11710/11707
00:51:22 - process[1] - dev - epoch 18 - mAP: 0.512 w/ 39 queries
00:51:22 - process[1]: evaluating epoch 18 on test ...
00:51:49 - test set during evaluation: 13490/13483
00:51:49 - process[1] - test - epoch 18 - mAP: 0.532 w/ 38 queries
00:51:49 - process[1]: training epoch 19 ...
00:52:08 - process[1] - epoch 19 - train iter 404 - 16642.9 words/s - loss: 0.3817
00:52:08 - process[1]: evaluating epoch 19 on dev ...
00:52:34 - dev set during evaluation: 11710/11707
00:52:34 - process[1] - dev - epoch 19 - mAP: 0.511 w/ 39 queries
00:52:34 - [fold 4] best test MAP: 0.532 @ epoch 18
00:52:34 - Evaluating every 1 epochs ...
00:52:34 - reading data from /mnt/home/puxuan/CLIR-project/Evaluation_data/process-clef/uncased
00:52:35 - test has 38 queries ...
00:52:35 - Data reading done ...
00:52:36 - adding 9-th encoder to optimizer...
00:52:36 - adding 10-th encoder to optimizer...
00:52:36 - adding 11-th encoder to optimizer...
00:52:37 - process[1]: training epoch 0 ...
00:52:55 - process[1] - epoch 0 - train iter 444 - 19922.8 words/s - loss: 0.6490
00:52:55 - process[1]: training epoch 1 ...
00:53:13 - process[1] - epoch 1 - train iter 444 - 18799.8 words/s - loss: 0.5794
00:53:13 - process[1]: training epoch 2 ...
00:53:33 - process[1] - epoch 2 - train iter 444 - 18263.3 words/s - loss: 0.5717
00:53:33 - process[1]: training epoch 3 ...
00:53:51 - process[1] - epoch 3 - train iter 444 - 19390.0 words/s - loss: 0.5424
00:53:51 - process[1]: training epoch 4 ...
00:54:10 - process[1] - epoch 4 - train iter 444 - 18416.7 words/s - loss: 0.5177
00:54:10 - process[1]: training epoch 5 ...
00:54:30 - process[1] - epoch 5 - train iter 444 - 17482.0 words/s - loss: 0.5328
00:54:30 - process[1]: training epoch 6 ...
00:54:49 - process[1] - epoch 6 - train iter 444 - 18222.4 words/s - loss: 0.5196
00:54:49 - process[1]: training epoch 7 ...
00:55:07 - process[1] - epoch 7 - train iter 444 - 19436.0 words/s - loss: 0.4832
00:55:07 - process[1]: training epoch 8 ...
00:55:26 - process[1] - epoch 8 - train iter 444 - 18758.6 words/s - loss: 0.4475
00:55:26 - process[1]: training epoch 9 ...
00:55:45 - process[1] - epoch 9 - train iter 444 - 18463.0 words/s - loss: 0.4816
00:55:45 - process[1]: training epoch 10 ...
00:56:04 - process[1] - epoch 10 - train iter 444 - 18906.4 words/s - loss: 0.4261
00:56:04 - process[1]: evaluating epoch 10 on dev ...
00:56:34 - dev set during evaluation: 13490/13483
00:56:34 - process[1] - dev - epoch 10 - mAP: 0.486 w/ 38 queries
00:56:34 - process[1]: evaluating epoch 10 on test ...
00:57:06 - test set during evaluation: 13890/13887
00:57:06 - process[1] - test - epoch 10 - mAP: 0.446 w/ 38 queries
00:57:06 - process[1]: training epoch 11 ...
00:57:25 - process[1] - epoch 11 - train iter 444 - 18961.2 words/s - loss: 0.4506
00:57:25 - process[1]: evaluating epoch 11 on dev ...
00:57:54 - dev set during evaluation: 13490/13483
00:57:54 - process[1] - dev - epoch 11 - mAP: 0.486 w/ 38 queries
00:57:54 - process[1]: evaluating epoch 11 on test ...
00:58:26 - test set during evaluation: 13890/13887
00:58:26 - process[1] - test - epoch 11 - mAP: 0.417 w/ 38 queries
00:58:26 - process[1]: training epoch 12 ...
00:58:45 - process[1] - epoch 12 - train iter 444 - 18117.5 words/s - loss: 0.4522
00:58:45 - process[1]: evaluating epoch 12 on dev ...
00:59:13 - dev set during evaluation: 13490/13483
00:59:13 - process[1] - dev - epoch 12 - mAP: 0.491 w/ 38 queries
00:59:13 - process[1]: evaluating epoch 12 on test ...
00:59:45 - test set during evaluation: 13890/13887
00:59:45 - process[1] - test - epoch 12 - mAP: 0.449 w/ 38 queries
00:59:45 - process[1]: training epoch 13 ...
01:00:05 - process[1] - epoch 13 - train iter 444 - 17230.4 words/s - loss: 0.4393
01:00:05 - process[1]: evaluating epoch 13 on dev ...
01:00:31 - dev set during evaluation: 13490/13483
01:00:31 - process[1] - dev - epoch 13 - mAP: 0.480 w/ 38 queries
01:00:31 - process[1]: training epoch 14 ...
01:00:51 - process[1] - epoch 14 - train iter 444 - 18260.1 words/s - loss: 0.3989
01:00:51 - process[1]: evaluating epoch 14 on dev ...
01:01:19 - dev set during evaluation: 13490/13483
01:01:19 - process[1] - dev - epoch 14 - mAP: 0.501 w/ 38 queries
01:01:19 - process[1]: evaluating epoch 14 on test ...
01:01:52 - test set during evaluation: 13890/13887
01:01:52 - process[1] - test - epoch 14 - mAP: 0.461 w/ 38 queries
01:01:52 - process[1]: training epoch 15 ...
01:02:11 - process[1] - epoch 15 - train iter 444 - 18509.0 words/s - loss: 0.4339
01:02:11 - process[1]: evaluating epoch 15 on dev ...
01:02:38 - dev set during evaluation: 13490/13483
01:02:38 - process[1] - dev - epoch 15 - mAP: 0.492 w/ 38 queries
01:02:38 - process[1]: training epoch 16 ...
01:02:58 - process[1] - epoch 16 - train iter 444 - 17366.4 words/s - loss: 0.4356
01:02:58 - process[1]: evaluating epoch 16 on dev ...
01:03:25 - dev set during evaluation: 13490/13483
01:03:25 - process[1] - dev - epoch 16 - mAP: 0.478 w/ 38 queries
01:03:25 - process[1]: training epoch 17 ...
01:03:43 - process[1] - epoch 17 - train iter 444 - 19324.9 words/s - loss: 0.4055
01:03:43 - process[1]: evaluating epoch 17 on dev ...
01:04:11 - dev set during evaluation: 13490/13483
01:04:11 - process[1] - dev - epoch 17 - mAP: 0.482 w/ 38 queries
01:04:11 - process[1]: training epoch 18 ...
01:04:32 - process[1] - epoch 18 - train iter 444 - 17384.7 words/s - loss: 0.4268
01:04:32 - process[1]: evaluating epoch 18 on dev ...
01:04:58 - dev set during evaluation: 13490/13483
01:04:58 - process[1] - dev - epoch 18 - mAP: 0.484 w/ 38 queries
01:04:58 - process[1]: training epoch 19 ...
01:05:17 - process[1] - epoch 19 - train iter 444 - 19288.1 words/s - loss: 0.4286
01:05:17 - process[1]: evaluating epoch 19 on dev ...
01:05:45 - dev set during evaluation: 13490/13483
01:05:45 - process[1] - dev - epoch 19 - mAP: 0.499 w/ 38 queries
01:05:45 - [fold 5] best test MAP: 0.461 @ epoch 14
01:05:45 - [0.39641089163562865, 0.5101476837491382, 0.5151404066161412, 0.5315615443708769, 0.4612607640741284]
01:05:45 - [38, 39, 39, 38, 38]
01:05:45 - final MAP: 0.483
