00:00:07 - Namespace(apex_level='O2', batch_size=8, cased=False, dataset='clef', debug=False, encoder_lr=2e-05, eval_step=1, full_doc_length=True, local_rank=6, model_path='/mnt/scratch/puxuan/short_rr/2186734/huggingface-14', model_type='mbert', num_epochs=20, num_ft_encoders=3, num_neg=1, projector_lr=2e-05, seed=611, source_lang='es', target_lang='en')
00:00:15 - Evaluating every 1 epochs ...
00:00:15 - reading data from /mnt/home/puxuan/CLIR-project/Evaluation_data/process-clef/uncased
00:00:16 - test has 35 queries ...
00:00:16 - Data reading done ...
00:00:22 - adding 9-th encoder to optimizer...
00:00:22 - adding 10-th encoder to optimizer...
00:00:22 - adding 11-th encoder to optimizer...
00:00:23 - process[6]: training epoch 0 ...
00:00:35 - process[6] - epoch 0 - train iter 197 - 14783.3 words/s - loss: 0.5805
00:00:35 - process[6]: training epoch 1 ...
00:00:46 - process[6] - epoch 1 - train iter 197 - 15898.1 words/s - loss: 0.5283
00:00:46 - process[6]: training epoch 2 ...
00:00:57 - process[6] - epoch 2 - train iter 197 - 15839.5 words/s - loss: 0.4686
00:00:57 - process[6]: training epoch 3 ...
00:01:07 - process[6] - epoch 3 - train iter 197 - 17534.8 words/s - loss: 0.4409
00:01:07 - process[6]: training epoch 4 ...
00:01:18 - process[6] - epoch 4 - train iter 197 - 16909.7 words/s - loss: 0.4229
00:01:18 - process[6]: training epoch 5 ...
00:01:28 - process[6] - epoch 5 - train iter 197 - 16581.1 words/s - loss: 0.4154
00:01:28 - process[6]: training epoch 6 ...
00:01:39 - process[6] - epoch 6 - train iter 197 - 16974.1 words/s - loss: 0.4082
00:01:39 - process[6]: training epoch 7 ...
00:01:49 - process[6] - epoch 7 - train iter 197 - 16647.6 words/s - loss: 0.3673
00:01:49 - process[6]: training epoch 8 ...
00:02:01 - process[6] - epoch 8 - train iter 197 - 15917.0 words/s - loss: 0.4220
00:02:01 - process[6]: training epoch 9 ...
00:02:11 - process[6] - epoch 9 - train iter 197 - 16516.0 words/s - loss: 0.4236
00:02:11 - process[6]: training epoch 10 ...
00:02:23 - process[6] - epoch 10 - train iter 197 - 15651.9 words/s - loss: 0.3534
00:02:23 - process[6]: evaluating epoch 10 on dev ...
00:03:11 - dev set during evaluation: 14160/14157
00:03:11 - process[6] - dev - epoch 10 - mAP: 0.500 w/ 35 queries
00:03:11 - process[6]: evaluating epoch 10 on test ...
00:03:53 - test set during evaluation: 14980/14975
00:03:53 - process[6] - test - epoch 10 - mAP: 0.479 w/ 35 queries
00:03:53 - process[6]: training epoch 11 ...
00:04:03 - process[6] - epoch 11 - train iter 197 - 16816.6 words/s - loss: 0.3115
00:04:03 - process[6]: evaluating epoch 11 on dev ...
00:04:49 - dev set during evaluation: 14160/14157
00:04:49 - process[6] - dev - epoch 11 - mAP: 0.478 w/ 35 queries
00:04:49 - process[6]: training epoch 12 ...
00:05:00 - process[6] - epoch 12 - train iter 197 - 15640.4 words/s - loss: 0.3407
00:05:00 - process[6]: evaluating epoch 12 on dev ...
00:05:43 - dev set during evaluation: 14160/14157
00:05:43 - process[6] - dev - epoch 12 - mAP: 0.505 w/ 35 queries
00:05:43 - process[6]: evaluating epoch 12 on test ...
00:06:24 - test set during evaluation: 14980/14975
00:06:24 - process[6] - test - epoch 12 - mAP: 0.488 w/ 35 queries
00:06:24 - process[6]: training epoch 13 ...
00:06:36 - process[6] - epoch 13 - train iter 197 - 15294.2 words/s - loss: 0.4070
00:06:36 - process[6]: evaluating epoch 13 on dev ...
00:07:20 - dev set during evaluation: 14160/14157
00:07:20 - process[6] - dev - epoch 13 - mAP: 0.502 w/ 35 queries
00:07:20 - process[6]: training epoch 14 ...
00:07:32 - process[6] - epoch 14 - train iter 197 - 15994.7 words/s - loss: 0.3486
00:07:32 - process[6]: evaluating epoch 14 on dev ...
00:08:16 - dev set during evaluation: 14160/14157
00:08:16 - process[6] - dev - epoch 14 - mAP: 0.505 w/ 35 queries
00:08:16 - process[6]: training epoch 15 ...
00:08:27 - process[6] - epoch 15 - train iter 197 - 16707.7 words/s - loss: 0.3564
00:08:27 - process[6]: evaluating epoch 15 on dev ...
00:09:11 - dev set during evaluation: 14160/14157
00:09:11 - process[6] - dev - epoch 15 - mAP: 0.492 w/ 35 queries
00:09:11 - process[6]: training epoch 16 ...
00:09:21 - process[6] - epoch 16 - train iter 197 - 16755.0 words/s - loss: 0.3124
00:09:21 - process[6]: evaluating epoch 16 on dev ...
00:10:06 - dev set during evaluation: 14160/14157
00:10:06 - process[6] - dev - epoch 16 - mAP: 0.496 w/ 35 queries
00:10:06 - process[6]: training epoch 17 ...
00:10:17 - process[6] - epoch 17 - train iter 197 - 16203.0 words/s - loss: 0.3643
00:10:17 - process[6]: evaluating epoch 17 on dev ...
00:11:02 - dev set during evaluation: 14160/14157
00:11:02 - process[6] - dev - epoch 17 - mAP: 0.496 w/ 35 queries
00:11:02 - process[6]: training epoch 18 ...
00:11:13 - process[6] - epoch 18 - train iter 197 - 14951.2 words/s - loss: 0.3376
00:11:13 - process[6]: evaluating epoch 18 on dev ...
00:11:56 - dev set during evaluation: 14160/14157
00:11:56 - process[6] - dev - epoch 18 - mAP: 0.501 w/ 35 queries
00:11:56 - process[6]: training epoch 19 ...
00:12:08 - process[6] - epoch 19 - train iter 197 - 15503.8 words/s - loss: 0.3014
00:12:08 - process[6]: evaluating epoch 19 on dev ...
00:12:52 - dev set during evaluation: 14160/14157
00:12:52 - process[6] - dev - epoch 19 - mAP: 0.497 w/ 35 queries
00:12:52 - [fold 1] best test MAP: 0.488 @ epoch 12
00:12:52 - Evaluating every 1 epochs ...
00:12:52 - reading data from /mnt/home/puxuan/CLIR-project/Evaluation_data/process-clef/uncased
00:12:53 - test has 36 queries ...
00:12:53 - Data reading done ...
00:12:54 - adding 9-th encoder to optimizer...
00:12:54 - adding 10-th encoder to optimizer...
00:12:54 - adding 11-th encoder to optimizer...
00:12:55 - process[6]: training epoch 0 ...
00:13:05 - process[6] - epoch 0 - train iter 187 - 16242.0 words/s - loss: 0.5814
00:13:05 - process[6]: training epoch 1 ...
00:13:16 - process[6] - epoch 1 - train iter 187 - 16288.3 words/s - loss: 0.5275
00:13:16 - process[6]: training epoch 2 ...
00:13:26 - process[6] - epoch 2 - train iter 187 - 16144.3 words/s - loss: 0.4634
00:13:26 - process[6]: training epoch 3 ...
00:13:37 - process[6] - epoch 3 - train iter 187 - 16547.0 words/s - loss: 0.4611
00:13:37 - process[6]: training epoch 4 ...
00:13:47 - process[6] - epoch 4 - train iter 187 - 16933.7 words/s - loss: 0.4202
00:13:47 - process[6]: training epoch 5 ...
00:13:57 - process[6] - epoch 5 - train iter 187 - 16287.4 words/s - loss: 0.4727
00:13:57 - process[6]: training epoch 6 ...
00:14:07 - process[6] - epoch 6 - train iter 187 - 16310.6 words/s - loss: 0.4241
00:14:07 - process[6]: training epoch 7 ...
00:14:17 - process[6] - epoch 7 - train iter 187 - 17702.3 words/s - loss: 0.4376
00:14:17 - process[6]: training epoch 8 ...
00:14:26 - process[6] - epoch 8 - train iter 187 - 18835.6 words/s - loss: 0.3541
00:14:26 - process[6]: training epoch 9 ...
00:14:36 - process[6] - epoch 9 - train iter 187 - 17182.9 words/s - loss: 0.4425
00:14:36 - process[6]: training epoch 10 ...
00:14:45 - process[6] - epoch 10 - train iter 187 - 17963.1 words/s - loss: 0.3519
00:14:45 - process[6]: evaluating epoch 10 on dev ...
00:15:30 - dev set during evaluation: 14980/14975
00:15:30 - process[6] - dev - epoch 10 - mAP: 0.480 w/ 35 queries
00:15:30 - process[6]: evaluating epoch 10 on test ...
00:16:13 - test set during evaluation: 15300/15294
00:16:13 - process[6] - test - epoch 10 - mAP: 0.503 w/ 36 queries
00:16:13 - process[6]: training epoch 11 ...
00:16:24 - process[6] - epoch 11 - train iter 187 - 15810.2 words/s - loss: 0.4371
00:16:24 - process[6]: evaluating epoch 11 on dev ...
00:17:04 - dev set during evaluation: 14980/14975
00:17:04 - process[6] - dev - epoch 11 - mAP: 0.504 w/ 35 queries
00:17:04 - process[6]: evaluating epoch 11 on test ...
00:17:47 - test set during evaluation: 15300/15294
00:17:47 - process[6] - test - epoch 11 - mAP: 0.486 w/ 36 queries
00:17:47 - process[6]: training epoch 12 ...
00:17:58 - process[6] - epoch 12 - train iter 187 - 15863.4 words/s - loss: 0.4140
00:17:58 - process[6]: evaluating epoch 12 on dev ...
00:18:38 - dev set during evaluation: 14980/14975
00:18:38 - process[6] - dev - epoch 12 - mAP: 0.485 w/ 35 queries
00:18:38 - process[6]: training epoch 13 ...
00:18:48 - process[6] - epoch 13 - train iter 187 - 16813.1 words/s - loss: 0.3680
00:18:48 - process[6]: evaluating epoch 13 on dev ...
00:19:29 - dev set during evaluation: 14980/14975
00:19:29 - process[6] - dev - epoch 13 - mAP: 0.498 w/ 35 queries
00:19:29 - process[6]: training epoch 14 ...
00:19:39 - process[6] - epoch 14 - train iter 187 - 17654.9 words/s - loss: 0.3666
00:19:39 - process[6]: evaluating epoch 14 on dev ...
00:20:21 - dev set during evaluation: 14980/14975
00:20:21 - process[6] - dev - epoch 14 - mAP: 0.496 w/ 35 queries
00:20:21 - process[6]: training epoch 15 ...
00:20:31 - process[6] - epoch 15 - train iter 187 - 15997.2 words/s - loss: 0.3763
00:20:31 - process[6]: evaluating epoch 15 on dev ...
00:21:12 - dev set during evaluation: 14980/14975
00:21:12 - process[6] - dev - epoch 15 - mAP: 0.505 w/ 35 queries
00:21:12 - process[6]: evaluating epoch 15 on test ...
00:21:54 - test set during evaluation: 15300/15294
00:21:54 - process[6] - test - epoch 15 - mAP: 0.486 w/ 36 queries
00:21:54 - process[6]: training epoch 16 ...
00:22:04 - process[6] - epoch 16 - train iter 187 - 16954.9 words/s - loss: 0.3065
00:22:04 - process[6]: evaluating epoch 16 on dev ...
00:22:45 - dev set during evaluation: 14980/14975
00:22:45 - process[6] - dev - epoch 16 - mAP: 0.497 w/ 35 queries
00:22:45 - process[6]: training epoch 17 ...
00:22:56 - process[6] - epoch 17 - train iter 187 - 16140.3 words/s - loss: 0.3228
00:22:56 - process[6]: evaluating epoch 17 on dev ...
00:23:36 - dev set during evaluation: 14980/14975
00:23:36 - process[6] - dev - epoch 17 - mAP: 0.489 w/ 35 queries
00:23:36 - process[6]: training epoch 18 ...
00:23:45 - process[6] - epoch 18 - train iter 187 - 17974.3 words/s - loss: 0.3014
00:23:45 - process[6]: evaluating epoch 18 on dev ...
00:24:27 - dev set during evaluation: 14980/14975
00:24:27 - process[6] - dev - epoch 18 - mAP: 0.503 w/ 35 queries
00:24:27 - process[6]: training epoch 19 ...
00:24:37 - process[6] - epoch 19 - train iter 187 - 18009.1 words/s - loss: 0.3898
00:24:37 - process[6]: evaluating epoch 19 on dev ...
00:25:19 - dev set during evaluation: 14980/14975
00:25:19 - process[6] - dev - epoch 19 - mAP: 0.490 w/ 35 queries
00:25:19 - [fold 2] best test MAP: 0.486 @ epoch 15
00:25:19 - Evaluating every 1 epochs ...
00:25:19 - reading data from /mnt/home/puxuan/CLIR-project/Evaluation_data/process-clef/uncased
00:25:20 - test has 35 queries ...
00:25:20 - Data reading done ...
00:25:21 - adding 9-th encoder to optimizer...
00:25:21 - adding 10-th encoder to optimizer...
00:25:21 - adding 11-th encoder to optimizer...
00:25:22 - process[6]: training epoch 0 ...
00:25:33 - process[6] - epoch 0 - train iter 196 - 16091.7 words/s - loss: 0.5859
00:25:33 - process[6]: training epoch 1 ...
00:25:44 - process[6] - epoch 1 - train iter 196 - 15804.0 words/s - loss: 0.5340
00:25:44 - process[6]: training epoch 2 ...
00:25:55 - process[6] - epoch 2 - train iter 196 - 16879.6 words/s - loss: 0.5151
00:25:55 - process[6]: training epoch 3 ...
00:26:05 - process[6] - epoch 3 - train iter 196 - 16914.0 words/s - loss: 0.4434
00:26:05 - process[6]: training epoch 4 ...
00:26:15 - process[6] - epoch 4 - train iter 196 - 17360.3 words/s - loss: 0.4429
00:26:15 - process[6]: training epoch 5 ...
00:26:25 - process[6] - epoch 5 - train iter 196 - 17910.7 words/s - loss: 0.4263
00:26:25 - process[6]: training epoch 6 ...
00:26:35 - process[6] - epoch 6 - train iter 196 - 18116.7 words/s - loss: 0.4471
00:26:35 - process[6]: training epoch 7 ...
00:26:46 - process[6] - epoch 7 - train iter 196 - 16971.3 words/s - loss: 0.4042
00:26:46 - process[6]: training epoch 8 ...
00:26:55 - process[6] - epoch 8 - train iter 196 - 17652.2 words/s - loss: 0.4507
00:26:55 - process[6]: training epoch 9 ...
00:27:06 - process[6] - epoch 9 - train iter 196 - 16819.7 words/s - loss: 0.3615
00:27:06 - process[6]: training epoch 10 ...
00:27:17 - process[6] - epoch 10 - train iter 196 - 16692.4 words/s - loss: 0.4110
00:27:17 - process[6]: evaluating epoch 10 on dev ...
00:28:02 - dev set during evaluation: 15300/15294
00:28:02 - process[6] - dev - epoch 10 - mAP: 0.490 w/ 36 queries
00:28:02 - process[6]: evaluating epoch 10 on test ...
00:28:44 - test set during evaluation: 15480/15477
00:28:44 - process[6] - test - epoch 10 - mAP: 0.473 w/ 35 queries
00:28:44 - process[6]: training epoch 11 ...
00:28:54 - process[6] - epoch 11 - train iter 196 - 16919.0 words/s - loss: 0.3607
00:28:54 - process[6]: evaluating epoch 11 on dev ...
00:29:37 - dev set during evaluation: 15300/15294
00:29:37 - process[6] - dev - epoch 11 - mAP: 0.490 w/ 36 queries
00:29:37 - process[6]: evaluating epoch 11 on test ...
00:30:19 - test set during evaluation: 15480/15477
00:30:19 - process[6] - test - epoch 11 - mAP: 0.491 w/ 35 queries
00:30:19 - process[6]: training epoch 12 ...
00:30:31 - process[6] - epoch 12 - train iter 196 - 15455.2 words/s - loss: 0.3827
00:30:31 - process[6]: evaluating epoch 12 on dev ...
00:31:12 - dev set during evaluation: 15300/15294
00:31:12 - process[6] - dev - epoch 12 - mAP: 0.477 w/ 36 queries
00:31:12 - process[6]: training epoch 13 ...
00:31:22 - process[6] - epoch 13 - train iter 196 - 17842.2 words/s - loss: 0.3361
00:31:22 - process[6]: evaluating epoch 13 on dev ...
00:32:05 - dev set during evaluation: 15300/15294
00:32:05 - process[6] - dev - epoch 13 - mAP: 0.488 w/ 36 queries
00:32:05 - process[6]: training epoch 14 ...
00:32:15 - process[6] - epoch 14 - train iter 196 - 17711.1 words/s - loss: 0.3193
00:32:15 - process[6]: evaluating epoch 14 on dev ...
00:32:58 - dev set during evaluation: 15300/15294
00:32:58 - process[6] - dev - epoch 14 - mAP: 0.494 w/ 36 queries
00:32:58 - process[6]: evaluating epoch 14 on test ...
00:33:40 - test set during evaluation: 15480/15477
00:33:40 - process[6] - test - epoch 14 - mAP: 0.483 w/ 35 queries
00:33:40 - process[6]: training epoch 15 ...
00:33:50 - process[6] - epoch 15 - train iter 196 - 16902.2 words/s - loss: 0.3695
00:33:50 - process[6]: evaluating epoch 15 on dev ...
00:34:32 - dev set during evaluation: 15300/15294
00:34:32 - process[6] - dev - epoch 15 - mAP: 0.488 w/ 36 queries
00:34:32 - process[6]: training epoch 16 ...
00:34:43 - process[6] - epoch 16 - train iter 196 - 17093.0 words/s - loss: 0.3746
00:34:43 - process[6]: evaluating epoch 16 on dev ...
00:35:25 - dev set during evaluation: 15300/15294
00:35:25 - process[6] - dev - epoch 16 - mAP: 0.479 w/ 36 queries
00:35:25 - process[6]: training epoch 17 ...
00:35:35 - process[6] - epoch 17 - train iter 196 - 17564.7 words/s - loss: 0.3132
00:35:35 - process[6]: evaluating epoch 17 on dev ...
00:36:17 - dev set during evaluation: 15300/15294
00:36:17 - process[6] - dev - epoch 17 - mAP: 0.474 w/ 36 queries
00:36:17 - process[6]: training epoch 18 ...
00:36:28 - process[6] - epoch 18 - train iter 196 - 17353.0 words/s - loss: 0.3270
00:36:28 - process[6]: evaluating epoch 18 on dev ...
00:37:11 - dev set during evaluation: 15300/15294
00:37:11 - process[6] - dev - epoch 18 - mAP: 0.481 w/ 36 queries
00:37:11 - process[6]: training epoch 19 ...
00:37:21 - process[6] - epoch 19 - train iter 196 - 17334.8 words/s - loss: 0.3195
00:37:21 - process[6]: evaluating epoch 19 on dev ...
00:38:04 - dev set during evaluation: 15300/15294
00:38:04 - process[6] - dev - epoch 19 - mAP: 0.496 w/ 36 queries
00:38:04 - process[6]: evaluating epoch 19 on test ...
00:38:46 - test set during evaluation: 15480/15477
00:38:46 - process[6] - test - epoch 19 - mAP: 0.469 w/ 35 queries
00:38:46 - [fold 3] best test MAP: 0.469 @ epoch 19
00:38:46 - Evaluating every 1 epochs ...
00:38:46 - reading data from /mnt/home/puxuan/CLIR-project/Evaluation_data/process-clef/uncased
00:38:46 - test has 35 queries ...
00:38:46 - Data reading done ...
00:38:48 - adding 9-th encoder to optimizer...
00:38:48 - adding 10-th encoder to optimizer...
00:38:48 - adding 11-th encoder to optimizer...
00:38:48 - process[6]: training epoch 0 ...
00:39:00 - process[6] - epoch 0 - train iter 207 - 16408.8 words/s - loss: 0.6053
00:39:00 - process[6]: training epoch 1 ...
00:39:11 - process[6] - epoch 1 - train iter 207 - 17627.3 words/s - loss: 0.5297
00:39:11 - process[6]: training epoch 2 ...
00:39:22 - process[6] - epoch 2 - train iter 207 - 16582.5 words/s - loss: 0.4820
00:39:22 - process[6]: training epoch 3 ...
00:39:33 - process[6] - epoch 3 - train iter 207 - 17241.7 words/s - loss: 0.4345
00:39:33 - process[6]: training epoch 4 ...
00:39:43 - process[6] - epoch 4 - train iter 207 - 18151.0 words/s - loss: 0.4569
00:39:43 - process[6]: training epoch 5 ...
00:39:55 - process[6] - epoch 5 - train iter 207 - 15589.4 words/s - loss: 0.4557
00:39:55 - process[6]: training epoch 6 ...
00:40:07 - process[6] - epoch 6 - train iter 207 - 15492.3 words/s - loss: 0.3475
00:40:07 - process[6]: training epoch 7 ...
00:40:17 - process[6] - epoch 7 - train iter 207 - 17913.8 words/s - loss: 0.3817
00:40:17 - process[6]: training epoch 8 ...
00:40:30 - process[6] - epoch 8 - train iter 207 - 14649.5 words/s - loss: 0.3541
00:40:30 - process[6]: training epoch 9 ...
00:40:41 - process[6] - epoch 9 - train iter 207 - 16308.6 words/s - loss: 0.3885
00:40:41 - process[6]: training epoch 10 ...
00:40:54 - process[6] - epoch 10 - train iter 207 - 15129.0 words/s - loss: 0.4158
00:40:54 - process[6]: evaluating epoch 10 on dev ...
00:41:37 - dev set during evaluation: 15480/15477
00:41:37 - process[6] - dev - epoch 10 - mAP: 0.489 w/ 35 queries
00:41:37 - process[6]: evaluating epoch 10 on test ...
00:42:19 - test set during evaluation: 14470/14463
00:42:19 - process[6] - test - epoch 10 - mAP: 0.461 w/ 35 queries
00:42:19 - process[6]: training epoch 11 ...
00:42:30 - process[6] - epoch 11 - train iter 207 - 17355.9 words/s - loss: 0.3586
00:42:30 - process[6]: evaluating epoch 11 on dev ...
00:43:12 - dev set during evaluation: 15480/15477
00:43:12 - process[6] - dev - epoch 11 - mAP: 0.469 w/ 35 queries
00:43:12 - process[6]: training epoch 12 ...
00:43:22 - process[6] - epoch 12 - train iter 207 - 17128.3 words/s - loss: 0.3684
00:43:22 - process[6]: evaluating epoch 12 on dev ...
00:44:05 - dev set during evaluation: 15480/15477
00:44:05 - process[6] - dev - epoch 12 - mAP: 0.467 w/ 35 queries
00:44:05 - process[6]: training epoch 13 ...
00:44:16 - process[6] - epoch 13 - train iter 207 - 16565.5 words/s - loss: 0.3464
00:44:16 - process[6]: evaluating epoch 13 on dev ...
00:44:59 - dev set during evaluation: 15480/15477
00:44:59 - process[6] - dev - epoch 13 - mAP: 0.462 w/ 35 queries
00:44:59 - process[6]: training epoch 14 ...
00:45:10 - process[6] - epoch 14 - train iter 207 - 16021.2 words/s - loss: 0.3947
00:45:10 - process[6]: evaluating epoch 14 on dev ...
00:45:52 - dev set during evaluation: 15480/15477
00:45:52 - process[6] - dev - epoch 14 - mAP: 0.468 w/ 35 queries
00:45:52 - process[6]: training epoch 15 ...
00:46:03 - process[6] - epoch 15 - train iter 207 - 17037.1 words/s - loss: 0.3421
00:46:03 - process[6]: evaluating epoch 15 on dev ...
00:46:45 - dev set during evaluation: 15480/15477
00:46:45 - process[6] - dev - epoch 15 - mAP: 0.462 w/ 35 queries
00:46:45 - process[6]: training epoch 16 ...
00:46:56 - process[6] - epoch 16 - train iter 207 - 16581.5 words/s - loss: 0.3615
00:46:56 - process[6]: evaluating epoch 16 on dev ...
00:47:38 - dev set during evaluation: 15480/15477
00:47:38 - process[6] - dev - epoch 16 - mAP: 0.463 w/ 35 queries
00:47:38 - process[6]: training epoch 17 ...
00:47:49 - process[6] - epoch 17 - train iter 207 - 17265.6 words/s - loss: 0.3067
00:47:49 - process[6]: evaluating epoch 17 on dev ...
00:48:33 - dev set during evaluation: 15480/15477
00:48:33 - process[6] - dev - epoch 17 - mAP: 0.446 w/ 35 queries
00:48:33 - process[6]: training epoch 18 ...
00:48:45 - process[6] - epoch 18 - train iter 207 - 15948.6 words/s - loss: 0.3616
00:48:45 - process[6]: evaluating epoch 18 on dev ...
00:49:26 - dev set during evaluation: 15480/15477
00:49:26 - process[6] - dev - epoch 18 - mAP: 0.468 w/ 35 queries
00:49:26 - process[6]: training epoch 19 ...
00:49:38 - process[6] - epoch 19 - train iter 207 - 16234.1 words/s - loss: 0.3289
00:49:38 - process[6]: evaluating epoch 19 on dev ...
00:50:20 - dev set during evaluation: 15480/15477
00:50:20 - process[6] - dev - epoch 19 - mAP: 0.459 w/ 35 queries
00:50:20 - [fold 4] best test MAP: 0.461 @ epoch 10
00:50:20 - Evaluating every 1 epochs ...
00:50:20 - reading data from /mnt/home/puxuan/CLIR-project/Evaluation_data/process-clef/uncased
00:50:21 - test has 35 queries ...
00:50:21 - Data reading done ...
00:50:22 - adding 9-th encoder to optimizer...
00:50:22 - adding 10-th encoder to optimizer...
00:50:22 - adding 11-th encoder to optimizer...
00:50:23 - process[6]: training epoch 0 ...
00:50:34 - process[6] - epoch 0 - train iter 195 - 15983.2 words/s - loss: 0.6032
00:50:34 - process[6]: training epoch 1 ...
00:50:44 - process[6] - epoch 1 - train iter 195 - 16883.0 words/s - loss: 0.4472
00:50:44 - process[6]: training epoch 2 ...
00:50:54 - process[6] - epoch 2 - train iter 195 - 16412.0 words/s - loss: 0.4502
00:50:54 - process[6]: training epoch 3 ...
00:51:05 - process[6] - epoch 3 - train iter 195 - 16850.3 words/s - loss: 0.4040
00:51:05 - process[6]: training epoch 4 ...
00:51:15 - process[6] - epoch 4 - train iter 195 - 17213.8 words/s - loss: 0.3945
00:51:15 - process[6]: training epoch 5 ...
00:51:26 - process[6] - epoch 5 - train iter 195 - 15622.6 words/s - loss: 0.3575
00:51:26 - process[6]: training epoch 6 ...
00:51:37 - process[6] - epoch 6 - train iter 195 - 16467.2 words/s - loss: 0.4381
00:51:37 - process[6]: training epoch 7 ...
00:51:48 - process[6] - epoch 7 - train iter 195 - 15765.7 words/s - loss: 0.3547
00:51:48 - process[6]: training epoch 8 ...
00:52:00 - process[6] - epoch 8 - train iter 195 - 15709.0 words/s - loss: 0.3784
00:52:00 - process[6]: training epoch 9 ...
00:52:11 - process[6] - epoch 9 - train iter 195 - 15341.1 words/s - loss: 0.3723
00:52:11 - process[6]: training epoch 10 ...
00:52:21 - process[6] - epoch 10 - train iter 195 - 17753.4 words/s - loss: 0.3711
00:52:21 - process[6]: evaluating epoch 10 on dev ...
00:53:07 - dev set during evaluation: 14470/14463
00:53:07 - process[6] - dev - epoch 10 - mAP: 0.472 w/ 35 queries
00:53:07 - process[6]: evaluating epoch 10 on test ...
00:53:53 - test set during evaluation: 14160/14157
00:53:53 - process[6] - test - epoch 10 - mAP: 0.501 w/ 35 queries
00:53:53 - process[6]: training epoch 11 ...
00:54:04 - process[6] - epoch 11 - train iter 195 - 16187.9 words/s - loss: 0.3654
00:54:04 - process[6]: evaluating epoch 11 on dev ...
00:54:47 - dev set during evaluation: 14470/14463
00:54:47 - process[6] - dev - epoch 11 - mAP: 0.465 w/ 35 queries
00:54:47 - process[6]: training epoch 12 ...
00:54:57 - process[6] - epoch 12 - train iter 195 - 17198.6 words/s - loss: 0.3341
00:54:57 - process[6]: evaluating epoch 12 on dev ...
00:55:39 - dev set during evaluation: 14470/14463
00:55:39 - process[6] - dev - epoch 12 - mAP: 0.447 w/ 35 queries
00:55:39 - process[6]: training epoch 13 ...
00:55:50 - process[6] - epoch 13 - train iter 195 - 15874.3 words/s - loss: 0.3596
00:55:50 - process[6]: evaluating epoch 13 on dev ...
00:56:32 - dev set during evaluation: 14470/14463
00:56:32 - process[6] - dev - epoch 13 - mAP: 0.454 w/ 35 queries
00:56:32 - process[6]: training epoch 14 ...
00:56:43 - process[6] - epoch 14 - train iter 195 - 16600.7 words/s - loss: 0.3071
00:56:43 - process[6]: evaluating epoch 14 on dev ...
00:57:26 - dev set during evaluation: 14470/14463
00:57:26 - process[6] - dev - epoch 14 - mAP: 0.477 w/ 35 queries
00:57:26 - process[6]: evaluating epoch 14 on test ...
00:58:11 - test set during evaluation: 14160/14157
00:58:11 - process[6] - test - epoch 14 - mAP: 0.498 w/ 35 queries
00:58:11 - process[6]: training epoch 15 ...
00:58:22 - process[6] - epoch 15 - train iter 195 - 16300.3 words/s - loss: 0.3038
00:58:22 - process[6]: evaluating epoch 15 on dev ...
00:59:04 - dev set during evaluation: 14470/14463
00:59:04 - process[6] - dev - epoch 15 - mAP: 0.474 w/ 35 queries
00:59:04 - process[6]: training epoch 16 ...
00:59:14 - process[6] - epoch 16 - train iter 195 - 17176.4 words/s - loss: 0.3286
00:59:14 - process[6]: evaluating epoch 16 on dev ...
00:59:58 - dev set during evaluation: 14470/14463
00:59:58 - process[6] - dev - epoch 16 - mAP: 0.472 w/ 35 queries
00:59:58 - process[6]: training epoch 17 ...
01:00:08 - process[6] - epoch 17 - train iter 195 - 17973.4 words/s - loss: 0.3040
01:00:08 - process[6]: evaluating epoch 17 on dev ...
01:00:52 - dev set during evaluation: 14470/14463
01:00:52 - process[6] - dev - epoch 17 - mAP: 0.470 w/ 35 queries
01:00:52 - process[6]: training epoch 18 ...
01:01:02 - process[6] - epoch 18 - train iter 195 - 17625.5 words/s - loss: 0.3957
01:01:02 - process[6]: evaluating epoch 18 on dev ...
01:01:45 - dev set during evaluation: 14470/14463
01:01:45 - process[6] - dev - epoch 18 - mAP: 0.466 w/ 35 queries
01:01:45 - process[6]: training epoch 19 ...
01:01:56 - process[6] - epoch 19 - train iter 195 - 15571.3 words/s - loss: 0.3273
01:01:56 - process[6]: evaluating epoch 19 on dev ...
01:02:38 - dev set during evaluation: 14470/14463
01:02:38 - process[6] - dev - epoch 19 - mAP: 0.479 w/ 35 queries
01:02:38 - process[6]: evaluating epoch 19 on test ...
01:03:23 - test set during evaluation: 14160/14157
01:03:23 - process[6] - test - epoch 19 - mAP: 0.509 w/ 35 queries
01:03:23 - [fold 5] best test MAP: 0.509 @ epoch 19
01:03:23 - [0.4880072120714855, 0.4863373443273389, 0.4689587828516061, 0.461171475994506, 0.5094943125128026]
01:03:23 - [35, 36, 35, 35, 35]
01:03:23 - final MAP: 0.483
