00:00:04 - Namespace(apex_level='O2', batch_size=8, cased=False, dataset='clef', debug=False, encoder_lr=2e-05, eval_step=1, full_doc_length=True, local_rank=7, model_path='/mnt/scratch/puxuan/short_qlm/2186735/huggingface-9', model_type='mbert', num_epochs=20, num_ft_encoders=3, num_neg=1, projector_lr=2e-05, seed=611, source_lang='de', target_lang='fr')
00:00:13 - Evaluating every 1 epochs ...
00:00:13 - reading data from /mnt/home/puxuan/CLIR-project/Evaluation_data/process-clef/uncased
00:00:13 - test has 37 queries ...
00:00:13 - Data reading done ...
00:00:20 - adding 9-th encoder to optimizer...
00:00:20 - adding 10-th encoder to optimizer...
00:00:20 - adding 11-th encoder to optimizer...
00:00:20 - process[7]: training epoch 0 ...
00:00:31 - process[7] - epoch 0 - train iter 241 - 19448.6 words/s - loss: 0.6858
00:00:31 - process[7]: training epoch 1 ...
00:00:39 - process[7] - epoch 1 - train iter 241 - 22436.8 words/s - loss: 0.6108
00:00:39 - process[7]: training epoch 2 ...
00:00:48 - process[7] - epoch 2 - train iter 241 - 22707.7 words/s - loss: 0.5823
00:00:48 - process[7]: training epoch 3 ...
00:00:56 - process[7] - epoch 3 - train iter 241 - 23585.9 words/s - loss: 0.5384
00:00:56 - process[7]: training epoch 4 ...
00:01:05 - process[7] - epoch 4 - train iter 241 - 21460.5 words/s - loss: 0.5076
00:01:05 - process[7]: training epoch 5 ...
00:01:15 - process[7] - epoch 5 - train iter 241 - 21311.9 words/s - loss: 0.5397
00:01:15 - process[7]: training epoch 6 ...
00:01:23 - process[7] - epoch 6 - train iter 241 - 21912.9 words/s - loss: 0.5034
00:01:23 - process[7]: training epoch 7 ...
00:01:33 - process[7] - epoch 7 - train iter 241 - 20847.2 words/s - loss: 0.4645
00:01:33 - process[7]: training epoch 8 ...
00:01:42 - process[7] - epoch 8 - train iter 241 - 21587.9 words/s - loss: 0.4925
00:01:42 - process[7]: training epoch 9 ...
00:01:50 - process[7] - epoch 9 - train iter 241 - 22571.6 words/s - loss: 0.4818
00:01:50 - process[7]: training epoch 10 ...
00:01:59 - process[7] - epoch 10 - train iter 241 - 21892.0 words/s - loss: 0.4474
00:01:59 - process[7]: evaluating epoch 10 on dev ...
00:02:21 - process[7] - dev - epoch 10 - mAP: 0.381 w/ 37 queries
00:02:21 - process[7]: evaluating epoch 10 on test ...
00:02:40 - test set during evaluation: 11380/11372
00:02:40 - process[7] - test - epoch 10 - mAP: 0.513 w/ 37 queries
00:02:40 - process[7]: training epoch 11 ...
00:02:49 - process[7] - epoch 11 - train iter 241 - 21635.6 words/s - loss: 0.4603
00:02:49 - process[7]: evaluating epoch 11 on dev ...
00:03:08 - process[7] - dev - epoch 11 - mAP: 0.373 w/ 37 queries
00:03:08 - process[7]: training epoch 12 ...
00:03:17 - process[7] - epoch 12 - train iter 241 - 22602.3 words/s - loss: 0.4503
00:03:17 - process[7]: evaluating epoch 12 on dev ...
00:03:35 - process[7] - dev - epoch 12 - mAP: 0.374 w/ 37 queries
00:03:35 - process[7]: training epoch 13 ...
00:03:45 - process[7] - epoch 13 - train iter 241 - 20776.7 words/s - loss: 0.4086
00:03:45 - process[7]: evaluating epoch 13 on dev ...
00:04:03 - process[7] - dev - epoch 13 - mAP: 0.385 w/ 37 queries
00:04:03 - process[7]: evaluating epoch 13 on test ...
00:04:22 - test set during evaluation: 11380/11372
00:04:22 - process[7] - test - epoch 13 - mAP: 0.530 w/ 37 queries
00:04:22 - process[7]: training epoch 14 ...
00:04:31 - process[7] - epoch 14 - train iter 241 - 21686.8 words/s - loss: 0.4546
00:04:31 - process[7]: evaluating epoch 14 on dev ...
00:04:50 - process[7] - dev - epoch 14 - mAP: 0.373 w/ 37 queries
00:04:50 - process[7]: training epoch 15 ...
00:04:59 - process[7] - epoch 15 - train iter 241 - 20965.3 words/s - loss: 0.4290
00:04:59 - process[7]: evaluating epoch 15 on dev ...
00:05:17 - process[7] - dev - epoch 15 - mAP: 0.379 w/ 37 queries
00:05:17 - process[7]: training epoch 16 ...
00:05:27 - process[7] - epoch 16 - train iter 241 - 21383.6 words/s - loss: 0.3972
00:05:27 - process[7]: evaluating epoch 16 on dev ...
00:05:45 - process[7] - dev - epoch 16 - mAP: 0.371 w/ 37 queries
00:05:45 - process[7]: training epoch 17 ...
00:05:55 - process[7] - epoch 17 - train iter 241 - 21121.8 words/s - loss: 0.4822
00:05:55 - process[7]: evaluating epoch 17 on dev ...
00:06:13 - process[7] - dev - epoch 17 - mAP: 0.371 w/ 37 queries
00:06:13 - process[7]: training epoch 18 ...
00:06:22 - process[7] - epoch 18 - train iter 241 - 21268.0 words/s - loss: 0.3946
00:06:22 - process[7]: evaluating epoch 18 on dev ...
00:06:41 - process[7] - dev - epoch 18 - mAP: 0.376 w/ 37 queries
00:06:41 - process[7]: training epoch 19 ...
00:06:50 - process[7] - epoch 19 - train iter 241 - 20742.2 words/s - loss: 0.4417
00:06:50 - process[7]: evaluating epoch 19 on dev ...
00:07:08 - process[7] - dev - epoch 19 - mAP: 0.381 w/ 37 queries
00:07:08 - [fold 1] best test MAP: 0.530 @ epoch 13
00:07:08 - Evaluating every 1 epochs ...
00:07:08 - reading data from /mnt/home/puxuan/CLIR-project/Evaluation_data/process-clef/uncased
00:07:09 - test has 37 queries ...
00:07:09 - Data reading done ...
00:07:10 - adding 9-th encoder to optimizer...
00:07:10 - adding 10-th encoder to optimizer...
00:07:10 - adding 11-th encoder to optimizer...
00:07:11 - process[7]: training epoch 0 ...
00:07:21 - process[7] - epoch 0 - train iter 276 - 21185.6 words/s - loss: 0.6620
00:07:21 - process[7]: training epoch 1 ...
00:07:33 - process[7] - epoch 1 - train iter 276 - 19991.4 words/s - loss: 0.5736
00:07:33 - process[7]: training epoch 2 ...
00:07:43 - process[7] - epoch 2 - train iter 276 - 20573.8 words/s - loss: 0.5700
00:07:43 - process[7]: training epoch 3 ...
00:07:53 - process[7] - epoch 3 - train iter 276 - 22551.0 words/s - loss: 0.5431
00:07:53 - process[7]: training epoch 4 ...
00:08:03 - process[7] - epoch 4 - train iter 276 - 22026.7 words/s - loss: 0.5161
00:08:03 - process[7]: training epoch 5 ...
00:08:14 - process[7] - epoch 5 - train iter 276 - 21104.4 words/s - loss: 0.5069
00:08:14 - process[7]: training epoch 6 ...
00:08:25 - process[7] - epoch 6 - train iter 276 - 20305.1 words/s - loss: 0.4702
00:08:25 - process[7]: training epoch 7 ...
00:08:35 - process[7] - epoch 7 - train iter 276 - 21469.9 words/s - loss: 0.4853
00:08:35 - process[7]: training epoch 8 ...
00:08:46 - process[7] - epoch 8 - train iter 276 - 21680.8 words/s - loss: 0.4901
00:08:46 - process[7]: training epoch 9 ...
00:08:56 - process[7] - epoch 9 - train iter 276 - 21030.3 words/s - loss: 0.4697
00:08:56 - process[7]: training epoch 10 ...
00:09:07 - process[7] - epoch 10 - train iter 276 - 21427.9 words/s - loss: 0.4582
00:09:07 - process[7]: evaluating epoch 10 on dev ...
00:09:31 - dev set during evaluation: 11380/11372
00:09:31 - process[7] - dev - epoch 10 - mAP: 0.477 w/ 37 queries
00:09:31 - process[7]: evaluating epoch 10 on test ...
00:09:48 - process[7] - test - epoch 10 - mAP: 0.405 w/ 37 queries
00:09:48 - process[7]: training epoch 11 ...
00:09:59 - process[7] - epoch 11 - train iter 276 - 20372.3 words/s - loss: 0.4087
00:09:59 - process[7]: evaluating epoch 11 on dev ...
00:10:18 - dev set during evaluation: 11380/11372
00:10:18 - process[7] - dev - epoch 11 - mAP: 0.469 w/ 37 queries
00:10:18 - process[7]: training epoch 12 ...
00:10:29 - process[7] - epoch 12 - train iter 276 - 20202.2 words/s - loss: 0.4561
00:10:29 - process[7]: evaluating epoch 12 on dev ...
00:10:47 - dev set during evaluation: 11380/11372
00:10:47 - process[7] - dev - epoch 12 - mAP: 0.422 w/ 37 queries
00:10:47 - process[7]: training epoch 13 ...
00:10:58 - process[7] - epoch 13 - train iter 276 - 21440.5 words/s - loss: 0.4614
00:10:58 - process[7]: evaluating epoch 13 on dev ...
00:11:17 - dev set during evaluation: 11380/11372
00:11:17 - process[7] - dev - epoch 13 - mAP: 0.474 w/ 37 queries
00:11:17 - process[7]: training epoch 14 ...
00:11:28 - process[7] - epoch 14 - train iter 276 - 20349.5 words/s - loss: 0.4493
00:11:28 - process[7]: evaluating epoch 14 on dev ...
00:11:46 - dev set during evaluation: 11380/11372
00:11:46 - process[7] - dev - epoch 14 - mAP: 0.457 w/ 37 queries
00:11:46 - process[7]: training epoch 15 ...
00:11:57 - process[7] - epoch 15 - train iter 276 - 20803.3 words/s - loss: 0.4373
00:11:57 - process[7]: evaluating epoch 15 on dev ...
00:12:15 - dev set during evaluation: 11380/11372
00:12:15 - process[7] - dev - epoch 15 - mAP: 0.472 w/ 37 queries
00:12:15 - process[7]: training epoch 16 ...
00:12:25 - process[7] - epoch 16 - train iter 276 - 21644.6 words/s - loss: 0.3747
00:12:25 - process[7]: evaluating epoch 16 on dev ...
00:12:44 - dev set during evaluation: 11380/11372
00:12:44 - process[7] - dev - epoch 16 - mAP: 0.491 w/ 37 queries
00:12:44 - process[7]: evaluating epoch 16 on test ...
00:13:01 - process[7] - test - epoch 16 - mAP: 0.416 w/ 37 queries
00:13:01 - process[7]: training epoch 17 ...
00:13:12 - process[7] - epoch 17 - train iter 276 - 21054.5 words/s - loss: 0.4178
00:13:12 - process[7]: evaluating epoch 17 on dev ...
00:13:31 - dev set during evaluation: 11380/11372
00:13:31 - process[7] - dev - epoch 17 - mAP: 0.502 w/ 37 queries
00:13:31 - process[7]: evaluating epoch 17 on test ...
00:13:48 - process[7] - test - epoch 17 - mAP: 0.429 w/ 37 queries
00:13:48 - process[7]: training epoch 18 ...
00:14:00 - process[7] - epoch 18 - train iter 276 - 19160.7 words/s - loss: 0.4153
00:14:00 - process[7]: evaluating epoch 18 on dev ...
00:14:18 - dev set during evaluation: 11380/11372
00:14:18 - process[7] - dev - epoch 18 - mAP: 0.504 w/ 37 queries
00:14:18 - process[7]: evaluating epoch 18 on test ...
00:14:35 - process[7] - test - epoch 18 - mAP: 0.438 w/ 37 queries
00:14:35 - process[7]: training epoch 19 ...
00:14:45 - process[7] - epoch 19 - train iter 276 - 21257.0 words/s - loss: 0.4233
00:14:45 - process[7]: evaluating epoch 19 on dev ...
00:15:05 - dev set during evaluation: 11380/11372
00:15:05 - process[7] - dev - epoch 19 - mAP: 0.468 w/ 37 queries
00:15:05 - [fold 2] best test MAP: 0.438 @ epoch 18
00:15:05 - Evaluating every 1 epochs ...
00:15:05 - reading data from /mnt/home/puxuan/CLIR-project/Evaluation_data/process-clef/uncased
00:15:05 - test has 37 queries ...
00:15:05 - Data reading done ...
00:15:07 - adding 9-th encoder to optimizer...
00:15:07 - adding 10-th encoder to optimizer...
00:15:07 - adding 11-th encoder to optimizer...
00:15:07 - process[7]: training epoch 0 ...
00:15:16 - process[7] - epoch 0 - train iter 240 - 20918.8 words/s - loss: 0.6802
00:15:16 - process[7]: training epoch 1 ...
00:15:26 - process[7] - epoch 1 - train iter 240 - 20966.4 words/s - loss: 0.6127
00:15:26 - process[7]: training epoch 2 ...
00:15:35 - process[7] - epoch 2 - train iter 240 - 21663.5 words/s - loss: 0.6168
00:15:35 - process[7]: training epoch 3 ...
00:15:44 - process[7] - epoch 3 - train iter 240 - 21704.1 words/s - loss: 0.5316
00:15:44 - process[7]: training epoch 4 ...
00:15:53 - process[7] - epoch 4 - train iter 240 - 21237.7 words/s - loss: 0.5028
00:15:53 - process[7]: training epoch 5 ...
00:16:02 - process[7] - epoch 5 - train iter 240 - 21852.9 words/s - loss: 0.5273
00:16:02 - process[7]: training epoch 6 ...
00:16:12 - process[7] - epoch 6 - train iter 240 - 20488.6 words/s - loss: 0.4754
00:16:12 - process[7]: training epoch 7 ...
00:16:21 - process[7] - epoch 7 - train iter 240 - 21600.6 words/s - loss: 0.4887
00:16:21 - process[7]: training epoch 8 ...
00:16:30 - process[7] - epoch 8 - train iter 240 - 20533.0 words/s - loss: 0.5016
00:16:30 - process[7]: training epoch 9 ...
00:16:38 - process[7] - epoch 9 - train iter 240 - 23554.2 words/s - loss: 0.4729
00:16:38 - process[7]: training epoch 10 ...
00:16:48 - process[7] - epoch 10 - train iter 240 - 20181.1 words/s - loss: 0.4174
00:16:48 - process[7]: evaluating epoch 10 on dev ...
00:17:05 - process[7] - dev - epoch 10 - mAP: 0.383 w/ 37 queries
00:17:05 - process[7]: evaluating epoch 10 on test ...
00:17:24 - test set during evaluation: 11210/11201
00:17:24 - process[7] - test - epoch 10 - mAP: 0.432 w/ 37 queries
00:17:24 - process[7]: training epoch 11 ...
00:17:34 - process[7] - epoch 11 - train iter 240 - 21888.0 words/s - loss: 0.4616
00:17:34 - process[7]: evaluating epoch 11 on dev ...
00:17:51 - process[7] - dev - epoch 11 - mAP: 0.401 w/ 37 queries
00:17:51 - process[7]: evaluating epoch 11 on test ...
00:18:11 - test set during evaluation: 11210/11201
00:18:11 - process[7] - test - epoch 11 - mAP: 0.415 w/ 37 queries
00:18:11 - process[7]: training epoch 12 ...
00:18:19 - process[7] - epoch 12 - train iter 240 - 21729.6 words/s - loss: 0.4832
00:18:19 - process[7]: evaluating epoch 12 on dev ...
00:18:37 - process[7] - dev - epoch 12 - mAP: 0.425 w/ 37 queries
00:18:37 - process[7]: evaluating epoch 12 on test ...
00:18:56 - test set during evaluation: 11210/11201
00:18:56 - process[7] - test - epoch 12 - mAP: 0.439 w/ 37 queries
00:18:56 - process[7]: training epoch 13 ...
00:19:05 - process[7] - epoch 13 - train iter 240 - 21525.8 words/s - loss: 0.4695
00:19:05 - process[7]: evaluating epoch 13 on dev ...
00:19:23 - process[7] - dev - epoch 13 - mAP: 0.412 w/ 37 queries
00:19:23 - process[7]: training epoch 14 ...
00:19:32 - process[7] - epoch 14 - train iter 240 - 20935.9 words/s - loss: 0.3899
00:19:32 - process[7]: evaluating epoch 14 on dev ...
00:19:49 - process[7] - dev - epoch 14 - mAP: 0.425 w/ 37 queries
00:19:49 - process[7]: training epoch 15 ...
00:19:59 - process[7] - epoch 15 - train iter 240 - 20803.5 words/s - loss: 0.4095
00:19:59 - process[7]: evaluating epoch 15 on dev ...
00:20:16 - process[7] - dev - epoch 15 - mAP: 0.417 w/ 37 queries
00:20:16 - process[7]: training epoch 16 ...
00:20:25 - process[7] - epoch 16 - train iter 240 - 22853.1 words/s - loss: 0.4044
00:20:25 - process[7]: evaluating epoch 16 on dev ...
00:20:43 - process[7] - dev - epoch 16 - mAP: 0.427 w/ 37 queries
00:20:43 - process[7]: evaluating epoch 16 on test ...
00:21:03 - test set during evaluation: 11210/11201
00:21:03 - process[7] - test - epoch 16 - mAP: 0.420 w/ 37 queries
00:21:03 - process[7]: training epoch 17 ...
00:21:12 - process[7] - epoch 17 - train iter 240 - 21898.0 words/s - loss: 0.4670
00:21:12 - process[7]: evaluating epoch 17 on dev ...
00:21:29 - process[7] - dev - epoch 17 - mAP: 0.422 w/ 37 queries
00:21:29 - process[7]: training epoch 18 ...
00:21:38 - process[7] - epoch 18 - train iter 240 - 21644.1 words/s - loss: 0.3786
00:21:38 - process[7]: evaluating epoch 18 on dev ...
00:21:55 - process[7] - dev - epoch 18 - mAP: 0.418 w/ 37 queries
00:21:55 - process[7]: training epoch 19 ...
00:22:05 - process[7] - epoch 19 - train iter 240 - 21065.2 words/s - loss: 0.4757
00:22:05 - process[7]: evaluating epoch 19 on dev ...
00:22:22 - process[7] - dev - epoch 19 - mAP: 0.435 w/ 37 queries
00:22:22 - process[7]: evaluating epoch 19 on test ...
00:22:41 - test set during evaluation: 11210/11201
00:22:41 - process[7] - test - epoch 19 - mAP: 0.448 w/ 37 queries
00:22:41 - [fold 3] best test MAP: 0.448 @ epoch 19
00:22:41 - Evaluating every 1 epochs ...
00:22:41 - reading data from /mnt/home/puxuan/CLIR-project/Evaluation_data/process-clef/uncased
00:22:42 - test has 37 queries ...
00:22:42 - Data reading done ...
00:22:43 - adding 9-th encoder to optimizer...
00:22:43 - adding 10-th encoder to optimizer...
00:22:43 - adding 11-th encoder to optimizer...
00:22:43 - process[7]: training epoch 0 ...
00:22:52 - process[7] - epoch 0 - train iter 231 - 20754.0 words/s - loss: 0.6893
00:22:52 - process[7]: training epoch 1 ...
00:23:00 - process[7] - epoch 1 - train iter 231 - 22365.6 words/s - loss: 0.6292
00:23:00 - process[7]: training epoch 2 ...
00:23:09 - process[7] - epoch 2 - train iter 231 - 22002.3 words/s - loss: 0.5815
00:23:09 - process[7]: training epoch 3 ...
00:23:18 - process[7] - epoch 3 - train iter 231 - 21786.7 words/s - loss: 0.5372
00:23:18 - process[7]: training epoch 4 ...
00:23:27 - process[7] - epoch 4 - train iter 231 - 20577.4 words/s - loss: 0.5298
00:23:27 - process[7]: training epoch 5 ...
00:23:36 - process[7] - epoch 5 - train iter 231 - 20319.4 words/s - loss: 0.5066
00:23:36 - process[7]: training epoch 6 ...
00:23:44 - process[7] - epoch 6 - train iter 231 - 21935.1 words/s - loss: 0.4984
00:23:44 - process[7]: training epoch 7 ...
00:23:54 - process[7] - epoch 7 - train iter 231 - 19929.1 words/s - loss: 0.4571
00:23:54 - process[7]: training epoch 8 ...
00:24:02 - process[7] - epoch 8 - train iter 231 - 21102.3 words/s - loss: 0.4721
00:24:02 - process[7]: training epoch 9 ...
00:24:11 - process[7] - epoch 9 - train iter 231 - 21093.0 words/s - loss: 0.5006
00:24:11 - process[7]: training epoch 10 ...
00:24:20 - process[7] - epoch 10 - train iter 231 - 21366.2 words/s - loss: 0.4456
00:24:20 - process[7]: evaluating epoch 10 on dev ...
00:24:40 - dev set during evaluation: 11210/11201
00:24:40 - process[7] - dev - epoch 10 - mAP: 0.448 w/ 37 queries
00:24:40 - process[7]: evaluating epoch 10 on test ...
00:24:58 - test set during evaluation: 10640/10633
00:24:58 - process[7] - test - epoch 10 - mAP: 0.330 w/ 37 queries
00:24:58 - process[7]: training epoch 11 ...
00:25:06 - process[7] - epoch 11 - train iter 231 - 21886.5 words/s - loss: 0.4467
00:25:06 - process[7]: evaluating epoch 11 on dev ...
00:25:26 - dev set during evaluation: 11210/11201
00:25:26 - process[7] - dev - epoch 11 - mAP: 0.405 w/ 37 queries
00:25:26 - process[7]: training epoch 12 ...
00:25:35 - process[7] - epoch 12 - train iter 231 - 20295.1 words/s - loss: 0.4332
00:25:35 - process[7]: evaluating epoch 12 on dev ...
00:25:54 - dev set during evaluation: 11210/11201
00:25:54 - process[7] - dev - epoch 12 - mAP: 0.441 w/ 37 queries
00:25:54 - process[7]: training epoch 13 ...
00:26:03 - process[7] - epoch 13 - train iter 231 - 21640.8 words/s - loss: 0.4526
00:26:03 - process[7]: evaluating epoch 13 on dev ...
00:26:23 - dev set during evaluation: 11210/11201
00:26:23 - process[7] - dev - epoch 13 - mAP: 0.425 w/ 37 queries
00:26:23 - process[7]: training epoch 14 ...
00:26:32 - process[7] - epoch 14 - train iter 231 - 21752.9 words/s - loss: 0.4361
00:26:32 - process[7]: evaluating epoch 14 on dev ...
00:26:51 - dev set during evaluation: 11210/11201
00:26:51 - process[7] - dev - epoch 14 - mAP: 0.444 w/ 37 queries
00:26:51 - process[7]: training epoch 15 ...
00:27:00 - process[7] - epoch 15 - train iter 231 - 21165.8 words/s - loss: 0.4228
00:27:00 - process[7]: evaluating epoch 15 on dev ...
00:27:20 - dev set during evaluation: 11210/11201
00:27:20 - process[7] - dev - epoch 15 - mAP: 0.456 w/ 37 queries
00:27:20 - process[7]: evaluating epoch 15 on test ...
00:27:38 - test set during evaluation: 10640/10633
00:27:38 - process[7] - test - epoch 15 - mAP: 0.383 w/ 37 queries
00:27:38 - process[7]: training epoch 16 ...
00:27:46 - process[7] - epoch 16 - train iter 231 - 21336.7 words/s - loss: 0.4486
00:27:46 - process[7]: evaluating epoch 16 on dev ...
00:28:06 - dev set during evaluation: 11210/11201
00:28:06 - process[7] - dev - epoch 16 - mAP: 0.442 w/ 37 queries
00:28:06 - process[7]: training epoch 17 ...
00:28:15 - process[7] - epoch 17 - train iter 231 - 22000.9 words/s - loss: 0.4671
00:28:15 - process[7]: evaluating epoch 17 on dev ...
00:28:34 - dev set during evaluation: 11210/11201
00:28:34 - process[7] - dev - epoch 17 - mAP: 0.461 w/ 37 queries
00:28:34 - process[7]: evaluating epoch 17 on test ...
00:28:52 - test set during evaluation: 10640/10633
00:28:52 - process[7] - test - epoch 17 - mAP: 0.383 w/ 37 queries
00:28:52 - process[7]: training epoch 18 ...
00:29:00 - process[7] - epoch 18 - train iter 231 - 21715.3 words/s - loss: 0.4137
00:29:00 - process[7]: evaluating epoch 18 on dev ...
00:29:21 - dev set during evaluation: 11210/11201
00:29:21 - process[7] - dev - epoch 18 - mAP: 0.485 w/ 37 queries
00:29:21 - process[7]: evaluating epoch 18 on test ...
00:29:38 - test set during evaluation: 10640/10633
00:29:38 - process[7] - test - epoch 18 - mAP: 0.377 w/ 37 queries
00:29:38 - process[7]: training epoch 19 ...
00:29:47 - process[7] - epoch 19 - train iter 231 - 21033.3 words/s - loss: 0.3788
00:29:47 - process[7]: evaluating epoch 19 on dev ...
00:30:07 - dev set during evaluation: 11210/11201
00:30:07 - process[7] - dev - epoch 19 - mAP: 0.448 w/ 37 queries
00:30:07 - [fold 4] best test MAP: 0.377 @ epoch 18
00:30:07 - Evaluating every 1 epochs ...
00:30:07 - reading data from /mnt/home/puxuan/CLIR-project/Evaluation_data/process-clef/uncased
00:30:07 - test has 37 queries ...
00:30:07 - Data reading done ...
00:30:09 - adding 9-th encoder to optimizer...
00:30:09 - adding 10-th encoder to optimizer...
00:30:09 - adding 11-th encoder to optimizer...
00:30:09 - process[7]: training epoch 0 ...
00:30:18 - process[7] - epoch 0 - train iter 235 - 20493.0 words/s - loss: 0.6803
00:30:18 - process[7]: training epoch 1 ...
00:30:28 - process[7] - epoch 1 - train iter 235 - 20835.3 words/s - loss: 0.6194
00:30:28 - process[7]: training epoch 2 ...
00:30:37 - process[7] - epoch 2 - train iter 235 - 20751.8 words/s - loss: 0.5841
00:30:37 - process[7]: training epoch 3 ...
00:30:46 - process[7] - epoch 3 - train iter 235 - 21612.8 words/s - loss: 0.5340
00:30:46 - process[7]: training epoch 4 ...
00:30:55 - process[7] - epoch 4 - train iter 235 - 21414.3 words/s - loss: 0.5816
00:30:55 - process[7]: training epoch 5 ...
00:31:04 - process[7] - epoch 5 - train iter 235 - 20492.1 words/s - loss: 0.5271
00:31:04 - process[7]: training epoch 6 ...
00:31:13 - process[7] - epoch 6 - train iter 235 - 20790.2 words/s - loss: 0.5171
00:31:13 - process[7]: training epoch 7 ...
00:31:23 - process[7] - epoch 7 - train iter 235 - 20188.3 words/s - loss: 0.4934
00:31:23 - process[7]: training epoch 8 ...
00:31:32 - process[7] - epoch 8 - train iter 235 - 21624.7 words/s - loss: 0.5024
00:31:32 - process[7]: training epoch 9 ...
00:31:41 - process[7] - epoch 9 - train iter 235 - 21378.3 words/s - loss: 0.4608
00:31:41 - process[7]: training epoch 10 ...
00:31:50 - process[7] - epoch 10 - train iter 235 - 20875.7 words/s - loss: 0.4850
00:31:50 - process[7]: evaluating epoch 10 on dev ...
00:32:07 - dev set during evaluation: 10640/10633
00:32:07 - process[7] - dev - epoch 10 - mAP: 0.361 w/ 37 queries
00:32:07 - process[7]: evaluating epoch 10 on test ...
00:32:25 - process[7] - test - epoch 10 - mAP: 0.371 w/ 37 queries
00:32:25 - process[7]: training epoch 11 ...
00:32:34 - process[7] - epoch 11 - train iter 235 - 22559.4 words/s - loss: 0.4420
00:32:34 - process[7]: evaluating epoch 11 on dev ...
00:32:53 - dev set during evaluation: 10640/10633
00:32:53 - process[7] - dev - epoch 11 - mAP: 0.343 w/ 37 queries
00:32:53 - process[7]: training epoch 12 ...
00:33:02 - process[7] - epoch 12 - train iter 235 - 21563.8 words/s - loss: 0.4834
00:33:02 - process[7]: evaluating epoch 12 on dev ...
00:33:19 - dev set during evaluation: 10640/10633
00:33:19 - process[7] - dev - epoch 12 - mAP: 0.358 w/ 37 queries
00:33:19 - process[7]: training epoch 13 ...
00:33:29 - process[7] - epoch 13 - train iter 235 - 20718.1 words/s - loss: 0.4760
00:33:29 - process[7]: evaluating epoch 13 on dev ...
00:33:46 - dev set during evaluation: 10640/10633
00:33:46 - process[7] - dev - epoch 13 - mAP: 0.352 w/ 37 queries
00:33:46 - process[7]: training epoch 14 ...
00:33:55 - process[7] - epoch 14 - train iter 235 - 20872.5 words/s - loss: 0.4245
00:33:55 - process[7]: evaluating epoch 14 on dev ...
00:34:14 - dev set during evaluation: 10640/10633
00:34:14 - process[7] - dev - epoch 14 - mAP: 0.348 w/ 37 queries
00:34:14 - process[7]: training epoch 15 ...
00:34:23 - process[7] - epoch 15 - train iter 235 - 20745.8 words/s - loss: 0.4199
00:34:23 - process[7]: evaluating epoch 15 on dev ...
00:34:41 - dev set during evaluation: 10640/10633
00:34:41 - process[7] - dev - epoch 15 - mAP: 0.379 w/ 37 queries
00:34:41 - process[7]: evaluating epoch 15 on test ...
00:35:00 - process[7] - test - epoch 15 - mAP: 0.400 w/ 37 queries
00:35:00 - process[7]: training epoch 16 ...
00:35:10 - process[7] - epoch 16 - train iter 235 - 20166.1 words/s - loss: 0.4674
00:35:10 - process[7]: evaluating epoch 16 on dev ...
00:35:28 - dev set during evaluation: 10640/10633
00:35:28 - process[7] - dev - epoch 16 - mAP: 0.355 w/ 37 queries
00:35:28 - process[7]: training epoch 17 ...
00:35:37 - process[7] - epoch 17 - train iter 235 - 21641.1 words/s - loss: 0.4117
00:35:37 - process[7]: evaluating epoch 17 on dev ...
00:35:54 - dev set during evaluation: 10640/10633
00:35:54 - process[7] - dev - epoch 17 - mAP: 0.368 w/ 37 queries
00:35:54 - process[7]: training epoch 18 ...
00:36:03 - process[7] - epoch 18 - train iter 235 - 21313.8 words/s - loss: 0.4340
00:36:03 - process[7]: evaluating epoch 18 on dev ...
00:36:21 - dev set during evaluation: 10640/10633
00:36:21 - process[7] - dev - epoch 18 - mAP: 0.333 w/ 37 queries
00:36:21 - process[7]: training epoch 19 ...
00:36:31 - process[7] - epoch 19 - train iter 235 - 20114.3 words/s - loss: 0.4109
00:36:31 - process[7]: evaluating epoch 19 on dev ...
00:36:48 - dev set during evaluation: 10640/10633
00:36:48 - process[7] - dev - epoch 19 - mAP: 0.361 w/ 37 queries
00:36:48 - [fold 5] best test MAP: 0.400 @ epoch 15
00:36:48 - [0.5301917754633384, 0.43817190827147195, 0.44845357779771344, 0.3768540218934585, 0.40047620211294827]
00:36:48 - [37, 37, 37, 37, 37]
00:36:48 - final MAP: 0.439
