00:00:07 - Namespace(apex_level='O2', batch_size=8, cased=False, dataset='clef', debug=False, encoder_lr=2e-05, eval_step=1, full_doc_length=True, local_rank=3, model_path='/mnt/scratch/puxuan/long_qlm-rr/2150176/huggingface-1', model_type='mbert-long', num_epochs=20, num_ft_encoders=3, num_neg=1, projector_lr=2e-05, seed=611, source_lang='en', target_lang='fr')
00:14:30 - BertLongForXLRetrieval(
  (bert): BertModel(
    (embeddings): BertEmbeddings(
      (word_embeddings): Embedding(105879, 768, padding_idx=0)
      (position_embeddings): Embedding(1024, 768)
      (token_type_embeddings): Embedding(2, 768)
      (LayerNorm): LayerNorm((768,), eps=1e-12, elementwise_affine=True)
      (dropout): Dropout(p=0.1, inplace=False)
    )
    (encoder): BertEncoder(
      (layer): ModuleList(
        (0): BertLayer(
          (attention): BertAttention(
            (self): LongformerSelfAttention(
              (query): Linear(in_features=768, out_features=768, bias=True)
              (key): Linear(in_features=768, out_features=768, bias=True)
              (value): Linear(in_features=768, out_features=768, bias=True)
              (query_global): Linear(in_features=768, out_features=768, bias=True)
              (key_global): Linear(in_features=768, out_features=768, bias=True)
              (value_global): Linear(in_features=768, out_features=768, bias=True)
            )
            (output): BertSelfOutput(
              (dense): Linear(in_features=768, out_features=768, bias=True)
              (LayerNorm): LayerNorm((768,), eps=1e-12, elementwise_affine=True)
              (dropout): Dropout(p=0.1, inplace=False)
            )
          )
          (intermediate): BertIntermediate(
            (dense): Linear(in_features=768, out_features=3072, bias=True)
          )
          (output): BertOutput(
            (dense): Linear(in_features=3072, out_features=768, bias=True)
            (LayerNorm): LayerNorm((768,), eps=1e-12, elementwise_affine=True)
            (dropout): Dropout(p=0.1, inplace=False)
          )
        )
        (1): BertLayer(
          (attention): BertAttention(
            (self): LongformerSelfAttention(
              (query): Linear(in_features=768, out_features=768, bias=True)
              (key): Linear(in_features=768, out_features=768, bias=True)
              (value): Linear(in_features=768, out_features=768, bias=True)
              (query_global): Linear(in_features=768, out_features=768, bias=True)
              (key_global): Linear(in_features=768, out_features=768, bias=True)
              (value_global): Linear(in_features=768, out_features=768, bias=True)
            )
            (output): BertSelfOutput(
              (dense): Linear(in_features=768, out_features=768, bias=True)
              (LayerNorm): LayerNorm((768,), eps=1e-12, elementwise_affine=True)
              (dropout): Dropout(p=0.1, inplace=False)
            )
          )
          (intermediate): BertIntermediate(
            (dense): Linear(in_features=768, out_features=3072, bias=True)
          )
          (output): BertOutput(
            (dense): Linear(in_features=3072, out_features=768, bias=True)
            (LayerNorm): LayerNorm((768,), eps=1e-12, elementwise_affine=True)
            (dropout): Dropout(p=0.1, inplace=False)
          )
        )
        (2): BertLayer(
          (attention): BertAttention(
            (self): LongformerSelfAttention(
              (query): Linear(in_features=768, out_features=768, bias=True)
              (key): Linear(in_features=768, out_features=768, bias=True)
              (value): Linear(in_features=768, out_features=768, bias=True)
              (query_global): Linear(in_features=768, out_features=768, bias=True)
              (key_global): Linear(in_features=768, out_features=768, bias=True)
              (value_global): Linear(in_features=768, out_features=768, bias=True)
            )
            (output): BertSelfOutput(
              (dense): Linear(in_features=768, out_features=768, bias=True)
              (LayerNorm): LayerNorm((768,), eps=1e-12, elementwise_affine=True)
              (dropout): Dropout(p=0.1, inplace=False)
            )
          )
          (intermediate): BertIntermediate(
            (dense): Linear(in_features=768, out_features=3072, bias=True)
          )
          (output): BertOutput(
            (dense): Linear(in_features=3072, out_features=768, bias=True)
            (LayerNorm): LayerNorm((768,), eps=1e-12, elementwise_affine=True)
            (dropout): Dropout(p=0.1, inplace=False)
          )
        )
        (3): BertLayer(
          (attention): BertAttention(
            (self): LongformerSelfAttention(
              (query): Linear(in_features=768, out_features=768, bias=True)
              (key): Linear(in_features=768, out_features=768, bias=True)
              (value): Linear(in_features=768, out_features=768, bias=True)
              (query_global): Linear(in_features=768, out_features=768, bias=True)
              (key_global): Linear(in_features=768, out_features=768, bias=True)
              (value_global): Linear(in_features=768, out_features=768, bias=True)
            )
            (output): BertSelfOutput(
              (dense): Linear(in_features=768, out_features=768, bias=True)
              (LayerNorm): LayerNorm((768,), eps=1e-12, elementwise_affine=True)
              (dropout): Dropout(p=0.1, inplace=False)
            )
          )
          (intermediate): BertIntermediate(
            (dense): Linear(in_features=768, out_features=3072, bias=True)
          )
          (output): BertOutput(
            (dense): Linear(in_features=3072, out_features=768, bias=True)
            (LayerNorm): LayerNorm((768,), eps=1e-12, elementwise_affine=True)
            (dropout): Dropout(p=0.1, inplace=False)
          )
        )
        (4): BertLayer(
          (attention): BertAttention(
            (self): LongformerSelfAttention(
              (query): Linear(in_features=768, out_features=768, bias=True)
              (key): Linear(in_features=768, out_features=768, bias=True)
              (value): Linear(in_features=768, out_features=768, bias=True)
              (query_global): Linear(in_features=768, out_features=768, bias=True)
              (key_global): Linear(in_features=768, out_features=768, bias=True)
              (value_global): Linear(in_features=768, out_features=768, bias=True)
            )
            (output): BertSelfOutput(
              (dense): Linear(in_features=768, out_features=768, bias=True)
              (LayerNorm): LayerNorm((768,), eps=1e-12, elementwise_affine=True)
              (dropout): Dropout(p=0.1, inplace=False)
            )
          )
          (intermediate): BertIntermediate(
            (dense): Linear(in_features=768, out_features=3072, bias=True)
          )
          (output): BertOutput(
            (dense): Linear(in_features=3072, out_features=768, bias=True)
            (LayerNorm): LayerNorm((768,), eps=1e-12, elementwise_affine=True)
            (dropout): Dropout(p=0.1, inplace=False)
          )
        )
        (5): BertLayer(
          (attention): BertAttention(
            (self): LongformerSelfAttention(
              (query): Linear(in_features=768, out_features=768, bias=True)
              (key): Linear(in_features=768, out_features=768, bias=True)
              (value): Linear(in_features=768, out_features=768, bias=True)
              (query_global): Linear(in_features=768, out_features=768, bias=True)
              (key_global): Linear(in_features=768, out_features=768, bias=True)
              (value_global): Linear(in_features=768, out_features=768, bias=True)
            )
            (output): BertSelfOutput(
              (dense): Linear(in_features=768, out_features=768, bias=True)
              (LayerNorm): LayerNorm((768,), eps=1e-12, elementwise_affine=True)
              (dropout): Dropout(p=0.1, inplace=False)
            )
          )
          (intermediate): BertIntermediate(
            (dense): Linear(in_features=768, out_features=3072, bias=True)
          )
          (output): BertOutput(
            (dense): Linear(in_features=3072, out_features=768, bias=True)
            (LayerNorm): LayerNorm((768,), eps=1e-12, elementwise_affine=True)
            (dropout): Dropout(p=0.1, inplace=False)
          )
        )
        (6): BertLayer(
          (attention): BertAttention(
            (self): LongformerSelfAttention(
              (query): Linear(in_features=768, out_features=768, bias=True)
              (key): Linear(in_features=768, out_features=768, bias=True)
              (value): Linear(in_features=768, out_features=768, bias=True)
              (query_global): Linear(in_features=768, out_features=768, bias=True)
              (key_global): Linear(in_features=768, out_features=768, bias=True)
              (value_global): Linear(in_features=768, out_features=768, bias=True)
            )
            (output): BertSelfOutput(
              (dense): Linear(in_features=768, out_features=768, bias=True)
              (LayerNorm): LayerNorm((768,), eps=1e-12, elementwise_affine=True)
              (dropout): Dropout(p=0.1, inplace=False)
            )
          )
          (intermediate): BertIntermediate(
            (dense): Linear(in_features=768, out_features=3072, bias=True)
          )
          (output): BertOutput(
            (dense): Linear(in_features=3072, out_features=768, bias=True)
            (LayerNorm): LayerNorm((768,), eps=1e-12, elementwise_affine=True)
            (dropout): Dropout(p=0.1, inplace=False)
          )
        )
        (7): BertLayer(
          (attention): BertAttention(
            (self): LongformerSelfAttention(
              (query): Linear(in_features=768, out_features=768, bias=True)
              (key): Linear(in_features=768, out_features=768, bias=True)
              (value): Linear(in_features=768, out_features=768, bias=True)
              (query_global): Linear(in_features=768, out_features=768, bias=True)
              (key_global): Linear(in_features=768, out_features=768, bias=True)
              (value_global): Linear(in_features=768, out_features=768, bias=True)
            )
            (output): BertSelfOutput(
              (dense): Linear(in_features=768, out_features=768, bias=True)
              (LayerNorm): LayerNorm((768,), eps=1e-12, elementwise_affine=True)
              (dropout): Dropout(p=0.1, inplace=False)
            )
          )
          (intermediate): BertIntermediate(
            (dense): Linear(in_features=768, out_features=3072, bias=True)
          )
          (output): BertOutput(
            (dense): Linear(in_features=3072, out_features=768, bias=True)
            (LayerNorm): LayerNorm((768,), eps=1e-12, elementwise_affine=True)
            (dropout): Dropout(p=0.1, inplace=False)
          )
        )
        (8): BertLayer(
          (attention): BertAttention(
            (self): LongformerSelfAttention(
              (query): Linear(in_features=768, out_features=768, bias=True)
              (key): Linear(in_features=768, out_features=768, bias=True)
              (value): Linear(in_features=768, out_features=768, bias=True)
              (query_global): Linear(in_features=768, out_features=768, bias=True)
              (key_global): Linear(in_features=768, out_features=768, bias=True)
              (value_global): Linear(in_features=768, out_features=768, bias=True)
            )
            (output): BertSelfOutput(
              (dense): Linear(in_features=768, out_features=768, bias=True)
              (LayerNorm): LayerNorm((768,), eps=1e-12, elementwise_affine=True)
              (dropout): Dropout(p=0.1, inplace=False)
            )
          )
          (intermediate): BertIntermediate(
            (dense): Linear(in_features=768, out_features=3072, bias=True)
          )
          (output): BertOutput(
            (dense): Linear(in_features=3072, out_features=768, bias=True)
            (LayerNorm): LayerNorm((768,), eps=1e-12, elementwise_affine=True)
            (dropout): Dropout(p=0.1, inplace=False)
          )
        )
        (9): BertLayer(
          (attention): BertAttention(
            (self): LongformerSelfAttention(
              (query): Linear(in_features=768, out_features=768, bias=True)
              (key): Linear(in_features=768, out_features=768, bias=True)
              (value): Linear(in_features=768, out_features=768, bias=True)
              (query_global): Linear(in_features=768, out_features=768, bias=True)
              (key_global): Linear(in_features=768, out_features=768, bias=True)
              (value_global): Linear(in_features=768, out_features=768, bias=True)
            )
            (output): BertSelfOutput(
              (dense): Linear(in_features=768, out_features=768, bias=True)
              (LayerNorm): LayerNorm((768,), eps=1e-12, elementwise_affine=True)
              (dropout): Dropout(p=0.1, inplace=False)
            )
          )
          (intermediate): BertIntermediate(
            (dense): Linear(in_features=768, out_features=3072, bias=True)
          )
          (output): BertOutput(
            (dense): Linear(in_features=3072, out_features=768, bias=True)
            (LayerNorm): LayerNorm((768,), eps=1e-12, elementwise_affine=True)
            (dropout): Dropout(p=0.1, inplace=False)
          )
        )
        (10): BertLayer(
          (attention): BertAttention(
            (self): LongformerSelfAttention(
              (query): Linear(in_features=768, out_features=768, bias=True)
              (key): Linear(in_features=768, out_features=768, bias=True)
              (value): Linear(in_features=768, out_features=768, bias=True)
              (query_global): Linear(in_features=768, out_features=768, bias=True)
              (key_global): Linear(in_features=768, out_features=768, bias=True)
              (value_global): Linear(in_features=768, out_features=768, bias=True)
            )
            (output): BertSelfOutput(
              (dense): Linear(in_features=768, out_features=768, bias=True)
              (LayerNorm): LayerNorm((768,), eps=1e-12, elementwise_affine=True)
              (dropout): Dropout(p=0.1, inplace=False)
            )
          )
          (intermediate): BertIntermediate(
            (dense): Linear(in_features=768, out_features=3072, bias=True)
          )
          (output): BertOutput(
            (dense): Linear(in_features=3072, out_features=768, bias=True)
            (LayerNorm): LayerNorm((768,), eps=1e-12, elementwise_affine=True)
            (dropout): Dropout(p=0.1, inplace=False)
          )
        )
        (11): BertLayer(
          (attention): BertAttention(
            (self): LongformerSelfAttention(
              (query): Linear(in_features=768, out_features=768, bias=True)
              (key): Linear(in_features=768, out_features=768, bias=True)
              (value): Linear(in_features=768, out_features=768, bias=True)
              (query_global): Linear(in_features=768, out_features=768, bias=True)
              (key_global): Linear(in_features=768, out_features=768, bias=True)
              (value_global): Linear(in_features=768, out_features=768, bias=True)
            )
            (output): BertSelfOutput(
              (dense): Linear(in_features=768, out_features=768, bias=True)
              (LayerNorm): LayerNorm((768,), eps=1e-12, elementwise_affine=True)
              (dropout): Dropout(p=0.1, inplace=False)
            )
          )
          (intermediate): BertIntermediate(
            (dense): Linear(in_features=768, out_features=3072, bias=True)
          )
          (output): BertOutput(
            (dense): Linear(in_features=3072, out_features=768, bias=True)
            (LayerNorm): LayerNorm((768,), eps=1e-12, elementwise_affine=True)
            (dropout): Dropout(p=0.1, inplace=False)
          )
        )
      )
    )
    (pooler): BertPooler(
      (dense): Linear(in_features=768, out_features=768, bias=True)
      (activation): Tanh()
    )
  )
  (mlm_cls): BertOnlyMLMHead(
    (predictions): BertLMPredictionHead(
      (transform): BertPredictionHeadTransform(
        (dense): Linear(in_features=768, out_features=768, bias=True)
        (LayerNorm): LayerNorm((768,), eps=1e-12, elementwise_affine=True)
      )
      (decoder): Linear(in_features=768, out_features=105879, bias=True)
    )
  )
  (seqcls_dropout): Dropout(p=0.1, inplace=False)
  (seqcls_classifier): Linear(in_features=768, out_features=2, bias=True)
)
00:14:30 - Evaluating every 1 epochs ...
00:14:30 - reading data from /mnt/home/puxuan/CLIR-project/Evaluation_data/process-clef/uncased
00:14:30 - test has 37 queries ...
00:14:30 - Data reading done ...
00:14:37 - adding 9-th encoder to optimizer...
00:14:37 - adding 10-th encoder to optimizer...
00:14:37 - adding 11-th encoder to optimizer...
00:14:38 - process[3]: training epoch 0 ...
00:14:54 - process[3] - epoch 0 - train iter 241 - 17295.1 words/s - loss: 0.6020
00:14:54 - process[3]: training epoch 1 ...
00:15:09 - process[3] - epoch 1 - train iter 241 - 18335.9 words/s - loss: 0.5242
00:15:09 - process[3]: training epoch 2 ...
00:15:25 - process[3] - epoch 2 - train iter 241 - 17931.0 words/s - loss: 0.4246
00:15:25 - process[3]: training epoch 3 ...
00:15:41 - process[3] - epoch 3 - train iter 241 - 18026.5 words/s - loss: 0.4552
00:15:41 - process[3]: training epoch 4 ...
00:15:57 - process[3] - epoch 4 - train iter 241 - 17875.8 words/s - loss: 0.4600
00:15:57 - process[3]: training epoch 5 ...
00:16:12 - process[3] - epoch 5 - train iter 241 - 17883.0 words/s - loss: 0.4475
00:16:12 - process[3]: training epoch 6 ...
00:16:28 - process[3] - epoch 6 - train iter 241 - 18385.5 words/s - loss: 0.4278
00:16:28 - process[3]: training epoch 7 ...
00:16:43 - process[3] - epoch 7 - train iter 241 - 18651.0 words/s - loss: 0.4468
00:16:43 - process[3]: training epoch 8 ...
00:16:58 - process[3] - epoch 8 - train iter 241 - 17550.8 words/s - loss: 0.4036
00:16:58 - process[3]: training epoch 9 ...
00:17:14 - process[3] - epoch 9 - train iter 241 - 18059.4 words/s - loss: 0.4276
00:17:14 - process[3]: training epoch 10 ...
00:17:30 - process[3] - epoch 10 - train iter 241 - 17982.3 words/s - loss: 0.4139
00:17:30 - process[3]: evaluating epoch 10 on dev ...
00:17:55 - process[3] - dev - epoch 10 - mAP: 0.447 w/ 37 queries
00:17:55 - process[3]: evaluating epoch 10 on test ...
00:18:21 - test set during evaluation: 11380/11372
00:18:21 - process[3] - test - epoch 10 - mAP: 0.584 w/ 37 queries
00:18:21 - process[3]: training epoch 11 ...
00:18:37 - process[3] - epoch 11 - train iter 241 - 18565.4 words/s - loss: 0.4226
00:18:37 - process[3]: evaluating epoch 11 on dev ...
00:19:03 - process[3] - dev - epoch 11 - mAP: 0.430 w/ 37 queries
00:19:03 - process[3]: training epoch 12 ...
00:19:18 - process[3] - epoch 12 - train iter 241 - 18499.0 words/s - loss: 0.3717
00:19:18 - process[3]: evaluating epoch 12 on dev ...
00:19:44 - process[3] - dev - epoch 12 - mAP: 0.448 w/ 37 queries
00:19:44 - process[3]: evaluating epoch 12 on test ...
00:20:11 - test set during evaluation: 11380/11372
00:20:11 - process[3] - test - epoch 12 - mAP: 0.609 w/ 37 queries
00:20:11 - process[3]: training epoch 13 ...
00:20:26 - process[3] - epoch 13 - train iter 241 - 18295.2 words/s - loss: 0.3528
00:20:26 - process[3]: evaluating epoch 13 on dev ...
00:20:52 - process[3] - dev - epoch 13 - mAP: 0.441 w/ 37 queries
00:20:52 - process[3]: training epoch 14 ...
00:21:07 - process[3] - epoch 14 - train iter 241 - 18758.4 words/s - loss: 0.4476
00:21:07 - process[3]: evaluating epoch 14 on dev ...
00:21:33 - process[3] - dev - epoch 14 - mAP: 0.448 w/ 37 queries
00:21:33 - process[3]: evaluating epoch 14 on test ...
00:21:59 - test set during evaluation: 11380/11372
00:21:59 - process[3] - test - epoch 14 - mAP: 0.603 w/ 37 queries
00:21:59 - process[3]: training epoch 15 ...
00:22:15 - process[3] - epoch 15 - train iter 241 - 18120.7 words/s - loss: 0.4071
00:22:15 - process[3]: evaluating epoch 15 on dev ...
00:22:40 - process[3] - dev - epoch 15 - mAP: 0.456 w/ 37 queries
00:22:40 - process[3]: evaluating epoch 15 on test ...
00:23:06 - test set during evaluation: 11380/11372
00:23:06 - process[3] - test - epoch 15 - mAP: 0.597 w/ 37 queries
00:23:06 - process[3]: training epoch 16 ...
00:23:22 - process[3] - epoch 16 - train iter 241 - 17956.6 words/s - loss: 0.3922
00:23:22 - process[3]: evaluating epoch 16 on dev ...
00:23:47 - process[3] - dev - epoch 16 - mAP: 0.446 w/ 37 queries
00:23:47 - process[3]: training epoch 17 ...
00:24:03 - process[3] - epoch 17 - train iter 241 - 18476.1 words/s - loss: 0.3821
00:24:03 - process[3]: evaluating epoch 17 on dev ...
00:24:28 - process[3] - dev - epoch 17 - mAP: 0.435 w/ 37 queries
00:24:28 - process[3]: training epoch 18 ...
00:24:43 - process[3] - epoch 18 - train iter 241 - 18114.7 words/s - loss: 0.4046
00:24:43 - process[3]: evaluating epoch 18 on dev ...
00:25:08 - process[3] - dev - epoch 18 - mAP: 0.454 w/ 37 queries
00:25:08 - process[3]: training epoch 19 ...
00:25:23 - process[3] - epoch 19 - train iter 241 - 18540.9 words/s - loss: 0.3538
00:25:23 - process[3]: evaluating epoch 19 on dev ...
00:25:49 - process[3] - dev - epoch 19 - mAP: 0.445 w/ 37 queries
00:25:49 - [fold 1] best test MAP: 0.597 @ epoch 15
00:25:49 - Evaluating every 1 epochs ...
00:25:49 - reading data from /mnt/home/puxuan/CLIR-project/Evaluation_data/process-clef/uncased
00:25:50 - test has 37 queries ...
00:25:50 - Data reading done ...
00:25:51 - adding 9-th encoder to optimizer...
00:25:51 - adding 10-th encoder to optimizer...
00:25:51 - adding 11-th encoder to optimizer...
00:25:52 - process[3]: training epoch 0 ...
00:26:09 - process[3] - epoch 0 - train iter 276 - 18182.9 words/s - loss: 0.5746
00:26:09 - process[3]: training epoch 1 ...
00:26:29 - process[3] - epoch 1 - train iter 276 - 17619.7 words/s - loss: 0.5116
00:26:29 - process[3]: training epoch 2 ...
00:26:47 - process[3] - epoch 2 - train iter 276 - 18064.5 words/s - loss: 0.5038
00:26:47 - process[3]: training epoch 3 ...
00:27:05 - process[3] - epoch 3 - train iter 276 - 18091.2 words/s - loss: 0.4787
00:27:05 - process[3]: training epoch 4 ...
00:27:23 - process[3] - epoch 4 - train iter 276 - 17959.6 words/s - loss: 0.4524
00:27:23 - process[3]: training epoch 5 ...
00:27:42 - process[3] - epoch 5 - train iter 276 - 18016.1 words/s - loss: 0.4762
00:27:42 - process[3]: training epoch 6 ...
00:28:00 - process[3] - epoch 6 - train iter 276 - 17939.7 words/s - loss: 0.4590
00:28:00 - process[3]: training epoch 7 ...
00:28:18 - process[3] - epoch 7 - train iter 276 - 18997.9 words/s - loss: 0.3873
00:28:18 - process[3]: training epoch 8 ...
00:28:35 - process[3] - epoch 8 - train iter 276 - 18546.9 words/s - loss: 0.3871
00:28:35 - process[3]: training epoch 9 ...
00:28:54 - process[3] - epoch 9 - train iter 276 - 19041.7 words/s - loss: 0.4105
00:28:54 - process[3]: training epoch 10 ...
00:29:12 - process[3] - epoch 10 - train iter 276 - 18183.9 words/s - loss: 0.4178
00:29:12 - process[3]: evaluating epoch 10 on dev ...
00:29:41 - dev set during evaluation: 11380/11372
00:29:41 - process[3] - dev - epoch 10 - mAP: 0.611 w/ 37 queries
00:29:41 - process[3]: evaluating epoch 10 on test ...
00:30:06 - process[3] - test - epoch 10 - mAP: 0.539 w/ 37 queries
00:30:06 - process[3]: training epoch 11 ...
00:30:24 - process[3] - epoch 11 - train iter 276 - 18110.3 words/s - loss: 0.4127
00:30:24 - process[3]: evaluating epoch 11 on dev ...
00:30:51 - dev set during evaluation: 11380/11372
00:30:51 - process[3] - dev - epoch 11 - mAP: 0.575 w/ 37 queries
00:30:51 - process[3]: training epoch 12 ...
00:31:09 - process[3] - epoch 12 - train iter 276 - 17656.5 words/s - loss: 0.4082
00:31:09 - process[3]: evaluating epoch 12 on dev ...
00:31:35 - dev set during evaluation: 11380/11372
00:31:35 - process[3] - dev - epoch 12 - mAP: 0.580 w/ 37 queries
00:31:35 - process[3]: training epoch 13 ...
00:31:54 - process[3] - epoch 13 - train iter 276 - 17511.5 words/s - loss: 0.4195
00:31:54 - process[3]: evaluating epoch 13 on dev ...
00:32:20 - dev set during evaluation: 11380/11372
00:32:20 - process[3] - dev - epoch 13 - mAP: 0.591 w/ 37 queries
00:32:20 - process[3]: training epoch 14 ...
00:32:39 - process[3] - epoch 14 - train iter 276 - 17975.0 words/s - loss: 0.3627
00:32:39 - process[3]: evaluating epoch 14 on dev ...
00:33:06 - dev set during evaluation: 11380/11372
00:33:06 - process[3] - dev - epoch 14 - mAP: 0.588 w/ 37 queries
00:33:06 - process[3]: training epoch 15 ...
00:33:24 - process[3] - epoch 15 - train iter 276 - 17643.7 words/s - loss: 0.3685
00:33:24 - process[3]: evaluating epoch 15 on dev ...
00:33:51 - dev set during evaluation: 11380/11372
00:33:51 - process[3] - dev - epoch 15 - mAP: 0.598 w/ 37 queries
00:33:51 - process[3]: training epoch 16 ...
00:34:09 - process[3] - epoch 16 - train iter 276 - 18664.4 words/s - loss: 0.3849
00:34:09 - process[3]: evaluating epoch 16 on dev ...
00:34:35 - dev set during evaluation: 11380/11372
00:34:35 - process[3] - dev - epoch 16 - mAP: 0.578 w/ 37 queries
00:34:35 - process[3]: training epoch 17 ...
00:34:54 - process[3] - epoch 17 - train iter 276 - 18046.2 words/s - loss: 0.3941
00:34:54 - process[3]: evaluating epoch 17 on dev ...
00:35:20 - dev set during evaluation: 11380/11372
00:35:20 - process[3] - dev - epoch 17 - mAP: 0.579 w/ 37 queries
00:35:20 - process[3]: training epoch 18 ...
00:35:38 - process[3] - epoch 18 - train iter 276 - 17771.2 words/s - loss: 0.3732
00:35:38 - process[3]: evaluating epoch 18 on dev ...
00:36:05 - dev set during evaluation: 11380/11372
00:36:05 - process[3] - dev - epoch 18 - mAP: 0.580 w/ 37 queries
00:36:05 - process[3]: training epoch 19 ...
00:36:23 - process[3] - epoch 19 - train iter 276 - 18095.4 words/s - loss: 0.4056
00:36:23 - process[3]: evaluating epoch 19 on dev ...
00:36:50 - dev set during evaluation: 11380/11372
00:36:50 - process[3] - dev - epoch 19 - mAP: 0.583 w/ 37 queries
00:36:50 - [fold 2] best test MAP: 0.539 @ epoch 10
00:36:50 - Evaluating every 1 epochs ...
00:36:50 - reading data from /mnt/home/puxuan/CLIR-project/Evaluation_data/process-clef/uncased
00:36:50 - test has 37 queries ...
00:36:50 - Data reading done ...
00:36:52 - adding 9-th encoder to optimizer...
00:36:52 - adding 10-th encoder to optimizer...
00:36:52 - adding 11-th encoder to optimizer...
00:36:52 - process[3]: training epoch 0 ...
00:37:08 - process[3] - epoch 0 - train iter 240 - 17352.5 words/s - loss: 0.5993
00:37:08 - process[3]: training epoch 1 ...
00:37:23 - process[3] - epoch 1 - train iter 240 - 17216.7 words/s - loss: 0.5146
00:37:23 - process[3]: training epoch 2 ...
00:37:39 - process[3] - epoch 2 - train iter 240 - 18402.9 words/s - loss: 0.4979
00:37:39 - process[3]: training epoch 3 ...
00:37:55 - process[3] - epoch 3 - train iter 240 - 17772.1 words/s - loss: 0.4812
00:37:55 - process[3]: training epoch 4 ...
00:38:10 - process[3] - epoch 4 - train iter 240 - 17793.2 words/s - loss: 0.4363
00:38:10 - process[3]: training epoch 5 ...
00:38:26 - process[3] - epoch 5 - train iter 240 - 18256.8 words/s - loss: 0.4544
00:38:26 - process[3]: training epoch 6 ...
00:38:42 - process[3] - epoch 6 - train iter 240 - 17286.1 words/s - loss: 0.4589
00:38:42 - process[3]: training epoch 7 ...
00:38:57 - process[3] - epoch 7 - train iter 240 - 17725.5 words/s - loss: 0.3954
00:38:57 - process[3]: training epoch 8 ...
00:39:13 - process[3] - epoch 8 - train iter 240 - 17865.8 words/s - loss: 0.4766
00:39:13 - process[3]: training epoch 9 ...
00:39:28 - process[3] - epoch 9 - train iter 240 - 17603.9 words/s - loss: 0.4307
00:39:28 - process[3]: training epoch 10 ...
00:39:44 - process[3] - epoch 10 - train iter 240 - 17877.3 words/s - loss: 0.4102
00:39:44 - process[3]: evaluating epoch 10 on dev ...
00:40:11 - process[3] - dev - epoch 10 - mAP: 0.513 w/ 37 queries
00:40:11 - process[3]: evaluating epoch 10 on test ...
00:40:38 - test set during evaluation: 11210/11201
00:40:38 - process[3] - test - epoch 10 - mAP: 0.534 w/ 37 queries
00:40:38 - process[3]: training epoch 11 ...
00:40:54 - process[3] - epoch 11 - train iter 240 - 17086.9 words/s - loss: 0.4067
00:40:54 - process[3]: evaluating epoch 11 on dev ...
00:41:18 - process[3] - dev - epoch 11 - mAP: 0.530 w/ 37 queries
00:41:18 - process[3]: evaluating epoch 11 on test ...
00:41:45 - test set during evaluation: 11210/11201
00:41:45 - process[3] - test - epoch 11 - mAP: 0.541 w/ 37 queries
00:41:45 - process[3]: training epoch 12 ...
00:42:00 - process[3] - epoch 12 - train iter 240 - 18287.3 words/s - loss: 0.3579
00:42:00 - process[3]: evaluating epoch 12 on dev ...
00:42:25 - process[3] - dev - epoch 12 - mAP: 0.529 w/ 37 queries
00:42:25 - process[3]: training epoch 13 ...
00:42:41 - process[3] - epoch 13 - train iter 240 - 17075.4 words/s - loss: 0.4003
00:42:41 - process[3]: evaluating epoch 13 on dev ...
00:43:05 - process[3] - dev - epoch 13 - mAP: 0.525 w/ 37 queries
00:43:05 - process[3]: training epoch 14 ...
00:43:21 - process[3] - epoch 14 - train iter 240 - 18315.2 words/s - loss: 0.4315
00:43:21 - process[3]: evaluating epoch 14 on dev ...
00:43:45 - process[3] - dev - epoch 14 - mAP: 0.508 w/ 37 queries
00:43:45 - process[3]: training epoch 15 ...
00:44:01 - process[3] - epoch 15 - train iter 240 - 17465.4 words/s - loss: 0.3389
00:44:01 - process[3]: evaluating epoch 15 on dev ...
00:44:25 - process[3] - dev - epoch 15 - mAP: 0.506 w/ 37 queries
00:44:25 - process[3]: training epoch 16 ...
00:44:40 - process[3] - epoch 16 - train iter 240 - 18521.5 words/s - loss: 0.4203
00:44:40 - process[3]: evaluating epoch 16 on dev ...
00:45:05 - process[3] - dev - epoch 16 - mAP: 0.521 w/ 37 queries
00:45:05 - process[3]: training epoch 17 ...
00:45:20 - process[3] - epoch 17 - train iter 240 - 17696.1 words/s - loss: 0.3787
00:45:20 - process[3]: evaluating epoch 17 on dev ...
00:45:44 - process[3] - dev - epoch 17 - mAP: 0.521 w/ 37 queries
00:45:44 - process[3]: training epoch 18 ...
00:46:00 - process[3] - epoch 18 - train iter 240 - 17916.4 words/s - loss: 0.3513
00:46:00 - process[3]: evaluating epoch 18 on dev ...
00:46:25 - process[3] - dev - epoch 18 - mAP: 0.520 w/ 37 queries
00:46:25 - process[3]: training epoch 19 ...
00:46:40 - process[3] - epoch 19 - train iter 240 - 17273.7 words/s - loss: 0.3567
00:46:40 - process[3]: evaluating epoch 19 on dev ...
00:47:05 - process[3] - dev - epoch 19 - mAP: 0.524 w/ 37 queries
00:47:05 - [fold 3] best test MAP: 0.541 @ epoch 11
00:47:05 - Evaluating every 1 epochs ...
00:47:05 - reading data from /mnt/home/puxuan/CLIR-project/Evaluation_data/process-clef/uncased
00:47:05 - test has 37 queries ...
00:47:05 - Data reading done ...
00:47:06 - adding 9-th encoder to optimizer...
00:47:06 - adding 10-th encoder to optimizer...
00:47:06 - adding 11-th encoder to optimizer...
00:47:07 - process[3]: training epoch 0 ...
00:47:21 - process[3] - epoch 0 - train iter 231 - 17850.9 words/s - loss: 0.5969
00:47:21 - process[3]: training epoch 1 ...
00:47:36 - process[3] - epoch 1 - train iter 231 - 17990.5 words/s - loss: 0.5407
00:47:36 - process[3]: training epoch 2 ...
00:47:51 - process[3] - epoch 2 - train iter 231 - 18091.1 words/s - loss: 0.4748
00:47:51 - process[3]: training epoch 3 ...
00:48:05 - process[3] - epoch 3 - train iter 231 - 18241.2 words/s - loss: 0.4694
00:48:05 - process[3]: training epoch 4 ...
00:48:20 - process[3] - epoch 4 - train iter 231 - 17992.4 words/s - loss: 0.4593
00:48:20 - process[3]: training epoch 5 ...
00:48:35 - process[3] - epoch 5 - train iter 231 - 17984.8 words/s - loss: 0.4190
00:48:35 - process[3]: training epoch 6 ...
00:48:50 - process[3] - epoch 6 - train iter 231 - 18216.8 words/s - loss: 0.3788
00:48:50 - process[3]: training epoch 7 ...
00:49:05 - process[3] - epoch 7 - train iter 231 - 17503.0 words/s - loss: 0.4515
00:49:05 - process[3]: training epoch 8 ...
00:49:20 - process[3] - epoch 8 - train iter 231 - 17840.1 words/s - loss: 0.4320
00:49:20 - process[3]: training epoch 9 ...
00:49:35 - process[3] - epoch 9 - train iter 231 - 17960.8 words/s - loss: 0.3889
00:49:35 - process[3]: training epoch 10 ...
00:49:50 - process[3] - epoch 10 - train iter 231 - 17724.4 words/s - loss: 0.4096
00:49:50 - process[3]: evaluating epoch 10 on dev ...
00:50:21 - dev set during evaluation: 11210/11201
00:50:21 - process[3] - dev - epoch 10 - mAP: 0.552 w/ 37 queries
00:50:21 - process[3]: evaluating epoch 10 on test ...
00:50:47 - test set during evaluation: 10640/10633
00:50:47 - process[3] - test - epoch 10 - mAP: 0.503 w/ 37 queries
00:50:47 - process[3]: training epoch 11 ...
00:51:02 - process[3] - epoch 11 - train iter 231 - 17944.6 words/s - loss: 0.3541
00:51:02 - process[3]: evaluating epoch 11 on dev ...
00:51:30 - dev set during evaluation: 11210/11201
00:51:30 - process[3] - dev - epoch 11 - mAP: 0.546 w/ 37 queries
00:51:30 - process[3]: training epoch 12 ...
00:51:45 - process[3] - epoch 12 - train iter 231 - 18131.5 words/s - loss: 0.3451
00:51:45 - process[3]: evaluating epoch 12 on dev ...
00:52:13 - dev set during evaluation: 11210/11201
00:52:13 - process[3] - dev - epoch 12 - mAP: 0.550 w/ 37 queries
00:52:13 - process[3]: training epoch 13 ...
00:52:28 - process[3] - epoch 13 - train iter 231 - 18651.2 words/s - loss: 0.4003
00:52:28 - process[3]: evaluating epoch 13 on dev ...
00:52:58 - dev set during evaluation: 11210/11201
00:52:58 - process[3] - dev - epoch 13 - mAP: 0.545 w/ 37 queries
00:52:58 - process[3]: training epoch 14 ...
00:53:13 - process[3] - epoch 14 - train iter 231 - 17402.3 words/s - loss: 0.3584
00:53:13 - process[3]: evaluating epoch 14 on dev ...
00:53:41 - dev set during evaluation: 11210/11201
00:53:41 - process[3] - dev - epoch 14 - mAP: 0.534 w/ 37 queries
00:53:41 - process[3]: training epoch 15 ...
00:53:56 - process[3] - epoch 15 - train iter 231 - 18202.7 words/s - loss: 0.3410
00:53:56 - process[3]: evaluating epoch 15 on dev ...
00:54:24 - dev set during evaluation: 11210/11201
00:54:24 - process[3] - dev - epoch 15 - mAP: 0.525 w/ 37 queries
00:54:24 - process[3]: training epoch 16 ...
00:54:39 - process[3] - epoch 16 - train iter 231 - 17828.9 words/s - loss: 0.3615
00:54:39 - process[3]: evaluating epoch 16 on dev ...
00:55:07 - dev set during evaluation: 11210/11201
00:55:07 - process[3] - dev - epoch 16 - mAP: 0.547 w/ 37 queries
00:55:07 - process[3]: training epoch 17 ...
00:55:22 - process[3] - epoch 17 - train iter 231 - 17962.3 words/s - loss: 0.3385
00:55:22 - process[3]: evaluating epoch 17 on dev ...
00:55:49 - dev set during evaluation: 11210/11201
00:55:49 - process[3] - dev - epoch 17 - mAP: 0.554 w/ 37 queries
00:55:49 - process[3]: evaluating epoch 17 on test ...
00:56:14 - test set during evaluation: 10640/10633
00:56:14 - process[3] - test - epoch 17 - mAP: 0.492 w/ 37 queries
00:56:14 - process[3]: training epoch 18 ...
00:56:29 - process[3] - epoch 18 - train iter 231 - 17563.1 words/s - loss: 0.3359
00:56:29 - process[3]: evaluating epoch 18 on dev ...
00:56:57 - dev set during evaluation: 11210/11201
00:56:57 - process[3] - dev - epoch 18 - mAP: 0.562 w/ 37 queries
00:56:57 - process[3]: evaluating epoch 18 on test ...
00:57:22 - test set during evaluation: 10640/10633
00:57:22 - process[3] - test - epoch 18 - mAP: 0.495 w/ 37 queries
00:57:22 - process[3]: training epoch 19 ...
00:57:37 - process[3] - epoch 19 - train iter 231 - 17461.7 words/s - loss: 0.3551
00:57:37 - process[3]: evaluating epoch 19 on dev ...
00:58:04 - dev set during evaluation: 11210/11201
00:58:04 - process[3] - dev - epoch 19 - mAP: 0.556 w/ 37 queries
00:58:04 - [fold 4] best test MAP: 0.495 @ epoch 18
00:58:04 - Evaluating every 1 epochs ...
00:58:04 - reading data from /mnt/home/puxuan/CLIR-project/Evaluation_data/process-clef/uncased
00:58:05 - test has 37 queries ...
00:58:05 - Data reading done ...
00:58:06 - adding 9-th encoder to optimizer...
00:58:06 - adding 10-th encoder to optimizer...
00:58:06 - adding 11-th encoder to optimizer...
00:58:07 - process[3]: training epoch 0 ...
00:58:22 - process[3] - epoch 0 - train iter 235 - 17652.3 words/s - loss: 0.5736
00:58:22 - process[3]: training epoch 1 ...
00:58:38 - process[3] - epoch 1 - train iter 235 - 18054.4 words/s - loss: 0.4964
00:58:38 - process[3]: training epoch 2 ...
00:58:53 - process[3] - epoch 2 - train iter 235 - 18283.7 words/s - loss: 0.5142
00:58:53 - process[3]: training epoch 3 ...
00:59:09 - process[3] - epoch 3 - train iter 235 - 17552.6 words/s - loss: 0.4437
00:59:09 - process[3]: training epoch 4 ...
00:59:25 - process[3] - epoch 4 - train iter 235 - 18888.5 words/s - loss: 0.4037
00:59:25 - process[3]: training epoch 5 ...
00:59:40 - process[3] - epoch 5 - train iter 235 - 18370.3 words/s - loss: 0.4084
00:59:40 - process[3]: training epoch 6 ...
00:59:56 - process[3] - epoch 6 - train iter 235 - 17439.9 words/s - loss: 0.4195
00:59:56 - process[3]: training epoch 7 ...
01:00:12 - process[3] - epoch 7 - train iter 235 - 18083.6 words/s - loss: 0.4409
01:00:12 - process[3]: training epoch 8 ...
01:00:27 - process[3] - epoch 8 - train iter 235 - 17971.7 words/s - loss: 0.4203
01:00:27 - process[3]: training epoch 9 ...
01:00:43 - process[3] - epoch 9 - train iter 235 - 17842.2 words/s - loss: 0.4329
01:00:43 - process[3]: training epoch 10 ...
01:00:58 - process[3] - epoch 10 - train iter 235 - 17941.3 words/s - loss: 0.4012
01:00:58 - process[3]: evaluating epoch 10 on dev ...
01:01:22 - dev set during evaluation: 10640/10633
01:01:22 - process[3] - dev - epoch 10 - mAP: 0.478 w/ 37 queries
01:01:22 - process[3]: evaluating epoch 10 on test ...
01:01:48 - process[3] - test - epoch 10 - mAP: 0.464 w/ 37 queries
01:01:48 - process[3]: training epoch 11 ...
01:02:03 - process[3] - epoch 11 - train iter 235 - 18657.7 words/s - loss: 0.3983
01:02:03 - process[3]: evaluating epoch 11 on dev ...
01:02:29 - dev set during evaluation: 10640/10633
01:02:29 - process[3] - dev - epoch 11 - mAP: 0.486 w/ 37 queries
01:02:29 - process[3]: evaluating epoch 11 on test ...
01:02:54 - process[3] - test - epoch 11 - mAP: 0.477 w/ 37 queries
01:02:54 - process[3]: training epoch 12 ...
01:03:10 - process[3] - epoch 12 - train iter 235 - 17767.2 words/s - loss: 0.3653
01:03:10 - process[3]: evaluating epoch 12 on dev ...
01:03:35 - dev set during evaluation: 10640/10633
01:03:35 - process[3] - dev - epoch 12 - mAP: 0.485 w/ 37 queries
01:03:35 - process[3]: training epoch 13 ...
01:03:50 - process[3] - epoch 13 - train iter 235 - 18303.4 words/s - loss: 0.3874
01:03:50 - process[3]: evaluating epoch 13 on dev ...
01:04:16 - dev set during evaluation: 10640/10633
01:04:16 - process[3] - dev - epoch 13 - mAP: 0.488 w/ 37 queries
01:04:16 - process[3]: evaluating epoch 13 on test ...
01:04:42 - process[3] - test - epoch 13 - mAP: 0.470 w/ 37 queries
01:04:42 - process[3]: training epoch 14 ...
01:04:57 - process[3] - epoch 14 - train iter 235 - 19022.5 words/s - loss: 0.3638
01:04:57 - process[3]: evaluating epoch 14 on dev ...
01:05:22 - dev set during evaluation: 10640/10633
01:05:22 - process[3] - dev - epoch 14 - mAP: 0.483 w/ 37 queries
01:05:22 - process[3]: training epoch 15 ...
01:05:37 - process[3] - epoch 15 - train iter 235 - 18392.7 words/s - loss: 0.3015
01:05:37 - process[3]: evaluating epoch 15 on dev ...
01:06:02 - dev set during evaluation: 10640/10633
01:06:02 - process[3] - dev - epoch 15 - mAP: 0.490 w/ 37 queries
01:06:02 - process[3]: evaluating epoch 15 on test ...
01:06:28 - process[3] - test - epoch 15 - mAP: 0.464 w/ 37 queries
01:06:28 - process[3]: training epoch 16 ...
01:06:43 - process[3] - epoch 16 - train iter 235 - 18135.5 words/s - loss: 0.3917
01:06:43 - process[3]: evaluating epoch 16 on dev ...
01:07:08 - dev set during evaluation: 10640/10633
01:07:08 - process[3] - dev - epoch 16 - mAP: 0.489 w/ 37 queries
01:07:08 - process[3]: training epoch 17 ...
01:07:23 - process[3] - epoch 17 - train iter 235 - 18818.8 words/s - loss: 0.3833
01:07:23 - process[3]: evaluating epoch 17 on dev ...
01:07:48 - dev set during evaluation: 10640/10633
01:07:48 - process[3] - dev - epoch 17 - mAP: 0.487 w/ 37 queries
01:07:48 - process[3]: training epoch 18 ...
01:08:04 - process[3] - epoch 18 - train iter 235 - 18270.6 words/s - loss: 0.3389
01:08:04 - process[3]: evaluating epoch 18 on dev ...
01:08:29 - dev set during evaluation: 10640/10633
01:08:29 - process[3] - dev - epoch 18 - mAP: 0.499 w/ 37 queries
01:08:29 - process[3]: evaluating epoch 18 on test ...
01:08:55 - process[3] - test - epoch 18 - mAP: 0.461 w/ 37 queries
01:08:55 - process[3]: training epoch 19 ...
01:09:10 - process[3] - epoch 19 - train iter 235 - 18526.5 words/s - loss: 0.2860
01:09:10 - process[3]: evaluating epoch 19 on dev ...
01:09:35 - dev set during evaluation: 10640/10633
01:09:35 - process[3] - dev - epoch 19 - mAP: 0.471 w/ 37 queries
01:09:35 - [fold 5] best test MAP: 0.461 @ epoch 18
01:09:35 - [0.5974038383919655, 0.5385557767096977, 0.5412678972907888, 0.49496043572098647, 0.46071605854883435]
01:09:35 - [37, 37, 37, 37, 37]
01:09:35 - final MAP: 0.527
