00:00:02 - Namespace(apex_level='O2', batch_size=8, cased=False, dataset='mix', debug=False, encoder_lr=2e-05, eval_step=1, full_doc_length=True, local_rank=6, model_path='/mnt/scratch/puxuan/short_qlm-rr/2147416/huggingface-4', model_type='mbert', num_epochs=10, num_ft_encoders=3, num_neg=1, projector_lr=2e-05, seed=611, source_lang='en', target_lang='es')
00:22:23 - Evaluating every 1 epochs ...
00:22:25 - reading data from /mnt/home/puxuan/wiki-clir/uncased and /mnt/home/puxuan/CLIR-project/Evaluation_data/process-clef/uncased
00:22:25 - f1 has 78 queries ...
00:22:25 - f2 has 78 queries ...
00:22:25 - Data reading done ...
00:22:31 - adding 9-th encoder to optimizer...
00:22:31 - adding 10-th encoder to optimizer...
00:22:31 - adding 11-th encoder to optimizer...
00:22:31 - process[6]: training epoch 0 ...
00:24:24 - process[6] - epoch 0 - train iter 625 - 3820.7 words/s - loss: 0.2843
00:24:24 - process[6]: training epoch 1 ...
00:25:54 - process[6] - epoch 1 - train iter 625 - 4627.0 words/s - loss: 0.2035
00:25:54 - process[6]: training epoch 2 ...
00:27:24 - process[6] - epoch 2 - train iter 625 - 4630.7 words/s - loss: 0.2257
00:27:24 - process[6]: training epoch 3 ...
00:28:49 - process[6] - epoch 3 - train iter 625 - 4782.1 words/s - loss: 0.2280
00:28:49 - process[6]: training epoch 4 ...
00:30:32 - process[6] - epoch 4 - train iter 625 - 4068.7 words/s - loss: 0.1857
00:30:32 - process[6]: training epoch 5 ...
00:32:00 - process[6] - epoch 5 - train iter 625 - 4800.2 words/s - loss: 0.1854
00:32:00 - process[6]: evaluating epoch 5 on f1 ...
00:33:08 - process[6] - f1 - epoch 5 - mAP: 0.486 w/ 78 queries
00:33:08 - process[6]: evaluating epoch 5 on f2 ...
00:33:45 - f2 set during evaluation: 29536/29534
00:33:45 - process[6] - f2 - epoch 5 - mAP: 0.551 w/ 78 queries
00:33:45 - process[6]: training epoch 6 ...
00:35:30 - process[6] - epoch 6 - train iter 625 - 4058.4 words/s - loss: 0.1611
00:35:30 - process[6]: evaluating epoch 6 on f1 ...
00:36:04 - process[6] - f1 - epoch 6 - mAP: 0.486 w/ 78 queries
00:36:04 - process[6]: evaluating epoch 6 on f2 ...
00:36:40 - f2 set during evaluation: 29536/29534
00:36:40 - process[6] - f2 - epoch 6 - mAP: 0.555 w/ 78 queries
00:36:40 - process[6]: training epoch 7 ...
00:38:35 - process[6] - epoch 7 - train iter 625 - 3749.9 words/s - loss: 0.1623
00:38:35 - process[6]: evaluating epoch 7 on f1 ...
00:39:09 - process[6] - f1 - epoch 7 - mAP: 0.478 w/ 78 queries
00:39:09 - process[6]: evaluating epoch 7 on f2 ...
00:39:45 - f2 set during evaluation: 29536/29534
00:39:45 - process[6] - f2 - epoch 7 - mAP: 0.537 w/ 78 queries
00:39:45 - process[6]: training epoch 8 ...
00:41:08 - process[6] - epoch 8 - train iter 625 - 5181.7 words/s - loss: 0.1801
00:41:08 - process[6]: evaluating epoch 8 on f1 ...
00:42:18 - process[6] - f1 - epoch 8 - mAP: 0.488 w/ 78 queries
00:42:18 - process[6]: evaluating epoch 8 on f2 ...
00:42:55 - f2 set during evaluation: 29536/29534
00:42:55 - process[6] - f2 - epoch 8 - mAP: 0.554 w/ 78 queries
00:42:55 - process[6]: training epoch 9 ...
00:44:16 - process[6] - epoch 9 - train iter 625 - 5032.3 words/s - loss: 0.1753
00:44:16 - process[6]: evaluating epoch 9 on f1 ...
00:45:12 - process[6] - f1 - epoch 9 - mAP: 0.491 w/ 78 queries
00:45:12 - process[6]: evaluating epoch 9 on f2 ...
00:45:49 - f2 set during evaluation: 29536/29534
00:45:49 - process[6] - f2 - epoch 9 - mAP: 0.558 w/ 78 queries
