00:00:02 - Namespace(apex_level='O2', batch_size=8, cased=False, dataset='mix', debug=False, encoder_lr=2e-05, eval_step=1, full_doc_length=True, local_rank=4, model_path='/mnt/scratch/puxuan/short_qlm-rr/2147416/huggingface-4', model_type='mbert', num_epochs=10, num_ft_encoders=3, num_neg=1, projector_lr=2e-05, seed=611, source_lang='fr', target_lang='de')
00:00:20 - Evaluating every 1 epochs ...
00:00:22 - reading data from /mnt/home/puxuan/wiki-clir/uncased and /mnt/home/puxuan/CLIR-project/Evaluation_data/process-clef/uncased
00:00:22 - f1 has 96 queries ...
00:00:22 - f2 has 96 queries ...
00:00:22 - Data reading done ...
00:00:28 - adding 9-th encoder to optimizer...
00:00:28 - adding 10-th encoder to optimizer...
00:00:28 - adding 11-th encoder to optimizer...
00:00:28 - process[4]: training epoch 0 ...
00:03:15 - process[4] - epoch 0 - train iter 625 - 3093.6 words/s - loss: 0.2358
00:03:15 - process[4]: training epoch 1 ...
00:05:37 - process[4] - epoch 1 - train iter 625 - 3538.5 words/s - loss: 0.1521
00:05:37 - process[4]: training epoch 2 ...
00:07:50 - process[4] - epoch 2 - train iter 625 - 3794.1 words/s - loss: 0.1474
00:07:50 - process[4]: training epoch 3 ...
00:10:04 - process[4] - epoch 3 - train iter 625 - 3898.6 words/s - loss: 0.1353
00:10:04 - process[4]: training epoch 4 ...
00:13:01 - process[4] - epoch 4 - train iter 625 - 2931.7 words/s - loss: 0.1146
00:13:01 - process[4]: training epoch 5 ...
00:15:49 - process[4] - epoch 5 - train iter 625 - 3049.9 words/s - loss: 0.1376
00:15:49 - process[4]: evaluating epoch 5 on f1 ...
00:18:25 - f1 set during evaluation: 34440/34436
00:18:25 - process[4] - f1 - epoch 5 - mAP: 0.406 w/ 96 queries
00:18:25 - process[4]: evaluating epoch 5 on f2 ...
00:19:36 - f2 set during evaluation: 34560/34553
00:19:36 - process[4] - f2 - epoch 5 - mAP: 0.430 w/ 96 queries
00:19:36 - process[4]: training epoch 6 ...
00:22:04 - process[4] - epoch 6 - train iter 625 - 3458.1 words/s - loss: 0.0982
00:22:04 - process[4]: evaluating epoch 6 on f1 ...
00:23:27 - f1 set during evaluation: 34440/34436
00:23:27 - process[4] - f1 - epoch 6 - mAP: 0.408 w/ 96 queries
00:23:27 - process[4]: evaluating epoch 6 on f2 ...
00:24:38 - f2 set during evaluation: 34560/34553
00:24:38 - process[4] - f2 - epoch 6 - mAP: 0.446 w/ 96 queries
00:24:38 - process[4]: training epoch 7 ...
00:27:02 - process[4] - epoch 7 - train iter 625 - 3575.3 words/s - loss: 0.1131
00:27:02 - process[4]: evaluating epoch 7 on f1 ...
00:28:25 - f1 set during evaluation: 34440/34436
00:28:25 - process[4] - f1 - epoch 7 - mAP: 0.408 w/ 96 queries
00:28:25 - process[4]: evaluating epoch 7 on f2 ...
00:29:36 - f2 set during evaluation: 34560/34553
00:29:36 - process[4] - f2 - epoch 7 - mAP: 0.439 w/ 96 queries
00:29:36 - process[4]: training epoch 8 ...
00:32:02 - process[4] - epoch 8 - train iter 625 - 3512.5 words/s - loss: 0.1009
00:32:02 - process[4]: evaluating epoch 8 on f1 ...
00:33:34 - f1 set during evaluation: 34440/34436
00:33:34 - process[4] - f1 - epoch 8 - mAP: 0.403 w/ 96 queries
00:33:34 - process[4]: evaluating epoch 8 on f2 ...
00:34:45 - f2 set during evaluation: 34560/34553
00:34:45 - process[4] - f2 - epoch 8 - mAP: 0.432 w/ 96 queries
00:34:45 - process[4]: training epoch 9 ...
00:37:10 - process[4] - epoch 9 - train iter 625 - 3610.5 words/s - loss: 0.1048
00:37:10 - process[4]: evaluating epoch 9 on f1 ...
00:38:51 - f1 set during evaluation: 34440/34436
00:38:51 - process[4] - f1 - epoch 9 - mAP: 0.407 w/ 96 queries
00:38:51 - process[4]: evaluating epoch 9 on f2 ...
00:40:01 - f2 set during evaluation: 34560/34553
00:40:01 - process[4] - f2 - epoch 9 - mAP: 0.434 w/ 96 queries
