00:00:02 - Namespace(apex_level='O2', batch_size=8, cased=False, dataset='mix', debug=False, encoder_lr=2e-05, eval_step=1, full_doc_length=True, local_rank=0, model_path='/mnt/scratch/puxuan/short_qlm-rr/2147416/huggingface-4', model_type='mbert', num_epochs=10, num_ft_encoders=3, num_neg=1, projector_lr=2e-05, seed=611, source_lang='fr', target_lang='de')
00:00:20 - Evaluating every 1 epochs ...
00:00:22 - reading data from /mnt/home/puxuan/wiki-clir/uncased and /mnt/home/puxuan/CLIR-project/Evaluation_data/process-clef/uncased
00:00:22 - f1 has 96 queries ...
00:00:22 - f2 has 96 queries ...
00:00:22 - Data reading done ...
00:00:28 - adding 9-th encoder to optimizer...
00:00:28 - adding 10-th encoder to optimizer...
00:00:28 - adding 11-th encoder to optimizer...
00:00:28 - process[0]: training epoch 0 ...
00:02:47 - process[0] - epoch 0 - train iter 625 - 3685.4 words/s - loss: 0.2512
00:02:47 - process[0]: training epoch 1 ...
00:05:35 - process[0] - epoch 1 - train iter 625 - 3121.7 words/s - loss: 0.1690
00:05:35 - process[0]: training epoch 2 ...
00:08:32 - process[0] - epoch 2 - train iter 625 - 2903.6 words/s - loss: 0.1557
00:08:32 - process[0]: training epoch 3 ...
00:10:30 - process[0] - epoch 3 - train iter 625 - 4372.4 words/s - loss: 0.1268
00:10:30 - process[0]: training epoch 4 ...
00:13:15 - process[0] - epoch 4 - train iter 625 - 3086.2 words/s - loss: 0.1185
00:13:15 - process[0]: training epoch 5 ...
00:15:40 - process[0] - epoch 5 - train iter 625 - 3584.1 words/s - loss: 0.1007
00:15:40 - process[0]: evaluating epoch 5 on f1 ...
00:18:25 - f1 set during evaluation: 34440/34436
00:18:25 - process[0] - f1 - epoch 5 - mAP: 0.406 w/ 96 queries
00:18:25 - removing file tmp/mbert_frde_f1_6_5.txt
00:18:25 - removing file tmp/mbert_frde_f1_0_5.txt
00:18:25 - removing file tmp/mbert_frde_f1_2_5.txt
00:18:25 - removing file tmp/mbert_frde_f1_7_5.txt
00:18:25 - removing file tmp/mbert_frde_f1_1_5.txt
00:18:25 - removing file tmp/mbert_frde_f1_4_5.txt
00:18:25 - removing file tmp/mbert_frde_f1_5_5.txt
00:18:25 - removing file tmp/mbert_frde_f1_3_5.txt
00:18:25 - process[0]: evaluating epoch 5 on f2 ...
00:19:36 - f2 set during evaluation: 34560/34553
00:19:36 - process[0] - f2 - epoch 5 - mAP: 0.430 w/ 96 queries
00:19:36 - removing file tmp/mbert_frde_f2_1_5.txt
00:19:36 - removing file tmp/mbert_frde_f2_5_5.txt
00:19:36 - removing file tmp/mbert_frde_f2_0_5.txt
00:19:36 - removing file tmp/mbert_frde_f2_4_5.txt
00:19:36 - removing file tmp/mbert_frde_f2_3_5.txt
00:19:36 - removing file tmp/mbert_frde_f2_6_5.txt
00:19:36 - removing file tmp/mbert_frde_f2_2_5.txt
00:19:36 - removing file tmp/mbert_frde_f2_7_5.txt
00:19:36 - process[0]: training epoch 6 ...
00:21:49 - process[0] - epoch 6 - train iter 625 - 3904.8 words/s - loss: 0.1182
00:21:49 - process[0]: evaluating epoch 6 on f1 ...
00:23:27 - f1 set during evaluation: 34440/34436
00:23:27 - process[0] - f1 - epoch 6 - mAP: 0.408 w/ 96 queries
00:23:27 - removing file tmp/mbert_frde_f1_2_6.txt
00:23:27 - removing file tmp/mbert_frde_f1_1_6.txt
00:23:27 - removing file tmp/mbert_frde_f1_4_6.txt
00:23:27 - removing file tmp/mbert_frde_f1_6_6.txt
00:23:27 - removing file tmp/mbert_frde_f1_5_6.txt
00:23:27 - removing file tmp/mbert_frde_f1_3_6.txt
00:23:27 - removing file tmp/mbert_frde_f1_7_6.txt
00:23:27 - removing file tmp/mbert_frde_f1_0_6.txt
00:23:27 - process[0]: evaluating epoch 6 on f2 ...
00:24:38 - f2 set during evaluation: 34560/34553
00:24:38 - process[0] - f2 - epoch 6 - mAP: 0.446 w/ 96 queries
00:24:38 - removing file tmp/mbert_frde_f2_0_6.txt
00:24:38 - removing file tmp/mbert_frde_f2_4_6.txt
00:24:38 - removing file tmp/mbert_frde_f2_5_6.txt
00:24:38 - removing file tmp/mbert_frde_f2_1_6.txt
00:24:38 - removing file tmp/mbert_frde_f2_7_6.txt
00:24:38 - removing file tmp/mbert_frde_f2_2_6.txt
00:24:38 - removing file tmp/mbert_frde_f2_6_6.txt
00:24:38 - removing file tmp/mbert_frde_f2_3_6.txt
00:24:38 - process[0]: training epoch 7 ...
00:26:52 - process[0] - epoch 7 - train iter 625 - 3861.2 words/s - loss: 0.0976
00:26:52 - process[0]: evaluating epoch 7 on f1 ...
00:28:25 - f1 set during evaluation: 34440/34436
00:28:25 - process[0] - f1 - epoch 7 - mAP: 0.408 w/ 96 queries
00:28:25 - removing file tmp/mbert_frde_f1_2_7.txt
00:28:25 - removing file tmp/mbert_frde_f1_7_7.txt
00:28:25 - removing file tmp/mbert_frde_f1_0_7.txt
00:28:25 - removing file tmp/mbert_frde_f1_4_7.txt
00:28:25 - removing file tmp/mbert_frde_f1_1_7.txt
00:28:25 - removing file tmp/mbert_frde_f1_5_7.txt
00:28:25 - removing file tmp/mbert_frde_f1_3_7.txt
00:28:25 - removing file tmp/mbert_frde_f1_6_7.txt
00:28:25 - process[0]: evaluating epoch 7 on f2 ...
00:29:36 - f2 set during evaluation: 34560/34553
00:29:36 - process[0] - f2 - epoch 7 - mAP: 0.439 w/ 96 queries
00:29:36 - removing file tmp/mbert_frde_f2_0_7.txt
00:29:36 - removing file tmp/mbert_frde_f2_3_7.txt
00:29:36 - removing file tmp/mbert_frde_f2_5_7.txt
00:29:36 - removing file tmp/mbert_frde_f2_7_7.txt
00:29:36 - removing file tmp/mbert_frde_f2_2_7.txt
00:29:36 - removing file tmp/mbert_frde_f2_4_7.txt
00:29:36 - removing file tmp/mbert_frde_f2_6_7.txt
00:29:36 - removing file tmp/mbert_frde_f2_1_7.txt
00:29:36 - process[0]: training epoch 8 ...
00:32:19 - process[0] - epoch 8 - train iter 625 - 3138.3 words/s - loss: 0.1003
00:32:19 - process[0]: evaluating epoch 8 on f1 ...
00:33:34 - f1 set during evaluation: 34440/34436
00:33:34 - process[0] - f1 - epoch 8 - mAP: 0.403 w/ 96 queries
00:33:34 - removing file tmp/mbert_frde_f1_3_8.txt
00:33:34 - removing file tmp/mbert_frde_f1_7_8.txt
00:33:34 - removing file tmp/mbert_frde_f1_5_8.txt
00:33:34 - removing file tmp/mbert_frde_f1_6_8.txt
00:33:34 - removing file tmp/mbert_frde_f1_1_8.txt
00:33:34 - removing file tmp/mbert_frde_f1_0_8.txt
00:33:34 - removing file tmp/mbert_frde_f1_4_8.txt
00:33:34 - removing file tmp/mbert_frde_f1_2_8.txt
00:33:34 - process[0]: evaluating epoch 8 on f2 ...
00:34:45 - f2 set during evaluation: 34560/34553
00:34:45 - process[0] - f2 - epoch 8 - mAP: 0.432 w/ 96 queries
00:34:45 - removing file tmp/mbert_frde_f2_5_8.txt
00:34:45 - removing file tmp/mbert_frde_f2_3_8.txt
00:34:45 - removing file tmp/mbert_frde_f2_2_8.txt
00:34:45 - removing file tmp/mbert_frde_f2_7_8.txt
00:34:45 - removing file tmp/mbert_frde_f2_1_8.txt
00:34:45 - removing file tmp/mbert_frde_f2_4_8.txt
00:34:45 - removing file tmp/mbert_frde_f2_6_8.txt
00:34:45 - removing file tmp/mbert_frde_f2_0_8.txt
00:34:45 - process[0]: training epoch 9 ...
00:37:06 - process[0] - epoch 9 - train iter 625 - 3695.4 words/s - loss: 0.0993
00:37:06 - process[0]: evaluating epoch 9 on f1 ...
00:38:51 - f1 set during evaluation: 34440/34436
00:38:51 - process[0] - f1 - epoch 9 - mAP: 0.407 w/ 96 queries
00:38:51 - removing file tmp/mbert_frde_f1_7_9.txt
00:38:51 - removing file tmp/mbert_frde_f1_1_9.txt
00:38:51 - removing file tmp/mbert_frde_f1_0_9.txt
00:38:51 - removing file tmp/mbert_frde_f1_4_9.txt
00:38:51 - removing file tmp/mbert_frde_f1_3_9.txt
00:38:51 - removing file tmp/mbert_frde_f1_5_9.txt
00:38:51 - removing file tmp/mbert_frde_f1_6_9.txt
00:38:51 - removing file tmp/mbert_frde_f1_2_9.txt
00:38:51 - process[0]: evaluating epoch 9 on f2 ...
00:40:01 - f2 set during evaluation: 34560/34553
00:40:01 - process[0] - f2 - epoch 9 - mAP: 0.434 w/ 96 queries
00:40:01 - removing file tmp/mbert_frde_f2_1_9.txt
00:40:01 - removing file tmp/mbert_frde_f2_4_9.txt
00:40:01 - removing file tmp/mbert_frde_f2_0_9.txt
00:40:01 - removing file tmp/mbert_frde_f2_7_9.txt
00:40:01 - removing file tmp/mbert_frde_f2_3_9.txt
00:40:01 - removing file tmp/mbert_frde_f2_2_9.txt
00:40:01 - removing file tmp/mbert_frde_f2_6_9.txt
00:40:01 - removing file tmp/mbert_frde_f2_5_9.txt
00:40:01 - [0.4060304071731455, 0.40751600357535933, 0.40750305708859075, 0.4034136331977029, 0.4074905431191054]
00:40:01 - [0.4298739630184893, 0.4459219928767131, 0.4385865002832207, 0.43239408232515686, 0.43432958181653153]
00:40:01 - 0.40751600357535933
00:40:01 - 0.4459219928767131
00:40:01 - best MAP: 0.427
