00:00:06 - Namespace(apex_level='O2', batch_size=8, cased=False, dataset='clef', debug=False, encoder_lr=2e-05, eval_step=1, full_doc_length=True, local_rank=7, model_path='/mnt/scratch/puxuan/short_qlm/2186735/huggingface-4', model_type='mbert', num_epochs=20, num_ft_encoders=3, num_neg=1, projector_lr=2e-05, seed=611, source_lang='en', target_lang='de')
00:00:14 - Evaluating every 1 epochs ...
00:00:14 - reading data from /mnt/home/puxuan/CLIR-project/Evaluation_data/process-clef/uncased
00:00:15 - test has 38 queries ...
00:00:15 - Data reading done ...
00:00:21 - adding 9-th encoder to optimizer...
00:00:21 - adding 10-th encoder to optimizer...
00:00:21 - adding 11-th encoder to optimizer...
00:00:21 - process[7]: training epoch 0 ...
00:00:37 - process[7] - epoch 0 - train iter 423 - 21173.3 words/s - loss: 0.6535
00:00:37 - process[7]: training epoch 1 ...
00:00:52 - process[7] - epoch 1 - train iter 423 - 21857.5 words/s - loss: 0.5507
00:00:52 - process[7]: training epoch 2 ...
00:01:07 - process[7] - epoch 2 - train iter 423 - 22007.2 words/s - loss: 0.5281
00:01:07 - process[7]: training epoch 3 ...
00:01:24 - process[7] - epoch 3 - train iter 423 - 20554.1 words/s - loss: 0.5031
00:01:24 - process[7]: training epoch 4 ...
00:01:40 - process[7] - epoch 4 - train iter 423 - 20781.0 words/s - loss: 0.5026
00:01:40 - process[7]: training epoch 5 ...
00:01:56 - process[7] - epoch 5 - train iter 423 - 20049.0 words/s - loss: 0.4769
00:01:56 - process[7]: training epoch 6 ...
00:02:13 - process[7] - epoch 6 - train iter 423 - 20477.6 words/s - loss: 0.4494
00:02:13 - process[7]: training epoch 7 ...
00:02:29 - process[7] - epoch 7 - train iter 423 - 20187.5 words/s - loss: 0.4661
00:02:29 - process[7]: training epoch 8 ...
00:02:45 - process[7] - epoch 8 - train iter 423 - 20358.4 words/s - loss: 0.4395
00:02:45 - process[7]: training epoch 9 ...
00:03:01 - process[7] - epoch 9 - train iter 423 - 21552.4 words/s - loss: 0.4916
00:03:01 - process[7]: training epoch 10 ...
00:03:17 - process[7] - epoch 10 - train iter 423 - 19751.2 words/s - loss: 0.4165
00:03:17 - process[7]: evaluating epoch 10 on dev ...
00:03:53 - dev set during evaluation: 13890/13887
00:03:53 - process[7] - dev - epoch 10 - mAP: 0.447 w/ 38 queries
00:03:53 - process[7]: evaluating epoch 10 on test ...
00:04:22 - test set during evaluation: 15580/15574
00:04:22 - process[7] - test - epoch 10 - mAP: 0.390 w/ 38 queries
00:04:22 - process[7]: training epoch 11 ...
00:04:39 - process[7] - epoch 11 - train iter 423 - 20381.1 words/s - loss: 0.4061
00:04:39 - process[7]: evaluating epoch 11 on dev ...
00:05:08 - dev set during evaluation: 13890/13887
00:05:08 - process[7] - dev - epoch 11 - mAP: 0.413 w/ 38 queries
00:05:08 - process[7]: training epoch 12 ...
00:05:24 - process[7] - epoch 12 - train iter 423 - 20337.2 words/s - loss: 0.4449
00:05:24 - process[7]: evaluating epoch 12 on dev ...
00:05:53 - dev set during evaluation: 13890/13887
00:05:53 - process[7] - dev - epoch 12 - mAP: 0.396 w/ 38 queries
00:05:53 - process[7]: training epoch 13 ...
00:06:09 - process[7] - epoch 13 - train iter 423 - 19881.4 words/s - loss: 0.4386
00:06:09 - process[7]: evaluating epoch 13 on dev ...
00:06:38 - dev set during evaluation: 13890/13887
00:06:38 - process[7] - dev - epoch 13 - mAP: 0.433 w/ 38 queries
00:06:38 - process[7]: training epoch 14 ...
00:06:54 - process[7] - epoch 14 - train iter 423 - 21443.5 words/s - loss: 0.3983
00:06:54 - process[7]: evaluating epoch 14 on dev ...
00:07:23 - dev set during evaluation: 13890/13887
00:07:23 - process[7] - dev - epoch 14 - mAP: 0.442 w/ 38 queries
00:07:23 - process[7]: training epoch 15 ...
00:07:39 - process[7] - epoch 15 - train iter 423 - 20674.4 words/s - loss: 0.4146
00:07:39 - process[7]: evaluating epoch 15 on dev ...
00:08:09 - dev set during evaluation: 13890/13887
00:08:09 - process[7] - dev - epoch 15 - mAP: 0.441 w/ 38 queries
00:08:09 - process[7]: training epoch 16 ...
00:08:25 - process[7] - epoch 16 - train iter 423 - 20091.2 words/s - loss: 0.3942
00:08:25 - process[7]: evaluating epoch 16 on dev ...
00:08:55 - dev set during evaluation: 13890/13887
00:08:55 - process[7] - dev - epoch 16 - mAP: 0.453 w/ 38 queries
00:08:55 - process[7]: evaluating epoch 16 on test ...
00:09:26 - test set during evaluation: 15580/15574
00:09:26 - process[7] - test - epoch 16 - mAP: 0.396 w/ 38 queries
00:09:26 - process[7]: training epoch 17 ...
00:09:42 - process[7] - epoch 17 - train iter 423 - 20887.5 words/s - loss: 0.3735
00:09:42 - process[7]: evaluating epoch 17 on dev ...
00:10:11 - dev set during evaluation: 13890/13887
00:10:11 - process[7] - dev - epoch 17 - mAP: 0.448 w/ 38 queries
00:10:11 - process[7]: training epoch 18 ...
00:10:27 - process[7] - epoch 18 - train iter 423 - 20801.5 words/s - loss: 0.4130
00:10:27 - process[7]: evaluating epoch 18 on dev ...
00:10:56 - dev set during evaluation: 13890/13887
00:10:56 - process[7] - dev - epoch 18 - mAP: 0.447 w/ 38 queries
00:10:56 - process[7]: training epoch 19 ...
00:11:12 - process[7] - epoch 19 - train iter 423 - 19888.7 words/s - loss: 0.3682
00:11:12 - process[7]: evaluating epoch 19 on dev ...
00:11:40 - dev set during evaluation: 13890/13887
00:11:40 - process[7] - dev - epoch 19 - mAP: 0.446 w/ 38 queries
00:11:40 - [fold 1] best test MAP: 0.396 @ epoch 16
00:11:40 - Evaluating every 1 epochs ...
00:11:40 - reading data from /mnt/home/puxuan/CLIR-project/Evaluation_data/process-clef/uncased
00:11:41 - test has 39 queries ...
00:11:41 - Data reading done ...
00:11:43 - adding 9-th encoder to optimizer...
00:11:43 - adding 10-th encoder to optimizer...
00:11:43 - adding 11-th encoder to optimizer...
00:11:43 - process[7]: training epoch 0 ...
00:12:02 - process[7] - epoch 0 - train iter 386 - 16487.5 words/s - loss: 0.6513
00:12:02 - process[7]: training epoch 1 ...
00:12:21 - process[7] - epoch 1 - train iter 386 - 15709.0 words/s - loss: 0.5903
00:12:21 - process[7]: training epoch 2 ...
00:12:38 - process[7] - epoch 2 - train iter 386 - 17711.5 words/s - loss: 0.5198
00:12:38 - process[7]: training epoch 3 ...
00:12:55 - process[7] - epoch 3 - train iter 386 - 17420.3 words/s - loss: 0.5148
00:12:55 - process[7]: training epoch 4 ...
00:13:12 - process[7] - epoch 4 - train iter 386 - 18069.1 words/s - loss: 0.4974
00:13:12 - process[7]: training epoch 5 ...
00:13:32 - process[7] - epoch 5 - train iter 386 - 15508.1 words/s - loss: 0.5111
00:13:32 - process[7]: training epoch 6 ...
00:13:48 - process[7] - epoch 6 - train iter 386 - 17930.4 words/s - loss: 0.4945
00:13:48 - process[7]: training epoch 7 ...
00:14:08 - process[7] - epoch 7 - train iter 386 - 16043.3 words/s - loss: 0.4925
00:14:08 - process[7]: training epoch 8 ...
00:14:26 - process[7] - epoch 8 - train iter 386 - 17020.2 words/s - loss: 0.4442
00:14:26 - process[7]: training epoch 9 ...
00:14:44 - process[7] - epoch 9 - train iter 386 - 16818.7 words/s - loss: 0.4490
00:14:44 - process[7]: training epoch 10 ...
00:15:01 - process[7] - epoch 10 - train iter 386 - 17938.7 words/s - loss: 0.4656
00:15:01 - process[7]: evaluating epoch 10 on dev ...
00:15:40 - dev set during evaluation: 15580/15574
00:15:40 - process[7] - dev - epoch 10 - mAP: 0.348 w/ 38 queries
00:15:40 - process[7]: evaluating epoch 10 on test ...
00:16:12 - test set during evaluation: 14340/14338
00:16:12 - process[7] - test - epoch 10 - mAP: 0.470 w/ 39 queries
00:16:12 - process[7]: training epoch 11 ...
00:16:29 - process[7] - epoch 11 - train iter 386 - 17667.6 words/s - loss: 0.4371
00:16:29 - process[7]: evaluating epoch 11 on dev ...
00:17:06 - dev set during evaluation: 15580/15574
00:17:06 - process[7] - dev - epoch 11 - mAP: 0.380 w/ 38 queries
00:17:06 - process[7]: evaluating epoch 11 on test ...
00:17:39 - test set during evaluation: 14340/14338
00:17:39 - process[7] - test - epoch 11 - mAP: 0.489 w/ 39 queries
00:17:39 - process[7]: training epoch 12 ...
00:17:57 - process[7] - epoch 12 - train iter 386 - 16633.8 words/s - loss: 0.3940
00:17:57 - process[7]: evaluating epoch 12 on dev ...
00:18:33 - dev set during evaluation: 15580/15574
00:18:33 - process[7] - dev - epoch 12 - mAP: 0.369 w/ 38 queries
00:18:33 - process[7]: training epoch 13 ...
00:18:50 - process[7] - epoch 13 - train iter 386 - 18273.5 words/s - loss: 0.4164
00:18:50 - process[7]: evaluating epoch 13 on dev ...
00:19:27 - dev set during evaluation: 15580/15574
00:19:27 - process[7] - dev - epoch 13 - mAP: 0.349 w/ 38 queries
00:19:27 - process[7]: training epoch 14 ...
00:19:47 - process[7] - epoch 14 - train iter 386 - 15580.7 words/s - loss: 0.4541
00:19:47 - process[7]: evaluating epoch 14 on dev ...
00:20:22 - dev set during evaluation: 15580/15574
00:20:22 - process[7] - dev - epoch 14 - mAP: 0.372 w/ 38 queries
00:20:22 - process[7]: training epoch 15 ...
00:20:41 - process[7] - epoch 15 - train iter 386 - 16126.8 words/s - loss: 0.4360
00:20:41 - process[7]: evaluating epoch 15 on dev ...
00:21:16 - dev set during evaluation: 15580/15574
00:21:16 - process[7] - dev - epoch 15 - mAP: 0.383 w/ 38 queries
00:21:16 - process[7]: evaluating epoch 15 on test ...
00:21:49 - test set during evaluation: 14340/14338
00:21:49 - process[7] - test - epoch 15 - mAP: 0.472 w/ 39 queries
00:21:49 - process[7]: training epoch 16 ...
00:22:05 - process[7] - epoch 16 - train iter 386 - 18047.1 words/s - loss: 0.4092
00:22:05 - process[7]: evaluating epoch 16 on dev ...
00:22:43 - dev set during evaluation: 15580/15574
00:22:43 - process[7] - dev - epoch 16 - mAP: 0.352 w/ 38 queries
00:22:43 - process[7]: training epoch 17 ...
00:23:01 - process[7] - epoch 17 - train iter 386 - 17287.8 words/s - loss: 0.4218
00:23:01 - process[7]: evaluating epoch 17 on dev ...
00:23:37 - dev set during evaluation: 15580/15574
00:23:37 - process[7] - dev - epoch 17 - mAP: 0.359 w/ 38 queries
00:23:37 - process[7]: training epoch 18 ...
00:23:56 - process[7] - epoch 18 - train iter 386 - 15607.9 words/s - loss: 0.3851
00:23:56 - process[7]: evaluating epoch 18 on dev ...
00:24:31 - dev set during evaluation: 15580/15574
00:24:31 - process[7] - dev - epoch 18 - mAP: 0.374 w/ 38 queries
00:24:31 - process[7]: training epoch 19 ...
00:24:48 - process[7] - epoch 19 - train iter 386 - 17010.5 words/s - loss: 0.3663
00:24:48 - process[7]: evaluating epoch 19 on dev ...
00:25:25 - dev set during evaluation: 15580/15574
00:25:25 - process[7] - dev - epoch 19 - mAP: 0.378 w/ 38 queries
00:25:25 - [fold 2] best test MAP: 0.472 @ epoch 15
00:25:25 - Evaluating every 1 epochs ...
00:25:25 - reading data from /mnt/home/puxuan/CLIR-project/Evaluation_data/process-clef/uncased
00:25:26 - test has 39 queries ...
00:25:26 - Data reading done ...
00:25:27 - adding 9-th encoder to optimizer...
00:25:27 - adding 10-th encoder to optimizer...
00:25:27 - adding 11-th encoder to optimizer...
00:25:28 - process[7]: training epoch 0 ...
00:25:46 - process[7] - epoch 0 - train iter 360 - 15841.4 words/s - loss: 0.6470
00:25:46 - process[7]: training epoch 1 ...
00:26:03 - process[7] - epoch 1 - train iter 360 - 16379.2 words/s - loss: 0.5905
00:26:03 - process[7]: training epoch 2 ...
00:26:20 - process[7] - epoch 2 - train iter 360 - 16040.3 words/s - loss: 0.5653
00:26:20 - process[7]: training epoch 3 ...
00:26:39 - process[7] - epoch 3 - train iter 360 - 15545.1 words/s - loss: 0.5504
00:26:39 - process[7]: training epoch 4 ...
00:26:56 - process[7] - epoch 4 - train iter 360 - 16077.5 words/s - loss: 0.4858
00:26:56 - process[7]: training epoch 5 ...
00:27:13 - process[7] - epoch 5 - train iter 360 - 16987.8 words/s - loss: 0.4898
00:27:13 - process[7]: training epoch 6 ...
00:27:29 - process[7] - epoch 6 - train iter 360 - 16921.9 words/s - loss: 0.4963
00:27:29 - process[7]: training epoch 7 ...
00:27:46 - process[7] - epoch 7 - train iter 360 - 17073.8 words/s - loss: 0.4217
00:27:46 - process[7]: training epoch 8 ...
00:28:04 - process[7] - epoch 8 - train iter 360 - 15476.4 words/s - loss: 0.4490
00:28:04 - process[7]: training epoch 9 ...
00:28:23 - process[7] - epoch 9 - train iter 360 - 15291.6 words/s - loss: 0.4314
00:28:23 - process[7]: training epoch 10 ...
00:28:40 - process[7] - epoch 10 - train iter 360 - 17262.6 words/s - loss: 0.4361
00:28:40 - process[7]: evaluating epoch 10 on dev ...
00:29:20 - dev set during evaluation: 14340/14338
00:29:20 - process[7] - dev - epoch 10 - mAP: 0.492 w/ 39 queries
00:29:20 - process[7]: evaluating epoch 10 on test ...
00:29:49 - test set during evaluation: 11710/11707
00:29:49 - process[7] - test - epoch 10 - mAP: 0.495 w/ 39 queries
00:29:49 - process[7]: training epoch 11 ...
00:30:07 - process[7] - epoch 11 - train iter 360 - 16258.2 words/s - loss: 0.4424
00:30:07 - process[7]: evaluating epoch 11 on dev ...
00:30:40 - dev set during evaluation: 14340/14338
00:30:40 - process[7] - dev - epoch 11 - mAP: 0.489 w/ 39 queries
00:30:40 - process[7]: training epoch 12 ...
00:30:57 - process[7] - epoch 12 - train iter 360 - 17209.1 words/s - loss: 0.4159
00:30:57 - process[7]: evaluating epoch 12 on dev ...
00:31:31 - dev set during evaluation: 14340/14338
00:31:31 - process[7] - dev - epoch 12 - mAP: 0.498 w/ 39 queries
00:31:31 - process[7]: evaluating epoch 12 on test ...
00:31:59 - test set during evaluation: 11710/11707
00:31:59 - process[7] - test - epoch 12 - mAP: 0.503 w/ 39 queries
00:31:59 - process[7]: training epoch 13 ...
00:32:15 - process[7] - epoch 13 - train iter 360 - 18016.2 words/s - loss: 0.4370
00:32:15 - process[7]: evaluating epoch 13 on dev ...
00:32:49 - dev set during evaluation: 14340/14338
00:32:49 - process[7] - dev - epoch 13 - mAP: 0.494 w/ 39 queries
00:32:49 - process[7]: training epoch 14 ...
00:33:05 - process[7] - epoch 14 - train iter 360 - 16796.0 words/s - loss: 0.4020
00:33:05 - process[7]: evaluating epoch 14 on dev ...
00:33:39 - dev set during evaluation: 14340/14338
00:33:39 - process[7] - dev - epoch 14 - mAP: 0.485 w/ 39 queries
00:33:39 - process[7]: training epoch 15 ...
00:33:56 - process[7] - epoch 15 - train iter 360 - 16915.6 words/s - loss: 0.4100
00:33:56 - process[7]: evaluating epoch 15 on dev ...
00:34:30 - dev set during evaluation: 14340/14338
00:34:30 - process[7] - dev - epoch 15 - mAP: 0.480 w/ 39 queries
00:34:30 - process[7]: training epoch 16 ...
00:34:46 - process[7] - epoch 16 - train iter 360 - 17582.1 words/s - loss: 0.3734
00:34:46 - process[7]: evaluating epoch 16 on dev ...
00:35:21 - dev set during evaluation: 14340/14338
00:35:21 - process[7] - dev - epoch 16 - mAP: 0.484 w/ 39 queries
00:35:21 - process[7]: training epoch 17 ...
00:35:39 - process[7] - epoch 17 - train iter 360 - 15485.5 words/s - loss: 0.3871
00:35:39 - process[7]: evaluating epoch 17 on dev ...
00:36:12 - dev set during evaluation: 14340/14338
00:36:12 - process[7] - dev - epoch 17 - mAP: 0.478 w/ 39 queries
00:36:12 - process[7]: training epoch 18 ...
00:36:32 - process[7] - epoch 18 - train iter 360 - 14590.1 words/s - loss: 0.4082
00:36:32 - process[7]: evaluating epoch 18 on dev ...
00:37:04 - dev set during evaluation: 14340/14338
00:37:04 - process[7] - dev - epoch 18 - mAP: 0.490 w/ 39 queries
00:37:04 - process[7]: training epoch 19 ...
00:37:21 - process[7] - epoch 19 - train iter 360 - 16478.0 words/s - loss: 0.3837
00:37:21 - process[7]: evaluating epoch 19 on dev ...
00:37:55 - dev set during evaluation: 14340/14338
00:37:55 - process[7] - dev - epoch 19 - mAP: 0.487 w/ 39 queries
00:37:55 - [fold 3] best test MAP: 0.503 @ epoch 12
00:37:55 - Evaluating every 1 epochs ...
00:37:55 - reading data from /mnt/home/puxuan/CLIR-project/Evaluation_data/process-clef/uncased
00:37:56 - test has 38 queries ...
00:37:56 - Data reading done ...
00:37:58 - adding 9-th encoder to optimizer...
00:37:58 - adding 10-th encoder to optimizer...
00:37:58 - adding 11-th encoder to optimizer...
00:37:58 - process[7]: training epoch 0 ...
00:38:17 - process[7] - epoch 0 - train iter 404 - 16932.4 words/s - loss: 0.6483
00:38:17 - process[7]: training epoch 1 ...
00:38:34 - process[7] - epoch 1 - train iter 404 - 18420.0 words/s - loss: 0.5582
00:38:34 - process[7]: training epoch 2 ...
00:38:51 - process[7] - epoch 2 - train iter 404 - 19022.4 words/s - loss: 0.5287
00:38:51 - process[7]: training epoch 3 ...
00:39:10 - process[7] - epoch 3 - train iter 404 - 16835.1 words/s - loss: 0.5413
00:39:10 - process[7]: training epoch 4 ...
00:39:28 - process[7] - epoch 4 - train iter 404 - 17934.5 words/s - loss: 0.4824
00:39:28 - process[7]: training epoch 5 ...
00:39:46 - process[7] - epoch 5 - train iter 404 - 17220.7 words/s - loss: 0.4831
00:39:46 - process[7]: training epoch 6 ...
00:40:04 - process[7] - epoch 6 - train iter 404 - 17873.3 words/s - loss: 0.4724
00:40:04 - process[7]: training epoch 7 ...
00:40:21 - process[7] - epoch 7 - train iter 404 - 18541.1 words/s - loss: 0.4584
00:40:21 - process[7]: training epoch 8 ...
00:40:38 - process[7] - epoch 8 - train iter 404 - 18779.7 words/s - loss: 0.4376
00:40:38 - process[7]: training epoch 9 ...
00:40:55 - process[7] - epoch 9 - train iter 404 - 18751.3 words/s - loss: 0.4536
00:40:55 - process[7]: training epoch 10 ...
00:41:13 - process[7] - epoch 10 - train iter 404 - 18137.6 words/s - loss: 0.4165
00:41:13 - process[7]: evaluating epoch 10 on dev ...
00:41:45 - dev set during evaluation: 11710/11707
00:41:45 - process[7] - dev - epoch 10 - mAP: 0.486 w/ 39 queries
00:41:45 - process[7]: evaluating epoch 10 on test ...
00:42:13 - test set during evaluation: 13490/13483
00:42:13 - process[7] - test - epoch 10 - mAP: 0.469 w/ 38 queries
00:42:13 - process[7]: training epoch 11 ...
00:42:33 - process[7] - epoch 11 - train iter 404 - 16299.6 words/s - loss: 0.4092
00:42:33 - process[7]: evaluating epoch 11 on dev ...
00:43:00 - dev set during evaluation: 11710/11707
00:43:00 - process[7] - dev - epoch 11 - mAP: 0.474 w/ 39 queries
00:43:00 - process[7]: training epoch 12 ...
00:43:18 - process[7] - epoch 12 - train iter 404 - 17696.5 words/s - loss: 0.4391
00:43:18 - process[7]: evaluating epoch 12 on dev ...
00:43:45 - dev set during evaluation: 11710/11707
00:43:45 - process[7] - dev - epoch 12 - mAP: 0.473 w/ 39 queries
00:43:45 - process[7]: training epoch 13 ...
00:44:03 - process[7] - epoch 13 - train iter 404 - 17400.1 words/s - loss: 0.3836
00:44:03 - process[7]: evaluating epoch 13 on dev ...
00:44:30 - dev set during evaluation: 11710/11707
00:44:30 - process[7] - dev - epoch 13 - mAP: 0.506 w/ 39 queries
00:44:30 - process[7]: evaluating epoch 13 on test ...
00:44:58 - test set during evaluation: 13490/13483
00:44:58 - process[7] - test - epoch 13 - mAP: 0.494 w/ 38 queries
00:44:58 - process[7]: training epoch 14 ...
00:45:15 - process[7] - epoch 14 - train iter 404 - 17770.4 words/s - loss: 0.3776
00:45:15 - process[7]: evaluating epoch 14 on dev ...
00:45:43 - dev set during evaluation: 11710/11707
00:45:43 - process[7] - dev - epoch 14 - mAP: 0.482 w/ 39 queries
00:45:43 - process[7]: training epoch 15 ...
00:46:01 - process[7] - epoch 15 - train iter 404 - 17537.0 words/s - loss: 0.3842
00:46:01 - process[7]: evaluating epoch 15 on dev ...
00:46:29 - dev set during evaluation: 11710/11707
00:46:29 - process[7] - dev - epoch 15 - mAP: 0.502 w/ 39 queries
00:46:29 - process[7]: training epoch 16 ...
00:46:46 - process[7] - epoch 16 - train iter 404 - 19031.6 words/s - loss: 0.4011
00:46:46 - process[7]: evaluating epoch 16 on dev ...
00:47:14 - dev set during evaluation: 11710/11707
00:47:14 - process[7] - dev - epoch 16 - mAP: 0.496 w/ 39 queries
00:47:14 - process[7]: training epoch 17 ...
00:47:32 - process[7] - epoch 17 - train iter 404 - 17623.4 words/s - loss: 0.3701
00:47:32 - process[7]: evaluating epoch 17 on dev ...
00:48:00 - dev set during evaluation: 11710/11707
00:48:00 - process[7] - dev - epoch 17 - mAP: 0.492 w/ 39 queries
00:48:00 - process[7]: training epoch 18 ...
00:48:17 - process[7] - epoch 18 - train iter 404 - 18972.9 words/s - loss: 0.3875
00:48:17 - process[7]: evaluating epoch 18 on dev ...
00:48:46 - dev set during evaluation: 11710/11707
00:48:46 - process[7] - dev - epoch 18 - mAP: 0.502 w/ 39 queries
00:48:46 - process[7]: training epoch 19 ...
00:49:03 - process[7] - epoch 19 - train iter 404 - 17889.6 words/s - loss: 0.3542
00:49:03 - process[7]: evaluating epoch 19 on dev ...
00:49:30 - dev set during evaluation: 11710/11707
00:49:30 - process[7] - dev - epoch 19 - mAP: 0.504 w/ 39 queries
00:49:30 - [fold 4] best test MAP: 0.494 @ epoch 13
00:49:30 - Evaluating every 1 epochs ...
00:49:30 - reading data from /mnt/home/puxuan/CLIR-project/Evaluation_data/process-clef/uncased
00:49:31 - test has 38 queries ...
00:49:31 - Data reading done ...
00:49:33 - adding 9-th encoder to optimizer...
00:49:33 - adding 10-th encoder to optimizer...
00:49:33 - adding 11-th encoder to optimizer...
00:49:33 - process[7]: training epoch 0 ...
00:49:51 - process[7] - epoch 0 - train iter 444 - 19739.4 words/s - loss: 0.6502
00:49:51 - process[7]: training epoch 1 ...
00:50:11 - process[7] - epoch 1 - train iter 444 - 17838.9 words/s - loss: 0.5841
00:50:11 - process[7]: training epoch 2 ...
00:50:30 - process[7] - epoch 2 - train iter 444 - 18580.9 words/s - loss: 0.5381
00:50:30 - process[7]: training epoch 3 ...
00:50:49 - process[7] - epoch 3 - train iter 444 - 18741.2 words/s - loss: 0.5358
00:50:49 - process[7]: training epoch 4 ...
00:51:08 - process[7] - epoch 4 - train iter 444 - 18000.8 words/s - loss: 0.5028
00:51:08 - process[7]: training epoch 5 ...
00:51:27 - process[7] - epoch 5 - train iter 444 - 18141.0 words/s - loss: 0.5190
00:51:27 - process[7]: training epoch 6 ...
00:51:45 - process[7] - epoch 6 - train iter 444 - 19290.7 words/s - loss: 0.4828
00:51:45 - process[7]: training epoch 7 ...
00:52:03 - process[7] - epoch 7 - train iter 444 - 20060.3 words/s - loss: 0.4867
00:52:03 - process[7]: training epoch 8 ...
00:52:22 - process[7] - epoch 8 - train iter 444 - 18303.8 words/s - loss: 0.4645
00:52:22 - process[7]: training epoch 9 ...
00:52:40 - process[7] - epoch 9 - train iter 444 - 19440.4 words/s - loss: 0.4738
00:52:40 - process[7]: training epoch 10 ...
00:53:00 - process[7] - epoch 10 - train iter 444 - 17783.0 words/s - loss: 0.4641
00:53:00 - process[7]: evaluating epoch 10 on dev ...
00:53:29 - dev set during evaluation: 13490/13483
00:53:29 - process[7] - dev - epoch 10 - mAP: 0.461 w/ 38 queries
00:53:29 - process[7]: evaluating epoch 10 on test ...
00:54:01 - test set during evaluation: 13890/13887
00:54:01 - process[7] - test - epoch 10 - mAP: 0.425 w/ 38 queries
00:54:01 - process[7]: training epoch 11 ...
00:54:20 - process[7] - epoch 11 - train iter 444 - 19132.8 words/s - loss: 0.4531
00:54:20 - process[7]: evaluating epoch 11 on dev ...
00:54:49 - dev set during evaluation: 13490/13483
00:54:49 - process[7] - dev - epoch 11 - mAP: 0.438 w/ 38 queries
00:54:49 - process[7]: training epoch 12 ...
00:55:07 - process[7] - epoch 12 - train iter 444 - 19265.1 words/s - loss: 0.4275
00:55:07 - process[7]: evaluating epoch 12 on dev ...
00:55:35 - dev set during evaluation: 13490/13483
00:55:35 - process[7] - dev - epoch 12 - mAP: 0.455 w/ 38 queries
00:55:35 - process[7]: training epoch 13 ...
00:55:53 - process[7] - epoch 13 - train iter 444 - 19141.2 words/s - loss: 0.4595
00:55:53 - process[7]: evaluating epoch 13 on dev ...
00:56:22 - dev set during evaluation: 13490/13483
00:56:22 - process[7] - dev - epoch 13 - mAP: 0.451 w/ 38 queries
00:56:22 - process[7]: training epoch 14 ...
00:56:42 - process[7] - epoch 14 - train iter 444 - 17164.1 words/s - loss: 0.4671
00:56:42 - process[7]: evaluating epoch 14 on dev ...
00:57:10 - dev set during evaluation: 13490/13483
00:57:10 - process[7] - dev - epoch 14 - mAP: 0.459 w/ 38 queries
00:57:10 - process[7]: training epoch 15 ...
00:57:28 - process[7] - epoch 15 - train iter 444 - 18762.5 words/s - loss: 0.4239
00:57:28 - process[7]: evaluating epoch 15 on dev ...
00:57:56 - dev set during evaluation: 13490/13483
00:57:56 - process[7] - dev - epoch 15 - mAP: 0.451 w/ 38 queries
00:57:56 - process[7]: training epoch 16 ...
00:58:14 - process[7] - epoch 16 - train iter 444 - 19559.8 words/s - loss: 0.4233
00:58:14 - process[7]: evaluating epoch 16 on dev ...
00:58:43 - dev set during evaluation: 13490/13483
00:58:43 - process[7] - dev - epoch 16 - mAP: 0.452 w/ 38 queries
00:58:43 - process[7]: training epoch 17 ...
00:59:03 - process[7] - epoch 17 - train iter 444 - 17438.5 words/s - loss: 0.4281
00:59:03 - process[7]: evaluating epoch 17 on dev ...
00:59:30 - dev set during evaluation: 13490/13483
00:59:30 - process[7] - dev - epoch 17 - mAP: 0.461 w/ 38 queries
00:59:30 - process[7]: evaluating epoch 17 on test ...
01:00:02 - test set during evaluation: 13890/13887
01:00:02 - process[7] - test - epoch 17 - mAP: 0.434 w/ 38 queries
01:00:02 - process[7]: training epoch 18 ...
01:00:22 - process[7] - epoch 18 - train iter 444 - 17691.0 words/s - loss: 0.4413
01:00:22 - process[7]: evaluating epoch 18 on dev ...
01:00:49 - dev set during evaluation: 13490/13483
01:00:49 - process[7] - dev - epoch 18 - mAP: 0.467 w/ 38 queries
01:00:49 - process[7]: evaluating epoch 18 on test ...
01:01:21 - test set during evaluation: 13890/13887
01:01:21 - process[7] - test - epoch 18 - mAP: 0.445 w/ 38 queries
01:01:21 - process[7]: training epoch 19 ...
01:01:41 - process[7] - epoch 19 - train iter 444 - 18051.8 words/s - loss: 0.4299
01:01:41 - process[7]: evaluating epoch 19 on dev ...
01:02:08 - dev set during evaluation: 13490/13483
01:02:08 - process[7] - dev - epoch 19 - mAP: 0.471 w/ 38 queries
01:02:08 - process[7]: evaluating epoch 19 on test ...
01:02:40 - test set during evaluation: 13890/13887
01:02:40 - process[7] - test - epoch 19 - mAP: 0.436 w/ 38 queries
01:02:40 - [fold 5] best test MAP: 0.436 @ epoch 19
01:02:40 - [0.39591224397135705, 0.4721613536272254, 0.5029977112414291, 0.49372042328089777, 0.4358845464987427]
01:02:40 - [38, 39, 39, 38, 38]
01:02:40 - final MAP: 0.460
