00:00:06 - Namespace(apex_level='O2', batch_size=8, cased=False, dataset='clef', debug=False, encoder_lr=2e-05, eval_step=1, full_doc_length=True, local_rank=5, model_path='/mnt/scratch/puxuan/short_qlm_0.15/2186792/huggingface-4', model_type='mbert', num_epochs=20, num_ft_encoders=3, num_neg=1, projector_lr=2e-05, seed=611, source_lang='es', target_lang='en')
00:00:18 - Evaluating every 1 epochs ...
00:00:18 - reading data from /mnt/home/puxuan/CLIR-project/Evaluation_data/process-clef/uncased
00:00:20 - test has 35 queries ...
00:00:20 - Data reading done ...
00:00:27 - adding 9-th encoder to optimizer...
00:00:27 - adding 10-th encoder to optimizer...
00:00:27 - adding 11-th encoder to optimizer...
00:00:27 - process[5]: training epoch 0 ...
00:00:40 - process[5] - epoch 0 - train iter 197 - 14017.2 words/s - loss: 0.6840
00:00:40 - process[5]: training epoch 1 ...
00:00:52 - process[5] - epoch 1 - train iter 197 - 14238.0 words/s - loss: 0.5887
00:00:52 - process[5]: training epoch 2 ...
00:01:04 - process[5] - epoch 2 - train iter 197 - 15724.3 words/s - loss: 0.5007
00:01:04 - process[5]: training epoch 3 ...
00:01:16 - process[5] - epoch 3 - train iter 197 - 15091.0 words/s - loss: 0.5086
00:01:16 - process[5]: training epoch 4 ...
00:01:27 - process[5] - epoch 4 - train iter 197 - 15678.0 words/s - loss: 0.5086
00:01:27 - process[5]: training epoch 5 ...
00:01:38 - process[5] - epoch 5 - train iter 197 - 16274.1 words/s - loss: 0.4717
00:01:38 - process[5]: training epoch 6 ...
00:01:49 - process[5] - epoch 6 - train iter 197 - 16785.7 words/s - loss: 0.4707
00:01:49 - process[5]: training epoch 7 ...
00:02:01 - process[5] - epoch 7 - train iter 197 - 15483.1 words/s - loss: 0.4886
00:02:01 - process[5]: training epoch 8 ...
00:02:12 - process[5] - epoch 8 - train iter 197 - 15951.6 words/s - loss: 0.4211
00:02:12 - process[5]: training epoch 9 ...
00:02:23 - process[5] - epoch 9 - train iter 197 - 16330.3 words/s - loss: 0.4860
00:02:23 - process[5]: training epoch 10 ...
00:02:35 - process[5] - epoch 10 - train iter 197 - 14519.7 words/s - loss: 0.4551
00:02:35 - process[5]: evaluating epoch 10 on dev ...
00:03:18 - dev set during evaluation: 14160/14157
00:03:18 - process[5] - dev - epoch 10 - mAP: 0.414 w/ 35 queries
00:03:18 - process[5]: evaluating epoch 10 on test ...
00:03:59 - test set during evaluation: 14980/14975
00:03:59 - process[5] - test - epoch 10 - mAP: 0.399 w/ 35 queries
00:03:59 - process[5]: training epoch 11 ...
00:04:09 - process[5] - epoch 11 - train iter 197 - 16983.7 words/s - loss: 0.4726
00:04:09 - process[5]: evaluating epoch 11 on dev ...
00:04:56 - dev set during evaluation: 14160/14157
00:04:56 - process[5] - dev - epoch 11 - mAP: 0.421 w/ 35 queries
00:04:56 - process[5]: evaluating epoch 11 on test ...
00:05:37 - test set during evaluation: 14980/14975
00:05:37 - process[5] - test - epoch 11 - mAP: 0.415 w/ 35 queries
00:05:37 - process[5]: training epoch 12 ...
00:05:47 - process[5] - epoch 12 - train iter 197 - 16773.7 words/s - loss: 0.4706
00:05:47 - process[5]: evaluating epoch 12 on dev ...
00:06:31 - dev set during evaluation: 14160/14157
00:06:31 - process[5] - dev - epoch 12 - mAP: 0.453 w/ 35 queries
00:06:31 - process[5]: evaluating epoch 12 on test ...
00:07:12 - test set during evaluation: 14980/14975
00:07:12 - process[5] - test - epoch 12 - mAP: 0.435 w/ 35 queries
00:07:12 - process[5]: training epoch 13 ...
00:07:23 - process[5] - epoch 13 - train iter 197 - 17063.1 words/s - loss: 0.4269
00:07:23 - process[5]: evaluating epoch 13 on dev ...
00:08:09 - dev set during evaluation: 14160/14157
00:08:09 - process[5] - dev - epoch 13 - mAP: 0.447 w/ 35 queries
00:08:09 - process[5]: training epoch 14 ...
00:08:20 - process[5] - epoch 14 - train iter 197 - 15095.1 words/s - loss: 0.4547
00:08:20 - process[5]: evaluating epoch 14 on dev ...
00:09:04 - dev set during evaluation: 14160/14157
00:09:04 - process[5] - dev - epoch 14 - mAP: 0.431 w/ 35 queries
00:09:04 - process[5]: training epoch 15 ...
00:09:15 - process[5] - epoch 15 - train iter 197 - 16171.9 words/s - loss: 0.4633
00:09:15 - process[5]: evaluating epoch 15 on dev ...
00:09:59 - dev set during evaluation: 14160/14157
00:09:59 - process[5] - dev - epoch 15 - mAP: 0.414 w/ 35 queries
00:09:59 - process[5]: training epoch 16 ...
00:10:11 - process[5] - epoch 16 - train iter 197 - 15741.7 words/s - loss: 0.4202
00:10:11 - process[5]: evaluating epoch 16 on dev ...
00:10:55 - dev set during evaluation: 14160/14157
00:10:55 - process[5] - dev - epoch 16 - mAP: 0.459 w/ 35 queries
00:10:55 - process[5]: evaluating epoch 16 on test ...
00:11:36 - test set during evaluation: 14980/14975
00:11:36 - process[5] - test - epoch 16 - mAP: 0.459 w/ 35 queries
00:11:36 - process[5]: training epoch 17 ...
00:11:46 - process[5] - epoch 17 - train iter 197 - 17572.3 words/s - loss: 0.4000
00:11:46 - process[5]: evaluating epoch 17 on dev ...
00:12:31 - dev set during evaluation: 14160/14157
00:12:31 - process[5] - dev - epoch 17 - mAP: 0.414 w/ 35 queries
00:12:31 - process[5]: training epoch 18 ...
00:12:41 - process[5] - epoch 18 - train iter 197 - 18048.2 words/s - loss: 0.4288
00:12:41 - process[5]: evaluating epoch 18 on dev ...
00:13:26 - dev set during evaluation: 14160/14157
00:13:26 - process[5] - dev - epoch 18 - mAP: 0.480 w/ 35 queries
00:13:26 - process[5]: evaluating epoch 18 on test ...
00:14:07 - test set during evaluation: 14980/14975
00:14:07 - process[5] - test - epoch 18 - mAP: 0.442 w/ 35 queries
00:14:07 - process[5]: training epoch 19 ...
00:14:17 - process[5] - epoch 19 - train iter 197 - 17530.0 words/s - loss: 0.3466
00:14:17 - process[5]: evaluating epoch 19 on dev ...
00:15:04 - dev set during evaluation: 14160/14157
00:15:04 - process[5] - dev - epoch 19 - mAP: 0.463 w/ 35 queries
00:15:04 - [fold 1] best test MAP: 0.442 @ epoch 18
00:15:04 - Evaluating every 1 epochs ...
00:15:04 - reading data from /mnt/home/puxuan/CLIR-project/Evaluation_data/process-clef/uncased
00:15:04 - test has 36 queries ...
00:15:04 - Data reading done ...
00:15:06 - adding 9-th encoder to optimizer...
00:15:06 - adding 10-th encoder to optimizer...
00:15:06 - adding 11-th encoder to optimizer...
00:15:06 - process[5]: training epoch 0 ...
00:15:17 - process[5] - epoch 0 - train iter 187 - 15175.0 words/s - loss: 0.6722
00:15:17 - process[5]: training epoch 1 ...
00:15:26 - process[5] - epoch 1 - train iter 187 - 19520.9 words/s - loss: 0.5847
00:15:26 - process[5]: training epoch 2 ...
00:15:35 - process[5] - epoch 2 - train iter 187 - 17706.3 words/s - loss: 0.5083
00:15:35 - process[5]: training epoch 3 ...
00:15:46 - process[5] - epoch 3 - train iter 187 - 16314.3 words/s - loss: 0.5452
00:15:46 - process[5]: training epoch 4 ...
00:15:55 - process[5] - epoch 4 - train iter 187 - 17785.9 words/s - loss: 0.5119
00:15:55 - process[5]: training epoch 5 ...
00:16:06 - process[5] - epoch 5 - train iter 187 - 16667.9 words/s - loss: 0.4759
00:16:06 - process[5]: training epoch 6 ...
00:16:16 - process[5] - epoch 6 - train iter 187 - 16110.9 words/s - loss: 0.5068
00:16:16 - process[5]: training epoch 7 ...
00:16:26 - process[5] - epoch 7 - train iter 187 - 17070.3 words/s - loss: 0.4766
00:16:26 - process[5]: training epoch 8 ...
00:16:37 - process[5] - epoch 8 - train iter 187 - 16580.4 words/s - loss: 0.4367
00:16:37 - process[5]: training epoch 9 ...
00:16:47 - process[5] - epoch 9 - train iter 187 - 17130.3 words/s - loss: 0.4483
00:16:47 - process[5]: training epoch 10 ...
00:16:56 - process[5] - epoch 10 - train iter 187 - 18411.5 words/s - loss: 0.4586
00:16:56 - process[5]: evaluating epoch 10 on dev ...
00:17:39 - dev set during evaluation: 14980/14975
00:17:39 - process[5] - dev - epoch 10 - mAP: 0.451 w/ 35 queries
00:17:39 - process[5]: evaluating epoch 10 on test ...
00:18:22 - test set during evaluation: 15300/15294
00:18:22 - process[5] - test - epoch 10 - mAP: 0.430 w/ 36 queries
00:18:22 - process[5]: training epoch 11 ...
00:18:32 - process[5] - epoch 11 - train iter 187 - 17106.6 words/s - loss: 0.4095
00:18:32 - process[5]: evaluating epoch 11 on dev ...
00:19:13 - dev set during evaluation: 14980/14975
00:19:13 - process[5] - dev - epoch 11 - mAP: 0.382 w/ 35 queries
00:19:13 - process[5]: training epoch 12 ...
00:19:22 - process[5] - epoch 12 - train iter 187 - 18051.4 words/s - loss: 0.4304
00:19:22 - process[5]: evaluating epoch 12 on dev ...
00:20:04 - dev set during evaluation: 14980/14975
00:20:04 - process[5] - dev - epoch 12 - mAP: 0.421 w/ 35 queries
00:20:04 - process[5]: training epoch 13 ...
00:20:14 - process[5] - epoch 13 - train iter 187 - 17511.4 words/s - loss: 0.4405
00:20:14 - process[5]: evaluating epoch 13 on dev ...
00:20:56 - dev set during evaluation: 14980/14975
00:20:56 - process[5] - dev - epoch 13 - mAP: 0.406 w/ 35 queries
00:20:56 - process[5]: training epoch 14 ...
00:21:06 - process[5] - epoch 14 - train iter 187 - 16611.9 words/s - loss: 0.4294
00:21:06 - process[5]: evaluating epoch 14 on dev ...
00:21:47 - dev set during evaluation: 14980/14975
00:21:47 - process[5] - dev - epoch 14 - mAP: 0.377 w/ 35 queries
00:21:47 - process[5]: training epoch 15 ...
00:21:57 - process[5] - epoch 15 - train iter 187 - 16671.5 words/s - loss: 0.3926
00:21:57 - process[5]: evaluating epoch 15 on dev ...
00:22:38 - dev set during evaluation: 14980/14975
00:22:38 - process[5] - dev - epoch 15 - mAP: 0.396 w/ 35 queries
00:22:38 - process[5]: training epoch 16 ...
00:22:48 - process[5] - epoch 16 - train iter 187 - 17517.2 words/s - loss: 0.4385
00:22:48 - process[5]: evaluating epoch 16 on dev ...
00:23:28 - dev set during evaluation: 14980/14975
00:23:28 - process[5] - dev - epoch 16 - mAP: 0.390 w/ 35 queries
00:23:28 - process[5]: training epoch 17 ...
00:23:38 - process[5] - epoch 17 - train iter 187 - 18336.9 words/s - loss: 0.4315
00:23:38 - process[5]: evaluating epoch 17 on dev ...
00:24:19 - dev set during evaluation: 14980/14975
00:24:19 - process[5] - dev - epoch 17 - mAP: 0.444 w/ 35 queries
00:24:19 - process[5]: training epoch 18 ...
00:24:30 - process[5] - epoch 18 - train iter 187 - 15656.6 words/s - loss: 0.4304
00:24:30 - process[5]: evaluating epoch 18 on dev ...
00:25:11 - dev set during evaluation: 14980/14975
00:25:11 - process[5] - dev - epoch 18 - mAP: 0.399 w/ 35 queries
00:25:11 - process[5]: training epoch 19 ...
00:25:22 - process[5] - epoch 19 - train iter 187 - 15338.4 words/s - loss: 0.3924
00:25:22 - process[5]: evaluating epoch 19 on dev ...
00:26:02 - dev set during evaluation: 14980/14975
00:26:02 - process[5] - dev - epoch 19 - mAP: 0.409 w/ 35 queries
00:26:02 - [fold 2] best test MAP: 0.430 @ epoch 10
00:26:02 - Evaluating every 1 epochs ...
00:26:02 - reading data from /mnt/home/puxuan/CLIR-project/Evaluation_data/process-clef/uncased
00:26:03 - test has 35 queries ...
00:26:03 - Data reading done ...
00:26:04 - adding 9-th encoder to optimizer...
00:26:04 - adding 10-th encoder to optimizer...
00:26:04 - adding 11-th encoder to optimizer...
00:26:05 - process[5]: training epoch 0 ...
00:26:15 - process[5] - epoch 0 - train iter 196 - 16961.0 words/s - loss: 0.6746
00:26:15 - process[5]: training epoch 1 ...
00:26:26 - process[5] - epoch 1 - train iter 196 - 16449.7 words/s - loss: 0.5762
00:26:26 - process[5]: training epoch 2 ...
00:26:37 - process[5] - epoch 2 - train iter 196 - 16500.7 words/s - loss: 0.5394
00:26:37 - process[5]: training epoch 3 ...
00:26:47 - process[5] - epoch 3 - train iter 196 - 18792.9 words/s - loss: 0.4832
00:26:47 - process[5]: training epoch 4 ...
00:26:57 - process[5] - epoch 4 - train iter 196 - 16664.6 words/s - loss: 0.4745
00:26:57 - process[5]: training epoch 5 ...
00:27:09 - process[5] - epoch 5 - train iter 196 - 15158.9 words/s - loss: 0.4997
00:27:09 - process[5]: training epoch 6 ...
00:27:19 - process[5] - epoch 6 - train iter 196 - 16720.9 words/s - loss: 0.4754
00:27:19 - process[5]: training epoch 7 ...
00:27:29 - process[5] - epoch 7 - train iter 196 - 16654.9 words/s - loss: 0.5146
00:27:29 - process[5]: training epoch 8 ...
00:27:40 - process[5] - epoch 8 - train iter 196 - 16960.5 words/s - loss: 0.4626
00:27:40 - process[5]: training epoch 9 ...
00:27:51 - process[5] - epoch 9 - train iter 196 - 17264.3 words/s - loss: 0.4576
00:27:51 - process[5]: training epoch 10 ...
00:28:01 - process[5] - epoch 10 - train iter 196 - 16609.3 words/s - loss: 0.4980
00:28:01 - process[5]: evaluating epoch 10 on dev ...
00:28:45 - dev set during evaluation: 15300/15294
00:28:45 - process[5] - dev - epoch 10 - mAP: 0.387 w/ 36 queries
00:28:45 - process[5]: evaluating epoch 10 on test ...
00:29:28 - test set during evaluation: 15480/15477
00:29:28 - process[5] - test - epoch 10 - mAP: 0.356 w/ 35 queries
00:29:28 - process[5]: training epoch 11 ...
00:29:37 - process[5] - epoch 11 - train iter 196 - 18333.9 words/s - loss: 0.4714
00:29:37 - process[5]: evaluating epoch 11 on dev ...
00:30:21 - dev set during evaluation: 15300/15294
00:30:21 - process[5] - dev - epoch 11 - mAP: 0.406 w/ 36 queries
00:30:21 - process[5]: evaluating epoch 11 on test ...
00:31:03 - test set during evaluation: 15480/15477
00:31:03 - process[5] - test - epoch 11 - mAP: 0.363 w/ 35 queries
00:31:03 - process[5]: training epoch 12 ...
00:31:13 - process[5] - epoch 12 - train iter 196 - 17123.6 words/s - loss: 0.4762
00:31:13 - process[5]: evaluating epoch 12 on dev ...
00:31:56 - dev set during evaluation: 15300/15294
00:31:56 - process[5] - dev - epoch 12 - mAP: 0.383 w/ 36 queries
00:31:56 - process[5]: training epoch 13 ...
00:32:06 - process[5] - epoch 13 - train iter 196 - 17286.4 words/s - loss: 0.4379
00:32:06 - process[5]: evaluating epoch 13 on dev ...
00:32:49 - dev set during evaluation: 15300/15294
00:32:49 - process[5] - dev - epoch 13 - mAP: 0.409 w/ 36 queries
00:32:49 - process[5]: evaluating epoch 13 on test ...
00:33:31 - test set during evaluation: 15480/15477
00:33:31 - process[5] - test - epoch 13 - mAP: 0.302 w/ 35 queries
00:33:31 - process[5]: training epoch 14 ...
00:33:42 - process[5] - epoch 14 - train iter 196 - 16305.4 words/s - loss: 0.4028
00:33:42 - process[5]: evaluating epoch 14 on dev ...
00:34:25 - dev set during evaluation: 15300/15294
00:34:25 - process[5] - dev - epoch 14 - mAP: 0.416 w/ 36 queries
00:34:25 - process[5]: evaluating epoch 14 on test ...
00:35:06 - test set during evaluation: 15480/15477
00:35:06 - process[5] - test - epoch 14 - mAP: 0.357 w/ 35 queries
00:35:06 - process[5]: training epoch 15 ...
00:35:16 - process[5] - epoch 15 - train iter 196 - 18915.1 words/s - loss: 0.4032
00:35:16 - process[5]: evaluating epoch 15 on dev ...
00:35:59 - dev set during evaluation: 15300/15294
00:35:59 - process[5] - dev - epoch 15 - mAP: 0.403 w/ 36 queries
00:35:59 - process[5]: training epoch 16 ...
00:36:10 - process[5] - epoch 16 - train iter 196 - 16135.0 words/s - loss: 0.4394
00:36:10 - process[5]: evaluating epoch 16 on dev ...
00:36:51 - dev set during evaluation: 15300/15294
00:36:51 - process[5] - dev - epoch 16 - mAP: 0.402 w/ 36 queries
00:36:51 - process[5]: training epoch 17 ...
00:37:01 - process[5] - epoch 17 - train iter 196 - 17468.0 words/s - loss: 0.4303
00:37:01 - process[5]: evaluating epoch 17 on dev ...
00:37:44 - dev set during evaluation: 15300/15294
00:37:44 - process[5] - dev - epoch 17 - mAP: 0.418 w/ 36 queries
00:37:44 - process[5]: evaluating epoch 17 on test ...
00:38:26 - test set during evaluation: 15480/15477
00:38:26 - process[5] - test - epoch 17 - mAP: 0.318 w/ 35 queries
00:38:26 - process[5]: training epoch 18 ...
00:38:37 - process[5] - epoch 18 - train iter 196 - 16025.1 words/s - loss: 0.3768
00:38:37 - process[5]: evaluating epoch 18 on dev ...
00:39:19 - dev set during evaluation: 15300/15294
00:39:19 - process[5] - dev - epoch 18 - mAP: 0.364 w/ 36 queries
00:39:19 - process[5]: training epoch 19 ...
00:39:29 - process[5] - epoch 19 - train iter 196 - 17753.8 words/s - loss: 0.3826
00:39:29 - process[5]: evaluating epoch 19 on dev ...
00:40:12 - dev set during evaluation: 15300/15294
00:40:12 - process[5] - dev - epoch 19 - mAP: 0.393 w/ 36 queries
00:40:12 - [fold 3] best test MAP: 0.318 @ epoch 17
00:40:12 - Evaluating every 1 epochs ...
00:40:12 - reading data from /mnt/home/puxuan/CLIR-project/Evaluation_data/process-clef/uncased
00:40:13 - test has 35 queries ...
00:40:13 - Data reading done ...
00:40:14 - adding 9-th encoder to optimizer...
00:40:14 - adding 10-th encoder to optimizer...
00:40:14 - adding 11-th encoder to optimizer...
00:40:15 - process[5]: training epoch 0 ...
00:40:26 - process[5] - epoch 0 - train iter 207 - 16452.1 words/s - loss: 0.6752
00:40:26 - process[5]: training epoch 1 ...
00:40:39 - process[5] - epoch 1 - train iter 207 - 15248.1 words/s - loss: 0.5767
00:40:39 - process[5]: training epoch 2 ...
00:40:51 - process[5] - epoch 2 - train iter 207 - 15890.5 words/s - loss: 0.5068
00:40:51 - process[5]: training epoch 3 ...
00:41:03 - process[5] - epoch 3 - train iter 207 - 15734.1 words/s - loss: 0.5168
00:41:03 - process[5]: training epoch 4 ...
00:41:14 - process[5] - epoch 4 - train iter 207 - 16666.2 words/s - loss: 0.4638
00:41:14 - process[5]: training epoch 5 ...
00:41:24 - process[5] - epoch 5 - train iter 207 - 18112.2 words/s - loss: 0.5225
00:41:24 - process[5]: training epoch 6 ...
00:41:35 - process[5] - epoch 6 - train iter 207 - 17878.9 words/s - loss: 0.4914
00:41:35 - process[5]: training epoch 7 ...
00:41:45 - process[5] - epoch 7 - train iter 207 - 17856.5 words/s - loss: 0.4295
00:41:45 - process[5]: training epoch 8 ...
00:41:57 - process[5] - epoch 8 - train iter 207 - 15973.6 words/s - loss: 0.4678
00:41:57 - process[5]: training epoch 9 ...
00:42:07 - process[5] - epoch 9 - train iter 207 - 17853.7 words/s - loss: 0.4063
00:42:07 - process[5]: training epoch 10 ...
00:42:18 - process[5] - epoch 10 - train iter 207 - 17417.2 words/s - loss: 0.4098
00:42:18 - process[5]: evaluating epoch 10 on dev ...
00:43:03 - dev set during evaluation: 15480/15477
00:43:03 - process[5] - dev - epoch 10 - mAP: 0.318 w/ 35 queries
00:43:03 - process[5]: evaluating epoch 10 on test ...
00:43:45 - test set during evaluation: 14470/14463
00:43:45 - process[5] - test - epoch 10 - mAP: 0.382 w/ 35 queries
00:43:45 - process[5]: training epoch 11 ...
00:43:55 - process[5] - epoch 11 - train iter 207 - 18578.7 words/s - loss: 0.3761
00:43:55 - process[5]: evaluating epoch 11 on dev ...
00:44:38 - dev set during evaluation: 15480/15477
00:44:38 - process[5] - dev - epoch 11 - mAP: 0.333 w/ 35 queries
00:44:38 - process[5]: evaluating epoch 11 on test ...
00:45:20 - test set during evaluation: 14470/14463
00:45:20 - process[5] - test - epoch 11 - mAP: 0.406 w/ 35 queries
00:45:20 - process[5]: training epoch 12 ...
00:45:31 - process[5] - epoch 12 - train iter 207 - 17596.5 words/s - loss: 0.3898
00:45:31 - process[5]: evaluating epoch 12 on dev ...
00:46:14 - dev set during evaluation: 15480/15477
00:46:14 - process[5] - dev - epoch 12 - mAP: 0.355 w/ 35 queries
00:46:14 - process[5]: evaluating epoch 12 on test ...
00:46:56 - test set during evaluation: 14470/14463
00:46:56 - process[5] - test - epoch 12 - mAP: 0.399 w/ 35 queries
00:46:56 - process[5]: training epoch 13 ...
00:47:09 - process[5] - epoch 13 - train iter 207 - 14484.1 words/s - loss: 0.3650
00:47:09 - process[5]: evaluating epoch 13 on dev ...
00:47:49 - dev set during evaluation: 15480/15477
00:47:49 - process[5] - dev - epoch 13 - mAP: 0.331 w/ 35 queries
00:47:49 - process[5]: training epoch 14 ...
00:48:00 - process[5] - epoch 14 - train iter 207 - 16945.5 words/s - loss: 0.3785
00:48:00 - process[5]: evaluating epoch 14 on dev ...
00:48:43 - dev set during evaluation: 15480/15477
00:48:43 - process[5] - dev - epoch 14 - mAP: 0.331 w/ 35 queries
00:48:43 - process[5]: training epoch 15 ...
00:48:55 - process[5] - epoch 15 - train iter 207 - 16885.6 words/s - loss: 0.3901
00:48:55 - process[5]: evaluating epoch 15 on dev ...
00:49:36 - dev set during evaluation: 15480/15477
00:49:36 - process[5] - dev - epoch 15 - mAP: 0.337 w/ 35 queries
00:49:36 - process[5]: training epoch 16 ...
00:49:48 - process[5] - epoch 16 - train iter 207 - 15886.8 words/s - loss: 0.3987
00:49:48 - process[5]: evaluating epoch 16 on dev ...
00:50:29 - dev set during evaluation: 15480/15477
00:50:29 - process[5] - dev - epoch 16 - mAP: 0.371 w/ 35 queries
00:50:29 - process[5]: evaluating epoch 16 on test ...
00:51:11 - test set during evaluation: 14470/14463
00:51:11 - process[5] - test - epoch 16 - mAP: 0.400 w/ 35 queries
00:51:11 - process[5]: training epoch 17 ...
00:51:22 - process[5] - epoch 17 - train iter 207 - 18086.4 words/s - loss: 0.4152
00:51:22 - process[5]: evaluating epoch 17 on dev ...
00:52:05 - dev set during evaluation: 15480/15477
00:52:05 - process[5] - dev - epoch 17 - mAP: 0.351 w/ 35 queries
00:52:05 - process[5]: training epoch 18 ...
00:52:16 - process[5] - epoch 18 - train iter 207 - 17688.0 words/s - loss: 0.3924
00:52:16 - process[5]: evaluating epoch 18 on dev ...
00:52:59 - dev set during evaluation: 15480/15477
00:52:59 - process[5] - dev - epoch 18 - mAP: 0.349 w/ 35 queries
00:52:59 - process[5]: training epoch 19 ...
00:53:10 - process[5] - epoch 19 - train iter 207 - 17182.6 words/s - loss: 0.4022
00:53:10 - process[5]: evaluating epoch 19 on dev ...
00:53:52 - dev set during evaluation: 15480/15477
00:53:52 - process[5] - dev - epoch 19 - mAP: 0.343 w/ 35 queries
00:53:52 - [fold 4] best test MAP: 0.400 @ epoch 16
00:53:52 - Evaluating every 1 epochs ...
00:53:52 - reading data from /mnt/home/puxuan/CLIR-project/Evaluation_data/process-clef/uncased
00:53:53 - test has 35 queries ...
00:53:53 - Data reading done ...
00:53:54 - adding 9-th encoder to optimizer...
00:53:54 - adding 10-th encoder to optimizer...
00:53:54 - adding 11-th encoder to optimizer...
00:53:55 - process[5]: training epoch 0 ...
00:54:06 - process[5] - epoch 0 - train iter 195 - 14773.5 words/s - loss: 0.6713
00:54:06 - process[5]: training epoch 1 ...
00:54:17 - process[5] - epoch 1 - train iter 195 - 15980.2 words/s - loss: 0.5157
00:54:17 - process[5]: training epoch 2 ...
00:54:30 - process[5] - epoch 2 - train iter 195 - 14066.1 words/s - loss: 0.4883
00:54:30 - process[5]: training epoch 3 ...
00:54:41 - process[5] - epoch 3 - train iter 195 - 15875.3 words/s - loss: 0.4534
00:54:41 - process[5]: training epoch 4 ...
00:54:52 - process[5] - epoch 4 - train iter 195 - 16523.6 words/s - loss: 0.4926
00:54:52 - process[5]: training epoch 5 ...
00:55:02 - process[5] - epoch 5 - train iter 195 - 15909.3 words/s - loss: 0.4468
00:55:02 - process[5]: training epoch 6 ...
00:55:13 - process[5] - epoch 6 - train iter 195 - 16724.8 words/s - loss: 0.4594
00:55:13 - process[5]: training epoch 7 ...
00:55:24 - process[5] - epoch 7 - train iter 195 - 15975.3 words/s - loss: 0.4082
00:55:24 - process[5]: training epoch 8 ...
00:55:34 - process[5] - epoch 8 - train iter 195 - 17693.4 words/s - loss: 0.4589
00:55:34 - process[5]: training epoch 9 ...
00:55:44 - process[5] - epoch 9 - train iter 195 - 16285.1 words/s - loss: 0.4440
00:55:44 - process[5]: training epoch 10 ...
00:55:55 - process[5] - epoch 10 - train iter 195 - 17313.5 words/s - loss: 0.4803
00:55:55 - process[5]: evaluating epoch 10 on dev ...
00:56:38 - dev set during evaluation: 14470/14463
00:56:38 - process[5] - dev - epoch 10 - mAP: 0.390 w/ 35 queries
00:56:38 - process[5]: evaluating epoch 10 on test ...
00:57:24 - test set during evaluation: 14160/14157
00:57:24 - process[5] - test - epoch 10 - mAP: 0.443 w/ 35 queries
00:57:24 - process[5]: training epoch 11 ...
00:57:34 - process[5] - epoch 11 - train iter 195 - 16626.6 words/s - loss: 0.4369
00:57:34 - process[5]: evaluating epoch 11 on dev ...
00:58:18 - dev set during evaluation: 14470/14463
00:58:18 - process[5] - dev - epoch 11 - mAP: 0.385 w/ 35 queries
00:58:18 - process[5]: training epoch 12 ...
00:58:29 - process[5] - epoch 12 - train iter 195 - 16262.0 words/s - loss: 0.4282
00:58:29 - process[5]: evaluating epoch 12 on dev ...
00:59:10 - dev set during evaluation: 14470/14463
00:59:10 - process[5] - dev - epoch 12 - mAP: 0.393 w/ 35 queries
00:59:10 - process[5]: evaluating epoch 12 on test ...
00:59:55 - test set during evaluation: 14160/14157
00:59:55 - process[5] - test - epoch 12 - mAP: 0.455 w/ 35 queries
00:59:55 - process[5]: training epoch 13 ...
01:00:07 - process[5] - epoch 13 - train iter 195 - 15726.8 words/s - loss: 0.4706
01:00:07 - process[5]: evaluating epoch 13 on dev ...
01:00:48 - dev set during evaluation: 14470/14463
01:00:48 - process[5] - dev - epoch 13 - mAP: 0.397 w/ 35 queries
01:00:48 - process[5]: evaluating epoch 13 on test ...
01:01:34 - test set during evaluation: 14160/14157
01:01:34 - process[5] - test - epoch 13 - mAP: 0.455 w/ 35 queries
01:01:34 - process[5]: training epoch 14 ...
01:01:44 - process[5] - epoch 14 - train iter 195 - 16409.7 words/s - loss: 0.4314
01:01:44 - process[5]: evaluating epoch 14 on dev ...
01:02:27 - dev set during evaluation: 14470/14463
01:02:27 - process[5] - dev - epoch 14 - mAP: 0.367 w/ 35 queries
01:02:27 - process[5]: training epoch 15 ...
01:02:38 - process[5] - epoch 15 - train iter 195 - 15940.8 words/s - loss: 0.3806
01:02:38 - process[5]: evaluating epoch 15 on dev ...
01:03:20 - dev set during evaluation: 14470/14463
01:03:20 - process[5] - dev - epoch 15 - mAP: 0.382 w/ 35 queries
01:03:20 - process[5]: training epoch 16 ...
01:03:31 - process[5] - epoch 16 - train iter 195 - 15834.4 words/s - loss: 0.4383
01:03:31 - process[5]: evaluating epoch 16 on dev ...
01:04:13 - dev set during evaluation: 14470/14463
01:04:13 - process[5] - dev - epoch 16 - mAP: 0.383 w/ 35 queries
01:04:13 - process[5]: training epoch 17 ...
01:04:23 - process[5] - epoch 17 - train iter 195 - 17395.6 words/s - loss: 0.3791
01:04:23 - process[5]: evaluating epoch 17 on dev ...
01:05:06 - dev set during evaluation: 14470/14463
01:05:06 - process[5] - dev - epoch 17 - mAP: 0.383 w/ 35 queries
01:05:06 - process[5]: training epoch 18 ...
01:05:17 - process[5] - epoch 18 - train iter 195 - 16577.9 words/s - loss: 0.3844
01:05:17 - process[5]: evaluating epoch 18 on dev ...
01:05:59 - dev set during evaluation: 14470/14463
01:05:59 - process[5] - dev - epoch 18 - mAP: 0.386 w/ 35 queries
01:05:59 - process[5]: training epoch 19 ...
01:06:10 - process[5] - epoch 19 - train iter 195 - 16097.1 words/s - loss: 0.4453
01:06:10 - process[5]: evaluating epoch 19 on dev ...
01:06:51 - dev set during evaluation: 14470/14463
01:06:51 - process[5] - dev - epoch 19 - mAP: 0.381 w/ 35 queries
01:06:51 - [fold 5] best test MAP: 0.455 @ epoch 13
01:06:51 - [0.44239091411782777, 0.43010164264500605, 0.3180180172898958, 0.3996336057296527, 0.45468530483256125]
01:06:51 - [35, 36, 35, 35, 35]
01:06:51 - final MAP: 0.409
