00:00:06 - Namespace(apex_level='O2', batch_size=8, cased=True, dataset='clef', debug=False, encoder_lr=2e-05, eval_step=1, full_doc_length=True, local_rank=2, model_path='xlm-roberta-base', model_type='xlmr', num_epochs=20, num_ft_encoders=3, num_neg=1, projector_lr=2e-05, seed=611, source_lang='de', target_lang='en')
00:00:27 - Evaluating every 1 epochs ...
00:00:27 - reading data from /mnt/home/puxuan/CLIR-project/Evaluation_data/process-clef/cased
00:00:27 - test has 35 queries ...
00:00:27 - Data reading done ...
00:00:33 - adding 9-th encoder to optimizer...
00:00:33 - adding 10-th encoder to optimizer...
00:00:33 - adding 11-th encoder to optimizer...
00:00:34 - process[2]: training epoch 0 ...
00:00:47 - process[2] - epoch 0 - train iter 190 - 12612.0 words/s - loss: 0.6967
00:00:47 - process[2]: training epoch 1 ...
00:01:02 - process[2] - epoch 1 - train iter 190 - 11994.3 words/s - loss: 0.6940
00:01:02 - process[2]: training epoch 2 ...
00:01:14 - process[2] - epoch 2 - train iter 190 - 14723.9 words/s - loss: 0.6811
00:01:14 - process[2]: training epoch 3 ...
00:01:28 - process[2] - epoch 3 - train iter 190 - 12876.5 words/s - loss: 0.6361
00:01:28 - process[2]: training epoch 4 ...
00:01:42 - process[2] - epoch 4 - train iter 190 - 12577.8 words/s - loss: 0.6506
00:01:42 - process[2]: training epoch 5 ...
00:01:55 - process[2] - epoch 5 - train iter 190 - 13108.6 words/s - loss: 0.6211
00:01:55 - process[2]: training epoch 6 ...
00:02:08 - process[2] - epoch 6 - train iter 190 - 13040.1 words/s - loss: 0.5956
00:02:08 - process[2]: training epoch 7 ...
00:02:21 - process[2] - epoch 7 - train iter 190 - 13436.6 words/s - loss: 0.5521
00:02:21 - process[2]: training epoch 8 ...
00:02:34 - process[2] - epoch 8 - train iter 190 - 12841.8 words/s - loss: 0.5473
00:02:34 - process[2]: training epoch 9 ...
00:02:48 - process[2] - epoch 9 - train iter 190 - 12804.6 words/s - loss: 0.4968
00:02:48 - process[2]: training epoch 10 ...
00:03:01 - process[2] - epoch 10 - train iter 190 - 12766.8 words/s - loss: 0.4916
00:03:01 - process[2]: evaluating epoch 10 on dev ...
00:03:27 - dev set during evaluation: 14020/14014
00:03:27 - process[2] - dev - epoch 10 - mAP: 0.144 w/ 35 queries
00:03:27 - process[2]: evaluating epoch 10 on test ...
00:03:53 - test set during evaluation: 15230/15222
00:03:53 - process[2] - test - epoch 10 - mAP: 0.118 w/ 35 queries
00:03:53 - process[2]: training epoch 11 ...
00:04:06 - process[2] - epoch 11 - train iter 190 - 13190.9 words/s - loss: 0.5074
00:04:06 - process[2]: evaluating epoch 11 on dev ...
00:04:32 - dev set during evaluation: 14020/14014
00:04:32 - process[2] - dev - epoch 11 - mAP: 0.140 w/ 35 queries
00:04:32 - process[2]: training epoch 12 ...
00:04:45 - process[2] - epoch 12 - train iter 190 - 13297.7 words/s - loss: 0.5452
00:04:45 - process[2]: evaluating epoch 12 on dev ...
00:05:10 - dev set during evaluation: 14020/14014
00:05:10 - process[2] - dev - epoch 12 - mAP: 0.137 w/ 35 queries
00:05:10 - process[2]: training epoch 13 ...
00:05:24 - process[2] - epoch 13 - train iter 190 - 12499.8 words/s - loss: 0.4834
00:05:24 - process[2]: evaluating epoch 13 on dev ...
00:05:49 - dev set during evaluation: 14020/14014
00:05:49 - process[2] - dev - epoch 13 - mAP: 0.139 w/ 35 queries
00:05:50 - process[2]: training epoch 14 ...
00:06:03 - process[2] - epoch 14 - train iter 190 - 12935.3 words/s - loss: 0.4503
00:06:03 - process[2]: evaluating epoch 14 on dev ...
00:06:30 - dev set during evaluation: 14020/14014
00:06:30 - process[2] - dev - epoch 14 - mAP: 0.131 w/ 35 queries
00:06:30 - process[2]: training epoch 15 ...
00:06:44 - process[2] - epoch 15 - train iter 190 - 11933.3 words/s - loss: 0.4253
00:06:44 - process[2]: evaluating epoch 15 on dev ...
00:07:09 - dev set during evaluation: 14020/14014
00:07:09 - process[2] - dev - epoch 15 - mAP: 0.135 w/ 35 queries
00:07:09 - process[2]: training epoch 16 ...
00:07:31 - process[2] - epoch 16 - train iter 190 - 7896.7 words/s - loss: 0.4558
00:07:31 - process[2]: evaluating epoch 16 on dev ...
00:07:57 - dev set during evaluation: 14020/14014
00:07:57 - process[2] - dev - epoch 16 - mAP: 0.134 w/ 35 queries
00:07:57 - process[2]: training epoch 17 ...
00:08:11 - process[2] - epoch 17 - train iter 190 - 12507.7 words/s - loss: 0.3847
00:08:11 - process[2]: evaluating epoch 17 on dev ...
00:08:36 - dev set during evaluation: 14020/14014
00:08:36 - process[2] - dev - epoch 17 - mAP: 0.136 w/ 35 queries
00:08:36 - process[2]: training epoch 18 ...
00:08:50 - process[2] - epoch 18 - train iter 190 - 12966.7 words/s - loss: 0.4092
00:08:50 - process[2]: evaluating epoch 18 on dev ...
00:09:15 - dev set during evaluation: 14020/14014
00:09:15 - process[2] - dev - epoch 18 - mAP: 0.133 w/ 35 queries
00:09:15 - process[2]: training epoch 19 ...
00:09:28 - process[2] - epoch 19 - train iter 190 - 13847.3 words/s - loss: 0.3761
00:09:28 - process[2]: evaluating epoch 19 on dev ...
00:09:53 - dev set during evaluation: 14020/14014
00:09:53 - process[2] - dev - epoch 19 - mAP: 0.139 w/ 35 queries
00:09:53 - [fold 1] best test MAP: 0.118 @ epoch 10
00:09:53 - Evaluating every 1 epochs ...
00:09:53 - reading data from /mnt/home/puxuan/CLIR-project/Evaluation_data/process-clef/cased
00:09:54 - test has 36 queries ...
00:09:54 - Data reading done ...
00:09:56 - adding 9-th encoder to optimizer...
00:09:56 - adding 10-th encoder to optimizer...
00:09:56 - adding 11-th encoder to optimizer...
00:09:56 - process[2]: training epoch 0 ...
00:10:11 - process[2] - epoch 0 - train iter 203 - 12525.1 words/s - loss: 0.6978
00:10:11 - process[2]: training epoch 1 ...
00:10:27 - process[2] - epoch 1 - train iter 203 - 11712.8 words/s - loss: 0.6944
00:10:27 - process[2]: training epoch 2 ...
00:10:42 - process[2] - epoch 2 - train iter 203 - 12197.2 words/s - loss: 0.6865
00:10:42 - process[2]: training epoch 3 ...
00:10:56 - process[2] - epoch 3 - train iter 203 - 12632.5 words/s - loss: 0.6489
00:10:56 - process[2]: training epoch 4 ...
00:11:12 - process[2] - epoch 4 - train iter 203 - 12376.0 words/s - loss: 0.6177
00:11:12 - process[2]: training epoch 5 ...
00:11:26 - process[2] - epoch 5 - train iter 203 - 12478.3 words/s - loss: 0.5661
00:11:26 - process[2]: training epoch 6 ...
00:11:41 - process[2] - epoch 6 - train iter 203 - 12729.1 words/s - loss: 0.5682
00:11:41 - process[2]: training epoch 7 ...
00:11:56 - process[2] - epoch 7 - train iter 203 - 12962.9 words/s - loss: 0.5483
00:11:56 - process[2]: training epoch 8 ...
00:12:10 - process[2] - epoch 8 - train iter 203 - 12570.8 words/s - loss: 0.5421
00:12:10 - process[2]: training epoch 9 ...
00:12:26 - process[2] - epoch 9 - train iter 203 - 12430.7 words/s - loss: 0.5250
00:12:26 - process[2]: training epoch 10 ...
00:12:41 - process[2] - epoch 10 - train iter 203 - 12287.2 words/s - loss: 0.5006
00:12:41 - process[2]: evaluating epoch 10 on dev ...
00:13:07 - dev set during evaluation: 15230/15222
00:13:07 - process[2] - dev - epoch 10 - mAP: 0.121 w/ 35 queries
00:13:07 - process[2]: evaluating epoch 10 on test ...
00:13:42 - test set during evaluation: 15540/15534
00:13:42 - process[2] - test - epoch 10 - mAP: 0.092 w/ 36 queries
00:13:42 - process[2]: training epoch 11 ...
00:13:56 - process[2] - epoch 11 - train iter 203 - 13451.6 words/s - loss: 0.4824
00:13:56 - process[2]: evaluating epoch 11 on dev ...
00:14:23 - dev set during evaluation: 15230/15222
00:14:23 - process[2] - dev - epoch 11 - mAP: 0.111 w/ 35 queries
00:14:23 - process[2]: training epoch 12 ...
00:14:38 - process[2] - epoch 12 - train iter 203 - 12445.0 words/s - loss: 0.4797
00:14:38 - process[2]: evaluating epoch 12 on dev ...
00:15:04 - dev set during evaluation: 15230/15222
00:15:04 - process[2] - dev - epoch 12 - mAP: 0.142 w/ 35 queries
00:15:04 - process[2]: evaluating epoch 12 on test ...
00:15:39 - test set during evaluation: 15540/15534
00:15:39 - process[2] - test - epoch 12 - mAP: 0.090 w/ 36 queries
00:15:39 - process[2]: training epoch 13 ...
00:15:54 - process[2] - epoch 13 - train iter 203 - 12337.2 words/s - loss: 0.4679
00:15:54 - process[2]: evaluating epoch 13 on dev ...
00:16:20 - dev set during evaluation: 15230/15222
00:16:20 - process[2] - dev - epoch 13 - mAP: 0.111 w/ 35 queries
00:16:20 - process[2]: training epoch 14 ...
00:16:34 - process[2] - epoch 14 - train iter 203 - 13464.7 words/s - loss: 0.4523
00:16:34 - process[2]: evaluating epoch 14 on dev ...
00:17:01 - dev set during evaluation: 15230/15222
00:17:01 - process[2] - dev - epoch 14 - mAP: 0.108 w/ 35 queries
00:17:01 - process[2]: training epoch 15 ...
00:17:15 - process[2] - epoch 15 - train iter 203 - 13061.1 words/s - loss: 0.4490
00:17:15 - process[2]: evaluating epoch 15 on dev ...
00:17:41 - dev set during evaluation: 15230/15222
00:17:41 - process[2] - dev - epoch 15 - mAP: 0.118 w/ 35 queries
00:17:41 - process[2]: training epoch 16 ...
00:17:56 - process[2] - epoch 16 - train iter 203 - 12565.6 words/s - loss: 0.3897
00:17:56 - process[2]: evaluating epoch 16 on dev ...
00:18:22 - dev set during evaluation: 15230/15222
00:18:22 - process[2] - dev - epoch 16 - mAP: 0.115 w/ 35 queries
00:18:22 - process[2]: training epoch 17 ...
00:18:37 - process[2] - epoch 17 - train iter 203 - 12731.9 words/s - loss: 0.3715
00:18:37 - process[2]: evaluating epoch 17 on dev ...
00:19:03 - dev set during evaluation: 15230/15222
00:19:03 - process[2] - dev - epoch 17 - mAP: 0.119 w/ 35 queries
00:19:03 - process[2]: training epoch 18 ...
00:19:17 - process[2] - epoch 18 - train iter 203 - 12912.6 words/s - loss: 0.3500
00:19:17 - process[2]: evaluating epoch 18 on dev ...
00:19:43 - dev set during evaluation: 15230/15222
00:19:43 - process[2] - dev - epoch 18 - mAP: 0.124 w/ 35 queries
00:19:43 - process[2]: training epoch 19 ...
00:19:58 - process[2] - epoch 19 - train iter 203 - 12060.9 words/s - loss: 0.4215
00:19:58 - process[2]: evaluating epoch 19 on dev ...
00:20:25 - dev set during evaluation: 15230/15222
00:20:25 - process[2] - dev - epoch 19 - mAP: 0.116 w/ 35 queries
00:20:25 - [fold 2] best test MAP: 0.090 @ epoch 12
00:20:25 - Evaluating every 1 epochs ...
00:20:25 - reading data from /mnt/home/puxuan/CLIR-project/Evaluation_data/process-clef/cased
00:20:25 - test has 35 queries ...
00:20:25 - Data reading done ...
00:20:27 - adding 9-th encoder to optimizer...
00:20:27 - adding 10-th encoder to optimizer...
00:20:27 - adding 11-th encoder to optimizer...
00:20:27 - process[2]: training epoch 0 ...
00:20:41 - process[2] - epoch 0 - train iter 186 - 12441.9 words/s - loss: 0.6981
00:20:41 - process[2]: training epoch 1 ...
00:20:55 - process[2] - epoch 1 - train iter 186 - 12238.5 words/s - loss: 0.6972
00:20:55 - process[2]: training epoch 2 ...
00:21:07 - process[2] - epoch 2 - train iter 186 - 13566.1 words/s - loss: 0.6790
00:21:07 - process[2]: training epoch 3 ...
00:21:20 - process[2] - epoch 3 - train iter 186 - 13876.6 words/s - loss: 0.6468
00:21:20 - process[2]: training epoch 4 ...
00:21:33 - process[2] - epoch 4 - train iter 186 - 12510.0 words/s - loss: 0.6449
00:21:33 - process[2]: training epoch 5 ...
00:21:46 - process[2] - epoch 5 - train iter 186 - 13196.9 words/s - loss: 0.5999
00:21:46 - process[2]: training epoch 6 ...
00:21:58 - process[2] - epoch 6 - train iter 186 - 13740.6 words/s - loss: 0.5431
00:21:58 - process[2]: training epoch 7 ...
00:22:11 - process[2] - epoch 7 - train iter 186 - 13093.8 words/s - loss: 0.5755
00:22:11 - process[2]: training epoch 8 ...
00:22:24 - process[2] - epoch 8 - train iter 186 - 13161.4 words/s - loss: 0.5625
00:22:24 - process[2]: training epoch 9 ...
00:22:38 - process[2] - epoch 9 - train iter 186 - 12482.8 words/s - loss: 0.5091
00:22:38 - process[2]: training epoch 10 ...
00:22:51 - process[2] - epoch 10 - train iter 186 - 13188.1 words/s - loss: 0.5036
00:22:51 - process[2]: evaluating epoch 10 on dev ...
00:23:27 - dev set during evaluation: 15540/15534
00:23:27 - process[2] - dev - epoch 10 - mAP: 0.086 w/ 36 queries
00:23:27 - process[2]: evaluating epoch 10 on test ...
00:23:59 - process[2] - test - epoch 10 - mAP: 0.170 w/ 35 queries
00:23:59 - process[2]: training epoch 11 ...
00:24:13 - process[2] - epoch 11 - train iter 186 - 12745.8 words/s - loss: 0.4875
00:24:13 - process[2]: evaluating epoch 11 on dev ...
00:24:48 - dev set during evaluation: 15540/15534
00:24:48 - process[2] - dev - epoch 11 - mAP: 0.079 w/ 36 queries
00:24:48 - process[2]: training epoch 12 ...
00:25:01 - process[2] - epoch 12 - train iter 186 - 13279.5 words/s - loss: 0.4958
00:25:01 - process[2]: evaluating epoch 12 on dev ...
00:25:36 - dev set during evaluation: 15540/15534
00:25:36 - process[2] - dev - epoch 12 - mAP: 0.082 w/ 36 queries
00:25:36 - process[2]: training epoch 13 ...
00:25:50 - process[2] - epoch 13 - train iter 186 - 12937.0 words/s - loss: 0.4435
00:25:50 - process[2]: evaluating epoch 13 on dev ...
00:26:25 - dev set during evaluation: 15540/15534
00:26:25 - process[2] - dev - epoch 13 - mAP: 0.091 w/ 36 queries
00:26:25 - process[2]: evaluating epoch 13 on test ...
00:26:57 - process[2] - test - epoch 13 - mAP: 0.176 w/ 35 queries
00:26:57 - process[2]: training epoch 14 ...
00:27:11 - process[2] - epoch 14 - train iter 186 - 12692.2 words/s - loss: 0.4602
00:27:11 - process[2]: evaluating epoch 14 on dev ...
00:27:46 - dev set during evaluation: 15540/15534
00:27:46 - process[2] - dev - epoch 14 - mAP: 0.080 w/ 36 queries
00:27:46 - process[2]: training epoch 15 ...
00:27:58 - process[2] - epoch 15 - train iter 186 - 14420.2 words/s - loss: 0.4869
00:27:58 - process[2]: evaluating epoch 15 on dev ...
00:28:33 - dev set during evaluation: 15540/15534
00:28:33 - process[2] - dev - epoch 15 - mAP: 0.081 w/ 36 queries
00:28:33 - process[2]: training epoch 16 ...
00:28:46 - process[2] - epoch 16 - train iter 186 - 14006.0 words/s - loss: 0.3865
00:28:46 - process[2]: evaluating epoch 16 on dev ...
00:29:21 - dev set during evaluation: 15540/15534
00:29:21 - process[2] - dev - epoch 16 - mAP: 0.079 w/ 36 queries
00:29:21 - process[2]: training epoch 17 ...
00:29:34 - process[2] - epoch 17 - train iter 186 - 13109.7 words/s - loss: 0.4071
00:29:34 - process[2]: evaluating epoch 17 on dev ...
00:30:09 - dev set during evaluation: 15540/15534
00:30:09 - process[2] - dev - epoch 17 - mAP: 0.080 w/ 36 queries
00:30:09 - process[2]: training epoch 18 ...
00:30:21 - process[2] - epoch 18 - train iter 186 - 13887.1 words/s - loss: 0.4623
00:30:21 - process[2]: evaluating epoch 18 on dev ...
00:30:56 - dev set during evaluation: 15540/15534
00:30:56 - process[2] - dev - epoch 18 - mAP: 0.077 w/ 36 queries
00:30:56 - process[2]: training epoch 19 ...
00:31:09 - process[2] - epoch 19 - train iter 186 - 12913.0 words/s - loss: 0.3970
00:31:09 - process[2]: evaluating epoch 19 on dev ...
00:31:45 - dev set during evaluation: 15540/15534
00:31:45 - process[2] - dev - epoch 19 - mAP: 0.080 w/ 36 queries
00:31:45 - [fold 3] best test MAP: 0.176 @ epoch 13
00:31:45 - Evaluating every 1 epochs ...
00:31:45 - reading data from /mnt/home/puxuan/CLIR-project/Evaluation_data/process-clef/cased
00:31:45 - test has 35 queries ...
00:31:45 - Data reading done ...
00:31:47 - adding 9-th encoder to optimizer...
00:31:47 - adding 10-th encoder to optimizer...
00:31:47 - adding 11-th encoder to optimizer...
00:31:47 - process[2]: training epoch 0 ...
00:32:01 - process[2] - epoch 0 - train iter 195 - 13051.6 words/s - loss: 0.7008
00:32:01 - process[2]: training epoch 1 ...
00:32:16 - process[2] - epoch 1 - train iter 195 - 12406.7 words/s - loss: 0.6908
00:32:16 - process[2]: training epoch 2 ...
00:32:29 - process[2] - epoch 2 - train iter 195 - 13749.6 words/s - loss: 0.6647
00:32:29 - process[2]: training epoch 3 ...
00:32:44 - process[2] - epoch 3 - train iter 195 - 11537.5 words/s - loss: 0.6387
00:32:44 - process[2]: training epoch 4 ...
00:32:58 - process[2] - epoch 4 - train iter 195 - 12534.0 words/s - loss: 0.6229
00:32:58 - process[2]: training epoch 5 ...
00:33:13 - process[2] - epoch 5 - train iter 195 - 12200.2 words/s - loss: 0.6085
00:33:13 - process[2]: training epoch 6 ...
00:33:27 - process[2] - epoch 6 - train iter 195 - 13311.4 words/s - loss: 0.5980
00:33:27 - process[2]: training epoch 7 ...
00:33:42 - process[2] - epoch 7 - train iter 195 - 12066.5 words/s - loss: 0.5577
00:33:42 - process[2]: training epoch 8 ...
00:33:55 - process[2] - epoch 8 - train iter 195 - 12883.3 words/s - loss: 0.5517
00:33:55 - process[2]: training epoch 9 ...
00:34:09 - process[2] - epoch 9 - train iter 195 - 12618.5 words/s - loss: 0.5333
00:34:09 - process[2]: training epoch 10 ...
00:34:24 - process[2] - epoch 10 - train iter 195 - 11806.0 words/s - loss: 0.5214
00:34:24 - process[2]: evaluating epoch 10 on dev ...
00:34:57 - process[2] - dev - epoch 10 - mAP: 0.189 w/ 35 queries
00:34:57 - process[2]: evaluating epoch 10 on test ...
00:35:24 - test set during evaluation: 15660/15656
00:35:24 - process[2] - test - epoch 10 - mAP: 0.086 w/ 35 queries
00:35:24 - process[2]: training epoch 11 ...
00:35:38 - process[2] - epoch 11 - train iter 195 - 12413.6 words/s - loss: 0.4978
00:35:38 - process[2]: evaluating epoch 11 on dev ...
00:36:12 - process[2] - dev - epoch 11 - mAP: 0.161 w/ 35 queries
00:36:12 - process[2]: training epoch 12 ...
00:36:26 - process[2] - epoch 12 - train iter 195 - 12797.7 words/s - loss: 0.5144
00:36:26 - process[2]: evaluating epoch 12 on dev ...
00:36:59 - process[2] - dev - epoch 12 - mAP: 0.180 w/ 35 queries
00:36:59 - process[2]: training epoch 13 ...
00:37:13 - process[2] - epoch 13 - train iter 195 - 12884.6 words/s - loss: 0.4668
00:37:13 - process[2]: evaluating epoch 13 on dev ...
00:37:46 - process[2] - dev - epoch 13 - mAP: 0.157 w/ 35 queries
00:37:46 - process[2]: training epoch 14 ...
00:38:00 - process[2] - epoch 14 - train iter 195 - 13173.3 words/s - loss: 0.4636
00:38:00 - process[2]: evaluating epoch 14 on dev ...
00:38:33 - process[2] - dev - epoch 14 - mAP: 0.163 w/ 35 queries
00:38:33 - process[2]: training epoch 15 ...
00:38:47 - process[2] - epoch 15 - train iter 195 - 13145.6 words/s - loss: 0.4713
00:38:47 - process[2]: evaluating epoch 15 on dev ...
00:39:21 - process[2] - dev - epoch 15 - mAP: 0.149 w/ 35 queries
00:39:21 - process[2]: training epoch 16 ...
00:39:36 - process[2] - epoch 16 - train iter 195 - 11631.7 words/s - loss: 0.3940
00:39:36 - process[2]: evaluating epoch 16 on dev ...
00:40:09 - process[2] - dev - epoch 16 - mAP: 0.152 w/ 35 queries
00:40:09 - process[2]: training epoch 17 ...
00:40:24 - process[2] - epoch 17 - train iter 195 - 12293.4 words/s - loss: 0.3908
00:40:24 - process[2]: evaluating epoch 17 on dev ...
00:40:56 - process[2] - dev - epoch 17 - mAP: 0.145 w/ 35 queries
00:40:56 - process[2]: training epoch 18 ...
00:41:12 - process[2] - epoch 18 - train iter 195 - 11552.2 words/s - loss: 0.4124
00:41:12 - process[2]: evaluating epoch 18 on dev ...
00:41:45 - process[2] - dev - epoch 18 - mAP: 0.141 w/ 35 queries
00:41:45 - process[2]: training epoch 19 ...
00:41:59 - process[2] - epoch 19 - train iter 195 - 13694.3 words/s - loss: 0.4166
00:41:59 - process[2]: evaluating epoch 19 on dev ...
00:42:32 - process[2] - dev - epoch 19 - mAP: 0.140 w/ 35 queries
00:42:32 - [fold 4] best test MAP: 0.086 @ epoch 10
00:42:32 - Evaluating every 1 epochs ...
00:42:32 - reading data from /mnt/home/puxuan/CLIR-project/Evaluation_data/process-clef/cased
00:42:32 - test has 35 queries ...
00:42:32 - Data reading done ...
00:42:34 - adding 9-th encoder to optimizer...
00:42:34 - adding 10-th encoder to optimizer...
00:42:34 - adding 11-th encoder to optimizer...
00:42:35 - process[2]: training epoch 0 ...
00:42:50 - process[2] - epoch 0 - train iter 207 - 12877.9 words/s - loss: 0.6987
00:42:50 - process[2]: training epoch 1 ...
00:43:04 - process[2] - epoch 1 - train iter 207 - 13218.6 words/s - loss: 0.6915
00:43:04 - process[2]: training epoch 2 ...
00:43:18 - process[2] - epoch 2 - train iter 207 - 13413.9 words/s - loss: 0.6852
00:43:18 - process[2]: training epoch 3 ...
00:43:33 - process[2] - epoch 3 - train iter 207 - 12808.6 words/s - loss: 0.6684
00:43:33 - process[2]: training epoch 4 ...
00:43:48 - process[2] - epoch 4 - train iter 207 - 12576.1 words/s - loss: 0.6351
00:43:48 - process[2]: training epoch 5 ...
00:44:04 - process[2] - epoch 5 - train iter 207 - 12754.0 words/s - loss: 0.6460
00:44:04 - process[2]: training epoch 6 ...
00:44:19 - process[2] - epoch 6 - train iter 207 - 12661.8 words/s - loss: 0.5401
00:44:19 - process[2]: training epoch 7 ...
00:44:33 - process[2] - epoch 7 - train iter 207 - 13653.4 words/s - loss: 0.5873
00:44:33 - process[2]: training epoch 8 ...
00:44:46 - process[2] - epoch 8 - train iter 207 - 14117.1 words/s - loss: 0.5710
00:44:46 - process[2]: training epoch 9 ...
00:45:00 - process[2] - epoch 9 - train iter 207 - 13643.2 words/s - loss: 0.5592
00:45:00 - process[2]: training epoch 10 ...
00:45:14 - process[2] - epoch 10 - train iter 207 - 13460.6 words/s - loss: 0.5224
00:45:14 - process[2]: evaluating epoch 10 on dev ...
00:45:42 - dev set during evaluation: 15660/15656
00:45:42 - process[2] - dev - epoch 10 - mAP: 0.091 w/ 35 queries
00:45:42 - process[2]: evaluating epoch 10 on test ...
00:46:08 - test set during evaluation: 14020/14014
00:46:08 - process[2] - test - epoch 10 - mAP: 0.131 w/ 35 queries
00:46:08 - process[2]: training epoch 11 ...
00:46:23 - process[2] - epoch 11 - train iter 207 - 12230.6 words/s - loss: 0.5142
00:46:23 - process[2]: evaluating epoch 11 on dev ...
00:46:51 - dev set during evaluation: 15660/15656
00:46:51 - process[2] - dev - epoch 11 - mAP: 0.100 w/ 35 queries
00:46:51 - process[2]: evaluating epoch 11 on test ...
00:47:17 - test set during evaluation: 14020/14014
00:47:17 - process[2] - test - epoch 11 - mAP: 0.130 w/ 35 queries
00:47:17 - process[2]: training epoch 12 ...
00:47:32 - process[2] - epoch 12 - train iter 207 - 12713.9 words/s - loss: 0.5268
00:47:32 - process[2]: evaluating epoch 12 on dev ...
00:48:00 - dev set during evaluation: 15660/15656
00:48:00 - process[2] - dev - epoch 12 - mAP: 0.101 w/ 35 queries
00:48:00 - process[2]: evaluating epoch 12 on test ...
00:48:26 - test set during evaluation: 14020/14014
00:48:26 - process[2] - test - epoch 12 - mAP: 0.145 w/ 35 queries
00:48:26 - process[2]: training epoch 13 ...
00:48:41 - process[2] - epoch 13 - train iter 207 - 12908.7 words/s - loss: 0.4529
00:48:41 - process[2]: evaluating epoch 13 on dev ...
00:49:09 - dev set during evaluation: 15660/15656
00:49:09 - process[2] - dev - epoch 13 - mAP: 0.098 w/ 35 queries
00:49:09 - process[2]: training epoch 14 ...
00:49:25 - process[2] - epoch 14 - train iter 207 - 11881.6 words/s - loss: 0.4418
00:49:25 - process[2]: evaluating epoch 14 on dev ...
00:49:53 - dev set during evaluation: 15660/15656
00:49:53 - process[2] - dev - epoch 14 - mAP: 0.105 w/ 35 queries
00:49:53 - process[2]: evaluating epoch 14 on test ...
00:50:19 - test set during evaluation: 14020/14014
00:50:19 - process[2] - test - epoch 14 - mAP: 0.135 w/ 35 queries
00:50:19 - process[2]: training epoch 15 ...
00:50:34 - process[2] - epoch 15 - train iter 207 - 12737.6 words/s - loss: 0.4454
00:50:34 - process[2]: evaluating epoch 15 on dev ...
00:51:01 - dev set during evaluation: 15660/15656
00:51:01 - process[2] - dev - epoch 15 - mAP: 0.103 w/ 35 queries
00:51:01 - process[2]: training epoch 16 ...
00:51:17 - process[2] - epoch 16 - train iter 207 - 12380.1 words/s - loss: 0.4569
00:51:17 - process[2]: evaluating epoch 16 on dev ...
00:51:45 - dev set during evaluation: 15660/15656
00:51:45 - process[2] - dev - epoch 16 - mAP: 0.119 w/ 35 queries
00:51:45 - process[2]: evaluating epoch 16 on test ...
00:52:10 - test set during evaluation: 14020/14014
00:52:10 - process[2] - test - epoch 16 - mAP: 0.143 w/ 35 queries
00:52:10 - process[2]: training epoch 17 ...
00:52:26 - process[2] - epoch 17 - train iter 207 - 12218.9 words/s - loss: 0.4765
00:52:26 - process[2]: evaluating epoch 17 on dev ...
00:52:54 - dev set during evaluation: 15660/15656
00:52:54 - process[2] - dev - epoch 17 - mAP: 0.115 w/ 35 queries
00:52:54 - process[2]: training epoch 18 ...
00:53:14 - process[2] - epoch 18 - train iter 207 - 9673.7 words/s - loss: 0.4081
00:53:14 - process[2]: evaluating epoch 18 on dev ...
00:53:42 - dev set during evaluation: 15660/15656
00:53:42 - process[2] - dev - epoch 18 - mAP: 0.110 w/ 35 queries
00:53:42 - process[2]: training epoch 19 ...
00:53:57 - process[2] - epoch 19 - train iter 207 - 12597.8 words/s - loss: 0.3605
00:53:57 - process[2]: evaluating epoch 19 on dev ...
00:54:25 - dev set during evaluation: 15660/15656
00:54:25 - process[2] - dev - epoch 19 - mAP: 0.132 w/ 35 queries
00:54:25 - process[2]: evaluating epoch 19 on test ...
00:54:50 - test set during evaluation: 14020/14014
00:54:50 - process[2] - test - epoch 19 - mAP: 0.152 w/ 35 queries
00:54:50 - [fold 5] best test MAP: 0.152 @ epoch 19
00:54:50 - [0.11818112371288857, 0.0897732012900127, 0.17569149031057743, 0.08602769929400472, 0.1524458116196668]
00:54:50 - [35, 36, 35, 35, 35]
00:54:50 - final MAP: 0.124
