00:00:05 - Namespace(apex_level='O2', batch_size=8, cased=False, dataset='clef', debug=False, encoder_lr=2e-05, eval_step=1, full_doc_length=True, local_rank=4, model_path='/mnt/scratch/puxuan/short_qlm_mix/2192279/huggingface-14', model_type='mbert', num_epochs=20, num_ft_encoders=3, num_neg=1, projector_lr=2e-05, seed=611, source_lang='de', target_lang='es')
00:00:14 - Evaluating every 1 epochs ...
00:00:14 - reading data from /mnt/home/puxuan/CLIR-project/Evaluation_data/process-clef/uncased
00:00:15 - test has 31 queries ...
00:00:15 - Data reading done ...
00:00:22 - adding 9-th encoder to optimizer...
00:00:22 - adding 10-th encoder to optimizer...
00:00:22 - adding 11-th encoder to optimizer...
00:00:22 - process[4]: training epoch 0 ...
00:00:40 - process[4] - epoch 0 - train iter 540 - 27243.1 words/s - loss: 0.5778
00:00:40 - process[4]: training epoch 1 ...
00:00:56 - process[4] - epoch 1 - train iter 540 - 28525.0 words/s - loss: 0.4884
00:00:56 - process[4]: training epoch 2 ...
00:01:13 - process[4] - epoch 2 - train iter 540 - 28335.7 words/s - loss: 0.4231
00:01:13 - process[4]: training epoch 3 ...
00:01:29 - process[4] - epoch 3 - train iter 540 - 28487.7 words/s - loss: 0.4327
00:01:29 - process[4]: training epoch 4 ...
00:01:46 - process[4] - epoch 4 - train iter 540 - 28124.8 words/s - loss: 0.4144
00:01:46 - process[4]: training epoch 5 ...
00:02:02 - process[4] - epoch 5 - train iter 540 - 28467.5 words/s - loss: 0.3700
00:02:02 - process[4]: training epoch 6 ...
00:02:19 - process[4] - epoch 6 - train iter 540 - 28310.5 words/s - loss: 0.3766
00:02:19 - process[4]: training epoch 7 ...
00:02:35 - process[4] - epoch 7 - train iter 540 - 28205.7 words/s - loss: 0.3328
00:02:35 - process[4]: training epoch 8 ...
00:02:52 - process[4] - epoch 8 - train iter 540 - 28535.7 words/s - loss: 0.3732
00:02:52 - process[4]: training epoch 9 ...
00:03:08 - process[4] - epoch 9 - train iter 540 - 28178.7 words/s - loss: 0.3729
00:03:08 - process[4]: training epoch 10 ...
00:03:25 - process[4] - epoch 10 - train iter 540 - 28471.7 words/s - loss: 0.3723
00:03:25 - process[4]: evaluating epoch 10 on dev ...
00:03:42 - process[4] - dev - epoch 10 - mAP: 0.491 w/ 31 queries
00:03:42 - process[4]: evaluating epoch 10 on test ...
00:03:56 - test set during evaluation: 11460/11458
00:03:56 - process[4] - test - epoch 10 - mAP: 0.492 w/ 31 queries
00:03:56 - process[4]: training epoch 11 ...
00:04:13 - process[4] - epoch 11 - train iter 540 - 28371.8 words/s - loss: 0.2986
00:04:13 - process[4]: evaluating epoch 11 on dev ...
00:04:26 - process[4] - dev - epoch 11 - mAP: 0.490 w/ 31 queries
00:04:26 - process[4]: training epoch 12 ...
00:04:43 - process[4] - epoch 12 - train iter 540 - 28208.2 words/s - loss: 0.3319
00:04:43 - process[4]: evaluating epoch 12 on dev ...
00:04:56 - process[4] - dev - epoch 12 - mAP: 0.497 w/ 31 queries
00:04:56 - process[4]: evaluating epoch 12 on test ...
00:05:10 - test set during evaluation: 11460/11458
00:05:10 - process[4] - test - epoch 12 - mAP: 0.511 w/ 31 queries
00:05:10 - process[4]: training epoch 13 ...
00:05:27 - process[4] - epoch 13 - train iter 540 - 28717.6 words/s - loss: 0.3185
00:05:27 - process[4]: evaluating epoch 13 on dev ...
00:05:40 - process[4] - dev - epoch 13 - mAP: 0.487 w/ 31 queries
00:05:40 - process[4]: training epoch 14 ...
00:05:57 - process[4] - epoch 14 - train iter 540 - 28387.7 words/s - loss: 0.3052
00:05:57 - process[4]: evaluating epoch 14 on dev ...
00:06:10 - process[4] - dev - epoch 14 - mAP: 0.494 w/ 31 queries
00:06:10 - process[4]: training epoch 15 ...
00:06:27 - process[4] - epoch 15 - train iter 540 - 28383.7 words/s - loss: 0.3023
00:06:27 - process[4]: evaluating epoch 15 on dev ...
00:06:41 - process[4] - dev - epoch 15 - mAP: 0.508 w/ 31 queries
00:06:41 - process[4]: evaluating epoch 15 on test ...
00:06:55 - test set during evaluation: 11460/11458
00:06:55 - process[4] - test - epoch 15 - mAP: 0.501 w/ 31 queries
00:06:55 - process[4]: training epoch 16 ...
00:07:12 - process[4] - epoch 16 - train iter 540 - 28716.0 words/s - loss: 0.2778
00:07:12 - process[4]: evaluating epoch 16 on dev ...
00:07:25 - process[4] - dev - epoch 16 - mAP: 0.495 w/ 31 queries
00:07:25 - process[4]: training epoch 17 ...
00:07:42 - process[4] - epoch 17 - train iter 540 - 29059.0 words/s - loss: 0.3016
00:07:42 - process[4]: evaluating epoch 17 on dev ...
00:07:56 - process[4] - dev - epoch 17 - mAP: 0.496 w/ 31 queries
00:07:56 - process[4]: training epoch 18 ...
00:08:12 - process[4] - epoch 18 - train iter 540 - 28395.1 words/s - loss: 0.2971
00:08:12 - process[4]: evaluating epoch 18 on dev ...
00:08:26 - process[4] - dev - epoch 18 - mAP: 0.489 w/ 31 queries
00:08:26 - process[4]: training epoch 19 ...
00:08:42 - process[4] - epoch 19 - train iter 540 - 28431.3 words/s - loss: 0.2993
00:08:42 - process[4]: evaluating epoch 19 on dev ...
00:08:55 - process[4] - dev - epoch 19 - mAP: 0.498 w/ 31 queries
00:08:55 - [fold 1] best test MAP: 0.501 @ epoch 15
00:08:55 - Evaluating every 1 epochs ...
00:08:55 - reading data from /mnt/home/puxuan/CLIR-project/Evaluation_data/process-clef/uncased
00:08:57 - test has 32 queries ...
00:08:57 - Data reading done ...
00:08:58 - adding 9-th encoder to optimizer...
00:08:58 - adding 10-th encoder to optimizer...
00:08:58 - adding 11-th encoder to optimizer...
00:08:59 - process[4]: training epoch 0 ...
00:09:15 - process[4] - epoch 0 - train iter 492 - 27795.1 words/s - loss: 0.5721
00:09:15 - process[4]: training epoch 1 ...
00:09:30 - process[4] - epoch 1 - train iter 492 - 27980.0 words/s - loss: 0.4540
00:09:30 - process[4]: training epoch 2 ...
00:09:45 - process[4] - epoch 2 - train iter 492 - 28431.8 words/s - loss: 0.4120
00:09:45 - process[4]: training epoch 3 ...
00:10:00 - process[4] - epoch 3 - train iter 492 - 27697.1 words/s - loss: 0.3942
00:10:00 - process[4]: training epoch 4 ...
00:10:15 - process[4] - epoch 4 - train iter 492 - 28094.7 words/s - loss: 0.3992
00:10:15 - process[4]: training epoch 5 ...
00:10:31 - process[4] - epoch 5 - train iter 492 - 27941.1 words/s - loss: 0.3956
00:10:31 - process[4]: training epoch 6 ...
00:10:46 - process[4] - epoch 6 - train iter 492 - 27975.9 words/s - loss: 0.3918
00:10:46 - process[4]: training epoch 7 ...
00:11:02 - process[4] - epoch 7 - train iter 492 - 27993.6 words/s - loss: 0.3730
00:11:02 - process[4]: training epoch 8 ...
00:11:17 - process[4] - epoch 8 - train iter 492 - 27848.7 words/s - loss: 0.3724
00:11:17 - process[4]: training epoch 9 ...
00:11:32 - process[4] - epoch 9 - train iter 492 - 27830.4 words/s - loss: 0.3403
00:11:32 - process[4]: training epoch 10 ...
00:11:48 - process[4] - epoch 10 - train iter 492 - 28134.6 words/s - loss: 0.3669
00:11:48 - process[4]: evaluating epoch 10 on dev ...
00:12:03 - dev set during evaluation: 11460/11458
00:12:03 - process[4] - dev - epoch 10 - mAP: 0.485 w/ 31 queries
00:12:03 - process[4]: evaluating epoch 10 on test ...
00:12:18 - process[4] - test - epoch 10 - mAP: 0.565 w/ 32 queries
00:12:18 - process[4]: training epoch 11 ...
00:12:33 - process[4] - epoch 11 - train iter 492 - 28076.3 words/s - loss: 0.3599
00:12:33 - process[4]: evaluating epoch 11 on dev ...
00:12:47 - dev set during evaluation: 11460/11458
00:12:47 - process[4] - dev - epoch 11 - mAP: 0.505 w/ 31 queries
00:12:47 - process[4]: evaluating epoch 11 on test ...
00:13:03 - process[4] - test - epoch 11 - mAP: 0.560 w/ 32 queries
00:13:03 - process[4]: training epoch 12 ...
00:13:18 - process[4] - epoch 12 - train iter 492 - 27907.3 words/s - loss: 0.3544
00:13:18 - process[4]: evaluating epoch 12 on dev ...
00:13:33 - dev set during evaluation: 11460/11458
00:13:33 - process[4] - dev - epoch 12 - mAP: 0.498 w/ 31 queries
00:13:33 - process[4]: training epoch 13 ...
00:13:48 - process[4] - epoch 13 - train iter 492 - 27701.3 words/s - loss: 0.3512
00:13:48 - process[4]: evaluating epoch 13 on dev ...
00:14:02 - dev set during evaluation: 11460/11458
00:14:02 - process[4] - dev - epoch 13 - mAP: 0.506 w/ 31 queries
00:14:02 - process[4]: evaluating epoch 13 on test ...
00:14:18 - process[4] - test - epoch 13 - mAP: 0.543 w/ 32 queries
00:14:18 - process[4]: training epoch 14 ...
00:14:34 - process[4] - epoch 14 - train iter 492 - 28470.8 words/s - loss: 0.3405
00:14:34 - process[4]: evaluating epoch 14 on dev ...
00:14:48 - dev set during evaluation: 11460/11458
00:14:48 - process[4] - dev - epoch 14 - mAP: 0.485 w/ 31 queries
00:14:48 - process[4]: training epoch 15 ...
00:15:03 - process[4] - epoch 15 - train iter 492 - 28295.6 words/s - loss: 0.3035
00:15:03 - process[4]: evaluating epoch 15 on dev ...
00:15:17 - dev set during evaluation: 11460/11458
00:15:17 - process[4] - dev - epoch 15 - mAP: 0.505 w/ 31 queries
00:15:17 - process[4]: training epoch 16 ...
00:15:32 - process[4] - epoch 16 - train iter 492 - 27835.8 words/s - loss: 0.3098
00:15:32 - process[4]: evaluating epoch 16 on dev ...
00:15:46 - dev set during evaluation: 11460/11458
00:15:46 - process[4] - dev - epoch 16 - mAP: 0.489 w/ 31 queries
00:15:46 - process[4]: training epoch 17 ...
00:16:02 - process[4] - epoch 17 - train iter 492 - 27840.8 words/s - loss: 0.3502
00:16:02 - process[4]: evaluating epoch 17 on dev ...
00:16:16 - dev set during evaluation: 11460/11458
00:16:16 - process[4] - dev - epoch 17 - mAP: 0.499 w/ 31 queries
00:16:16 - process[4]: training epoch 18 ...
00:16:31 - process[4] - epoch 18 - train iter 492 - 28380.3 words/s - loss: 0.2907
00:16:31 - process[4]: evaluating epoch 18 on dev ...
00:16:45 - dev set during evaluation: 11460/11458
00:16:45 - process[4] - dev - epoch 18 - mAP: 0.490 w/ 31 queries
00:16:45 - process[4]: training epoch 19 ...
00:17:00 - process[4] - epoch 19 - train iter 492 - 28419.5 words/s - loss: 0.3134
00:17:00 - process[4]: evaluating epoch 19 on dev ...
00:17:15 - dev set during evaluation: 11460/11458
00:17:15 - process[4] - dev - epoch 19 - mAP: 0.483 w/ 31 queries
00:17:15 - [fold 2] best test MAP: 0.543 @ epoch 13
00:17:15 - Evaluating every 1 epochs ...
00:17:15 - reading data from /mnt/home/puxuan/CLIR-project/Evaluation_data/process-clef/uncased
00:17:16 - test has 31 queries ...
00:17:16 - Data reading done ...
00:17:18 - adding 9-th encoder to optimizer...
00:17:18 - adding 10-th encoder to optimizer...
00:17:18 - adding 11-th encoder to optimizer...
00:17:18 - process[4]: training epoch 0 ...
00:17:33 - process[4] - epoch 0 - train iter 476 - 27848.4 words/s - loss: 0.5868
00:17:33 - process[4]: training epoch 1 ...
00:17:48 - process[4] - epoch 1 - train iter 476 - 27956.6 words/s - loss: 0.4776
00:17:48 - process[4]: training epoch 2 ...
00:18:03 - process[4] - epoch 2 - train iter 476 - 28348.1 words/s - loss: 0.4182
00:18:03 - process[4]: training epoch 3 ...
00:18:18 - process[4] - epoch 3 - train iter 476 - 27983.0 words/s - loss: 0.4363
00:18:18 - process[4]: training epoch 4 ...
00:18:32 - process[4] - epoch 4 - train iter 476 - 28393.5 words/s - loss: 0.4102
00:18:32 - process[4]: training epoch 5 ...
00:18:47 - process[4] - epoch 5 - train iter 476 - 28104.8 words/s - loss: 0.3926
00:18:47 - process[4]: training epoch 6 ...
00:19:01 - process[4] - epoch 6 - train iter 476 - 28051.7 words/s - loss: 0.3998
00:19:01 - process[4]: training epoch 7 ...
00:19:16 - process[4] - epoch 7 - train iter 476 - 28301.7 words/s - loss: 0.3571
00:19:16 - process[4]: training epoch 8 ...
00:19:31 - process[4] - epoch 8 - train iter 476 - 28066.8 words/s - loss: 0.3628
00:19:31 - process[4]: training epoch 9 ...
00:19:45 - process[4] - epoch 9 - train iter 476 - 28118.3 words/s - loss: 0.3263
00:19:45 - process[4]: training epoch 10 ...
00:20:00 - process[4] - epoch 10 - train iter 476 - 28014.2 words/s - loss: 0.3507
00:20:00 - process[4]: evaluating epoch 10 on dev ...
00:20:17 - process[4] - dev - epoch 10 - mAP: 0.553 w/ 32 queries
00:20:17 - process[4]: evaluating epoch 10 on test ...
00:20:32 - test set during evaluation: 11550/11545
00:20:32 - process[4] - test - epoch 10 - mAP: 0.516 w/ 31 queries
00:20:32 - process[4]: training epoch 11 ...
00:20:46 - process[4] - epoch 11 - train iter 476 - 28110.5 words/s - loss: 0.2972
00:20:46 - process[4]: evaluating epoch 11 on dev ...
00:21:01 - process[4] - dev - epoch 11 - mAP: 0.541 w/ 32 queries
00:21:02 - process[4]: training epoch 12 ...
00:21:17 - process[4] - epoch 12 - train iter 476 - 27764.2 words/s - loss: 0.3448
00:21:17 - process[4]: evaluating epoch 12 on dev ...
00:21:32 - process[4] - dev - epoch 12 - mAP: 0.565 w/ 32 queries
00:21:32 - process[4]: evaluating epoch 12 on test ...
00:21:47 - test set during evaluation: 11550/11545
00:21:47 - process[4] - test - epoch 12 - mAP: 0.524 w/ 31 queries
00:21:47 - process[4]: training epoch 13 ...
00:22:02 - process[4] - epoch 13 - train iter 476 - 28095.0 words/s - loss: 0.3424
00:22:02 - process[4]: evaluating epoch 13 on dev ...
00:22:17 - process[4] - dev - epoch 13 - mAP: 0.540 w/ 32 queries
00:22:17 - process[4]: training epoch 14 ...
00:22:32 - process[4] - epoch 14 - train iter 476 - 28144.1 words/s - loss: 0.2973
00:22:32 - process[4]: evaluating epoch 14 on dev ...
00:22:47 - process[4] - dev - epoch 14 - mAP: 0.577 w/ 32 queries
00:22:47 - process[4]: evaluating epoch 14 on test ...
00:23:02 - test set during evaluation: 11550/11545
00:23:02 - process[4] - test - epoch 14 - mAP: 0.523 w/ 31 queries
00:23:02 - process[4]: training epoch 15 ...
00:23:17 - process[4] - epoch 15 - train iter 476 - 28783.5 words/s - loss: 0.3220
00:23:17 - process[4]: evaluating epoch 15 on dev ...
00:23:31 - process[4] - dev - epoch 15 - mAP: 0.548 w/ 32 queries
00:23:31 - process[4]: training epoch 16 ...
00:23:46 - process[4] - epoch 16 - train iter 476 - 28375.0 words/s - loss: 0.3247
00:23:46 - process[4]: evaluating epoch 16 on dev ...
00:24:01 - process[4] - dev - epoch 16 - mAP: 0.554 w/ 32 queries
00:24:01 - process[4]: training epoch 17 ...
00:24:16 - process[4] - epoch 17 - train iter 476 - 27903.7 words/s - loss: 0.3102
00:24:16 - process[4]: evaluating epoch 17 on dev ...
00:24:31 - process[4] - dev - epoch 17 - mAP: 0.545 w/ 32 queries
00:24:31 - process[4]: training epoch 18 ...
00:24:46 - process[4] - epoch 18 - train iter 476 - 28193.7 words/s - loss: 0.3058
00:24:46 - process[4]: evaluating epoch 18 on dev ...
00:25:02 - process[4] - dev - epoch 18 - mAP: 0.549 w/ 32 queries
00:25:02 - process[4]: training epoch 19 ...
00:25:17 - process[4] - epoch 19 - train iter 476 - 28029.7 words/s - loss: 0.3263
00:25:17 - process[4]: evaluating epoch 19 on dev ...
00:25:32 - process[4] - dev - epoch 19 - mAP: 0.566 w/ 32 queries
00:25:32 - [fold 3] best test MAP: 0.523 @ epoch 14
00:25:32 - Evaluating every 1 epochs ...
00:25:32 - reading data from /mnt/home/puxuan/CLIR-project/Evaluation_data/process-clef/uncased
00:25:34 - test has 31 queries ...
00:25:34 - Data reading done ...
00:25:35 - adding 9-th encoder to optimizer...
00:25:35 - adding 10-th encoder to optimizer...
00:25:35 - adding 11-th encoder to optimizer...
00:25:36 - process[4]: training epoch 0 ...
00:25:51 - process[4] - epoch 0 - train iter 432 - 25496.8 words/s - loss: 0.6192
00:25:51 - process[4]: training epoch 1 ...
00:26:04 - process[4] - epoch 1 - train iter 432 - 28195.9 words/s - loss: 0.4927
00:26:04 - process[4]: training epoch 2 ...
00:26:17 - process[4] - epoch 2 - train iter 432 - 27947.6 words/s - loss: 0.4574
00:26:17 - process[4]: training epoch 3 ...
00:26:31 - process[4] - epoch 3 - train iter 432 - 28320.9 words/s - loss: 0.4549
00:26:31 - process[4]: training epoch 4 ...
00:26:44 - process[4] - epoch 4 - train iter 432 - 28577.4 words/s - loss: 0.4364
00:26:44 - process[4]: training epoch 5 ...
00:26:57 - process[4] - epoch 5 - train iter 432 - 28401.5 words/s - loss: 0.3686
00:26:57 - process[4]: training epoch 6 ...
00:27:11 - process[4] - epoch 6 - train iter 432 - 28315.1 words/s - loss: 0.3937
00:27:11 - process[4]: training epoch 7 ...
00:27:24 - process[4] - epoch 7 - train iter 432 - 27990.5 words/s - loss: 0.3852
00:27:24 - process[4]: training epoch 8 ...
00:27:37 - process[4] - epoch 8 - train iter 432 - 28590.8 words/s - loss: 0.4044
00:27:37 - process[4]: training epoch 9 ...
00:27:51 - process[4] - epoch 9 - train iter 432 - 28316.1 words/s - loss: 0.3779
00:27:51 - process[4]: training epoch 10 ...
00:28:04 - process[4] - epoch 10 - train iter 432 - 28189.1 words/s - loss: 0.3843
00:28:04 - process[4]: evaluating epoch 10 on dev ...
00:28:19 - dev set during evaluation: 11550/11545
00:28:19 - process[4] - dev - epoch 10 - mAP: 0.533 w/ 31 queries
00:28:19 - process[4]: evaluating epoch 10 on test ...
00:28:33 - test set during evaluation: 11320/11315
00:28:33 - process[4] - test - epoch 10 - mAP: 0.561 w/ 31 queries
00:28:33 - process[4]: training epoch 11 ...
00:28:47 - process[4] - epoch 11 - train iter 432 - 28311.5 words/s - loss: 0.3513
00:28:47 - process[4]: evaluating epoch 11 on dev ...
00:29:02 - dev set during evaluation: 11550/11545
00:29:02 - process[4] - dev - epoch 11 - mAP: 0.526 w/ 31 queries
00:29:02 - process[4]: training epoch 12 ...
00:29:16 - process[4] - epoch 12 - train iter 432 - 27909.3 words/s - loss: 0.3593
00:29:16 - process[4]: evaluating epoch 12 on dev ...
00:29:31 - dev set during evaluation: 11550/11545
00:29:31 - process[4] - dev - epoch 12 - mAP: 0.529 w/ 31 queries
00:29:31 - process[4]: training epoch 13 ...
00:29:44 - process[4] - epoch 13 - train iter 432 - 28179.5 words/s - loss: 0.3678
00:29:44 - process[4]: evaluating epoch 13 on dev ...
00:29:59 - dev set during evaluation: 11550/11545
00:29:59 - process[4] - dev - epoch 13 - mAP: 0.517 w/ 31 queries
00:29:59 - process[4]: training epoch 14 ...
00:30:13 - process[4] - epoch 14 - train iter 432 - 27846.1 words/s - loss: 0.3263
00:30:13 - process[4]: evaluating epoch 14 on dev ...
00:30:27 - dev set during evaluation: 11550/11545
00:30:27 - process[4] - dev - epoch 14 - mAP: 0.535 w/ 31 queries
00:30:27 - process[4]: evaluating epoch 14 on test ...
00:30:42 - test set during evaluation: 11320/11315
00:30:42 - process[4] - test - epoch 14 - mAP: 0.567 w/ 31 queries
00:30:42 - process[4]: training epoch 15 ...
00:30:55 - process[4] - epoch 15 - train iter 432 - 28647.4 words/s - loss: 0.3128
00:30:55 - process[4]: evaluating epoch 15 on dev ...
00:31:10 - dev set during evaluation: 11550/11545
00:31:10 - process[4] - dev - epoch 15 - mAP: 0.503 w/ 31 queries
00:31:10 - process[4]: training epoch 16 ...
00:31:23 - process[4] - epoch 16 - train iter 432 - 27925.8 words/s - loss: 0.3023
00:31:23 - process[4]: evaluating epoch 16 on dev ...
00:31:38 - dev set during evaluation: 11550/11545
00:31:38 - process[4] - dev - epoch 16 - mAP: 0.537 w/ 31 queries
00:31:38 - process[4]: evaluating epoch 16 on test ...
00:31:53 - test set during evaluation: 11320/11315
00:31:53 - process[4] - test - epoch 16 - mAP: 0.559 w/ 31 queries
00:31:53 - process[4]: training epoch 17 ...
00:32:06 - process[4] - epoch 17 - train iter 432 - 28224.4 words/s - loss: 0.3249
00:32:06 - process[4]: evaluating epoch 17 on dev ...
00:32:21 - dev set during evaluation: 11550/11545
00:32:21 - process[4] - dev - epoch 17 - mAP: 0.512 w/ 31 queries
00:32:21 - process[4]: training epoch 18 ...
00:32:34 - process[4] - epoch 18 - train iter 432 - 27969.6 words/s - loss: 0.3262
00:32:34 - process[4]: evaluating epoch 18 on dev ...
00:32:49 - dev set during evaluation: 11550/11545
00:32:49 - process[4] - dev - epoch 18 - mAP: 0.547 w/ 31 queries
00:32:49 - process[4]: evaluating epoch 18 on test ...
00:33:04 - test set during evaluation: 11320/11315
00:33:04 - process[4] - test - epoch 18 - mAP: 0.550 w/ 31 queries
00:33:04 - process[4]: training epoch 19 ...
00:33:17 - process[4] - epoch 19 - train iter 432 - 28643.2 words/s - loss: 0.2739
00:33:17 - process[4]: evaluating epoch 19 on dev ...
00:33:32 - dev set during evaluation: 11550/11545
00:33:32 - process[4] - dev - epoch 19 - mAP: 0.542 w/ 31 queries
00:33:32 - [fold 4] best test MAP: 0.550 @ epoch 18
00:33:32 - Evaluating every 1 epochs ...
00:33:32 - reading data from /mnt/home/puxuan/CLIR-project/Evaluation_data/process-clef/uncased
00:33:33 - test has 31 queries ...
00:33:33 - Data reading done ...
00:33:35 - adding 9-th encoder to optimizer...
00:33:35 - adding 10-th encoder to optimizer...
00:33:35 - adding 11-th encoder to optimizer...
00:33:35 - process[4]: training epoch 0 ...
00:33:49 - process[4] - epoch 0 - train iter 437 - 27937.2 words/s - loss: 0.6141
00:33:49 - process[4]: training epoch 1 ...
00:34:02 - process[4] - epoch 1 - train iter 437 - 28519.2 words/s - loss: 0.4910
00:34:02 - process[4]: training epoch 2 ...
00:34:16 - process[4] - epoch 2 - train iter 437 - 28101.7 words/s - loss: 0.4520
00:34:16 - process[4]: training epoch 3 ...
00:34:30 - process[4] - epoch 3 - train iter 437 - 27773.5 words/s - loss: 0.4536
00:34:30 - process[4]: training epoch 4 ...
00:34:44 - process[4] - epoch 4 - train iter 437 - 27712.4 words/s - loss: 0.4287
00:34:44 - process[4]: training epoch 5 ...
00:34:58 - process[4] - epoch 5 - train iter 437 - 27743.7 words/s - loss: 0.3987
00:34:58 - process[4]: training epoch 6 ...
00:35:12 - process[4] - epoch 6 - train iter 437 - 27848.8 words/s - loss: 0.3779
00:35:12 - process[4]: training epoch 7 ...
00:35:26 - process[4] - epoch 7 - train iter 437 - 27834.0 words/s - loss: 0.3681
00:35:26 - process[4]: training epoch 8 ...
00:35:39 - process[4] - epoch 8 - train iter 437 - 28147.7 words/s - loss: 0.3710
00:35:39 - process[4]: training epoch 9 ...
00:35:53 - process[4] - epoch 9 - train iter 437 - 28427.2 words/s - loss: 0.3770
00:35:53 - process[4]: training epoch 10 ...
00:36:06 - process[4] - epoch 10 - train iter 437 - 28234.2 words/s - loss: 0.3376
00:36:06 - process[4]: evaluating epoch 10 on dev ...
00:36:22 - dev set during evaluation: 11320/11315
00:36:22 - process[4] - dev - epoch 10 - mAP: 0.562 w/ 31 queries
00:36:22 - process[4]: evaluating epoch 10 on test ...
00:36:36 - process[4] - test - epoch 10 - mAP: 0.510 w/ 31 queries
00:36:36 - process[4]: training epoch 11 ...
00:36:50 - process[4] - epoch 11 - train iter 437 - 27911.4 words/s - loss: 0.3429
00:36:50 - process[4]: evaluating epoch 11 on dev ...
00:37:04 - dev set during evaluation: 11320/11315
00:37:04 - process[4] - dev - epoch 11 - mAP: 0.553 w/ 31 queries
00:37:04 - process[4]: training epoch 12 ...
00:37:18 - process[4] - epoch 12 - train iter 437 - 27964.3 words/s - loss: 0.3526
00:37:18 - process[4]: evaluating epoch 12 on dev ...
00:37:34 - dev set during evaluation: 11320/11315
00:37:34 - process[4] - dev - epoch 12 - mAP: 0.549 w/ 31 queries
00:37:34 - process[4]: training epoch 13 ...
00:37:47 - process[4] - epoch 13 - train iter 437 - 28141.1 words/s - loss: 0.3166
00:37:47 - process[4]: evaluating epoch 13 on dev ...
00:38:02 - dev set during evaluation: 11320/11315
00:38:02 - process[4] - dev - epoch 13 - mAP: 0.555 w/ 31 queries
00:38:02 - process[4]: training epoch 14 ...
00:38:16 - process[4] - epoch 14 - train iter 437 - 27858.5 words/s - loss: 0.3253
00:38:16 - process[4]: evaluating epoch 14 on dev ...
00:38:30 - dev set during evaluation: 11320/11315
00:38:30 - process[4] - dev - epoch 14 - mAP: 0.554 w/ 31 queries
00:38:30 - process[4]: training epoch 15 ...
00:38:44 - process[4] - epoch 15 - train iter 437 - 28088.0 words/s - loss: 0.3497
00:38:44 - process[4]: evaluating epoch 15 on dev ...
00:38:59 - dev set during evaluation: 11320/11315
00:38:59 - process[4] - dev - epoch 15 - mAP: 0.566 w/ 31 queries
00:38:59 - process[4]: evaluating epoch 15 on test ...
00:39:13 - process[4] - test - epoch 15 - mAP: 0.491 w/ 31 queries
00:39:13 - process[4]: training epoch 16 ...
00:39:27 - process[4] - epoch 16 - train iter 437 - 27673.5 words/s - loss: 0.3120
00:39:27 - process[4]: evaluating epoch 16 on dev ...
00:39:41 - dev set during evaluation: 11320/11315
00:39:41 - process[4] - dev - epoch 16 - mAP: 0.560 w/ 31 queries
00:39:41 - process[4]: training epoch 17 ...
00:39:55 - process[4] - epoch 17 - train iter 437 - 28005.9 words/s - loss: 0.3091
00:39:55 - process[4]: evaluating epoch 17 on dev ...
00:40:10 - dev set during evaluation: 11320/11315
00:40:10 - process[4] - dev - epoch 17 - mAP: 0.572 w/ 31 queries
00:40:10 - process[4]: evaluating epoch 17 on test ...
00:40:24 - process[4] - test - epoch 17 - mAP: 0.513 w/ 31 queries
00:40:24 - process[4]: training epoch 18 ...
00:40:38 - process[4] - epoch 18 - train iter 437 - 28191.0 words/s - loss: 0.3035
00:40:38 - process[4]: evaluating epoch 18 on dev ...
00:40:52 - dev set during evaluation: 11320/11315
00:40:52 - process[4] - dev - epoch 18 - mAP: 0.568 w/ 31 queries
00:40:52 - process[4]: training epoch 19 ...
00:41:06 - process[4] - epoch 19 - train iter 437 - 28199.3 words/s - loss: 0.3055
00:41:06 - process[4]: evaluating epoch 19 on dev ...
00:41:20 - dev set during evaluation: 11320/11315
00:41:20 - process[4] - dev - epoch 19 - mAP: 0.555 w/ 31 queries
00:41:20 - [fold 5] best test MAP: 0.513 @ epoch 17
00:41:20 - [0.5006208870988618, 0.5427272766567207, 0.5228393761291248, 0.5498231239539928, 0.5128775750027054]
00:41:20 - [31, 32, 31, 31, 31]
00:41:20 - final MAP: 0.526
