00:00:06 - Namespace(apex_level='O2', batch_size=8, cased=False, dataset='clef', debug=False, encoder_lr=2e-05, eval_step=1, full_doc_length=True, local_rank=6, model_path='/mnt/scratch/puxuan/short_rr/2186734/huggingface-4', model_type='mbert', num_epochs=20, num_ft_encoders=3, num_neg=1, projector_lr=2e-05, seed=611, source_lang='en', target_lang='fr')
00:00:22 - Evaluating every 1 epochs ...
00:00:22 - reading data from /mnt/home/puxuan/CLIR-project/Evaluation_data/process-clef/uncased
00:00:23 - test has 37 queries ...
00:00:23 - Data reading done ...
00:00:30 - adding 9-th encoder to optimizer...
00:00:30 - adding 10-th encoder to optimizer...
00:00:30 - adding 11-th encoder to optimizer...
00:00:30 - process[6]: training epoch 0 ...
00:00:40 - process[6] - epoch 0 - train iter 241 - 20087.5 words/s - loss: 0.5886
00:00:40 - process[6]: training epoch 1 ...
00:00:49 - process[6] - epoch 1 - train iter 241 - 21005.9 words/s - loss: 0.5460
00:00:49 - process[6]: training epoch 2 ...
00:00:59 - process[6] - epoch 2 - train iter 241 - 21071.5 words/s - loss: 0.4977
00:00:59 - process[6]: training epoch 3 ...
00:01:08 - process[6] - epoch 3 - train iter 241 - 19699.6 words/s - loss: 0.4664
00:01:08 - process[6]: training epoch 4 ...
00:01:18 - process[6] - epoch 4 - train iter 241 - 20380.3 words/s - loss: 0.4283
00:01:18 - process[6]: training epoch 5 ...
00:01:27 - process[6] - epoch 5 - train iter 241 - 21043.7 words/s - loss: 0.4883
00:01:27 - process[6]: training epoch 6 ...
00:01:36 - process[6] - epoch 6 - train iter 241 - 21713.9 words/s - loss: 0.4501
00:01:36 - process[6]: training epoch 7 ...
00:01:45 - process[6] - epoch 7 - train iter 241 - 22091.0 words/s - loss: 0.4388
00:01:45 - process[6]: training epoch 8 ...
00:01:53 - process[6] - epoch 8 - train iter 241 - 23360.7 words/s - loss: 0.4800
00:01:53 - process[6]: training epoch 9 ...
00:02:02 - process[6] - epoch 9 - train iter 241 - 22820.4 words/s - loss: 0.4028
00:02:02 - process[6]: training epoch 10 ...
00:02:11 - process[6] - epoch 10 - train iter 241 - 21450.6 words/s - loss: 0.4262
00:02:11 - process[6]: evaluating epoch 10 on dev ...
00:02:29 - process[6] - dev - epoch 10 - mAP: 0.419 w/ 37 queries
00:02:29 - process[6]: evaluating epoch 10 on test ...
00:02:48 - test set during evaluation: 11380/11372
00:02:48 - process[6] - test - epoch 10 - mAP: 0.522 w/ 37 queries
00:02:48 - process[6]: training epoch 11 ...
00:02:58 - process[6] - epoch 11 - train iter 241 - 20580.8 words/s - loss: 0.4465
00:02:58 - process[6]: evaluating epoch 11 on dev ...
00:03:16 - process[6] - dev - epoch 11 - mAP: 0.422 w/ 37 queries
00:03:16 - process[6]: evaluating epoch 11 on test ...
00:03:35 - test set during evaluation: 11380/11372
00:03:35 - process[6] - test - epoch 11 - mAP: 0.529 w/ 37 queries
00:03:35 - process[6]: training epoch 12 ...
00:03:43 - process[6] - epoch 12 - train iter 241 - 23297.4 words/s - loss: 0.4182
00:03:43 - process[6]: evaluating epoch 12 on dev ...
00:04:02 - process[6] - dev - epoch 12 - mAP: 0.424 w/ 37 queries
00:04:02 - process[6]: evaluating epoch 12 on test ...
00:04:21 - test set during evaluation: 11380/11372
00:04:21 - process[6] - test - epoch 12 - mAP: 0.551 w/ 37 queries
00:04:21 - process[6]: training epoch 13 ...
00:04:29 - process[6] - epoch 13 - train iter 241 - 21851.7 words/s - loss: 0.3472
00:04:29 - process[6]: evaluating epoch 13 on dev ...
00:04:48 - process[6] - dev - epoch 13 - mAP: 0.425 w/ 37 queries
00:04:48 - process[6]: evaluating epoch 13 on test ...
00:05:06 - test set during evaluation: 11380/11372
00:05:06 - process[6] - test - epoch 13 - mAP: 0.546 w/ 37 queries
00:05:06 - process[6]: training epoch 14 ...
00:05:15 - process[6] - epoch 14 - train iter 241 - 21198.3 words/s - loss: 0.4242
00:05:15 - process[6]: evaluating epoch 14 on dev ...
00:05:34 - process[6] - dev - epoch 14 - mAP: 0.435 w/ 37 queries
00:05:34 - process[6]: evaluating epoch 14 on test ...
00:05:52 - test set during evaluation: 11380/11372
00:05:52 - process[6] - test - epoch 14 - mAP: 0.527 w/ 37 queries
00:05:52 - process[6]: training epoch 15 ...
00:06:01 - process[6] - epoch 15 - train iter 241 - 22403.1 words/s - loss: 0.3666
00:06:01 - process[6]: evaluating epoch 15 on dev ...
00:06:19 - process[6] - dev - epoch 15 - mAP: 0.432 w/ 37 queries
00:06:19 - process[6]: training epoch 16 ...
00:06:28 - process[6] - epoch 16 - train iter 241 - 20809.2 words/s - loss: 0.4227
00:06:28 - process[6]: evaluating epoch 16 on dev ...
00:06:47 - process[6] - dev - epoch 16 - mAP: 0.427 w/ 37 queries
00:06:47 - process[6]: training epoch 17 ...
00:06:56 - process[6] - epoch 17 - train iter 241 - 22167.7 words/s - loss: 0.3985
00:06:56 - process[6]: evaluating epoch 17 on dev ...
00:07:14 - process[6] - dev - epoch 17 - mAP: 0.427 w/ 37 queries
00:07:14 - process[6]: training epoch 18 ...
00:07:23 - process[6] - epoch 18 - train iter 241 - 22012.3 words/s - loss: 0.4016
00:07:23 - process[6]: evaluating epoch 18 on dev ...
00:07:41 - process[6] - dev - epoch 18 - mAP: 0.439 w/ 37 queries
00:07:41 - process[6]: evaluating epoch 18 on test ...
00:08:00 - test set during evaluation: 11380/11372
00:08:00 - process[6] - test - epoch 18 - mAP: 0.583 w/ 37 queries
00:08:00 - process[6]: training epoch 19 ...
00:08:09 - process[6] - epoch 19 - train iter 241 - 21334.3 words/s - loss: 0.4164
00:08:09 - process[6]: evaluating epoch 19 on dev ...
00:08:27 - process[6] - dev - epoch 19 - mAP: 0.441 w/ 37 queries
00:08:27 - process[6]: evaluating epoch 19 on test ...
00:08:46 - test set during evaluation: 11380/11372
00:08:46 - process[6] - test - epoch 19 - mAP: 0.562 w/ 37 queries
00:08:46 - [fold 1] best test MAP: 0.562 @ epoch 19
00:08:46 - Evaluating every 1 epochs ...
00:08:46 - reading data from /mnt/home/puxuan/CLIR-project/Evaluation_data/process-clef/uncased
00:08:46 - test has 37 queries ...
00:08:46 - Data reading done ...
00:08:47 - adding 9-th encoder to optimizer...
00:08:47 - adding 10-th encoder to optimizer...
00:08:47 - adding 11-th encoder to optimizer...
00:08:48 - process[6]: training epoch 0 ...
00:08:58 - process[6] - epoch 0 - train iter 276 - 21208.1 words/s - loss: 0.5660
00:08:58 - process[6]: training epoch 1 ...
00:09:09 - process[6] - epoch 1 - train iter 276 - 20924.1 words/s - loss: 0.5344
00:09:09 - process[6]: training epoch 2 ...
00:09:21 - process[6] - epoch 2 - train iter 276 - 19555.3 words/s - loss: 0.5263
00:09:21 - process[6]: training epoch 3 ...
00:09:32 - process[6] - epoch 3 - train iter 276 - 21192.1 words/s - loss: 0.5247
00:09:32 - process[6]: training epoch 4 ...
00:09:42 - process[6] - epoch 4 - train iter 276 - 21723.6 words/s - loss: 0.4611
00:09:42 - process[6]: training epoch 5 ...
00:09:53 - process[6] - epoch 5 - train iter 276 - 20481.8 words/s - loss: 0.4613
00:09:53 - process[6]: training epoch 6 ...
00:10:03 - process[6] - epoch 6 - train iter 276 - 22413.3 words/s - loss: 0.4491
00:10:03 - process[6]: training epoch 7 ...
00:10:13 - process[6] - epoch 7 - train iter 276 - 21157.5 words/s - loss: 0.4705
00:10:13 - process[6]: training epoch 8 ...
00:10:24 - process[6] - epoch 8 - train iter 276 - 20811.1 words/s - loss: 0.4363
00:10:24 - process[6]: training epoch 9 ...
00:10:35 - process[6] - epoch 9 - train iter 276 - 20736.0 words/s - loss: 0.4397
00:10:35 - process[6]: training epoch 10 ...
00:10:46 - process[6] - epoch 10 - train iter 276 - 21179.9 words/s - loss: 0.4175
00:10:46 - process[6]: evaluating epoch 10 on dev ...
00:11:13 - dev set during evaluation: 11380/11372
00:11:13 - process[6] - dev - epoch 10 - mAP: 0.504 w/ 37 queries
00:11:13 - process[6]: evaluating epoch 10 on test ...
00:11:30 - process[6] - test - epoch 10 - mAP: 0.457 w/ 37 queries
00:11:30 - process[6]: training epoch 11 ...
00:11:40 - process[6] - epoch 11 - train iter 276 - 22386.6 words/s - loss: 0.4853
00:11:40 - process[6]: evaluating epoch 11 on dev ...
00:12:01 - dev set during evaluation: 11380/11372
00:12:01 - process[6] - dev - epoch 11 - mAP: 0.520 w/ 37 queries
00:12:01 - process[6]: evaluating epoch 11 on test ...
00:12:18 - process[6] - test - epoch 11 - mAP: 0.476 w/ 37 queries
00:12:18 - process[6]: training epoch 12 ...
00:12:29 - process[6] - epoch 12 - train iter 276 - 21229.8 words/s - loss: 0.3989
00:12:29 - process[6]: evaluating epoch 12 on dev ...
00:12:47 - dev set during evaluation: 11380/11372
00:12:47 - process[6] - dev - epoch 12 - mAP: 0.541 w/ 37 queries
00:12:47 - process[6]: evaluating epoch 12 on test ...
00:13:04 - process[6] - test - epoch 12 - mAP: 0.457 w/ 37 queries
00:13:04 - process[6]: training epoch 13 ...
00:13:15 - process[6] - epoch 13 - train iter 276 - 21326.3 words/s - loss: 0.4218
00:13:15 - process[6]: evaluating epoch 13 on dev ...
00:13:34 - dev set during evaluation: 11380/11372
00:13:34 - process[6] - dev - epoch 13 - mAP: 0.532 w/ 37 queries
00:13:34 - process[6]: training epoch 14 ...
00:13:44 - process[6] - epoch 14 - train iter 276 - 21170.9 words/s - loss: 0.3694
00:13:44 - process[6]: evaluating epoch 14 on dev ...
00:14:03 - dev set during evaluation: 11380/11372
00:14:03 - process[6] - dev - epoch 14 - mAP: 0.539 w/ 37 queries
00:14:03 - process[6]: training epoch 15 ...
00:14:14 - process[6] - epoch 15 - train iter 276 - 21375.4 words/s - loss: 0.4300
00:14:14 - process[6]: evaluating epoch 15 on dev ...
00:14:33 - dev set during evaluation: 11380/11372
00:14:33 - process[6] - dev - epoch 15 - mAP: 0.544 w/ 37 queries
00:14:33 - process[6]: evaluating epoch 15 on test ...
00:14:50 - process[6] - test - epoch 15 - mAP: 0.458 w/ 37 queries
00:14:50 - process[6]: training epoch 16 ...
00:15:01 - process[6] - epoch 16 - train iter 276 - 21385.8 words/s - loss: 0.4015
00:15:01 - process[6]: evaluating epoch 16 on dev ...
00:15:19 - dev set during evaluation: 11380/11372
00:15:19 - process[6] - dev - epoch 16 - mAP: 0.508 w/ 37 queries
00:15:19 - process[6]: training epoch 17 ...
00:15:30 - process[6] - epoch 17 - train iter 276 - 20884.6 words/s - loss: 0.4280
00:15:30 - process[6]: evaluating epoch 17 on dev ...
00:15:49 - dev set during evaluation: 11380/11372
00:15:49 - process[6] - dev - epoch 17 - mAP: 0.524 w/ 37 queries
00:15:49 - process[6]: training epoch 18 ...
00:15:59 - process[6] - epoch 18 - train iter 276 - 21177.8 words/s - loss: 0.4187
00:15:59 - process[6]: evaluating epoch 18 on dev ...
00:16:18 - dev set during evaluation: 11380/11372
00:16:18 - process[6] - dev - epoch 18 - mAP: 0.496 w/ 37 queries
00:16:18 - process[6]: training epoch 19 ...
00:16:30 - process[6] - epoch 19 - train iter 276 - 20405.2 words/s - loss: 0.3920
00:16:30 - process[6]: evaluating epoch 19 on dev ...
00:16:48 - dev set during evaluation: 11380/11372
00:16:48 - process[6] - dev - epoch 19 - mAP: 0.502 w/ 37 queries
00:16:48 - [fold 2] best test MAP: 0.458 @ epoch 15
00:16:48 - Evaluating every 1 epochs ...
00:16:48 - reading data from /mnt/home/puxuan/CLIR-project/Evaluation_data/process-clef/uncased
00:16:49 - test has 37 queries ...
00:16:49 - Data reading done ...
00:16:50 - adding 9-th encoder to optimizer...
00:16:50 - adding 10-th encoder to optimizer...
00:16:50 - adding 11-th encoder to optimizer...
00:16:50 - process[6]: training epoch 0 ...
00:17:00 - process[6] - epoch 0 - train iter 240 - 21285.0 words/s - loss: 0.5331
00:17:00 - process[6]: training epoch 1 ...
00:17:09 - process[6] - epoch 1 - train iter 240 - 21496.4 words/s - loss: 0.5386
00:17:09 - process[6]: training epoch 2 ...
00:17:18 - process[6] - epoch 2 - train iter 240 - 19943.0 words/s - loss: 0.5411
00:17:18 - process[6]: training epoch 3 ...
00:17:27 - process[6] - epoch 3 - train iter 240 - 20500.8 words/s - loss: 0.5093
00:17:27 - process[6]: training epoch 4 ...
00:17:36 - process[6] - epoch 4 - train iter 240 - 21214.8 words/s - loss: 0.4899
00:17:36 - process[6]: training epoch 5 ...
00:17:45 - process[6] - epoch 5 - train iter 240 - 21753.7 words/s - loss: 0.4637
00:17:45 - process[6]: training epoch 6 ...
00:17:54 - process[6] - epoch 6 - train iter 240 - 21213.1 words/s - loss: 0.4734
00:17:54 - process[6]: training epoch 7 ...
00:18:03 - process[6] - epoch 7 - train iter 240 - 21816.8 words/s - loss: 0.4636
00:18:03 - process[6]: training epoch 8 ...
00:18:12 - process[6] - epoch 8 - train iter 240 - 22157.7 words/s - loss: 0.4421
00:18:12 - process[6]: training epoch 9 ...
00:18:21 - process[6] - epoch 9 - train iter 240 - 21276.1 words/s - loss: 0.4080
00:18:21 - process[6]: training epoch 10 ...
00:18:30 - process[6] - epoch 10 - train iter 240 - 22522.1 words/s - loss: 0.4595
00:18:30 - process[6]: evaluating epoch 10 on dev ...
00:18:49 - process[6] - dev - epoch 10 - mAP: 0.480 w/ 37 queries
00:18:49 - process[6]: evaluating epoch 10 on test ...
00:19:08 - test set during evaluation: 11210/11201
00:19:08 - process[6] - test - epoch 10 - mAP: 0.503 w/ 37 queries
00:19:08 - process[6]: training epoch 11 ...
00:19:17 - process[6] - epoch 11 - train iter 240 - 21715.0 words/s - loss: 0.4212
00:19:17 - process[6]: evaluating epoch 11 on dev ...
00:19:35 - process[6] - dev - epoch 11 - mAP: 0.468 w/ 37 queries
00:19:35 - process[6]: training epoch 12 ...
00:19:44 - process[6] - epoch 12 - train iter 240 - 21323.3 words/s - loss: 0.4126
00:19:44 - process[6]: evaluating epoch 12 on dev ...
00:20:01 - process[6] - dev - epoch 12 - mAP: 0.480 w/ 37 queries
00:20:01 - process[6]: evaluating epoch 12 on test ...
00:20:20 - test set during evaluation: 11210/11201
00:20:20 - process[6] - test - epoch 12 - mAP: 0.483 w/ 37 queries
00:20:20 - process[6]: training epoch 13 ...
00:20:30 - process[6] - epoch 13 - train iter 240 - 19551.3 words/s - loss: 0.4192
00:20:30 - process[6]: evaluating epoch 13 on dev ...
00:20:47 - process[6] - dev - epoch 13 - mAP: 0.487 w/ 37 queries
00:20:47 - process[6]: evaluating epoch 13 on test ...
00:21:08 - test set during evaluation: 11210/11201
00:21:08 - process[6] - test - epoch 13 - mAP: 0.509 w/ 37 queries
00:21:08 - process[6]: training epoch 14 ...
00:21:18 - process[6] - epoch 14 - train iter 240 - 21407.2 words/s - loss: 0.4320
00:21:18 - process[6]: evaluating epoch 14 on dev ...
00:21:37 - process[6] - dev - epoch 14 - mAP: 0.460 w/ 37 queries
00:21:37 - process[6]: training epoch 15 ...
00:21:46 - process[6] - epoch 15 - train iter 240 - 21027.9 words/s - loss: 0.3858
00:21:46 - process[6]: evaluating epoch 15 on dev ...
00:22:04 - process[6] - dev - epoch 15 - mAP: 0.468 w/ 37 queries
00:22:04 - process[6]: training epoch 16 ...
00:22:13 - process[6] - epoch 16 - train iter 240 - 21130.6 words/s - loss: 0.3936
00:22:13 - process[6]: evaluating epoch 16 on dev ...
00:22:30 - process[6] - dev - epoch 16 - mAP: 0.497 w/ 37 queries
00:22:30 - process[6]: evaluating epoch 16 on test ...
00:22:49 - test set during evaluation: 11210/11201
00:22:49 - process[6] - test - epoch 16 - mAP: 0.498 w/ 37 queries
00:22:49 - process[6]: training epoch 17 ...
00:22:59 - process[6] - epoch 17 - train iter 240 - 20575.1 words/s - loss: 0.4166
00:22:59 - process[6]: evaluating epoch 17 on dev ...
00:23:16 - process[6] - dev - epoch 17 - mAP: 0.479 w/ 37 queries
00:23:16 - process[6]: training epoch 18 ...
00:23:25 - process[6] - epoch 18 - train iter 240 - 20907.8 words/s - loss: 0.4044
00:23:25 - process[6]: evaluating epoch 18 on dev ...
00:23:43 - process[6] - dev - epoch 18 - mAP: 0.470 w/ 37 queries
00:23:43 - process[6]: training epoch 19 ...
00:23:51 - process[6] - epoch 19 - train iter 240 - 22584.9 words/s - loss: 0.3798
00:23:51 - process[6]: evaluating epoch 19 on dev ...
00:24:10 - process[6] - dev - epoch 19 - mAP: 0.472 w/ 37 queries
00:24:10 - [fold 3] best test MAP: 0.498 @ epoch 16
00:24:10 - Evaluating every 1 epochs ...
00:24:10 - reading data from /mnt/home/puxuan/CLIR-project/Evaluation_data/process-clef/uncased
00:24:10 - test has 37 queries ...
00:24:10 - Data reading done ...
00:24:12 - adding 9-th encoder to optimizer...
00:24:12 - adding 10-th encoder to optimizer...
00:24:12 - adding 11-th encoder to optimizer...
00:24:12 - process[6]: training epoch 0 ...
00:24:20 - process[6] - epoch 0 - train iter 231 - 22342.3 words/s - loss: 0.5599
00:24:20 - process[6]: training epoch 1 ...
00:24:29 - process[6] - epoch 1 - train iter 231 - 21763.4 words/s - loss: 0.5368
00:24:29 - process[6]: training epoch 2 ...
00:24:38 - process[6] - epoch 2 - train iter 231 - 19962.9 words/s - loss: 0.5464
00:24:38 - process[6]: training epoch 3 ...
00:24:46 - process[6] - epoch 3 - train iter 231 - 21142.8 words/s - loss: 0.5084
00:24:46 - process[6]: training epoch 4 ...
00:24:55 - process[6] - epoch 4 - train iter 231 - 21721.7 words/s - loss: 0.4895
00:24:55 - process[6]: training epoch 5 ...
00:25:04 - process[6] - epoch 5 - train iter 231 - 21414.5 words/s - loss: 0.4800
00:25:04 - process[6]: training epoch 6 ...
00:25:12 - process[6] - epoch 6 - train iter 231 - 20834.5 words/s - loss: 0.4631
00:25:12 - process[6]: training epoch 7 ...
00:25:21 - process[6] - epoch 7 - train iter 231 - 20888.4 words/s - loss: 0.4390
00:25:21 - process[6]: training epoch 8 ...
00:25:30 - process[6] - epoch 8 - train iter 231 - 22211.2 words/s - loss: 0.5107
00:25:30 - process[6]: training epoch 9 ...
00:25:38 - process[6] - epoch 9 - train iter 231 - 22796.7 words/s - loss: 0.4528
00:25:38 - process[6]: training epoch 10 ...
00:25:46 - process[6] - epoch 10 - train iter 231 - 21395.4 words/s - loss: 0.4446
00:25:46 - process[6]: evaluating epoch 10 on dev ...
00:26:08 - dev set during evaluation: 11210/11201
00:26:08 - process[6] - dev - epoch 10 - mAP: 0.488 w/ 37 queries
00:26:08 - process[6]: evaluating epoch 10 on test ...
00:26:26 - test set during evaluation: 10640/10633
00:26:26 - process[6] - test - epoch 10 - mAP: 0.452 w/ 37 queries
00:26:26 - process[6]: training epoch 11 ...
00:26:35 - process[6] - epoch 11 - train iter 231 - 20250.7 words/s - loss: 0.4323
00:26:35 - process[6]: evaluating epoch 11 on dev ...
00:26:55 - dev set during evaluation: 11210/11201
00:26:55 - process[6] - dev - epoch 11 - mAP: 0.515 w/ 37 queries
00:26:55 - process[6]: evaluating epoch 11 on test ...
00:27:13 - test set during evaluation: 10640/10633
00:27:13 - process[6] - test - epoch 11 - mAP: 0.474 w/ 37 queries
00:27:13 - process[6]: training epoch 12 ...
00:27:21 - process[6] - epoch 12 - train iter 231 - 21791.9 words/s - loss: 0.4063
00:27:21 - process[6]: evaluating epoch 12 on dev ...
00:27:41 - dev set during evaluation: 11210/11201
00:27:41 - process[6] - dev - epoch 12 - mAP: 0.499 w/ 37 queries
00:27:41 - process[6]: training epoch 13 ...
00:27:50 - process[6] - epoch 13 - train iter 231 - 22193.4 words/s - loss: 0.4232
00:27:50 - process[6]: evaluating epoch 13 on dev ...
00:28:10 - dev set during evaluation: 11210/11201
00:28:10 - process[6] - dev - epoch 13 - mAP: 0.501 w/ 37 queries
00:28:10 - process[6]: training epoch 14 ...
00:28:18 - process[6] - epoch 14 - train iter 231 - 22087.1 words/s - loss: 0.4039
00:28:18 - process[6]: evaluating epoch 14 on dev ...
00:28:38 - dev set during evaluation: 11210/11201
00:28:38 - process[6] - dev - epoch 14 - mAP: 0.497 w/ 37 queries
00:28:38 - process[6]: training epoch 15 ...
00:28:46 - process[6] - epoch 15 - train iter 231 - 20725.4 words/s - loss: 0.4168
00:28:46 - process[6]: evaluating epoch 15 on dev ...
00:29:07 - dev set during evaluation: 11210/11201
00:29:07 - process[6] - dev - epoch 15 - mAP: 0.490 w/ 37 queries
00:29:07 - process[6]: training epoch 16 ...
00:29:16 - process[6] - epoch 16 - train iter 231 - 20322.8 words/s - loss: 0.3822
00:29:16 - process[6]: evaluating epoch 16 on dev ...
00:29:35 - dev set during evaluation: 11210/11201
00:29:35 - process[6] - dev - epoch 16 - mAP: 0.472 w/ 37 queries
00:29:35 - process[6]: training epoch 17 ...
00:29:44 - process[6] - epoch 17 - train iter 231 - 19997.2 words/s - loss: 0.3519
00:29:44 - process[6]: evaluating epoch 17 on dev ...
00:30:03 - dev set during evaluation: 11210/11201
00:30:03 - process[6] - dev - epoch 17 - mAP: 0.490 w/ 37 queries
00:30:03 - process[6]: training epoch 18 ...
00:30:11 - process[6] - epoch 18 - train iter 231 - 22260.6 words/s - loss: 0.3777
00:30:11 - process[6]: evaluating epoch 18 on dev ...
00:30:32 - dev set during evaluation: 11210/11201
00:30:32 - process[6] - dev - epoch 18 - mAP: 0.484 w/ 37 queries
00:30:32 - process[6]: training epoch 19 ...
00:30:40 - process[6] - epoch 19 - train iter 231 - 21212.6 words/s - loss: 0.3547
00:30:40 - process[6]: evaluating epoch 19 on dev ...
00:31:00 - dev set during evaluation: 11210/11201
00:31:00 - process[6] - dev - epoch 19 - mAP: 0.494 w/ 37 queries
00:31:00 - [fold 4] best test MAP: 0.474 @ epoch 11
00:31:00 - Evaluating every 1 epochs ...
00:31:00 - reading data from /mnt/home/puxuan/CLIR-project/Evaluation_data/process-clef/uncased
00:31:01 - test has 37 queries ...
00:31:01 - Data reading done ...
00:31:02 - adding 9-th encoder to optimizer...
00:31:02 - adding 10-th encoder to optimizer...
00:31:02 - adding 11-th encoder to optimizer...
00:31:03 - process[6]: training epoch 0 ...
00:31:12 - process[6] - epoch 0 - train iter 235 - 21206.5 words/s - loss: 0.5742
00:31:12 - process[6]: training epoch 1 ...
00:31:21 - process[6] - epoch 1 - train iter 235 - 20890.0 words/s - loss: 0.5146
00:31:21 - process[6]: training epoch 2 ...
00:31:30 - process[6] - epoch 2 - train iter 235 - 21058.9 words/s - loss: 0.4812
00:31:30 - process[6]: training epoch 3 ...
00:31:39 - process[6] - epoch 3 - train iter 235 - 20497.4 words/s - loss: 0.4829
00:31:39 - process[6]: training epoch 4 ...
00:31:48 - process[6] - epoch 4 - train iter 235 - 21192.3 words/s - loss: 0.4804
00:31:48 - process[6]: training epoch 5 ...
00:31:58 - process[6] - epoch 5 - train iter 235 - 20087.7 words/s - loss: 0.4431
00:31:58 - process[6]: training epoch 6 ...
00:32:07 - process[6] - epoch 6 - train iter 235 - 20633.8 words/s - loss: 0.4701
00:32:07 - process[6]: training epoch 7 ...
00:32:15 - process[6] - epoch 7 - train iter 235 - 22461.5 words/s - loss: 0.4487
00:32:15 - process[6]: training epoch 8 ...
00:32:23 - process[6] - epoch 8 - train iter 235 - 22264.6 words/s - loss: 0.3926
00:32:23 - process[6]: training epoch 9 ...
00:32:32 - process[6] - epoch 9 - train iter 235 - 21760.0 words/s - loss: 0.4575
00:32:32 - process[6]: training epoch 10 ...
00:32:41 - process[6] - epoch 10 - train iter 235 - 21019.8 words/s - loss: 0.4182
00:32:41 - process[6]: evaluating epoch 10 on dev ...
00:33:02 - dev set during evaluation: 10640/10633
00:33:02 - process[6] - dev - epoch 10 - mAP: 0.432 w/ 37 queries
00:33:02 - process[6]: evaluating epoch 10 on test ...
00:33:21 - process[6] - test - epoch 10 - mAP: 0.451 w/ 37 queries
00:33:21 - process[6]: training epoch 11 ...
00:33:30 - process[6] - epoch 11 - train iter 235 - 21193.1 words/s - loss: 0.4129
00:33:30 - process[6]: evaluating epoch 11 on dev ...
00:33:49 - dev set during evaluation: 10640/10633
00:33:49 - process[6] - dev - epoch 11 - mAP: 0.429 w/ 37 queries
00:33:49 - process[6]: training epoch 12 ...
00:33:58 - process[6] - epoch 12 - train iter 235 - 20289.9 words/s - loss: 0.3974
00:33:58 - process[6]: evaluating epoch 12 on dev ...
00:34:16 - dev set during evaluation: 10640/10633
00:34:16 - process[6] - dev - epoch 12 - mAP: 0.439 w/ 37 queries
00:34:16 - process[6]: evaluating epoch 12 on test ...
00:34:34 - process[6] - test - epoch 12 - mAP: 0.452 w/ 37 queries
00:34:34 - process[6]: training epoch 13 ...
00:34:43 - process[6] - epoch 13 - train iter 235 - 21231.8 words/s - loss: 0.4263
00:34:43 - process[6]: evaluating epoch 13 on dev ...
00:35:01 - dev set during evaluation: 10640/10633
00:35:01 - process[6] - dev - epoch 13 - mAP: 0.436 w/ 37 queries
00:35:01 - process[6]: training epoch 14 ...
00:35:10 - process[6] - epoch 14 - train iter 235 - 22039.2 words/s - loss: 0.4269
00:35:10 - process[6]: evaluating epoch 14 on dev ...
00:35:29 - dev set during evaluation: 10640/10633
00:35:29 - process[6] - dev - epoch 14 - mAP: 0.452 w/ 37 queries
00:35:29 - process[6]: evaluating epoch 14 on test ...
00:35:47 - process[6] - test - epoch 14 - mAP: 0.447 w/ 37 queries
00:35:47 - process[6]: training epoch 15 ...
00:35:56 - process[6] - epoch 15 - train iter 235 - 21991.7 words/s - loss: 0.4046
00:35:56 - process[6]: evaluating epoch 15 on dev ...
00:36:14 - dev set during evaluation: 10640/10633
00:36:14 - process[6] - dev - epoch 15 - mAP: 0.454 w/ 37 queries
00:36:14 - process[6]: evaluating epoch 15 on test ...
00:36:34 - process[6] - test - epoch 15 - mAP: 0.449 w/ 37 queries
00:36:34 - process[6]: training epoch 16 ...
00:36:42 - process[6] - epoch 16 - train iter 235 - 21790.0 words/s - loss: 0.4074
00:36:42 - process[6]: evaluating epoch 16 on dev ...
00:37:01 - dev set during evaluation: 10640/10633
00:37:01 - process[6] - dev - epoch 16 - mAP: 0.445 w/ 37 queries
00:37:01 - process[6]: training epoch 17 ...
00:37:10 - process[6] - epoch 17 - train iter 235 - 21269.0 words/s - loss: 0.4182
00:37:10 - process[6]: evaluating epoch 17 on dev ...
00:37:28 - dev set during evaluation: 10640/10633
00:37:28 - process[6] - dev - epoch 17 - mAP: 0.425 w/ 37 queries
00:37:28 - process[6]: training epoch 18 ...
00:37:37 - process[6] - epoch 18 - train iter 235 - 21730.2 words/s - loss: 0.4242
00:37:37 - process[6]: evaluating epoch 18 on dev ...
00:37:55 - dev set during evaluation: 10640/10633
00:37:55 - process[6] - dev - epoch 18 - mAP: 0.440 w/ 37 queries
00:37:55 - process[6]: training epoch 19 ...
00:38:04 - process[6] - epoch 19 - train iter 235 - 22065.7 words/s - loss: 0.4343
00:38:04 - process[6]: evaluating epoch 19 on dev ...
00:38:22 - dev set during evaluation: 10640/10633
00:38:22 - process[6] - dev - epoch 19 - mAP: 0.425 w/ 37 queries
00:38:22 - [fold 5] best test MAP: 0.449 @ epoch 15
00:38:22 - [0.5624563791029537, 0.45756573250791827, 0.4975558577646058, 0.4735368023756579, 0.449453293172438]
00:38:22 - [37, 37, 37, 37, 37]
00:38:22 - final MAP: 0.488
