00:00:06 - Namespace(apex_level='O2', batch_size=8, cased=False, dataset='clef', debug=False, encoder_lr=2e-05, eval_step=1, full_doc_length=True, local_rank=0, model_path='/mnt/scratch/puxuan/short_rr/2186734/huggingface-14', model_type='mbert', num_epochs=20, num_ft_encoders=3, num_neg=1, projector_lr=2e-05, seed=611, source_lang='de', target_lang='en')
00:00:14 - Evaluating every 1 epochs ...
00:00:14 - reading data from /mnt/home/puxuan/CLIR-project/Evaluation_data/process-clef/uncased
00:00:15 - test has 35 queries ...
00:00:15 - Data reading done ...
00:00:21 - adding 9-th encoder to optimizer...
00:00:21 - adding 10-th encoder to optimizer...
00:00:21 - adding 11-th encoder to optimizer...
00:00:21 - process[0]: training epoch 0 ...
00:00:33 - process[0] - epoch 0 - train iter 197 - 15431.8 words/s - loss: 0.5899
00:00:33 - process[0]: training epoch 1 ...
00:00:43 - process[0] - epoch 1 - train iter 197 - 16657.2 words/s - loss: 0.5271
00:00:43 - process[0]: training epoch 2 ...
00:00:54 - process[0] - epoch 2 - train iter 197 - 16314.4 words/s - loss: 0.4618
00:00:54 - process[0]: training epoch 3 ...
00:01:06 - process[0] - epoch 3 - train iter 197 - 14862.5 words/s - loss: 0.4897
00:01:06 - process[0]: training epoch 4 ...
00:01:17 - process[0] - epoch 4 - train iter 197 - 16550.1 words/s - loss: 0.4493
00:01:17 - process[0]: training epoch 5 ...
00:01:28 - process[0] - epoch 5 - train iter 197 - 16515.4 words/s - loss: 0.4558
00:01:28 - process[0]: training epoch 6 ...
00:01:38 - process[0] - epoch 6 - train iter 197 - 16706.8 words/s - loss: 0.3874
00:01:38 - process[0]: training epoch 7 ...
00:01:49 - process[0] - epoch 7 - train iter 197 - 17232.8 words/s - loss: 0.3926
00:01:49 - process[0]: training epoch 8 ...
00:02:00 - process[0] - epoch 8 - train iter 197 - 15659.5 words/s - loss: 0.4586
00:02:00 - process[0]: training epoch 9 ...
00:02:11 - process[0] - epoch 9 - train iter 197 - 17677.5 words/s - loss: 0.4129
00:02:11 - process[0]: training epoch 10 ...
00:02:20 - process[0] - epoch 10 - train iter 197 - 18131.9 words/s - loss: 0.3909
00:02:20 - process[0]: evaluating epoch 10 on dev ...
00:03:10 - dev set during evaluation: 14160/14157
00:03:10 - process[0] - dev - epoch 10 - mAP: 0.488 w/ 35 queries
00:03:10 - removing file tmp_5f/mbert_deen_dev_9_10.txt
00:03:10 - removing file tmp_5f/mbert_deen_dev_5_10.txt
00:03:10 - removing file tmp_5f/mbert_deen_dev_0_10.txt
00:03:10 - removing file tmp_5f/mbert_deen_dev_6_10.txt
00:03:10 - removing file tmp_5f/mbert_deen_dev_2_10.txt
00:03:10 - removing file tmp_5f/mbert_deen_dev_3_10.txt
00:03:10 - removing file tmp_5f/mbert_deen_dev_4_10.txt
00:03:10 - removing file tmp_5f/mbert_deen_dev_1_10.txt
00:03:10 - removing file tmp_5f/mbert_deen_dev_7_10.txt
00:03:10 - removing file tmp_5f/mbert_deen_dev_8_10.txt
00:03:10 - process[0]: evaluating epoch 10 on test ...
00:03:52 - test set during evaluation: 14980/14975
00:03:52 - process[0] - test - epoch 10 - mAP: 0.467 w/ 35 queries
00:03:52 - removing file tmp_5f/mbert_deen_test_5_10.txt
00:03:52 - removing file tmp_5f/mbert_deen_test_2_10.txt
00:03:52 - removing file tmp_5f/mbert_deen_test_6_10.txt
00:03:52 - removing file tmp_5f/mbert_deen_test_4_10.txt
00:03:52 - removing file tmp_5f/mbert_deen_test_8_10.txt
00:03:52 - removing file tmp_5f/mbert_deen_test_0_10.txt
00:03:52 - removing file tmp_5f/mbert_deen_test_9_10.txt
00:03:52 - removing file tmp_5f/mbert_deen_test_1_10.txt
00:03:52 - removing file tmp_5f/mbert_deen_test_7_10.txt
00:03:52 - removing file tmp_5f/mbert_deen_test_3_10.txt
00:03:52 - process[0]: training epoch 11 ...
00:04:01 - process[0] - epoch 11 - train iter 197 - 18225.9 words/s - loss: 0.3596
00:04:01 - process[0]: evaluating epoch 11 on dev ...
00:04:48 - dev set during evaluation: 14160/14157
00:04:48 - process[0] - dev - epoch 11 - mAP: 0.483 w/ 35 queries
00:04:48 - removing file tmp_5f/mbert_deen_dev_7_11.txt
00:04:48 - removing file tmp_5f/mbert_deen_dev_1_11.txt
00:04:48 - removing file tmp_5f/mbert_deen_dev_6_11.txt
00:04:48 - removing file tmp_5f/mbert_deen_dev_2_11.txt
00:04:48 - removing file tmp_5f/mbert_deen_dev_9_11.txt
00:04:48 - removing file tmp_5f/mbert_deen_dev_5_11.txt
00:04:48 - removing file tmp_5f/mbert_deen_dev_8_11.txt
00:04:48 - removing file tmp_5f/mbert_deen_dev_4_11.txt
00:04:48 - removing file tmp_5f/mbert_deen_dev_0_11.txt
00:04:48 - removing file tmp_5f/mbert_deen_dev_3_11.txt
00:04:48 - process[0]: training epoch 12 ...
00:04:58 - process[0] - epoch 12 - train iter 197 - 17610.8 words/s - loss: 0.3013
00:04:58 - process[0]: evaluating epoch 12 on dev ...
00:05:42 - dev set during evaluation: 14160/14157
00:05:42 - process[0] - dev - epoch 12 - mAP: 0.489 w/ 35 queries
00:05:42 - removing file tmp_5f/mbert_deen_dev_7_12.txt
00:05:42 - removing file tmp_5f/mbert_deen_dev_1_12.txt
00:05:42 - removing file tmp_5f/mbert_deen_dev_8_12.txt
00:05:42 - removing file tmp_5f/mbert_deen_dev_5_12.txt
00:05:42 - removing file tmp_5f/mbert_deen_dev_0_12.txt
00:05:42 - removing file tmp_5f/mbert_deen_dev_2_12.txt
00:05:42 - removing file tmp_5f/mbert_deen_dev_3_12.txt
00:05:42 - removing file tmp_5f/mbert_deen_dev_4_12.txt
00:05:42 - removing file tmp_5f/mbert_deen_dev_9_12.txt
00:05:42 - removing file tmp_5f/mbert_deen_dev_6_12.txt
00:05:42 - process[0]: evaluating epoch 12 on test ...
00:06:23 - test set during evaluation: 14980/14975
00:06:23 - process[0] - test - epoch 12 - mAP: 0.478 w/ 35 queries
00:06:23 - removing file tmp_5f/mbert_deen_test_0_12.txt
00:06:23 - removing file tmp_5f/mbert_deen_test_4_12.txt
00:06:23 - removing file tmp_5f/mbert_deen_test_8_12.txt
00:06:23 - removing file tmp_5f/mbert_deen_test_5_12.txt
00:06:23 - removing file tmp_5f/mbert_deen_test_6_12.txt
00:06:23 - removing file tmp_5f/mbert_deen_test_1_12.txt
00:06:23 - removing file tmp_5f/mbert_deen_test_9_12.txt
00:06:23 - removing file tmp_5f/mbert_deen_test_2_12.txt
00:06:23 - removing file tmp_5f/mbert_deen_test_7_12.txt
00:06:23 - removing file tmp_5f/mbert_deen_test_3_12.txt
00:06:23 - process[0]: training epoch 13 ...
00:06:33 - process[0] - epoch 13 - train iter 197 - 17011.1 words/s - loss: 0.3664
00:06:33 - process[0]: evaluating epoch 13 on dev ...
00:07:19 - dev set during evaluation: 14160/14157
00:07:19 - process[0] - dev - epoch 13 - mAP: 0.491 w/ 35 queries
00:07:19 - removing file tmp_5f/mbert_deen_dev_3_13.txt
00:07:19 - removing file tmp_5f/mbert_deen_dev_1_13.txt
00:07:19 - removing file tmp_5f/mbert_deen_dev_0_13.txt
00:07:19 - removing file tmp_5f/mbert_deen_dev_2_13.txt
00:07:19 - removing file tmp_5f/mbert_deen_dev_9_13.txt
00:07:19 - removing file tmp_5f/mbert_deen_dev_8_13.txt
00:07:19 - removing file tmp_5f/mbert_deen_dev_7_13.txt
00:07:19 - removing file tmp_5f/mbert_deen_dev_4_13.txt
00:07:19 - removing file tmp_5f/mbert_deen_dev_5_13.txt
00:07:19 - removing file tmp_5f/mbert_deen_dev_6_13.txt
00:07:19 - process[0]: evaluating epoch 13 on test ...
00:08:00 - test set during evaluation: 14980/14975
00:08:00 - process[0] - test - epoch 13 - mAP: 0.474 w/ 35 queries
00:08:00 - removing file tmp_5f/mbert_deen_test_1_13.txt
00:08:00 - removing file tmp_5f/mbert_deen_test_4_13.txt
00:08:00 - removing file tmp_5f/mbert_deen_test_2_13.txt
00:08:00 - removing file tmp_5f/mbert_deen_test_8_13.txt
00:08:00 - removing file tmp_5f/mbert_deen_test_9_13.txt
00:08:00 - removing file tmp_5f/mbert_deen_test_3_13.txt
00:08:00 - removing file tmp_5f/mbert_deen_test_6_13.txt
00:08:00 - removing file tmp_5f/mbert_deen_test_7_13.txt
00:08:00 - removing file tmp_5f/mbert_deen_test_5_13.txt
00:08:00 - removing file tmp_5f/mbert_deen_test_0_13.txt
00:08:00 - process[0]: training epoch 14 ...
00:08:13 - process[0] - epoch 14 - train iter 197 - 14281.2 words/s - loss: 0.2983
00:08:13 - process[0]: evaluating epoch 14 on dev ...
00:08:57 - dev set during evaluation: 14160/14157
00:08:57 - process[0] - dev - epoch 14 - mAP: 0.488 w/ 35 queries
00:08:57 - removing file tmp_5f/mbert_deen_dev_0_14.txt
00:08:57 - removing file tmp_5f/mbert_deen_dev_3_14.txt
00:08:57 - removing file tmp_5f/mbert_deen_dev_4_14.txt
00:08:57 - removing file tmp_5f/mbert_deen_dev_7_14.txt
00:08:57 - removing file tmp_5f/mbert_deen_dev_2_14.txt
00:08:57 - removing file tmp_5f/mbert_deen_dev_6_14.txt
00:08:57 - removing file tmp_5f/mbert_deen_dev_9_14.txt
00:08:57 - removing file tmp_5f/mbert_deen_dev_1_14.txt
00:08:57 - removing file tmp_5f/mbert_deen_dev_5_14.txt
00:08:57 - removing file tmp_5f/mbert_deen_dev_8_14.txt
00:08:57 - process[0]: training epoch 15 ...
00:09:07 - process[0] - epoch 15 - train iter 197 - 16384.9 words/s - loss: 0.3652
00:09:07 - process[0]: evaluating epoch 15 on dev ...
00:09:51 - dev set during evaluation: 14160/14157
00:09:51 - process[0] - dev - epoch 15 - mAP: 0.474 w/ 35 queries
00:09:51 - removing file tmp_5f/mbert_deen_dev_0_15.txt
00:09:51 - removing file tmp_5f/mbert_deen_dev_1_15.txt
00:09:51 - removing file tmp_5f/mbert_deen_dev_2_15.txt
00:09:51 - removing file tmp_5f/mbert_deen_dev_9_15.txt
00:09:51 - removing file tmp_5f/mbert_deen_dev_3_15.txt
00:09:51 - removing file tmp_5f/mbert_deen_dev_6_15.txt
00:09:51 - removing file tmp_5f/mbert_deen_dev_4_15.txt
00:09:51 - removing file tmp_5f/mbert_deen_dev_8_15.txt
00:09:51 - removing file tmp_5f/mbert_deen_dev_7_15.txt
00:09:51 - removing file tmp_5f/mbert_deen_dev_5_15.txt
00:09:51 - process[0]: training epoch 16 ...
00:10:02 - process[0] - epoch 16 - train iter 197 - 16908.6 words/s - loss: 0.3620
00:10:02 - process[0]: evaluating epoch 16 on dev ...
00:10:47 - dev set during evaluation: 14160/14157
00:10:47 - process[0] - dev - epoch 16 - mAP: 0.487 w/ 35 queries
00:10:47 - removing file tmp_5f/mbert_deen_dev_9_16.txt
00:10:47 - removing file tmp_5f/mbert_deen_dev_5_16.txt
00:10:47 - removing file tmp_5f/mbert_deen_dev_0_16.txt
00:10:47 - removing file tmp_5f/mbert_deen_dev_2_16.txt
00:10:47 - removing file tmp_5f/mbert_deen_dev_4_16.txt
00:10:47 - removing file tmp_5f/mbert_deen_dev_8_16.txt
00:10:47 - removing file tmp_5f/mbert_deen_dev_1_16.txt
00:10:47 - removing file tmp_5f/mbert_deen_dev_6_16.txt
00:10:47 - removing file tmp_5f/mbert_deen_dev_3_16.txt
00:10:47 - removing file tmp_5f/mbert_deen_dev_7_16.txt
00:10:47 - process[0]: training epoch 17 ...
00:10:59 - process[0] - epoch 17 - train iter 197 - 14711.2 words/s - loss: 0.3542
00:10:59 - process[0]: evaluating epoch 17 on dev ...
00:11:42 - dev set during evaluation: 14160/14157
00:11:42 - process[0] - dev - epoch 17 - mAP: 0.487 w/ 35 queries
00:11:42 - removing file tmp_5f/mbert_deen_dev_2_17.txt
00:11:42 - removing file tmp_5f/mbert_deen_dev_9_17.txt
00:11:42 - removing file tmp_5f/mbert_deen_dev_3_17.txt
00:11:42 - removing file tmp_5f/mbert_deen_dev_5_17.txt
00:11:42 - removing file tmp_5f/mbert_deen_dev_7_17.txt
00:11:42 - removing file tmp_5f/mbert_deen_dev_8_17.txt
00:11:42 - removing file tmp_5f/mbert_deen_dev_6_17.txt
00:11:42 - removing file tmp_5f/mbert_deen_dev_0_17.txt
00:11:42 - removing file tmp_5f/mbert_deen_dev_1_17.txt
00:11:42 - removing file tmp_5f/mbert_deen_dev_4_17.txt
00:11:42 - process[0]: training epoch 18 ...
00:11:53 - process[0] - epoch 18 - train iter 197 - 17058.0 words/s - loss: 0.3213
00:11:53 - process[0]: evaluating epoch 18 on dev ...
00:12:37 - dev set during evaluation: 14160/14157
00:12:37 - process[0] - dev - epoch 18 - mAP: 0.477 w/ 35 queries
00:12:37 - removing file tmp_5f/mbert_deen_dev_2_18.txt
00:12:37 - removing file tmp_5f/mbert_deen_dev_4_18.txt
00:12:37 - removing file tmp_5f/mbert_deen_dev_9_18.txt
00:12:37 - removing file tmp_5f/mbert_deen_dev_5_18.txt
00:12:37 - removing file tmp_5f/mbert_deen_dev_1_18.txt
00:12:37 - removing file tmp_5f/mbert_deen_dev_6_18.txt
00:12:37 - removing file tmp_5f/mbert_deen_dev_7_18.txt
00:12:37 - removing file tmp_5f/mbert_deen_dev_8_18.txt
00:12:37 - removing file tmp_5f/mbert_deen_dev_3_18.txt
00:12:37 - removing file tmp_5f/mbert_deen_dev_0_18.txt
00:12:37 - process[0]: training epoch 19 ...
00:12:48 - process[0] - epoch 19 - train iter 197 - 16075.7 words/s - loss: 0.3518
00:12:48 - process[0]: evaluating epoch 19 on dev ...
00:13:33 - dev set during evaluation: 14160/14157
00:13:33 - process[0] - dev - epoch 19 - mAP: 0.464 w/ 35 queries
00:13:33 - removing file tmp_5f/mbert_deen_dev_7_19.txt
00:13:33 - removing file tmp_5f/mbert_deen_dev_8_19.txt
00:13:33 - removing file tmp_5f/mbert_deen_dev_3_19.txt
00:13:33 - removing file tmp_5f/mbert_deen_dev_0_19.txt
00:13:33 - removing file tmp_5f/mbert_deen_dev_1_19.txt
00:13:33 - removing file tmp_5f/mbert_deen_dev_9_19.txt
00:13:33 - removing file tmp_5f/mbert_deen_dev_4_19.txt
00:13:33 - removing file tmp_5f/mbert_deen_dev_5_19.txt
00:13:33 - removing file tmp_5f/mbert_deen_dev_2_19.txt
00:13:33 - removing file tmp_5f/mbert_deen_dev_6_19.txt
00:13:33 - [fold 1] best test MAP: 0.474 @ epoch 13
00:13:33 - Evaluating every 1 epochs ...
00:13:33 - reading data from /mnt/home/puxuan/CLIR-project/Evaluation_data/process-clef/uncased
00:13:33 - test has 36 queries ...
00:13:33 - Data reading done ...
00:13:35 - adding 9-th encoder to optimizer...
00:13:35 - adding 10-th encoder to optimizer...
00:13:35 - adding 11-th encoder to optimizer...
00:13:35 - process[0]: training epoch 0 ...
00:13:45 - process[0] - epoch 0 - train iter 187 - 18557.8 words/s - loss: 0.5234
00:13:45 - process[0]: training epoch 1 ...
00:13:56 - process[0] - epoch 1 - train iter 187 - 15372.0 words/s - loss: 0.5053
00:13:56 - process[0]: training epoch 2 ...
00:14:05 - process[0] - epoch 2 - train iter 187 - 17324.7 words/s - loss: 0.4734
00:14:05 - process[0]: training epoch 3 ...
00:14:15 - process[0] - epoch 3 - train iter 187 - 18503.6 words/s - loss: 0.4937
00:14:15 - process[0]: training epoch 4 ...
00:14:25 - process[0] - epoch 4 - train iter 187 - 16499.7 words/s - loss: 0.4704
00:14:25 - process[0]: training epoch 5 ...
00:14:34 - process[0] - epoch 5 - train iter 187 - 19578.3 words/s - loss: 0.4783
00:14:34 - process[0]: training epoch 6 ...
00:14:43 - process[0] - epoch 6 - train iter 187 - 18109.2 words/s - loss: 0.4244
00:14:43 - process[0]: training epoch 7 ...
00:14:53 - process[0] - epoch 7 - train iter 187 - 17590.1 words/s - loss: 0.4363
00:14:53 - process[0]: training epoch 8 ...
00:15:03 - process[0] - epoch 8 - train iter 187 - 16400.4 words/s - loss: 0.4093
00:15:03 - process[0]: training epoch 9 ...
00:15:13 - process[0] - epoch 9 - train iter 187 - 17513.7 words/s - loss: 0.3845
00:15:13 - process[0]: training epoch 10 ...
00:15:23 - process[0] - epoch 10 - train iter 187 - 18039.9 words/s - loss: 0.4175
00:15:23 - process[0]: evaluating epoch 10 on dev ...
00:16:09 - dev set during evaluation: 14980/14975
00:16:09 - process[0] - dev - epoch 10 - mAP: 0.472 w/ 35 queries
00:16:09 - removing file tmp_5f/mbert_deen_dev_9_10.txt
00:16:09 - removing file tmp_5f/mbert_deen_dev_5_10.txt
00:16:09 - removing file tmp_5f/mbert_deen_dev_0_10.txt
00:16:09 - removing file tmp_5f/mbert_deen_dev_6_10.txt
00:16:09 - removing file tmp_5f/mbert_deen_dev_2_10.txt
00:16:09 - removing file tmp_5f/mbert_deen_dev_3_10.txt
00:16:09 - removing file tmp_5f/mbert_deen_dev_4_10.txt
00:16:09 - removing file tmp_5f/mbert_deen_dev_1_10.txt
00:16:09 - removing file tmp_5f/mbert_deen_dev_7_10.txt
00:16:09 - removing file tmp_5f/mbert_deen_dev_8_10.txt
00:16:09 - process[0]: evaluating epoch 10 on test ...
00:16:52 - test set during evaluation: 15300/15294
00:16:52 - process[0] - test - epoch 10 - mAP: 0.472 w/ 36 queries
00:16:52 - removing file tmp_5f/mbert_deen_test_5_10.txt
00:16:52 - removing file tmp_5f/mbert_deen_test_2_10.txt
00:16:52 - removing file tmp_5f/mbert_deen_test_6_10.txt
00:16:52 - removing file tmp_5f/mbert_deen_test_4_10.txt
00:16:52 - removing file tmp_5f/mbert_deen_test_8_10.txt
00:16:52 - removing file tmp_5f/mbert_deen_test_0_10.txt
00:16:52 - removing file tmp_5f/mbert_deen_test_9_10.txt
00:16:52 - removing file tmp_5f/mbert_deen_test_1_10.txt
00:16:52 - removing file tmp_5f/mbert_deen_test_7_10.txt
00:16:52 - removing file tmp_5f/mbert_deen_test_3_10.txt
00:16:52 - process[0]: training epoch 11 ...
00:17:03 - process[0] - epoch 11 - train iter 187 - 15914.3 words/s - loss: 0.3715
00:17:03 - process[0]: evaluating epoch 11 on dev ...
00:17:44 - dev set during evaluation: 14980/14975
00:17:44 - process[0] - dev - epoch 11 - mAP: 0.494 w/ 35 queries
00:17:44 - removing file tmp_5f/mbert_deen_dev_7_11.txt
00:17:44 - removing file tmp_5f/mbert_deen_dev_1_11.txt
00:17:44 - removing file tmp_5f/mbert_deen_dev_6_11.txt
00:17:44 - removing file tmp_5f/mbert_deen_dev_2_11.txt
00:17:44 - removing file tmp_5f/mbert_deen_dev_9_11.txt
00:17:44 - removing file tmp_5f/mbert_deen_dev_5_11.txt
00:17:44 - removing file tmp_5f/mbert_deen_dev_8_11.txt
00:17:44 - removing file tmp_5f/mbert_deen_dev_4_11.txt
00:17:44 - removing file tmp_5f/mbert_deen_dev_0_11.txt
00:17:44 - removing file tmp_5f/mbert_deen_dev_3_11.txt
00:17:44 - process[0]: evaluating epoch 11 on test ...
00:18:26 - test set during evaluation: 15300/15294
00:18:26 - process[0] - test - epoch 11 - mAP: 0.458 w/ 36 queries
00:18:26 - removing file tmp_5f/mbert_deen_test_3_11.txt
00:18:26 - removing file tmp_5f/mbert_deen_test_0_11.txt
00:18:26 - removing file tmp_5f/mbert_deen_test_9_11.txt
00:18:26 - removing file tmp_5f/mbert_deen_test_4_11.txt
00:18:26 - removing file tmp_5f/mbert_deen_test_6_11.txt
00:18:26 - removing file tmp_5f/mbert_deen_test_8_11.txt
00:18:26 - removing file tmp_5f/mbert_deen_test_2_11.txt
00:18:26 - removing file tmp_5f/mbert_deen_test_1_11.txt
00:18:26 - removing file tmp_5f/mbert_deen_test_5_11.txt
00:18:26 - removing file tmp_5f/mbert_deen_test_7_11.txt
00:18:26 - process[0]: training epoch 12 ...
00:18:37 - process[0] - epoch 12 - train iter 187 - 16358.9 words/s - loss: 0.3447
00:18:37 - process[0]: evaluating epoch 12 on dev ...
00:19:17 - dev set during evaluation: 14980/14975
00:19:17 - process[0] - dev - epoch 12 - mAP: 0.469 w/ 35 queries
00:19:18 - removing file tmp_5f/mbert_deen_dev_7_12.txt
00:19:18 - removing file tmp_5f/mbert_deen_dev_1_12.txt
00:19:18 - removing file tmp_5f/mbert_deen_dev_8_12.txt
00:19:18 - removing file tmp_5f/mbert_deen_dev_5_12.txt
00:19:18 - removing file tmp_5f/mbert_deen_dev_0_12.txt
00:19:18 - removing file tmp_5f/mbert_deen_dev_2_12.txt
00:19:18 - removing file tmp_5f/mbert_deen_dev_3_12.txt
00:19:18 - removing file tmp_5f/mbert_deen_dev_4_12.txt
00:19:18 - removing file tmp_5f/mbert_deen_dev_9_12.txt
00:19:18 - removing file tmp_5f/mbert_deen_dev_6_12.txt
00:19:18 - process[0]: training epoch 13 ...
00:19:27 - process[0] - epoch 13 - train iter 187 - 18715.2 words/s - loss: 0.3563
00:19:27 - process[0]: evaluating epoch 13 on dev ...
00:20:08 - dev set during evaluation: 14980/14975
00:20:08 - process[0] - dev - epoch 13 - mAP: 0.464 w/ 35 queries
00:20:08 - removing file tmp_5f/mbert_deen_dev_3_13.txt
00:20:08 - removing file tmp_5f/mbert_deen_dev_1_13.txt
00:20:08 - removing file tmp_5f/mbert_deen_dev_0_13.txt
00:20:08 - removing file tmp_5f/mbert_deen_dev_2_13.txt
00:20:08 - removing file tmp_5f/mbert_deen_dev_9_13.txt
00:20:08 - removing file tmp_5f/mbert_deen_dev_8_13.txt
00:20:08 - removing file tmp_5f/mbert_deen_dev_7_13.txt
00:20:08 - removing file tmp_5f/mbert_deen_dev_4_13.txt
00:20:08 - removing file tmp_5f/mbert_deen_dev_5_13.txt
00:20:08 - removing file tmp_5f/mbert_deen_dev_6_13.txt
00:20:08 - process[0]: training epoch 14 ...
00:20:18 - process[0] - epoch 14 - train iter 187 - 17687.7 words/s - loss: 0.3517
00:20:18 - process[0]: evaluating epoch 14 on dev ...
00:21:00 - dev set during evaluation: 14980/14975
00:21:00 - process[0] - dev - epoch 14 - mAP: 0.478 w/ 35 queries
00:21:00 - removing file tmp_5f/mbert_deen_dev_0_14.txt
00:21:00 - removing file tmp_5f/mbert_deen_dev_3_14.txt
00:21:00 - removing file tmp_5f/mbert_deen_dev_4_14.txt
00:21:00 - removing file tmp_5f/mbert_deen_dev_7_14.txt
00:21:00 - removing file tmp_5f/mbert_deen_dev_2_14.txt
00:21:00 - removing file tmp_5f/mbert_deen_dev_6_14.txt
00:21:00 - removing file tmp_5f/mbert_deen_dev_9_14.txt
00:21:00 - removing file tmp_5f/mbert_deen_dev_1_14.txt
00:21:00 - removing file tmp_5f/mbert_deen_dev_5_14.txt
00:21:00 - removing file tmp_5f/mbert_deen_dev_8_14.txt
00:21:00 - process[0]: training epoch 15 ...
00:21:09 - process[0] - epoch 15 - train iter 187 - 18969.0 words/s - loss: 0.3798
00:21:09 - process[0]: evaluating epoch 15 on dev ...
00:21:50 - dev set during evaluation: 14980/14975
00:21:50 - process[0] - dev - epoch 15 - mAP: 0.480 w/ 35 queries
00:21:50 - removing file tmp_5f/mbert_deen_dev_0_15.txt
00:21:50 - removing file tmp_5f/mbert_deen_dev_1_15.txt
00:21:50 - removing file tmp_5f/mbert_deen_dev_2_15.txt
00:21:50 - removing file tmp_5f/mbert_deen_dev_9_15.txt
00:21:50 - removing file tmp_5f/mbert_deen_dev_3_15.txt
00:21:50 - removing file tmp_5f/mbert_deen_dev_6_15.txt
00:21:50 - removing file tmp_5f/mbert_deen_dev_4_15.txt
00:21:50 - removing file tmp_5f/mbert_deen_dev_8_15.txt
00:21:50 - removing file tmp_5f/mbert_deen_dev_7_15.txt
00:21:50 - removing file tmp_5f/mbert_deen_dev_5_15.txt
00:21:50 - process[0]: training epoch 16 ...
00:22:00 - process[0] - epoch 16 - train iter 187 - 17671.9 words/s - loss: 0.3847
00:22:00 - process[0]: evaluating epoch 16 on dev ...
00:22:41 - dev set during evaluation: 14980/14975
00:22:41 - process[0] - dev - epoch 16 - mAP: 0.480 w/ 35 queries
00:22:41 - removing file tmp_5f/mbert_deen_dev_9_16.txt
00:22:41 - removing file tmp_5f/mbert_deen_dev_5_16.txt
00:22:41 - removing file tmp_5f/mbert_deen_dev_0_16.txt
00:22:41 - removing file tmp_5f/mbert_deen_dev_2_16.txt
00:22:41 - removing file tmp_5f/mbert_deen_dev_4_16.txt
00:22:41 - removing file tmp_5f/mbert_deen_dev_8_16.txt
00:22:41 - removing file tmp_5f/mbert_deen_dev_1_16.txt
00:22:41 - removing file tmp_5f/mbert_deen_dev_6_16.txt
00:22:41 - removing file tmp_5f/mbert_deen_dev_3_16.txt
00:22:41 - removing file tmp_5f/mbert_deen_dev_7_16.txt
00:22:41 - process[0]: training epoch 17 ...
00:22:50 - process[0] - epoch 17 - train iter 187 - 18154.5 words/s - loss: 0.2872
00:22:50 - process[0]: evaluating epoch 17 on dev ...
00:23:32 - dev set during evaluation: 14980/14975
00:23:32 - process[0] - dev - epoch 17 - mAP: 0.496 w/ 35 queries
00:23:32 - removing file tmp_5f/mbert_deen_dev_2_17.txt
00:23:32 - removing file tmp_5f/mbert_deen_dev_9_17.txt
00:23:32 - removing file tmp_5f/mbert_deen_dev_3_17.txt
00:23:32 - removing file tmp_5f/mbert_deen_dev_5_17.txt
00:23:32 - removing file tmp_5f/mbert_deen_dev_7_17.txt
00:23:32 - removing file tmp_5f/mbert_deen_dev_8_17.txt
00:23:32 - removing file tmp_5f/mbert_deen_dev_6_17.txt
00:23:32 - removing file tmp_5f/mbert_deen_dev_0_17.txt
00:23:32 - removing file tmp_5f/mbert_deen_dev_1_17.txt
00:23:32 - removing file tmp_5f/mbert_deen_dev_4_17.txt
00:23:32 - process[0]: evaluating epoch 17 on test ...
00:24:16 - test set during evaluation: 15300/15294
00:24:16 - process[0] - test - epoch 17 - mAP: 0.473 w/ 36 queries
00:24:16 - removing file tmp_5f/mbert_deen_test_4_17.txt
00:24:16 - removing file tmp_5f/mbert_deen_test_6_17.txt
00:24:16 - removing file tmp_5f/mbert_deen_test_9_17.txt
00:24:16 - removing file tmp_5f/mbert_deen_test_5_17.txt
00:24:16 - removing file tmp_5f/mbert_deen_test_0_17.txt
00:24:16 - removing file tmp_5f/mbert_deen_test_7_17.txt
00:24:16 - removing file tmp_5f/mbert_deen_test_3_17.txt
00:24:16 - removing file tmp_5f/mbert_deen_test_2_17.txt
00:24:16 - removing file tmp_5f/mbert_deen_test_8_17.txt
00:24:16 - removing file tmp_5f/mbert_deen_test_1_17.txt
00:24:16 - process[0]: training epoch 18 ...
00:24:26 - process[0] - epoch 18 - train iter 187 - 17498.2 words/s - loss: 0.3039
00:24:26 - process[0]: evaluating epoch 18 on dev ...
00:25:07 - dev set during evaluation: 14980/14975
00:25:07 - process[0] - dev - epoch 18 - mAP: 0.506 w/ 35 queries
00:25:07 - removing file tmp_5f/mbert_deen_dev_2_18.txt
00:25:07 - removing file tmp_5f/mbert_deen_dev_4_18.txt
00:25:07 - removing file tmp_5f/mbert_deen_dev_9_18.txt
00:25:07 - removing file tmp_5f/mbert_deen_dev_5_18.txt
00:25:07 - removing file tmp_5f/mbert_deen_dev_1_18.txt
00:25:07 - removing file tmp_5f/mbert_deen_dev_6_18.txt
00:25:07 - removing file tmp_5f/mbert_deen_dev_7_18.txt
00:25:07 - removing file tmp_5f/mbert_deen_dev_8_18.txt
00:25:07 - removing file tmp_5f/mbert_deen_dev_3_18.txt
00:25:07 - removing file tmp_5f/mbert_deen_dev_0_18.txt
00:25:07 - process[0]: evaluating epoch 18 on test ...
00:25:52 - test set during evaluation: 15300/15294
00:25:52 - process[0] - test - epoch 18 - mAP: 0.467 w/ 36 queries
00:25:52 - removing file tmp_5f/mbert_deen_test_3_18.txt
00:25:52 - removing file tmp_5f/mbert_deen_test_8_18.txt
00:25:52 - removing file tmp_5f/mbert_deen_test_7_18.txt
00:25:52 - removing file tmp_5f/mbert_deen_test_4_18.txt
00:25:52 - removing file tmp_5f/mbert_deen_test_0_18.txt
00:25:52 - removing file tmp_5f/mbert_deen_test_5_18.txt
00:25:52 - removing file tmp_5f/mbert_deen_test_1_18.txt
00:25:52 - removing file tmp_5f/mbert_deen_test_6_18.txt
00:25:52 - removing file tmp_5f/mbert_deen_test_2_18.txt
00:25:52 - removing file tmp_5f/mbert_deen_test_9_18.txt
00:25:52 - process[0]: training epoch 19 ...
00:26:02 - process[0] - epoch 19 - train iter 187 - 15944.9 words/s - loss: 0.3110
00:26:02 - process[0]: evaluating epoch 19 on dev ...
00:26:43 - dev set during evaluation: 14980/14975
00:26:43 - process[0] - dev - epoch 19 - mAP: 0.500 w/ 35 queries
00:26:43 - removing file tmp_5f/mbert_deen_dev_7_19.txt
00:26:43 - removing file tmp_5f/mbert_deen_dev_8_19.txt
00:26:43 - removing file tmp_5f/mbert_deen_dev_3_19.txt
00:26:43 - removing file tmp_5f/mbert_deen_dev_0_19.txt
00:26:43 - removing file tmp_5f/mbert_deen_dev_1_19.txt
00:26:43 - removing file tmp_5f/mbert_deen_dev_9_19.txt
00:26:43 - removing file tmp_5f/mbert_deen_dev_4_19.txt
00:26:43 - removing file tmp_5f/mbert_deen_dev_5_19.txt
00:26:43 - removing file tmp_5f/mbert_deen_dev_2_19.txt
00:26:43 - removing file tmp_5f/mbert_deen_dev_6_19.txt
00:26:43 - [fold 2] best test MAP: 0.467 @ epoch 18
00:26:43 - Evaluating every 1 epochs ...
00:26:43 - reading data from /mnt/home/puxuan/CLIR-project/Evaluation_data/process-clef/uncased
00:26:44 - test has 35 queries ...
00:26:44 - Data reading done ...
00:26:45 - adding 9-th encoder to optimizer...
00:26:45 - adding 10-th encoder to optimizer...
00:26:45 - adding 11-th encoder to optimizer...
00:26:46 - process[0]: training epoch 0 ...
00:26:56 - process[0] - epoch 0 - train iter 196 - 17065.3 words/s - loss: 0.6053
00:26:56 - process[0]: training epoch 1 ...
00:27:06 - process[0] - epoch 1 - train iter 196 - 17454.4 words/s - loss: 0.4933
00:27:06 - process[0]: training epoch 2 ...
00:27:17 - process[0] - epoch 2 - train iter 196 - 16569.0 words/s - loss: 0.4806
00:27:17 - process[0]: training epoch 3 ...
00:27:28 - process[0] - epoch 3 - train iter 196 - 16700.3 words/s - loss: 0.4558
00:27:28 - process[0]: training epoch 4 ...
00:27:37 - process[0] - epoch 4 - train iter 196 - 18805.5 words/s - loss: 0.4811
00:27:37 - process[0]: training epoch 5 ...
00:27:47 - process[0] - epoch 5 - train iter 196 - 18209.0 words/s - loss: 0.4345
00:27:47 - process[0]: training epoch 6 ...
00:27:58 - process[0] - epoch 6 - train iter 196 - 16491.1 words/s - loss: 0.3842
00:27:58 - process[0]: training epoch 7 ...
00:28:09 - process[0] - epoch 7 - train iter 196 - 16032.2 words/s - loss: 0.4607
00:28:09 - process[0]: training epoch 8 ...
00:28:19 - process[0] - epoch 8 - train iter 196 - 17903.6 words/s - loss: 0.3836
00:28:19 - process[0]: training epoch 9 ...
00:28:30 - process[0] - epoch 9 - train iter 196 - 16545.9 words/s - loss: 0.3884
00:28:30 - process[0]: training epoch 10 ...
00:28:39 - process[0] - epoch 10 - train iter 196 - 18372.0 words/s - loss: 0.4152
00:28:39 - process[0]: evaluating epoch 10 on dev ...
00:29:28 - dev set during evaluation: 15300/15294
00:29:28 - process[0] - dev - epoch 10 - mAP: 0.477 w/ 36 queries
00:29:28 - removing file tmp_5f/mbert_deen_dev_9_10.txt
00:29:28 - removing file tmp_5f/mbert_deen_dev_5_10.txt
00:29:28 - removing file tmp_5f/mbert_deen_dev_0_10.txt
00:29:28 - removing file tmp_5f/mbert_deen_dev_6_10.txt
00:29:28 - removing file tmp_5f/mbert_deen_dev_2_10.txt
00:29:28 - removing file tmp_5f/mbert_deen_dev_3_10.txt
00:29:28 - removing file tmp_5f/mbert_deen_dev_4_10.txt
00:29:28 - removing file tmp_5f/mbert_deen_dev_1_10.txt
00:29:28 - removing file tmp_5f/mbert_deen_dev_7_10.txt
00:29:28 - removing file tmp_5f/mbert_deen_dev_8_10.txt
00:29:28 - process[0]: evaluating epoch 10 on test ...
00:30:11 - test set during evaluation: 15480/15477
00:30:11 - process[0] - test - epoch 10 - mAP: 0.500 w/ 35 queries
00:30:11 - removing file tmp_5f/mbert_deen_test_5_10.txt
00:30:11 - removing file tmp_5f/mbert_deen_test_2_10.txt
00:30:11 - removing file tmp_5f/mbert_deen_test_6_10.txt
00:30:11 - removing file tmp_5f/mbert_deen_test_4_10.txt
00:30:11 - removing file tmp_5f/mbert_deen_test_8_10.txt
00:30:11 - removing file tmp_5f/mbert_deen_test_0_10.txt
00:30:11 - removing file tmp_5f/mbert_deen_test_9_10.txt
00:30:11 - removing file tmp_5f/mbert_deen_test_1_10.txt
00:30:11 - removing file tmp_5f/mbert_deen_test_7_10.txt
00:30:11 - removing file tmp_5f/mbert_deen_test_3_10.txt
00:30:11 - process[0]: training epoch 11 ...
00:30:22 - process[0] - epoch 11 - train iter 196 - 16379.8 words/s - loss: 0.3483
00:30:22 - process[0]: evaluating epoch 11 on dev ...
00:31:05 - dev set during evaluation: 15300/15294
00:31:05 - process[0] - dev - epoch 11 - mAP: 0.484 w/ 36 queries
00:31:05 - removing file tmp_5f/mbert_deen_dev_7_11.txt
00:31:05 - removing file tmp_5f/mbert_deen_dev_1_11.txt
00:31:05 - removing file tmp_5f/mbert_deen_dev_6_11.txt
00:31:05 - removing file tmp_5f/mbert_deen_dev_2_11.txt
00:31:05 - removing file tmp_5f/mbert_deen_dev_9_11.txt
00:31:05 - removing file tmp_5f/mbert_deen_dev_5_11.txt
00:31:05 - removing file tmp_5f/mbert_deen_dev_8_11.txt
00:31:05 - removing file tmp_5f/mbert_deen_dev_4_11.txt
00:31:05 - removing file tmp_5f/mbert_deen_dev_0_11.txt
00:31:05 - removing file tmp_5f/mbert_deen_dev_3_11.txt
00:31:05 - process[0]: evaluating epoch 11 on test ...
00:31:47 - test set during evaluation: 15480/15477
00:31:47 - process[0] - test - epoch 11 - mAP: 0.507 w/ 35 queries
00:31:47 - removing file tmp_5f/mbert_deen_test_3_11.txt
00:31:47 - removing file tmp_5f/mbert_deen_test_0_11.txt
00:31:47 - removing file tmp_5f/mbert_deen_test_9_11.txt
00:31:47 - removing file tmp_5f/mbert_deen_test_4_11.txt
00:31:47 - removing file tmp_5f/mbert_deen_test_6_11.txt
00:31:47 - removing file tmp_5f/mbert_deen_test_8_11.txt
00:31:47 - removing file tmp_5f/mbert_deen_test_2_11.txt
00:31:47 - removing file tmp_5f/mbert_deen_test_1_11.txt
00:31:47 - removing file tmp_5f/mbert_deen_test_5_11.txt
00:31:47 - removing file tmp_5f/mbert_deen_test_7_11.txt
00:31:47 - process[0]: training epoch 12 ...
00:31:58 - process[0] - epoch 12 - train iter 196 - 16228.8 words/s - loss: 0.3933
00:31:58 - process[0]: evaluating epoch 12 on dev ...
00:32:42 - dev set during evaluation: 15300/15294
00:32:42 - process[0] - dev - epoch 12 - mAP: 0.466 w/ 36 queries
00:32:42 - removing file tmp_5f/mbert_deen_dev_7_12.txt
00:32:42 - removing file tmp_5f/mbert_deen_dev_1_12.txt
00:32:42 - removing file tmp_5f/mbert_deen_dev_8_12.txt
00:32:42 - removing file tmp_5f/mbert_deen_dev_5_12.txt
00:32:42 - removing file tmp_5f/mbert_deen_dev_0_12.txt
00:32:42 - removing file tmp_5f/mbert_deen_dev_2_12.txt
00:32:42 - removing file tmp_5f/mbert_deen_dev_3_12.txt
00:32:42 - removing file tmp_5f/mbert_deen_dev_4_12.txt
00:32:42 - removing file tmp_5f/mbert_deen_dev_9_12.txt
00:32:42 - removing file tmp_5f/mbert_deen_dev_6_12.txt
00:32:42 - process[0]: training epoch 13 ...
00:32:51 - process[0] - epoch 13 - train iter 196 - 18530.3 words/s - loss: 0.3679
00:32:51 - process[0]: evaluating epoch 13 on dev ...
00:33:36 - dev set during evaluation: 15300/15294
00:33:36 - process[0] - dev - epoch 13 - mAP: 0.475 w/ 36 queries
00:33:36 - removing file tmp_5f/mbert_deen_dev_3_13.txt
00:33:36 - removing file tmp_5f/mbert_deen_dev_1_13.txt
00:33:36 - removing file tmp_5f/mbert_deen_dev_0_13.txt
00:33:36 - removing file tmp_5f/mbert_deen_dev_2_13.txt
00:33:36 - removing file tmp_5f/mbert_deen_dev_9_13.txt
00:33:36 - removing file tmp_5f/mbert_deen_dev_8_13.txt
00:33:36 - removing file tmp_5f/mbert_deen_dev_7_13.txt
00:33:36 - removing file tmp_5f/mbert_deen_dev_4_13.txt
00:33:36 - removing file tmp_5f/mbert_deen_dev_5_13.txt
00:33:36 - removing file tmp_5f/mbert_deen_dev_6_13.txt
00:33:36 - process[0]: training epoch 14 ...
00:33:47 - process[0] - epoch 14 - train iter 196 - 15854.1 words/s - loss: 0.3822
00:33:47 - process[0]: evaluating epoch 14 on dev ...
00:34:30 - dev set during evaluation: 15300/15294
00:34:30 - process[0] - dev - epoch 14 - mAP: 0.469 w/ 36 queries
00:34:30 - removing file tmp_5f/mbert_deen_dev_0_14.txt
00:34:30 - removing file tmp_5f/mbert_deen_dev_3_14.txt
00:34:30 - removing file tmp_5f/mbert_deen_dev_4_14.txt
00:34:30 - removing file tmp_5f/mbert_deen_dev_7_14.txt
00:34:30 - removing file tmp_5f/mbert_deen_dev_2_14.txt
00:34:30 - removing file tmp_5f/mbert_deen_dev_6_14.txt
00:34:30 - removing file tmp_5f/mbert_deen_dev_9_14.txt
00:34:30 - removing file tmp_5f/mbert_deen_dev_1_14.txt
00:34:30 - removing file tmp_5f/mbert_deen_dev_5_14.txt
00:34:30 - removing file tmp_5f/mbert_deen_dev_8_14.txt
00:34:30 - process[0]: training epoch 15 ...
00:34:41 - process[0] - epoch 15 - train iter 196 - 16289.5 words/s - loss: 0.3664
00:34:41 - process[0]: evaluating epoch 15 on dev ...
00:35:23 - dev set during evaluation: 15300/15294
00:35:23 - process[0] - dev - epoch 15 - mAP: 0.477 w/ 36 queries
00:35:23 - removing file tmp_5f/mbert_deen_dev_0_15.txt
00:35:23 - removing file tmp_5f/mbert_deen_dev_1_15.txt
00:35:23 - removing file tmp_5f/mbert_deen_dev_2_15.txt
00:35:23 - removing file tmp_5f/mbert_deen_dev_9_15.txt
00:35:23 - removing file tmp_5f/mbert_deen_dev_3_15.txt
00:35:23 - removing file tmp_5f/mbert_deen_dev_6_15.txt
00:35:23 - removing file tmp_5f/mbert_deen_dev_4_15.txt
00:35:23 - removing file tmp_5f/mbert_deen_dev_8_15.txt
00:35:23 - removing file tmp_5f/mbert_deen_dev_7_15.txt
00:35:23 - removing file tmp_5f/mbert_deen_dev_5_15.txt
00:35:23 - process[0]: training epoch 16 ...
00:35:34 - process[0] - epoch 16 - train iter 196 - 15677.1 words/s - loss: 0.3500
00:35:34 - process[0]: evaluating epoch 16 on dev ...
00:36:18 - dev set during evaluation: 15300/15294
00:36:18 - process[0] - dev - epoch 16 - mAP: 0.474 w/ 36 queries
00:36:18 - removing file tmp_5f/mbert_deen_dev_9_16.txt
00:36:18 - removing file tmp_5f/mbert_deen_dev_5_16.txt
00:36:18 - removing file tmp_5f/mbert_deen_dev_0_16.txt
00:36:18 - removing file tmp_5f/mbert_deen_dev_2_16.txt
00:36:18 - removing file tmp_5f/mbert_deen_dev_4_16.txt
00:36:18 - removing file tmp_5f/mbert_deen_dev_8_16.txt
00:36:18 - removing file tmp_5f/mbert_deen_dev_1_16.txt
00:36:18 - removing file tmp_5f/mbert_deen_dev_6_16.txt
00:36:18 - removing file tmp_5f/mbert_deen_dev_3_16.txt
00:36:18 - removing file tmp_5f/mbert_deen_dev_7_16.txt
00:36:18 - process[0]: training epoch 17 ...
00:36:29 - process[0] - epoch 17 - train iter 196 - 16902.6 words/s - loss: 0.3957
00:36:29 - process[0]: evaluating epoch 17 on dev ...
00:37:11 - dev set during evaluation: 15300/15294
00:37:11 - process[0] - dev - epoch 17 - mAP: 0.487 w/ 36 queries
00:37:11 - removing file tmp_5f/mbert_deen_dev_2_17.txt
00:37:11 - removing file tmp_5f/mbert_deen_dev_9_17.txt
00:37:11 - removing file tmp_5f/mbert_deen_dev_3_17.txt
00:37:11 - removing file tmp_5f/mbert_deen_dev_5_17.txt
00:37:11 - removing file tmp_5f/mbert_deen_dev_7_17.txt
00:37:11 - removing file tmp_5f/mbert_deen_dev_8_17.txt
00:37:11 - removing file tmp_5f/mbert_deen_dev_6_17.txt
00:37:11 - removing file tmp_5f/mbert_deen_dev_0_17.txt
00:37:11 - removing file tmp_5f/mbert_deen_dev_1_17.txt
00:37:11 - removing file tmp_5f/mbert_deen_dev_4_17.txt
00:37:11 - process[0]: evaluating epoch 17 on test ...
00:37:53 - test set during evaluation: 15480/15477
00:37:53 - process[0] - test - epoch 17 - mAP: 0.485 w/ 35 queries
00:37:53 - removing file tmp_5f/mbert_deen_test_4_17.txt
00:37:53 - removing file tmp_5f/mbert_deen_test_6_17.txt
00:37:53 - removing file tmp_5f/mbert_deen_test_9_17.txt
00:37:53 - removing file tmp_5f/mbert_deen_test_5_17.txt
00:37:53 - removing file tmp_5f/mbert_deen_test_0_17.txt
00:37:53 - removing file tmp_5f/mbert_deen_test_7_17.txt
00:37:53 - removing file tmp_5f/mbert_deen_test_3_17.txt
00:37:53 - removing file tmp_5f/mbert_deen_test_2_17.txt
00:37:53 - removing file tmp_5f/mbert_deen_test_8_17.txt
00:37:53 - removing file tmp_5f/mbert_deen_test_1_17.txt
00:37:53 - process[0]: training epoch 18 ...
00:38:03 - process[0] - epoch 18 - train iter 196 - 17185.6 words/s - loss: 0.3269
00:38:03 - process[0]: evaluating epoch 18 on dev ...
00:38:47 - dev set during evaluation: 15300/15294
00:38:47 - process[0] - dev - epoch 18 - mAP: 0.488 w/ 36 queries
00:38:47 - removing file tmp_5f/mbert_deen_dev_2_18.txt
00:38:47 - removing file tmp_5f/mbert_deen_dev_4_18.txt
00:38:47 - removing file tmp_5f/mbert_deen_dev_9_18.txt
00:38:47 - removing file tmp_5f/mbert_deen_dev_5_18.txt
00:38:47 - removing file tmp_5f/mbert_deen_dev_1_18.txt
00:38:47 - removing file tmp_5f/mbert_deen_dev_6_18.txt
00:38:47 - removing file tmp_5f/mbert_deen_dev_7_18.txt
00:38:47 - removing file tmp_5f/mbert_deen_dev_8_18.txt
00:38:47 - removing file tmp_5f/mbert_deen_dev_3_18.txt
00:38:47 - removing file tmp_5f/mbert_deen_dev_0_18.txt
00:38:47 - process[0]: evaluating epoch 18 on test ...
00:39:28 - test set during evaluation: 15480/15477
00:39:28 - process[0] - test - epoch 18 - mAP: 0.471 w/ 35 queries
00:39:28 - removing file tmp_5f/mbert_deen_test_3_18.txt
00:39:28 - removing file tmp_5f/mbert_deen_test_8_18.txt
00:39:28 - removing file tmp_5f/mbert_deen_test_7_18.txt
00:39:28 - removing file tmp_5f/mbert_deen_test_4_18.txt
00:39:28 - removing file tmp_5f/mbert_deen_test_0_18.txt
00:39:28 - removing file tmp_5f/mbert_deen_test_5_18.txt
00:39:28 - removing file tmp_5f/mbert_deen_test_1_18.txt
00:39:28 - removing file tmp_5f/mbert_deen_test_6_18.txt
00:39:28 - removing file tmp_5f/mbert_deen_test_2_18.txt
00:39:28 - removing file tmp_5f/mbert_deen_test_9_18.txt
00:39:28 - process[0]: training epoch 19 ...
00:39:39 - process[0] - epoch 19 - train iter 196 - 16186.6 words/s - loss: 0.3334
00:39:39 - process[0]: evaluating epoch 19 on dev ...
00:40:22 - dev set during evaluation: 15300/15294
00:40:22 - process[0] - dev - epoch 19 - mAP: 0.485 w/ 36 queries
00:40:22 - removing file tmp_5f/mbert_deen_dev_7_19.txt
00:40:22 - removing file tmp_5f/mbert_deen_dev_8_19.txt
00:40:22 - removing file tmp_5f/mbert_deen_dev_3_19.txt
00:40:22 - removing file tmp_5f/mbert_deen_dev_0_19.txt
00:40:22 - removing file tmp_5f/mbert_deen_dev_1_19.txt
00:40:22 - removing file tmp_5f/mbert_deen_dev_9_19.txt
00:40:22 - removing file tmp_5f/mbert_deen_dev_4_19.txt
00:40:22 - removing file tmp_5f/mbert_deen_dev_5_19.txt
00:40:22 - removing file tmp_5f/mbert_deen_dev_2_19.txt
00:40:22 - removing file tmp_5f/mbert_deen_dev_6_19.txt
00:40:22 - [fold 3] best test MAP: 0.471 @ epoch 18
00:40:22 - Evaluating every 1 epochs ...
00:40:22 - reading data from /mnt/home/puxuan/CLIR-project/Evaluation_data/process-clef/uncased
00:40:23 - test has 35 queries ...
00:40:23 - Data reading done ...
00:40:24 - adding 9-th encoder to optimizer...
00:40:24 - adding 10-th encoder to optimizer...
00:40:24 - adding 11-th encoder to optimizer...
00:40:25 - process[0]: training epoch 0 ...
00:40:36 - process[0] - epoch 0 - train iter 207 - 16484.3 words/s - loss: 0.5325
00:40:36 - process[0]: training epoch 1 ...
00:40:46 - process[0] - epoch 1 - train iter 207 - 18044.2 words/s - loss: 0.4595
00:40:46 - process[0]: training epoch 2 ...
00:40:57 - process[0] - epoch 2 - train iter 207 - 18592.3 words/s - loss: 0.4781
00:40:57 - process[0]: training epoch 3 ...
00:41:08 - process[0] - epoch 3 - train iter 207 - 16510.5 words/s - loss: 0.4460
00:41:08 - process[0]: training epoch 4 ...
00:41:19 - process[0] - epoch 4 - train iter 207 - 17115.4 words/s - loss: 0.4405
00:41:19 - process[0]: training epoch 5 ...
00:41:30 - process[0] - epoch 5 - train iter 207 - 16800.7 words/s - loss: 0.4502
00:41:30 - process[0]: training epoch 6 ...
00:41:42 - process[0] - epoch 6 - train iter 207 - 16398.3 words/s - loss: 0.4125
00:41:42 - process[0]: training epoch 7 ...
00:41:52 - process[0] - epoch 7 - train iter 207 - 17305.1 words/s - loss: 0.4026
00:41:52 - process[0]: training epoch 8 ...
00:42:03 - process[0] - epoch 8 - train iter 207 - 17342.0 words/s - loss: 0.3669
00:42:03 - process[0]: training epoch 9 ...
00:42:15 - process[0] - epoch 9 - train iter 207 - 16535.4 words/s - loss: 0.4080
00:42:15 - process[0]: training epoch 10 ...
00:42:27 - process[0] - epoch 10 - train iter 207 - 15435.5 words/s - loss: 0.3707
00:42:27 - process[0]: evaluating epoch 10 on dev ...
00:43:12 - dev set during evaluation: 15480/15477
00:43:12 - process[0] - dev - epoch 10 - mAP: 0.493 w/ 35 queries
00:43:12 - removing file tmp_5f/mbert_deen_dev_9_10.txt
00:43:12 - removing file tmp_5f/mbert_deen_dev_5_10.txt
00:43:12 - removing file tmp_5f/mbert_deen_dev_0_10.txt
00:43:12 - removing file tmp_5f/mbert_deen_dev_6_10.txt
00:43:12 - removing file tmp_5f/mbert_deen_dev_2_10.txt
00:43:12 - removing file tmp_5f/mbert_deen_dev_3_10.txt
00:43:12 - removing file tmp_5f/mbert_deen_dev_4_10.txt
00:43:12 - removing file tmp_5f/mbert_deen_dev_1_10.txt
00:43:12 - removing file tmp_5f/mbert_deen_dev_7_10.txt
00:43:12 - removing file tmp_5f/mbert_deen_dev_8_10.txt
00:43:12 - process[0]: evaluating epoch 10 on test ...
00:43:55 - test set during evaluation: 14470/14463
00:43:55 - process[0] - test - epoch 10 - mAP: 0.453 w/ 35 queries
00:43:55 - removing file tmp_5f/mbert_deen_test_5_10.txt
00:43:55 - removing file tmp_5f/mbert_deen_test_2_10.txt
00:43:55 - removing file tmp_5f/mbert_deen_test_6_10.txt
00:43:55 - removing file tmp_5f/mbert_deen_test_4_10.txt
00:43:55 - removing file tmp_5f/mbert_deen_test_8_10.txt
00:43:55 - removing file tmp_5f/mbert_deen_test_0_10.txt
00:43:55 - removing file tmp_5f/mbert_deen_test_9_10.txt
00:43:55 - removing file tmp_5f/mbert_deen_test_1_10.txt
00:43:55 - removing file tmp_5f/mbert_deen_test_7_10.txt
00:43:55 - removing file tmp_5f/mbert_deen_test_3_10.txt
00:43:55 - process[0]: training epoch 11 ...
00:44:06 - process[0] - epoch 11 - train iter 207 - 16248.7 words/s - loss: 0.3488
00:44:06 - process[0]: evaluating epoch 11 on dev ...
00:44:47 - dev set during evaluation: 15480/15477
00:44:47 - process[0] - dev - epoch 11 - mAP: 0.496 w/ 35 queries
00:44:47 - removing file tmp_5f/mbert_deen_dev_7_11.txt
00:44:47 - removing file tmp_5f/mbert_deen_dev_1_11.txt
00:44:47 - removing file tmp_5f/mbert_deen_dev_6_11.txt
00:44:47 - removing file tmp_5f/mbert_deen_dev_2_11.txt
00:44:47 - removing file tmp_5f/mbert_deen_dev_9_11.txt
00:44:47 - removing file tmp_5f/mbert_deen_dev_5_11.txt
00:44:47 - removing file tmp_5f/mbert_deen_dev_8_11.txt
00:44:47 - removing file tmp_5f/mbert_deen_dev_4_11.txt
00:44:47 - removing file tmp_5f/mbert_deen_dev_0_11.txt
00:44:47 - removing file tmp_5f/mbert_deen_dev_3_11.txt
00:44:47 - process[0]: evaluating epoch 11 on test ...
00:45:29 - test set during evaluation: 14470/14463
00:45:29 - process[0] - test - epoch 11 - mAP: 0.451 w/ 35 queries
00:45:29 - removing file tmp_5f/mbert_deen_test_3_11.txt
00:45:29 - removing file tmp_5f/mbert_deen_test_0_11.txt
00:45:29 - removing file tmp_5f/mbert_deen_test_9_11.txt
00:45:29 - removing file tmp_5f/mbert_deen_test_4_11.txt
00:45:29 - removing file tmp_5f/mbert_deen_test_6_11.txt
00:45:29 - removing file tmp_5f/mbert_deen_test_8_11.txt
00:45:29 - removing file tmp_5f/mbert_deen_test_2_11.txt
00:45:29 - removing file tmp_5f/mbert_deen_test_1_11.txt
00:45:29 - removing file tmp_5f/mbert_deen_test_5_11.txt
00:45:29 - removing file tmp_5f/mbert_deen_test_7_11.txt
00:45:29 - process[0]: training epoch 12 ...
00:45:41 - process[0] - epoch 12 - train iter 207 - 16691.6 words/s - loss: 0.3810
00:45:41 - process[0]: evaluating epoch 12 on dev ...
00:46:24 - dev set during evaluation: 15480/15477
00:46:24 - process[0] - dev - epoch 12 - mAP: 0.483 w/ 35 queries
00:46:24 - removing file tmp_5f/mbert_deen_dev_7_12.txt
00:46:24 - removing file tmp_5f/mbert_deen_dev_1_12.txt
00:46:24 - removing file tmp_5f/mbert_deen_dev_8_12.txt
00:46:24 - removing file tmp_5f/mbert_deen_dev_5_12.txt
00:46:24 - removing file tmp_5f/mbert_deen_dev_0_12.txt
00:46:24 - removing file tmp_5f/mbert_deen_dev_2_12.txt
00:46:24 - removing file tmp_5f/mbert_deen_dev_3_12.txt
00:46:24 - removing file tmp_5f/mbert_deen_dev_4_12.txt
00:46:24 - removing file tmp_5f/mbert_deen_dev_9_12.txt
00:46:24 - removing file tmp_5f/mbert_deen_dev_6_12.txt
00:46:24 - process[0]: training epoch 13 ...
00:46:36 - process[0] - epoch 13 - train iter 207 - 15602.4 words/s - loss: 0.3745
00:46:36 - process[0]: evaluating epoch 13 on dev ...
00:47:18 - dev set during evaluation: 15480/15477
00:47:18 - process[0] - dev - epoch 13 - mAP: 0.487 w/ 35 queries
00:47:18 - removing file tmp_5f/mbert_deen_dev_3_13.txt
00:47:18 - removing file tmp_5f/mbert_deen_dev_1_13.txt
00:47:18 - removing file tmp_5f/mbert_deen_dev_0_13.txt
00:47:18 - removing file tmp_5f/mbert_deen_dev_2_13.txt
00:47:18 - removing file tmp_5f/mbert_deen_dev_9_13.txt
00:47:18 - removing file tmp_5f/mbert_deen_dev_8_13.txt
00:47:18 - removing file tmp_5f/mbert_deen_dev_7_13.txt
00:47:18 - removing file tmp_5f/mbert_deen_dev_4_13.txt
00:47:18 - removing file tmp_5f/mbert_deen_dev_5_13.txt
00:47:18 - removing file tmp_5f/mbert_deen_dev_6_13.txt
00:47:18 - process[0]: training epoch 14 ...
00:47:28 - process[0] - epoch 14 - train iter 207 - 16935.5 words/s - loss: 0.3942
00:47:28 - process[0]: evaluating epoch 14 on dev ...
00:48:11 - dev set during evaluation: 15480/15477
00:48:11 - process[0] - dev - epoch 14 - mAP: 0.470 w/ 35 queries
00:48:11 - removing file tmp_5f/mbert_deen_dev_0_14.txt
00:48:11 - removing file tmp_5f/mbert_deen_dev_3_14.txt
00:48:11 - removing file tmp_5f/mbert_deen_dev_4_14.txt
00:48:11 - removing file tmp_5f/mbert_deen_dev_7_14.txt
00:48:11 - removing file tmp_5f/mbert_deen_dev_2_14.txt
00:48:11 - removing file tmp_5f/mbert_deen_dev_6_14.txt
00:48:11 - removing file tmp_5f/mbert_deen_dev_9_14.txt
00:48:11 - removing file tmp_5f/mbert_deen_dev_1_14.txt
00:48:11 - removing file tmp_5f/mbert_deen_dev_5_14.txt
00:48:11 - removing file tmp_5f/mbert_deen_dev_8_14.txt
00:48:11 - process[0]: training epoch 15 ...
00:48:22 - process[0] - epoch 15 - train iter 207 - 17537.0 words/s - loss: 0.3854
00:48:22 - process[0]: evaluating epoch 15 on dev ...
00:49:03 - dev set during evaluation: 15480/15477
00:49:03 - process[0] - dev - epoch 15 - mAP: 0.476 w/ 35 queries
00:49:03 - removing file tmp_5f/mbert_deen_dev_0_15.txt
00:49:03 - removing file tmp_5f/mbert_deen_dev_1_15.txt
00:49:03 - removing file tmp_5f/mbert_deen_dev_2_15.txt
00:49:03 - removing file tmp_5f/mbert_deen_dev_9_15.txt
00:49:03 - removing file tmp_5f/mbert_deen_dev_3_15.txt
00:49:03 - removing file tmp_5f/mbert_deen_dev_6_15.txt
00:49:03 - removing file tmp_5f/mbert_deen_dev_4_15.txt
00:49:03 - removing file tmp_5f/mbert_deen_dev_8_15.txt
00:49:03 - removing file tmp_5f/mbert_deen_dev_7_15.txt
00:49:03 - removing file tmp_5f/mbert_deen_dev_5_15.txt
00:49:03 - process[0]: training epoch 16 ...
00:49:14 - process[0] - epoch 16 - train iter 207 - 18256.2 words/s - loss: 0.3466
00:49:14 - process[0]: evaluating epoch 16 on dev ...
00:49:57 - dev set during evaluation: 15480/15477
00:49:57 - process[0] - dev - epoch 16 - mAP: 0.445 w/ 35 queries
00:49:57 - removing file tmp_5f/mbert_deen_dev_9_16.txt
00:49:57 - removing file tmp_5f/mbert_deen_dev_5_16.txt
00:49:57 - removing file tmp_5f/mbert_deen_dev_0_16.txt
00:49:57 - removing file tmp_5f/mbert_deen_dev_2_16.txt
00:49:57 - removing file tmp_5f/mbert_deen_dev_4_16.txt
00:49:57 - removing file tmp_5f/mbert_deen_dev_8_16.txt
00:49:57 - removing file tmp_5f/mbert_deen_dev_1_16.txt
00:49:57 - removing file tmp_5f/mbert_deen_dev_6_16.txt
00:49:57 - removing file tmp_5f/mbert_deen_dev_3_16.txt
00:49:57 - removing file tmp_5f/mbert_deen_dev_7_16.txt
00:49:57 - process[0]: training epoch 17 ...
00:50:08 - process[0] - epoch 17 - train iter 207 - 16339.4 words/s - loss: 0.3338
00:50:08 - process[0]: evaluating epoch 17 on dev ...
00:50:51 - dev set during evaluation: 15480/15477
00:50:51 - process[0] - dev - epoch 17 - mAP: 0.454 w/ 35 queries
00:50:51 - removing file tmp_5f/mbert_deen_dev_2_17.txt
00:50:51 - removing file tmp_5f/mbert_deen_dev_9_17.txt
00:50:51 - removing file tmp_5f/mbert_deen_dev_3_17.txt
00:50:51 - removing file tmp_5f/mbert_deen_dev_5_17.txt
00:50:51 - removing file tmp_5f/mbert_deen_dev_7_17.txt
00:50:51 - removing file tmp_5f/mbert_deen_dev_8_17.txt
00:50:51 - removing file tmp_5f/mbert_deen_dev_6_17.txt
00:50:51 - removing file tmp_5f/mbert_deen_dev_0_17.txt
00:50:51 - removing file tmp_5f/mbert_deen_dev_1_17.txt
00:50:51 - removing file tmp_5f/mbert_deen_dev_4_17.txt
00:50:51 - process[0]: training epoch 18 ...
00:51:02 - process[0] - epoch 18 - train iter 207 - 16704.8 words/s - loss: 0.3062
00:51:02 - process[0]: evaluating epoch 18 on dev ...
00:51:44 - dev set during evaluation: 15480/15477
00:51:44 - process[0] - dev - epoch 18 - mAP: 0.454 w/ 35 queries
00:51:44 - removing file tmp_5f/mbert_deen_dev_2_18.txt
00:51:44 - removing file tmp_5f/mbert_deen_dev_4_18.txt
00:51:44 - removing file tmp_5f/mbert_deen_dev_9_18.txt
00:51:44 - removing file tmp_5f/mbert_deen_dev_5_18.txt
00:51:44 - removing file tmp_5f/mbert_deen_dev_1_18.txt
00:51:44 - removing file tmp_5f/mbert_deen_dev_6_18.txt
00:51:44 - removing file tmp_5f/mbert_deen_dev_7_18.txt
00:51:44 - removing file tmp_5f/mbert_deen_dev_8_18.txt
00:51:44 - removing file tmp_5f/mbert_deen_dev_3_18.txt
00:51:44 - removing file tmp_5f/mbert_deen_dev_0_18.txt
00:51:44 - process[0]: training epoch 19 ...
00:51:55 - process[0] - epoch 19 - train iter 207 - 17323.5 words/s - loss: 0.3825
00:51:55 - process[0]: evaluating epoch 19 on dev ...
00:52:37 - dev set during evaluation: 15480/15477
00:52:37 - process[0] - dev - epoch 19 - mAP: 0.436 w/ 35 queries
00:52:37 - removing file tmp_5f/mbert_deen_dev_7_19.txt
00:52:37 - removing file tmp_5f/mbert_deen_dev_8_19.txt
00:52:37 - removing file tmp_5f/mbert_deen_dev_3_19.txt
00:52:37 - removing file tmp_5f/mbert_deen_dev_0_19.txt
00:52:37 - removing file tmp_5f/mbert_deen_dev_1_19.txt
00:52:37 - removing file tmp_5f/mbert_deen_dev_9_19.txt
00:52:37 - removing file tmp_5f/mbert_deen_dev_4_19.txt
00:52:37 - removing file tmp_5f/mbert_deen_dev_5_19.txt
00:52:37 - removing file tmp_5f/mbert_deen_dev_2_19.txt
00:52:37 - removing file tmp_5f/mbert_deen_dev_6_19.txt
00:52:37 - [fold 4] best test MAP: 0.451 @ epoch 11
00:52:37 - Evaluating every 1 epochs ...
00:52:37 - reading data from /mnt/home/puxuan/CLIR-project/Evaluation_data/process-clef/uncased
00:52:38 - test has 35 queries ...
00:52:38 - Data reading done ...
00:52:39 - adding 9-th encoder to optimizer...
00:52:39 - adding 10-th encoder to optimizer...
00:52:39 - adding 11-th encoder to optimizer...
00:52:40 - process[0]: training epoch 0 ...
00:52:51 - process[0] - epoch 0 - train iter 195 - 16714.5 words/s - loss: 0.4997
00:52:51 - process[0]: training epoch 1 ...
00:53:02 - process[0] - epoch 1 - train iter 195 - 15480.9 words/s - loss: 0.4631
00:53:02 - process[0]: training epoch 2 ...
00:53:14 - process[0] - epoch 2 - train iter 195 - 15582.2 words/s - loss: 0.4932
00:53:14 - process[0]: training epoch 3 ...
00:53:25 - process[0] - epoch 3 - train iter 195 - 15744.5 words/s - loss: 0.4990
00:53:25 - process[0]: training epoch 4 ...
00:53:36 - process[0] - epoch 4 - train iter 195 - 14567.6 words/s - loss: 0.3960
00:53:36 - process[0]: training epoch 5 ...
00:53:47 - process[0] - epoch 5 - train iter 195 - 17127.7 words/s - loss: 0.3726
00:53:47 - process[0]: training epoch 6 ...
00:53:57 - process[0] - epoch 6 - train iter 195 - 16493.3 words/s - loss: 0.4015
00:53:57 - process[0]: training epoch 7 ...
00:54:09 - process[0] - epoch 7 - train iter 195 - 14620.4 words/s - loss: 0.4146
00:54:09 - process[0]: training epoch 8 ...
00:54:20 - process[0] - epoch 8 - train iter 195 - 16322.0 words/s - loss: 0.3721
00:54:20 - process[0]: training epoch 9 ...
00:54:31 - process[0] - epoch 9 - train iter 195 - 15241.8 words/s - loss: 0.3877
00:54:31 - process[0]: training epoch 10 ...
00:54:42 - process[0] - epoch 10 - train iter 195 - 15799.7 words/s - loss: 0.4268
00:54:42 - process[0]: evaluating epoch 10 on dev ...
00:55:23 - dev set during evaluation: 14470/14463
00:55:23 - process[0] - dev - epoch 10 - mAP: 0.444 w/ 35 queries
00:55:23 - removing file tmp_5f/mbert_deen_dev_9_10.txt
00:55:23 - removing file tmp_5f/mbert_deen_dev_5_10.txt
00:55:23 - removing file tmp_5f/mbert_deen_dev_0_10.txt
00:55:23 - removing file tmp_5f/mbert_deen_dev_6_10.txt
00:55:23 - removing file tmp_5f/mbert_deen_dev_2_10.txt
00:55:23 - removing file tmp_5f/mbert_deen_dev_3_10.txt
00:55:23 - removing file tmp_5f/mbert_deen_dev_4_10.txt
00:55:23 - removing file tmp_5f/mbert_deen_dev_1_10.txt
00:55:23 - removing file tmp_5f/mbert_deen_dev_7_10.txt
00:55:23 - removing file tmp_5f/mbert_deen_dev_8_10.txt
00:55:23 - process[0]: evaluating epoch 10 on test ...
00:56:08 - test set during evaluation: 14160/14157
00:56:08 - process[0] - test - epoch 10 - mAP: 0.474 w/ 35 queries
00:56:08 - removing file tmp_5f/mbert_deen_test_5_10.txt
00:56:08 - removing file tmp_5f/mbert_deen_test_2_10.txt
00:56:08 - removing file tmp_5f/mbert_deen_test_6_10.txt
00:56:08 - removing file tmp_5f/mbert_deen_test_4_10.txt
00:56:08 - removing file tmp_5f/mbert_deen_test_8_10.txt
00:56:08 - removing file tmp_5f/mbert_deen_test_0_10.txt
00:56:08 - removing file tmp_5f/mbert_deen_test_9_10.txt
00:56:08 - removing file tmp_5f/mbert_deen_test_1_10.txt
00:56:08 - removing file tmp_5f/mbert_deen_test_7_10.txt
00:56:08 - removing file tmp_5f/mbert_deen_test_3_10.txt
00:56:08 - process[0]: training epoch 11 ...
00:56:19 - process[0] - epoch 11 - train iter 195 - 17608.8 words/s - loss: 0.3736
00:56:19 - process[0]: evaluating epoch 11 on dev ...
00:57:03 - dev set during evaluation: 14470/14463
00:57:03 - process[0] - dev - epoch 11 - mAP: 0.448 w/ 35 queries
00:57:03 - removing file tmp_5f/mbert_deen_dev_7_11.txt
00:57:03 - removing file tmp_5f/mbert_deen_dev_1_11.txt
00:57:03 - removing file tmp_5f/mbert_deen_dev_6_11.txt
00:57:03 - removing file tmp_5f/mbert_deen_dev_2_11.txt
00:57:03 - removing file tmp_5f/mbert_deen_dev_9_11.txt
00:57:03 - removing file tmp_5f/mbert_deen_dev_5_11.txt
00:57:03 - removing file tmp_5f/mbert_deen_dev_8_11.txt
00:57:03 - removing file tmp_5f/mbert_deen_dev_4_11.txt
00:57:03 - removing file tmp_5f/mbert_deen_dev_0_11.txt
00:57:03 - removing file tmp_5f/mbert_deen_dev_3_11.txt
00:57:03 - process[0]: evaluating epoch 11 on test ...
00:57:49 - test set during evaluation: 14160/14157
00:57:49 - process[0] - test - epoch 11 - mAP: 0.476 w/ 35 queries
00:57:49 - removing file tmp_5f/mbert_deen_test_3_11.txt
00:57:49 - removing file tmp_5f/mbert_deen_test_0_11.txt
00:57:49 - removing file tmp_5f/mbert_deen_test_9_11.txt
00:57:49 - removing file tmp_5f/mbert_deen_test_4_11.txt
00:57:49 - removing file tmp_5f/mbert_deen_test_6_11.txt
00:57:49 - removing file tmp_5f/mbert_deen_test_8_11.txt
00:57:49 - removing file tmp_5f/mbert_deen_test_2_11.txt
00:57:49 - removing file tmp_5f/mbert_deen_test_1_11.txt
00:57:49 - removing file tmp_5f/mbert_deen_test_5_11.txt
00:57:49 - removing file tmp_5f/mbert_deen_test_7_11.txt
00:57:49 - process[0]: training epoch 12 ...
00:58:00 - process[0] - epoch 12 - train iter 195 - 15257.4 words/s - loss: 0.3478
00:58:00 - process[0]: evaluating epoch 12 on dev ...
00:58:41 - dev set during evaluation: 14470/14463
00:58:41 - process[0] - dev - epoch 12 - mAP: 0.443 w/ 35 queries
00:58:41 - removing file tmp_5f/mbert_deen_dev_7_12.txt
00:58:41 - removing file tmp_5f/mbert_deen_dev_1_12.txt
00:58:41 - removing file tmp_5f/mbert_deen_dev_8_12.txt
00:58:41 - removing file tmp_5f/mbert_deen_dev_5_12.txt
00:58:41 - removing file tmp_5f/mbert_deen_dev_0_12.txt
00:58:41 - removing file tmp_5f/mbert_deen_dev_2_12.txt
00:58:41 - removing file tmp_5f/mbert_deen_dev_3_12.txt
00:58:41 - removing file tmp_5f/mbert_deen_dev_4_12.txt
00:58:41 - removing file tmp_5f/mbert_deen_dev_9_12.txt
00:58:41 - removing file tmp_5f/mbert_deen_dev_6_12.txt
00:58:41 - process[0]: training epoch 13 ...
00:58:53 - process[0] - epoch 13 - train iter 195 - 15429.7 words/s - loss: 0.2889
00:58:53 - process[0]: evaluating epoch 13 on dev ...
00:59:34 - dev set during evaluation: 14470/14463
00:59:34 - process[0] - dev - epoch 13 - mAP: 0.437 w/ 35 queries
00:59:34 - removing file tmp_5f/mbert_deen_dev_3_13.txt
00:59:34 - removing file tmp_5f/mbert_deen_dev_1_13.txt
00:59:34 - removing file tmp_5f/mbert_deen_dev_0_13.txt
00:59:34 - removing file tmp_5f/mbert_deen_dev_2_13.txt
00:59:34 - removing file tmp_5f/mbert_deen_dev_9_13.txt
00:59:34 - removing file tmp_5f/mbert_deen_dev_8_13.txt
00:59:34 - removing file tmp_5f/mbert_deen_dev_7_13.txt
00:59:34 - removing file tmp_5f/mbert_deen_dev_4_13.txt
00:59:34 - removing file tmp_5f/mbert_deen_dev_5_13.txt
00:59:34 - removing file tmp_5f/mbert_deen_dev_6_13.txt
00:59:34 - process[0]: training epoch 14 ...
00:59:45 - process[0] - epoch 14 - train iter 195 - 16408.5 words/s - loss: 0.3481
00:59:45 - process[0]: evaluating epoch 14 on dev ...
01:00:28 - dev set during evaluation: 14470/14463
01:00:28 - process[0] - dev - epoch 14 - mAP: 0.452 w/ 35 queries
01:00:28 - removing file tmp_5f/mbert_deen_dev_0_14.txt
01:00:28 - removing file tmp_5f/mbert_deen_dev_3_14.txt
01:00:28 - removing file tmp_5f/mbert_deen_dev_4_14.txt
01:00:28 - removing file tmp_5f/mbert_deen_dev_7_14.txt
01:00:28 - removing file tmp_5f/mbert_deen_dev_2_14.txt
01:00:28 - removing file tmp_5f/mbert_deen_dev_6_14.txt
01:00:28 - removing file tmp_5f/mbert_deen_dev_9_14.txt
01:00:28 - removing file tmp_5f/mbert_deen_dev_1_14.txt
01:00:28 - removing file tmp_5f/mbert_deen_dev_5_14.txt
01:00:28 - removing file tmp_5f/mbert_deen_dev_8_14.txt
01:00:28 - process[0]: evaluating epoch 14 on test ...
01:01:13 - test set during evaluation: 14160/14157
01:01:13 - process[0] - test - epoch 14 - mAP: 0.474 w/ 35 queries
01:01:13 - removing file tmp_5f/mbert_deen_test_1_14.txt
01:01:13 - removing file tmp_5f/mbert_deen_test_8_14.txt
01:01:13 - removing file tmp_5f/mbert_deen_test_5_14.txt
01:01:13 - removing file tmp_5f/mbert_deen_test_6_14.txt
01:01:13 - removing file tmp_5f/mbert_deen_test_2_14.txt
01:01:13 - removing file tmp_5f/mbert_deen_test_7_14.txt
01:01:13 - removing file tmp_5f/mbert_deen_test_9_14.txt
01:01:13 - removing file tmp_5f/mbert_deen_test_3_14.txt
01:01:13 - removing file tmp_5f/mbert_deen_test_0_14.txt
01:01:13 - removing file tmp_5f/mbert_deen_test_4_14.txt
01:01:13 - process[0]: training epoch 15 ...
01:01:24 - process[0] - epoch 15 - train iter 195 - 15472.9 words/s - loss: 0.3325
01:01:24 - process[0]: evaluating epoch 15 on dev ...
01:02:05 - dev set during evaluation: 14470/14463
01:02:05 - process[0] - dev - epoch 15 - mAP: 0.458 w/ 35 queries
01:02:05 - removing file tmp_5f/mbert_deen_dev_0_15.txt
01:02:05 - removing file tmp_5f/mbert_deen_dev_1_15.txt
01:02:05 - removing file tmp_5f/mbert_deen_dev_2_15.txt
01:02:05 - removing file tmp_5f/mbert_deen_dev_9_15.txt
01:02:05 - removing file tmp_5f/mbert_deen_dev_3_15.txt
01:02:05 - removing file tmp_5f/mbert_deen_dev_6_15.txt
01:02:05 - removing file tmp_5f/mbert_deen_dev_4_15.txt
01:02:05 - removing file tmp_5f/mbert_deen_dev_8_15.txt
01:02:05 - removing file tmp_5f/mbert_deen_dev_7_15.txt
01:02:05 - removing file tmp_5f/mbert_deen_dev_5_15.txt
01:02:05 - process[0]: evaluating epoch 15 on test ...
01:02:50 - test set during evaluation: 14160/14157
01:02:50 - process[0] - test - epoch 15 - mAP: 0.472 w/ 35 queries
01:02:50 - removing file tmp_5f/mbert_deen_test_7_15.txt
01:02:50 - removing file tmp_5f/mbert_deen_test_3_15.txt
01:02:50 - removing file tmp_5f/mbert_deen_test_2_15.txt
01:02:50 - removing file tmp_5f/mbert_deen_test_8_15.txt
01:02:50 - removing file tmp_5f/mbert_deen_test_6_15.txt
01:02:50 - removing file tmp_5f/mbert_deen_test_5_15.txt
01:02:50 - removing file tmp_5f/mbert_deen_test_9_15.txt
01:02:50 - removing file tmp_5f/mbert_deen_test_1_15.txt
01:02:50 - removing file tmp_5f/mbert_deen_test_4_15.txt
01:02:50 - removing file tmp_5f/mbert_deen_test_0_15.txt
01:02:50 - process[0]: training epoch 16 ...
01:03:01 - process[0] - epoch 16 - train iter 195 - 16147.0 words/s - loss: 0.3252
01:03:01 - process[0]: evaluating epoch 16 on dev ...
01:03:43 - dev set during evaluation: 14470/14463
01:03:43 - process[0] - dev - epoch 16 - mAP: 0.457 w/ 35 queries
01:03:43 - removing file tmp_5f/mbert_deen_dev_9_16.txt
01:03:43 - removing file tmp_5f/mbert_deen_dev_5_16.txt
01:03:43 - removing file tmp_5f/mbert_deen_dev_0_16.txt
01:03:43 - removing file tmp_5f/mbert_deen_dev_2_16.txt
01:03:43 - removing file tmp_5f/mbert_deen_dev_4_16.txt
01:03:43 - removing file tmp_5f/mbert_deen_dev_8_16.txt
01:03:43 - removing file tmp_5f/mbert_deen_dev_1_16.txt
01:03:43 - removing file tmp_5f/mbert_deen_dev_6_16.txt
01:03:43 - removing file tmp_5f/mbert_deen_dev_3_16.txt
01:03:43 - removing file tmp_5f/mbert_deen_dev_7_16.txt
01:03:43 - process[0]: training epoch 17 ...
01:03:55 - process[0] - epoch 17 - train iter 195 - 15362.6 words/s - loss: 0.3695
01:03:55 - process[0]: evaluating epoch 17 on dev ...
01:04:37 - dev set during evaluation: 14470/14463
01:04:37 - process[0] - dev - epoch 17 - mAP: 0.439 w/ 35 queries
01:04:37 - removing file tmp_5f/mbert_deen_dev_2_17.txt
01:04:37 - removing file tmp_5f/mbert_deen_dev_9_17.txt
01:04:37 - removing file tmp_5f/mbert_deen_dev_3_17.txt
01:04:37 - removing file tmp_5f/mbert_deen_dev_5_17.txt
01:04:37 - removing file tmp_5f/mbert_deen_dev_7_17.txt
01:04:37 - removing file tmp_5f/mbert_deen_dev_8_17.txt
01:04:37 - removing file tmp_5f/mbert_deen_dev_6_17.txt
01:04:37 - removing file tmp_5f/mbert_deen_dev_0_17.txt
01:04:37 - removing file tmp_5f/mbert_deen_dev_1_17.txt
01:04:37 - removing file tmp_5f/mbert_deen_dev_4_17.txt
01:04:37 - process[0]: training epoch 18 ...
01:04:48 - process[0] - epoch 18 - train iter 195 - 16002.0 words/s - loss: 0.3723
01:04:48 - process[0]: evaluating epoch 18 on dev ...
01:05:29 - dev set during evaluation: 14470/14463
01:05:29 - process[0] - dev - epoch 18 - mAP: 0.444 w/ 35 queries
01:05:29 - removing file tmp_5f/mbert_deen_dev_2_18.txt
01:05:29 - removing file tmp_5f/mbert_deen_dev_4_18.txt
01:05:29 - removing file tmp_5f/mbert_deen_dev_9_18.txt
01:05:29 - removing file tmp_5f/mbert_deen_dev_5_18.txt
01:05:29 - removing file tmp_5f/mbert_deen_dev_1_18.txt
01:05:29 - removing file tmp_5f/mbert_deen_dev_6_18.txt
01:05:29 - removing file tmp_5f/mbert_deen_dev_7_18.txt
01:05:29 - removing file tmp_5f/mbert_deen_dev_8_18.txt
01:05:29 - removing file tmp_5f/mbert_deen_dev_3_18.txt
01:05:29 - removing file tmp_5f/mbert_deen_dev_0_18.txt
01:05:29 - process[0]: training epoch 19 ...
01:05:39 - process[0] - epoch 19 - train iter 195 - 17027.6 words/s - loss: 0.2863
01:05:39 - process[0]: evaluating epoch 19 on dev ...
01:06:22 - dev set during evaluation: 14470/14463
01:06:22 - process[0] - dev - epoch 19 - mAP: 0.418 w/ 35 queries
01:06:22 - removing file tmp_5f/mbert_deen_dev_7_19.txt
01:06:22 - removing file tmp_5f/mbert_deen_dev_8_19.txt
01:06:22 - removing file tmp_5f/mbert_deen_dev_3_19.txt
01:06:22 - removing file tmp_5f/mbert_deen_dev_0_19.txt
01:06:22 - removing file tmp_5f/mbert_deen_dev_1_19.txt
01:06:22 - removing file tmp_5f/mbert_deen_dev_9_19.txt
01:06:22 - removing file tmp_5f/mbert_deen_dev_4_19.txt
01:06:22 - removing file tmp_5f/mbert_deen_dev_5_19.txt
01:06:22 - removing file tmp_5f/mbert_deen_dev_2_19.txt
01:06:22 - removing file tmp_5f/mbert_deen_dev_6_19.txt
01:06:22 - [fold 5] best test MAP: 0.472 @ epoch 15
01:06:22 - [0.4743621606504649, 0.46653908395434457, 0.4708678113897723, 0.451213726534069, 0.47216834239591776]
01:06:22 - [35, 36, 35, 35, 35]
01:06:22 - final MAP: 0.467
