00:00:05 - Namespace(apex_level='O2', batch_size=8, cased=False, dataset='clef', debug=False, encoder_lr=2e-05, eval_step=1, full_doc_length=True, local_rank=1, model_path='/mnt/scratch/puxuan/short_rr/2186734/huggingface-14', model_type='mbert', num_epochs=20, num_ft_encoders=3, num_neg=1, projector_lr=2e-05, seed=611, source_lang='de', target_lang='es')
00:00:16 - Evaluating every 1 epochs ...
00:00:16 - reading data from /mnt/home/puxuan/CLIR-project/Evaluation_data/process-clef/uncased
00:00:17 - test has 31 queries ...
00:00:17 - Data reading done ...
00:00:23 - adding 9-th encoder to optimizer...
00:00:23 - adding 10-th encoder to optimizer...
00:00:23 - adding 11-th encoder to optimizer...
00:00:24 - process[1]: training epoch 0 ...
00:00:41 - process[1] - epoch 0 - train iter 540 - 27048.3 words/s - loss: 0.4736
00:00:41 - process[1]: training epoch 1 ...
00:00:58 - process[1] - epoch 1 - train iter 540 - 28425.8 words/s - loss: 0.4511
00:00:58 - process[1]: training epoch 2 ...
00:01:14 - process[1] - epoch 2 - train iter 540 - 28518.0 words/s - loss: 0.4177
00:01:14 - process[1]: training epoch 3 ...
00:01:31 - process[1] - epoch 3 - train iter 540 - 28532.4 words/s - loss: 0.3877
00:01:31 - process[1]: training epoch 4 ...
00:01:47 - process[1] - epoch 4 - train iter 540 - 28380.0 words/s - loss: 0.3751
00:01:47 - process[1]: training epoch 5 ...
00:02:04 - process[1] - epoch 5 - train iter 540 - 28202.7 words/s - loss: 0.3852
00:02:04 - process[1]: training epoch 6 ...
00:02:21 - process[1] - epoch 6 - train iter 540 - 28982.1 words/s - loss: 0.3598
00:02:21 - process[1]: training epoch 7 ...
00:02:37 - process[1] - epoch 7 - train iter 540 - 28298.0 words/s - loss: 0.3514
00:02:37 - process[1]: training epoch 8 ...
00:02:54 - process[1] - epoch 8 - train iter 540 - 28208.4 words/s - loss: 0.3481
00:02:54 - process[1]: training epoch 9 ...
00:03:10 - process[1] - epoch 9 - train iter 540 - 28391.5 words/s - loss: 0.3233
00:03:10 - process[1]: training epoch 10 ...
00:03:26 - process[1] - epoch 10 - train iter 540 - 28439.6 words/s - loss: 0.2916
00:03:26 - process[1]: evaluating epoch 10 on dev ...
00:03:41 - process[1] - dev - epoch 10 - mAP: 0.501 w/ 31 queries
00:03:41 - process[1]: evaluating epoch 10 on test ...
00:03:55 - test set during evaluation: 11460/11458
00:03:55 - process[1] - test - epoch 10 - mAP: 0.502 w/ 31 queries
00:03:55 - process[1]: training epoch 11 ...
00:04:12 - process[1] - epoch 11 - train iter 540 - 28598.6 words/s - loss: 0.3133
00:04:12 - process[1]: evaluating epoch 11 on dev ...
00:04:26 - process[1] - dev - epoch 11 - mAP: 0.501 w/ 31 queries
00:04:26 - process[1]: evaluating epoch 11 on test ...
00:04:40 - test set during evaluation: 11460/11458
00:04:40 - process[1] - test - epoch 11 - mAP: 0.510 w/ 31 queries
00:04:40 - process[1]: training epoch 12 ...
00:04:56 - process[1] - epoch 12 - train iter 540 - 28510.8 words/s - loss: 0.2695
00:04:56 - process[1]: evaluating epoch 12 on dev ...
00:05:10 - process[1] - dev - epoch 12 - mAP: 0.498 w/ 31 queries
00:05:10 - process[1]: training epoch 13 ...
00:05:26 - process[1] - epoch 13 - train iter 540 - 28664.5 words/s - loss: 0.2986
00:05:26 - process[1]: evaluating epoch 13 on dev ...
00:05:40 - process[1] - dev - epoch 13 - mAP: 0.499 w/ 31 queries
00:05:40 - process[1]: training epoch 14 ...
00:05:57 - process[1] - epoch 14 - train iter 540 - 28732.6 words/s - loss: 0.2778
00:05:57 - process[1]: evaluating epoch 14 on dev ...
00:06:10 - process[1] - dev - epoch 14 - mAP: 0.501 w/ 31 queries
00:06:10 - process[1]: training epoch 15 ...
00:06:27 - process[1] - epoch 15 - train iter 540 - 28749.3 words/s - loss: 0.2768
00:06:27 - process[1]: evaluating epoch 15 on dev ...
00:06:42 - process[1] - dev - epoch 15 - mAP: 0.510 w/ 31 queries
00:06:42 - process[1]: evaluating epoch 15 on test ...
00:06:57 - test set during evaluation: 11460/11458
00:06:57 - process[1] - test - epoch 15 - mAP: 0.509 w/ 31 queries
00:06:57 - process[1]: training epoch 16 ...
00:07:13 - process[1] - epoch 16 - train iter 540 - 28391.9 words/s - loss: 0.2710
00:07:13 - process[1]: evaluating epoch 16 on dev ...
00:07:27 - process[1] - dev - epoch 16 - mAP: 0.500 w/ 31 queries
00:07:27 - process[1]: training epoch 17 ...
00:07:43 - process[1] - epoch 17 - train iter 540 - 28652.7 words/s - loss: 0.2770
00:07:43 - process[1]: evaluating epoch 17 on dev ...
00:07:57 - process[1] - dev - epoch 17 - mAP: 0.495 w/ 31 queries
00:07:57 - process[1]: training epoch 18 ...
00:08:13 - process[1] - epoch 18 - train iter 540 - 29143.1 words/s - loss: 0.2672
00:08:13 - process[1]: evaluating epoch 18 on dev ...
00:08:27 - process[1] - dev - epoch 18 - mAP: 0.475 w/ 31 queries
00:08:27 - process[1]: training epoch 19 ...
00:08:43 - process[1] - epoch 19 - train iter 540 - 28586.5 words/s - loss: 0.2726
00:08:43 - process[1]: evaluating epoch 19 on dev ...
00:08:57 - process[1] - dev - epoch 19 - mAP: 0.489 w/ 31 queries
00:08:57 - [fold 1] best test MAP: 0.509 @ epoch 15
00:08:57 - Evaluating every 1 epochs ...
00:08:57 - reading data from /mnt/home/puxuan/CLIR-project/Evaluation_data/process-clef/uncased
00:08:58 - test has 32 queries ...
00:08:58 - Data reading done ...
00:09:00 - adding 9-th encoder to optimizer...
00:09:00 - adding 10-th encoder to optimizer...
00:09:00 - adding 11-th encoder to optimizer...
00:09:01 - process[1]: training epoch 0 ...
00:09:16 - process[1] - epoch 0 - train iter 492 - 28148.9 words/s - loss: 0.4667
00:09:16 - process[1]: training epoch 1 ...
00:09:32 - process[1] - epoch 1 - train iter 492 - 27143.2 words/s - loss: 0.4233
00:09:32 - process[1]: training epoch 2 ...
00:09:47 - process[1] - epoch 2 - train iter 492 - 28276.7 words/s - loss: 0.4012
00:09:47 - process[1]: training epoch 3 ...
00:10:02 - process[1] - epoch 3 - train iter 492 - 28248.3 words/s - loss: 0.3970
00:10:02 - process[1]: training epoch 4 ...
00:10:17 - process[1] - epoch 4 - train iter 492 - 28323.5 words/s - loss: 0.3835
00:10:17 - process[1]: training epoch 5 ...
00:10:33 - process[1] - epoch 5 - train iter 492 - 28309.2 words/s - loss: 0.3690
00:10:33 - process[1]: training epoch 6 ...
00:10:48 - process[1] - epoch 6 - train iter 492 - 28150.7 words/s - loss: 0.3686
00:10:48 - process[1]: training epoch 7 ...
00:11:03 - process[1] - epoch 7 - train iter 492 - 28459.8 words/s - loss: 0.3387
00:11:03 - process[1]: training epoch 8 ...
00:11:19 - process[1] - epoch 8 - train iter 492 - 26541.5 words/s - loss: 0.3119
00:11:19 - process[1]: training epoch 9 ...
00:11:35 - process[1] - epoch 9 - train iter 492 - 27653.1 words/s - loss: 0.3282
00:11:35 - process[1]: training epoch 10 ...
00:11:50 - process[1] - epoch 10 - train iter 492 - 27901.8 words/s - loss: 0.2783
00:11:50 - process[1]: evaluating epoch 10 on dev ...
00:12:06 - dev set during evaluation: 11460/11458
00:12:06 - process[1] - dev - epoch 10 - mAP: 0.513 w/ 31 queries
00:12:06 - process[1]: evaluating epoch 10 on test ...
00:12:21 - process[1] - test - epoch 10 - mAP: 0.569 w/ 32 queries
00:12:21 - process[1]: training epoch 11 ...
00:12:36 - process[1] - epoch 11 - train iter 492 - 28227.6 words/s - loss: 0.3054
00:12:36 - process[1]: evaluating epoch 11 on dev ...
00:12:51 - dev set during evaluation: 11460/11458
00:12:51 - process[1] - dev - epoch 11 - mAP: 0.520 w/ 31 queries
00:12:51 - process[1]: evaluating epoch 11 on test ...
00:13:06 - process[1] - test - epoch 11 - mAP: 0.570 w/ 32 queries
00:13:06 - process[1]: training epoch 12 ...
00:13:21 - process[1] - epoch 12 - train iter 492 - 28595.7 words/s - loss: 0.2940
00:13:21 - process[1]: evaluating epoch 12 on dev ...
00:13:35 - dev set during evaluation: 11460/11458
00:13:35 - process[1] - dev - epoch 12 - mAP: 0.509 w/ 31 queries
00:13:35 - process[1]: training epoch 13 ...
00:13:50 - process[1] - epoch 13 - train iter 492 - 28258.8 words/s - loss: 0.3197
00:13:50 - process[1]: evaluating epoch 13 on dev ...
00:14:05 - dev set during evaluation: 11460/11458
00:14:05 - process[1] - dev - epoch 13 - mAP: 0.523 w/ 31 queries
00:14:05 - process[1]: evaluating epoch 13 on test ...
00:14:20 - process[1] - test - epoch 13 - mAP: 0.574 w/ 32 queries
00:14:20 - process[1]: training epoch 14 ...
00:14:35 - process[1] - epoch 14 - train iter 492 - 28463.0 words/s - loss: 0.3173
00:14:35 - process[1]: evaluating epoch 14 on dev ...
00:14:51 - dev set during evaluation: 11460/11458
00:14:51 - process[1] - dev - epoch 14 - mAP: 0.511 w/ 31 queries
00:14:51 - process[1]: training epoch 15 ...
00:15:06 - process[1] - epoch 15 - train iter 492 - 28225.2 words/s - loss: 0.2692
00:15:06 - process[1]: evaluating epoch 15 on dev ...
00:15:23 - dev set during evaluation: 11460/11458
00:15:23 - process[1] - dev - epoch 15 - mAP: 0.509 w/ 31 queries
00:15:23 - process[1]: training epoch 16 ...
00:15:38 - process[1] - epoch 16 - train iter 492 - 28553.2 words/s - loss: 0.2870
00:15:38 - process[1]: evaluating epoch 16 on dev ...
00:15:53 - dev set during evaluation: 11460/11458
00:15:53 - process[1] - dev - epoch 16 - mAP: 0.502 w/ 31 queries
00:15:53 - process[1]: training epoch 17 ...
00:16:08 - process[1] - epoch 17 - train iter 492 - 28583.3 words/s - loss: 0.2918
00:16:08 - process[1]: evaluating epoch 17 on dev ...
00:16:23 - dev set during evaluation: 11460/11458
00:16:23 - process[1] - dev - epoch 17 - mAP: 0.508 w/ 31 queries
00:16:23 - process[1]: training epoch 18 ...
00:16:38 - process[1] - epoch 18 - train iter 492 - 28583.3 words/s - loss: 0.2721
00:16:38 - process[1]: evaluating epoch 18 on dev ...
00:16:53 - dev set during evaluation: 11460/11458
00:16:53 - process[1] - dev - epoch 18 - mAP: 0.513 w/ 31 queries
00:16:53 - process[1]: training epoch 19 ...
00:17:08 - process[1] - epoch 19 - train iter 492 - 28746.3 words/s - loss: 0.2861
00:17:08 - process[1]: evaluating epoch 19 on dev ...
00:17:23 - dev set during evaluation: 11460/11458
00:17:23 - process[1] - dev - epoch 19 - mAP: 0.501 w/ 31 queries
00:17:23 - [fold 2] best test MAP: 0.574 @ epoch 13
00:17:23 - Evaluating every 1 epochs ...
00:17:23 - reading data from /mnt/home/puxuan/CLIR-project/Evaluation_data/process-clef/uncased
00:17:25 - test has 31 queries ...
00:17:25 - Data reading done ...
00:17:26 - adding 9-th encoder to optimizer...
00:17:26 - adding 10-th encoder to optimizer...
00:17:26 - adding 11-th encoder to optimizer...
00:17:27 - process[1]: training epoch 0 ...
00:17:41 - process[1] - epoch 0 - train iter 476 - 28462.5 words/s - loss: 0.4975
00:17:41 - process[1]: training epoch 1 ...
00:17:56 - process[1] - epoch 1 - train iter 476 - 28699.5 words/s - loss: 0.4423
00:17:56 - process[1]: training epoch 2 ...
00:18:10 - process[1] - epoch 2 - train iter 476 - 28343.8 words/s - loss: 0.3768
00:18:10 - process[1]: training epoch 3 ...
00:18:25 - process[1] - epoch 3 - train iter 476 - 28362.2 words/s - loss: 0.4078
00:18:25 - process[1]: training epoch 4 ...
00:18:39 - process[1] - epoch 4 - train iter 476 - 28251.5 words/s - loss: 0.4049
00:18:39 - process[1]: training epoch 5 ...
00:18:54 - process[1] - epoch 5 - train iter 476 - 28786.6 words/s - loss: 0.3382
00:18:54 - process[1]: training epoch 6 ...
00:19:08 - process[1] - epoch 6 - train iter 476 - 28367.0 words/s - loss: 0.3399
00:19:08 - process[1]: training epoch 7 ...
00:19:23 - process[1] - epoch 7 - train iter 476 - 27965.9 words/s - loss: 0.3541
00:19:23 - process[1]: training epoch 8 ...
00:19:37 - process[1] - epoch 8 - train iter 476 - 28358.2 words/s - loss: 0.3114
00:19:37 - process[1]: training epoch 9 ...
00:19:52 - process[1] - epoch 9 - train iter 476 - 28247.1 words/s - loss: 0.3416
00:19:52 - process[1]: training epoch 10 ...
00:20:06 - process[1] - epoch 10 - train iter 476 - 28452.0 words/s - loss: 0.3243
00:20:06 - process[1]: evaluating epoch 10 on dev ...
00:20:27 - process[1] - dev - epoch 10 - mAP: 0.564 w/ 32 queries
00:20:27 - process[1]: evaluating epoch 10 on test ...
00:20:42 - test set during evaluation: 11550/11545
00:20:42 - process[1] - test - epoch 10 - mAP: 0.540 w/ 31 queries
00:20:42 - process[1]: training epoch 11 ...
00:20:56 - process[1] - epoch 11 - train iter 476 - 28178.2 words/s - loss: 0.3620
00:20:56 - process[1]: evaluating epoch 11 on dev ...
00:21:12 - process[1] - dev - epoch 11 - mAP: 0.579 w/ 32 queries
00:21:12 - process[1]: evaluating epoch 11 on test ...
00:21:27 - test set during evaluation: 11550/11545
00:21:27 - process[1] - test - epoch 11 - mAP: 0.538 w/ 31 queries
00:21:27 - process[1]: training epoch 12 ...
00:21:41 - process[1] - epoch 12 - train iter 476 - 28023.4 words/s - loss: 0.3052
00:21:41 - process[1]: evaluating epoch 12 on dev ...
00:21:57 - process[1] - dev - epoch 12 - mAP: 0.577 w/ 32 queries
00:21:57 - process[1]: training epoch 13 ...
00:22:12 - process[1] - epoch 13 - train iter 476 - 28079.7 words/s - loss: 0.2815
00:22:12 - process[1]: evaluating epoch 13 on dev ...
00:22:28 - process[1] - dev - epoch 13 - mAP: 0.564 w/ 32 queries
00:22:28 - process[1]: training epoch 14 ...
00:22:42 - process[1] - epoch 14 - train iter 476 - 28698.6 words/s - loss: 0.3055
00:22:42 - process[1]: evaluating epoch 14 on dev ...
00:22:58 - process[1] - dev - epoch 14 - mAP: 0.571 w/ 32 queries
00:22:58 - process[1]: training epoch 15 ...
00:23:13 - process[1] - epoch 15 - train iter 476 - 27595.6 words/s - loss: 0.2533
00:23:13 - process[1]: evaluating epoch 15 on dev ...
00:23:28 - process[1] - dev - epoch 15 - mAP: 0.565 w/ 32 queries
00:23:28 - process[1]: training epoch 16 ...
00:23:43 - process[1] - epoch 16 - train iter 476 - 28171.1 words/s - loss: 0.3144
00:23:43 - process[1]: evaluating epoch 16 on dev ...
00:23:58 - process[1] - dev - epoch 16 - mAP: 0.559 w/ 32 queries
00:23:58 - process[1]: training epoch 17 ...
00:24:13 - process[1] - epoch 17 - train iter 476 - 28170.7 words/s - loss: 0.2833
00:24:13 - process[1]: evaluating epoch 17 on dev ...
00:24:28 - process[1] - dev - epoch 17 - mAP: 0.553 w/ 32 queries
00:24:28 - process[1]: training epoch 18 ...
00:24:43 - process[1] - epoch 18 - train iter 476 - 28198.5 words/s - loss: 0.2506
00:24:43 - process[1]: evaluating epoch 18 on dev ...
00:24:59 - process[1] - dev - epoch 18 - mAP: 0.560 w/ 32 queries
00:24:59 - process[1]: training epoch 19 ...
00:25:13 - process[1] - epoch 19 - train iter 476 - 28355.8 words/s - loss: 0.2623
00:25:13 - process[1]: evaluating epoch 19 on dev ...
00:25:29 - process[1] - dev - epoch 19 - mAP: 0.569 w/ 32 queries
00:25:29 - [fold 3] best test MAP: 0.538 @ epoch 11
00:25:29 - Evaluating every 1 epochs ...
00:25:29 - reading data from /mnt/home/puxuan/CLIR-project/Evaluation_data/process-clef/uncased
00:25:30 - test has 31 queries ...
00:25:30 - Data reading done ...
00:25:32 - adding 9-th encoder to optimizer...
00:25:32 - adding 10-th encoder to optimizer...
00:25:32 - adding 11-th encoder to optimizer...
00:25:32 - process[1]: training epoch 0 ...
00:25:46 - process[1] - epoch 0 - train iter 432 - 28147.5 words/s - loss: 0.5242
00:25:46 - process[1]: training epoch 1 ...
00:25:59 - process[1] - epoch 1 - train iter 432 - 28275.6 words/s - loss: 0.4522
00:25:59 - process[1]: training epoch 2 ...
00:26:12 - process[1] - epoch 2 - train iter 432 - 28263.6 words/s - loss: 0.4641
00:26:12 - process[1]: training epoch 3 ...
00:26:26 - process[1] - epoch 3 - train iter 432 - 28205.9 words/s - loss: 0.4200
00:26:26 - process[1]: training epoch 4 ...
00:26:39 - process[1] - epoch 4 - train iter 432 - 28363.9 words/s - loss: 0.4190
00:26:39 - process[1]: training epoch 5 ...
00:26:53 - process[1] - epoch 5 - train iter 432 - 28063.4 words/s - loss: 0.4048
00:26:53 - process[1]: training epoch 6 ...
00:27:06 - process[1] - epoch 6 - train iter 432 - 28065.4 words/s - loss: 0.3479
00:27:06 - process[1]: training epoch 7 ...
00:27:19 - process[1] - epoch 7 - train iter 432 - 28067.2 words/s - loss: 0.3574
00:27:19 - process[1]: training epoch 8 ...
00:27:33 - process[1] - epoch 8 - train iter 432 - 28239.2 words/s - loss: 0.3695
00:27:33 - process[1]: training epoch 9 ...
00:27:46 - process[1] - epoch 9 - train iter 432 - 28430.3 words/s - loss: 0.3683
00:27:46 - process[1]: training epoch 10 ...
00:28:00 - process[1] - epoch 10 - train iter 432 - 27996.3 words/s - loss: 0.3400
00:28:00 - process[1]: evaluating epoch 10 on dev ...
00:28:17 - dev set during evaluation: 11550/11545
00:28:18 - process[1] - dev - epoch 10 - mAP: 0.541 w/ 31 queries
00:28:18 - process[1]: evaluating epoch 10 on test ...
00:28:32 - test set during evaluation: 11320/11315
00:28:32 - process[1] - test - epoch 10 - mAP: 0.583 w/ 31 queries
00:28:32 - process[1]: training epoch 11 ...
00:28:46 - process[1] - epoch 11 - train iter 432 - 28768.0 words/s - loss: 0.3460
00:28:46 - process[1]: evaluating epoch 11 on dev ...
00:29:01 - dev set during evaluation: 11550/11545
00:29:01 - process[1] - dev - epoch 11 - mAP: 0.553 w/ 31 queries
00:29:01 - process[1]: evaluating epoch 11 on test ...
00:29:15 - test set during evaluation: 11320/11315
00:29:15 - process[1] - test - epoch 11 - mAP: 0.604 w/ 31 queries
00:29:15 - process[1]: training epoch 12 ...
00:29:29 - process[1] - epoch 12 - train iter 432 - 28492.7 words/s - loss: 0.3001
00:29:29 - process[1]: evaluating epoch 12 on dev ...
00:29:44 - dev set during evaluation: 11550/11545
00:29:44 - process[1] - dev - epoch 12 - mAP: 0.554 w/ 31 queries
00:29:44 - process[1]: evaluating epoch 12 on test ...
00:29:59 - test set during evaluation: 11320/11315
00:29:59 - process[1] - test - epoch 12 - mAP: 0.585 w/ 31 queries
00:29:59 - process[1]: training epoch 13 ...
00:30:13 - process[1] - epoch 13 - train iter 432 - 26960.8 words/s - loss: 0.3269
00:30:13 - process[1]: evaluating epoch 13 on dev ...
00:30:29 - dev set during evaluation: 11550/11545
00:30:29 - process[1] - dev - epoch 13 - mAP: 0.539 w/ 31 queries
00:30:29 - process[1]: training epoch 14 ...
00:30:42 - process[1] - epoch 14 - train iter 432 - 28547.7 words/s - loss: 0.3134
00:30:42 - process[1]: evaluating epoch 14 on dev ...
00:30:58 - dev set during evaluation: 11550/11545
00:30:58 - process[1] - dev - epoch 14 - mAP: 0.546 w/ 31 queries
00:30:58 - process[1]: training epoch 15 ...
00:31:11 - process[1] - epoch 15 - train iter 432 - 28718.0 words/s - loss: 0.3082
00:31:11 - process[1]: evaluating epoch 15 on dev ...
00:31:29 - dev set during evaluation: 11550/11545
00:31:29 - process[1] - dev - epoch 15 - mAP: 0.541 w/ 31 queries
00:31:29 - process[1]: training epoch 16 ...
00:31:42 - process[1] - epoch 16 - train iter 432 - 28567.8 words/s - loss: 0.2909
00:31:42 - process[1]: evaluating epoch 16 on dev ...
00:31:57 - dev set during evaluation: 11550/11545
00:31:57 - process[1] - dev - epoch 16 - mAP: 0.551 w/ 31 queries
00:31:57 - process[1]: training epoch 17 ...
00:32:10 - process[1] - epoch 17 - train iter 432 - 28693.6 words/s - loss: 0.3271
00:32:10 - process[1]: evaluating epoch 17 on dev ...
00:32:25 - dev set during evaluation: 11550/11545
00:32:25 - process[1] - dev - epoch 17 - mAP: 0.548 w/ 31 queries
00:32:25 - process[1]: training epoch 18 ...
00:32:39 - process[1] - epoch 18 - train iter 432 - 28518.5 words/s - loss: 0.3179
00:32:39 - process[1]: evaluating epoch 18 on dev ...
00:32:54 - dev set during evaluation: 11550/11545
00:32:54 - process[1] - dev - epoch 18 - mAP: 0.539 w/ 31 queries
00:32:54 - process[1]: training epoch 19 ...
00:33:07 - process[1] - epoch 19 - train iter 432 - 28573.8 words/s - loss: 0.2865
00:33:07 - process[1]: evaluating epoch 19 on dev ...
00:33:23 - dev set during evaluation: 11550/11545
00:33:23 - process[1] - dev - epoch 19 - mAP: 0.559 w/ 31 queries
00:33:23 - process[1]: evaluating epoch 19 on test ...
00:33:38 - test set during evaluation: 11320/11315
00:33:38 - process[1] - test - epoch 19 - mAP: 0.585 w/ 31 queries
00:33:38 - [fold 4] best test MAP: 0.585 @ epoch 19
00:33:38 - Evaluating every 1 epochs ...
00:33:38 - reading data from /mnt/home/puxuan/CLIR-project/Evaluation_data/process-clef/uncased
00:33:39 - test has 31 queries ...
00:33:39 - Data reading done ...
00:33:41 - adding 9-th encoder to optimizer...
00:33:41 - adding 10-th encoder to optimizer...
00:33:41 - adding 11-th encoder to optimizer...
00:33:41 - process[1]: training epoch 0 ...
00:33:55 - process[1] - epoch 0 - train iter 437 - 28424.3 words/s - loss: 0.5052
00:33:55 - process[1]: training epoch 1 ...
00:34:08 - process[1] - epoch 1 - train iter 437 - 28480.9 words/s - loss: 0.4614
00:34:08 - process[1]: training epoch 2 ...
00:34:22 - process[1] - epoch 2 - train iter 437 - 28076.0 words/s - loss: 0.4669
00:34:22 - process[1]: training epoch 3 ...
00:34:35 - process[1] - epoch 3 - train iter 437 - 28105.4 words/s - loss: 0.4093
00:34:35 - process[1]: training epoch 4 ...
00:34:49 - process[1] - epoch 4 - train iter 437 - 28002.0 words/s - loss: 0.4076
00:34:49 - process[1]: training epoch 5 ...
00:35:03 - process[1] - epoch 5 - train iter 437 - 28124.4 words/s - loss: 0.3716
00:35:03 - process[1]: training epoch 6 ...
00:35:16 - process[1] - epoch 6 - train iter 437 - 28029.6 words/s - loss: 0.3629
00:35:16 - process[1]: training epoch 7 ...
00:35:30 - process[1] - epoch 7 - train iter 437 - 28015.5 words/s - loss: 0.3727
00:35:30 - process[1]: training epoch 8 ...
00:35:44 - process[1] - epoch 8 - train iter 437 - 28487.1 words/s - loss: 0.3388
00:35:44 - process[1]: training epoch 9 ...
00:35:57 - process[1] - epoch 9 - train iter 437 - 28370.1 words/s - loss: 0.3166
00:35:57 - process[1]: training epoch 10 ...
00:36:11 - process[1] - epoch 10 - train iter 437 - 28299.4 words/s - loss: 0.3246
00:36:11 - process[1]: evaluating epoch 10 on dev ...
00:36:29 - dev set during evaluation: 11320/11315
00:36:29 - process[1] - dev - epoch 10 - mAP: 0.610 w/ 31 queries
00:36:29 - process[1]: evaluating epoch 10 on test ...
00:36:44 - process[1] - test - epoch 10 - mAP: 0.508 w/ 31 queries
00:36:44 - process[1]: training epoch 11 ...
00:36:58 - process[1] - epoch 11 - train iter 437 - 27842.0 words/s - loss: 0.2975
00:36:58 - process[1]: evaluating epoch 11 on dev ...
00:37:13 - dev set during evaluation: 11320/11315
00:37:13 - process[1] - dev - epoch 11 - mAP: 0.601 w/ 31 queries
00:37:13 - process[1]: training epoch 12 ...
00:37:27 - process[1] - epoch 12 - train iter 437 - 28203.0 words/s - loss: 0.2962
00:37:27 - process[1]: evaluating epoch 12 on dev ...
00:37:42 - dev set during evaluation: 11320/11315
00:37:42 - process[1] - dev - epoch 12 - mAP: 0.602 w/ 31 queries
00:37:42 - process[1]: training epoch 13 ...
00:37:56 - process[1] - epoch 13 - train iter 437 - 28166.2 words/s - loss: 0.2870
00:37:56 - process[1]: evaluating epoch 13 on dev ...
00:38:10 - dev set during evaluation: 11320/11315
00:38:10 - process[1] - dev - epoch 13 - mAP: 0.610 w/ 31 queries
00:38:10 - process[1]: training epoch 14 ...
00:38:24 - process[1] - epoch 14 - train iter 437 - 28225.2 words/s - loss: 0.2918
00:38:24 - process[1]: evaluating epoch 14 on dev ...
00:38:39 - dev set during evaluation: 11320/11315
00:38:39 - process[1] - dev - epoch 14 - mAP: 0.607 w/ 31 queries
00:38:39 - process[1]: training epoch 15 ...
00:38:53 - process[1] - epoch 15 - train iter 437 - 27678.1 words/s - loss: 0.3108
00:38:53 - process[1]: evaluating epoch 15 on dev ...
00:39:07 - dev set during evaluation: 11320/11315
00:39:07 - process[1] - dev - epoch 15 - mAP: 0.602 w/ 31 queries
00:39:07 - process[1]: training epoch 16 ...
00:39:21 - process[1] - epoch 16 - train iter 437 - 28559.4 words/s - loss: 0.3003
00:39:21 - process[1]: evaluating epoch 16 on dev ...
00:39:35 - dev set during evaluation: 11320/11315
00:39:35 - process[1] - dev - epoch 16 - mAP: 0.609 w/ 31 queries
00:39:35 - process[1]: training epoch 17 ...
00:39:49 - process[1] - epoch 17 - train iter 437 - 28184.0 words/s - loss: 0.3288
00:39:49 - process[1]: evaluating epoch 17 on dev ...
00:40:04 - dev set during evaluation: 11320/11315
00:40:04 - process[1] - dev - epoch 17 - mAP: 0.621 w/ 31 queries
00:40:04 - process[1]: evaluating epoch 17 on test ...
00:40:17 - process[1] - test - epoch 17 - mAP: 0.506 w/ 31 queries
00:40:17 - process[1]: training epoch 18 ...
00:40:31 - process[1] - epoch 18 - train iter 437 - 28396.0 words/s - loss: 0.2792
00:40:31 - process[1]: evaluating epoch 18 on dev ...
00:40:46 - dev set during evaluation: 11320/11315
00:40:46 - process[1] - dev - epoch 18 - mAP: 0.603 w/ 31 queries
00:40:46 - process[1]: training epoch 19 ...
00:41:00 - process[1] - epoch 19 - train iter 437 - 28436.1 words/s - loss: 0.3073
00:41:00 - process[1]: evaluating epoch 19 on dev ...
00:41:14 - dev set during evaluation: 11320/11315
00:41:14 - process[1] - dev - epoch 19 - mAP: 0.614 w/ 31 queries
00:41:14 - [fold 5] best test MAP: 0.506 @ epoch 17
00:41:14 - [0.5092168389318595, 0.5735729325750434, 0.5379244616867367, 0.58542013131764, 0.5058058497544194]
00:41:14 - [31, 32, 31, 31, 31]
00:41:14 - final MAP: 0.543
