00:00:02 - Namespace(apex_level='O2', batch_size=8, cased=False, dataset='mix', debug=False, encoder_lr=2e-05, eval_step=1, full_doc_length=True, local_rank=1, model_path='/mnt/scratch/puxuan/long_qlm-rr/2148591/huggingface-0', model_type='mbert-long', num_epochs=10, num_ft_encoders=3, num_neg=1, projector_lr=2e-05, seed=611, source_lang='en', target_lang='fr')
00:00:10 - BertLongForXLRetrieval(
  (bert): BertModel(
    (embeddings): BertEmbeddings(
      (word_embeddings): Embedding(105879, 768, padding_idx=0)
      (position_embeddings): Embedding(1024, 768)
      (token_type_embeddings): Embedding(2, 768)
      (LayerNorm): LayerNorm((768,), eps=1e-12, elementwise_affine=True)
      (dropout): Dropout(p=0.1, inplace=False)
    )
    (encoder): BertEncoder(
      (layer): ModuleList(
        (0): BertLayer(
          (attention): BertAttention(
            (self): LongformerSelfAttention(
              (query): Linear(in_features=768, out_features=768, bias=True)
              (key): Linear(in_features=768, out_features=768, bias=True)
              (value): Linear(in_features=768, out_features=768, bias=True)
              (query_global): Linear(in_features=768, out_features=768, bias=True)
              (key_global): Linear(in_features=768, out_features=768, bias=True)
              (value_global): Linear(in_features=768, out_features=768, bias=True)
            )
            (output): BertSelfOutput(
              (dense): Linear(in_features=768, out_features=768, bias=True)
              (LayerNorm): LayerNorm((768,), eps=1e-12, elementwise_affine=True)
              (dropout): Dropout(p=0.1, inplace=False)
            )
          )
          (intermediate): BertIntermediate(
            (dense): Linear(in_features=768, out_features=3072, bias=True)
          )
          (output): BertOutput(
            (dense): Linear(in_features=3072, out_features=768, bias=True)
            (LayerNorm): LayerNorm((768,), eps=1e-12, elementwise_affine=True)
            (dropout): Dropout(p=0.1, inplace=False)
          )
        )
        (1): BertLayer(
          (attention): BertAttention(
            (self): LongformerSelfAttention(
              (query): Linear(in_features=768, out_features=768, bias=True)
              (key): Linear(in_features=768, out_features=768, bias=True)
              (value): Linear(in_features=768, out_features=768, bias=True)
              (query_global): Linear(in_features=768, out_features=768, bias=True)
              (key_global): Linear(in_features=768, out_features=768, bias=True)
              (value_global): Linear(in_features=768, out_features=768, bias=True)
            )
            (output): BertSelfOutput(
              (dense): Linear(in_features=768, out_features=768, bias=True)
              (LayerNorm): LayerNorm((768,), eps=1e-12, elementwise_affine=True)
              (dropout): Dropout(p=0.1, inplace=False)
            )
          )
          (intermediate): BertIntermediate(
            (dense): Linear(in_features=768, out_features=3072, bias=True)
          )
          (output): BertOutput(
            (dense): Linear(in_features=3072, out_features=768, bias=True)
            (LayerNorm): LayerNorm((768,), eps=1e-12, elementwise_affine=True)
            (dropout): Dropout(p=0.1, inplace=False)
          )
        )
        (2): BertLayer(
          (attention): BertAttention(
            (self): LongformerSelfAttention(
              (query): Linear(in_features=768, out_features=768, bias=True)
              (key): Linear(in_features=768, out_features=768, bias=True)
              (value): Linear(in_features=768, out_features=768, bias=True)
              (query_global): Linear(in_features=768, out_features=768, bias=True)
              (key_global): Linear(in_features=768, out_features=768, bias=True)
              (value_global): Linear(in_features=768, out_features=768, bias=True)
            )
            (output): BertSelfOutput(
              (dense): Linear(in_features=768, out_features=768, bias=True)
              (LayerNorm): LayerNorm((768,), eps=1e-12, elementwise_affine=True)
              (dropout): Dropout(p=0.1, inplace=False)
            )
          )
          (intermediate): BertIntermediate(
            (dense): Linear(in_features=768, out_features=3072, bias=True)
          )
          (output): BertOutput(
            (dense): Linear(in_features=3072, out_features=768, bias=True)
            (LayerNorm): LayerNorm((768,), eps=1e-12, elementwise_affine=True)
            (dropout): Dropout(p=0.1, inplace=False)
          )
        )
        (3): BertLayer(
          (attention): BertAttention(
            (self): LongformerSelfAttention(
              (query): Linear(in_features=768, out_features=768, bias=True)
              (key): Linear(in_features=768, out_features=768, bias=True)
              (value): Linear(in_features=768, out_features=768, bias=True)
              (query_global): Linear(in_features=768, out_features=768, bias=True)
              (key_global): Linear(in_features=768, out_features=768, bias=True)
              (value_global): Linear(in_features=768, out_features=768, bias=True)
            )
            (output): BertSelfOutput(
              (dense): Linear(in_features=768, out_features=768, bias=True)
              (LayerNorm): LayerNorm((768,), eps=1e-12, elementwise_affine=True)
              (dropout): Dropout(p=0.1, inplace=False)
            )
          )
          (intermediate): BertIntermediate(
            (dense): Linear(in_features=768, out_features=3072, bias=True)
          )
          (output): BertOutput(
            (dense): Linear(in_features=3072, out_features=768, bias=True)
            (LayerNorm): LayerNorm((768,), eps=1e-12, elementwise_affine=True)
            (dropout): Dropout(p=0.1, inplace=False)
          )
        )
        (4): BertLayer(
          (attention): BertAttention(
            (self): LongformerSelfAttention(
              (query): Linear(in_features=768, out_features=768, bias=True)
              (key): Linear(in_features=768, out_features=768, bias=True)
              (value): Linear(in_features=768, out_features=768, bias=True)
              (query_global): Linear(in_features=768, out_features=768, bias=True)
              (key_global): Linear(in_features=768, out_features=768, bias=True)
              (value_global): Linear(in_features=768, out_features=768, bias=True)
            )
            (output): BertSelfOutput(
              (dense): Linear(in_features=768, out_features=768, bias=True)
              (LayerNorm): LayerNorm((768,), eps=1e-12, elementwise_affine=True)
              (dropout): Dropout(p=0.1, inplace=False)
            )
          )
          (intermediate): BertIntermediate(
            (dense): Linear(in_features=768, out_features=3072, bias=True)
          )
          (output): BertOutput(
            (dense): Linear(in_features=3072, out_features=768, bias=True)
            (LayerNorm): LayerNorm((768,), eps=1e-12, elementwise_affine=True)
            (dropout): Dropout(p=0.1, inplace=False)
          )
        )
        (5): BertLayer(
          (attention): BertAttention(
            (self): LongformerSelfAttention(
              (query): Linear(in_features=768, out_features=768, bias=True)
              (key): Linear(in_features=768, out_features=768, bias=True)
              (value): Linear(in_features=768, out_features=768, bias=True)
              (query_global): Linear(in_features=768, out_features=768, bias=True)
              (key_global): Linear(in_features=768, out_features=768, bias=True)
              (value_global): Linear(in_features=768, out_features=768, bias=True)
            )
            (output): BertSelfOutput(
              (dense): Linear(in_features=768, out_features=768, bias=True)
              (LayerNorm): LayerNorm((768,), eps=1e-12, elementwise_affine=True)
              (dropout): Dropout(p=0.1, inplace=False)
            )
          )
          (intermediate): BertIntermediate(
            (dense): Linear(in_features=768, out_features=3072, bias=True)
          )
          (output): BertOutput(
            (dense): Linear(in_features=3072, out_features=768, bias=True)
            (LayerNorm): LayerNorm((768,), eps=1e-12, elementwise_affine=True)
            (dropout): Dropout(p=0.1, inplace=False)
          )
        )
        (6): BertLayer(
          (attention): BertAttention(
            (self): LongformerSelfAttention(
              (query): Linear(in_features=768, out_features=768, bias=True)
              (key): Linear(in_features=768, out_features=768, bias=True)
              (value): Linear(in_features=768, out_features=768, bias=True)
              (query_global): Linear(in_features=768, out_features=768, bias=True)
              (key_global): Linear(in_features=768, out_features=768, bias=True)
              (value_global): Linear(in_features=768, out_features=768, bias=True)
            )
            (output): BertSelfOutput(
              (dense): Linear(in_features=768, out_features=768, bias=True)
              (LayerNorm): LayerNorm((768,), eps=1e-12, elementwise_affine=True)
              (dropout): Dropout(p=0.1, inplace=False)
            )
          )
          (intermediate): BertIntermediate(
            (dense): Linear(in_features=768, out_features=3072, bias=True)
          )
          (output): BertOutput(
            (dense): Linear(in_features=3072, out_features=768, bias=True)
            (LayerNorm): LayerNorm((768,), eps=1e-12, elementwise_affine=True)
            (dropout): Dropout(p=0.1, inplace=False)
          )
        )
        (7): BertLayer(
          (attention): BertAttention(
            (self): LongformerSelfAttention(
              (query): Linear(in_features=768, out_features=768, bias=True)
              (key): Linear(in_features=768, out_features=768, bias=True)
              (value): Linear(in_features=768, out_features=768, bias=True)
              (query_global): Linear(in_features=768, out_features=768, bias=True)
              (key_global): Linear(in_features=768, out_features=768, bias=True)
              (value_global): Linear(in_features=768, out_features=768, bias=True)
            )
            (output): BertSelfOutput(
              (dense): Linear(in_features=768, out_features=768, bias=True)
              (LayerNorm): LayerNorm((768,), eps=1e-12, elementwise_affine=True)
              (dropout): Dropout(p=0.1, inplace=False)
            )
          )
          (intermediate): BertIntermediate(
            (dense): Linear(in_features=768, out_features=3072, bias=True)
          )
          (output): BertOutput(
            (dense): Linear(in_features=3072, out_features=768, bias=True)
            (LayerNorm): LayerNorm((768,), eps=1e-12, elementwise_affine=True)
            (dropout): Dropout(p=0.1, inplace=False)
          )
        )
        (8): BertLayer(
          (attention): BertAttention(
            (self): LongformerSelfAttention(
              (query): Linear(in_features=768, out_features=768, bias=True)
              (key): Linear(in_features=768, out_features=768, bias=True)
              (value): Linear(in_features=768, out_features=768, bias=True)
              (query_global): Linear(in_features=768, out_features=768, bias=True)
              (key_global): Linear(in_features=768, out_features=768, bias=True)
              (value_global): Linear(in_features=768, out_features=768, bias=True)
            )
            (output): BertSelfOutput(
              (dense): Linear(in_features=768, out_features=768, bias=True)
              (LayerNorm): LayerNorm((768,), eps=1e-12, elementwise_affine=True)
              (dropout): Dropout(p=0.1, inplace=False)
            )
          )
          (intermediate): BertIntermediate(
            (dense): Linear(in_features=768, out_features=3072, bias=True)
          )
          (output): BertOutput(
            (dense): Linear(in_features=3072, out_features=768, bias=True)
            (LayerNorm): LayerNorm((768,), eps=1e-12, elementwise_affine=True)
            (dropout): Dropout(p=0.1, inplace=False)
          )
        )
        (9): BertLayer(
          (attention): BertAttention(
            (self): LongformerSelfAttention(
              (query): Linear(in_features=768, out_features=768, bias=True)
              (key): Linear(in_features=768, out_features=768, bias=True)
              (value): Linear(in_features=768, out_features=768, bias=True)
              (query_global): Linear(in_features=768, out_features=768, bias=True)
              (key_global): Linear(in_features=768, out_features=768, bias=True)
              (value_global): Linear(in_features=768, out_features=768, bias=True)
            )
            (output): BertSelfOutput(
              (dense): Linear(in_features=768, out_features=768, bias=True)
              (LayerNorm): LayerNorm((768,), eps=1e-12, elementwise_affine=True)
              (dropout): Dropout(p=0.1, inplace=False)
            )
          )
          (intermediate): BertIntermediate(
            (dense): Linear(in_features=768, out_features=3072, bias=True)
          )
          (output): BertOutput(
            (dense): Linear(in_features=3072, out_features=768, bias=True)
            (LayerNorm): LayerNorm((768,), eps=1e-12, elementwise_affine=True)
            (dropout): Dropout(p=0.1, inplace=False)
          )
        )
        (10): BertLayer(
          (attention): BertAttention(
            (self): LongformerSelfAttention(
              (query): Linear(in_features=768, out_features=768, bias=True)
              (key): Linear(in_features=768, out_features=768, bias=True)
              (value): Linear(in_features=768, out_features=768, bias=True)
              (query_global): Linear(in_features=768, out_features=768, bias=True)
              (key_global): Linear(in_features=768, out_features=768, bias=True)
              (value_global): Linear(in_features=768, out_features=768, bias=True)
            )
            (output): BertSelfOutput(
              (dense): Linear(in_features=768, out_features=768, bias=True)
              (LayerNorm): LayerNorm((768,), eps=1e-12, elementwise_affine=True)
              (dropout): Dropout(p=0.1, inplace=False)
            )
          )
          (intermediate): BertIntermediate(
            (dense): Linear(in_features=768, out_features=3072, bias=True)
          )
          (output): BertOutput(
            (dense): Linear(in_features=3072, out_features=768, bias=True)
            (LayerNorm): LayerNorm((768,), eps=1e-12, elementwise_affine=True)
            (dropout): Dropout(p=0.1, inplace=False)
          )
        )
        (11): BertLayer(
          (attention): BertAttention(
            (self): LongformerSelfAttention(
              (query): Linear(in_features=768, out_features=768, bias=True)
              (key): Linear(in_features=768, out_features=768, bias=True)
              (value): Linear(in_features=768, out_features=768, bias=True)
              (query_global): Linear(in_features=768, out_features=768, bias=True)
              (key_global): Linear(in_features=768, out_features=768, bias=True)
              (value_global): Linear(in_features=768, out_features=768, bias=True)
            )
            (output): BertSelfOutput(
              (dense): Linear(in_features=768, out_features=768, bias=True)
              (LayerNorm): LayerNorm((768,), eps=1e-12, elementwise_affine=True)
              (dropout): Dropout(p=0.1, inplace=False)
            )
          )
          (intermediate): BertIntermediate(
            (dense): Linear(in_features=768, out_features=3072, bias=True)
          )
          (output): BertOutput(
            (dense): Linear(in_features=3072, out_features=768, bias=True)
            (LayerNorm): LayerNorm((768,), eps=1e-12, elementwise_affine=True)
            (dropout): Dropout(p=0.1, inplace=False)
          )
        )
      )
    )
    (pooler): BertPooler(
      (dense): Linear(in_features=768, out_features=768, bias=True)
      (activation): Tanh()
    )
  )
  (mlm_cls): BertOnlyMLMHead(
    (predictions): BertLMPredictionHead(
      (transform): BertPredictionHeadTransform(
        (dense): Linear(in_features=768, out_features=768, bias=True)
        (LayerNorm): LayerNorm((768,), eps=1e-12, elementwise_affine=True)
      )
      (decoder): Linear(in_features=768, out_features=105879, bias=True)
    )
  )
  (seqcls_dropout): Dropout(p=0.1, inplace=False)
  (seqcls_classifier): Linear(in_features=768, out_features=2, bias=True)
)
00:00:10 - Evaluating every 1 epochs ...
00:00:11 - reading data from /mnt/home/puxuan/wiki-clir/uncased and /mnt/home/puxuan/CLIR-project/Evaluation_data/process-clef/uncased
00:00:11 - f1 has 93 queries ...
00:00:11 - f2 has 92 queries ...
00:00:11 - Data reading done ...
00:00:16 - adding 9-th encoder to optimizer...
00:00:16 - adding 10-th encoder to optimizer...
00:00:16 - adding 11-th encoder to optimizer...
00:00:16 - process[1]: training epoch 0 ...
00:02:48 - process[1] - epoch 0 - train iter 625 - 4654.6 words/s - loss: 0.3797
00:02:48 - process[1]: training epoch 1 ...
00:05:41 - process[1] - epoch 1 - train iter 625 - 4011.6 words/s - loss: 0.2788
00:05:41 - process[1]: training epoch 2 ...
00:08:22 - process[1] - epoch 2 - train iter 625 - 4481.7 words/s - loss: 0.2403
00:08:22 - process[1]: training epoch 3 ...
00:11:15 - process[1] - epoch 3 - train iter 625 - 3931.1 words/s - loss: 0.2281
00:11:15 - process[1]: training epoch 4 ...
00:13:46 - process[1] - epoch 4 - train iter 625 - 4751.7 words/s - loss: 0.2235
00:13:46 - process[1]: training epoch 5 ...
00:16:29 - process[1] - epoch 5 - train iter 625 - 4257.7 words/s - loss: 0.1952
00:16:29 - process[1]: evaluating epoch 5 on f1 ...
00:18:01 - f1 set during evaluation: 26368/26363
00:18:01 - process[1] - f1 - epoch 5 - mAP: 0.430 w/ 93 queries
00:18:01 - process[1]: evaluating epoch 5 on f2 ...
00:19:05 - f2 set during evaluation: 27160/27153
00:19:05 - process[1] - f2 - epoch 5 - mAP: 0.393 w/ 92 queries
00:19:05 - process[1]: training epoch 6 ...
00:21:48 - process[1] - epoch 6 - train iter 625 - 4338.2 words/s - loss: 0.2131
00:21:48 - process[1]: evaluating epoch 6 on f1 ...
00:22:57 - f1 set during evaluation: 26368/26363
00:22:57 - process[1] - f1 - epoch 6 - mAP: 0.414 w/ 93 queries
00:22:57 - process[1]: evaluating epoch 6 on f2 ...
00:24:01 - f2 set during evaluation: 27160/27153
00:24:01 - process[1] - f2 - epoch 6 - mAP: 0.388 w/ 92 queries
00:24:01 - process[1]: training epoch 7 ...
00:26:25 - process[1] - epoch 7 - train iter 625 - 4855.7 words/s - loss: 0.2050
00:26:25 - process[1]: evaluating epoch 7 on f1 ...
00:27:59 - f1 set during evaluation: 26368/26363
00:27:59 - process[1] - f1 - epoch 7 - mAP: 0.420 w/ 93 queries
00:27:59 - process[1]: evaluating epoch 7 on f2 ...
00:29:03 - f2 set during evaluation: 27160/27153
00:29:03 - process[1] - f2 - epoch 7 - mAP: 0.386 w/ 92 queries
00:29:03 - process[1]: training epoch 8 ...
00:31:34 - process[1] - epoch 8 - train iter 625 - 4657.2 words/s - loss: 0.1626
00:31:34 - process[1]: evaluating epoch 8 on f1 ...
00:33:13 - f1 set during evaluation: 26368/26363
00:33:13 - process[1] - f1 - epoch 8 - mAP: 0.424 w/ 93 queries
00:33:13 - process[1]: evaluating epoch 8 on f2 ...
00:34:17 - f2 set during evaluation: 27160/27153
00:34:17 - process[1] - f2 - epoch 8 - mAP: 0.390 w/ 92 queries
00:34:17 - process[1]: training epoch 9 ...
00:36:45 - process[1] - epoch 9 - train iter 625 - 4890.2 words/s - loss: 0.1852
00:36:45 - process[1]: evaluating epoch 9 on f1 ...
00:37:55 - f1 set during evaluation: 26368/26363
00:37:55 - process[1] - f1 - epoch 9 - mAP: 0.432 w/ 93 queries
00:37:55 - process[1]: evaluating epoch 9 on f2 ...
00:38:59 - f2 set during evaluation: 27160/27153
00:38:59 - process[1] - f2 - epoch 9 - mAP: 0.397 w/ 92 queries
