00:00:02 - Namespace(apex_level='O2', batch_size=8, cased=False, dataset='mix', debug=False, encoder_lr=2e-05, eval_step=1, full_doc_length=True, local_rank=5, model_path='/mnt/scratch/puxuan/short_qlm-rr/2147416/huggingface-9', model_type='mbert', num_epochs=10, num_ft_encoders=3, num_neg=1, projector_lr=2e-05, seed=611, source_lang='de', target_lang='en')
00:00:30 - Evaluating every 1 epochs ...
00:00:32 - reading data from /mnt/home/puxuan/wiki-clir/uncased and /mnt/home/puxuan/CLIR-project/Evaluation_data/process-clef/uncased
00:00:32 - f1 has 88 queries ...
00:00:32 - f2 has 88 queries ...
00:00:32 - Data reading done ...
00:00:38 - adding 9-th encoder to optimizer...
00:00:38 - adding 10-th encoder to optimizer...
00:00:38 - adding 11-th encoder to optimizer...
00:00:38 - process[5]: training epoch 0 ...
00:02:51 - process[5] - epoch 0 - train iter 625 - 3939.4 words/s - loss: 0.2912
00:02:51 - process[5]: training epoch 1 ...
00:05:06 - process[5] - epoch 1 - train iter 625 - 3902.9 words/s - loss: 0.1894
00:05:06 - process[5]: training epoch 2 ...
00:07:08 - process[5] - epoch 2 - train iter 625 - 4261.9 words/s - loss: 0.2002
00:07:08 - process[5]: training epoch 3 ...
00:09:11 - process[5] - epoch 3 - train iter 625 - 4234.5 words/s - loss: 0.1763
00:09:11 - process[5]: training epoch 4 ...
00:11:25 - process[5] - epoch 4 - train iter 625 - 3912.9 words/s - loss: 0.1533
00:11:25 - process[5]: training epoch 5 ...
00:13:39 - process[5] - epoch 5 - train iter 625 - 3863.7 words/s - loss: 0.1612
00:13:39 - process[5]: evaluating epoch 5 on f1 ...
00:16:31 - f1 set during evaluation: 35912/35910
00:16:31 - process[5] - f1 - epoch 5 - mAP: 0.393 w/ 88 queries
00:16:31 - process[5]: evaluating epoch 5 on f2 ...
00:18:23 - process[5] - f2 - epoch 5 - mAP: 0.350 w/ 88 queries
00:18:23 - process[5]: training epoch 6 ...
00:20:24 - process[5] - epoch 6 - train iter 625 - 4327.7 words/s - loss: 0.1462
00:20:24 - process[5]: evaluating epoch 6 on f1 ...
00:22:29 - f1 set during evaluation: 35912/35910
00:22:29 - process[5] - f1 - epoch 6 - mAP: 0.391 w/ 88 queries
00:22:29 - process[5]: evaluating epoch 6 on f2 ...
00:24:21 - process[5] - f2 - epoch 6 - mAP: 0.361 w/ 88 queries
00:24:21 - process[5]: training epoch 7 ...
00:26:21 - process[5] - epoch 7 - train iter 625 - 4362.3 words/s - loss: 0.1539
00:26:21 - process[5]: evaluating epoch 7 on f1 ...
00:28:32 - f1 set during evaluation: 35912/35910
00:28:32 - process[5] - f1 - epoch 7 - mAP: 0.386 w/ 88 queries
00:28:32 - process[5]: evaluating epoch 7 on f2 ...
00:30:24 - process[5] - f2 - epoch 7 - mAP: 0.345 w/ 88 queries
00:30:24 - process[5]: training epoch 8 ...
00:32:30 - process[5] - epoch 8 - train iter 625 - 4127.1 words/s - loss: 0.1512
00:32:30 - process[5]: evaluating epoch 8 on f1 ...
00:34:42 - f1 set during evaluation: 35912/35910
00:34:42 - process[5] - f1 - epoch 8 - mAP: 0.376 w/ 88 queries
00:34:42 - process[5]: evaluating epoch 8 on f2 ...
00:36:33 - process[5] - f2 - epoch 8 - mAP: 0.349 w/ 88 queries
00:36:33 - process[5]: training epoch 9 ...
00:38:53 - process[5] - epoch 9 - train iter 625 - 3759.5 words/s - loss: 0.1311
00:38:53 - process[5]: evaluating epoch 9 on f1 ...
00:40:45 - f1 set during evaluation: 35912/35910
00:40:45 - process[5] - f1 - epoch 9 - mAP: 0.364 w/ 88 queries
00:40:45 - process[5]: evaluating epoch 9 on f2 ...
00:42:36 - process[5] - f2 - epoch 9 - mAP: 0.343 w/ 88 queries
