00:00:06 - Namespace(apex_level='O2', batch_size=8, cased=False, dataset='clef', debug=False, encoder_lr=2e-05, eval_step=1, full_doc_length=True, local_rank=3, model_path='/mnt/scratch/puxuan/short_qlm_0.15/2186792/huggingface-14', model_type='mbert', num_epochs=20, num_ft_encoders=3, num_neg=1, projector_lr=2e-05, seed=611, source_lang='fr', target_lang='en')
00:00:17 - Evaluating every 1 epochs ...
00:00:17 - reading data from /mnt/home/puxuan/CLIR-project/Evaluation_data/process-clef/uncased
00:00:17 - test has 35 queries ...
00:00:17 - Data reading done ...
00:00:24 - adding 9-th encoder to optimizer...
00:00:24 - adding 10-th encoder to optimizer...
00:00:24 - adding 11-th encoder to optimizer...
00:00:25 - process[3]: training epoch 0 ...
00:00:36 - process[3] - epoch 0 - train iter 197 - 15399.0 words/s - loss: 0.6780
00:00:36 - process[3]: training epoch 1 ...
00:00:48 - process[3] - epoch 1 - train iter 197 - 15585.7 words/s - loss: 0.5611
00:00:48 - process[3]: training epoch 2 ...
00:00:58 - process[3] - epoch 2 - train iter 197 - 16777.5 words/s - loss: 0.5183
00:00:58 - process[3]: training epoch 3 ...
00:01:09 - process[3] - epoch 3 - train iter 197 - 16198.4 words/s - loss: 0.5113
00:01:09 - process[3]: training epoch 4 ...
00:01:20 - process[3] - epoch 4 - train iter 197 - 17311.9 words/s - loss: 0.5016
00:01:20 - process[3]: training epoch 5 ...
00:01:30 - process[3] - epoch 5 - train iter 197 - 17343.8 words/s - loss: 0.4683
00:01:30 - process[3]: training epoch 6 ...
00:01:40 - process[3] - epoch 6 - train iter 197 - 17004.4 words/s - loss: 0.4350
00:01:40 - process[3]: training epoch 7 ...
00:01:53 - process[3] - epoch 7 - train iter 197 - 14699.4 words/s - loss: 0.4640
00:01:53 - process[3]: training epoch 8 ...
00:02:03 - process[3] - epoch 8 - train iter 197 - 16985.7 words/s - loss: 0.4261
00:02:03 - process[3]: training epoch 9 ...
00:02:14 - process[3] - epoch 9 - train iter 197 - 17079.7 words/s - loss: 0.4449
00:02:14 - process[3]: training epoch 10 ...
00:02:24 - process[3] - epoch 10 - train iter 197 - 17118.6 words/s - loss: 0.4430
00:02:24 - process[3]: evaluating epoch 10 on dev ...
00:03:16 - dev set during evaluation: 14160/14157
00:03:16 - process[3] - dev - epoch 10 - mAP: 0.451 w/ 35 queries
00:03:16 - process[3]: evaluating epoch 10 on test ...
00:03:58 - test set during evaluation: 14980/14975
00:03:58 - process[3] - test - epoch 10 - mAP: 0.465 w/ 35 queries
00:03:58 - process[3]: training epoch 11 ...
00:04:09 - process[3] - epoch 11 - train iter 197 - 15452.2 words/s - loss: 0.4062
00:04:09 - process[3]: evaluating epoch 11 on dev ...
00:04:55 - dev set during evaluation: 14160/14157
00:04:55 - process[3] - dev - epoch 11 - mAP: 0.441 w/ 35 queries
00:04:55 - process[3]: training epoch 12 ...
00:05:05 - process[3] - epoch 12 - train iter 197 - 16833.3 words/s - loss: 0.4246
00:05:05 - process[3]: evaluating epoch 12 on dev ...
00:05:49 - dev set during evaluation: 14160/14157
00:05:49 - process[3] - dev - epoch 12 - mAP: 0.477 w/ 35 queries
00:05:49 - process[3]: evaluating epoch 12 on test ...
00:06:32 - test set during evaluation: 14980/14975
00:06:32 - process[3] - test - epoch 12 - mAP: 0.457 w/ 35 queries
00:06:32 - process[3]: training epoch 13 ...
00:06:43 - process[3] - epoch 13 - train iter 197 - 16490.7 words/s - loss: 0.4058
00:06:43 - process[3]: evaluating epoch 13 on dev ...
00:07:28 - dev set during evaluation: 14160/14157
00:07:28 - process[3] - dev - epoch 13 - mAP: 0.474 w/ 35 queries
00:07:28 - process[3]: training epoch 14 ...
00:07:40 - process[3] - epoch 14 - train iter 197 - 16221.3 words/s - loss: 0.4231
00:07:40 - process[3]: evaluating epoch 14 on dev ...
00:08:24 - dev set during evaluation: 14160/14157
00:08:24 - process[3] - dev - epoch 14 - mAP: 0.506 w/ 35 queries
00:08:24 - process[3]: evaluating epoch 14 on test ...
00:09:08 - test set during evaluation: 14980/14975
00:09:08 - process[3] - test - epoch 14 - mAP: 0.433 w/ 35 queries
00:09:08 - process[3]: training epoch 15 ...
00:09:18 - process[3] - epoch 15 - train iter 197 - 17343.9 words/s - loss: 0.3291
00:09:18 - process[3]: evaluating epoch 15 on dev ...
00:10:07 - dev set during evaluation: 14160/14157
00:10:07 - process[3] - dev - epoch 15 - mAP: 0.439 w/ 35 queries
00:10:07 - process[3]: training epoch 16 ...
00:10:18 - process[3] - epoch 16 - train iter 197 - 16157.1 words/s - loss: 0.3974
00:10:18 - process[3]: evaluating epoch 16 on dev ...
00:11:03 - dev set during evaluation: 14160/14157
00:11:03 - process[3] - dev - epoch 16 - mAP: 0.513 w/ 35 queries
00:11:03 - process[3]: evaluating epoch 16 on test ...
00:11:44 - test set during evaluation: 14980/14975
00:11:44 - process[3] - test - epoch 16 - mAP: 0.436 w/ 35 queries
00:11:44 - process[3]: training epoch 17 ...
00:11:55 - process[3] - epoch 17 - train iter 197 - 15744.9 words/s - loss: 0.3891
00:11:55 - process[3]: evaluating epoch 17 on dev ...
00:12:40 - dev set during evaluation: 14160/14157
00:12:40 - process[3] - dev - epoch 17 - mAP: 0.486 w/ 35 queries
00:12:40 - process[3]: training epoch 18 ...
00:12:51 - process[3] - epoch 18 - train iter 197 - 16033.1 words/s - loss: 0.3906
00:12:51 - process[3]: evaluating epoch 18 on dev ...
00:13:35 - dev set during evaluation: 14160/14157
00:13:35 - process[3] - dev - epoch 18 - mAP: 0.519 w/ 35 queries
00:13:35 - process[3]: evaluating epoch 18 on test ...
00:14:17 - test set during evaluation: 14980/14975
00:14:17 - process[3] - test - epoch 18 - mAP: 0.470 w/ 35 queries
00:14:17 - process[3]: training epoch 19 ...
00:14:28 - process[3] - epoch 19 - train iter 197 - 16570.5 words/s - loss: 0.3954
00:14:28 - process[3]: evaluating epoch 19 on dev ...
00:15:14 - dev set during evaluation: 14160/14157
00:15:14 - process[3] - dev - epoch 19 - mAP: 0.499 w/ 35 queries
00:15:14 - [fold 1] best test MAP: 0.470 @ epoch 18
00:15:14 - Evaluating every 1 epochs ...
00:15:14 - reading data from /mnt/home/puxuan/CLIR-project/Evaluation_data/process-clef/uncased
00:15:14 - test has 36 queries ...
00:15:14 - Data reading done ...
00:15:16 - adding 9-th encoder to optimizer...
00:15:16 - adding 10-th encoder to optimizer...
00:15:16 - adding 11-th encoder to optimizer...
00:15:16 - process[3]: training epoch 0 ...
00:15:26 - process[3] - epoch 0 - train iter 187 - 16610.0 words/s - loss: 0.6793
00:15:26 - process[3]: training epoch 1 ...
00:15:37 - process[3] - epoch 1 - train iter 187 - 16974.1 words/s - loss: 0.5880
00:15:37 - process[3]: training epoch 2 ...
00:15:48 - process[3] - epoch 2 - train iter 187 - 15702.5 words/s - loss: 0.5222
00:15:48 - process[3]: training epoch 3 ...
00:15:57 - process[3] - epoch 3 - train iter 187 - 18240.0 words/s - loss: 0.4994
00:15:57 - process[3]: training epoch 4 ...
00:16:07 - process[3] - epoch 4 - train iter 187 - 17164.8 words/s - loss: 0.4578
00:16:07 - process[3]: training epoch 5 ...
00:16:18 - process[3] - epoch 5 - train iter 187 - 15941.6 words/s - loss: 0.4946
00:16:18 - process[3]: training epoch 6 ...
00:16:27 - process[3] - epoch 6 - train iter 187 - 18559.4 words/s - loss: 0.4936
00:16:27 - process[3]: training epoch 7 ...
00:16:36 - process[3] - epoch 7 - train iter 187 - 18796.1 words/s - loss: 0.4489
00:16:36 - process[3]: training epoch 8 ...
00:16:45 - process[3] - epoch 8 - train iter 187 - 17779.0 words/s - loss: 0.4397
00:16:45 - process[3]: training epoch 9 ...
00:16:55 - process[3] - epoch 9 - train iter 187 - 17723.2 words/s - loss: 0.4580
00:16:55 - process[3]: training epoch 10 ...
00:17:04 - process[3] - epoch 10 - train iter 187 - 18331.2 words/s - loss: 0.4533
00:17:04 - process[3]: evaluating epoch 10 on dev ...
00:17:54 - dev set during evaluation: 14980/14975
00:17:54 - process[3] - dev - epoch 10 - mAP: 0.410 w/ 35 queries
00:17:54 - process[3]: evaluating epoch 10 on test ...
00:18:37 - test set during evaluation: 15300/15294
00:18:37 - process[3] - test - epoch 10 - mAP: 0.439 w/ 36 queries
00:18:37 - process[3]: training epoch 11 ...
00:18:47 - process[3] - epoch 11 - train iter 187 - 16604.7 words/s - loss: 0.4538
00:18:47 - process[3]: evaluating epoch 11 on dev ...
00:19:28 - dev set during evaluation: 14980/14975
00:19:28 - process[3] - dev - epoch 11 - mAP: 0.403 w/ 35 queries
00:19:28 - process[3]: training epoch 12 ...
00:19:38 - process[3] - epoch 12 - train iter 187 - 17501.3 words/s - loss: 0.4618
00:19:38 - process[3]: evaluating epoch 12 on dev ...
00:20:20 - dev set during evaluation: 14980/14975
00:20:20 - process[3] - dev - epoch 12 - mAP: 0.383 w/ 35 queries
00:20:20 - process[3]: training epoch 13 ...
00:20:30 - process[3] - epoch 13 - train iter 187 - 17216.3 words/s - loss: 0.4496
00:20:30 - process[3]: evaluating epoch 13 on dev ...
00:21:12 - dev set during evaluation: 14980/14975
00:21:12 - process[3] - dev - epoch 13 - mAP: 0.418 w/ 35 queries
00:21:12 - process[3]: evaluating epoch 13 on test ...
00:21:55 - test set during evaluation: 15300/15294
00:21:55 - process[3] - test - epoch 13 - mAP: 0.472 w/ 36 queries
00:21:55 - process[3]: training epoch 14 ...
00:22:06 - process[3] - epoch 14 - train iter 187 - 16591.4 words/s - loss: 0.4166
00:22:06 - process[3]: evaluating epoch 14 on dev ...
00:22:48 - dev set during evaluation: 14980/14975
00:22:48 - process[3] - dev - epoch 14 - mAP: 0.379 w/ 35 queries
00:22:48 - process[3]: training epoch 15 ...
00:22:57 - process[3] - epoch 15 - train iter 187 - 17930.6 words/s - loss: 0.4204
00:22:57 - process[3]: evaluating epoch 15 on dev ...
00:23:40 - dev set during evaluation: 14980/14975
00:23:40 - process[3] - dev - epoch 15 - mAP: 0.377 w/ 35 queries
00:23:40 - process[3]: training epoch 16 ...
00:23:51 - process[3] - epoch 16 - train iter 187 - 15803.3 words/s - loss: 0.3708
00:23:51 - process[3]: evaluating epoch 16 on dev ...
00:24:31 - dev set during evaluation: 14980/14975
00:24:31 - process[3] - dev - epoch 16 - mAP: 0.421 w/ 35 queries
00:24:31 - process[3]: evaluating epoch 16 on test ...
00:25:15 - test set during evaluation: 15300/15294
00:25:15 - process[3] - test - epoch 16 - mAP: 0.453 w/ 36 queries
00:25:15 - process[3]: training epoch 17 ...
00:25:25 - process[3] - epoch 17 - train iter 187 - 17815.5 words/s - loss: 0.4224
00:25:25 - process[3]: evaluating epoch 17 on dev ...
00:26:06 - dev set during evaluation: 14980/14975
00:26:06 - process[3] - dev - epoch 17 - mAP: 0.461 w/ 35 queries
00:26:06 - process[3]: evaluating epoch 17 on test ...
00:26:51 - test set during evaluation: 15300/15294
00:26:51 - process[3] - test - epoch 17 - mAP: 0.472 w/ 36 queries
00:26:51 - process[3]: training epoch 18 ...
00:27:01 - process[3] - epoch 18 - train iter 187 - 18424.8 words/s - loss: 0.4143
00:27:01 - process[3]: evaluating epoch 18 on dev ...
00:27:44 - dev set during evaluation: 14980/14975
00:27:44 - process[3] - dev - epoch 18 - mAP: 0.441 w/ 35 queries
00:27:44 - process[3]: training epoch 19 ...
00:27:55 - process[3] - epoch 19 - train iter 187 - 16098.2 words/s - loss: 0.3858
00:27:55 - process[3]: evaluating epoch 19 on dev ...
00:28:38 - dev set during evaluation: 14980/14975
00:28:38 - process[3] - dev - epoch 19 - mAP: 0.428 w/ 35 queries
00:28:38 - [fold 2] best test MAP: 0.472 @ epoch 17
00:28:38 - Evaluating every 1 epochs ...
00:28:38 - reading data from /mnt/home/puxuan/CLIR-project/Evaluation_data/process-clef/uncased
00:28:39 - test has 35 queries ...
00:28:39 - Data reading done ...
00:28:40 - adding 9-th encoder to optimizer...
00:28:40 - adding 10-th encoder to optimizer...
00:28:40 - adding 11-th encoder to optimizer...
00:28:41 - process[3]: training epoch 0 ...
00:28:51 - process[3] - epoch 0 - train iter 196 - 16851.8 words/s - loss: 0.6844
00:28:51 - process[3]: training epoch 1 ...
00:29:02 - process[3] - epoch 1 - train iter 196 - 16355.0 words/s - loss: 0.5701
00:29:02 - process[3]: training epoch 2 ...
00:29:11 - process[3] - epoch 2 - train iter 196 - 18762.3 words/s - loss: 0.5577
00:29:11 - process[3]: training epoch 3 ...
00:29:23 - process[3] - epoch 3 - train iter 196 - 16663.8 words/s - loss: 0.5316
00:29:23 - process[3]: training epoch 4 ...
00:29:32 - process[3] - epoch 4 - train iter 196 - 18505.1 words/s - loss: 0.5345
00:29:32 - process[3]: training epoch 5 ...
00:29:42 - process[3] - epoch 5 - train iter 196 - 18241.8 words/s - loss: 0.5170
00:29:42 - process[3]: training epoch 6 ...
00:29:52 - process[3] - epoch 6 - train iter 196 - 17942.1 words/s - loss: 0.4835
00:29:52 - process[3]: training epoch 7 ...
00:30:02 - process[3] - epoch 7 - train iter 196 - 17298.3 words/s - loss: 0.4567
00:30:02 - process[3]: training epoch 8 ...
00:30:13 - process[3] - epoch 8 - train iter 196 - 17635.2 words/s - loss: 0.4407
00:30:13 - process[3]: training epoch 9 ...
00:30:22 - process[3] - epoch 9 - train iter 196 - 18524.6 words/s - loss: 0.4768
00:30:22 - process[3]: training epoch 10 ...
00:30:32 - process[3] - epoch 10 - train iter 196 - 17769.2 words/s - loss: 0.4413
00:30:32 - process[3]: evaluating epoch 10 on dev ...
00:31:22 - dev set during evaluation: 15300/15294
00:31:22 - process[3] - dev - epoch 10 - mAP: 0.467 w/ 36 queries
00:31:22 - process[3]: evaluating epoch 10 on test ...
00:32:04 - test set during evaluation: 15480/15477
00:32:04 - process[3] - test - epoch 10 - mAP: 0.381 w/ 35 queries
00:32:04 - process[3]: training epoch 11 ...
00:32:14 - process[3] - epoch 11 - train iter 196 - 18176.9 words/s - loss: 0.3651
00:32:14 - process[3]: evaluating epoch 11 on dev ...
00:32:59 - dev set during evaluation: 15300/15294
00:32:59 - process[3] - dev - epoch 11 - mAP: 0.450 w/ 36 queries
00:32:59 - process[3]: training epoch 12 ...
00:33:09 - process[3] - epoch 12 - train iter 196 - 18225.1 words/s - loss: 0.4321
00:33:09 - process[3]: evaluating epoch 12 on dev ...
00:33:53 - dev set during evaluation: 15300/15294
00:33:53 - process[3] - dev - epoch 12 - mAP: 0.443 w/ 36 queries
00:33:53 - process[3]: training epoch 13 ...
00:34:03 - process[3] - epoch 13 - train iter 196 - 18780.3 words/s - loss: 0.3888
00:34:03 - process[3]: evaluating epoch 13 on dev ...
00:34:48 - dev set during evaluation: 15300/15294
00:34:48 - process[3] - dev - epoch 13 - mAP: 0.470 w/ 36 queries
00:34:48 - process[3]: evaluating epoch 13 on test ...
00:35:30 - test set during evaluation: 15480/15477
00:35:30 - process[3] - test - epoch 13 - mAP: 0.370 w/ 35 queries
00:35:30 - process[3]: training epoch 14 ...
00:35:40 - process[3] - epoch 14 - train iter 196 - 16995.2 words/s - loss: 0.3757
00:35:40 - process[3]: evaluating epoch 14 on dev ...
00:36:26 - dev set during evaluation: 15300/15294
00:36:26 - process[3] - dev - epoch 14 - mAP: 0.480 w/ 36 queries
00:36:26 - process[3]: evaluating epoch 14 on test ...
00:37:09 - test set during evaluation: 15480/15477
00:37:09 - process[3] - test - epoch 14 - mAP: 0.351 w/ 35 queries
00:37:10 - process[3]: training epoch 15 ...
00:37:20 - process[3] - epoch 15 - train iter 196 - 16602.8 words/s - loss: 0.3925
00:37:20 - process[3]: evaluating epoch 15 on dev ...
00:38:05 - dev set during evaluation: 15300/15294
00:38:05 - process[3] - dev - epoch 15 - mAP: 0.452 w/ 36 queries
00:38:05 - process[3]: training epoch 16 ...
00:38:14 - process[3] - epoch 16 - train iter 196 - 19187.2 words/s - loss: 0.4183
00:38:14 - process[3]: evaluating epoch 16 on dev ...
00:39:00 - dev set during evaluation: 15300/15294
00:39:00 - process[3] - dev - epoch 16 - mAP: 0.429 w/ 36 queries
00:39:00 - process[3]: training epoch 17 ...
00:39:10 - process[3] - epoch 17 - train iter 196 - 17843.4 words/s - loss: 0.3973
00:39:10 - process[3]: evaluating epoch 17 on dev ...
00:39:53 - dev set during evaluation: 15300/15294
00:39:53 - process[3] - dev - epoch 17 - mAP: 0.452 w/ 36 queries
00:39:53 - process[3]: training epoch 18 ...
00:40:04 - process[3] - epoch 18 - train iter 196 - 16161.2 words/s - loss: 0.3373
00:40:04 - process[3]: evaluating epoch 18 on dev ...
00:40:47 - dev set during evaluation: 15300/15294
00:40:47 - process[3] - dev - epoch 18 - mAP: 0.469 w/ 36 queries
00:40:47 - process[3]: training epoch 19 ...
00:40:56 - process[3] - epoch 19 - train iter 196 - 19426.4 words/s - loss: 0.3951
00:40:56 - process[3]: evaluating epoch 19 on dev ...
00:41:40 - dev set during evaluation: 15300/15294
00:41:40 - process[3] - dev - epoch 19 - mAP: 0.465 w/ 36 queries
00:41:40 - [fold 3] best test MAP: 0.351 @ epoch 14
00:41:40 - Evaluating every 1 epochs ...
00:41:40 - reading data from /mnt/home/puxuan/CLIR-project/Evaluation_data/process-clef/uncased
00:41:41 - test has 35 queries ...
00:41:41 - Data reading done ...
00:41:43 - adding 9-th encoder to optimizer...
00:41:43 - adding 10-th encoder to optimizer...
00:41:43 - adding 11-th encoder to optimizer...
00:41:43 - process[3]: training epoch 0 ...
00:41:55 - process[3] - epoch 0 - train iter 207 - 16273.6 words/s - loss: 0.6746
00:41:55 - process[3]: training epoch 1 ...
00:42:06 - process[3] - epoch 1 - train iter 207 - 16064.0 words/s - loss: 0.5507
00:42:06 - process[3]: training epoch 2 ...
00:42:18 - process[3] - epoch 2 - train iter 207 - 16745.6 words/s - loss: 0.5669
00:42:18 - process[3]: training epoch 3 ...
00:42:29 - process[3] - epoch 3 - train iter 207 - 16519.0 words/s - loss: 0.5015
00:42:29 - process[3]: training epoch 4 ...
00:42:40 - process[3] - epoch 4 - train iter 207 - 16924.6 words/s - loss: 0.4792
00:42:40 - process[3]: training epoch 5 ...
00:42:51 - process[3] - epoch 5 - train iter 207 - 17809.4 words/s - loss: 0.4573
00:42:51 - process[3]: training epoch 6 ...
00:43:02 - process[3] - epoch 6 - train iter 207 - 16982.6 words/s - loss: 0.4209
00:43:02 - process[3]: training epoch 7 ...
00:43:13 - process[3] - epoch 7 - train iter 207 - 17516.8 words/s - loss: 0.4324
00:43:13 - process[3]: training epoch 8 ...
00:43:24 - process[3] - epoch 8 - train iter 207 - 17121.0 words/s - loss: 0.4721
00:43:24 - process[3]: training epoch 9 ...
00:43:36 - process[3] - epoch 9 - train iter 207 - 15524.5 words/s - loss: 0.4213
00:43:36 - process[3]: training epoch 10 ...
00:43:48 - process[3] - epoch 10 - train iter 207 - 14838.0 words/s - loss: 0.4195
00:43:48 - process[3]: evaluating epoch 10 on dev ...
00:44:32 - dev set during evaluation: 15480/15477
00:44:32 - process[3] - dev - epoch 10 - mAP: 0.383 w/ 35 queries
00:44:32 - process[3]: evaluating epoch 10 on test ...
00:45:15 - test set during evaluation: 14470/14463
00:45:15 - process[3] - test - epoch 10 - mAP: 0.408 w/ 35 queries
00:45:15 - process[3]: training epoch 11 ...
00:45:26 - process[3] - epoch 11 - train iter 207 - 17730.0 words/s - loss: 0.3947
00:45:26 - process[3]: evaluating epoch 11 on dev ...
00:46:09 - dev set during evaluation: 15480/15477
00:46:09 - process[3] - dev - epoch 11 - mAP: 0.391 w/ 35 queries
00:46:09 - process[3]: evaluating epoch 11 on test ...
00:46:52 - test set during evaluation: 14470/14463
00:46:52 - process[3] - test - epoch 11 - mAP: 0.403 w/ 35 queries
00:46:52 - process[3]: training epoch 12 ...
00:47:03 - process[3] - epoch 12 - train iter 207 - 16366.1 words/s - loss: 0.4410
00:47:03 - process[3]: evaluating epoch 12 on dev ...
00:47:45 - dev set during evaluation: 15480/15477
00:47:45 - process[3] - dev - epoch 12 - mAP: 0.390 w/ 35 queries
00:47:45 - process[3]: training epoch 13 ...
00:47:56 - process[3] - epoch 13 - train iter 207 - 17057.1 words/s - loss: 0.3971
00:47:56 - process[3]: evaluating epoch 13 on dev ...
00:48:38 - dev set during evaluation: 15480/15477
00:48:38 - process[3] - dev - epoch 13 - mAP: 0.303 w/ 35 queries
00:48:38 - process[3]: training epoch 14 ...
00:48:50 - process[3] - epoch 14 - train iter 207 - 16133.8 words/s - loss: 0.4119
00:48:50 - process[3]: evaluating epoch 14 on dev ...
00:49:32 - dev set during evaluation: 15480/15477
00:49:32 - process[3] - dev - epoch 14 - mAP: 0.391 w/ 35 queries
00:49:32 - process[3]: training epoch 15 ...
00:49:42 - process[3] - epoch 15 - train iter 207 - 17847.6 words/s - loss: 0.4223
00:49:42 - process[3]: evaluating epoch 15 on dev ...
00:50:24 - dev set during evaluation: 15480/15477
00:50:24 - process[3] - dev - epoch 15 - mAP: 0.403 w/ 35 queries
00:50:24 - process[3]: evaluating epoch 15 on test ...
00:51:06 - test set during evaluation: 14470/14463
00:51:06 - process[3] - test - epoch 15 - mAP: 0.401 w/ 35 queries
00:51:06 - process[3]: training epoch 16 ...
00:51:18 - process[3] - epoch 16 - train iter 207 - 16175.7 words/s - loss: 0.3491
00:51:18 - process[3]: evaluating epoch 16 on dev ...
00:51:59 - dev set during evaluation: 15480/15477
00:51:59 - process[3] - dev - epoch 16 - mAP: 0.350 w/ 35 queries
00:51:59 - process[3]: training epoch 17 ...
00:52:12 - process[3] - epoch 17 - train iter 207 - 15459.5 words/s - loss: 0.3183
00:52:12 - process[3]: evaluating epoch 17 on dev ...
00:52:53 - dev set during evaluation: 15480/15477
00:52:53 - process[3] - dev - epoch 17 - mAP: 0.441 w/ 35 queries
00:52:53 - process[3]: evaluating epoch 17 on test ...
00:53:36 - test set during evaluation: 14470/14463
00:53:36 - process[3] - test - epoch 17 - mAP: 0.409 w/ 35 queries
00:53:36 - process[3]: training epoch 18 ...
00:53:47 - process[3] - epoch 18 - train iter 207 - 15755.3 words/s - loss: 0.3964
00:53:47 - process[3]: evaluating epoch 18 on dev ...
00:54:29 - dev set during evaluation: 15480/15477
00:54:29 - process[3] - dev - epoch 18 - mAP: 0.431 w/ 35 queries
00:54:29 - process[3]: training epoch 19 ...
00:54:41 - process[3] - epoch 19 - train iter 207 - 16621.4 words/s - loss: 0.3603
00:54:41 - process[3]: evaluating epoch 19 on dev ...
00:55:23 - dev set during evaluation: 15480/15477
00:55:23 - process[3] - dev - epoch 19 - mAP: 0.414 w/ 35 queries
00:55:23 - [fold 4] best test MAP: 0.409 @ epoch 17
00:55:23 - Evaluating every 1 epochs ...
00:55:23 - reading data from /mnt/home/puxuan/CLIR-project/Evaluation_data/process-clef/uncased
00:55:24 - test has 35 queries ...
00:55:24 - Data reading done ...
00:55:25 - adding 9-th encoder to optimizer...
00:55:25 - adding 10-th encoder to optimizer...
00:55:25 - adding 11-th encoder to optimizer...
00:55:25 - process[3]: training epoch 0 ...
00:55:36 - process[3] - epoch 0 - train iter 195 - 17131.0 words/s - loss: 0.6772
00:55:36 - process[3]: training epoch 1 ...
00:55:47 - process[3] - epoch 1 - train iter 195 - 14723.2 words/s - loss: 0.5702
00:55:47 - process[3]: training epoch 2 ...
00:55:58 - process[3] - epoch 2 - train iter 195 - 16591.0 words/s - loss: 0.4733
00:55:58 - process[3]: training epoch 3 ...
00:56:08 - process[3] - epoch 3 - train iter 195 - 16754.6 words/s - loss: 0.4884
00:56:08 - process[3]: training epoch 4 ...
00:56:19 - process[3] - epoch 4 - train iter 195 - 16690.5 words/s - loss: 0.4005
00:56:19 - process[3]: training epoch 5 ...
00:56:29 - process[3] - epoch 5 - train iter 195 - 17062.5 words/s - loss: 0.4846
00:56:29 - process[3]: training epoch 6 ...
00:56:40 - process[3] - epoch 6 - train iter 195 - 17393.1 words/s - loss: 0.4334
00:56:40 - process[3]: training epoch 7 ...
00:56:49 - process[3] - epoch 7 - train iter 195 - 19028.5 words/s - loss: 0.4409
00:56:49 - process[3]: training epoch 8 ...
00:56:59 - process[3] - epoch 8 - train iter 195 - 16849.2 words/s - loss: 0.4600
00:56:59 - process[3]: training epoch 9 ...
00:57:10 - process[3] - epoch 9 - train iter 195 - 15711.4 words/s - loss: 0.3915
00:57:10 - process[3]: training epoch 10 ...
00:57:21 - process[3] - epoch 10 - train iter 195 - 15579.0 words/s - loss: 0.3999
00:57:21 - process[3]: evaluating epoch 10 on dev ...
00:58:09 - dev set during evaluation: 14470/14463
00:58:09 - process[3] - dev - epoch 10 - mAP: 0.407 w/ 35 queries
00:58:09 - process[3]: evaluating epoch 10 on test ...
00:58:55 - test set during evaluation: 14160/14157
00:58:55 - process[3] - test - epoch 10 - mAP: 0.475 w/ 35 queries
00:58:55 - process[3]: training epoch 11 ...
00:59:05 - process[3] - epoch 11 - train iter 195 - 16073.0 words/s - loss: 0.3600
00:59:05 - process[3]: evaluating epoch 11 on dev ...
00:59:50 - dev set during evaluation: 14470/14463
00:59:50 - process[3] - dev - epoch 11 - mAP: 0.395 w/ 35 queries
00:59:50 - process[3]: training epoch 12 ...
01:00:01 - process[3] - epoch 12 - train iter 195 - 15655.6 words/s - loss: 0.3695
01:00:01 - process[3]: evaluating epoch 12 on dev ...
01:00:45 - dev set during evaluation: 14470/14463
01:00:45 - process[3] - dev - epoch 12 - mAP: 0.405 w/ 35 queries
01:00:45 - process[3]: training epoch 13 ...
01:00:55 - process[3] - epoch 13 - train iter 195 - 16866.0 words/s - loss: 0.3845
01:00:55 - process[3]: evaluating epoch 13 on dev ...
01:01:39 - dev set during evaluation: 14470/14463
01:01:39 - process[3] - dev - epoch 13 - mAP: 0.430 w/ 35 queries
01:01:39 - process[3]: evaluating epoch 13 on test ...
01:02:25 - test set during evaluation: 14160/14157
01:02:25 - process[3] - test - epoch 13 - mAP: 0.494 w/ 35 queries
01:02:25 - process[3]: training epoch 14 ...
01:02:36 - process[3] - epoch 14 - train iter 195 - 15555.6 words/s - loss: 0.3410
01:02:36 - process[3]: evaluating epoch 14 on dev ...
01:03:19 - dev set during evaluation: 14470/14463
01:03:19 - process[3] - dev - epoch 14 - mAP: 0.425 w/ 35 queries
01:03:19 - process[3]: training epoch 15 ...
01:03:29 - process[3] - epoch 15 - train iter 195 - 17026.9 words/s - loss: 0.3602
01:03:29 - process[3]: evaluating epoch 15 on dev ...
01:04:12 - dev set during evaluation: 14470/14463
01:04:12 - process[3] - dev - epoch 15 - mAP: 0.422 w/ 35 queries
01:04:12 - process[3]: training epoch 16 ...
01:04:25 - process[3] - epoch 16 - train iter 195 - 14255.3 words/s - loss: 0.3955
01:04:25 - process[3]: evaluating epoch 16 on dev ...
01:05:06 - dev set during evaluation: 14470/14463
01:05:06 - process[3] - dev - epoch 16 - mAP: 0.433 w/ 35 queries
01:05:06 - process[3]: evaluating epoch 16 on test ...
01:05:52 - test set during evaluation: 14160/14157
01:05:52 - process[3] - test - epoch 16 - mAP: 0.497 w/ 35 queries
01:05:52 - process[3]: training epoch 17 ...
01:06:03 - process[3] - epoch 17 - train iter 195 - 16796.0 words/s - loss: 0.3440
01:06:03 - process[3]: evaluating epoch 17 on dev ...
01:06:46 - dev set during evaluation: 14470/14463
01:06:46 - process[3] - dev - epoch 17 - mAP: 0.417 w/ 35 queries
01:06:46 - process[3]: training epoch 18 ...
01:06:56 - process[3] - epoch 18 - train iter 195 - 17291.0 words/s - loss: 0.3541
01:06:56 - process[3]: evaluating epoch 18 on dev ...
01:07:39 - dev set during evaluation: 14470/14463
01:07:39 - process[3] - dev - epoch 18 - mAP: 0.422 w/ 35 queries
01:07:39 - process[3]: training epoch 19 ...
01:07:52 - process[3] - epoch 19 - train iter 195 - 14014.7 words/s - loss: 0.3816
01:07:52 - process[3]: evaluating epoch 19 on dev ...
01:08:37 - dev set during evaluation: 14470/14463
01:08:37 - process[3] - dev - epoch 19 - mAP: 0.425 w/ 35 queries
01:08:37 - [fold 5] best test MAP: 0.497 @ epoch 16
01:08:37 - [0.47032181090716635, 0.47242903468746433, 0.3510310546459114, 0.4091136083753925, 0.4966397264326335]
01:08:37 - [35, 36, 35, 35, 35]
01:08:37 - final MAP: 0.440
