00:00:06 - Namespace(apex_level='O2', batch_size=8, cased=False, dataset='clef', debug=False, encoder_lr=2e-05, eval_step=1, full_doc_length=True, local_rank=7, model_path='/mnt/scratch/puxuan/short_qlm_0.15/2186792/huggingface-19', model_type='mbert', num_epochs=20, num_ft_encoders=3, num_neg=1, projector_lr=2e-05, seed=611, source_lang='es', target_lang='en')
00:00:21 - Evaluating every 1 epochs ...
00:00:21 - reading data from /mnt/home/puxuan/CLIR-project/Evaluation_data/process-clef/uncased
00:00:21 - test has 35 queries ...
00:00:21 - Data reading done ...
00:00:28 - adding 9-th encoder to optimizer...
00:00:28 - adding 10-th encoder to optimizer...
00:00:28 - adding 11-th encoder to optimizer...
00:00:29 - process[7]: training epoch 0 ...
00:00:41 - process[7] - epoch 0 - train iter 197 - 14940.4 words/s - loss: 0.6759
00:00:41 - process[7]: training epoch 1 ...
00:00:52 - process[7] - epoch 1 - train iter 197 - 15582.0 words/s - loss: 0.5571
00:00:52 - process[7]: training epoch 2 ...
00:01:02 - process[7] - epoch 2 - train iter 197 - 18098.6 words/s - loss: 0.5720
00:01:02 - process[7]: training epoch 3 ...
00:01:13 - process[7] - epoch 3 - train iter 197 - 16662.4 words/s - loss: 0.4392
00:01:13 - process[7]: training epoch 4 ...
00:01:25 - process[7] - epoch 4 - train iter 197 - 14173.9 words/s - loss: 0.4830
00:01:25 - process[7]: training epoch 5 ...
00:01:37 - process[7] - epoch 5 - train iter 197 - 14973.3 words/s - loss: 0.4906
00:01:37 - process[7]: training epoch 6 ...
00:01:48 - process[7] - epoch 6 - train iter 197 - 16247.1 words/s - loss: 0.4814
00:01:48 - process[7]: training epoch 7 ...
00:02:00 - process[7] - epoch 7 - train iter 197 - 15462.9 words/s - loss: 0.4837
00:02:00 - process[7]: training epoch 8 ...
00:02:11 - process[7] - epoch 8 - train iter 197 - 15304.6 words/s - loss: 0.4719
00:02:11 - process[7]: training epoch 9 ...
00:02:22 - process[7] - epoch 9 - train iter 197 - 16397.2 words/s - loss: 0.4310
00:02:22 - process[7]: training epoch 10 ...
00:02:32 - process[7] - epoch 10 - train iter 197 - 17354.3 words/s - loss: 0.4411
00:02:32 - process[7]: evaluating epoch 10 on dev ...
00:03:18 - dev set during evaluation: 14160/14157
00:03:18 - process[7] - dev - epoch 10 - mAP: 0.448 w/ 35 queries
00:03:18 - process[7]: evaluating epoch 10 on test ...
00:03:59 - test set during evaluation: 14980/14975
00:03:59 - process[7] - test - epoch 10 - mAP: 0.443 w/ 35 queries
00:03:59 - process[7]: training epoch 11 ...
00:04:09 - process[7] - epoch 11 - train iter 197 - 18003.9 words/s - loss: 0.4486
00:04:09 - process[7]: evaluating epoch 11 on dev ...
00:04:56 - dev set during evaluation: 14160/14157
00:04:56 - process[7] - dev - epoch 11 - mAP: 0.456 w/ 35 queries
00:04:56 - process[7]: evaluating epoch 11 on test ...
00:05:37 - test set during evaluation: 14980/14975
00:05:37 - process[7] - test - epoch 11 - mAP: 0.461 w/ 35 queries
00:05:37 - process[7]: training epoch 12 ...
00:05:49 - process[7] - epoch 12 - train iter 197 - 14819.5 words/s - loss: 0.4282
00:05:49 - process[7]: evaluating epoch 12 on dev ...
00:06:32 - dev set during evaluation: 14160/14157
00:06:32 - process[7] - dev - epoch 12 - mAP: 0.438 w/ 35 queries
00:06:32 - process[7]: training epoch 13 ...
00:06:44 - process[7] - epoch 13 - train iter 197 - 15045.0 words/s - loss: 0.3939
00:06:44 - process[7]: evaluating epoch 13 on dev ...
00:07:28 - dev set during evaluation: 14160/14157
00:07:28 - process[7] - dev - epoch 13 - mAP: 0.444 w/ 35 queries
00:07:28 - process[7]: training epoch 14 ...
00:07:40 - process[7] - epoch 14 - train iter 197 - 15424.7 words/s - loss: 0.4038
00:07:40 - process[7]: evaluating epoch 14 on dev ...
00:08:24 - dev set during evaluation: 14160/14157
00:08:24 - process[7] - dev - epoch 14 - mAP: 0.448 w/ 35 queries
00:08:24 - process[7]: training epoch 15 ...
00:08:34 - process[7] - epoch 15 - train iter 197 - 17175.3 words/s - loss: 0.3744
00:08:34 - process[7]: evaluating epoch 15 on dev ...
00:09:19 - dev set during evaluation: 14160/14157
00:09:19 - process[7] - dev - epoch 15 - mAP: 0.425 w/ 35 queries
00:09:19 - process[7]: training epoch 16 ...
00:09:30 - process[7] - epoch 16 - train iter 197 - 15755.1 words/s - loss: 0.4464
00:09:30 - process[7]: evaluating epoch 16 on dev ...
00:10:14 - dev set during evaluation: 14160/14157
00:10:14 - process[7] - dev - epoch 16 - mAP: 0.474 w/ 35 queries
00:10:14 - process[7]: evaluating epoch 16 on test ...
00:10:55 - test set during evaluation: 14980/14975
00:10:55 - process[7] - test - epoch 16 - mAP: 0.465 w/ 35 queries
00:10:55 - process[7]: training epoch 17 ...
00:11:07 - process[7] - epoch 17 - train iter 197 - 15017.4 words/s - loss: 0.3599
00:11:07 - process[7]: evaluating epoch 17 on dev ...
00:11:51 - dev set during evaluation: 14160/14157
00:11:51 - process[7] - dev - epoch 17 - mAP: 0.418 w/ 35 queries
00:11:51 - process[7]: training epoch 18 ...
00:12:03 - process[7] - epoch 18 - train iter 197 - 15412.8 words/s - loss: 0.3436
00:12:03 - process[7]: evaluating epoch 18 on dev ...
00:12:46 - dev set during evaluation: 14160/14157
00:12:46 - process[7] - dev - epoch 18 - mAP: 0.450 w/ 35 queries
00:12:46 - process[7]: training epoch 19 ...
00:12:56 - process[7] - epoch 19 - train iter 197 - 16420.8 words/s - loss: 0.4179
00:12:56 - process[7]: evaluating epoch 19 on dev ...
00:13:42 - dev set during evaluation: 14160/14157
00:13:42 - process[7] - dev - epoch 19 - mAP: 0.462 w/ 35 queries
00:13:42 - [fold 1] best test MAP: 0.465 @ epoch 16
00:13:42 - Evaluating every 1 epochs ...
00:13:42 - reading data from /mnt/home/puxuan/CLIR-project/Evaluation_data/process-clef/uncased
00:13:43 - test has 36 queries ...
00:13:43 - Data reading done ...
00:13:44 - adding 9-th encoder to optimizer...
00:13:44 - adding 10-th encoder to optimizer...
00:13:44 - adding 11-th encoder to optimizer...
00:13:45 - process[7]: training epoch 0 ...
00:13:54 - process[7] - epoch 0 - train iter 187 - 17588.3 words/s - loss: 0.6826
00:13:54 - process[7]: training epoch 1 ...
00:14:04 - process[7] - epoch 1 - train iter 187 - 17335.4 words/s - loss: 0.6028
00:14:04 - process[7]: training epoch 2 ...
00:14:14 - process[7] - epoch 2 - train iter 187 - 15943.6 words/s - loss: 0.5284
00:14:15 - process[7]: training epoch 3 ...
00:14:24 - process[7] - epoch 3 - train iter 187 - 17765.3 words/s - loss: 0.4664
00:14:24 - process[7]: training epoch 4 ...
00:14:34 - process[7] - epoch 4 - train iter 187 - 16788.2 words/s - loss: 0.5293
00:14:34 - process[7]: training epoch 5 ...
00:14:45 - process[7] - epoch 5 - train iter 187 - 15460.9 words/s - loss: 0.5186
00:14:45 - process[7]: training epoch 6 ...
00:14:55 - process[7] - epoch 6 - train iter 187 - 16364.9 words/s - loss: 0.4371
00:14:55 - process[7]: training epoch 7 ...
00:15:06 - process[7] - epoch 7 - train iter 187 - 16413.7 words/s - loss: 0.4012
00:15:06 - process[7]: training epoch 8 ...
00:15:16 - process[7] - epoch 8 - train iter 187 - 16725.8 words/s - loss: 0.4405
00:15:16 - process[7]: training epoch 9 ...
00:15:27 - process[7] - epoch 9 - train iter 187 - 15172.2 words/s - loss: 0.4523
00:15:27 - process[7]: training epoch 10 ...
00:15:37 - process[7] - epoch 10 - train iter 187 - 16716.1 words/s - loss: 0.4301
00:15:37 - process[7]: evaluating epoch 10 on dev ...
00:16:18 - dev set during evaluation: 14980/14975
00:16:18 - process[7] - dev - epoch 10 - mAP: 0.433 w/ 35 queries
00:16:18 - process[7]: evaluating epoch 10 on test ...
00:17:01 - test set during evaluation: 15300/15294
00:17:01 - process[7] - test - epoch 10 - mAP: 0.474 w/ 36 queries
00:17:01 - process[7]: training epoch 11 ...
00:17:09 - process[7] - epoch 11 - train iter 187 - 20605.0 words/s - loss: 0.4252
00:17:09 - process[7]: evaluating epoch 11 on dev ...
00:17:52 - dev set during evaluation: 14980/14975
00:17:52 - process[7] - dev - epoch 11 - mAP: 0.408 w/ 35 queries
00:17:52 - process[7]: training epoch 12 ...
00:18:01 - process[7] - epoch 12 - train iter 187 - 19332.5 words/s - loss: 0.4487
00:18:01 - process[7]: evaluating epoch 12 on dev ...
00:18:43 - dev set during evaluation: 14980/14975
00:18:43 - process[7] - dev - epoch 12 - mAP: 0.412 w/ 35 queries
00:18:43 - process[7]: training epoch 13 ...
00:18:54 - process[7] - epoch 13 - train iter 187 - 16157.2 words/s - loss: 0.4733
00:18:54 - process[7]: evaluating epoch 13 on dev ...
00:19:35 - dev set during evaluation: 14980/14975
00:19:35 - process[7] - dev - epoch 13 - mAP: 0.416 w/ 35 queries
00:19:35 - process[7]: training epoch 14 ...
00:19:44 - process[7] - epoch 14 - train iter 187 - 17924.4 words/s - loss: 0.4028
00:19:44 - process[7]: evaluating epoch 14 on dev ...
00:20:26 - dev set during evaluation: 14980/14975
00:20:26 - process[7] - dev - epoch 14 - mAP: 0.397 w/ 35 queries
00:20:26 - process[7]: training epoch 15 ...
00:20:38 - process[7] - epoch 15 - train iter 187 - 14221.3 words/s - loss: 0.3824
00:20:38 - process[7]: evaluating epoch 15 on dev ...
00:21:17 - dev set during evaluation: 14980/14975
00:21:17 - process[7] - dev - epoch 15 - mAP: 0.424 w/ 35 queries
00:21:17 - process[7]: training epoch 16 ...
00:21:28 - process[7] - epoch 16 - train iter 187 - 15467.8 words/s - loss: 0.4152
00:21:28 - process[7]: evaluating epoch 16 on dev ...
00:22:07 - dev set during evaluation: 14980/14975
00:22:07 - process[7] - dev - epoch 16 - mAP: 0.385 w/ 35 queries
00:22:07 - process[7]: training epoch 17 ...
00:22:19 - process[7] - epoch 17 - train iter 187 - 14793.3 words/s - loss: 0.4342
00:22:19 - process[7]: evaluating epoch 17 on dev ...
00:22:58 - dev set during evaluation: 14980/14975
00:22:58 - process[7] - dev - epoch 17 - mAP: 0.447 w/ 35 queries
00:22:58 - process[7]: evaluating epoch 17 on test ...
00:23:40 - test set during evaluation: 15300/15294
00:23:40 - process[7] - test - epoch 17 - mAP: 0.466 w/ 36 queries
00:23:40 - process[7]: training epoch 18 ...
00:23:50 - process[7] - epoch 18 - train iter 187 - 16980.6 words/s - loss: 0.3704
00:23:50 - process[7]: evaluating epoch 18 on dev ...
00:24:32 - dev set during evaluation: 14980/14975
00:24:32 - process[7] - dev - epoch 18 - mAP: 0.412 w/ 35 queries
00:24:32 - process[7]: training epoch 19 ...
00:24:41 - process[7] - epoch 19 - train iter 187 - 18336.8 words/s - loss: 0.4187
00:24:41 - process[7]: evaluating epoch 19 on dev ...
00:25:23 - dev set during evaluation: 14980/14975
00:25:23 - process[7] - dev - epoch 19 - mAP: 0.431 w/ 35 queries
00:25:23 - [fold 2] best test MAP: 0.466 @ epoch 17
00:25:23 - Evaluating every 1 epochs ...
00:25:23 - reading data from /mnt/home/puxuan/CLIR-project/Evaluation_data/process-clef/uncased
00:25:24 - test has 35 queries ...
00:25:24 - Data reading done ...
00:25:25 - adding 9-th encoder to optimizer...
00:25:25 - adding 10-th encoder to optimizer...
00:25:25 - adding 11-th encoder to optimizer...
00:25:25 - process[7]: training epoch 0 ...
00:25:35 - process[7] - epoch 0 - train iter 196 - 18310.1 words/s - loss: 0.6851
00:25:35 - process[7]: training epoch 1 ...
00:25:46 - process[7] - epoch 1 - train iter 196 - 16512.3 words/s - loss: 0.6002
00:25:46 - process[7]: training epoch 2 ...
00:25:56 - process[7] - epoch 2 - train iter 196 - 17452.7 words/s - loss: 0.5206
00:25:56 - process[7]: training epoch 3 ...
00:26:06 - process[7] - epoch 3 - train iter 196 - 17128.0 words/s - loss: 0.5259
00:26:06 - process[7]: training epoch 4 ...
00:26:16 - process[7] - epoch 4 - train iter 196 - 18563.6 words/s - loss: 0.4957
00:26:16 - process[7]: training epoch 5 ...
00:26:25 - process[7] - epoch 5 - train iter 196 - 18050.0 words/s - loss: 0.4625
00:26:25 - process[7]: training epoch 6 ...
00:26:35 - process[7] - epoch 6 - train iter 196 - 18026.9 words/s - loss: 0.4467
00:26:35 - process[7]: training epoch 7 ...
00:26:44 - process[7] - epoch 7 - train iter 196 - 19419.5 words/s - loss: 0.4578
00:26:44 - process[7]: training epoch 8 ...
00:26:55 - process[7] - epoch 8 - train iter 196 - 15795.4 words/s - loss: 0.4593
00:26:55 - process[7]: training epoch 9 ...
00:27:05 - process[7] - epoch 9 - train iter 196 - 18035.6 words/s - loss: 0.3924
00:27:05 - process[7]: training epoch 10 ...
00:27:15 - process[7] - epoch 10 - train iter 196 - 17511.0 words/s - loss: 0.4531
00:27:15 - process[7]: evaluating epoch 10 on dev ...
00:28:06 - dev set during evaluation: 15300/15294
00:28:06 - process[7] - dev - epoch 10 - mAP: 0.428 w/ 36 queries
00:28:06 - process[7]: evaluating epoch 10 on test ...
00:28:48 - test set during evaluation: 15480/15477
00:28:48 - process[7] - test - epoch 10 - mAP: 0.343 w/ 35 queries
00:28:48 - process[7]: training epoch 11 ...
00:28:59 - process[7] - epoch 11 - train iter 196 - 16410.7 words/s - loss: 0.4381
00:28:59 - process[7]: evaluating epoch 11 on dev ...
00:29:41 - dev set during evaluation: 15300/15294
00:29:41 - process[7] - dev - epoch 11 - mAP: 0.452 w/ 36 queries
00:29:41 - process[7]: evaluating epoch 11 on test ...
00:30:23 - test set during evaluation: 15480/15477
00:30:23 - process[7] - test - epoch 11 - mAP: 0.361 w/ 35 queries
00:30:23 - process[7]: training epoch 12 ...
00:30:33 - process[7] - epoch 12 - train iter 196 - 17353.3 words/s - loss: 0.3597
00:30:33 - process[7]: evaluating epoch 12 on dev ...
00:31:16 - dev set during evaluation: 15300/15294
00:31:16 - process[7] - dev - epoch 12 - mAP: 0.438 w/ 36 queries
00:31:16 - process[7]: training epoch 13 ...
00:31:27 - process[7] - epoch 13 - train iter 196 - 16297.5 words/s - loss: 0.3898
00:31:27 - process[7]: evaluating epoch 13 on dev ...
00:32:14 - dev set during evaluation: 15300/15294
00:32:14 - process[7] - dev - epoch 13 - mAP: 0.447 w/ 36 queries
00:32:14 - process[7]: training epoch 14 ...
00:32:25 - process[7] - epoch 14 - train iter 196 - 15975.1 words/s - loss: 0.4119
00:32:25 - process[7]: evaluating epoch 14 on dev ...
00:33:06 - dev set during evaluation: 15300/15294
00:33:07 - process[7] - dev - epoch 14 - mAP: 0.467 w/ 36 queries
00:33:07 - process[7]: evaluating epoch 14 on test ...
00:33:49 - test set during evaluation: 15480/15477
00:33:49 - process[7] - test - epoch 14 - mAP: 0.386 w/ 35 queries
00:33:49 - process[7]: training epoch 15 ...
00:33:59 - process[7] - epoch 15 - train iter 196 - 17686.0 words/s - loss: 0.3745
00:33:59 - process[7]: evaluating epoch 15 on dev ...
00:34:41 - dev set during evaluation: 15300/15294
00:34:41 - process[7] - dev - epoch 15 - mAP: 0.477 w/ 36 queries
00:34:41 - process[7]: evaluating epoch 15 on test ...
00:35:23 - test set during evaluation: 15480/15477
00:35:23 - process[7] - test - epoch 15 - mAP: 0.378 w/ 35 queries
00:35:23 - process[7]: training epoch 16 ...
00:35:34 - process[7] - epoch 16 - train iter 196 - 17235.2 words/s - loss: 0.3654
00:35:34 - process[7]: evaluating epoch 16 on dev ...
00:36:16 - dev set during evaluation: 15300/15294
00:36:16 - process[7] - dev - epoch 16 - mAP: 0.447 w/ 36 queries
00:36:16 - process[7]: training epoch 17 ...
00:36:25 - process[7] - epoch 17 - train iter 196 - 18172.2 words/s - loss: 0.3422
00:36:25 - process[7]: evaluating epoch 17 on dev ...
00:37:09 - dev set during evaluation: 15300/15294
00:37:09 - process[7] - dev - epoch 17 - mAP: 0.413 w/ 36 queries
00:37:09 - process[7]: training epoch 18 ...
00:37:18 - process[7] - epoch 18 - train iter 196 - 18396.4 words/s - loss: 0.3975
00:37:18 - process[7]: evaluating epoch 18 on dev ...
00:38:02 - dev set during evaluation: 15300/15294
00:38:02 - process[7] - dev - epoch 18 - mAP: 0.453 w/ 36 queries
00:38:02 - process[7]: training epoch 19 ...
00:38:12 - process[7] - epoch 19 - train iter 196 - 17749.4 words/s - loss: 0.3837
00:38:12 - process[7]: evaluating epoch 19 on dev ...
00:38:55 - dev set during evaluation: 15300/15294
00:38:55 - process[7] - dev - epoch 19 - mAP: 0.437 w/ 36 queries
00:38:55 - [fold 3] best test MAP: 0.378 @ epoch 15
00:38:55 - Evaluating every 1 epochs ...
00:38:55 - reading data from /mnt/home/puxuan/CLIR-project/Evaluation_data/process-clef/uncased
00:38:56 - test has 35 queries ...
00:38:56 - Data reading done ...
00:38:57 - adding 9-th encoder to optimizer...
00:38:57 - adding 10-th encoder to optimizer...
00:38:57 - adding 11-th encoder to optimizer...
00:38:58 - process[7]: training epoch 0 ...
00:39:08 - process[7] - epoch 0 - train iter 207 - 18278.2 words/s - loss: 0.6705
00:39:08 - process[7]: training epoch 1 ...
00:39:20 - process[7] - epoch 1 - train iter 207 - 15318.3 words/s - loss: 0.5713
00:39:20 - process[7]: training epoch 2 ...
00:39:32 - process[7] - epoch 2 - train iter 207 - 15961.0 words/s - loss: 0.5363
00:39:32 - process[7]: training epoch 3 ...
00:39:43 - process[7] - epoch 3 - train iter 207 - 16911.4 words/s - loss: 0.4870
00:39:43 - process[7]: training epoch 4 ...
00:39:55 - process[7] - epoch 4 - train iter 207 - 15947.8 words/s - loss: 0.4234
00:39:55 - process[7]: training epoch 5 ...
00:40:06 - process[7] - epoch 5 - train iter 207 - 16243.2 words/s - loss: 0.4633
00:40:06 - process[7]: training epoch 6 ...
00:40:18 - process[7] - epoch 6 - train iter 207 - 15949.7 words/s - loss: 0.3999
00:40:18 - process[7]: training epoch 7 ...
00:40:29 - process[7] - epoch 7 - train iter 207 - 16416.2 words/s - loss: 0.4066
00:40:29 - process[7]: training epoch 8 ...
00:40:40 - process[7] - epoch 8 - train iter 207 - 16635.3 words/s - loss: 0.4203
00:40:40 - process[7]: training epoch 9 ...
00:40:51 - process[7] - epoch 9 - train iter 207 - 17756.2 words/s - loss: 0.3964
00:40:51 - process[7]: training epoch 10 ...
00:41:02 - process[7] - epoch 10 - train iter 207 - 16998.0 words/s - loss: 0.4179
00:41:02 - process[7]: evaluating epoch 10 on dev ...
00:41:46 - dev set during evaluation: 15480/15477
00:41:46 - process[7] - dev - epoch 10 - mAP: 0.389 w/ 35 queries
00:41:46 - process[7]: evaluating epoch 10 on test ...
00:42:28 - test set during evaluation: 14470/14463
00:42:28 - process[7] - test - epoch 10 - mAP: 0.414 w/ 35 queries
00:42:28 - process[7]: training epoch 11 ...
00:42:39 - process[7] - epoch 11 - train iter 207 - 16641.7 words/s - loss: 0.3527
00:42:39 - process[7]: evaluating epoch 11 on dev ...
00:43:21 - dev set during evaluation: 15480/15477
00:43:21 - process[7] - dev - epoch 11 - mAP: 0.358 w/ 35 queries
00:43:21 - process[7]: training epoch 12 ...
00:43:32 - process[7] - epoch 12 - train iter 207 - 16475.3 words/s - loss: 0.3803
00:43:32 - process[7]: evaluating epoch 12 on dev ...
00:44:14 - dev set during evaluation: 15480/15477
00:44:14 - process[7] - dev - epoch 12 - mAP: 0.371 w/ 35 queries
00:44:14 - process[7]: training epoch 13 ...
00:44:26 - process[7] - epoch 13 - train iter 207 - 15952.9 words/s - loss: 0.3692
00:44:26 - process[7]: evaluating epoch 13 on dev ...
00:45:08 - dev set during evaluation: 15480/15477
00:45:08 - process[7] - dev - epoch 13 - mAP: 0.357 w/ 35 queries
00:45:08 - process[7]: training epoch 14 ...
00:45:19 - process[7] - epoch 14 - train iter 207 - 16148.1 words/s - loss: 0.3851
00:45:19 - process[7]: evaluating epoch 14 on dev ...
00:46:02 - dev set during evaluation: 15480/15477
00:46:02 - process[7] - dev - epoch 14 - mAP: 0.404 w/ 35 queries
00:46:02 - process[7]: evaluating epoch 14 on test ...
00:46:44 - test set during evaluation: 14470/14463
00:46:44 - process[7] - test - epoch 14 - mAP: 0.433 w/ 35 queries
00:46:44 - process[7]: training epoch 15 ...
00:46:55 - process[7] - epoch 15 - train iter 207 - 17880.7 words/s - loss: 0.3361
00:46:55 - process[7]: evaluating epoch 15 on dev ...
00:47:37 - dev set during evaluation: 15480/15477
00:47:37 - process[7] - dev - epoch 15 - mAP: 0.398 w/ 35 queries
00:47:37 - process[7]: training epoch 16 ...
00:47:48 - process[7] - epoch 16 - train iter 207 - 16391.2 words/s - loss: 0.4041
00:47:48 - process[7]: evaluating epoch 16 on dev ...
00:48:30 - dev set during evaluation: 15480/15477
00:48:30 - process[7] - dev - epoch 16 - mAP: 0.382 w/ 35 queries
00:48:30 - process[7]: training epoch 17 ...
00:48:41 - process[7] - epoch 17 - train iter 207 - 17351.6 words/s - loss: 0.4051
00:48:41 - process[7]: evaluating epoch 17 on dev ...
00:49:25 - dev set during evaluation: 15480/15477
00:49:25 - process[7] - dev - epoch 17 - mAP: 0.407 w/ 35 queries
00:49:25 - process[7]: evaluating epoch 17 on test ...
00:50:07 - test set during evaluation: 14470/14463
00:50:07 - process[7] - test - epoch 17 - mAP: 0.419 w/ 35 queries
00:50:07 - process[7]: training epoch 18 ...
00:50:17 - process[7] - epoch 18 - train iter 207 - 18252.3 words/s - loss: 0.3556
00:50:17 - process[7]: evaluating epoch 18 on dev ...
00:51:00 - dev set during evaluation: 15480/15477
00:51:00 - process[7] - dev - epoch 18 - mAP: 0.410 w/ 35 queries
00:51:00 - process[7]: evaluating epoch 18 on test ...
00:51:42 - test set during evaluation: 14470/14463
00:51:42 - process[7] - test - epoch 18 - mAP: 0.421 w/ 35 queries
00:51:42 - process[7]: training epoch 19 ...
00:51:54 - process[7] - epoch 19 - train iter 207 - 16133.0 words/s - loss: 0.3519
00:51:54 - process[7]: evaluating epoch 19 on dev ...
00:52:36 - dev set during evaluation: 15480/15477
00:52:36 - process[7] - dev - epoch 19 - mAP: 0.399 w/ 35 queries
00:52:36 - [fold 4] best test MAP: 0.421 @ epoch 18
00:52:36 - Evaluating every 1 epochs ...
00:52:36 - reading data from /mnt/home/puxuan/CLIR-project/Evaluation_data/process-clef/uncased
00:52:37 - test has 35 queries ...
00:52:37 - Data reading done ...
00:52:38 - adding 9-th encoder to optimizer...
00:52:38 - adding 10-th encoder to optimizer...
00:52:38 - adding 11-th encoder to optimizer...
00:52:39 - process[7]: training epoch 0 ...
00:52:49 - process[7] - epoch 0 - train iter 195 - 16896.7 words/s - loss: 0.6796
00:52:49 - process[7]: training epoch 1 ...
00:52:59 - process[7] - epoch 1 - train iter 195 - 16291.5 words/s - loss: 0.5615
00:52:59 - process[7]: training epoch 2 ...
00:53:10 - process[7] - epoch 2 - train iter 195 - 17042.3 words/s - loss: 0.4961
00:53:10 - process[7]: training epoch 3 ...
00:53:21 - process[7] - epoch 3 - train iter 195 - 15695.0 words/s - loss: 0.5088
00:53:21 - process[7]: training epoch 4 ...
00:53:32 - process[7] - epoch 4 - train iter 195 - 16370.9 words/s - loss: 0.4558
00:53:32 - process[7]: training epoch 5 ...
00:53:42 - process[7] - epoch 5 - train iter 195 - 17379.7 words/s - loss: 0.4372
00:53:42 - process[7]: training epoch 6 ...
00:53:53 - process[7] - epoch 6 - train iter 195 - 14836.1 words/s - loss: 0.3788
00:53:53 - process[7]: training epoch 7 ...
00:54:04 - process[7] - epoch 7 - train iter 195 - 15921.4 words/s - loss: 0.4525
00:54:04 - process[7]: training epoch 8 ...
00:54:14 - process[7] - epoch 8 - train iter 195 - 17588.2 words/s - loss: 0.4504
00:54:14 - process[7]: training epoch 9 ...
00:54:26 - process[7] - epoch 9 - train iter 195 - 14941.0 words/s - loss: 0.4440
00:54:26 - process[7]: training epoch 10 ...
00:54:38 - process[7] - epoch 10 - train iter 195 - 14770.7 words/s - loss: 0.3996
00:54:38 - process[7]: evaluating epoch 10 on dev ...
00:55:22 - dev set during evaluation: 14470/14463
00:55:22 - process[7] - dev - epoch 10 - mAP: 0.408 w/ 35 queries
00:55:22 - process[7]: evaluating epoch 10 on test ...
00:56:07 - test set during evaluation: 14160/14157
00:56:07 - process[7] - test - epoch 10 - mAP: 0.448 w/ 35 queries
00:56:07 - process[7]: training epoch 11 ...
00:56:19 - process[7] - epoch 11 - train iter 195 - 14817.0 words/s - loss: 0.3795
00:56:19 - process[7]: evaluating epoch 11 on dev ...
00:57:02 - dev set during evaluation: 14470/14463
00:57:02 - process[7] - dev - epoch 11 - mAP: 0.428 w/ 35 queries
00:57:02 - process[7]: evaluating epoch 11 on test ...
00:57:47 - test set during evaluation: 14160/14157
00:57:47 - process[7] - test - epoch 11 - mAP: 0.450 w/ 35 queries
00:57:47 - process[7]: training epoch 12 ...
00:57:57 - process[7] - epoch 12 - train iter 195 - 17168.6 words/s - loss: 0.3662
00:57:57 - process[7]: evaluating epoch 12 on dev ...
00:58:40 - dev set during evaluation: 14470/14463
00:58:40 - process[7] - dev - epoch 12 - mAP: 0.363 w/ 35 queries
00:58:40 - process[7]: training epoch 13 ...
00:58:50 - process[7] - epoch 13 - train iter 195 - 17552.4 words/s - loss: 0.3879
00:58:50 - process[7]: evaluating epoch 13 on dev ...
00:59:32 - dev set during evaluation: 14470/14463
00:59:32 - process[7] - dev - epoch 13 - mAP: 0.420 w/ 35 queries
00:59:32 - process[7]: training epoch 14 ...
00:59:43 - process[7] - epoch 14 - train iter 195 - 15827.8 words/s - loss: 0.3498
00:59:43 - process[7]: evaluating epoch 14 on dev ...
01:00:26 - dev set during evaluation: 14470/14463
01:00:26 - process[7] - dev - epoch 14 - mAP: 0.380 w/ 35 queries
01:00:26 - process[7]: training epoch 15 ...
01:00:37 - process[7] - epoch 15 - train iter 195 - 15926.4 words/s - loss: 0.3861
01:00:37 - process[7]: evaluating epoch 15 on dev ...
01:01:18 - dev set during evaluation: 14470/14463
01:01:18 - process[7] - dev - epoch 15 - mAP: 0.419 w/ 35 queries
01:01:18 - process[7]: training epoch 16 ...
01:01:29 - process[7] - epoch 16 - train iter 195 - 16839.4 words/s - loss: 0.3980
01:01:29 - process[7]: evaluating epoch 16 on dev ...
01:02:12 - dev set during evaluation: 14470/14463
01:02:12 - process[7] - dev - epoch 16 - mAP: 0.397 w/ 35 queries
01:02:12 - process[7]: training epoch 17 ...
01:02:23 - process[7] - epoch 17 - train iter 195 - 16365.7 words/s - loss: 0.3676
01:02:23 - process[7]: evaluating epoch 17 on dev ...
01:03:06 - dev set during evaluation: 14470/14463
01:03:06 - process[7] - dev - epoch 17 - mAP: 0.424 w/ 35 queries
01:03:06 - process[7]: training epoch 18 ...
01:03:16 - process[7] - epoch 18 - train iter 195 - 16578.4 words/s - loss: 0.3990
01:03:16 - process[7]: evaluating epoch 18 on dev ...
01:03:58 - dev set during evaluation: 14470/14463
01:03:58 - process[7] - dev - epoch 18 - mAP: 0.437 w/ 35 queries
01:03:58 - process[7]: evaluating epoch 18 on test ...
01:04:43 - test set during evaluation: 14160/14157
01:04:43 - process[7] - test - epoch 18 - mAP: 0.502 w/ 35 queries
01:04:44 - process[7]: training epoch 19 ...
01:04:55 - process[7] - epoch 19 - train iter 195 - 15537.0 words/s - loss: 0.3540
01:04:55 - process[7]: evaluating epoch 19 on dev ...
01:05:37 - dev set during evaluation: 14470/14463
01:05:37 - process[7] - dev - epoch 19 - mAP: 0.414 w/ 35 queries
01:05:37 - [fold 5] best test MAP: 0.502 @ epoch 18
01:05:37 - [0.464781992451358, 0.4656934259293555, 0.3780185096846725, 0.4210434804205224, 0.5021146210870805]
01:05:37 - [35, 36, 35, 35, 35]
01:05:37 - final MAP: 0.446
00:00:07 - Namespace(apex_level='O2', batch_size=8, cased=False, dataset='clef', debug=False, encoder_lr=2e-05, eval_step=1, full_doc_length=True, local_rank=7, model_path='/mnt/scratch/puxuan/short_qlm_0.15/2186792/huggingface-19', model_type='mbert', num_epochs=20, num_ft_encoders=3, num_neg=1, projector_lr=2e-05, seed=611, source_lang='es', target_lang='en')
00:00:16 - Evaluating every 1 epochs ...
00:00:16 - reading data from /mnt/home/puxuan/CLIR-project/Evaluation_data/process-clef/uncased
00:00:18 - test has 35 queries ...
00:00:18 - Data reading done ...
00:00:24 - adding 9-th encoder to optimizer...
00:00:24 - adding 10-th encoder to optimizer...
00:00:24 - adding 11-th encoder to optimizer...
00:00:25 - process[7]: training epoch 0 ...
00:00:37 - process[7] - epoch 0 - train iter 197 - 14838.7 words/s - loss: 0.6759
00:00:37 - process[7]: training epoch 1 ...
00:00:48 - process[7] - epoch 1 - train iter 197 - 15581.7 words/s - loss: 0.5571
00:00:48 - process[7]: training epoch 2 ...
00:00:58 - process[7] - epoch 2 - train iter 197 - 18028.9 words/s - loss: 0.5720
00:00:58 - process[7]: training epoch 3 ...
00:01:09 - process[7] - epoch 3 - train iter 197 - 16596.8 words/s - loss: 0.4392
00:01:09 - process[7]: training epoch 4 ...
00:01:22 - process[7] - epoch 4 - train iter 197 - 14070.2 words/s - loss: 0.4830
00:01:22 - process[7]: training epoch 5 ...
00:01:34 - process[7] - epoch 5 - train iter 197 - 14906.6 words/s - loss: 0.4906
00:01:34 - process[7]: training epoch 6 ...
00:01:45 - process[7] - epoch 6 - train iter 197 - 16135.9 words/s - loss: 0.4814
00:01:45 - process[7]: training epoch 7 ...
00:01:56 - process[7] - epoch 7 - train iter 197 - 15368.8 words/s - loss: 0.4837
00:01:56 - process[7]: training epoch 8 ...
00:02:08 - process[7] - epoch 8 - train iter 197 - 15234.0 words/s - loss: 0.4719
00:02:08 - process[7]: training epoch 9 ...
00:02:19 - process[7] - epoch 9 - train iter 197 - 16297.6 words/s - loss: 0.4310
00:02:19 - process[7]: training epoch 10 ...
00:02:29 - process[7] - epoch 10 - train iter 197 - 17245.6 words/s - loss: 0.4411
00:02:29 - process[7]: evaluating epoch 10 on dev ...
00:03:15 - dev set during evaluation: 14160/14157
00:03:15 - process[7] - dev - epoch 10 - mAP: 0.448 w/ 35 queries
00:03:15 - process[7]: evaluating epoch 10 on test ...
00:03:56 - test set during evaluation: 14980/14975
00:03:56 - process[7] - test - epoch 10 - mAP: 0.443 w/ 35 queries
00:03:56 - process[7]: training epoch 11 ...
00:04:06 - process[7] - epoch 11 - train iter 197 - 17987.2 words/s - loss: 0.4486
00:04:06 - process[7]: evaluating epoch 11 on dev ...
00:04:53 - dev set during evaluation: 14160/14157
00:04:53 - process[7] - dev - epoch 11 - mAP: 0.456 w/ 35 queries
00:04:53 - process[7]: evaluating epoch 11 on test ...
00:05:34 - test set during evaluation: 14980/14975
00:05:34 - process[7] - test - epoch 11 - mAP: 0.461 w/ 35 queries
00:05:34 - process[7]: training epoch 12 ...
00:05:47 - process[7] - epoch 12 - train iter 197 - 14813.4 words/s - loss: 0.4282
00:05:47 - process[7]: evaluating epoch 12 on dev ...
00:06:29 - dev set during evaluation: 14160/14157
00:06:29 - process[7] - dev - epoch 12 - mAP: 0.438 w/ 35 queries
00:06:29 - process[7]: training epoch 13 ...
00:06:41 - process[7] - epoch 13 - train iter 197 - 14948.8 words/s - loss: 0.3939
00:06:41 - process[7]: evaluating epoch 13 on dev ...
00:07:25 - dev set during evaluation: 14160/14157
00:07:25 - process[7] - dev - epoch 13 - mAP: 0.444 w/ 35 queries
00:07:25 - process[7]: training epoch 14 ...
00:07:37 - process[7] - epoch 14 - train iter 197 - 15389.2 words/s - loss: 0.4038
00:07:37 - process[7]: evaluating epoch 14 on dev ...
00:08:21 - dev set during evaluation: 14160/14157
00:08:21 - process[7] - dev - epoch 14 - mAP: 0.448 w/ 35 queries
00:08:21 - process[7]: training epoch 15 ...
00:08:31 - process[7] - epoch 15 - train iter 197 - 17196.5 words/s - loss: 0.3744
00:08:31 - process[7]: evaluating epoch 15 on dev ...
00:09:16 - dev set during evaluation: 14160/14157
00:09:16 - process[7] - dev - epoch 15 - mAP: 0.425 w/ 35 queries
00:09:16 - process[7]: training epoch 16 ...
00:09:28 - process[7] - epoch 16 - train iter 197 - 15612.6 words/s - loss: 0.4464
00:09:28 - process[7]: evaluating epoch 16 on dev ...
00:10:11 - dev set during evaluation: 14160/14157
00:10:11 - process[7] - dev - epoch 16 - mAP: 0.474 w/ 35 queries
00:10:11 - process[7]: evaluating epoch 16 on test ...
00:10:53 - test set during evaluation: 14980/14975
00:10:53 - process[7] - test - epoch 16 - mAP: 0.465 w/ 35 queries
00:10:53 - process[7]: training epoch 17 ...
00:11:05 - process[7] - epoch 17 - train iter 197 - 14934.1 words/s - loss: 0.3599
00:11:05 - process[7]: evaluating epoch 17 on dev ...
00:11:49 - dev set during evaluation: 14160/14157
00:11:49 - process[7] - dev - epoch 17 - mAP: 0.418 w/ 35 queries
00:11:49 - process[7]: training epoch 18 ...
00:12:00 - process[7] - epoch 18 - train iter 197 - 15361.1 words/s - loss: 0.3436
00:12:00 - process[7]: evaluating epoch 18 on dev ...
00:12:44 - dev set during evaluation: 14160/14157
00:12:44 - process[7] - dev - epoch 18 - mAP: 0.450 w/ 35 queries
00:12:44 - process[7]: training epoch 19 ...
00:12:55 - process[7] - epoch 19 - train iter 197 - 16312.2 words/s - loss: 0.4179
00:12:55 - process[7]: evaluating epoch 19 on dev ...
00:13:41 - dev set during evaluation: 14160/14157
00:13:41 - process[7] - dev - epoch 19 - mAP: 0.462 w/ 35 queries
00:13:41 - [fold 1] best test MAP: 0.465 @ epoch 16
00:13:41 - Evaluating every 1 epochs ...
00:13:41 - reading data from /mnt/home/puxuan/CLIR-project/Evaluation_data/process-clef/uncased
00:13:41 - test has 36 queries ...
00:13:41 - Data reading done ...
00:13:43 - adding 9-th encoder to optimizer...
00:13:43 - adding 10-th encoder to optimizer...
00:13:43 - adding 11-th encoder to optimizer...
00:13:43 - process[7]: training epoch 0 ...
00:13:53 - process[7] - epoch 0 - train iter 187 - 17286.8 words/s - loss: 0.6826
00:13:53 - process[7]: training epoch 1 ...
00:14:03 - process[7] - epoch 1 - train iter 187 - 17197.5 words/s - loss: 0.6028
00:14:03 - process[7]: training epoch 2 ...
00:14:14 - process[7] - epoch 2 - train iter 187 - 15836.4 words/s - loss: 0.5284
00:14:14 - process[7]: training epoch 3 ...
00:14:23 - process[7] - epoch 3 - train iter 187 - 17647.0 words/s - loss: 0.4664
00:14:23 - process[7]: training epoch 4 ...
00:14:33 - process[7] - epoch 4 - train iter 187 - 16605.5 words/s - loss: 0.5293
00:14:33 - process[7]: training epoch 5 ...
00:14:44 - process[7] - epoch 5 - train iter 187 - 15326.3 words/s - loss: 0.5186
00:14:44 - process[7]: training epoch 6 ...
00:14:55 - process[7] - epoch 6 - train iter 187 - 16133.9 words/s - loss: 0.4371
00:14:55 - process[7]: training epoch 7 ...
00:15:05 - process[7] - epoch 7 - train iter 187 - 16222.5 words/s - loss: 0.4012
00:15:05 - process[7]: training epoch 8 ...
00:15:16 - process[7] - epoch 8 - train iter 187 - 16528.7 words/s - loss: 0.4405
00:15:16 - process[7]: training epoch 9 ...
00:15:27 - process[7] - epoch 9 - train iter 187 - 14925.1 words/s - loss: 0.4523
00:15:27 - process[7]: training epoch 10 ...
00:15:37 - process[7] - epoch 10 - train iter 187 - 16486.4 words/s - loss: 0.4301
00:15:37 - process[7]: evaluating epoch 10 on dev ...
00:16:17 - dev set during evaluation: 14980/14975
00:16:17 - process[7] - dev - epoch 10 - mAP: 0.433 w/ 35 queries
00:16:17 - process[7]: evaluating epoch 10 on test ...
00:17:00 - test set during evaluation: 15300/15294
00:17:00 - process[7] - test - epoch 10 - mAP: 0.474 w/ 36 queries
00:17:00 - process[7]: training epoch 11 ...
00:17:09 - process[7] - epoch 11 - train iter 187 - 20199.4 words/s - loss: 0.4252
00:17:09 - process[7]: evaluating epoch 11 on dev ...
00:17:52 - dev set during evaluation: 14980/14975
00:17:52 - process[7] - dev - epoch 11 - mAP: 0.408 w/ 35 queries
00:17:52 - process[7]: training epoch 12 ...
00:18:01 - process[7] - epoch 12 - train iter 187 - 19259.3 words/s - loss: 0.4487
00:18:01 - process[7]: evaluating epoch 12 on dev ...
00:18:43 - dev set during evaluation: 14980/14975
00:18:43 - process[7] - dev - epoch 12 - mAP: 0.412 w/ 35 queries
00:18:43 - process[7]: training epoch 13 ...
00:18:54 - process[7] - epoch 13 - train iter 187 - 16101.2 words/s - loss: 0.4733
00:18:54 - process[7]: evaluating epoch 13 on dev ...
00:19:34 - dev set during evaluation: 14980/14975
00:19:34 - process[7] - dev - epoch 13 - mAP: 0.416 w/ 35 queries
00:19:34 - process[7]: training epoch 14 ...
00:19:44 - process[7] - epoch 14 - train iter 187 - 17992.0 words/s - loss: 0.4028
00:19:44 - process[7]: evaluating epoch 14 on dev ...
00:20:26 - dev set during evaluation: 14980/14975
00:20:26 - process[7] - dev - epoch 14 - mAP: 0.397 w/ 35 queries
00:20:26 - process[7]: training epoch 15 ...
00:20:38 - process[7] - epoch 15 - train iter 187 - 14229.1 words/s - loss: 0.3824
00:20:38 - process[7]: evaluating epoch 15 on dev ...
00:21:17 - dev set during evaluation: 14980/14975
00:21:17 - process[7] - dev - epoch 15 - mAP: 0.424 w/ 35 queries
00:21:17 - process[7]: training epoch 16 ...
00:21:28 - process[7] - epoch 16 - train iter 187 - 15493.9 words/s - loss: 0.4152
00:21:28 - process[7]: evaluating epoch 16 on dev ...
00:22:09 - dev set during evaluation: 14980/14975
00:22:09 - process[7] - dev - epoch 16 - mAP: 0.385 w/ 35 queries
00:22:09 - process[7]: training epoch 17 ...
00:22:21 - process[7] - epoch 17 - train iter 187 - 14738.7 words/s - loss: 0.4342
00:22:21 - process[7]: evaluating epoch 17 on dev ...
00:23:00 - dev set during evaluation: 14980/14975
00:23:00 - process[7] - dev - epoch 17 - mAP: 0.447 w/ 35 queries
00:23:00 - process[7]: evaluating epoch 17 on test ...
00:23:43 - test set during evaluation: 15300/15294
00:23:43 - process[7] - test - epoch 17 - mAP: 0.466 w/ 36 queries
00:23:43 - process[7]: training epoch 18 ...
00:23:53 - process[7] - epoch 18 - train iter 187 - 16977.0 words/s - loss: 0.3704
00:23:53 - process[7]: evaluating epoch 18 on dev ...
00:24:35 - dev set during evaluation: 14980/14975
00:24:35 - process[7] - dev - epoch 18 - mAP: 0.412 w/ 35 queries
00:24:35 - process[7]: training epoch 19 ...
00:24:44 - process[7] - epoch 19 - train iter 187 - 18106.7 words/s - loss: 0.4187
00:24:44 - process[7]: evaluating epoch 19 on dev ...
00:25:26 - dev set during evaluation: 14980/14975
00:25:26 - process[7] - dev - epoch 19 - mAP: 0.431 w/ 35 queries
00:25:26 - [fold 2] best test MAP: 0.466 @ epoch 17
00:25:26 - Evaluating every 1 epochs ...
00:25:26 - reading data from /mnt/home/puxuan/CLIR-project/Evaluation_data/process-clef/uncased
00:25:27 - test has 35 queries ...
00:25:27 - Data reading done ...
00:25:28 - adding 9-th encoder to optimizer...
00:25:28 - adding 10-th encoder to optimizer...
00:25:28 - adding 11-th encoder to optimizer...
00:25:29 - process[7]: training epoch 0 ...
00:25:39 - process[7] - epoch 0 - train iter 196 - 18073.8 words/s - loss: 0.6851
00:25:39 - process[7]: training epoch 1 ...
00:25:50 - process[7] - epoch 1 - train iter 196 - 16321.1 words/s - loss: 0.6002
00:25:50 - process[7]: training epoch 2 ...
00:26:00 - process[7] - epoch 2 - train iter 196 - 17278.7 words/s - loss: 0.5206
00:26:00 - process[7]: training epoch 3 ...
00:26:10 - process[7] - epoch 3 - train iter 196 - 16946.8 words/s - loss: 0.5259
00:26:10 - process[7]: training epoch 4 ...
00:26:20 - process[7] - epoch 4 - train iter 196 - 18326.4 words/s - loss: 0.4957
00:26:20 - process[7]: training epoch 5 ...
00:26:30 - process[7] - epoch 5 - train iter 196 - 17796.8 words/s - loss: 0.4625
00:26:30 - process[7]: training epoch 6 ...
00:26:39 - process[7] - epoch 6 - train iter 196 - 17789.7 words/s - loss: 0.4467
00:26:39 - process[7]: training epoch 7 ...
00:26:48 - process[7] - epoch 7 - train iter 196 - 19165.7 words/s - loss: 0.4578
00:26:48 - process[7]: training epoch 8 ...
00:27:00 - process[7] - epoch 8 - train iter 196 - 15605.2 words/s - loss: 0.4593
00:27:00 - process[7]: training epoch 9 ...
00:27:10 - process[7] - epoch 9 - train iter 196 - 17777.0 words/s - loss: 0.3924
00:27:10 - process[7]: training epoch 10 ...
00:27:20 - process[7] - epoch 10 - train iter 196 - 17336.3 words/s - loss: 0.4531
00:27:20 - process[7]: evaluating epoch 10 on dev ...
00:28:09 - dev set during evaluation: 15300/15294
00:28:09 - process[7] - dev - epoch 10 - mAP: 0.428 w/ 36 queries
00:28:09 - process[7]: evaluating epoch 10 on test ...
00:28:52 - test set during evaluation: 15480/15477
00:28:52 - process[7] - test - epoch 10 - mAP: 0.343 w/ 35 queries
00:28:52 - process[7]: training epoch 11 ...
00:29:02 - process[7] - epoch 11 - train iter 196 - 16320.6 words/s - loss: 0.4381
00:29:02 - process[7]: evaluating epoch 11 on dev ...
00:29:45 - dev set during evaluation: 15300/15294
00:29:45 - process[7] - dev - epoch 11 - mAP: 0.452 w/ 36 queries
00:29:45 - process[7]: evaluating epoch 11 on test ...
00:30:27 - test set during evaluation: 15480/15477
00:30:27 - process[7] - test - epoch 11 - mAP: 0.361 w/ 35 queries
00:30:27 - process[7]: training epoch 12 ...
00:30:38 - process[7] - epoch 12 - train iter 196 - 17177.0 words/s - loss: 0.3597
00:30:38 - process[7]: evaluating epoch 12 on dev ...
00:31:20 - dev set during evaluation: 15300/15294
00:31:20 - process[7] - dev - epoch 12 - mAP: 0.438 w/ 36 queries
00:31:20 - process[7]: training epoch 13 ...
00:31:32 - process[7] - epoch 13 - train iter 196 - 16238.7 words/s - loss: 0.3898
00:31:32 - process[7]: evaluating epoch 13 on dev ...
00:32:14 - dev set during evaluation: 15300/15294
00:32:14 - process[7] - dev - epoch 13 - mAP: 0.447 w/ 36 queries
00:32:14 - process[7]: training epoch 14 ...
00:32:25 - process[7] - epoch 14 - train iter 196 - 15965.3 words/s - loss: 0.4119
00:32:25 - process[7]: evaluating epoch 14 on dev ...
00:33:07 - dev set during evaluation: 15300/15294
00:33:07 - process[7] - dev - epoch 14 - mAP: 0.467 w/ 36 queries
00:33:07 - process[7]: evaluating epoch 14 on test ...
00:33:49 - test set during evaluation: 15480/15477
00:33:49 - process[7] - test - epoch 14 - mAP: 0.386 w/ 35 queries
00:33:49 - process[7]: training epoch 15 ...
00:33:59 - process[7] - epoch 15 - train iter 196 - 17379.4 words/s - loss: 0.3745
00:33:59 - process[7]: evaluating epoch 15 on dev ...
00:34:42 - dev set during evaluation: 15300/15294
00:34:42 - process[7] - dev - epoch 15 - mAP: 0.477 w/ 36 queries
00:34:42 - process[7]: evaluating epoch 15 on test ...
00:35:24 - test set during evaluation: 15480/15477
00:35:24 - process[7] - test - epoch 15 - mAP: 0.378 w/ 35 queries
00:35:24 - process[7]: training epoch 16 ...
00:35:34 - process[7] - epoch 16 - train iter 196 - 17264.5 words/s - loss: 0.3654
00:35:34 - process[7]: evaluating epoch 16 on dev ...
00:36:17 - dev set during evaluation: 15300/15294
00:36:17 - process[7] - dev - epoch 16 - mAP: 0.447 w/ 36 queries
00:36:17 - process[7]: training epoch 17 ...
00:36:26 - process[7] - epoch 17 - train iter 196 - 18169.1 words/s - loss: 0.3422
00:36:26 - process[7]: evaluating epoch 17 on dev ...
00:37:09 - dev set during evaluation: 15300/15294
00:37:09 - process[7] - dev - epoch 17 - mAP: 0.413 w/ 36 queries
00:37:09 - process[7]: training epoch 18 ...
00:37:19 - process[7] - epoch 18 - train iter 196 - 18345.7 words/s - loss: 0.3975
00:37:19 - process[7]: evaluating epoch 18 on dev ...
00:38:02 - dev set during evaluation: 15300/15294
00:38:03 - process[7] - dev - epoch 18 - mAP: 0.453 w/ 36 queries
00:38:03 - process[7]: training epoch 19 ...
00:38:13 - process[7] - epoch 19 - train iter 196 - 17692.6 words/s - loss: 0.3837
00:38:13 - process[7]: evaluating epoch 19 on dev ...
00:38:56 - dev set during evaluation: 15300/15294
00:38:56 - process[7] - dev - epoch 19 - mAP: 0.437 w/ 36 queries
00:38:56 - [fold 3] best test MAP: 0.378 @ epoch 15
00:38:56 - Evaluating every 1 epochs ...
00:38:56 - reading data from /mnt/home/puxuan/CLIR-project/Evaluation_data/process-clef/uncased
00:38:56 - test has 35 queries ...
00:38:56 - Data reading done ...
00:38:58 - adding 9-th encoder to optimizer...
00:38:58 - adding 10-th encoder to optimizer...
00:38:58 - adding 11-th encoder to optimizer...
00:38:58 - process[7]: training epoch 0 ...
00:39:09 - process[7] - epoch 0 - train iter 207 - 18241.0 words/s - loss: 0.6705
00:39:09 - process[7]: training epoch 1 ...
00:39:21 - process[7] - epoch 1 - train iter 207 - 15271.6 words/s - loss: 0.5713
00:39:21 - process[7]: training epoch 2 ...
00:39:33 - process[7] - epoch 2 - train iter 207 - 15893.2 words/s - loss: 0.5363
00:39:33 - process[7]: training epoch 3 ...
00:39:44 - process[7] - epoch 3 - train iter 207 - 16830.5 words/s - loss: 0.4870
00:39:44 - process[7]: training epoch 4 ...
00:39:56 - process[7] - epoch 4 - train iter 207 - 15855.3 words/s - loss: 0.4234
00:39:56 - process[7]: training epoch 5 ...
00:40:07 - process[7] - epoch 5 - train iter 207 - 16156.8 words/s - loss: 0.4633
00:40:07 - process[7]: training epoch 6 ...
00:40:19 - process[7] - epoch 6 - train iter 207 - 15895.7 words/s - loss: 0.3999
00:40:19 - process[7]: training epoch 7 ...
00:40:30 - process[7] - epoch 7 - train iter 207 - 16379.4 words/s - loss: 0.4066
00:40:30 - process[7]: training epoch 8 ...
00:40:41 - process[7] - epoch 8 - train iter 207 - 16561.6 words/s - loss: 0.4203
00:40:41 - process[7]: training epoch 9 ...
00:40:52 - process[7] - epoch 9 - train iter 207 - 17635.3 words/s - loss: 0.3964
00:40:52 - process[7]: training epoch 10 ...
00:41:03 - process[7] - epoch 10 - train iter 207 - 16953.8 words/s - loss: 0.4179
00:41:03 - process[7]: evaluating epoch 10 on dev ...
00:41:48 - dev set during evaluation: 15480/15477
00:41:48 - process[7] - dev - epoch 10 - mAP: 0.389 w/ 35 queries
00:41:48 - process[7]: evaluating epoch 10 on test ...
00:42:30 - test set during evaluation: 14470/14463
00:42:30 - process[7] - test - epoch 10 - mAP: 0.414 w/ 35 queries
00:42:30 - process[7]: training epoch 11 ...
00:42:42 - process[7] - epoch 11 - train iter 207 - 16425.5 words/s - loss: 0.3527
00:42:42 - process[7]: evaluating epoch 11 on dev ...
00:43:23 - dev set during evaluation: 15480/15477
00:43:23 - process[7] - dev - epoch 11 - mAP: 0.358 w/ 35 queries
00:43:23 - process[7]: training epoch 12 ...
00:43:35 - process[7] - epoch 12 - train iter 207 - 16273.1 words/s - loss: 0.3803
00:43:35 - process[7]: evaluating epoch 12 on dev ...
00:44:17 - dev set during evaluation: 15480/15477
00:44:17 - process[7] - dev - epoch 12 - mAP: 0.371 w/ 35 queries
00:44:17 - process[7]: training epoch 13 ...
00:44:29 - process[7] - epoch 13 - train iter 207 - 15890.9 words/s - loss: 0.3692
00:44:29 - process[7]: evaluating epoch 13 on dev ...
00:45:12 - dev set during evaluation: 15480/15477
00:45:12 - process[7] - dev - epoch 13 - mAP: 0.357 w/ 35 queries
00:45:12 - process[7]: training epoch 14 ...
00:45:24 - process[7] - epoch 14 - train iter 207 - 16141.8 words/s - loss: 0.3851
00:45:24 - process[7]: evaluating epoch 14 on dev ...
00:46:07 - dev set during evaluation: 15480/15477
00:46:07 - process[7] - dev - epoch 14 - mAP: 0.404 w/ 35 queries
00:46:07 - process[7]: evaluating epoch 14 on test ...
00:46:50 - test set during evaluation: 14470/14463
00:46:50 - process[7] - test - epoch 14 - mAP: 0.433 w/ 35 queries
00:46:50 - process[7]: training epoch 15 ...
00:47:00 - process[7] - epoch 15 - train iter 207 - 17868.2 words/s - loss: 0.3361
00:47:00 - process[7]: evaluating epoch 15 on dev ...
00:47:42 - dev set during evaluation: 15480/15477
00:47:42 - process[7] - dev - epoch 15 - mAP: 0.398 w/ 35 queries
00:47:42 - process[7]: training epoch 16 ...
00:47:54 - process[7] - epoch 16 - train iter 207 - 16447.2 words/s - loss: 0.4041
00:47:54 - process[7]: evaluating epoch 16 on dev ...
00:48:36 - dev set during evaluation: 15480/15477
00:48:36 - process[7] - dev - epoch 16 - mAP: 0.382 w/ 35 queries
00:48:36 - process[7]: training epoch 17 ...
00:48:47 - process[7] - epoch 17 - train iter 207 - 17401.1 words/s - loss: 0.4051
00:48:47 - process[7]: evaluating epoch 17 on dev ...
00:49:31 - dev set during evaluation: 15480/15477
00:49:31 - process[7] - dev - epoch 17 - mAP: 0.407 w/ 35 queries
00:49:31 - process[7]: evaluating epoch 17 on test ...
00:50:13 - test set during evaluation: 14470/14463
00:50:13 - process[7] - test - epoch 17 - mAP: 0.419 w/ 35 queries
00:50:13 - process[7]: training epoch 18 ...
00:50:23 - process[7] - epoch 18 - train iter 207 - 18112.8 words/s - loss: 0.3556
00:50:23 - process[7]: evaluating epoch 18 on dev ...
00:51:06 - dev set during evaluation: 15480/15477
00:51:06 - process[7] - dev - epoch 18 - mAP: 0.410 w/ 35 queries
00:51:07 - process[7]: evaluating epoch 18 on test ...
00:51:49 - test set during evaluation: 14470/14463
00:51:49 - process[7] - test - epoch 18 - mAP: 0.421 w/ 35 queries
00:51:49 - process[7]: training epoch 19 ...
00:52:01 - process[7] - epoch 19 - train iter 207 - 16144.5 words/s - loss: 0.3519
00:52:01 - process[7]: evaluating epoch 19 on dev ...
00:52:43 - dev set during evaluation: 15480/15477
00:52:43 - process[7] - dev - epoch 19 - mAP: 0.399 w/ 35 queries
00:52:43 - [fold 4] best test MAP: 0.421 @ epoch 18
00:52:43 - Evaluating every 1 epochs ...
00:52:43 - reading data from /mnt/home/puxuan/CLIR-project/Evaluation_data/process-clef/uncased
00:52:43 - test has 35 queries ...
00:52:43 - Data reading done ...
00:52:45 - adding 9-th encoder to optimizer...
00:52:45 - adding 10-th encoder to optimizer...
00:52:45 - adding 11-th encoder to optimizer...
00:52:45 - process[7]: training epoch 0 ...
00:52:56 - process[7] - epoch 0 - train iter 195 - 16946.4 words/s - loss: 0.6796
00:52:56 - process[7]: training epoch 1 ...
00:53:06 - process[7] - epoch 1 - train iter 195 - 16371.9 words/s - loss: 0.5615
00:53:06 - process[7]: training epoch 2 ...
00:53:16 - process[7] - epoch 2 - train iter 195 - 17178.2 words/s - loss: 0.4961
00:53:16 - process[7]: training epoch 3 ...
00:53:28 - process[7] - epoch 3 - train iter 195 - 15791.2 words/s - loss: 0.5088
00:53:28 - process[7]: training epoch 4 ...
00:53:38 - process[7] - epoch 4 - train iter 195 - 16371.8 words/s - loss: 0.4558
00:53:38 - process[7]: training epoch 5 ...
00:53:48 - process[7] - epoch 5 - train iter 195 - 17365.1 words/s - loss: 0.4372
00:53:48 - process[7]: training epoch 6 ...
00:54:00 - process[7] - epoch 6 - train iter 195 - 14936.2 words/s - loss: 0.3788
00:54:00 - process[7]: training epoch 7 ...
00:54:11 - process[7] - epoch 7 - train iter 195 - 15928.4 words/s - loss: 0.4525
00:54:11 - process[7]: training epoch 8 ...
00:54:21 - process[7] - epoch 8 - train iter 195 - 17644.8 words/s - loss: 0.4504
00:54:21 - process[7]: training epoch 9 ...
00:54:32 - process[7] - epoch 9 - train iter 195 - 14943.1 words/s - loss: 0.4440
00:54:32 - process[7]: training epoch 10 ...
00:54:44 - process[7] - epoch 10 - train iter 195 - 14793.6 words/s - loss: 0.3996
00:54:44 - process[7]: evaluating epoch 10 on dev ...
00:55:29 - dev set during evaluation: 14470/14463
00:55:29 - process[7] - dev - epoch 10 - mAP: 0.408 w/ 35 queries
00:55:29 - process[7]: evaluating epoch 10 on test ...
00:56:15 - test set during evaluation: 14160/14157
00:56:15 - process[7] - test - epoch 10 - mAP: 0.448 w/ 35 queries
00:56:15 - process[7]: training epoch 11 ...
00:56:27 - process[7] - epoch 11 - train iter 195 - 14827.5 words/s - loss: 0.3795
00:56:27 - process[7]: evaluating epoch 11 on dev ...
00:57:09 - dev set during evaluation: 14470/14463
00:57:09 - process[7] - dev - epoch 11 - mAP: 0.428 w/ 35 queries
00:57:09 - process[7]: evaluating epoch 11 on test ...
00:57:55 - test set during evaluation: 14160/14157
00:57:55 - process[7] - test - epoch 11 - mAP: 0.450 w/ 35 queries
00:57:55 - process[7]: training epoch 12 ...
00:58:05 - process[7] - epoch 12 - train iter 195 - 17152.9 words/s - loss: 0.3662
00:58:05 - process[7]: evaluating epoch 12 on dev ...
00:58:48 - dev set during evaluation: 14470/14463
00:58:48 - process[7] - dev - epoch 12 - mAP: 0.363 w/ 35 queries
00:58:48 - process[7]: training epoch 13 ...
00:58:58 - process[7] - epoch 13 - train iter 195 - 17470.8 words/s - loss: 0.3879
00:58:58 - process[7]: evaluating epoch 13 on dev ...
00:59:40 - dev set during evaluation: 14470/14463
00:59:40 - process[7] - dev - epoch 13 - mAP: 0.420 w/ 35 queries
00:59:40 - process[7]: training epoch 14 ...
00:59:52 - process[7] - epoch 14 - train iter 195 - 15644.8 words/s - loss: 0.3498
00:59:52 - process[7]: evaluating epoch 14 on dev ...
01:00:34 - dev set during evaluation: 14470/14463
01:00:34 - process[7] - dev - epoch 14 - mAP: 0.380 w/ 35 queries
01:00:34 - process[7]: training epoch 15 ...
01:00:45 - process[7] - epoch 15 - train iter 195 - 15888.5 words/s - loss: 0.3861
01:00:45 - process[7]: evaluating epoch 15 on dev ...
01:01:26 - dev set during evaluation: 14470/14463
01:01:26 - process[7] - dev - epoch 15 - mAP: 0.419 w/ 35 queries
01:01:26 - process[7]: training epoch 16 ...
01:01:37 - process[7] - epoch 16 - train iter 195 - 16757.0 words/s - loss: 0.3980
01:01:37 - process[7]: evaluating epoch 16 on dev ...
01:02:20 - dev set during evaluation: 14470/14463
01:02:20 - process[7] - dev - epoch 16 - mAP: 0.397 w/ 35 queries
01:02:20 - process[7]: training epoch 17 ...
01:02:31 - process[7] - epoch 17 - train iter 195 - 16217.9 words/s - loss: 0.3676
01:02:31 - process[7]: evaluating epoch 17 on dev ...
01:03:14 - dev set during evaluation: 14470/14463
01:03:14 - process[7] - dev - epoch 17 - mAP: 0.424 w/ 35 queries
01:03:14 - process[7]: training epoch 18 ...
01:03:25 - process[7] - epoch 18 - train iter 195 - 16632.0 words/s - loss: 0.3990
01:03:25 - process[7]: evaluating epoch 18 on dev ...
01:04:07 - dev set during evaluation: 14470/14463
01:04:07 - process[7] - dev - epoch 18 - mAP: 0.437 w/ 35 queries
01:04:07 - process[7]: evaluating epoch 18 on test ...
01:04:52 - test set during evaluation: 14160/14157
01:04:52 - process[7] - test - epoch 18 - mAP: 0.502 w/ 35 queries
01:04:52 - process[7]: training epoch 19 ...
01:05:03 - process[7] - epoch 19 - train iter 195 - 15403.1 words/s - loss: 0.3540
01:05:03 - process[7]: evaluating epoch 19 on dev ...
01:05:45 - dev set during evaluation: 14470/14463
01:05:45 - process[7] - dev - epoch 19 - mAP: 0.414 w/ 35 queries
01:05:45 - [fold 5] best test MAP: 0.502 @ epoch 18
01:05:45 - [0.464781992451358, 0.4656934259293555, 0.3780185096846725, 0.4210434804205224, 0.5021146210870805]
01:05:45 - [35, 36, 35, 35, 35]
01:05:45 - final MAP: 0.446
