00:00:06 - Namespace(apex_level='O2', batch_size=8, cased=False, dataset='clef', debug=False, encoder_lr=2e-05, eval_step=1, full_doc_length=True, local_rank=0, model_path='/mnt/scratch/puxuan/short_rr/2186734/huggingface-14', model_type='mbert', num_epochs=20, num_ft_encoders=3, num_neg=1, projector_lr=2e-05, seed=611, source_lang='es', target_lang='fr')
00:00:19 - Evaluating every 1 epochs ...
00:00:19 - reading data from /mnt/home/puxuan/CLIR-project/Evaluation_data/process-clef/uncased
00:00:19 - test has 37 queries ...
00:00:19 - Data reading done ...
00:00:26 - adding 9-th encoder to optimizer...
00:00:26 - adding 10-th encoder to optimizer...
00:00:26 - adding 11-th encoder to optimizer...
00:00:26 - process[0]: training epoch 0 ...
00:00:36 - process[0] - epoch 0 - train iter 241 - 19926.7 words/s - loss: 0.5636
00:00:36 - process[0]: training epoch 1 ...
00:00:45 - process[0] - epoch 1 - train iter 241 - 22351.0 words/s - loss: 0.4997
00:00:45 - process[0]: training epoch 2 ...
00:00:55 - process[0] - epoch 2 - train iter 241 - 20985.3 words/s - loss: 0.5574
00:00:55 - process[0]: training epoch 3 ...
00:01:04 - process[0] - epoch 3 - train iter 241 - 21276.5 words/s - loss: 0.4542
00:01:04 - process[0]: training epoch 4 ...
00:01:12 - process[0] - epoch 4 - train iter 241 - 21880.9 words/s - loss: 0.4564
00:01:12 - process[0]: training epoch 5 ...
00:01:21 - process[0] - epoch 5 - train iter 241 - 22573.0 words/s - loss: 0.4402
00:01:21 - process[0]: training epoch 6 ...
00:01:30 - process[0] - epoch 6 - train iter 241 - 21583.2 words/s - loss: 0.4581
00:01:30 - process[0]: training epoch 7 ...
00:01:39 - process[0] - epoch 7 - train iter 241 - 22594.8 words/s - loss: 0.4913
00:01:39 - process[0]: training epoch 8 ...
00:01:48 - process[0] - epoch 8 - train iter 241 - 21546.6 words/s - loss: 0.4676
00:01:48 - process[0]: training epoch 9 ...
00:01:58 - process[0] - epoch 9 - train iter 241 - 20776.8 words/s - loss: 0.4760
00:01:58 - process[0]: training epoch 10 ...
00:02:06 - process[0] - epoch 10 - train iter 241 - 22645.2 words/s - loss: 0.4101
00:02:06 - process[0]: evaluating epoch 10 on dev ...
00:02:27 - process[0] - dev - epoch 10 - mAP: 0.437 w/ 37 queries
00:02:27 - removing file tmp_5f/mbert_esfr_dev_0_10.txt
00:02:27 - removing file tmp_5f/mbert_esfr_dev_2_10.txt
00:02:27 - removing file tmp_5f/mbert_esfr_dev_7_10.txt
00:02:27 - removing file tmp_5f/mbert_esfr_dev_5_10.txt
00:02:27 - removing file tmp_5f/mbert_esfr_dev_8_10.txt
00:02:27 - removing file tmp_5f/mbert_esfr_dev_3_10.txt
00:02:27 - removing file tmp_5f/mbert_esfr_dev_6_10.txt
00:02:27 - removing file tmp_5f/mbert_esfr_dev_1_10.txt
00:02:27 - removing file tmp_5f/mbert_esfr_dev_9_10.txt
00:02:27 - removing file tmp_5f/mbert_esfr_dev_4_10.txt
00:02:27 - process[0]: evaluating epoch 10 on test ...
00:02:45 - test set during evaluation: 11380/11372
00:02:45 - process[0] - test - epoch 10 - mAP: 0.510 w/ 37 queries
00:02:45 - removing file tmp_5f/mbert_esfr_test_8_10.txt
00:02:45 - removing file tmp_5f/mbert_esfr_test_4_10.txt
00:02:45 - removing file tmp_5f/mbert_esfr_test_0_10.txt
00:02:45 - removing file tmp_5f/mbert_esfr_test_5_10.txt
00:02:45 - removing file tmp_5f/mbert_esfr_test_3_10.txt
00:02:45 - removing file tmp_5f/mbert_esfr_test_6_10.txt
00:02:45 - removing file tmp_5f/mbert_esfr_test_9_10.txt
00:02:45 - removing file tmp_5f/mbert_esfr_test_1_10.txt
00:02:45 - removing file tmp_5f/mbert_esfr_test_7_10.txt
00:02:45 - removing file tmp_5f/mbert_esfr_test_2_10.txt
00:02:45 - process[0]: training epoch 11 ...
00:02:55 - process[0] - epoch 11 - train iter 241 - 20036.4 words/s - loss: 0.4392
00:02:55 - process[0]: evaluating epoch 11 on dev ...
00:03:14 - process[0] - dev - epoch 11 - mAP: 0.428 w/ 37 queries
00:03:14 - removing file tmp_5f/mbert_esfr_dev_8_11.txt
00:03:14 - removing file tmp_5f/mbert_esfr_dev_1_11.txt
00:03:14 - removing file tmp_5f/mbert_esfr_dev_5_11.txt
00:03:14 - removing file tmp_5f/mbert_esfr_dev_2_11.txt
00:03:14 - removing file tmp_5f/mbert_esfr_dev_6_11.txt
00:03:14 - removing file tmp_5f/mbert_esfr_dev_7_11.txt
00:03:14 - removing file tmp_5f/mbert_esfr_dev_9_11.txt
00:03:14 - removing file tmp_5f/mbert_esfr_dev_4_11.txt
00:03:14 - removing file tmp_5f/mbert_esfr_dev_0_11.txt
00:03:14 - removing file tmp_5f/mbert_esfr_dev_3_11.txt
00:03:14 - process[0]: training epoch 12 ...
00:03:23 - process[0] - epoch 12 - train iter 241 - 20974.8 words/s - loss: 0.4517
00:03:23 - process[0]: evaluating epoch 12 on dev ...
00:03:41 - process[0] - dev - epoch 12 - mAP: 0.436 w/ 37 queries
00:03:41 - removing file tmp_5f/mbert_esfr_dev_3_12.txt
00:03:41 - removing file tmp_5f/mbert_esfr_dev_6_12.txt
00:03:41 - removing file tmp_5f/mbert_esfr_dev_9_12.txt
00:03:41 - removing file tmp_5f/mbert_esfr_dev_4_12.txt
00:03:41 - removing file tmp_5f/mbert_esfr_dev_1_12.txt
00:03:41 - removing file tmp_5f/mbert_esfr_dev_2_12.txt
00:03:41 - removing file tmp_5f/mbert_esfr_dev_8_12.txt
00:03:41 - removing file tmp_5f/mbert_esfr_dev_0_12.txt
00:03:41 - removing file tmp_5f/mbert_esfr_dev_7_12.txt
00:03:41 - removing file tmp_5f/mbert_esfr_dev_5_12.txt
00:03:41 - process[0]: training epoch 13 ...
00:03:50 - process[0] - epoch 13 - train iter 241 - 21767.9 words/s - loss: 0.4438
00:03:50 - process[0]: evaluating epoch 13 on dev ...
00:04:08 - process[0] - dev - epoch 13 - mAP: 0.436 w/ 37 queries
00:04:08 - removing file tmp_5f/mbert_esfr_dev_2_13.txt
00:04:08 - removing file tmp_5f/mbert_esfr_dev_5_13.txt
00:04:08 - removing file tmp_5f/mbert_esfr_dev_8_13.txt
00:04:08 - removing file tmp_5f/mbert_esfr_dev_3_13.txt
00:04:08 - removing file tmp_5f/mbert_esfr_dev_1_13.txt
00:04:08 - removing file tmp_5f/mbert_esfr_dev_7_13.txt
00:04:08 - removing file tmp_5f/mbert_esfr_dev_9_13.txt
00:04:08 - removing file tmp_5f/mbert_esfr_dev_6_13.txt
00:04:08 - removing file tmp_5f/mbert_esfr_dev_0_13.txt
00:04:08 - removing file tmp_5f/mbert_esfr_dev_4_13.txt
00:04:08 - process[0]: training epoch 14 ...
00:04:17 - process[0] - epoch 14 - train iter 241 - 22964.4 words/s - loss: 0.4442
00:04:17 - process[0]: evaluating epoch 14 on dev ...
00:04:36 - process[0] - dev - epoch 14 - mAP: 0.434 w/ 37 queries
00:04:36 - removing file tmp_5f/mbert_esfr_dev_4_14.txt
00:04:36 - removing file tmp_5f/mbert_esfr_dev_0_14.txt
00:04:36 - removing file tmp_5f/mbert_esfr_dev_5_14.txt
00:04:36 - removing file tmp_5f/mbert_esfr_dev_9_14.txt
00:04:36 - removing file tmp_5f/mbert_esfr_dev_1_14.txt
00:04:36 - removing file tmp_5f/mbert_esfr_dev_7_14.txt
00:04:36 - removing file tmp_5f/mbert_esfr_dev_8_14.txt
00:04:36 - removing file tmp_5f/mbert_esfr_dev_3_14.txt
00:04:36 - removing file tmp_5f/mbert_esfr_dev_6_14.txt
00:04:36 - removing file tmp_5f/mbert_esfr_dev_2_14.txt
00:04:36 - process[0]: training epoch 15 ...
00:04:44 - process[0] - epoch 15 - train iter 241 - 23659.3 words/s - loss: 0.4100
00:04:44 - process[0]: evaluating epoch 15 on dev ...
00:05:04 - process[0] - dev - epoch 15 - mAP: 0.437 w/ 37 queries
00:05:04 - removing file tmp_5f/mbert_esfr_dev_2_15.txt
00:05:04 - removing file tmp_5f/mbert_esfr_dev_1_15.txt
00:05:04 - removing file tmp_5f/mbert_esfr_dev_4_15.txt
00:05:04 - removing file tmp_5f/mbert_esfr_dev_5_15.txt
00:05:04 - removing file tmp_5f/mbert_esfr_dev_3_15.txt
00:05:04 - removing file tmp_5f/mbert_esfr_dev_6_15.txt
00:05:04 - removing file tmp_5f/mbert_esfr_dev_8_15.txt
00:05:04 - removing file tmp_5f/mbert_esfr_dev_7_15.txt
00:05:04 - removing file tmp_5f/mbert_esfr_dev_0_15.txt
00:05:04 - removing file tmp_5f/mbert_esfr_dev_9_15.txt
00:05:04 - process[0]: training epoch 16 ...
00:05:13 - process[0] - epoch 16 - train iter 241 - 21213.2 words/s - loss: 0.4118
00:05:13 - process[0]: evaluating epoch 16 on dev ...
00:05:32 - process[0] - dev - epoch 16 - mAP: 0.431 w/ 37 queries
00:05:32 - removing file tmp_5f/mbert_esfr_dev_8_16.txt
00:05:32 - removing file tmp_5f/mbert_esfr_dev_4_16.txt
00:05:32 - removing file tmp_5f/mbert_esfr_dev_3_16.txt
00:05:32 - removing file tmp_5f/mbert_esfr_dev_2_16.txt
00:05:32 - removing file tmp_5f/mbert_esfr_dev_7_16.txt
00:05:32 - removing file tmp_5f/mbert_esfr_dev_0_16.txt
00:05:32 - removing file tmp_5f/mbert_esfr_dev_1_16.txt
00:05:32 - removing file tmp_5f/mbert_esfr_dev_9_16.txt
00:05:32 - removing file tmp_5f/mbert_esfr_dev_5_16.txt
00:05:32 - removing file tmp_5f/mbert_esfr_dev_6_16.txt
00:05:32 - process[0]: training epoch 17 ...
00:05:41 - process[0] - epoch 17 - train iter 241 - 22037.5 words/s - loss: 0.4197
00:05:41 - process[0]: evaluating epoch 17 on dev ...
00:05:59 - process[0] - dev - epoch 17 - mAP: 0.432 w/ 37 queries
00:05:59 - removing file tmp_5f/mbert_esfr_dev_6_17.txt
00:05:59 - removing file tmp_5f/mbert_esfr_dev_8_17.txt
00:05:59 - removing file tmp_5f/mbert_esfr_dev_9_17.txt
00:05:59 - removing file tmp_5f/mbert_esfr_dev_0_17.txt
00:05:59 - removing file tmp_5f/mbert_esfr_dev_5_17.txt
00:05:59 - removing file tmp_5f/mbert_esfr_dev_1_17.txt
00:05:59 - removing file tmp_5f/mbert_esfr_dev_3_17.txt
00:05:59 - removing file tmp_5f/mbert_esfr_dev_4_17.txt
00:05:59 - removing file tmp_5f/mbert_esfr_dev_7_17.txt
00:05:59 - removing file tmp_5f/mbert_esfr_dev_2_17.txt
00:05:59 - process[0]: training epoch 18 ...
00:06:08 - process[0] - epoch 18 - train iter 241 - 21292.2 words/s - loss: 0.4209
00:06:08 - process[0]: evaluating epoch 18 on dev ...
00:06:27 - process[0] - dev - epoch 18 - mAP: 0.438 w/ 37 queries
00:06:27 - removing file tmp_5f/mbert_esfr_dev_8_18.txt
00:06:27 - removing file tmp_5f/mbert_esfr_dev_2_18.txt
00:06:27 - removing file tmp_5f/mbert_esfr_dev_4_18.txt
00:06:27 - removing file tmp_5f/mbert_esfr_dev_0_18.txt
00:06:27 - removing file tmp_5f/mbert_esfr_dev_7_18.txt
00:06:27 - removing file tmp_5f/mbert_esfr_dev_6_18.txt
00:06:27 - removing file tmp_5f/mbert_esfr_dev_5_18.txt
00:06:27 - removing file tmp_5f/mbert_esfr_dev_1_18.txt
00:06:27 - removing file tmp_5f/mbert_esfr_dev_9_18.txt
00:06:27 - removing file tmp_5f/mbert_esfr_dev_3_18.txt
00:06:27 - process[0]: evaluating epoch 18 on test ...
00:06:45 - test set during evaluation: 11380/11372
00:06:45 - process[0] - test - epoch 18 - mAP: 0.543 w/ 37 queries
00:06:45 - removing file tmp_5f/mbert_esfr_test_4_18.txt
00:06:45 - removing file tmp_5f/mbert_esfr_test_7_18.txt
00:06:45 - removing file tmp_5f/mbert_esfr_test_8_18.txt
00:06:45 - removing file tmp_5f/mbert_esfr_test_1_18.txt
00:06:45 - removing file tmp_5f/mbert_esfr_test_0_18.txt
00:06:45 - removing file tmp_5f/mbert_esfr_test_6_18.txt
00:06:45 - removing file tmp_5f/mbert_esfr_test_5_18.txt
00:06:45 - removing file tmp_5f/mbert_esfr_test_9_18.txt
00:06:45 - removing file tmp_5f/mbert_esfr_test_3_18.txt
00:06:45 - removing file tmp_5f/mbert_esfr_test_2_18.txt
00:06:45 - process[0]: training epoch 19 ...
00:06:54 - process[0] - epoch 19 - train iter 241 - 22098.3 words/s - loss: 0.4245
00:06:54 - process[0]: evaluating epoch 19 on dev ...
00:07:13 - process[0] - dev - epoch 19 - mAP: 0.442 w/ 37 queries
00:07:13 - removing file tmp_5f/mbert_esfr_dev_7_19.txt
00:07:13 - removing file tmp_5f/mbert_esfr_dev_0_19.txt
00:07:13 - removing file tmp_5f/mbert_esfr_dev_4_19.txt
00:07:13 - removing file tmp_5f/mbert_esfr_dev_1_19.txt
00:07:13 - removing file tmp_5f/mbert_esfr_dev_9_19.txt
00:07:13 - removing file tmp_5f/mbert_esfr_dev_8_19.txt
00:07:13 - removing file tmp_5f/mbert_esfr_dev_2_19.txt
00:07:13 - removing file tmp_5f/mbert_esfr_dev_6_19.txt
00:07:13 - removing file tmp_5f/mbert_esfr_dev_3_19.txt
00:07:13 - removing file tmp_5f/mbert_esfr_dev_5_19.txt
00:07:13 - process[0]: evaluating epoch 19 on test ...
00:07:32 - test set during evaluation: 11380/11372
00:07:32 - process[0] - test - epoch 19 - mAP: 0.546 w/ 37 queries
00:07:32 - removing file tmp_5f/mbert_esfr_test_5_19.txt
00:07:32 - removing file tmp_5f/mbert_esfr_test_2_19.txt
00:07:32 - removing file tmp_5f/mbert_esfr_test_8_19.txt
00:07:32 - removing file tmp_5f/mbert_esfr_test_4_19.txt
00:07:32 - removing file tmp_5f/mbert_esfr_test_0_19.txt
00:07:32 - removing file tmp_5f/mbert_esfr_test_1_19.txt
00:07:32 - removing file tmp_5f/mbert_esfr_test_3_19.txt
00:07:32 - removing file tmp_5f/mbert_esfr_test_7_19.txt
00:07:32 - removing file tmp_5f/mbert_esfr_test_6_19.txt
00:07:32 - removing file tmp_5f/mbert_esfr_test_9_19.txt
00:07:32 - [fold 1] best test MAP: 0.546 @ epoch 19
00:07:32 - Evaluating every 1 epochs ...
00:07:32 - reading data from /mnt/home/puxuan/CLIR-project/Evaluation_data/process-clef/uncased
00:07:32 - test has 37 queries ...
00:07:32 - Data reading done ...
00:07:33 - adding 9-th encoder to optimizer...
00:07:33 - adding 10-th encoder to optimizer...
00:07:33 - adding 11-th encoder to optimizer...
00:07:33 - process[0]: training epoch 0 ...
00:07:44 - process[0] - epoch 0 - train iter 276 - 20581.4 words/s - loss: 0.5612
00:07:44 - process[0]: training epoch 1 ...
00:07:55 - process[0] - epoch 1 - train iter 276 - 21421.0 words/s - loss: 0.5728
00:07:55 - process[0]: training epoch 2 ...
00:08:06 - process[0] - epoch 2 - train iter 276 - 20839.6 words/s - loss: 0.5172
00:08:06 - process[0]: training epoch 3 ...
00:08:16 - process[0] - epoch 3 - train iter 276 - 22042.4 words/s - loss: 0.4796
00:08:16 - process[0]: training epoch 4 ...
00:08:27 - process[0] - epoch 4 - train iter 276 - 20429.9 words/s - loss: 0.4409
00:08:27 - process[0]: training epoch 5 ...
00:08:37 - process[0] - epoch 5 - train iter 276 - 20937.5 words/s - loss: 0.4352
00:08:37 - process[0]: training epoch 6 ...
00:08:49 - process[0] - epoch 6 - train iter 276 - 19981.7 words/s - loss: 0.4432
00:08:49 - process[0]: training epoch 7 ...
00:08:59 - process[0] - epoch 7 - train iter 276 - 21499.0 words/s - loss: 0.4520
00:08:59 - process[0]: training epoch 8 ...
00:09:10 - process[0] - epoch 8 - train iter 276 - 20851.9 words/s - loss: 0.4442
00:09:10 - process[0]: training epoch 9 ...
00:09:20 - process[0] - epoch 9 - train iter 276 - 21392.0 words/s - loss: 0.4583
00:09:20 - process[0]: training epoch 10 ...
00:09:31 - process[0] - epoch 10 - train iter 276 - 20503.0 words/s - loss: 0.4345
00:09:31 - process[0]: evaluating epoch 10 on dev ...
00:09:53 - dev set during evaluation: 11380/11372
00:09:53 - process[0] - dev - epoch 10 - mAP: 0.515 w/ 37 queries
00:09:53 - removing file tmp_5f/mbert_esfr_dev_0_10.txt
00:09:53 - removing file tmp_5f/mbert_esfr_dev_2_10.txt
00:09:53 - removing file tmp_5f/mbert_esfr_dev_7_10.txt
00:09:53 - removing file tmp_5f/mbert_esfr_dev_5_10.txt
00:09:53 - removing file tmp_5f/mbert_esfr_dev_8_10.txt
00:09:53 - removing file tmp_5f/mbert_esfr_dev_3_10.txt
00:09:53 - removing file tmp_5f/mbert_esfr_dev_6_10.txt
00:09:53 - removing file tmp_5f/mbert_esfr_dev_1_10.txt
00:09:53 - removing file tmp_5f/mbert_esfr_dev_9_10.txt
00:09:53 - removing file tmp_5f/mbert_esfr_dev_4_10.txt
00:09:53 - process[0]: evaluating epoch 10 on test ...
00:10:10 - process[0] - test - epoch 10 - mAP: 0.475 w/ 37 queries
00:10:10 - removing file tmp_5f/mbert_esfr_test_8_10.txt
00:10:10 - removing file tmp_5f/mbert_esfr_test_4_10.txt
00:10:10 - removing file tmp_5f/mbert_esfr_test_0_10.txt
00:10:10 - removing file tmp_5f/mbert_esfr_test_5_10.txt
00:10:10 - removing file tmp_5f/mbert_esfr_test_3_10.txt
00:10:10 - removing file tmp_5f/mbert_esfr_test_6_10.txt
00:10:10 - removing file tmp_5f/mbert_esfr_test_9_10.txt
00:10:10 - removing file tmp_5f/mbert_esfr_test_1_10.txt
00:10:10 - removing file tmp_5f/mbert_esfr_test_7_10.txt
00:10:10 - removing file tmp_5f/mbert_esfr_test_2_10.txt
00:10:10 - process[0]: training epoch 11 ...
00:10:21 - process[0] - epoch 11 - train iter 276 - 20834.1 words/s - loss: 0.4279
00:10:21 - process[0]: evaluating epoch 11 on dev ...
00:10:40 - dev set during evaluation: 11380/11372
00:10:40 - process[0] - dev - epoch 11 - mAP: 0.569 w/ 37 queries
00:10:40 - removing file tmp_5f/mbert_esfr_dev_8_11.txt
00:10:40 - removing file tmp_5f/mbert_esfr_dev_1_11.txt
00:10:40 - removing file tmp_5f/mbert_esfr_dev_5_11.txt
00:10:40 - removing file tmp_5f/mbert_esfr_dev_2_11.txt
00:10:40 - removing file tmp_5f/mbert_esfr_dev_6_11.txt
00:10:40 - removing file tmp_5f/mbert_esfr_dev_7_11.txt
00:10:40 - removing file tmp_5f/mbert_esfr_dev_9_11.txt
00:10:40 - removing file tmp_5f/mbert_esfr_dev_4_11.txt
00:10:40 - removing file tmp_5f/mbert_esfr_dev_0_11.txt
00:10:40 - removing file tmp_5f/mbert_esfr_dev_3_11.txt
00:10:40 - process[0]: evaluating epoch 11 on test ...
00:10:58 - process[0] - test - epoch 11 - mAP: 0.487 w/ 37 queries
00:10:58 - removing file tmp_5f/mbert_esfr_test_3_11.txt
00:10:58 - removing file tmp_5f/mbert_esfr_test_5_11.txt
00:10:58 - removing file tmp_5f/mbert_esfr_test_9_11.txt
00:10:58 - removing file tmp_5f/mbert_esfr_test_6_11.txt
00:10:58 - removing file tmp_5f/mbert_esfr_test_4_11.txt
00:10:58 - removing file tmp_5f/mbert_esfr_test_0_11.txt
00:10:58 - removing file tmp_5f/mbert_esfr_test_1_11.txt
00:10:58 - removing file tmp_5f/mbert_esfr_test_7_11.txt
00:10:58 - removing file tmp_5f/mbert_esfr_test_8_11.txt
00:10:58 - removing file tmp_5f/mbert_esfr_test_2_11.txt
00:10:58 - process[0]: training epoch 12 ...
00:11:08 - process[0] - epoch 12 - train iter 276 - 20847.9 words/s - loss: 0.4409
00:11:08 - process[0]: evaluating epoch 12 on dev ...
00:11:27 - dev set during evaluation: 11380/11372
00:11:27 - process[0] - dev - epoch 12 - mAP: 0.566 w/ 37 queries
00:11:27 - removing file tmp_5f/mbert_esfr_dev_3_12.txt
00:11:27 - removing file tmp_5f/mbert_esfr_dev_6_12.txt
00:11:27 - removing file tmp_5f/mbert_esfr_dev_9_12.txt
00:11:27 - removing file tmp_5f/mbert_esfr_dev_4_12.txt
00:11:27 - removing file tmp_5f/mbert_esfr_dev_1_12.txt
00:11:27 - removing file tmp_5f/mbert_esfr_dev_2_12.txt
00:11:27 - removing file tmp_5f/mbert_esfr_dev_8_12.txt
00:11:27 - removing file tmp_5f/mbert_esfr_dev_0_12.txt
00:11:27 - removing file tmp_5f/mbert_esfr_dev_7_12.txt
00:11:27 - removing file tmp_5f/mbert_esfr_dev_5_12.txt
00:11:27 - process[0]: training epoch 13 ...
00:11:38 - process[0] - epoch 13 - train iter 276 - 20982.6 words/s - loss: 0.3956
00:11:38 - process[0]: evaluating epoch 13 on dev ...
00:11:57 - dev set during evaluation: 11380/11372
00:11:57 - process[0] - dev - epoch 13 - mAP: 0.583 w/ 37 queries
00:11:57 - removing file tmp_5f/mbert_esfr_dev_2_13.txt
00:11:57 - removing file tmp_5f/mbert_esfr_dev_5_13.txt
00:11:57 - removing file tmp_5f/mbert_esfr_dev_8_13.txt
00:11:57 - removing file tmp_5f/mbert_esfr_dev_3_13.txt
00:11:57 - removing file tmp_5f/mbert_esfr_dev_1_13.txt
00:11:57 - removing file tmp_5f/mbert_esfr_dev_7_13.txt
00:11:57 - removing file tmp_5f/mbert_esfr_dev_9_13.txt
00:11:57 - removing file tmp_5f/mbert_esfr_dev_6_13.txt
00:11:57 - removing file tmp_5f/mbert_esfr_dev_0_13.txt
00:11:57 - removing file tmp_5f/mbert_esfr_dev_4_13.txt
00:11:57 - process[0]: evaluating epoch 13 on test ...
00:12:14 - process[0] - test - epoch 13 - mAP: 0.495 w/ 37 queries
00:12:14 - removing file tmp_5f/mbert_esfr_test_1_13.txt
00:12:14 - removing file tmp_5f/mbert_esfr_test_4_13.txt
00:12:14 - removing file tmp_5f/mbert_esfr_test_8_13.txt
00:12:14 - removing file tmp_5f/mbert_esfr_test_7_13.txt
00:12:14 - removing file tmp_5f/mbert_esfr_test_9_13.txt
00:12:14 - removing file tmp_5f/mbert_esfr_test_5_13.txt
00:12:14 - removing file tmp_5f/mbert_esfr_test_2_13.txt
00:12:14 - removing file tmp_5f/mbert_esfr_test_0_13.txt
00:12:14 - removing file tmp_5f/mbert_esfr_test_3_13.txt
00:12:14 - removing file tmp_5f/mbert_esfr_test_6_13.txt
00:12:14 - process[0]: training epoch 14 ...
00:12:25 - process[0] - epoch 14 - train iter 276 - 21852.8 words/s - loss: 0.4067
00:12:25 - process[0]: evaluating epoch 14 on dev ...
00:12:43 - dev set during evaluation: 11380/11372
00:12:43 - process[0] - dev - epoch 14 - mAP: 0.547 w/ 37 queries
00:12:43 - removing file tmp_5f/mbert_esfr_dev_4_14.txt
00:12:43 - removing file tmp_5f/mbert_esfr_dev_0_14.txt
00:12:43 - removing file tmp_5f/mbert_esfr_dev_5_14.txt
00:12:43 - removing file tmp_5f/mbert_esfr_dev_9_14.txt
00:12:43 - removing file tmp_5f/mbert_esfr_dev_1_14.txt
00:12:43 - removing file tmp_5f/mbert_esfr_dev_7_14.txt
00:12:43 - removing file tmp_5f/mbert_esfr_dev_8_14.txt
00:12:43 - removing file tmp_5f/mbert_esfr_dev_3_14.txt
00:12:43 - removing file tmp_5f/mbert_esfr_dev_6_14.txt
00:12:43 - removing file tmp_5f/mbert_esfr_dev_2_14.txt
00:12:43 - process[0]: training epoch 15 ...
00:12:55 - process[0] - epoch 15 - train iter 276 - 20101.6 words/s - loss: 0.3865
00:12:55 - process[0]: evaluating epoch 15 on dev ...
00:13:12 - dev set during evaluation: 11380/11372
00:13:12 - process[0] - dev - epoch 15 - mAP: 0.546 w/ 37 queries
00:13:12 - removing file tmp_5f/mbert_esfr_dev_2_15.txt
00:13:12 - removing file tmp_5f/mbert_esfr_dev_1_15.txt
00:13:12 - removing file tmp_5f/mbert_esfr_dev_4_15.txt
00:13:12 - removing file tmp_5f/mbert_esfr_dev_5_15.txt
00:13:12 - removing file tmp_5f/mbert_esfr_dev_3_15.txt
00:13:12 - removing file tmp_5f/mbert_esfr_dev_6_15.txt
00:13:12 - removing file tmp_5f/mbert_esfr_dev_8_15.txt
00:13:12 - removing file tmp_5f/mbert_esfr_dev_7_15.txt
00:13:12 - removing file tmp_5f/mbert_esfr_dev_0_15.txt
00:13:12 - removing file tmp_5f/mbert_esfr_dev_9_15.txt
00:13:12 - process[0]: training epoch 16 ...
00:13:23 - process[0] - epoch 16 - train iter 276 - 19752.0 words/s - loss: 0.3535
00:13:23 - process[0]: evaluating epoch 16 on dev ...
00:13:41 - dev set during evaluation: 11380/11372
00:13:41 - process[0] - dev - epoch 16 - mAP: 0.547 w/ 37 queries
00:13:41 - removing file tmp_5f/mbert_esfr_dev_8_16.txt
00:13:41 - removing file tmp_5f/mbert_esfr_dev_4_16.txt
00:13:41 - removing file tmp_5f/mbert_esfr_dev_3_16.txt
00:13:41 - removing file tmp_5f/mbert_esfr_dev_2_16.txt
00:13:41 - removing file tmp_5f/mbert_esfr_dev_7_16.txt
00:13:41 - removing file tmp_5f/mbert_esfr_dev_0_16.txt
00:13:41 - removing file tmp_5f/mbert_esfr_dev_1_16.txt
00:13:41 - removing file tmp_5f/mbert_esfr_dev_9_16.txt
00:13:41 - removing file tmp_5f/mbert_esfr_dev_5_16.txt
00:13:41 - removing file tmp_5f/mbert_esfr_dev_6_16.txt
00:13:41 - process[0]: training epoch 17 ...
00:13:52 - process[0] - epoch 17 - train iter 276 - 21520.0 words/s - loss: 0.3699
00:13:52 - process[0]: evaluating epoch 17 on dev ...
00:14:11 - dev set during evaluation: 11380/11372
00:14:11 - process[0] - dev - epoch 17 - mAP: 0.553 w/ 37 queries
00:14:11 - removing file tmp_5f/mbert_esfr_dev_6_17.txt
00:14:11 - removing file tmp_5f/mbert_esfr_dev_8_17.txt
00:14:11 - removing file tmp_5f/mbert_esfr_dev_9_17.txt
00:14:11 - removing file tmp_5f/mbert_esfr_dev_0_17.txt
00:14:11 - removing file tmp_5f/mbert_esfr_dev_5_17.txt
00:14:11 - removing file tmp_5f/mbert_esfr_dev_1_17.txt
00:14:11 - removing file tmp_5f/mbert_esfr_dev_3_17.txt
00:14:11 - removing file tmp_5f/mbert_esfr_dev_4_17.txt
00:14:11 - removing file tmp_5f/mbert_esfr_dev_7_17.txt
00:14:11 - removing file tmp_5f/mbert_esfr_dev_2_17.txt
00:14:11 - process[0]: training epoch 18 ...
00:14:22 - process[0] - epoch 18 - train iter 276 - 20630.0 words/s - loss: 0.3739
00:14:22 - process[0]: evaluating epoch 18 on dev ...
00:14:40 - dev set during evaluation: 11380/11372
00:14:40 - process[0] - dev - epoch 18 - mAP: 0.543 w/ 37 queries
00:14:40 - removing file tmp_5f/mbert_esfr_dev_8_18.txt
00:14:40 - removing file tmp_5f/mbert_esfr_dev_2_18.txt
00:14:40 - removing file tmp_5f/mbert_esfr_dev_4_18.txt
00:14:40 - removing file tmp_5f/mbert_esfr_dev_0_18.txt
00:14:40 - removing file tmp_5f/mbert_esfr_dev_7_18.txt
00:14:40 - removing file tmp_5f/mbert_esfr_dev_6_18.txt
00:14:40 - removing file tmp_5f/mbert_esfr_dev_5_18.txt
00:14:40 - removing file tmp_5f/mbert_esfr_dev_1_18.txt
00:14:40 - removing file tmp_5f/mbert_esfr_dev_9_18.txt
00:14:40 - removing file tmp_5f/mbert_esfr_dev_3_18.txt
00:14:40 - process[0]: training epoch 19 ...
00:14:51 - process[0] - epoch 19 - train iter 276 - 21136.0 words/s - loss: 0.3620
00:14:51 - process[0]: evaluating epoch 19 on dev ...
00:15:10 - dev set during evaluation: 11380/11372
00:15:10 - process[0] - dev - epoch 19 - mAP: 0.548 w/ 37 queries
00:15:10 - removing file tmp_5f/mbert_esfr_dev_7_19.txt
00:15:10 - removing file tmp_5f/mbert_esfr_dev_0_19.txt
00:15:10 - removing file tmp_5f/mbert_esfr_dev_4_19.txt
00:15:10 - removing file tmp_5f/mbert_esfr_dev_1_19.txt
00:15:10 - removing file tmp_5f/mbert_esfr_dev_9_19.txt
00:15:10 - removing file tmp_5f/mbert_esfr_dev_8_19.txt
00:15:10 - removing file tmp_5f/mbert_esfr_dev_2_19.txt
00:15:10 - removing file tmp_5f/mbert_esfr_dev_6_19.txt
00:15:10 - removing file tmp_5f/mbert_esfr_dev_3_19.txt
00:15:10 - removing file tmp_5f/mbert_esfr_dev_5_19.txt
00:15:10 - [fold 2] best test MAP: 0.495 @ epoch 13
00:15:10 - Evaluating every 1 epochs ...
00:15:10 - reading data from /mnt/home/puxuan/CLIR-project/Evaluation_data/process-clef/uncased
00:15:11 - test has 37 queries ...
00:15:11 - Data reading done ...
00:15:12 - adding 9-th encoder to optimizer...
00:15:12 - adding 10-th encoder to optimizer...
00:15:12 - adding 11-th encoder to optimizer...
00:15:12 - process[0]: training epoch 0 ...
00:15:22 - process[0] - epoch 0 - train iter 240 - 20078.1 words/s - loss: 0.5901
00:15:22 - process[0]: training epoch 1 ...
00:15:32 - process[0] - epoch 1 - train iter 240 - 20067.9 words/s - loss: 0.5171
00:15:32 - process[0]: training epoch 2 ...
00:15:42 - process[0] - epoch 2 - train iter 240 - 19719.9 words/s - loss: 0.4918
00:15:42 - process[0]: training epoch 3 ...
00:15:51 - process[0] - epoch 3 - train iter 240 - 20611.0 words/s - loss: 0.4887
00:15:51 - process[0]: training epoch 4 ...
00:16:00 - process[0] - epoch 4 - train iter 240 - 21099.7 words/s - loss: 0.4624
00:16:00 - process[0]: training epoch 5 ...
00:16:09 - process[0] - epoch 5 - train iter 240 - 21804.9 words/s - loss: 0.4711
00:16:09 - process[0]: training epoch 6 ...
00:16:18 - process[0] - epoch 6 - train iter 240 - 21423.8 words/s - loss: 0.5180
00:16:18 - process[0]: training epoch 7 ...
00:16:27 - process[0] - epoch 7 - train iter 240 - 20470.1 words/s - loss: 0.4623
00:16:27 - process[0]: training epoch 8 ...
00:16:36 - process[0] - epoch 8 - train iter 240 - 20946.5 words/s - loss: 0.4618
00:16:36 - process[0]: training epoch 9 ...
00:16:45 - process[0] - epoch 9 - train iter 240 - 21793.4 words/s - loss: 0.4175
00:16:45 - process[0]: training epoch 10 ...
00:16:54 - process[0] - epoch 10 - train iter 240 - 20979.0 words/s - loss: 0.4901
00:16:54 - process[0]: evaluating epoch 10 on dev ...
00:17:11 - process[0] - dev - epoch 10 - mAP: 0.470 w/ 37 queries
00:17:11 - removing file tmp_5f/mbert_esfr_dev_0_10.txt
00:17:11 - removing file tmp_5f/mbert_esfr_dev_2_10.txt
00:17:11 - removing file tmp_5f/mbert_esfr_dev_7_10.txt
00:17:11 - removing file tmp_5f/mbert_esfr_dev_5_10.txt
00:17:11 - removing file tmp_5f/mbert_esfr_dev_8_10.txt
00:17:11 - removing file tmp_5f/mbert_esfr_dev_3_10.txt
00:17:11 - removing file tmp_5f/mbert_esfr_dev_6_10.txt
00:17:11 - removing file tmp_5f/mbert_esfr_dev_1_10.txt
00:17:11 - removing file tmp_5f/mbert_esfr_dev_9_10.txt
00:17:11 - removing file tmp_5f/mbert_esfr_dev_4_10.txt
00:17:11 - process[0]: evaluating epoch 10 on test ...
00:17:30 - test set during evaluation: 11210/11201
00:17:30 - process[0] - test - epoch 10 - mAP: 0.521 w/ 37 queries
00:17:30 - removing file tmp_5f/mbert_esfr_test_8_10.txt
00:17:30 - removing file tmp_5f/mbert_esfr_test_4_10.txt
00:17:30 - removing file tmp_5f/mbert_esfr_test_0_10.txt
00:17:30 - removing file tmp_5f/mbert_esfr_test_5_10.txt
00:17:30 - removing file tmp_5f/mbert_esfr_test_3_10.txt
00:17:30 - removing file tmp_5f/mbert_esfr_test_6_10.txt
00:17:30 - removing file tmp_5f/mbert_esfr_test_9_10.txt
00:17:30 - removing file tmp_5f/mbert_esfr_test_1_10.txt
00:17:30 - removing file tmp_5f/mbert_esfr_test_7_10.txt
00:17:30 - removing file tmp_5f/mbert_esfr_test_2_10.txt
00:17:30 - process[0]: training epoch 11 ...
00:17:40 - process[0] - epoch 11 - train iter 240 - 21017.8 words/s - loss: 0.4066
00:17:40 - process[0]: evaluating epoch 11 on dev ...
00:17:57 - process[0] - dev - epoch 11 - mAP: 0.497 w/ 37 queries
00:17:57 - removing file tmp_5f/mbert_esfr_dev_8_11.txt
00:17:57 - removing file tmp_5f/mbert_esfr_dev_1_11.txt
00:17:57 - removing file tmp_5f/mbert_esfr_dev_5_11.txt
00:17:57 - removing file tmp_5f/mbert_esfr_dev_2_11.txt
00:17:57 - removing file tmp_5f/mbert_esfr_dev_6_11.txt
00:17:57 - removing file tmp_5f/mbert_esfr_dev_7_11.txt
00:17:57 - removing file tmp_5f/mbert_esfr_dev_9_11.txt
00:17:57 - removing file tmp_5f/mbert_esfr_dev_4_11.txt
00:17:57 - removing file tmp_5f/mbert_esfr_dev_0_11.txt
00:17:57 - removing file tmp_5f/mbert_esfr_dev_3_11.txt
00:17:57 - process[0]: evaluating epoch 11 on test ...
00:18:16 - test set during evaluation: 11210/11201
00:18:16 - process[0] - test - epoch 11 - mAP: 0.528 w/ 37 queries
00:18:16 - removing file tmp_5f/mbert_esfr_test_3_11.txt
00:18:16 - removing file tmp_5f/mbert_esfr_test_5_11.txt
00:18:16 - removing file tmp_5f/mbert_esfr_test_9_11.txt
00:18:16 - removing file tmp_5f/mbert_esfr_test_6_11.txt
00:18:16 - removing file tmp_5f/mbert_esfr_test_4_11.txt
00:18:16 - removing file tmp_5f/mbert_esfr_test_0_11.txt
00:18:16 - removing file tmp_5f/mbert_esfr_test_1_11.txt
00:18:16 - removing file tmp_5f/mbert_esfr_test_7_11.txt
00:18:16 - removing file tmp_5f/mbert_esfr_test_8_11.txt
00:18:16 - removing file tmp_5f/mbert_esfr_test_2_11.txt
00:18:16 - process[0]: training epoch 12 ...
00:18:26 - process[0] - epoch 12 - train iter 240 - 20035.8 words/s - loss: 0.3754
00:18:26 - process[0]: evaluating epoch 12 on dev ...
00:18:43 - process[0] - dev - epoch 12 - mAP: 0.492 w/ 37 queries
00:18:43 - removing file tmp_5f/mbert_esfr_dev_3_12.txt
00:18:43 - removing file tmp_5f/mbert_esfr_dev_6_12.txt
00:18:43 - removing file tmp_5f/mbert_esfr_dev_9_12.txt
00:18:43 - removing file tmp_5f/mbert_esfr_dev_4_12.txt
00:18:43 - removing file tmp_5f/mbert_esfr_dev_1_12.txt
00:18:43 - removing file tmp_5f/mbert_esfr_dev_2_12.txt
00:18:43 - removing file tmp_5f/mbert_esfr_dev_8_12.txt
00:18:43 - removing file tmp_5f/mbert_esfr_dev_0_12.txt
00:18:43 - removing file tmp_5f/mbert_esfr_dev_7_12.txt
00:18:43 - removing file tmp_5f/mbert_esfr_dev_5_12.txt
00:18:43 - process[0]: training epoch 13 ...
00:18:51 - process[0] - epoch 13 - train iter 240 - 22440.3 words/s - loss: 0.4044
00:18:51 - process[0]: evaluating epoch 13 on dev ...
00:19:09 - process[0] - dev - epoch 13 - mAP: 0.480 w/ 37 queries
00:19:09 - removing file tmp_5f/mbert_esfr_dev_2_13.txt
00:19:09 - removing file tmp_5f/mbert_esfr_dev_5_13.txt
00:19:09 - removing file tmp_5f/mbert_esfr_dev_8_13.txt
00:19:09 - removing file tmp_5f/mbert_esfr_dev_3_13.txt
00:19:09 - removing file tmp_5f/mbert_esfr_dev_1_13.txt
00:19:09 - removing file tmp_5f/mbert_esfr_dev_7_13.txt
00:19:09 - removing file tmp_5f/mbert_esfr_dev_9_13.txt
00:19:09 - removing file tmp_5f/mbert_esfr_dev_6_13.txt
00:19:09 - removing file tmp_5f/mbert_esfr_dev_0_13.txt
00:19:09 - removing file tmp_5f/mbert_esfr_dev_4_13.txt
00:19:09 - process[0]: training epoch 14 ...
00:19:18 - process[0] - epoch 14 - train iter 240 - 21760.7 words/s - loss: 0.3777
00:19:18 - process[0]: evaluating epoch 14 on dev ...
00:19:36 - process[0] - dev - epoch 14 - mAP: 0.493 w/ 37 queries
00:19:36 - removing file tmp_5f/mbert_esfr_dev_4_14.txt
00:19:36 - removing file tmp_5f/mbert_esfr_dev_0_14.txt
00:19:36 - removing file tmp_5f/mbert_esfr_dev_5_14.txt
00:19:36 - removing file tmp_5f/mbert_esfr_dev_9_14.txt
00:19:36 - removing file tmp_5f/mbert_esfr_dev_1_14.txt
00:19:36 - removing file tmp_5f/mbert_esfr_dev_7_14.txt
00:19:36 - removing file tmp_5f/mbert_esfr_dev_8_14.txt
00:19:36 - removing file tmp_5f/mbert_esfr_dev_3_14.txt
00:19:36 - removing file tmp_5f/mbert_esfr_dev_6_14.txt
00:19:36 - removing file tmp_5f/mbert_esfr_dev_2_14.txt
00:19:36 - process[0]: training epoch 15 ...
00:19:44 - process[0] - epoch 15 - train iter 240 - 21904.4 words/s - loss: 0.4016
00:19:44 - process[0]: evaluating epoch 15 on dev ...
00:20:02 - process[0] - dev - epoch 15 - mAP: 0.498 w/ 37 queries
00:20:02 - removing file tmp_5f/mbert_esfr_dev_2_15.txt
00:20:02 - removing file tmp_5f/mbert_esfr_dev_1_15.txt
00:20:02 - removing file tmp_5f/mbert_esfr_dev_4_15.txt
00:20:02 - removing file tmp_5f/mbert_esfr_dev_5_15.txt
00:20:02 - removing file tmp_5f/mbert_esfr_dev_3_15.txt
00:20:02 - removing file tmp_5f/mbert_esfr_dev_6_15.txt
00:20:02 - removing file tmp_5f/mbert_esfr_dev_8_15.txt
00:20:02 - removing file tmp_5f/mbert_esfr_dev_7_15.txt
00:20:02 - removing file tmp_5f/mbert_esfr_dev_0_15.txt
00:20:02 - removing file tmp_5f/mbert_esfr_dev_9_15.txt
00:20:02 - process[0]: evaluating epoch 15 on test ...
00:20:21 - test set during evaluation: 11210/11201
00:20:21 - process[0] - test - epoch 15 - mAP: 0.511 w/ 37 queries
00:20:21 - removing file tmp_5f/mbert_esfr_test_8_15.txt
00:20:21 - removing file tmp_5f/mbert_esfr_test_6_15.txt
00:20:21 - removing file tmp_5f/mbert_esfr_test_2_15.txt
00:20:21 - removing file tmp_5f/mbert_esfr_test_1_15.txt
00:20:21 - removing file tmp_5f/mbert_esfr_test_5_15.txt
00:20:21 - removing file tmp_5f/mbert_esfr_test_7_15.txt
00:20:21 - removing file tmp_5f/mbert_esfr_test_0_15.txt
00:20:21 - removing file tmp_5f/mbert_esfr_test_3_15.txt
00:20:21 - removing file tmp_5f/mbert_esfr_test_9_15.txt
00:20:21 - removing file tmp_5f/mbert_esfr_test_4_15.txt
00:20:21 - process[0]: training epoch 16 ...
00:20:31 - process[0] - epoch 16 - train iter 240 - 20672.9 words/s - loss: 0.4220
00:20:31 - process[0]: evaluating epoch 16 on dev ...
00:20:47 - process[0] - dev - epoch 16 - mAP: 0.493 w/ 37 queries
00:20:47 - removing file tmp_5f/mbert_esfr_dev_8_16.txt
00:20:47 - removing file tmp_5f/mbert_esfr_dev_4_16.txt
00:20:47 - removing file tmp_5f/mbert_esfr_dev_3_16.txt
00:20:47 - removing file tmp_5f/mbert_esfr_dev_2_16.txt
00:20:47 - removing file tmp_5f/mbert_esfr_dev_7_16.txt
00:20:47 - removing file tmp_5f/mbert_esfr_dev_0_16.txt
00:20:47 - removing file tmp_5f/mbert_esfr_dev_1_16.txt
00:20:47 - removing file tmp_5f/mbert_esfr_dev_9_16.txt
00:20:47 - removing file tmp_5f/mbert_esfr_dev_5_16.txt
00:20:47 - removing file tmp_5f/mbert_esfr_dev_6_16.txt
00:20:47 - process[0]: training epoch 17 ...
00:20:57 - process[0] - epoch 17 - train iter 240 - 20414.2 words/s - loss: 0.3572
00:20:57 - process[0]: evaluating epoch 17 on dev ...
00:21:14 - process[0] - dev - epoch 17 - mAP: 0.483 w/ 37 queries
00:21:14 - removing file tmp_5f/mbert_esfr_dev_6_17.txt
00:21:14 - removing file tmp_5f/mbert_esfr_dev_8_17.txt
00:21:14 - removing file tmp_5f/mbert_esfr_dev_9_17.txt
00:21:14 - removing file tmp_5f/mbert_esfr_dev_0_17.txt
00:21:14 - removing file tmp_5f/mbert_esfr_dev_5_17.txt
00:21:14 - removing file tmp_5f/mbert_esfr_dev_1_17.txt
00:21:14 - removing file tmp_5f/mbert_esfr_dev_3_17.txt
00:21:14 - removing file tmp_5f/mbert_esfr_dev_4_17.txt
00:21:14 - removing file tmp_5f/mbert_esfr_dev_7_17.txt
00:21:14 - removing file tmp_5f/mbert_esfr_dev_2_17.txt
00:21:14 - process[0]: training epoch 18 ...
00:21:23 - process[0] - epoch 18 - train iter 240 - 21286.7 words/s - loss: 0.3359
00:21:23 - process[0]: evaluating epoch 18 on dev ...
00:21:40 - process[0] - dev - epoch 18 - mAP: 0.477 w/ 37 queries
00:21:40 - removing file tmp_5f/mbert_esfr_dev_8_18.txt
00:21:40 - removing file tmp_5f/mbert_esfr_dev_2_18.txt
00:21:40 - removing file tmp_5f/mbert_esfr_dev_4_18.txt
00:21:40 - removing file tmp_5f/mbert_esfr_dev_0_18.txt
00:21:40 - removing file tmp_5f/mbert_esfr_dev_7_18.txt
00:21:40 - removing file tmp_5f/mbert_esfr_dev_6_18.txt
00:21:40 - removing file tmp_5f/mbert_esfr_dev_5_18.txt
00:21:40 - removing file tmp_5f/mbert_esfr_dev_1_18.txt
00:21:40 - removing file tmp_5f/mbert_esfr_dev_9_18.txt
00:21:40 - removing file tmp_5f/mbert_esfr_dev_3_18.txt
00:21:40 - process[0]: training epoch 19 ...
00:21:49 - process[0] - epoch 19 - train iter 240 - 20083.9 words/s - loss: 0.4072
00:21:49 - process[0]: evaluating epoch 19 on dev ...
00:22:06 - process[0] - dev - epoch 19 - mAP: 0.474 w/ 37 queries
00:22:06 - removing file tmp_5f/mbert_esfr_dev_7_19.txt
00:22:06 - removing file tmp_5f/mbert_esfr_dev_0_19.txt
00:22:06 - removing file tmp_5f/mbert_esfr_dev_4_19.txt
00:22:06 - removing file tmp_5f/mbert_esfr_dev_1_19.txt
00:22:06 - removing file tmp_5f/mbert_esfr_dev_9_19.txt
00:22:06 - removing file tmp_5f/mbert_esfr_dev_8_19.txt
00:22:06 - removing file tmp_5f/mbert_esfr_dev_2_19.txt
00:22:06 - removing file tmp_5f/mbert_esfr_dev_6_19.txt
00:22:06 - removing file tmp_5f/mbert_esfr_dev_3_19.txt
00:22:06 - removing file tmp_5f/mbert_esfr_dev_5_19.txt
00:22:06 - [fold 3] best test MAP: 0.511 @ epoch 15
00:22:06 - Evaluating every 1 epochs ...
00:22:06 - reading data from /mnt/home/puxuan/CLIR-project/Evaluation_data/process-clef/uncased
00:22:07 - test has 37 queries ...
00:22:07 - Data reading done ...
00:22:08 - adding 9-th encoder to optimizer...
00:22:08 - adding 10-th encoder to optimizer...
00:22:08 - adding 11-th encoder to optimizer...
00:22:08 - process[0]: training epoch 0 ...
00:22:17 - process[0] - epoch 0 - train iter 231 - 20934.3 words/s - loss: 0.5333
00:22:17 - process[0]: training epoch 1 ...
00:22:26 - process[0] - epoch 1 - train iter 231 - 20447.5 words/s - loss: 0.5550
00:22:26 - process[0]: training epoch 2 ...
00:22:35 - process[0] - epoch 2 - train iter 231 - 20690.4 words/s - loss: 0.5003
00:22:35 - process[0]: training epoch 3 ...
00:22:44 - process[0] - epoch 3 - train iter 231 - 21028.4 words/s - loss: 0.5282
00:22:44 - process[0]: training epoch 4 ...
00:22:52 - process[0] - epoch 4 - train iter 231 - 21521.1 words/s - loss: 0.4792
00:22:52 - process[0]: training epoch 5 ...
00:23:01 - process[0] - epoch 5 - train iter 231 - 21141.3 words/s - loss: 0.4549
00:23:01 - process[0]: training epoch 6 ...
00:23:10 - process[0] - epoch 6 - train iter 231 - 21032.8 words/s - loss: 0.4730
00:23:10 - process[0]: training epoch 7 ...
00:23:18 - process[0] - epoch 7 - train iter 231 - 21511.9 words/s - loss: 0.4331
00:23:18 - process[0]: training epoch 8 ...
00:23:27 - process[0] - epoch 8 - train iter 231 - 20320.0 words/s - loss: 0.4054
00:23:27 - process[0]: training epoch 9 ...
00:23:36 - process[0] - epoch 9 - train iter 231 - 20992.6 words/s - loss: 0.4681
00:23:36 - process[0]: training epoch 10 ...
00:23:46 - process[0] - epoch 10 - train iter 231 - 19546.4 words/s - loss: 0.4429
00:23:46 - process[0]: evaluating epoch 10 on dev ...
00:24:04 - dev set during evaluation: 11210/11201
00:24:05 - process[0] - dev - epoch 10 - mAP: 0.532 w/ 37 queries
00:24:05 - removing file tmp_5f/mbert_esfr_dev_0_10.txt
00:24:05 - removing file tmp_5f/mbert_esfr_dev_2_10.txt
00:24:05 - removing file tmp_5f/mbert_esfr_dev_7_10.txt
00:24:05 - removing file tmp_5f/mbert_esfr_dev_5_10.txt
00:24:05 - removing file tmp_5f/mbert_esfr_dev_8_10.txt
00:24:05 - removing file tmp_5f/mbert_esfr_dev_3_10.txt
00:24:05 - removing file tmp_5f/mbert_esfr_dev_6_10.txt
00:24:05 - removing file tmp_5f/mbert_esfr_dev_1_10.txt
00:24:05 - removing file tmp_5f/mbert_esfr_dev_9_10.txt
00:24:05 - removing file tmp_5f/mbert_esfr_dev_4_10.txt
00:24:05 - process[0]: evaluating epoch 10 on test ...
00:24:22 - test set during evaluation: 10640/10633
00:24:22 - process[0] - test - epoch 10 - mAP: 0.466 w/ 37 queries
00:24:22 - removing file tmp_5f/mbert_esfr_test_8_10.txt
00:24:22 - removing file tmp_5f/mbert_esfr_test_4_10.txt
00:24:22 - removing file tmp_5f/mbert_esfr_test_0_10.txt
00:24:22 - removing file tmp_5f/mbert_esfr_test_5_10.txt
00:24:22 - removing file tmp_5f/mbert_esfr_test_3_10.txt
00:24:22 - removing file tmp_5f/mbert_esfr_test_6_10.txt
00:24:22 - removing file tmp_5f/mbert_esfr_test_9_10.txt
00:24:22 - removing file tmp_5f/mbert_esfr_test_1_10.txt
00:24:22 - removing file tmp_5f/mbert_esfr_test_7_10.txt
00:24:22 - removing file tmp_5f/mbert_esfr_test_2_10.txt
00:24:22 - process[0]: training epoch 11 ...
00:24:31 - process[0] - epoch 11 - train iter 231 - 20801.5 words/s - loss: 0.3762
00:24:31 - process[0]: evaluating epoch 11 on dev ...
00:24:50 - dev set during evaluation: 11210/11201
00:24:50 - process[0] - dev - epoch 11 - mAP: 0.544 w/ 37 queries
00:24:50 - removing file tmp_5f/mbert_esfr_dev_8_11.txt
00:24:50 - removing file tmp_5f/mbert_esfr_dev_1_11.txt
00:24:50 - removing file tmp_5f/mbert_esfr_dev_5_11.txt
00:24:50 - removing file tmp_5f/mbert_esfr_dev_2_11.txt
00:24:50 - removing file tmp_5f/mbert_esfr_dev_6_11.txt
00:24:50 - removing file tmp_5f/mbert_esfr_dev_7_11.txt
00:24:50 - removing file tmp_5f/mbert_esfr_dev_9_11.txt
00:24:50 - removing file tmp_5f/mbert_esfr_dev_4_11.txt
00:24:50 - removing file tmp_5f/mbert_esfr_dev_0_11.txt
00:24:50 - removing file tmp_5f/mbert_esfr_dev_3_11.txt
00:24:50 - process[0]: evaluating epoch 11 on test ...
00:25:08 - test set during evaluation: 10640/10633
00:25:08 - process[0] - test - epoch 11 - mAP: 0.495 w/ 37 queries
00:25:08 - removing file tmp_5f/mbert_esfr_test_3_11.txt
00:25:08 - removing file tmp_5f/mbert_esfr_test_5_11.txt
00:25:08 - removing file tmp_5f/mbert_esfr_test_9_11.txt
00:25:08 - removing file tmp_5f/mbert_esfr_test_6_11.txt
00:25:08 - removing file tmp_5f/mbert_esfr_test_4_11.txt
00:25:08 - removing file tmp_5f/mbert_esfr_test_0_11.txt
00:25:08 - removing file tmp_5f/mbert_esfr_test_1_11.txt
00:25:08 - removing file tmp_5f/mbert_esfr_test_7_11.txt
00:25:08 - removing file tmp_5f/mbert_esfr_test_8_11.txt
00:25:08 - removing file tmp_5f/mbert_esfr_test_2_11.txt
00:25:08 - process[0]: training epoch 12 ...
00:25:16 - process[0] - epoch 12 - train iter 231 - 22253.1 words/s - loss: 0.4047
00:25:16 - process[0]: evaluating epoch 12 on dev ...
00:25:36 - dev set during evaluation: 11210/11201
00:25:36 - process[0] - dev - epoch 12 - mAP: 0.538 w/ 37 queries
00:25:36 - removing file tmp_5f/mbert_esfr_dev_3_12.txt
00:25:36 - removing file tmp_5f/mbert_esfr_dev_6_12.txt
00:25:36 - removing file tmp_5f/mbert_esfr_dev_9_12.txt
00:25:36 - removing file tmp_5f/mbert_esfr_dev_4_12.txt
00:25:36 - removing file tmp_5f/mbert_esfr_dev_1_12.txt
00:25:36 - removing file tmp_5f/mbert_esfr_dev_2_12.txt
00:25:36 - removing file tmp_5f/mbert_esfr_dev_8_12.txt
00:25:36 - removing file tmp_5f/mbert_esfr_dev_0_12.txt
00:25:36 - removing file tmp_5f/mbert_esfr_dev_7_12.txt
00:25:36 - removing file tmp_5f/mbert_esfr_dev_5_12.txt
00:25:36 - process[0]: training epoch 13 ...
00:25:45 - process[0] - epoch 13 - train iter 231 - 23287.0 words/s - loss: 0.4475
00:25:45 - process[0]: evaluating epoch 13 on dev ...
00:26:05 - dev set during evaluation: 11210/11201
00:26:05 - process[0] - dev - epoch 13 - mAP: 0.547 w/ 37 queries
00:26:05 - removing file tmp_5f/mbert_esfr_dev_2_13.txt
00:26:05 - removing file tmp_5f/mbert_esfr_dev_5_13.txt
00:26:05 - removing file tmp_5f/mbert_esfr_dev_8_13.txt
00:26:05 - removing file tmp_5f/mbert_esfr_dev_3_13.txt
00:26:05 - removing file tmp_5f/mbert_esfr_dev_1_13.txt
00:26:05 - removing file tmp_5f/mbert_esfr_dev_7_13.txt
00:26:05 - removing file tmp_5f/mbert_esfr_dev_9_13.txt
00:26:05 - removing file tmp_5f/mbert_esfr_dev_6_13.txt
00:26:05 - removing file tmp_5f/mbert_esfr_dev_0_13.txt
00:26:05 - removing file tmp_5f/mbert_esfr_dev_4_13.txt
00:26:05 - process[0]: evaluating epoch 13 on test ...
00:26:23 - test set during evaluation: 10640/10633
00:26:23 - process[0] - test - epoch 13 - mAP: 0.460 w/ 37 queries
00:26:23 - removing file tmp_5f/mbert_esfr_test_1_13.txt
00:26:23 - removing file tmp_5f/mbert_esfr_test_4_13.txt
00:26:23 - removing file tmp_5f/mbert_esfr_test_8_13.txt
00:26:23 - removing file tmp_5f/mbert_esfr_test_7_13.txt
00:26:23 - removing file tmp_5f/mbert_esfr_test_9_13.txt
00:26:23 - removing file tmp_5f/mbert_esfr_test_5_13.txt
00:26:23 - removing file tmp_5f/mbert_esfr_test_2_13.txt
00:26:23 - removing file tmp_5f/mbert_esfr_test_0_13.txt
00:26:23 - removing file tmp_5f/mbert_esfr_test_3_13.txt
00:26:23 - removing file tmp_5f/mbert_esfr_test_6_13.txt
00:26:23 - process[0]: training epoch 14 ...
00:26:31 - process[0] - epoch 14 - train iter 231 - 21010.1 words/s - loss: 0.4082
00:26:31 - process[0]: evaluating epoch 14 on dev ...
00:26:51 - dev set during evaluation: 11210/11201
00:26:51 - process[0] - dev - epoch 14 - mAP: 0.554 w/ 37 queries
00:26:51 - removing file tmp_5f/mbert_esfr_dev_4_14.txt
00:26:51 - removing file tmp_5f/mbert_esfr_dev_0_14.txt
00:26:51 - removing file tmp_5f/mbert_esfr_dev_5_14.txt
00:26:51 - removing file tmp_5f/mbert_esfr_dev_9_14.txt
00:26:51 - removing file tmp_5f/mbert_esfr_dev_1_14.txt
00:26:51 - removing file tmp_5f/mbert_esfr_dev_7_14.txt
00:26:51 - removing file tmp_5f/mbert_esfr_dev_8_14.txt
00:26:51 - removing file tmp_5f/mbert_esfr_dev_3_14.txt
00:26:51 - removing file tmp_5f/mbert_esfr_dev_6_14.txt
00:26:51 - removing file tmp_5f/mbert_esfr_dev_2_14.txt
00:26:51 - process[0]: evaluating epoch 14 on test ...
00:27:09 - test set during evaluation: 10640/10633
00:27:09 - process[0] - test - epoch 14 - mAP: 0.465 w/ 37 queries
00:27:09 - removing file tmp_5f/mbert_esfr_test_7_14.txt
00:27:09 - removing file tmp_5f/mbert_esfr_test_4_14.txt
00:27:09 - removing file tmp_5f/mbert_esfr_test_5_14.txt
00:27:09 - removing file tmp_5f/mbert_esfr_test_3_14.txt
00:27:09 - removing file tmp_5f/mbert_esfr_test_9_14.txt
00:27:09 - removing file tmp_5f/mbert_esfr_test_1_14.txt
00:27:09 - removing file tmp_5f/mbert_esfr_test_6_14.txt
00:27:09 - removing file tmp_5f/mbert_esfr_test_2_14.txt
00:27:09 - removing file tmp_5f/mbert_esfr_test_8_14.txt
00:27:09 - removing file tmp_5f/mbert_esfr_test_0_14.txt
00:27:09 - process[0]: training epoch 15 ...
00:27:18 - process[0] - epoch 15 - train iter 231 - 20629.3 words/s - loss: 0.3728
00:27:18 - process[0]: evaluating epoch 15 on dev ...
00:27:37 - dev set during evaluation: 11210/11201
00:27:37 - process[0] - dev - epoch 15 - mAP: 0.538 w/ 37 queries
00:27:37 - removing file tmp_5f/mbert_esfr_dev_2_15.txt
00:27:37 - removing file tmp_5f/mbert_esfr_dev_1_15.txt
00:27:37 - removing file tmp_5f/mbert_esfr_dev_4_15.txt
00:27:37 - removing file tmp_5f/mbert_esfr_dev_5_15.txt
00:27:37 - removing file tmp_5f/mbert_esfr_dev_3_15.txt
00:27:37 - removing file tmp_5f/mbert_esfr_dev_6_15.txt
00:27:37 - removing file tmp_5f/mbert_esfr_dev_8_15.txt
00:27:37 - removing file tmp_5f/mbert_esfr_dev_7_15.txt
00:27:37 - removing file tmp_5f/mbert_esfr_dev_0_15.txt
00:27:37 - removing file tmp_5f/mbert_esfr_dev_9_15.txt
00:27:37 - process[0]: training epoch 16 ...
00:27:46 - process[0] - epoch 16 - train iter 231 - 21134.8 words/s - loss: 0.4411
00:27:46 - process[0]: evaluating epoch 16 on dev ...
00:28:05 - dev set during evaluation: 11210/11201
00:28:05 - process[0] - dev - epoch 16 - mAP: 0.516 w/ 37 queries
00:28:05 - removing file tmp_5f/mbert_esfr_dev_8_16.txt
00:28:05 - removing file tmp_5f/mbert_esfr_dev_4_16.txt
00:28:05 - removing file tmp_5f/mbert_esfr_dev_3_16.txt
00:28:05 - removing file tmp_5f/mbert_esfr_dev_2_16.txt
00:28:05 - removing file tmp_5f/mbert_esfr_dev_7_16.txt
00:28:05 - removing file tmp_5f/mbert_esfr_dev_0_16.txt
00:28:05 - removing file tmp_5f/mbert_esfr_dev_1_16.txt
00:28:05 - removing file tmp_5f/mbert_esfr_dev_9_16.txt
00:28:05 - removing file tmp_5f/mbert_esfr_dev_5_16.txt
00:28:05 - removing file tmp_5f/mbert_esfr_dev_6_16.txt
00:28:05 - process[0]: training epoch 17 ...
00:28:14 - process[0] - epoch 17 - train iter 231 - 21600.0 words/s - loss: 0.4126
00:28:14 - process[0]: evaluating epoch 17 on dev ...
00:28:33 - dev set during evaluation: 11210/11201
00:28:33 - process[0] - dev - epoch 17 - mAP: 0.532 w/ 37 queries
00:28:33 - removing file tmp_5f/mbert_esfr_dev_6_17.txt
00:28:33 - removing file tmp_5f/mbert_esfr_dev_8_17.txt
00:28:33 - removing file tmp_5f/mbert_esfr_dev_9_17.txt
00:28:33 - removing file tmp_5f/mbert_esfr_dev_0_17.txt
00:28:33 - removing file tmp_5f/mbert_esfr_dev_5_17.txt
00:28:33 - removing file tmp_5f/mbert_esfr_dev_1_17.txt
00:28:33 - removing file tmp_5f/mbert_esfr_dev_3_17.txt
00:28:33 - removing file tmp_5f/mbert_esfr_dev_4_17.txt
00:28:33 - removing file tmp_5f/mbert_esfr_dev_7_17.txt
00:28:33 - removing file tmp_5f/mbert_esfr_dev_2_17.txt
00:28:33 - process[0]: training epoch 18 ...
00:28:42 - process[0] - epoch 18 - train iter 231 - 21303.8 words/s - loss: 0.3584
00:28:42 - process[0]: evaluating epoch 18 on dev ...
00:29:01 - dev set during evaluation: 11210/11201
00:29:01 - process[0] - dev - epoch 18 - mAP: 0.525 w/ 37 queries
00:29:01 - removing file tmp_5f/mbert_esfr_dev_8_18.txt
00:29:01 - removing file tmp_5f/mbert_esfr_dev_2_18.txt
00:29:01 - removing file tmp_5f/mbert_esfr_dev_4_18.txt
00:29:01 - removing file tmp_5f/mbert_esfr_dev_0_18.txt
00:29:01 - removing file tmp_5f/mbert_esfr_dev_7_18.txt
00:29:01 - removing file tmp_5f/mbert_esfr_dev_6_18.txt
00:29:01 - removing file tmp_5f/mbert_esfr_dev_5_18.txt
00:29:01 - removing file tmp_5f/mbert_esfr_dev_1_18.txt
00:29:01 - removing file tmp_5f/mbert_esfr_dev_9_18.txt
00:29:01 - removing file tmp_5f/mbert_esfr_dev_3_18.txt
00:29:01 - process[0]: training epoch 19 ...
00:29:10 - process[0] - epoch 19 - train iter 231 - 21270.3 words/s - loss: 0.3578
00:29:10 - process[0]: evaluating epoch 19 on dev ...
00:29:30 - dev set during evaluation: 11210/11201
00:29:30 - process[0] - dev - epoch 19 - mAP: 0.532 w/ 37 queries
00:29:30 - removing file tmp_5f/mbert_esfr_dev_7_19.txt
00:29:30 - removing file tmp_5f/mbert_esfr_dev_0_19.txt
00:29:30 - removing file tmp_5f/mbert_esfr_dev_4_19.txt
00:29:30 - removing file tmp_5f/mbert_esfr_dev_1_19.txt
00:29:30 - removing file tmp_5f/mbert_esfr_dev_9_19.txt
00:29:30 - removing file tmp_5f/mbert_esfr_dev_8_19.txt
00:29:30 - removing file tmp_5f/mbert_esfr_dev_2_19.txt
00:29:30 - removing file tmp_5f/mbert_esfr_dev_6_19.txt
00:29:30 - removing file tmp_5f/mbert_esfr_dev_3_19.txt
00:29:30 - removing file tmp_5f/mbert_esfr_dev_5_19.txt
00:29:30 - [fold 4] best test MAP: 0.465 @ epoch 14
00:29:30 - Evaluating every 1 epochs ...
00:29:30 - reading data from /mnt/home/puxuan/CLIR-project/Evaluation_data/process-clef/uncased
00:29:30 - test has 37 queries ...
00:29:30 - Data reading done ...
00:29:31 - adding 9-th encoder to optimizer...
00:29:31 - adding 10-th encoder to optimizer...
00:29:31 - adding 11-th encoder to optimizer...
00:29:32 - process[0]: training epoch 0 ...
00:29:41 - process[0] - epoch 0 - train iter 235 - 21080.4 words/s - loss: 0.5536
00:29:41 - process[0]: training epoch 1 ...
00:29:49 - process[0] - epoch 1 - train iter 235 - 21510.0 words/s - loss: 0.5380
00:29:49 - process[0]: training epoch 2 ...
00:29:59 - process[0] - epoch 2 - train iter 235 - 20060.3 words/s - loss: 0.5137
00:29:59 - process[0]: training epoch 3 ...
00:30:08 - process[0] - epoch 3 - train iter 235 - 21522.4 words/s - loss: 0.4902
00:30:08 - process[0]: training epoch 4 ...
00:30:17 - process[0] - epoch 4 - train iter 235 - 21843.5 words/s - loss: 0.4817
00:30:17 - process[0]: training epoch 5 ...
00:30:26 - process[0] - epoch 5 - train iter 235 - 21811.2 words/s - loss: 0.4902
00:30:26 - process[0]: training epoch 6 ...
00:30:34 - process[0] - epoch 6 - train iter 235 - 22069.0 words/s - loss: 0.4549
00:30:34 - process[0]: training epoch 7 ...
00:30:43 - process[0] - epoch 7 - train iter 235 - 21568.0 words/s - loss: 0.4299
00:30:43 - process[0]: training epoch 8 ...
00:30:52 - process[0] - epoch 8 - train iter 235 - 21496.6 words/s - loss: 0.4572
00:30:52 - process[0]: training epoch 9 ...
00:31:01 - process[0] - epoch 9 - train iter 235 - 21572.2 words/s - loss: 0.3860
00:31:01 - process[0]: training epoch 10 ...
00:31:10 - process[0] - epoch 10 - train iter 235 - 20290.5 words/s - loss: 0.3865
00:31:10 - process[0]: evaluating epoch 10 on dev ...
00:31:29 - dev set during evaluation: 10640/10633
00:31:29 - process[0] - dev - epoch 10 - mAP: 0.469 w/ 37 queries
00:31:29 - removing file tmp_5f/mbert_esfr_dev_0_10.txt
00:31:29 - removing file tmp_5f/mbert_esfr_dev_2_10.txt
00:31:29 - removing file tmp_5f/mbert_esfr_dev_7_10.txt
00:31:29 - removing file tmp_5f/mbert_esfr_dev_5_10.txt
00:31:29 - removing file tmp_5f/mbert_esfr_dev_8_10.txt
00:31:29 - removing file tmp_5f/mbert_esfr_dev_3_10.txt
00:31:29 - removing file tmp_5f/mbert_esfr_dev_6_10.txt
00:31:29 - removing file tmp_5f/mbert_esfr_dev_1_10.txt
00:31:29 - removing file tmp_5f/mbert_esfr_dev_9_10.txt
00:31:29 - removing file tmp_5f/mbert_esfr_dev_4_10.txt
00:31:29 - process[0]: evaluating epoch 10 on test ...
00:31:48 - process[0] - test - epoch 10 - mAP: 0.441 w/ 37 queries
00:31:48 - removing file tmp_5f/mbert_esfr_test_8_10.txt
00:31:48 - removing file tmp_5f/mbert_esfr_test_4_10.txt
00:31:48 - removing file tmp_5f/mbert_esfr_test_0_10.txt
00:31:48 - removing file tmp_5f/mbert_esfr_test_5_10.txt
00:31:48 - removing file tmp_5f/mbert_esfr_test_3_10.txt
00:31:48 - removing file tmp_5f/mbert_esfr_test_6_10.txt
00:31:48 - removing file tmp_5f/mbert_esfr_test_9_10.txt
00:31:48 - removing file tmp_5f/mbert_esfr_test_1_10.txt
00:31:48 - removing file tmp_5f/mbert_esfr_test_7_10.txt
00:31:48 - removing file tmp_5f/mbert_esfr_test_2_10.txt
00:31:48 - process[0]: training epoch 11 ...
00:31:57 - process[0] - epoch 11 - train iter 235 - 21086.9 words/s - loss: 0.4229
00:31:57 - process[0]: evaluating epoch 11 on dev ...
00:32:15 - dev set during evaluation: 10640/10633
00:32:15 - process[0] - dev - epoch 11 - mAP: 0.463 w/ 37 queries
00:32:15 - removing file tmp_5f/mbert_esfr_dev_8_11.txt
00:32:15 - removing file tmp_5f/mbert_esfr_dev_1_11.txt
00:32:15 - removing file tmp_5f/mbert_esfr_dev_5_11.txt
00:32:15 - removing file tmp_5f/mbert_esfr_dev_2_11.txt
00:32:15 - removing file tmp_5f/mbert_esfr_dev_6_11.txt
00:32:15 - removing file tmp_5f/mbert_esfr_dev_7_11.txt
00:32:15 - removing file tmp_5f/mbert_esfr_dev_9_11.txt
00:32:15 - removing file tmp_5f/mbert_esfr_dev_4_11.txt
00:32:15 - removing file tmp_5f/mbert_esfr_dev_0_11.txt
00:32:15 - removing file tmp_5f/mbert_esfr_dev_3_11.txt
00:32:15 - process[0]: training epoch 12 ...
00:32:23 - process[0] - epoch 12 - train iter 235 - 23067.8 words/s - loss: 0.3647
00:32:23 - process[0]: evaluating epoch 12 on dev ...
00:32:42 - dev set during evaluation: 10640/10633
00:32:42 - process[0] - dev - epoch 12 - mAP: 0.469 w/ 37 queries
00:32:42 - removing file tmp_5f/mbert_esfr_dev_3_12.txt
00:32:42 - removing file tmp_5f/mbert_esfr_dev_6_12.txt
00:32:42 - removing file tmp_5f/mbert_esfr_dev_9_12.txt
00:32:42 - removing file tmp_5f/mbert_esfr_dev_4_12.txt
00:32:42 - removing file tmp_5f/mbert_esfr_dev_1_12.txt
00:32:42 - removing file tmp_5f/mbert_esfr_dev_2_12.txt
00:32:42 - removing file tmp_5f/mbert_esfr_dev_8_12.txt
00:32:42 - removing file tmp_5f/mbert_esfr_dev_0_12.txt
00:32:42 - removing file tmp_5f/mbert_esfr_dev_7_12.txt
00:32:42 - removing file tmp_5f/mbert_esfr_dev_5_12.txt
00:32:42 - process[0]: training epoch 13 ...
00:32:50 - process[0] - epoch 13 - train iter 235 - 21996.8 words/s - loss: 0.3881
00:32:50 - process[0]: evaluating epoch 13 on dev ...
00:33:09 - dev set during evaluation: 10640/10633
00:33:09 - process[0] - dev - epoch 13 - mAP: 0.461 w/ 37 queries
00:33:09 - removing file tmp_5f/mbert_esfr_dev_2_13.txt
00:33:09 - removing file tmp_5f/mbert_esfr_dev_5_13.txt
00:33:09 - removing file tmp_5f/mbert_esfr_dev_8_13.txt
00:33:09 - removing file tmp_5f/mbert_esfr_dev_3_13.txt
00:33:09 - removing file tmp_5f/mbert_esfr_dev_1_13.txt
00:33:09 - removing file tmp_5f/mbert_esfr_dev_7_13.txt
00:33:09 - removing file tmp_5f/mbert_esfr_dev_9_13.txt
00:33:09 - removing file tmp_5f/mbert_esfr_dev_6_13.txt
00:33:09 - removing file tmp_5f/mbert_esfr_dev_0_13.txt
00:33:09 - removing file tmp_5f/mbert_esfr_dev_4_13.txt
00:33:09 - process[0]: training epoch 14 ...
00:33:18 - process[0] - epoch 14 - train iter 235 - 21093.6 words/s - loss: 0.4231
00:33:18 - process[0]: evaluating epoch 14 on dev ...
00:33:36 - dev set during evaluation: 10640/10633
00:33:36 - process[0] - dev - epoch 14 - mAP: 0.453 w/ 37 queries
00:33:36 - removing file tmp_5f/mbert_esfr_dev_4_14.txt
00:33:36 - removing file tmp_5f/mbert_esfr_dev_0_14.txt
00:33:36 - removing file tmp_5f/mbert_esfr_dev_5_14.txt
00:33:36 - removing file tmp_5f/mbert_esfr_dev_9_14.txt
00:33:36 - removing file tmp_5f/mbert_esfr_dev_1_14.txt
00:33:36 - removing file tmp_5f/mbert_esfr_dev_7_14.txt
00:33:36 - removing file tmp_5f/mbert_esfr_dev_8_14.txt
00:33:36 - removing file tmp_5f/mbert_esfr_dev_3_14.txt
00:33:36 - removing file tmp_5f/mbert_esfr_dev_6_14.txt
00:33:36 - removing file tmp_5f/mbert_esfr_dev_2_14.txt
00:33:36 - process[0]: training epoch 15 ...
00:33:44 - process[0] - epoch 15 - train iter 235 - 22117.3 words/s - loss: 0.4011
00:33:44 - process[0]: evaluating epoch 15 on dev ...
00:34:02 - dev set during evaluation: 10640/10633
00:34:02 - process[0] - dev - epoch 15 - mAP: 0.458 w/ 37 queries
00:34:02 - removing file tmp_5f/mbert_esfr_dev_2_15.txt
00:34:02 - removing file tmp_5f/mbert_esfr_dev_1_15.txt
00:34:02 - removing file tmp_5f/mbert_esfr_dev_4_15.txt
00:34:02 - removing file tmp_5f/mbert_esfr_dev_5_15.txt
00:34:02 - removing file tmp_5f/mbert_esfr_dev_3_15.txt
00:34:02 - removing file tmp_5f/mbert_esfr_dev_6_15.txt
00:34:02 - removing file tmp_5f/mbert_esfr_dev_8_15.txt
00:34:02 - removing file tmp_5f/mbert_esfr_dev_7_15.txt
00:34:02 - removing file tmp_5f/mbert_esfr_dev_0_15.txt
00:34:02 - removing file tmp_5f/mbert_esfr_dev_9_15.txt
00:34:02 - process[0]: training epoch 16 ...
00:34:11 - process[0] - epoch 16 - train iter 235 - 22993.7 words/s - loss: 0.4113
00:34:11 - process[0]: evaluating epoch 16 on dev ...
00:34:29 - dev set during evaluation: 10640/10633
00:34:29 - process[0] - dev - epoch 16 - mAP: 0.454 w/ 37 queries
00:34:29 - removing file tmp_5f/mbert_esfr_dev_8_16.txt
00:34:29 - removing file tmp_5f/mbert_esfr_dev_4_16.txt
00:34:29 - removing file tmp_5f/mbert_esfr_dev_3_16.txt
00:34:29 - removing file tmp_5f/mbert_esfr_dev_2_16.txt
00:34:29 - removing file tmp_5f/mbert_esfr_dev_7_16.txt
00:34:29 - removing file tmp_5f/mbert_esfr_dev_0_16.txt
00:34:29 - removing file tmp_5f/mbert_esfr_dev_1_16.txt
00:34:29 - removing file tmp_5f/mbert_esfr_dev_9_16.txt
00:34:29 - removing file tmp_5f/mbert_esfr_dev_5_16.txt
00:34:29 - removing file tmp_5f/mbert_esfr_dev_6_16.txt
00:34:29 - process[0]: training epoch 17 ...
00:34:37 - process[0] - epoch 17 - train iter 235 - 22180.8 words/s - loss: 0.3678
00:34:37 - process[0]: evaluating epoch 17 on dev ...
00:34:55 - dev set during evaluation: 10640/10633
00:34:55 - process[0] - dev - epoch 17 - mAP: 0.463 w/ 37 queries
00:34:55 - removing file tmp_5f/mbert_esfr_dev_6_17.txt
00:34:55 - removing file tmp_5f/mbert_esfr_dev_8_17.txt
00:34:55 - removing file tmp_5f/mbert_esfr_dev_9_17.txt
00:34:55 - removing file tmp_5f/mbert_esfr_dev_0_17.txt
00:34:55 - removing file tmp_5f/mbert_esfr_dev_5_17.txt
00:34:55 - removing file tmp_5f/mbert_esfr_dev_1_17.txt
00:34:55 - removing file tmp_5f/mbert_esfr_dev_3_17.txt
00:34:55 - removing file tmp_5f/mbert_esfr_dev_4_17.txt
00:34:55 - removing file tmp_5f/mbert_esfr_dev_7_17.txt
00:34:55 - removing file tmp_5f/mbert_esfr_dev_2_17.txt
00:34:55 - process[0]: training epoch 18 ...
00:35:04 - process[0] - epoch 18 - train iter 235 - 21745.7 words/s - loss: 0.4147
00:35:04 - process[0]: evaluating epoch 18 on dev ...
00:35:22 - dev set during evaluation: 10640/10633
00:35:22 - process[0] - dev - epoch 18 - mAP: 0.464 w/ 37 queries
00:35:22 - removing file tmp_5f/mbert_esfr_dev_8_18.txt
00:35:22 - removing file tmp_5f/mbert_esfr_dev_2_18.txt
00:35:22 - removing file tmp_5f/mbert_esfr_dev_4_18.txt
00:35:22 - removing file tmp_5f/mbert_esfr_dev_0_18.txt
00:35:22 - removing file tmp_5f/mbert_esfr_dev_7_18.txt
00:35:22 - removing file tmp_5f/mbert_esfr_dev_6_18.txt
00:35:22 - removing file tmp_5f/mbert_esfr_dev_5_18.txt
00:35:22 - removing file tmp_5f/mbert_esfr_dev_1_18.txt
00:35:22 - removing file tmp_5f/mbert_esfr_dev_9_18.txt
00:35:22 - removing file tmp_5f/mbert_esfr_dev_3_18.txt
00:35:22 - process[0]: training epoch 19 ...
00:35:31 - process[0] - epoch 19 - train iter 235 - 19995.2 words/s - loss: 0.3449
00:35:31 - process[0]: evaluating epoch 19 on dev ...
00:35:48 - dev set during evaluation: 10640/10633
00:35:49 - process[0] - dev - epoch 19 - mAP: 0.476 w/ 37 queries
00:35:49 - removing file tmp_5f/mbert_esfr_dev_7_19.txt
00:35:49 - removing file tmp_5f/mbert_esfr_dev_0_19.txt
00:35:49 - removing file tmp_5f/mbert_esfr_dev_4_19.txt
00:35:49 - removing file tmp_5f/mbert_esfr_dev_1_19.txt
00:35:49 - removing file tmp_5f/mbert_esfr_dev_9_19.txt
00:35:49 - removing file tmp_5f/mbert_esfr_dev_8_19.txt
00:35:49 - removing file tmp_5f/mbert_esfr_dev_2_19.txt
00:35:49 - removing file tmp_5f/mbert_esfr_dev_6_19.txt
00:35:49 - removing file tmp_5f/mbert_esfr_dev_3_19.txt
00:35:49 - removing file tmp_5f/mbert_esfr_dev_5_19.txt
00:35:49 - process[0]: evaluating epoch 19 on test ...
00:36:07 - process[0] - test - epoch 19 - mAP: 0.438 w/ 37 queries
00:36:07 - removing file tmp_5f/mbert_esfr_test_5_19.txt
00:36:07 - removing file tmp_5f/mbert_esfr_test_2_19.txt
00:36:07 - removing file tmp_5f/mbert_esfr_test_8_19.txt
00:36:07 - removing file tmp_5f/mbert_esfr_test_4_19.txt
00:36:07 - removing file tmp_5f/mbert_esfr_test_0_19.txt
00:36:07 - removing file tmp_5f/mbert_esfr_test_1_19.txt
00:36:07 - removing file tmp_5f/mbert_esfr_test_3_19.txt
00:36:07 - removing file tmp_5f/mbert_esfr_test_7_19.txt
00:36:07 - removing file tmp_5f/mbert_esfr_test_6_19.txt
00:36:07 - removing file tmp_5f/mbert_esfr_test_9_19.txt
00:36:07 - [fold 5] best test MAP: 0.438 @ epoch 19
00:36:07 - [0.5456211908012347, 0.4953069519585773, 0.510859804495857, 0.4647462357943159, 0.4381319528784306]
00:36:07 - [37, 37, 37, 37, 37]
00:36:07 - final MAP: 0.491
