00:00:06 - Namespace(apex_level='O2', batch_size=8, cased=False, dataset='clef', debug=False, encoder_lr=2e-05, eval_step=1, full_doc_length=True, local_rank=5, model_path='/mnt/scratch/puxuan/short_qlm_0.15/2186792/huggingface-4', model_type='mbert', num_epochs=20, num_ft_encoders=3, num_neg=1, projector_lr=2e-05, seed=611, source_lang='de', target_lang='en')
00:00:17 - Evaluating every 1 epochs ...
00:00:17 - reading data from /mnt/home/puxuan/CLIR-project/Evaluation_data/process-clef/uncased
00:00:18 - test has 35 queries ...
00:00:18 - Data reading done ...
00:00:24 - adding 9-th encoder to optimizer...
00:00:24 - adding 10-th encoder to optimizer...
00:00:24 - adding 11-th encoder to optimizer...
00:00:25 - process[5]: training epoch 0 ...
00:00:38 - process[5] - epoch 0 - train iter 197 - 13840.0 words/s - loss: 0.6854
00:00:38 - process[5]: training epoch 1 ...
00:00:50 - process[5] - epoch 1 - train iter 197 - 14085.0 words/s - loss: 0.6010
00:00:50 - process[5]: training epoch 2 ...
00:01:02 - process[5] - epoch 2 - train iter 197 - 15670.0 words/s - loss: 0.5401
00:01:02 - process[5]: training epoch 3 ...
00:01:14 - process[5] - epoch 3 - train iter 197 - 15056.5 words/s - loss: 0.5241
00:01:14 - process[5]: training epoch 4 ...
00:01:25 - process[5] - epoch 4 - train iter 197 - 15605.5 words/s - loss: 0.5233
00:01:25 - process[5]: training epoch 5 ...
00:01:36 - process[5] - epoch 5 - train iter 197 - 16212.5 words/s - loss: 0.4838
00:01:36 - process[5]: training epoch 6 ...
00:01:47 - process[5] - epoch 6 - train iter 197 - 16751.2 words/s - loss: 0.4683
00:01:47 - process[5]: training epoch 7 ...
00:01:59 - process[5] - epoch 7 - train iter 197 - 15432.3 words/s - loss: 0.4893
00:01:59 - process[5]: training epoch 8 ...
00:02:10 - process[5] - epoch 8 - train iter 197 - 15908.1 words/s - loss: 0.4469
00:02:10 - process[5]: training epoch 9 ...
00:02:21 - process[5] - epoch 9 - train iter 197 - 16292.6 words/s - loss: 0.4713
00:02:21 - process[5]: training epoch 10 ...
00:02:33 - process[5] - epoch 10 - train iter 197 - 14537.5 words/s - loss: 0.4572
00:02:33 - process[5]: evaluating epoch 10 on dev ...
00:03:15 - dev set during evaluation: 14160/14157
00:03:15 - process[5] - dev - epoch 10 - mAP: 0.434 w/ 35 queries
00:03:15 - process[5]: evaluating epoch 10 on test ...
00:03:56 - test set during evaluation: 14980/14975
00:03:56 - process[5] - test - epoch 10 - mAP: 0.384 w/ 35 queries
00:03:56 - process[5]: training epoch 11 ...
00:04:07 - process[5] - epoch 11 - train iter 197 - 16979.0 words/s - loss: 0.4934
00:04:07 - process[5]: evaluating epoch 11 on dev ...
00:04:53 - dev set during evaluation: 14160/14157
00:04:53 - process[5] - dev - epoch 11 - mAP: 0.397 w/ 35 queries
00:04:53 - process[5]: training epoch 12 ...
00:05:04 - process[5] - epoch 12 - train iter 197 - 16688.1 words/s - loss: 0.4651
00:05:04 - process[5]: evaluating epoch 12 on dev ...
00:05:48 - dev set during evaluation: 14160/14157
00:05:48 - process[5] - dev - epoch 12 - mAP: 0.439 w/ 35 queries
00:05:48 - process[5]: evaluating epoch 12 on test ...
00:06:29 - test set during evaluation: 14980/14975
00:06:29 - process[5] - test - epoch 12 - mAP: 0.400 w/ 35 queries
00:06:29 - process[5]: training epoch 13 ...
00:06:39 - process[5] - epoch 13 - train iter 197 - 16982.9 words/s - loss: 0.4146
00:06:39 - process[5]: evaluating epoch 13 on dev ...
00:07:25 - dev set during evaluation: 14160/14157
00:07:25 - process[5] - dev - epoch 13 - mAP: 0.429 w/ 35 queries
00:07:25 - process[5]: training epoch 14 ...
00:07:36 - process[5] - epoch 14 - train iter 197 - 15134.1 words/s - loss: 0.4323
00:07:36 - process[5]: evaluating epoch 14 on dev ...
00:08:21 - dev set during evaluation: 14160/14157
00:08:21 - process[5] - dev - epoch 14 - mAP: 0.415 w/ 35 queries
00:08:21 - process[5]: training epoch 15 ...
00:08:32 - process[5] - epoch 15 - train iter 197 - 16127.7 words/s - loss: 0.4381
00:08:32 - process[5]: evaluating epoch 15 on dev ...
00:09:16 - dev set during evaluation: 14160/14157
00:09:16 - process[5] - dev - epoch 15 - mAP: 0.412 w/ 35 queries
00:09:16 - process[5]: training epoch 16 ...
00:09:27 - process[5] - epoch 16 - train iter 197 - 15738.1 words/s - loss: 0.4209
00:09:27 - process[5]: evaluating epoch 16 on dev ...
00:10:11 - dev set during evaluation: 14160/14157
00:10:11 - process[5] - dev - epoch 16 - mAP: 0.449 w/ 35 queries
00:10:11 - process[5]: evaluating epoch 16 on test ...
00:10:53 - test set during evaluation: 14980/14975
00:10:53 - process[5] - test - epoch 16 - mAP: 0.417 w/ 35 queries
00:10:53 - process[5]: training epoch 17 ...
00:11:03 - process[5] - epoch 17 - train iter 197 - 17529.3 words/s - loss: 0.3953
00:11:03 - process[5]: evaluating epoch 17 on dev ...
00:11:48 - dev set during evaluation: 14160/14157
00:11:48 - process[5] - dev - epoch 17 - mAP: 0.408 w/ 35 queries
00:11:49 - process[5]: training epoch 18 ...
00:11:59 - process[5] - epoch 18 - train iter 197 - 18060.0 words/s - loss: 0.4168
00:11:59 - process[5]: evaluating epoch 18 on dev ...
00:12:43 - dev set during evaluation: 14160/14157
00:12:43 - process[5] - dev - epoch 18 - mAP: 0.421 w/ 35 queries
00:12:43 - process[5]: training epoch 19 ...
00:12:53 - process[5] - epoch 19 - train iter 197 - 17433.4 words/s - loss: 0.3715
00:12:53 - process[5]: evaluating epoch 19 on dev ...
00:13:39 - dev set during evaluation: 14160/14157
00:13:39 - process[5] - dev - epoch 19 - mAP: 0.420 w/ 35 queries
00:13:39 - [fold 1] best test MAP: 0.417 @ epoch 16
00:13:39 - Evaluating every 1 epochs ...
00:13:39 - reading data from /mnt/home/puxuan/CLIR-project/Evaluation_data/process-clef/uncased
00:13:40 - test has 36 queries ...
00:13:40 - Data reading done ...
00:13:42 - adding 9-th encoder to optimizer...
00:13:42 - adding 10-th encoder to optimizer...
00:13:42 - adding 11-th encoder to optimizer...
00:13:42 - process[5]: training epoch 0 ...
00:13:53 - process[5] - epoch 0 - train iter 187 - 15038.6 words/s - loss: 0.6747
00:13:53 - process[5]: training epoch 1 ...
00:14:02 - process[5] - epoch 1 - train iter 187 - 19458.8 words/s - loss: 0.5964
00:14:02 - process[5]: training epoch 2 ...
00:14:11 - process[5] - epoch 2 - train iter 187 - 17627.2 words/s - loss: 0.5250
00:14:11 - process[5]: training epoch 3 ...
00:14:22 - process[5] - epoch 3 - train iter 187 - 16087.5 words/s - loss: 0.5647
00:14:22 - process[5]: training epoch 4 ...
00:14:32 - process[5] - epoch 4 - train iter 187 - 17779.9 words/s - loss: 0.5031
00:14:32 - process[5]: training epoch 5 ...
00:14:42 - process[5] - epoch 5 - train iter 187 - 16594.8 words/s - loss: 0.5089
00:14:42 - process[5]: training epoch 6 ...
00:14:53 - process[5] - epoch 6 - train iter 187 - 16082.0 words/s - loss: 0.5259
00:14:53 - process[5]: training epoch 7 ...
00:15:03 - process[5] - epoch 7 - train iter 187 - 16996.9 words/s - loss: 0.4952
00:15:03 - process[5]: training epoch 8 ...
00:15:13 - process[5] - epoch 8 - train iter 187 - 16507.7 words/s - loss: 0.4706
00:15:13 - process[5]: training epoch 9 ...
00:15:23 - process[5] - epoch 9 - train iter 187 - 17049.9 words/s - loss: 0.4945
00:15:23 - process[5]: training epoch 10 ...
00:15:33 - process[5] - epoch 10 - train iter 187 - 18393.7 words/s - loss: 0.4656
00:15:33 - process[5]: evaluating epoch 10 on dev ...
00:16:15 - dev set during evaluation: 14980/14975
00:16:15 - process[5] - dev - epoch 10 - mAP: 0.383 w/ 35 queries
00:16:15 - process[5]: evaluating epoch 10 on test ...
00:16:58 - test set during evaluation: 15300/15294
00:16:58 - process[5] - test - epoch 10 - mAP: 0.387 w/ 36 queries
00:16:58 - process[5]: training epoch 11 ...
00:17:08 - process[5] - epoch 11 - train iter 187 - 16889.5 words/s - loss: 0.4293
00:17:08 - process[5]: evaluating epoch 11 on dev ...
00:17:49 - dev set during evaluation: 14980/14975
00:17:49 - process[5] - dev - epoch 11 - mAP: 0.340 w/ 35 queries
00:17:49 - process[5]: training epoch 12 ...
00:17:58 - process[5] - epoch 12 - train iter 187 - 18088.1 words/s - loss: 0.4317
00:17:58 - process[5]: evaluating epoch 12 on dev ...
00:18:40 - dev set during evaluation: 14980/14975
00:18:40 - process[5] - dev - epoch 12 - mAP: 0.379 w/ 35 queries
00:18:41 - process[5]: training epoch 13 ...
00:18:50 - process[5] - epoch 13 - train iter 187 - 17418.9 words/s - loss: 0.4411
00:18:50 - process[5]: evaluating epoch 13 on dev ...
00:19:32 - dev set during evaluation: 14980/14975
00:19:32 - process[5] - dev - epoch 13 - mAP: 0.378 w/ 35 queries
00:19:32 - process[5]: training epoch 14 ...
00:19:41 - process[5] - epoch 14 - train iter 187 - 16695.9 words/s - loss: 0.4561
00:19:41 - process[5]: evaluating epoch 14 on dev ...
00:20:23 - dev set during evaluation: 14980/14975
00:20:23 - process[5] - dev - epoch 14 - mAP: 0.355 w/ 35 queries
00:20:23 - process[5]: training epoch 15 ...
00:20:33 - process[5] - epoch 15 - train iter 187 - 16584.1 words/s - loss: 0.4091
00:20:33 - process[5]: evaluating epoch 15 on dev ...
00:21:14 - dev set during evaluation: 14980/14975
00:21:14 - process[5] - dev - epoch 15 - mAP: 0.373 w/ 35 queries
00:21:14 - process[5]: training epoch 16 ...
00:21:24 - process[5] - epoch 16 - train iter 187 - 17543.1 words/s - loss: 0.4425
00:21:24 - process[5]: evaluating epoch 16 on dev ...
00:22:04 - dev set during evaluation: 14980/14975
00:22:04 - process[5] - dev - epoch 16 - mAP: 0.367 w/ 35 queries
00:22:04 - process[5]: training epoch 17 ...
00:22:14 - process[5] - epoch 17 - train iter 187 - 18348.8 words/s - loss: 0.4477
00:22:14 - process[5]: evaluating epoch 17 on dev ...
00:22:55 - dev set during evaluation: 14980/14975
00:22:55 - process[5] - dev - epoch 17 - mAP: 0.393 w/ 35 queries
00:22:55 - process[5]: evaluating epoch 17 on test ...
00:23:38 - test set during evaluation: 15300/15294
00:23:38 - process[5] - test - epoch 17 - mAP: 0.402 w/ 36 queries
00:23:38 - process[5]: training epoch 18 ...
00:23:49 - process[5] - epoch 18 - train iter 187 - 15739.6 words/s - loss: 0.4608
00:23:49 - process[5]: evaluating epoch 18 on dev ...
00:24:30 - dev set during evaluation: 14980/14975
00:24:30 - process[5] - dev - epoch 18 - mAP: 0.370 w/ 35 queries
00:24:30 - process[5]: training epoch 19 ...
00:24:41 - process[5] - epoch 19 - train iter 187 - 15220.0 words/s - loss: 0.4160
00:24:41 - process[5]: evaluating epoch 19 on dev ...
00:25:21 - dev set during evaluation: 14980/14975
00:25:21 - process[5] - dev - epoch 19 - mAP: 0.387 w/ 35 queries
00:25:21 - [fold 2] best test MAP: 0.402 @ epoch 17
00:25:21 - Evaluating every 1 epochs ...
00:25:21 - reading data from /mnt/home/puxuan/CLIR-project/Evaluation_data/process-clef/uncased
00:25:21 - test has 35 queries ...
00:25:21 - Data reading done ...
00:25:23 - adding 9-th encoder to optimizer...
00:25:23 - adding 10-th encoder to optimizer...
00:25:23 - adding 11-th encoder to optimizer...
00:25:23 - process[5]: training epoch 0 ...
00:25:34 - process[5] - epoch 0 - train iter 196 - 17060.5 words/s - loss: 0.6775
00:25:34 - process[5]: training epoch 1 ...
00:25:45 - process[5] - epoch 1 - train iter 196 - 16515.8 words/s - loss: 0.6057
00:25:45 - process[5]: training epoch 2 ...
00:25:56 - process[5] - epoch 2 - train iter 196 - 16582.6 words/s - loss: 0.5593
00:25:56 - process[5]: training epoch 3 ...
00:26:05 - process[5] - epoch 3 - train iter 196 - 18920.6 words/s - loss: 0.5337
00:26:05 - process[5]: training epoch 4 ...
00:26:15 - process[5] - epoch 4 - train iter 196 - 16875.0 words/s - loss: 0.4919
00:26:15 - process[5]: training epoch 5 ...
00:26:27 - process[5] - epoch 5 - train iter 196 - 15274.6 words/s - loss: 0.4878
00:26:27 - process[5]: training epoch 6 ...
00:26:37 - process[5] - epoch 6 - train iter 196 - 16774.9 words/s - loss: 0.4828
00:26:37 - process[5]: training epoch 7 ...
00:26:47 - process[5] - epoch 7 - train iter 196 - 16874.5 words/s - loss: 0.5303
00:26:47 - process[5]: training epoch 8 ...
00:26:58 - process[5] - epoch 8 - train iter 196 - 17110.1 words/s - loss: 0.4946
00:26:58 - process[5]: training epoch 9 ...
00:27:08 - process[5] - epoch 9 - train iter 196 - 17390.0 words/s - loss: 0.4681
00:27:08 - process[5]: training epoch 10 ...
00:27:19 - process[5] - epoch 10 - train iter 196 - 16689.7 words/s - loss: 0.4800
00:27:19 - process[5]: evaluating epoch 10 on dev ...
00:28:04 - dev set during evaluation: 15300/15294
00:28:04 - process[5] - dev - epoch 10 - mAP: 0.451 w/ 36 queries
00:28:04 - process[5]: evaluating epoch 10 on test ...
00:28:46 - test set during evaluation: 15480/15477
00:28:46 - process[5] - test - epoch 10 - mAP: 0.337 w/ 35 queries
00:28:46 - process[5]: training epoch 11 ...
00:28:56 - process[5] - epoch 11 - train iter 196 - 18479.2 words/s - loss: 0.5036
00:28:56 - process[5]: evaluating epoch 11 on dev ...
00:29:39 - dev set during evaluation: 15300/15294
00:29:39 - process[5] - dev - epoch 11 - mAP: 0.430 w/ 36 queries
00:29:39 - process[5]: training epoch 12 ...
00:29:49 - process[5] - epoch 12 - train iter 196 - 17439.9 words/s - loss: 0.4885
00:29:49 - process[5]: evaluating epoch 12 on dev ...
00:30:32 - dev set during evaluation: 15300/15294
00:30:32 - process[5] - dev - epoch 12 - mAP: 0.407 w/ 36 queries
00:30:32 - process[5]: training epoch 13 ...
00:30:42 - process[5] - epoch 13 - train iter 196 - 17310.6 words/s - loss: 0.4558
00:30:42 - process[5]: evaluating epoch 13 on dev ...
00:31:25 - dev set during evaluation: 15300/15294
00:31:25 - process[5] - dev - epoch 13 - mAP: 0.429 w/ 36 queries
00:31:25 - process[5]: training epoch 14 ...
00:31:36 - process[5] - epoch 14 - train iter 196 - 16296.8 words/s - loss: 0.4503
00:31:36 - process[5]: evaluating epoch 14 on dev ...
00:32:19 - dev set during evaluation: 15300/15294
00:32:19 - process[5] - dev - epoch 14 - mAP: 0.477 w/ 36 queries
00:32:19 - process[5]: evaluating epoch 14 on test ...
00:33:00 - test set during evaluation: 15480/15477
00:33:01 - process[5] - test - epoch 14 - mAP: 0.331 w/ 35 queries
00:33:01 - process[5]: training epoch 15 ...
00:33:10 - process[5] - epoch 15 - train iter 196 - 19006.6 words/s - loss: 0.3769
00:33:10 - process[5]: evaluating epoch 15 on dev ...
00:33:53 - dev set during evaluation: 15300/15294
00:33:53 - process[5] - dev - epoch 15 - mAP: 0.456 w/ 36 queries
00:33:53 - process[5]: training epoch 16 ...
00:34:04 - process[5] - epoch 16 - train iter 196 - 16198.8 words/s - loss: 0.4422
00:34:04 - process[5]: evaluating epoch 16 on dev ...
00:34:45 - dev set during evaluation: 15300/15294
00:34:45 - process[5] - dev - epoch 16 - mAP: 0.446 w/ 36 queries
00:34:45 - process[5]: training epoch 17 ...
00:34:55 - process[5] - epoch 17 - train iter 196 - 17446.8 words/s - loss: 0.4317
00:34:55 - process[5]: evaluating epoch 17 on dev ...
00:35:38 - dev set during evaluation: 15300/15294
00:35:38 - process[5] - dev - epoch 17 - mAP: 0.470 w/ 36 queries
00:35:38 - process[5]: training epoch 18 ...
00:35:49 - process[5] - epoch 18 - train iter 196 - 16012.7 words/s - loss: 0.4087
00:35:49 - process[5]: evaluating epoch 18 on dev ...
00:36:31 - dev set during evaluation: 15300/15294
00:36:31 - process[5] - dev - epoch 18 - mAP: 0.461 w/ 36 queries
00:36:31 - process[5]: training epoch 19 ...
00:36:41 - process[5] - epoch 19 - train iter 196 - 17792.9 words/s - loss: 0.4135
00:36:41 - process[5]: evaluating epoch 19 on dev ...
00:37:25 - dev set during evaluation: 15300/15294
00:37:25 - process[5] - dev - epoch 19 - mAP: 0.480 w/ 36 queries
00:37:25 - process[5]: evaluating epoch 19 on test ...
00:38:06 - test set during evaluation: 15480/15477
00:38:06 - process[5] - test - epoch 19 - mAP: 0.310 w/ 35 queries
00:38:06 - [fold 3] best test MAP: 0.310 @ epoch 19
00:38:06 - Evaluating every 1 epochs ...
00:38:06 - reading data from /mnt/home/puxuan/CLIR-project/Evaluation_data/process-clef/uncased
00:38:07 - test has 35 queries ...
00:38:07 - Data reading done ...
00:38:09 - adding 9-th encoder to optimizer...
00:38:09 - adding 10-th encoder to optimizer...
00:38:09 - adding 11-th encoder to optimizer...
00:38:09 - process[5]: training epoch 0 ...
00:38:21 - process[5] - epoch 0 - train iter 207 - 16252.7 words/s - loss: 0.6745
00:38:21 - process[5]: training epoch 1 ...
00:38:33 - process[5] - epoch 1 - train iter 207 - 15050.9 words/s - loss: 0.5850
00:38:33 - process[5]: training epoch 2 ...
00:38:45 - process[5] - epoch 2 - train iter 207 - 15643.4 words/s - loss: 0.5276
00:38:45 - process[5]: training epoch 3 ...
00:38:58 - process[5] - epoch 3 - train iter 207 - 15492.7 words/s - loss: 0.5262
00:38:58 - process[5]: training epoch 4 ...
00:39:09 - process[5] - epoch 4 - train iter 207 - 16467.5 words/s - loss: 0.4737
00:39:09 - process[5]: training epoch 5 ...
00:39:20 - process[5] - epoch 5 - train iter 207 - 17950.2 words/s - loss: 0.5141
00:39:20 - process[5]: training epoch 6 ...
00:39:30 - process[5] - epoch 6 - train iter 207 - 17702.9 words/s - loss: 0.5035
00:39:30 - process[5]: training epoch 7 ...
00:39:41 - process[5] - epoch 7 - train iter 207 - 17660.0 words/s - loss: 0.4639
00:39:41 - process[5]: training epoch 8 ...
00:39:53 - process[5] - epoch 8 - train iter 207 - 15769.1 words/s - loss: 0.4586
00:39:53 - process[5]: training epoch 9 ...
00:40:03 - process[5] - epoch 9 - train iter 207 - 17604.4 words/s - loss: 0.4203
00:40:03 - process[5]: training epoch 10 ...
00:40:14 - process[5] - epoch 10 - train iter 207 - 17212.8 words/s - loss: 0.4250
00:40:14 - process[5]: evaluating epoch 10 on dev ...
00:40:58 - dev set during evaluation: 15480/15477
00:40:58 - process[5] - dev - epoch 10 - mAP: 0.357 w/ 35 queries
00:40:58 - process[5]: evaluating epoch 10 on test ...
00:41:41 - test set during evaluation: 14470/14463
00:41:41 - process[5] - test - epoch 10 - mAP: 0.317 w/ 35 queries
00:41:41 - process[5]: training epoch 11 ...
00:41:51 - process[5] - epoch 11 - train iter 207 - 18534.2 words/s - loss: 0.4039
00:41:51 - process[5]: evaluating epoch 11 on dev ...
00:42:34 - dev set during evaluation: 15480/15477
00:42:34 - process[5] - dev - epoch 11 - mAP: 0.322 w/ 35 queries
00:42:34 - process[5]: training epoch 12 ...
00:42:44 - process[5] - epoch 12 - train iter 207 - 17350.1 words/s - loss: 0.4001
00:42:44 - process[5]: evaluating epoch 12 on dev ...
00:43:27 - dev set during evaluation: 15480/15477
00:43:27 - process[5] - dev - epoch 12 - mAP: 0.356 w/ 35 queries
00:43:27 - process[5]: training epoch 13 ...
00:43:40 - process[5] - epoch 13 - train iter 207 - 14416.7 words/s - loss: 0.3809
00:43:40 - process[5]: evaluating epoch 13 on dev ...
00:44:21 - dev set during evaluation: 15480/15477
00:44:21 - process[5] - dev - epoch 13 - mAP: 0.363 w/ 35 queries
00:44:21 - process[5]: evaluating epoch 13 on test ...
00:45:03 - test set during evaluation: 14470/14463
00:45:03 - process[5] - test - epoch 13 - mAP: 0.343 w/ 35 queries
00:45:03 - process[5]: training epoch 14 ...
00:45:14 - process[5] - epoch 14 - train iter 207 - 16836.3 words/s - loss: 0.4282
00:45:14 - process[5]: evaluating epoch 14 on dev ...
00:45:57 - dev set during evaluation: 15480/15477
00:45:57 - process[5] - dev - epoch 14 - mAP: 0.371 w/ 35 queries
00:45:57 - process[5]: evaluating epoch 14 on test ...
00:46:40 - test set during evaluation: 14470/14463
00:46:40 - process[5] - test - epoch 14 - mAP: 0.308 w/ 35 queries
00:46:40 - process[5]: training epoch 15 ...
00:46:51 - process[5] - epoch 15 - train iter 207 - 16814.0 words/s - loss: 0.4176
00:46:51 - process[5]: evaluating epoch 15 on dev ...
00:47:32 - dev set during evaluation: 15480/15477
00:47:32 - process[5] - dev - epoch 15 - mAP: 0.394 w/ 35 queries
00:47:32 - process[5]: evaluating epoch 15 on test ...
00:48:14 - test set during evaluation: 14470/14463
00:48:14 - process[5] - test - epoch 15 - mAP: 0.323 w/ 35 queries
00:48:14 - process[5]: training epoch 16 ...
00:48:26 - process[5] - epoch 16 - train iter 207 - 15763.8 words/s - loss: 0.3637
00:48:26 - process[5]: evaluating epoch 16 on dev ...
00:49:08 - dev set during evaluation: 15480/15477
00:49:08 - process[5] - dev - epoch 16 - mAP: 0.378 w/ 35 queries
00:49:08 - process[5]: training epoch 17 ...
00:49:18 - process[5] - epoch 17 - train iter 207 - 18080.1 words/s - loss: 0.4336
00:49:18 - process[5]: evaluating epoch 17 on dev ...
00:50:02 - dev set during evaluation: 15480/15477
00:50:02 - process[5] - dev - epoch 17 - mAP: 0.347 w/ 35 queries
00:50:02 - process[5]: training epoch 18 ...
00:50:13 - process[5] - epoch 18 - train iter 207 - 17626.3 words/s - loss: 0.4079
00:50:13 - process[5]: evaluating epoch 18 on dev ...
00:50:56 - dev set during evaluation: 15480/15477
00:50:56 - process[5] - dev - epoch 18 - mAP: 0.344 w/ 35 queries
00:50:56 - process[5]: training epoch 19 ...
00:51:07 - process[5] - epoch 19 - train iter 207 - 17214.2 words/s - loss: 0.4109
00:51:07 - process[5]: evaluating epoch 19 on dev ...
00:51:49 - dev set during evaluation: 15480/15477
00:51:49 - process[5] - dev - epoch 19 - mAP: 0.369 w/ 35 queries
00:51:49 - [fold 4] best test MAP: 0.323 @ epoch 15
00:51:49 - Evaluating every 1 epochs ...
00:51:49 - reading data from /mnt/home/puxuan/CLIR-project/Evaluation_data/process-clef/uncased
00:51:50 - test has 35 queries ...
00:51:50 - Data reading done ...
00:51:51 - adding 9-th encoder to optimizer...
00:51:51 - adding 10-th encoder to optimizer...
00:51:51 - adding 11-th encoder to optimizer...
00:51:52 - process[5]: training epoch 0 ...
00:52:04 - process[5] - epoch 0 - train iter 195 - 14845.9 words/s - loss: 0.6706
00:52:04 - process[5]: training epoch 1 ...
00:52:14 - process[5] - epoch 1 - train iter 195 - 16086.2 words/s - loss: 0.5287
00:52:14 - process[5]: training epoch 2 ...
00:52:27 - process[5] - epoch 2 - train iter 195 - 14126.2 words/s - loss: 0.5255
00:52:27 - process[5]: training epoch 3 ...
00:52:38 - process[5] - epoch 3 - train iter 195 - 15954.3 words/s - loss: 0.4866
00:52:38 - process[5]: training epoch 4 ...
00:52:48 - process[5] - epoch 4 - train iter 195 - 16611.9 words/s - loss: 0.5168
00:52:48 - process[5]: training epoch 5 ...
00:52:59 - process[5] - epoch 5 - train iter 195 - 15959.7 words/s - loss: 0.4554
00:52:59 - process[5]: training epoch 6 ...
00:53:10 - process[5] - epoch 6 - train iter 195 - 16799.5 words/s - loss: 0.4572
00:53:10 - process[5]: training epoch 7 ...
00:53:21 - process[5] - epoch 7 - train iter 195 - 16014.7 words/s - loss: 0.4452
00:53:21 - process[5]: training epoch 8 ...
00:53:30 - process[5] - epoch 8 - train iter 195 - 17726.2 words/s - loss: 0.4514
00:53:30 - process[5]: training epoch 9 ...
00:53:41 - process[5] - epoch 9 - train iter 195 - 16329.7 words/s - loss: 0.4368
00:53:41 - process[5]: training epoch 10 ...
00:53:51 - process[5] - epoch 10 - train iter 195 - 17365.4 words/s - loss: 0.4957
00:53:51 - process[5]: evaluating epoch 10 on dev ...
00:54:35 - dev set during evaluation: 14470/14463
00:54:35 - process[5] - dev - epoch 10 - mAP: 0.307 w/ 35 queries
00:54:35 - process[5]: evaluating epoch 10 on test ...
00:55:21 - test set during evaluation: 14160/14157
00:55:21 - process[5] - test - epoch 10 - mAP: 0.450 w/ 35 queries
00:55:21 - process[5]: training epoch 11 ...
00:55:32 - process[5] - epoch 11 - train iter 195 - 16635.8 words/s - loss: 0.4867
00:55:32 - process[5]: evaluating epoch 11 on dev ...
00:56:15 - dev set during evaluation: 14470/14463
00:56:15 - process[5] - dev - epoch 11 - mAP: 0.339 w/ 35 queries
00:56:15 - process[5]: evaluating epoch 11 on test ...
00:57:01 - test set during evaluation: 14160/14157
00:57:01 - process[5] - test - epoch 11 - mAP: 0.421 w/ 35 queries
00:57:01 - process[5]: training epoch 12 ...
00:57:12 - process[5] - epoch 12 - train iter 195 - 16268.4 words/s - loss: 0.4325
00:57:12 - process[5]: evaluating epoch 12 on dev ...
00:57:54 - dev set during evaluation: 14470/14463
00:57:54 - process[5] - dev - epoch 12 - mAP: 0.327 w/ 35 queries
00:57:54 - process[5]: training epoch 13 ...
00:58:05 - process[5] - epoch 13 - train iter 195 - 15727.2 words/s - loss: 0.4845
00:58:05 - process[5]: evaluating epoch 13 on dev ...
00:58:47 - dev set during evaluation: 14470/14463
00:58:47 - process[5] - dev - epoch 13 - mAP: 0.318 w/ 35 queries
00:58:47 - process[5]: training epoch 14 ...
00:58:57 - process[5] - epoch 14 - train iter 195 - 16486.0 words/s - loss: 0.4117
00:58:57 - process[5]: evaluating epoch 14 on dev ...
00:59:41 - dev set during evaluation: 14470/14463
00:59:41 - process[5] - dev - epoch 14 - mAP: 0.355 w/ 35 queries
00:59:41 - process[5]: evaluating epoch 14 on test ...
01:00:26 - test set during evaluation: 14160/14157
01:00:26 - process[5] - test - epoch 14 - mAP: 0.460 w/ 35 queries
01:00:26 - process[5]: training epoch 15 ...
01:00:37 - process[5] - epoch 15 - train iter 195 - 15907.3 words/s - loss: 0.4072
01:00:37 - process[5]: evaluating epoch 15 on dev ...
01:01:19 - dev set during evaluation: 14470/14463
01:01:19 - process[5] - dev - epoch 15 - mAP: 0.323 w/ 35 queries
01:01:19 - process[5]: training epoch 16 ...
01:01:30 - process[5] - epoch 16 - train iter 195 - 15775.8 words/s - loss: 0.4137
01:01:30 - process[5]: evaluating epoch 16 on dev ...
01:02:12 - dev set during evaluation: 14470/14463
01:02:12 - process[5] - dev - epoch 16 - mAP: 0.370 w/ 35 queries
01:02:12 - process[5]: evaluating epoch 16 on test ...
01:02:58 - test set during evaluation: 14160/14157
01:02:58 - process[5] - test - epoch 16 - mAP: 0.431 w/ 35 queries
01:02:58 - process[5]: training epoch 17 ...
01:03:07 - process[5] - epoch 17 - train iter 195 - 17528.6 words/s - loss: 0.3961
01:03:07 - process[5]: evaluating epoch 17 on dev ...
01:03:51 - dev set during evaluation: 14470/14463
01:03:51 - process[5] - dev - epoch 17 - mAP: 0.338 w/ 35 queries
01:03:51 - process[5]: training epoch 18 ...
01:04:02 - process[5] - epoch 18 - train iter 195 - 16626.4 words/s - loss: 0.3782
01:04:02 - process[5]: evaluating epoch 18 on dev ...
01:04:44 - dev set during evaluation: 14470/14463
01:04:44 - process[5] - dev - epoch 18 - mAP: 0.346 w/ 35 queries
01:04:44 - process[5]: training epoch 19 ...
01:04:55 - process[5] - epoch 19 - train iter 195 - 16218.7 words/s - loss: 0.4581
01:04:55 - process[5]: evaluating epoch 19 on dev ...
01:05:37 - dev set during evaluation: 14470/14463
01:05:37 - process[5] - dev - epoch 19 - mAP: 0.352 w/ 35 queries
01:05:37 - [fold 5] best test MAP: 0.431 @ epoch 16
01:05:37 - [0.4172958586633457, 0.4021610833029798, 0.30976331316966416, 0.3230572449221059, 0.4311248013179531]
01:05:37 - [35, 36, 35, 35, 35]
01:05:37 - final MAP: 0.377
