00:00:04 - Namespace(apex_level='O2', batch_size=8, cased=False, dataset='clef', debug=False, encoder_lr=2e-05, eval_step=1, full_doc_length=True, local_rank=1, model_path='/mnt/scratch/puxuan/short_qlm_0.45/2186793/huggingface-4', model_type='mbert', num_epochs=20, num_ft_encoders=3, num_neg=1, projector_lr=2e-05, seed=611, source_lang='de', target_lang='en')
00:00:13 - Evaluating every 1 epochs ...
00:00:13 - reading data from /mnt/home/puxuan/CLIR-project/Evaluation_data/process-clef/uncased
00:00:14 - test has 35 queries ...
00:00:14 - Data reading done ...
00:00:21 - adding 9-th encoder to optimizer...
00:00:21 - adding 10-th encoder to optimizer...
00:00:21 - adding 11-th encoder to optimizer...
00:00:21 - process[1]: training epoch 0 ...
00:00:33 - process[1] - epoch 0 - train iter 197 - 15106.5 words/s - loss: 0.6330
00:00:33 - process[1]: training epoch 1 ...
00:00:45 - process[1] - epoch 1 - train iter 197 - 16219.4 words/s - loss: 0.5615
00:00:45 - process[1]: training epoch 2 ...
00:00:56 - process[1] - epoch 2 - train iter 197 - 15613.5 words/s - loss: 0.5506
00:00:56 - process[1]: training epoch 3 ...
00:01:07 - process[1] - epoch 3 - train iter 197 - 16880.2 words/s - loss: 0.4990
00:01:07 - process[1]: training epoch 4 ...
00:01:18 - process[1] - epoch 4 - train iter 197 - 16180.8 words/s - loss: 0.4489
00:01:18 - process[1]: training epoch 5 ...
00:01:28 - process[1] - epoch 5 - train iter 197 - 17709.5 words/s - loss: 0.4439
00:01:28 - process[1]: training epoch 6 ...
00:01:40 - process[1] - epoch 6 - train iter 197 - 14686.1 words/s - loss: 0.4721
00:01:40 - process[1]: training epoch 7 ...
00:01:51 - process[1] - epoch 7 - train iter 197 - 16179.6 words/s - loss: 0.4376
00:01:51 - process[1]: training epoch 8 ...
00:02:03 - process[1] - epoch 8 - train iter 197 - 15525.9 words/s - loss: 0.3944
00:02:03 - process[1]: training epoch 9 ...
00:02:14 - process[1] - epoch 9 - train iter 197 - 15966.3 words/s - loss: 0.4568
00:02:14 - process[1]: training epoch 10 ...
00:02:26 - process[1] - epoch 10 - train iter 197 - 15306.7 words/s - loss: 0.3984
00:02:26 - process[1]: evaluating epoch 10 on dev ...
00:03:11 - dev set during evaluation: 14160/14157
00:03:11 - process[1] - dev - epoch 10 - mAP: 0.436 w/ 35 queries
00:03:11 - process[1]: evaluating epoch 10 on test ...
00:03:52 - test set during evaluation: 14980/14975
00:03:52 - process[1] - test - epoch 10 - mAP: 0.429 w/ 35 queries
00:03:52 - process[1]: training epoch 11 ...
00:04:04 - process[1] - epoch 11 - train iter 197 - 15274.0 words/s - loss: 0.4023
00:04:04 - process[1]: evaluating epoch 11 on dev ...
00:04:48 - dev set during evaluation: 14160/14157
00:04:48 - process[1] - dev - epoch 11 - mAP: 0.436 w/ 35 queries
00:04:49 - process[1]: training epoch 12 ...
00:04:58 - process[1] - epoch 12 - train iter 197 - 18298.7 words/s - loss: 0.3977
00:04:58 - process[1]: evaluating epoch 12 on dev ...
00:05:43 - dev set during evaluation: 14160/14157
00:05:43 - process[1] - dev - epoch 12 - mAP: 0.423 w/ 35 queries
00:05:43 - process[1]: training epoch 13 ...
00:05:54 - process[1] - epoch 13 - train iter 197 - 15249.5 words/s - loss: 0.3903
00:05:54 - process[1]: evaluating epoch 13 on dev ...
00:06:39 - dev set during evaluation: 14160/14157
00:06:39 - process[1] - dev - epoch 13 - mAP: 0.461 w/ 35 queries
00:06:39 - process[1]: evaluating epoch 13 on test ...
00:07:21 - test set during evaluation: 14980/14975
00:07:21 - process[1] - test - epoch 13 - mAP: 0.440 w/ 35 queries
00:07:21 - process[1]: training epoch 14 ...
00:07:32 - process[1] - epoch 14 - train iter 197 - 16772.8 words/s - loss: 0.4088
00:07:32 - process[1]: evaluating epoch 14 on dev ...
00:08:16 - dev set during evaluation: 14160/14157
00:08:16 - process[1] - dev - epoch 14 - mAP: 0.434 w/ 35 queries
00:08:16 - process[1]: training epoch 15 ...
00:08:27 - process[1] - epoch 15 - train iter 197 - 17360.3 words/s - loss: 0.3502
00:08:27 - process[1]: evaluating epoch 15 on dev ...
00:00:06 - Namespace(apex_level='O2', batch_size=8, cased=False, dataset='clef', debug=False, encoder_lr=2e-05, eval_step=1, full_doc_length=True, local_rank=1, model_path='/mnt/scratch/puxuan/short_qlm_0.45/2186793/huggingface-4', model_type='mbert', num_epochs=20, num_ft_encoders=3, num_neg=1, projector_lr=2e-05, seed=611, source_lang='de', target_lang='en')
00:00:14 - Evaluating every 1 epochs ...
00:00:14 - reading data from /mnt/home/puxuan/CLIR-project/Evaluation_data/process-clef/uncased
00:00:15 - test has 35 queries ...
00:00:15 - Data reading done ...
00:00:21 - adding 9-th encoder to optimizer...
00:00:21 - adding 10-th encoder to optimizer...
00:00:21 - adding 11-th encoder to optimizer...
00:00:22 - process[1]: training epoch 0 ...
00:00:34 - process[1] - epoch 0 - train iter 197 - 15071.1 words/s - loss: 0.6330
00:00:34 - process[1]: training epoch 1 ...
00:00:45 - process[1] - epoch 1 - train iter 197 - 16141.7 words/s - loss: 0.5615
00:00:45 - process[1]: training epoch 2 ...
00:00:57 - process[1] - epoch 2 - train iter 197 - 15489.0 words/s - loss: 0.5506
00:00:57 - process[1]: training epoch 3 ...
00:01:08 - process[1] - epoch 3 - train iter 197 - 16671.4 words/s - loss: 0.4990
00:01:08 - process[1]: training epoch 4 ...
00:01:19 - process[1] - epoch 4 - train iter 197 - 15936.1 words/s - loss: 0.4489
00:01:19 - process[1]: training epoch 5 ...
00:01:30 - process[1] - epoch 5 - train iter 197 - 17520.9 words/s - loss: 0.4439
00:01:30 - process[1]: training epoch 6 ...
00:01:42 - process[1] - epoch 6 - train iter 197 - 14503.8 words/s - loss: 0.4721
00:01:42 - process[1]: training epoch 7 ...
00:01:53 - process[1] - epoch 7 - train iter 197 - 15961.0 words/s - loss: 0.4376
00:01:53 - process[1]: training epoch 8 ...
00:02:05 - process[1] - epoch 8 - train iter 197 - 15350.5 words/s - loss: 0.3944
00:02:05 - process[1]: training epoch 9 ...
00:02:16 - process[1] - epoch 9 - train iter 197 - 15805.2 words/s - loss: 0.4568
00:02:16 - process[1]: training epoch 10 ...
00:02:28 - process[1] - epoch 10 - train iter 197 - 15094.4 words/s - loss: 0.3984
00:02:28 - process[1]: evaluating epoch 10 on dev ...
00:03:13 - dev set during evaluation: 14160/14157
00:03:13 - process[1] - dev - epoch 10 - mAP: 0.436 w/ 35 queries
00:03:13 - process[1]: evaluating epoch 10 on test ...
00:03:55 - test set during evaluation: 14980/14975
00:03:55 - process[1] - test - epoch 10 - mAP: 0.429 w/ 35 queries
00:03:55 - process[1]: training epoch 11 ...
00:04:07 - process[1] - epoch 11 - train iter 197 - 15146.2 words/s - loss: 0.4023
00:04:07 - process[1]: evaluating epoch 11 on dev ...
00:04:52 - dev set during evaluation: 14160/14157
00:04:52 - process[1] - dev - epoch 11 - mAP: 0.436 w/ 35 queries
00:04:52 - process[1]: training epoch 12 ...
00:05:02 - process[1] - epoch 12 - train iter 197 - 18093.2 words/s - loss: 0.3977
00:05:02 - process[1]: evaluating epoch 12 on dev ...
00:05:47 - dev set during evaluation: 14160/14157
00:05:47 - process[1] - dev - epoch 12 - mAP: 0.423 w/ 35 queries
00:05:47 - process[1]: training epoch 13 ...
00:05:58 - process[1] - epoch 13 - train iter 197 - 15050.6 words/s - loss: 0.3903
00:05:58 - process[1]: evaluating epoch 13 on dev ...
00:06:43 - dev set during evaluation: 14160/14157
00:06:43 - process[1] - dev - epoch 13 - mAP: 0.461 w/ 35 queries
00:06:43 - process[1]: evaluating epoch 13 on test ...
00:07:25 - test set during evaluation: 14980/14975
00:07:25 - process[1] - test - epoch 13 - mAP: 0.440 w/ 35 queries
00:07:25 - process[1]: training epoch 14 ...
00:07:35 - process[1] - epoch 14 - train iter 197 - 16520.1 words/s - loss: 0.4088
00:07:35 - process[1]: evaluating epoch 14 on dev ...
00:08:20 - dev set during evaluation: 14160/14157
00:08:20 - process[1] - dev - epoch 14 - mAP: 0.434 w/ 35 queries
00:08:21 - process[1]: training epoch 15 ...
00:08:31 - process[1] - epoch 15 - train iter 197 - 17063.7 words/s - loss: 0.3502
00:08:31 - process[1]: evaluating epoch 15 on dev ...
00:09:16 - dev set during evaluation: 14160/14157
00:09:16 - process[1] - dev - epoch 15 - mAP: 0.425 w/ 35 queries
00:09:16 - process[1]: training epoch 16 ...
00:09:27 - process[1] - epoch 16 - train iter 197 - 16379.6 words/s - loss: 0.4142
00:09:27 - process[1]: evaluating epoch 16 on dev ...
00:10:12 - dev set during evaluation: 14160/14157
00:10:12 - process[1] - dev - epoch 16 - mAP: 0.442 w/ 35 queries
00:10:12 - process[1]: training epoch 17 ...
00:10:23 - process[1] - epoch 17 - train iter 197 - 16011.8 words/s - loss: 0.4048
00:10:23 - process[1]: evaluating epoch 17 on dev ...
00:11:08 - dev set during evaluation: 14160/14157
00:11:08 - process[1] - dev - epoch 17 - mAP: 0.456 w/ 35 queries
00:11:08 - process[1]: training epoch 18 ...
00:11:18 - process[1] - epoch 18 - train iter 197 - 17362.7 words/s - loss: 0.3305
00:11:18 - process[1]: evaluating epoch 18 on dev ...
00:12:03 - dev set during evaluation: 14160/14157
00:12:03 - process[1] - dev - epoch 18 - mAP: 0.410 w/ 35 queries
00:12:03 - process[1]: training epoch 19 ...
00:12:15 - process[1] - epoch 19 - train iter 197 - 15177.9 words/s - loss: 0.3949
00:12:15 - process[1]: evaluating epoch 19 on dev ...
00:13:00 - dev set during evaluation: 14160/14157
00:13:00 - process[1] - dev - epoch 19 - mAP: 0.448 w/ 35 queries
00:13:00 - [fold 1] best test MAP: 0.440 @ epoch 13
00:13:00 - Evaluating every 1 epochs ...
00:13:00 - reading data from /mnt/home/puxuan/CLIR-project/Evaluation_data/process-clef/uncased
00:13:01 - test has 36 queries ...
00:13:01 - Data reading done ...
00:13:02 - adding 9-th encoder to optimizer...
00:13:02 - adding 10-th encoder to optimizer...
00:13:02 - adding 11-th encoder to optimizer...
00:13:03 - process[1]: training epoch 0 ...
00:13:13 - process[1] - epoch 0 - train iter 187 - 17685.6 words/s - loss: 0.5797
00:13:13 - process[1]: training epoch 1 ...
00:13:24 - process[1] - epoch 1 - train iter 187 - 14833.3 words/s - loss: 0.5603
00:13:24 - process[1]: training epoch 2 ...
00:13:34 - process[1] - epoch 2 - train iter 187 - 17035.3 words/s - loss: 0.5300
00:13:34 - process[1]: training epoch 3 ...
00:13:46 - process[1] - epoch 3 - train iter 187 - 14869.3 words/s - loss: 0.5319
00:13:46 - process[1]: training epoch 4 ...
00:13:55 - process[1] - epoch 4 - train iter 187 - 17671.3 words/s - loss: 0.4681
00:13:55 - process[1]: training epoch 5 ...
00:14:06 - process[1] - epoch 5 - train iter 187 - 15741.2 words/s - loss: 0.5173
00:14:06 - process[1]: training epoch 6 ...
00:14:16 - process[1] - epoch 6 - train iter 187 - 17255.7 words/s - loss: 0.4547
00:14:16 - process[1]: training epoch 7 ...
00:14:26 - process[1] - epoch 7 - train iter 187 - 17392.3 words/s - loss: 0.4725
00:14:26 - process[1]: training epoch 8 ...
00:14:36 - process[1] - epoch 8 - train iter 187 - 16688.7 words/s - loss: 0.4202
00:14:36 - process[1]: training epoch 9 ...
00:14:46 - process[1] - epoch 9 - train iter 187 - 17494.6 words/s - loss: 0.4600
00:14:46 - process[1]: training epoch 10 ...
00:14:57 - process[1] - epoch 10 - train iter 187 - 16320.0 words/s - loss: 0.4714
00:14:57 - process[1]: evaluating epoch 10 on dev ...
00:15:38 - dev set during evaluation: 14980/14975
00:15:38 - process[1] - dev - epoch 10 - mAP: 0.400 w/ 35 queries
00:15:38 - process[1]: evaluating epoch 10 on test ...
00:16:22 - test set during evaluation: 15300/15294
00:16:22 - process[1] - test - epoch 10 - mAP: 0.409 w/ 36 queries
00:16:22 - process[1]: training epoch 11 ...
00:16:32 - process[1] - epoch 11 - train iter 187 - 16227.7 words/s - loss: 0.3705
00:16:32 - process[1]: evaluating epoch 11 on dev ...
00:17:13 - dev set during evaluation: 14980/14975
00:17:13 - process[1] - dev - epoch 11 - mAP: 0.376 w/ 35 queries
00:17:13 - process[1]: training epoch 12 ...
00:17:24 - process[1] - epoch 12 - train iter 187 - 16688.3 words/s - loss: 0.4199
00:17:24 - process[1]: evaluating epoch 12 on dev ...
00:18:05 - dev set during evaluation: 14980/14975
00:18:05 - process[1] - dev - epoch 12 - mAP: 0.405 w/ 35 queries
00:18:05 - process[1]: evaluating epoch 12 on test ...
00:18:48 - test set during evaluation: 15300/15294
00:18:48 - process[1] - test - epoch 12 - mAP: 0.409 w/ 36 queries
00:18:48 - process[1]: training epoch 13 ...
00:18:59 - process[1] - epoch 13 - train iter 187 - 16750.4 words/s - loss: 0.4277
00:18:59 - process[1]: evaluating epoch 13 on dev ...
00:19:40 - dev set during evaluation: 14980/14975
00:19:40 - process[1] - dev - epoch 13 - mAP: 0.381 w/ 35 queries
00:19:40 - process[1]: training epoch 14 ...
00:19:50 - process[1] - epoch 14 - train iter 187 - 17488.1 words/s - loss: 0.4204
00:19:50 - process[1]: evaluating epoch 14 on dev ...
00:20:31 - dev set during evaluation: 14980/14975
00:20:31 - process[1] - dev - epoch 14 - mAP: 0.412 w/ 35 queries
00:20:31 - process[1]: evaluating epoch 14 on test ...
00:21:15 - test set during evaluation: 15300/15294
00:21:15 - process[1] - test - epoch 14 - mAP: 0.440 w/ 36 queries
00:21:15 - process[1]: training epoch 15 ...
00:21:25 - process[1] - epoch 15 - train iter 187 - 16385.1 words/s - loss: 0.3933
00:21:25 - process[1]: evaluating epoch 15 on dev ...
00:22:06 - dev set during evaluation: 14980/14975
00:22:06 - process[1] - dev - epoch 15 - mAP: 0.410 w/ 35 queries
00:22:06 - process[1]: training epoch 16 ...
00:22:16 - process[1] - epoch 16 - train iter 187 - 17330.2 words/s - loss: 0.3753
00:22:16 - process[1]: evaluating epoch 16 on dev ...
00:22:57 - dev set during evaluation: 14980/14975
00:22:57 - process[1] - dev - epoch 16 - mAP: 0.394 w/ 35 queries
00:22:57 - process[1]: training epoch 17 ...
00:23:06 - process[1] - epoch 17 - train iter 187 - 18258.7 words/s - loss: 0.4363
00:23:06 - process[1]: evaluating epoch 17 on dev ...
00:23:48 - dev set during evaluation: 14980/14975
00:23:48 - process[1] - dev - epoch 17 - mAP: 0.411 w/ 35 queries
00:23:48 - process[1]: training epoch 18 ...
00:23:58 - process[1] - epoch 18 - train iter 187 - 16752.1 words/s - loss: 0.3183
00:23:58 - process[1]: evaluating epoch 18 on dev ...
00:24:39 - dev set during evaluation: 14980/14975
00:24:39 - process[1] - dev - epoch 18 - mAP: 0.408 w/ 35 queries
00:24:39 - process[1]: training epoch 19 ...
00:24:49 - process[1] - epoch 19 - train iter 187 - 16952.4 words/s - loss: 0.3592
00:24:49 - process[1]: evaluating epoch 19 on dev ...
00:25:30 - dev set during evaluation: 14980/14975
00:25:30 - process[1] - dev - epoch 19 - mAP: 0.368 w/ 35 queries
00:25:30 - [fold 2] best test MAP: 0.440 @ epoch 14
00:25:30 - Evaluating every 1 epochs ...
00:25:30 - reading data from /mnt/home/puxuan/CLIR-project/Evaluation_data/process-clef/uncased
00:25:31 - test has 35 queries ...
00:25:31 - Data reading done ...
00:25:32 - adding 9-th encoder to optimizer...
00:25:32 - adding 10-th encoder to optimizer...
00:25:32 - adding 11-th encoder to optimizer...
00:25:33 - process[1]: training epoch 0 ...
00:25:43 - process[1] - epoch 0 - train iter 196 - 16754.6 words/s - loss: 0.6142
00:25:43 - process[1]: training epoch 1 ...
00:25:54 - process[1] - epoch 1 - train iter 196 - 16367.7 words/s - loss: 0.5523
00:25:54 - process[1]: training epoch 2 ...
00:26:04 - process[1] - epoch 2 - train iter 196 - 17641.6 words/s - loss: 0.4840
00:26:04 - process[1]: training epoch 3 ...
00:26:15 - process[1] - epoch 3 - train iter 196 - 16772.6 words/s - loss: 0.5182
00:26:15 - process[1]: training epoch 4 ...
00:26:26 - process[1] - epoch 4 - train iter 196 - 15826.9 words/s - loss: 0.5085
00:26:26 - process[1]: training epoch 5 ...
00:26:36 - process[1] - epoch 5 - train iter 196 - 17634.0 words/s - loss: 0.4375
00:26:36 - process[1]: training epoch 6 ...
00:26:47 - process[1] - epoch 6 - train iter 196 - 17168.0 words/s - loss: 0.4828
00:26:47 - process[1]: training epoch 7 ...
00:26:59 - process[1] - epoch 7 - train iter 196 - 15054.0 words/s - loss: 0.4670
00:26:59 - process[1]: training epoch 8 ...
00:27:11 - process[1] - epoch 8 - train iter 196 - 13982.8 words/s - loss: 0.4304
00:27:11 - process[1]: training epoch 9 ...
00:27:21 - process[1] - epoch 9 - train iter 196 - 18100.4 words/s - loss: 0.4223
00:27:21 - process[1]: training epoch 10 ...
00:27:31 - process[1] - epoch 10 - train iter 196 - 17319.5 words/s - loss: 0.4274
00:27:31 - process[1]: evaluating epoch 10 on dev ...
00:28:15 - dev set during evaluation: 15300/15294
00:28:15 - process[1] - dev - epoch 10 - mAP: 0.437 w/ 36 queries
00:28:15 - process[1]: evaluating epoch 10 on test ...
00:29:04 - test set during evaluation: 15480/15477
00:29:04 - process[1] - test - epoch 10 - mAP: 0.385 w/ 35 queries
00:29:04 - process[1]: training epoch 11 ...
00:29:15 - process[1] - epoch 11 - train iter 196 - 17034.4 words/s - loss: 0.4343
00:29:15 - process[1]: evaluating epoch 11 on dev ...
00:29:58 - dev set during evaluation: 15300/15294
00:29:58 - process[1] - dev - epoch 11 - mAP: 0.455 w/ 36 queries
00:29:58 - process[1]: evaluating epoch 11 on test ...
00:30:40 - test set during evaluation: 15480/15477
00:30:40 - process[1] - test - epoch 11 - mAP: 0.374 w/ 35 queries
00:30:40 - process[1]: training epoch 12 ...
00:30:50 - process[1] - epoch 12 - train iter 196 - 17281.4 words/s - loss: 0.4161
00:30:50 - process[1]: evaluating epoch 12 on dev ...
00:31:33 - dev set during evaluation: 15300/15294
00:31:33 - process[1] - dev - epoch 12 - mAP: 0.467 w/ 36 queries
00:31:33 - process[1]: evaluating epoch 12 on test ...
00:32:15 - test set during evaluation: 15480/15477
00:32:15 - process[1] - test - epoch 12 - mAP: 0.354 w/ 35 queries
00:32:15 - process[1]: training epoch 13 ...
00:32:26 - process[1] - epoch 13 - train iter 196 - 16669.5 words/s - loss: 0.4515
00:32:26 - process[1]: evaluating epoch 13 on dev ...
00:33:09 - dev set during evaluation: 15300/15294
00:33:09 - process[1] - dev - epoch 13 - mAP: 0.473 w/ 36 queries
00:33:09 - process[1]: evaluating epoch 13 on test ...
00:33:51 - test set during evaluation: 15480/15477
00:33:51 - process[1] - test - epoch 13 - mAP: 0.383 w/ 35 queries
00:33:51 - process[1]: training epoch 14 ...
00:34:01 - process[1] - epoch 14 - train iter 196 - 16892.1 words/s - loss: 0.4263
00:34:01 - process[1]: evaluating epoch 14 on dev ...
00:34:44 - dev set during evaluation: 15300/15294
00:34:44 - process[1] - dev - epoch 14 - mAP: 0.468 w/ 36 queries
00:34:44 - process[1]: training epoch 15 ...
00:34:54 - process[1] - epoch 15 - train iter 196 - 18257.2 words/s - loss: 0.3914
00:34:54 - process[1]: evaluating epoch 15 on dev ...
00:35:37 - dev set during evaluation: 15300/15294
00:35:37 - process[1] - dev - epoch 15 - mAP: 0.493 w/ 36 queries
00:35:37 - process[1]: evaluating epoch 15 on test ...
00:36:19 - test set during evaluation: 15480/15477
00:36:19 - process[1] - test - epoch 15 - mAP: 0.394 w/ 35 queries
00:36:19 - process[1]: training epoch 16 ...
00:36:29 - process[1] - epoch 16 - train iter 196 - 18455.1 words/s - loss: 0.4082
00:36:29 - process[1]: evaluating epoch 16 on dev ...
00:37:12 - dev set during evaluation: 15300/15294
00:37:12 - process[1] - dev - epoch 16 - mAP: 0.460 w/ 36 queries
00:37:12 - process[1]: training epoch 17 ...
00:37:22 - process[1] - epoch 17 - train iter 196 - 17185.7 words/s - loss: 0.4262
00:37:22 - process[1]: evaluating epoch 17 on dev ...
00:38:05 - dev set during evaluation: 15300/15294
00:38:05 - process[1] - dev - epoch 17 - mAP: 0.483 w/ 36 queries
00:38:05 - process[1]: training epoch 18 ...
00:38:16 - process[1] - epoch 18 - train iter 196 - 16727.6 words/s - loss: 0.3843
00:38:16 - process[1]: evaluating epoch 18 on dev ...
00:38:59 - dev set during evaluation: 15300/15294
00:38:59 - process[1] - dev - epoch 18 - mAP: 0.444 w/ 36 queries
00:38:59 - process[1]: training epoch 19 ...
00:39:09 - process[1] - epoch 19 - train iter 196 - 16562.0 words/s - loss: 0.3289
00:39:09 - process[1]: evaluating epoch 19 on dev ...
00:39:53 - dev set during evaluation: 15300/15294
00:39:53 - process[1] - dev - epoch 19 - mAP: 0.471 w/ 36 queries
00:39:53 - [fold 3] best test MAP: 0.394 @ epoch 15
00:39:53 - Evaluating every 1 epochs ...
00:39:53 - reading data from /mnt/home/puxuan/CLIR-project/Evaluation_data/process-clef/uncased
00:39:53 - test has 35 queries ...
00:39:53 - Data reading done ...
00:39:55 - adding 9-th encoder to optimizer...
00:39:55 - adding 10-th encoder to optimizer...
00:39:55 - adding 11-th encoder to optimizer...
00:39:56 - process[1]: training epoch 0 ...
00:40:07 - process[1] - epoch 0 - train iter 207 - 15690.9 words/s - loss: 0.6047
00:40:07 - process[1]: training epoch 1 ...
00:40:19 - process[1] - epoch 1 - train iter 207 - 16087.7 words/s - loss: 0.5437
00:40:19 - process[1]: training epoch 2 ...
00:40:30 - process[1] - epoch 2 - train iter 207 - 16099.9 words/s - loss: 0.4990
00:40:30 - process[1]: training epoch 3 ...
00:40:44 - process[1] - epoch 3 - train iter 207 - 14071.7 words/s - loss: 0.4905
00:40:44 - process[1]: training epoch 4 ...
00:40:55 - process[1] - epoch 4 - train iter 207 - 17183.6 words/s - loss: 0.4583
00:40:55 - process[1]: training epoch 5 ...
00:41:06 - process[1] - epoch 5 - train iter 207 - 16197.5 words/s - loss: 0.3804
00:41:06 - process[1]: training epoch 6 ...
00:41:18 - process[1] - epoch 6 - train iter 207 - 15601.9 words/s - loss: 0.4442
00:41:18 - process[1]: training epoch 7 ...
00:41:29 - process[1] - epoch 7 - train iter 207 - 17363.3 words/s - loss: 0.4600
00:41:29 - process[1]: training epoch 8 ...
00:41:40 - process[1] - epoch 8 - train iter 207 - 16532.2 words/s - loss: 0.4324
00:41:40 - process[1]: training epoch 9 ...
00:41:52 - process[1] - epoch 9 - train iter 207 - 15122.4 words/s - loss: 0.3584
00:41:52 - process[1]: training epoch 10 ...
00:42:04 - process[1] - epoch 10 - train iter 207 - 16391.8 words/s - loss: 0.4278
00:42:04 - process[1]: evaluating epoch 10 on dev ...
00:42:45 - dev set during evaluation: 15480/15477
00:42:45 - process[1] - dev - epoch 10 - mAP: 0.366 w/ 35 queries
00:42:45 - process[1]: evaluating epoch 10 on test ...
00:43:28 - test set during evaluation: 14470/14463
00:43:28 - process[1] - test - epoch 10 - mAP: 0.312 w/ 35 queries
00:43:28 - process[1]: training epoch 11 ...
00:43:40 - process[1] - epoch 11 - train iter 207 - 16440.4 words/s - loss: 0.4358
00:43:40 - process[1]: evaluating epoch 11 on dev ...
00:44:21 - dev set during evaluation: 15480/15477
00:44:21 - process[1] - dev - epoch 11 - mAP: 0.360 w/ 35 queries
00:44:21 - process[1]: training epoch 12 ...
00:44:33 - process[1] - epoch 12 - train iter 207 - 16364.7 words/s - loss: 0.3762
00:44:33 - process[1]: evaluating epoch 12 on dev ...
00:45:18 - dev set during evaluation: 15480/15477
00:45:18 - process[1] - dev - epoch 12 - mAP: 0.335 w/ 35 queries
00:45:18 - process[1]: training epoch 13 ...
00:45:30 - process[1] - epoch 13 - train iter 207 - 16119.9 words/s - loss: 0.4430
00:45:30 - process[1]: evaluating epoch 13 on dev ...
00:46:17 - dev set during evaluation: 15480/15477
00:46:17 - process[1] - dev - epoch 13 - mAP: 0.357 w/ 35 queries
00:46:17 - process[1]: training epoch 14 ...
00:46:28 - process[1] - epoch 14 - train iter 207 - 16827.4 words/s - loss: 0.3830
00:46:28 - process[1]: evaluating epoch 14 on dev ...
00:47:10 - dev set during evaluation: 15480/15477
00:47:10 - process[1] - dev - epoch 14 - mAP: 0.369 w/ 35 queries
00:47:10 - process[1]: evaluating epoch 14 on test ...
00:47:53 - test set during evaluation: 14470/14463
00:47:53 - process[1] - test - epoch 14 - mAP: 0.327 w/ 35 queries
00:47:53 - process[1]: training epoch 15 ...
00:48:04 - process[1] - epoch 15 - train iter 207 - 16667.4 words/s - loss: 0.3557
00:48:04 - process[1]: evaluating epoch 15 on dev ...
00:48:45 - dev set during evaluation: 15480/15477
00:48:45 - process[1] - dev - epoch 15 - mAP: 0.388 w/ 35 queries
00:48:45 - process[1]: evaluating epoch 15 on test ...
00:49:27 - test set during evaluation: 14470/14463
00:49:27 - process[1] - test - epoch 15 - mAP: 0.349 w/ 35 queries
00:49:27 - process[1]: training epoch 16 ...
00:49:39 - process[1] - epoch 16 - train iter 207 - 16085.0 words/s - loss: 0.3632
00:49:39 - process[1]: evaluating epoch 16 on dev ...
00:50:21 - dev set during evaluation: 15480/15477
00:50:21 - process[1] - dev - epoch 16 - mAP: 0.391 w/ 35 queries
00:50:21 - process[1]: evaluating epoch 16 on test ...
00:51:03 - test set during evaluation: 14470/14463
00:51:03 - process[1] - test - epoch 16 - mAP: 0.348 w/ 35 queries
00:51:03 - process[1]: training epoch 17 ...
00:51:15 - process[1] - epoch 17 - train iter 207 - 15781.3 words/s - loss: 0.3857
00:51:15 - process[1]: evaluating epoch 17 on dev ...
00:51:57 - dev set during evaluation: 15480/15477
00:51:57 - process[1] - dev - epoch 17 - mAP: 0.391 w/ 35 queries
00:51:57 - process[1]: training epoch 18 ...
00:52:08 - process[1] - epoch 18 - train iter 207 - 16866.3 words/s - loss: 0.3343
00:52:08 - process[1]: evaluating epoch 18 on dev ...
00:52:50 - dev set during evaluation: 15480/15477
00:52:50 - process[1] - dev - epoch 18 - mAP: 0.385 w/ 35 queries
00:52:50 - process[1]: training epoch 19 ...
00:53:01 - process[1] - epoch 19 - train iter 207 - 17723.6 words/s - loss: 0.3406
00:53:01 - process[1]: evaluating epoch 19 on dev ...
00:53:43 - dev set during evaluation: 15480/15477
00:53:43 - process[1] - dev - epoch 19 - mAP: 0.384 w/ 35 queries
00:53:43 - [fold 4] best test MAP: 0.348 @ epoch 16
00:53:43 - Evaluating every 1 epochs ...
00:53:43 - reading data from /mnt/home/puxuan/CLIR-project/Evaluation_data/process-clef/uncased
00:53:44 - test has 35 queries ...
00:53:44 - Data reading done ...
00:53:45 - adding 9-th encoder to optimizer...
00:53:45 - adding 10-th encoder to optimizer...
00:53:45 - adding 11-th encoder to optimizer...
00:53:46 - process[1]: training epoch 0 ...
00:53:56 - process[1] - epoch 0 - train iter 195 - 16920.7 words/s - loss: 0.6020
00:53:56 - process[1]: training epoch 1 ...
00:54:06 - process[1] - epoch 1 - train iter 195 - 17487.4 words/s - loss: 0.5572
00:54:06 - process[1]: training epoch 2 ...
00:54:17 - process[1] - epoch 2 - train iter 195 - 15474.4 words/s - loss: 0.5053
00:54:17 - process[1]: training epoch 3 ...
00:54:28 - process[1] - epoch 3 - train iter 195 - 16203.0 words/s - loss: 0.4745
00:54:28 - process[1]: training epoch 4 ...
00:54:40 - process[1] - epoch 4 - train iter 195 - 14573.6 words/s - loss: 0.4414
00:54:40 - process[1]: training epoch 5 ...
00:54:52 - process[1] - epoch 5 - train iter 195 - 14911.7 words/s - loss: 0.4768
00:54:52 - process[1]: training epoch 6 ...
00:55:04 - process[1] - epoch 6 - train iter 195 - 15184.3 words/s - loss: 0.3979
00:55:04 - process[1]: training epoch 7 ...
00:55:15 - process[1] - epoch 7 - train iter 195 - 15875.6 words/s - loss: 0.4516
00:55:15 - process[1]: training epoch 8 ...
00:55:26 - process[1] - epoch 8 - train iter 195 - 15129.3 words/s - loss: 0.4666
00:55:26 - process[1]: training epoch 9 ...
00:55:38 - process[1] - epoch 9 - train iter 195 - 14317.6 words/s - loss: 0.3619
00:55:38 - process[1]: training epoch 10 ...
00:55:50 - process[1] - epoch 10 - train iter 195 - 15611.1 words/s - loss: 0.3845
00:55:50 - process[1]: evaluating epoch 10 on dev ...
00:56:29 - dev set during evaluation: 14470/14463
00:56:29 - process[1] - dev - epoch 10 - mAP: 0.305 w/ 35 queries
00:56:29 - process[1]: evaluating epoch 10 on test ...
00:57:14 - test set during evaluation: 14160/14157
00:57:14 - process[1] - test - epoch 10 - mAP: 0.455 w/ 35 queries
00:57:14 - process[1]: training epoch 11 ...
00:57:27 - process[1] - epoch 11 - train iter 195 - 14351.7 words/s - loss: 0.3563
00:57:27 - process[1]: evaluating epoch 11 on dev ...
00:58:09 - dev set during evaluation: 14470/14463
00:58:09 - process[1] - dev - epoch 11 - mAP: 0.372 w/ 35 queries
00:58:09 - process[1]: evaluating epoch 11 on test ...
00:58:55 - test set during evaluation: 14160/14157
00:58:55 - process[1] - test - epoch 11 - mAP: 0.462 w/ 35 queries
00:58:55 - process[1]: training epoch 12 ...
00:59:05 - process[1] - epoch 12 - train iter 195 - 16104.4 words/s - loss: 0.4507
00:59:05 - process[1]: evaluating epoch 12 on dev ...
00:59:52 - dev set during evaluation: 14470/14463
00:59:52 - process[1] - dev - epoch 12 - mAP: 0.359 w/ 35 queries
00:59:52 - process[1]: training epoch 13 ...
01:00:02 - process[1] - epoch 13 - train iter 195 - 17215.2 words/s - loss: 0.3734
01:00:02 - process[1]: evaluating epoch 13 on dev ...
01:00:44 - dev set during evaluation: 14470/14463
01:00:44 - process[1] - dev - epoch 13 - mAP: 0.371 w/ 35 queries
01:00:44 - process[1]: training epoch 14 ...
01:00:56 - process[1] - epoch 14 - train iter 195 - 15389.6 words/s - loss: 0.3506
01:00:56 - process[1]: evaluating epoch 14 on dev ...
01:01:41 - dev set during evaluation: 14470/14463
01:01:41 - process[1] - dev - epoch 14 - mAP: 0.340 w/ 35 queries
01:01:41 - process[1]: training epoch 15 ...
01:01:52 - process[1] - epoch 15 - train iter 195 - 16535.6 words/s - loss: 0.3625
01:01:52 - process[1]: evaluating epoch 15 on dev ...
01:02:34 - dev set during evaluation: 14470/14463
01:02:34 - process[1] - dev - epoch 15 - mAP: 0.352 w/ 35 queries
01:02:34 - process[1]: training epoch 16 ...
01:02:45 - process[1] - epoch 16 - train iter 195 - 16479.8 words/s - loss: 0.4032
01:02:45 - process[1]: evaluating epoch 16 on dev ...
01:03:28 - dev set during evaluation: 14470/14463
01:03:28 - process[1] - dev - epoch 16 - mAP: 0.392 w/ 35 queries
01:03:28 - process[1]: evaluating epoch 16 on test ...
01:04:13 - test set during evaluation: 14160/14157
01:04:13 - process[1] - test - epoch 16 - mAP: 0.493 w/ 35 queries
01:04:13 - process[1]: training epoch 17 ...
01:04:25 - process[1] - epoch 17 - train iter 195 - 15669.3 words/s - loss: 0.4618
01:04:25 - process[1]: evaluating epoch 17 on dev ...
01:05:07 - dev set during evaluation: 14470/14463
01:05:07 - process[1] - dev - epoch 17 - mAP: 0.381 w/ 35 queries
01:05:07 - process[1]: training epoch 18 ...
01:05:18 - process[1] - epoch 18 - train iter 195 - 16521.7 words/s - loss: 0.3806
01:05:18 - process[1]: evaluating epoch 18 on dev ...
01:05:59 - dev set during evaluation: 14470/14463
01:05:59 - process[1] - dev - epoch 18 - mAP: 0.375 w/ 35 queries
01:05:59 - process[1]: training epoch 19 ...
01:06:11 - process[1] - epoch 19 - train iter 195 - 15973.6 words/s - loss: 0.3675
01:06:11 - process[1]: evaluating epoch 19 on dev ...
01:06:52 - dev set during evaluation: 14470/14463
01:06:52 - process[1] - dev - epoch 19 - mAP: 0.352 w/ 35 queries
01:06:52 - [fold 5] best test MAP: 0.493 @ epoch 16
01:06:52 - [0.43955509250547026, 0.4399006742952515, 0.39351622100736733, 0.34789481793642424, 0.49287024319457384]
01:06:52 - [35, 36, 35, 35, 35]
01:06:52 - final MAP: 0.423
