00:00:07 - Namespace(apex_level='O2', batch_size=8, cased=False, dataset='clef', debug=False, encoder_lr=2e-05, eval_step=1, full_doc_length=True, local_rank=4, model_path='/mnt/scratch/puxuan/short_qlm/2186735/huggingface-9', model_type='mbert', num_epochs=20, num_ft_encoders=3, num_neg=1, projector_lr=2e-05, seed=611, source_lang='fr', target_lang='en')
00:00:17 - Evaluating every 1 epochs ...
00:00:17 - reading data from /mnt/home/puxuan/CLIR-project/Evaluation_data/process-clef/uncased
00:00:17 - test has 35 queries ...
00:00:17 - Data reading done ...
00:00:24 - adding 9-th encoder to optimizer...
00:00:24 - adding 10-th encoder to optimizer...
00:00:24 - adding 11-th encoder to optimizer...
00:00:25 - process[4]: training epoch 0 ...
00:00:36 - process[4] - epoch 0 - train iter 197 - 15197.8 words/s - loss: 0.6567
00:00:36 - process[4]: training epoch 1 ...
00:00:47 - process[4] - epoch 1 - train iter 197 - 16836.7 words/s - loss: 0.5519
00:00:47 - process[4]: training epoch 2 ...
00:00:58 - process[4] - epoch 2 - train iter 197 - 15705.9 words/s - loss: 0.5123
00:00:58 - process[4]: training epoch 3 ...
00:01:09 - process[4] - epoch 3 - train iter 197 - 16011.4 words/s - loss: 0.5050
00:01:09 - process[4]: training epoch 4 ...
00:01:20 - process[4] - epoch 4 - train iter 197 - 17123.2 words/s - loss: 0.4669
00:01:20 - process[4]: training epoch 5 ...
00:01:32 - process[4] - epoch 5 - train iter 197 - 15119.1 words/s - loss: 0.4361
00:01:32 - process[4]: training epoch 6 ...
00:01:43 - process[4] - epoch 6 - train iter 197 - 16407.6 words/s - loss: 0.3993
00:01:43 - process[4]: training epoch 7 ...
00:01:55 - process[4] - epoch 7 - train iter 197 - 15400.4 words/s - loss: 0.4624
00:01:55 - process[4]: training epoch 8 ...
00:02:05 - process[4] - epoch 8 - train iter 197 - 16833.9 words/s - loss: 0.4259
00:02:05 - process[4]: training epoch 9 ...
00:02:17 - process[4] - epoch 9 - train iter 197 - 15753.7 words/s - loss: 0.4353
00:02:17 - process[4]: training epoch 10 ...
00:02:27 - process[4] - epoch 10 - train iter 197 - 17111.6 words/s - loss: 0.4208
00:02:27 - process[4]: evaluating epoch 10 on dev ...
00:03:15 - dev set during evaluation: 14160/14157
00:03:15 - process[4] - dev - epoch 10 - mAP: 0.513 w/ 35 queries
00:03:15 - process[4]: evaluating epoch 10 on test ...
00:03:57 - test set during evaluation: 14980/14975
00:03:57 - process[4] - test - epoch 10 - mAP: 0.484 w/ 35 queries
00:03:57 - process[4]: training epoch 11 ...
00:04:07 - process[4] - epoch 11 - train iter 197 - 18196.6 words/s - loss: 0.4244
00:04:07 - process[4]: evaluating epoch 11 on dev ...
00:04:54 - dev set during evaluation: 14160/14157
00:04:54 - process[4] - dev - epoch 11 - mAP: 0.468 w/ 35 queries
00:04:54 - process[4]: training epoch 12 ...
00:05:06 - process[4] - epoch 12 - train iter 197 - 15310.9 words/s - loss: 0.4185
00:05:06 - process[4]: evaluating epoch 12 on dev ...
00:05:48 - dev set during evaluation: 14160/14157
00:05:48 - process[4] - dev - epoch 12 - mAP: 0.499 w/ 35 queries
00:05:48 - process[4]: training epoch 13 ...
00:06:01 - process[4] - epoch 13 - train iter 197 - 14280.5 words/s - loss: 0.3939
00:06:01 - process[4]: evaluating epoch 13 on dev ...
00:06:45 - dev set during evaluation: 14160/14157
00:06:45 - process[4] - dev - epoch 13 - mAP: 0.505 w/ 35 queries
00:06:45 - process[4]: training epoch 14 ...
00:06:56 - process[4] - epoch 14 - train iter 197 - 15818.1 words/s - loss: 0.3365
00:06:56 - process[4]: evaluating epoch 14 on dev ...
00:07:40 - dev set during evaluation: 14160/14157
00:07:40 - process[4] - dev - epoch 14 - mAP: 0.531 w/ 35 queries
00:07:40 - process[4]: evaluating epoch 14 on test ...
00:08:21 - test set during evaluation: 14980/14975
00:08:21 - process[4] - test - epoch 14 - mAP: 0.465 w/ 35 queries
00:08:21 - process[4]: training epoch 15 ...
00:08:34 - process[4] - epoch 15 - train iter 197 - 14847.1 words/s - loss: 0.4163
00:08:34 - process[4]: evaluating epoch 15 on dev ...
00:09:16 - dev set during evaluation: 14160/14157
00:09:16 - process[4] - dev - epoch 15 - mAP: 0.478 w/ 35 queries
00:09:16 - process[4]: training epoch 16 ...
00:09:28 - process[4] - epoch 16 - train iter 197 - 14800.7 words/s - loss: 0.3325
00:09:28 - process[4]: evaluating epoch 16 on dev ...
00:10:12 - dev set during evaluation: 14160/14157
00:10:12 - process[4] - dev - epoch 16 - mAP: 0.490 w/ 35 queries
00:10:12 - process[4]: training epoch 17 ...
00:10:24 - process[4] - epoch 17 - train iter 197 - 14361.6 words/s - loss: 0.4061
00:10:24 - process[4]: evaluating epoch 17 on dev ...
00:11:07 - dev set during evaluation: 14160/14157
00:11:07 - process[4] - dev - epoch 17 - mAP: 0.475 w/ 35 queries
00:11:07 - process[4]: training epoch 18 ...
00:11:19 - process[4] - epoch 18 - train iter 197 - 15619.9 words/s - loss: 0.3878
00:11:19 - process[4]: evaluating epoch 18 on dev ...
00:12:02 - dev set during evaluation: 14160/14157
00:12:02 - process[4] - dev - epoch 18 - mAP: 0.499 w/ 35 queries
00:12:02 - process[4]: training epoch 19 ...
00:12:14 - process[4] - epoch 19 - train iter 197 - 15251.0 words/s - loss: 0.3689
00:12:14 - process[4]: evaluating epoch 19 on dev ...
00:12:59 - dev set during evaluation: 14160/14157
00:12:59 - process[4] - dev - epoch 19 - mAP: 0.507 w/ 35 queries
00:12:59 - [fold 1] best test MAP: 0.465 @ epoch 14
00:12:59 - Evaluating every 1 epochs ...
00:12:59 - reading data from /mnt/home/puxuan/CLIR-project/Evaluation_data/process-clef/uncased
00:13:00 - test has 36 queries ...
00:13:00 - Data reading done ...
00:13:01 - adding 9-th encoder to optimizer...
00:13:01 - adding 10-th encoder to optimizer...
00:13:01 - adding 11-th encoder to optimizer...
00:13:02 - process[4]: training epoch 0 ...
00:13:11 - process[4] - epoch 0 - train iter 187 - 17136.7 words/s - loss: 0.6681
00:13:11 - process[4]: training epoch 1 ...
00:13:23 - process[4] - epoch 1 - train iter 187 - 15246.6 words/s - loss: 0.5656
00:13:23 - process[4]: training epoch 2 ...
00:13:33 - process[4] - epoch 2 - train iter 187 - 16784.3 words/s - loss: 0.5096
00:13:33 - process[4]: training epoch 3 ...
00:13:41 - process[4] - epoch 3 - train iter 187 - 19619.7 words/s - loss: 0.5050
00:13:41 - process[4]: training epoch 4 ...
00:13:51 - process[4] - epoch 4 - train iter 187 - 17310.6 words/s - loss: 0.4964
00:13:51 - process[4]: training epoch 5 ...
00:14:01 - process[4] - epoch 5 - train iter 187 - 16773.1 words/s - loss: 0.5020
00:14:01 - process[4]: training epoch 6 ...
00:14:11 - process[4] - epoch 6 - train iter 187 - 17779.2 words/s - loss: 0.4546
00:14:11 - process[4]: training epoch 7 ...
00:14:22 - process[4] - epoch 7 - train iter 187 - 15417.4 words/s - loss: 0.4263
00:14:22 - process[4]: training epoch 8 ...
00:14:32 - process[4] - epoch 8 - train iter 187 - 16344.8 words/s - loss: 0.4310
00:14:32 - process[4]: training epoch 9 ...
00:14:43 - process[4] - epoch 9 - train iter 187 - 15983.3 words/s - loss: 0.4355
00:14:43 - process[4]: training epoch 10 ...
00:14:53 - process[4] - epoch 10 - train iter 187 - 17218.8 words/s - loss: 0.3909
00:14:53 - process[4]: evaluating epoch 10 on dev ...
00:15:35 - dev set during evaluation: 14980/14975
00:15:35 - process[4] - dev - epoch 10 - mAP: 0.464 w/ 35 queries
00:15:35 - process[4]: evaluating epoch 10 on test ...
00:16:18 - test set during evaluation: 15300/15294
00:16:18 - process[4] - test - epoch 10 - mAP: 0.470 w/ 36 queries
00:16:18 - process[4]: training epoch 11 ...
00:16:28 - process[4] - epoch 11 - train iter 187 - 16573.4 words/s - loss: 0.4302
00:16:28 - process[4]: evaluating epoch 11 on dev ...
00:17:10 - dev set during evaluation: 14980/14975
00:17:10 - process[4] - dev - epoch 11 - mAP: 0.486 w/ 35 queries
00:17:10 - process[4]: evaluating epoch 11 on test ...
00:17:53 - test set during evaluation: 15300/15294
00:17:53 - process[4] - test - epoch 11 - mAP: 0.457 w/ 36 queries
00:17:53 - process[4]: training epoch 12 ...
00:18:02 - process[4] - epoch 12 - train iter 187 - 17674.2 words/s - loss: 0.3378
00:18:02 - process[4]: evaluating epoch 12 on dev ...
00:18:44 - dev set during evaluation: 14980/14975
00:18:44 - process[4] - dev - epoch 12 - mAP: 0.433 w/ 35 queries
00:18:44 - process[4]: training epoch 13 ...
00:18:54 - process[4] - epoch 13 - train iter 187 - 17280.6 words/s - loss: 0.4063
00:18:54 - process[4]: evaluating epoch 13 on dev ...
00:19:35 - dev set during evaluation: 14980/14975
00:19:35 - process[4] - dev - epoch 13 - mAP: 0.447 w/ 35 queries
00:19:35 - process[4]: training epoch 14 ...
00:19:44 - process[4] - epoch 14 - train iter 187 - 18948.9 words/s - loss: 0.4089
00:19:44 - process[4]: evaluating epoch 14 on dev ...
00:20:27 - dev set during evaluation: 14980/14975
00:20:27 - process[4] - dev - epoch 14 - mAP: 0.444 w/ 35 queries
00:20:27 - process[4]: training epoch 15 ...
00:20:37 - process[4] - epoch 15 - train iter 187 - 16134.1 words/s - loss: 0.3656
00:20:37 - process[4]: evaluating epoch 15 on dev ...
00:21:17 - dev set during evaluation: 14980/14975
00:21:17 - process[4] - dev - epoch 15 - mAP: 0.415 w/ 35 queries
00:21:17 - process[4]: training epoch 16 ...
00:21:27 - process[4] - epoch 16 - train iter 187 - 18014.5 words/s - loss: 0.3763
00:21:27 - process[4]: evaluating epoch 16 on dev ...
00:22:08 - dev set during evaluation: 14980/14975
00:22:08 - process[4] - dev - epoch 16 - mAP: 0.432 w/ 35 queries
00:22:08 - process[4]: training epoch 17 ...
00:22:18 - process[4] - epoch 17 - train iter 187 - 18455.1 words/s - loss: 0.4119
00:22:18 - process[4]: evaluating epoch 17 on dev ...
00:23:00 - dev set during evaluation: 14980/14975
00:23:00 - process[4] - dev - epoch 17 - mAP: 0.447 w/ 35 queries
00:23:00 - process[4]: training epoch 18 ...
00:23:09 - process[4] - epoch 18 - train iter 187 - 18161.1 words/s - loss: 0.4076
00:23:09 - process[4]: evaluating epoch 18 on dev ...
00:23:51 - dev set during evaluation: 14980/14975
00:23:51 - process[4] - dev - epoch 18 - mAP: 0.474 w/ 35 queries
00:23:51 - process[4]: training epoch 19 ...
00:24:02 - process[4] - epoch 19 - train iter 187 - 16254.5 words/s - loss: 0.3764
00:24:02 - process[4]: evaluating epoch 19 on dev ...
00:24:43 - dev set during evaluation: 14980/14975
00:24:43 - process[4] - dev - epoch 19 - mAP: 0.435 w/ 35 queries
00:24:43 - [fold 2] best test MAP: 0.457 @ epoch 11
00:24:43 - Evaluating every 1 epochs ...
00:24:43 - reading data from /mnt/home/puxuan/CLIR-project/Evaluation_data/process-clef/uncased
00:24:44 - test has 35 queries ...
00:24:44 - Data reading done ...
00:24:45 - adding 9-th encoder to optimizer...
00:24:45 - adding 10-th encoder to optimizer...
00:24:45 - adding 11-th encoder to optimizer...
00:24:46 - process[4]: training epoch 0 ...
00:24:56 - process[4] - epoch 0 - train iter 196 - 18344.6 words/s - loss: 0.6594
00:24:56 - process[4]: training epoch 1 ...
00:25:06 - process[4] - epoch 1 - train iter 196 - 17710.8 words/s - loss: 0.5609
00:25:06 - process[4]: training epoch 2 ...
00:25:15 - process[4] - epoch 2 - train iter 196 - 18394.5 words/s - loss: 0.5043
00:25:15 - process[4]: training epoch 3 ...
00:25:25 - process[4] - epoch 3 - train iter 196 - 17858.7 words/s - loss: 0.4757
00:25:25 - process[4]: training epoch 4 ...
00:25:36 - process[4] - epoch 4 - train iter 196 - 16870.5 words/s - loss: 0.4958
00:25:36 - process[4]: training epoch 5 ...
00:25:46 - process[4] - epoch 5 - train iter 196 - 17607.2 words/s - loss: 0.4270
00:25:46 - process[4]: training epoch 6 ...
00:25:57 - process[4] - epoch 6 - train iter 196 - 16679.0 words/s - loss: 0.4499
00:25:57 - process[4]: training epoch 7 ...
00:26:07 - process[4] - epoch 7 - train iter 196 - 16335.4 words/s - loss: 0.4510
00:26:07 - process[4]: training epoch 8 ...
00:26:18 - process[4] - epoch 8 - train iter 196 - 17121.3 words/s - loss: 0.4110
00:26:18 - process[4]: training epoch 9 ...
00:26:28 - process[4] - epoch 9 - train iter 196 - 17330.0 words/s - loss: 0.4709
00:26:28 - process[4]: training epoch 10 ...
00:26:38 - process[4] - epoch 10 - train iter 196 - 16979.2 words/s - loss: 0.4060
00:26:38 - process[4]: evaluating epoch 10 on dev ...
00:27:34 - dev set during evaluation: 15300/15294
00:27:34 - process[4] - dev - epoch 10 - mAP: 0.484 w/ 36 queries
00:27:34 - process[4]: evaluating epoch 10 on test ...
00:28:17 - test set during evaluation: 15480/15477
00:28:17 - process[4] - test - epoch 10 - mAP: 0.420 w/ 35 queries
00:28:17 - process[4]: training epoch 11 ...
00:28:27 - process[4] - epoch 11 - train iter 196 - 17328.4 words/s - loss: 0.4285
00:28:27 - process[4]: evaluating epoch 11 on dev ...
00:29:11 - dev set during evaluation: 15300/15294
00:29:11 - process[4] - dev - epoch 11 - mAP: 0.485 w/ 36 queries
00:29:11 - process[4]: evaluating epoch 11 on test ...
00:29:53 - test set during evaluation: 15480/15477
00:29:53 - process[4] - test - epoch 11 - mAP: 0.438 w/ 35 queries
00:29:53 - process[4]: training epoch 12 ...
00:30:04 - process[4] - epoch 12 - train iter 196 - 17568.5 words/s - loss: 0.3736
00:30:04 - process[4]: evaluating epoch 12 on dev ...
00:30:49 - dev set during evaluation: 15300/15294
00:30:49 - process[4] - dev - epoch 12 - mAP: 0.442 w/ 36 queries
00:30:49 - process[4]: training epoch 13 ...
00:30:58 - process[4] - epoch 13 - train iter 196 - 18099.7 words/s - loss: 0.4535
00:30:58 - process[4]: evaluating epoch 13 on dev ...
00:31:42 - dev set during evaluation: 15300/15294
00:31:42 - process[4] - dev - epoch 13 - mAP: 0.458 w/ 36 queries
00:31:42 - process[4]: training epoch 14 ...
00:31:52 - process[4] - epoch 14 - train iter 196 - 16471.6 words/s - loss: 0.3995
00:31:52 - process[4]: evaluating epoch 14 on dev ...
00:32:35 - dev set during evaluation: 15300/15294
00:32:35 - process[4] - dev - epoch 14 - mAP: 0.475 w/ 36 queries
00:32:35 - process[4]: training epoch 15 ...
00:32:46 - process[4] - epoch 15 - train iter 196 - 16969.4 words/s - loss: 0.3642
00:32:46 - process[4]: evaluating epoch 15 on dev ...
00:33:28 - dev set during evaluation: 15300/15294
00:33:28 - process[4] - dev - epoch 15 - mAP: 0.470 w/ 36 queries
00:33:28 - process[4]: training epoch 16 ...
00:33:38 - process[4] - epoch 16 - train iter 196 - 17917.9 words/s - loss: 0.4043
00:33:38 - process[4]: evaluating epoch 16 on dev ...
00:34:21 - dev set during evaluation: 15300/15294
00:34:21 - process[4] - dev - epoch 16 - mAP: 0.465 w/ 36 queries
00:34:21 - process[4]: training epoch 17 ...
00:34:31 - process[4] - epoch 17 - train iter 196 - 17853.5 words/s - loss: 0.3422
00:34:31 - process[4]: evaluating epoch 17 on dev ...
00:35:15 - dev set during evaluation: 15300/15294
00:35:15 - process[4] - dev - epoch 17 - mAP: 0.508 w/ 36 queries
00:35:15 - process[4]: evaluating epoch 17 on test ...
00:35:57 - test set during evaluation: 15480/15477
00:35:57 - process[4] - test - epoch 17 - mAP: 0.399 w/ 35 queries
00:35:57 - process[4]: training epoch 18 ...
00:36:08 - process[4] - epoch 18 - train iter 196 - 16150.2 words/s - loss: 0.3691
00:36:08 - process[4]: evaluating epoch 18 on dev ...
00:36:50 - dev set during evaluation: 15300/15294
00:36:50 - process[4] - dev - epoch 18 - mAP: 0.482 w/ 36 queries
00:36:50 - process[4]: training epoch 19 ...
00:37:01 - process[4] - epoch 19 - train iter 196 - 16218.9 words/s - loss: 0.3564
00:37:01 - process[4]: evaluating epoch 19 on dev ...
00:37:43 - dev set during evaluation: 15300/15294
00:37:43 - process[4] - dev - epoch 19 - mAP: 0.483 w/ 36 queries
00:37:43 - [fold 3] best test MAP: 0.399 @ epoch 17
00:37:43 - Evaluating every 1 epochs ...
00:37:43 - reading data from /mnt/home/puxuan/CLIR-project/Evaluation_data/process-clef/uncased
00:37:44 - test has 35 queries ...
00:37:44 - Data reading done ...
00:37:45 - adding 9-th encoder to optimizer...
00:37:45 - adding 10-th encoder to optimizer...
00:37:45 - adding 11-th encoder to optimizer...
00:37:46 - process[4]: training epoch 0 ...
00:37:57 - process[4] - epoch 0 - train iter 207 - 16720.9 words/s - loss: 0.6550
00:37:57 - process[4]: training epoch 1 ...
00:38:08 - process[4] - epoch 1 - train iter 207 - 17035.4 words/s - loss: 0.5637
00:38:08 - process[4]: training epoch 2 ...
00:38:18 - process[4] - epoch 2 - train iter 207 - 17661.1 words/s - loss: 0.4892
00:38:18 - process[4]: training epoch 3 ...
00:38:30 - process[4] - epoch 3 - train iter 207 - 16478.7 words/s - loss: 0.4826
00:38:30 - process[4]: training epoch 4 ...
00:38:41 - process[4] - epoch 4 - train iter 207 - 16580.5 words/s - loss: 0.4802
00:38:41 - process[4]: training epoch 5 ...
00:38:53 - process[4] - epoch 5 - train iter 207 - 15985.3 words/s - loss: 0.4522
00:38:53 - process[4]: training epoch 6 ...
00:39:05 - process[4] - epoch 6 - train iter 207 - 15312.3 words/s - loss: 0.4424
00:39:05 - process[4]: training epoch 7 ...
00:39:16 - process[4] - epoch 7 - train iter 207 - 17086.1 words/s - loss: 0.4236
00:39:16 - process[4]: training epoch 8 ...
00:39:28 - process[4] - epoch 8 - train iter 207 - 16008.2 words/s - loss: 0.4455
00:39:28 - process[4]: training epoch 9 ...
00:39:39 - process[4] - epoch 9 - train iter 207 - 16298.9 words/s - loss: 0.4645
00:39:39 - process[4]: training epoch 10 ...
00:39:50 - process[4] - epoch 10 - train iter 207 - 17516.7 words/s - loss: 0.3724
00:39:50 - process[4]: evaluating epoch 10 on dev ...
00:40:34 - dev set during evaluation: 15480/15477
00:40:34 - process[4] - dev - epoch 10 - mAP: 0.358 w/ 35 queries
00:40:34 - process[4]: evaluating epoch 10 on test ...
00:41:17 - test set during evaluation: 14470/14463
00:41:17 - process[4] - test - epoch 10 - mAP: 0.403 w/ 35 queries
00:41:17 - process[4]: training epoch 11 ...
00:41:28 - process[4] - epoch 11 - train iter 207 - 15857.4 words/s - loss: 0.4639
00:41:28 - process[4]: evaluating epoch 11 on dev ...
00:42:09 - dev set during evaluation: 15480/15477
00:42:09 - process[4] - dev - epoch 11 - mAP: 0.380 w/ 35 queries
00:42:09 - process[4]: evaluating epoch 11 on test ...
00:42:54 - test set during evaluation: 14470/14463
00:42:54 - process[4] - test - epoch 11 - mAP: 0.413 w/ 35 queries
00:42:54 - process[4]: training epoch 12 ...
00:43:06 - process[4] - epoch 12 - train iter 207 - 16526.4 words/s - loss: 0.3821
00:43:06 - process[4]: evaluating epoch 12 on dev ...
00:43:49 - dev set during evaluation: 15480/15477
00:43:49 - process[4] - dev - epoch 12 - mAP: 0.411 w/ 35 queries
00:43:49 - process[4]: evaluating epoch 12 on test ...
00:44:32 - test set during evaluation: 14470/14463
00:44:32 - process[4] - test - epoch 12 - mAP: 0.407 w/ 35 queries
00:44:32 - process[4]: training epoch 13 ...
00:44:43 - process[4] - epoch 13 - train iter 207 - 17445.6 words/s - loss: 0.3803
00:44:43 - process[4]: evaluating epoch 13 on dev ...
00:45:25 - dev set during evaluation: 15480/15477
00:45:25 - process[4] - dev - epoch 13 - mAP: 0.379 w/ 35 queries
00:45:25 - process[4]: training epoch 14 ...
00:45:36 - process[4] - epoch 14 - train iter 207 - 17405.9 words/s - loss: 0.3847
00:45:36 - process[4]: evaluating epoch 14 on dev ...
00:46:19 - dev set during evaluation: 15480/15477
00:46:19 - process[4] - dev - epoch 14 - mAP: 0.437 w/ 35 queries
00:46:19 - process[4]: evaluating epoch 14 on test ...
00:47:01 - test set during evaluation: 14470/14463
00:47:01 - process[4] - test - epoch 14 - mAP: 0.422 w/ 35 queries
00:47:01 - process[4]: training epoch 15 ...
00:47:11 - process[4] - epoch 15 - train iter 207 - 18927.7 words/s - loss: 0.3854
00:47:11 - process[4]: evaluating epoch 15 on dev ...
00:47:54 - dev set during evaluation: 15480/15477
00:47:54 - process[4] - dev - epoch 15 - mAP: 0.400 w/ 35 queries
00:47:54 - process[4]: training epoch 16 ...
00:48:05 - process[4] - epoch 16 - train iter 207 - 16281.4 words/s - loss: 0.3399
00:48:05 - process[4]: evaluating epoch 16 on dev ...
00:48:48 - dev set during evaluation: 15480/15477
00:48:48 - process[4] - dev - epoch 16 - mAP: 0.381 w/ 35 queries
00:48:48 - process[4]: training epoch 17 ...
00:48:59 - process[4] - epoch 17 - train iter 207 - 16648.5 words/s - loss: 0.3937
00:48:59 - process[4]: evaluating epoch 17 on dev ...
00:49:43 - dev set during evaluation: 15480/15477
00:49:43 - process[4] - dev - epoch 17 - mAP: 0.458 w/ 35 queries
00:49:43 - process[4]: evaluating epoch 17 on test ...
00:50:27 - test set during evaluation: 14470/14463
00:50:27 - process[4] - test - epoch 17 - mAP: 0.419 w/ 35 queries
00:50:27 - process[4]: training epoch 18 ...
00:50:39 - process[4] - epoch 18 - train iter 207 - 15683.8 words/s - loss: 0.3982
00:50:39 - process[4]: evaluating epoch 18 on dev ...
00:51:20 - dev set during evaluation: 15480/15477
00:51:20 - process[4] - dev - epoch 18 - mAP: 0.433 w/ 35 queries
00:51:20 - process[4]: training epoch 19 ...
00:51:30 - process[4] - epoch 19 - train iter 207 - 18596.1 words/s - loss: 0.3495
00:51:30 - process[4]: evaluating epoch 19 on dev ...
00:52:14 - dev set during evaluation: 15480/15477
00:52:14 - process[4] - dev - epoch 19 - mAP: 0.409 w/ 35 queries
00:52:14 - [fold 4] best test MAP: 0.419 @ epoch 17
00:52:14 - Evaluating every 1 epochs ...
00:52:14 - reading data from /mnt/home/puxuan/CLIR-project/Evaluation_data/process-clef/uncased
00:52:14 - test has 35 queries ...
00:52:14 - Data reading done ...
00:52:16 - adding 9-th encoder to optimizer...
00:52:16 - adding 10-th encoder to optimizer...
00:52:16 - adding 11-th encoder to optimizer...
00:52:16 - process[4]: training epoch 0 ...
00:52:27 - process[4] - epoch 0 - train iter 195 - 16587.7 words/s - loss: 0.6619
00:52:27 - process[4]: training epoch 1 ...
00:52:38 - process[4] - epoch 1 - train iter 195 - 15970.6 words/s - loss: 0.5778
00:52:38 - process[4]: training epoch 2 ...
00:52:49 - process[4] - epoch 2 - train iter 195 - 16437.1 words/s - loss: 0.4953
00:52:49 - process[4]: training epoch 3 ...
00:52:59 - process[4] - epoch 3 - train iter 195 - 16883.8 words/s - loss: 0.4329
00:52:59 - process[4]: training epoch 4 ...
00:53:10 - process[4] - epoch 4 - train iter 195 - 16008.3 words/s - loss: 0.4295
00:53:10 - process[4]: training epoch 5 ...
00:53:21 - process[4] - epoch 5 - train iter 195 - 15527.6 words/s - loss: 0.4111
00:53:21 - process[4]: training epoch 6 ...
00:53:32 - process[4] - epoch 6 - train iter 195 - 16802.5 words/s - loss: 0.3799
00:53:32 - process[4]: training epoch 7 ...
00:53:42 - process[4] - epoch 7 - train iter 195 - 16585.0 words/s - loss: 0.3872
00:53:42 - process[4]: training epoch 8 ...
00:53:54 - process[4] - epoch 8 - train iter 195 - 15789.2 words/s - loss: 0.4149
00:53:54 - process[4]: training epoch 9 ...
00:54:04 - process[4] - epoch 9 - train iter 195 - 16643.8 words/s - loss: 0.4046
00:54:04 - process[4]: training epoch 10 ...
00:54:15 - process[4] - epoch 10 - train iter 195 - 15956.0 words/s - loss: 0.3785
00:54:15 - process[4]: evaluating epoch 10 on dev ...
00:55:02 - dev set during evaluation: 14470/14463
00:55:02 - process[4] - dev - epoch 10 - mAP: 0.393 w/ 35 queries
00:55:02 - process[4]: evaluating epoch 10 on test ...
00:55:47 - test set during evaluation: 14160/14157
00:55:47 - process[4] - test - epoch 10 - mAP: 0.509 w/ 35 queries
00:55:47 - process[4]: training epoch 11 ...
00:56:00 - process[4] - epoch 11 - train iter 195 - 13770.4 words/s - loss: 0.3498
00:56:00 - process[4]: evaluating epoch 11 on dev ...
00:56:43 - dev set during evaluation: 14470/14463
00:56:43 - process[4] - dev - epoch 11 - mAP: 0.417 w/ 35 queries
00:56:43 - process[4]: evaluating epoch 11 on test ...
00:57:30 - test set during evaluation: 14160/14157
00:57:30 - process[4] - test - epoch 11 - mAP: 0.539 w/ 35 queries
00:57:30 - process[4]: training epoch 12 ...
00:57:41 - process[4] - epoch 12 - train iter 195 - 16951.1 words/s - loss: 0.3426
00:57:41 - process[4]: evaluating epoch 12 on dev ...
00:58:23 - dev set during evaluation: 14470/14463
00:58:23 - process[4] - dev - epoch 12 - mAP: 0.403 w/ 35 queries
00:58:23 - process[4]: training epoch 13 ...
00:58:34 - process[4] - epoch 13 - train iter 195 - 16660.0 words/s - loss: 0.3723
00:58:34 - process[4]: evaluating epoch 13 on dev ...
00:59:16 - dev set during evaluation: 14470/14463
00:59:16 - process[4] - dev - epoch 13 - mAP: 0.415 w/ 35 queries
00:59:16 - process[4]: training epoch 14 ...
00:59:28 - process[4] - epoch 14 - train iter 195 - 14962.1 words/s - loss: 0.3880
00:59:28 - process[4]: evaluating epoch 14 on dev ...
01:00:10 - dev set during evaluation: 14470/14463
01:00:10 - process[4] - dev - epoch 14 - mAP: 0.397 w/ 35 queries
01:00:10 - process[4]: training epoch 15 ...
01:00:20 - process[4] - epoch 15 - train iter 195 - 17720.7 words/s - loss: 0.3508
01:00:20 - process[4]: evaluating epoch 15 on dev ...
01:01:04 - dev set during evaluation: 14470/14463
01:01:04 - process[4] - dev - epoch 15 - mAP: 0.414 w/ 35 queries
01:01:04 - process[4]: training epoch 16 ...
01:01:16 - process[4] - epoch 16 - train iter 195 - 14792.6 words/s - loss: 0.3539
01:01:16 - process[4]: evaluating epoch 16 on dev ...
01:01:58 - dev set during evaluation: 14470/14463
01:01:58 - process[4] - dev - epoch 16 - mAP: 0.407 w/ 35 queries
01:01:58 - process[4]: training epoch 17 ...
01:02:10 - process[4] - epoch 17 - train iter 195 - 15697.1 words/s - loss: 0.3560
01:02:10 - process[4]: evaluating epoch 17 on dev ...
01:02:52 - dev set during evaluation: 14470/14463
01:02:52 - process[4] - dev - epoch 17 - mAP: 0.422 w/ 35 queries
01:02:52 - process[4]: evaluating epoch 17 on test ...
01:03:37 - test set during evaluation: 14160/14157
01:03:37 - process[4] - test - epoch 17 - mAP: 0.511 w/ 35 queries
01:03:37 - process[4]: training epoch 18 ...
01:03:47 - process[4] - epoch 18 - train iter 195 - 16682.7 words/s - loss: 0.3154
01:03:47 - process[4]: evaluating epoch 18 on dev ...
01:04:30 - dev set during evaluation: 14470/14463
01:04:30 - process[4] - dev - epoch 18 - mAP: 0.416 w/ 35 queries
01:04:30 - process[4]: training epoch 19 ...
01:04:40 - process[4] - epoch 19 - train iter 195 - 16219.9 words/s - loss: 0.3853
01:04:40 - process[4]: evaluating epoch 19 on dev ...
01:05:23 - dev set during evaluation: 14470/14463
01:05:23 - process[4] - dev - epoch 19 - mAP: 0.431 w/ 35 queries
01:05:23 - process[4]: evaluating epoch 19 on test ...
01:06:08 - test set during evaluation: 14160/14157
01:06:08 - process[4] - test - epoch 19 - mAP: 0.520 w/ 35 queries
01:06:08 - [fold 5] best test MAP: 0.520 @ epoch 19
01:06:08 - [0.46475460297995647, 0.4568386593801443, 0.3993869381893935, 0.41897940896745184, 0.5200230302941631]
01:06:08 - [35, 36, 35, 35, 35]
01:06:08 - final MAP: 0.452
