00:00:07 - Namespace(apex_level='O2', batch_size=8, cased=False, dataset='clef', debug=False, encoder_lr=2e-05, eval_step=1, full_doc_length=True, local_rank=6, model_path='/mnt/scratch/puxuan/short_rr/2186734/huggingface-9', model_type='mbert', num_epochs=20, num_ft_encoders=3, num_neg=1, projector_lr=2e-05, seed=611, source_lang='de', target_lang='es')
00:00:16 - Evaluating every 1 epochs ...
00:00:16 - reading data from /mnt/home/puxuan/CLIR-project/Evaluation_data/process-clef/uncased
00:00:18 - test has 31 queries ...
00:00:18 - Data reading done ...
00:00:24 - adding 9-th encoder to optimizer...
00:00:24 - adding 10-th encoder to optimizer...
00:00:24 - adding 11-th encoder to optimizer...
00:00:25 - process[6]: training epoch 0 ...
00:00:42 - process[6] - epoch 0 - train iter 540 - 26989.7 words/s - loss: 0.4632
00:00:42 - process[6]: training epoch 1 ...
00:00:59 - process[6] - epoch 1 - train iter 540 - 27884.6 words/s - loss: 0.4627
00:00:59 - process[6]: training epoch 2 ...
00:01:16 - process[6] - epoch 2 - train iter 540 - 28145.6 words/s - loss: 0.4186
00:01:16 - process[6]: training epoch 3 ...
00:01:33 - process[6] - epoch 3 - train iter 540 - 27859.0 words/s - loss: 0.3926
00:01:33 - process[6]: training epoch 4 ...
00:01:49 - process[6] - epoch 4 - train iter 540 - 28003.3 words/s - loss: 0.3930
00:01:49 - process[6]: training epoch 5 ...
00:02:06 - process[6] - epoch 5 - train iter 540 - 27896.7 words/s - loss: 0.3646
00:02:06 - process[6]: training epoch 6 ...
00:02:23 - process[6] - epoch 6 - train iter 540 - 28501.8 words/s - loss: 0.3464
00:02:23 - process[6]: training epoch 7 ...
00:02:39 - process[6] - epoch 7 - train iter 540 - 27848.7 words/s - loss: 0.3218
00:02:39 - process[6]: training epoch 8 ...
00:02:56 - process[6] - epoch 8 - train iter 540 - 28164.6 words/s - loss: 0.3528
00:02:56 - process[6]: training epoch 9 ...
00:03:13 - process[6] - epoch 9 - train iter 540 - 27876.3 words/s - loss: 0.3144
00:03:13 - process[6]: training epoch 10 ...
00:03:30 - process[6] - epoch 10 - train iter 540 - 27924.0 words/s - loss: 0.3154
00:03:30 - process[6]: evaluating epoch 10 on dev ...
00:03:43 - process[6] - dev - epoch 10 - mAP: 0.498 w/ 31 queries
00:03:43 - process[6]: evaluating epoch 10 on test ...
00:03:58 - test set during evaluation: 11460/11458
00:03:58 - process[6] - test - epoch 10 - mAP: 0.532 w/ 31 queries
00:03:58 - process[6]: training epoch 11 ...
00:04:14 - process[6] - epoch 11 - train iter 540 - 28337.2 words/s - loss: 0.3236
00:04:14 - process[6]: evaluating epoch 11 on dev ...
00:04:29 - process[6] - dev - epoch 11 - mAP: 0.524 w/ 31 queries
00:04:29 - process[6]: evaluating epoch 11 on test ...
00:04:43 - test set during evaluation: 11460/11458
00:04:43 - process[6] - test - epoch 11 - mAP: 0.528 w/ 31 queries
00:04:43 - process[6]: training epoch 12 ...
00:04:59 - process[6] - epoch 12 - train iter 540 - 28188.9 words/s - loss: 0.2979
00:04:59 - process[6]: evaluating epoch 12 on dev ...
00:05:14 - process[6] - dev - epoch 12 - mAP: 0.501 w/ 31 queries
00:05:14 - process[6]: training epoch 13 ...
00:05:30 - process[6] - epoch 13 - train iter 540 - 28077.9 words/s - loss: 0.2894
00:05:30 - process[6]: evaluating epoch 13 on dev ...
00:05:44 - process[6] - dev - epoch 13 - mAP: 0.498 w/ 31 queries
00:05:44 - process[6]: training epoch 14 ...
00:06:01 - process[6] - epoch 14 - train iter 540 - 28167.8 words/s - loss: 0.2836
00:06:01 - process[6]: evaluating epoch 14 on dev ...
00:06:14 - process[6] - dev - epoch 14 - mAP: 0.487 w/ 31 queries
00:06:14 - process[6]: training epoch 15 ...
00:06:31 - process[6] - epoch 15 - train iter 540 - 28238.9 words/s - loss: 0.2771
00:06:31 - process[6]: evaluating epoch 15 on dev ...
00:06:45 - process[6] - dev - epoch 15 - mAP: 0.486 w/ 31 queries
00:06:45 - process[6]: training epoch 16 ...
00:07:01 - process[6] - epoch 16 - train iter 540 - 28463.3 words/s - loss: 0.2902
00:07:01 - process[6]: evaluating epoch 16 on dev ...
00:07:15 - process[6] - dev - epoch 16 - mAP: 0.479 w/ 31 queries
00:07:15 - process[6]: training epoch 17 ...
00:07:32 - process[6] - epoch 17 - train iter 540 - 28158.9 words/s - loss: 0.2417
00:07:32 - process[6]: evaluating epoch 17 on dev ...
00:07:46 - process[6] - dev - epoch 17 - mAP: 0.480 w/ 31 queries
00:07:46 - process[6]: training epoch 18 ...
00:08:03 - process[6] - epoch 18 - train iter 540 - 28039.5 words/s - loss: 0.2802
00:08:03 - process[6]: evaluating epoch 18 on dev ...
00:08:17 - process[6] - dev - epoch 18 - mAP: 0.481 w/ 31 queries
00:08:17 - process[6]: training epoch 19 ...
00:08:33 - process[6] - epoch 19 - train iter 540 - 28742.6 words/s - loss: 0.2771
00:08:33 - process[6]: evaluating epoch 19 on dev ...
00:08:49 - process[6] - dev - epoch 19 - mAP: 0.502 w/ 31 queries
00:08:49 - [fold 1] best test MAP: 0.528 @ epoch 11
00:08:49 - Evaluating every 1 epochs ...
00:08:49 - reading data from /mnt/home/puxuan/CLIR-project/Evaluation_data/process-clef/uncased
00:08:51 - test has 32 queries ...
00:08:51 - Data reading done ...
00:08:52 - adding 9-th encoder to optimizer...
00:08:52 - adding 10-th encoder to optimizer...
00:08:52 - adding 11-th encoder to optimizer...
00:08:53 - process[6]: training epoch 0 ...
00:09:08 - process[6] - epoch 0 - train iter 492 - 27691.2 words/s - loss: 0.4576
00:09:08 - process[6]: training epoch 1 ...
00:09:24 - process[6] - epoch 1 - train iter 492 - 27849.6 words/s - loss: 0.4246
00:09:24 - process[6]: training epoch 2 ...
00:09:39 - process[6] - epoch 2 - train iter 492 - 27663.1 words/s - loss: 0.3923
00:09:39 - process[6]: training epoch 3 ...
00:09:55 - process[6] - epoch 3 - train iter 492 - 27862.8 words/s - loss: 0.3736
00:09:55 - process[6]: training epoch 4 ...
00:10:10 - process[6] - epoch 4 - train iter 492 - 27882.4 words/s - loss: 0.3960
00:10:10 - process[6]: training epoch 5 ...
00:10:26 - process[6] - epoch 5 - train iter 492 - 27864.3 words/s - loss: 0.3643
00:10:26 - process[6]: training epoch 6 ...
00:10:41 - process[6] - epoch 6 - train iter 492 - 27699.6 words/s - loss: 0.3364
00:10:41 - process[6]: training epoch 7 ...
00:10:57 - process[6] - epoch 7 - train iter 492 - 27651.4 words/s - loss: 0.3624
00:10:57 - process[6]: training epoch 8 ...
00:11:12 - process[6] - epoch 8 - train iter 492 - 27428.2 words/s - loss: 0.3157
00:11:12 - process[6]: training epoch 9 ...
00:11:28 - process[6] - epoch 9 - train iter 492 - 27833.0 words/s - loss: 0.3600
00:11:28 - process[6]: training epoch 10 ...
00:11:43 - process[6] - epoch 10 - train iter 492 - 27855.4 words/s - loss: 0.3470
00:11:43 - process[6]: evaluating epoch 10 on dev ...
00:12:04 - dev set during evaluation: 11460/11458
00:12:04 - process[6] - dev - epoch 10 - mAP: 0.533 w/ 31 queries
00:12:04 - process[6]: evaluating epoch 10 on test ...
00:12:20 - process[6] - test - epoch 10 - mAP: 0.579 w/ 32 queries
00:12:20 - process[6]: training epoch 11 ...
00:12:35 - process[6] - epoch 11 - train iter 492 - 27683.3 words/s - loss: 0.3294
00:12:35 - process[6]: evaluating epoch 11 on dev ...
00:12:50 - dev set during evaluation: 11460/11458
00:12:50 - process[6] - dev - epoch 11 - mAP: 0.534 w/ 31 queries
00:12:50 - process[6]: evaluating epoch 11 on test ...
00:13:06 - process[6] - test - epoch 11 - mAP: 0.575 w/ 32 queries
00:13:06 - process[6]: training epoch 12 ...
00:13:21 - process[6] - epoch 12 - train iter 492 - 27787.8 words/s - loss: 0.3296
00:13:21 - process[6]: evaluating epoch 12 on dev ...
00:13:35 - dev set during evaluation: 11460/11458
00:13:35 - process[6] - dev - epoch 12 - mAP: 0.528 w/ 31 queries
00:13:35 - process[6]: training epoch 13 ...
00:13:51 - process[6] - epoch 13 - train iter 492 - 27727.7 words/s - loss: 0.2806
00:13:51 - process[6]: evaluating epoch 13 on dev ...
00:14:05 - dev set during evaluation: 11460/11458
00:14:05 - process[6] - dev - epoch 13 - mAP: 0.527 w/ 31 queries
00:14:05 - process[6]: training epoch 14 ...
00:14:20 - process[6] - epoch 14 - train iter 492 - 27589.2 words/s - loss: 0.3020
00:14:20 - process[6]: evaluating epoch 14 on dev ...
00:14:34 - dev set during evaluation: 11460/11458
00:14:34 - process[6] - dev - epoch 14 - mAP: 0.535 w/ 31 queries
00:14:34 - process[6]: evaluating epoch 14 on test ...
00:14:49 - process[6] - test - epoch 14 - mAP: 0.577 w/ 32 queries
00:14:49 - process[6]: training epoch 15 ...
00:15:05 - process[6] - epoch 15 - train iter 492 - 27967.3 words/s - loss: 0.3075
00:15:05 - process[6]: evaluating epoch 15 on dev ...
00:15:20 - dev set during evaluation: 11460/11458
00:15:20 - process[6] - dev - epoch 15 - mAP: 0.529 w/ 31 queries
00:15:20 - process[6]: training epoch 16 ...
00:15:35 - process[6] - epoch 16 - train iter 492 - 27549.9 words/s - loss: 0.2650
00:15:35 - process[6]: evaluating epoch 16 on dev ...
00:15:51 - dev set during evaluation: 11460/11458
00:15:51 - process[6] - dev - epoch 16 - mAP: 0.521 w/ 31 queries
00:15:51 - process[6]: training epoch 17 ...
00:16:06 - process[6] - epoch 17 - train iter 492 - 28250.2 words/s - loss: 0.2974
00:16:06 - process[6]: evaluating epoch 17 on dev ...
00:16:20 - dev set during evaluation: 11460/11458
00:16:20 - process[6] - dev - epoch 17 - mAP: 0.522 w/ 31 queries
00:16:20 - process[6]: training epoch 18 ...
00:16:36 - process[6] - epoch 18 - train iter 492 - 27728.1 words/s - loss: 0.2852
00:16:36 - process[6]: evaluating epoch 18 on dev ...
00:16:50 - dev set during evaluation: 11460/11458
00:16:50 - process[6] - dev - epoch 18 - mAP: 0.525 w/ 31 queries
00:16:50 - process[6]: training epoch 19 ...
00:17:05 - process[6] - epoch 19 - train iter 492 - 27805.2 words/s - loss: 0.2921
00:17:05 - process[6]: evaluating epoch 19 on dev ...
00:17:19 - dev set during evaluation: 11460/11458
00:17:19 - process[6] - dev - epoch 19 - mAP: 0.530 w/ 31 queries
00:17:19 - [fold 2] best test MAP: 0.577 @ epoch 14
00:17:19 - Evaluating every 1 epochs ...
00:17:19 - reading data from /mnt/home/puxuan/CLIR-project/Evaluation_data/process-clef/uncased
00:17:20 - test has 31 queries ...
00:17:20 - Data reading done ...
00:17:22 - adding 9-th encoder to optimizer...
00:17:22 - adding 10-th encoder to optimizer...
00:17:22 - adding 11-th encoder to optimizer...
00:17:22 - process[6]: training epoch 0 ...
00:17:37 - process[6] - epoch 0 - train iter 476 - 27732.1 words/s - loss: 0.4574
00:17:37 - process[6]: training epoch 1 ...
00:17:52 - process[6] - epoch 1 - train iter 476 - 27433.8 words/s - loss: 0.4405
00:17:52 - process[6]: training epoch 2 ...
00:18:07 - process[6] - epoch 2 - train iter 476 - 27756.3 words/s - loss: 0.4254
00:18:07 - process[6]: training epoch 3 ...
00:18:22 - process[6] - epoch 3 - train iter 476 - 27935.5 words/s - loss: 0.4203
00:18:22 - process[6]: training epoch 4 ...
00:18:37 - process[6] - epoch 4 - train iter 476 - 28049.2 words/s - loss: 0.3706
00:18:37 - process[6]: training epoch 5 ...
00:18:52 - process[6] - epoch 5 - train iter 476 - 27838.8 words/s - loss: 0.3611
00:18:52 - process[6]: training epoch 6 ...
00:19:07 - process[6] - epoch 6 - train iter 476 - 27948.4 words/s - loss: 0.3559
00:19:07 - process[6]: training epoch 7 ...
00:19:21 - process[6] - epoch 7 - train iter 476 - 28092.7 words/s - loss: 0.3072
00:19:21 - process[6]: training epoch 8 ...
00:19:36 - process[6] - epoch 8 - train iter 476 - 27654.3 words/s - loss: 0.3267
00:19:36 - process[6]: training epoch 9 ...
00:19:51 - process[6] - epoch 9 - train iter 476 - 27979.4 words/s - loss: 0.3266
00:19:51 - process[6]: training epoch 10 ...
00:20:06 - process[6] - epoch 10 - train iter 476 - 28169.4 words/s - loss: 0.3130
00:20:06 - process[6]: evaluating epoch 10 on dev ...
00:20:21 - process[6] - dev - epoch 10 - mAP: 0.565 w/ 32 queries
00:20:21 - process[6]: evaluating epoch 10 on test ...
00:20:36 - test set during evaluation: 11550/11545
00:20:36 - process[6] - test - epoch 10 - mAP: 0.570 w/ 31 queries
00:20:36 - process[6]: training epoch 11 ...
00:20:51 - process[6] - epoch 11 - train iter 476 - 27779.8 words/s - loss: 0.3346
00:20:51 - process[6]: evaluating epoch 11 on dev ...
00:21:06 - process[6] - dev - epoch 11 - mAP: 0.580 w/ 32 queries
00:21:06 - process[6]: evaluating epoch 11 on test ...
00:21:21 - test set during evaluation: 11550/11545
00:21:21 - process[6] - test - epoch 11 - mAP: 0.568 w/ 31 queries
00:21:21 - process[6]: training epoch 12 ...
00:21:36 - process[6] - epoch 12 - train iter 476 - 27940.0 words/s - loss: 0.2854
00:21:36 - process[6]: evaluating epoch 12 on dev ...
00:21:51 - process[6] - dev - epoch 12 - mAP: 0.571 w/ 32 queries
00:21:51 - process[6]: training epoch 13 ...
00:22:06 - process[6] - epoch 13 - train iter 476 - 28217.1 words/s - loss: 0.3002
00:22:06 - process[6]: evaluating epoch 13 on dev ...
00:22:21 - process[6] - dev - epoch 13 - mAP: 0.577 w/ 32 queries
00:22:21 - process[6]: training epoch 14 ...
00:22:36 - process[6] - epoch 14 - train iter 476 - 27847.0 words/s - loss: 0.2857
00:22:36 - process[6]: evaluating epoch 14 on dev ...
00:22:51 - process[6] - dev - epoch 14 - mAP: 0.584 w/ 32 queries
00:22:51 - process[6]: evaluating epoch 14 on test ...
00:23:07 - test set during evaluation: 11550/11545
00:23:07 - process[6] - test - epoch 14 - mAP: 0.564 w/ 31 queries
00:23:07 - process[6]: training epoch 15 ...
00:23:22 - process[6] - epoch 15 - train iter 476 - 27825.9 words/s - loss: 0.3201
00:23:22 - process[6]: evaluating epoch 15 on dev ...
00:23:37 - process[6] - dev - epoch 15 - mAP: 0.562 w/ 32 queries
00:23:37 - process[6]: training epoch 16 ...
00:23:52 - process[6] - epoch 16 - train iter 476 - 28245.1 words/s - loss: 0.2912
00:23:52 - process[6]: evaluating epoch 16 on dev ...
00:24:07 - process[6] - dev - epoch 16 - mAP: 0.568 w/ 32 queries
00:24:07 - process[6]: training epoch 17 ...
00:24:22 - process[6] - epoch 17 - train iter 476 - 27968.4 words/s - loss: 0.3039
00:24:22 - process[6]: evaluating epoch 17 on dev ...
00:24:37 - process[6] - dev - epoch 17 - mAP: 0.566 w/ 32 queries
00:24:37 - process[6]: training epoch 18 ...
00:24:51 - process[6] - epoch 18 - train iter 476 - 28291.0 words/s - loss: 0.2951
00:24:51 - process[6]: evaluating epoch 18 on dev ...
00:25:07 - process[6] - dev - epoch 18 - mAP: 0.566 w/ 32 queries
00:25:07 - process[6]: training epoch 19 ...
00:25:22 - process[6] - epoch 19 - train iter 476 - 27756.9 words/s - loss: 0.2769
00:25:22 - process[6]: evaluating epoch 19 on dev ...
00:25:37 - process[6] - dev - epoch 19 - mAP: 0.580 w/ 32 queries
00:25:37 - [fold 3] best test MAP: 0.564 @ epoch 14
00:25:37 - Evaluating every 1 epochs ...
00:25:37 - reading data from /mnt/home/puxuan/CLIR-project/Evaluation_data/process-clef/uncased
00:25:38 - test has 31 queries ...
00:25:38 - Data reading done ...
00:25:40 - adding 9-th encoder to optimizer...
00:25:40 - adding 10-th encoder to optimizer...
00:25:40 - adding 11-th encoder to optimizer...
00:25:40 - process[6]: training epoch 0 ...
00:25:54 - process[6] - epoch 0 - train iter 432 - 27691.9 words/s - loss: 0.5003
00:25:54 - process[6]: training epoch 1 ...
00:26:08 - process[6] - epoch 1 - train iter 432 - 27834.9 words/s - loss: 0.5021
00:26:08 - process[6]: training epoch 2 ...
00:26:22 - process[6] - epoch 2 - train iter 432 - 27622.6 words/s - loss: 0.4405
00:26:22 - process[6]: training epoch 3 ...
00:26:35 - process[6] - epoch 3 - train iter 432 - 27447.8 words/s - loss: 0.4191
00:26:35 - process[6]: training epoch 4 ...
00:26:49 - process[6] - epoch 4 - train iter 432 - 28055.7 words/s - loss: 0.4357
00:26:49 - process[6]: training epoch 5 ...
00:27:02 - process[6] - epoch 5 - train iter 432 - 27645.5 words/s - loss: 0.3980
00:27:02 - process[6]: training epoch 6 ...
00:27:16 - process[6] - epoch 6 - train iter 432 - 27836.4 words/s - loss: 0.3586
00:27:16 - process[6]: training epoch 7 ...
00:27:30 - process[6] - epoch 7 - train iter 432 - 28250.7 words/s - loss: 0.3830
00:27:30 - process[6]: training epoch 8 ...
00:27:43 - process[6] - epoch 8 - train iter 432 - 27652.7 words/s - loss: 0.3645
00:27:43 - process[6]: training epoch 9 ...
00:27:57 - process[6] - epoch 9 - train iter 432 - 27766.9 words/s - loss: 0.3206
00:27:57 - process[6]: training epoch 10 ...
00:28:11 - process[6] - epoch 10 - train iter 432 - 27522.7 words/s - loss: 0.3345
00:28:11 - process[6]: evaluating epoch 10 on dev ...
00:28:26 - dev set during evaluation: 11550/11545
00:28:26 - process[6] - dev - epoch 10 - mAP: 0.559 w/ 31 queries
00:28:26 - process[6]: evaluating epoch 10 on test ...
00:28:41 - test set during evaluation: 11320/11315
00:28:41 - process[6] - test - epoch 10 - mAP: 0.586 w/ 31 queries
00:28:41 - process[6]: training epoch 11 ...
00:28:54 - process[6] - epoch 11 - train iter 432 - 27803.5 words/s - loss: 0.3222
00:28:54 - process[6]: evaluating epoch 11 on dev ...
00:29:09 - dev set during evaluation: 11550/11545
00:29:09 - process[6] - dev - epoch 11 - mAP: 0.575 w/ 31 queries
00:29:09 - process[6]: evaluating epoch 11 on test ...
00:29:23 - test set during evaluation: 11320/11315
00:29:23 - process[6] - test - epoch 11 - mAP: 0.603 w/ 31 queries
00:29:23 - process[6]: training epoch 12 ...
00:29:37 - process[6] - epoch 12 - train iter 432 - 27502.4 words/s - loss: 0.3519
00:29:37 - process[6]: evaluating epoch 12 on dev ...
00:29:52 - dev set during evaluation: 11550/11545
00:29:52 - process[6] - dev - epoch 12 - mAP: 0.577 w/ 31 queries
00:29:52 - process[6]: evaluating epoch 12 on test ...
00:30:08 - test set during evaluation: 11320/11315
00:30:08 - process[6] - test - epoch 12 - mAP: 0.593 w/ 31 queries
00:30:08 - process[6]: training epoch 13 ...
00:30:22 - process[6] - epoch 13 - train iter 432 - 27010.7 words/s - loss: 0.3055
00:30:22 - process[6]: evaluating epoch 13 on dev ...
00:30:38 - dev set during evaluation: 11550/11545
00:30:38 - process[6] - dev - epoch 13 - mAP: 0.552 w/ 31 queries
00:30:38 - process[6]: training epoch 14 ...
00:30:52 - process[6] - epoch 14 - train iter 432 - 27757.0 words/s - loss: 0.3059
00:30:52 - process[6]: evaluating epoch 14 on dev ...
00:31:06 - dev set during evaluation: 11550/11545
00:31:06 - process[6] - dev - epoch 14 - mAP: 0.573 w/ 31 queries
00:31:06 - process[6]: training epoch 15 ...
00:31:20 - process[6] - epoch 15 - train iter 432 - 27914.0 words/s - loss: 0.2846
00:31:20 - process[6]: evaluating epoch 15 on dev ...
00:31:34 - dev set during evaluation: 11550/11545
00:31:34 - process[6] - dev - epoch 15 - mAP: 0.563 w/ 31 queries
00:31:34 - process[6]: training epoch 16 ...
00:31:48 - process[6] - epoch 16 - train iter 432 - 28086.3 words/s - loss: 0.3241
00:31:48 - process[6]: evaluating epoch 16 on dev ...
00:32:03 - dev set during evaluation: 11550/11545
00:32:03 - process[6] - dev - epoch 16 - mAP: 0.576 w/ 31 queries
00:32:03 - process[6]: training epoch 17 ...
00:32:17 - process[6] - epoch 17 - train iter 432 - 27930.3 words/s - loss: 0.3349
00:32:17 - process[6]: evaluating epoch 17 on dev ...
00:32:32 - dev set during evaluation: 11550/11545
00:32:32 - process[6] - dev - epoch 17 - mAP: 0.563 w/ 31 queries
00:32:32 - process[6]: training epoch 18 ...
00:32:45 - process[6] - epoch 18 - train iter 432 - 28386.1 words/s - loss: 0.2751
00:32:45 - process[6]: evaluating epoch 18 on dev ...
00:33:00 - dev set during evaluation: 11550/11545
00:33:00 - process[6] - dev - epoch 18 - mAP: 0.573 w/ 31 queries
00:33:00 - process[6]: training epoch 19 ...
00:33:13 - process[6] - epoch 19 - train iter 432 - 28098.7 words/s - loss: 0.2852
00:33:13 - process[6]: evaluating epoch 19 on dev ...
00:33:29 - dev set during evaluation: 11550/11545
00:33:29 - process[6] - dev - epoch 19 - mAP: 0.581 w/ 31 queries
00:33:29 - process[6]: evaluating epoch 19 on test ...
00:33:44 - test set during evaluation: 11320/11315
00:33:44 - process[6] - test - epoch 19 - mAP: 0.599 w/ 31 queries
00:33:44 - [fold 4] best test MAP: 0.599 @ epoch 19
00:33:44 - Evaluating every 1 epochs ...
00:33:44 - reading data from /mnt/home/puxuan/CLIR-project/Evaluation_data/process-clef/uncased
00:33:45 - test has 31 queries ...
00:33:45 - Data reading done ...
00:33:47 - adding 9-th encoder to optimizer...
00:33:47 - adding 10-th encoder to optimizer...
00:33:47 - adding 11-th encoder to optimizer...
00:33:47 - process[6]: training epoch 0 ...
00:34:01 - process[6] - epoch 0 - train iter 437 - 27853.6 words/s - loss: 0.5423
00:34:01 - process[6]: training epoch 1 ...
00:34:15 - process[6] - epoch 1 - train iter 437 - 27667.6 words/s - loss: 0.4643
00:34:15 - process[6]: training epoch 2 ...
00:34:29 - process[6] - epoch 2 - train iter 437 - 27720.0 words/s - loss: 0.4468
00:34:29 - process[6]: training epoch 3 ...
00:34:42 - process[6] - epoch 3 - train iter 437 - 27952.2 words/s - loss: 0.4089
00:34:42 - process[6]: training epoch 4 ...
00:34:56 - process[6] - epoch 4 - train iter 437 - 27812.1 words/s - loss: 0.4112
00:34:56 - process[6]: training epoch 5 ...
00:35:10 - process[6] - epoch 5 - train iter 437 - 27837.7 words/s - loss: 0.3621
00:35:10 - process[6]: training epoch 6 ...
00:35:24 - process[6] - epoch 6 - train iter 437 - 27851.1 words/s - loss: 0.3858
00:35:24 - process[6]: training epoch 7 ...
00:35:38 - process[6] - epoch 7 - train iter 437 - 27695.3 words/s - loss: 0.3493
00:35:38 - process[6]: training epoch 8 ...
00:35:51 - process[6] - epoch 8 - train iter 437 - 27751.1 words/s - loss: 0.3488
00:35:51 - process[6]: training epoch 9 ...
00:36:05 - process[6] - epoch 9 - train iter 437 - 27719.9 words/s - loss: 0.3108
00:36:05 - process[6]: training epoch 10 ...
00:36:19 - process[6] - epoch 10 - train iter 437 - 27979.8 words/s - loss: 0.3491
00:36:19 - process[6]: evaluating epoch 10 on dev ...
00:36:34 - dev set during evaluation: 11320/11315
00:36:34 - process[6] - dev - epoch 10 - mAP: 0.611 w/ 31 queries
00:36:34 - process[6]: evaluating epoch 10 on test ...
00:36:48 - process[6] - test - epoch 10 - mAP: 0.503 w/ 31 queries
00:36:48 - process[6]: training epoch 11 ...
00:37:02 - process[6] - epoch 11 - train iter 437 - 26782.2 words/s - loss: 0.3226
00:37:02 - process[6]: evaluating epoch 11 on dev ...
00:37:18 - dev set during evaluation: 11320/11315
00:37:18 - process[6] - dev - epoch 11 - mAP: 0.603 w/ 31 queries
00:37:18 - process[6]: training epoch 12 ...
00:37:32 - process[6] - epoch 12 - train iter 437 - 27540.7 words/s - loss: 0.3410
00:37:32 - process[6]: evaluating epoch 12 on dev ...
00:37:47 - dev set during evaluation: 11320/11315
00:37:47 - process[6] - dev - epoch 12 - mAP: 0.600 w/ 31 queries
00:37:47 - process[6]: training epoch 13 ...
00:38:00 - process[6] - epoch 13 - train iter 437 - 27729.1 words/s - loss: 0.3323
00:38:00 - process[6]: evaluating epoch 13 on dev ...
00:38:15 - dev set during evaluation: 11320/11315
00:38:15 - process[6] - dev - epoch 13 - mAP: 0.602 w/ 31 queries
00:38:15 - process[6]: training epoch 14 ...
00:38:29 - process[6] - epoch 14 - train iter 437 - 27670.6 words/s - loss: 0.3082
00:38:29 - process[6]: evaluating epoch 14 on dev ...
00:38:45 - dev set during evaluation: 11320/11315
00:38:45 - process[6] - dev - epoch 14 - mAP: 0.600 w/ 31 queries
00:38:45 - process[6]: training epoch 15 ...
00:38:59 - process[6] - epoch 15 - train iter 437 - 27804.0 words/s - loss: 0.3236
00:38:59 - process[6]: evaluating epoch 15 on dev ...
00:39:14 - dev set during evaluation: 11320/11315
00:39:14 - process[6] - dev - epoch 15 - mAP: 0.602 w/ 31 queries
00:39:14 - process[6]: training epoch 16 ...
00:39:28 - process[6] - epoch 16 - train iter 437 - 27838.8 words/s - loss: 0.3090
00:39:28 - process[6]: evaluating epoch 16 on dev ...
00:39:43 - dev set during evaluation: 11320/11315
00:39:43 - process[6] - dev - epoch 16 - mAP: 0.593 w/ 31 queries
00:39:43 - process[6]: training epoch 17 ...
00:39:58 - process[6] - epoch 17 - train iter 437 - 27777.0 words/s - loss: 0.2632
00:39:58 - process[6]: evaluating epoch 17 on dev ...
00:40:12 - dev set during evaluation: 11320/11315
00:40:12 - process[6] - dev - epoch 17 - mAP: 0.610 w/ 31 queries
00:40:12 - process[6]: training epoch 18 ...
00:40:26 - process[6] - epoch 18 - train iter 437 - 28374.0 words/s - loss: 0.3037
00:40:26 - process[6]: evaluating epoch 18 on dev ...
00:40:41 - dev set during evaluation: 11320/11315
00:40:41 - process[6] - dev - epoch 18 - mAP: 0.612 w/ 31 queries
00:40:41 - process[6]: evaluating epoch 18 on test ...
00:40:55 - process[6] - test - epoch 18 - mAP: 0.516 w/ 31 queries
00:40:55 - process[6]: training epoch 19 ...
00:41:08 - process[6] - epoch 19 - train iter 437 - 28053.2 words/s - loss: 0.2885
00:41:08 - process[6]: evaluating epoch 19 on dev ...
00:41:23 - dev set during evaluation: 11320/11315
00:41:23 - process[6] - dev - epoch 19 - mAP: 0.616 w/ 31 queries
00:41:23 - process[6]: evaluating epoch 19 on test ...
00:41:38 - process[6] - test - epoch 19 - mAP: 0.510 w/ 31 queries
00:41:38 - [fold 5] best test MAP: 0.510 @ epoch 19
00:41:38 - [0.5275131531943357, 0.5768971196658645, 0.5635066983008872, 0.5990099737273615, 0.5103887068407209]
00:41:38 - [31, 32, 31, 31, 31]
00:41:38 - final MAP: 0.556
