00:00:06 - Namespace(apex_level='O2', batch_size=8, cased=False, dataset='clef', debug=False, encoder_lr=2e-05, eval_step=1, full_doc_length=True, local_rank=0, model_path='/mnt/scratch/puxuan/short_qlm-rr/2186738/huggingface-9', model_type='mbert', num_epochs=20, num_ft_encoders=3, num_neg=1, projector_lr=2e-05, seed=611, source_lang='en', target_lang='fr')
00:00:14 - Evaluating every 1 epochs ...
00:00:14 - reading data from /mnt/home/puxuan/CLIR-project/Evaluation_data/process-clef/uncased
00:00:15 - test has 37 queries ...
00:00:15 - Data reading done ...
00:00:21 - adding 9-th encoder to optimizer...
00:00:21 - adding 10-th encoder to optimizer...
00:00:21 - adding 11-th encoder to optimizer...
00:00:21 - process[0]: training epoch 0 ...
00:00:31 - process[0] - epoch 0 - train iter 241 - 20042.9 words/s - loss: 0.5696
00:00:31 - process[0]: training epoch 1 ...
00:00:40 - process[0] - epoch 1 - train iter 241 - 22757.6 words/s - loss: 0.5113
00:00:40 - process[0]: training epoch 2 ...
00:00:49 - process[0] - epoch 2 - train iter 241 - 21297.8 words/s - loss: 0.5286
00:00:49 - process[0]: training epoch 3 ...
00:00:58 - process[0] - epoch 3 - train iter 241 - 21543.5 words/s - loss: 0.4441
00:00:58 - process[0]: training epoch 4 ...
00:01:06 - process[0] - epoch 4 - train iter 241 - 22073.4 words/s - loss: 0.4457
00:01:06 - process[0]: training epoch 5 ...
00:01:15 - process[0] - epoch 5 - train iter 241 - 22761.6 words/s - loss: 0.4475
00:01:15 - process[0]: training epoch 6 ...
00:01:24 - process[0] - epoch 6 - train iter 241 - 21797.6 words/s - loss: 0.4237
00:01:24 - process[0]: training epoch 7 ...
00:01:32 - process[0] - epoch 7 - train iter 241 - 22763.2 words/s - loss: 0.4540
00:01:32 - process[0]: training epoch 8 ...
00:01:41 - process[0] - epoch 8 - train iter 241 - 21720.6 words/s - loss: 0.4416
00:01:41 - process[0]: training epoch 9 ...
00:01:51 - process[0] - epoch 9 - train iter 241 - 20954.8 words/s - loss: 0.4591
00:01:51 - process[0]: training epoch 10 ...
00:01:59 - process[0] - epoch 10 - train iter 241 - 22845.2 words/s - loss: 0.4011
00:01:59 - process[0]: evaluating epoch 10 on dev ...
00:02:20 - process[0] - dev - epoch 10 - mAP: 0.426 w/ 37 queries
00:02:20 - removing file tmp_5f/mbert_enfr_dev_9_10.txt
00:02:20 - removing file tmp_5f/mbert_enfr_dev_2_10.txt
00:02:20 - removing file tmp_5f/mbert_enfr_dev_5_10.txt
00:02:21 - removing file tmp_5f/mbert_enfr_dev_6_10.txt
00:02:21 - removing file tmp_5f/mbert_enfr_dev_0_10.txt
00:02:21 - removing file tmp_5f/mbert_enfr_dev_7_10.txt
00:02:21 - removing file tmp_5f/mbert_enfr_dev_1_10.txt
00:02:21 - removing file tmp_5f/mbert_enfr_dev_8_10.txt
00:02:21 - removing file tmp_5f/mbert_enfr_dev_4_10.txt
00:02:21 - removing file tmp_5f/mbert_enfr_dev_3_10.txt
00:02:21 - process[0]: evaluating epoch 10 on test ...
00:02:39 - test set during evaluation: 11380/11372
00:02:39 - process[0] - test - epoch 10 - mAP: 0.603 w/ 37 queries
00:02:39 - removing file tmp_5f/mbert_enfr_test_5_10.txt
00:02:39 - removing file tmp_5f/mbert_enfr_test_7_10.txt
00:02:39 - removing file tmp_5f/mbert_enfr_test_0_10.txt
00:02:39 - removing file tmp_5f/mbert_enfr_test_2_10.txt
00:02:39 - removing file tmp_5f/mbert_enfr_test_1_10.txt
00:02:39 - removing file tmp_5f/mbert_enfr_test_9_10.txt
00:02:39 - removing file tmp_5f/mbert_enfr_test_3_10.txt
00:02:39 - removing file tmp_5f/mbert_enfr_test_8_10.txt
00:02:39 - removing file tmp_5f/mbert_enfr_test_6_10.txt
00:02:39 - removing file tmp_5f/mbert_enfr_test_4_10.txt
00:02:39 - process[0]: training epoch 11 ...
00:02:49 - process[0] - epoch 11 - train iter 241 - 20280.9 words/s - loss: 0.4209
00:02:49 - process[0]: evaluating epoch 11 on dev ...
00:03:07 - process[0] - dev - epoch 11 - mAP: 0.419 w/ 37 queries
00:03:07 - removing file tmp_5f/mbert_enfr_dev_7_11.txt
00:03:07 - removing file tmp_5f/mbert_enfr_dev_8_11.txt
00:03:07 - removing file tmp_5f/mbert_enfr_dev_1_11.txt
00:03:07 - removing file tmp_5f/mbert_enfr_dev_2_11.txt
00:03:07 - removing file tmp_5f/mbert_enfr_dev_5_11.txt
00:03:07 - removing file tmp_5f/mbert_enfr_dev_6_11.txt
00:03:07 - removing file tmp_5f/mbert_enfr_dev_3_11.txt
00:03:07 - removing file tmp_5f/mbert_enfr_dev_0_11.txt
00:03:07 - removing file tmp_5f/mbert_enfr_dev_9_11.txt
00:03:07 - removing file tmp_5f/mbert_enfr_dev_4_11.txt
00:03:07 - process[0]: training epoch 12 ...
00:03:16 - process[0] - epoch 12 - train iter 241 - 21224.5 words/s - loss: 0.4441
00:03:16 - process[0]: evaluating epoch 12 on dev ...
00:03:34 - process[0] - dev - epoch 12 - mAP: 0.429 w/ 37 queries
00:03:34 - removing file tmp_5f/mbert_enfr_dev_3_12.txt
00:03:34 - removing file tmp_5f/mbert_enfr_dev_4_12.txt
00:03:34 - removing file tmp_5f/mbert_enfr_dev_6_12.txt
00:03:34 - removing file tmp_5f/mbert_enfr_dev_9_12.txt
00:03:34 - removing file tmp_5f/mbert_enfr_dev_2_12.txt
00:03:34 - removing file tmp_5f/mbert_enfr_dev_7_12.txt
00:03:34 - removing file tmp_5f/mbert_enfr_dev_8_12.txt
00:03:34 - removing file tmp_5f/mbert_enfr_dev_1_12.txt
00:03:34 - removing file tmp_5f/mbert_enfr_dev_5_12.txt
00:03:34 - removing file tmp_5f/mbert_enfr_dev_0_12.txt
00:03:34 - process[0]: evaluating epoch 12 on test ...
00:03:53 - test set during evaluation: 11380/11372
00:03:53 - process[0] - test - epoch 12 - mAP: 0.593 w/ 37 queries
00:03:53 - removing file tmp_5f/mbert_enfr_test_5_12.txt
00:03:53 - removing file tmp_5f/mbert_enfr_test_0_12.txt
00:03:53 - removing file tmp_5f/mbert_enfr_test_2_12.txt
00:03:53 - removing file tmp_5f/mbert_enfr_test_3_12.txt
00:03:53 - removing file tmp_5f/mbert_enfr_test_7_12.txt
00:03:53 - removing file tmp_5f/mbert_enfr_test_9_12.txt
00:03:53 - removing file tmp_5f/mbert_enfr_test_6_12.txt
00:03:53 - removing file tmp_5f/mbert_enfr_test_1_12.txt
00:03:53 - removing file tmp_5f/mbert_enfr_test_4_12.txt
00:03:53 - removing file tmp_5f/mbert_enfr_test_8_12.txt
00:03:53 - process[0]: training epoch 13 ...
00:04:02 - process[0] - epoch 13 - train iter 241 - 21784.6 words/s - loss: 0.4110
00:04:02 - process[0]: evaluating epoch 13 on dev ...
00:04:20 - process[0] - dev - epoch 13 - mAP: 0.434 w/ 37 queries
00:04:20 - removing file tmp_5f/mbert_enfr_dev_1_13.txt
00:04:20 - removing file tmp_5f/mbert_enfr_dev_7_13.txt
00:04:20 - removing file tmp_5f/mbert_enfr_dev_8_13.txt
00:04:20 - removing file tmp_5f/mbert_enfr_dev_2_13.txt
00:04:20 - removing file tmp_5f/mbert_enfr_dev_5_13.txt
00:04:20 - removing file tmp_5f/mbert_enfr_dev_0_13.txt
00:04:20 - removing file tmp_5f/mbert_enfr_dev_4_13.txt
00:04:20 - removing file tmp_5f/mbert_enfr_dev_9_13.txt
00:04:20 - removing file tmp_5f/mbert_enfr_dev_3_13.txt
00:04:20 - removing file tmp_5f/mbert_enfr_dev_6_13.txt
00:04:20 - process[0]: evaluating epoch 13 on test ...
00:04:39 - test set during evaluation: 11380/11372
00:04:39 - process[0] - test - epoch 13 - mAP: 0.612 w/ 37 queries
00:04:39 - removing file tmp_5f/mbert_enfr_test_0_13.txt
00:04:39 - removing file tmp_5f/mbert_enfr_test_1_13.txt
00:04:39 - removing file tmp_5f/mbert_enfr_test_8_13.txt
00:04:39 - removing file tmp_5f/mbert_enfr_test_4_13.txt
00:04:39 - removing file tmp_5f/mbert_enfr_test_3_13.txt
00:04:39 - removing file tmp_5f/mbert_enfr_test_2_13.txt
00:04:39 - removing file tmp_5f/mbert_enfr_test_9_13.txt
00:04:39 - removing file tmp_5f/mbert_enfr_test_7_13.txt
00:04:39 - removing file tmp_5f/mbert_enfr_test_5_13.txt
00:04:39 - removing file tmp_5f/mbert_enfr_test_6_13.txt
00:04:39 - process[0]: training epoch 14 ...
00:04:47 - process[0] - epoch 14 - train iter 241 - 23097.4 words/s - loss: 0.4052
00:04:47 - process[0]: evaluating epoch 14 on dev ...
00:05:06 - process[0] - dev - epoch 14 - mAP: 0.436 w/ 37 queries
00:05:06 - removing file tmp_5f/mbert_enfr_dev_1_14.txt
00:05:06 - removing file tmp_5f/mbert_enfr_dev_2_14.txt
00:05:06 - removing file tmp_5f/mbert_enfr_dev_0_14.txt
00:05:06 - removing file tmp_5f/mbert_enfr_dev_4_14.txt
00:05:06 - removing file tmp_5f/mbert_enfr_dev_5_14.txt
00:05:06 - removing file tmp_5f/mbert_enfr_dev_6_14.txt
00:05:06 - removing file tmp_5f/mbert_enfr_dev_3_14.txt
00:05:06 - removing file tmp_5f/mbert_enfr_dev_9_14.txt
00:05:06 - removing file tmp_5f/mbert_enfr_dev_7_14.txt
00:05:06 - removing file tmp_5f/mbert_enfr_dev_8_14.txt
00:05:06 - process[0]: evaluating epoch 14 on test ...
00:05:24 - test set during evaluation: 11380/11372
00:05:24 - process[0] - test - epoch 14 - mAP: 0.590 w/ 37 queries
00:05:24 - removing file tmp_5f/mbert_enfr_test_7_14.txt
00:05:24 - removing file tmp_5f/mbert_enfr_test_2_14.txt
00:05:24 - removing file tmp_5f/mbert_enfr_test_3_14.txt
00:05:24 - removing file tmp_5f/mbert_enfr_test_6_14.txt
00:05:24 - removing file tmp_5f/mbert_enfr_test_8_14.txt
00:05:24 - removing file tmp_5f/mbert_enfr_test_0_14.txt
00:05:24 - removing file tmp_5f/mbert_enfr_test_4_14.txt
00:05:24 - removing file tmp_5f/mbert_enfr_test_1_14.txt
00:05:24 - removing file tmp_5f/mbert_enfr_test_5_14.txt
00:05:24 - removing file tmp_5f/mbert_enfr_test_9_14.txt
00:05:24 - process[0]: training epoch 15 ...
00:05:33 - process[0] - epoch 15 - train iter 241 - 23497.4 words/s - loss: 0.3820
00:05:33 - process[0]: evaluating epoch 15 on dev ...
00:05:52 - process[0] - dev - epoch 15 - mAP: 0.433 w/ 37 queries
00:05:52 - removing file tmp_5f/mbert_enfr_dev_3_15.txt
00:05:52 - removing file tmp_5f/mbert_enfr_dev_2_15.txt
00:05:52 - removing file tmp_5f/mbert_enfr_dev_4_15.txt
00:05:52 - removing file tmp_5f/mbert_enfr_dev_5_15.txt
00:05:52 - removing file tmp_5f/mbert_enfr_dev_0_15.txt
00:05:52 - removing file tmp_5f/mbert_enfr_dev_9_15.txt
00:05:52 - removing file tmp_5f/mbert_enfr_dev_8_15.txt
00:05:52 - removing file tmp_5f/mbert_enfr_dev_1_15.txt
00:05:52 - removing file tmp_5f/mbert_enfr_dev_7_15.txt
00:05:52 - removing file tmp_5f/mbert_enfr_dev_6_15.txt
00:05:52 - process[0]: training epoch 16 ...
00:06:01 - process[0] - epoch 16 - train iter 241 - 21299.1 words/s - loss: 0.3969
00:06:01 - process[0]: evaluating epoch 16 on dev ...
00:06:19 - process[0] - dev - epoch 16 - mAP: 0.424 w/ 37 queries
00:06:19 - removing file tmp_5f/mbert_enfr_dev_7_16.txt
00:06:19 - removing file tmp_5f/mbert_enfr_dev_6_16.txt
00:06:19 - removing file tmp_5f/mbert_enfr_dev_1_16.txt
00:06:19 - removing file tmp_5f/mbert_enfr_dev_0_16.txt
00:06:19 - removing file tmp_5f/mbert_enfr_dev_9_16.txt
00:06:19 - removing file tmp_5f/mbert_enfr_dev_8_16.txt
00:06:19 - removing file tmp_5f/mbert_enfr_dev_4_16.txt
00:06:19 - removing file tmp_5f/mbert_enfr_dev_3_16.txt
00:06:19 - removing file tmp_5f/mbert_enfr_dev_2_16.txt
00:06:19 - removing file tmp_5f/mbert_enfr_dev_5_16.txt
00:06:19 - process[0]: training epoch 17 ...
00:06:28 - process[0] - epoch 17 - train iter 241 - 22069.8 words/s - loss: 0.3786
00:06:28 - process[0]: evaluating epoch 17 on dev ...
00:06:46 - process[0] - dev - epoch 17 - mAP: 0.422 w/ 37 queries
00:06:46 - removing file tmp_5f/mbert_enfr_dev_9_17.txt
00:06:46 - removing file tmp_5f/mbert_enfr_dev_4_17.txt
00:06:46 - removing file tmp_5f/mbert_enfr_dev_3_17.txt
00:06:46 - removing file tmp_5f/mbert_enfr_dev_0_17.txt
00:06:46 - removing file tmp_5f/mbert_enfr_dev_1_17.txt
00:06:46 - removing file tmp_5f/mbert_enfr_dev_5_17.txt
00:06:46 - removing file tmp_5f/mbert_enfr_dev_2_17.txt
00:06:46 - removing file tmp_5f/mbert_enfr_dev_8_17.txt
00:06:46 - removing file tmp_5f/mbert_enfr_dev_6_17.txt
00:06:46 - removing file tmp_5f/mbert_enfr_dev_7_17.txt
00:06:46 - process[0]: training epoch 18 ...
00:06:55 - process[0] - epoch 18 - train iter 241 - 21307.8 words/s - loss: 0.4232
00:06:55 - process[0]: evaluating epoch 18 on dev ...
00:07:14 - process[0] - dev - epoch 18 - mAP: 0.436 w/ 37 queries
00:07:14 - removing file tmp_5f/mbert_enfr_dev_0_18.txt
00:07:14 - removing file tmp_5f/mbert_enfr_dev_6_18.txt
00:07:14 - removing file tmp_5f/mbert_enfr_dev_7_18.txt
00:07:14 - removing file tmp_5f/mbert_enfr_dev_5_18.txt
00:07:14 - removing file tmp_5f/mbert_enfr_dev_2_18.txt
00:07:14 - removing file tmp_5f/mbert_enfr_dev_4_18.txt
00:07:14 - removing file tmp_5f/mbert_enfr_dev_8_18.txt
00:07:14 - removing file tmp_5f/mbert_enfr_dev_3_18.txt
00:07:14 - removing file tmp_5f/mbert_enfr_dev_1_18.txt
00:07:14 - removing file tmp_5f/mbert_enfr_dev_9_18.txt
00:07:14 - process[0]: evaluating epoch 18 on test ...
00:07:32 - test set during evaluation: 11380/11372
00:07:32 - process[0] - test - epoch 18 - mAP: 0.599 w/ 37 queries
00:07:32 - removing file tmp_5f/mbert_enfr_test_4_18.txt
00:07:32 - removing file tmp_5f/mbert_enfr_test_6_18.txt
00:07:32 - removing file tmp_5f/mbert_enfr_test_2_18.txt
00:07:32 - removing file tmp_5f/mbert_enfr_test_8_18.txt
00:07:32 - removing file tmp_5f/mbert_enfr_test_5_18.txt
00:07:32 - removing file tmp_5f/mbert_enfr_test_0_18.txt
00:07:32 - removing file tmp_5f/mbert_enfr_test_1_18.txt
00:07:32 - removing file tmp_5f/mbert_enfr_test_7_18.txt
00:07:32 - removing file tmp_5f/mbert_enfr_test_9_18.txt
00:07:32 - removing file tmp_5f/mbert_enfr_test_3_18.txt
00:07:32 - process[0]: training epoch 19 ...
00:07:41 - process[0] - epoch 19 - train iter 241 - 22011.8 words/s - loss: 0.4189
00:07:41 - process[0]: evaluating epoch 19 on dev ...
00:07:59 - process[0] - dev - epoch 19 - mAP: 0.433 w/ 37 queries
00:07:59 - removing file tmp_5f/mbert_enfr_dev_3_19.txt
00:07:59 - removing file tmp_5f/mbert_enfr_dev_4_19.txt
00:07:59 - removing file tmp_5f/mbert_enfr_dev_8_19.txt
00:07:59 - removing file tmp_5f/mbert_enfr_dev_1_19.txt
00:07:59 - removing file tmp_5f/mbert_enfr_dev_0_19.txt
00:07:59 - removing file tmp_5f/mbert_enfr_dev_9_19.txt
00:07:59 - removing file tmp_5f/mbert_enfr_dev_7_19.txt
00:07:59 - removing file tmp_5f/mbert_enfr_dev_6_19.txt
00:07:59 - removing file tmp_5f/mbert_enfr_dev_2_19.txt
00:07:59 - removing file tmp_5f/mbert_enfr_dev_5_19.txt
00:07:59 - [fold 1] best test MAP: 0.599 @ epoch 18
00:07:59 - Evaluating every 1 epochs ...
00:07:59 - reading data from /mnt/home/puxuan/CLIR-project/Evaluation_data/process-clef/uncased
00:08:00 - test has 37 queries ...
00:08:00 - Data reading done ...
00:08:01 - adding 9-th encoder to optimizer...
00:08:01 - adding 10-th encoder to optimizer...
00:08:01 - adding 11-th encoder to optimizer...
00:08:01 - process[0]: training epoch 0 ...
00:08:12 - process[0] - epoch 0 - train iter 276 - 20415.1 words/s - loss: 0.5711
00:08:12 - process[0]: training epoch 1 ...
00:08:23 - process[0] - epoch 1 - train iter 276 - 21264.1 words/s - loss: 0.5679
00:08:23 - process[0]: training epoch 2 ...
00:08:34 - process[0] - epoch 2 - train iter 276 - 20661.8 words/s - loss: 0.5017
00:08:34 - process[0]: training epoch 3 ...
00:08:44 - process[0] - epoch 3 - train iter 276 - 21882.1 words/s - loss: 0.4878
00:08:44 - process[0]: training epoch 4 ...
00:08:55 - process[0] - epoch 4 - train iter 276 - 20268.4 words/s - loss: 0.4408
00:08:55 - process[0]: training epoch 5 ...
00:09:05 - process[0] - epoch 5 - train iter 276 - 20723.5 words/s - loss: 0.4292
00:09:05 - process[0]: training epoch 6 ...
00:09:17 - process[0] - epoch 6 - train iter 276 - 19825.2 words/s - loss: 0.4343
00:09:17 - process[0]: training epoch 7 ...
00:09:27 - process[0] - epoch 7 - train iter 276 - 21315.1 words/s - loss: 0.4387
00:09:27 - process[0]: training epoch 8 ...
00:09:38 - process[0] - epoch 8 - train iter 276 - 20665.7 words/s - loss: 0.4246
00:09:38 - process[0]: training epoch 9 ...
00:09:49 - process[0] - epoch 9 - train iter 276 - 21207.8 words/s - loss: 0.4452
00:09:49 - process[0]: training epoch 10 ...
00:09:59 - process[0] - epoch 10 - train iter 276 - 20289.6 words/s - loss: 0.4202
00:09:59 - process[0]: evaluating epoch 10 on dev ...
00:10:21 - dev set during evaluation: 11380/11372
00:10:21 - process[0] - dev - epoch 10 - mAP: 0.581 w/ 37 queries
00:10:21 - removing file tmp_5f/mbert_enfr_dev_9_10.txt
00:10:21 - removing file tmp_5f/mbert_enfr_dev_2_10.txt
00:10:21 - removing file tmp_5f/mbert_enfr_dev_5_10.txt
00:10:21 - removing file tmp_5f/mbert_enfr_dev_6_10.txt
00:10:21 - removing file tmp_5f/mbert_enfr_dev_0_10.txt
00:10:21 - removing file tmp_5f/mbert_enfr_dev_7_10.txt
00:10:21 - removing file tmp_5f/mbert_enfr_dev_1_10.txt
00:10:21 - removing file tmp_5f/mbert_enfr_dev_8_10.txt
00:10:21 - removing file tmp_5f/mbert_enfr_dev_4_10.txt
00:10:21 - removing file tmp_5f/mbert_enfr_dev_3_10.txt
00:10:21 - process[0]: evaluating epoch 10 on test ...
00:10:39 - process[0] - test - epoch 10 - mAP: 0.499 w/ 37 queries
00:10:39 - removing file tmp_5f/mbert_enfr_test_5_10.txt
00:10:39 - removing file tmp_5f/mbert_enfr_test_7_10.txt
00:10:39 - removing file tmp_5f/mbert_enfr_test_0_10.txt
00:10:39 - removing file tmp_5f/mbert_enfr_test_2_10.txt
00:10:39 - removing file tmp_5f/mbert_enfr_test_1_10.txt
00:10:39 - removing file tmp_5f/mbert_enfr_test_9_10.txt
00:10:39 - removing file tmp_5f/mbert_enfr_test_3_10.txt
00:10:39 - removing file tmp_5f/mbert_enfr_test_8_10.txt
00:10:39 - removing file tmp_5f/mbert_enfr_test_6_10.txt
00:10:39 - removing file tmp_5f/mbert_enfr_test_4_10.txt
00:10:39 - process[0]: training epoch 11 ...
00:10:50 - process[0] - epoch 11 - train iter 276 - 20847.8 words/s - loss: 0.4170
00:10:50 - process[0]: evaluating epoch 11 on dev ...
00:11:09 - dev set during evaluation: 11380/11372
00:11:09 - process[0] - dev - epoch 11 - mAP: 0.568 w/ 37 queries
00:11:09 - removing file tmp_5f/mbert_enfr_dev_7_11.txt
00:11:09 - removing file tmp_5f/mbert_enfr_dev_8_11.txt
00:11:09 - removing file tmp_5f/mbert_enfr_dev_1_11.txt
00:11:09 - removing file tmp_5f/mbert_enfr_dev_2_11.txt
00:11:09 - removing file tmp_5f/mbert_enfr_dev_5_11.txt
00:11:09 - removing file tmp_5f/mbert_enfr_dev_6_11.txt
00:11:09 - removing file tmp_5f/mbert_enfr_dev_3_11.txt
00:11:09 - removing file tmp_5f/mbert_enfr_dev_0_11.txt
00:11:09 - removing file tmp_5f/mbert_enfr_dev_9_11.txt
00:11:09 - removing file tmp_5f/mbert_enfr_dev_4_11.txt
00:11:09 - process[0]: training epoch 12 ...
00:11:19 - process[0] - epoch 12 - train iter 276 - 20794.3 words/s - loss: 0.4142
00:11:19 - process[0]: evaluating epoch 12 on dev ...
00:11:38 - dev set during evaluation: 11380/11372
00:11:38 - process[0] - dev - epoch 12 - mAP: 0.579 w/ 37 queries
00:11:38 - removing file tmp_5f/mbert_enfr_dev_3_12.txt
00:11:38 - removing file tmp_5f/mbert_enfr_dev_4_12.txt
00:11:38 - removing file tmp_5f/mbert_enfr_dev_6_12.txt
00:11:38 - removing file tmp_5f/mbert_enfr_dev_9_12.txt
00:11:38 - removing file tmp_5f/mbert_enfr_dev_2_12.txt
00:11:38 - removing file tmp_5f/mbert_enfr_dev_7_12.txt
00:11:38 - removing file tmp_5f/mbert_enfr_dev_8_12.txt
00:11:38 - removing file tmp_5f/mbert_enfr_dev_1_12.txt
00:11:38 - removing file tmp_5f/mbert_enfr_dev_5_12.txt
00:11:38 - removing file tmp_5f/mbert_enfr_dev_0_12.txt
00:11:38 - process[0]: training epoch 13 ...
00:11:48 - process[0] - epoch 13 - train iter 276 - 20971.8 words/s - loss: 0.3828
00:11:48 - process[0]: evaluating epoch 13 on dev ...
00:12:08 - dev set during evaluation: 11380/11372
00:12:08 - process[0] - dev - epoch 13 - mAP: 0.582 w/ 37 queries
00:12:08 - removing file tmp_5f/mbert_enfr_dev_1_13.txt
00:12:08 - removing file tmp_5f/mbert_enfr_dev_7_13.txt
00:12:08 - removing file tmp_5f/mbert_enfr_dev_8_13.txt
00:12:08 - removing file tmp_5f/mbert_enfr_dev_2_13.txt
00:12:08 - removing file tmp_5f/mbert_enfr_dev_5_13.txt
00:12:08 - removing file tmp_5f/mbert_enfr_dev_0_13.txt
00:12:08 - removing file tmp_5f/mbert_enfr_dev_4_13.txt
00:12:08 - removing file tmp_5f/mbert_enfr_dev_9_13.txt
00:12:08 - removing file tmp_5f/mbert_enfr_dev_3_13.txt
00:12:08 - removing file tmp_5f/mbert_enfr_dev_6_13.txt
00:12:08 - process[0]: evaluating epoch 13 on test ...
00:12:25 - process[0] - test - epoch 13 - mAP: 0.502 w/ 37 queries
00:12:25 - removing file tmp_5f/mbert_enfr_test_0_13.txt
00:12:25 - removing file tmp_5f/mbert_enfr_test_1_13.txt
00:12:25 - removing file tmp_5f/mbert_enfr_test_8_13.txt
00:12:25 - removing file tmp_5f/mbert_enfr_test_4_13.txt
00:12:25 - removing file tmp_5f/mbert_enfr_test_3_13.txt
00:12:25 - removing file tmp_5f/mbert_enfr_test_2_13.txt
00:12:25 - removing file tmp_5f/mbert_enfr_test_9_13.txt
00:12:25 - removing file tmp_5f/mbert_enfr_test_7_13.txt
00:12:25 - removing file tmp_5f/mbert_enfr_test_5_13.txt
00:12:25 - removing file tmp_5f/mbert_enfr_test_6_13.txt
00:12:25 - process[0]: training epoch 14 ...
00:12:35 - process[0] - epoch 14 - train iter 276 - 21996.8 words/s - loss: 0.3390
00:12:35 - process[0]: evaluating epoch 14 on dev ...
00:12:54 - dev set during evaluation: 11380/11372
00:12:54 - process[0] - dev - epoch 14 - mAP: 0.578 w/ 37 queries
00:12:54 - removing file tmp_5f/mbert_enfr_dev_1_14.txt
00:12:54 - removing file tmp_5f/mbert_enfr_dev_2_14.txt
00:12:54 - removing file tmp_5f/mbert_enfr_dev_0_14.txt
00:12:54 - removing file tmp_5f/mbert_enfr_dev_4_14.txt
00:12:54 - removing file tmp_5f/mbert_enfr_dev_5_14.txt
00:12:54 - removing file tmp_5f/mbert_enfr_dev_6_14.txt
00:12:54 - removing file tmp_5f/mbert_enfr_dev_3_14.txt
00:12:54 - removing file tmp_5f/mbert_enfr_dev_9_14.txt
00:12:54 - removing file tmp_5f/mbert_enfr_dev_7_14.txt
00:12:54 - removing file tmp_5f/mbert_enfr_dev_8_14.txt
00:12:54 - process[0]: training epoch 15 ...
00:13:05 - process[0] - epoch 15 - train iter 276 - 20081.5 words/s - loss: 0.3667
00:13:05 - process[0]: evaluating epoch 15 on dev ...
00:13:23 - dev set during evaluation: 11380/11372
00:13:23 - process[0] - dev - epoch 15 - mAP: 0.596 w/ 37 queries
00:13:23 - removing file tmp_5f/mbert_enfr_dev_3_15.txt
00:13:23 - removing file tmp_5f/mbert_enfr_dev_2_15.txt
00:13:23 - removing file tmp_5f/mbert_enfr_dev_4_15.txt
00:13:23 - removing file tmp_5f/mbert_enfr_dev_5_15.txt
00:13:23 - removing file tmp_5f/mbert_enfr_dev_0_15.txt
00:13:23 - removing file tmp_5f/mbert_enfr_dev_9_15.txt
00:13:23 - removing file tmp_5f/mbert_enfr_dev_8_15.txt
00:13:23 - removing file tmp_5f/mbert_enfr_dev_1_15.txt
00:13:23 - removing file tmp_5f/mbert_enfr_dev_7_15.txt
00:13:23 - removing file tmp_5f/mbert_enfr_dev_6_15.txt
00:13:23 - process[0]: evaluating epoch 15 on test ...
00:13:40 - process[0] - test - epoch 15 - mAP: 0.510 w/ 37 queries
00:13:40 - removing file tmp_5f/mbert_enfr_test_4_15.txt
00:13:40 - removing file tmp_5f/mbert_enfr_test_9_15.txt
00:13:40 - removing file tmp_5f/mbert_enfr_test_3_15.txt
00:13:40 - removing file tmp_5f/mbert_enfr_test_1_15.txt
00:13:40 - removing file tmp_5f/mbert_enfr_test_8_15.txt
00:13:40 - removing file tmp_5f/mbert_enfr_test_5_15.txt
00:13:40 - removing file tmp_5f/mbert_enfr_test_0_15.txt
00:13:40 - removing file tmp_5f/mbert_enfr_test_7_15.txt
00:13:40 - removing file tmp_5f/mbert_enfr_test_2_15.txt
00:13:40 - removing file tmp_5f/mbert_enfr_test_6_15.txt
00:13:40 - process[0]: training epoch 16 ...
00:13:52 - process[0] - epoch 16 - train iter 276 - 19673.2 words/s - loss: 0.3325
00:13:52 - process[0]: evaluating epoch 16 on dev ...
00:14:09 - dev set during evaluation: 11380/11372
00:14:09 - process[0] - dev - epoch 16 - mAP: 0.559 w/ 37 queries
00:14:09 - removing file tmp_5f/mbert_enfr_dev_7_16.txt
00:14:09 - removing file tmp_5f/mbert_enfr_dev_6_16.txt
00:14:09 - removing file tmp_5f/mbert_enfr_dev_1_16.txt
00:14:09 - removing file tmp_5f/mbert_enfr_dev_0_16.txt
00:14:09 - removing file tmp_5f/mbert_enfr_dev_9_16.txt
00:14:09 - removing file tmp_5f/mbert_enfr_dev_8_16.txt
00:14:09 - removing file tmp_5f/mbert_enfr_dev_4_16.txt
00:14:09 - removing file tmp_5f/mbert_enfr_dev_3_16.txt
00:14:09 - removing file tmp_5f/mbert_enfr_dev_2_16.txt
00:14:09 - removing file tmp_5f/mbert_enfr_dev_5_16.txt
00:14:09 - process[0]: training epoch 17 ...
00:14:20 - process[0] - epoch 17 - train iter 276 - 21537.7 words/s - loss: 0.3447
00:14:20 - process[0]: evaluating epoch 17 on dev ...
00:14:39 - dev set during evaluation: 11380/11372
00:14:39 - process[0] - dev - epoch 17 - mAP: 0.583 w/ 37 queries
00:14:39 - removing file tmp_5f/mbert_enfr_dev_9_17.txt
00:14:39 - removing file tmp_5f/mbert_enfr_dev_4_17.txt
00:14:39 - removing file tmp_5f/mbert_enfr_dev_3_17.txt
00:14:39 - removing file tmp_5f/mbert_enfr_dev_0_17.txt
00:14:39 - removing file tmp_5f/mbert_enfr_dev_1_17.txt
00:14:39 - removing file tmp_5f/mbert_enfr_dev_5_17.txt
00:14:39 - removing file tmp_5f/mbert_enfr_dev_2_17.txt
00:14:39 - removing file tmp_5f/mbert_enfr_dev_8_17.txt
00:14:39 - removing file tmp_5f/mbert_enfr_dev_6_17.txt
00:14:39 - removing file tmp_5f/mbert_enfr_dev_7_17.txt
00:14:39 - process[0]: training epoch 18 ...
00:14:50 - process[0] - epoch 18 - train iter 276 - 20502.6 words/s - loss: 0.3832
00:14:50 - process[0]: evaluating epoch 18 on dev ...
00:15:09 - dev set during evaluation: 11380/11372
00:15:09 - process[0] - dev - epoch 18 - mAP: 0.558 w/ 37 queries
00:15:09 - removing file tmp_5f/mbert_enfr_dev_0_18.txt
00:15:09 - removing file tmp_5f/mbert_enfr_dev_6_18.txt
00:15:09 - removing file tmp_5f/mbert_enfr_dev_7_18.txt
00:15:09 - removing file tmp_5f/mbert_enfr_dev_5_18.txt
00:15:09 - removing file tmp_5f/mbert_enfr_dev_2_18.txt
00:15:09 - removing file tmp_5f/mbert_enfr_dev_4_18.txt
00:15:09 - removing file tmp_5f/mbert_enfr_dev_8_18.txt
00:15:09 - removing file tmp_5f/mbert_enfr_dev_3_18.txt
00:15:09 - removing file tmp_5f/mbert_enfr_dev_1_18.txt
00:15:09 - removing file tmp_5f/mbert_enfr_dev_9_18.txt
00:15:09 - process[0]: training epoch 19 ...
00:15:19 - process[0] - epoch 19 - train iter 276 - 21252.3 words/s - loss: 0.3648
00:15:19 - process[0]: evaluating epoch 19 on dev ...
00:15:38 - dev set during evaluation: 11380/11372
00:15:38 - process[0] - dev - epoch 19 - mAP: 0.550 w/ 37 queries
00:15:38 - removing file tmp_5f/mbert_enfr_dev_3_19.txt
00:15:38 - removing file tmp_5f/mbert_enfr_dev_4_19.txt
00:15:38 - removing file tmp_5f/mbert_enfr_dev_8_19.txt
00:15:38 - removing file tmp_5f/mbert_enfr_dev_1_19.txt
00:15:38 - removing file tmp_5f/mbert_enfr_dev_0_19.txt
00:15:38 - removing file tmp_5f/mbert_enfr_dev_9_19.txt
00:15:38 - removing file tmp_5f/mbert_enfr_dev_7_19.txt
00:15:38 - removing file tmp_5f/mbert_enfr_dev_6_19.txt
00:15:38 - removing file tmp_5f/mbert_enfr_dev_2_19.txt
00:15:38 - removing file tmp_5f/mbert_enfr_dev_5_19.txt
00:15:38 - [fold 2] best test MAP: 0.510 @ epoch 15
00:15:38 - Evaluating every 1 epochs ...
00:15:38 - reading data from /mnt/home/puxuan/CLIR-project/Evaluation_data/process-clef/uncased
00:15:39 - test has 37 queries ...
00:15:39 - Data reading done ...
00:15:40 - adding 9-th encoder to optimizer...
00:15:40 - adding 10-th encoder to optimizer...
00:15:40 - adding 11-th encoder to optimizer...
00:15:41 - process[0]: training epoch 0 ...
00:15:50 - process[0] - epoch 0 - train iter 240 - 20084.8 words/s - loss: 0.6012
00:15:50 - process[0]: training epoch 1 ...
00:16:00 - process[0] - epoch 1 - train iter 240 - 20166.9 words/s - loss: 0.4879
00:16:00 - process[0]: training epoch 2 ...
00:16:09 - process[0] - epoch 2 - train iter 240 - 19789.0 words/s - loss: 0.4743
00:16:09 - process[0]: training epoch 3 ...
00:16:19 - process[0] - epoch 3 - train iter 240 - 20651.2 words/s - loss: 0.4787
00:16:19 - process[0]: training epoch 4 ...
00:16:28 - process[0] - epoch 4 - train iter 240 - 21188.4 words/s - loss: 0.4516
00:16:28 - process[0]: training epoch 5 ...
00:16:37 - process[0] - epoch 5 - train iter 240 - 21848.2 words/s - loss: 0.4488
00:16:37 - process[0]: training epoch 6 ...
00:16:45 - process[0] - epoch 6 - train iter 240 - 21428.7 words/s - loss: 0.4805
00:16:45 - process[0]: training epoch 7 ...
00:16:55 - process[0] - epoch 7 - train iter 240 - 20475.8 words/s - loss: 0.4524
00:16:55 - process[0]: training epoch 8 ...
00:17:04 - process[0] - epoch 8 - train iter 240 - 20883.1 words/s - loss: 0.4428
00:17:04 - process[0]: training epoch 9 ...
00:17:13 - process[0] - epoch 9 - train iter 240 - 21742.8 words/s - loss: 0.3774
00:17:13 - process[0]: training epoch 10 ...
00:17:22 - process[0] - epoch 10 - train iter 240 - 20910.8 words/s - loss: 0.4387
00:17:22 - process[0]: evaluating epoch 10 on dev ...
00:17:39 - process[0] - dev - epoch 10 - mAP: 0.505 w/ 37 queries
00:17:39 - removing file tmp_5f/mbert_enfr_dev_9_10.txt
00:17:39 - removing file tmp_5f/mbert_enfr_dev_2_10.txt
00:17:39 - removing file tmp_5f/mbert_enfr_dev_5_10.txt
00:17:39 - removing file tmp_5f/mbert_enfr_dev_6_10.txt
00:17:39 - removing file tmp_5f/mbert_enfr_dev_0_10.txt
00:17:39 - removing file tmp_5f/mbert_enfr_dev_7_10.txt
00:17:39 - removing file tmp_5f/mbert_enfr_dev_1_10.txt
00:17:39 - removing file tmp_5f/mbert_enfr_dev_8_10.txt
00:17:39 - removing file tmp_5f/mbert_enfr_dev_4_10.txt
00:17:39 - removing file tmp_5f/mbert_enfr_dev_3_10.txt
00:17:39 - process[0]: evaluating epoch 10 on test ...
00:17:58 - test set during evaluation: 11210/11201
00:17:58 - process[0] - test - epoch 10 - mAP: 0.522 w/ 37 queries
00:17:58 - removing file tmp_5f/mbert_enfr_test_5_10.txt
00:17:58 - removing file tmp_5f/mbert_enfr_test_7_10.txt
00:17:58 - removing file tmp_5f/mbert_enfr_test_0_10.txt
00:17:58 - removing file tmp_5f/mbert_enfr_test_2_10.txt
00:17:58 - removing file tmp_5f/mbert_enfr_test_1_10.txt
00:17:58 - removing file tmp_5f/mbert_enfr_test_9_10.txt
00:17:58 - removing file tmp_5f/mbert_enfr_test_3_10.txt
00:17:58 - removing file tmp_5f/mbert_enfr_test_8_10.txt
00:17:58 - removing file tmp_5f/mbert_enfr_test_6_10.txt
00:17:58 - removing file tmp_5f/mbert_enfr_test_4_10.txt
00:17:58 - process[0]: training epoch 11 ...
00:18:07 - process[0] - epoch 11 - train iter 240 - 21093.0 words/s - loss: 0.3916
00:18:07 - process[0]: evaluating epoch 11 on dev ...
00:18:24 - process[0] - dev - epoch 11 - mAP: 0.517 w/ 37 queries
00:18:24 - removing file tmp_5f/mbert_enfr_dev_7_11.txt
00:18:24 - removing file tmp_5f/mbert_enfr_dev_8_11.txt
00:18:24 - removing file tmp_5f/mbert_enfr_dev_1_11.txt
00:18:24 - removing file tmp_5f/mbert_enfr_dev_2_11.txt
00:18:24 - removing file tmp_5f/mbert_enfr_dev_5_11.txt
00:18:24 - removing file tmp_5f/mbert_enfr_dev_6_11.txt
00:18:24 - removing file tmp_5f/mbert_enfr_dev_3_11.txt
00:18:24 - removing file tmp_5f/mbert_enfr_dev_0_11.txt
00:18:24 - removing file tmp_5f/mbert_enfr_dev_9_11.txt
00:18:24 - removing file tmp_5f/mbert_enfr_dev_4_11.txt
00:18:24 - process[0]: evaluating epoch 11 on test ...
00:18:44 - test set during evaluation: 11210/11201
00:18:44 - process[0] - test - epoch 11 - mAP: 0.543 w/ 37 queries
00:18:44 - removing file tmp_5f/mbert_enfr_test_3_11.txt
00:18:44 - removing file tmp_5f/mbert_enfr_test_1_11.txt
00:18:44 - removing file tmp_5f/mbert_enfr_test_8_11.txt
00:18:44 - removing file tmp_5f/mbert_enfr_test_7_11.txt
00:18:44 - removing file tmp_5f/mbert_enfr_test_9_11.txt
00:18:44 - removing file tmp_5f/mbert_enfr_test_4_11.txt
00:18:44 - removing file tmp_5f/mbert_enfr_test_0_11.txt
00:18:44 - removing file tmp_5f/mbert_enfr_test_2_11.txt
00:18:44 - removing file tmp_5f/mbert_enfr_test_6_11.txt
00:18:44 - removing file tmp_5f/mbert_enfr_test_5_11.txt
00:18:44 - process[0]: training epoch 12 ...
00:18:53 - process[0] - epoch 12 - train iter 240 - 20101.6 words/s - loss: 0.3738
00:18:53 - process[0]: evaluating epoch 12 on dev ...
00:19:10 - process[0] - dev - epoch 12 - mAP: 0.509 w/ 37 queries
00:19:10 - removing file tmp_5f/mbert_enfr_dev_3_12.txt
00:19:10 - removing file tmp_5f/mbert_enfr_dev_4_12.txt
00:19:10 - removing file tmp_5f/mbert_enfr_dev_6_12.txt
00:19:10 - removing file tmp_5f/mbert_enfr_dev_9_12.txt
00:19:10 - removing file tmp_5f/mbert_enfr_dev_2_12.txt
00:19:10 - removing file tmp_5f/mbert_enfr_dev_7_12.txt
00:19:10 - removing file tmp_5f/mbert_enfr_dev_8_12.txt
00:19:10 - removing file tmp_5f/mbert_enfr_dev_1_12.txt
00:19:10 - removing file tmp_5f/mbert_enfr_dev_5_12.txt
00:19:10 - removing file tmp_5f/mbert_enfr_dev_0_12.txt
00:19:10 - process[0]: training epoch 13 ...
00:19:18 - process[0] - epoch 13 - train iter 240 - 22502.2 words/s - loss: 0.3955
00:19:18 - process[0]: evaluating epoch 13 on dev ...
00:19:36 - process[0] - dev - epoch 13 - mAP: 0.526 w/ 37 queries
00:19:36 - removing file tmp_5f/mbert_enfr_dev_1_13.txt
00:19:36 - removing file tmp_5f/mbert_enfr_dev_7_13.txt
00:19:36 - removing file tmp_5f/mbert_enfr_dev_8_13.txt
00:19:36 - removing file tmp_5f/mbert_enfr_dev_2_13.txt
00:19:36 - removing file tmp_5f/mbert_enfr_dev_5_13.txt
00:19:36 - removing file tmp_5f/mbert_enfr_dev_0_13.txt
00:19:36 - removing file tmp_5f/mbert_enfr_dev_4_13.txt
00:19:36 - removing file tmp_5f/mbert_enfr_dev_9_13.txt
00:19:36 - removing file tmp_5f/mbert_enfr_dev_3_13.txt
00:19:36 - removing file tmp_5f/mbert_enfr_dev_6_13.txt
00:19:36 - process[0]: evaluating epoch 13 on test ...
00:19:55 - test set during evaluation: 11210/11201
00:19:55 - process[0] - test - epoch 13 - mAP: 0.560 w/ 37 queries
00:19:55 - removing file tmp_5f/mbert_enfr_test_0_13.txt
00:19:55 - removing file tmp_5f/mbert_enfr_test_1_13.txt
00:19:55 - removing file tmp_5f/mbert_enfr_test_8_13.txt
00:19:55 - removing file tmp_5f/mbert_enfr_test_4_13.txt
00:19:55 - removing file tmp_5f/mbert_enfr_test_3_13.txt
00:19:55 - removing file tmp_5f/mbert_enfr_test_2_13.txt
00:19:55 - removing file tmp_5f/mbert_enfr_test_9_13.txt
00:19:55 - removing file tmp_5f/mbert_enfr_test_7_13.txt
00:19:55 - removing file tmp_5f/mbert_enfr_test_5_13.txt
00:19:55 - removing file tmp_5f/mbert_enfr_test_6_13.txt
00:19:55 - process[0]: training epoch 14 ...
00:20:04 - process[0] - epoch 14 - train iter 240 - 21823.5 words/s - loss: 0.3694
00:20:04 - process[0]: evaluating epoch 14 on dev ...
00:20:22 - process[0] - dev - epoch 14 - mAP: 0.491 w/ 37 queries
00:20:22 - removing file tmp_5f/mbert_enfr_dev_1_14.txt
00:20:22 - removing file tmp_5f/mbert_enfr_dev_2_14.txt
00:20:22 - removing file tmp_5f/mbert_enfr_dev_0_14.txt
00:20:22 - removing file tmp_5f/mbert_enfr_dev_4_14.txt
00:20:22 - removing file tmp_5f/mbert_enfr_dev_5_14.txt
00:20:22 - removing file tmp_5f/mbert_enfr_dev_6_14.txt
00:20:22 - removing file tmp_5f/mbert_enfr_dev_3_14.txt
00:20:22 - removing file tmp_5f/mbert_enfr_dev_9_14.txt
00:20:22 - removing file tmp_5f/mbert_enfr_dev_7_14.txt
00:20:22 - removing file tmp_5f/mbert_enfr_dev_8_14.txt
00:20:22 - process[0]: training epoch 15 ...
00:20:31 - process[0] - epoch 15 - train iter 240 - 21896.6 words/s - loss: 0.3813
00:20:31 - process[0]: evaluating epoch 15 on dev ...
00:20:48 - process[0] - dev - epoch 15 - mAP: 0.494 w/ 37 queries
00:20:48 - removing file tmp_5f/mbert_enfr_dev_3_15.txt
00:20:48 - removing file tmp_5f/mbert_enfr_dev_2_15.txt
00:20:48 - removing file tmp_5f/mbert_enfr_dev_4_15.txt
00:20:48 - removing file tmp_5f/mbert_enfr_dev_5_15.txt
00:20:48 - removing file tmp_5f/mbert_enfr_dev_0_15.txt
00:20:48 - removing file tmp_5f/mbert_enfr_dev_9_15.txt
00:20:48 - removing file tmp_5f/mbert_enfr_dev_8_15.txt
00:20:48 - removing file tmp_5f/mbert_enfr_dev_1_15.txt
00:20:48 - removing file tmp_5f/mbert_enfr_dev_7_15.txt
00:20:48 - removing file tmp_5f/mbert_enfr_dev_6_15.txt
00:20:48 - process[0]: training epoch 16 ...
00:20:58 - process[0] - epoch 16 - train iter 240 - 20765.5 words/s - loss: 0.3823
00:20:58 - process[0]: evaluating epoch 16 on dev ...
00:21:14 - process[0] - dev - epoch 16 - mAP: 0.493 w/ 37 queries
00:21:14 - removing file tmp_5f/mbert_enfr_dev_7_16.txt
00:21:14 - removing file tmp_5f/mbert_enfr_dev_6_16.txt
00:21:14 - removing file tmp_5f/mbert_enfr_dev_1_16.txt
00:21:14 - removing file tmp_5f/mbert_enfr_dev_0_16.txt
00:21:14 - removing file tmp_5f/mbert_enfr_dev_9_16.txt
00:21:14 - removing file tmp_5f/mbert_enfr_dev_8_16.txt
00:21:14 - removing file tmp_5f/mbert_enfr_dev_4_16.txt
00:21:14 - removing file tmp_5f/mbert_enfr_dev_3_16.txt
00:21:14 - removing file tmp_5f/mbert_enfr_dev_2_16.txt
00:21:14 - removing file tmp_5f/mbert_enfr_dev_5_16.txt
00:21:14 - process[0]: training epoch 17 ...
00:21:24 - process[0] - epoch 17 - train iter 240 - 20435.9 words/s - loss: 0.3433
00:21:24 - process[0]: evaluating epoch 17 on dev ...
00:21:40 - process[0] - dev - epoch 17 - mAP: 0.493 w/ 37 queries
00:21:40 - removing file tmp_5f/mbert_enfr_dev_9_17.txt
00:21:40 - removing file tmp_5f/mbert_enfr_dev_4_17.txt
00:21:40 - removing file tmp_5f/mbert_enfr_dev_3_17.txt
00:21:40 - removing file tmp_5f/mbert_enfr_dev_0_17.txt
00:21:40 - removing file tmp_5f/mbert_enfr_dev_1_17.txt
00:21:40 - removing file tmp_5f/mbert_enfr_dev_5_17.txt
00:21:40 - removing file tmp_5f/mbert_enfr_dev_2_17.txt
00:21:40 - removing file tmp_5f/mbert_enfr_dev_8_17.txt
00:21:40 - removing file tmp_5f/mbert_enfr_dev_6_17.txt
00:21:40 - removing file tmp_5f/mbert_enfr_dev_7_17.txt
00:21:40 - process[0]: training epoch 18 ...
00:21:49 - process[0] - epoch 18 - train iter 240 - 21383.0 words/s - loss: 0.3188
00:21:49 - process[0]: evaluating epoch 18 on dev ...
00:22:07 - process[0] - dev - epoch 18 - mAP: 0.495 w/ 37 queries
00:22:07 - removing file tmp_5f/mbert_enfr_dev_0_18.txt
00:22:07 - removing file tmp_5f/mbert_enfr_dev_6_18.txt
00:22:07 - removing file tmp_5f/mbert_enfr_dev_7_18.txt
00:22:07 - removing file tmp_5f/mbert_enfr_dev_5_18.txt
00:22:07 - removing file tmp_5f/mbert_enfr_dev_2_18.txt
00:22:07 - removing file tmp_5f/mbert_enfr_dev_4_18.txt
00:22:07 - removing file tmp_5f/mbert_enfr_dev_8_18.txt
00:22:07 - removing file tmp_5f/mbert_enfr_dev_3_18.txt
00:22:07 - removing file tmp_5f/mbert_enfr_dev_1_18.txt
00:22:07 - removing file tmp_5f/mbert_enfr_dev_9_18.txt
00:22:07 - process[0]: training epoch 19 ...
00:22:17 - process[0] - epoch 19 - train iter 240 - 20559.7 words/s - loss: 0.4120
00:22:17 - process[0]: evaluating epoch 19 on dev ...
00:22:34 - process[0] - dev - epoch 19 - mAP: 0.492 w/ 37 queries
00:22:34 - removing file tmp_5f/mbert_enfr_dev_3_19.txt
00:22:34 - removing file tmp_5f/mbert_enfr_dev_4_19.txt
00:22:34 - removing file tmp_5f/mbert_enfr_dev_8_19.txt
00:22:34 - removing file tmp_5f/mbert_enfr_dev_1_19.txt
00:22:34 - removing file tmp_5f/mbert_enfr_dev_0_19.txt
00:22:34 - removing file tmp_5f/mbert_enfr_dev_9_19.txt
00:22:34 - removing file tmp_5f/mbert_enfr_dev_7_19.txt
00:22:34 - removing file tmp_5f/mbert_enfr_dev_6_19.txt
00:22:34 - removing file tmp_5f/mbert_enfr_dev_2_19.txt
00:22:34 - removing file tmp_5f/mbert_enfr_dev_5_19.txt
00:22:34 - [fold 3] best test MAP: 0.560 @ epoch 13
00:22:34 - Evaluating every 1 epochs ...
00:22:34 - reading data from /mnt/home/puxuan/CLIR-project/Evaluation_data/process-clef/uncased
00:22:34 - test has 37 queries ...
00:22:34 - Data reading done ...
00:22:35 - adding 9-th encoder to optimizer...
00:22:35 - adding 10-th encoder to optimizer...
00:22:35 - adding 11-th encoder to optimizer...
00:22:36 - process[0]: training epoch 0 ...
00:22:45 - process[0] - epoch 0 - train iter 231 - 21102.6 words/s - loss: 0.5396
00:22:45 - process[0]: training epoch 1 ...
00:22:53 - process[0] - epoch 1 - train iter 231 - 20584.2 words/s - loss: 0.5290
00:22:53 - process[0]: training epoch 2 ...
00:23:02 - process[0] - epoch 2 - train iter 231 - 20753.1 words/s - loss: 0.4783
00:23:02 - process[0]: training epoch 3 ...
00:23:11 - process[0] - epoch 3 - train iter 231 - 21117.3 words/s - loss: 0.5137
00:23:11 - process[0]: training epoch 4 ...
00:23:19 - process[0] - epoch 4 - train iter 231 - 21608.3 words/s - loss: 0.4617
00:23:19 - process[0]: training epoch 5 ...
00:23:28 - process[0] - epoch 5 - train iter 231 - 21222.1 words/s - loss: 0.4377
00:23:28 - process[0]: training epoch 6 ...
00:23:37 - process[0] - epoch 6 - train iter 231 - 21086.3 words/s - loss: 0.4544
00:23:37 - process[0]: training epoch 7 ...
00:23:45 - process[0] - epoch 7 - train iter 231 - 21567.7 words/s - loss: 0.4131
00:23:45 - process[0]: training epoch 8 ...
00:23:54 - process[0] - epoch 8 - train iter 231 - 20374.4 words/s - loss: 0.3778
00:23:54 - process[0]: training epoch 9 ...
00:24:03 - process[0] - epoch 9 - train iter 231 - 21065.8 words/s - loss: 0.4333
00:24:03 - process[0]: training epoch 10 ...
00:24:12 - process[0] - epoch 10 - train iter 231 - 19604.3 words/s - loss: 0.4070
00:24:12 - process[0]: evaluating epoch 10 on dev ...
00:24:32 - dev set during evaluation: 11210/11201
00:24:32 - process[0] - dev - epoch 10 - mAP: 0.537 w/ 37 queries
00:24:32 - removing file tmp_5f/mbert_enfr_dev_9_10.txt
00:24:32 - removing file tmp_5f/mbert_enfr_dev_2_10.txt
00:24:32 - removing file tmp_5f/mbert_enfr_dev_5_10.txt
00:24:32 - removing file tmp_5f/mbert_enfr_dev_6_10.txt
00:24:32 - removing file tmp_5f/mbert_enfr_dev_0_10.txt
00:24:32 - removing file tmp_5f/mbert_enfr_dev_7_10.txt
00:24:32 - removing file tmp_5f/mbert_enfr_dev_1_10.txt
00:24:32 - removing file tmp_5f/mbert_enfr_dev_8_10.txt
00:24:32 - removing file tmp_5f/mbert_enfr_dev_4_10.txt
00:24:32 - removing file tmp_5f/mbert_enfr_dev_3_10.txt
00:24:32 - process[0]: evaluating epoch 10 on test ...
00:24:49 - test set during evaluation: 10640/10633
00:24:49 - process[0] - test - epoch 10 - mAP: 0.460 w/ 37 queries
00:24:50 - removing file tmp_5f/mbert_enfr_test_5_10.txt
00:24:50 - removing file tmp_5f/mbert_enfr_test_7_10.txt
00:24:50 - removing file tmp_5f/mbert_enfr_test_0_10.txt
00:24:50 - removing file tmp_5f/mbert_enfr_test_2_10.txt
00:24:50 - removing file tmp_5f/mbert_enfr_test_1_10.txt
00:24:50 - removing file tmp_5f/mbert_enfr_test_9_10.txt
00:24:50 - removing file tmp_5f/mbert_enfr_test_3_10.txt
00:24:50 - removing file tmp_5f/mbert_enfr_test_8_10.txt
00:24:50 - removing file tmp_5f/mbert_enfr_test_6_10.txt
00:24:50 - removing file tmp_5f/mbert_enfr_test_4_10.txt
00:24:50 - process[0]: training epoch 11 ...
00:24:58 - process[0] - epoch 11 - train iter 231 - 20838.7 words/s - loss: 0.3571
00:24:58 - process[0]: evaluating epoch 11 on dev ...
00:25:18 - dev set during evaluation: 11210/11201
00:25:18 - process[0] - dev - epoch 11 - mAP: 0.561 w/ 37 queries
00:25:18 - removing file tmp_5f/mbert_enfr_dev_7_11.txt
00:25:18 - removing file tmp_5f/mbert_enfr_dev_8_11.txt
00:25:18 - removing file tmp_5f/mbert_enfr_dev_1_11.txt
00:25:18 - removing file tmp_5f/mbert_enfr_dev_2_11.txt
00:25:18 - removing file tmp_5f/mbert_enfr_dev_5_11.txt
00:25:18 - removing file tmp_5f/mbert_enfr_dev_6_11.txt
00:25:18 - removing file tmp_5f/mbert_enfr_dev_3_11.txt
00:25:18 - removing file tmp_5f/mbert_enfr_dev_0_11.txt
00:25:18 - removing file tmp_5f/mbert_enfr_dev_9_11.txt
00:25:18 - removing file tmp_5f/mbert_enfr_dev_4_11.txt
00:25:18 - process[0]: evaluating epoch 11 on test ...
00:25:35 - test set during evaluation: 10640/10633
00:25:35 - process[0] - test - epoch 11 - mAP: 0.471 w/ 37 queries
00:25:35 - removing file tmp_5f/mbert_enfr_test_3_11.txt
00:25:35 - removing file tmp_5f/mbert_enfr_test_1_11.txt
00:25:35 - removing file tmp_5f/mbert_enfr_test_8_11.txt
00:25:35 - removing file tmp_5f/mbert_enfr_test_7_11.txt
00:25:35 - removing file tmp_5f/mbert_enfr_test_9_11.txt
00:25:35 - removing file tmp_5f/mbert_enfr_test_4_11.txt
00:25:35 - removing file tmp_5f/mbert_enfr_test_0_11.txt
00:25:35 - removing file tmp_5f/mbert_enfr_test_2_11.txt
00:25:35 - removing file tmp_5f/mbert_enfr_test_6_11.txt
00:25:35 - removing file tmp_5f/mbert_enfr_test_5_11.txt
00:25:35 - process[0]: training epoch 12 ...
00:25:43 - process[0] - epoch 12 - train iter 231 - 22220.0 words/s - loss: 0.4139
00:25:43 - process[0]: evaluating epoch 12 on dev ...
00:26:03 - dev set during evaluation: 11210/11201
00:26:03 - process[0] - dev - epoch 12 - mAP: 0.539 w/ 37 queries
00:26:03 - removing file tmp_5f/mbert_enfr_dev_3_12.txt
00:26:03 - removing file tmp_5f/mbert_enfr_dev_4_12.txt
00:26:03 - removing file tmp_5f/mbert_enfr_dev_6_12.txt
00:26:03 - removing file tmp_5f/mbert_enfr_dev_9_12.txt
00:26:03 - removing file tmp_5f/mbert_enfr_dev_2_12.txt
00:26:03 - removing file tmp_5f/mbert_enfr_dev_7_12.txt
00:26:03 - removing file tmp_5f/mbert_enfr_dev_8_12.txt
00:26:03 - removing file tmp_5f/mbert_enfr_dev_1_12.txt
00:26:03 - removing file tmp_5f/mbert_enfr_dev_5_12.txt
00:26:03 - removing file tmp_5f/mbert_enfr_dev_0_12.txt
00:26:03 - process[0]: training epoch 13 ...
00:26:11 - process[0] - epoch 13 - train iter 231 - 23329.5 words/s - loss: 0.4321
00:26:11 - process[0]: evaluating epoch 13 on dev ...
00:26:32 - dev set during evaluation: 11210/11201
00:26:32 - process[0] - dev - epoch 13 - mAP: 0.538 w/ 37 queries
00:26:32 - removing file tmp_5f/mbert_enfr_dev_1_13.txt
00:26:32 - removing file tmp_5f/mbert_enfr_dev_7_13.txt
00:26:32 - removing file tmp_5f/mbert_enfr_dev_8_13.txt
00:26:32 - removing file tmp_5f/mbert_enfr_dev_2_13.txt
00:26:32 - removing file tmp_5f/mbert_enfr_dev_5_13.txt
00:26:32 - removing file tmp_5f/mbert_enfr_dev_0_13.txt
00:26:32 - removing file tmp_5f/mbert_enfr_dev_4_13.txt
00:26:32 - removing file tmp_5f/mbert_enfr_dev_9_13.txt
00:26:32 - removing file tmp_5f/mbert_enfr_dev_3_13.txt
00:26:32 - removing file tmp_5f/mbert_enfr_dev_6_13.txt
00:26:32 - process[0]: training epoch 14 ...
00:26:40 - process[0] - epoch 14 - train iter 231 - 21171.0 words/s - loss: 0.3780
00:26:40 - process[0]: evaluating epoch 14 on dev ...
00:27:00 - dev set during evaluation: 11210/11201
00:27:00 - process[0] - dev - epoch 14 - mAP: 0.529 w/ 37 queries
00:27:00 - removing file tmp_5f/mbert_enfr_dev_1_14.txt
00:27:00 - removing file tmp_5f/mbert_enfr_dev_2_14.txt
00:27:00 - removing file tmp_5f/mbert_enfr_dev_0_14.txt
00:27:00 - removing file tmp_5f/mbert_enfr_dev_4_14.txt
00:27:00 - removing file tmp_5f/mbert_enfr_dev_5_14.txt
00:27:00 - removing file tmp_5f/mbert_enfr_dev_6_14.txt
00:27:00 - removing file tmp_5f/mbert_enfr_dev_3_14.txt
00:27:00 - removing file tmp_5f/mbert_enfr_dev_9_14.txt
00:27:00 - removing file tmp_5f/mbert_enfr_dev_7_14.txt
00:27:00 - removing file tmp_5f/mbert_enfr_dev_8_14.txt
00:27:00 - process[0]: training epoch 15 ...
00:27:09 - process[0] - epoch 15 - train iter 231 - 20599.5 words/s - loss: 0.3608
00:27:09 - process[0]: evaluating epoch 15 on dev ...
00:27:28 - dev set during evaluation: 11210/11201
00:27:28 - process[0] - dev - epoch 15 - mAP: 0.525 w/ 37 queries
00:27:28 - removing file tmp_5f/mbert_enfr_dev_3_15.txt
00:27:28 - removing file tmp_5f/mbert_enfr_dev_2_15.txt
00:27:28 - removing file tmp_5f/mbert_enfr_dev_4_15.txt
00:27:28 - removing file tmp_5f/mbert_enfr_dev_5_15.txt
00:27:28 - removing file tmp_5f/mbert_enfr_dev_0_15.txt
00:27:28 - removing file tmp_5f/mbert_enfr_dev_9_15.txt
00:27:28 - removing file tmp_5f/mbert_enfr_dev_8_15.txt
00:27:28 - removing file tmp_5f/mbert_enfr_dev_1_15.txt
00:27:28 - removing file tmp_5f/mbert_enfr_dev_7_15.txt
00:27:28 - removing file tmp_5f/mbert_enfr_dev_6_15.txt
00:27:28 - process[0]: training epoch 16 ...
00:27:37 - process[0] - epoch 16 - train iter 231 - 21163.0 words/s - loss: 0.4323
00:27:37 - process[0]: evaluating epoch 16 on dev ...
00:27:56 - dev set during evaluation: 11210/11201
00:27:56 - process[0] - dev - epoch 16 - mAP: 0.527 w/ 37 queries
00:27:56 - removing file tmp_5f/mbert_enfr_dev_7_16.txt
00:27:56 - removing file tmp_5f/mbert_enfr_dev_6_16.txt
00:27:56 - removing file tmp_5f/mbert_enfr_dev_1_16.txt
00:27:56 - removing file tmp_5f/mbert_enfr_dev_0_16.txt
00:27:56 - removing file tmp_5f/mbert_enfr_dev_9_16.txt
00:27:56 - removing file tmp_5f/mbert_enfr_dev_8_16.txt
00:27:56 - removing file tmp_5f/mbert_enfr_dev_4_16.txt
00:27:56 - removing file tmp_5f/mbert_enfr_dev_3_16.txt
00:27:56 - removing file tmp_5f/mbert_enfr_dev_2_16.txt
00:27:56 - removing file tmp_5f/mbert_enfr_dev_5_16.txt
00:27:56 - process[0]: training epoch 17 ...
00:28:05 - process[0] - epoch 17 - train iter 231 - 21632.2 words/s - loss: 0.3670
00:28:05 - process[0]: evaluating epoch 17 on dev ...
00:28:24 - dev set during evaluation: 11210/11201
00:28:24 - process[0] - dev - epoch 17 - mAP: 0.556 w/ 37 queries
00:28:24 - removing file tmp_5f/mbert_enfr_dev_9_17.txt
00:28:24 - removing file tmp_5f/mbert_enfr_dev_4_17.txt
00:28:24 - removing file tmp_5f/mbert_enfr_dev_3_17.txt
00:28:24 - removing file tmp_5f/mbert_enfr_dev_0_17.txt
00:28:24 - removing file tmp_5f/mbert_enfr_dev_1_17.txt
00:28:24 - removing file tmp_5f/mbert_enfr_dev_5_17.txt
00:28:24 - removing file tmp_5f/mbert_enfr_dev_2_17.txt
00:28:24 - removing file tmp_5f/mbert_enfr_dev_8_17.txt
00:28:24 - removing file tmp_5f/mbert_enfr_dev_6_17.txt
00:28:24 - removing file tmp_5f/mbert_enfr_dev_7_17.txt
00:28:24 - process[0]: training epoch 18 ...
00:28:33 - process[0] - epoch 18 - train iter 231 - 21431.1 words/s - loss: 0.3439
00:28:33 - process[0]: evaluating epoch 18 on dev ...
00:28:52 - dev set during evaluation: 11210/11201
00:28:52 - process[0] - dev - epoch 18 - mAP: 0.561 w/ 37 queries
00:28:52 - removing file tmp_5f/mbert_enfr_dev_0_18.txt
00:28:52 - removing file tmp_5f/mbert_enfr_dev_6_18.txt
00:28:52 - removing file tmp_5f/mbert_enfr_dev_7_18.txt
00:28:52 - removing file tmp_5f/mbert_enfr_dev_5_18.txt
00:28:52 - removing file tmp_5f/mbert_enfr_dev_2_18.txt
00:28:52 - removing file tmp_5f/mbert_enfr_dev_4_18.txt
00:28:52 - removing file tmp_5f/mbert_enfr_dev_8_18.txt
00:28:52 - removing file tmp_5f/mbert_enfr_dev_3_18.txt
00:28:52 - removing file tmp_5f/mbert_enfr_dev_1_18.txt
00:28:52 - removing file tmp_5f/mbert_enfr_dev_9_18.txt
00:28:52 - process[0]: training epoch 19 ...
00:29:01 - process[0] - epoch 19 - train iter 231 - 21303.2 words/s - loss: 0.3607
00:29:01 - process[0]: evaluating epoch 19 on dev ...
00:29:20 - dev set during evaluation: 11210/11201
00:29:20 - process[0] - dev - epoch 19 - mAP: 0.553 w/ 37 queries
00:29:20 - removing file tmp_5f/mbert_enfr_dev_3_19.txt
00:29:20 - removing file tmp_5f/mbert_enfr_dev_4_19.txt
00:29:20 - removing file tmp_5f/mbert_enfr_dev_8_19.txt
00:29:20 - removing file tmp_5f/mbert_enfr_dev_1_19.txt
00:29:20 - removing file tmp_5f/mbert_enfr_dev_0_19.txt
00:29:20 - removing file tmp_5f/mbert_enfr_dev_9_19.txt
00:29:20 - removing file tmp_5f/mbert_enfr_dev_7_19.txt
00:29:20 - removing file tmp_5f/mbert_enfr_dev_6_19.txt
00:29:20 - removing file tmp_5f/mbert_enfr_dev_2_19.txt
00:29:20 - removing file tmp_5f/mbert_enfr_dev_5_19.txt
00:29:20 - [fold 4] best test MAP: 0.471 @ epoch 11
00:29:20 - Evaluating every 1 epochs ...
00:29:20 - reading data from /mnt/home/puxuan/CLIR-project/Evaluation_data/process-clef/uncased
00:29:21 - test has 37 queries ...
00:29:21 - Data reading done ...
00:29:22 - adding 9-th encoder to optimizer...
00:29:22 - adding 10-th encoder to optimizer...
00:29:22 - adding 11-th encoder to optimizer...
00:29:22 - process[0]: training epoch 0 ...
00:29:31 - process[0] - epoch 0 - train iter 235 - 21178.4 words/s - loss: 0.5543
00:29:31 - process[0]: training epoch 1 ...
00:29:40 - process[0] - epoch 1 - train iter 235 - 21583.9 words/s - loss: 0.5236
00:29:40 - process[0]: training epoch 2 ...
00:29:49 - process[0] - epoch 2 - train iter 235 - 20150.2 words/s - loss: 0.4898
00:29:49 - process[0]: training epoch 3 ...
00:29:58 - process[0] - epoch 3 - train iter 235 - 21497.2 words/s - loss: 0.4709
00:29:58 - process[0]: training epoch 4 ...
00:30:07 - process[0] - epoch 4 - train iter 235 - 21780.9 words/s - loss: 0.4721
00:30:07 - process[0]: training epoch 5 ...
00:30:16 - process[0] - epoch 5 - train iter 235 - 21734.6 words/s - loss: 0.4452
00:30:16 - process[0]: training epoch 6 ...
00:30:24 - process[0] - epoch 6 - train iter 235 - 21951.9 words/s - loss: 0.4341
00:30:24 - process[0]: training epoch 7 ...
00:30:33 - process[0] - epoch 7 - train iter 235 - 21390.4 words/s - loss: 0.4156
00:30:33 - process[0]: training epoch 8 ...
00:30:42 - process[0] - epoch 8 - train iter 235 - 21390.1 words/s - loss: 0.4286
00:30:42 - process[0]: training epoch 9 ...
00:30:51 - process[0] - epoch 9 - train iter 235 - 21463.9 words/s - loss: 0.3608
00:30:51 - process[0]: training epoch 10 ...
00:31:01 - process[0] - epoch 10 - train iter 235 - 20082.2 words/s - loss: 0.3876
00:31:01 - process[0]: evaluating epoch 10 on dev ...
00:31:20 - dev set during evaluation: 10640/10633
00:31:20 - process[0] - dev - epoch 10 - mAP: 0.452 w/ 37 queries
00:31:20 - removing file tmp_5f/mbert_enfr_dev_9_10.txt
00:31:20 - removing file tmp_5f/mbert_enfr_dev_2_10.txt
00:31:20 - removing file tmp_5f/mbert_enfr_dev_5_10.txt
00:31:20 - removing file tmp_5f/mbert_enfr_dev_6_10.txt
00:31:20 - removing file tmp_5f/mbert_enfr_dev_0_10.txt
00:31:20 - removing file tmp_5f/mbert_enfr_dev_7_10.txt
00:31:20 - removing file tmp_5f/mbert_enfr_dev_1_10.txt
00:31:20 - removing file tmp_5f/mbert_enfr_dev_8_10.txt
00:31:20 - removing file tmp_5f/mbert_enfr_dev_4_10.txt
00:31:20 - removing file tmp_5f/mbert_enfr_dev_3_10.txt
00:31:20 - process[0]: evaluating epoch 10 on test ...
00:31:38 - process[0] - test - epoch 10 - mAP: 0.436 w/ 37 queries
00:31:38 - removing file tmp_5f/mbert_enfr_test_5_10.txt
00:31:38 - removing file tmp_5f/mbert_enfr_test_7_10.txt
00:31:38 - removing file tmp_5f/mbert_enfr_test_0_10.txt
00:31:38 - removing file tmp_5f/mbert_enfr_test_2_10.txt
00:31:38 - removing file tmp_5f/mbert_enfr_test_1_10.txt
00:31:38 - removing file tmp_5f/mbert_enfr_test_9_10.txt
00:31:38 - removing file tmp_5f/mbert_enfr_test_3_10.txt
00:31:38 - removing file tmp_5f/mbert_enfr_test_8_10.txt
00:31:38 - removing file tmp_5f/mbert_enfr_test_6_10.txt
00:31:38 - removing file tmp_5f/mbert_enfr_test_4_10.txt
00:31:38 - process[0]: training epoch 11 ...
00:31:47 - process[0] - epoch 11 - train iter 235 - 21035.5 words/s - loss: 0.4069
00:31:47 - process[0]: evaluating epoch 11 on dev ...
00:32:05 - dev set during evaluation: 10640/10633
00:32:05 - process[0] - dev - epoch 11 - mAP: 0.453 w/ 37 queries
00:32:05 - removing file tmp_5f/mbert_enfr_dev_7_11.txt
00:32:05 - removing file tmp_5f/mbert_enfr_dev_8_11.txt
00:32:05 - removing file tmp_5f/mbert_enfr_dev_1_11.txt
00:32:05 - removing file tmp_5f/mbert_enfr_dev_2_11.txt
00:32:05 - removing file tmp_5f/mbert_enfr_dev_5_11.txt
00:32:05 - removing file tmp_5f/mbert_enfr_dev_6_11.txt
00:32:05 - removing file tmp_5f/mbert_enfr_dev_3_11.txt
00:32:05 - removing file tmp_5f/mbert_enfr_dev_0_11.txt
00:32:05 - removing file tmp_5f/mbert_enfr_dev_9_11.txt
00:32:05 - removing file tmp_5f/mbert_enfr_dev_4_11.txt
00:32:05 - process[0]: evaluating epoch 11 on test ...
00:32:24 - process[0] - test - epoch 11 - mAP: 0.443 w/ 37 queries
00:32:24 - removing file tmp_5f/mbert_enfr_test_3_11.txt
00:32:24 - removing file tmp_5f/mbert_enfr_test_1_11.txt
00:32:24 - removing file tmp_5f/mbert_enfr_test_8_11.txt
00:32:24 - removing file tmp_5f/mbert_enfr_test_7_11.txt
00:32:24 - removing file tmp_5f/mbert_enfr_test_9_11.txt
00:32:24 - removing file tmp_5f/mbert_enfr_test_4_11.txt
00:32:24 - removing file tmp_5f/mbert_enfr_test_0_11.txt
00:32:24 - removing file tmp_5f/mbert_enfr_test_2_11.txt
00:32:24 - removing file tmp_5f/mbert_enfr_test_6_11.txt
00:32:24 - removing file tmp_5f/mbert_enfr_test_5_11.txt
00:32:24 - process[0]: training epoch 12 ...
00:32:32 - process[0] - epoch 12 - train iter 235 - 23145.8 words/s - loss: 0.3834
00:32:32 - process[0]: evaluating epoch 12 on dev ...
00:32:50 - dev set during evaluation: 10640/10633
00:32:50 - process[0] - dev - epoch 12 - mAP: 0.471 w/ 37 queries
00:32:50 - removing file tmp_5f/mbert_enfr_dev_3_12.txt
00:32:50 - removing file tmp_5f/mbert_enfr_dev_4_12.txt
00:32:50 - removing file tmp_5f/mbert_enfr_dev_6_12.txt
00:32:50 - removing file tmp_5f/mbert_enfr_dev_9_12.txt
00:32:50 - removing file tmp_5f/mbert_enfr_dev_2_12.txt
00:32:50 - removing file tmp_5f/mbert_enfr_dev_7_12.txt
00:32:50 - removing file tmp_5f/mbert_enfr_dev_8_12.txt
00:32:50 - removing file tmp_5f/mbert_enfr_dev_1_12.txt
00:32:50 - removing file tmp_5f/mbert_enfr_dev_5_12.txt
00:32:50 - removing file tmp_5f/mbert_enfr_dev_0_12.txt
00:32:50 - process[0]: evaluating epoch 12 on test ...
00:33:09 - process[0] - test - epoch 12 - mAP: 0.447 w/ 37 queries
00:33:09 - removing file tmp_5f/mbert_enfr_test_5_12.txt
00:33:09 - removing file tmp_5f/mbert_enfr_test_0_12.txt
00:33:09 - removing file tmp_5f/mbert_enfr_test_2_12.txt
00:33:09 - removing file tmp_5f/mbert_enfr_test_3_12.txt
00:33:09 - removing file tmp_5f/mbert_enfr_test_7_12.txt
00:33:09 - removing file tmp_5f/mbert_enfr_test_9_12.txt
00:33:09 - removing file tmp_5f/mbert_enfr_test_6_12.txt
00:33:09 - removing file tmp_5f/mbert_enfr_test_1_12.txt
00:33:09 - removing file tmp_5f/mbert_enfr_test_4_12.txt
00:33:09 - removing file tmp_5f/mbert_enfr_test_8_12.txt
00:33:09 - process[0]: training epoch 13 ...
00:33:17 - process[0] - epoch 13 - train iter 235 - 22072.6 words/s - loss: 0.3842
00:33:17 - process[0]: evaluating epoch 13 on dev ...
00:33:36 - dev set during evaluation: 10640/10633
00:33:36 - process[0] - dev - epoch 13 - mAP: 0.487 w/ 37 queries
00:33:36 - removing file tmp_5f/mbert_enfr_dev_1_13.txt
00:33:36 - removing file tmp_5f/mbert_enfr_dev_7_13.txt
00:33:36 - removing file tmp_5f/mbert_enfr_dev_8_13.txt
00:33:36 - removing file tmp_5f/mbert_enfr_dev_2_13.txt
00:33:36 - removing file tmp_5f/mbert_enfr_dev_5_13.txt
00:33:36 - removing file tmp_5f/mbert_enfr_dev_0_13.txt
00:33:36 - removing file tmp_5f/mbert_enfr_dev_4_13.txt
00:33:36 - removing file tmp_5f/mbert_enfr_dev_9_13.txt
00:33:36 - removing file tmp_5f/mbert_enfr_dev_3_13.txt
00:33:36 - removing file tmp_5f/mbert_enfr_dev_6_13.txt
00:33:36 - process[0]: evaluating epoch 13 on test ...
00:33:54 - process[0] - test - epoch 13 - mAP: 0.441 w/ 37 queries
00:33:54 - removing file tmp_5f/mbert_enfr_test_0_13.txt
00:33:54 - removing file tmp_5f/mbert_enfr_test_1_13.txt
00:33:54 - removing file tmp_5f/mbert_enfr_test_8_13.txt
00:33:54 - removing file tmp_5f/mbert_enfr_test_4_13.txt
00:33:54 - removing file tmp_5f/mbert_enfr_test_3_13.txt
00:33:54 - removing file tmp_5f/mbert_enfr_test_2_13.txt
00:33:54 - removing file tmp_5f/mbert_enfr_test_9_13.txt
00:33:54 - removing file tmp_5f/mbert_enfr_test_7_13.txt
00:33:54 - removing file tmp_5f/mbert_enfr_test_5_13.txt
00:33:54 - removing file tmp_5f/mbert_enfr_test_6_13.txt
00:33:54 - process[0]: training epoch 14 ...
00:34:03 - process[0] - epoch 14 - train iter 235 - 21637.9 words/s - loss: 0.3980
00:34:03 - process[0]: evaluating epoch 14 on dev ...
00:34:20 - dev set during evaluation: 10640/10633
00:34:20 - process[0] - dev - epoch 14 - mAP: 0.469 w/ 37 queries
00:34:21 - removing file tmp_5f/mbert_enfr_dev_1_14.txt
00:34:21 - removing file tmp_5f/mbert_enfr_dev_2_14.txt
00:34:21 - removing file tmp_5f/mbert_enfr_dev_0_14.txt
00:34:21 - removing file tmp_5f/mbert_enfr_dev_4_14.txt
00:34:21 - removing file tmp_5f/mbert_enfr_dev_5_14.txt
00:34:21 - removing file tmp_5f/mbert_enfr_dev_6_14.txt
00:34:21 - removing file tmp_5f/mbert_enfr_dev_3_14.txt
00:34:21 - removing file tmp_5f/mbert_enfr_dev_9_14.txt
00:34:21 - removing file tmp_5f/mbert_enfr_dev_7_14.txt
00:34:21 - removing file tmp_5f/mbert_enfr_dev_8_14.txt
00:34:21 - process[0]: training epoch 15 ...
00:34:29 - process[0] - epoch 15 - train iter 235 - 22368.2 words/s - loss: 0.3655
00:34:29 - process[0]: evaluating epoch 15 on dev ...
00:34:47 - dev set during evaluation: 10640/10633
00:34:47 - process[0] - dev - epoch 15 - mAP: 0.483 w/ 37 queries
00:34:47 - removing file tmp_5f/mbert_enfr_dev_3_15.txt
00:34:47 - removing file tmp_5f/mbert_enfr_dev_2_15.txt
00:34:47 - removing file tmp_5f/mbert_enfr_dev_4_15.txt
00:34:47 - removing file tmp_5f/mbert_enfr_dev_5_15.txt
00:34:47 - removing file tmp_5f/mbert_enfr_dev_0_15.txt
00:34:47 - removing file tmp_5f/mbert_enfr_dev_9_15.txt
00:34:47 - removing file tmp_5f/mbert_enfr_dev_8_15.txt
00:34:47 - removing file tmp_5f/mbert_enfr_dev_1_15.txt
00:34:47 - removing file tmp_5f/mbert_enfr_dev_7_15.txt
00:34:47 - removing file tmp_5f/mbert_enfr_dev_6_15.txt
00:34:47 - process[0]: training epoch 16 ...
00:34:56 - process[0] - epoch 16 - train iter 235 - 23025.1 words/s - loss: 0.3832
00:34:56 - process[0]: evaluating epoch 16 on dev ...
00:35:14 - dev set during evaluation: 10640/10633
00:35:14 - process[0] - dev - epoch 16 - mAP: 0.472 w/ 37 queries
00:35:14 - removing file tmp_5f/mbert_enfr_dev_7_16.txt
00:35:14 - removing file tmp_5f/mbert_enfr_dev_6_16.txt
00:35:14 - removing file tmp_5f/mbert_enfr_dev_1_16.txt
00:35:14 - removing file tmp_5f/mbert_enfr_dev_0_16.txt
00:35:14 - removing file tmp_5f/mbert_enfr_dev_9_16.txt
00:35:14 - removing file tmp_5f/mbert_enfr_dev_8_16.txt
00:35:14 - removing file tmp_5f/mbert_enfr_dev_4_16.txt
00:35:14 - removing file tmp_5f/mbert_enfr_dev_3_16.txt
00:35:14 - removing file tmp_5f/mbert_enfr_dev_2_16.txt
00:35:14 - removing file tmp_5f/mbert_enfr_dev_5_16.txt
00:35:14 - process[0]: training epoch 17 ...
00:35:23 - process[0] - epoch 17 - train iter 235 - 22217.4 words/s - loss: 0.3752
00:35:23 - process[0]: evaluating epoch 17 on dev ...
00:35:40 - dev set during evaluation: 10640/10633
00:35:40 - process[0] - dev - epoch 17 - mAP: 0.474 w/ 37 queries
00:35:40 - removing file tmp_5f/mbert_enfr_dev_9_17.txt
00:35:40 - removing file tmp_5f/mbert_enfr_dev_4_17.txt
00:35:40 - removing file tmp_5f/mbert_enfr_dev_3_17.txt
00:35:40 - removing file tmp_5f/mbert_enfr_dev_0_17.txt
00:35:40 - removing file tmp_5f/mbert_enfr_dev_1_17.txt
00:35:40 - removing file tmp_5f/mbert_enfr_dev_5_17.txt
00:35:40 - removing file tmp_5f/mbert_enfr_dev_2_17.txt
00:35:40 - removing file tmp_5f/mbert_enfr_dev_8_17.txt
00:35:40 - removing file tmp_5f/mbert_enfr_dev_6_17.txt
00:35:40 - removing file tmp_5f/mbert_enfr_dev_7_17.txt
00:35:40 - process[0]: training epoch 18 ...
00:35:49 - process[0] - epoch 18 - train iter 235 - 21869.5 words/s - loss: 0.3986
00:35:49 - process[0]: evaluating epoch 18 on dev ...
00:36:07 - dev set during evaluation: 10640/10633
00:36:07 - process[0] - dev - epoch 18 - mAP: 0.458 w/ 37 queries
00:36:07 - removing file tmp_5f/mbert_enfr_dev_0_18.txt
00:36:07 - removing file tmp_5f/mbert_enfr_dev_6_18.txt
00:36:07 - removing file tmp_5f/mbert_enfr_dev_7_18.txt
00:36:07 - removing file tmp_5f/mbert_enfr_dev_5_18.txt
00:36:07 - removing file tmp_5f/mbert_enfr_dev_2_18.txt
00:36:07 - removing file tmp_5f/mbert_enfr_dev_4_18.txt
00:36:07 - removing file tmp_5f/mbert_enfr_dev_8_18.txt
00:36:07 - removing file tmp_5f/mbert_enfr_dev_3_18.txt
00:36:07 - removing file tmp_5f/mbert_enfr_dev_1_18.txt
00:36:07 - removing file tmp_5f/mbert_enfr_dev_9_18.txt
00:36:07 - process[0]: training epoch 19 ...
00:36:17 - process[0] - epoch 19 - train iter 235 - 20004.9 words/s - loss: 0.3298
00:36:17 - process[0]: evaluating epoch 19 on dev ...
00:36:34 - dev set during evaluation: 10640/10633
00:36:34 - process[0] - dev - epoch 19 - mAP: 0.461 w/ 37 queries
00:36:34 - removing file tmp_5f/mbert_enfr_dev_3_19.txt
00:36:34 - removing file tmp_5f/mbert_enfr_dev_4_19.txt
00:36:34 - removing file tmp_5f/mbert_enfr_dev_8_19.txt
00:36:34 - removing file tmp_5f/mbert_enfr_dev_1_19.txt
00:36:34 - removing file tmp_5f/mbert_enfr_dev_0_19.txt
00:36:34 - removing file tmp_5f/mbert_enfr_dev_9_19.txt
00:36:34 - removing file tmp_5f/mbert_enfr_dev_7_19.txt
00:36:34 - removing file tmp_5f/mbert_enfr_dev_6_19.txt
00:36:34 - removing file tmp_5f/mbert_enfr_dev_2_19.txt
00:36:34 - removing file tmp_5f/mbert_enfr_dev_5_19.txt
00:36:34 - [fold 5] best test MAP: 0.441 @ epoch 13
00:36:34 - [0.5986536196331556, 0.5101387220506997, 0.5600780197835792, 0.4709958358412607, 0.4411091672146777]
00:36:34 - [37, 37, 37, 37, 37]
00:36:34 - final MAP: 0.516
