00:00:05 - Namespace(apex_level='O2', batch_size=8, cased=False, dataset='clef', debug=False, encoder_lr=2e-05, eval_step=1, full_doc_length=True, local_rank=5, model_path='/mnt/scratch/puxuan/long_qlm-rr/2150176/huggingface-1', model_type='mbert-long', num_epochs=20, num_ft_encoders=3, num_neg=1, projector_lr=2e-05, seed=611, source_lang='de', target_lang='es')
00:06:24 - BertLongForXLRetrieval(
  (bert): BertModel(
    (embeddings): BertEmbeddings(
      (word_embeddings): Embedding(105879, 768, padding_idx=0)
      (position_embeddings): Embedding(1024, 768)
      (token_type_embeddings): Embedding(2, 768)
      (LayerNorm): LayerNorm((768,), eps=1e-12, elementwise_affine=True)
      (dropout): Dropout(p=0.1, inplace=False)
    )
    (encoder): BertEncoder(
      (layer): ModuleList(
        (0): BertLayer(
          (attention): BertAttention(
            (self): LongformerSelfAttention(
              (query): Linear(in_features=768, out_features=768, bias=True)
              (key): Linear(in_features=768, out_features=768, bias=True)
              (value): Linear(in_features=768, out_features=768, bias=True)
              (query_global): Linear(in_features=768, out_features=768, bias=True)
              (key_global): Linear(in_features=768, out_features=768, bias=True)
              (value_global): Linear(in_features=768, out_features=768, bias=True)
            )
            (output): BertSelfOutput(
              (dense): Linear(in_features=768, out_features=768, bias=True)
              (LayerNorm): LayerNorm((768,), eps=1e-12, elementwise_affine=True)
              (dropout): Dropout(p=0.1, inplace=False)
            )
          )
          (intermediate): BertIntermediate(
            (dense): Linear(in_features=768, out_features=3072, bias=True)
          )
          (output): BertOutput(
            (dense): Linear(in_features=3072, out_features=768, bias=True)
            (LayerNorm): LayerNorm((768,), eps=1e-12, elementwise_affine=True)
            (dropout): Dropout(p=0.1, inplace=False)
          )
        )
        (1): BertLayer(
          (attention): BertAttention(
            (self): LongformerSelfAttention(
              (query): Linear(in_features=768, out_features=768, bias=True)
              (key): Linear(in_features=768, out_features=768, bias=True)
              (value): Linear(in_features=768, out_features=768, bias=True)
              (query_global): Linear(in_features=768, out_features=768, bias=True)
              (key_global): Linear(in_features=768, out_features=768, bias=True)
              (value_global): Linear(in_features=768, out_features=768, bias=True)
            )
            (output): BertSelfOutput(
              (dense): Linear(in_features=768, out_features=768, bias=True)
              (LayerNorm): LayerNorm((768,), eps=1e-12, elementwise_affine=True)
              (dropout): Dropout(p=0.1, inplace=False)
            )
          )
          (intermediate): BertIntermediate(
            (dense): Linear(in_features=768, out_features=3072, bias=True)
          )
          (output): BertOutput(
            (dense): Linear(in_features=3072, out_features=768, bias=True)
            (LayerNorm): LayerNorm((768,), eps=1e-12, elementwise_affine=True)
            (dropout): Dropout(p=0.1, inplace=False)
          )
        )
        (2): BertLayer(
          (attention): BertAttention(
            (self): LongformerSelfAttention(
              (query): Linear(in_features=768, out_features=768, bias=True)
              (key): Linear(in_features=768, out_features=768, bias=True)
              (value): Linear(in_features=768, out_features=768, bias=True)
              (query_global): Linear(in_features=768, out_features=768, bias=True)
              (key_global): Linear(in_features=768, out_features=768, bias=True)
              (value_global): Linear(in_features=768, out_features=768, bias=True)
            )
            (output): BertSelfOutput(
              (dense): Linear(in_features=768, out_features=768, bias=True)
              (LayerNorm): LayerNorm((768,), eps=1e-12, elementwise_affine=True)
              (dropout): Dropout(p=0.1, inplace=False)
            )
          )
          (intermediate): BertIntermediate(
            (dense): Linear(in_features=768, out_features=3072, bias=True)
          )
          (output): BertOutput(
            (dense): Linear(in_features=3072, out_features=768, bias=True)
            (LayerNorm): LayerNorm((768,), eps=1e-12, elementwise_affine=True)
            (dropout): Dropout(p=0.1, inplace=False)
          )
        )
        (3): BertLayer(
          (attention): BertAttention(
            (self): LongformerSelfAttention(
              (query): Linear(in_features=768, out_features=768, bias=True)
              (key): Linear(in_features=768, out_features=768, bias=True)
              (value): Linear(in_features=768, out_features=768, bias=True)
              (query_global): Linear(in_features=768, out_features=768, bias=True)
              (key_global): Linear(in_features=768, out_features=768, bias=True)
              (value_global): Linear(in_features=768, out_features=768, bias=True)
            )
            (output): BertSelfOutput(
              (dense): Linear(in_features=768, out_features=768, bias=True)
              (LayerNorm): LayerNorm((768,), eps=1e-12, elementwise_affine=True)
              (dropout): Dropout(p=0.1, inplace=False)
            )
          )
          (intermediate): BertIntermediate(
            (dense): Linear(in_features=768, out_features=3072, bias=True)
          )
          (output): BertOutput(
            (dense): Linear(in_features=3072, out_features=768, bias=True)
            (LayerNorm): LayerNorm((768,), eps=1e-12, elementwise_affine=True)
            (dropout): Dropout(p=0.1, inplace=False)
          )
        )
        (4): BertLayer(
          (attention): BertAttention(
            (self): LongformerSelfAttention(
              (query): Linear(in_features=768, out_features=768, bias=True)
              (key): Linear(in_features=768, out_features=768, bias=True)
              (value): Linear(in_features=768, out_features=768, bias=True)
              (query_global): Linear(in_features=768, out_features=768, bias=True)
              (key_global): Linear(in_features=768, out_features=768, bias=True)
              (value_global): Linear(in_features=768, out_features=768, bias=True)
            )
            (output): BertSelfOutput(
              (dense): Linear(in_features=768, out_features=768, bias=True)
              (LayerNorm): LayerNorm((768,), eps=1e-12, elementwise_affine=True)
              (dropout): Dropout(p=0.1, inplace=False)
            )
          )
          (intermediate): BertIntermediate(
            (dense): Linear(in_features=768, out_features=3072, bias=True)
          )
          (output): BertOutput(
            (dense): Linear(in_features=3072, out_features=768, bias=True)
            (LayerNorm): LayerNorm((768,), eps=1e-12, elementwise_affine=True)
            (dropout): Dropout(p=0.1, inplace=False)
          )
        )
        (5): BertLayer(
          (attention): BertAttention(
            (self): LongformerSelfAttention(
              (query): Linear(in_features=768, out_features=768, bias=True)
              (key): Linear(in_features=768, out_features=768, bias=True)
              (value): Linear(in_features=768, out_features=768, bias=True)
              (query_global): Linear(in_features=768, out_features=768, bias=True)
              (key_global): Linear(in_features=768, out_features=768, bias=True)
              (value_global): Linear(in_features=768, out_features=768, bias=True)
            )
            (output): BertSelfOutput(
              (dense): Linear(in_features=768, out_features=768, bias=True)
              (LayerNorm): LayerNorm((768,), eps=1e-12, elementwise_affine=True)
              (dropout): Dropout(p=0.1, inplace=False)
            )
          )
          (intermediate): BertIntermediate(
            (dense): Linear(in_features=768, out_features=3072, bias=True)
          )
          (output): BertOutput(
            (dense): Linear(in_features=3072, out_features=768, bias=True)
            (LayerNorm): LayerNorm((768,), eps=1e-12, elementwise_affine=True)
            (dropout): Dropout(p=0.1, inplace=False)
          )
        )
        (6): BertLayer(
          (attention): BertAttention(
            (self): LongformerSelfAttention(
              (query): Linear(in_features=768, out_features=768, bias=True)
              (key): Linear(in_features=768, out_features=768, bias=True)
              (value): Linear(in_features=768, out_features=768, bias=True)
              (query_global): Linear(in_features=768, out_features=768, bias=True)
              (key_global): Linear(in_features=768, out_features=768, bias=True)
              (value_global): Linear(in_features=768, out_features=768, bias=True)
            )
            (output): BertSelfOutput(
              (dense): Linear(in_features=768, out_features=768, bias=True)
              (LayerNorm): LayerNorm((768,), eps=1e-12, elementwise_affine=True)
              (dropout): Dropout(p=0.1, inplace=False)
            )
          )
          (intermediate): BertIntermediate(
            (dense): Linear(in_features=768, out_features=3072, bias=True)
          )
          (output): BertOutput(
            (dense): Linear(in_features=3072, out_features=768, bias=True)
            (LayerNorm): LayerNorm((768,), eps=1e-12, elementwise_affine=True)
            (dropout): Dropout(p=0.1, inplace=False)
          )
        )
        (7): BertLayer(
          (attention): BertAttention(
            (self): LongformerSelfAttention(
              (query): Linear(in_features=768, out_features=768, bias=True)
              (key): Linear(in_features=768, out_features=768, bias=True)
              (value): Linear(in_features=768, out_features=768, bias=True)
              (query_global): Linear(in_features=768, out_features=768, bias=True)
              (key_global): Linear(in_features=768, out_features=768, bias=True)
              (value_global): Linear(in_features=768, out_features=768, bias=True)
            )
            (output): BertSelfOutput(
              (dense): Linear(in_features=768, out_features=768, bias=True)
              (LayerNorm): LayerNorm((768,), eps=1e-12, elementwise_affine=True)
              (dropout): Dropout(p=0.1, inplace=False)
            )
          )
          (intermediate): BertIntermediate(
            (dense): Linear(in_features=768, out_features=3072, bias=True)
          )
          (output): BertOutput(
            (dense): Linear(in_features=3072, out_features=768, bias=True)
            (LayerNorm): LayerNorm((768,), eps=1e-12, elementwise_affine=True)
            (dropout): Dropout(p=0.1, inplace=False)
          )
        )
        (8): BertLayer(
          (attention): BertAttention(
            (self): LongformerSelfAttention(
              (query): Linear(in_features=768, out_features=768, bias=True)
              (key): Linear(in_features=768, out_features=768, bias=True)
              (value): Linear(in_features=768, out_features=768, bias=True)
              (query_global): Linear(in_features=768, out_features=768, bias=True)
              (key_global): Linear(in_features=768, out_features=768, bias=True)
              (value_global): Linear(in_features=768, out_features=768, bias=True)
            )
            (output): BertSelfOutput(
              (dense): Linear(in_features=768, out_features=768, bias=True)
              (LayerNorm): LayerNorm((768,), eps=1e-12, elementwise_affine=True)
              (dropout): Dropout(p=0.1, inplace=False)
            )
          )
          (intermediate): BertIntermediate(
            (dense): Linear(in_features=768, out_features=3072, bias=True)
          )
          (output): BertOutput(
            (dense): Linear(in_features=3072, out_features=768, bias=True)
            (LayerNorm): LayerNorm((768,), eps=1e-12, elementwise_affine=True)
            (dropout): Dropout(p=0.1, inplace=False)
          )
        )
        (9): BertLayer(
          (attention): BertAttention(
            (self): LongformerSelfAttention(
              (query): Linear(in_features=768, out_features=768, bias=True)
              (key): Linear(in_features=768, out_features=768, bias=True)
              (value): Linear(in_features=768, out_features=768, bias=True)
              (query_global): Linear(in_features=768, out_features=768, bias=True)
              (key_global): Linear(in_features=768, out_features=768, bias=True)
              (value_global): Linear(in_features=768, out_features=768, bias=True)
            )
            (output): BertSelfOutput(
              (dense): Linear(in_features=768, out_features=768, bias=True)
              (LayerNorm): LayerNorm((768,), eps=1e-12, elementwise_affine=True)
              (dropout): Dropout(p=0.1, inplace=False)
            )
          )
          (intermediate): BertIntermediate(
            (dense): Linear(in_features=768, out_features=3072, bias=True)
          )
          (output): BertOutput(
            (dense): Linear(in_features=3072, out_features=768, bias=True)
            (LayerNorm): LayerNorm((768,), eps=1e-12, elementwise_affine=True)
            (dropout): Dropout(p=0.1, inplace=False)
          )
        )
        (10): BertLayer(
          (attention): BertAttention(
            (self): LongformerSelfAttention(
              (query): Linear(in_features=768, out_features=768, bias=True)
              (key): Linear(in_features=768, out_features=768, bias=True)
              (value): Linear(in_features=768, out_features=768, bias=True)
              (query_global): Linear(in_features=768, out_features=768, bias=True)
              (key_global): Linear(in_features=768, out_features=768, bias=True)
              (value_global): Linear(in_features=768, out_features=768, bias=True)
            )
            (output): BertSelfOutput(
              (dense): Linear(in_features=768, out_features=768, bias=True)
              (LayerNorm): LayerNorm((768,), eps=1e-12, elementwise_affine=True)
              (dropout): Dropout(p=0.1, inplace=False)
            )
          )
          (intermediate): BertIntermediate(
            (dense): Linear(in_features=768, out_features=3072, bias=True)
          )
          (output): BertOutput(
            (dense): Linear(in_features=3072, out_features=768, bias=True)
            (LayerNorm): LayerNorm((768,), eps=1e-12, elementwise_affine=True)
            (dropout): Dropout(p=0.1, inplace=False)
          )
        )
        (11): BertLayer(
          (attention): BertAttention(
            (self): LongformerSelfAttention(
              (query): Linear(in_features=768, out_features=768, bias=True)
              (key): Linear(in_features=768, out_features=768, bias=True)
              (value): Linear(in_features=768, out_features=768, bias=True)
              (query_global): Linear(in_features=768, out_features=768, bias=True)
              (key_global): Linear(in_features=768, out_features=768, bias=True)
              (value_global): Linear(in_features=768, out_features=768, bias=True)
            )
            (output): BertSelfOutput(
              (dense): Linear(in_features=768, out_features=768, bias=True)
              (LayerNorm): LayerNorm((768,), eps=1e-12, elementwise_affine=True)
              (dropout): Dropout(p=0.1, inplace=False)
            )
          )
          (intermediate): BertIntermediate(
            (dense): Linear(in_features=768, out_features=3072, bias=True)
          )
          (output): BertOutput(
            (dense): Linear(in_features=3072, out_features=768, bias=True)
            (LayerNorm): LayerNorm((768,), eps=1e-12, elementwise_affine=True)
            (dropout): Dropout(p=0.1, inplace=False)
          )
        )
      )
    )
    (pooler): BertPooler(
      (dense): Linear(in_features=768, out_features=768, bias=True)
      (activation): Tanh()
    )
  )
  (mlm_cls): BertOnlyMLMHead(
    (predictions): BertLMPredictionHead(
      (transform): BertPredictionHeadTransform(
        (dense): Linear(in_features=768, out_features=768, bias=True)
        (LayerNorm): LayerNorm((768,), eps=1e-12, elementwise_affine=True)
      )
      (decoder): Linear(in_features=768, out_features=105879, bias=True)
    )
  )
  (seqcls_dropout): Dropout(p=0.1, inplace=False)
  (seqcls_classifier): Linear(in_features=768, out_features=2, bias=True)
)
00:06:24 - Evaluating every 1 epochs ...
00:06:24 - reading data from /mnt/home/puxuan/CLIR-project/Evaluation_data/process-clef/uncased
00:06:25 - test has 31 queries ...
00:06:25 - Data reading done ...
00:06:32 - adding 9-th encoder to optimizer...
00:06:32 - adding 10-th encoder to optimizer...
00:06:32 - adding 11-th encoder to optimizer...
00:06:32 - process[5]: training epoch 0 ...
00:07:03 - process[5] - epoch 0 - train iter 540 - 20361.9 words/s - loss: 0.5007
00:07:03 - process[5]: training epoch 1 ...
00:07:34 - process[5] - epoch 1 - train iter 540 - 21345.1 words/s - loss: 0.4470
00:07:34 - process[5]: training epoch 2 ...
00:08:04 - process[5] - epoch 2 - train iter 540 - 21005.7 words/s - loss: 0.3641
00:08:04 - process[5]: training epoch 3 ...
00:08:35 - process[5] - epoch 3 - train iter 540 - 21056.6 words/s - loss: 0.3646
00:08:35 - process[5]: training epoch 4 ...
00:09:06 - process[5] - epoch 4 - train iter 540 - 21627.7 words/s - loss: 0.3363
00:09:06 - process[5]: training epoch 5 ...
00:09:36 - process[5] - epoch 5 - train iter 540 - 21488.9 words/s - loss: 0.3095
00:09:36 - process[5]: training epoch 6 ...
00:10:07 - process[5] - epoch 6 - train iter 540 - 20868.0 words/s - loss: 0.3297
00:10:07 - process[5]: training epoch 7 ...
00:10:37 - process[5] - epoch 7 - train iter 540 - 20955.9 words/s - loss: 0.3232
00:10:37 - process[5]: training epoch 8 ...
00:11:08 - process[5] - epoch 8 - train iter 540 - 20627.2 words/s - loss: 0.3050
00:11:08 - process[5]: training epoch 9 ...
00:11:38 - process[5] - epoch 9 - train iter 540 - 20868.8 words/s - loss: 0.3163
00:11:38 - process[5]: training epoch 10 ...
00:12:08 - process[5] - epoch 10 - train iter 540 - 20755.1 words/s - loss: 0.2514
00:12:08 - process[5]: evaluating epoch 10 on dev ...
00:12:36 - process[5] - dev - epoch 10 - mAP: 0.531 w/ 31 queries
00:12:36 - process[5]: evaluating epoch 10 on test ...
00:12:58 - test set during evaluation: 11460/11458
00:12:58 - process[5] - test - epoch 10 - mAP: 0.581 w/ 31 queries
00:12:58 - process[5]: training epoch 11 ...
00:13:29 - process[5] - epoch 11 - train iter 540 - 20728.3 words/s - loss: 0.2797
00:13:29 - process[5]: evaluating epoch 11 on dev ...
00:13:51 - process[5] - dev - epoch 11 - mAP: 0.535 w/ 31 queries
00:13:51 - process[5]: evaluating epoch 11 on test ...
00:14:14 - test set during evaluation: 11460/11458
00:14:14 - process[5] - test - epoch 11 - mAP: 0.571 w/ 31 queries
00:14:14 - process[5]: training epoch 12 ...
00:14:45 - process[5] - epoch 12 - train iter 540 - 21431.5 words/s - loss: 0.2839
00:14:45 - process[5]: evaluating epoch 12 on dev ...
00:15:06 - process[5] - dev - epoch 12 - mAP: 0.515 w/ 31 queries
00:15:06 - process[5]: training epoch 13 ...
00:15:37 - process[5] - epoch 13 - train iter 540 - 20932.8 words/s - loss: 0.2668
00:15:37 - process[5]: evaluating epoch 13 on dev ...
00:15:59 - process[5] - dev - epoch 13 - mAP: 0.518 w/ 31 queries
00:15:59 - process[5]: training epoch 14 ...
00:16:29 - process[5] - epoch 14 - train iter 540 - 20876.5 words/s - loss: 0.2605
00:16:29 - process[5]: evaluating epoch 14 on dev ...
00:16:51 - process[5] - dev - epoch 14 - mAP: 0.519 w/ 31 queries
00:16:51 - process[5]: training epoch 15 ...
00:17:21 - process[5] - epoch 15 - train iter 540 - 20859.6 words/s - loss: 0.2499
00:17:21 - process[5]: evaluating epoch 15 on dev ...
00:17:43 - process[5] - dev - epoch 15 - mAP: 0.517 w/ 31 queries
00:17:43 - process[5]: training epoch 16 ...
00:18:13 - process[5] - epoch 16 - train iter 540 - 20995.5 words/s - loss: 0.2363
00:18:13 - process[5]: evaluating epoch 16 on dev ...
00:18:36 - process[5] - dev - epoch 16 - mAP: 0.521 w/ 31 queries
00:18:36 - process[5]: training epoch 17 ...
00:19:06 - process[5] - epoch 17 - train iter 540 - 20662.3 words/s - loss: 0.2219
00:19:06 - process[5]: evaluating epoch 17 on dev ...
00:19:28 - process[5] - dev - epoch 17 - mAP: 0.520 w/ 31 queries
00:19:28 - process[5]: training epoch 18 ...
00:19:59 - process[5] - epoch 18 - train iter 540 - 21412.1 words/s - loss: 0.2608
00:19:59 - process[5]: evaluating epoch 18 on dev ...
00:20:20 - process[5] - dev - epoch 18 - mAP: 0.527 w/ 31 queries
00:20:20 - process[5]: training epoch 19 ...
00:20:51 - process[5] - epoch 19 - train iter 540 - 21008.3 words/s - loss: 0.2482
00:20:51 - process[5]: evaluating epoch 19 on dev ...
00:21:13 - process[5] - dev - epoch 19 - mAP: 0.541 w/ 31 queries
00:21:13 - process[5]: evaluating epoch 19 on test ...
00:21:36 - test set during evaluation: 11460/11458
00:21:36 - process[5] - test - epoch 19 - mAP: 0.576 w/ 31 queries
00:21:36 - [fold 1] best test MAP: 0.576 @ epoch 19
00:21:36 - Evaluating every 1 epochs ...
00:21:36 - reading data from /mnt/home/puxuan/CLIR-project/Evaluation_data/process-clef/uncased
00:21:37 - test has 32 queries ...
00:21:37 - Data reading done ...
00:21:39 - adding 9-th encoder to optimizer...
00:21:39 - adding 10-th encoder to optimizer...
00:21:39 - adding 11-th encoder to optimizer...
00:21:39 - process[5]: training epoch 0 ...
00:22:07 - process[5] - epoch 0 - train iter 492 - 20501.6 words/s - loss: 0.4623
00:22:07 - process[5]: training epoch 1 ...
00:22:36 - process[5] - epoch 1 - train iter 492 - 21005.3 words/s - loss: 0.4234
00:22:36 - process[5]: training epoch 2 ...
00:23:04 - process[5] - epoch 2 - train iter 492 - 20827.0 words/s - loss: 0.3735
00:23:04 - process[5]: training epoch 3 ...
00:23:33 - process[5] - epoch 3 - train iter 492 - 20953.8 words/s - loss: 0.3382
00:23:33 - process[5]: training epoch 4 ...
00:24:01 - process[5] - epoch 4 - train iter 492 - 20795.6 words/s - loss: 0.3068
00:24:01 - process[5]: training epoch 5 ...
00:24:29 - process[5] - epoch 5 - train iter 492 - 20512.6 words/s - loss: 0.3520
00:24:29 - process[5]: training epoch 6 ...
00:24:58 - process[5] - epoch 6 - train iter 492 - 21034.6 words/s - loss: 0.3086
00:24:58 - process[5]: training epoch 7 ...
00:25:26 - process[5] - epoch 7 - train iter 492 - 21001.6 words/s - loss: 0.2775
00:25:26 - process[5]: training epoch 8 ...
00:25:54 - process[5] - epoch 8 - train iter 492 - 20866.3 words/s - loss: 0.2822
00:25:54 - process[5]: training epoch 9 ...
00:26:22 - process[5] - epoch 9 - train iter 492 - 21025.7 words/s - loss: 0.3160
00:26:22 - process[5]: training epoch 10 ...
00:26:50 - process[5] - epoch 10 - train iter 492 - 20764.4 words/s - loss: 0.2696
00:26:50 - process[5]: evaluating epoch 10 on dev ...
00:27:20 - dev set during evaluation: 11460/11458
00:27:20 - process[5] - dev - epoch 10 - mAP: 0.559 w/ 31 queries
00:27:20 - process[5]: evaluating epoch 10 on test ...
00:27:44 - process[5] - test - epoch 10 - mAP: 0.596 w/ 32 queries
00:27:44 - process[5]: training epoch 11 ...
00:28:12 - process[5] - epoch 11 - train iter 492 - 21164.0 words/s - loss: 0.2747
00:28:12 - process[5]: evaluating epoch 11 on dev ...
00:28:35 - dev set during evaluation: 11460/11458
00:28:35 - process[5] - dev - epoch 11 - mAP: 0.561 w/ 31 queries
00:28:35 - process[5]: evaluating epoch 11 on test ...
00:28:59 - process[5] - test - epoch 11 - mAP: 0.605 w/ 32 queries
00:28:59 - process[5]: training epoch 12 ...
00:29:27 - process[5] - epoch 12 - train iter 492 - 20953.8 words/s - loss: 0.3104
00:29:27 - process[5]: evaluating epoch 12 on dev ...
00:29:50 - dev set during evaluation: 11460/11458
00:29:50 - process[5] - dev - epoch 12 - mAP: 0.564 w/ 31 queries
00:29:50 - process[5]: evaluating epoch 12 on test ...
00:30:14 - process[5] - test - epoch 12 - mAP: 0.584 w/ 32 queries
00:30:14 - process[5]: training epoch 13 ...
00:30:42 - process[5] - epoch 13 - train iter 492 - 20833.3 words/s - loss: 0.3004
00:30:42 - process[5]: evaluating epoch 13 on dev ...
00:31:05 - dev set during evaluation: 11460/11458
00:31:05 - process[5] - dev - epoch 13 - mAP: 0.567 w/ 31 queries
00:31:05 - process[5]: evaluating epoch 13 on test ...
00:31:29 - process[5] - test - epoch 13 - mAP: 0.599 w/ 32 queries
00:31:29 - process[5]: training epoch 14 ...
00:31:57 - process[5] - epoch 14 - train iter 492 - 20724.0 words/s - loss: 0.2534
00:31:57 - process[5]: evaluating epoch 14 on dev ...
00:32:21 - dev set during evaluation: 11460/11458
00:32:21 - process[5] - dev - epoch 14 - mAP: 0.565 w/ 31 queries
00:32:21 - process[5]: training epoch 15 ...
00:32:49 - process[5] - epoch 15 - train iter 492 - 20778.6 words/s - loss: 0.2872
00:32:49 - process[5]: evaluating epoch 15 on dev ...
00:33:12 - dev set during evaluation: 11460/11458
00:33:12 - process[5] - dev - epoch 15 - mAP: 0.559 w/ 31 queries
00:33:12 - process[5]: training epoch 16 ...
00:33:40 - process[5] - epoch 16 - train iter 492 - 21266.8 words/s - loss: 0.2646
00:33:40 - process[5]: evaluating epoch 16 on dev ...
00:34:03 - dev set during evaluation: 11460/11458
00:34:03 - process[5] - dev - epoch 16 - mAP: 0.550 w/ 31 queries
00:34:03 - process[5]: training epoch 17 ...
00:34:31 - process[5] - epoch 17 - train iter 492 - 21120.7 words/s - loss: 0.2617
00:34:31 - process[5]: evaluating epoch 17 on dev ...
00:34:54 - dev set during evaluation: 11460/11458
00:34:54 - process[5] - dev - epoch 17 - mAP: 0.555 w/ 31 queries
00:34:54 - process[5]: training epoch 18 ...
00:35:22 - process[5] - epoch 18 - train iter 492 - 21052.9 words/s - loss: 0.2592
00:35:22 - process[5]: evaluating epoch 18 on dev ...
00:35:45 - dev set during evaluation: 11460/11458
00:35:45 - process[5] - dev - epoch 18 - mAP: 0.558 w/ 31 queries
00:35:45 - process[5]: training epoch 19 ...
00:36:13 - process[5] - epoch 19 - train iter 492 - 21453.1 words/s - loss: 0.2546
00:36:13 - process[5]: evaluating epoch 19 on dev ...
00:36:37 - dev set during evaluation: 11460/11458
00:36:37 - process[5] - dev - epoch 19 - mAP: 0.550 w/ 31 queries
00:36:37 - [fold 2] best test MAP: 0.599 @ epoch 13
00:36:37 - Evaluating every 1 epochs ...
00:36:37 - reading data from /mnt/home/puxuan/CLIR-project/Evaluation_data/process-clef/uncased
00:36:39 - test has 31 queries ...
00:36:39 - Data reading done ...
00:36:40 - adding 9-th encoder to optimizer...
00:36:40 - adding 10-th encoder to optimizer...
00:36:40 - adding 11-th encoder to optimizer...
00:36:41 - process[5]: training epoch 0 ...
00:37:08 - process[5] - epoch 0 - train iter 476 - 20700.5 words/s - loss: 0.4878
00:37:08 - process[5]: training epoch 1 ...
00:37:35 - process[5] - epoch 1 - train iter 476 - 21042.2 words/s - loss: 0.3719
00:37:35 - process[5]: training epoch 2 ...
00:38:02 - process[5] - epoch 2 - train iter 476 - 20741.8 words/s - loss: 0.3329
00:38:02 - process[5]: training epoch 3 ...
00:38:29 - process[5] - epoch 3 - train iter 476 - 20693.6 words/s - loss: 0.4048
00:38:29 - process[5]: training epoch 4 ...
00:38:56 - process[5] - epoch 4 - train iter 476 - 20602.1 words/s - loss: 0.3235
00:38:56 - process[5]: training epoch 5 ...
00:39:23 - process[5] - epoch 5 - train iter 476 - 21173.3 words/s - loss: 0.3344
00:39:23 - process[5]: training epoch 6 ...
00:39:50 - process[5] - epoch 6 - train iter 476 - 21151.5 words/s - loss: 0.3396
00:39:50 - process[5]: training epoch 7 ...
00:40:17 - process[5] - epoch 7 - train iter 476 - 20990.0 words/s - loss: 0.3130
00:40:17 - process[5]: training epoch 8 ...
00:40:44 - process[5] - epoch 8 - train iter 476 - 20574.7 words/s - loss: 0.3032
00:40:44 - process[5]: training epoch 9 ...
00:41:11 - process[5] - epoch 9 - train iter 476 - 21111.5 words/s - loss: 0.2783
00:41:11 - process[5]: training epoch 10 ...
00:41:38 - process[5] - epoch 10 - train iter 476 - 21015.1 words/s - loss: 0.2773
00:41:38 - process[5]: evaluating epoch 10 on dev ...
00:42:18 - process[5] - dev - epoch 10 - mAP: 0.604 w/ 32 queries
00:42:18 - process[5]: evaluating epoch 10 on test ...
00:42:41 - test set during evaluation: 11550/11545
00:42:41 - process[5] - test - epoch 10 - mAP: 0.582 w/ 31 queries
00:42:41 - process[5]: training epoch 11 ...
00:43:09 - process[5] - epoch 11 - train iter 476 - 20642.1 words/s - loss: 0.2974
00:43:09 - process[5]: evaluating epoch 11 on dev ...
00:43:33 - process[5] - dev - epoch 11 - mAP: 0.623 w/ 32 queries
00:43:33 - process[5]: evaluating epoch 11 on test ...
00:43:56 - test set during evaluation: 11550/11545
00:43:56 - process[5] - test - epoch 11 - mAP: 0.583 w/ 31 queries
00:43:56 - process[5]: training epoch 12 ...
00:44:23 - process[5] - epoch 12 - train iter 476 - 21013.9 words/s - loss: 0.2678
00:44:23 - process[5]: evaluating epoch 12 on dev ...
00:44:48 - process[5] - dev - epoch 12 - mAP: 0.616 w/ 32 queries
00:44:48 - process[5]: training epoch 13 ...
00:45:16 - process[5] - epoch 13 - train iter 476 - 20619.9 words/s - loss: 0.2520
00:45:16 - process[5]: evaluating epoch 13 on dev ...
00:45:41 - process[5] - dev - epoch 13 - mAP: 0.615 w/ 32 queries
00:45:41 - process[5]: training epoch 14 ...
00:46:08 - process[5] - epoch 14 - train iter 476 - 20927.3 words/s - loss: 0.2547
00:46:08 - process[5]: evaluating epoch 14 on dev ...
00:46:34 - process[5] - dev - epoch 14 - mAP: 0.614 w/ 32 queries
00:46:34 - process[5]: training epoch 15 ...
00:47:01 - process[5] - epoch 15 - train iter 476 - 20841.0 words/s - loss: 0.2513
00:47:01 - process[5]: evaluating epoch 15 on dev ...
00:47:26 - process[5] - dev - epoch 15 - mAP: 0.613 w/ 32 queries
00:47:26 - process[5]: training epoch 16 ...
00:47:53 - process[5] - epoch 16 - train iter 476 - 21101.2 words/s - loss: 0.2626
00:47:53 - process[5]: evaluating epoch 16 on dev ...
00:48:19 - process[5] - dev - epoch 16 - mAP: 0.626 w/ 32 queries
00:48:19 - process[5]: evaluating epoch 16 on test ...
00:48:42 - test set during evaluation: 11550/11545
00:48:42 - process[5] - test - epoch 16 - mAP: 0.590 w/ 31 queries
00:48:42 - process[5]: training epoch 17 ...
00:49:09 - process[5] - epoch 17 - train iter 476 - 20474.5 words/s - loss: 0.2338
00:49:09 - process[5]: evaluating epoch 17 on dev ...
00:49:34 - process[5] - dev - epoch 17 - mAP: 0.620 w/ 32 queries
00:49:34 - process[5]: training epoch 18 ...
00:50:01 - process[5] - epoch 18 - train iter 476 - 20723.8 words/s - loss: 0.2578
00:50:01 - process[5]: evaluating epoch 18 on dev ...
00:50:25 - process[5] - dev - epoch 18 - mAP: 0.619 w/ 32 queries
00:50:25 - process[5]: training epoch 19 ...
00:50:52 - process[5] - epoch 19 - train iter 476 - 20765.3 words/s - loss: 0.2554
00:50:52 - process[5]: evaluating epoch 19 on dev ...
00:51:17 - process[5] - dev - epoch 19 - mAP: 0.628 w/ 32 queries
00:51:17 - process[5]: evaluating epoch 19 on test ...
00:51:40 - test set during evaluation: 11550/11545
00:51:40 - process[5] - test - epoch 19 - mAP: 0.578 w/ 31 queries
00:51:40 - [fold 3] best test MAP: 0.578 @ epoch 19
00:51:40 - Evaluating every 1 epochs ...
00:51:40 - reading data from /mnt/home/puxuan/CLIR-project/Evaluation_data/process-clef/uncased
00:51:41 - test has 31 queries ...
00:51:41 - Data reading done ...
00:51:43 - adding 9-th encoder to optimizer...
00:51:43 - adding 10-th encoder to optimizer...
00:51:43 - adding 11-th encoder to optimizer...
00:51:44 - process[5]: training epoch 0 ...
00:52:08 - process[5] - epoch 0 - train iter 432 - 20970.5 words/s - loss: 0.5034
00:52:08 - process[5]: training epoch 1 ...
00:52:33 - process[5] - epoch 1 - train iter 432 - 20736.7 words/s - loss: 0.4550
00:52:33 - process[5]: training epoch 2 ...
00:52:57 - process[5] - epoch 2 - train iter 432 - 20724.0 words/s - loss: 0.4023
00:52:57 - process[5]: training epoch 3 ...
00:53:21 - process[5] - epoch 3 - train iter 432 - 20468.9 words/s - loss: 0.3826
00:53:22 - process[5]: training epoch 4 ...
00:53:46 - process[5] - epoch 4 - train iter 432 - 20728.7 words/s - loss: 0.3612
00:53:46 - process[5]: training epoch 5 ...
00:54:11 - process[5] - epoch 5 - train iter 432 - 20711.2 words/s - loss: 0.3603
00:54:11 - process[5]: training epoch 6 ...
00:54:35 - process[5] - epoch 6 - train iter 432 - 20607.3 words/s - loss: 0.3277
00:54:35 - process[5]: training epoch 7 ...
00:55:00 - process[5] - epoch 7 - train iter 432 - 20849.4 words/s - loss: 0.3163
00:55:00 - process[5]: training epoch 8 ...
00:55:24 - process[5] - epoch 8 - train iter 432 - 20134.9 words/s - loss: 0.3015
00:55:24 - process[5]: training epoch 9 ...
00:55:49 - process[5] - epoch 9 - train iter 432 - 20683.3 words/s - loss: 0.2844
00:55:49 - process[5]: training epoch 10 ...
00:56:14 - process[5] - epoch 10 - train iter 432 - 20092.8 words/s - loss: 0.2593
00:56:14 - process[5]: evaluating epoch 10 on dev ...
00:56:44 - dev set during evaluation: 11550/11545
00:56:44 - process[5] - dev - epoch 10 - mAP: 0.594 w/ 31 queries
00:56:44 - process[5]: evaluating epoch 10 on test ...
00:57:07 - test set during evaluation: 11320/11315
00:57:07 - process[5] - test - epoch 10 - mAP: 0.602 w/ 31 queries
00:57:07 - process[5]: training epoch 11 ...
00:57:32 - process[5] - epoch 11 - train iter 432 - 20656.8 words/s - loss: 0.2958
00:57:32 - process[5]: evaluating epoch 11 on dev ...
00:57:56 - dev set during evaluation: 11550/11545
00:57:56 - process[5] - dev - epoch 11 - mAP: 0.602 w/ 31 queries
00:57:56 - process[5]: evaluating epoch 11 on test ...
00:58:18 - test set during evaluation: 11320/11315
00:58:18 - process[5] - test - epoch 11 - mAP: 0.598 w/ 31 queries
00:58:18 - process[5]: training epoch 12 ...
00:58:43 - process[5] - epoch 12 - train iter 432 - 21121.2 words/s - loss: 0.2704
00:58:43 - process[5]: evaluating epoch 12 on dev ...
00:59:06 - dev set during evaluation: 11550/11545
00:59:06 - process[5] - dev - epoch 12 - mAP: 0.606 w/ 31 queries
00:59:06 - process[5]: evaluating epoch 12 on test ...
00:59:29 - test set during evaluation: 11320/11315
00:59:29 - process[5] - test - epoch 12 - mAP: 0.595 w/ 31 queries
00:59:29 - process[5]: training epoch 13 ...
00:59:54 - process[5] - epoch 13 - train iter 432 - 21042.1 words/s - loss: 0.2870
00:59:54 - process[5]: evaluating epoch 13 on dev ...
01:00:17 - dev set during evaluation: 11550/11545
01:00:17 - process[5] - dev - epoch 13 - mAP: 0.605 w/ 31 queries
01:00:17 - process[5]: training epoch 14 ...
01:00:42 - process[5] - epoch 14 - train iter 432 - 20745.8 words/s - loss: 0.2780
01:00:42 - process[5]: evaluating epoch 14 on dev ...
01:01:06 - dev set during evaluation: 11550/11545
01:01:06 - process[5] - dev - epoch 14 - mAP: 0.596 w/ 31 queries
01:01:06 - process[5]: training epoch 15 ...
01:01:30 - process[5] - epoch 15 - train iter 432 - 21112.0 words/s - loss: 0.2689
01:01:30 - process[5]: evaluating epoch 15 on dev ...
01:01:54 - dev set during evaluation: 11550/11545
01:01:54 - process[5] - dev - epoch 15 - mAP: 0.591 w/ 31 queries
01:01:54 - process[5]: training epoch 16 ...
01:02:19 - process[5] - epoch 16 - train iter 432 - 20691.8 words/s - loss: 0.2504
01:02:19 - process[5]: evaluating epoch 16 on dev ...
01:02:42 - dev set during evaluation: 11550/11545
01:02:42 - process[5] - dev - epoch 16 - mAP: 0.598 w/ 31 queries
01:02:42 - process[5]: training epoch 17 ...
01:03:06 - process[5] - epoch 17 - train iter 432 - 20777.2 words/s - loss: 0.2709
01:03:06 - process[5]: evaluating epoch 17 on dev ...
01:03:30 - dev set during evaluation: 11550/11545
01:03:30 - process[5] - dev - epoch 17 - mAP: 0.597 w/ 31 queries
01:03:30 - process[5]: training epoch 18 ...
01:03:54 - process[5] - epoch 18 - train iter 432 - 21173.9 words/s - loss: 0.2557
01:03:54 - process[5]: evaluating epoch 18 on dev ...
01:04:18 - dev set during evaluation: 11550/11545
01:04:18 - process[5] - dev - epoch 18 - mAP: 0.595 w/ 31 queries
01:04:18 - process[5]: training epoch 19 ...
01:04:42 - process[5] - epoch 19 - train iter 432 - 20814.5 words/s - loss: 0.2368
01:04:42 - process[5]: evaluating epoch 19 on dev ...
01:05:05 - dev set during evaluation: 11550/11545
01:05:05 - process[5] - dev - epoch 19 - mAP: 0.608 w/ 31 queries
01:05:05 - process[5]: evaluating epoch 19 on test ...
01:05:28 - test set during evaluation: 11320/11315
01:05:28 - process[5] - test - epoch 19 - mAP: 0.600 w/ 31 queries
01:05:28 - [fold 4] best test MAP: 0.600 @ epoch 19
01:05:28 - Evaluating every 1 epochs ...
01:05:28 - reading data from /mnt/home/puxuan/CLIR-project/Evaluation_data/process-clef/uncased
01:05:29 - test has 31 queries ...
01:05:29 - Data reading done ...
01:05:31 - adding 9-th encoder to optimizer...
01:05:31 - adding 10-th encoder to optimizer...
01:05:31 - adding 11-th encoder to optimizer...
01:05:31 - process[5]: training epoch 0 ...
01:05:57 - process[5] - epoch 0 - train iter 437 - 20972.7 words/s - loss: 0.5216
01:05:57 - process[5]: training epoch 1 ...
01:06:22 - process[5] - epoch 1 - train iter 437 - 20564.9 words/s - loss: 0.4294
01:06:22 - process[5]: training epoch 2 ...
01:06:47 - process[5] - epoch 2 - train iter 437 - 21030.9 words/s - loss: 0.3758
01:06:47 - process[5]: training epoch 3 ...
01:07:12 - process[5] - epoch 3 - train iter 437 - 20941.8 words/s - loss: 0.3599
01:07:12 - process[5]: training epoch 4 ...
01:07:38 - process[5] - epoch 4 - train iter 437 - 21062.8 words/s - loss: 0.3469
01:07:38 - process[5]: training epoch 5 ...
01:08:03 - process[5] - epoch 5 - train iter 437 - 20952.6 words/s - loss: 0.3460
01:08:03 - process[5]: training epoch 6 ...
01:08:28 - process[5] - epoch 6 - train iter 437 - 20760.4 words/s - loss: 0.2929
01:08:28 - process[5]: training epoch 7 ...
01:08:53 - process[5] - epoch 7 - train iter 437 - 20884.1 words/s - loss: 0.3347
01:08:53 - process[5]: training epoch 8 ...
01:09:18 - process[5] - epoch 8 - train iter 437 - 20838.2 words/s - loss: 0.3063
01:09:18 - process[5]: training epoch 9 ...
01:09:43 - process[5] - epoch 9 - train iter 437 - 20635.7 words/s - loss: 0.2793
01:09:43 - process[5]: training epoch 10 ...
01:10:08 - process[5] - epoch 10 - train iter 437 - 20927.4 words/s - loss: 0.2826
01:10:08 - process[5]: evaluating epoch 10 on dev ...
01:10:40 - dev set during evaluation: 11320/11315
01:10:40 - process[5] - dev - epoch 10 - mAP: 0.587 w/ 31 queries
01:10:40 - process[5]: evaluating epoch 10 on test ...
01:11:02 - process[5] - test - epoch 10 - mAP: 0.526 w/ 31 queries
01:11:02 - process[5]: training epoch 11 ...
01:11:27 - process[5] - epoch 11 - train iter 437 - 20804.5 words/s - loss: 0.2880
01:11:27 - process[5]: evaluating epoch 11 on dev ...
01:11:50 - dev set during evaluation: 11320/11315
01:11:50 - process[5] - dev - epoch 11 - mAP: 0.586 w/ 31 queries
01:11:50 - process[5]: training epoch 12 ...
01:12:15 - process[5] - epoch 12 - train iter 437 - 21258.9 words/s - loss: 0.3195
01:12:15 - process[5]: evaluating epoch 12 on dev ...
01:12:38 - dev set during evaluation: 11320/11315
01:12:38 - process[5] - dev - epoch 12 - mAP: 0.593 w/ 31 queries
01:12:38 - process[5]: evaluating epoch 12 on test ...
01:13:00 - process[5] - test - epoch 12 - mAP: 0.545 w/ 31 queries
01:13:00 - process[5]: training epoch 13 ...
01:13:25 - process[5] - epoch 13 - train iter 437 - 20908.8 words/s - loss: 0.2535
01:13:25 - process[5]: evaluating epoch 13 on dev ...
01:13:48 - dev set during evaluation: 11320/11315
01:13:48 - process[5] - dev - epoch 13 - mAP: 0.606 w/ 31 queries
01:13:48 - process[5]: evaluating epoch 13 on test ...
01:14:10 - process[5] - test - epoch 13 - mAP: 0.551 w/ 31 queries
01:14:10 - process[5]: training epoch 14 ...
01:14:35 - process[5] - epoch 14 - train iter 437 - 21331.1 words/s - loss: 0.2506
01:14:35 - process[5]: evaluating epoch 14 on dev ...
01:14:57 - dev set during evaluation: 11320/11315
01:14:57 - process[5] - dev - epoch 14 - mAP: 0.583 w/ 31 queries
01:14:57 - process[5]: training epoch 15 ...
01:15:22 - process[5] - epoch 15 - train iter 437 - 20770.5 words/s - loss: 0.2479
01:15:22 - process[5]: evaluating epoch 15 on dev ...
01:15:45 - dev set during evaluation: 11320/11315
01:15:45 - process[5] - dev - epoch 15 - mAP: 0.594 w/ 31 queries
01:15:45 - process[5]: training epoch 16 ...
01:16:10 - process[5] - epoch 16 - train iter 437 - 20968.0 words/s - loss: 0.2733
01:16:10 - process[5]: evaluating epoch 16 on dev ...
01:16:33 - dev set during evaluation: 11320/11315
01:16:33 - process[5] - dev - epoch 16 - mAP: 0.604 w/ 31 queries
01:16:33 - process[5]: training epoch 17 ...
01:16:58 - process[5] - epoch 17 - train iter 437 - 20506.1 words/s - loss: 0.2508
01:16:58 - process[5]: evaluating epoch 17 on dev ...
01:17:21 - dev set during evaluation: 11320/11315
01:17:21 - process[5] - dev - epoch 17 - mAP: 0.596 w/ 31 queries
01:17:21 - process[5]: training epoch 18 ...
01:17:46 - process[5] - epoch 18 - train iter 437 - 20719.6 words/s - loss: 0.2290
01:17:46 - process[5]: evaluating epoch 18 on dev ...
01:18:09 - dev set during evaluation: 11320/11315
01:18:09 - process[5] - dev - epoch 18 - mAP: 0.596 w/ 31 queries
01:18:09 - process[5]: training epoch 19 ...
01:18:34 - process[5] - epoch 19 - train iter 437 - 20479.9 words/s - loss: 0.2573
01:18:34 - process[5]: evaluating epoch 19 on dev ...
01:18:57 - dev set during evaluation: 11320/11315
01:18:57 - process[5] - dev - epoch 19 - mAP: 0.590 w/ 31 queries
01:18:57 - [fold 5] best test MAP: 0.551 @ epoch 13
01:18:57 - [0.5761599865323304, 0.5992204832916199, 0.5779705999597088, 0.6000069325584944, 0.550536131705655]
01:18:57 - [31, 32, 31, 31, 31]
01:18:57 - final MAP: 0.581
