00:00:07 - Namespace(apex_level='O2', batch_size=8, cased=False, dataset='clef', debug=False, encoder_lr=2e-05, eval_step=1, full_doc_length=True, local_rank=1, model_path='/mnt/scratch/puxuan/long_qlm-rr/2148591/huggingface-0', model_type='mbert-long', num_epochs=20, num_ft_encoders=3, num_neg=1, projector_lr=2e-05, seed=611, source_lang='de', target_lang='es')
00:12:58 - BertLongForXLRetrieval(
  (bert): BertModel(
    (embeddings): BertEmbeddings(
      (word_embeddings): Embedding(105879, 768, padding_idx=0)
      (position_embeddings): Embedding(1024, 768)
      (token_type_embeddings): Embedding(2, 768)
      (LayerNorm): LayerNorm((768,), eps=1e-12, elementwise_affine=True)
      (dropout): Dropout(p=0.1, inplace=False)
    )
    (encoder): BertEncoder(
      (layer): ModuleList(
        (0): BertLayer(
          (attention): BertAttention(
            (self): LongformerSelfAttention(
              (query): Linear(in_features=768, out_features=768, bias=True)
              (key): Linear(in_features=768, out_features=768, bias=True)
              (value): Linear(in_features=768, out_features=768, bias=True)
              (query_global): Linear(in_features=768, out_features=768, bias=True)
              (key_global): Linear(in_features=768, out_features=768, bias=True)
              (value_global): Linear(in_features=768, out_features=768, bias=True)
            )
            (output): BertSelfOutput(
              (dense): Linear(in_features=768, out_features=768, bias=True)
              (LayerNorm): LayerNorm((768,), eps=1e-12, elementwise_affine=True)
              (dropout): Dropout(p=0.1, inplace=False)
            )
          )
          (intermediate): BertIntermediate(
            (dense): Linear(in_features=768, out_features=3072, bias=True)
          )
          (output): BertOutput(
            (dense): Linear(in_features=3072, out_features=768, bias=True)
            (LayerNorm): LayerNorm((768,), eps=1e-12, elementwise_affine=True)
            (dropout): Dropout(p=0.1, inplace=False)
          )
        )
        (1): BertLayer(
          (attention): BertAttention(
            (self): LongformerSelfAttention(
              (query): Linear(in_features=768, out_features=768, bias=True)
              (key): Linear(in_features=768, out_features=768, bias=True)
              (value): Linear(in_features=768, out_features=768, bias=True)
              (query_global): Linear(in_features=768, out_features=768, bias=True)
              (key_global): Linear(in_features=768, out_features=768, bias=True)
              (value_global): Linear(in_features=768, out_features=768, bias=True)
            )
            (output): BertSelfOutput(
              (dense): Linear(in_features=768, out_features=768, bias=True)
              (LayerNorm): LayerNorm((768,), eps=1e-12, elementwise_affine=True)
              (dropout): Dropout(p=0.1, inplace=False)
            )
          )
          (intermediate): BertIntermediate(
            (dense): Linear(in_features=768, out_features=3072, bias=True)
          )
          (output): BertOutput(
            (dense): Linear(in_features=3072, out_features=768, bias=True)
            (LayerNorm): LayerNorm((768,), eps=1e-12, elementwise_affine=True)
            (dropout): Dropout(p=0.1, inplace=False)
          )
        )
        (2): BertLayer(
          (attention): BertAttention(
            (self): LongformerSelfAttention(
              (query): Linear(in_features=768, out_features=768, bias=True)
              (key): Linear(in_features=768, out_features=768, bias=True)
              (value): Linear(in_features=768, out_features=768, bias=True)
              (query_global): Linear(in_features=768, out_features=768, bias=True)
              (key_global): Linear(in_features=768, out_features=768, bias=True)
              (value_global): Linear(in_features=768, out_features=768, bias=True)
            )
            (output): BertSelfOutput(
              (dense): Linear(in_features=768, out_features=768, bias=True)
              (LayerNorm): LayerNorm((768,), eps=1e-12, elementwise_affine=True)
              (dropout): Dropout(p=0.1, inplace=False)
            )
          )
          (intermediate): BertIntermediate(
            (dense): Linear(in_features=768, out_features=3072, bias=True)
          )
          (output): BertOutput(
            (dense): Linear(in_features=3072, out_features=768, bias=True)
            (LayerNorm): LayerNorm((768,), eps=1e-12, elementwise_affine=True)
            (dropout): Dropout(p=0.1, inplace=False)
          )
        )
        (3): BertLayer(
          (attention): BertAttention(
            (self): LongformerSelfAttention(
              (query): Linear(in_features=768, out_features=768, bias=True)
              (key): Linear(in_features=768, out_features=768, bias=True)
              (value): Linear(in_features=768, out_features=768, bias=True)
              (query_global): Linear(in_features=768, out_features=768, bias=True)
              (key_global): Linear(in_features=768, out_features=768, bias=True)
              (value_global): Linear(in_features=768, out_features=768, bias=True)
            )
            (output): BertSelfOutput(
              (dense): Linear(in_features=768, out_features=768, bias=True)
              (LayerNorm): LayerNorm((768,), eps=1e-12, elementwise_affine=True)
              (dropout): Dropout(p=0.1, inplace=False)
            )
          )
          (intermediate): BertIntermediate(
            (dense): Linear(in_features=768, out_features=3072, bias=True)
          )
          (output): BertOutput(
            (dense): Linear(in_features=3072, out_features=768, bias=True)
            (LayerNorm): LayerNorm((768,), eps=1e-12, elementwise_affine=True)
            (dropout): Dropout(p=0.1, inplace=False)
          )
        )
        (4): BertLayer(
          (attention): BertAttention(
            (self): LongformerSelfAttention(
              (query): Linear(in_features=768, out_features=768, bias=True)
              (key): Linear(in_features=768, out_features=768, bias=True)
              (value): Linear(in_features=768, out_features=768, bias=True)
              (query_global): Linear(in_features=768, out_features=768, bias=True)
              (key_global): Linear(in_features=768, out_features=768, bias=True)
              (value_global): Linear(in_features=768, out_features=768, bias=True)
            )
            (output): BertSelfOutput(
              (dense): Linear(in_features=768, out_features=768, bias=True)
              (LayerNorm): LayerNorm((768,), eps=1e-12, elementwise_affine=True)
              (dropout): Dropout(p=0.1, inplace=False)
            )
          )
          (intermediate): BertIntermediate(
            (dense): Linear(in_features=768, out_features=3072, bias=True)
          )
          (output): BertOutput(
            (dense): Linear(in_features=3072, out_features=768, bias=True)
            (LayerNorm): LayerNorm((768,), eps=1e-12, elementwise_affine=True)
            (dropout): Dropout(p=0.1, inplace=False)
          )
        )
        (5): BertLayer(
          (attention): BertAttention(
            (self): LongformerSelfAttention(
              (query): Linear(in_features=768, out_features=768, bias=True)
              (key): Linear(in_features=768, out_features=768, bias=True)
              (value): Linear(in_features=768, out_features=768, bias=True)
              (query_global): Linear(in_features=768, out_features=768, bias=True)
              (key_global): Linear(in_features=768, out_features=768, bias=True)
              (value_global): Linear(in_features=768, out_features=768, bias=True)
            )
            (output): BertSelfOutput(
              (dense): Linear(in_features=768, out_features=768, bias=True)
              (LayerNorm): LayerNorm((768,), eps=1e-12, elementwise_affine=True)
              (dropout): Dropout(p=0.1, inplace=False)
            )
          )
          (intermediate): BertIntermediate(
            (dense): Linear(in_features=768, out_features=3072, bias=True)
          )
          (output): BertOutput(
            (dense): Linear(in_features=3072, out_features=768, bias=True)
            (LayerNorm): LayerNorm((768,), eps=1e-12, elementwise_affine=True)
            (dropout): Dropout(p=0.1, inplace=False)
          )
        )
        (6): BertLayer(
          (attention): BertAttention(
            (self): LongformerSelfAttention(
              (query): Linear(in_features=768, out_features=768, bias=True)
              (key): Linear(in_features=768, out_features=768, bias=True)
              (value): Linear(in_features=768, out_features=768, bias=True)
              (query_global): Linear(in_features=768, out_features=768, bias=True)
              (key_global): Linear(in_features=768, out_features=768, bias=True)
              (value_global): Linear(in_features=768, out_features=768, bias=True)
            )
            (output): BertSelfOutput(
              (dense): Linear(in_features=768, out_features=768, bias=True)
              (LayerNorm): LayerNorm((768,), eps=1e-12, elementwise_affine=True)
              (dropout): Dropout(p=0.1, inplace=False)
            )
          )
          (intermediate): BertIntermediate(
            (dense): Linear(in_features=768, out_features=3072, bias=True)
          )
          (output): BertOutput(
            (dense): Linear(in_features=3072, out_features=768, bias=True)
            (LayerNorm): LayerNorm((768,), eps=1e-12, elementwise_affine=True)
            (dropout): Dropout(p=0.1, inplace=False)
          )
        )
        (7): BertLayer(
          (attention): BertAttention(
            (self): LongformerSelfAttention(
              (query): Linear(in_features=768, out_features=768, bias=True)
              (key): Linear(in_features=768, out_features=768, bias=True)
              (value): Linear(in_features=768, out_features=768, bias=True)
              (query_global): Linear(in_features=768, out_features=768, bias=True)
              (key_global): Linear(in_features=768, out_features=768, bias=True)
              (value_global): Linear(in_features=768, out_features=768, bias=True)
            )
            (output): BertSelfOutput(
              (dense): Linear(in_features=768, out_features=768, bias=True)
              (LayerNorm): LayerNorm((768,), eps=1e-12, elementwise_affine=True)
              (dropout): Dropout(p=0.1, inplace=False)
            )
          )
          (intermediate): BertIntermediate(
            (dense): Linear(in_features=768, out_features=3072, bias=True)
          )
          (output): BertOutput(
            (dense): Linear(in_features=3072, out_features=768, bias=True)
            (LayerNorm): LayerNorm((768,), eps=1e-12, elementwise_affine=True)
            (dropout): Dropout(p=0.1, inplace=False)
          )
        )
        (8): BertLayer(
          (attention): BertAttention(
            (self): LongformerSelfAttention(
              (query): Linear(in_features=768, out_features=768, bias=True)
              (key): Linear(in_features=768, out_features=768, bias=True)
              (value): Linear(in_features=768, out_features=768, bias=True)
              (query_global): Linear(in_features=768, out_features=768, bias=True)
              (key_global): Linear(in_features=768, out_features=768, bias=True)
              (value_global): Linear(in_features=768, out_features=768, bias=True)
            )
            (output): BertSelfOutput(
              (dense): Linear(in_features=768, out_features=768, bias=True)
              (LayerNorm): LayerNorm((768,), eps=1e-12, elementwise_affine=True)
              (dropout): Dropout(p=0.1, inplace=False)
            )
          )
          (intermediate): BertIntermediate(
            (dense): Linear(in_features=768, out_features=3072, bias=True)
          )
          (output): BertOutput(
            (dense): Linear(in_features=3072, out_features=768, bias=True)
            (LayerNorm): LayerNorm((768,), eps=1e-12, elementwise_affine=True)
            (dropout): Dropout(p=0.1, inplace=False)
          )
        )
        (9): BertLayer(
          (attention): BertAttention(
            (self): LongformerSelfAttention(
              (query): Linear(in_features=768, out_features=768, bias=True)
              (key): Linear(in_features=768, out_features=768, bias=True)
              (value): Linear(in_features=768, out_features=768, bias=True)
              (query_global): Linear(in_features=768, out_features=768, bias=True)
              (key_global): Linear(in_features=768, out_features=768, bias=True)
              (value_global): Linear(in_features=768, out_features=768, bias=True)
            )
            (output): BertSelfOutput(
              (dense): Linear(in_features=768, out_features=768, bias=True)
              (LayerNorm): LayerNorm((768,), eps=1e-12, elementwise_affine=True)
              (dropout): Dropout(p=0.1, inplace=False)
            )
          )
          (intermediate): BertIntermediate(
            (dense): Linear(in_features=768, out_features=3072, bias=True)
          )
          (output): BertOutput(
            (dense): Linear(in_features=3072, out_features=768, bias=True)
            (LayerNorm): LayerNorm((768,), eps=1e-12, elementwise_affine=True)
            (dropout): Dropout(p=0.1, inplace=False)
          )
        )
        (10): BertLayer(
          (attention): BertAttention(
            (self): LongformerSelfAttention(
              (query): Linear(in_features=768, out_features=768, bias=True)
              (key): Linear(in_features=768, out_features=768, bias=True)
              (value): Linear(in_features=768, out_features=768, bias=True)
              (query_global): Linear(in_features=768, out_features=768, bias=True)
              (key_global): Linear(in_features=768, out_features=768, bias=True)
              (value_global): Linear(in_features=768, out_features=768, bias=True)
            )
            (output): BertSelfOutput(
              (dense): Linear(in_features=768, out_features=768, bias=True)
              (LayerNorm): LayerNorm((768,), eps=1e-12, elementwise_affine=True)
              (dropout): Dropout(p=0.1, inplace=False)
            )
          )
          (intermediate): BertIntermediate(
            (dense): Linear(in_features=768, out_features=3072, bias=True)
          )
          (output): BertOutput(
            (dense): Linear(in_features=3072, out_features=768, bias=True)
            (LayerNorm): LayerNorm((768,), eps=1e-12, elementwise_affine=True)
            (dropout): Dropout(p=0.1, inplace=False)
          )
        )
        (11): BertLayer(
          (attention): BertAttention(
            (self): LongformerSelfAttention(
              (query): Linear(in_features=768, out_features=768, bias=True)
              (key): Linear(in_features=768, out_features=768, bias=True)
              (value): Linear(in_features=768, out_features=768, bias=True)
              (query_global): Linear(in_features=768, out_features=768, bias=True)
              (key_global): Linear(in_features=768, out_features=768, bias=True)
              (value_global): Linear(in_features=768, out_features=768, bias=True)
            )
            (output): BertSelfOutput(
              (dense): Linear(in_features=768, out_features=768, bias=True)
              (LayerNorm): LayerNorm((768,), eps=1e-12, elementwise_affine=True)
              (dropout): Dropout(p=0.1, inplace=False)
            )
          )
          (intermediate): BertIntermediate(
            (dense): Linear(in_features=768, out_features=3072, bias=True)
          )
          (output): BertOutput(
            (dense): Linear(in_features=3072, out_features=768, bias=True)
            (LayerNorm): LayerNorm((768,), eps=1e-12, elementwise_affine=True)
            (dropout): Dropout(p=0.1, inplace=False)
          )
        )
      )
    )
    (pooler): BertPooler(
      (dense): Linear(in_features=768, out_features=768, bias=True)
      (activation): Tanh()
    )
  )
  (mlm_cls): BertOnlyMLMHead(
    (predictions): BertLMPredictionHead(
      (transform): BertPredictionHeadTransform(
        (dense): Linear(in_features=768, out_features=768, bias=True)
        (LayerNorm): LayerNorm((768,), eps=1e-12, elementwise_affine=True)
      )
      (decoder): Linear(in_features=768, out_features=105879, bias=True)
    )
  )
  (seqcls_dropout): Dropout(p=0.1, inplace=False)
  (seqcls_classifier): Linear(in_features=768, out_features=2, bias=True)
)
00:12:58 - Evaluating every 1 epochs ...
00:12:58 - reading data from /mnt/home/puxuan/CLIR-project/Evaluation_data/process-clef/uncased
00:13:00 - test has 31 queries ...
00:13:00 - Data reading done ...
00:13:06 - adding 9-th encoder to optimizer...
00:13:06 - adding 10-th encoder to optimizer...
00:13:06 - adding 11-th encoder to optimizer...
00:13:07 - process[1]: training epoch 0 ...
00:13:38 - process[1] - epoch 0 - train iter 540 - 20455.5 words/s - loss: 0.4840
00:13:38 - process[1]: training epoch 1 ...
00:14:08 - process[1] - epoch 1 - train iter 540 - 21002.6 words/s - loss: 0.4252
00:14:08 - process[1]: training epoch 2 ...
00:14:39 - process[1] - epoch 2 - train iter 540 - 20724.7 words/s - loss: 0.4014
00:14:39 - process[1]: training epoch 3 ...
00:15:10 - process[1] - epoch 3 - train iter 540 - 20993.0 words/s - loss: 0.3950
00:15:10 - process[1]: training epoch 4 ...
00:15:40 - process[1] - epoch 4 - train iter 540 - 21009.1 words/s - loss: 0.3592
00:15:40 - process[1]: training epoch 5 ...
00:16:11 - process[1] - epoch 5 - train iter 540 - 21181.1 words/s - loss: 0.3588
00:16:11 - process[1]: training epoch 6 ...
00:16:42 - process[1] - epoch 6 - train iter 540 - 20984.1 words/s - loss: 0.3481
00:16:42 - process[1]: training epoch 7 ...
00:17:12 - process[1] - epoch 7 - train iter 540 - 20839.5 words/s - loss: 0.3074
00:17:12 - process[1]: training epoch 8 ...
00:17:43 - process[1] - epoch 8 - train iter 540 - 20674.9 words/s - loss: 0.3172
00:17:43 - process[1]: training epoch 9 ...
00:18:14 - process[1] - epoch 9 - train iter 540 - 20874.8 words/s - loss: 0.2827
00:18:14 - process[1]: training epoch 10 ...
00:18:44 - process[1] - epoch 10 - train iter 540 - 20589.8 words/s - loss: 0.2377
00:18:44 - process[1]: evaluating epoch 10 on dev ...
00:19:11 - process[1] - dev - epoch 10 - mAP: 0.519 w/ 31 queries
00:19:11 - process[1]: evaluating epoch 10 on test ...
00:19:33 - test set during evaluation: 11460/11458
00:19:33 - process[1] - test - epoch 10 - mAP: 0.580 w/ 31 queries
00:19:33 - process[1]: training epoch 11 ...
00:20:04 - process[1] - epoch 11 - train iter 540 - 21276.0 words/s - loss: 0.2941
00:20:04 - process[1]: evaluating epoch 11 on dev ...
00:20:25 - process[1] - dev - epoch 11 - mAP: 0.515 w/ 31 queries
00:20:25 - process[1]: training epoch 12 ...
00:20:56 - process[1] - epoch 12 - train iter 540 - 20990.5 words/s - loss: 0.2516
00:20:56 - process[1]: evaluating epoch 12 on dev ...
00:21:18 - process[1] - dev - epoch 12 - mAP: 0.519 w/ 31 queries
00:21:18 - process[1]: training epoch 13 ...
00:21:49 - process[1] - epoch 13 - train iter 540 - 20704.3 words/s - loss: 0.2655
00:21:49 - process[1]: evaluating epoch 13 on dev ...
00:22:12 - process[1] - dev - epoch 13 - mAP: 0.517 w/ 31 queries
00:22:12 - process[1]: training epoch 14 ...
00:22:43 - process[1] - epoch 14 - train iter 540 - 20767.5 words/s - loss: 0.2626
00:22:43 - process[1]: evaluating epoch 14 on dev ...
00:23:05 - process[1] - dev - epoch 14 - mAP: 0.518 w/ 31 queries
00:23:05 - process[1]: training epoch 15 ...
00:23:36 - process[1] - epoch 15 - train iter 540 - 20873.0 words/s - loss: 0.2454
00:23:36 - process[1]: evaluating epoch 15 on dev ...
00:23:58 - process[1] - dev - epoch 15 - mAP: 0.493 w/ 31 queries
00:23:58 - process[1]: training epoch 16 ...
00:24:28 - process[1] - epoch 16 - train iter 540 - 20670.6 words/s - loss: 0.2471
00:24:28 - process[1]: evaluating epoch 16 on dev ...
00:24:50 - process[1] - dev - epoch 16 - mAP: 0.502 w/ 31 queries
00:24:50 - process[1]: training epoch 17 ...
00:25:21 - process[1] - epoch 17 - train iter 540 - 20931.3 words/s - loss: 0.2589
00:25:21 - process[1]: evaluating epoch 17 on dev ...
00:25:44 - process[1] - dev - epoch 17 - mAP: 0.534 w/ 31 queries
00:25:44 - process[1]: evaluating epoch 17 on test ...
00:26:06 - test set during evaluation: 11460/11458
00:26:06 - process[1] - test - epoch 17 - mAP: 0.570 w/ 31 queries
00:26:06 - process[1]: training epoch 18 ...
00:26:36 - process[1] - epoch 18 - train iter 540 - 20672.4 words/s - loss: 0.2520
00:26:36 - process[1]: evaluating epoch 18 on dev ...
00:26:59 - process[1] - dev - epoch 18 - mAP: 0.528 w/ 31 queries
00:26:59 - process[1]: training epoch 19 ...
00:27:29 - process[1] - epoch 19 - train iter 540 - 20325.5 words/s - loss: 0.2441
00:27:29 - process[1]: evaluating epoch 19 on dev ...
00:27:51 - process[1] - dev - epoch 19 - mAP: 0.530 w/ 31 queries
00:27:51 - [fold 1] best test MAP: 0.570 @ epoch 17
00:27:51 - Evaluating every 1 epochs ...
00:27:51 - reading data from /mnt/home/puxuan/CLIR-project/Evaluation_data/process-clef/uncased
00:27:52 - test has 32 queries ...
00:27:52 - Data reading done ...
00:27:54 - adding 9-th encoder to optimizer...
00:27:54 - adding 10-th encoder to optimizer...
00:27:54 - adding 11-th encoder to optimizer...
00:27:54 - process[1]: training epoch 0 ...
00:28:23 - process[1] - epoch 0 - train iter 492 - 20389.9 words/s - loss: 0.4549
00:28:23 - process[1]: training epoch 1 ...
00:28:51 - process[1] - epoch 1 - train iter 492 - 20514.1 words/s - loss: 0.3942
00:28:51 - process[1]: training epoch 2 ...
00:29:20 - process[1] - epoch 2 - train iter 492 - 20626.4 words/s - loss: 0.3584
00:29:20 - process[1]: training epoch 3 ...
00:29:48 - process[1] - epoch 3 - train iter 492 - 20893.9 words/s - loss: 0.3643
00:29:48 - process[1]: training epoch 4 ...
00:30:17 - process[1] - epoch 4 - train iter 492 - 20908.8 words/s - loss: 0.3603
00:30:17 - process[1]: training epoch 5 ...
00:30:45 - process[1] - epoch 5 - train iter 492 - 21068.8 words/s - loss: 0.3293
00:30:45 - process[1]: training epoch 6 ...
00:31:14 - process[1] - epoch 6 - train iter 492 - 20923.2 words/s - loss: 0.3278
00:31:14 - process[1]: training epoch 7 ...
00:31:42 - process[1] - epoch 7 - train iter 492 - 20620.8 words/s - loss: 0.3049
00:31:42 - process[1]: training epoch 8 ...
00:32:10 - process[1] - epoch 8 - train iter 492 - 21076.7 words/s - loss: 0.2654
00:32:10 - process[1]: training epoch 9 ...
00:32:39 - process[1] - epoch 9 - train iter 492 - 20797.3 words/s - loss: 0.3037
00:32:39 - process[1]: training epoch 10 ...
00:33:07 - process[1] - epoch 10 - train iter 492 - 21131.1 words/s - loss: 0.2489
00:33:07 - process[1]: evaluating epoch 10 on dev ...
00:33:36 - dev set during evaluation: 11460/11458
00:33:36 - process[1] - dev - epoch 10 - mAP: 0.571 w/ 31 queries
00:33:36 - process[1]: evaluating epoch 10 on test ...
00:34:00 - process[1] - test - epoch 10 - mAP: 0.606 w/ 32 queries
00:34:00 - process[1]: training epoch 11 ...
00:34:28 - process[1] - epoch 11 - train iter 492 - 21099.6 words/s - loss: 0.2730
00:34:28 - process[1]: evaluating epoch 11 on dev ...
00:34:51 - dev set during evaluation: 11460/11458
00:34:51 - process[1] - dev - epoch 11 - mAP: 0.565 w/ 31 queries
00:34:51 - process[1]: training epoch 12 ...
00:35:18 - process[1] - epoch 12 - train iter 492 - 20701.8 words/s - loss: 0.2636
00:35:18 - process[1]: evaluating epoch 12 on dev ...
00:35:42 - dev set during evaluation: 11460/11458
00:35:42 - process[1] - dev - epoch 12 - mAP: 0.560 w/ 31 queries
00:35:42 - process[1]: training epoch 13 ...
00:36:10 - process[1] - epoch 13 - train iter 492 - 20458.9 words/s - loss: 0.2993
00:36:10 - process[1]: evaluating epoch 13 on dev ...
00:36:33 - dev set during evaluation: 11460/11458
00:36:33 - process[1] - dev - epoch 13 - mAP: 0.562 w/ 31 queries
00:36:33 - process[1]: training epoch 14 ...
00:37:01 - process[1] - epoch 14 - train iter 492 - 21014.7 words/s - loss: 0.3176
00:37:01 - process[1]: evaluating epoch 14 on dev ...
00:37:23 - dev set during evaluation: 11460/11458
00:37:23 - process[1] - dev - epoch 14 - mAP: 0.548 w/ 31 queries
00:37:23 - process[1]: training epoch 15 ...
00:37:52 - process[1] - epoch 15 - train iter 492 - 20788.7 words/s - loss: 0.2382
00:37:52 - process[1]: evaluating epoch 15 on dev ...
00:38:14 - dev set during evaluation: 11460/11458
00:38:14 - process[1] - dev - epoch 15 - mAP: 0.570 w/ 31 queries
00:38:14 - process[1]: training epoch 16 ...
00:38:42 - process[1] - epoch 16 - train iter 492 - 21292.9 words/s - loss: 0.2623
00:38:42 - process[1]: evaluating epoch 16 on dev ...
00:39:05 - dev set during evaluation: 11460/11458
00:39:05 - process[1] - dev - epoch 16 - mAP: 0.552 w/ 31 queries
00:39:05 - process[1]: training epoch 17 ...
00:39:33 - process[1] - epoch 17 - train iter 492 - 20988.4 words/s - loss: 0.2571
00:39:33 - process[1]: evaluating epoch 17 on dev ...
00:39:57 - dev set during evaluation: 11460/11458
00:39:57 - process[1] - dev - epoch 17 - mAP: 0.555 w/ 31 queries
00:39:57 - process[1]: training epoch 18 ...
00:40:25 - process[1] - epoch 18 - train iter 492 - 20867.9 words/s - loss: 0.2278
00:40:25 - process[1]: evaluating epoch 18 on dev ...
00:40:49 - dev set during evaluation: 11460/11458
00:40:49 - process[1] - dev - epoch 18 - mAP: 0.562 w/ 31 queries
00:40:49 - process[1]: training epoch 19 ...
00:41:17 - process[1] - epoch 19 - train iter 492 - 21237.9 words/s - loss: 0.2365
00:41:17 - process[1]: evaluating epoch 19 on dev ...
00:41:39 - dev set during evaluation: 11460/11458
00:41:39 - process[1] - dev - epoch 19 - mAP: 0.549 w/ 31 queries
00:41:39 - [fold 2] best test MAP: 0.606 @ epoch 10
00:41:39 - Evaluating every 1 epochs ...
00:41:39 - reading data from /mnt/home/puxuan/CLIR-project/Evaluation_data/process-clef/uncased
00:41:41 - test has 31 queries ...
00:41:41 - Data reading done ...
00:41:42 - adding 9-th encoder to optimizer...
00:41:42 - adding 10-th encoder to optimizer...
00:41:42 - adding 11-th encoder to optimizer...
00:41:43 - process[1]: training epoch 0 ...
00:42:10 - process[1] - epoch 0 - train iter 476 - 20745.3 words/s - loss: 0.4819
00:42:10 - process[1]: training epoch 1 ...
00:42:37 - process[1] - epoch 1 - train iter 476 - 20641.0 words/s - loss: 0.4140
00:42:37 - process[1]: training epoch 2 ...
00:43:04 - process[1] - epoch 2 - train iter 476 - 20565.7 words/s - loss: 0.3532
00:43:04 - process[1]: training epoch 3 ...
00:43:31 - process[1] - epoch 3 - train iter 476 - 20905.3 words/s - loss: 0.3905
00:43:31 - process[1]: training epoch 4 ...
00:43:58 - process[1] - epoch 4 - train iter 476 - 20737.0 words/s - loss: 0.3625
00:43:58 - process[1]: training epoch 5 ...
00:44:25 - process[1] - epoch 5 - train iter 476 - 20610.3 words/s - loss: 0.3081
00:44:25 - process[1]: training epoch 6 ...
00:44:52 - process[1] - epoch 6 - train iter 476 - 20701.9 words/s - loss: 0.2991
00:44:52 - process[1]: training epoch 7 ...
00:45:19 - process[1] - epoch 7 - train iter 476 - 20737.5 words/s - loss: 0.2972
00:45:19 - process[1]: training epoch 8 ...
00:45:47 - process[1] - epoch 8 - train iter 476 - 20789.1 words/s - loss: 0.2805
00:45:47 - process[1]: training epoch 9 ...
00:46:14 - process[1] - epoch 9 - train iter 476 - 20654.9 words/s - loss: 0.3190
00:46:14 - process[1]: training epoch 10 ...
00:46:41 - process[1] - epoch 10 - train iter 476 - 20331.7 words/s - loss: 0.2999
00:46:41 - process[1]: evaluating epoch 10 on dev ...
00:47:11 - process[1] - dev - epoch 10 - mAP: 0.584 w/ 32 queries
00:47:11 - process[1]: evaluating epoch 10 on test ...
00:47:34 - test set during evaluation: 11550/11545
00:47:34 - process[1] - test - epoch 10 - mAP: 0.584 w/ 31 queries
00:47:34 - process[1]: training epoch 11 ...
00:48:02 - process[1] - epoch 11 - train iter 476 - 21184.3 words/s - loss: 0.2966
00:48:02 - process[1]: evaluating epoch 11 on dev ...
00:48:26 - process[1] - dev - epoch 11 - mAP: 0.613 w/ 32 queries
00:48:26 - process[1]: evaluating epoch 11 on test ...
00:48:49 - test set during evaluation: 11550/11545
00:48:49 - process[1] - test - epoch 11 - mAP: 0.579 w/ 31 queries
00:48:49 - process[1]: training epoch 12 ...
00:49:16 - process[1] - epoch 12 - train iter 476 - 21150.8 words/s - loss: 0.2434
00:49:16 - process[1]: evaluating epoch 12 on dev ...
00:49:40 - process[1] - dev - epoch 12 - mAP: 0.606 w/ 32 queries
00:49:40 - process[1]: training epoch 13 ...
00:50:07 - process[1] - epoch 13 - train iter 476 - 20809.2 words/s - loss: 0.2569
00:50:07 - process[1]: evaluating epoch 13 on dev ...
00:50:33 - process[1] - dev - epoch 13 - mAP: 0.609 w/ 32 queries
00:50:33 - process[1]: training epoch 14 ...
00:50:59 - process[1] - epoch 14 - train iter 476 - 20452.1 words/s - loss: 0.2814
00:50:59 - process[1]: evaluating epoch 14 on dev ...
00:51:25 - process[1] - dev - epoch 14 - mAP: 0.608 w/ 32 queries
00:51:25 - process[1]: training epoch 15 ...
00:51:52 - process[1] - epoch 15 - train iter 476 - 21176.0 words/s - loss: 0.2333
00:51:52 - process[1]: evaluating epoch 15 on dev ...
00:52:17 - process[1] - dev - epoch 15 - mAP: 0.607 w/ 32 queries
00:52:17 - process[1]: training epoch 16 ...
00:52:45 - process[1] - epoch 16 - train iter 476 - 21318.0 words/s - loss: 0.2655
00:52:45 - process[1]: evaluating epoch 16 on dev ...
00:53:09 - process[1] - dev - epoch 16 - mAP: 0.605 w/ 32 queries
00:53:09 - process[1]: training epoch 17 ...
00:53:36 - process[1] - epoch 17 - train iter 476 - 20650.6 words/s - loss: 0.2481
00:53:36 - process[1]: evaluating epoch 17 on dev ...
00:54:00 - process[1] - dev - epoch 17 - mAP: 0.599 w/ 32 queries
00:54:00 - process[1]: training epoch 18 ...
00:54:27 - process[1] - epoch 18 - train iter 476 - 21132.2 words/s - loss: 0.2106
00:54:27 - process[1]: evaluating epoch 18 on dev ...
00:54:52 - process[1] - dev - epoch 18 - mAP: 0.597 w/ 32 queries
00:54:52 - process[1]: training epoch 19 ...
00:55:19 - process[1] - epoch 19 - train iter 476 - 20707.5 words/s - loss: 0.2488
00:55:19 - process[1]: evaluating epoch 19 on dev ...
00:55:43 - process[1] - dev - epoch 19 - mAP: 0.606 w/ 32 queries
00:55:43 - [fold 3] best test MAP: 0.579 @ epoch 11
00:55:43 - Evaluating every 1 epochs ...
00:55:43 - reading data from /mnt/home/puxuan/CLIR-project/Evaluation_data/process-clef/uncased
00:55:45 - test has 31 queries ...
00:55:45 - Data reading done ...
00:55:46 - adding 9-th encoder to optimizer...
00:55:46 - adding 10-th encoder to optimizer...
00:55:46 - adding 11-th encoder to optimizer...
00:55:47 - process[1]: training epoch 0 ...
00:56:12 - process[1] - epoch 0 - train iter 432 - 20629.7 words/s - loss: 0.5205
00:56:12 - process[1]: training epoch 1 ...
00:56:36 - process[1] - epoch 1 - train iter 432 - 20479.2 words/s - loss: 0.4160
00:56:36 - process[1]: training epoch 2 ...
00:57:01 - process[1] - epoch 2 - train iter 432 - 20666.0 words/s - loss: 0.4316
00:57:01 - process[1]: training epoch 3 ...
00:57:25 - process[1] - epoch 3 - train iter 432 - 20663.6 words/s - loss: 0.4209
00:57:25 - process[1]: training epoch 4 ...
00:57:50 - process[1] - epoch 4 - train iter 432 - 21167.0 words/s - loss: 0.3807
00:57:50 - process[1]: training epoch 5 ...
00:58:15 - process[1] - epoch 5 - train iter 432 - 20474.2 words/s - loss: 0.3479
00:58:15 - process[1]: training epoch 6 ...
00:58:39 - process[1] - epoch 6 - train iter 432 - 20790.8 words/s - loss: 0.3309
00:58:39 - process[1]: training epoch 7 ...
00:59:03 - process[1] - epoch 7 - train iter 432 - 20530.0 words/s - loss: 0.3333
00:59:03 - process[1]: training epoch 8 ...
00:59:28 - process[1] - epoch 8 - train iter 432 - 20873.4 words/s - loss: 0.3338
00:59:28 - process[1]: training epoch 9 ...
00:59:53 - process[1] - epoch 9 - train iter 432 - 20834.0 words/s - loss: 0.3538
00:59:53 - process[1]: training epoch 10 ...
01:00:17 - process[1] - epoch 10 - train iter 432 - 20823.1 words/s - loss: 0.2937
01:00:17 - process[1]: evaluating epoch 10 on dev ...
01:00:47 - dev set during evaluation: 11550/11545
01:00:47 - process[1] - dev - epoch 10 - mAP: 0.592 w/ 31 queries
01:00:47 - process[1]: evaluating epoch 10 on test ...
01:01:10 - test set during evaluation: 11320/11315
01:01:10 - process[1] - test - epoch 10 - mAP: 0.634 w/ 31 queries
01:01:10 - process[1]: training epoch 11 ...
01:01:34 - process[1] - epoch 11 - train iter 432 - 20853.4 words/s - loss: 0.2902
01:01:34 - process[1]: evaluating epoch 11 on dev ...
01:01:58 - dev set during evaluation: 11550/11545
01:01:58 - process[1] - dev - epoch 11 - mAP: 0.577 w/ 31 queries
01:01:58 - process[1]: training epoch 12 ...
01:02:23 - process[1] - epoch 12 - train iter 432 - 20963.1 words/s - loss: 0.2682
01:02:23 - process[1]: evaluating epoch 12 on dev ...
01:02:46 - dev set during evaluation: 11550/11545
01:02:46 - process[1] - dev - epoch 12 - mAP: 0.599 w/ 31 queries
01:02:46 - process[1]: evaluating epoch 12 on test ...
01:03:08 - test set during evaluation: 11320/11315
01:03:08 - process[1] - test - epoch 12 - mAP: 0.633 w/ 31 queries
01:03:08 - process[1]: training epoch 13 ...
01:03:33 - process[1] - epoch 13 - train iter 432 - 20840.8 words/s - loss: 0.3015
01:03:33 - process[1]: evaluating epoch 13 on dev ...
01:03:57 - dev set during evaluation: 11550/11545
01:03:57 - process[1] - dev - epoch 13 - mAP: 0.596 w/ 31 queries
01:03:57 - process[1]: training epoch 14 ...
01:04:22 - process[1] - epoch 14 - train iter 432 - 21029.6 words/s - loss: 0.2824
01:04:22 - process[1]: evaluating epoch 14 on dev ...
01:04:45 - dev set during evaluation: 11550/11545
01:04:45 - process[1] - dev - epoch 14 - mAP: 0.570 w/ 31 queries
01:04:45 - process[1]: training epoch 15 ...
01:05:09 - process[1] - epoch 15 - train iter 432 - 20276.2 words/s - loss: 0.2597
01:05:09 - process[1]: evaluating epoch 15 on dev ...
01:05:32 - dev set during evaluation: 11550/11545
01:05:32 - process[1] - dev - epoch 15 - mAP: 0.587 w/ 31 queries
01:05:32 - process[1]: training epoch 16 ...
01:05:57 - process[1] - epoch 16 - train iter 432 - 20974.6 words/s - loss: 0.2572
01:05:57 - process[1]: evaluating epoch 16 on dev ...
01:06:21 - dev set during evaluation: 11550/11545
01:06:21 - process[1] - dev - epoch 16 - mAP: 0.602 w/ 31 queries
01:06:21 - process[1]: evaluating epoch 16 on test ...
01:06:43 - test set during evaluation: 11320/11315
01:06:43 - process[1] - test - epoch 16 - mAP: 0.613 w/ 31 queries
01:06:43 - process[1]: training epoch 17 ...
01:07:08 - process[1] - epoch 17 - train iter 432 - 21022.8 words/s - loss: 0.2849
01:07:08 - process[1]: evaluating epoch 17 on dev ...
01:07:31 - dev set during evaluation: 11550/11545
01:07:31 - process[1] - dev - epoch 17 - mAP: 0.587 w/ 31 queries
01:07:31 - process[1]: training epoch 18 ...
01:07:55 - process[1] - epoch 18 - train iter 432 - 21203.6 words/s - loss: 0.2645
01:07:55 - process[1]: evaluating epoch 18 on dev ...
01:08:18 - dev set during evaluation: 11550/11545
01:08:18 - process[1] - dev - epoch 18 - mAP: 0.593 w/ 31 queries
01:08:18 - process[1]: training epoch 19 ...
01:08:43 - process[1] - epoch 19 - train iter 432 - 20929.3 words/s - loss: 0.2620
01:08:43 - process[1]: evaluating epoch 19 on dev ...
01:09:07 - dev set during evaluation: 11550/11545
01:09:07 - process[1] - dev - epoch 19 - mAP: 0.609 w/ 31 queries
01:09:07 - process[1]: evaluating epoch 19 on test ...
01:09:29 - test set during evaluation: 11320/11315
01:09:29 - process[1] - test - epoch 19 - mAP: 0.641 w/ 31 queries
01:09:29 - [fold 4] best test MAP: 0.641 @ epoch 19
01:09:29 - Evaluating every 1 epochs ...
01:09:29 - reading data from /mnt/home/puxuan/CLIR-project/Evaluation_data/process-clef/uncased
01:09:30 - test has 31 queries ...
01:09:30 - Data reading done ...
01:09:32 - adding 9-th encoder to optimizer...
01:09:32 - adding 10-th encoder to optimizer...
01:09:32 - adding 11-th encoder to optimizer...
01:09:32 - process[1]: training epoch 0 ...
01:09:57 - process[1] - epoch 0 - train iter 437 - 20644.9 words/s - loss: 0.5172
01:09:57 - process[1]: training epoch 1 ...
01:10:22 - process[1] - epoch 1 - train iter 437 - 21018.3 words/s - loss: 0.4426
01:10:22 - process[1]: training epoch 2 ...
01:10:47 - process[1] - epoch 2 - train iter 437 - 20682.4 words/s - loss: 0.4214
01:10:47 - process[1]: training epoch 3 ...
01:11:12 - process[1] - epoch 3 - train iter 437 - 21145.6 words/s - loss: 0.3546
01:11:12 - process[1]: training epoch 4 ...
01:11:37 - process[1] - epoch 4 - train iter 437 - 20718.9 words/s - loss: 0.3645
01:11:37 - process[1]: training epoch 5 ...
01:12:02 - process[1] - epoch 5 - train iter 437 - 21065.3 words/s - loss: 0.3403
01:12:02 - process[1]: training epoch 6 ...
01:12:27 - process[1] - epoch 6 - train iter 437 - 20728.6 words/s - loss: 0.3236
01:12:27 - process[1]: training epoch 7 ...
01:12:52 - process[1] - epoch 7 - train iter 437 - 21074.7 words/s - loss: 0.3478
01:12:52 - process[1]: training epoch 8 ...
01:13:17 - process[1] - epoch 8 - train iter 437 - 21111.4 words/s - loss: 0.2986
01:13:17 - process[1]: training epoch 9 ...
01:13:42 - process[1] - epoch 9 - train iter 437 - 21101.8 words/s - loss: 0.2685
01:13:42 - process[1]: training epoch 10 ...
01:14:07 - process[1] - epoch 10 - train iter 437 - 20814.7 words/s - loss: 0.3001
01:14:07 - process[1]: evaluating epoch 10 on dev ...
01:14:36 - dev set during evaluation: 11320/11315
01:14:36 - process[1] - dev - epoch 10 - mAP: 0.605 w/ 31 queries
01:14:36 - process[1]: evaluating epoch 10 on test ...
01:14:58 - process[1] - test - epoch 10 - mAP: 0.498 w/ 31 queries
01:14:58 - process[1]: training epoch 11 ...
01:15:24 - process[1] - epoch 11 - train iter 437 - 20673.6 words/s - loss: 0.2735
01:15:24 - process[1]: evaluating epoch 11 on dev ...
01:15:46 - dev set during evaluation: 11320/11315
01:15:46 - process[1] - dev - epoch 11 - mAP: 0.613 w/ 31 queries
01:15:46 - process[1]: evaluating epoch 11 on test ...
01:16:08 - process[1] - test - epoch 11 - mAP: 0.512 w/ 31 queries
01:16:08 - process[1]: training epoch 12 ...
01:16:33 - process[1] - epoch 12 - train iter 437 - 20463.6 words/s - loss: 0.2813
01:16:33 - process[1]: evaluating epoch 12 on dev ...
01:16:56 - dev set during evaluation: 11320/11315
01:16:56 - process[1] - dev - epoch 12 - mAP: 0.617 w/ 31 queries
01:16:56 - process[1]: evaluating epoch 12 on test ...
01:17:18 - process[1] - test - epoch 12 - mAP: 0.506 w/ 31 queries
01:17:18 - process[1]: training epoch 13 ...
01:17:43 - process[1] - epoch 13 - train iter 437 - 20692.0 words/s - loss: 0.2230
01:17:43 - process[1]: evaluating epoch 13 on dev ...
01:18:07 - dev set during evaluation: 11320/11315
01:18:07 - process[1] - dev - epoch 13 - mAP: 0.623 w/ 31 queries
01:18:07 - process[1]: evaluating epoch 13 on test ...
01:18:28 - process[1] - test - epoch 13 - mAP: 0.526 w/ 31 queries
01:18:28 - process[1]: training epoch 14 ...
01:18:53 - process[1] - epoch 14 - train iter 437 - 21256.7 words/s - loss: 0.2821
01:18:53 - process[1]: evaluating epoch 14 on dev ...
01:19:16 - dev set during evaluation: 11320/11315
01:19:16 - process[1] - dev - epoch 14 - mAP: 0.608 w/ 31 queries
01:19:16 - process[1]: training epoch 15 ...
01:19:41 - process[1] - epoch 15 - train iter 437 - 21117.5 words/s - loss: 0.2658
01:19:41 - process[1]: evaluating epoch 15 on dev ...
01:20:03 - dev set during evaluation: 11320/11315
01:20:03 - process[1] - dev - epoch 15 - mAP: 0.611 w/ 31 queries
01:20:03 - process[1]: training epoch 16 ...
01:20:28 - process[1] - epoch 16 - train iter 437 - 20817.4 words/s - loss: 0.2423
01:20:28 - process[1]: evaluating epoch 16 on dev ...
01:20:51 - dev set during evaluation: 11320/11315
01:20:51 - process[1] - dev - epoch 16 - mAP: 0.621 w/ 31 queries
01:20:51 - process[1]: training epoch 17 ...
01:21:17 - process[1] - epoch 17 - train iter 437 - 20877.7 words/s - loss: 0.2883
01:21:17 - process[1]: evaluating epoch 17 on dev ...
01:21:39 - dev set during evaluation: 11320/11315
01:21:39 - process[1] - dev - epoch 17 - mAP: 0.626 w/ 31 queries
01:21:39 - process[1]: evaluating epoch 17 on test ...
01:22:01 - process[1] - test - epoch 17 - mAP: 0.527 w/ 31 queries
01:22:01 - process[1]: training epoch 18 ...
01:22:26 - process[1] - epoch 18 - train iter 437 - 20803.0 words/s - loss: 0.2536
01:22:26 - process[1]: evaluating epoch 18 on dev ...
01:22:49 - dev set during evaluation: 11320/11315
01:22:49 - process[1] - dev - epoch 18 - mAP: 0.619 w/ 31 queries
01:22:49 - process[1]: training epoch 19 ...
01:23:14 - process[1] - epoch 19 - train iter 437 - 20910.1 words/s - loss: 0.2852
01:23:14 - process[1]: evaluating epoch 19 on dev ...
01:23:36 - dev set during evaluation: 11320/11315
01:23:36 - process[1] - dev - epoch 19 - mAP: 0.621 w/ 31 queries
01:23:36 - [fold 5] best test MAP: 0.527 @ epoch 17
01:23:36 - [0.5702866646629928, 0.6056096767492751, 0.5785776849717007, 0.6411692382356705, 0.5271981752343358]
01:23:36 - [31, 32, 31, 31, 31]
01:23:36 - final MAP: 0.585
