00:00:07 - Namespace(apex_level='O2', batch_size=8, cased=False, dataset='clef', debug=False, encoder_lr=2e-05, eval_step=1, full_doc_length=True, local_rank=2, model_path='/mnt/scratch/puxuan/short_qlm/2186735/huggingface-4', model_type='mbert', num_epochs=20, num_ft_encoders=3, num_neg=1, projector_lr=2e-05, seed=611, source_lang='fr', target_lang='de')
00:00:15 - Evaluating every 1 epochs ...
00:00:15 - reading data from /mnt/home/puxuan/CLIR-project/Evaluation_data/process-clef/uncased
00:00:17 - test has 38 queries ...
00:00:17 - Data reading done ...
00:00:22 - adding 9-th encoder to optimizer...
00:00:22 - adding 10-th encoder to optimizer...
00:00:22 - adding 11-th encoder to optimizer...
00:00:23 - process[2]: training epoch 0 ...
00:00:40 - process[2] - epoch 0 - train iter 423 - 19410.9 words/s - loss: 0.6584
00:00:40 - process[2]: training epoch 1 ...
00:00:56 - process[2] - epoch 1 - train iter 423 - 21315.4 words/s - loss: 0.5777
00:00:56 - process[2]: training epoch 2 ...
00:01:12 - process[2] - epoch 2 - train iter 423 - 20914.2 words/s - loss: 0.5177
00:01:12 - process[2]: training epoch 3 ...
00:01:30 - process[2] - epoch 3 - train iter 423 - 19574.6 words/s - loss: 0.5099
00:01:30 - process[2]: training epoch 4 ...
00:01:46 - process[2] - epoch 4 - train iter 423 - 20694.5 words/s - loss: 0.4611
00:01:46 - process[2]: training epoch 5 ...
00:02:02 - process[2] - epoch 5 - train iter 423 - 20568.6 words/s - loss: 0.4797
00:02:02 - process[2]: training epoch 6 ...
00:02:18 - process[2] - epoch 6 - train iter 423 - 21636.9 words/s - loss: 0.4760
00:02:18 - process[2]: training epoch 7 ...
00:02:33 - process[2] - epoch 7 - train iter 423 - 21576.5 words/s - loss: 0.4618
00:02:33 - process[2]: training epoch 8 ...
00:02:50 - process[2] - epoch 8 - train iter 423 - 20770.6 words/s - loss: 0.4467
00:02:50 - process[2]: training epoch 9 ...
00:03:06 - process[2] - epoch 9 - train iter 423 - 20401.1 words/s - loss: 0.4401
00:03:06 - process[2]: training epoch 10 ...
00:03:22 - process[2] - epoch 10 - train iter 423 - 21176.1 words/s - loss: 0.4289
00:03:22 - process[2]: evaluating epoch 10 on dev ...
00:03:54 - dev set during evaluation: 13890/13887
00:03:54 - process[2] - dev - epoch 10 - mAP: 0.454 w/ 38 queries
00:03:54 - process[2]: evaluating epoch 10 on test ...
00:04:24 - test set during evaluation: 15580/15574
00:04:24 - process[2] - test - epoch 10 - mAP: 0.393 w/ 38 queries
00:04:24 - process[2]: training epoch 11 ...
00:04:39 - process[2] - epoch 11 - train iter 423 - 21543.4 words/s - loss: 0.4701
00:04:39 - process[2]: evaluating epoch 11 on dev ...
00:05:09 - dev set during evaluation: 13890/13887
00:05:09 - process[2] - dev - epoch 11 - mAP: 0.459 w/ 38 queries
00:05:09 - process[2]: evaluating epoch 11 on test ...
00:05:39 - test set during evaluation: 15580/15574
00:05:39 - process[2] - test - epoch 11 - mAP: 0.404 w/ 38 queries
00:05:39 - process[2]: training epoch 12 ...
00:05:55 - process[2] - epoch 12 - train iter 423 - 20741.0 words/s - loss: 0.4077
00:05:55 - process[2]: evaluating epoch 12 on dev ...
00:06:24 - dev set during evaluation: 13890/13887
00:06:24 - process[2] - dev - epoch 12 - mAP: 0.455 w/ 38 queries
00:06:24 - process[2]: training epoch 13 ...
00:06:40 - process[2] - epoch 13 - train iter 423 - 20718.2 words/s - loss: 0.4194
00:06:40 - process[2]: evaluating epoch 13 on dev ...
00:07:10 - dev set during evaluation: 13890/13887
00:07:10 - process[2] - dev - epoch 13 - mAP: 0.485 w/ 38 queries
00:07:10 - process[2]: evaluating epoch 13 on test ...
00:07:40 - test set during evaluation: 15580/15574
00:07:40 - process[2] - test - epoch 13 - mAP: 0.424 w/ 38 queries
00:07:40 - process[2]: training epoch 14 ...
00:07:56 - process[2] - epoch 14 - train iter 423 - 20619.9 words/s - loss: 0.3804
00:07:56 - process[2]: evaluating epoch 14 on dev ...
00:08:25 - dev set during evaluation: 13890/13887
00:08:25 - process[2] - dev - epoch 14 - mAP: 0.470 w/ 38 queries
00:08:25 - process[2]: training epoch 15 ...
00:08:42 - process[2] - epoch 15 - train iter 423 - 19782.3 words/s - loss: 0.4190
00:08:42 - process[2]: evaluating epoch 15 on dev ...
00:09:11 - dev set during evaluation: 13890/13887
00:09:11 - process[2] - dev - epoch 15 - mAP: 0.454 w/ 38 queries
00:09:11 - process[2]: training epoch 16 ...
00:09:28 - process[2] - epoch 16 - train iter 423 - 19865.5 words/s - loss: 0.4065
00:09:28 - process[2]: evaluating epoch 16 on dev ...
00:09:55 - dev set during evaluation: 13890/13887
00:09:55 - process[2] - dev - epoch 16 - mAP: 0.462 w/ 38 queries
00:09:55 - process[2]: training epoch 17 ...
00:10:11 - process[2] - epoch 17 - train iter 423 - 21375.6 words/s - loss: 0.3731
00:10:11 - process[2]: evaluating epoch 17 on dev ...
00:10:41 - dev set during evaluation: 13890/13887
00:10:41 - process[2] - dev - epoch 17 - mAP: 0.478 w/ 38 queries
00:10:41 - process[2]: training epoch 18 ...
00:10:55 - process[2] - epoch 18 - train iter 423 - 22801.0 words/s - loss: 0.3855
00:10:55 - process[2]: evaluating epoch 18 on dev ...
00:11:25 - dev set during evaluation: 13890/13887
00:11:25 - process[2] - dev - epoch 18 - mAP: 0.472 w/ 38 queries
00:11:25 - process[2]: training epoch 19 ...
00:11:42 - process[2] - epoch 19 - train iter 423 - 19769.3 words/s - loss: 0.3748
00:11:42 - process[2]: evaluating epoch 19 on dev ...
00:12:10 - dev set during evaluation: 13890/13887
00:12:10 - process[2] - dev - epoch 19 - mAP: 0.455 w/ 38 queries
00:12:10 - [fold 1] best test MAP: 0.424 @ epoch 13
00:12:10 - Evaluating every 1 epochs ...
00:12:10 - reading data from /mnt/home/puxuan/CLIR-project/Evaluation_data/process-clef/uncased
00:12:11 - test has 39 queries ...
00:12:11 - Data reading done ...
00:12:13 - adding 9-th encoder to optimizer...
00:12:13 - adding 10-th encoder to optimizer...
00:12:13 - adding 11-th encoder to optimizer...
00:12:13 - process[2]: training epoch 0 ...
00:12:30 - process[2] - epoch 0 - train iter 386 - 18020.7 words/s - loss: 0.6658
00:12:30 - process[2]: training epoch 1 ...
00:12:49 - process[2] - epoch 1 - train iter 386 - 16502.3 words/s - loss: 0.5823
00:12:49 - process[2]: training epoch 2 ...
00:13:08 - process[2] - epoch 2 - train iter 386 - 16309.3 words/s - loss: 0.5219
00:13:08 - process[2]: training epoch 3 ...
00:13:25 - process[2] - epoch 3 - train iter 386 - 17713.3 words/s - loss: 0.5069
00:13:25 - process[2]: training epoch 4 ...
00:13:44 - process[2] - epoch 4 - train iter 386 - 16188.6 words/s - loss: 0.5052
00:13:44 - process[2]: training epoch 5 ...
00:14:02 - process[2] - epoch 5 - train iter 386 - 16890.3 words/s - loss: 0.4658
00:14:02 - process[2]: training epoch 6 ...
00:14:22 - process[2] - epoch 6 - train iter 386 - 15667.3 words/s - loss: 0.4589
00:14:22 - process[2]: training epoch 7 ...
00:14:39 - process[2] - epoch 7 - train iter 386 - 18322.8 words/s - loss: 0.4416
00:14:39 - process[2]: training epoch 8 ...
00:14:56 - process[2] - epoch 8 - train iter 386 - 17142.7 words/s - loss: 0.4613
00:14:56 - process[2]: training epoch 9 ...
00:15:17 - process[2] - epoch 9 - train iter 386 - 14765.6 words/s - loss: 0.4282
00:15:17 - process[2]: training epoch 10 ...
00:15:35 - process[2] - epoch 10 - train iter 386 - 16810.4 words/s - loss: 0.4299
00:15:35 - process[2]: evaluating epoch 10 on dev ...
00:16:10 - dev set during evaluation: 15580/15574
00:16:10 - process[2] - dev - epoch 10 - mAP: 0.372 w/ 38 queries
00:16:10 - process[2]: evaluating epoch 10 on test ...
00:16:43 - test set during evaluation: 14340/14338
00:16:43 - process[2] - test - epoch 10 - mAP: 0.456 w/ 39 queries
00:16:43 - process[2]: training epoch 11 ...
00:17:02 - process[2] - epoch 11 - train iter 386 - 15632.0 words/s - loss: 0.4324
00:17:02 - process[2]: evaluating epoch 11 on dev ...
00:17:37 - dev set during evaluation: 15580/15574
00:17:37 - process[2] - dev - epoch 11 - mAP: 0.391 w/ 38 queries
00:17:37 - process[2]: evaluating epoch 11 on test ...
00:18:10 - test set during evaluation: 14340/14338
00:18:10 - process[2] - test - epoch 11 - mAP: 0.471 w/ 39 queries
00:18:10 - process[2]: training epoch 12 ...
00:18:28 - process[2] - epoch 12 - train iter 386 - 17134.1 words/s - loss: 0.4179
00:18:28 - process[2]: evaluating epoch 12 on dev ...
00:19:04 - dev set during evaluation: 15580/15574
00:19:04 - process[2] - dev - epoch 12 - mAP: 0.372 w/ 38 queries
00:19:04 - process[2]: training epoch 13 ...
00:19:24 - process[2] - epoch 13 - train iter 386 - 15678.4 words/s - loss: 0.4180
00:19:24 - process[2]: evaluating epoch 13 on dev ...
00:19:59 - dev set during evaluation: 15580/15574
00:19:59 - process[2] - dev - epoch 13 - mAP: 0.355 w/ 38 queries
00:19:59 - process[2]: training epoch 14 ...
00:20:16 - process[2] - epoch 14 - train iter 386 - 17677.1 words/s - loss: 0.4138
00:20:16 - process[2]: evaluating epoch 14 on dev ...
00:20:54 - dev set during evaluation: 15580/15574
00:20:54 - process[2] - dev - epoch 14 - mAP: 0.388 w/ 38 queries
00:20:54 - process[2]: training epoch 15 ...
00:21:13 - process[2] - epoch 15 - train iter 386 - 16586.0 words/s - loss: 0.4081
00:21:13 - process[2]: evaluating epoch 15 on dev ...
00:21:48 - dev set during evaluation: 15580/15574
00:21:48 - process[2] - dev - epoch 15 - mAP: 0.383 w/ 38 queries
00:21:48 - process[2]: training epoch 16 ...
00:22:07 - process[2] - epoch 16 - train iter 386 - 15869.1 words/s - loss: 0.3855
00:22:07 - process[2]: evaluating epoch 16 on dev ...
00:22:42 - dev set during evaluation: 15580/15574
00:22:42 - process[2] - dev - epoch 16 - mAP: 0.383 w/ 38 queries
00:22:42 - process[2]: training epoch 17 ...
00:23:01 - process[2] - epoch 17 - train iter 386 - 16272.0 words/s - loss: 0.4030
00:23:01 - process[2]: evaluating epoch 17 on dev ...
00:23:36 - dev set during evaluation: 15580/15574
00:23:36 - process[2] - dev - epoch 17 - mAP: 0.361 w/ 38 queries
00:23:36 - process[2]: training epoch 18 ...
00:23:55 - process[2] - epoch 18 - train iter 386 - 15799.4 words/s - loss: 0.4280
00:23:55 - process[2]: evaluating epoch 18 on dev ...
00:24:30 - dev set during evaluation: 15580/15574
00:24:30 - process[2] - dev - epoch 18 - mAP: 0.381 w/ 38 queries
00:24:30 - process[2]: training epoch 19 ...
00:24:48 - process[2] - epoch 19 - train iter 386 - 17676.5 words/s - loss: 0.3658
00:24:48 - process[2]: evaluating epoch 19 on dev ...
00:25:24 - dev set during evaluation: 15580/15574
00:25:24 - process[2] - dev - epoch 19 - mAP: 0.373 w/ 38 queries
00:25:24 - [fold 2] best test MAP: 0.471 @ epoch 11
00:25:24 - Evaluating every 1 epochs ...
00:25:24 - reading data from /mnt/home/puxuan/CLIR-project/Evaluation_data/process-clef/uncased
00:25:25 - test has 39 queries ...
00:25:25 - Data reading done ...
00:25:27 - adding 9-th encoder to optimizer...
00:25:27 - adding 10-th encoder to optimizer...
00:25:27 - adding 11-th encoder to optimizer...
00:25:27 - process[2]: training epoch 0 ...
00:25:45 - process[2] - epoch 0 - train iter 360 - 16394.2 words/s - loss: 0.6679
00:25:45 - process[2]: training epoch 1 ...
00:26:02 - process[2] - epoch 1 - train iter 360 - 16412.1 words/s - loss: 0.5854
00:26:02 - process[2]: training epoch 2 ...
00:26:20 - process[2] - epoch 2 - train iter 360 - 15767.1 words/s - loss: 0.5606
00:26:20 - process[2]: training epoch 3 ...
00:26:38 - process[2] - epoch 3 - train iter 360 - 16144.8 words/s - loss: 0.5461
00:26:38 - process[2]: training epoch 4 ...
00:26:57 - process[2] - epoch 4 - train iter 360 - 15501.9 words/s - loss: 0.5293
00:26:57 - process[2]: training epoch 5 ...
00:27:14 - process[2] - epoch 5 - train iter 360 - 16106.7 words/s - loss: 0.5068
00:27:14 - process[2]: training epoch 6 ...
00:27:35 - process[2] - epoch 6 - train iter 360 - 14094.4 words/s - loss: 0.4683
00:27:35 - process[2]: training epoch 7 ...
00:27:51 - process[2] - epoch 7 - train iter 360 - 17092.5 words/s - loss: 0.4997
00:27:51 - process[2]: training epoch 8 ...
00:28:07 - process[2] - epoch 8 - train iter 360 - 18225.2 words/s - loss: 0.4742
00:28:07 - process[2]: training epoch 9 ...
00:28:24 - process[2] - epoch 9 - train iter 360 - 17297.6 words/s - loss: 0.4690
00:28:24 - process[2]: training epoch 10 ...
00:28:42 - process[2] - epoch 10 - train iter 360 - 15982.3 words/s - loss: 0.4386
00:28:42 - process[2]: evaluating epoch 10 on dev ...
00:29:20 - dev set during evaluation: 14340/14338
00:29:20 - process[2] - dev - epoch 10 - mAP: 0.468 w/ 39 queries
00:29:20 - process[2]: evaluating epoch 10 on test ...
00:29:48 - test set during evaluation: 11710/11707
00:29:48 - process[2] - test - epoch 10 - mAP: 0.510 w/ 39 queries
00:29:48 - process[2]: training epoch 11 ...
00:30:06 - process[2] - epoch 11 - train iter 360 - 16413.7 words/s - loss: 0.4388
00:30:06 - process[2]: evaluating epoch 11 on dev ...
00:30:39 - dev set during evaluation: 14340/14338
00:30:39 - process[2] - dev - epoch 11 - mAP: 0.466 w/ 39 queries
00:30:39 - process[2]: training epoch 12 ...
00:30:57 - process[2] - epoch 12 - train iter 360 - 15964.5 words/s - loss: 0.4215
00:30:57 - process[2]: evaluating epoch 12 on dev ...
00:31:29 - dev set during evaluation: 14340/14338
00:31:29 - process[2] - dev - epoch 12 - mAP: 0.464 w/ 39 queries
00:31:29 - process[2]: training epoch 13 ...
00:31:47 - process[2] - epoch 13 - train iter 360 - 15480.7 words/s - loss: 0.3768
00:31:47 - process[2]: evaluating epoch 13 on dev ...
00:32:19 - dev set during evaluation: 14340/14338
00:32:19 - process[2] - dev - epoch 13 - mAP: 0.480 w/ 39 queries
00:32:19 - process[2]: evaluating epoch 13 on test ...
00:32:48 - test set during evaluation: 11710/11707
00:32:48 - process[2] - test - epoch 13 - mAP: 0.520 w/ 39 queries
00:32:48 - process[2]: training epoch 14 ...
00:33:06 - process[2] - epoch 14 - train iter 360 - 15914.4 words/s - loss: 0.4292
00:33:06 - process[2]: evaluating epoch 14 on dev ...
00:33:38 - dev set during evaluation: 14340/14338
00:33:38 - process[2] - dev - epoch 14 - mAP: 0.465 w/ 39 queries
00:33:38 - process[2]: training epoch 15 ...
00:33:55 - process[2] - epoch 15 - train iter 360 - 16645.1 words/s - loss: 0.4275
00:33:55 - process[2]: evaluating epoch 15 on dev ...
00:34:27 - dev set during evaluation: 14340/14338
00:34:27 - process[2] - dev - epoch 15 - mAP: 0.467 w/ 39 queries
00:34:27 - process[2]: training epoch 16 ...
00:34:46 - process[2] - epoch 16 - train iter 360 - 15639.0 words/s - loss: 0.3972
00:34:46 - process[2]: evaluating epoch 16 on dev ...
00:35:18 - dev set during evaluation: 14340/14338
00:35:18 - process[2] - dev - epoch 16 - mAP: 0.470 w/ 39 queries
00:35:18 - process[2]: training epoch 17 ...
00:35:36 - process[2] - epoch 17 - train iter 360 - 15822.5 words/s - loss: 0.3850
00:35:36 - process[2]: evaluating epoch 17 on dev ...
00:36:08 - dev set during evaluation: 14340/14338
00:36:08 - process[2] - dev - epoch 17 - mAP: 0.468 w/ 39 queries
00:36:08 - process[2]: training epoch 18 ...
00:36:26 - process[2] - epoch 18 - train iter 360 - 16659.8 words/s - loss: 0.3667
00:36:26 - process[2]: evaluating epoch 18 on dev ...
00:37:01 - dev set during evaluation: 14340/14338
00:37:01 - process[2] - dev - epoch 18 - mAP: 0.494 w/ 39 queries
00:37:01 - process[2]: evaluating epoch 18 on test ...
00:37:29 - test set during evaluation: 11710/11707
00:37:29 - process[2] - test - epoch 18 - mAP: 0.520 w/ 39 queries
00:37:29 - process[2]: training epoch 19 ...
00:37:47 - process[2] - epoch 19 - train iter 360 - 16249.1 words/s - loss: 0.3459
00:37:47 - process[2]: evaluating epoch 19 on dev ...
00:38:20 - dev set during evaluation: 14340/14338
00:38:20 - process[2] - dev - epoch 19 - mAP: 0.481 w/ 39 queries
00:38:20 - [fold 3] best test MAP: 0.520 @ epoch 18
00:38:20 - Evaluating every 1 epochs ...
00:38:20 - reading data from /mnt/home/puxuan/CLIR-project/Evaluation_data/process-clef/uncased
00:38:21 - test has 38 queries ...
00:38:21 - Data reading done ...
00:38:23 - adding 9-th encoder to optimizer...
00:38:23 - adding 10-th encoder to optimizer...
00:38:23 - adding 11-th encoder to optimizer...
00:38:23 - process[2]: training epoch 0 ...
00:38:41 - process[2] - epoch 0 - train iter 404 - 18030.9 words/s - loss: 0.6559
00:38:41 - process[2]: training epoch 1 ...
00:38:59 - process[2] - epoch 1 - train iter 404 - 18383.0 words/s - loss: 0.5549
00:38:59 - process[2]: training epoch 2 ...
00:39:18 - process[2] - epoch 2 - train iter 404 - 16377.2 words/s - loss: 0.5518
00:39:18 - process[2]: training epoch 3 ...
00:39:35 - process[2] - epoch 3 - train iter 404 - 19471.0 words/s - loss: 0.5295
00:39:35 - process[2]: training epoch 4 ...
00:39:53 - process[2] - epoch 4 - train iter 404 - 17554.2 words/s - loss: 0.4977
00:39:53 - process[2]: training epoch 5 ...
00:40:11 - process[2] - epoch 5 - train iter 404 - 17649.8 words/s - loss: 0.5032
00:40:11 - process[2]: training epoch 6 ...
00:40:29 - process[2] - epoch 6 - train iter 404 - 17854.8 words/s - loss: 0.4818
00:40:29 - process[2]: training epoch 7 ...
00:40:47 - process[2] - epoch 7 - train iter 404 - 17515.9 words/s - loss: 0.4604
00:40:47 - process[2]: training epoch 8 ...
00:41:04 - process[2] - epoch 8 - train iter 404 - 18809.8 words/s - loss: 0.4654
00:41:04 - process[2]: training epoch 9 ...
00:41:23 - process[2] - epoch 9 - train iter 404 - 17320.2 words/s - loss: 0.4333
00:41:23 - process[2]: training epoch 10 ...
00:41:41 - process[2] - epoch 10 - train iter 404 - 17926.0 words/s - loss: 0.4720
00:41:41 - process[2]: evaluating epoch 10 on dev ...
00:42:10 - dev set during evaluation: 11710/11707
00:42:10 - process[2] - dev - epoch 10 - mAP: 0.491 w/ 39 queries
00:42:10 - process[2]: evaluating epoch 10 on test ...
00:42:37 - test set during evaluation: 13490/13483
00:42:37 - process[2] - test - epoch 10 - mAP: 0.432 w/ 38 queries
00:42:37 - process[2]: training epoch 11 ...
00:42:56 - process[2] - epoch 11 - train iter 404 - 17285.0 words/s - loss: 0.4013
00:42:56 - process[2]: evaluating epoch 11 on dev ...
00:43:24 - dev set during evaluation: 11710/11707
00:43:24 - process[2] - dev - epoch 11 - mAP: 0.490 w/ 39 queries
00:43:24 - process[2]: training epoch 12 ...
00:43:42 - process[2] - epoch 12 - train iter 404 - 17688.9 words/s - loss: 0.3833
00:43:42 - process[2]: evaluating epoch 12 on dev ...
00:44:09 - dev set during evaluation: 11710/11707
00:44:09 - process[2] - dev - epoch 12 - mAP: 0.494 w/ 39 queries
00:44:09 - process[2]: evaluating epoch 12 on test ...
00:44:37 - test set during evaluation: 13490/13483
00:44:37 - process[2] - test - epoch 12 - mAP: 0.461 w/ 38 queries
00:44:37 - process[2]: training epoch 13 ...
00:44:54 - process[2] - epoch 13 - train iter 404 - 18547.3 words/s - loss: 0.4386
00:44:54 - process[2]: evaluating epoch 13 on dev ...
00:45:22 - dev set during evaluation: 11710/11707
00:45:22 - process[2] - dev - epoch 13 - mAP: 0.505 w/ 39 queries
00:45:22 - process[2]: evaluating epoch 13 on test ...
00:45:50 - test set during evaluation: 13490/13483
00:45:50 - process[2] - test - epoch 13 - mAP: 0.480 w/ 38 queries
00:45:50 - process[2]: training epoch 14 ...
00:46:07 - process[2] - epoch 14 - train iter 404 - 18095.0 words/s - loss: 0.3991
00:46:07 - process[2]: evaluating epoch 14 on dev ...
00:46:35 - dev set during evaluation: 11710/11707
00:46:35 - process[2] - dev - epoch 14 - mAP: 0.479 w/ 39 queries
00:46:35 - process[2]: training epoch 15 ...
00:46:53 - process[2] - epoch 15 - train iter 404 - 18290.9 words/s - loss: 0.4027
00:46:53 - process[2]: evaluating epoch 15 on dev ...
00:47:20 - dev set during evaluation: 11710/11707
00:47:20 - process[2] - dev - epoch 15 - mAP: 0.503 w/ 39 queries
00:47:20 - process[2]: training epoch 16 ...
00:47:41 - process[2] - epoch 16 - train iter 404 - 15760.9 words/s - loss: 0.3970
00:47:41 - process[2]: evaluating epoch 16 on dev ...
00:48:06 - dev set during evaluation: 11710/11707
00:48:06 - process[2] - dev - epoch 16 - mAP: 0.511 w/ 39 queries
00:48:06 - process[2]: evaluating epoch 16 on test ...
00:48:33 - test set during evaluation: 13490/13483
00:48:33 - process[2] - test - epoch 16 - mAP: 0.477 w/ 38 queries
00:48:33 - process[2]: training epoch 17 ...
00:48:52 - process[2] - epoch 17 - train iter 404 - 17394.2 words/s - loss: 0.3804
00:48:52 - process[2]: evaluating epoch 17 on dev ...
00:49:19 - dev set during evaluation: 11710/11707
00:49:19 - process[2] - dev - epoch 17 - mAP: 0.508 w/ 39 queries
00:49:19 - process[2]: training epoch 18 ...
00:49:40 - process[2] - epoch 18 - train iter 404 - 15626.6 words/s - loss: 0.3837
00:49:40 - process[2]: evaluating epoch 18 on dev ...
00:50:04 - dev set during evaluation: 11710/11707
00:50:04 - process[2] - dev - epoch 18 - mAP: 0.505 w/ 39 queries
00:50:04 - process[2]: training epoch 19 ...
00:50:22 - process[2] - epoch 19 - train iter 404 - 18042.9 words/s - loss: 0.4093
00:50:22 - process[2]: evaluating epoch 19 on dev ...
00:50:49 - dev set during evaluation: 11710/11707
00:50:49 - process[2] - dev - epoch 19 - mAP: 0.519 w/ 39 queries
00:50:49 - process[2]: evaluating epoch 19 on test ...
00:51:16 - test set during evaluation: 13490/13483
00:51:16 - process[2] - test - epoch 19 - mAP: 0.490 w/ 38 queries
00:51:16 - [fold 4] best test MAP: 0.490 @ epoch 19
00:51:16 - Evaluating every 1 epochs ...
00:51:16 - reading data from /mnt/home/puxuan/CLIR-project/Evaluation_data/process-clef/uncased
00:51:17 - test has 38 queries ...
00:51:17 - Data reading done ...
00:51:19 - adding 9-th encoder to optimizer...
00:51:19 - adding 10-th encoder to optimizer...
00:51:19 - adding 11-th encoder to optimizer...
00:51:20 - process[2]: training epoch 0 ...
00:51:39 - process[2] - epoch 0 - train iter 444 - 18193.1 words/s - loss: 0.6692
00:51:39 - process[2]: training epoch 1 ...
00:51:59 - process[2] - epoch 1 - train iter 444 - 18354.5 words/s - loss: 0.5976
00:51:59 - process[2]: training epoch 2 ...
00:52:19 - process[2] - epoch 2 - train iter 444 - 17925.1 words/s - loss: 0.5448
00:52:19 - process[2]: training epoch 3 ...
00:52:39 - process[2] - epoch 3 - train iter 444 - 17794.6 words/s - loss: 0.5331
00:52:39 - process[2]: training epoch 4 ...
00:52:57 - process[2] - epoch 4 - train iter 444 - 19048.6 words/s - loss: 0.4957
00:52:57 - process[2]: training epoch 5 ...
00:53:15 - process[2] - epoch 5 - train iter 444 - 19234.9 words/s - loss: 0.5055
00:53:15 - process[2]: training epoch 6 ...
00:53:33 - process[2] - epoch 6 - train iter 444 - 20221.3 words/s - loss: 0.4942
00:53:33 - process[2]: training epoch 7 ...
00:53:51 - process[2] - epoch 7 - train iter 444 - 19604.0 words/s - loss: 0.4394
00:53:51 - process[2]: training epoch 8 ...
00:54:10 - process[2] - epoch 8 - train iter 444 - 18392.8 words/s - loss: 0.4520
00:54:10 - process[2]: training epoch 9 ...
00:54:28 - process[2] - epoch 9 - train iter 444 - 19964.1 words/s - loss: 0.4797
00:54:28 - process[2]: training epoch 10 ...
00:54:47 - process[2] - epoch 10 - train iter 444 - 18582.0 words/s - loss: 0.4499
00:54:47 - process[2]: evaluating epoch 10 on dev ...
00:55:14 - dev set during evaluation: 13490/13483
00:55:14 - process[2] - dev - epoch 10 - mAP: 0.439 w/ 38 queries
00:55:14 - process[2]: evaluating epoch 10 on test ...
00:55:46 - test set during evaluation: 13890/13887
00:55:47 - process[2] - test - epoch 10 - mAP: 0.440 w/ 38 queries
00:55:47 - process[2]: training epoch 11 ...
00:56:06 - process[2] - epoch 11 - train iter 444 - 18512.6 words/s - loss: 0.4305
00:56:06 - process[2]: evaluating epoch 11 on dev ...
00:56:34 - dev set during evaluation: 13490/13483
00:56:34 - process[2] - dev - epoch 11 - mAP: 0.419 w/ 38 queries
00:56:34 - process[2]: training epoch 12 ...
00:56:53 - process[2] - epoch 12 - train iter 444 - 18805.0 words/s - loss: 0.4167
00:56:53 - process[2]: evaluating epoch 12 on dev ...
00:57:20 - dev set during evaluation: 13490/13483
00:57:20 - process[2] - dev - epoch 12 - mAP: 0.456 w/ 38 queries
00:57:20 - process[2]: evaluating epoch 12 on test ...
00:57:52 - test set during evaluation: 13890/13887
00:57:52 - process[2] - test - epoch 12 - mAP: 0.446 w/ 38 queries
00:57:52 - process[2]: training epoch 13 ...
00:58:10 - process[2] - epoch 13 - train iter 444 - 20237.5 words/s - loss: 0.3856
00:58:10 - process[2]: evaluating epoch 13 on dev ...
00:58:38 - dev set during evaluation: 13490/13483
00:58:38 - process[2] - dev - epoch 13 - mAP: 0.444 w/ 38 queries
00:58:38 - process[2]: training epoch 14 ...
00:58:57 - process[2] - epoch 14 - train iter 444 - 18068.3 words/s - loss: 0.4277
00:58:57 - process[2]: evaluating epoch 14 on dev ...
00:59:26 - dev set during evaluation: 13490/13483
00:59:26 - process[2] - dev - epoch 14 - mAP: 0.468 w/ 38 queries
00:59:26 - process[2]: evaluating epoch 14 on test ...
00:59:58 - test set during evaluation: 13890/13887
00:59:58 - process[2] - test - epoch 14 - mAP: 0.457 w/ 38 queries
00:59:58 - process[2]: training epoch 15 ...
01:00:17 - process[2] - epoch 15 - train iter 444 - 18815.0 words/s - loss: 0.3923
01:00:17 - process[2]: evaluating epoch 15 on dev ...
01:00:44 - dev set during evaluation: 13490/13483
01:00:44 - process[2] - dev - epoch 15 - mAP: 0.436 w/ 38 queries
01:00:44 - process[2]: training epoch 16 ...
01:01:03 - process[2] - epoch 16 - train iter 444 - 18863.3 words/s - loss: 0.4138
01:01:03 - process[2]: evaluating epoch 16 on dev ...
01:01:31 - dev set during evaluation: 13490/13483
01:01:31 - process[2] - dev - epoch 16 - mAP: 0.430 w/ 38 queries
01:01:31 - process[2]: training epoch 17 ...
01:01:50 - process[2] - epoch 17 - train iter 444 - 19557.1 words/s - loss: 0.4117
01:01:50 - process[2]: evaluating epoch 17 on dev ...
01:02:18 - dev set during evaluation: 13490/13483
01:02:18 - process[2] - dev - epoch 17 - mAP: 0.449 w/ 38 queries
01:02:18 - process[2]: training epoch 18 ...
01:02:37 - process[2] - epoch 18 - train iter 444 - 19264.8 words/s - loss: 0.3841
01:02:37 - process[2]: evaluating epoch 18 on dev ...
01:03:05 - dev set during evaluation: 13490/13483
01:03:05 - process[2] - dev - epoch 18 - mAP: 0.452 w/ 38 queries
01:03:05 - process[2]: training epoch 19 ...
01:03:24 - process[2] - epoch 19 - train iter 444 - 18581.1 words/s - loss: 0.3775
01:03:24 - process[2]: evaluating epoch 19 on dev ...
01:03:52 - dev set during evaluation: 13490/13483
01:03:52 - process[2] - dev - epoch 19 - mAP: 0.458 w/ 38 queries
01:03:52 - [fold 5] best test MAP: 0.457 @ epoch 14
01:03:52 - [0.42419792272379064, 0.47103447020466516, 0.5201825178554778, 0.48964301367942137, 0.457448792317699]
01:03:52 - [38, 39, 39, 38, 38]
01:03:52 - final MAP: 0.473
