00:00:03 - Namespace(apex_level='O2', batch_size=8, cased=False, dataset='mix', debug=False, encoder_lr=2e-05, eval_step=1, full_doc_length=True, local_rank=5, model_path='/mnt/scratch/puxuan/short_qlm-rr/2147416/huggingface-4', model_type='mbert', num_epochs=10, num_ft_encoders=3, num_neg=1, projector_lr=2e-05, seed=611, source_lang='es', target_lang='en')
00:00:19 - Evaluating every 1 epochs ...
00:00:21 - reading data from /mnt/home/puxuan/wiki-clir/uncased and /mnt/home/puxuan/CLIR-project/Evaluation_data/process-clef/uncased
00:00:21 - f1 has 88 queries ...
00:00:21 - f2 has 88 queries ...
00:00:21 - Data reading done ...
00:00:27 - adding 9-th encoder to optimizer...
00:00:27 - adding 10-th encoder to optimizer...
00:00:27 - adding 11-th encoder to optimizer...
00:00:27 - process[5]: training epoch 0 ...
00:02:34 - process[5] - epoch 0 - train iter 625 - 4214.1 words/s - loss: 0.2146
00:02:34 - process[5]: training epoch 1 ...
00:05:00 - process[5] - epoch 1 - train iter 625 - 3643.4 words/s - loss: 0.1631
00:05:00 - process[5]: training epoch 2 ...
00:07:16 - process[5] - epoch 2 - train iter 625 - 3862.9 words/s - loss: 0.1606
00:07:16 - process[5]: training epoch 3 ...
00:09:22 - process[5] - epoch 3 - train iter 625 - 4157.4 words/s - loss: 0.1322
00:09:22 - process[5]: training epoch 4 ...
00:11:39 - process[5] - epoch 4 - train iter 625 - 3857.4 words/s - loss: 0.1436
00:11:39 - process[5]: training epoch 5 ...
00:13:45 - process[5] - epoch 5 - train iter 625 - 4104.1 words/s - loss: 0.1383
00:13:45 - process[5]: evaluating epoch 5 on f1 ...
00:16:06 - f1 set during evaluation: 35912/35910
00:16:06 - process[5] - f1 - epoch 5 - mAP: 0.415 w/ 88 queries
00:16:06 - process[5]: evaluating epoch 5 on f2 ...
00:17:58 - process[5] - f2 - epoch 5 - mAP: 0.361 w/ 88 queries
00:17:58 - process[5]: training epoch 6 ...
00:20:14 - process[5] - epoch 6 - train iter 625 - 3959.9 words/s - loss: 0.1241
00:20:14 - process[5]: evaluating epoch 6 on f1 ...
00:22:14 - f1 set during evaluation: 35912/35910
00:22:14 - process[5] - f1 - epoch 6 - mAP: 0.426 w/ 88 queries
00:22:14 - process[5]: evaluating epoch 6 on f2 ...
00:24:06 - process[5] - f2 - epoch 6 - mAP: 0.373 w/ 88 queries
00:24:06 - process[5]: training epoch 7 ...
00:26:28 - process[5] - epoch 7 - train iter 625 - 3755.6 words/s - loss: 0.1477
00:26:28 - process[5]: evaluating epoch 7 on f1 ...
00:28:15 - f1 set during evaluation: 35912/35910
00:28:15 - process[5] - f1 - epoch 7 - mAP: 0.412 w/ 88 queries
00:28:15 - process[5]: evaluating epoch 7 on f2 ...
00:30:07 - process[5] - f2 - epoch 7 - mAP: 0.360 w/ 88 queries
00:30:07 - process[5]: training epoch 8 ...
00:32:18 - process[5] - epoch 8 - train iter 625 - 4064.1 words/s - loss: 0.1316
00:32:18 - process[5]: evaluating epoch 8 on f1 ...
00:34:19 - f1 set during evaluation: 35912/35910
00:34:19 - process[5] - f1 - epoch 8 - mAP: 0.415 w/ 88 queries
00:34:19 - process[5]: evaluating epoch 8 on f2 ...
00:36:11 - process[5] - f2 - epoch 8 - mAP: 0.378 w/ 88 queries
00:36:11 - process[5]: training epoch 9 ...
00:38:16 - process[5] - epoch 9 - train iter 625 - 4192.7 words/s - loss: 0.1067
00:38:16 - process[5]: evaluating epoch 9 on f1 ...
00:40:24 - f1 set during evaluation: 35912/35910
00:40:24 - process[5] - f1 - epoch 9 - mAP: 0.409 w/ 88 queries
00:40:24 - process[5]: evaluating epoch 9 on f2 ...
00:42:16 - process[5] - f2 - epoch 9 - mAP: 0.372 w/ 88 queries
