00:00:07 - Namespace(apex_level='O2', batch_size=8, cased=False, dataset='clef', debug=False, encoder_lr=2e-05, eval_step=1, full_doc_length=True, local_rank=6, model_path='/mnt/scratch/puxuan/short_qlm_mix/2192279/huggingface-14', model_type='mbert', num_epochs=20, num_ft_encoders=3, num_neg=1, projector_lr=2e-05, seed=611, source_lang='es', target_lang='en')
00:00:15 - Evaluating every 1 epochs ...
00:00:15 - reading data from /mnt/home/puxuan/CLIR-project/Evaluation_data/process-clef/uncased
00:00:16 - test has 35 queries ...
00:00:16 - Data reading done ...
00:00:22 - adding 9-th encoder to optimizer...
00:00:22 - adding 10-th encoder to optimizer...
00:00:22 - adding 11-th encoder to optimizer...
00:00:23 - process[6]: training epoch 0 ...
00:00:35 - process[6] - epoch 0 - train iter 197 - 14751.8 words/s - loss: 0.6814
00:00:35 - process[6]: training epoch 1 ...
00:00:46 - process[6] - epoch 1 - train iter 197 - 15988.4 words/s - loss: 0.5604
00:00:46 - process[6]: training epoch 2 ...
00:00:57 - process[6] - epoch 2 - train iter 197 - 16021.8 words/s - loss: 0.5268
00:00:57 - process[6]: training epoch 3 ...
00:01:07 - process[6] - epoch 3 - train iter 197 - 17681.6 words/s - loss: 0.4699
00:01:07 - process[6]: training epoch 4 ...
00:01:18 - process[6] - epoch 4 - train iter 197 - 17075.4 words/s - loss: 0.4347
00:01:18 - process[6]: training epoch 5 ...
00:01:28 - process[6] - epoch 5 - train iter 197 - 16772.7 words/s - loss: 0.4397
00:01:28 - process[6]: training epoch 6 ...
00:01:39 - process[6] - epoch 6 - train iter 197 - 17161.0 words/s - loss: 0.4045
00:01:39 - process[6]: training epoch 7 ...
00:01:49 - process[6] - epoch 7 - train iter 197 - 16854.8 words/s - loss: 0.3712
00:01:49 - process[6]: training epoch 8 ...
00:02:00 - process[6] - epoch 8 - train iter 197 - 16060.6 words/s - loss: 0.4383
00:02:00 - process[6]: training epoch 9 ...
00:02:11 - process[6] - epoch 9 - train iter 197 - 16607.3 words/s - loss: 0.4256
00:02:11 - process[6]: training epoch 10 ...
00:02:22 - process[6] - epoch 10 - train iter 197 - 15808.2 words/s - loss: 0.3858
00:02:22 - process[6]: evaluating epoch 10 on dev ...
00:03:13 - dev set during evaluation: 14160/14157
00:03:13 - process[6] - dev - epoch 10 - mAP: 0.505 w/ 35 queries
00:03:13 - process[6]: evaluating epoch 10 on test ...
00:03:54 - test set during evaluation: 14980/14975
00:03:54 - process[6] - test - epoch 10 - mAP: 0.482 w/ 35 queries
00:03:54 - process[6]: training epoch 11 ...
00:04:05 - process[6] - epoch 11 - train iter 197 - 16863.1 words/s - loss: 0.3706
00:04:05 - process[6]: evaluating epoch 11 on dev ...
00:04:51 - dev set during evaluation: 14160/14157
00:04:51 - process[6] - dev - epoch 11 - mAP: 0.463 w/ 35 queries
00:04:51 - process[6]: training epoch 12 ...
00:05:02 - process[6] - epoch 12 - train iter 197 - 15684.2 words/s - loss: 0.3794
00:05:02 - process[6]: evaluating epoch 12 on dev ...
00:05:45 - dev set during evaluation: 14160/14157
00:05:45 - process[6] - dev - epoch 12 - mAP: 0.476 w/ 35 queries
00:05:45 - process[6]: training epoch 13 ...
00:05:56 - process[6] - epoch 13 - train iter 197 - 15484.7 words/s - loss: 0.4133
00:05:56 - process[6]: evaluating epoch 13 on dev ...
00:06:41 - dev set during evaluation: 14160/14157
00:06:41 - process[6] - dev - epoch 13 - mAP: 0.487 w/ 35 queries
00:06:41 - process[6]: training epoch 14 ...
00:06:52 - process[6] - epoch 14 - train iter 197 - 16134.0 words/s - loss: 0.4043
00:06:52 - process[6]: evaluating epoch 14 on dev ...
00:07:36 - dev set during evaluation: 14160/14157
00:07:36 - process[6] - dev - epoch 14 - mAP: 0.478 w/ 35 queries
00:07:36 - process[6]: training epoch 15 ...
00:07:47 - process[6] - epoch 15 - train iter 197 - 16940.4 words/s - loss: 0.3917
00:07:47 - process[6]: evaluating epoch 15 on dev ...
00:08:31 - dev set during evaluation: 14160/14157
00:08:31 - process[6] - dev - epoch 15 - mAP: 0.452 w/ 35 queries
00:08:31 - process[6]: training epoch 16 ...
00:08:42 - process[6] - epoch 16 - train iter 197 - 16831.5 words/s - loss: 0.3559
00:08:42 - process[6]: evaluating epoch 16 on dev ...
00:09:27 - dev set during evaluation: 14160/14157
00:09:27 - process[6] - dev - epoch 16 - mAP: 0.461 w/ 35 queries
00:09:27 - process[6]: training epoch 17 ...
00:09:38 - process[6] - epoch 17 - train iter 197 - 16256.8 words/s - loss: 0.4172
00:09:38 - process[6]: evaluating epoch 17 on dev ...
00:10:22 - dev set during evaluation: 14160/14157
00:10:22 - process[6] - dev - epoch 17 - mAP: 0.488 w/ 35 queries
00:10:22 - process[6]: training epoch 18 ...
00:10:34 - process[6] - epoch 18 - train iter 197 - 15000.7 words/s - loss: 0.3762
00:10:34 - process[6]: evaluating epoch 18 on dev ...
00:11:17 - dev set during evaluation: 14160/14157
00:11:17 - process[6] - dev - epoch 18 - mAP: 0.497 w/ 35 queries
00:11:17 - process[6]: training epoch 19 ...
00:11:28 - process[6] - epoch 19 - train iter 197 - 15619.1 words/s - loss: 0.3026
00:11:28 - process[6]: evaluating epoch 19 on dev ...
00:12:13 - dev set during evaluation: 14160/14157
00:12:13 - process[6] - dev - epoch 19 - mAP: 0.474 w/ 35 queries
00:12:13 - [fold 1] best test MAP: 0.482 @ epoch 10
00:12:13 - Evaluating every 1 epochs ...
00:12:13 - reading data from /mnt/home/puxuan/CLIR-project/Evaluation_data/process-clef/uncased
00:12:14 - test has 36 queries ...
00:12:14 - Data reading done ...
00:12:15 - adding 9-th encoder to optimizer...
00:12:15 - adding 10-th encoder to optimizer...
00:12:15 - adding 11-th encoder to optimizer...
00:12:16 - process[6]: training epoch 0 ...
00:12:26 - process[6] - epoch 0 - train iter 187 - 16235.2 words/s - loss: 0.6763
00:12:26 - process[6]: training epoch 1 ...
00:12:36 - process[6] - epoch 1 - train iter 187 - 16413.4 words/s - loss: 0.5480
00:12:36 - process[6]: training epoch 2 ...
00:12:47 - process[6] - epoch 2 - train iter 187 - 16290.5 words/s - loss: 0.4743
00:12:47 - process[6]: training epoch 3 ...
00:12:57 - process[6] - epoch 3 - train iter 187 - 16711.7 words/s - loss: 0.5086
00:12:57 - process[6]: training epoch 4 ...
00:13:07 - process[6] - epoch 4 - train iter 187 - 17096.0 words/s - loss: 0.4012
00:13:07 - process[6]: training epoch 5 ...
00:13:17 - process[6] - epoch 5 - train iter 187 - 16435.7 words/s - loss: 0.4529
00:13:17 - process[6]: training epoch 6 ...
00:13:28 - process[6] - epoch 6 - train iter 187 - 16440.0 words/s - loss: 0.4506
00:13:28 - process[6]: training epoch 7 ...
00:13:37 - process[6] - epoch 7 - train iter 187 - 17867.2 words/s - loss: 0.4138
00:13:37 - process[6]: training epoch 8 ...
00:13:46 - process[6] - epoch 8 - train iter 187 - 19021.8 words/s - loss: 0.3875
00:13:46 - process[6]: training epoch 9 ...
00:13:56 - process[6] - epoch 9 - train iter 187 - 17362.6 words/s - loss: 0.4130
00:13:56 - process[6]: training epoch 10 ...
00:14:05 - process[6] - epoch 10 - train iter 187 - 18112.0 words/s - loss: 0.3621
00:14:05 - process[6]: evaluating epoch 10 on dev ...
00:14:53 - dev set during evaluation: 14980/14975
00:14:53 - process[6] - dev - epoch 10 - mAP: 0.496 w/ 35 queries
00:14:53 - process[6]: evaluating epoch 10 on test ...
00:15:36 - test set during evaluation: 15300/15294
00:15:36 - process[6] - test - epoch 10 - mAP: 0.461 w/ 36 queries
00:15:36 - process[6]: training epoch 11 ...
00:15:46 - process[6] - epoch 11 - train iter 187 - 15983.4 words/s - loss: 0.4574
00:15:46 - process[6]: evaluating epoch 11 on dev ...
00:16:28 - dev set during evaluation: 14980/14975
00:16:28 - process[6] - dev - epoch 11 - mAP: 0.476 w/ 35 queries
00:16:28 - process[6]: training epoch 12 ...
00:16:39 - process[6] - epoch 12 - train iter 187 - 15980.9 words/s - loss: 0.4277
00:16:39 - process[6]: evaluating epoch 12 on dev ...
00:17:19 - dev set during evaluation: 14980/14975
00:17:19 - process[6] - dev - epoch 12 - mAP: 0.458 w/ 35 queries
00:17:19 - process[6]: training epoch 13 ...
00:17:29 - process[6] - epoch 13 - train iter 187 - 16800.1 words/s - loss: 0.3556
00:17:29 - process[6]: evaluating epoch 13 on dev ...
00:18:11 - dev set during evaluation: 14980/14975
00:18:11 - process[6] - dev - epoch 13 - mAP: 0.475 w/ 35 queries
00:18:11 - process[6]: training epoch 14 ...
00:18:20 - process[6] - epoch 14 - train iter 187 - 17709.6 words/s - loss: 0.3671
00:18:20 - process[6]: evaluating epoch 14 on dev ...
00:19:03 - dev set during evaluation: 14980/14975
00:19:03 - process[6] - dev - epoch 14 - mAP: 0.456 w/ 35 queries
00:19:03 - process[6]: training epoch 15 ...
00:19:13 - process[6] - epoch 15 - train iter 187 - 16012.5 words/s - loss: 0.4102
00:19:13 - process[6]: evaluating epoch 15 on dev ...
00:19:54 - dev set during evaluation: 14980/14975
00:19:54 - process[6] - dev - epoch 15 - mAP: 0.418 w/ 35 queries
00:19:54 - process[6]: training epoch 16 ...
00:20:04 - process[6] - epoch 16 - train iter 187 - 16997.9 words/s - loss: 0.3211
00:20:04 - process[6]: evaluating epoch 16 on dev ...
00:20:45 - dev set during evaluation: 14980/14975
00:20:45 - process[6] - dev - epoch 16 - mAP: 0.464 w/ 35 queries
00:20:45 - process[6]: training epoch 17 ...
00:20:56 - process[6] - epoch 17 - train iter 187 - 16210.8 words/s - loss: 0.3754
00:20:56 - process[6]: evaluating epoch 17 on dev ...
00:21:36 - dev set during evaluation: 14980/14975
00:21:36 - process[6] - dev - epoch 17 - mAP: 0.469 w/ 35 queries
00:21:36 - process[6]: training epoch 18 ...
00:21:45 - process[6] - epoch 18 - train iter 187 - 18248.4 words/s - loss: 0.3517
00:21:45 - process[6]: evaluating epoch 18 on dev ...
00:22:29 - dev set during evaluation: 14980/14975
00:22:29 - process[6] - dev - epoch 18 - mAP: 0.493 w/ 35 queries
00:22:29 - process[6]: training epoch 19 ...
00:22:38 - process[6] - epoch 19 - train iter 187 - 18242.1 words/s - loss: 0.4135
00:22:38 - process[6]: evaluating epoch 19 on dev ...
00:23:21 - dev set during evaluation: 14980/14975
00:23:21 - process[6] - dev - epoch 19 - mAP: 0.440 w/ 35 queries
00:23:21 - [fold 2] best test MAP: 0.461 @ epoch 10
00:23:21 - Evaluating every 1 epochs ...
00:23:21 - reading data from /mnt/home/puxuan/CLIR-project/Evaluation_data/process-clef/uncased
00:23:22 - test has 35 queries ...
00:23:22 - Data reading done ...
00:23:23 - adding 9-th encoder to optimizer...
00:23:23 - adding 10-th encoder to optimizer...
00:23:23 - adding 11-th encoder to optimizer...
00:23:24 - process[6]: training epoch 0 ...
00:23:35 - process[6] - epoch 0 - train iter 196 - 16282.5 words/s - loss: 0.6698
00:23:35 - process[6]: training epoch 1 ...
00:23:46 - process[6] - epoch 1 - train iter 196 - 15909.2 words/s - loss: 0.5677
00:23:46 - process[6]: training epoch 2 ...
00:23:56 - process[6] - epoch 2 - train iter 196 - 17058.6 words/s - loss: 0.4961
00:23:56 - process[6]: training epoch 3 ...
00:24:07 - process[6] - epoch 3 - train iter 196 - 17081.2 words/s - loss: 0.4696
00:24:07 - process[6]: training epoch 4 ...
00:24:17 - process[6] - epoch 4 - train iter 196 - 17571.5 words/s - loss: 0.4918
00:24:17 - process[6]: training epoch 5 ...
00:24:27 - process[6] - epoch 5 - train iter 196 - 18135.6 words/s - loss: 0.4385
00:24:27 - process[6]: training epoch 6 ...
00:24:36 - process[6] - epoch 6 - train iter 196 - 18357.7 words/s - loss: 0.4686
00:24:36 - process[6]: training epoch 7 ...
00:24:47 - process[6] - epoch 7 - train iter 196 - 17210.9 words/s - loss: 0.4042
00:24:47 - process[6]: training epoch 8 ...
00:24:57 - process[6] - epoch 8 - train iter 196 - 17890.5 words/s - loss: 0.4534
00:24:57 - process[6]: training epoch 9 ...
00:25:07 - process[6] - epoch 9 - train iter 196 - 17033.6 words/s - loss: 0.3907
00:25:07 - process[6]: training epoch 10 ...
00:25:18 - process[6] - epoch 10 - train iter 196 - 16753.2 words/s - loss: 0.4469
00:25:18 - process[6]: evaluating epoch 10 on dev ...
00:26:04 - dev set during evaluation: 15300/15294
00:26:04 - process[6] - dev - epoch 10 - mAP: 0.427 w/ 36 queries
00:26:04 - process[6]: evaluating epoch 10 on test ...
00:26:46 - test set during evaluation: 15480/15477
00:26:46 - process[6] - test - epoch 10 - mAP: 0.395 w/ 35 queries
00:26:46 - process[6]: training epoch 11 ...
00:26:57 - process[6] - epoch 11 - train iter 196 - 17009.3 words/s - loss: 0.3816
00:26:57 - process[6]: evaluating epoch 11 on dev ...
00:27:39 - dev set during evaluation: 15300/15294
00:27:39 - process[6] - dev - epoch 11 - mAP: 0.454 w/ 36 queries
00:27:39 - process[6]: evaluating epoch 11 on test ...
00:28:21 - test set during evaluation: 15480/15477
00:28:21 - process[6] - test - epoch 11 - mAP: 0.404 w/ 35 queries
00:28:21 - process[6]: training epoch 12 ...
00:28:33 - process[6] - epoch 12 - train iter 196 - 15545.3 words/s - loss: 0.4051
00:28:33 - process[6]: evaluating epoch 12 on dev ...
00:29:14 - dev set during evaluation: 15300/15294
00:29:14 - process[6] - dev - epoch 12 - mAP: 0.428 w/ 36 queries
00:29:14 - process[6]: training epoch 13 ...
00:29:24 - process[6] - epoch 13 - train iter 196 - 17893.3 words/s - loss: 0.3590
00:29:24 - process[6]: evaluating epoch 13 on dev ...
00:30:07 - dev set during evaluation: 15300/15294
00:30:07 - process[6] - dev - epoch 13 - mAP: 0.439 w/ 36 queries
00:30:07 - process[6]: training epoch 14 ...
00:30:17 - process[6] - epoch 14 - train iter 196 - 17788.3 words/s - loss: 0.3380
00:30:17 - process[6]: evaluating epoch 14 on dev ...
00:31:00 - dev set during evaluation: 15300/15294
00:31:00 - process[6] - dev - epoch 14 - mAP: 0.442 w/ 36 queries
00:31:00 - process[6]: training epoch 15 ...
00:31:11 - process[6] - epoch 15 - train iter 196 - 17079.3 words/s - loss: 0.4103
00:31:11 - process[6]: evaluating epoch 15 on dev ...
00:31:53 - dev set during evaluation: 15300/15294
00:31:53 - process[6] - dev - epoch 15 - mAP: 0.454 w/ 36 queries
00:31:53 - process[6]: evaluating epoch 15 on test ...
00:32:34 - test set during evaluation: 15480/15477
00:32:35 - process[6] - test - epoch 15 - mAP: 0.411 w/ 35 queries
00:32:35 - process[6]: training epoch 16 ...
00:32:45 - process[6] - epoch 16 - train iter 196 - 17220.0 words/s - loss: 0.3929
00:32:45 - process[6]: evaluating epoch 16 on dev ...
00:33:27 - dev set during evaluation: 15300/15294
00:33:27 - process[6] - dev - epoch 16 - mAP: 0.437 w/ 36 queries
00:33:27 - process[6]: training epoch 17 ...
00:33:38 - process[6] - epoch 17 - train iter 196 - 17645.8 words/s - loss: 0.3365
00:33:38 - process[6]: evaluating epoch 17 on dev ...
00:34:20 - dev set during evaluation: 15300/15294
00:34:20 - process[6] - dev - epoch 17 - mAP: 0.455 w/ 36 queries
00:34:20 - process[6]: evaluating epoch 17 on test ...
00:35:02 - test set during evaluation: 15480/15477
00:35:02 - process[6] - test - epoch 17 - mAP: 0.382 w/ 35 queries
00:35:02 - process[6]: training epoch 18 ...
00:35:12 - process[6] - epoch 18 - train iter 196 - 17463.2 words/s - loss: 0.3573
00:35:12 - process[6]: evaluating epoch 18 on dev ...
00:35:55 - dev set during evaluation: 15300/15294
00:35:55 - process[6] - dev - epoch 18 - mAP: 0.445 w/ 36 queries
00:35:55 - process[6]: training epoch 19 ...
00:36:05 - process[6] - epoch 19 - train iter 196 - 17390.4 words/s - loss: 0.3611
00:36:05 - process[6]: evaluating epoch 19 on dev ...
00:36:48 - dev set during evaluation: 15300/15294
00:36:48 - process[6] - dev - epoch 19 - mAP: 0.463 w/ 36 queries
00:36:48 - process[6]: evaluating epoch 19 on test ...
00:37:30 - test set during evaluation: 15480/15477
00:37:30 - process[6] - test - epoch 19 - mAP: 0.385 w/ 35 queries
00:37:30 - [fold 3] best test MAP: 0.385 @ epoch 19
00:37:30 - Evaluating every 1 epochs ...
00:37:30 - reading data from /mnt/home/puxuan/CLIR-project/Evaluation_data/process-clef/uncased
00:37:31 - test has 35 queries ...
00:37:31 - Data reading done ...
00:37:32 - adding 9-th encoder to optimizer...
00:37:32 - adding 10-th encoder to optimizer...
00:37:32 - adding 11-th encoder to optimizer...
00:37:33 - process[6]: training epoch 0 ...
00:37:44 - process[6] - epoch 0 - train iter 207 - 16445.4 words/s - loss: 0.6809
00:37:44 - process[6]: training epoch 1 ...
00:37:55 - process[6] - epoch 1 - train iter 207 - 17667.6 words/s - loss: 0.5732
00:37:55 - process[6]: training epoch 2 ...
00:38:06 - process[6] - epoch 2 - train iter 207 - 16622.6 words/s - loss: 0.5083
00:38:06 - process[6]: training epoch 3 ...
00:38:17 - process[6] - epoch 3 - train iter 207 - 17261.4 words/s - loss: 0.4335
00:38:17 - process[6]: training epoch 4 ...
00:38:27 - process[6] - epoch 4 - train iter 207 - 18196.7 words/s - loss: 0.4689
00:38:27 - process[6]: training epoch 5 ...
00:38:39 - process[6] - epoch 5 - train iter 207 - 15550.3 words/s - loss: 0.4628
00:38:39 - process[6]: training epoch 6 ...
00:38:51 - process[6] - epoch 6 - train iter 207 - 15531.3 words/s - loss: 0.3517
00:38:51 - process[6]: training epoch 7 ...
00:39:01 - process[6] - epoch 7 - train iter 207 - 17994.8 words/s - loss: 0.4226
00:39:01 - process[6]: training epoch 8 ...
00:39:14 - process[6] - epoch 8 - train iter 207 - 14679.8 words/s - loss: 0.4098
00:39:14 - process[6]: training epoch 9 ...
00:39:26 - process[6] - epoch 9 - train iter 207 - 16355.6 words/s - loss: 0.4165
00:39:26 - process[6]: training epoch 10 ...
00:39:38 - process[6] - epoch 10 - train iter 207 - 15199.9 words/s - loss: 0.4284
00:39:38 - process[6]: evaluating epoch 10 on dev ...
00:40:21 - dev set during evaluation: 15480/15477
00:40:21 - process[6] - dev - epoch 10 - mAP: 0.429 w/ 35 queries
00:40:21 - process[6]: evaluating epoch 10 on test ...
00:41:03 - test set during evaluation: 14470/14463
00:41:03 - process[6] - test - epoch 10 - mAP: 0.417 w/ 35 queries
00:41:03 - process[6]: training epoch 11 ...
00:41:14 - process[6] - epoch 11 - train iter 207 - 17433.7 words/s - loss: 0.3774
00:41:14 - process[6]: evaluating epoch 11 on dev ...
00:41:56 - dev set during evaluation: 15480/15477
00:41:56 - process[6] - dev - epoch 11 - mAP: 0.411 w/ 35 queries
00:41:56 - process[6]: training epoch 12 ...
00:42:07 - process[6] - epoch 12 - train iter 207 - 17272.7 words/s - loss: 0.3723
00:42:07 - process[6]: evaluating epoch 12 on dev ...
00:42:50 - dev set during evaluation: 15480/15477
00:42:50 - process[6] - dev - epoch 12 - mAP: 0.394 w/ 35 queries
00:42:50 - process[6]: training epoch 13 ...
00:43:01 - process[6] - epoch 13 - train iter 207 - 16594.3 words/s - loss: 0.3391
00:43:01 - process[6]: evaluating epoch 13 on dev ...
00:43:43 - dev set during evaluation: 15480/15477
00:43:43 - process[6] - dev - epoch 13 - mAP: 0.387 w/ 35 queries
00:43:43 - process[6]: training epoch 14 ...
00:43:55 - process[6] - epoch 14 - train iter 207 - 16167.9 words/s - loss: 0.4180
00:43:55 - process[6]: evaluating epoch 14 on dev ...
00:44:37 - dev set during evaluation: 15480/15477
00:44:37 - process[6] - dev - epoch 14 - mAP: 0.392 w/ 35 queries
00:44:37 - process[6]: training epoch 15 ...
00:44:48 - process[6] - epoch 15 - train iter 207 - 17316.5 words/s - loss: 0.3571
00:44:48 - process[6]: evaluating epoch 15 on dev ...
00:45:30 - dev set during evaluation: 15480/15477
00:45:30 - process[6] - dev - epoch 15 - mAP: 0.405 w/ 35 queries
00:45:30 - process[6]: training epoch 16 ...
00:45:41 - process[6] - epoch 16 - train iter 207 - 16887.1 words/s - loss: 0.3791
00:45:41 - process[6]: evaluating epoch 16 on dev ...
00:46:23 - dev set during evaluation: 15480/15477
00:46:23 - process[6] - dev - epoch 16 - mAP: 0.393 w/ 35 queries
00:46:23 - process[6]: training epoch 17 ...
00:46:34 - process[6] - epoch 17 - train iter 207 - 17390.1 words/s - loss: 0.3253
00:46:34 - process[6]: evaluating epoch 17 on dev ...
00:47:18 - dev set during evaluation: 15480/15477
00:47:18 - process[6] - dev - epoch 17 - mAP: 0.413 w/ 35 queries
00:47:18 - process[6]: training epoch 18 ...
00:47:30 - process[6] - epoch 18 - train iter 207 - 16073.9 words/s - loss: 0.3425
00:47:30 - process[6]: evaluating epoch 18 on dev ...
00:48:11 - dev set during evaluation: 15480/15477
00:48:11 - process[6] - dev - epoch 18 - mAP: 0.416 w/ 35 queries
00:48:11 - process[6]: training epoch 19 ...
00:48:23 - process[6] - epoch 19 - train iter 207 - 16308.3 words/s - loss: 0.3435
00:48:23 - process[6]: evaluating epoch 19 on dev ...
00:49:05 - dev set during evaluation: 15480/15477
00:49:05 - process[6] - dev - epoch 19 - mAP: 0.409 w/ 35 queries
00:49:05 - [fold 4] best test MAP: 0.417 @ epoch 10
00:49:05 - Evaluating every 1 epochs ...
00:49:05 - reading data from /mnt/home/puxuan/CLIR-project/Evaluation_data/process-clef/uncased
00:49:06 - test has 35 queries ...
00:49:06 - Data reading done ...
00:49:07 - adding 9-th encoder to optimizer...
00:49:07 - adding 10-th encoder to optimizer...
00:49:07 - adding 11-th encoder to optimizer...
00:49:08 - process[6]: training epoch 0 ...
00:49:18 - process[6] - epoch 0 - train iter 195 - 16100.2 words/s - loss: 0.6661
00:49:18 - process[6]: training epoch 1 ...
00:49:29 - process[6] - epoch 1 - train iter 195 - 17095.3 words/s - loss: 0.5027
00:49:29 - process[6]: training epoch 2 ...
00:49:39 - process[6] - epoch 2 - train iter 195 - 16638.0 words/s - loss: 0.4815
00:49:39 - process[6]: training epoch 3 ...
00:49:50 - process[6] - epoch 3 - train iter 195 - 16929.2 words/s - loss: 0.4552
00:49:50 - process[6]: training epoch 4 ...
00:50:00 - process[6] - epoch 4 - train iter 195 - 17287.0 words/s - loss: 0.4225
00:50:00 - process[6]: training epoch 5 ...
00:50:11 - process[6] - epoch 5 - train iter 195 - 15699.8 words/s - loss: 0.3903
00:50:11 - process[6]: training epoch 6 ...
00:50:22 - process[6] - epoch 6 - train iter 195 - 16543.3 words/s - loss: 0.4533
00:50:22 - process[6]: training epoch 7 ...
00:50:33 - process[6] - epoch 7 - train iter 195 - 15787.1 words/s - loss: 0.3784
00:50:33 - process[6]: training epoch 8 ...
00:50:44 - process[6] - epoch 8 - train iter 195 - 15651.0 words/s - loss: 0.3677
00:50:44 - process[6]: training epoch 9 ...
00:50:56 - process[6] - epoch 9 - train iter 195 - 15379.3 words/s - loss: 0.3705
00:50:56 - process[6]: training epoch 10 ...
00:51:05 - process[6] - epoch 10 - train iter 195 - 17840.2 words/s - loss: 0.3983
00:51:05 - process[6]: evaluating epoch 10 on dev ...
00:51:51 - dev set during evaluation: 14470/14463
00:51:51 - process[6] - dev - epoch 10 - mAP: 0.409 w/ 35 queries
00:51:51 - process[6]: evaluating epoch 10 on test ...
00:52:36 - test set during evaluation: 14160/14157
00:52:36 - process[6] - test - epoch 10 - mAP: 0.497 w/ 35 queries
00:52:36 - process[6]: training epoch 11 ...
00:52:47 - process[6] - epoch 11 - train iter 195 - 16274.8 words/s - loss: 0.4023
00:52:47 - process[6]: evaluating epoch 11 on dev ...
00:53:31 - dev set during evaluation: 14470/14463
00:53:31 - process[6] - dev - epoch 11 - mAP: 0.435 w/ 35 queries
00:53:31 - process[6]: evaluating epoch 11 on test ...
00:54:16 - test set during evaluation: 14160/14157
00:54:16 - process[6] - test - epoch 11 - mAP: 0.481 w/ 35 queries
00:54:16 - process[6]: training epoch 12 ...
00:54:26 - process[6] - epoch 12 - train iter 195 - 17394.2 words/s - loss: 0.3869
00:54:26 - process[6]: evaluating epoch 12 on dev ...
00:55:08 - dev set during evaluation: 14470/14463
00:55:08 - process[6] - dev - epoch 12 - mAP: 0.426 w/ 35 queries
00:55:08 - process[6]: training epoch 13 ...
00:55:19 - process[6] - epoch 13 - train iter 195 - 16079.8 words/s - loss: 0.3731
00:55:19 - process[6]: evaluating epoch 13 on dev ...
00:56:01 - dev set during evaluation: 14470/14463
00:56:01 - process[6] - dev - epoch 13 - mAP: 0.467 w/ 35 queries
00:56:01 - process[6]: evaluating epoch 13 on test ...
00:56:46 - test set during evaluation: 14160/14157
00:56:46 - process[6] - test - epoch 13 - mAP: 0.494 w/ 35 queries
00:56:46 - process[6]: training epoch 14 ...
00:56:57 - process[6] - epoch 14 - train iter 195 - 16746.0 words/s - loss: 0.3097
00:56:57 - process[6]: evaluating epoch 14 on dev ...
00:57:40 - dev set during evaluation: 14470/14463
00:57:40 - process[6] - dev - epoch 14 - mAP: 0.401 w/ 35 queries
00:57:40 - process[6]: training epoch 15 ...
00:57:50 - process[6] - epoch 15 - train iter 195 - 16542.3 words/s - loss: 0.3518
00:57:50 - process[6]: evaluating epoch 15 on dev ...
00:58:32 - dev set during evaluation: 14470/14463
00:58:32 - process[6] - dev - epoch 15 - mAP: 0.408 w/ 35 queries
00:58:32 - process[6]: training epoch 16 ...
00:58:42 - process[6] - epoch 16 - train iter 195 - 17249.7 words/s - loss: 0.3723
00:58:42 - process[6]: evaluating epoch 16 on dev ...
00:59:25 - dev set during evaluation: 14470/14463
00:59:25 - process[6] - dev - epoch 16 - mAP: 0.447 w/ 35 queries
00:59:25 - process[6]: training epoch 17 ...
00:59:35 - process[6] - epoch 17 - train iter 195 - 17981.9 words/s - loss: 0.3392
00:59:35 - process[6]: evaluating epoch 17 on dev ...
01:00:19 - dev set during evaluation: 14470/14463
01:00:19 - process[6] - dev - epoch 17 - mAP: 0.425 w/ 35 queries
01:00:19 - process[6]: training epoch 18 ...
01:00:28 - process[6] - epoch 18 - train iter 195 - 17589.0 words/s - loss: 0.4111
01:00:28 - process[6]: evaluating epoch 18 on dev ...
01:01:11 - dev set during evaluation: 14470/14463
01:01:11 - process[6] - dev - epoch 18 - mAP: 0.419 w/ 35 queries
01:01:11 - process[6]: training epoch 19 ...
01:01:23 - process[6] - epoch 19 - train iter 195 - 15702.8 words/s - loss: 0.3573
01:01:23 - process[6]: evaluating epoch 19 on dev ...
01:02:04 - dev set during evaluation: 14470/14463
01:02:04 - process[6] - dev - epoch 19 - mAP: 0.462 w/ 35 queries
01:02:04 - [fold 5] best test MAP: 0.494 @ epoch 13
01:02:04 - [0.48172515977382274, 0.4612199100455911, 0.3845903418875619, 0.41739814952731563, 0.4942434098515859]
01:02:04 - [35, 36, 35, 35, 35]
01:02:04 - final MAP: 0.448
