00:00:07 - Namespace(apex_level='O2', batch_size=8, cased=False, dataset='clef', debug=False, encoder_lr=2e-05, eval_step=1, full_doc_length=True, local_rank=0, model_path='/mnt/scratch/puxuan/short_qlm_mix/2192279/huggingface-14', model_type='mbert', num_epochs=20, num_ft_encoders=3, num_neg=1, projector_lr=2e-05, seed=611, source_lang='es', target_lang='en')
00:00:15 - Evaluating every 1 epochs ...
00:00:15 - reading data from /mnt/home/puxuan/CLIR-project/Evaluation_data/process-clef/uncased
00:00:16 - test has 35 queries ...
00:00:16 - Data reading done ...
00:00:22 - adding 9-th encoder to optimizer...
00:00:22 - adding 10-th encoder to optimizer...
00:00:22 - adding 11-th encoder to optimizer...
00:00:23 - process[0]: training epoch 0 ...
00:00:35 - process[0] - epoch 0 - train iter 197 - 15274.9 words/s - loss: 0.6815
00:00:35 - process[0]: training epoch 1 ...
00:00:45 - process[0] - epoch 1 - train iter 197 - 16725.9 words/s - loss: 0.5967
00:00:45 - process[0]: training epoch 2 ...
00:00:56 - process[0] - epoch 2 - train iter 197 - 16226.0 words/s - loss: 0.4981
00:00:56 - process[0]: training epoch 3 ...
00:01:08 - process[0] - epoch 3 - train iter 197 - 14761.8 words/s - loss: 0.4705
00:01:08 - process[0]: training epoch 4 ...
00:01:19 - process[0] - epoch 4 - train iter 197 - 16487.9 words/s - loss: 0.4428
00:01:19 - process[0]: training epoch 5 ...
00:01:30 - process[0] - epoch 5 - train iter 197 - 16449.6 words/s - loss: 0.4696
00:01:30 - process[0]: training epoch 6 ...
00:01:41 - process[0] - epoch 6 - train iter 197 - 16620.3 words/s - loss: 0.3903
00:01:41 - process[0]: training epoch 7 ...
00:01:51 - process[0] - epoch 7 - train iter 197 - 17175.2 words/s - loss: 0.4100
00:01:51 - process[0]: training epoch 8 ...
00:02:02 - process[0] - epoch 8 - train iter 197 - 15589.9 words/s - loss: 0.4479
00:02:02 - process[0]: training epoch 9 ...
00:02:13 - process[0] - epoch 9 - train iter 197 - 17580.7 words/s - loss: 0.3997
00:02:13 - process[0]: training epoch 10 ...
00:02:23 - process[0] - epoch 10 - train iter 197 - 18026.4 words/s - loss: 0.4246
00:02:23 - process[0]: evaluating epoch 10 on dev ...
00:03:13 - dev set during evaluation: 14160/14157
00:03:13 - process[0] - dev - epoch 10 - mAP: 0.505 w/ 35 queries
00:03:13 - removing file tmp_5f/mbert_esen_dev_9_10.txt
00:03:13 - removing file tmp_5f/mbert_esen_dev_1_10.txt
00:03:13 - removing file tmp_5f/mbert_esen_dev_4_10.txt
00:03:13 - removing file tmp_5f/mbert_esen_dev_7_10.txt
00:03:13 - removing file tmp_5f/mbert_esen_dev_2_10.txt
00:03:13 - removing file tmp_5f/mbert_esen_dev_6_10.txt
00:03:13 - removing file tmp_5f/mbert_esen_dev_0_10.txt
00:03:13 - removing file tmp_5f/mbert_esen_dev_5_10.txt
00:03:13 - removing file tmp_5f/mbert_esen_dev_3_10.txt
00:03:13 - removing file tmp_5f/mbert_esen_dev_8_10.txt
00:03:13 - process[0]: evaluating epoch 10 on test ...
00:03:54 - test set during evaluation: 14980/14975
00:03:54 - process[0] - test - epoch 10 - mAP: 0.482 w/ 35 queries
00:03:54 - removing file tmp_5f/mbert_esen_test_1_10.txt
00:03:54 - removing file tmp_5f/mbert_esen_test_5_10.txt
00:03:54 - removing file tmp_5f/mbert_esen_test_8_10.txt
00:03:54 - removing file tmp_5f/mbert_esen_test_2_10.txt
00:03:54 - removing file tmp_5f/mbert_esen_test_9_10.txt
00:03:54 - removing file tmp_5f/mbert_esen_test_3_10.txt
00:03:54 - removing file tmp_5f/mbert_esen_test_7_10.txt
00:03:54 - removing file tmp_5f/mbert_esen_test_4_10.txt
00:03:54 - removing file tmp_5f/mbert_esen_test_6_10.txt
00:03:54 - removing file tmp_5f/mbert_esen_test_0_10.txt
00:03:54 - process[0]: training epoch 11 ...
00:04:04 - process[0] - epoch 11 - train iter 197 - 18361.7 words/s - loss: 0.3745
00:04:04 - process[0]: evaluating epoch 11 on dev ...
00:04:51 - dev set during evaluation: 14160/14157
00:04:51 - process[0] - dev - epoch 11 - mAP: 0.463 w/ 35 queries
00:04:51 - removing file tmp_5f/mbert_esen_dev_8_11.txt
00:04:51 - removing file tmp_5f/mbert_esen_dev_5_11.txt
00:04:51 - removing file tmp_5f/mbert_esen_dev_2_11.txt
00:04:51 - removing file tmp_5f/mbert_esen_dev_4_11.txt
00:04:51 - removing file tmp_5f/mbert_esen_dev_1_11.txt
00:04:51 - removing file tmp_5f/mbert_esen_dev_7_11.txt
00:04:51 - removing file tmp_5f/mbert_esen_dev_3_11.txt
00:04:51 - removing file tmp_5f/mbert_esen_dev_6_11.txt
00:04:51 - removing file tmp_5f/mbert_esen_dev_9_11.txt
00:04:51 - removing file tmp_5f/mbert_esen_dev_0_11.txt
00:04:51 - process[0]: training epoch 12 ...
00:05:01 - process[0] - epoch 12 - train iter 197 - 17605.4 words/s - loss: 0.3540
00:05:01 - process[0]: evaluating epoch 12 on dev ...
00:05:45 - dev set during evaluation: 14160/14157
00:05:45 - process[0] - dev - epoch 12 - mAP: 0.476 w/ 35 queries
00:05:45 - removing file tmp_5f/mbert_esen_dev_2_12.txt
00:05:45 - removing file tmp_5f/mbert_esen_dev_5_12.txt
00:05:45 - removing file tmp_5f/mbert_esen_dev_3_12.txt
00:05:45 - removing file tmp_5f/mbert_esen_dev_6_12.txt
00:05:45 - removing file tmp_5f/mbert_esen_dev_8_12.txt
00:05:45 - removing file tmp_5f/mbert_esen_dev_9_12.txt
00:05:45 - removing file tmp_5f/mbert_esen_dev_7_12.txt
00:05:45 - removing file tmp_5f/mbert_esen_dev_4_12.txt
00:05:45 - removing file tmp_5f/mbert_esen_dev_1_12.txt
00:05:45 - removing file tmp_5f/mbert_esen_dev_0_12.txt
00:05:45 - process[0]: training epoch 13 ...
00:05:55 - process[0] - epoch 13 - train iter 197 - 16972.9 words/s - loss: 0.3965
00:05:55 - process[0]: evaluating epoch 13 on dev ...
00:06:41 - dev set during evaluation: 14160/14157
00:06:41 - process[0] - dev - epoch 13 - mAP: 0.487 w/ 35 queries
00:06:41 - removing file tmp_5f/mbert_esen_dev_8_13.txt
00:06:41 - removing file tmp_5f/mbert_esen_dev_2_13.txt
00:06:41 - removing file tmp_5f/mbert_esen_dev_7_13.txt
00:06:41 - removing file tmp_5f/mbert_esen_dev_9_13.txt
00:06:41 - removing file tmp_5f/mbert_esen_dev_3_13.txt
00:06:41 - removing file tmp_5f/mbert_esen_dev_1_13.txt
00:06:41 - removing file tmp_5f/mbert_esen_dev_0_13.txt
00:06:41 - removing file tmp_5f/mbert_esen_dev_5_13.txt
00:06:41 - removing file tmp_5f/mbert_esen_dev_6_13.txt
00:06:41 - removing file tmp_5f/mbert_esen_dev_4_13.txt
00:06:41 - process[0]: training epoch 14 ...
00:06:54 - process[0] - epoch 14 - train iter 197 - 14190.6 words/s - loss: 0.3361
00:06:54 - process[0]: evaluating epoch 14 on dev ...
00:07:36 - dev set during evaluation: 14160/14157
00:07:36 - process[0] - dev - epoch 14 - mAP: 0.478 w/ 35 queries
00:07:36 - removing file tmp_5f/mbert_esen_dev_3_14.txt
00:07:36 - removing file tmp_5f/mbert_esen_dev_1_14.txt
00:07:36 - removing file tmp_5f/mbert_esen_dev_7_14.txt
00:07:36 - removing file tmp_5f/mbert_esen_dev_4_14.txt
00:07:36 - removing file tmp_5f/mbert_esen_dev_8_14.txt
00:07:36 - removing file tmp_5f/mbert_esen_dev_9_14.txt
00:07:36 - removing file tmp_5f/mbert_esen_dev_6_14.txt
00:07:36 - removing file tmp_5f/mbert_esen_dev_5_14.txt
00:07:36 - removing file tmp_5f/mbert_esen_dev_0_14.txt
00:07:36 - removing file tmp_5f/mbert_esen_dev_2_14.txt
00:07:36 - process[0]: training epoch 15 ...
00:07:47 - process[0] - epoch 15 - train iter 197 - 16153.3 words/s - loss: 0.3535
00:07:47 - process[0]: evaluating epoch 15 on dev ...
00:08:31 - dev set during evaluation: 14160/14157
00:08:31 - process[0] - dev - epoch 15 - mAP: 0.452 w/ 35 queries
00:08:31 - removing file tmp_5f/mbert_esen_dev_8_15.txt
00:08:31 - removing file tmp_5f/mbert_esen_dev_5_15.txt
00:08:31 - removing file tmp_5f/mbert_esen_dev_2_15.txt
00:08:31 - removing file tmp_5f/mbert_esen_dev_7_15.txt
00:08:31 - removing file tmp_5f/mbert_esen_dev_1_15.txt
00:08:31 - removing file tmp_5f/mbert_esen_dev_0_15.txt
00:08:31 - removing file tmp_5f/mbert_esen_dev_6_15.txt
00:08:31 - removing file tmp_5f/mbert_esen_dev_3_15.txt
00:08:31 - removing file tmp_5f/mbert_esen_dev_9_15.txt
00:08:31 - removing file tmp_5f/mbert_esen_dev_4_15.txt
00:08:31 - process[0]: training epoch 16 ...
00:08:42 - process[0] - epoch 16 - train iter 197 - 16786.2 words/s - loss: 0.3757
00:08:42 - process[0]: evaluating epoch 16 on dev ...
00:09:26 - dev set during evaluation: 14160/14157
00:09:26 - process[0] - dev - epoch 16 - mAP: 0.461 w/ 35 queries
00:09:26 - removing file tmp_5f/mbert_esen_dev_1_16.txt
00:09:26 - removing file tmp_5f/mbert_esen_dev_0_16.txt
00:09:26 - removing file tmp_5f/mbert_esen_dev_2_16.txt
00:09:26 - removing file tmp_5f/mbert_esen_dev_5_16.txt
00:09:26 - removing file tmp_5f/mbert_esen_dev_3_16.txt
00:09:26 - removing file tmp_5f/mbert_esen_dev_7_16.txt
00:09:26 - removing file tmp_5f/mbert_esen_dev_4_16.txt
00:09:26 - removing file tmp_5f/mbert_esen_dev_6_16.txt
00:09:26 - removing file tmp_5f/mbert_esen_dev_9_16.txt
00:09:27 - removing file tmp_5f/mbert_esen_dev_8_16.txt
00:09:27 - process[0]: training epoch 17 ...
00:09:39 - process[0] - epoch 17 - train iter 197 - 14495.4 words/s - loss: 0.3394
00:09:39 - process[0]: evaluating epoch 17 on dev ...
00:10:22 - dev set during evaluation: 14160/14157
00:10:22 - process[0] - dev - epoch 17 - mAP: 0.488 w/ 35 queries
00:10:22 - removing file tmp_5f/mbert_esen_dev_8_17.txt
00:10:22 - removing file tmp_5f/mbert_esen_dev_6_17.txt
00:10:22 - removing file tmp_5f/mbert_esen_dev_5_17.txt
00:10:22 - removing file tmp_5f/mbert_esen_dev_2_17.txt
00:10:22 - removing file tmp_5f/mbert_esen_dev_4_17.txt
00:10:22 - removing file tmp_5f/mbert_esen_dev_1_17.txt
00:10:22 - removing file tmp_5f/mbert_esen_dev_0_17.txt
00:10:22 - removing file tmp_5f/mbert_esen_dev_3_17.txt
00:10:22 - removing file tmp_5f/mbert_esen_dev_7_17.txt
00:10:22 - removing file tmp_5f/mbert_esen_dev_9_17.txt
00:10:22 - process[0]: training epoch 18 ...
00:10:32 - process[0] - epoch 18 - train iter 197 - 17135.6 words/s - loss: 0.3526
00:10:32 - process[0]: evaluating epoch 18 on dev ...
00:11:17 - dev set during evaluation: 14160/14157
00:11:17 - process[0] - dev - epoch 18 - mAP: 0.497 w/ 35 queries
00:11:17 - removing file tmp_5f/mbert_esen_dev_2_18.txt
00:11:17 - removing file tmp_5f/mbert_esen_dev_1_18.txt
00:11:17 - removing file tmp_5f/mbert_esen_dev_3_18.txt
00:11:17 - removing file tmp_5f/mbert_esen_dev_7_18.txt
00:11:17 - removing file tmp_5f/mbert_esen_dev_9_18.txt
00:11:17 - removing file tmp_5f/mbert_esen_dev_8_18.txt
00:11:17 - removing file tmp_5f/mbert_esen_dev_6_18.txt
00:11:17 - removing file tmp_5f/mbert_esen_dev_0_18.txt
00:11:17 - removing file tmp_5f/mbert_esen_dev_5_18.txt
00:11:17 - removing file tmp_5f/mbert_esen_dev_4_18.txt
00:11:17 - process[0]: training epoch 19 ...
00:11:28 - process[0] - epoch 19 - train iter 197 - 15989.7 words/s - loss: 0.3643
00:11:28 - process[0]: evaluating epoch 19 on dev ...
00:12:13 - dev set during evaluation: 14160/14157
00:12:13 - process[0] - dev - epoch 19 - mAP: 0.474 w/ 35 queries
00:12:13 - removing file tmp_5f/mbert_esen_dev_0_19.txt
00:12:13 - removing file tmp_5f/mbert_esen_dev_3_19.txt
00:12:13 - removing file tmp_5f/mbert_esen_dev_6_19.txt
00:12:13 - removing file tmp_5f/mbert_esen_dev_4_19.txt
00:12:13 - removing file tmp_5f/mbert_esen_dev_5_19.txt
00:12:13 - removing file tmp_5f/mbert_esen_dev_9_19.txt
00:12:13 - removing file tmp_5f/mbert_esen_dev_8_19.txt
00:12:13 - removing file tmp_5f/mbert_esen_dev_2_19.txt
00:12:13 - removing file tmp_5f/mbert_esen_dev_1_19.txt
00:12:13 - removing file tmp_5f/mbert_esen_dev_7_19.txt
00:12:13 - [fold 1] best test MAP: 0.482 @ epoch 10
00:12:13 - Evaluating every 1 epochs ...
00:12:13 - reading data from /mnt/home/puxuan/CLIR-project/Evaluation_data/process-clef/uncased
00:12:14 - test has 36 queries ...
00:12:14 - Data reading done ...
00:12:15 - adding 9-th encoder to optimizer...
00:12:15 - adding 10-th encoder to optimizer...
00:12:15 - adding 11-th encoder to optimizer...
00:12:15 - process[0]: training epoch 0 ...
00:12:25 - process[0] - epoch 0 - train iter 187 - 18452.1 words/s - loss: 0.6723
00:12:25 - process[0]: training epoch 1 ...
00:12:36 - process[0] - epoch 1 - train iter 187 - 15252.2 words/s - loss: 0.5545
00:12:36 - process[0]: training epoch 2 ...
00:12:46 - process[0] - epoch 2 - train iter 187 - 17218.8 words/s - loss: 0.5011
00:12:46 - process[0]: training epoch 3 ...
00:12:55 - process[0] - epoch 3 - train iter 187 - 18376.7 words/s - loss: 0.5141
00:12:55 - process[0]: training epoch 4 ...
00:13:05 - process[0] - epoch 4 - train iter 187 - 16424.4 words/s - loss: 0.4807
00:13:05 - process[0]: training epoch 5 ...
00:13:14 - process[0] - epoch 5 - train iter 187 - 19418.4 words/s - loss: 0.4513
00:13:14 - process[0]: training epoch 6 ...
00:13:24 - process[0] - epoch 6 - train iter 187 - 17958.8 words/s - loss: 0.4222
00:13:24 - process[0]: training epoch 7 ...
00:13:33 - process[0] - epoch 7 - train iter 187 - 17540.3 words/s - loss: 0.4713
00:13:33 - process[0]: training epoch 8 ...
00:13:44 - process[0] - epoch 8 - train iter 187 - 16379.2 words/s - loss: 0.4362
00:13:44 - process[0]: training epoch 9 ...
00:13:54 - process[0] - epoch 9 - train iter 187 - 17520.1 words/s - loss: 0.3949
00:13:54 - process[0]: training epoch 10 ...
00:14:03 - process[0] - epoch 10 - train iter 187 - 18032.7 words/s - loss: 0.4987
00:14:03 - process[0]: evaluating epoch 10 on dev ...
00:14:53 - dev set during evaluation: 14980/14975
00:14:53 - process[0] - dev - epoch 10 - mAP: 0.496 w/ 35 queries
00:14:53 - removing file tmp_5f/mbert_esen_dev_9_10.txt
00:14:53 - removing file tmp_5f/mbert_esen_dev_1_10.txt
00:14:53 - removing file tmp_5f/mbert_esen_dev_4_10.txt
00:14:53 - removing file tmp_5f/mbert_esen_dev_7_10.txt
00:14:53 - removing file tmp_5f/mbert_esen_dev_2_10.txt
00:14:53 - removing file tmp_5f/mbert_esen_dev_6_10.txt
00:14:53 - removing file tmp_5f/mbert_esen_dev_0_10.txt
00:14:53 - removing file tmp_5f/mbert_esen_dev_5_10.txt
00:14:53 - removing file tmp_5f/mbert_esen_dev_3_10.txt
00:14:53 - removing file tmp_5f/mbert_esen_dev_8_10.txt
00:14:53 - process[0]: evaluating epoch 10 on test ...
00:15:36 - test set during evaluation: 15300/15294
00:15:36 - process[0] - test - epoch 10 - mAP: 0.461 w/ 36 queries
00:15:36 - removing file tmp_5f/mbert_esen_test_1_10.txt
00:15:36 - removing file tmp_5f/mbert_esen_test_5_10.txt
00:15:36 - removing file tmp_5f/mbert_esen_test_8_10.txt
00:15:36 - removing file tmp_5f/mbert_esen_test_2_10.txt
00:15:36 - removing file tmp_5f/mbert_esen_test_9_10.txt
00:15:36 - removing file tmp_5f/mbert_esen_test_3_10.txt
00:15:36 - removing file tmp_5f/mbert_esen_test_7_10.txt
00:15:36 - removing file tmp_5f/mbert_esen_test_4_10.txt
00:15:36 - removing file tmp_5f/mbert_esen_test_6_10.txt
00:15:36 - removing file tmp_5f/mbert_esen_test_0_10.txt
00:15:36 - process[0]: training epoch 11 ...
00:15:46 - process[0] - epoch 11 - train iter 187 - 16449.1 words/s - loss: 0.3998
00:15:46 - process[0]: evaluating epoch 11 on dev ...
00:16:28 - dev set during evaluation: 14980/14975
00:16:28 - process[0] - dev - epoch 11 - mAP: 0.476 w/ 35 queries
00:16:28 - removing file tmp_5f/mbert_esen_dev_8_11.txt
00:16:28 - removing file tmp_5f/mbert_esen_dev_5_11.txt
00:16:28 - removing file tmp_5f/mbert_esen_dev_2_11.txt
00:16:28 - removing file tmp_5f/mbert_esen_dev_4_11.txt
00:16:28 - removing file tmp_5f/mbert_esen_dev_1_11.txt
00:16:28 - removing file tmp_5f/mbert_esen_dev_7_11.txt
00:16:28 - removing file tmp_5f/mbert_esen_dev_3_11.txt
00:16:28 - removing file tmp_5f/mbert_esen_dev_6_11.txt
00:16:28 - removing file tmp_5f/mbert_esen_dev_9_11.txt
00:16:28 - removing file tmp_5f/mbert_esen_dev_0_11.txt
00:16:28 - process[0]: training epoch 12 ...
00:16:38 - process[0] - epoch 12 - train iter 187 - 17872.4 words/s - loss: 0.3340
00:16:38 - process[0]: evaluating epoch 12 on dev ...
00:17:19 - dev set during evaluation: 14980/14975
00:17:19 - process[0] - dev - epoch 12 - mAP: 0.458 w/ 35 queries
00:17:19 - removing file tmp_5f/mbert_esen_dev_2_12.txt
00:17:19 - removing file tmp_5f/mbert_esen_dev_5_12.txt
00:17:19 - removing file tmp_5f/mbert_esen_dev_3_12.txt
00:17:19 - removing file tmp_5f/mbert_esen_dev_6_12.txt
00:17:19 - removing file tmp_5f/mbert_esen_dev_8_12.txt
00:17:19 - removing file tmp_5f/mbert_esen_dev_9_12.txt
00:17:19 - removing file tmp_5f/mbert_esen_dev_7_12.txt
00:17:19 - removing file tmp_5f/mbert_esen_dev_4_12.txt
00:17:19 - removing file tmp_5f/mbert_esen_dev_1_12.txt
00:17:19 - removing file tmp_5f/mbert_esen_dev_0_12.txt
00:17:19 - process[0]: training epoch 13 ...
00:17:28 - process[0] - epoch 13 - train iter 187 - 18772.8 words/s - loss: 0.3910
00:17:28 - process[0]: evaluating epoch 13 on dev ...
00:18:11 - dev set during evaluation: 14980/14975
00:18:11 - process[0] - dev - epoch 13 - mAP: 0.475 w/ 35 queries
00:18:11 - removing file tmp_5f/mbert_esen_dev_8_13.txt
00:18:11 - removing file tmp_5f/mbert_esen_dev_2_13.txt
00:18:11 - removing file tmp_5f/mbert_esen_dev_7_13.txt
00:18:11 - removing file tmp_5f/mbert_esen_dev_9_13.txt
00:18:11 - removing file tmp_5f/mbert_esen_dev_3_13.txt
00:18:11 - removing file tmp_5f/mbert_esen_dev_1_13.txt
00:18:11 - removing file tmp_5f/mbert_esen_dev_0_13.txt
00:18:11 - removing file tmp_5f/mbert_esen_dev_5_13.txt
00:18:11 - removing file tmp_5f/mbert_esen_dev_6_13.txt
00:18:11 - removing file tmp_5f/mbert_esen_dev_4_13.txt
00:18:11 - process[0]: training epoch 14 ...
00:18:21 - process[0] - epoch 14 - train iter 187 - 17717.1 words/s - loss: 0.3826
00:18:21 - process[0]: evaluating epoch 14 on dev ...
00:19:03 - dev set during evaluation: 14980/14975
00:19:03 - process[0] - dev - epoch 14 - mAP: 0.456 w/ 35 queries
00:19:03 - removing file tmp_5f/mbert_esen_dev_3_14.txt
00:19:03 - removing file tmp_5f/mbert_esen_dev_1_14.txt
00:19:03 - removing file tmp_5f/mbert_esen_dev_7_14.txt
00:19:03 - removing file tmp_5f/mbert_esen_dev_4_14.txt
00:19:03 - removing file tmp_5f/mbert_esen_dev_8_14.txt
00:19:03 - removing file tmp_5f/mbert_esen_dev_9_14.txt
00:19:03 - removing file tmp_5f/mbert_esen_dev_6_14.txt
00:19:03 - removing file tmp_5f/mbert_esen_dev_5_14.txt
00:19:03 - removing file tmp_5f/mbert_esen_dev_0_14.txt
00:19:03 - removing file tmp_5f/mbert_esen_dev_2_14.txt
00:19:03 - process[0]: training epoch 15 ...
00:19:12 - process[0] - epoch 15 - train iter 187 - 18984.3 words/s - loss: 0.3937
00:19:12 - process[0]: evaluating epoch 15 on dev ...
00:19:54 - dev set during evaluation: 14980/14975
00:19:54 - process[0] - dev - epoch 15 - mAP: 0.418 w/ 35 queries
00:19:54 - removing file tmp_5f/mbert_esen_dev_8_15.txt
00:19:54 - removing file tmp_5f/mbert_esen_dev_5_15.txt
00:19:54 - removing file tmp_5f/mbert_esen_dev_2_15.txt
00:19:54 - removing file tmp_5f/mbert_esen_dev_7_15.txt
00:19:54 - removing file tmp_5f/mbert_esen_dev_1_15.txt
00:19:54 - removing file tmp_5f/mbert_esen_dev_0_15.txt
00:19:54 - removing file tmp_5f/mbert_esen_dev_6_15.txt
00:19:54 - removing file tmp_5f/mbert_esen_dev_3_15.txt
00:19:54 - removing file tmp_5f/mbert_esen_dev_9_15.txt
00:19:54 - removing file tmp_5f/mbert_esen_dev_4_15.txt
00:19:54 - process[0]: training epoch 16 ...
00:20:04 - process[0] - epoch 16 - train iter 187 - 17529.1 words/s - loss: 0.4081
00:20:04 - process[0]: evaluating epoch 16 on dev ...
00:20:45 - dev set during evaluation: 14980/14975
00:20:45 - process[0] - dev - epoch 16 - mAP: 0.464 w/ 35 queries
00:20:45 - removing file tmp_5f/mbert_esen_dev_1_16.txt
00:20:45 - removing file tmp_5f/mbert_esen_dev_0_16.txt
00:20:45 - removing file tmp_5f/mbert_esen_dev_2_16.txt
00:20:45 - removing file tmp_5f/mbert_esen_dev_5_16.txt
00:20:45 - removing file tmp_5f/mbert_esen_dev_3_16.txt
00:20:45 - removing file tmp_5f/mbert_esen_dev_7_16.txt
00:20:45 - removing file tmp_5f/mbert_esen_dev_4_16.txt
00:20:45 - removing file tmp_5f/mbert_esen_dev_6_16.txt
00:20:45 - removing file tmp_5f/mbert_esen_dev_9_16.txt
00:20:45 - removing file tmp_5f/mbert_esen_dev_8_16.txt
00:20:45 - process[0]: training epoch 17 ...
00:20:54 - process[0] - epoch 17 - train iter 187 - 18096.8 words/s - loss: 0.3077
00:20:54 - process[0]: evaluating epoch 17 on dev ...
00:21:36 - dev set during evaluation: 14980/14975
00:21:36 - process[0] - dev - epoch 17 - mAP: 0.469 w/ 35 queries
00:21:36 - removing file tmp_5f/mbert_esen_dev_8_17.txt
00:21:36 - removing file tmp_5f/mbert_esen_dev_6_17.txt
00:21:36 - removing file tmp_5f/mbert_esen_dev_5_17.txt
00:21:36 - removing file tmp_5f/mbert_esen_dev_2_17.txt
00:21:36 - removing file tmp_5f/mbert_esen_dev_4_17.txt
00:21:36 - removing file tmp_5f/mbert_esen_dev_1_17.txt
00:21:36 - removing file tmp_5f/mbert_esen_dev_0_17.txt
00:21:36 - removing file tmp_5f/mbert_esen_dev_3_17.txt
00:21:36 - removing file tmp_5f/mbert_esen_dev_7_17.txt
00:21:36 - removing file tmp_5f/mbert_esen_dev_9_17.txt
00:21:36 - process[0]: training epoch 18 ...
00:21:46 - process[0] - epoch 18 - train iter 187 - 17470.4 words/s - loss: 0.3484
00:21:46 - process[0]: evaluating epoch 18 on dev ...
00:22:29 - dev set during evaluation: 14980/14975
00:22:29 - process[0] - dev - epoch 18 - mAP: 0.493 w/ 35 queries
00:22:29 - removing file tmp_5f/mbert_esen_dev_2_18.txt
00:22:29 - removing file tmp_5f/mbert_esen_dev_1_18.txt
00:22:29 - removing file tmp_5f/mbert_esen_dev_3_18.txt
00:22:29 - removing file tmp_5f/mbert_esen_dev_7_18.txt
00:22:29 - removing file tmp_5f/mbert_esen_dev_9_18.txt
00:22:29 - removing file tmp_5f/mbert_esen_dev_8_18.txt
00:22:29 - removing file tmp_5f/mbert_esen_dev_6_18.txt
00:22:29 - removing file tmp_5f/mbert_esen_dev_0_18.txt
00:22:29 - removing file tmp_5f/mbert_esen_dev_5_18.txt
00:22:29 - removing file tmp_5f/mbert_esen_dev_4_18.txt
00:22:29 - process[0]: training epoch 19 ...
00:22:39 - process[0] - epoch 19 - train iter 187 - 15851.4 words/s - loss: 0.3184
00:22:39 - process[0]: evaluating epoch 19 on dev ...
00:23:21 - dev set during evaluation: 14980/14975
00:23:21 - process[0] - dev - epoch 19 - mAP: 0.440 w/ 35 queries
00:23:21 - removing file tmp_5f/mbert_esen_dev_0_19.txt
00:23:21 - removing file tmp_5f/mbert_esen_dev_3_19.txt
00:23:21 - removing file tmp_5f/mbert_esen_dev_6_19.txt
00:23:21 - removing file tmp_5f/mbert_esen_dev_4_19.txt
00:23:21 - removing file tmp_5f/mbert_esen_dev_5_19.txt
00:23:21 - removing file tmp_5f/mbert_esen_dev_9_19.txt
00:23:21 - removing file tmp_5f/mbert_esen_dev_8_19.txt
00:23:21 - removing file tmp_5f/mbert_esen_dev_2_19.txt
00:23:21 - removing file tmp_5f/mbert_esen_dev_1_19.txt
00:23:21 - removing file tmp_5f/mbert_esen_dev_7_19.txt
00:23:21 - [fold 2] best test MAP: 0.461 @ epoch 10
00:23:21 - Evaluating every 1 epochs ...
00:23:21 - reading data from /mnt/home/puxuan/CLIR-project/Evaluation_data/process-clef/uncased
00:23:22 - test has 35 queries ...
00:23:22 - Data reading done ...
00:23:23 - adding 9-th encoder to optimizer...
00:23:23 - adding 10-th encoder to optimizer...
00:23:23 - adding 11-th encoder to optimizer...
00:23:24 - process[0]: training epoch 0 ...
00:23:34 - process[0] - epoch 0 - train iter 196 - 17212.6 words/s - loss: 0.6855
00:23:34 - process[0]: training epoch 1 ...
00:23:44 - process[0] - epoch 1 - train iter 196 - 17505.0 words/s - loss: 0.5588
00:23:44 - process[0]: training epoch 2 ...
00:23:55 - process[0] - epoch 2 - train iter 196 - 16641.6 words/s - loss: 0.4676
00:23:55 - process[0]: training epoch 3 ...
00:24:06 - process[0] - epoch 3 - train iter 196 - 16773.5 words/s - loss: 0.4919
00:24:06 - process[0]: training epoch 4 ...
00:24:15 - process[0] - epoch 4 - train iter 196 - 18949.8 words/s - loss: 0.5043
00:24:15 - process[0]: training epoch 5 ...
00:24:25 - process[0] - epoch 5 - train iter 196 - 18352.4 words/s - loss: 0.4524
00:24:25 - process[0]: training epoch 6 ...
00:24:35 - process[0] - epoch 6 - train iter 196 - 16604.6 words/s - loss: 0.4174
00:24:35 - process[0]: training epoch 7 ...
00:24:46 - process[0] - epoch 7 - train iter 196 - 16063.5 words/s - loss: 0.4378
00:24:46 - process[0]: training epoch 8 ...
00:24:56 - process[0] - epoch 8 - train iter 196 - 18016.9 words/s - loss: 0.3613
00:24:56 - process[0]: training epoch 9 ...
00:25:07 - process[0] - epoch 9 - train iter 196 - 16633.2 words/s - loss: 0.4360
00:25:07 - process[0]: training epoch 10 ...
00:25:17 - process[0] - epoch 10 - train iter 196 - 18432.8 words/s - loss: 0.4115
00:25:17 - process[0]: evaluating epoch 10 on dev ...
00:26:04 - dev set during evaluation: 15300/15294
00:26:04 - process[0] - dev - epoch 10 - mAP: 0.427 w/ 36 queries
00:26:04 - removing file tmp_5f/mbert_esen_dev_9_10.txt
00:26:04 - removing file tmp_5f/mbert_esen_dev_1_10.txt
00:26:04 - removing file tmp_5f/mbert_esen_dev_4_10.txt
00:26:04 - removing file tmp_5f/mbert_esen_dev_7_10.txt
00:26:04 - removing file tmp_5f/mbert_esen_dev_2_10.txt
00:26:04 - removing file tmp_5f/mbert_esen_dev_6_10.txt
00:26:04 - removing file tmp_5f/mbert_esen_dev_0_10.txt
00:26:04 - removing file tmp_5f/mbert_esen_dev_5_10.txt
00:26:04 - removing file tmp_5f/mbert_esen_dev_3_10.txt
00:26:04 - removing file tmp_5f/mbert_esen_dev_8_10.txt
00:26:04 - process[0]: evaluating epoch 10 on test ...
00:26:46 - test set during evaluation: 15480/15477
00:26:46 - process[0] - test - epoch 10 - mAP: 0.395 w/ 35 queries
00:26:46 - removing file tmp_5f/mbert_esen_test_1_10.txt
00:26:46 - removing file tmp_5f/mbert_esen_test_5_10.txt
00:26:46 - removing file tmp_5f/mbert_esen_test_8_10.txt
00:26:46 - removing file tmp_5f/mbert_esen_test_2_10.txt
00:26:46 - removing file tmp_5f/mbert_esen_test_9_10.txt
00:26:46 - removing file tmp_5f/mbert_esen_test_3_10.txt
00:26:46 - removing file tmp_5f/mbert_esen_test_7_10.txt
00:26:46 - removing file tmp_5f/mbert_esen_test_4_10.txt
00:26:46 - removing file tmp_5f/mbert_esen_test_6_10.txt
00:26:46 - removing file tmp_5f/mbert_esen_test_0_10.txt
00:26:46 - process[0]: training epoch 11 ...
00:26:57 - process[0] - epoch 11 - train iter 196 - 16469.6 words/s - loss: 0.3796
00:26:57 - process[0]: evaluating epoch 11 on dev ...
00:27:39 - dev set during evaluation: 15300/15294
00:27:39 - process[0] - dev - epoch 11 - mAP: 0.454 w/ 36 queries
00:27:39 - removing file tmp_5f/mbert_esen_dev_8_11.txt
00:27:39 - removing file tmp_5f/mbert_esen_dev_5_11.txt
00:27:39 - removing file tmp_5f/mbert_esen_dev_2_11.txt
00:27:39 - removing file tmp_5f/mbert_esen_dev_4_11.txt
00:27:39 - removing file tmp_5f/mbert_esen_dev_1_11.txt
00:27:39 - removing file tmp_5f/mbert_esen_dev_7_11.txt
00:27:39 - removing file tmp_5f/mbert_esen_dev_3_11.txt
00:27:39 - removing file tmp_5f/mbert_esen_dev_6_11.txt
00:27:39 - removing file tmp_5f/mbert_esen_dev_9_11.txt
00:27:39 - removing file tmp_5f/mbert_esen_dev_0_11.txt
00:27:39 - process[0]: evaluating epoch 11 on test ...
00:28:21 - test set during evaluation: 15480/15477
00:28:21 - process[0] - test - epoch 11 - mAP: 0.404 w/ 35 queries
00:28:21 - removing file tmp_5f/mbert_esen_test_2_11.txt
00:28:21 - removing file tmp_5f/mbert_esen_test_1_11.txt
00:28:21 - removing file tmp_5f/mbert_esen_test_5_11.txt
00:28:21 - removing file tmp_5f/mbert_esen_test_6_11.txt
00:28:21 - removing file tmp_5f/mbert_esen_test_0_11.txt
00:28:21 - removing file tmp_5f/mbert_esen_test_8_11.txt
00:28:21 - removing file tmp_5f/mbert_esen_test_3_11.txt
00:28:21 - removing file tmp_5f/mbert_esen_test_9_11.txt
00:28:21 - removing file tmp_5f/mbert_esen_test_7_11.txt
00:28:21 - removing file tmp_5f/mbert_esen_test_4_11.txt
00:28:21 - process[0]: training epoch 12 ...
00:28:32 - process[0] - epoch 12 - train iter 196 - 16201.5 words/s - loss: 0.4120
00:28:32 - process[0]: evaluating epoch 12 on dev ...
00:29:14 - dev set during evaluation: 15300/15294
00:29:14 - process[0] - dev - epoch 12 - mAP: 0.428 w/ 36 queries
00:29:14 - removing file tmp_5f/mbert_esen_dev_2_12.txt
00:29:14 - removing file tmp_5f/mbert_esen_dev_5_12.txt
00:29:14 - removing file tmp_5f/mbert_esen_dev_3_12.txt
00:29:14 - removing file tmp_5f/mbert_esen_dev_6_12.txt
00:29:14 - removing file tmp_5f/mbert_esen_dev_8_12.txt
00:29:14 - removing file tmp_5f/mbert_esen_dev_9_12.txt
00:29:14 - removing file tmp_5f/mbert_esen_dev_7_12.txt
00:29:14 - removing file tmp_5f/mbert_esen_dev_4_12.txt
00:29:14 - removing file tmp_5f/mbert_esen_dev_1_12.txt
00:29:14 - removing file tmp_5f/mbert_esen_dev_0_12.txt
00:29:14 - process[0]: training epoch 13 ...
00:29:24 - process[0] - epoch 13 - train iter 196 - 18470.9 words/s - loss: 0.3800
00:29:24 - process[0]: evaluating epoch 13 on dev ...
00:30:07 - dev set during evaluation: 15300/15294
00:30:07 - process[0] - dev - epoch 13 - mAP: 0.439 w/ 36 queries
00:30:07 - removing file tmp_5f/mbert_esen_dev_8_13.txt
00:30:07 - removing file tmp_5f/mbert_esen_dev_2_13.txt
00:30:07 - removing file tmp_5f/mbert_esen_dev_7_13.txt
00:30:07 - removing file tmp_5f/mbert_esen_dev_9_13.txt
00:30:07 - removing file tmp_5f/mbert_esen_dev_3_13.txt
00:30:07 - removing file tmp_5f/mbert_esen_dev_1_13.txt
00:30:07 - removing file tmp_5f/mbert_esen_dev_0_13.txt
00:30:07 - removing file tmp_5f/mbert_esen_dev_5_13.txt
00:30:07 - removing file tmp_5f/mbert_esen_dev_6_13.txt
00:30:07 - removing file tmp_5f/mbert_esen_dev_4_13.txt
00:30:07 - process[0]: training epoch 14 ...
00:30:19 - process[0] - epoch 14 - train iter 196 - 15707.5 words/s - loss: 0.3840
00:30:19 - process[0]: evaluating epoch 14 on dev ...
00:31:00 - dev set during evaluation: 15300/15294
00:31:00 - process[0] - dev - epoch 14 - mAP: 0.442 w/ 36 queries
00:31:00 - removing file tmp_5f/mbert_esen_dev_3_14.txt
00:31:00 - removing file tmp_5f/mbert_esen_dev_1_14.txt
00:31:00 - removing file tmp_5f/mbert_esen_dev_7_14.txt
00:31:00 - removing file tmp_5f/mbert_esen_dev_4_14.txt
00:31:00 - removing file tmp_5f/mbert_esen_dev_8_14.txt
00:31:00 - removing file tmp_5f/mbert_esen_dev_9_14.txt
00:31:00 - removing file tmp_5f/mbert_esen_dev_6_14.txt
00:31:00 - removing file tmp_5f/mbert_esen_dev_5_14.txt
00:31:00 - removing file tmp_5f/mbert_esen_dev_0_14.txt
00:31:00 - removing file tmp_5f/mbert_esen_dev_2_14.txt
00:31:00 - process[0]: training epoch 15 ...
00:31:11 - process[0] - epoch 15 - train iter 196 - 16123.9 words/s - loss: 0.3926
00:31:11 - process[0]: evaluating epoch 15 on dev ...
00:31:53 - dev set during evaluation: 15300/15294
00:31:53 - process[0] - dev - epoch 15 - mAP: 0.454 w/ 36 queries
00:31:53 - removing file tmp_5f/mbert_esen_dev_8_15.txt
00:31:53 - removing file tmp_5f/mbert_esen_dev_5_15.txt
00:31:53 - removing file tmp_5f/mbert_esen_dev_2_15.txt
00:31:53 - removing file tmp_5f/mbert_esen_dev_7_15.txt
00:31:53 - removing file tmp_5f/mbert_esen_dev_1_15.txt
00:31:53 - removing file tmp_5f/mbert_esen_dev_0_15.txt
00:31:53 - removing file tmp_5f/mbert_esen_dev_6_15.txt
00:31:53 - removing file tmp_5f/mbert_esen_dev_3_15.txt
00:31:53 - removing file tmp_5f/mbert_esen_dev_9_15.txt
00:31:53 - removing file tmp_5f/mbert_esen_dev_4_15.txt
00:31:53 - process[0]: evaluating epoch 15 on test ...
00:32:34 - test set during evaluation: 15480/15477
00:32:34 - process[0] - test - epoch 15 - mAP: 0.411 w/ 35 queries
00:32:34 - removing file tmp_5f/mbert_esen_test_0_15.txt
00:32:34 - removing file tmp_5f/mbert_esen_test_8_15.txt
00:32:34 - removing file tmp_5f/mbert_esen_test_9_15.txt
00:32:34 - removing file tmp_5f/mbert_esen_test_2_15.txt
00:32:34 - removing file tmp_5f/mbert_esen_test_1_15.txt
00:32:34 - removing file tmp_5f/mbert_esen_test_6_15.txt
00:32:34 - removing file tmp_5f/mbert_esen_test_7_15.txt
00:32:34 - removing file tmp_5f/mbert_esen_test_3_15.txt
00:32:34 - removing file tmp_5f/mbert_esen_test_5_15.txt
00:32:34 - removing file tmp_5f/mbert_esen_test_4_15.txt
00:32:34 - process[0]: training epoch 16 ...
00:32:46 - process[0] - epoch 16 - train iter 196 - 15621.2 words/s - loss: 0.3582
00:32:46 - process[0]: evaluating epoch 16 on dev ...
00:33:27 - dev set during evaluation: 15300/15294
00:33:27 - process[0] - dev - epoch 16 - mAP: 0.437 w/ 36 queries
00:33:27 - removing file tmp_5f/mbert_esen_dev_1_16.txt
00:33:27 - removing file tmp_5f/mbert_esen_dev_0_16.txt
00:33:27 - removing file tmp_5f/mbert_esen_dev_2_16.txt
00:33:27 - removing file tmp_5f/mbert_esen_dev_5_16.txt
00:33:27 - removing file tmp_5f/mbert_esen_dev_3_16.txt
00:33:27 - removing file tmp_5f/mbert_esen_dev_7_16.txt
00:33:27 - removing file tmp_5f/mbert_esen_dev_4_16.txt
00:33:27 - removing file tmp_5f/mbert_esen_dev_6_16.txt
00:33:27 - removing file tmp_5f/mbert_esen_dev_9_16.txt
00:33:27 - removing file tmp_5f/mbert_esen_dev_8_16.txt
00:33:27 - process[0]: training epoch 17 ...
00:33:38 - process[0] - epoch 17 - train iter 196 - 17033.2 words/s - loss: 0.4137
00:33:38 - process[0]: evaluating epoch 17 on dev ...
00:34:20 - dev set during evaluation: 15300/15294
00:34:20 - process[0] - dev - epoch 17 - mAP: 0.455 w/ 36 queries
00:34:20 - removing file tmp_5f/mbert_esen_dev_8_17.txt
00:34:20 - removing file tmp_5f/mbert_esen_dev_6_17.txt
00:34:20 - removing file tmp_5f/mbert_esen_dev_5_17.txt
00:34:20 - removing file tmp_5f/mbert_esen_dev_2_17.txt
00:34:20 - removing file tmp_5f/mbert_esen_dev_4_17.txt
00:34:20 - removing file tmp_5f/mbert_esen_dev_1_17.txt
00:34:20 - removing file tmp_5f/mbert_esen_dev_0_17.txt
00:34:20 - removing file tmp_5f/mbert_esen_dev_3_17.txt
00:34:20 - removing file tmp_5f/mbert_esen_dev_7_17.txt
00:34:20 - removing file tmp_5f/mbert_esen_dev_9_17.txt
00:34:20 - process[0]: evaluating epoch 17 on test ...
00:35:02 - test set during evaluation: 15480/15477
00:35:02 - process[0] - test - epoch 17 - mAP: 0.382 w/ 35 queries
00:35:02 - removing file tmp_5f/mbert_esen_test_1_17.txt
00:35:02 - removing file tmp_5f/mbert_esen_test_5_17.txt
00:35:02 - removing file tmp_5f/mbert_esen_test_6_17.txt
00:35:02 - removing file tmp_5f/mbert_esen_test_9_17.txt
00:35:02 - removing file tmp_5f/mbert_esen_test_7_17.txt
00:35:02 - removing file tmp_5f/mbert_esen_test_2_17.txt
00:35:02 - removing file tmp_5f/mbert_esen_test_4_17.txt
00:35:02 - removing file tmp_5f/mbert_esen_test_0_17.txt
00:35:02 - removing file tmp_5f/mbert_esen_test_8_17.txt
00:35:02 - removing file tmp_5f/mbert_esen_test_3_17.txt
00:35:02 - process[0]: training epoch 18 ...
00:35:12 - process[0] - epoch 18 - train iter 196 - 17213.5 words/s - loss: 0.3593
00:35:12 - process[0]: evaluating epoch 18 on dev ...
00:35:55 - dev set during evaluation: 15300/15294
00:35:55 - process[0] - dev - epoch 18 - mAP: 0.445 w/ 36 queries
00:35:55 - removing file tmp_5f/mbert_esen_dev_2_18.txt
00:35:55 - removing file tmp_5f/mbert_esen_dev_1_18.txt
00:35:55 - removing file tmp_5f/mbert_esen_dev_3_18.txt
00:35:55 - removing file tmp_5f/mbert_esen_dev_7_18.txt
00:35:55 - removing file tmp_5f/mbert_esen_dev_9_18.txt
00:35:55 - removing file tmp_5f/mbert_esen_dev_8_18.txt
00:35:55 - removing file tmp_5f/mbert_esen_dev_6_18.txt
00:35:55 - removing file tmp_5f/mbert_esen_dev_0_18.txt
00:35:55 - removing file tmp_5f/mbert_esen_dev_5_18.txt
00:35:55 - removing file tmp_5f/mbert_esen_dev_4_18.txt
00:35:55 - process[0]: training epoch 19 ...
00:36:06 - process[0] - epoch 19 - train iter 196 - 16306.3 words/s - loss: 0.3498
00:36:06 - process[0]: evaluating epoch 19 on dev ...
00:36:48 - dev set during evaluation: 15300/15294
00:36:48 - process[0] - dev - epoch 19 - mAP: 0.463 w/ 36 queries
00:36:48 - removing file tmp_5f/mbert_esen_dev_0_19.txt
00:36:48 - removing file tmp_5f/mbert_esen_dev_3_19.txt
00:36:48 - removing file tmp_5f/mbert_esen_dev_6_19.txt
00:36:48 - removing file tmp_5f/mbert_esen_dev_4_19.txt
00:36:48 - removing file tmp_5f/mbert_esen_dev_5_19.txt
00:36:48 - removing file tmp_5f/mbert_esen_dev_9_19.txt
00:36:48 - removing file tmp_5f/mbert_esen_dev_8_19.txt
00:36:48 - removing file tmp_5f/mbert_esen_dev_2_19.txt
00:36:48 - removing file tmp_5f/mbert_esen_dev_1_19.txt
00:36:48 - removing file tmp_5f/mbert_esen_dev_7_19.txt
00:36:48 - process[0]: evaluating epoch 19 on test ...
00:37:30 - test set during evaluation: 15480/15477
00:37:30 - process[0] - test - epoch 19 - mAP: 0.385 w/ 35 queries
00:37:30 - removing file tmp_5f/mbert_esen_test_2_19.txt
00:37:30 - removing file tmp_5f/mbert_esen_test_3_19.txt
00:37:30 - removing file tmp_5f/mbert_esen_test_7_19.txt
00:37:30 - removing file tmp_5f/mbert_esen_test_1_19.txt
00:37:30 - removing file tmp_5f/mbert_esen_test_4_19.txt
00:37:30 - removing file tmp_5f/mbert_esen_test_5_19.txt
00:37:30 - removing file tmp_5f/mbert_esen_test_9_19.txt
00:37:30 - removing file tmp_5f/mbert_esen_test_6_19.txt
00:37:30 - removing file tmp_5f/mbert_esen_test_8_19.txt
00:37:30 - removing file tmp_5f/mbert_esen_test_0_19.txt
00:37:30 - [fold 3] best test MAP: 0.385 @ epoch 19
00:37:30 - Evaluating every 1 epochs ...
00:37:30 - reading data from /mnt/home/puxuan/CLIR-project/Evaluation_data/process-clef/uncased
00:37:31 - test has 35 queries ...
00:37:31 - Data reading done ...
00:37:32 - adding 9-th encoder to optimizer...
00:37:32 - adding 10-th encoder to optimizer...
00:37:32 - adding 11-th encoder to optimizer...
00:37:33 - process[0]: training epoch 0 ...
00:37:44 - process[0] - epoch 0 - train iter 207 - 16498.0 words/s - loss: 0.6757
00:37:44 - process[0]: training epoch 1 ...
00:37:54 - process[0] - epoch 1 - train iter 207 - 18087.6 words/s - loss: 0.5111
00:37:54 - process[0]: training epoch 2 ...
00:38:05 - process[0] - epoch 2 - train iter 207 - 18647.0 words/s - loss: 0.4573
00:38:05 - process[0]: training epoch 3 ...
00:38:16 - process[0] - epoch 3 - train iter 207 - 16540.9 words/s - loss: 0.4519
00:38:16 - process[0]: training epoch 4 ...
00:38:27 - process[0] - epoch 4 - train iter 207 - 17138.0 words/s - loss: 0.4207
00:38:27 - process[0]: training epoch 5 ...
00:38:38 - process[0] - epoch 5 - train iter 207 - 16815.0 words/s - loss: 0.4474
00:38:38 - process[0]: training epoch 6 ...
00:38:49 - process[0] - epoch 6 - train iter 207 - 16425.7 words/s - loss: 0.4442
00:38:49 - process[0]: training epoch 7 ...
00:39:00 - process[0] - epoch 7 - train iter 207 - 17313.8 words/s - loss: 0.4614
00:39:00 - process[0]: training epoch 8 ...
00:39:11 - process[0] - epoch 8 - train iter 207 - 17332.8 words/s - loss: 0.4478
00:39:11 - process[0]: training epoch 9 ...
00:39:22 - process[0] - epoch 9 - train iter 207 - 16591.7 words/s - loss: 0.3931
00:39:22 - process[0]: training epoch 10 ...
00:39:35 - process[0] - epoch 10 - train iter 207 - 15433.1 words/s - loss: 0.3852
00:39:35 - process[0]: evaluating epoch 10 on dev ...
00:40:21 - dev set during evaluation: 15480/15477
00:40:21 - process[0] - dev - epoch 10 - mAP: 0.429 w/ 35 queries
00:40:21 - removing file tmp_5f/mbert_esen_dev_9_10.txt
00:40:21 - removing file tmp_5f/mbert_esen_dev_1_10.txt
00:40:21 - removing file tmp_5f/mbert_esen_dev_4_10.txt
00:40:21 - removing file tmp_5f/mbert_esen_dev_7_10.txt
00:40:21 - removing file tmp_5f/mbert_esen_dev_2_10.txt
00:40:21 - removing file tmp_5f/mbert_esen_dev_6_10.txt
00:40:21 - removing file tmp_5f/mbert_esen_dev_0_10.txt
00:40:21 - removing file tmp_5f/mbert_esen_dev_5_10.txt
00:40:21 - removing file tmp_5f/mbert_esen_dev_3_10.txt
00:40:21 - removing file tmp_5f/mbert_esen_dev_8_10.txt
00:40:21 - process[0]: evaluating epoch 10 on test ...
00:41:03 - test set during evaluation: 14470/14463
00:41:03 - process[0] - test - epoch 10 - mAP: 0.417 w/ 35 queries
00:41:03 - removing file tmp_5f/mbert_esen_test_1_10.txt
00:41:03 - removing file tmp_5f/mbert_esen_test_5_10.txt
00:41:03 - removing file tmp_5f/mbert_esen_test_8_10.txt
00:41:03 - removing file tmp_5f/mbert_esen_test_2_10.txt
00:41:03 - removing file tmp_5f/mbert_esen_test_9_10.txt
00:41:03 - removing file tmp_5f/mbert_esen_test_3_10.txt
00:41:03 - removing file tmp_5f/mbert_esen_test_7_10.txt
00:41:03 - removing file tmp_5f/mbert_esen_test_4_10.txt
00:41:03 - removing file tmp_5f/mbert_esen_test_6_10.txt
00:41:03 - removing file tmp_5f/mbert_esen_test_0_10.txt
00:41:03 - process[0]: training epoch 11 ...
00:41:15 - process[0] - epoch 11 - train iter 207 - 16352.1 words/s - loss: 0.3727
00:41:15 - process[0]: evaluating epoch 11 on dev ...
00:41:56 - dev set during evaluation: 15480/15477
00:41:56 - process[0] - dev - epoch 11 - mAP: 0.411 w/ 35 queries
00:41:56 - removing file tmp_5f/mbert_esen_dev_8_11.txt
00:41:56 - removing file tmp_5f/mbert_esen_dev_5_11.txt
00:41:56 - removing file tmp_5f/mbert_esen_dev_2_11.txt
00:41:56 - removing file tmp_5f/mbert_esen_dev_4_11.txt
00:41:56 - removing file tmp_5f/mbert_esen_dev_1_11.txt
00:41:56 - removing file tmp_5f/mbert_esen_dev_7_11.txt
00:41:56 - removing file tmp_5f/mbert_esen_dev_3_11.txt
00:41:56 - removing file tmp_5f/mbert_esen_dev_6_11.txt
00:41:56 - removing file tmp_5f/mbert_esen_dev_9_11.txt
00:41:56 - removing file tmp_5f/mbert_esen_dev_0_11.txt
00:41:56 - process[0]: training epoch 12 ...
00:42:08 - process[0] - epoch 12 - train iter 207 - 16734.9 words/s - loss: 0.3825
00:42:08 - process[0]: evaluating epoch 12 on dev ...
00:42:50 - dev set during evaluation: 15480/15477
00:42:50 - process[0] - dev - epoch 12 - mAP: 0.394 w/ 35 queries
00:42:50 - removing file tmp_5f/mbert_esen_dev_2_12.txt
00:42:50 - removing file tmp_5f/mbert_esen_dev_5_12.txt
00:42:50 - removing file tmp_5f/mbert_esen_dev_3_12.txt
00:42:50 - removing file tmp_5f/mbert_esen_dev_6_12.txt
00:42:50 - removing file tmp_5f/mbert_esen_dev_8_12.txt
00:42:50 - removing file tmp_5f/mbert_esen_dev_9_12.txt
00:42:50 - removing file tmp_5f/mbert_esen_dev_7_12.txt
00:42:50 - removing file tmp_5f/mbert_esen_dev_4_12.txt
00:42:50 - removing file tmp_5f/mbert_esen_dev_1_12.txt
00:42:50 - removing file tmp_5f/mbert_esen_dev_0_12.txt
00:42:50 - process[0]: training epoch 13 ...
00:43:02 - process[0] - epoch 13 - train iter 207 - 15532.3 words/s - loss: 0.4086
00:43:02 - process[0]: evaluating epoch 13 on dev ...
00:43:43 - dev set during evaluation: 15480/15477
00:43:43 - process[0] - dev - epoch 13 - mAP: 0.387 w/ 35 queries
00:43:43 - removing file tmp_5f/mbert_esen_dev_8_13.txt
00:43:43 - removing file tmp_5f/mbert_esen_dev_2_13.txt
00:43:43 - removing file tmp_5f/mbert_esen_dev_7_13.txt
00:43:43 - removing file tmp_5f/mbert_esen_dev_9_13.txt
00:43:43 - removing file tmp_5f/mbert_esen_dev_3_13.txt
00:43:43 - removing file tmp_5f/mbert_esen_dev_1_13.txt
00:43:43 - removing file tmp_5f/mbert_esen_dev_0_13.txt
00:43:43 - removing file tmp_5f/mbert_esen_dev_5_13.txt
00:43:43 - removing file tmp_5f/mbert_esen_dev_6_13.txt
00:43:43 - removing file tmp_5f/mbert_esen_dev_4_13.txt
00:43:43 - process[0]: training epoch 14 ...
00:43:54 - process[0] - epoch 14 - train iter 207 - 16949.8 words/s - loss: 0.3893
00:43:54 - process[0]: evaluating epoch 14 on dev ...
00:44:37 - dev set during evaluation: 15480/15477
00:44:37 - process[0] - dev - epoch 14 - mAP: 0.392 w/ 35 queries
00:44:37 - removing file tmp_5f/mbert_esen_dev_3_14.txt
00:44:37 - removing file tmp_5f/mbert_esen_dev_1_14.txt
00:44:37 - removing file tmp_5f/mbert_esen_dev_7_14.txt
00:44:37 - removing file tmp_5f/mbert_esen_dev_4_14.txt
00:44:37 - removing file tmp_5f/mbert_esen_dev_8_14.txt
00:44:37 - removing file tmp_5f/mbert_esen_dev_9_14.txt
00:44:37 - removing file tmp_5f/mbert_esen_dev_6_14.txt
00:44:37 - removing file tmp_5f/mbert_esen_dev_5_14.txt
00:44:37 - removing file tmp_5f/mbert_esen_dev_0_14.txt
00:44:37 - removing file tmp_5f/mbert_esen_dev_2_14.txt
00:44:37 - process[0]: training epoch 15 ...
00:44:48 - process[0] - epoch 15 - train iter 207 - 17411.1 words/s - loss: 0.4172
00:44:48 - process[0]: evaluating epoch 15 on dev ...
00:45:30 - dev set during evaluation: 15480/15477
00:45:30 - process[0] - dev - epoch 15 - mAP: 0.405 w/ 35 queries
00:45:30 - removing file tmp_5f/mbert_esen_dev_8_15.txt
00:45:30 - removing file tmp_5f/mbert_esen_dev_5_15.txt
00:45:30 - removing file tmp_5f/mbert_esen_dev_2_15.txt
00:45:30 - removing file tmp_5f/mbert_esen_dev_7_15.txt
00:45:30 - removing file tmp_5f/mbert_esen_dev_1_15.txt
00:45:30 - removing file tmp_5f/mbert_esen_dev_0_15.txt
00:45:30 - removing file tmp_5f/mbert_esen_dev_6_15.txt
00:45:30 - removing file tmp_5f/mbert_esen_dev_3_15.txt
00:45:30 - removing file tmp_5f/mbert_esen_dev_9_15.txt
00:45:30 - removing file tmp_5f/mbert_esen_dev_4_15.txt
00:45:30 - process[0]: training epoch 16 ...
00:45:40 - process[0] - epoch 16 - train iter 207 - 18207.6 words/s - loss: 0.3525
00:45:40 - process[0]: evaluating epoch 16 on dev ...
00:46:23 - dev set during evaluation: 15480/15477
00:46:23 - process[0] - dev - epoch 16 - mAP: 0.393 w/ 35 queries
00:46:23 - removing file tmp_5f/mbert_esen_dev_1_16.txt
00:46:23 - removing file tmp_5f/mbert_esen_dev_0_16.txt
00:46:23 - removing file tmp_5f/mbert_esen_dev_2_16.txt
00:46:23 - removing file tmp_5f/mbert_esen_dev_5_16.txt
00:46:23 - removing file tmp_5f/mbert_esen_dev_3_16.txt
00:46:23 - removing file tmp_5f/mbert_esen_dev_7_16.txt
00:46:23 - removing file tmp_5f/mbert_esen_dev_4_16.txt
00:46:23 - removing file tmp_5f/mbert_esen_dev_6_16.txt
00:46:23 - removing file tmp_5f/mbert_esen_dev_9_16.txt
00:46:23 - removing file tmp_5f/mbert_esen_dev_8_16.txt
00:46:23 - process[0]: training epoch 17 ...
00:46:35 - process[0] - epoch 17 - train iter 207 - 16328.1 words/s - loss: 0.3235
00:46:35 - process[0]: evaluating epoch 17 on dev ...
00:47:18 - dev set during evaluation: 15480/15477
00:47:18 - process[0] - dev - epoch 17 - mAP: 0.413 w/ 35 queries
00:47:18 - removing file tmp_5f/mbert_esen_dev_8_17.txt
00:47:18 - removing file tmp_5f/mbert_esen_dev_6_17.txt
00:47:18 - removing file tmp_5f/mbert_esen_dev_5_17.txt
00:47:18 - removing file tmp_5f/mbert_esen_dev_2_17.txt
00:47:18 - removing file tmp_5f/mbert_esen_dev_4_17.txt
00:47:18 - removing file tmp_5f/mbert_esen_dev_1_17.txt
00:47:18 - removing file tmp_5f/mbert_esen_dev_0_17.txt
00:47:18 - removing file tmp_5f/mbert_esen_dev_3_17.txt
00:47:18 - removing file tmp_5f/mbert_esen_dev_7_17.txt
00:47:18 - removing file tmp_5f/mbert_esen_dev_9_17.txt
00:47:18 - process[0]: training epoch 18 ...
00:47:29 - process[0] - epoch 18 - train iter 207 - 16738.3 words/s - loss: 0.3367
00:47:29 - process[0]: evaluating epoch 18 on dev ...
00:48:11 - dev set during evaluation: 15480/15477
00:48:11 - process[0] - dev - epoch 18 - mAP: 0.416 w/ 35 queries
00:48:11 - removing file tmp_5f/mbert_esen_dev_2_18.txt
00:48:11 - removing file tmp_5f/mbert_esen_dev_1_18.txt
00:48:11 - removing file tmp_5f/mbert_esen_dev_3_18.txt
00:48:11 - removing file tmp_5f/mbert_esen_dev_7_18.txt
00:48:11 - removing file tmp_5f/mbert_esen_dev_9_18.txt
00:48:11 - removing file tmp_5f/mbert_esen_dev_8_18.txt
00:48:11 - removing file tmp_5f/mbert_esen_dev_6_18.txt
00:48:11 - removing file tmp_5f/mbert_esen_dev_0_18.txt
00:48:11 - removing file tmp_5f/mbert_esen_dev_5_18.txt
00:48:11 - removing file tmp_5f/mbert_esen_dev_4_18.txt
00:48:11 - process[0]: training epoch 19 ...
00:48:22 - process[0] - epoch 19 - train iter 207 - 17196.7 words/s - loss: 0.4010
00:48:22 - process[0]: evaluating epoch 19 on dev ...
00:49:05 - dev set during evaluation: 15480/15477
00:49:05 - process[0] - dev - epoch 19 - mAP: 0.409 w/ 35 queries
00:49:05 - removing file tmp_5f/mbert_esen_dev_0_19.txt
00:49:05 - removing file tmp_5f/mbert_esen_dev_3_19.txt
00:49:05 - removing file tmp_5f/mbert_esen_dev_6_19.txt
00:49:05 - removing file tmp_5f/mbert_esen_dev_4_19.txt
00:49:05 - removing file tmp_5f/mbert_esen_dev_5_19.txt
00:49:05 - removing file tmp_5f/mbert_esen_dev_9_19.txt
00:49:05 - removing file tmp_5f/mbert_esen_dev_8_19.txt
00:49:05 - removing file tmp_5f/mbert_esen_dev_2_19.txt
00:49:05 - removing file tmp_5f/mbert_esen_dev_1_19.txt
00:49:05 - removing file tmp_5f/mbert_esen_dev_7_19.txt
00:49:05 - [fold 4] best test MAP: 0.417 @ epoch 10
00:49:05 - Evaluating every 1 epochs ...
00:49:05 - reading data from /mnt/home/puxuan/CLIR-project/Evaluation_data/process-clef/uncased
00:49:06 - test has 35 queries ...
00:49:06 - Data reading done ...
00:49:07 - adding 9-th encoder to optimizer...
00:49:07 - adding 10-th encoder to optimizer...
00:49:07 - adding 11-th encoder to optimizer...
00:49:08 - process[0]: training epoch 0 ...
00:49:18 - process[0] - epoch 0 - train iter 195 - 16654.7 words/s - loss: 0.6698
00:49:18 - process[0]: training epoch 1 ...
00:49:30 - process[0] - epoch 1 - train iter 195 - 15346.6 words/s - loss: 0.5527
00:49:30 - process[0]: training epoch 2 ...
00:49:41 - process[0] - epoch 2 - train iter 195 - 15564.0 words/s - loss: 0.5050
00:49:41 - process[0]: training epoch 3 ...
00:49:52 - process[0] - epoch 3 - train iter 195 - 15690.0 words/s - loss: 0.4996
00:49:52 - process[0]: training epoch 4 ...
00:50:04 - process[0] - epoch 4 - train iter 195 - 14508.8 words/s - loss: 0.4028
00:50:04 - process[0]: training epoch 5 ...
00:50:14 - process[0] - epoch 5 - train iter 195 - 17076.7 words/s - loss: 0.4022
00:50:14 - process[0]: training epoch 6 ...
00:50:25 - process[0] - epoch 6 - train iter 195 - 16476.3 words/s - loss: 0.4193
00:50:25 - process[0]: training epoch 7 ...
00:50:37 - process[0] - epoch 7 - train iter 195 - 14599.2 words/s - loss: 0.4114
00:50:37 - process[0]: training epoch 8 ...
00:50:48 - process[0] - epoch 8 - train iter 195 - 16259.2 words/s - loss: 0.3857
00:50:48 - process[0]: training epoch 9 ...
00:50:59 - process[0] - epoch 9 - train iter 195 - 15188.4 words/s - loss: 0.3661
00:50:59 - process[0]: training epoch 10 ...
00:51:10 - process[0] - epoch 10 - train iter 195 - 15762.1 words/s - loss: 0.4325
00:51:10 - process[0]: evaluating epoch 10 on dev ...
00:51:51 - dev set during evaluation: 14470/14463
00:51:51 - process[0] - dev - epoch 10 - mAP: 0.409 w/ 35 queries
00:51:51 - removing file tmp_5f/mbert_esen_dev_9_10.txt
00:51:51 - removing file tmp_5f/mbert_esen_dev_1_10.txt
00:51:51 - removing file tmp_5f/mbert_esen_dev_4_10.txt
00:51:51 - removing file tmp_5f/mbert_esen_dev_7_10.txt
00:51:51 - removing file tmp_5f/mbert_esen_dev_2_10.txt
00:51:51 - removing file tmp_5f/mbert_esen_dev_6_10.txt
00:51:51 - removing file tmp_5f/mbert_esen_dev_0_10.txt
00:51:51 - removing file tmp_5f/mbert_esen_dev_5_10.txt
00:51:51 - removing file tmp_5f/mbert_esen_dev_3_10.txt
00:51:51 - removing file tmp_5f/mbert_esen_dev_8_10.txt
00:51:51 - process[0]: evaluating epoch 10 on test ...
00:52:36 - test set during evaluation: 14160/14157
00:52:36 - process[0] - test - epoch 10 - mAP: 0.497 w/ 35 queries
00:52:36 - removing file tmp_5f/mbert_esen_test_1_10.txt
00:52:36 - removing file tmp_5f/mbert_esen_test_5_10.txt
00:52:36 - removing file tmp_5f/mbert_esen_test_8_10.txt
00:52:36 - removing file tmp_5f/mbert_esen_test_2_10.txt
00:52:36 - removing file tmp_5f/mbert_esen_test_9_10.txt
00:52:36 - removing file tmp_5f/mbert_esen_test_3_10.txt
00:52:36 - removing file tmp_5f/mbert_esen_test_7_10.txt
00:52:36 - removing file tmp_5f/mbert_esen_test_4_10.txt
00:52:36 - removing file tmp_5f/mbert_esen_test_6_10.txt
00:52:36 - removing file tmp_5f/mbert_esen_test_0_10.txt
00:52:36 - process[0]: training epoch 11 ...
00:52:46 - process[0] - epoch 11 - train iter 195 - 17594.4 words/s - loss: 0.4007
00:52:46 - process[0]: evaluating epoch 11 on dev ...
00:53:30 - dev set during evaluation: 14470/14463
00:53:30 - process[0] - dev - epoch 11 - mAP: 0.435 w/ 35 queries
00:53:30 - removing file tmp_5f/mbert_esen_dev_8_11.txt
00:53:30 - removing file tmp_5f/mbert_esen_dev_5_11.txt
00:53:30 - removing file tmp_5f/mbert_esen_dev_2_11.txt
00:53:30 - removing file tmp_5f/mbert_esen_dev_4_11.txt
00:53:30 - removing file tmp_5f/mbert_esen_dev_1_11.txt
00:53:30 - removing file tmp_5f/mbert_esen_dev_7_11.txt
00:53:31 - removing file tmp_5f/mbert_esen_dev_3_11.txt
00:53:31 - removing file tmp_5f/mbert_esen_dev_6_11.txt
00:53:31 - removing file tmp_5f/mbert_esen_dev_9_11.txt
00:53:31 - removing file tmp_5f/mbert_esen_dev_0_11.txt
00:53:31 - process[0]: evaluating epoch 11 on test ...
00:54:16 - test set during evaluation: 14160/14157
00:54:16 - process[0] - test - epoch 11 - mAP: 0.481 w/ 35 queries
00:54:16 - removing file tmp_5f/mbert_esen_test_2_11.txt
00:54:16 - removing file tmp_5f/mbert_esen_test_1_11.txt
00:54:16 - removing file tmp_5f/mbert_esen_test_5_11.txt
00:54:16 - removing file tmp_5f/mbert_esen_test_6_11.txt
00:54:16 - removing file tmp_5f/mbert_esen_test_0_11.txt
00:54:16 - removing file tmp_5f/mbert_esen_test_8_11.txt
00:54:16 - removing file tmp_5f/mbert_esen_test_3_11.txt
00:54:16 - removing file tmp_5f/mbert_esen_test_9_11.txt
00:54:16 - removing file tmp_5f/mbert_esen_test_7_11.txt
00:54:16 - removing file tmp_5f/mbert_esen_test_4_11.txt
00:54:16 - process[0]: training epoch 12 ...
00:54:27 - process[0] - epoch 12 - train iter 195 - 15066.9 words/s - loss: 0.3499
00:54:27 - process[0]: evaluating epoch 12 on dev ...
00:55:08 - dev set during evaluation: 14470/14463
00:55:08 - process[0] - dev - epoch 12 - mAP: 0.426 w/ 35 queries
00:55:08 - removing file tmp_5f/mbert_esen_dev_2_12.txt
00:55:08 - removing file tmp_5f/mbert_esen_dev_5_12.txt
00:55:08 - removing file tmp_5f/mbert_esen_dev_3_12.txt
00:55:08 - removing file tmp_5f/mbert_esen_dev_6_12.txt
00:55:08 - removing file tmp_5f/mbert_esen_dev_8_12.txt
00:55:08 - removing file tmp_5f/mbert_esen_dev_9_12.txt
00:55:08 - removing file tmp_5f/mbert_esen_dev_7_12.txt
00:55:08 - removing file tmp_5f/mbert_esen_dev_4_12.txt
00:55:08 - removing file tmp_5f/mbert_esen_dev_1_12.txt
00:55:08 - removing file tmp_5f/mbert_esen_dev_0_12.txt
00:55:08 - process[0]: training epoch 13 ...
00:55:19 - process[0] - epoch 13 - train iter 195 - 15366.0 words/s - loss: 0.3116
00:55:19 - process[0]: evaluating epoch 13 on dev ...
00:56:01 - dev set during evaluation: 14470/14463
00:56:01 - process[0] - dev - epoch 13 - mAP: 0.467 w/ 35 queries
00:56:01 - removing file tmp_5f/mbert_esen_dev_8_13.txt
00:56:01 - removing file tmp_5f/mbert_esen_dev_2_13.txt
00:56:01 - removing file tmp_5f/mbert_esen_dev_7_13.txt
00:56:01 - removing file tmp_5f/mbert_esen_dev_9_13.txt
00:56:01 - removing file tmp_5f/mbert_esen_dev_3_13.txt
00:56:01 - removing file tmp_5f/mbert_esen_dev_1_13.txt
00:56:01 - removing file tmp_5f/mbert_esen_dev_0_13.txt
00:56:01 - removing file tmp_5f/mbert_esen_dev_5_13.txt
00:56:01 - removing file tmp_5f/mbert_esen_dev_6_13.txt
00:56:01 - removing file tmp_5f/mbert_esen_dev_4_13.txt
00:56:01 - process[0]: evaluating epoch 13 on test ...
00:56:46 - test set during evaluation: 14160/14157
00:56:46 - process[0] - test - epoch 13 - mAP: 0.494 w/ 35 queries
00:56:46 - removing file tmp_5f/mbert_esen_test_1_13.txt
00:56:46 - removing file tmp_5f/mbert_esen_test_5_13.txt
00:56:46 - removing file tmp_5f/mbert_esen_test_2_13.txt
00:56:46 - removing file tmp_5f/mbert_esen_test_9_13.txt
00:56:46 - removing file tmp_5f/mbert_esen_test_7_13.txt
00:56:46 - removing file tmp_5f/mbert_esen_test_8_13.txt
00:56:46 - removing file tmp_5f/mbert_esen_test_4_13.txt
00:56:46 - removing file tmp_5f/mbert_esen_test_0_13.txt
00:56:46 - removing file tmp_5f/mbert_esen_test_3_13.txt
00:56:46 - removing file tmp_5f/mbert_esen_test_6_13.txt
00:56:46 - process[0]: training epoch 14 ...
00:56:57 - process[0] - epoch 14 - train iter 195 - 16311.0 words/s - loss: 0.3467
00:56:57 - process[0]: evaluating epoch 14 on dev ...
00:57:40 - dev set during evaluation: 14470/14463
00:57:40 - process[0] - dev - epoch 14 - mAP: 0.401 w/ 35 queries
00:57:40 - removing file tmp_5f/mbert_esen_dev_3_14.txt
00:57:40 - removing file tmp_5f/mbert_esen_dev_1_14.txt
00:57:40 - removing file tmp_5f/mbert_esen_dev_7_14.txt
00:57:40 - removing file tmp_5f/mbert_esen_dev_4_14.txt
00:57:40 - removing file tmp_5f/mbert_esen_dev_8_14.txt
00:57:40 - removing file tmp_5f/mbert_esen_dev_9_14.txt
00:57:40 - removing file tmp_5f/mbert_esen_dev_6_14.txt
00:57:40 - removing file tmp_5f/mbert_esen_dev_5_14.txt
00:57:40 - removing file tmp_5f/mbert_esen_dev_0_14.txt
00:57:40 - removing file tmp_5f/mbert_esen_dev_2_14.txt
00:57:40 - process[0]: training epoch 15 ...
00:57:51 - process[0] - epoch 15 - train iter 195 - 15479.4 words/s - loss: 0.3694
00:57:51 - process[0]: evaluating epoch 15 on dev ...
00:58:32 - dev set during evaluation: 14470/14463
00:58:32 - process[0] - dev - epoch 15 - mAP: 0.408 w/ 35 queries
00:58:32 - removing file tmp_5f/mbert_esen_dev_8_15.txt
00:58:32 - removing file tmp_5f/mbert_esen_dev_5_15.txt
00:58:32 - removing file tmp_5f/mbert_esen_dev_2_15.txt
00:58:32 - removing file tmp_5f/mbert_esen_dev_7_15.txt
00:58:32 - removing file tmp_5f/mbert_esen_dev_1_15.txt
00:58:32 - removing file tmp_5f/mbert_esen_dev_0_15.txt
00:58:32 - removing file tmp_5f/mbert_esen_dev_6_15.txt
00:58:32 - removing file tmp_5f/mbert_esen_dev_3_15.txt
00:58:32 - removing file tmp_5f/mbert_esen_dev_9_15.txt
00:58:32 - removing file tmp_5f/mbert_esen_dev_4_15.txt
00:58:32 - process[0]: training epoch 16 ...
00:58:42 - process[0] - epoch 16 - train iter 195 - 15965.5 words/s - loss: 0.3474
00:58:42 - process[0]: evaluating epoch 16 on dev ...
00:59:25 - dev set during evaluation: 14470/14463
00:59:25 - process[0] - dev - epoch 16 - mAP: 0.447 w/ 35 queries
00:59:25 - removing file tmp_5f/mbert_esen_dev_1_16.txt
00:59:25 - removing file tmp_5f/mbert_esen_dev_0_16.txt
00:59:25 - removing file tmp_5f/mbert_esen_dev_2_16.txt
00:59:25 - removing file tmp_5f/mbert_esen_dev_5_16.txt
00:59:25 - removing file tmp_5f/mbert_esen_dev_3_16.txt
00:59:25 - removing file tmp_5f/mbert_esen_dev_7_16.txt
00:59:25 - removing file tmp_5f/mbert_esen_dev_4_16.txt
00:59:25 - removing file tmp_5f/mbert_esen_dev_6_16.txt
00:59:25 - removing file tmp_5f/mbert_esen_dev_9_16.txt
00:59:25 - removing file tmp_5f/mbert_esen_dev_8_16.txt
00:59:25 - process[0]: training epoch 17 ...
00:59:37 - process[0] - epoch 17 - train iter 195 - 15412.5 words/s - loss: 0.3564
00:59:37 - process[0]: evaluating epoch 17 on dev ...
01:00:19 - dev set during evaluation: 14470/14463
01:00:19 - process[0] - dev - epoch 17 - mAP: 0.425 w/ 35 queries
01:00:19 - removing file tmp_5f/mbert_esen_dev_8_17.txt
01:00:19 - removing file tmp_5f/mbert_esen_dev_6_17.txt
01:00:19 - removing file tmp_5f/mbert_esen_dev_5_17.txt
01:00:19 - removing file tmp_5f/mbert_esen_dev_2_17.txt
01:00:19 - removing file tmp_5f/mbert_esen_dev_4_17.txt
01:00:19 - removing file tmp_5f/mbert_esen_dev_1_17.txt
01:00:19 - removing file tmp_5f/mbert_esen_dev_0_17.txt
01:00:19 - removing file tmp_5f/mbert_esen_dev_3_17.txt
01:00:19 - removing file tmp_5f/mbert_esen_dev_7_17.txt
01:00:19 - removing file tmp_5f/mbert_esen_dev_9_17.txt
01:00:19 - process[0]: training epoch 18 ...
01:00:30 - process[0] - epoch 18 - train iter 195 - 15990.8 words/s - loss: 0.3524
01:00:30 - process[0]: evaluating epoch 18 on dev ...
01:01:11 - dev set during evaluation: 14470/14463
01:01:11 - process[0] - dev - epoch 18 - mAP: 0.419 w/ 35 queries
01:01:11 - removing file tmp_5f/mbert_esen_dev_2_18.txt
01:01:11 - removing file tmp_5f/mbert_esen_dev_1_18.txt
01:01:11 - removing file tmp_5f/mbert_esen_dev_3_18.txt
01:01:11 - removing file tmp_5f/mbert_esen_dev_7_18.txt
01:01:11 - removing file tmp_5f/mbert_esen_dev_9_18.txt
01:01:11 - removing file tmp_5f/mbert_esen_dev_8_18.txt
01:01:11 - removing file tmp_5f/mbert_esen_dev_6_18.txt
01:01:11 - removing file tmp_5f/mbert_esen_dev_0_18.txt
01:01:11 - removing file tmp_5f/mbert_esen_dev_5_18.txt
01:01:11 - removing file tmp_5f/mbert_esen_dev_4_18.txt
01:01:11 - process[0]: training epoch 19 ...
01:01:22 - process[0] - epoch 19 - train iter 195 - 17079.1 words/s - loss: 0.3057
01:01:22 - process[0]: evaluating epoch 19 on dev ...
01:02:04 - dev set during evaluation: 14470/14463
01:02:04 - process[0] - dev - epoch 19 - mAP: 0.462 w/ 35 queries
01:02:04 - removing file tmp_5f/mbert_esen_dev_0_19.txt
01:02:04 - removing file tmp_5f/mbert_esen_dev_3_19.txt
01:02:04 - removing file tmp_5f/mbert_esen_dev_6_19.txt
01:02:04 - removing file tmp_5f/mbert_esen_dev_4_19.txt
01:02:04 - removing file tmp_5f/mbert_esen_dev_5_19.txt
01:02:04 - removing file tmp_5f/mbert_esen_dev_9_19.txt
01:02:04 - removing file tmp_5f/mbert_esen_dev_8_19.txt
01:02:04 - removing file tmp_5f/mbert_esen_dev_2_19.txt
01:02:04 - removing file tmp_5f/mbert_esen_dev_1_19.txt
01:02:04 - removing file tmp_5f/mbert_esen_dev_7_19.txt
01:02:04 - [fold 5] best test MAP: 0.494 @ epoch 13
01:02:04 - [0.48172515977382274, 0.4612199100455911, 0.3845903418875619, 0.41739814952731563, 0.4942434098515859]
01:02:04 - [35, 36, 35, 35, 35]
01:02:04 - final MAP: 0.448
