00:00:06 - Namespace(apex_level='O2', batch_size=8, cased=False, dataset='clef', debug=False, encoder_lr=2e-05, eval_step=1, full_doc_length=True, local_rank=1, model_path='/mnt/scratch/puxuan/short_qlm-rr/2186738/huggingface-9', model_type='mbert', num_epochs=20, num_ft_encoders=3, num_neg=1, projector_lr=2e-05, seed=611, source_lang='es', target_lang='fr')
00:00:14 - Evaluating every 1 epochs ...
00:00:14 - reading data from /mnt/home/puxuan/CLIR-project/Evaluation_data/process-clef/uncased
00:00:14 - test has 37 queries ...
00:00:14 - Data reading done ...
00:00:20 - adding 9-th encoder to optimizer...
00:00:20 - adding 10-th encoder to optimizer...
00:00:20 - adding 11-th encoder to optimizer...
00:00:20 - process[1]: training epoch 0 ...
00:00:30 - process[1] - epoch 0 - train iter 241 - 20492.7 words/s - loss: 0.5702
00:00:30 - process[1]: training epoch 1 ...
00:00:39 - process[1] - epoch 1 - train iter 241 - 21438.0 words/s - loss: 0.5755
00:00:39 - process[1]: training epoch 2 ...
00:00:49 - process[1] - epoch 2 - train iter 241 - 20766.1 words/s - loss: 0.5006
00:00:49 - process[1]: training epoch 3 ...
00:00:58 - process[1] - epoch 3 - train iter 241 - 22491.6 words/s - loss: 0.4956
00:00:58 - process[1]: training epoch 4 ...
00:01:07 - process[1] - epoch 4 - train iter 241 - 21165.9 words/s - loss: 0.4829
00:01:07 - process[1]: training epoch 5 ...
00:01:16 - process[1] - epoch 5 - train iter 241 - 20968.9 words/s - loss: 0.4310
00:01:16 - process[1]: training epoch 6 ...
00:01:26 - process[1] - epoch 6 - train iter 241 - 20487.1 words/s - loss: 0.4560
00:01:26 - process[1]: training epoch 7 ...
00:01:36 - process[1] - epoch 7 - train iter 241 - 19315.5 words/s - loss: 0.4614
00:01:36 - process[1]: training epoch 8 ...
00:01:45 - process[1] - epoch 8 - train iter 241 - 22001.1 words/s - loss: 0.4215
00:01:45 - process[1]: training epoch 9 ...
00:01:54 - process[1] - epoch 9 - train iter 241 - 21627.4 words/s - loss: 0.3956
00:01:54 - process[1]: training epoch 10 ...
00:02:03 - process[1] - epoch 10 - train iter 241 - 20670.8 words/s - loss: 0.4154
00:02:03 - process[1]: evaluating epoch 10 on dev ...
00:02:22 - process[1] - dev - epoch 10 - mAP: 0.424 w/ 37 queries
00:02:22 - process[1]: evaluating epoch 10 on test ...
00:02:41 - test set during evaluation: 11380/11372
00:02:41 - process[1] - test - epoch 10 - mAP: 0.604 w/ 37 queries
00:02:41 - process[1]: training epoch 11 ...
00:02:50 - process[1] - epoch 11 - train iter 241 - 21386.9 words/s - loss: 0.3737
00:02:50 - process[1]: evaluating epoch 11 on dev ...
00:03:08 - process[1] - dev - epoch 11 - mAP: 0.420 w/ 37 queries
00:03:08 - process[1]: training epoch 12 ...
00:03:17 - process[1] - epoch 12 - train iter 241 - 22507.5 words/s - loss: 0.3758
00:03:17 - process[1]: evaluating epoch 12 on dev ...
00:03:36 - process[1] - dev - epoch 12 - mAP: 0.431 w/ 37 queries
00:03:36 - process[1]: evaluating epoch 12 on test ...
00:03:55 - test set during evaluation: 11380/11372
00:03:55 - process[1] - test - epoch 12 - mAP: 0.592 w/ 37 queries
00:03:55 - process[1]: training epoch 13 ...
00:04:04 - process[1] - epoch 13 - train iter 241 - 21971.8 words/s - loss: 0.4110
00:04:04 - process[1]: evaluating epoch 13 on dev ...
00:04:22 - process[1] - dev - epoch 13 - mAP: 0.428 w/ 37 queries
00:04:22 - process[1]: training epoch 14 ...
00:04:31 - process[1] - epoch 14 - train iter 241 - 22218.8 words/s - loss: 0.3940
00:04:31 - process[1]: evaluating epoch 14 on dev ...
00:04:50 - process[1] - dev - epoch 14 - mAP: 0.424 w/ 37 queries
00:04:50 - process[1]: training epoch 15 ...
00:04:59 - process[1] - epoch 15 - train iter 241 - 21412.0 words/s - loss: 0.3853
00:04:59 - process[1]: evaluating epoch 15 on dev ...
00:05:17 - process[1] - dev - epoch 15 - mAP: 0.422 w/ 37 queries
00:05:17 - process[1]: training epoch 16 ...
00:05:27 - process[1] - epoch 16 - train iter 241 - 20396.6 words/s - loss: 0.3986
00:05:27 - process[1]: evaluating epoch 16 on dev ...
00:05:45 - process[1] - dev - epoch 16 - mAP: 0.414 w/ 37 queries
00:05:45 - process[1]: training epoch 17 ...
00:05:54 - process[1] - epoch 17 - train iter 241 - 21738.7 words/s - loss: 0.3968
00:05:54 - process[1]: evaluating epoch 17 on dev ...
00:06:13 - process[1] - dev - epoch 17 - mAP: 0.417 w/ 37 queries
00:06:13 - process[1]: training epoch 18 ...
00:06:22 - process[1] - epoch 18 - train iter 241 - 21858.9 words/s - loss: 0.3782
00:06:22 - process[1]: evaluating epoch 18 on dev ...
00:06:40 - process[1] - dev - epoch 18 - mAP: 0.423 w/ 37 queries
00:06:40 - process[1]: training epoch 19 ...
00:06:49 - process[1] - epoch 19 - train iter 241 - 22166.3 words/s - loss: 0.4157
00:06:49 - process[1]: evaluating epoch 19 on dev ...
00:07:08 - process[1] - dev - epoch 19 - mAP: 0.419 w/ 37 queries
00:07:08 - [fold 1] best test MAP: 0.592 @ epoch 12
00:07:08 - Evaluating every 1 epochs ...
00:07:08 - reading data from /mnt/home/puxuan/CLIR-project/Evaluation_data/process-clef/uncased
00:07:08 - test has 37 queries ...
00:07:08 - Data reading done ...
00:07:10 - adding 9-th encoder to optimizer...
00:07:10 - adding 10-th encoder to optimizer...
00:07:10 - adding 11-th encoder to optimizer...
00:07:10 - process[1]: training epoch 0 ...
00:07:22 - process[1] - epoch 0 - train iter 276 - 19263.0 words/s - loss: 0.5811
00:07:22 - process[1]: training epoch 1 ...
00:07:33 - process[1] - epoch 1 - train iter 276 - 20798.6 words/s - loss: 0.5213
00:07:33 - process[1]: training epoch 2 ...
00:07:44 - process[1] - epoch 2 - train iter 276 - 20613.3 words/s - loss: 0.4967
00:07:44 - process[1]: training epoch 3 ...
00:07:56 - process[1] - epoch 3 - train iter 276 - 19886.4 words/s - loss: 0.4702
00:07:56 - process[1]: training epoch 4 ...
00:08:07 - process[1] - epoch 4 - train iter 276 - 19995.4 words/s - loss: 0.5008
00:08:07 - process[1]: training epoch 5 ...
00:08:18 - process[1] - epoch 5 - train iter 276 - 20022.9 words/s - loss: 0.4776
00:08:18 - process[1]: training epoch 6 ...
00:08:29 - process[1] - epoch 6 - train iter 276 - 20514.6 words/s - loss: 0.4420
00:08:29 - process[1]: training epoch 7 ...
00:08:41 - process[1] - epoch 7 - train iter 276 - 19247.7 words/s - loss: 0.4589
00:08:41 - process[1]: training epoch 8 ...
00:08:51 - process[1] - epoch 8 - train iter 276 - 21064.9 words/s - loss: 0.4431
00:08:51 - process[1]: training epoch 9 ...
00:09:02 - process[1] - epoch 9 - train iter 276 - 20325.0 words/s - loss: 0.4095
00:09:02 - process[1]: training epoch 10 ...
00:09:13 - process[1] - epoch 10 - train iter 276 - 20773.7 words/s - loss: 0.4131
00:09:13 - process[1]: evaluating epoch 10 on dev ...
00:09:32 - dev set during evaluation: 11380/11372
00:09:32 - process[1] - dev - epoch 10 - mAP: 0.549 w/ 37 queries
00:09:32 - process[1]: evaluating epoch 10 on test ...
00:09:49 - process[1] - test - epoch 10 - mAP: 0.483 w/ 37 queries
00:09:49 - process[1]: training epoch 11 ...
00:10:01 - process[1] - epoch 11 - train iter 276 - 19776.3 words/s - loss: 0.3983
00:10:01 - process[1]: evaluating epoch 11 on dev ...
00:10:19 - dev set during evaluation: 11380/11372
00:10:19 - process[1] - dev - epoch 11 - mAP: 0.538 w/ 37 queries
00:10:19 - process[1]: training epoch 12 ...
00:10:30 - process[1] - epoch 12 - train iter 276 - 21838.4 words/s - loss: 0.4390
00:10:30 - process[1]: evaluating epoch 12 on dev ...
00:10:49 - dev set during evaluation: 11380/11372
00:10:49 - process[1] - dev - epoch 12 - mAP: 0.576 w/ 37 queries
00:10:49 - process[1]: evaluating epoch 12 on test ...
00:11:06 - process[1] - test - epoch 12 - mAP: 0.498 w/ 37 queries
00:11:06 - process[1]: training epoch 13 ...
00:11:18 - process[1] - epoch 13 - train iter 276 - 19860.3 words/s - loss: 0.4031
00:11:18 - process[1]: evaluating epoch 13 on dev ...
00:11:37 - dev set during evaluation: 11380/11372
00:11:37 - process[1] - dev - epoch 13 - mAP: 0.556 w/ 37 queries
00:11:37 - process[1]: training epoch 14 ...
00:11:47 - process[1] - epoch 14 - train iter 276 - 21961.4 words/s - loss: 0.3907
00:11:47 - process[1]: evaluating epoch 14 on dev ...
00:12:06 - dev set during evaluation: 11380/11372
00:12:06 - process[1] - dev - epoch 14 - mAP: 0.546 w/ 37 queries
00:12:06 - process[1]: training epoch 15 ...
00:12:16 - process[1] - epoch 15 - train iter 276 - 21756.2 words/s - loss: 0.3334
00:12:16 - process[1]: evaluating epoch 15 on dev ...
00:12:35 - dev set during evaluation: 11380/11372
00:12:35 - process[1] - dev - epoch 15 - mAP: 0.545 w/ 37 queries
00:12:35 - process[1]: training epoch 16 ...
00:12:46 - process[1] - epoch 16 - train iter 276 - 21270.6 words/s - loss: 0.3910
00:12:46 - process[1]: evaluating epoch 16 on dev ...
00:13:05 - dev set during evaluation: 11380/11372
00:13:05 - process[1] - dev - epoch 16 - mAP: 0.555 w/ 37 queries
00:13:05 - process[1]: training epoch 17 ...
00:13:16 - process[1] - epoch 17 - train iter 276 - 20014.6 words/s - loss: 0.3700
00:13:16 - process[1]: evaluating epoch 17 on dev ...
00:13:35 - dev set during evaluation: 11380/11372
00:13:35 - process[1] - dev - epoch 17 - mAP: 0.567 w/ 37 queries
00:13:35 - process[1]: training epoch 18 ...
00:13:45 - process[1] - epoch 18 - train iter 276 - 21285.2 words/s - loss: 0.3638
00:13:45 - process[1]: evaluating epoch 18 on dev ...
00:14:04 - dev set during evaluation: 11380/11372
00:14:04 - process[1] - dev - epoch 18 - mAP: 0.542 w/ 37 queries
00:14:04 - process[1]: training epoch 19 ...
00:14:16 - process[1] - epoch 19 - train iter 276 - 19564.9 words/s - loss: 0.3617
00:14:16 - process[1]: evaluating epoch 19 on dev ...
00:14:35 - dev set during evaluation: 11380/11372
00:14:35 - process[1] - dev - epoch 19 - mAP: 0.555 w/ 37 queries
00:14:35 - [fold 2] best test MAP: 0.498 @ epoch 12
00:14:35 - Evaluating every 1 epochs ...
00:14:35 - reading data from /mnt/home/puxuan/CLIR-project/Evaluation_data/process-clef/uncased
00:14:35 - test has 37 queries ...
00:14:35 - Data reading done ...
00:14:36 - adding 9-th encoder to optimizer...
00:14:36 - adding 10-th encoder to optimizer...
00:14:36 - adding 11-th encoder to optimizer...
00:14:37 - process[1]: training epoch 0 ...
00:14:46 - process[1] - epoch 0 - train iter 240 - 22279.3 words/s - loss: 0.5951
00:14:46 - process[1]: training epoch 1 ...
00:14:54 - process[1] - epoch 1 - train iter 240 - 22089.3 words/s - loss: 0.5399
00:14:54 - process[1]: training epoch 2 ...
00:15:04 - process[1] - epoch 2 - train iter 240 - 21258.5 words/s - loss: 0.4989
00:15:04 - process[1]: training epoch 3 ...
00:15:13 - process[1] - epoch 3 - train iter 240 - 21491.2 words/s - loss: 0.4458
00:15:13 - process[1]: training epoch 4 ...
00:15:22 - process[1] - epoch 4 - train iter 240 - 19699.2 words/s - loss: 0.4722
00:15:22 - process[1]: training epoch 5 ...
00:15:31 - process[1] - epoch 5 - train iter 240 - 21055.0 words/s - loss: 0.4877
00:15:31 - process[1]: training epoch 6 ...
00:15:40 - process[1] - epoch 6 - train iter 240 - 22488.0 words/s - loss: 0.4300
00:15:40 - process[1]: training epoch 7 ...
00:15:50 - process[1] - epoch 7 - train iter 240 - 19752.7 words/s - loss: 0.4177
00:15:50 - process[1]: training epoch 8 ...
00:15:59 - process[1] - epoch 8 - train iter 240 - 20597.9 words/s - loss: 0.4261
00:15:59 - process[1]: training epoch 9 ...
00:16:08 - process[1] - epoch 9 - train iter 240 - 21757.8 words/s - loss: 0.3573
00:16:08 - process[1]: training epoch 10 ...
00:16:17 - process[1] - epoch 10 - train iter 240 - 21547.8 words/s - loss: 0.4267
00:16:17 - process[1]: evaluating epoch 10 on dev ...
00:16:34 - process[1] - dev - epoch 10 - mAP: 0.466 w/ 37 queries
00:16:34 - process[1]: evaluating epoch 10 on test ...
00:16:54 - test set during evaluation: 11210/11201
00:16:54 - process[1] - test - epoch 10 - mAP: 0.509 w/ 37 queries
00:16:54 - process[1]: training epoch 11 ...
00:17:04 - process[1] - epoch 11 - train iter 240 - 20454.1 words/s - loss: 0.4272
00:17:04 - process[1]: evaluating epoch 11 on dev ...
00:17:20 - process[1] - dev - epoch 11 - mAP: 0.500 w/ 37 queries
00:17:20 - process[1]: evaluating epoch 11 on test ...
00:17:40 - test set during evaluation: 11210/11201
00:17:40 - process[1] - test - epoch 11 - mAP: 0.523 w/ 37 queries
00:17:40 - process[1]: training epoch 12 ...
00:17:49 - process[1] - epoch 12 - train iter 240 - 21370.4 words/s - loss: 0.3801
00:17:49 - process[1]: evaluating epoch 12 on dev ...
00:18:06 - process[1] - dev - epoch 12 - mAP: 0.503 w/ 37 queries
00:18:06 - process[1]: evaluating epoch 12 on test ...
00:18:26 - test set during evaluation: 11210/11201
00:18:26 - process[1] - test - epoch 12 - mAP: 0.511 w/ 37 queries
00:18:26 - process[1]: training epoch 13 ...
00:18:35 - process[1] - epoch 13 - train iter 240 - 21101.1 words/s - loss: 0.3811
00:18:35 - process[1]: evaluating epoch 13 on dev ...
00:18:52 - process[1] - dev - epoch 13 - mAP: 0.492 w/ 37 queries
00:18:52 - process[1]: training epoch 14 ...
00:19:02 - process[1] - epoch 14 - train iter 240 - 20688.1 words/s - loss: 0.3761
00:19:02 - process[1]: evaluating epoch 14 on dev ...
00:19:19 - process[1] - dev - epoch 14 - mAP: 0.486 w/ 37 queries
00:19:19 - process[1]: training epoch 15 ...
00:19:27 - process[1] - epoch 15 - train iter 240 - 22262.8 words/s - loss: 0.4393
00:19:27 - process[1]: evaluating epoch 15 on dev ...
00:19:45 - process[1] - dev - epoch 15 - mAP: 0.511 w/ 37 queries
00:19:45 - process[1]: evaluating epoch 15 on test ...
00:20:04 - test set during evaluation: 11210/11201
00:20:04 - process[1] - test - epoch 15 - mAP: 0.524 w/ 37 queries
00:20:04 - process[1]: training epoch 16 ...
00:20:13 - process[1] - epoch 16 - train iter 240 - 21505.1 words/s - loss: 0.4042
00:20:13 - process[1]: evaluating epoch 16 on dev ...
00:20:30 - process[1] - dev - epoch 16 - mAP: 0.504 w/ 37 queries
00:20:30 - process[1]: training epoch 17 ...
00:20:39 - process[1] - epoch 17 - train iter 240 - 20496.9 words/s - loss: 0.3815
00:20:39 - process[1]: evaluating epoch 17 on dev ...
00:20:56 - process[1] - dev - epoch 17 - mAP: 0.516 w/ 37 queries
00:20:56 - process[1]: evaluating epoch 17 on test ...
00:21:16 - test set during evaluation: 11210/11201
00:21:16 - process[1] - test - epoch 17 - mAP: 0.516 w/ 37 queries
00:21:16 - process[1]: training epoch 18 ...
00:21:25 - process[1] - epoch 18 - train iter 240 - 20698.8 words/s - loss: 0.3474
00:21:25 - process[1]: evaluating epoch 18 on dev ...
00:21:42 - process[1] - dev - epoch 18 - mAP: 0.513 w/ 37 queries
00:21:42 - process[1]: training epoch 19 ...
00:21:51 - process[1] - epoch 19 - train iter 240 - 21598.6 words/s - loss: 0.4015
00:21:51 - process[1]: evaluating epoch 19 on dev ...
00:22:08 - process[1] - dev - epoch 19 - mAP: 0.498 w/ 37 queries
00:22:08 - [fold 3] best test MAP: 0.516 @ epoch 17
00:22:08 - Evaluating every 1 epochs ...
00:22:08 - reading data from /mnt/home/puxuan/CLIR-project/Evaluation_data/process-clef/uncased
00:22:08 - test has 37 queries ...
00:22:08 - Data reading done ...
00:22:10 - adding 9-th encoder to optimizer...
00:22:10 - adding 10-th encoder to optimizer...
00:22:10 - adding 11-th encoder to optimizer...
00:22:10 - process[1]: training epoch 0 ...
00:22:19 - process[1] - epoch 0 - train iter 231 - 21182.1 words/s - loss: 0.5688
00:22:19 - process[1]: training epoch 1 ...
00:22:28 - process[1] - epoch 1 - train iter 231 - 21590.6 words/s - loss: 0.5207
00:22:28 - process[1]: training epoch 2 ...
00:22:37 - process[1] - epoch 2 - train iter 231 - 20900.9 words/s - loss: 0.5326
00:22:37 - process[1]: training epoch 3 ...
00:22:46 - process[1] - epoch 3 - train iter 231 - 21208.6 words/s - loss: 0.4471
00:22:46 - process[1]: training epoch 4 ...
00:22:54 - process[1] - epoch 4 - train iter 231 - 21210.4 words/s - loss: 0.4259
00:22:54 - process[1]: training epoch 5 ...
00:23:03 - process[1] - epoch 5 - train iter 231 - 21023.5 words/s - loss: 0.4743
00:23:03 - process[1]: training epoch 6 ...
00:23:12 - process[1] - epoch 6 - train iter 231 - 21216.0 words/s - loss: 0.4678
00:23:12 - process[1]: training epoch 7 ...
00:23:21 - process[1] - epoch 7 - train iter 231 - 20643.5 words/s - loss: 0.4199
00:23:21 - process[1]: training epoch 8 ...
00:23:30 - process[1] - epoch 8 - train iter 231 - 20803.0 words/s - loss: 0.4332
00:23:30 - process[1]: training epoch 9 ...
00:23:38 - process[1] - epoch 9 - train iter 231 - 21210.1 words/s - loss: 0.4618
00:23:38 - process[1]: training epoch 10 ...
00:23:47 - process[1] - epoch 10 - train iter 231 - 20396.4 words/s - loss: 0.4430
00:23:47 - process[1]: evaluating epoch 10 on dev ...
00:24:07 - dev set during evaluation: 11210/11201
00:24:07 - process[1] - dev - epoch 10 - mAP: 0.547 w/ 37 queries
00:24:07 - process[1]: evaluating epoch 10 on test ...
00:24:25 - test set during evaluation: 10640/10633
00:24:25 - process[1] - test - epoch 10 - mAP: 0.489 w/ 37 queries
00:24:25 - process[1]: training epoch 11 ...
00:24:34 - process[1] - epoch 11 - train iter 231 - 21387.9 words/s - loss: 0.3946
00:24:34 - process[1]: evaluating epoch 11 on dev ...
00:24:53 - dev set during evaluation: 11210/11201
00:24:53 - process[1] - dev - epoch 11 - mAP: 0.549 w/ 37 queries
00:24:53 - process[1]: evaluating epoch 11 on test ...
00:25:12 - test set during evaluation: 10640/10633
00:25:12 - process[1] - test - epoch 11 - mAP: 0.480 w/ 37 queries
00:25:12 - process[1]: training epoch 12 ...
00:25:21 - process[1] - epoch 12 - train iter 231 - 20354.4 words/s - loss: 0.4470
00:25:21 - process[1]: evaluating epoch 12 on dev ...
00:25:41 - dev set during evaluation: 11210/11201
00:25:41 - process[1] - dev - epoch 12 - mAP: 0.545 w/ 37 queries
00:25:41 - process[1]: training epoch 13 ...
00:25:50 - process[1] - epoch 13 - train iter 231 - 21242.0 words/s - loss: 0.3630
00:25:50 - process[1]: evaluating epoch 13 on dev ...
00:26:10 - dev set during evaluation: 11210/11201
00:26:10 - process[1] - dev - epoch 13 - mAP: 0.567 w/ 37 queries
00:26:10 - process[1]: evaluating epoch 13 on test ...
00:26:27 - test set during evaluation: 10640/10633
00:26:27 - process[1] - test - epoch 13 - mAP: 0.472 w/ 37 queries
00:26:27 - process[1]: training epoch 14 ...
00:26:36 - process[1] - epoch 14 - train iter 231 - 21008.5 words/s - loss: 0.4241
00:26:36 - process[1]: evaluating epoch 14 on dev ...
00:26:56 - dev set during evaluation: 11210/11201
00:26:56 - process[1] - dev - epoch 14 - mAP: 0.556 w/ 37 queries
00:26:56 - process[1]: training epoch 15 ...
00:27:04 - process[1] - epoch 15 - train iter 231 - 21918.7 words/s - loss: 0.3681
00:27:04 - process[1]: evaluating epoch 15 on dev ...
00:27:25 - dev set during evaluation: 11210/11201
00:27:25 - process[1] - dev - epoch 15 - mAP: 0.557 w/ 37 queries
00:27:25 - process[1]: training epoch 16 ...
00:27:33 - process[1] - epoch 16 - train iter 231 - 21122.3 words/s - loss: 0.3861
00:27:33 - process[1]: evaluating epoch 16 on dev ...
00:27:53 - dev set during evaluation: 11210/11201
00:27:53 - process[1] - dev - epoch 16 - mAP: 0.540 w/ 37 queries
00:27:53 - process[1]: training epoch 17 ...
00:28:01 - process[1] - epoch 17 - train iter 231 - 22555.7 words/s - loss: 0.3816
00:28:01 - process[1]: evaluating epoch 17 on dev ...
00:28:21 - dev set during evaluation: 11210/11201
00:28:21 - process[1] - dev - epoch 17 - mAP: 0.564 w/ 37 queries
00:28:21 - process[1]: training epoch 18 ...
00:28:30 - process[1] - epoch 18 - train iter 231 - 20900.6 words/s - loss: 0.3924
00:28:30 - process[1]: evaluating epoch 18 on dev ...
00:28:50 - dev set during evaluation: 11210/11201
00:28:50 - process[1] - dev - epoch 18 - mAP: 0.525 w/ 37 queries
00:28:50 - process[1]: training epoch 19 ...
00:28:58 - process[1] - epoch 19 - train iter 231 - 21985.6 words/s - loss: 0.4082
00:28:58 - process[1]: evaluating epoch 19 on dev ...
00:29:18 - dev set during evaluation: 11210/11201
00:29:18 - process[1] - dev - epoch 19 - mAP: 0.536 w/ 37 queries
00:29:18 - [fold 4] best test MAP: 0.472 @ epoch 13
00:29:18 - Evaluating every 1 epochs ...
00:29:18 - reading data from /mnt/home/puxuan/CLIR-project/Evaluation_data/process-clef/uncased
00:29:19 - test has 37 queries ...
00:29:19 - Data reading done ...
00:29:20 - adding 9-th encoder to optimizer...
00:29:20 - adding 10-th encoder to optimizer...
00:29:20 - adding 11-th encoder to optimizer...
00:29:21 - process[1]: training epoch 0 ...
00:29:30 - process[1] - epoch 0 - train iter 235 - 20798.7 words/s - loss: 0.5940
00:29:30 - process[1]: training epoch 1 ...
00:29:38 - process[1] - epoch 1 - train iter 235 - 22710.3 words/s - loss: 0.5504
00:29:38 - process[1]: training epoch 2 ...
00:29:48 - process[1] - epoch 2 - train iter 235 - 20193.2 words/s - loss: 0.5082
00:29:48 - process[1]: training epoch 3 ...
00:29:56 - process[1] - epoch 3 - train iter 235 - 21701.3 words/s - loss: 0.4963
00:29:56 - process[1]: training epoch 4 ...
00:30:05 - process[1] - epoch 4 - train iter 235 - 22189.8 words/s - loss: 0.4367
00:30:05 - process[1]: training epoch 5 ...
00:30:14 - process[1] - epoch 5 - train iter 235 - 20873.3 words/s - loss: 0.4713
00:30:14 - process[1]: training epoch 6 ...
00:30:23 - process[1] - epoch 6 - train iter 235 - 21260.4 words/s - loss: 0.4760
00:30:23 - process[1]: training epoch 7 ...
00:30:32 - process[1] - epoch 7 - train iter 235 - 20650.0 words/s - loss: 0.3973
00:30:32 - process[1]: training epoch 8 ...
00:30:41 - process[1] - epoch 8 - train iter 235 - 21473.1 words/s - loss: 0.4044
00:30:41 - process[1]: training epoch 9 ...
00:30:50 - process[1] - epoch 9 - train iter 235 - 21811.2 words/s - loss: 0.4253
00:30:50 - process[1]: training epoch 10 ...
00:30:59 - process[1] - epoch 10 - train iter 235 - 20815.9 words/s - loss: 0.4048
00:30:59 - process[1]: evaluating epoch 10 on dev ...
00:31:18 - dev set during evaluation: 10640/10633
00:31:18 - process[1] - dev - epoch 10 - mAP: 0.465 w/ 37 queries
00:31:18 - process[1]: evaluating epoch 10 on test ...
00:31:37 - process[1] - test - epoch 10 - mAP: 0.429 w/ 37 queries
00:31:37 - process[1]: training epoch 11 ...
00:31:46 - process[1] - epoch 11 - train iter 235 - 21213.3 words/s - loss: 0.4545
00:31:46 - process[1]: evaluating epoch 11 on dev ...
00:32:04 - dev set during evaluation: 10640/10633
00:32:04 - process[1] - dev - epoch 11 - mAP: 0.458 w/ 37 queries
00:32:04 - process[1]: training epoch 12 ...
00:32:13 - process[1] - epoch 12 - train iter 235 - 21785.7 words/s - loss: 0.4276
00:32:13 - process[1]: evaluating epoch 12 on dev ...
00:32:31 - dev set during evaluation: 10640/10633
00:32:31 - process[1] - dev - epoch 12 - mAP: 0.481 w/ 37 queries
00:32:31 - process[1]: evaluating epoch 12 on test ...
00:32:49 - process[1] - test - epoch 12 - mAP: 0.441 w/ 37 queries
00:32:49 - process[1]: training epoch 13 ...
00:32:58 - process[1] - epoch 13 - train iter 235 - 21020.3 words/s - loss: 0.4271
00:32:58 - process[1]: evaluating epoch 13 on dev ...
00:33:16 - dev set during evaluation: 10640/10633
00:33:16 - process[1] - dev - epoch 13 - mAP: 0.452 w/ 37 queries
00:33:16 - process[1]: training epoch 14 ...
00:33:25 - process[1] - epoch 14 - train iter 235 - 21853.9 words/s - loss: 0.4333
00:33:25 - process[1]: evaluating epoch 14 on dev ...
00:33:45 - dev set during evaluation: 10640/10633
00:33:45 - process[1] - dev - epoch 14 - mAP: 0.438 w/ 37 queries
00:33:45 - process[1]: training epoch 15 ...
00:33:54 - process[1] - epoch 15 - train iter 235 - 21263.9 words/s - loss: 0.3306
00:33:54 - process[1]: evaluating epoch 15 on dev ...
00:34:11 - dev set during evaluation: 10640/10633
00:34:11 - process[1] - dev - epoch 15 - mAP: 0.464 w/ 37 queries
00:34:11 - process[1]: training epoch 16 ...
00:34:20 - process[1] - epoch 16 - train iter 235 - 22133.4 words/s - loss: 0.3992
00:34:20 - process[1]: evaluating epoch 16 on dev ...
00:34:38 - dev set during evaluation: 10640/10633
00:34:38 - process[1] - dev - epoch 16 - mAP: 0.479 w/ 37 queries
00:34:38 - process[1]: training epoch 17 ...
00:34:47 - process[1] - epoch 17 - train iter 235 - 21725.2 words/s - loss: 0.3620
00:34:47 - process[1]: evaluating epoch 17 on dev ...
00:35:05 - dev set during evaluation: 10640/10633
00:35:05 - process[1] - dev - epoch 17 - mAP: 0.454 w/ 37 queries
00:35:05 - process[1]: training epoch 18 ...
00:35:13 - process[1] - epoch 18 - train iter 235 - 21460.2 words/s - loss: 0.4116
00:35:13 - process[1]: evaluating epoch 18 on dev ...
00:35:31 - dev set during evaluation: 10640/10633
00:35:31 - process[1] - dev - epoch 18 - mAP: 0.443 w/ 37 queries
00:35:31 - process[1]: training epoch 19 ...
00:35:40 - process[1] - epoch 19 - train iter 235 - 21330.8 words/s - loss: 0.3696
00:35:40 - process[1]: evaluating epoch 19 on dev ...
00:35:58 - dev set during evaluation: 10640/10633
00:35:58 - process[1] - dev - epoch 19 - mAP: 0.457 w/ 37 queries
00:35:58 - [fold 5] best test MAP: 0.441 @ epoch 12
00:35:58 - [0.592116915002384, 0.49844953464321223, 0.5158877364068654, 0.4724300110604284, 0.4409424142887916]
00:35:58 - [37, 37, 37, 37, 37]
00:35:58 - final MAP: 0.504
