00:00:06 - Namespace(apex_level='O2', batch_size=8, cased=False, dataset='clef', debug=False, encoder_lr=2e-05, eval_step=1, full_doc_length=True, local_rank=9, model_path='/mnt/scratch/puxuan/short_qlm/2186735/huggingface-14', model_type='mbert', num_epochs=20, num_ft_encoders=3, num_neg=1, projector_lr=2e-05, seed=611, source_lang='fr', target_lang='es')
00:00:16 - Evaluating every 1 epochs ...
00:00:16 - reading data from /mnt/home/puxuan/CLIR-project/Evaluation_data/process-clef/uncased
00:00:17 - test has 31 queries ...
00:00:17 - Data reading done ...
00:00:24 - adding 9-th encoder to optimizer...
00:00:24 - adding 10-th encoder to optimizer...
00:00:24 - adding 11-th encoder to optimizer...
00:00:24 - process[9]: training epoch 0 ...
00:00:41 - process[9] - epoch 0 - train iter 540 - 27276.3 words/s - loss: 0.5709
00:00:41 - process[9]: training epoch 1 ...
00:00:58 - process[9] - epoch 1 - train iter 540 - 28754.5 words/s - loss: 0.4684
00:00:58 - process[9]: training epoch 2 ...
00:01:14 - process[9] - epoch 2 - train iter 540 - 28592.4 words/s - loss: 0.4394
00:01:14 - process[9]: training epoch 3 ...
00:01:30 - process[9] - epoch 3 - train iter 540 - 28795.3 words/s - loss: 0.4395
00:01:30 - process[9]: training epoch 4 ...
00:01:46 - process[9] - epoch 4 - train iter 540 - 29006.6 words/s - loss: 0.3973
00:01:46 - process[9]: training epoch 5 ...
00:02:03 - process[9] - epoch 5 - train iter 540 - 28172.3 words/s - loss: 0.3797
00:02:03 - process[9]: training epoch 6 ...
00:02:19 - process[9] - epoch 6 - train iter 540 - 28450.3 words/s - loss: 0.3763
00:02:19 - process[9]: training epoch 7 ...
00:02:36 - process[9] - epoch 7 - train iter 540 - 28368.4 words/s - loss: 0.3583
00:02:36 - process[9]: training epoch 8 ...
00:02:53 - process[9] - epoch 8 - train iter 540 - 28351.9 words/s - loss: 0.3391
00:02:53 - process[9]: training epoch 9 ...
00:03:09 - process[9] - epoch 9 - train iter 540 - 28390.3 words/s - loss: 0.3396
00:03:09 - process[9]: training epoch 10 ...
00:03:26 - process[9] - epoch 10 - train iter 540 - 28310.2 words/s - loss: 0.3533
00:03:26 - process[9]: evaluating epoch 10 on dev ...
00:03:42 - process[9] - dev - epoch 10 - mAP: 0.481 w/ 31 queries
00:03:42 - process[9]: evaluating epoch 10 on test ...
00:03:57 - test set during evaluation: 11460/11458
00:03:57 - process[9] - test - epoch 10 - mAP: 0.516 w/ 31 queries
00:03:57 - process[9]: training epoch 11 ...
00:04:13 - process[9] - epoch 11 - train iter 540 - 28651.9 words/s - loss: 0.3448
00:04:13 - process[9]: evaluating epoch 11 on dev ...
00:04:27 - process[9] - dev - epoch 11 - mAP: 0.501 w/ 31 queries
00:04:27 - process[9]: evaluating epoch 11 on test ...
00:04:41 - test set during evaluation: 11460/11458
00:04:41 - process[9] - test - epoch 11 - mAP: 0.547 w/ 31 queries
00:04:41 - process[9]: training epoch 12 ...
00:04:57 - process[9] - epoch 12 - train iter 540 - 28570.1 words/s - loss: 0.3289
00:04:57 - process[9]: evaluating epoch 12 on dev ...
00:05:11 - process[9] - dev - epoch 12 - mAP: 0.484 w/ 31 queries
00:05:11 - process[9]: training epoch 13 ...
00:05:28 - process[9] - epoch 13 - train iter 540 - 28259.2 words/s - loss: 0.2962
00:05:28 - process[9]: evaluating epoch 13 on dev ...
00:05:42 - process[9] - dev - epoch 13 - mAP: 0.509 w/ 31 queries
00:05:42 - process[9]: evaluating epoch 13 on test ...
00:05:56 - test set during evaluation: 11460/11458
00:05:56 - process[9] - test - epoch 13 - mAP: 0.546 w/ 31 queries
00:05:56 - process[9]: training epoch 14 ...
00:06:12 - process[9] - epoch 14 - train iter 540 - 28339.6 words/s - loss: 0.2934
00:06:12 - process[9]: evaluating epoch 14 on dev ...
00:06:26 - process[9] - dev - epoch 14 - mAP: 0.475 w/ 31 queries
00:06:26 - process[9]: training epoch 15 ...
00:06:42 - process[9] - epoch 15 - train iter 540 - 28617.4 words/s - loss: 0.2891
00:06:42 - process[9]: evaluating epoch 15 on dev ...
00:06:56 - process[9] - dev - epoch 15 - mAP: 0.492 w/ 31 queries
00:06:56 - process[9]: training epoch 16 ...
00:07:12 - process[9] - epoch 16 - train iter 540 - 29003.4 words/s - loss: 0.3146
00:07:12 - process[9]: evaluating epoch 16 on dev ...
00:07:26 - process[9] - dev - epoch 16 - mAP: 0.505 w/ 31 queries
00:07:26 - process[9]: training epoch 17 ...
00:07:43 - process[9] - epoch 17 - train iter 540 - 28333.6 words/s - loss: 0.2860
00:07:43 - process[9]: evaluating epoch 17 on dev ...
00:07:57 - process[9] - dev - epoch 17 - mAP: 0.483 w/ 31 queries
00:07:57 - process[9]: training epoch 18 ...
00:08:13 - process[9] - epoch 18 - train iter 540 - 28575.0 words/s - loss: 0.2585
00:08:13 - process[9]: evaluating epoch 18 on dev ...
00:08:28 - process[9] - dev - epoch 18 - mAP: 0.513 w/ 31 queries
00:08:28 - process[9]: evaluating epoch 18 on test ...
00:08:42 - test set during evaluation: 11460/11458
00:08:42 - process[9] - test - epoch 18 - mAP: 0.543 w/ 31 queries
00:08:42 - process[9]: training epoch 19 ...
00:08:58 - process[9] - epoch 19 - train iter 540 - 28999.3 words/s - loss: 0.2866
00:08:58 - process[9]: evaluating epoch 19 on dev ...
00:09:12 - process[9] - dev - epoch 19 - mAP: 0.495 w/ 31 queries
00:09:12 - [fold 1] best test MAP: 0.543 @ epoch 18
00:09:12 - Evaluating every 1 epochs ...
00:09:12 - reading data from /mnt/home/puxuan/CLIR-project/Evaluation_data/process-clef/uncased
00:09:14 - test has 32 queries ...
00:09:14 - Data reading done ...
00:09:15 - adding 9-th encoder to optimizer...
00:09:15 - adding 10-th encoder to optimizer...
00:09:15 - adding 11-th encoder to optimizer...
00:09:15 - process[9]: training epoch 0 ...
00:09:31 - process[9] - epoch 0 - train iter 492 - 28282.2 words/s - loss: 0.5574
00:09:31 - process[9]: training epoch 1 ...
00:09:46 - process[9] - epoch 1 - train iter 492 - 28629.5 words/s - loss: 0.4526
00:09:46 - process[9]: training epoch 2 ...
00:10:01 - process[9] - epoch 2 - train iter 492 - 28254.0 words/s - loss: 0.4186
00:10:01 - process[9]: training epoch 3 ...
00:10:16 - process[9] - epoch 3 - train iter 492 - 28184.5 words/s - loss: 0.3968
00:10:16 - process[9]: training epoch 4 ...
00:10:32 - process[9] - epoch 4 - train iter 492 - 27915.8 words/s - loss: 0.3652
00:10:32 - process[9]: training epoch 5 ...
00:10:47 - process[9] - epoch 5 - train iter 492 - 28199.8 words/s - loss: 0.3688
00:10:47 - process[9]: training epoch 6 ...
00:11:02 - process[9] - epoch 6 - train iter 492 - 28168.0 words/s - loss: 0.3380
00:11:02 - process[9]: training epoch 7 ...
00:11:18 - process[9] - epoch 7 - train iter 492 - 28137.6 words/s - loss: 0.3961
00:11:18 - process[9]: training epoch 8 ...
00:11:33 - process[9] - epoch 8 - train iter 492 - 28330.7 words/s - loss: 0.3310
00:11:33 - process[9]: training epoch 9 ...
00:11:48 - process[9] - epoch 9 - train iter 492 - 27917.4 words/s - loss: 0.3256
00:11:48 - process[9]: training epoch 10 ...
00:12:03 - process[9] - epoch 10 - train iter 492 - 28161.2 words/s - loss: 0.3166
00:12:03 - process[9]: evaluating epoch 10 on dev ...
00:12:22 - dev set during evaluation: 11460/11458
00:12:22 - process[9] - dev - epoch 10 - mAP: 0.579 w/ 31 queries
00:12:22 - process[9]: evaluating epoch 10 on test ...
00:12:38 - process[9] - test - epoch 10 - mAP: 0.598 w/ 32 queries
00:12:38 - process[9]: training epoch 11 ...
00:12:53 - process[9] - epoch 11 - train iter 492 - 28154.3 words/s - loss: 0.3441
00:12:53 - process[9]: evaluating epoch 11 on dev ...
00:13:07 - dev set during evaluation: 11460/11458
00:13:07 - process[9] - dev - epoch 11 - mAP: 0.541 w/ 31 queries
00:13:07 - process[9]: training epoch 12 ...
00:13:23 - process[9] - epoch 12 - train iter 492 - 28094.8 words/s - loss: 0.3340
00:13:23 - process[9]: evaluating epoch 12 on dev ...
00:13:37 - dev set during evaluation: 11460/11458
00:13:37 - process[9] - dev - epoch 12 - mAP: 0.542 w/ 31 queries
00:13:37 - process[9]: training epoch 13 ...
00:13:52 - process[9] - epoch 13 - train iter 492 - 28512.1 words/s - loss: 0.3190
00:13:52 - process[9]: evaluating epoch 13 on dev ...
00:14:06 - dev set during evaluation: 11460/11458
00:14:06 - process[9] - dev - epoch 13 - mAP: 0.540 w/ 31 queries
00:14:06 - process[9]: training epoch 14 ...
00:14:22 - process[9] - epoch 14 - train iter 492 - 28464.2 words/s - loss: 0.3176
00:14:22 - process[9]: evaluating epoch 14 on dev ...
00:14:36 - dev set during evaluation: 11460/11458
00:14:36 - process[9] - dev - epoch 14 - mAP: 0.541 w/ 31 queries
00:14:36 - process[9]: training epoch 15 ...
00:14:52 - process[9] - epoch 15 - train iter 492 - 27942.6 words/s - loss: 0.2913
00:14:52 - process[9]: evaluating epoch 15 on dev ...
00:15:06 - dev set during evaluation: 11460/11458
00:15:06 - process[9] - dev - epoch 15 - mAP: 0.548 w/ 31 queries
00:15:06 - process[9]: training epoch 16 ...
00:15:21 - process[9] - epoch 16 - train iter 492 - 28064.4 words/s - loss: 0.2899
00:15:21 - process[9]: evaluating epoch 16 on dev ...
00:15:35 - dev set during evaluation: 11460/11458
00:15:35 - process[9] - dev - epoch 16 - mAP: 0.540 w/ 31 queries
00:15:35 - process[9]: training epoch 17 ...
00:15:50 - process[9] - epoch 17 - train iter 492 - 28789.7 words/s - loss: 0.2862
00:15:50 - process[9]: evaluating epoch 17 on dev ...
00:16:05 - dev set during evaluation: 11460/11458
00:16:05 - process[9] - dev - epoch 17 - mAP: 0.549 w/ 31 queries
00:16:05 - process[9]: training epoch 18 ...
00:16:20 - process[9] - epoch 18 - train iter 492 - 28178.3 words/s - loss: 0.2914
00:16:20 - process[9]: evaluating epoch 18 on dev ...
00:16:35 - dev set during evaluation: 11460/11458
00:16:35 - process[9] - dev - epoch 18 - mAP: 0.556 w/ 31 queries
00:16:35 - process[9]: training epoch 19 ...
00:16:50 - process[9] - epoch 19 - train iter 492 - 27879.6 words/s - loss: 0.3031
00:16:50 - process[9]: evaluating epoch 19 on dev ...
00:17:04 - dev set during evaluation: 11460/11458
00:17:04 - process[9] - dev - epoch 19 - mAP: 0.540 w/ 31 queries
00:17:04 - [fold 2] best test MAP: 0.598 @ epoch 10
00:17:04 - Evaluating every 1 epochs ...
00:17:04 - reading data from /mnt/home/puxuan/CLIR-project/Evaluation_data/process-clef/uncased
00:17:06 - test has 31 queries ...
00:17:06 - Data reading done ...
00:17:07 - adding 9-th encoder to optimizer...
00:17:07 - adding 10-th encoder to optimizer...
00:17:07 - adding 11-th encoder to optimizer...
00:17:07 - process[9]: training epoch 0 ...
00:17:22 - process[9] - epoch 0 - train iter 476 - 27853.1 words/s - loss: 0.5676
00:17:22 - process[9]: training epoch 1 ...
00:17:37 - process[9] - epoch 1 - train iter 476 - 28239.4 words/s - loss: 0.4444
00:17:37 - process[9]: training epoch 2 ...
00:17:52 - process[9] - epoch 2 - train iter 476 - 28020.9 words/s - loss: 0.4292
00:17:52 - process[9]: training epoch 3 ...
00:18:07 - process[9] - epoch 3 - train iter 476 - 28300.2 words/s - loss: 0.4067
00:18:07 - process[9]: training epoch 4 ...
00:18:22 - process[9] - epoch 4 - train iter 476 - 27958.8 words/s - loss: 0.3830
00:18:22 - process[9]: training epoch 5 ...
00:18:36 - process[9] - epoch 5 - train iter 476 - 27787.1 words/s - loss: 0.3954
00:18:36 - process[9]: training epoch 6 ...
00:18:51 - process[9] - epoch 6 - train iter 476 - 27955.4 words/s - loss: 0.3781
00:18:51 - process[9]: training epoch 7 ...
00:19:06 - process[9] - epoch 7 - train iter 476 - 27739.0 words/s - loss: 0.3490
00:19:06 - process[9]: training epoch 8 ...
00:19:21 - process[9] - epoch 8 - train iter 476 - 28298.2 words/s - loss: 0.3340
00:19:21 - process[9]: training epoch 9 ...
00:19:36 - process[9] - epoch 9 - train iter 476 - 27705.5 words/s - loss: 0.3491
00:19:36 - process[9]: training epoch 10 ...
00:19:51 - process[9] - epoch 10 - train iter 476 - 28090.1 words/s - loss: 0.3311
00:19:51 - process[9]: evaluating epoch 10 on dev ...
00:20:06 - process[9] - dev - epoch 10 - mAP: 0.579 w/ 32 queries
00:20:06 - process[9]: evaluating epoch 10 on test ...
00:20:20 - test set during evaluation: 11550/11545
00:20:20 - process[9] - test - epoch 10 - mAP: 0.570 w/ 31 queries
00:20:20 - process[9]: training epoch 11 ...
00:20:35 - process[9] - epoch 11 - train iter 476 - 28042.3 words/s - loss: 0.3518
00:20:35 - process[9]: evaluating epoch 11 on dev ...
00:20:51 - process[9] - dev - epoch 11 - mAP: 0.581 w/ 32 queries
00:20:51 - process[9]: evaluating epoch 11 on test ...
00:21:06 - test set during evaluation: 11550/11545
00:21:06 - process[9] - test - epoch 11 - mAP: 0.556 w/ 31 queries
00:21:06 - process[9]: training epoch 12 ...
00:21:21 - process[9] - epoch 12 - train iter 476 - 28288.9 words/s - loss: 0.3186
00:21:21 - process[9]: evaluating epoch 12 on dev ...
00:21:36 - process[9] - dev - epoch 12 - mAP: 0.604 w/ 32 queries
00:21:36 - process[9]: evaluating epoch 12 on test ...
00:21:51 - test set during evaluation: 11550/11545
00:21:51 - process[9] - test - epoch 12 - mAP: 0.576 w/ 31 queries
00:21:51 - process[9]: training epoch 13 ...
00:22:06 - process[9] - epoch 13 - train iter 476 - 28530.4 words/s - loss: 0.3508
00:22:06 - process[9]: evaluating epoch 13 on dev ...
00:22:21 - process[9] - dev - epoch 13 - mAP: 0.598 w/ 32 queries
00:22:21 - process[9]: training epoch 14 ...
00:22:36 - process[9] - epoch 14 - train iter 476 - 28574.1 words/s - loss: 0.3139
00:22:36 - process[9]: evaluating epoch 14 on dev ...
00:22:52 - process[9] - dev - epoch 14 - mAP: 0.607 w/ 32 queries
00:22:52 - process[9]: evaluating epoch 14 on test ...
00:23:06 - test set during evaluation: 11550/11545
00:23:06 - process[9] - test - epoch 14 - mAP: 0.570 w/ 31 queries
00:23:06 - process[9]: training epoch 15 ...
00:23:21 - process[9] - epoch 15 - train iter 476 - 28482.4 words/s - loss: 0.3102
00:23:21 - process[9]: evaluating epoch 15 on dev ...
00:23:36 - process[9] - dev - epoch 15 - mAP: 0.595 w/ 32 queries
00:23:36 - process[9]: training epoch 16 ...
00:23:51 - process[9] - epoch 16 - train iter 476 - 28496.9 words/s - loss: 0.3000
00:23:51 - process[9]: evaluating epoch 16 on dev ...
00:24:06 - process[9] - dev - epoch 16 - mAP: 0.587 w/ 32 queries
00:24:06 - process[9]: training epoch 17 ...
00:24:21 - process[9] - epoch 17 - train iter 476 - 27976.4 words/s - loss: 0.2727
00:24:21 - process[9]: evaluating epoch 17 on dev ...
00:24:36 - process[9] - dev - epoch 17 - mAP: 0.587 w/ 32 queries
00:24:36 - process[9]: training epoch 18 ...
00:24:51 - process[9] - epoch 18 - train iter 476 - 28455.0 words/s - loss: 0.2557
00:24:51 - process[9]: evaluating epoch 18 on dev ...
00:25:06 - process[9] - dev - epoch 18 - mAP: 0.563 w/ 32 queries
00:25:06 - process[9]: training epoch 19 ...
00:25:21 - process[9] - epoch 19 - train iter 476 - 27912.1 words/s - loss: 0.2975
00:25:21 - process[9]: evaluating epoch 19 on dev ...
00:25:36 - process[9] - dev - epoch 19 - mAP: 0.584 w/ 32 queries
00:25:36 - [fold 3] best test MAP: 0.570 @ epoch 14
00:25:36 - Evaluating every 1 epochs ...
00:25:36 - reading data from /mnt/home/puxuan/CLIR-project/Evaluation_data/process-clef/uncased
00:25:37 - test has 31 queries ...
00:25:37 - Data reading done ...
00:25:39 - adding 9-th encoder to optimizer...
00:25:39 - adding 10-th encoder to optimizer...
00:25:39 - adding 11-th encoder to optimizer...
00:25:39 - process[9]: training epoch 0 ...
00:25:53 - process[9] - epoch 0 - train iter 432 - 28536.5 words/s - loss: 0.6142
00:25:53 - process[9]: training epoch 1 ...
00:26:06 - process[9] - epoch 1 - train iter 432 - 28364.6 words/s - loss: 0.5145
00:26:06 - process[9]: training epoch 2 ...
00:26:20 - process[9] - epoch 2 - train iter 432 - 27810.6 words/s - loss: 0.4569
00:26:20 - process[9]: training epoch 3 ...
00:26:33 - process[9] - epoch 3 - train iter 432 - 28146.3 words/s - loss: 0.4177
00:26:33 - process[9]: training epoch 4 ...
00:26:46 - process[9] - epoch 4 - train iter 432 - 28538.8 words/s - loss: 0.4153
00:26:46 - process[9]: training epoch 5 ...
00:27:00 - process[9] - epoch 5 - train iter 432 - 28426.6 words/s - loss: 0.3887
00:27:00 - process[9]: training epoch 6 ...
00:27:13 - process[9] - epoch 6 - train iter 432 - 28231.4 words/s - loss: 0.3562
00:27:13 - process[9]: training epoch 7 ...
00:27:27 - process[9] - epoch 7 - train iter 432 - 28313.1 words/s - loss: 0.3666
00:27:27 - process[9]: training epoch 8 ...
00:27:40 - process[9] - epoch 8 - train iter 432 - 28259.4 words/s - loss: 0.3353
00:27:40 - process[9]: training epoch 9 ...
00:27:53 - process[9] - epoch 9 - train iter 432 - 28523.6 words/s - loss: 0.3585
00:27:53 - process[9]: training epoch 10 ...
00:28:07 - process[9] - epoch 10 - train iter 432 - 28216.1 words/s - loss: 0.3310
00:28:07 - process[9]: evaluating epoch 10 on dev ...
00:28:25 - dev set during evaluation: 11550/11545
00:28:25 - process[9] - dev - epoch 10 - mAP: 0.561 w/ 31 queries
00:28:25 - process[9]: evaluating epoch 10 on test ...
00:28:40 - test set during evaluation: 11320/11315
00:28:40 - process[9] - test - epoch 10 - mAP: 0.593 w/ 31 queries
00:28:40 - process[9]: training epoch 11 ...
00:28:54 - process[9] - epoch 11 - train iter 432 - 28144.0 words/s - loss: 0.3431
00:28:54 - process[9]: evaluating epoch 11 on dev ...
00:29:08 - dev set during evaluation: 11550/11545
00:29:08 - process[9] - dev - epoch 11 - mAP: 0.558 w/ 31 queries
00:29:08 - process[9]: training epoch 12 ...
00:29:22 - process[9] - epoch 12 - train iter 432 - 28346.3 words/s - loss: 0.3329
00:29:22 - process[9]: evaluating epoch 12 on dev ...
00:29:37 - dev set during evaluation: 11550/11545
00:29:37 - process[9] - dev - epoch 12 - mAP: 0.572 w/ 31 queries
00:29:37 - process[9]: evaluating epoch 12 on test ...
00:29:52 - test set during evaluation: 11320/11315
00:29:52 - process[9] - test - epoch 12 - mAP: 0.586 w/ 31 queries
00:29:52 - process[9]: training epoch 13 ...
00:30:05 - process[9] - epoch 13 - train iter 432 - 28403.9 words/s - loss: 0.3009
00:30:05 - process[9]: evaluating epoch 13 on dev ...
00:30:20 - dev set during evaluation: 11550/11545
00:30:20 - process[9] - dev - epoch 13 - mAP: 0.558 w/ 31 queries
00:30:20 - process[9]: training epoch 14 ...
00:30:33 - process[9] - epoch 14 - train iter 432 - 28684.8 words/s - loss: 0.3203
00:30:33 - process[9]: evaluating epoch 14 on dev ...
00:30:48 - dev set during evaluation: 11550/11545
00:30:48 - process[9] - dev - epoch 14 - mAP: 0.572 w/ 31 queries
00:30:48 - process[9]: training epoch 15 ...
00:31:01 - process[9] - epoch 15 - train iter 432 - 28487.4 words/s - loss: 0.3072
00:31:01 - process[9]: evaluating epoch 15 on dev ...
00:31:16 - dev set during evaluation: 11550/11545
00:31:16 - process[9] - dev - epoch 15 - mAP: 0.586 w/ 31 queries
00:31:16 - process[9]: evaluating epoch 15 on test ...
00:31:31 - test set during evaluation: 11320/11315
00:31:31 - process[9] - test - epoch 15 - mAP: 0.587 w/ 31 queries
00:31:31 - process[9]: training epoch 16 ...
00:31:44 - process[9] - epoch 16 - train iter 432 - 28876.7 words/s - loss: 0.2967
00:31:44 - process[9]: evaluating epoch 16 on dev ...
00:31:59 - dev set during evaluation: 11550/11545
00:31:59 - process[9] - dev - epoch 16 - mAP: 0.576 w/ 31 queries
00:31:59 - process[9]: training epoch 17 ...
00:32:12 - process[9] - epoch 17 - train iter 432 - 28716.9 words/s - loss: 0.2726
00:32:12 - process[9]: evaluating epoch 17 on dev ...
00:32:27 - dev set during evaluation: 11550/11545
00:32:27 - process[9] - dev - epoch 17 - mAP: 0.542 w/ 31 queries
00:32:27 - process[9]: training epoch 18 ...
00:32:41 - process[9] - epoch 18 - train iter 432 - 28600.5 words/s - loss: 0.3023
00:32:41 - process[9]: evaluating epoch 18 on dev ...
00:32:56 - dev set during evaluation: 11550/11545
00:32:56 - process[9] - dev - epoch 18 - mAP: 0.551 w/ 31 queries
00:32:56 - process[9]: training epoch 19 ...
00:33:09 - process[9] - epoch 19 - train iter 432 - 28709.9 words/s - loss: 0.3182
00:33:09 - process[9]: evaluating epoch 19 on dev ...
00:33:24 - dev set during evaluation: 11550/11545
00:33:24 - process[9] - dev - epoch 19 - mAP: 0.579 w/ 31 queries
00:33:24 - [fold 4] best test MAP: 0.587 @ epoch 15
00:33:24 - Evaluating every 1 epochs ...
00:33:24 - reading data from /mnt/home/puxuan/CLIR-project/Evaluation_data/process-clef/uncased
00:33:25 - test has 31 queries ...
00:33:25 - Data reading done ...
00:33:27 - adding 9-th encoder to optimizer...
00:33:27 - adding 10-th encoder to optimizer...
00:33:27 - adding 11-th encoder to optimizer...
00:33:27 - process[9]: training epoch 0 ...
00:33:40 - process[9] - epoch 0 - train iter 437 - 28541.8 words/s - loss: 0.6004
00:33:40 - process[9]: training epoch 1 ...
00:33:54 - process[9] - epoch 1 - train iter 437 - 28537.6 words/s - loss: 0.5053
00:33:54 - process[9]: training epoch 2 ...
00:34:07 - process[9] - epoch 2 - train iter 437 - 28047.2 words/s - loss: 0.4263
00:34:07 - process[9]: training epoch 3 ...
00:34:21 - process[9] - epoch 3 - train iter 437 - 27893.7 words/s - loss: 0.3787
00:34:21 - process[9]: training epoch 4 ...
00:34:35 - process[9] - epoch 4 - train iter 437 - 27909.3 words/s - loss: 0.4043
00:34:35 - process[9]: training epoch 5 ...
00:34:49 - process[9] - epoch 5 - train iter 437 - 28122.5 words/s - loss: 0.3896
00:34:49 - process[9]: training epoch 6 ...
00:35:02 - process[9] - epoch 6 - train iter 437 - 27881.8 words/s - loss: 0.3780
00:35:02 - process[9]: training epoch 7 ...
00:35:16 - process[9] - epoch 7 - train iter 437 - 27896.7 words/s - loss: 0.3329
00:35:16 - process[9]: training epoch 8 ...
00:35:30 - process[9] - epoch 8 - train iter 437 - 27986.9 words/s - loss: 0.3281
00:35:30 - process[9]: training epoch 9 ...
00:35:44 - process[9] - epoch 9 - train iter 437 - 27990.6 words/s - loss: 0.3311
00:35:44 - process[9]: training epoch 10 ...
00:35:57 - process[9] - epoch 10 - train iter 437 - 28017.1 words/s - loss: 0.3313
00:35:57 - process[9]: evaluating epoch 10 on dev ...
00:36:14 - dev set during evaluation: 11320/11315
00:36:14 - process[9] - dev - epoch 10 - mAP: 0.592 w/ 31 queries
00:36:14 - process[9]: evaluating epoch 10 on test ...
00:36:28 - process[9] - test - epoch 10 - mAP: 0.501 w/ 31 queries
00:36:28 - process[9]: training epoch 11 ...
00:36:41 - process[9] - epoch 11 - train iter 437 - 27763.9 words/s - loss: 0.3012
00:36:41 - process[9]: evaluating epoch 11 on dev ...
00:36:56 - dev set during evaluation: 11320/11315
00:36:56 - process[9] - dev - epoch 11 - mAP: 0.612 w/ 31 queries
00:36:56 - process[9]: evaluating epoch 11 on test ...
00:37:10 - process[9] - test - epoch 11 - mAP: 0.486 w/ 31 queries
00:37:10 - process[9]: training epoch 12 ...
00:37:24 - process[9] - epoch 12 - train iter 437 - 27864.1 words/s - loss: 0.3334
00:37:24 - process[9]: evaluating epoch 12 on dev ...
00:37:38 - dev set during evaluation: 11320/11315
00:37:38 - process[9] - dev - epoch 12 - mAP: 0.592 w/ 31 queries
00:37:38 - process[9]: training epoch 13 ...
00:37:52 - process[9] - epoch 13 - train iter 437 - 27907.8 words/s - loss: 0.2757
00:37:52 - process[9]: evaluating epoch 13 on dev ...
00:38:07 - dev set during evaluation: 11320/11315
00:38:07 - process[9] - dev - epoch 13 - mAP: 0.605 w/ 31 queries
00:38:07 - process[9]: training epoch 14 ...
00:38:20 - process[9] - epoch 14 - train iter 437 - 27830.4 words/s - loss: 0.3182
00:38:20 - process[9]: evaluating epoch 14 on dev ...
00:38:35 - dev set during evaluation: 11320/11315
00:38:35 - process[9] - dev - epoch 14 - mAP: 0.583 w/ 31 queries
00:38:35 - process[9]: training epoch 15 ...
00:38:49 - process[9] - epoch 15 - train iter 437 - 27978.5 words/s - loss: 0.2942
00:38:49 - process[9]: evaluating epoch 15 on dev ...
00:39:04 - dev set during evaluation: 11320/11315
00:39:04 - process[9] - dev - epoch 15 - mAP: 0.604 w/ 31 queries
00:39:04 - process[9]: training epoch 16 ...
00:39:17 - process[9] - epoch 16 - train iter 437 - 27797.7 words/s - loss: 0.2683
00:39:17 - process[9]: evaluating epoch 16 on dev ...
00:39:32 - dev set during evaluation: 11320/11315
00:39:32 - process[9] - dev - epoch 16 - mAP: 0.627 w/ 31 queries
00:39:32 - process[9]: evaluating epoch 16 on test ...
00:39:46 - process[9] - test - epoch 16 - mAP: 0.507 w/ 31 queries
00:39:46 - process[9]: training epoch 17 ...
00:40:00 - process[9] - epoch 17 - train iter 437 - 27855.3 words/s - loss: 0.2692
00:40:00 - process[9]: evaluating epoch 17 on dev ...
00:40:15 - dev set during evaluation: 11320/11315
00:40:15 - process[9] - dev - epoch 17 - mAP: 0.600 w/ 31 queries
00:40:15 - process[9]: training epoch 18 ...
00:40:28 - process[9] - epoch 18 - train iter 437 - 27871.3 words/s - loss: 0.2723
00:40:28 - process[9]: evaluating epoch 18 on dev ...
00:40:43 - dev set during evaluation: 11320/11315
00:40:43 - process[9] - dev - epoch 18 - mAP: 0.597 w/ 31 queries
00:40:43 - process[9]: training epoch 19 ...
00:40:56 - process[9] - epoch 19 - train iter 437 - 28090.7 words/s - loss: 0.3037
00:40:56 - process[9]: evaluating epoch 19 on dev ...
00:41:11 - dev set during evaluation: 11320/11315
00:41:11 - process[9] - dev - epoch 19 - mAP: 0.625 w/ 31 queries
00:41:11 - [fold 5] best test MAP: 0.507 @ epoch 16
00:41:11 - [0.5427004452756069, 0.5980772327865864, 0.5696882332492418, 0.5867089507443368, 0.5071604222314858]
00:41:11 - [31, 32, 31, 31, 31]
00:41:11 - final MAP: 0.561
