00:00:06 - Namespace(apex_level='O2', batch_size=8, cased=False, dataset='clef', debug=False, encoder_lr=2e-05, eval_step=1, full_doc_length=True, local_rank=3, model_path='/mnt/scratch/puxuan/short_qlm_0.45/2186793/huggingface-14', model_type='mbert', num_epochs=20, num_ft_encoders=3, num_neg=1, projector_lr=2e-05, seed=611, source_lang='es', target_lang='de')
00:00:15 - Evaluating every 1 epochs ...
00:00:15 - reading data from /mnt/home/puxuan/CLIR-project/Evaluation_data/process-clef/uncased
00:00:17 - test has 38 queries ...
00:00:17 - Data reading done ...
00:00:23 - adding 9-th encoder to optimizer...
00:00:23 - adding 10-th encoder to optimizer...
00:00:23 - adding 11-th encoder to optimizer...
00:00:24 - process[3]: training epoch 0 ...
00:00:40 - process[3] - epoch 0 - train iter 423 - 20010.2 words/s - loss: 0.6194
00:00:40 - process[3]: training epoch 1 ...
00:00:57 - process[3] - epoch 1 - train iter 423 - 20571.1 words/s - loss: 0.5635
00:00:57 - process[3]: training epoch 2 ...
00:01:13 - process[3] - epoch 2 - train iter 423 - 20076.3 words/s - loss: 0.4974
00:01:13 - process[3]: training epoch 3 ...
00:01:29 - process[3] - epoch 3 - train iter 423 - 21541.0 words/s - loss: 0.5048
00:01:29 - process[3]: training epoch 4 ...
00:01:45 - process[3] - epoch 4 - train iter 423 - 21079.6 words/s - loss: 0.4532
00:01:45 - process[3]: training epoch 5 ...
00:02:03 - process[3] - epoch 5 - train iter 423 - 19818.0 words/s - loss: 0.4717
00:02:03 - process[3]: training epoch 6 ...
00:02:18 - process[3] - epoch 6 - train iter 423 - 21638.3 words/s - loss: 0.4606
00:02:18 - process[3]: training epoch 7 ...
00:02:34 - process[3] - epoch 7 - train iter 423 - 20424.7 words/s - loss: 0.4243
00:02:34 - process[3]: training epoch 8 ...
00:02:50 - process[3] - epoch 8 - train iter 423 - 20925.5 words/s - loss: 0.4483
00:02:50 - process[3]: training epoch 9 ...
00:03:06 - process[3] - epoch 9 - train iter 423 - 20168.6 words/s - loss: 0.4252
00:03:06 - process[3]: training epoch 10 ...
00:03:23 - process[3] - epoch 10 - train iter 423 - 19969.3 words/s - loss: 0.4188
00:03:23 - process[3]: evaluating epoch 10 on dev ...
00:03:55 - dev set during evaluation: 13890/13887
00:03:55 - process[3] - dev - epoch 10 - mAP: 0.479 w/ 38 queries
00:03:55 - process[3]: evaluating epoch 10 on test ...
00:04:24 - test set during evaluation: 15580/15574
00:04:24 - process[3] - test - epoch 10 - mAP: 0.413 w/ 38 queries
00:04:24 - process[3]: training epoch 11 ...
00:04:42 - process[3] - epoch 11 - train iter 423 - 19404.3 words/s - loss: 0.4103
00:04:42 - process[3]: evaluating epoch 11 on dev ...
00:05:10 - dev set during evaluation: 13890/13887
00:05:10 - process[3] - dev - epoch 11 - mAP: 0.519 w/ 38 queries
00:05:10 - process[3]: evaluating epoch 11 on test ...
00:05:39 - test set during evaluation: 15580/15574
00:05:39 - process[3] - test - epoch 11 - mAP: 0.420 w/ 38 queries
00:05:39 - process[3]: training epoch 12 ...
00:05:55 - process[3] - epoch 12 - train iter 423 - 21772.1 words/s - loss: 0.4182
00:05:55 - process[3]: evaluating epoch 12 on dev ...
00:06:25 - dev set during evaluation: 13890/13887
00:06:25 - process[3] - dev - epoch 12 - mAP: 0.524 w/ 38 queries
00:06:25 - process[3]: evaluating epoch 12 on test ...
00:06:55 - test set during evaluation: 15580/15574
00:06:55 - process[3] - test - epoch 12 - mAP: 0.430 w/ 38 queries
00:06:55 - process[3]: training epoch 13 ...
00:07:11 - process[3] - epoch 13 - train iter 423 - 21442.3 words/s - loss: 0.4178
00:07:11 - process[3]: evaluating epoch 13 on dev ...
00:07:40 - dev set during evaluation: 13890/13887
00:07:40 - process[3] - dev - epoch 13 - mAP: 0.531 w/ 38 queries
00:07:40 - process[3]: evaluating epoch 13 on test ...
00:08:10 - test set during evaluation: 15580/15574
00:08:10 - process[3] - test - epoch 13 - mAP: 0.437 w/ 38 queries
00:08:10 - process[3]: training epoch 14 ...
00:08:25 - process[3] - epoch 14 - train iter 423 - 21463.4 words/s - loss: 0.3823
00:08:25 - process[3]: evaluating epoch 14 on dev ...
00:08:55 - dev set during evaluation: 13890/13887
00:08:55 - process[3] - dev - epoch 14 - mAP: 0.522 w/ 38 queries
00:08:55 - process[3]: training epoch 15 ...
00:09:11 - process[3] - epoch 15 - train iter 423 - 20952.9 words/s - loss: 0.4045
00:09:11 - process[3]: evaluating epoch 15 on dev ...
00:09:41 - dev set during evaluation: 13890/13887
00:09:41 - process[3] - dev - epoch 15 - mAP: 0.501 w/ 38 queries
00:09:41 - process[3]: training epoch 16 ...
00:09:57 - process[3] - epoch 16 - train iter 423 - 21014.9 words/s - loss: 0.3580
00:09:57 - process[3]: evaluating epoch 16 on dev ...
00:10:25 - dev set during evaluation: 13890/13887
00:10:25 - process[3] - dev - epoch 16 - mAP: 0.498 w/ 38 queries
00:10:25 - process[3]: training epoch 17 ...
00:10:42 - process[3] - epoch 17 - train iter 423 - 19194.7 words/s - loss: 0.4080
00:10:42 - process[3]: evaluating epoch 17 on dev ...
00:11:10 - dev set during evaluation: 13890/13887
00:11:10 - process[3] - dev - epoch 17 - mAP: 0.524 w/ 38 queries
00:11:10 - process[3]: training epoch 18 ...
00:11:27 - process[3] - epoch 18 - train iter 423 - 19691.9 words/s - loss: 0.3826
00:11:27 - process[3]: evaluating epoch 18 on dev ...
00:11:55 - dev set during evaluation: 13890/13887
00:11:55 - process[3] - dev - epoch 18 - mAP: 0.519 w/ 38 queries
00:11:55 - process[3]: training epoch 19 ...
00:12:11 - process[3] - epoch 19 - train iter 423 - 20817.1 words/s - loss: 0.3728
00:12:11 - process[3]: evaluating epoch 19 on dev ...
00:12:39 - dev set during evaluation: 13890/13887
00:12:39 - process[3] - dev - epoch 19 - mAP: 0.503 w/ 38 queries
00:12:39 - [fold 1] best test MAP: 0.437 @ epoch 13
00:12:39 - Evaluating every 1 epochs ...
00:12:39 - reading data from /mnt/home/puxuan/CLIR-project/Evaluation_data/process-clef/uncased
00:12:40 - test has 39 queries ...
00:12:40 - Data reading done ...
00:12:42 - adding 9-th encoder to optimizer...
00:12:42 - adding 10-th encoder to optimizer...
00:12:42 - adding 11-th encoder to optimizer...
00:12:42 - process[3]: training epoch 0 ...
00:13:02 - process[3] - epoch 0 - train iter 386 - 15159.8 words/s - loss: 0.5963
00:13:02 - process[3]: training epoch 1 ...
00:13:21 - process[3] - epoch 1 - train iter 386 - 16284.3 words/s - loss: 0.5452
00:13:21 - process[3]: training epoch 2 ...
00:13:38 - process[3] - epoch 2 - train iter 386 - 17112.8 words/s - loss: 0.5239
00:13:38 - process[3]: training epoch 3 ...
00:13:56 - process[3] - epoch 3 - train iter 386 - 17062.4 words/s - loss: 0.4697
00:13:56 - process[3]: training epoch 4 ...
00:14:13 - process[3] - epoch 4 - train iter 386 - 17448.3 words/s - loss: 0.5102
00:14:13 - process[3]: training epoch 5 ...
00:14:29 - process[3] - epoch 5 - train iter 386 - 18915.2 words/s - loss: 0.4488
00:14:29 - process[3]: training epoch 6 ...
00:14:46 - process[3] - epoch 6 - train iter 386 - 18076.9 words/s - loss: 0.4295
00:14:46 - process[3]: training epoch 7 ...
00:15:04 - process[3] - epoch 7 - train iter 386 - 16954.6 words/s - loss: 0.4657
00:15:04 - process[3]: training epoch 8 ...
00:15:24 - process[3] - epoch 8 - train iter 386 - 15310.7 words/s - loss: 0.4304
00:15:24 - process[3]: training epoch 9 ...
00:15:42 - process[3] - epoch 9 - train iter 386 - 16503.4 words/s - loss: 0.4453
00:15:42 - process[3]: training epoch 10 ...
00:16:00 - process[3] - epoch 10 - train iter 386 - 16283.1 words/s - loss: 0.4256
00:16:00 - process[3]: evaluating epoch 10 on dev ...
00:16:37 - dev set during evaluation: 15580/15574
00:16:37 - process[3] - dev - epoch 10 - mAP: 0.442 w/ 38 queries
00:16:37 - process[3]: evaluating epoch 10 on test ...
00:17:09 - test set during evaluation: 14340/14338
00:17:09 - process[3] - test - epoch 10 - mAP: 0.476 w/ 39 queries
00:17:09 - process[3]: training epoch 11 ...
00:17:27 - process[3] - epoch 11 - train iter 386 - 16961.1 words/s - loss: 0.4316
00:17:27 - process[3]: evaluating epoch 11 on dev ...
00:18:04 - dev set during evaluation: 15580/15574
00:18:04 - process[3] - dev - epoch 11 - mAP: 0.423 w/ 38 queries
00:18:04 - process[3]: training epoch 12 ...
00:18:21 - process[3] - epoch 12 - train iter 386 - 17733.7 words/s - loss: 0.4315
00:18:21 - process[3]: evaluating epoch 12 on dev ...
00:18:57 - dev set during evaluation: 15580/15574
00:18:57 - process[3] - dev - epoch 12 - mAP: 0.421 w/ 38 queries
00:18:57 - process[3]: training epoch 13 ...
00:19:14 - process[3] - epoch 13 - train iter 386 - 17751.6 words/s - loss: 0.3889
00:19:14 - process[3]: evaluating epoch 13 on dev ...
00:19:51 - dev set during evaluation: 15580/15574
00:19:51 - process[3] - dev - epoch 13 - mAP: 0.427 w/ 38 queries
00:19:51 - process[3]: training epoch 14 ...
00:20:08 - process[3] - epoch 14 - train iter 386 - 17991.7 words/s - loss: 0.4035
00:20:08 - process[3]: evaluating epoch 14 on dev ...
00:20:46 - dev set during evaluation: 15580/15574
00:20:46 - process[3] - dev - epoch 14 - mAP: 0.422 w/ 38 queries
00:20:46 - process[3]: training epoch 15 ...
00:21:04 - process[3] - epoch 15 - train iter 386 - 16775.6 words/s - loss: 0.4213
00:21:04 - process[3]: evaluating epoch 15 on dev ...
00:21:40 - dev set during evaluation: 15580/15574
00:21:40 - process[3] - dev - epoch 15 - mAP: 0.419 w/ 38 queries
00:21:40 - process[3]: training epoch 16 ...
00:21:58 - process[3] - epoch 16 - train iter 386 - 16989.2 words/s - loss: 0.3806
00:21:58 - process[3]: evaluating epoch 16 on dev ...
00:22:34 - dev set during evaluation: 15580/15574
00:22:34 - process[3] - dev - epoch 16 - mAP: 0.434 w/ 38 queries
00:22:34 - process[3]: training epoch 17 ...
00:22:53 - process[3] - epoch 17 - train iter 386 - 16161.2 words/s - loss: 0.3647
00:22:53 - process[3]: evaluating epoch 17 on dev ...
00:23:27 - dev set during evaluation: 15580/15574
00:23:27 - process[3] - dev - epoch 17 - mAP: 0.425 w/ 38 queries
00:23:27 - process[3]: training epoch 18 ...
00:23:46 - process[3] - epoch 18 - train iter 386 - 16530.2 words/s - loss: 0.3497
00:23:46 - process[3]: evaluating epoch 18 on dev ...
00:24:21 - dev set during evaluation: 15580/15574
00:24:21 - process[3] - dev - epoch 18 - mAP: 0.415 w/ 38 queries
00:24:21 - process[3]: training epoch 19 ...
00:24:41 - process[3] - epoch 19 - train iter 386 - 15337.4 words/s - loss: 0.3810
00:24:41 - process[3]: evaluating epoch 19 on dev ...
00:25:15 - dev set during evaluation: 15580/15574
00:25:15 - process[3] - dev - epoch 19 - mAP: 0.445 w/ 38 queries
00:25:15 - process[3]: evaluating epoch 19 on test ...
00:25:48 - test set during evaluation: 14340/14338
00:25:48 - process[3] - test - epoch 19 - mAP: 0.513 w/ 39 queries
00:25:48 - [fold 2] best test MAP: 0.513 @ epoch 19
00:25:48 - Evaluating every 1 epochs ...
00:25:48 - reading data from /mnt/home/puxuan/CLIR-project/Evaluation_data/process-clef/uncased
00:25:49 - test has 39 queries ...
00:25:49 - Data reading done ...
00:25:50 - adding 9-th encoder to optimizer...
00:25:50 - adding 10-th encoder to optimizer...
00:25:50 - adding 11-th encoder to optimizer...
00:25:51 - process[3]: training epoch 0 ...
00:26:08 - process[3] - epoch 0 - train iter 360 - 16725.6 words/s - loss: 0.6095
00:26:08 - process[3]: training epoch 1 ...
00:26:25 - process[3] - epoch 1 - train iter 360 - 16565.5 words/s - loss: 0.5666
00:26:25 - process[3]: training epoch 2 ...
00:26:43 - process[3] - epoch 2 - train iter 360 - 16227.1 words/s - loss: 0.5186
00:26:43 - process[3]: training epoch 3 ...
00:27:01 - process[3] - epoch 3 - train iter 360 - 15745.3 words/s - loss: 0.5071
00:27:01 - process[3]: training epoch 4 ...
00:27:16 - process[3] - epoch 4 - train iter 360 - 18811.2 words/s - loss: 0.4626
00:27:16 - process[3]: training epoch 5 ...
00:27:33 - process[3] - epoch 5 - train iter 360 - 16969.3 words/s - loss: 0.4573
00:27:33 - process[3]: training epoch 6 ...
00:27:51 - process[3] - epoch 6 - train iter 360 - 16093.9 words/s - loss: 0.4628
00:27:51 - process[3]: training epoch 7 ...
00:28:07 - process[3] - epoch 7 - train iter 360 - 17263.7 words/s - loss: 0.4379
00:28:07 - process[3]: training epoch 8 ...
00:28:24 - process[3] - epoch 8 - train iter 360 - 16524.8 words/s - loss: 0.4654
00:28:24 - process[3]: training epoch 9 ...
00:28:42 - process[3] - epoch 9 - train iter 360 - 15742.6 words/s - loss: 0.3956
00:28:42 - process[3]: training epoch 10 ...
00:28:59 - process[3] - epoch 10 - train iter 360 - 16607.5 words/s - loss: 0.4152
00:28:59 - process[3]: evaluating epoch 10 on dev ...
00:29:40 - dev set during evaluation: 14340/14338
00:29:40 - process[3] - dev - epoch 10 - mAP: 0.501 w/ 39 queries
00:29:40 - process[3]: evaluating epoch 10 on test ...
00:30:09 - test set during evaluation: 11710/11707
00:30:09 - process[3] - test - epoch 10 - mAP: 0.516 w/ 39 queries
00:30:09 - process[3]: training epoch 11 ...
00:30:25 - process[3] - epoch 11 - train iter 360 - 17626.7 words/s - loss: 0.4170
00:30:25 - process[3]: evaluating epoch 11 on dev ...
00:31:01 - dev set during evaluation: 14340/14338
00:31:01 - process[3] - dev - epoch 11 - mAP: 0.508 w/ 39 queries
00:31:01 - process[3]: evaluating epoch 11 on test ...
00:31:30 - test set during evaluation: 11710/11707
00:31:30 - process[3] - test - epoch 11 - mAP: 0.533 w/ 39 queries
00:31:30 - process[3]: training epoch 12 ...
00:31:47 - process[3] - epoch 12 - train iter 360 - 15948.1 words/s - loss: 0.3943
00:31:47 - process[3]: evaluating epoch 12 on dev ...
00:32:19 - dev set during evaluation: 14340/14338
00:32:19 - process[3] - dev - epoch 12 - mAP: 0.514 w/ 39 queries
00:32:19 - process[3]: evaluating epoch 12 on test ...
00:32:48 - test set during evaluation: 11710/11707
00:32:48 - process[3] - test - epoch 12 - mAP: 0.537 w/ 39 queries
00:32:48 - process[3]: training epoch 13 ...
00:33:06 - process[3] - epoch 13 - train iter 360 - 16576.0 words/s - loss: 0.3860
00:33:06 - process[3]: evaluating epoch 13 on dev ...
00:33:38 - dev set during evaluation: 14340/14338
00:33:38 - process[3] - dev - epoch 13 - mAP: 0.503 w/ 39 queries
00:33:38 - process[3]: training epoch 14 ...
00:33:55 - process[3] - epoch 14 - train iter 360 - 16887.5 words/s - loss: 0.4289
00:33:55 - process[3]: evaluating epoch 14 on dev ...
00:34:28 - dev set during evaluation: 14340/14338
00:34:28 - process[3] - dev - epoch 14 - mAP: 0.503 w/ 39 queries
00:34:28 - process[3]: training epoch 15 ...
00:34:45 - process[3] - epoch 15 - train iter 360 - 16581.8 words/s - loss: 0.3938
00:34:45 - process[3]: evaluating epoch 15 on dev ...
00:35:18 - dev set during evaluation: 14340/14338
00:35:18 - process[3] - dev - epoch 15 - mAP: 0.522 w/ 39 queries
00:35:18 - process[3]: evaluating epoch 15 on test ...
00:35:47 - test set during evaluation: 11710/11707
00:35:47 - process[3] - test - epoch 15 - mAP: 0.521 w/ 39 queries
00:35:47 - process[3]: training epoch 16 ...
00:36:05 - process[3] - epoch 16 - train iter 360 - 16823.4 words/s - loss: 0.3903
00:36:05 - process[3]: evaluating epoch 16 on dev ...
00:36:38 - dev set during evaluation: 14340/14338
00:36:38 - process[3] - dev - epoch 16 - mAP: 0.516 w/ 39 queries
00:36:38 - process[3]: training epoch 17 ...
00:36:56 - process[3] - epoch 17 - train iter 360 - 15537.8 words/s - loss: 0.3872
00:36:56 - process[3]: evaluating epoch 17 on dev ...
00:37:29 - dev set during evaluation: 14340/14338
00:37:29 - process[3] - dev - epoch 17 - mAP: 0.515 w/ 39 queries
00:37:29 - process[3]: training epoch 18 ...
00:37:47 - process[3] - epoch 18 - train iter 360 - 15372.2 words/s - loss: 0.4057
00:37:47 - process[3]: evaluating epoch 18 on dev ...
00:38:21 - dev set during evaluation: 14340/14338
00:38:21 - process[3] - dev - epoch 18 - mAP: 0.514 w/ 39 queries
00:38:21 - process[3]: training epoch 19 ...
00:38:39 - process[3] - epoch 19 - train iter 360 - 15394.1 words/s - loss: 0.3660
00:38:39 - process[3]: evaluating epoch 19 on dev ...
00:39:12 - dev set during evaluation: 14340/14338
00:39:12 - process[3] - dev - epoch 19 - mAP: 0.512 w/ 39 queries
00:39:12 - [fold 3] best test MAP: 0.521 @ epoch 15
00:39:12 - Evaluating every 1 epochs ...
00:39:12 - reading data from /mnt/home/puxuan/CLIR-project/Evaluation_data/process-clef/uncased
00:39:13 - test has 38 queries ...
00:39:13 - Data reading done ...
00:39:15 - adding 9-th encoder to optimizer...
00:39:15 - adding 10-th encoder to optimizer...
00:39:15 - adding 11-th encoder to optimizer...
00:39:15 - process[3]: training epoch 0 ...
00:39:32 - process[3] - epoch 0 - train iter 404 - 18902.4 words/s - loss: 0.6005
00:39:32 - process[3]: training epoch 1 ...
00:39:51 - process[3] - epoch 1 - train iter 404 - 17222.2 words/s - loss: 0.5196
00:39:51 - process[3]: training epoch 2 ...
00:40:08 - process[3] - epoch 2 - train iter 404 - 18026.7 words/s - loss: 0.5042
00:40:08 - process[3]: training epoch 3 ...
00:40:26 - process[3] - epoch 3 - train iter 404 - 18649.5 words/s - loss: 0.4513
00:40:26 - process[3]: training epoch 4 ...
00:40:44 - process[3] - epoch 4 - train iter 404 - 17789.2 words/s - loss: 0.4704
00:40:44 - process[3]: training epoch 5 ...
00:41:02 - process[3] - epoch 5 - train iter 404 - 17632.9 words/s - loss: 0.4652
00:41:02 - process[3]: training epoch 6 ...
00:41:19 - process[3] - epoch 6 - train iter 404 - 19226.7 words/s - loss: 0.4624
00:41:19 - process[3]: training epoch 7 ...
00:41:37 - process[3] - epoch 7 - train iter 404 - 17525.9 words/s - loss: 0.4362
00:41:37 - process[3]: training epoch 8 ...
00:41:54 - process[3] - epoch 8 - train iter 404 - 19440.8 words/s - loss: 0.4264
00:41:54 - process[3]: training epoch 9 ...
00:42:12 - process[3] - epoch 9 - train iter 404 - 17585.3 words/s - loss: 0.4201
00:42:12 - process[3]: training epoch 10 ...
00:42:31 - process[3] - epoch 10 - train iter 404 - 17337.6 words/s - loss: 0.4096
00:42:31 - process[3]: evaluating epoch 10 on dev ...
00:43:04 - dev set during evaluation: 11710/11707
00:43:04 - process[3] - dev - epoch 10 - mAP: 0.493 w/ 39 queries
00:43:04 - process[3]: evaluating epoch 10 on test ...
00:43:32 - test set during evaluation: 13490/13483
00:43:32 - process[3] - test - epoch 10 - mAP: 0.501 w/ 38 queries
00:43:32 - process[3]: training epoch 11 ...
00:43:50 - process[3] - epoch 11 - train iter 404 - 17594.5 words/s - loss: 0.3970
00:43:50 - process[3]: evaluating epoch 11 on dev ...
00:44:18 - dev set during evaluation: 11710/11707
00:44:18 - process[3] - dev - epoch 11 - mAP: 0.512 w/ 39 queries
00:44:18 - process[3]: evaluating epoch 11 on test ...
00:44:45 - test set during evaluation: 13490/13483
00:44:46 - process[3] - test - epoch 11 - mAP: 0.486 w/ 38 queries
00:44:46 - process[3]: training epoch 12 ...
00:45:04 - process[3] - epoch 12 - train iter 404 - 17580.5 words/s - loss: 0.3938
00:45:04 - process[3]: evaluating epoch 12 on dev ...
00:45:31 - dev set during evaluation: 11710/11707
00:45:31 - process[3] - dev - epoch 12 - mAP: 0.515 w/ 39 queries
00:45:31 - process[3]: evaluating epoch 12 on test ...
00:45:58 - test set during evaluation: 13490/13483
00:45:58 - process[3] - test - epoch 12 - mAP: 0.477 w/ 38 queries
00:45:58 - process[3]: training epoch 13 ...
00:46:16 - process[3] - epoch 13 - train iter 404 - 18286.3 words/s - loss: 0.3545
00:46:16 - process[3]: evaluating epoch 13 on dev ...
00:46:43 - dev set during evaluation: 11710/11707
00:46:43 - process[3] - dev - epoch 13 - mAP: 0.516 w/ 39 queries
00:46:43 - process[3]: evaluating epoch 13 on test ...
00:47:11 - test set during evaluation: 13490/13483
00:47:11 - process[3] - test - epoch 13 - mAP: 0.503 w/ 38 queries
00:47:11 - process[3]: training epoch 14 ...
00:47:27 - process[3] - epoch 14 - train iter 404 - 19467.0 words/s - loss: 0.3704
00:47:27 - process[3]: evaluating epoch 14 on dev ...
00:47:57 - dev set during evaluation: 11710/11707
00:47:57 - process[3] - dev - epoch 14 - mAP: 0.514 w/ 39 queries
00:47:57 - process[3]: training epoch 15 ...
00:48:15 - process[3] - epoch 15 - train iter 404 - 17434.3 words/s - loss: 0.3886
00:48:15 - process[3]: evaluating epoch 15 on dev ...
00:48:42 - dev set during evaluation: 11710/11707
00:48:42 - process[3] - dev - epoch 15 - mAP: 0.511 w/ 39 queries
00:48:42 - process[3]: training epoch 16 ...
00:49:01 - process[3] - epoch 16 - train iter 404 - 17113.4 words/s - loss: 0.3892
00:49:01 - process[3]: evaluating epoch 16 on dev ...
00:49:27 - dev set during evaluation: 11710/11707
00:49:27 - process[3] - dev - epoch 16 - mAP: 0.518 w/ 39 queries
00:49:27 - process[3]: evaluating epoch 16 on test ...
00:49:55 - test set during evaluation: 13490/13483
00:49:55 - process[3] - test - epoch 16 - mAP: 0.501 w/ 38 queries
00:49:55 - process[3]: training epoch 17 ...
00:50:14 - process[3] - epoch 17 - train iter 404 - 17102.8 words/s - loss: 0.3591
00:50:14 - process[3]: evaluating epoch 17 on dev ...
00:50:41 - dev set during evaluation: 11710/11707
00:50:41 - process[3] - dev - epoch 17 - mAP: 0.526 w/ 39 queries
00:50:41 - process[3]: evaluating epoch 17 on test ...
00:51:08 - test set during evaluation: 13490/13483
00:51:08 - process[3] - test - epoch 17 - mAP: 0.486 w/ 38 queries
00:51:08 - process[3]: training epoch 18 ...
00:51:26 - process[3] - epoch 18 - train iter 404 - 18130.6 words/s - loss: 0.3397
00:51:26 - process[3]: evaluating epoch 18 on dev ...
00:51:53 - dev set during evaluation: 11710/11707
00:51:53 - process[3] - dev - epoch 18 - mAP: 0.528 w/ 39 queries
00:51:53 - process[3]: evaluating epoch 18 on test ...
00:52:20 - test set during evaluation: 13490/13483
00:52:20 - process[3] - test - epoch 18 - mAP: 0.488 w/ 38 queries
00:52:20 - process[3]: training epoch 19 ...
00:52:38 - process[3] - epoch 19 - train iter 404 - 18304.9 words/s - loss: 0.3309
00:52:38 - process[3]: evaluating epoch 19 on dev ...
00:53:05 - dev set during evaluation: 11710/11707
00:53:05 - process[3] - dev - epoch 19 - mAP: 0.538 w/ 39 queries
00:53:05 - process[3]: evaluating epoch 19 on test ...
00:53:32 - test set during evaluation: 13490/13483
00:53:32 - process[3] - test - epoch 19 - mAP: 0.491 w/ 38 queries
00:53:32 - [fold 4] best test MAP: 0.491 @ epoch 19
00:53:32 - Evaluating every 1 epochs ...
00:53:32 - reading data from /mnt/home/puxuan/CLIR-project/Evaluation_data/process-clef/uncased
00:53:33 - test has 38 queries ...
00:53:33 - Data reading done ...
00:53:34 - adding 9-th encoder to optimizer...
00:53:34 - adding 10-th encoder to optimizer...
00:53:34 - adding 11-th encoder to optimizer...
00:53:35 - process[3]: training epoch 0 ...
00:53:55 - process[3] - epoch 0 - train iter 444 - 18151.0 words/s - loss: 0.6176
00:53:55 - process[3]: training epoch 1 ...
00:54:14 - process[3] - epoch 1 - train iter 444 - 18064.1 words/s - loss: 0.5325
00:54:14 - process[3]: training epoch 2 ...
00:54:32 - process[3] - epoch 2 - train iter 444 - 19499.0 words/s - loss: 0.5089
00:54:32 - process[3]: training epoch 3 ...
00:54:51 - process[3] - epoch 3 - train iter 444 - 18836.8 words/s - loss: 0.5005
00:54:51 - process[3]: training epoch 4 ...
00:55:10 - process[3] - epoch 4 - train iter 444 - 18768.8 words/s - loss: 0.4823
00:55:10 - process[3]: training epoch 5 ...
00:55:29 - process[3] - epoch 5 - train iter 444 - 18977.0 words/s - loss: 0.4563
00:55:29 - process[3]: training epoch 6 ...
00:55:47 - process[3] - epoch 6 - train iter 444 - 18732.9 words/s - loss: 0.4264
00:55:47 - process[3]: training epoch 7 ...
00:56:05 - process[3] - epoch 7 - train iter 444 - 19485.5 words/s - loss: 0.4457
00:56:05 - process[3]: training epoch 8 ...
00:56:23 - process[3] - epoch 8 - train iter 444 - 19697.7 words/s - loss: 0.4563
00:56:23 - process[3]: training epoch 9 ...
00:56:43 - process[3] - epoch 9 - train iter 444 - 17947.2 words/s - loss: 0.4684
00:56:43 - process[3]: training epoch 10 ...
00:57:02 - process[3] - epoch 10 - train iter 444 - 19004.6 words/s - loss: 0.4210
00:57:02 - process[3]: evaluating epoch 10 on dev ...
00:57:29 - dev set during evaluation: 13490/13483
00:57:29 - process[3] - dev - epoch 10 - mAP: 0.477 w/ 38 queries
00:57:29 - process[3]: evaluating epoch 10 on test ...
00:58:01 - test set during evaluation: 13890/13887
00:58:01 - process[3] - test - epoch 10 - mAP: 0.539 w/ 38 queries
00:58:01 - process[3]: training epoch 11 ...
00:58:21 - process[3] - epoch 11 - train iter 444 - 17759.9 words/s - loss: 0.4202
00:58:21 - process[3]: evaluating epoch 11 on dev ...
00:58:49 - dev set during evaluation: 13490/13483
00:58:49 - process[3] - dev - epoch 11 - mAP: 0.510 w/ 38 queries
00:58:49 - process[3]: evaluating epoch 11 on test ...
00:59:20 - test set during evaluation: 13890/13887
00:59:20 - process[3] - test - epoch 11 - mAP: 0.501 w/ 38 queries
00:59:20 - process[3]: training epoch 12 ...
00:59:39 - process[3] - epoch 12 - train iter 444 - 18687.0 words/s - loss: 0.4342
00:59:39 - process[3]: evaluating epoch 12 on dev ...
01:00:06 - dev set during evaluation: 13490/13483
01:00:06 - process[3] - dev - epoch 12 - mAP: 0.499 w/ 38 queries
01:00:06 - process[3]: training epoch 13 ...
01:00:25 - process[3] - epoch 13 - train iter 444 - 18865.8 words/s - loss: 0.4271
01:00:25 - process[3]: evaluating epoch 13 on dev ...
01:00:52 - dev set during evaluation: 13490/13483
01:00:52 - process[3] - dev - epoch 13 - mAP: 0.480 w/ 38 queries
01:00:52 - process[3]: training epoch 14 ...
01:01:11 - process[3] - epoch 14 - train iter 444 - 19201.5 words/s - loss: 0.4300
01:01:11 - process[3]: evaluating epoch 14 on dev ...
01:01:40 - dev set during evaluation: 13490/13483
01:01:40 - process[3] - dev - epoch 14 - mAP: 0.490 w/ 38 queries
01:01:40 - process[3]: training epoch 15 ...
01:01:58 - process[3] - epoch 15 - train iter 444 - 18997.2 words/s - loss: 0.3813
01:01:58 - process[3]: evaluating epoch 15 on dev ...
01:02:26 - dev set during evaluation: 13490/13483
01:02:26 - process[3] - dev - epoch 15 - mAP: 0.490 w/ 38 queries
01:02:26 - process[3]: training epoch 16 ...
01:02:43 - process[3] - epoch 16 - train iter 444 - 20030.1 words/s - loss: 0.4065
01:02:43 - process[3]: evaluating epoch 16 on dev ...
01:03:12 - dev set during evaluation: 13490/13483
01:03:12 - process[3] - dev - epoch 16 - mAP: 0.505 w/ 38 queries
01:03:12 - process[3]: training epoch 17 ...
01:03:32 - process[3] - epoch 17 - train iter 444 - 18627.9 words/s - loss: 0.3803
01:03:32 - process[3]: evaluating epoch 17 on dev ...
01:03:59 - dev set during evaluation: 13490/13483
01:03:59 - process[3] - dev - epoch 17 - mAP: 0.512 w/ 38 queries
01:03:59 - process[3]: evaluating epoch 17 on test ...
01:04:31 - test set during evaluation: 13890/13887
01:04:31 - process[3] - test - epoch 17 - mAP: 0.525 w/ 38 queries
01:04:31 - process[3]: training epoch 18 ...
01:04:50 - process[3] - epoch 18 - train iter 444 - 18281.5 words/s - loss: 0.3816
01:04:50 - process[3]: evaluating epoch 18 on dev ...
01:05:17 - dev set during evaluation: 13490/13483
01:05:17 - process[3] - dev - epoch 18 - mAP: 0.499 w/ 38 queries
01:05:17 - process[3]: training epoch 19 ...
01:05:35 - process[3] - epoch 19 - train iter 444 - 20392.9 words/s - loss: 0.3734
01:05:35 - process[3]: evaluating epoch 19 on dev ...
01:06:04 - dev set during evaluation: 13490/13483
01:06:04 - process[3] - dev - epoch 19 - mAP: 0.495 w/ 38 queries
01:06:04 - [fold 5] best test MAP: 0.525 @ epoch 17
01:06:04 - [0.436560366582122, 0.5131896964607982, 0.5212370896537745, 0.49124072670504365, 0.5252831469358012]
01:06:04 - [38, 39, 39, 38, 38]
01:06:04 - final MAP: 0.498
