00:00:07 - Namespace(apex_level='O2', batch_size=8, cased=False, dataset='clef', debug=False, encoder_lr=2e-05, eval_step=1, full_doc_length=True, local_rank=8, model_path='/mnt/scratch/puxuan/short_qlm/2186735/huggingface-19', model_type='mbert', num_epochs=20, num_ft_encoders=3, num_neg=1, projector_lr=2e-05, seed=611, source_lang='fr', target_lang='de')
00:00:15 - Evaluating every 1 epochs ...
00:00:15 - reading data from /mnt/home/puxuan/CLIR-project/Evaluation_data/process-clef/uncased
00:00:16 - test has 38 queries ...
00:00:16 - Data reading done ...
00:00:22 - adding 9-th encoder to optimizer...
00:00:22 - adding 10-th encoder to optimizer...
00:00:22 - adding 11-th encoder to optimizer...
00:00:23 - process[8]: training epoch 0 ...
00:00:40 - process[8] - epoch 0 - train iter 423 - 19942.0 words/s - loss: 0.6429
00:00:40 - process[8]: training epoch 1 ...
00:00:57 - process[8] - epoch 1 - train iter 423 - 19973.8 words/s - loss: 0.5484
00:00:57 - process[8]: training epoch 2 ...
00:01:13 - process[8] - epoch 2 - train iter 423 - 20856.1 words/s - loss: 0.5138
00:01:13 - process[8]: training epoch 3 ...
00:01:29 - process[8] - epoch 3 - train iter 423 - 21651.2 words/s - loss: 0.4958
00:01:29 - process[8]: training epoch 4 ...
00:01:46 - process[8] - epoch 4 - train iter 423 - 19428.9 words/s - loss: 0.4456
00:01:46 - process[8]: training epoch 5 ...
00:02:01 - process[8] - epoch 5 - train iter 423 - 21762.9 words/s - loss: 0.4657
00:02:01 - process[8]: training epoch 6 ...
00:02:17 - process[8] - epoch 6 - train iter 423 - 21590.8 words/s - loss: 0.4150
00:02:17 - process[8]: training epoch 7 ...
00:02:33 - process[8] - epoch 7 - train iter 423 - 20991.2 words/s - loss: 0.4459
00:02:33 - process[8]: training epoch 8 ...
00:02:50 - process[8] - epoch 8 - train iter 423 - 19878.4 words/s - loss: 0.4338
00:02:50 - process[8]: training epoch 9 ...
00:03:06 - process[8] - epoch 9 - train iter 423 - 20322.4 words/s - loss: 0.4179
00:03:06 - process[8]: training epoch 10 ...
00:03:23 - process[8] - epoch 10 - train iter 423 - 20698.3 words/s - loss: 0.4266
00:03:23 - process[8]: evaluating epoch 10 on dev ...
00:03:54 - dev set during evaluation: 13890/13887
00:03:54 - process[8] - dev - epoch 10 - mAP: 0.480 w/ 38 queries
00:03:54 - process[8]: evaluating epoch 10 on test ...
00:04:24 - test set during evaluation: 15580/15574
00:04:24 - process[8] - test - epoch 10 - mAP: 0.428 w/ 38 queries
00:04:24 - process[8]: training epoch 11 ...
00:04:39 - process[8] - epoch 11 - train iter 423 - 22112.6 words/s - loss: 0.4215
00:04:39 - process[8]: evaluating epoch 11 on dev ...
00:05:09 - dev set during evaluation: 13890/13887
00:05:09 - process[8] - dev - epoch 11 - mAP: 0.468 w/ 38 queries
00:05:09 - process[8]: training epoch 12 ...
00:05:26 - process[8] - epoch 12 - train iter 423 - 19577.4 words/s - loss: 0.3869
00:05:26 - process[8]: evaluating epoch 12 on dev ...
00:05:54 - dev set during evaluation: 13890/13887
00:05:54 - process[8] - dev - epoch 12 - mAP: 0.497 w/ 38 queries
00:05:54 - process[8]: evaluating epoch 12 on test ...
00:06:24 - test set during evaluation: 15580/15574
00:06:24 - process[8] - test - epoch 12 - mAP: 0.421 w/ 38 queries
00:06:24 - process[8]: training epoch 13 ...
00:06:40 - process[8] - epoch 13 - train iter 423 - 20647.8 words/s - loss: 0.3751
00:06:40 - process[8]: evaluating epoch 13 on dev ...
00:07:10 - dev set during evaluation: 13890/13887
00:07:10 - process[8] - dev - epoch 13 - mAP: 0.491 w/ 38 queries
00:07:10 - process[8]: training epoch 14 ...
00:07:27 - process[8] - epoch 14 - train iter 423 - 19283.9 words/s - loss: 0.3905
00:07:27 - process[8]: evaluating epoch 14 on dev ...
00:07:55 - dev set during evaluation: 13890/13887
00:07:55 - process[8] - dev - epoch 14 - mAP: 0.465 w/ 38 queries
00:07:55 - process[8]: training epoch 15 ...
00:08:11 - process[8] - epoch 15 - train iter 423 - 20813.7 words/s - loss: 0.4046
00:08:11 - process[8]: evaluating epoch 15 on dev ...
00:08:41 - dev set during evaluation: 13890/13887
00:08:41 - process[8] - dev - epoch 15 - mAP: 0.479 w/ 38 queries
00:08:41 - process[8]: training epoch 16 ...
00:08:56 - process[8] - epoch 16 - train iter 423 - 22035.5 words/s - loss: 0.3749
00:08:56 - process[8]: evaluating epoch 16 on dev ...
00:09:25 - dev set during evaluation: 13890/13887
00:09:25 - process[8] - dev - epoch 16 - mAP: 0.485 w/ 38 queries
00:09:25 - process[8]: training epoch 17 ...
00:09:41 - process[8] - epoch 17 - train iter 423 - 21051.2 words/s - loss: 0.3610
00:09:41 - process[8]: evaluating epoch 17 on dev ...
00:10:11 - dev set during evaluation: 13890/13887
00:10:11 - process[8] - dev - epoch 17 - mAP: 0.464 w/ 38 queries
00:10:11 - process[8]: training epoch 18 ...
00:10:27 - process[8] - epoch 18 - train iter 423 - 20570.7 words/s - loss: 0.3596
00:10:27 - process[8]: evaluating epoch 18 on dev ...
00:10:56 - dev set during evaluation: 13890/13887
00:10:56 - process[8] - dev - epoch 18 - mAP: 0.484 w/ 38 queries
00:10:56 - process[8]: training epoch 19 ...
00:11:12 - process[8] - epoch 19 - train iter 423 - 20945.4 words/s - loss: 0.3832
00:11:12 - process[8]: evaluating epoch 19 on dev ...
00:11:41 - dev set during evaluation: 13890/13887
00:11:41 - process[8] - dev - epoch 19 - mAP: 0.482 w/ 38 queries
00:11:41 - [fold 1] best test MAP: 0.421 @ epoch 12
00:11:41 - Evaluating every 1 epochs ...
00:11:41 - reading data from /mnt/home/puxuan/CLIR-project/Evaluation_data/process-clef/uncased
00:11:42 - test has 39 queries ...
00:11:42 - Data reading done ...
00:11:43 - adding 9-th encoder to optimizer...
00:11:43 - adding 10-th encoder to optimizer...
00:11:43 - adding 11-th encoder to optimizer...
00:11:44 - process[8]: training epoch 0 ...
00:12:01 - process[8] - epoch 0 - train iter 386 - 17515.4 words/s - loss: 0.6425
00:12:01 - process[8]: training epoch 1 ...
00:12:19 - process[8] - epoch 1 - train iter 386 - 17429.3 words/s - loss: 0.5733
00:12:19 - process[8]: training epoch 2 ...
00:12:35 - process[8] - epoch 2 - train iter 386 - 18289.5 words/s - loss: 0.4972
00:12:35 - process[8]: training epoch 3 ...
00:12:53 - process[8] - epoch 3 - train iter 386 - 17208.6 words/s - loss: 0.4702
00:12:53 - process[8]: training epoch 4 ...
00:13:12 - process[8] - epoch 4 - train iter 386 - 15678.3 words/s - loss: 0.4460
00:13:12 - process[8]: training epoch 5 ...
00:13:31 - process[8] - epoch 5 - train iter 386 - 16425.4 words/s - loss: 0.4571
00:13:31 - process[8]: training epoch 6 ...
00:13:49 - process[8] - epoch 6 - train iter 386 - 16939.7 words/s - loss: 0.4252
00:13:49 - process[8]: training epoch 7 ...
00:14:08 - process[8] - epoch 7 - train iter 386 - 16278.8 words/s - loss: 0.4789
00:14:08 - process[8]: training epoch 8 ...
00:14:25 - process[8] - epoch 8 - train iter 386 - 17052.8 words/s - loss: 0.4396
00:14:25 - process[8]: training epoch 9 ...
00:14:43 - process[8] - epoch 9 - train iter 386 - 17227.0 words/s - loss: 0.4229
00:14:43 - process[8]: training epoch 10 ...
00:15:00 - process[8] - epoch 10 - train iter 386 - 17360.0 words/s - loss: 0.3836
00:15:00 - process[8]: evaluating epoch 10 on dev ...
00:15:40 - dev set during evaluation: 15580/15574
00:15:40 - process[8] - dev - epoch 10 - mAP: 0.426 w/ 38 queries
00:15:40 - process[8]: evaluating epoch 10 on test ...
00:16:13 - test set during evaluation: 14340/14338
00:16:13 - process[8] - test - epoch 10 - mAP: 0.512 w/ 39 queries
00:16:13 - process[8]: training epoch 11 ...
00:16:31 - process[8] - epoch 11 - train iter 386 - 17026.7 words/s - loss: 0.3992
00:16:31 - process[8]: evaluating epoch 11 on dev ...
00:17:08 - dev set during evaluation: 15580/15574
00:17:08 - process[8] - dev - epoch 11 - mAP: 0.431 w/ 38 queries
00:17:08 - process[8]: evaluating epoch 11 on test ...
00:17:41 - test set during evaluation: 14340/14338
00:17:41 - process[8] - test - epoch 11 - mAP: 0.516 w/ 39 queries
00:17:41 - process[8]: training epoch 12 ...
00:17:59 - process[8] - epoch 12 - train iter 386 - 16514.6 words/s - loss: 0.3802
00:17:59 - process[8]: evaluating epoch 12 on dev ...
00:18:35 - dev set during evaluation: 15580/15574
00:18:35 - process[8] - dev - epoch 12 - mAP: 0.455 w/ 38 queries
00:18:35 - process[8]: evaluating epoch 12 on test ...
00:19:07 - test set during evaluation: 14340/14338
00:19:08 - process[8] - test - epoch 12 - mAP: 0.510 w/ 39 queries
00:19:08 - process[8]: training epoch 13 ...
00:19:25 - process[8] - epoch 13 - train iter 386 - 17198.1 words/s - loss: 0.4133
00:19:25 - process[8]: evaluating epoch 13 on dev ...
00:20:02 - dev set during evaluation: 15580/15574
00:20:02 - process[8] - dev - epoch 13 - mAP: 0.420 w/ 38 queries
00:20:02 - process[8]: training epoch 14 ...
00:20:21 - process[8] - epoch 14 - train iter 386 - 16105.8 words/s - loss: 0.3677
00:20:21 - process[8]: evaluating epoch 14 on dev ...
00:20:57 - dev set during evaluation: 15580/15574
00:20:57 - process[8] - dev - epoch 14 - mAP: 0.427 w/ 38 queries
00:20:57 - process[8]: training epoch 15 ...
00:21:15 - process[8] - epoch 15 - train iter 386 - 16661.9 words/s - loss: 0.3968
00:21:15 - process[8]: evaluating epoch 15 on dev ...
00:21:51 - dev set during evaluation: 15580/15574
00:21:51 - process[8] - dev - epoch 15 - mAP: 0.443 w/ 38 queries
00:21:51 - process[8]: training epoch 16 ...
00:22:10 - process[8] - epoch 16 - train iter 386 - 15964.0 words/s - loss: 0.3482
00:22:10 - process[8]: evaluating epoch 16 on dev ...
00:22:45 - dev set during evaluation: 15580/15574
00:22:45 - process[8] - dev - epoch 16 - mAP: 0.403 w/ 38 queries
00:22:45 - process[8]: training epoch 17 ...
00:23:03 - process[8] - epoch 17 - train iter 386 - 16145.2 words/s - loss: 0.3643
00:23:03 - process[8]: evaluating epoch 17 on dev ...
00:23:39 - dev set during evaluation: 15580/15574
00:23:39 - process[8] - dev - epoch 17 - mAP: 0.413 w/ 38 queries
00:23:39 - process[8]: training epoch 18 ...
00:23:56 - process[8] - epoch 18 - train iter 386 - 18155.1 words/s - loss: 0.4084
00:23:56 - process[8]: evaluating epoch 18 on dev ...
00:24:33 - dev set during evaluation: 15580/15574
00:24:33 - process[8] - dev - epoch 18 - mAP: 0.423 w/ 38 queries
00:24:33 - process[8]: training epoch 19 ...
00:24:51 - process[8] - epoch 19 - train iter 386 - 16601.1 words/s - loss: 0.3731
00:24:51 - process[8]: evaluating epoch 19 on dev ...
00:25:27 - dev set during evaluation: 15580/15574
00:25:27 - process[8] - dev - epoch 19 - mAP: 0.431 w/ 38 queries
00:25:27 - [fold 2] best test MAP: 0.510 @ epoch 12
00:25:27 - Evaluating every 1 epochs ...
00:25:27 - reading data from /mnt/home/puxuan/CLIR-project/Evaluation_data/process-clef/uncased
00:25:28 - test has 39 queries ...
00:25:28 - Data reading done ...
00:25:30 - adding 9-th encoder to optimizer...
00:25:30 - adding 10-th encoder to optimizer...
00:25:30 - adding 11-th encoder to optimizer...
00:25:30 - process[8]: training epoch 0 ...
00:25:46 - process[8] - epoch 0 - train iter 360 - 17363.8 words/s - loss: 0.6515
00:25:46 - process[8]: training epoch 1 ...
00:26:03 - process[8] - epoch 1 - train iter 360 - 16646.4 words/s - loss: 0.5561
00:26:03 - process[8]: training epoch 2 ...
00:26:21 - process[8] - epoch 2 - train iter 360 - 16160.0 words/s - loss: 0.5261
00:26:21 - process[8]: training epoch 3 ...
00:26:40 - process[8] - epoch 3 - train iter 360 - 15359.2 words/s - loss: 0.5300
00:26:40 - process[8]: training epoch 4 ...
00:26:58 - process[8] - epoch 4 - train iter 360 - 16176.6 words/s - loss: 0.5232
00:26:58 - process[8]: training epoch 5 ...
00:27:14 - process[8] - epoch 5 - train iter 360 - 17752.5 words/s - loss: 0.4732
00:27:14 - process[8]: training epoch 6 ...
00:27:32 - process[8] - epoch 6 - train iter 360 - 16417.2 words/s - loss: 0.4520
00:27:32 - process[8]: training epoch 7 ...
00:27:49 - process[8] - epoch 7 - train iter 360 - 16330.3 words/s - loss: 0.4663
00:27:49 - process[8]: training epoch 8 ...
00:28:05 - process[8] - epoch 8 - train iter 360 - 17389.6 words/s - loss: 0.4337
00:28:05 - process[8]: training epoch 9 ...
00:28:21 - process[8] - epoch 9 - train iter 360 - 17969.0 words/s - loss: 0.3922
00:28:21 - process[8]: training epoch 10 ...
00:28:41 - process[8] - epoch 10 - train iter 360 - 14608.6 words/s - loss: 0.4349
00:28:41 - process[8]: evaluating epoch 10 on dev ...
00:29:21 - dev set during evaluation: 14340/14338
00:29:22 - process[8] - dev - epoch 10 - mAP: 0.509 w/ 39 queries
00:29:22 - process[8]: evaluating epoch 10 on test ...
00:29:51 - test set during evaluation: 11710/11707
00:29:51 - process[8] - test - epoch 10 - mAP: 0.531 w/ 39 queries
00:29:51 - process[8]: training epoch 11 ...
00:30:06 - process[8] - epoch 11 - train iter 360 - 17969.4 words/s - loss: 0.4347
00:30:06 - process[8]: evaluating epoch 11 on dev ...
00:30:42 - dev set during evaluation: 14340/14338
00:30:42 - process[8] - dev - epoch 11 - mAP: 0.509 w/ 39 queries
00:30:42 - process[8]: training epoch 12 ...
00:30:59 - process[8] - epoch 12 - train iter 360 - 16604.5 words/s - loss: 0.4191
00:30:59 - process[8]: evaluating epoch 12 on dev ...
00:31:32 - dev set during evaluation: 14340/14338
00:31:32 - process[8] - dev - epoch 12 - mAP: 0.510 w/ 39 queries
00:31:32 - process[8]: evaluating epoch 12 on test ...
00:32:01 - test set during evaluation: 11710/11707
00:32:01 - process[8] - test - epoch 12 - mAP: 0.540 w/ 39 queries
00:32:01 - process[8]: training epoch 13 ...
00:32:19 - process[8] - epoch 13 - train iter 360 - 16354.6 words/s - loss: 0.3917
00:32:19 - process[8]: evaluating epoch 13 on dev ...
00:32:51 - dev set during evaluation: 14340/14338
00:32:51 - process[8] - dev - epoch 13 - mAP: 0.505 w/ 39 queries
00:32:51 - process[8]: training epoch 14 ...
00:33:09 - process[8] - epoch 14 - train iter 360 - 16302.4 words/s - loss: 0.4494
00:33:09 - process[8]: evaluating epoch 14 on dev ...
00:33:41 - dev set during evaluation: 14340/14338
00:33:41 - process[8] - dev - epoch 14 - mAP: 0.498 w/ 39 queries
00:33:41 - process[8]: training epoch 15 ...
00:33:59 - process[8] - epoch 15 - train iter 360 - 15874.7 words/s - loss: 0.3804
00:33:59 - process[8]: evaluating epoch 15 on dev ...
00:34:31 - dev set during evaluation: 14340/14338
00:34:31 - process[8] - dev - epoch 15 - mAP: 0.502 w/ 39 queries
00:34:31 - process[8]: training epoch 16 ...
00:34:47 - process[8] - epoch 16 - train iter 360 - 18061.1 words/s - loss: 0.3864
00:34:47 - process[8]: evaluating epoch 16 on dev ...
00:35:22 - dev set during evaluation: 14340/14338
00:35:22 - process[8] - dev - epoch 16 - mAP: 0.509 w/ 39 queries
00:35:22 - process[8]: training epoch 17 ...
00:35:38 - process[8] - epoch 17 - train iter 360 - 17848.7 words/s - loss: 0.3770
00:35:38 - process[8]: evaluating epoch 17 on dev ...
00:36:14 - dev set during evaluation: 14340/14338
00:36:14 - process[8] - dev - epoch 17 - mAP: 0.517 w/ 39 queries
00:36:14 - process[8]: evaluating epoch 17 on test ...
00:36:43 - test set during evaluation: 11710/11707
00:36:43 - process[8] - test - epoch 17 - mAP: 0.536 w/ 39 queries
00:36:43 - process[8]: training epoch 18 ...
00:37:01 - process[8] - epoch 18 - train iter 360 - 15419.5 words/s - loss: 0.4022
00:37:01 - process[8]: evaluating epoch 18 on dev ...
00:37:36 - dev set during evaluation: 14340/14338
00:37:36 - process[8] - dev - epoch 18 - mAP: 0.518 w/ 39 queries
00:37:36 - process[8]: evaluating epoch 18 on test ...
00:38:05 - test set during evaluation: 11710/11707
00:38:05 - process[8] - test - epoch 18 - mAP: 0.540 w/ 39 queries
00:38:05 - process[8]: training epoch 19 ...
00:38:23 - process[8] - epoch 19 - train iter 360 - 16026.8 words/s - loss: 0.3882
00:38:23 - process[8]: evaluating epoch 19 on dev ...
00:38:56 - dev set during evaluation: 14340/14338
00:38:56 - process[8] - dev - epoch 19 - mAP: 0.491 w/ 39 queries
00:38:56 - [fold 3] best test MAP: 0.540 @ epoch 18
00:38:56 - Evaluating every 1 epochs ...
00:38:56 - reading data from /mnt/home/puxuan/CLIR-project/Evaluation_data/process-clef/uncased
00:38:57 - test has 38 queries ...
00:38:57 - Data reading done ...
00:38:59 - adding 9-th encoder to optimizer...
00:38:59 - adding 10-th encoder to optimizer...
00:38:59 - adding 11-th encoder to optimizer...
00:38:59 - process[8]: training epoch 0 ...
00:39:19 - process[8] - epoch 0 - train iter 404 - 16613.1 words/s - loss: 0.6670
00:39:19 - process[8]: training epoch 1 ...
00:39:37 - process[8] - epoch 1 - train iter 404 - 17209.8 words/s - loss: 0.5611
00:39:37 - process[8]: training epoch 2 ...
00:39:54 - process[8] - epoch 2 - train iter 404 - 18668.0 words/s - loss: 0.5472
00:39:54 - process[8]: training epoch 3 ...
00:40:12 - process[8] - epoch 3 - train iter 404 - 18578.3 words/s - loss: 0.5260
00:40:12 - process[8]: training epoch 4 ...
00:40:30 - process[8] - epoch 4 - train iter 404 - 17415.4 words/s - loss: 0.4552
00:40:30 - process[8]: training epoch 5 ...
00:40:49 - process[8] - epoch 5 - train iter 404 - 16877.1 words/s - loss: 0.4596
00:40:49 - process[8]: training epoch 6 ...
00:41:06 - process[8] - epoch 6 - train iter 404 - 18147.3 words/s - loss: 0.4269
00:41:06 - process[8]: training epoch 7 ...
00:41:25 - process[8] - epoch 7 - train iter 404 - 17567.1 words/s - loss: 0.4406
00:41:25 - process[8]: training epoch 8 ...
00:41:42 - process[8] - epoch 8 - train iter 404 - 18336.5 words/s - loss: 0.4259
00:41:42 - process[8]: training epoch 9 ...
00:42:00 - process[8] - epoch 9 - train iter 404 - 18138.9 words/s - loss: 0.4265
00:42:00 - process[8]: training epoch 10 ...
00:42:18 - process[8] - epoch 10 - train iter 404 - 18548.5 words/s - loss: 0.4081
00:42:18 - process[8]: evaluating epoch 10 on dev ...
00:42:45 - dev set during evaluation: 11710/11707
00:42:45 - process[8] - dev - epoch 10 - mAP: 0.513 w/ 39 queries
00:42:45 - process[8]: evaluating epoch 10 on test ...
00:43:13 - test set during evaluation: 13490/13483
00:43:13 - process[8] - test - epoch 10 - mAP: 0.478 w/ 38 queries
00:43:13 - process[8]: training epoch 11 ...
00:43:33 - process[8] - epoch 11 - train iter 404 - 16665.0 words/s - loss: 0.4114
00:43:33 - process[8]: evaluating epoch 11 on dev ...
00:44:00 - dev set during evaluation: 11710/11707
00:44:00 - process[8] - dev - epoch 11 - mAP: 0.522 w/ 39 queries
00:44:00 - process[8]: evaluating epoch 11 on test ...
00:44:27 - test set during evaluation: 13490/13483
00:44:27 - process[8] - test - epoch 11 - mAP: 0.504 w/ 38 queries
00:44:27 - process[8]: training epoch 12 ...
00:44:44 - process[8] - epoch 12 - train iter 404 - 19129.4 words/s - loss: 0.4251
00:44:44 - process[8]: evaluating epoch 12 on dev ...
00:45:13 - dev set during evaluation: 11710/11707
00:45:13 - process[8] - dev - epoch 12 - mAP: 0.503 w/ 39 queries
00:45:13 - process[8]: training epoch 13 ...
00:45:32 - process[8] - epoch 13 - train iter 404 - 16799.9 words/s - loss: 0.3701
00:45:32 - process[8]: evaluating epoch 13 on dev ...
00:45:58 - dev set during evaluation: 11710/11707
00:45:58 - process[8] - dev - epoch 13 - mAP: 0.549 w/ 39 queries
00:45:58 - process[8]: evaluating epoch 13 on test ...
00:46:25 - test set during evaluation: 13490/13483
00:46:25 - process[8] - test - epoch 13 - mAP: 0.517 w/ 38 queries
00:46:25 - process[8]: training epoch 14 ...
00:46:43 - process[8] - epoch 14 - train iter 404 - 18064.1 words/s - loss: 0.3914
00:46:43 - process[8]: evaluating epoch 14 on dev ...
00:47:11 - dev set during evaluation: 11710/11707
00:47:11 - process[8] - dev - epoch 14 - mAP: 0.519 w/ 39 queries
00:47:11 - process[8]: training epoch 15 ...
00:47:30 - process[8] - epoch 15 - train iter 404 - 17192.9 words/s - loss: 0.3675
00:47:30 - process[8]: evaluating epoch 15 on dev ...
00:47:57 - dev set during evaluation: 11710/11707
00:47:57 - process[8] - dev - epoch 15 - mAP: 0.538 w/ 39 queries
00:47:57 - process[8]: training epoch 16 ...
00:48:17 - process[8] - epoch 16 - train iter 404 - 16281.9 words/s - loss: 0.3911
00:48:17 - process[8]: evaluating epoch 16 on dev ...
00:48:42 - dev set during evaluation: 11710/11707
00:48:42 - process[8] - dev - epoch 16 - mAP: 0.528 w/ 39 queries
00:48:42 - process[8]: training epoch 17 ...
00:49:00 - process[8] - epoch 17 - train iter 404 - 17636.5 words/s - loss: 0.3717
00:49:00 - process[8]: evaluating epoch 17 on dev ...
00:49:28 - dev set during evaluation: 11710/11707
00:49:28 - process[8] - dev - epoch 17 - mAP: 0.526 w/ 39 queries
00:49:28 - process[8]: training epoch 18 ...
00:49:44 - process[8] - epoch 18 - train iter 404 - 19400.8 words/s - loss: 0.3288
00:49:44 - process[8]: evaluating epoch 18 on dev ...
00:50:13 - dev set during evaluation: 11710/11707
00:50:13 - process[8] - dev - epoch 18 - mAP: 0.532 w/ 39 queries
00:50:13 - process[8]: training epoch 19 ...
00:50:31 - process[8] - epoch 19 - train iter 404 - 17368.2 words/s - loss: 0.3631
00:50:31 - process[8]: evaluating epoch 19 on dev ...
00:50:57 - dev set during evaluation: 11710/11707
00:50:57 - process[8] - dev - epoch 19 - mAP: 0.524 w/ 39 queries
00:50:57 - [fold 4] best test MAP: 0.517 @ epoch 13
00:50:57 - Evaluating every 1 epochs ...
00:50:57 - reading data from /mnt/home/puxuan/CLIR-project/Evaluation_data/process-clef/uncased
00:50:58 - test has 38 queries ...
00:50:58 - Data reading done ...
00:51:00 - adding 9-th encoder to optimizer...
00:51:00 - adding 10-th encoder to optimizer...
00:51:00 - adding 11-th encoder to optimizer...
00:51:00 - process[8]: training epoch 0 ...
00:51:19 - process[8] - epoch 0 - train iter 444 - 19006.8 words/s - loss: 0.6631
00:51:19 - process[8]: training epoch 1 ...
00:51:36 - process[8] - epoch 1 - train iter 444 - 20468.4 words/s - loss: 0.5646
00:51:36 - process[8]: training epoch 2 ...
00:51:55 - process[8] - epoch 2 - train iter 444 - 19369.3 words/s - loss: 0.5491
00:51:55 - process[8]: training epoch 3 ...
00:52:13 - process[8] - epoch 3 - train iter 444 - 19432.3 words/s - loss: 0.5159
00:52:13 - process[8]: training epoch 4 ...
00:52:33 - process[8] - epoch 4 - train iter 444 - 18215.5 words/s - loss: 0.5045
00:52:33 - process[8]: training epoch 5 ...
00:52:51 - process[8] - epoch 5 - train iter 444 - 19329.2 words/s - loss: 0.4868
00:52:51 - process[8]: training epoch 6 ...
00:53:10 - process[8] - epoch 6 - train iter 444 - 19058.1 words/s - loss: 0.4499
00:53:10 - process[8]: training epoch 7 ...
00:53:28 - process[8] - epoch 7 - train iter 444 - 19635.9 words/s - loss: 0.4523
00:53:28 - process[8]: training epoch 8 ...
00:53:46 - process[8] - epoch 8 - train iter 444 - 19723.5 words/s - loss: 0.4318
00:53:46 - process[8]: training epoch 9 ...
00:54:04 - process[8] - epoch 9 - train iter 444 - 19628.2 words/s - loss: 0.4489
00:54:04 - process[8]: training epoch 10 ...
00:54:22 - process[8] - epoch 10 - train iter 444 - 19663.8 words/s - loss: 0.4539
00:54:22 - process[8]: evaluating epoch 10 on dev ...
00:54:56 - dev set during evaluation: 13490/13483
00:54:56 - process[8] - dev - epoch 10 - mAP: 0.478 w/ 38 queries
00:54:56 - process[8]: evaluating epoch 10 on test ...
00:55:28 - test set during evaluation: 13890/13887
00:55:28 - process[8] - test - epoch 10 - mAP: 0.452 w/ 38 queries
00:55:28 - process[8]: training epoch 11 ...
00:55:48 - process[8] - epoch 11 - train iter 444 - 17611.2 words/s - loss: 0.4047
00:55:48 - process[8]: evaluating epoch 11 on dev ...
00:56:16 - dev set during evaluation: 13490/13483
00:56:16 - process[8] - dev - epoch 11 - mAP: 0.463 w/ 38 queries
00:56:16 - process[8]: training epoch 12 ...
00:56:33 - process[8] - epoch 12 - train iter 444 - 20286.7 words/s - loss: 0.3959
00:56:33 - process[8]: evaluating epoch 12 on dev ...
00:57:02 - dev set during evaluation: 13490/13483
00:57:02 - process[8] - dev - epoch 12 - mAP: 0.491 w/ 38 queries
00:57:02 - process[8]: evaluating epoch 12 on test ...
00:57:34 - test set during evaluation: 13890/13887
00:57:34 - process[8] - test - epoch 12 - mAP: 0.457 w/ 38 queries
00:57:34 - process[8]: training epoch 13 ...
00:57:53 - process[8] - epoch 13 - train iter 444 - 19139.6 words/s - loss: 0.4312
00:57:53 - process[8]: evaluating epoch 13 on dev ...
00:58:20 - dev set during evaluation: 13490/13483
00:58:20 - process[8] - dev - epoch 13 - mAP: 0.478 w/ 38 queries
00:58:20 - process[8]: training epoch 14 ...
00:58:40 - process[8] - epoch 14 - train iter 444 - 18184.0 words/s - loss: 0.4340
00:58:40 - process[8]: evaluating epoch 14 on dev ...
00:59:09 - dev set during evaluation: 13490/13483
00:59:09 - process[8] - dev - epoch 14 - mAP: 0.493 w/ 38 queries
00:59:09 - process[8]: evaluating epoch 14 on test ...
00:59:41 - test set during evaluation: 13890/13887
00:59:41 - process[8] - test - epoch 14 - mAP: 0.499 w/ 38 queries
00:59:41 - process[8]: training epoch 15 ...
00:59:59 - process[8] - epoch 15 - train iter 444 - 19835.8 words/s - loss: 0.4036
00:59:59 - process[8]: evaluating epoch 15 on dev ...
01:00:27 - dev set during evaluation: 13490/13483
01:00:27 - process[8] - dev - epoch 15 - mAP: 0.488 w/ 38 queries
01:00:27 - process[8]: training epoch 16 ...
01:00:46 - process[8] - epoch 16 - train iter 444 - 19612.2 words/s - loss: 0.3743
01:00:46 - process[8]: evaluating epoch 16 on dev ...
01:01:14 - dev set during evaluation: 13490/13483
01:01:14 - process[8] - dev - epoch 16 - mAP: 0.484 w/ 38 queries
01:01:14 - process[8]: training epoch 17 ...
01:01:33 - process[8] - epoch 17 - train iter 444 - 19449.1 words/s - loss: 0.3897
01:01:33 - process[8]: evaluating epoch 17 on dev ...
01:02:02 - dev set during evaluation: 13490/13483
01:02:02 - process[8] - dev - epoch 17 - mAP: 0.475 w/ 38 queries
01:02:02 - process[8]: training epoch 18 ...
01:02:19 - process[8] - epoch 18 - train iter 444 - 20185.4 words/s - loss: 0.3698
01:02:19 - process[8]: evaluating epoch 18 on dev ...
01:02:49 - dev set during evaluation: 13490/13483
01:02:49 - process[8] - dev - epoch 18 - mAP: 0.476 w/ 38 queries
01:02:49 - process[8]: training epoch 19 ...
01:03:08 - process[8] - epoch 19 - train iter 444 - 18721.2 words/s - loss: 0.3540
01:03:08 - process[8]: evaluating epoch 19 on dev ...
01:03:36 - dev set during evaluation: 13490/13483
01:03:36 - process[8] - dev - epoch 19 - mAP: 0.485 w/ 38 queries
01:03:36 - [fold 5] best test MAP: 0.499 @ epoch 14
01:03:36 - [0.4205992970863102, 0.5095211669446892, 0.5402383971391053, 0.5171787056600324, 0.4994555706015239]
01:03:36 - [38, 39, 39, 38, 38]
01:03:36 - final MAP: 0.498
