00:00:02 - Namespace(apex_level='O2', batch_size=8, cased=False, dataset='mix', debug=False, encoder_lr=2e-05, eval_step=1, full_doc_length=True, local_rank=2, model_path='/mnt/scratch/puxuan/short_qlm-rr/2147416/huggingface-9', model_type='mbert', num_epochs=10, num_ft_encoders=3, num_neg=1, projector_lr=2e-05, seed=611, source_lang='en', target_lang='fr')
00:00:16 - Evaluating every 1 epochs ...
00:00:17 - reading data from /mnt/home/puxuan/wiki-clir/uncased and /mnt/home/puxuan/CLIR-project/Evaluation_data/process-clef/uncased
00:00:17 - f1 has 93 queries ...
00:00:17 - f2 has 92 queries ...
00:00:17 - Data reading done ...
00:00:23 - adding 9-th encoder to optimizer...
00:00:23 - adding 10-th encoder to optimizer...
00:00:23 - adding 11-th encoder to optimizer...
00:00:23 - process[2]: training epoch 0 ...
00:02:50 - process[2] - epoch 0 - train iter 625 - 2907.6 words/s - loss: 0.3592
00:02:50 - process[2]: training epoch 1 ...
00:04:56 - process[2] - epoch 1 - train iter 625 - 3348.0 words/s - loss: 0.3089
00:04:56 - process[2]: training epoch 2 ...
00:07:31 - process[2] - epoch 2 - train iter 625 - 2690.4 words/s - loss: 0.2806
00:07:31 - process[2]: training epoch 3 ...
00:10:15 - process[2] - epoch 3 - train iter 625 - 2637.1 words/s - loss: 0.2229
00:10:15 - process[2]: training epoch 4 ...
00:12:42 - process[2] - epoch 4 - train iter 625 - 2951.9 words/s - loss: 0.2039
00:12:42 - process[2]: training epoch 5 ...
00:14:41 - process[2] - epoch 5 - train iter 625 - 3604.5 words/s - loss: 0.2303
00:14:41 - process[2]: evaluating epoch 5 on f1 ...
00:16:23 - f1 set during evaluation: 26368/26363
00:16:23 - process[2] - f1 - epoch 5 - mAP: 0.435 w/ 93 queries
00:16:23 - process[2]: evaluating epoch 5 on f2 ...
00:17:10 - f2 set during evaluation: 27160/27153
00:17:10 - process[2] - f2 - epoch 5 - mAP: 0.387 w/ 92 queries
00:17:10 - process[2]: training epoch 6 ...
00:19:45 - process[2] - epoch 6 - train iter 625 - 2652.1 words/s - loss: 0.1879
00:19:45 - process[2]: evaluating epoch 6 on f1 ...
00:20:51 - f1 set during evaluation: 26368/26363
00:20:51 - process[2] - f1 - epoch 6 - mAP: 0.453 w/ 93 queries
00:20:51 - process[2]: evaluating epoch 6 on f2 ...
00:21:38 - f2 set during evaluation: 27160/27153
00:21:38 - process[2] - f2 - epoch 6 - mAP: 0.381 w/ 92 queries
00:21:38 - process[2]: training epoch 7 ...
00:23:58 - process[2] - epoch 7 - train iter 625 - 3036.1 words/s - loss: 0.2022
00:23:58 - process[2]: evaluating epoch 7 on f1 ...
00:25:14 - f1 set during evaluation: 26368/26363
00:25:14 - process[2] - f1 - epoch 7 - mAP: 0.453 w/ 93 queries
00:25:14 - process[2]: evaluating epoch 7 on f2 ...
00:26:01 - f2 set during evaluation: 27160/27153
00:26:01 - process[2] - f2 - epoch 7 - mAP: 0.384 w/ 92 queries
00:26:01 - process[2]: training epoch 8 ...
00:28:32 - process[2] - epoch 8 - train iter 625 - 2850.2 words/s - loss: 0.1875
00:28:32 - process[2]: evaluating epoch 8 on f1 ...
00:29:24 - f1 set during evaluation: 26368/26363
00:29:24 - process[2] - f1 - epoch 8 - mAP: 0.461 w/ 93 queries
00:29:24 - process[2]: evaluating epoch 8 on f2 ...
00:30:11 - f2 set during evaluation: 27160/27153
00:30:11 - process[2] - f2 - epoch 8 - mAP: 0.386 w/ 92 queries
00:30:11 - process[2]: training epoch 9 ...
00:32:41 - process[2] - epoch 9 - train iter 625 - 2770.3 words/s - loss: 0.1976
00:32:41 - process[2]: evaluating epoch 9 on f1 ...
00:33:29 - f1 set during evaluation: 26368/26363
00:33:29 - process[2] - f1 - epoch 9 - mAP: 0.449 w/ 93 queries
00:33:29 - process[2]: evaluating epoch 9 on f2 ...
00:34:16 - f2 set during evaluation: 27160/27153
00:34:16 - process[2] - f2 - epoch 9 - mAP: 0.388 w/ 92 queries
