00:00:05 - Namespace(apex_level='O2', batch_size=8, cased=False, dataset='clef', debug=False, encoder_lr=2e-05, eval_step=1, full_doc_length=True, local_rank=8, model_path='/mnt/scratch/puxuan/short_qlm-rr/2147416/huggingface-4', model_type='mbert', num_epochs=20, num_ft_encoders=3, num_neg=1, projector_lr=2e-05, seed=611, source_lang='en', target_lang='es')
00:00:13 - Evaluating every 1 epochs ...
00:00:13 - reading data from /mnt/home/puxuan/CLIR-project/Evaluation_data/process-clef/uncased
00:00:14 - test has 31 queries ...
00:00:14 - Data reading done ...
00:00:21 - adding 9-th encoder to optimizer...
00:00:21 - adding 10-th encoder to optimizer...
00:00:21 - adding 11-th encoder to optimizer...
00:00:22 - process[8]: training epoch 0 ...
00:00:39 - process[8] - epoch 0 - train iter 540 - 27069.6 words/s - loss: 0.4932
00:00:39 - process[8]: training epoch 1 ...
00:00:55 - process[8] - epoch 1 - train iter 540 - 28633.9 words/s - loss: 0.4425
00:00:55 - process[8]: training epoch 2 ...
00:01:11 - process[8] - epoch 2 - train iter 540 - 28618.5 words/s - loss: 0.4115
00:01:11 - process[8]: training epoch 3 ...
00:01:28 - process[8] - epoch 3 - train iter 540 - 28296.9 words/s - loss: 0.3814
00:01:28 - process[8]: training epoch 4 ...
00:01:44 - process[8] - epoch 4 - train iter 540 - 28374.8 words/s - loss: 0.3304
00:01:44 - process[8]: training epoch 5 ...
00:02:00 - process[8] - epoch 5 - train iter 540 - 28695.1 words/s - loss: 0.3612
00:02:00 - process[8]: training epoch 6 ...
00:02:17 - process[8] - epoch 6 - train iter 540 - 28625.9 words/s - loss: 0.3497
00:02:17 - process[8]: training epoch 7 ...
00:02:34 - process[8] - epoch 7 - train iter 540 - 28100.4 words/s - loss: 0.3390
00:02:34 - process[8]: training epoch 8 ...
00:02:50 - process[8] - epoch 8 - train iter 540 - 28681.2 words/s - loss: 0.2904
00:02:50 - process[8]: training epoch 9 ...
00:03:06 - process[8] - epoch 9 - train iter 540 - 28498.3 words/s - loss: 0.3100
00:03:06 - process[8]: training epoch 10 ...
00:03:23 - process[8] - epoch 10 - train iter 540 - 28334.1 words/s - loss: 0.3107
00:03:23 - process[8]: evaluating epoch 10 on dev ...
00:03:38 - process[8] - dev - epoch 10 - mAP: 0.493 w/ 31 queries
00:03:38 - process[8]: evaluating epoch 10 on test ...
00:03:51 - test set during evaluation: 11460/11458
00:03:52 - process[8] - test - epoch 10 - mAP: 0.547 w/ 31 queries
00:03:52 - process[8]: training epoch 11 ...
00:04:08 - process[8] - epoch 11 - train iter 540 - 28815.9 words/s - loss: 0.2844
00:04:08 - process[8]: evaluating epoch 11 on dev ...
00:04:21 - process[8] - dev - epoch 11 - mAP: 0.497 w/ 31 queries
00:04:21 - process[8]: evaluating epoch 11 on test ...
00:04:36 - test set during evaluation: 11460/11458
00:04:36 - process[8] - test - epoch 11 - mAP: 0.551 w/ 31 queries
00:04:36 - process[8]: training epoch 12 ...
00:04:52 - process[8] - epoch 12 - train iter 540 - 28975.5 words/s - loss: 0.3081
00:04:52 - process[8]: evaluating epoch 12 on dev ...
00:05:05 - process[8] - dev - epoch 12 - mAP: 0.489 w/ 31 queries
00:05:05 - process[8]: training epoch 13 ...
00:05:22 - process[8] - epoch 13 - train iter 540 - 28834.1 words/s - loss: 0.3243
00:05:22 - process[8]: evaluating epoch 13 on dev ...
00:05:35 - process[8] - dev - epoch 13 - mAP: 0.497 w/ 31 queries
00:05:35 - process[8]: training epoch 14 ...
00:05:51 - process[8] - epoch 14 - train iter 540 - 28720.6 words/s - loss: 0.2794
00:05:51 - process[8]: evaluating epoch 14 on dev ...
00:06:06 - process[8] - dev - epoch 14 - mAP: 0.480 w/ 31 queries
00:06:06 - process[8]: training epoch 15 ...
00:06:22 - process[8] - epoch 15 - train iter 540 - 28825.1 words/s - loss: 0.2802
00:06:22 - process[8]: evaluating epoch 15 on dev ...
00:06:35 - process[8] - dev - epoch 15 - mAP: 0.486 w/ 31 queries
00:06:35 - process[8]: training epoch 16 ...
00:06:52 - process[8] - epoch 16 - train iter 540 - 28740.6 words/s - loss: 0.3043
00:06:52 - process[8]: evaluating epoch 16 on dev ...
00:07:05 - process[8] - dev - epoch 16 - mAP: 0.463 w/ 31 queries
00:07:05 - process[8]: training epoch 17 ...
00:07:21 - process[8] - epoch 17 - train iter 540 - 28753.6 words/s - loss: 0.2597
00:07:21 - process[8]: evaluating epoch 17 on dev ...
00:07:35 - process[8] - dev - epoch 17 - mAP: 0.487 w/ 31 queries
00:07:35 - process[8]: training epoch 18 ...
00:07:51 - process[8] - epoch 18 - train iter 540 - 28537.8 words/s - loss: 0.2849
00:07:51 - process[8]: evaluating epoch 18 on dev ...
00:08:05 - process[8] - dev - epoch 18 - mAP: 0.493 w/ 31 queries
00:08:05 - process[8]: training epoch 19 ...
00:08:21 - process[8] - epoch 19 - train iter 540 - 28494.1 words/s - loss: 0.2637
00:08:21 - process[8]: evaluating epoch 19 on dev ...
00:08:34 - process[8] - dev - epoch 19 - mAP: 0.500 w/ 31 queries
00:08:34 - process[8]: evaluating epoch 19 on test ...
00:08:48 - test set during evaluation: 11460/11458
00:08:48 - process[8] - test - epoch 19 - mAP: 0.544 w/ 31 queries
00:08:48 - [fold 1] best test MAP: 0.544 @ epoch 19
00:08:48 - Evaluating every 1 epochs ...
00:08:48 - reading data from /mnt/home/puxuan/CLIR-project/Evaluation_data/process-clef/uncased
00:08:50 - test has 32 queries ...
00:08:50 - Data reading done ...
00:08:51 - adding 9-th encoder to optimizer...
00:08:51 - adding 10-th encoder to optimizer...
00:08:51 - adding 11-th encoder to optimizer...
00:08:52 - process[8]: training epoch 0 ...
00:09:07 - process[8] - epoch 0 - train iter 492 - 27960.1 words/s - loss: 0.4787
00:09:07 - process[8]: training epoch 1 ...
00:09:22 - process[8] - epoch 1 - train iter 492 - 28195.8 words/s - loss: 0.4296
00:09:22 - process[8]: training epoch 2 ...
00:09:37 - process[8] - epoch 2 - train iter 492 - 27886.6 words/s - loss: 0.4008
00:09:37 - process[8]: training epoch 3 ...
00:09:53 - process[8] - epoch 3 - train iter 492 - 27824.5 words/s - loss: 0.3750
00:09:53 - process[8]: training epoch 4 ...
00:10:08 - process[8] - epoch 4 - train iter 492 - 28386.7 words/s - loss: 0.3913
00:10:08 - process[8]: training epoch 5 ...
00:10:23 - process[8] - epoch 5 - train iter 492 - 28151.1 words/s - loss: 0.3723
00:10:23 - process[8]: training epoch 6 ...
00:10:38 - process[8] - epoch 6 - train iter 492 - 28239.1 words/s - loss: 0.3595
00:10:38 - process[8]: training epoch 7 ...
00:10:53 - process[8] - epoch 7 - train iter 492 - 28023.0 words/s - loss: 0.3524
00:10:53 - process[8]: training epoch 8 ...
00:11:08 - process[8] - epoch 8 - train iter 492 - 28306.4 words/s - loss: 0.3065
00:11:08 - process[8]: training epoch 9 ...
00:11:23 - process[8] - epoch 9 - train iter 492 - 28132.7 words/s - loss: 0.3036
00:11:23 - process[8]: training epoch 10 ...
00:11:38 - process[8] - epoch 10 - train iter 492 - 28281.0 words/s - loss: 0.3104
00:11:38 - process[8]: evaluating epoch 10 on dev ...
00:11:54 - dev set during evaluation: 11460/11458
00:11:54 - process[8] - dev - epoch 10 - mAP: 0.575 w/ 31 queries
00:11:54 - process[8]: evaluating epoch 10 on test ...
00:12:09 - process[8] - test - epoch 10 - mAP: 0.612 w/ 32 queries
00:12:09 - process[8]: training epoch 11 ...
00:12:24 - process[8] - epoch 11 - train iter 492 - 27843.4 words/s - loss: 0.2962
00:12:24 - process[8]: evaluating epoch 11 on dev ...
00:12:39 - dev set during evaluation: 11460/11458
00:12:39 - process[8] - dev - epoch 11 - mAP: 0.575 w/ 31 queries
00:12:39 - process[8]: evaluating epoch 11 on test ...
00:12:54 - process[8] - test - epoch 11 - mAP: 0.641 w/ 32 queries
00:12:54 - process[8]: training epoch 12 ...
00:13:09 - process[8] - epoch 12 - train iter 492 - 28238.3 words/s - loss: 0.3303
00:13:09 - process[8]: evaluating epoch 12 on dev ...
00:13:23 - dev set during evaluation: 11460/11458
00:13:23 - process[8] - dev - epoch 12 - mAP: 0.574 w/ 31 queries
00:13:23 - process[8]: training epoch 13 ...
00:13:38 - process[8] - epoch 13 - train iter 492 - 28816.2 words/s - loss: 0.3056
00:13:38 - process[8]: evaluating epoch 13 on dev ...
00:13:52 - dev set during evaluation: 11460/11458
00:13:52 - process[8] - dev - epoch 13 - mAP: 0.566 w/ 31 queries
00:13:52 - process[8]: training epoch 14 ...
00:14:07 - process[8] - epoch 14 - train iter 492 - 28268.1 words/s - loss: 0.3043
00:14:07 - process[8]: evaluating epoch 14 on dev ...
00:14:21 - dev set during evaluation: 11460/11458
00:14:21 - process[8] - dev - epoch 14 - mAP: 0.561 w/ 31 queries
00:14:21 - process[8]: training epoch 15 ...
00:14:36 - process[8] - epoch 15 - train iter 492 - 28324.2 words/s - loss: 0.2854
00:14:36 - process[8]: evaluating epoch 15 on dev ...
00:14:50 - dev set during evaluation: 11460/11458
00:14:50 - process[8] - dev - epoch 15 - mAP: 0.564 w/ 31 queries
00:14:50 - process[8]: training epoch 16 ...
00:15:05 - process[8] - epoch 16 - train iter 492 - 28359.4 words/s - loss: 0.2710
00:15:05 - process[8]: evaluating epoch 16 on dev ...
00:15:20 - dev set during evaluation: 11460/11458
00:15:20 - process[8] - dev - epoch 16 - mAP: 0.554 w/ 31 queries
00:15:20 - process[8]: training epoch 17 ...
00:15:35 - process[8] - epoch 17 - train iter 492 - 28134.1 words/s - loss: 0.3059
00:15:35 - process[8]: evaluating epoch 17 on dev ...
00:15:50 - dev set during evaluation: 11460/11458
00:15:50 - process[8] - dev - epoch 17 - mAP: 0.576 w/ 31 queries
00:15:50 - process[8]: evaluating epoch 17 on test ...
00:16:05 - process[8] - test - epoch 17 - mAP: 0.639 w/ 32 queries
00:16:05 - process[8]: training epoch 18 ...
00:16:20 - process[8] - epoch 18 - train iter 492 - 28141.0 words/s - loss: 0.3193
00:16:20 - process[8]: evaluating epoch 18 on dev ...
00:16:34 - dev set during evaluation: 11460/11458
00:16:34 - process[8] - dev - epoch 18 - mAP: 0.569 w/ 31 queries
00:16:34 - process[8]: training epoch 19 ...
00:16:49 - process[8] - epoch 19 - train iter 492 - 27887.6 words/s - loss: 0.2906
00:16:49 - process[8]: evaluating epoch 19 on dev ...
00:17:03 - dev set during evaluation: 11460/11458
00:17:03 - process[8] - dev - epoch 19 - mAP: 0.570 w/ 31 queries
00:17:03 - [fold 2] best test MAP: 0.639 @ epoch 17
00:17:03 - Evaluating every 1 epochs ...
00:17:03 - reading data from /mnt/home/puxuan/CLIR-project/Evaluation_data/process-clef/uncased
00:17:05 - test has 31 queries ...
00:17:05 - Data reading done ...
00:17:06 - adding 9-th encoder to optimizer...
00:17:06 - adding 10-th encoder to optimizer...
00:17:06 - adding 11-th encoder to optimizer...
00:17:07 - process[8]: training epoch 0 ...
00:17:21 - process[8] - epoch 0 - train iter 476 - 28371.5 words/s - loss: 0.4842
00:17:21 - process[8]: training epoch 1 ...
00:17:36 - process[8] - epoch 1 - train iter 476 - 28818.9 words/s - loss: 0.4607
00:17:36 - process[8]: training epoch 2 ...
00:17:50 - process[8] - epoch 2 - train iter 476 - 28300.4 words/s - loss: 0.3740
00:17:50 - process[8]: training epoch 3 ...
00:18:05 - process[8] - epoch 3 - train iter 476 - 27972.8 words/s - loss: 0.3522
00:18:05 - process[8]: training epoch 4 ...
00:18:19 - process[8] - epoch 4 - train iter 476 - 28090.6 words/s - loss: 0.3485
00:18:19 - process[8]: training epoch 5 ...
00:18:34 - process[8] - epoch 5 - train iter 476 - 28401.7 words/s - loss: 0.3748
00:18:34 - process[8]: training epoch 6 ...
00:18:49 - process[8] - epoch 6 - train iter 476 - 28266.3 words/s - loss: 0.3475
00:18:49 - process[8]: training epoch 7 ...
00:19:03 - process[8] - epoch 7 - train iter 476 - 27788.4 words/s - loss: 0.3346
00:19:03 - process[8]: training epoch 8 ...
00:19:18 - process[8] - epoch 8 - train iter 476 - 28154.0 words/s - loss: 0.3536
00:19:18 - process[8]: training epoch 9 ...
00:19:32 - process[8] - epoch 9 - train iter 476 - 28037.4 words/s - loss: 0.2987
00:19:32 - process[8]: training epoch 10 ...
00:19:47 - process[8] - epoch 10 - train iter 476 - 28058.5 words/s - loss: 0.3137
00:19:47 - process[8]: evaluating epoch 10 on dev ...
00:20:04 - process[8] - dev - epoch 10 - mAP: 0.631 w/ 32 queries
00:20:04 - process[8]: evaluating epoch 10 on test ...
00:20:19 - test set during evaluation: 11550/11545
00:20:19 - process[8] - test - epoch 10 - mAP: 0.583 w/ 31 queries
00:20:19 - process[8]: training epoch 11 ...
00:20:33 - process[8] - epoch 11 - train iter 476 - 28430.4 words/s - loss: 0.3195
00:20:33 - process[8]: evaluating epoch 11 on dev ...
00:20:49 - process[8] - dev - epoch 11 - mAP: 0.622 w/ 32 queries
00:20:49 - process[8]: training epoch 12 ...
00:21:03 - process[8] - epoch 12 - train iter 476 - 28261.9 words/s - loss: 0.2805
00:21:03 - process[8]: evaluating epoch 12 on dev ...
00:21:19 - process[8] - dev - epoch 12 - mAP: 0.630 w/ 32 queries
00:21:19 - process[8]: training epoch 13 ...
00:21:33 - process[8] - epoch 13 - train iter 476 - 28207.8 words/s - loss: 0.3082
00:21:33 - process[8]: evaluating epoch 13 on dev ...
00:21:48 - process[8] - dev - epoch 13 - mAP: 0.616 w/ 32 queries
00:21:48 - process[8]: training epoch 14 ...
00:22:03 - process[8] - epoch 14 - train iter 476 - 27943.5 words/s - loss: 0.2901
00:22:03 - process[8]: evaluating epoch 14 on dev ...
00:22:18 - process[8] - dev - epoch 14 - mAP: 0.633 w/ 32 queries
00:22:18 - process[8]: evaluating epoch 14 on test ...
00:22:32 - test set during evaluation: 11550/11545
00:22:32 - process[8] - test - epoch 14 - mAP: 0.589 w/ 31 queries
00:22:32 - process[8]: training epoch 15 ...
00:22:47 - process[8] - epoch 15 - train iter 476 - 28343.1 words/s - loss: 0.2953
00:22:47 - process[8]: evaluating epoch 15 on dev ...
00:23:02 - process[8] - dev - epoch 15 - mAP: 0.618 w/ 32 queries
00:23:02 - process[8]: training epoch 16 ...
00:23:16 - process[8] - epoch 16 - train iter 476 - 28563.2 words/s - loss: 0.2891
00:23:16 - process[8]: evaluating epoch 16 on dev ...
00:23:32 - process[8] - dev - epoch 16 - mAP: 0.626 w/ 32 queries
00:23:32 - process[8]: training epoch 17 ...
00:23:46 - process[8] - epoch 17 - train iter 476 - 28397.5 words/s - loss: 0.2727
00:23:46 - process[8]: evaluating epoch 17 on dev ...
00:24:02 - process[8] - dev - epoch 17 - mAP: 0.616 w/ 32 queries
00:24:02 - process[8]: training epoch 18 ...
00:24:16 - process[8] - epoch 18 - train iter 476 - 28122.1 words/s - loss: 0.2692
00:24:16 - process[8]: evaluating epoch 18 on dev ...
00:24:32 - process[8] - dev - epoch 18 - mAP: 0.625 w/ 32 queries
00:24:32 - process[8]: training epoch 19 ...
00:24:47 - process[8] - epoch 19 - train iter 476 - 28380.0 words/s - loss: 0.2872
00:24:47 - process[8]: evaluating epoch 19 on dev ...
00:25:01 - process[8] - dev - epoch 19 - mAP: 0.626 w/ 32 queries
00:25:01 - [fold 3] best test MAP: 0.589 @ epoch 14
00:25:01 - Evaluating every 1 epochs ...
00:25:01 - reading data from /mnt/home/puxuan/CLIR-project/Evaluation_data/process-clef/uncased
00:25:03 - test has 31 queries ...
00:25:03 - Data reading done ...
00:25:04 - adding 9-th encoder to optimizer...
00:25:04 - adding 10-th encoder to optimizer...
00:25:04 - adding 11-th encoder to optimizer...
00:25:05 - process[8]: training epoch 0 ...
00:25:18 - process[8] - epoch 0 - train iter 432 - 28578.8 words/s - loss: 0.5391
00:25:18 - process[8]: training epoch 1 ...
00:25:31 - process[8] - epoch 1 - train iter 432 - 28294.3 words/s - loss: 0.4599
00:25:31 - process[8]: training epoch 2 ...
00:25:44 - process[8] - epoch 2 - train iter 432 - 28434.5 words/s - loss: 0.4005
00:25:44 - process[8]: training epoch 3 ...
00:25:58 - process[8] - epoch 3 - train iter 432 - 28550.9 words/s - loss: 0.4458
00:25:58 - process[8]: training epoch 4 ...
00:26:10 - process[8] - epoch 4 - train iter 432 - 28920.0 words/s - loss: 0.3893
00:26:10 - process[8]: training epoch 5 ...
00:26:24 - process[8] - epoch 5 - train iter 432 - 28296.6 words/s - loss: 0.3904
00:26:24 - process[8]: training epoch 6 ...
00:26:37 - process[8] - epoch 6 - train iter 432 - 28648.3 words/s - loss: 0.3731
00:26:37 - process[8]: training epoch 7 ...
00:26:50 - process[8] - epoch 7 - train iter 432 - 28450.8 words/s - loss: 0.3700
00:26:50 - process[8]: training epoch 8 ...
00:27:04 - process[8] - epoch 8 - train iter 432 - 28338.4 words/s - loss: 0.3046
00:27:04 - process[8]: training epoch 9 ...
00:27:17 - process[8] - epoch 9 - train iter 432 - 28740.3 words/s - loss: 0.3314
00:27:17 - process[8]: training epoch 10 ...
00:27:30 - process[8] - epoch 10 - train iter 432 - 28185.8 words/s - loss: 0.3214
00:27:30 - process[8]: evaluating epoch 10 on dev ...
00:27:47 - dev set during evaluation: 11550/11545
00:27:47 - process[8] - dev - epoch 10 - mAP: 0.580 w/ 31 queries
00:27:47 - process[8]: evaluating epoch 10 on test ...
00:28:01 - test set during evaluation: 11320/11315
00:28:01 - process[8] - test - epoch 10 - mAP: 0.610 w/ 31 queries
00:28:01 - process[8]: training epoch 11 ...
00:28:15 - process[8] - epoch 11 - train iter 432 - 28253.8 words/s - loss: 0.3150
00:28:15 - process[8]: evaluating epoch 11 on dev ...
00:28:29 - dev set during evaluation: 11550/11545
00:28:29 - process[8] - dev - epoch 11 - mAP: 0.594 w/ 31 queries
00:28:29 - process[8]: evaluating epoch 11 on test ...
00:28:45 - test set during evaluation: 11320/11315
00:28:45 - process[8] - test - epoch 11 - mAP: 0.643 w/ 31 queries
00:28:45 - process[8]: training epoch 12 ...
00:28:58 - process[8] - epoch 12 - train iter 432 - 28572.2 words/s - loss: 0.3341
00:28:58 - process[8]: evaluating epoch 12 on dev ...
00:29:13 - dev set during evaluation: 11550/11545
00:29:13 - process[8] - dev - epoch 12 - mAP: 0.582 w/ 31 queries
00:29:13 - process[8]: training epoch 13 ...
00:29:26 - process[8] - epoch 13 - train iter 432 - 28283.7 words/s - loss: 0.3028
00:29:26 - process[8]: evaluating epoch 13 on dev ...
00:29:41 - dev set during evaluation: 11550/11545
00:29:41 - process[8] - dev - epoch 13 - mAP: 0.602 w/ 31 queries
00:29:41 - process[8]: evaluating epoch 13 on test ...
00:29:55 - test set during evaluation: 11320/11315
00:29:56 - process[8] - test - epoch 13 - mAP: 0.638 w/ 31 queries
00:29:56 - process[8]: training epoch 14 ...
00:30:09 - process[8] - epoch 14 - train iter 432 - 28516.4 words/s - loss: 0.3029
00:30:09 - process[8]: evaluating epoch 14 on dev ...
00:30:25 - dev set during evaluation: 11550/11545
00:30:25 - process[8] - dev - epoch 14 - mAP: 0.594 w/ 31 queries
00:30:25 - process[8]: training epoch 15 ...
00:30:38 - process[8] - epoch 15 - train iter 432 - 29091.5 words/s - loss: 0.3070
00:30:38 - process[8]: evaluating epoch 15 on dev ...
00:30:53 - dev set during evaluation: 11550/11545
00:30:53 - process[8] - dev - epoch 15 - mAP: 0.593 w/ 31 queries
00:30:53 - process[8]: training epoch 16 ...
00:31:06 - process[8] - epoch 16 - train iter 432 - 28663.0 words/s - loss: 0.2712
00:31:06 - process[8]: evaluating epoch 16 on dev ...
00:31:21 - dev set during evaluation: 11550/11545
00:31:21 - process[8] - dev - epoch 16 - mAP: 0.592 w/ 31 queries
00:31:21 - process[8]: training epoch 17 ...
00:31:34 - process[8] - epoch 17 - train iter 432 - 28409.5 words/s - loss: 0.2609
00:31:34 - process[8]: evaluating epoch 17 on dev ...
00:31:49 - dev set during evaluation: 11550/11545
00:31:49 - process[8] - dev - epoch 17 - mAP: 0.575 w/ 31 queries
00:31:49 - process[8]: training epoch 18 ...
00:32:02 - process[8] - epoch 18 - train iter 432 - 28355.0 words/s - loss: 0.2827
00:32:02 - process[8]: evaluating epoch 18 on dev ...
00:32:17 - dev set during evaluation: 11550/11545
00:32:17 - process[8] - dev - epoch 18 - mAP: 0.570 w/ 31 queries
00:32:17 - process[8]: training epoch 19 ...
00:32:30 - process[8] - epoch 19 - train iter 432 - 28992.5 words/s - loss: 0.2883
00:32:30 - process[8]: evaluating epoch 19 on dev ...
00:32:45 - dev set during evaluation: 11550/11545
00:32:45 - process[8] - dev - epoch 19 - mAP: 0.598 w/ 31 queries
00:32:45 - [fold 4] best test MAP: 0.638 @ epoch 13
00:32:45 - Evaluating every 1 epochs ...
00:32:45 - reading data from /mnt/home/puxuan/CLIR-project/Evaluation_data/process-clef/uncased
00:32:46 - test has 31 queries ...
00:32:46 - Data reading done ...
00:32:48 - adding 9-th encoder to optimizer...
00:32:48 - adding 10-th encoder to optimizer...
00:32:48 - adding 11-th encoder to optimizer...
00:32:48 - process[8]: training epoch 0 ...
00:33:02 - process[8] - epoch 0 - train iter 437 - 27868.1 words/s - loss: 0.5422
00:33:02 - process[8]: training epoch 1 ...
00:33:15 - process[8] - epoch 1 - train iter 437 - 28414.3 words/s - loss: 0.4293
00:33:15 - process[8]: training epoch 2 ...
00:33:29 - process[8] - epoch 2 - train iter 437 - 27819.9 words/s - loss: 0.4022
00:33:29 - process[8]: training epoch 3 ...
00:33:43 - process[8] - epoch 3 - train iter 437 - 28350.7 words/s - loss: 0.3640
00:33:43 - process[8]: training epoch 4 ...
00:33:56 - process[8] - epoch 4 - train iter 437 - 28305.4 words/s - loss: 0.3765
00:33:56 - process[8]: training epoch 5 ...
00:34:10 - process[8] - epoch 5 - train iter 437 - 28128.2 words/s - loss: 0.3663
00:34:10 - process[8]: training epoch 6 ...
00:34:23 - process[8] - epoch 6 - train iter 437 - 28095.0 words/s - loss: 0.3516
00:34:23 - process[8]: training epoch 7 ...
00:34:37 - process[8] - epoch 7 - train iter 437 - 27976.7 words/s - loss: 0.3228
00:34:37 - process[8]: training epoch 8 ...
00:34:50 - process[8] - epoch 8 - train iter 437 - 28420.3 words/s - loss: 0.3299
00:34:50 - process[8]: training epoch 9 ...
00:35:04 - process[8] - epoch 9 - train iter 437 - 27957.7 words/s - loss: 0.3509
00:35:04 - process[8]: training epoch 10 ...
00:35:18 - process[8] - epoch 10 - train iter 437 - 28359.6 words/s - loss: 0.3271
00:35:18 - process[8]: evaluating epoch 10 on dev ...
00:35:33 - dev set during evaluation: 11320/11315
00:35:33 - process[8] - dev - epoch 10 - mAP: 0.624 w/ 31 queries
00:35:33 - process[8]: evaluating epoch 10 on test ...
00:35:47 - process[8] - test - epoch 10 - mAP: 0.505 w/ 31 queries
00:35:47 - process[8]: training epoch 11 ...
00:36:00 - process[8] - epoch 11 - train iter 437 - 28389.0 words/s - loss: 0.3406
00:36:00 - process[8]: evaluating epoch 11 on dev ...
00:36:15 - dev set during evaluation: 11320/11315
00:36:15 - process[8] - dev - epoch 11 - mAP: 0.637 w/ 31 queries
00:36:15 - process[8]: evaluating epoch 11 on test ...
00:36:29 - process[8] - test - epoch 11 - mAP: 0.498 w/ 31 queries
00:36:29 - process[8]: training epoch 12 ...
00:36:42 - process[8] - epoch 12 - train iter 437 - 28335.5 words/s - loss: 0.3418
00:36:42 - process[8]: evaluating epoch 12 on dev ...
00:36:57 - dev set during evaluation: 11320/11315
00:36:57 - process[8] - dev - epoch 12 - mAP: 0.624 w/ 31 queries
00:36:57 - process[8]: training epoch 13 ...
00:37:11 - process[8] - epoch 13 - train iter 437 - 27999.7 words/s - loss: 0.2729
00:37:11 - process[8]: evaluating epoch 13 on dev ...
00:37:24 - dev set during evaluation: 11320/11315
00:37:24 - process[8] - dev - epoch 13 - mAP: 0.628 w/ 31 queries
00:37:24 - process[8]: training epoch 14 ...
00:37:38 - process[8] - epoch 14 - train iter 437 - 27943.7 words/s - loss: 0.2878
00:37:38 - process[8]: evaluating epoch 14 on dev ...
00:37:53 - dev set during evaluation: 11320/11315
00:37:53 - process[8] - dev - epoch 14 - mAP: 0.626 w/ 31 queries
00:37:53 - process[8]: training epoch 15 ...
00:38:06 - process[8] - epoch 15 - train iter 437 - 27885.0 words/s - loss: 0.2810
00:38:06 - process[8]: evaluating epoch 15 on dev ...
00:38:20 - dev set during evaluation: 11320/11315
00:38:20 - process[8] - dev - epoch 15 - mAP: 0.641 w/ 31 queries
00:38:20 - process[8]: evaluating epoch 15 on test ...
00:38:34 - process[8] - test - epoch 15 - mAP: 0.519 w/ 31 queries
00:38:34 - process[8]: training epoch 16 ...
00:38:48 - process[8] - epoch 16 - train iter 437 - 28238.0 words/s - loss: 0.2828
00:38:48 - process[8]: evaluating epoch 16 on dev ...
00:39:02 - dev set during evaluation: 11320/11315
00:39:02 - process[8] - dev - epoch 16 - mAP: 0.645 w/ 31 queries
00:39:02 - process[8]: evaluating epoch 16 on test ...
00:39:16 - process[8] - test - epoch 16 - mAP: 0.509 w/ 31 queries
00:39:16 - process[8]: training epoch 17 ...
00:39:29 - process[8] - epoch 17 - train iter 437 - 27802.6 words/s - loss: 0.2346
00:39:29 - process[8]: evaluating epoch 17 on dev ...
00:39:44 - dev set during evaluation: 11320/11315
00:39:44 - process[8] - dev - epoch 17 - mAP: 0.633 w/ 31 queries
00:39:44 - process[8]: training epoch 18 ...
00:39:57 - process[8] - epoch 18 - train iter 437 - 28146.2 words/s - loss: 0.2861
00:39:57 - process[8]: evaluating epoch 18 on dev ...
00:40:12 - dev set during evaluation: 11320/11315
00:40:12 - process[8] - dev - epoch 18 - mAP: 0.634 w/ 31 queries
00:40:12 - process[8]: training epoch 19 ...
00:40:25 - process[8] - epoch 19 - train iter 437 - 28439.1 words/s - loss: 0.3059
00:40:25 - process[8]: evaluating epoch 19 on dev ...
00:40:40 - dev set during evaluation: 11320/11315
00:40:40 - process[8] - dev - epoch 19 - mAP: 0.645 w/ 31 queries
00:40:40 - process[8]: evaluating epoch 19 on test ...
00:40:53 - process[8] - test - epoch 19 - mAP: 0.525 w/ 31 queries
00:40:53 - [fold 5] best test MAP: 0.525 @ epoch 19
00:40:53 - [0.5439062781563311, 0.6391672988577237, 0.5885391658733182, 0.6381011354667241, 0.524959183799904]
00:40:53 - [31, 32, 31, 31, 31]
00:40:53 - final MAP: 0.587
