00:00:06 - Namespace(apex_level='O2', batch_size=8, cased=False, dataset='clef', debug=False, encoder_lr=2e-05, eval_step=1, full_doc_length=True, local_rank=0, model_path='/mnt/scratch/puxuan/short_qlm-rr/2147416/huggingface-4', model_type='mbert', num_epochs=20, num_ft_encoders=3, num_neg=1, projector_lr=2e-05, seed=611, source_lang='en', target_lang='es')
00:00:14 - Evaluating every 1 epochs ...
00:00:14 - reading data from /mnt/home/puxuan/CLIR-project/Evaluation_data/process-clef/uncased
00:00:16 - test has 31 queries ...
00:00:16 - Data reading done ...
00:00:21 - adding 9-th encoder to optimizer...
00:00:21 - adding 10-th encoder to optimizer...
00:00:21 - adding 11-th encoder to optimizer...
00:00:22 - process[0]: training epoch 0 ...
00:00:39 - process[0] - epoch 0 - train iter 540 - 26931.3 words/s - loss: 0.5061
00:00:39 - process[0]: training epoch 1 ...
00:00:55 - process[0] - epoch 1 - train iter 540 - 28902.2 words/s - loss: 0.4207
00:00:55 - process[0]: training epoch 2 ...
00:01:11 - process[0] - epoch 2 - train iter 540 - 28541.0 words/s - loss: 0.3865
00:01:11 - process[0]: training epoch 3 ...
00:01:27 - process[0] - epoch 3 - train iter 540 - 28731.8 words/s - loss: 0.3960
00:01:27 - process[0]: training epoch 4 ...
00:01:44 - process[0] - epoch 4 - train iter 540 - 28613.0 words/s - loss: 0.3446
00:01:44 - process[0]: training epoch 5 ...
00:02:00 - process[0] - epoch 5 - train iter 540 - 28686.8 words/s - loss: 0.3528
00:02:00 - process[0]: training epoch 6 ...
00:02:16 - process[0] - epoch 6 - train iter 540 - 28238.8 words/s - loss: 0.3588
00:02:16 - process[0]: training epoch 7 ...
00:02:32 - process[0] - epoch 7 - train iter 540 - 28509.4 words/s - loss: 0.3273
00:02:32 - process[0]: training epoch 8 ...
00:02:49 - process[0] - epoch 8 - train iter 540 - 28173.3 words/s - loss: 0.3322
00:02:49 - process[0]: training epoch 9 ...
00:03:05 - process[0] - epoch 9 - train iter 540 - 28448.1 words/s - loss: 0.3057
00:03:05 - process[0]: training epoch 10 ...
00:03:22 - process[0] - epoch 10 - train iter 540 - 28460.0 words/s - loss: 0.2659
00:03:22 - process[0]: evaluating epoch 10 on dev ...
00:03:38 - process[0] - dev - epoch 10 - mAP: 0.493 w/ 31 queries
00:03:38 - removing file tmp_5f/mbert_enes_dev_1_10.txt
00:03:38 - removing file tmp_5f/mbert_enes_dev_6_10.txt
00:03:38 - removing file tmp_5f/mbert_enes_dev_2_10.txt
00:03:38 - removing file tmp_5f/mbert_enes_dev_5_10.txt
00:03:38 - removing file tmp_5f/mbert_enes_dev_4_10.txt
00:03:38 - removing file tmp_5f/mbert_enes_dev_7_10.txt
00:03:38 - removing file tmp_5f/mbert_enes_dev_8_10.txt
00:03:38 - removing file tmp_5f/mbert_enes_dev_0_10.txt
00:03:38 - removing file tmp_5f/mbert_enes_dev_9_10.txt
00:03:38 - removing file tmp_5f/mbert_enes_dev_3_10.txt
00:03:38 - process[0]: evaluating epoch 10 on test ...
00:03:51 - test set during evaluation: 11460/11458
00:03:52 - process[0] - test - epoch 10 - mAP: 0.547 w/ 31 queries
00:03:52 - removing file tmp_5f/mbert_enes_test_5_10.txt
00:03:52 - removing file tmp_5f/mbert_enes_test_0_10.txt
00:03:52 - removing file tmp_5f/mbert_enes_test_3_10.txt
00:03:52 - removing file tmp_5f/mbert_enes_test_6_10.txt
00:03:52 - removing file tmp_5f/mbert_enes_test_1_10.txt
00:03:52 - removing file tmp_5f/mbert_enes_test_2_10.txt
00:03:52 - removing file tmp_5f/mbert_enes_test_7_10.txt
00:03:52 - removing file tmp_5f/mbert_enes_test_8_10.txt
00:03:52 - removing file tmp_5f/mbert_enes_test_9_10.txt
00:03:52 - removing file tmp_5f/mbert_enes_test_4_10.txt
00:03:52 - process[0]: training epoch 11 ...
00:04:08 - process[0] - epoch 11 - train iter 540 - 28872.3 words/s - loss: 0.3164
00:04:08 - process[0]: evaluating epoch 11 on dev ...
00:04:21 - process[0] - dev - epoch 11 - mAP: 0.497 w/ 31 queries
00:04:21 - removing file tmp_5f/mbert_enes_dev_4_11.txt
00:04:21 - removing file tmp_5f/mbert_enes_dev_0_11.txt
00:04:21 - removing file tmp_5f/mbert_enes_dev_6_11.txt
00:04:21 - removing file tmp_5f/mbert_enes_dev_9_11.txt
00:04:21 - removing file tmp_5f/mbert_enes_dev_7_11.txt
00:04:21 - removing file tmp_5f/mbert_enes_dev_8_11.txt
00:04:21 - removing file tmp_5f/mbert_enes_dev_2_11.txt
00:04:21 - removing file tmp_5f/mbert_enes_dev_3_11.txt
00:04:21 - removing file tmp_5f/mbert_enes_dev_1_11.txt
00:04:21 - removing file tmp_5f/mbert_enes_dev_5_11.txt
00:04:21 - process[0]: evaluating epoch 11 on test ...
00:04:36 - test set during evaluation: 11460/11458
00:04:36 - process[0] - test - epoch 11 - mAP: 0.551 w/ 31 queries
00:04:36 - removing file tmp_5f/mbert_enes_test_4_11.txt
00:04:36 - removing file tmp_5f/mbert_enes_test_0_11.txt
00:04:36 - removing file tmp_5f/mbert_enes_test_7_11.txt
00:04:36 - removing file tmp_5f/mbert_enes_test_2_11.txt
00:04:36 - removing file tmp_5f/mbert_enes_test_9_11.txt
00:04:36 - removing file tmp_5f/mbert_enes_test_3_11.txt
00:04:36 - removing file tmp_5f/mbert_enes_test_8_11.txt
00:04:36 - removing file tmp_5f/mbert_enes_test_6_11.txt
00:04:36 - removing file tmp_5f/mbert_enes_test_1_11.txt
00:04:36 - removing file tmp_5f/mbert_enes_test_5_11.txt
00:04:36 - process[0]: training epoch 12 ...
00:04:52 - process[0] - epoch 12 - train iter 540 - 28500.2 words/s - loss: 0.2881
00:04:52 - process[0]: evaluating epoch 12 on dev ...
00:05:05 - process[0] - dev - epoch 12 - mAP: 0.489 w/ 31 queries
00:05:05 - removing file tmp_5f/mbert_enes_dev_2_12.txt
00:05:05 - removing file tmp_5f/mbert_enes_dev_8_12.txt
00:05:05 - removing file tmp_5f/mbert_enes_dev_7_12.txt
00:05:05 - removing file tmp_5f/mbert_enes_dev_4_12.txt
00:05:05 - removing file tmp_5f/mbert_enes_dev_5_12.txt
00:05:05 - removing file tmp_5f/mbert_enes_dev_0_12.txt
00:05:05 - removing file tmp_5f/mbert_enes_dev_1_12.txt
00:05:05 - removing file tmp_5f/mbert_enes_dev_3_12.txt
00:05:05 - removing file tmp_5f/mbert_enes_dev_9_12.txt
00:05:05 - removing file tmp_5f/mbert_enes_dev_6_12.txt
00:05:05 - process[0]: training epoch 13 ...
00:05:22 - process[0] - epoch 13 - train iter 540 - 28784.9 words/s - loss: 0.2893
00:05:22 - process[0]: evaluating epoch 13 on dev ...
00:05:35 - process[0] - dev - epoch 13 - mAP: 0.497 w/ 31 queries
00:05:35 - removing file tmp_5f/mbert_enes_dev_5_13.txt
00:05:35 - removing file tmp_5f/mbert_enes_dev_8_13.txt
00:05:35 - removing file tmp_5f/mbert_enes_dev_6_13.txt
00:05:35 - removing file tmp_5f/mbert_enes_dev_3_13.txt
00:05:35 - removing file tmp_5f/mbert_enes_dev_0_13.txt
00:05:35 - removing file tmp_5f/mbert_enes_dev_1_13.txt
00:05:35 - removing file tmp_5f/mbert_enes_dev_2_13.txt
00:05:35 - removing file tmp_5f/mbert_enes_dev_9_13.txt
00:05:35 - removing file tmp_5f/mbert_enes_dev_4_13.txt
00:05:35 - removing file tmp_5f/mbert_enes_dev_7_13.txt
00:05:35 - process[0]: training epoch 14 ...
00:05:52 - process[0] - epoch 14 - train iter 540 - 28730.9 words/s - loss: 0.2739
00:05:52 - process[0]: evaluating epoch 14 on dev ...
00:06:06 - process[0] - dev - epoch 14 - mAP: 0.480 w/ 31 queries
00:06:06 - removing file tmp_5f/mbert_enes_dev_9_14.txt
00:06:06 - removing file tmp_5f/mbert_enes_dev_1_14.txt
00:06:06 - removing file tmp_5f/mbert_enes_dev_7_14.txt
00:06:06 - removing file tmp_5f/mbert_enes_dev_5_14.txt
00:06:06 - removing file tmp_5f/mbert_enes_dev_0_14.txt
00:06:06 - removing file tmp_5f/mbert_enes_dev_3_14.txt
00:06:06 - removing file tmp_5f/mbert_enes_dev_4_14.txt
00:06:06 - removing file tmp_5f/mbert_enes_dev_2_14.txt
00:06:06 - removing file tmp_5f/mbert_enes_dev_8_14.txt
00:06:06 - removing file tmp_5f/mbert_enes_dev_6_14.txt
00:06:06 - process[0]: training epoch 15 ...
00:06:22 - process[0] - epoch 15 - train iter 540 - 28731.7 words/s - loss: 0.2668
00:06:22 - process[0]: evaluating epoch 15 on dev ...
00:06:35 - process[0] - dev - epoch 15 - mAP: 0.486 w/ 31 queries
00:06:35 - removing file tmp_5f/mbert_enes_dev_2_15.txt
00:06:35 - removing file tmp_5f/mbert_enes_dev_1_15.txt
00:06:35 - removing file tmp_5f/mbert_enes_dev_3_15.txt
00:06:35 - removing file tmp_5f/mbert_enes_dev_0_15.txt
00:06:35 - removing file tmp_5f/mbert_enes_dev_4_15.txt
00:06:35 - removing file tmp_5f/mbert_enes_dev_8_15.txt
00:06:35 - removing file tmp_5f/mbert_enes_dev_9_15.txt
00:06:35 - removing file tmp_5f/mbert_enes_dev_5_15.txt
00:06:35 - removing file tmp_5f/mbert_enes_dev_6_15.txt
00:06:35 - removing file tmp_5f/mbert_enes_dev_7_15.txt
00:06:35 - process[0]: training epoch 16 ...
00:06:51 - process[0] - epoch 16 - train iter 540 - 28848.7 words/s - loss: 0.2601
00:06:51 - process[0]: evaluating epoch 16 on dev ...
00:07:05 - process[0] - dev - epoch 16 - mAP: 0.463 w/ 31 queries
00:07:05 - removing file tmp_5f/mbert_enes_dev_7_16.txt
00:07:05 - removing file tmp_5f/mbert_enes_dev_9_16.txt
00:07:05 - removing file tmp_5f/mbert_enes_dev_4_16.txt
00:07:05 - removing file tmp_5f/mbert_enes_dev_5_16.txt
00:07:05 - removing file tmp_5f/mbert_enes_dev_2_16.txt
00:07:05 - removing file tmp_5f/mbert_enes_dev_0_16.txt
00:07:05 - removing file tmp_5f/mbert_enes_dev_3_16.txt
00:07:05 - removing file tmp_5f/mbert_enes_dev_6_16.txt
00:07:05 - removing file tmp_5f/mbert_enes_dev_1_16.txt
00:07:05 - removing file tmp_5f/mbert_enes_dev_8_16.txt
00:07:05 - process[0]: training epoch 17 ...
00:07:21 - process[0] - epoch 17 - train iter 540 - 28807.2 words/s - loss: 0.2692
00:07:21 - process[0]: evaluating epoch 17 on dev ...
00:07:35 - process[0] - dev - epoch 17 - mAP: 0.487 w/ 31 queries
00:07:35 - removing file tmp_5f/mbert_enes_dev_8_17.txt
00:07:35 - removing file tmp_5f/mbert_enes_dev_9_17.txt
00:07:35 - removing file tmp_5f/mbert_enes_dev_1_17.txt
00:07:35 - removing file tmp_5f/mbert_enes_dev_3_17.txt
00:07:35 - removing file tmp_5f/mbert_enes_dev_6_17.txt
00:07:35 - removing file tmp_5f/mbert_enes_dev_2_17.txt
00:07:35 - removing file tmp_5f/mbert_enes_dev_5_17.txt
00:07:35 - removing file tmp_5f/mbert_enes_dev_4_17.txt
00:07:35 - removing file tmp_5f/mbert_enes_dev_7_17.txt
00:07:35 - removing file tmp_5f/mbert_enes_dev_0_17.txt
00:07:35 - process[0]: training epoch 18 ...
00:07:51 - process[0] - epoch 18 - train iter 540 - 28312.0 words/s - loss: 0.2443
00:07:51 - process[0]: evaluating epoch 18 on dev ...
00:08:05 - process[0] - dev - epoch 18 - mAP: 0.493 w/ 31 queries
00:08:05 - removing file tmp_5f/mbert_enes_dev_8_18.txt
00:08:05 - removing file tmp_5f/mbert_enes_dev_4_18.txt
00:08:05 - removing file tmp_5f/mbert_enes_dev_1_18.txt
00:08:05 - removing file tmp_5f/mbert_enes_dev_0_18.txt
00:08:05 - removing file tmp_5f/mbert_enes_dev_3_18.txt
00:08:05 - removing file tmp_5f/mbert_enes_dev_5_18.txt
00:08:05 - removing file tmp_5f/mbert_enes_dev_6_18.txt
00:08:05 - removing file tmp_5f/mbert_enes_dev_2_18.txt
00:08:05 - removing file tmp_5f/mbert_enes_dev_7_18.txt
00:08:05 - removing file tmp_5f/mbert_enes_dev_9_18.txt
00:08:05 - process[0]: training epoch 19 ...
00:08:21 - process[0] - epoch 19 - train iter 540 - 28900.1 words/s - loss: 0.3173
00:08:21 - process[0]: evaluating epoch 19 on dev ...
00:08:34 - process[0] - dev - epoch 19 - mAP: 0.500 w/ 31 queries
00:08:34 - removing file tmp_5f/mbert_enes_dev_2_19.txt
00:08:34 - removing file tmp_5f/mbert_enes_dev_4_19.txt
00:08:34 - removing file tmp_5f/mbert_enes_dev_0_19.txt
00:08:34 - removing file tmp_5f/mbert_enes_dev_6_19.txt
00:08:34 - removing file tmp_5f/mbert_enes_dev_5_19.txt
00:08:34 - removing file tmp_5f/mbert_enes_dev_1_19.txt
00:08:34 - removing file tmp_5f/mbert_enes_dev_8_19.txt
00:08:34 - removing file tmp_5f/mbert_enes_dev_7_19.txt
00:08:34 - removing file tmp_5f/mbert_enes_dev_3_19.txt
00:08:34 - removing file tmp_5f/mbert_enes_dev_9_19.txt
00:08:34 - process[0]: evaluating epoch 19 on test ...
00:08:48 - test set during evaluation: 11460/11458
00:08:48 - process[0] - test - epoch 19 - mAP: 0.544 w/ 31 queries
00:08:48 - removing file tmp_5f/mbert_enes_test_4_19.txt
00:08:48 - removing file tmp_5f/mbert_enes_test_3_19.txt
00:08:48 - removing file tmp_5f/mbert_enes_test_7_19.txt
00:08:48 - removing file tmp_5f/mbert_enes_test_6_19.txt
00:08:48 - removing file tmp_5f/mbert_enes_test_2_19.txt
00:08:48 - removing file tmp_5f/mbert_enes_test_9_19.txt
00:08:48 - removing file tmp_5f/mbert_enes_test_1_19.txt
00:08:48 - removing file tmp_5f/mbert_enes_test_5_19.txt
00:08:48 - removing file tmp_5f/mbert_enes_test_8_19.txt
00:08:48 - removing file tmp_5f/mbert_enes_test_0_19.txt
00:08:48 - [fold 1] best test MAP: 0.544 @ epoch 19
00:08:48 - Evaluating every 1 epochs ...
00:08:48 - reading data from /mnt/home/puxuan/CLIR-project/Evaluation_data/process-clef/uncased
00:08:50 - test has 32 queries ...
00:08:50 - Data reading done ...
00:08:51 - adding 9-th encoder to optimizer...
00:08:51 - adding 10-th encoder to optimizer...
00:08:51 - adding 11-th encoder to optimizer...
00:08:52 - process[0]: training epoch 0 ...
00:09:07 - process[0] - epoch 0 - train iter 492 - 27858.1 words/s - loss: 0.4919
00:09:07 - process[0]: training epoch 1 ...
00:09:22 - process[0] - epoch 1 - train iter 492 - 28112.4 words/s - loss: 0.4191
00:09:22 - process[0]: training epoch 2 ...
00:09:37 - process[0] - epoch 2 - train iter 492 - 28269.7 words/s - loss: 0.3864
00:09:37 - process[0]: training epoch 3 ...
00:09:53 - process[0] - epoch 3 - train iter 492 - 27728.2 words/s - loss: 0.3483
00:09:53 - process[0]: training epoch 4 ...
00:10:08 - process[0] - epoch 4 - train iter 492 - 28065.7 words/s - loss: 0.3873
00:10:08 - process[0]: training epoch 5 ...
00:10:23 - process[0] - epoch 5 - train iter 492 - 28233.6 words/s - loss: 0.3302
00:10:23 - process[0]: training epoch 6 ...
00:10:38 - process[0] - epoch 6 - train iter 492 - 28023.4 words/s - loss: 0.3594
00:10:38 - process[0]: training epoch 7 ...
00:10:53 - process[0] - epoch 7 - train iter 492 - 28138.7 words/s - loss: 0.3088
00:10:53 - process[0]: training epoch 8 ...
00:11:09 - process[0] - epoch 8 - train iter 492 - 27710.1 words/s - loss: 0.3313
00:11:09 - process[0]: training epoch 9 ...
00:11:24 - process[0] - epoch 9 - train iter 492 - 27786.8 words/s - loss: 0.3665
00:11:24 - process[0]: training epoch 10 ...
00:11:39 - process[0] - epoch 10 - train iter 492 - 28044.5 words/s - loss: 0.3296
00:11:39 - process[0]: evaluating epoch 10 on dev ...
00:11:54 - dev set during evaluation: 11460/11458
00:11:54 - process[0] - dev - epoch 10 - mAP: 0.575 w/ 31 queries
00:11:54 - removing file tmp_5f/mbert_enes_dev_1_10.txt
00:11:54 - removing file tmp_5f/mbert_enes_dev_6_10.txt
00:11:54 - removing file tmp_5f/mbert_enes_dev_2_10.txt
00:11:54 - removing file tmp_5f/mbert_enes_dev_5_10.txt
00:11:54 - removing file tmp_5f/mbert_enes_dev_4_10.txt
00:11:54 - removing file tmp_5f/mbert_enes_dev_7_10.txt
00:11:54 - removing file tmp_5f/mbert_enes_dev_8_10.txt
00:11:54 - removing file tmp_5f/mbert_enes_dev_0_10.txt
00:11:54 - removing file tmp_5f/mbert_enes_dev_9_10.txt
00:11:54 - removing file tmp_5f/mbert_enes_dev_3_10.txt
00:11:54 - process[0]: evaluating epoch 10 on test ...
00:12:09 - process[0] - test - epoch 10 - mAP: 0.612 w/ 32 queries
00:12:09 - removing file tmp_5f/mbert_enes_test_5_10.txt
00:12:09 - removing file tmp_5f/mbert_enes_test_0_10.txt
00:12:09 - removing file tmp_5f/mbert_enes_test_3_10.txt
00:12:09 - removing file tmp_5f/mbert_enes_test_6_10.txt
00:12:09 - removing file tmp_5f/mbert_enes_test_1_10.txt
00:12:09 - removing file tmp_5f/mbert_enes_test_2_10.txt
00:12:09 - removing file tmp_5f/mbert_enes_test_7_10.txt
00:12:09 - removing file tmp_5f/mbert_enes_test_8_10.txt
00:12:09 - removing file tmp_5f/mbert_enes_test_9_10.txt
00:12:09 - removing file tmp_5f/mbert_enes_test_4_10.txt
00:12:09 - process[0]: training epoch 11 ...
00:12:24 - process[0] - epoch 11 - train iter 492 - 27824.1 words/s - loss: 0.3022
00:12:24 - process[0]: evaluating epoch 11 on dev ...
00:12:39 - dev set during evaluation: 11460/11458
00:12:39 - process[0] - dev - epoch 11 - mAP: 0.575 w/ 31 queries
00:12:39 - removing file tmp_5f/mbert_enes_dev_4_11.txt
00:12:39 - removing file tmp_5f/mbert_enes_dev_0_11.txt
00:12:39 - removing file tmp_5f/mbert_enes_dev_6_11.txt
00:12:39 - removing file tmp_5f/mbert_enes_dev_9_11.txt
00:12:39 - removing file tmp_5f/mbert_enes_dev_7_11.txt
00:12:39 - removing file tmp_5f/mbert_enes_dev_8_11.txt
00:12:39 - removing file tmp_5f/mbert_enes_dev_2_11.txt
00:12:39 - removing file tmp_5f/mbert_enes_dev_3_11.txt
00:12:39 - removing file tmp_5f/mbert_enes_dev_1_11.txt
00:12:39 - removing file tmp_5f/mbert_enes_dev_5_11.txt
00:12:39 - process[0]: evaluating epoch 11 on test ...
00:12:54 - process[0] - test - epoch 11 - mAP: 0.641 w/ 32 queries
00:12:54 - removing file tmp_5f/mbert_enes_test_4_11.txt
00:12:54 - removing file tmp_5f/mbert_enes_test_0_11.txt
00:12:54 - removing file tmp_5f/mbert_enes_test_7_11.txt
00:12:54 - removing file tmp_5f/mbert_enes_test_2_11.txt
00:12:54 - removing file tmp_5f/mbert_enes_test_9_11.txt
00:12:54 - removing file tmp_5f/mbert_enes_test_3_11.txt
00:12:54 - removing file tmp_5f/mbert_enes_test_8_11.txt
00:12:54 - removing file tmp_5f/mbert_enes_test_6_11.txt
00:12:54 - removing file tmp_5f/mbert_enes_test_1_11.txt
00:12:54 - removing file tmp_5f/mbert_enes_test_5_11.txt
00:12:54 - process[0]: training epoch 12 ...
00:13:09 - process[0] - epoch 12 - train iter 492 - 27768.5 words/s - loss: 0.2956
00:13:09 - process[0]: evaluating epoch 12 on dev ...
00:13:23 - dev set during evaluation: 11460/11458
00:13:23 - process[0] - dev - epoch 12 - mAP: 0.574 w/ 31 queries
00:13:23 - removing file tmp_5f/mbert_enes_dev_2_12.txt
00:13:23 - removing file tmp_5f/mbert_enes_dev_8_12.txt
00:13:23 - removing file tmp_5f/mbert_enes_dev_7_12.txt
00:13:23 - removing file tmp_5f/mbert_enes_dev_4_12.txt
00:13:23 - removing file tmp_5f/mbert_enes_dev_5_12.txt
00:13:23 - removing file tmp_5f/mbert_enes_dev_0_12.txt
00:13:23 - removing file tmp_5f/mbert_enes_dev_1_12.txt
00:13:23 - removing file tmp_5f/mbert_enes_dev_3_12.txt
00:13:23 - removing file tmp_5f/mbert_enes_dev_9_12.txt
00:13:23 - removing file tmp_5f/mbert_enes_dev_6_12.txt
00:13:23 - process[0]: training epoch 13 ...
00:13:38 - process[0] - epoch 13 - train iter 492 - 28394.3 words/s - loss: 0.2941
00:13:38 - process[0]: evaluating epoch 13 on dev ...
00:13:52 - dev set during evaluation: 11460/11458
00:13:52 - process[0] - dev - epoch 13 - mAP: 0.566 w/ 31 queries
00:13:52 - removing file tmp_5f/mbert_enes_dev_5_13.txt
00:13:52 - removing file tmp_5f/mbert_enes_dev_8_13.txt
00:13:52 - removing file tmp_5f/mbert_enes_dev_6_13.txt
00:13:52 - removing file tmp_5f/mbert_enes_dev_3_13.txt
00:13:52 - removing file tmp_5f/mbert_enes_dev_0_13.txt
00:13:52 - removing file tmp_5f/mbert_enes_dev_1_13.txt
00:13:52 - removing file tmp_5f/mbert_enes_dev_2_13.txt
00:13:52 - removing file tmp_5f/mbert_enes_dev_9_13.txt
00:13:52 - removing file tmp_5f/mbert_enes_dev_4_13.txt
00:13:52 - removing file tmp_5f/mbert_enes_dev_7_13.txt
00:13:52 - process[0]: training epoch 14 ...
00:14:07 - process[0] - epoch 14 - train iter 492 - 28321.7 words/s - loss: 0.3147
00:14:07 - process[0]: evaluating epoch 14 on dev ...
00:14:21 - dev set during evaluation: 11460/11458
00:14:21 - process[0] - dev - epoch 14 - mAP: 0.561 w/ 31 queries
00:14:21 - removing file tmp_5f/mbert_enes_dev_9_14.txt
00:14:21 - removing file tmp_5f/mbert_enes_dev_1_14.txt
00:14:21 - removing file tmp_5f/mbert_enes_dev_7_14.txt
00:14:21 - removing file tmp_5f/mbert_enes_dev_5_14.txt
00:14:21 - removing file tmp_5f/mbert_enes_dev_0_14.txt
00:14:21 - removing file tmp_5f/mbert_enes_dev_3_14.txt
00:14:21 - removing file tmp_5f/mbert_enes_dev_4_14.txt
00:14:21 - removing file tmp_5f/mbert_enes_dev_2_14.txt
00:14:21 - removing file tmp_5f/mbert_enes_dev_8_14.txt
00:14:21 - removing file tmp_5f/mbert_enes_dev_6_14.txt
00:14:21 - process[0]: training epoch 15 ...
00:14:36 - process[0] - epoch 15 - train iter 492 - 28395.5 words/s - loss: 0.3033
00:14:36 - process[0]: evaluating epoch 15 on dev ...
00:14:50 - dev set during evaluation: 11460/11458
00:14:50 - process[0] - dev - epoch 15 - mAP: 0.564 w/ 31 queries
00:14:50 - removing file tmp_5f/mbert_enes_dev_2_15.txt
00:14:50 - removing file tmp_5f/mbert_enes_dev_1_15.txt
00:14:50 - removing file tmp_5f/mbert_enes_dev_3_15.txt
00:14:50 - removing file tmp_5f/mbert_enes_dev_0_15.txt
00:14:50 - removing file tmp_5f/mbert_enes_dev_4_15.txt
00:14:50 - removing file tmp_5f/mbert_enes_dev_8_15.txt
00:14:50 - removing file tmp_5f/mbert_enes_dev_9_15.txt
00:14:50 - removing file tmp_5f/mbert_enes_dev_5_15.txt
00:14:50 - removing file tmp_5f/mbert_enes_dev_6_15.txt
00:14:50 - removing file tmp_5f/mbert_enes_dev_7_15.txt
00:14:50 - process[0]: training epoch 16 ...
00:15:05 - process[0] - epoch 16 - train iter 492 - 28293.1 words/s - loss: 0.2921
00:15:05 - process[0]: evaluating epoch 16 on dev ...
00:15:20 - dev set during evaluation: 11460/11458
00:15:20 - process[0] - dev - epoch 16 - mAP: 0.554 w/ 31 queries
00:15:20 - removing file tmp_5f/mbert_enes_dev_7_16.txt
00:15:20 - removing file tmp_5f/mbert_enes_dev_9_16.txt
00:15:20 - removing file tmp_5f/mbert_enes_dev_4_16.txt
00:15:20 - removing file tmp_5f/mbert_enes_dev_5_16.txt
00:15:20 - removing file tmp_5f/mbert_enes_dev_2_16.txt
00:15:20 - removing file tmp_5f/mbert_enes_dev_0_16.txt
00:15:20 - removing file tmp_5f/mbert_enes_dev_3_16.txt
00:15:20 - removing file tmp_5f/mbert_enes_dev_6_16.txt
00:15:20 - removing file tmp_5f/mbert_enes_dev_1_16.txt
00:15:20 - removing file tmp_5f/mbert_enes_dev_8_16.txt
00:15:20 - process[0]: training epoch 17 ...
00:15:34 - process[0] - epoch 17 - train iter 492 - 28461.6 words/s - loss: 0.2894
00:15:34 - process[0]: evaluating epoch 17 on dev ...
00:15:50 - dev set during evaluation: 11460/11458
00:15:50 - process[0] - dev - epoch 17 - mAP: 0.576 w/ 31 queries
00:15:50 - removing file tmp_5f/mbert_enes_dev_8_17.txt
00:15:50 - removing file tmp_5f/mbert_enes_dev_9_17.txt
00:15:50 - removing file tmp_5f/mbert_enes_dev_1_17.txt
00:15:50 - removing file tmp_5f/mbert_enes_dev_3_17.txt
00:15:50 - removing file tmp_5f/mbert_enes_dev_6_17.txt
00:15:50 - removing file tmp_5f/mbert_enes_dev_2_17.txt
00:15:50 - removing file tmp_5f/mbert_enes_dev_5_17.txt
00:15:50 - removing file tmp_5f/mbert_enes_dev_4_17.txt
00:15:50 - removing file tmp_5f/mbert_enes_dev_7_17.txt
00:15:50 - removing file tmp_5f/mbert_enes_dev_0_17.txt
00:15:50 - process[0]: evaluating epoch 17 on test ...
00:16:05 - process[0] - test - epoch 17 - mAP: 0.639 w/ 32 queries
00:16:05 - removing file tmp_5f/mbert_enes_test_1_17.txt
00:16:05 - removing file tmp_5f/mbert_enes_test_8_17.txt
00:16:05 - removing file tmp_5f/mbert_enes_test_4_17.txt
00:16:05 - removing file tmp_5f/mbert_enes_test_2_17.txt
00:16:05 - removing file tmp_5f/mbert_enes_test_7_17.txt
00:16:05 - removing file tmp_5f/mbert_enes_test_3_17.txt
00:16:05 - removing file tmp_5f/mbert_enes_test_0_17.txt
00:16:05 - removing file tmp_5f/mbert_enes_test_6_17.txt
00:16:05 - removing file tmp_5f/mbert_enes_test_5_17.txt
00:16:05 - removing file tmp_5f/mbert_enes_test_9_17.txt
00:16:05 - process[0]: training epoch 18 ...
00:16:20 - process[0] - epoch 18 - train iter 492 - 28818.7 words/s - loss: 0.2827
00:16:20 - process[0]: evaluating epoch 18 on dev ...
00:16:34 - dev set during evaluation: 11460/11458
00:16:34 - process[0] - dev - epoch 18 - mAP: 0.569 w/ 31 queries
00:16:34 - removing file tmp_5f/mbert_enes_dev_8_18.txt
00:16:34 - removing file tmp_5f/mbert_enes_dev_4_18.txt
00:16:34 - removing file tmp_5f/mbert_enes_dev_1_18.txt
00:16:34 - removing file tmp_5f/mbert_enes_dev_0_18.txt
00:16:34 - removing file tmp_5f/mbert_enes_dev_3_18.txt
00:16:34 - removing file tmp_5f/mbert_enes_dev_5_18.txt
00:16:34 - removing file tmp_5f/mbert_enes_dev_6_18.txt
00:16:34 - removing file tmp_5f/mbert_enes_dev_2_18.txt
00:16:34 - removing file tmp_5f/mbert_enes_dev_7_18.txt
00:16:34 - removing file tmp_5f/mbert_enes_dev_9_18.txt
00:16:34 - process[0]: training epoch 19 ...
00:16:49 - process[0] - epoch 19 - train iter 492 - 28154.3 words/s - loss: 0.2770
00:16:49 - process[0]: evaluating epoch 19 on dev ...
00:17:03 - dev set during evaluation: 11460/11458
00:17:03 - process[0] - dev - epoch 19 - mAP: 0.570 w/ 31 queries
00:17:03 - removing file tmp_5f/mbert_enes_dev_2_19.txt
00:17:03 - removing file tmp_5f/mbert_enes_dev_4_19.txt
00:17:03 - removing file tmp_5f/mbert_enes_dev_0_19.txt
00:17:03 - removing file tmp_5f/mbert_enes_dev_6_19.txt
00:17:03 - removing file tmp_5f/mbert_enes_dev_5_19.txt
00:17:03 - removing file tmp_5f/mbert_enes_dev_1_19.txt
00:17:03 - removing file tmp_5f/mbert_enes_dev_8_19.txt
00:17:03 - removing file tmp_5f/mbert_enes_dev_7_19.txt
00:17:03 - removing file tmp_5f/mbert_enes_dev_3_19.txt
00:17:03 - removing file tmp_5f/mbert_enes_dev_9_19.txt
00:17:03 - [fold 2] best test MAP: 0.639 @ epoch 17
00:17:03 - Evaluating every 1 epochs ...
00:17:03 - reading data from /mnt/home/puxuan/CLIR-project/Evaluation_data/process-clef/uncased
00:17:05 - test has 31 queries ...
00:17:05 - Data reading done ...
00:17:06 - adding 9-th encoder to optimizer...
00:17:06 - adding 10-th encoder to optimizer...
00:17:06 - adding 11-th encoder to optimizer...
00:17:07 - process[0]: training epoch 0 ...
00:17:22 - process[0] - epoch 0 - train iter 476 - 28235.0 words/s - loss: 0.4780
00:17:22 - process[0]: training epoch 1 ...
00:17:36 - process[0] - epoch 1 - train iter 476 - 28304.1 words/s - loss: 0.4033
00:17:36 - process[0]: training epoch 2 ...
00:17:51 - process[0] - epoch 2 - train iter 476 - 28280.6 words/s - loss: 0.4004
00:17:51 - process[0]: training epoch 3 ...
00:18:05 - process[0] - epoch 3 - train iter 476 - 28340.2 words/s - loss: 0.3640
00:18:05 - process[0]: training epoch 4 ...
00:18:20 - process[0] - epoch 4 - train iter 476 - 28054.4 words/s - loss: 0.3571
00:18:20 - process[0]: training epoch 5 ...
00:18:35 - process[0] - epoch 5 - train iter 476 - 28341.2 words/s - loss: 0.3515
00:18:35 - process[0]: training epoch 6 ...
00:18:49 - process[0] - epoch 6 - train iter 476 - 28510.7 words/s - loss: 0.3483
00:18:49 - process[0]: training epoch 7 ...
00:19:04 - process[0] - epoch 7 - train iter 476 - 28690.5 words/s - loss: 0.3462
00:19:04 - process[0]: training epoch 8 ...
00:19:18 - process[0] - epoch 8 - train iter 476 - 28438.8 words/s - loss: 0.3219
00:19:18 - process[0]: training epoch 9 ...
00:19:33 - process[0] - epoch 9 - train iter 476 - 28194.6 words/s - loss: 0.2873
00:19:33 - process[0]: training epoch 10 ...
00:19:47 - process[0] - epoch 10 - train iter 476 - 28362.3 words/s - loss: 0.3455
00:19:47 - process[0]: evaluating epoch 10 on dev ...
00:20:04 - process[0] - dev - epoch 10 - mAP: 0.631 w/ 32 queries
00:20:04 - removing file tmp_5f/mbert_enes_dev_1_10.txt
00:20:04 - removing file tmp_5f/mbert_enes_dev_6_10.txt
00:20:04 - removing file tmp_5f/mbert_enes_dev_2_10.txt
00:20:04 - removing file tmp_5f/mbert_enes_dev_5_10.txt
00:20:04 - removing file tmp_5f/mbert_enes_dev_4_10.txt
00:20:04 - removing file tmp_5f/mbert_enes_dev_7_10.txt
00:20:04 - removing file tmp_5f/mbert_enes_dev_8_10.txt
00:20:04 - removing file tmp_5f/mbert_enes_dev_0_10.txt
00:20:04 - removing file tmp_5f/mbert_enes_dev_9_10.txt
00:20:04 - removing file tmp_5f/mbert_enes_dev_3_10.txt
00:20:04 - process[0]: evaluating epoch 10 on test ...
00:20:19 - test set during evaluation: 11550/11545
00:20:19 - process[0] - test - epoch 10 - mAP: 0.583 w/ 31 queries
00:20:19 - removing file tmp_5f/mbert_enes_test_5_10.txt
00:20:19 - removing file tmp_5f/mbert_enes_test_0_10.txt
00:20:19 - removing file tmp_5f/mbert_enes_test_3_10.txt
00:20:19 - removing file tmp_5f/mbert_enes_test_6_10.txt
00:20:19 - removing file tmp_5f/mbert_enes_test_1_10.txt
00:20:19 - removing file tmp_5f/mbert_enes_test_2_10.txt
00:20:19 - removing file tmp_5f/mbert_enes_test_7_10.txt
00:20:19 - removing file tmp_5f/mbert_enes_test_8_10.txt
00:20:19 - removing file tmp_5f/mbert_enes_test_9_10.txt
00:20:19 - removing file tmp_5f/mbert_enes_test_4_10.txt
00:20:19 - process[0]: training epoch 11 ...
00:20:34 - process[0] - epoch 11 - train iter 476 - 28157.2 words/s - loss: 0.2866
00:20:34 - process[0]: evaluating epoch 11 on dev ...
00:20:49 - process[0] - dev - epoch 11 - mAP: 0.622 w/ 32 queries
00:20:49 - removing file tmp_5f/mbert_enes_dev_4_11.txt
00:20:49 - removing file tmp_5f/mbert_enes_dev_0_11.txt
00:20:49 - removing file tmp_5f/mbert_enes_dev_6_11.txt
00:20:49 - removing file tmp_5f/mbert_enes_dev_9_11.txt
00:20:49 - removing file tmp_5f/mbert_enes_dev_7_11.txt
00:20:49 - removing file tmp_5f/mbert_enes_dev_8_11.txt
00:20:49 - removing file tmp_5f/mbert_enes_dev_2_11.txt
00:20:49 - removing file tmp_5f/mbert_enes_dev_3_11.txt
00:20:49 - removing file tmp_5f/mbert_enes_dev_1_11.txt
00:20:49 - removing file tmp_5f/mbert_enes_dev_5_11.txt
00:20:49 - process[0]: training epoch 12 ...
00:21:03 - process[0] - epoch 12 - train iter 476 - 28086.7 words/s - loss: 0.2875
00:21:03 - process[0]: evaluating epoch 12 on dev ...
00:21:19 - process[0] - dev - epoch 12 - mAP: 0.630 w/ 32 queries
00:21:19 - removing file tmp_5f/mbert_enes_dev_2_12.txt
00:21:19 - removing file tmp_5f/mbert_enes_dev_8_12.txt
00:21:19 - removing file tmp_5f/mbert_enes_dev_7_12.txt
00:21:19 - removing file tmp_5f/mbert_enes_dev_4_12.txt
00:21:19 - removing file tmp_5f/mbert_enes_dev_5_12.txt
00:21:19 - removing file tmp_5f/mbert_enes_dev_0_12.txt
00:21:19 - removing file tmp_5f/mbert_enes_dev_1_12.txt
00:21:19 - removing file tmp_5f/mbert_enes_dev_3_12.txt
00:21:19 - removing file tmp_5f/mbert_enes_dev_9_12.txt
00:21:19 - removing file tmp_5f/mbert_enes_dev_6_12.txt
00:21:19 - process[0]: training epoch 13 ...
00:21:33 - process[0] - epoch 13 - train iter 476 - 28229.9 words/s - loss: 0.3017
00:21:33 - process[0]: evaluating epoch 13 on dev ...
00:21:48 - process[0] - dev - epoch 13 - mAP: 0.616 w/ 32 queries
00:21:48 - removing file tmp_5f/mbert_enes_dev_5_13.txt
00:21:48 - removing file tmp_5f/mbert_enes_dev_8_13.txt
00:21:48 - removing file tmp_5f/mbert_enes_dev_6_13.txt
00:21:48 - removing file tmp_5f/mbert_enes_dev_3_13.txt
00:21:48 - removing file tmp_5f/mbert_enes_dev_0_13.txt
00:21:48 - removing file tmp_5f/mbert_enes_dev_1_13.txt
00:21:48 - removing file tmp_5f/mbert_enes_dev_2_13.txt
00:21:48 - removing file tmp_5f/mbert_enes_dev_9_13.txt
00:21:48 - removing file tmp_5f/mbert_enes_dev_4_13.txt
00:21:48 - removing file tmp_5f/mbert_enes_dev_7_13.txt
00:21:48 - process[0]: training epoch 14 ...
00:22:03 - process[0] - epoch 14 - train iter 476 - 28209.9 words/s - loss: 0.3235
00:22:03 - process[0]: evaluating epoch 14 on dev ...
00:22:18 - process[0] - dev - epoch 14 - mAP: 0.633 w/ 32 queries
00:22:18 - removing file tmp_5f/mbert_enes_dev_9_14.txt
00:22:18 - removing file tmp_5f/mbert_enes_dev_1_14.txt
00:22:18 - removing file tmp_5f/mbert_enes_dev_7_14.txt
00:22:18 - removing file tmp_5f/mbert_enes_dev_5_14.txt
00:22:18 - removing file tmp_5f/mbert_enes_dev_0_14.txt
00:22:18 - removing file tmp_5f/mbert_enes_dev_3_14.txt
00:22:18 - removing file tmp_5f/mbert_enes_dev_4_14.txt
00:22:18 - removing file tmp_5f/mbert_enes_dev_2_14.txt
00:22:18 - removing file tmp_5f/mbert_enes_dev_8_14.txt
00:22:18 - removing file tmp_5f/mbert_enes_dev_6_14.txt
00:22:18 - process[0]: evaluating epoch 14 on test ...
00:22:32 - test set during evaluation: 11550/11545
00:22:32 - process[0] - test - epoch 14 - mAP: 0.589 w/ 31 queries
00:22:32 - removing file tmp_5f/mbert_enes_test_7_14.txt
00:22:32 - removing file tmp_5f/mbert_enes_test_4_14.txt
00:22:32 - removing file tmp_5f/mbert_enes_test_1_14.txt
00:22:32 - removing file tmp_5f/mbert_enes_test_0_14.txt
00:22:32 - removing file tmp_5f/mbert_enes_test_5_14.txt
00:22:32 - removing file tmp_5f/mbert_enes_test_9_14.txt
00:22:32 - removing file tmp_5f/mbert_enes_test_8_14.txt
00:22:32 - removing file tmp_5f/mbert_enes_test_3_14.txt
00:22:32 - removing file tmp_5f/mbert_enes_test_6_14.txt
00:22:32 - removing file tmp_5f/mbert_enes_test_2_14.txt
00:22:32 - process[0]: training epoch 15 ...
00:22:47 - process[0] - epoch 15 - train iter 476 - 28261.5 words/s - loss: 0.3101
00:22:47 - process[0]: evaluating epoch 15 on dev ...
00:23:02 - process[0] - dev - epoch 15 - mAP: 0.618 w/ 32 queries
00:23:02 - removing file tmp_5f/mbert_enes_dev_2_15.txt
00:23:02 - removing file tmp_5f/mbert_enes_dev_1_15.txt
00:23:02 - removing file tmp_5f/mbert_enes_dev_3_15.txt
00:23:02 - removing file tmp_5f/mbert_enes_dev_0_15.txt
00:23:02 - removing file tmp_5f/mbert_enes_dev_4_15.txt
00:23:02 - removing file tmp_5f/mbert_enes_dev_8_15.txt
00:23:02 - removing file tmp_5f/mbert_enes_dev_9_15.txt
00:23:02 - removing file tmp_5f/mbert_enes_dev_5_15.txt
00:23:02 - removing file tmp_5f/mbert_enes_dev_6_15.txt
00:23:02 - removing file tmp_5f/mbert_enes_dev_7_15.txt
00:23:02 - process[0]: training epoch 16 ...
00:23:16 - process[0] - epoch 16 - train iter 476 - 28145.1 words/s - loss: 0.2830
00:23:16 - process[0]: evaluating epoch 16 on dev ...
00:23:32 - process[0] - dev - epoch 16 - mAP: 0.626 w/ 32 queries
00:23:32 - removing file tmp_5f/mbert_enes_dev_7_16.txt
00:23:32 - removing file tmp_5f/mbert_enes_dev_9_16.txt
00:23:32 - removing file tmp_5f/mbert_enes_dev_4_16.txt
00:23:32 - removing file tmp_5f/mbert_enes_dev_5_16.txt
00:23:32 - removing file tmp_5f/mbert_enes_dev_2_16.txt
00:23:32 - removing file tmp_5f/mbert_enes_dev_0_16.txt
00:23:32 - removing file tmp_5f/mbert_enes_dev_3_16.txt
00:23:32 - removing file tmp_5f/mbert_enes_dev_6_16.txt
00:23:32 - removing file tmp_5f/mbert_enes_dev_1_16.txt
00:23:32 - removing file tmp_5f/mbert_enes_dev_8_16.txt
00:23:32 - process[0]: training epoch 17 ...
00:23:46 - process[0] - epoch 17 - train iter 476 - 28674.9 words/s - loss: 0.2684
00:23:46 - process[0]: evaluating epoch 17 on dev ...
00:24:02 - process[0] - dev - epoch 17 - mAP: 0.616 w/ 32 queries
00:24:02 - removing file tmp_5f/mbert_enes_dev_8_17.txt
00:24:02 - removing file tmp_5f/mbert_enes_dev_9_17.txt
00:24:02 - removing file tmp_5f/mbert_enes_dev_1_17.txt
00:24:02 - removing file tmp_5f/mbert_enes_dev_3_17.txt
00:24:02 - removing file tmp_5f/mbert_enes_dev_6_17.txt
00:24:02 - removing file tmp_5f/mbert_enes_dev_2_17.txt
00:24:02 - removing file tmp_5f/mbert_enes_dev_5_17.txt
00:24:02 - removing file tmp_5f/mbert_enes_dev_4_17.txt
00:24:02 - removing file tmp_5f/mbert_enes_dev_7_17.txt
00:24:02 - removing file tmp_5f/mbert_enes_dev_0_17.txt
00:24:02 - process[0]: training epoch 18 ...
00:24:16 - process[0] - epoch 18 - train iter 476 - 28232.5 words/s - loss: 0.2938
00:24:16 - process[0]: evaluating epoch 18 on dev ...
00:24:32 - process[0] - dev - epoch 18 - mAP: 0.625 w/ 32 queries
00:24:32 - removing file tmp_5f/mbert_enes_dev_8_18.txt
00:24:32 - removing file tmp_5f/mbert_enes_dev_4_18.txt
00:24:32 - removing file tmp_5f/mbert_enes_dev_1_18.txt
00:24:32 - removing file tmp_5f/mbert_enes_dev_0_18.txt
00:24:32 - removing file tmp_5f/mbert_enes_dev_3_18.txt
00:24:32 - removing file tmp_5f/mbert_enes_dev_5_18.txt
00:24:32 - removing file tmp_5f/mbert_enes_dev_6_18.txt
00:24:32 - removing file tmp_5f/mbert_enes_dev_2_18.txt
00:24:32 - removing file tmp_5f/mbert_enes_dev_7_18.txt
00:24:32 - removing file tmp_5f/mbert_enes_dev_9_18.txt
00:24:32 - process[0]: training epoch 19 ...
00:24:47 - process[0] - epoch 19 - train iter 476 - 28060.4 words/s - loss: 0.2639
00:24:47 - process[0]: evaluating epoch 19 on dev ...
00:25:01 - process[0] - dev - epoch 19 - mAP: 0.626 w/ 32 queries
00:25:01 - removing file tmp_5f/mbert_enes_dev_2_19.txt
00:25:01 - removing file tmp_5f/mbert_enes_dev_4_19.txt
00:25:01 - removing file tmp_5f/mbert_enes_dev_0_19.txt
00:25:01 - removing file tmp_5f/mbert_enes_dev_6_19.txt
00:25:01 - removing file tmp_5f/mbert_enes_dev_5_19.txt
00:25:01 - removing file tmp_5f/mbert_enes_dev_1_19.txt
00:25:01 - removing file tmp_5f/mbert_enes_dev_8_19.txt
00:25:01 - removing file tmp_5f/mbert_enes_dev_7_19.txt
00:25:01 - removing file tmp_5f/mbert_enes_dev_3_19.txt
00:25:01 - removing file tmp_5f/mbert_enes_dev_9_19.txt
00:25:01 - [fold 3] best test MAP: 0.589 @ epoch 14
00:25:01 - Evaluating every 1 epochs ...
00:25:01 - reading data from /mnt/home/puxuan/CLIR-project/Evaluation_data/process-clef/uncased
00:25:03 - test has 31 queries ...
00:25:03 - Data reading done ...
00:25:05 - adding 9-th encoder to optimizer...
00:25:05 - adding 10-th encoder to optimizer...
00:25:05 - adding 11-th encoder to optimizer...
00:25:05 - process[0]: training epoch 0 ...
00:25:18 - process[0] - epoch 0 - train iter 432 - 28334.2 words/s - loss: 0.5452
00:25:18 - process[0]: training epoch 1 ...
00:25:31 - process[0] - epoch 1 - train iter 432 - 28282.0 words/s - loss: 0.4624
00:25:31 - process[0]: training epoch 2 ...
00:25:45 - process[0] - epoch 2 - train iter 432 - 28249.9 words/s - loss: 0.4460
00:25:45 - process[0]: training epoch 3 ...
00:25:58 - process[0] - epoch 3 - train iter 432 - 27542.7 words/s - loss: 0.3998
00:25:58 - process[0]: training epoch 4 ...
00:26:12 - process[0] - epoch 4 - train iter 432 - 27820.2 words/s - loss: 0.3758
00:26:12 - process[0]: training epoch 5 ...
00:26:25 - process[0] - epoch 5 - train iter 432 - 28062.8 words/s - loss: 0.4252
00:26:25 - process[0]: training epoch 6 ...
00:26:39 - process[0] - epoch 6 - train iter 432 - 28143.7 words/s - loss: 0.3628
00:26:39 - process[0]: training epoch 7 ...
00:26:52 - process[0] - epoch 7 - train iter 432 - 28159.0 words/s - loss: 0.3357
00:26:52 - process[0]: training epoch 8 ...
00:27:05 - process[0] - epoch 8 - train iter 432 - 27823.9 words/s - loss: 0.3453
00:27:05 - process[0]: training epoch 9 ...
00:27:19 - process[0] - epoch 9 - train iter 432 - 27646.9 words/s - loss: 0.3073
00:27:19 - process[0]: training epoch 10 ...
00:27:33 - process[0] - epoch 10 - train iter 432 - 27823.8 words/s - loss: 0.3447
00:27:33 - process[0]: evaluating epoch 10 on dev ...
00:27:47 - dev set during evaluation: 11550/11545
00:27:47 - process[0] - dev - epoch 10 - mAP: 0.580 w/ 31 queries
00:27:47 - removing file tmp_5f/mbert_enes_dev_1_10.txt
00:27:47 - removing file tmp_5f/mbert_enes_dev_6_10.txt
00:27:47 - removing file tmp_5f/mbert_enes_dev_2_10.txt
00:27:47 - removing file tmp_5f/mbert_enes_dev_5_10.txt
00:27:47 - removing file tmp_5f/mbert_enes_dev_4_10.txt
00:27:47 - removing file tmp_5f/mbert_enes_dev_7_10.txt
00:27:47 - removing file tmp_5f/mbert_enes_dev_8_10.txt
00:27:47 - removing file tmp_5f/mbert_enes_dev_0_10.txt
00:27:47 - removing file tmp_5f/mbert_enes_dev_9_10.txt
00:27:47 - removing file tmp_5f/mbert_enes_dev_3_10.txt
00:27:47 - process[0]: evaluating epoch 10 on test ...
00:28:01 - test set during evaluation: 11320/11315
00:28:01 - process[0] - test - epoch 10 - mAP: 0.610 w/ 31 queries
00:28:01 - removing file tmp_5f/mbert_enes_test_5_10.txt
00:28:01 - removing file tmp_5f/mbert_enes_test_0_10.txt
00:28:01 - removing file tmp_5f/mbert_enes_test_3_10.txt
00:28:01 - removing file tmp_5f/mbert_enes_test_6_10.txt
00:28:01 - removing file tmp_5f/mbert_enes_test_1_10.txt
00:28:01 - removing file tmp_5f/mbert_enes_test_2_10.txt
00:28:01 - removing file tmp_5f/mbert_enes_test_7_10.txt
00:28:01 - removing file tmp_5f/mbert_enes_test_8_10.txt
00:28:01 - removing file tmp_5f/mbert_enes_test_9_10.txt
00:28:01 - removing file tmp_5f/mbert_enes_test_4_10.txt
00:28:01 - process[0]: training epoch 11 ...
00:28:15 - process[0] - epoch 11 - train iter 432 - 28204.2 words/s - loss: 0.3286
00:28:15 - process[0]: evaluating epoch 11 on dev ...
00:28:29 - dev set during evaluation: 11550/11545
00:28:29 - process[0] - dev - epoch 11 - mAP: 0.594 w/ 31 queries
00:28:29 - removing file tmp_5f/mbert_enes_dev_4_11.txt
00:28:29 - removing file tmp_5f/mbert_enes_dev_0_11.txt
00:28:29 - removing file tmp_5f/mbert_enes_dev_6_11.txt
00:28:29 - removing file tmp_5f/mbert_enes_dev_9_11.txt
00:28:29 - removing file tmp_5f/mbert_enes_dev_7_11.txt
00:28:29 - removing file tmp_5f/mbert_enes_dev_8_11.txt
00:28:29 - removing file tmp_5f/mbert_enes_dev_2_11.txt
00:28:29 - removing file tmp_5f/mbert_enes_dev_3_11.txt
00:28:29 - removing file tmp_5f/mbert_enes_dev_1_11.txt
00:28:29 - removing file tmp_5f/mbert_enes_dev_5_11.txt
00:28:29 - process[0]: evaluating epoch 11 on test ...
00:28:45 - test set during evaluation: 11320/11315
00:28:45 - process[0] - test - epoch 11 - mAP: 0.643 w/ 31 queries
00:28:45 - removing file tmp_5f/mbert_enes_test_4_11.txt
00:28:45 - removing file tmp_5f/mbert_enes_test_0_11.txt
00:28:45 - removing file tmp_5f/mbert_enes_test_7_11.txt
00:28:45 - removing file tmp_5f/mbert_enes_test_2_11.txt
00:28:45 - removing file tmp_5f/mbert_enes_test_9_11.txt
00:28:45 - removing file tmp_5f/mbert_enes_test_3_11.txt
00:28:45 - removing file tmp_5f/mbert_enes_test_8_11.txt
00:28:45 - removing file tmp_5f/mbert_enes_test_6_11.txt
00:28:45 - removing file tmp_5f/mbert_enes_test_1_11.txt
00:28:45 - removing file tmp_5f/mbert_enes_test_5_11.txt
00:28:45 - process[0]: training epoch 12 ...
00:28:58 - process[0] - epoch 12 - train iter 432 - 28306.2 words/s - loss: 0.3138
00:28:58 - process[0]: evaluating epoch 12 on dev ...
00:29:13 - dev set during evaluation: 11550/11545
00:29:13 - process[0] - dev - epoch 12 - mAP: 0.582 w/ 31 queries
00:29:13 - removing file tmp_5f/mbert_enes_dev_2_12.txt
00:29:13 - removing file tmp_5f/mbert_enes_dev_8_12.txt
00:29:13 - removing file tmp_5f/mbert_enes_dev_7_12.txt
00:29:13 - removing file tmp_5f/mbert_enes_dev_4_12.txt
00:29:13 - removing file tmp_5f/mbert_enes_dev_5_12.txt
00:29:13 - removing file tmp_5f/mbert_enes_dev_0_12.txt
00:29:13 - removing file tmp_5f/mbert_enes_dev_1_12.txt
00:29:13 - removing file tmp_5f/mbert_enes_dev_3_12.txt
00:29:13 - removing file tmp_5f/mbert_enes_dev_9_12.txt
00:29:13 - removing file tmp_5f/mbert_enes_dev_6_12.txt
00:29:13 - process[0]: training epoch 13 ...
00:29:26 - process[0] - epoch 13 - train iter 432 - 28409.3 words/s - loss: 0.2803
00:29:26 - process[0]: evaluating epoch 13 on dev ...
00:29:41 - dev set during evaluation: 11550/11545
00:29:41 - process[0] - dev - epoch 13 - mAP: 0.602 w/ 31 queries
00:29:41 - removing file tmp_5f/mbert_enes_dev_5_13.txt
00:29:41 - removing file tmp_5f/mbert_enes_dev_8_13.txt
00:29:41 - removing file tmp_5f/mbert_enes_dev_6_13.txt
00:29:41 - removing file tmp_5f/mbert_enes_dev_3_13.txt
00:29:41 - removing file tmp_5f/mbert_enes_dev_0_13.txt
00:29:41 - removing file tmp_5f/mbert_enes_dev_1_13.txt
00:29:41 - removing file tmp_5f/mbert_enes_dev_2_13.txt
00:29:41 - removing file tmp_5f/mbert_enes_dev_9_13.txt
00:29:41 - removing file tmp_5f/mbert_enes_dev_4_13.txt
00:29:41 - removing file tmp_5f/mbert_enes_dev_7_13.txt
00:29:41 - process[0]: evaluating epoch 13 on test ...
00:29:55 - test set during evaluation: 11320/11315
00:29:56 - process[0] - test - epoch 13 - mAP: 0.638 w/ 31 queries
00:29:56 - removing file tmp_5f/mbert_enes_test_8_13.txt
00:29:56 - removing file tmp_5f/mbert_enes_test_3_13.txt
00:29:56 - removing file tmp_5f/mbert_enes_test_2_13.txt
00:29:56 - removing file tmp_5f/mbert_enes_test_0_13.txt
00:29:56 - removing file tmp_5f/mbert_enes_test_9_13.txt
00:29:56 - removing file tmp_5f/mbert_enes_test_6_13.txt
00:29:56 - removing file tmp_5f/mbert_enes_test_4_13.txt
00:29:56 - removing file tmp_5f/mbert_enes_test_1_13.txt
00:29:56 - removing file tmp_5f/mbert_enes_test_5_13.txt
00:29:56 - removing file tmp_5f/mbert_enes_test_7_13.txt
00:29:56 - process[0]: training epoch 14 ...
00:30:09 - process[0] - epoch 14 - train iter 432 - 28445.5 words/s - loss: 0.3214
00:30:09 - process[0]: evaluating epoch 14 on dev ...
00:30:25 - dev set during evaluation: 11550/11545
00:30:25 - process[0] - dev - epoch 14 - mAP: 0.594 w/ 31 queries
00:30:25 - removing file tmp_5f/mbert_enes_dev_9_14.txt
00:30:25 - removing file tmp_5f/mbert_enes_dev_1_14.txt
00:30:25 - removing file tmp_5f/mbert_enes_dev_7_14.txt
00:30:25 - removing file tmp_5f/mbert_enes_dev_5_14.txt
00:30:25 - removing file tmp_5f/mbert_enes_dev_0_14.txt
00:30:25 - removing file tmp_5f/mbert_enes_dev_3_14.txt
00:30:25 - removing file tmp_5f/mbert_enes_dev_4_14.txt
00:30:25 - removing file tmp_5f/mbert_enes_dev_2_14.txt
00:30:25 - removing file tmp_5f/mbert_enes_dev_8_14.txt
00:30:25 - removing file tmp_5f/mbert_enes_dev_6_14.txt
00:30:25 - process[0]: training epoch 15 ...
00:30:38 - process[0] - epoch 15 - train iter 432 - 28404.1 words/s - loss: 0.3224
00:30:38 - process[0]: evaluating epoch 15 on dev ...
00:30:53 - dev set during evaluation: 11550/11545
00:30:53 - process[0] - dev - epoch 15 - mAP: 0.593 w/ 31 queries
00:30:53 - removing file tmp_5f/mbert_enes_dev_2_15.txt
00:30:53 - removing file tmp_5f/mbert_enes_dev_1_15.txt
00:30:53 - removing file tmp_5f/mbert_enes_dev_3_15.txt
00:30:53 - removing file tmp_5f/mbert_enes_dev_0_15.txt
00:30:53 - removing file tmp_5f/mbert_enes_dev_4_15.txt
00:30:53 - removing file tmp_5f/mbert_enes_dev_8_15.txt
00:30:53 - removing file tmp_5f/mbert_enes_dev_9_15.txt
00:30:53 - removing file tmp_5f/mbert_enes_dev_5_15.txt
00:30:53 - removing file tmp_5f/mbert_enes_dev_6_15.txt
00:30:53 - removing file tmp_5f/mbert_enes_dev_7_15.txt
00:30:53 - process[0]: training epoch 16 ...
00:31:06 - process[0] - epoch 16 - train iter 432 - 27931.3 words/s - loss: 0.3086
00:31:06 - process[0]: evaluating epoch 16 on dev ...
00:31:21 - dev set during evaluation: 11550/11545
00:31:21 - process[0] - dev - epoch 16 - mAP: 0.592 w/ 31 queries
00:31:21 - removing file tmp_5f/mbert_enes_dev_7_16.txt
00:31:21 - removing file tmp_5f/mbert_enes_dev_9_16.txt
00:31:21 - removing file tmp_5f/mbert_enes_dev_4_16.txt
00:31:21 - removing file tmp_5f/mbert_enes_dev_5_16.txt
00:31:21 - removing file tmp_5f/mbert_enes_dev_2_16.txt
00:31:21 - removing file tmp_5f/mbert_enes_dev_0_16.txt
00:31:21 - removing file tmp_5f/mbert_enes_dev_3_16.txt
00:31:21 - removing file tmp_5f/mbert_enes_dev_6_16.txt
00:31:21 - removing file tmp_5f/mbert_enes_dev_1_16.txt
00:31:21 - removing file tmp_5f/mbert_enes_dev_8_16.txt
00:31:21 - process[0]: training epoch 17 ...
00:31:34 - process[0] - epoch 17 - train iter 432 - 28582.4 words/s - loss: 0.2958
00:31:34 - process[0]: evaluating epoch 17 on dev ...
00:31:49 - dev set during evaluation: 11550/11545
00:31:49 - process[0] - dev - epoch 17 - mAP: 0.575 w/ 31 queries
00:31:49 - removing file tmp_5f/mbert_enes_dev_8_17.txt
00:31:49 - removing file tmp_5f/mbert_enes_dev_9_17.txt
00:31:49 - removing file tmp_5f/mbert_enes_dev_1_17.txt
00:31:49 - removing file tmp_5f/mbert_enes_dev_3_17.txt
00:31:49 - removing file tmp_5f/mbert_enes_dev_6_17.txt
00:31:49 - removing file tmp_5f/mbert_enes_dev_2_17.txt
00:31:49 - removing file tmp_5f/mbert_enes_dev_5_17.txt
00:31:49 - removing file tmp_5f/mbert_enes_dev_4_17.txt
00:31:49 - removing file tmp_5f/mbert_enes_dev_7_17.txt
00:31:49 - removing file tmp_5f/mbert_enes_dev_0_17.txt
00:31:49 - process[0]: training epoch 18 ...
00:32:02 - process[0] - epoch 18 - train iter 432 - 28455.2 words/s - loss: 0.2844
00:32:02 - process[0]: evaluating epoch 18 on dev ...
00:32:17 - dev set during evaluation: 11550/11545
00:32:17 - process[0] - dev - epoch 18 - mAP: 0.570 w/ 31 queries
00:32:17 - removing file tmp_5f/mbert_enes_dev_8_18.txt
00:32:17 - removing file tmp_5f/mbert_enes_dev_4_18.txt
00:32:17 - removing file tmp_5f/mbert_enes_dev_1_18.txt
00:32:17 - removing file tmp_5f/mbert_enes_dev_0_18.txt
00:32:17 - removing file tmp_5f/mbert_enes_dev_3_18.txt
00:32:17 - removing file tmp_5f/mbert_enes_dev_5_18.txt
00:32:17 - removing file tmp_5f/mbert_enes_dev_6_18.txt
00:32:17 - removing file tmp_5f/mbert_enes_dev_2_18.txt
00:32:17 - removing file tmp_5f/mbert_enes_dev_7_18.txt
00:32:17 - removing file tmp_5f/mbert_enes_dev_9_18.txt
00:32:17 - process[0]: training epoch 19 ...
00:32:30 - process[0] - epoch 19 - train iter 432 - 28405.9 words/s - loss: 0.2971
00:32:30 - process[0]: evaluating epoch 19 on dev ...
00:32:45 - dev set during evaluation: 11550/11545
00:32:45 - process[0] - dev - epoch 19 - mAP: 0.598 w/ 31 queries
00:32:45 - removing file tmp_5f/mbert_enes_dev_2_19.txt
00:32:45 - removing file tmp_5f/mbert_enes_dev_4_19.txt
00:32:45 - removing file tmp_5f/mbert_enes_dev_0_19.txt
00:32:45 - removing file tmp_5f/mbert_enes_dev_6_19.txt
00:32:45 - removing file tmp_5f/mbert_enes_dev_5_19.txt
00:32:45 - removing file tmp_5f/mbert_enes_dev_1_19.txt
00:32:45 - removing file tmp_5f/mbert_enes_dev_8_19.txt
00:32:45 - removing file tmp_5f/mbert_enes_dev_7_19.txt
00:32:45 - removing file tmp_5f/mbert_enes_dev_3_19.txt
00:32:45 - removing file tmp_5f/mbert_enes_dev_9_19.txt
00:32:45 - [fold 4] best test MAP: 0.638 @ epoch 13
00:32:45 - Evaluating every 1 epochs ...
00:32:45 - reading data from /mnt/home/puxuan/CLIR-project/Evaluation_data/process-clef/uncased
00:32:46 - test has 31 queries ...
00:32:46 - Data reading done ...
00:32:48 - adding 9-th encoder to optimizer...
00:32:48 - adding 10-th encoder to optimizer...
00:32:48 - adding 11-th encoder to optimizer...
00:32:48 - process[0]: training epoch 0 ...
00:33:02 - process[0] - epoch 0 - train iter 437 - 27894.5 words/s - loss: 0.5150
00:33:02 - process[0]: training epoch 1 ...
00:33:16 - process[0] - epoch 1 - train iter 437 - 28126.8 words/s - loss: 0.4583
00:33:16 - process[0]: training epoch 2 ...
00:33:29 - process[0] - epoch 2 - train iter 437 - 28173.2 words/s - loss: 0.4036
00:33:29 - process[0]: training epoch 3 ...
00:33:43 - process[0] - epoch 3 - train iter 437 - 28337.8 words/s - loss: 0.3993
00:33:43 - process[0]: training epoch 4 ...
00:33:56 - process[0] - epoch 4 - train iter 437 - 28244.1 words/s - loss: 0.3945
00:33:56 - process[0]: training epoch 5 ...
00:34:10 - process[0] - epoch 5 - train iter 437 - 28196.4 words/s - loss: 0.3875
00:34:10 - process[0]: training epoch 6 ...
00:34:23 - process[0] - epoch 6 - train iter 437 - 28185.1 words/s - loss: 0.3566
00:34:23 - process[0]: training epoch 7 ...
00:34:37 - process[0] - epoch 7 - train iter 437 - 28291.5 words/s - loss: 0.3563
00:34:37 - process[0]: training epoch 8 ...
00:34:51 - process[0] - epoch 8 - train iter 437 - 28207.9 words/s - loss: 0.3427
00:34:51 - process[0]: training epoch 9 ...
00:35:04 - process[0] - epoch 9 - train iter 437 - 28343.1 words/s - loss: 0.3328
00:35:04 - process[0]: training epoch 10 ...
00:35:18 - process[0] - epoch 10 - train iter 437 - 27903.1 words/s - loss: 0.3454
00:35:18 - process[0]: evaluating epoch 10 on dev ...
00:35:33 - dev set during evaluation: 11320/11315
00:35:33 - process[0] - dev - epoch 10 - mAP: 0.624 w/ 31 queries
00:35:33 - removing file tmp_5f/mbert_enes_dev_1_10.txt
00:35:33 - removing file tmp_5f/mbert_enes_dev_6_10.txt
00:35:33 - removing file tmp_5f/mbert_enes_dev_2_10.txt
00:35:33 - removing file tmp_5f/mbert_enes_dev_5_10.txt
00:35:33 - removing file tmp_5f/mbert_enes_dev_4_10.txt
00:35:33 - removing file tmp_5f/mbert_enes_dev_7_10.txt
00:35:33 - removing file tmp_5f/mbert_enes_dev_8_10.txt
00:35:33 - removing file tmp_5f/mbert_enes_dev_0_10.txt
00:35:33 - removing file tmp_5f/mbert_enes_dev_9_10.txt
00:35:33 - removing file tmp_5f/mbert_enes_dev_3_10.txt
00:35:33 - process[0]: evaluating epoch 10 on test ...
00:35:47 - process[0] - test - epoch 10 - mAP: 0.505 w/ 31 queries
00:35:47 - removing file tmp_5f/mbert_enes_test_5_10.txt
00:35:47 - removing file tmp_5f/mbert_enes_test_0_10.txt
00:35:47 - removing file tmp_5f/mbert_enes_test_3_10.txt
00:35:47 - removing file tmp_5f/mbert_enes_test_6_10.txt
00:35:47 - removing file tmp_5f/mbert_enes_test_1_10.txt
00:35:47 - removing file tmp_5f/mbert_enes_test_2_10.txt
00:35:47 - removing file tmp_5f/mbert_enes_test_7_10.txt
00:35:47 - removing file tmp_5f/mbert_enes_test_8_10.txt
00:35:47 - removing file tmp_5f/mbert_enes_test_9_10.txt
00:35:47 - removing file tmp_5f/mbert_enes_test_4_10.txt
00:35:47 - process[0]: training epoch 11 ...
00:36:00 - process[0] - epoch 11 - train iter 437 - 28593.5 words/s - loss: 0.3337
00:36:00 - process[0]: evaluating epoch 11 on dev ...
00:36:15 - dev set during evaluation: 11320/11315
00:36:15 - process[0] - dev - epoch 11 - mAP: 0.637 w/ 31 queries
00:36:15 - removing file tmp_5f/mbert_enes_dev_4_11.txt
00:36:15 - removing file tmp_5f/mbert_enes_dev_0_11.txt
00:36:15 - removing file tmp_5f/mbert_enes_dev_6_11.txt
00:36:15 - removing file tmp_5f/mbert_enes_dev_9_11.txt
00:36:15 - removing file tmp_5f/mbert_enes_dev_7_11.txt
00:36:15 - removing file tmp_5f/mbert_enes_dev_8_11.txt
00:36:15 - removing file tmp_5f/mbert_enes_dev_2_11.txt
00:36:15 - removing file tmp_5f/mbert_enes_dev_3_11.txt
00:36:15 - removing file tmp_5f/mbert_enes_dev_1_11.txt
00:36:15 - removing file tmp_5f/mbert_enes_dev_5_11.txt
00:36:15 - process[0]: evaluating epoch 11 on test ...
00:36:29 - process[0] - test - epoch 11 - mAP: 0.498 w/ 31 queries
00:36:29 - removing file tmp_5f/mbert_enes_test_4_11.txt
00:36:29 - removing file tmp_5f/mbert_enes_test_0_11.txt
00:36:29 - removing file tmp_5f/mbert_enes_test_7_11.txt
00:36:29 - removing file tmp_5f/mbert_enes_test_2_11.txt
00:36:29 - removing file tmp_5f/mbert_enes_test_9_11.txt
00:36:29 - removing file tmp_5f/mbert_enes_test_3_11.txt
00:36:29 - removing file tmp_5f/mbert_enes_test_8_11.txt
00:36:29 - removing file tmp_5f/mbert_enes_test_6_11.txt
00:36:29 - removing file tmp_5f/mbert_enes_test_1_11.txt
00:36:29 - removing file tmp_5f/mbert_enes_test_5_11.txt
00:36:29 - process[0]: training epoch 12 ...
00:36:42 - process[0] - epoch 12 - train iter 437 - 28173.0 words/s - loss: 0.2815
00:36:42 - process[0]: evaluating epoch 12 on dev ...
00:36:57 - dev set during evaluation: 11320/11315
00:36:57 - process[0] - dev - epoch 12 - mAP: 0.624 w/ 31 queries
00:36:57 - removing file tmp_5f/mbert_enes_dev_2_12.txt
00:36:57 - removing file tmp_5f/mbert_enes_dev_8_12.txt
00:36:57 - removing file tmp_5f/mbert_enes_dev_7_12.txt
00:36:57 - removing file tmp_5f/mbert_enes_dev_4_12.txt
00:36:57 - removing file tmp_5f/mbert_enes_dev_5_12.txt
00:36:57 - removing file tmp_5f/mbert_enes_dev_0_12.txt
00:36:57 - removing file tmp_5f/mbert_enes_dev_1_12.txt
00:36:57 - removing file tmp_5f/mbert_enes_dev_3_12.txt
00:36:57 - removing file tmp_5f/mbert_enes_dev_9_12.txt
00:36:57 - removing file tmp_5f/mbert_enes_dev_6_12.txt
00:36:57 - process[0]: training epoch 13 ...
00:37:10 - process[0] - epoch 13 - train iter 437 - 28292.6 words/s - loss: 0.3142
00:37:10 - process[0]: evaluating epoch 13 on dev ...
00:37:24 - dev set during evaluation: 11320/11315
00:37:24 - process[0] - dev - epoch 13 - mAP: 0.628 w/ 31 queries
00:37:24 - removing file tmp_5f/mbert_enes_dev_5_13.txt
00:37:24 - removing file tmp_5f/mbert_enes_dev_8_13.txt
00:37:24 - removing file tmp_5f/mbert_enes_dev_6_13.txt
00:37:24 - removing file tmp_5f/mbert_enes_dev_3_13.txt
00:37:24 - removing file tmp_5f/mbert_enes_dev_0_13.txt
00:37:24 - removing file tmp_5f/mbert_enes_dev_1_13.txt
00:37:24 - removing file tmp_5f/mbert_enes_dev_2_13.txt
00:37:24 - removing file tmp_5f/mbert_enes_dev_9_13.txt
00:37:24 - removing file tmp_5f/mbert_enes_dev_4_13.txt
00:37:24 - removing file tmp_5f/mbert_enes_dev_7_13.txt
00:37:24 - process[0]: training epoch 14 ...
00:37:38 - process[0] - epoch 14 - train iter 437 - 27952.5 words/s - loss: 0.2743
00:37:38 - process[0]: evaluating epoch 14 on dev ...
00:37:53 - dev set during evaluation: 11320/11315
00:37:53 - process[0] - dev - epoch 14 - mAP: 0.626 w/ 31 queries
00:37:53 - removing file tmp_5f/mbert_enes_dev_9_14.txt
00:37:53 - removing file tmp_5f/mbert_enes_dev_1_14.txt
00:37:53 - removing file tmp_5f/mbert_enes_dev_7_14.txt
00:37:53 - removing file tmp_5f/mbert_enes_dev_5_14.txt
00:37:53 - removing file tmp_5f/mbert_enes_dev_0_14.txt
00:37:53 - removing file tmp_5f/mbert_enes_dev_3_14.txt
00:37:53 - removing file tmp_5f/mbert_enes_dev_4_14.txt
00:37:53 - removing file tmp_5f/mbert_enes_dev_2_14.txt
00:37:53 - removing file tmp_5f/mbert_enes_dev_8_14.txt
00:37:53 - removing file tmp_5f/mbert_enes_dev_6_14.txt
00:37:53 - process[0]: training epoch 15 ...
00:38:06 - process[0] - epoch 15 - train iter 437 - 28451.4 words/s - loss: 0.2989
00:38:06 - process[0]: evaluating epoch 15 on dev ...
00:38:20 - dev set during evaluation: 11320/11315
00:38:20 - process[0] - dev - epoch 15 - mAP: 0.641 w/ 31 queries
00:38:20 - removing file tmp_5f/mbert_enes_dev_2_15.txt
00:38:20 - removing file tmp_5f/mbert_enes_dev_1_15.txt
00:38:20 - removing file tmp_5f/mbert_enes_dev_3_15.txt
00:38:20 - removing file tmp_5f/mbert_enes_dev_0_15.txt
00:38:20 - removing file tmp_5f/mbert_enes_dev_4_15.txt
00:38:20 - removing file tmp_5f/mbert_enes_dev_8_15.txt
00:38:20 - removing file tmp_5f/mbert_enes_dev_9_15.txt
00:38:20 - removing file tmp_5f/mbert_enes_dev_5_15.txt
00:38:20 - removing file tmp_5f/mbert_enes_dev_6_15.txt
00:38:20 - removing file tmp_5f/mbert_enes_dev_7_15.txt
00:38:20 - process[0]: evaluating epoch 15 on test ...
00:38:34 - process[0] - test - epoch 15 - mAP: 0.519 w/ 31 queries
00:38:34 - removing file tmp_5f/mbert_enes_test_4_15.txt
00:38:34 - removing file tmp_5f/mbert_enes_test_7_15.txt
00:38:34 - removing file tmp_5f/mbert_enes_test_0_15.txt
00:38:34 - removing file tmp_5f/mbert_enes_test_8_15.txt
00:38:34 - removing file tmp_5f/mbert_enes_test_1_15.txt
00:38:34 - removing file tmp_5f/mbert_enes_test_2_15.txt
00:38:34 - removing file tmp_5f/mbert_enes_test_3_15.txt
00:38:34 - removing file tmp_5f/mbert_enes_test_5_15.txt
00:38:34 - removing file tmp_5f/mbert_enes_test_9_15.txt
00:38:34 - removing file tmp_5f/mbert_enes_test_6_15.txt
00:38:34 - process[0]: training epoch 16 ...
00:38:48 - process[0] - epoch 16 - train iter 437 - 28218.5 words/s - loss: 0.3008
00:38:48 - process[0]: evaluating epoch 16 on dev ...
00:39:02 - dev set during evaluation: 11320/11315
00:39:02 - process[0] - dev - epoch 16 - mAP: 0.645 w/ 31 queries
00:39:02 - removing file tmp_5f/mbert_enes_dev_7_16.txt
00:39:02 - removing file tmp_5f/mbert_enes_dev_9_16.txt
00:39:02 - removing file tmp_5f/mbert_enes_dev_4_16.txt
00:39:02 - removing file tmp_5f/mbert_enes_dev_5_16.txt
00:39:02 - removing file tmp_5f/mbert_enes_dev_2_16.txt
00:39:02 - removing file tmp_5f/mbert_enes_dev_0_16.txt
00:39:02 - removing file tmp_5f/mbert_enes_dev_3_16.txt
00:39:02 - removing file tmp_5f/mbert_enes_dev_6_16.txt
00:39:02 - removing file tmp_5f/mbert_enes_dev_1_16.txt
00:39:02 - removing file tmp_5f/mbert_enes_dev_8_16.txt
00:39:02 - process[0]: evaluating epoch 16 on test ...
00:39:16 - process[0] - test - epoch 16 - mAP: 0.509 w/ 31 queries
00:39:16 - removing file tmp_5f/mbert_enes_test_7_16.txt
00:39:16 - removing file tmp_5f/mbert_enes_test_3_16.txt
00:39:16 - removing file tmp_5f/mbert_enes_test_2_16.txt
00:39:16 - removing file tmp_5f/mbert_enes_test_0_16.txt
00:39:16 - removing file tmp_5f/mbert_enes_test_8_16.txt
00:39:16 - removing file tmp_5f/mbert_enes_test_4_16.txt
00:39:16 - removing file tmp_5f/mbert_enes_test_6_16.txt
00:39:16 - removing file tmp_5f/mbert_enes_test_1_16.txt
00:39:16 - removing file tmp_5f/mbert_enes_test_5_16.txt
00:39:16 - removing file tmp_5f/mbert_enes_test_9_16.txt
00:39:16 - process[0]: training epoch 17 ...
00:39:29 - process[0] - epoch 17 - train iter 437 - 28315.1 words/s - loss: 0.2871
00:39:29 - process[0]: evaluating epoch 17 on dev ...
00:39:44 - dev set during evaluation: 11320/11315
00:39:44 - process[0] - dev - epoch 17 - mAP: 0.633 w/ 31 queries
00:39:44 - removing file tmp_5f/mbert_enes_dev_8_17.txt
00:39:44 - removing file tmp_5f/mbert_enes_dev_9_17.txt
00:39:44 - removing file tmp_5f/mbert_enes_dev_1_17.txt
00:39:44 - removing file tmp_5f/mbert_enes_dev_3_17.txt
00:39:44 - removing file tmp_5f/mbert_enes_dev_6_17.txt
00:39:44 - removing file tmp_5f/mbert_enes_dev_2_17.txt
00:39:44 - removing file tmp_5f/mbert_enes_dev_5_17.txt
00:39:44 - removing file tmp_5f/mbert_enes_dev_4_17.txt
00:39:44 - removing file tmp_5f/mbert_enes_dev_7_17.txt
00:39:44 - removing file tmp_5f/mbert_enes_dev_0_17.txt
00:39:44 - process[0]: training epoch 18 ...
00:39:57 - process[0] - epoch 18 - train iter 437 - 28055.0 words/s - loss: 0.2892
00:39:57 - process[0]: evaluating epoch 18 on dev ...
00:40:12 - dev set during evaluation: 11320/11315
00:40:12 - process[0] - dev - epoch 18 - mAP: 0.634 w/ 31 queries
00:40:12 - removing file tmp_5f/mbert_enes_dev_8_18.txt
00:40:12 - removing file tmp_5f/mbert_enes_dev_4_18.txt
00:40:12 - removing file tmp_5f/mbert_enes_dev_1_18.txt
00:40:12 - removing file tmp_5f/mbert_enes_dev_0_18.txt
00:40:12 - removing file tmp_5f/mbert_enes_dev_3_18.txt
00:40:12 - removing file tmp_5f/mbert_enes_dev_5_18.txt
00:40:12 - removing file tmp_5f/mbert_enes_dev_6_18.txt
00:40:12 - removing file tmp_5f/mbert_enes_dev_2_18.txt
00:40:12 - removing file tmp_5f/mbert_enes_dev_7_18.txt
00:40:12 - removing file tmp_5f/mbert_enes_dev_9_18.txt
00:40:12 - process[0]: training epoch 19 ...
00:40:25 - process[0] - epoch 19 - train iter 437 - 28127.1 words/s - loss: 0.2743
00:40:25 - process[0]: evaluating epoch 19 on dev ...
00:40:40 - dev set during evaluation: 11320/11315
00:40:40 - process[0] - dev - epoch 19 - mAP: 0.645 w/ 31 queries
00:40:40 - removing file tmp_5f/mbert_enes_dev_2_19.txt
00:40:40 - removing file tmp_5f/mbert_enes_dev_4_19.txt
00:40:40 - removing file tmp_5f/mbert_enes_dev_0_19.txt
00:40:40 - removing file tmp_5f/mbert_enes_dev_6_19.txt
00:40:40 - removing file tmp_5f/mbert_enes_dev_5_19.txt
00:40:40 - removing file tmp_5f/mbert_enes_dev_1_19.txt
00:40:40 - removing file tmp_5f/mbert_enes_dev_8_19.txt
00:40:40 - removing file tmp_5f/mbert_enes_dev_7_19.txt
00:40:40 - removing file tmp_5f/mbert_enes_dev_3_19.txt
00:40:40 - removing file tmp_5f/mbert_enes_dev_9_19.txt
00:40:40 - process[0]: evaluating epoch 19 on test ...
00:40:53 - process[0] - test - epoch 19 - mAP: 0.525 w/ 31 queries
00:40:53 - removing file tmp_5f/mbert_enes_test_4_19.txt
00:40:53 - removing file tmp_5f/mbert_enes_test_3_19.txt
00:40:53 - removing file tmp_5f/mbert_enes_test_7_19.txt
00:40:53 - removing file tmp_5f/mbert_enes_test_6_19.txt
00:40:53 - removing file tmp_5f/mbert_enes_test_2_19.txt
00:40:53 - removing file tmp_5f/mbert_enes_test_9_19.txt
00:40:53 - removing file tmp_5f/mbert_enes_test_1_19.txt
00:40:53 - removing file tmp_5f/mbert_enes_test_5_19.txt
00:40:53 - removing file tmp_5f/mbert_enes_test_8_19.txt
00:40:53 - removing file tmp_5f/mbert_enes_test_0_19.txt
00:40:53 - [fold 5] best test MAP: 0.525 @ epoch 19
00:40:53 - [0.5439062781563311, 0.6391672988577237, 0.5885391658733182, 0.6381011354667241, 0.524959183799904]
00:40:53 - [31, 32, 31, 31, 31]
00:40:53 - final MAP: 0.587
