00:00:06 - Namespace(apex_level='O2', batch_size=8, cased=False, dataset='clef', debug=False, encoder_lr=2e-05, eval_step=1, full_doc_length=True, local_rank=6, model_path='/mnt/scratch/puxuan/short_qlm-rr/2147416/huggingface-9', model_type='mbert', num_epochs=20, num_ft_encoders=3, num_neg=1, projector_lr=2e-05, seed=611, source_lang='fr', target_lang='es')
00:15:11 - Evaluating every 1 epochs ...
00:15:11 - reading data from /mnt/home/puxuan/CLIR-project/Evaluation_data/process-clef/uncased
00:15:12 - test has 31 queries ...
00:15:12 - Data reading done ...
00:15:19 - adding 9-th encoder to optimizer...
00:15:19 - adding 10-th encoder to optimizer...
00:15:19 - adding 11-th encoder to optimizer...
00:15:19 - process[6]: training epoch 0 ...
00:15:36 - process[6] - epoch 0 - train iter 540 - 27917.2 words/s - loss: 0.4559
00:15:36 - process[6]: training epoch 1 ...
00:15:52 - process[6] - epoch 1 - train iter 540 - 28772.7 words/s - loss: 0.4360
00:15:52 - process[6]: training epoch 2 ...
00:16:09 - process[6] - epoch 2 - train iter 540 - 29071.7 words/s - loss: 0.3756
00:16:09 - process[6]: training epoch 3 ...
00:16:25 - process[6] - epoch 3 - train iter 540 - 28786.6 words/s - loss: 0.3711
00:16:25 - process[6]: training epoch 4 ...
00:16:41 - process[6] - epoch 4 - train iter 540 - 28826.8 words/s - loss: 0.3680
00:16:41 - process[6]: training epoch 5 ...
00:16:57 - process[6] - epoch 5 - train iter 540 - 28650.9 words/s - loss: 0.3472
00:16:57 - process[6]: training epoch 6 ...
00:17:14 - process[6] - epoch 6 - train iter 540 - 29003.8 words/s - loss: 0.3281
00:17:14 - process[6]: training epoch 7 ...
00:17:30 - process[6] - epoch 7 - train iter 540 - 28378.7 words/s - loss: 0.3133
00:17:30 - process[6]: training epoch 8 ...
00:17:46 - process[6] - epoch 8 - train iter 540 - 28699.5 words/s - loss: 0.3232
00:17:46 - process[6]: training epoch 9 ...
00:18:03 - process[6] - epoch 9 - train iter 540 - 28449.0 words/s - loss: 0.2907
00:18:03 - process[6]: training epoch 10 ...
00:18:19 - process[6] - epoch 10 - train iter 540 - 28552.1 words/s - loss: 0.3066
00:18:19 - process[6]: evaluating epoch 10 on dev ...
00:18:34 - process[6] - dev - epoch 10 - mAP: 0.534 w/ 31 queries
00:18:34 - process[6]: evaluating epoch 10 on test ...
00:18:48 - test set during evaluation: 11460/11458
00:18:48 - process[6] - test - epoch 10 - mAP: 0.571 w/ 31 queries
00:18:48 - process[6]: training epoch 11 ...
00:19:04 - process[6] - epoch 11 - train iter 540 - 28974.3 words/s - loss: 0.3004
00:19:04 - process[6]: evaluating epoch 11 on dev ...
00:19:18 - process[6] - dev - epoch 11 - mAP: 0.535 w/ 31 queries
00:19:18 - process[6]: evaluating epoch 11 on test ...
00:19:32 - test set during evaluation: 11460/11458
00:19:32 - process[6] - test - epoch 11 - mAP: 0.569 w/ 31 queries
00:19:32 - process[6]: training epoch 12 ...
00:19:48 - process[6] - epoch 12 - train iter 540 - 28506.8 words/s - loss: 0.2928
00:19:48 - process[6]: evaluating epoch 12 on dev ...
00:20:02 - process[6] - dev - epoch 12 - mAP: 0.525 w/ 31 queries
00:20:02 - process[6]: training epoch 13 ...
00:20:19 - process[6] - epoch 13 - train iter 540 - 28560.9 words/s - loss: 0.2719
00:20:19 - process[6]: evaluating epoch 13 on dev ...
00:20:32 - process[6] - dev - epoch 13 - mAP: 0.542 w/ 31 queries
00:20:32 - process[6]: evaluating epoch 13 on test ...
00:20:46 - test set during evaluation: 11460/11458
00:20:46 - process[6] - test - epoch 13 - mAP: 0.581 w/ 31 queries
00:20:46 - process[6]: training epoch 14 ...
00:21:02 - process[6] - epoch 14 - train iter 540 - 28831.7 words/s - loss: 0.2659
00:21:02 - process[6]: evaluating epoch 14 on dev ...
00:21:16 - process[6] - dev - epoch 14 - mAP: 0.550 w/ 31 queries
00:21:16 - process[6]: evaluating epoch 14 on test ...
00:21:30 - test set during evaluation: 11460/11458
00:21:30 - process[6] - test - epoch 14 - mAP: 0.578 w/ 31 queries
00:21:30 - process[6]: training epoch 15 ...
00:21:46 - process[6] - epoch 15 - train iter 540 - 28761.0 words/s - loss: 0.2636
00:21:46 - process[6]: evaluating epoch 15 on dev ...
00:22:00 - process[6] - dev - epoch 15 - mAP: 0.545 w/ 31 queries
00:22:00 - process[6]: training epoch 16 ...
00:22:16 - process[6] - epoch 16 - train iter 540 - 28761.7 words/s - loss: 0.2709
00:22:16 - process[6]: evaluating epoch 16 on dev ...
00:22:30 - process[6] - dev - epoch 16 - mAP: 0.535 w/ 31 queries
00:22:30 - process[6]: training epoch 17 ...
00:22:47 - process[6] - epoch 17 - train iter 540 - 28199.3 words/s - loss: 0.2421
00:22:47 - process[6]: evaluating epoch 17 on dev ...
00:23:00 - process[6] - dev - epoch 17 - mAP: 0.534 w/ 31 queries
00:23:00 - process[6]: training epoch 18 ...
00:23:16 - process[6] - epoch 18 - train iter 540 - 28587.3 words/s - loss: 0.2488
00:23:16 - process[6]: evaluating epoch 18 on dev ...
00:23:30 - process[6] - dev - epoch 18 - mAP: 0.535 w/ 31 queries
00:23:30 - process[6]: training epoch 19 ...
00:23:46 - process[6] - epoch 19 - train iter 540 - 29148.9 words/s - loss: 0.2666
00:23:46 - process[6]: evaluating epoch 19 on dev ...
00:24:00 - process[6] - dev - epoch 19 - mAP: 0.543 w/ 31 queries
00:24:00 - [fold 1] best test MAP: 0.578 @ epoch 14
00:24:00 - Evaluating every 1 epochs ...
00:24:00 - reading data from /mnt/home/puxuan/CLIR-project/Evaluation_data/process-clef/uncased
00:24:01 - test has 32 queries ...
00:24:01 - Data reading done ...
00:24:03 - adding 9-th encoder to optimizer...
00:24:03 - adding 10-th encoder to optimizer...
00:24:03 - adding 11-th encoder to optimizer...
00:24:04 - process[6]: training epoch 0 ...
00:24:19 - process[6] - epoch 0 - train iter 492 - 27995.5 words/s - loss: 0.4637
00:24:19 - process[6]: training epoch 1 ...
00:24:34 - process[6] - epoch 1 - train iter 492 - 28224.4 words/s - loss: 0.4192
00:24:34 - process[6]: training epoch 2 ...
00:24:50 - process[6] - epoch 2 - train iter 492 - 28029.9 words/s - loss: 0.3686
00:24:50 - process[6]: training epoch 3 ...
00:25:05 - process[6] - epoch 3 - train iter 492 - 28283.5 words/s - loss: 0.3673
00:25:05 - process[6]: training epoch 4 ...
00:25:20 - process[6] - epoch 4 - train iter 492 - 28313.5 words/s - loss: 0.3753
00:25:20 - process[6]: training epoch 5 ...
00:25:35 - process[6] - epoch 5 - train iter 492 - 28264.6 words/s - loss: 0.3397
00:25:35 - process[6]: training epoch 6 ...
00:25:51 - process[6] - epoch 6 - train iter 492 - 28205.1 words/s - loss: 0.3127
00:25:51 - process[6]: training epoch 7 ...
00:26:06 - process[6] - epoch 7 - train iter 492 - 28177.7 words/s - loss: 0.3576
00:26:06 - process[6]: training epoch 8 ...
00:26:21 - process[6] - epoch 8 - train iter 492 - 27820.2 words/s - loss: 0.2864
00:26:21 - process[6]: training epoch 9 ...
00:26:37 - process[6] - epoch 9 - train iter 492 - 28349.4 words/s - loss: 0.3453
00:26:37 - process[6]: training epoch 10 ...
00:26:52 - process[6] - epoch 10 - train iter 492 - 28388.0 words/s - loss: 0.3152
00:26:52 - process[6]: evaluating epoch 10 on dev ...
00:27:07 - dev set during evaluation: 11460/11458
00:27:07 - process[6] - dev - epoch 10 - mAP: 0.577 w/ 31 queries
00:27:07 - process[6]: evaluating epoch 10 on test ...
00:27:22 - process[6] - test - epoch 10 - mAP: 0.618 w/ 32 queries
00:27:22 - process[6]: training epoch 11 ...
00:27:37 - process[6] - epoch 11 - train iter 492 - 28007.0 words/s - loss: 0.3213
00:27:37 - process[6]: evaluating epoch 11 on dev ...
00:27:52 - dev set during evaluation: 11460/11458
00:27:52 - process[6] - dev - epoch 11 - mAP: 0.587 w/ 31 queries
00:27:52 - process[6]: evaluating epoch 11 on test ...
00:28:07 - process[6] - test - epoch 11 - mAP: 0.624 w/ 32 queries
00:28:07 - process[6]: training epoch 12 ...
00:28:22 - process[6] - epoch 12 - train iter 492 - 27920.1 words/s - loss: 0.3157
00:28:22 - process[6]: evaluating epoch 12 on dev ...
00:28:36 - dev set during evaluation: 11460/11458
00:28:36 - process[6] - dev - epoch 12 - mAP: 0.581 w/ 31 queries
00:28:36 - process[6]: training epoch 13 ...
00:28:52 - process[6] - epoch 13 - train iter 492 - 27923.4 words/s - loss: 0.2736
00:28:52 - process[6]: evaluating epoch 13 on dev ...
00:29:06 - dev set during evaluation: 11460/11458
00:29:06 - process[6] - dev - epoch 13 - mAP: 0.588 w/ 31 queries
00:29:06 - process[6]: evaluating epoch 13 on test ...
00:29:21 - process[6] - test - epoch 13 - mAP: 0.616 w/ 32 queries
00:29:21 - process[6]: training epoch 14 ...
00:29:36 - process[6] - epoch 14 - train iter 492 - 27996.9 words/s - loss: 0.2820
00:29:36 - process[6]: evaluating epoch 14 on dev ...
00:29:50 - dev set during evaluation: 11460/11458
00:29:50 - process[6] - dev - epoch 14 - mAP: 0.565 w/ 31 queries
00:29:50 - process[6]: training epoch 15 ...
00:30:05 - process[6] - epoch 15 - train iter 492 - 28109.8 words/s - loss: 0.2943
00:30:05 - process[6]: evaluating epoch 15 on dev ...
00:30:19 - dev set during evaluation: 11460/11458
00:30:19 - process[6] - dev - epoch 15 - mAP: 0.579 w/ 31 queries
00:30:19 - process[6]: training epoch 16 ...
00:30:35 - process[6] - epoch 16 - train iter 492 - 27824.4 words/s - loss: 0.2749
00:30:35 - process[6]: evaluating epoch 16 on dev ...
00:30:49 - dev set during evaluation: 11460/11458
00:30:49 - process[6] - dev - epoch 16 - mAP: 0.579 w/ 31 queries
00:30:49 - process[6]: training epoch 17 ...
00:31:04 - process[6] - epoch 17 - train iter 492 - 28628.0 words/s - loss: 0.2706
00:31:04 - process[6]: evaluating epoch 17 on dev ...
00:31:18 - dev set during evaluation: 11460/11458
00:31:18 - process[6] - dev - epoch 17 - mAP: 0.581 w/ 31 queries
00:31:18 - process[6]: training epoch 18 ...
00:31:34 - process[6] - epoch 18 - train iter 492 - 27951.4 words/s - loss: 0.2793
00:31:34 - process[6]: evaluating epoch 18 on dev ...
00:31:48 - dev set during evaluation: 11460/11458
00:31:48 - process[6] - dev - epoch 18 - mAP: 0.577 w/ 31 queries
00:31:48 - process[6]: training epoch 19 ...
00:32:03 - process[6] - epoch 19 - train iter 492 - 28138.8 words/s - loss: 0.2527
00:32:03 - process[6]: evaluating epoch 19 on dev ...
00:32:17 - dev set during evaluation: 11460/11458
00:32:17 - process[6] - dev - epoch 19 - mAP: 0.581 w/ 31 queries
00:32:17 - [fold 2] best test MAP: 0.616 @ epoch 13
00:32:17 - Evaluating every 1 epochs ...
00:32:17 - reading data from /mnt/home/puxuan/CLIR-project/Evaluation_data/process-clef/uncased
00:32:19 - test has 31 queries ...
00:32:19 - Data reading done ...
00:32:20 - adding 9-th encoder to optimizer...
00:32:20 - adding 10-th encoder to optimizer...
00:32:20 - adding 11-th encoder to optimizer...
00:32:21 - process[6]: training epoch 0 ...
00:32:35 - process[6] - epoch 0 - train iter 476 - 28497.5 words/s - loss: 0.4701
00:32:35 - process[6]: training epoch 1 ...
00:32:50 - process[6] - epoch 1 - train iter 476 - 28255.8 words/s - loss: 0.4378
00:32:50 - process[6]: training epoch 2 ...
00:33:05 - process[6] - epoch 2 - train iter 476 - 28312.6 words/s - loss: 0.4060
00:33:05 - process[6]: training epoch 3 ...
00:33:19 - process[6] - epoch 3 - train iter 476 - 28511.8 words/s - loss: 0.3913
00:33:19 - process[6]: training epoch 4 ...
00:33:34 - process[6] - epoch 4 - train iter 476 - 28570.8 words/s - loss: 0.3755
00:33:34 - process[6]: training epoch 5 ...
00:33:48 - process[6] - epoch 5 - train iter 476 - 28352.9 words/s - loss: 0.3378
00:33:48 - process[6]: training epoch 6 ...
00:34:03 - process[6] - epoch 6 - train iter 476 - 28427.8 words/s - loss: 0.3500
00:34:03 - process[6]: training epoch 7 ...
00:34:18 - process[6] - epoch 7 - train iter 476 - 28539.7 words/s - loss: 0.3016
00:34:18 - process[6]: training epoch 8 ...
00:34:32 - process[6] - epoch 8 - train iter 476 - 28060.9 words/s - loss: 0.2991
00:34:32 - process[6]: training epoch 9 ...
00:34:47 - process[6] - epoch 9 - train iter 476 - 28447.5 words/s - loss: 0.2906
00:34:47 - process[6]: training epoch 10 ...
00:35:01 - process[6] - epoch 10 - train iter 476 - 28591.8 words/s - loss: 0.2801
00:35:01 - process[6]: evaluating epoch 10 on dev ...
00:35:20 - process[6] - dev - epoch 10 - mAP: 0.606 w/ 32 queries
00:35:20 - process[6]: evaluating epoch 10 on test ...
00:35:34 - test set during evaluation: 11550/11545
00:35:34 - process[6] - test - epoch 10 - mAP: 0.579 w/ 31 queries
00:35:34 - process[6]: training epoch 11 ...
00:35:49 - process[6] - epoch 11 - train iter 476 - 28172.7 words/s - loss: 0.2937
00:35:49 - process[6]: evaluating epoch 11 on dev ...
00:36:04 - process[6] - dev - epoch 11 - mAP: 0.616 w/ 32 queries
00:36:04 - process[6]: evaluating epoch 11 on test ...
00:36:19 - test set during evaluation: 11550/11545
00:36:19 - process[6] - test - epoch 11 - mAP: 0.581 w/ 31 queries
00:36:19 - process[6]: training epoch 12 ...
00:36:34 - process[6] - epoch 12 - train iter 476 - 28121.6 words/s - loss: 0.2526
00:36:34 - process[6]: evaluating epoch 12 on dev ...
00:36:49 - process[6] - dev - epoch 12 - mAP: 0.626 w/ 32 queries
00:36:49 - process[6]: evaluating epoch 12 on test ...
00:37:04 - test set during evaluation: 11550/11545
00:37:04 - process[6] - test - epoch 12 - mAP: 0.580 w/ 31 queries
00:37:04 - process[6]: training epoch 13 ...
00:37:18 - process[6] - epoch 13 - train iter 476 - 28384.9 words/s - loss: 0.2741
00:37:18 - process[6]: evaluating epoch 13 on dev ...
00:37:33 - process[6] - dev - epoch 13 - mAP: 0.617 w/ 32 queries
00:37:33 - process[6]: training epoch 14 ...
00:37:48 - process[6] - epoch 14 - train iter 476 - 27943.9 words/s - loss: 0.2804
00:37:48 - process[6]: evaluating epoch 14 on dev ...
00:38:03 - process[6] - dev - epoch 14 - mAP: 0.641 w/ 32 queries
00:38:03 - process[6]: evaluating epoch 14 on test ...
00:38:18 - test set during evaluation: 11550/11545
00:38:18 - process[6] - test - epoch 14 - mAP: 0.583 w/ 31 queries
00:38:18 - process[6]: training epoch 15 ...
00:38:32 - process[6] - epoch 15 - train iter 476 - 28507.9 words/s - loss: 0.2887
00:38:32 - process[6]: evaluating epoch 15 on dev ...
00:38:47 - process[6] - dev - epoch 15 - mAP: 0.599 w/ 32 queries
00:38:47 - process[6]: training epoch 16 ...
00:39:02 - process[6] - epoch 16 - train iter 476 - 28625.4 words/s - loss: 0.2890
00:39:02 - process[6]: evaluating epoch 16 on dev ...
00:39:17 - process[6] - dev - epoch 16 - mAP: 0.619 w/ 32 queries
00:39:17 - process[6]: training epoch 17 ...
00:39:32 - process[6] - epoch 17 - train iter 476 - 28394.1 words/s - loss: 0.2881
00:39:32 - process[6]: evaluating epoch 17 on dev ...
00:39:47 - process[6] - dev - epoch 17 - mAP: 0.584 w/ 32 queries
00:39:47 - process[6]: training epoch 18 ...
00:40:01 - process[6] - epoch 18 - train iter 476 - 28546.1 words/s - loss: 0.2769
00:40:01 - process[6]: evaluating epoch 18 on dev ...
00:40:17 - process[6] - dev - epoch 18 - mAP: 0.603 w/ 32 queries
00:40:17 - process[6]: training epoch 19 ...
00:40:31 - process[6] - epoch 19 - train iter 476 - 28725.9 words/s - loss: 0.2568
00:40:31 - process[6]: evaluating epoch 19 on dev ...
00:40:46 - process[6] - dev - epoch 19 - mAP: 0.611 w/ 32 queries
00:40:46 - [fold 3] best test MAP: 0.583 @ epoch 14
00:40:46 - Evaluating every 1 epochs ...
00:40:46 - reading data from /mnt/home/puxuan/CLIR-project/Evaluation_data/process-clef/uncased
00:40:48 - test has 31 queries ...
00:40:48 - Data reading done ...
00:40:49 - adding 9-th encoder to optimizer...
00:40:49 - adding 10-th encoder to optimizer...
00:40:49 - adding 11-th encoder to optimizer...
00:40:50 - process[6]: training epoch 0 ...
00:41:04 - process[6] - epoch 0 - train iter 432 - 27964.3 words/s - loss: 0.4943
00:41:04 - process[6]: training epoch 1 ...
00:41:17 - process[6] - epoch 1 - train iter 432 - 28269.6 words/s - loss: 0.4700
00:41:17 - process[6]: training epoch 2 ...
00:41:30 - process[6] - epoch 2 - train iter 432 - 28057.7 words/s - loss: 0.4344
00:41:30 - process[6]: training epoch 3 ...
00:41:44 - process[6] - epoch 3 - train iter 432 - 27823.2 words/s - loss: 0.3796
00:41:44 - process[6]: training epoch 4 ...
00:41:57 - process[6] - epoch 4 - train iter 432 - 28497.3 words/s - loss: 0.3962
00:41:57 - process[6]: training epoch 5 ...
00:42:11 - process[6] - epoch 5 - train iter 432 - 27863.4 words/s - loss: 0.3488
00:42:11 - process[6]: training epoch 6 ...
00:42:25 - process[6] - epoch 6 - train iter 432 - 28018.9 words/s - loss: 0.3344
00:42:25 - process[6]: training epoch 7 ...
00:42:38 - process[6] - epoch 7 - train iter 432 - 28567.0 words/s - loss: 0.3601
00:42:38 - process[6]: training epoch 8 ...
00:42:52 - process[6] - epoch 8 - train iter 432 - 28060.7 words/s - loss: 0.3129
00:42:52 - process[6]: training epoch 9 ...
00:43:05 - process[6] - epoch 9 - train iter 432 - 28236.5 words/s - loss: 0.3134
00:43:05 - process[6]: training epoch 10 ...
00:43:19 - process[6] - epoch 10 - train iter 432 - 28056.4 words/s - loss: 0.3322
00:43:19 - process[6]: evaluating epoch 10 on dev ...
00:43:33 - dev set during evaluation: 11550/11545
00:43:33 - process[6] - dev - epoch 10 - mAP: 0.589 w/ 31 queries
00:43:33 - process[6]: evaluating epoch 10 on test ...
00:43:48 - test set during evaluation: 11320/11315
00:43:48 - process[6] - test - epoch 10 - mAP: 0.625 w/ 31 queries
00:43:48 - process[6]: training epoch 11 ...
00:44:01 - process[6] - epoch 11 - train iter 432 - 28452.8 words/s - loss: 0.2889
00:44:01 - process[6]: evaluating epoch 11 on dev ...
00:44:16 - dev set during evaluation: 11550/11545
00:44:16 - process[6] - dev - epoch 11 - mAP: 0.594 w/ 31 queries
00:44:16 - process[6]: evaluating epoch 11 on test ...
00:44:30 - test set during evaluation: 11320/11315
00:44:30 - process[6] - test - epoch 11 - mAP: 0.630 w/ 31 queries
00:44:30 - process[6]: training epoch 12 ...
00:44:43 - process[6] - epoch 12 - train iter 432 - 28336.1 words/s - loss: 0.3290
00:44:43 - process[6]: evaluating epoch 12 on dev ...
00:44:58 - dev set during evaluation: 11550/11545
00:44:58 - process[6] - dev - epoch 12 - mAP: 0.597 w/ 31 queries
00:44:59 - process[6]: evaluating epoch 12 on test ...
00:45:13 - test set during evaluation: 11320/11315
00:45:13 - process[6] - test - epoch 12 - mAP: 0.622 w/ 31 queries
00:45:13 - process[6]: training epoch 13 ...
00:45:26 - process[6] - epoch 13 - train iter 432 - 28589.4 words/s - loss: 0.3133
00:45:26 - process[6]: evaluating epoch 13 on dev ...
00:45:41 - dev set during evaluation: 11550/11545
00:45:41 - process[6] - dev - epoch 13 - mAP: 0.578 w/ 31 queries
00:45:41 - process[6]: training epoch 14 ...
00:45:55 - process[6] - epoch 14 - train iter 432 - 28264.4 words/s - loss: 0.2901
00:45:55 - process[6]: evaluating epoch 14 on dev ...
00:46:09 - dev set during evaluation: 11550/11545
00:46:09 - process[6] - dev - epoch 14 - mAP: 0.601 w/ 31 queries
00:46:09 - process[6]: evaluating epoch 14 on test ...
00:46:23 - test set during evaluation: 11320/11315
00:46:23 - process[6] - test - epoch 14 - mAP: 0.618 w/ 31 queries
00:46:23 - process[6]: training epoch 15 ...
00:46:37 - process[6] - epoch 15 - train iter 432 - 28478.4 words/s - loss: 0.2654
00:46:37 - process[6]: evaluating epoch 15 on dev ...
00:46:51 - dev set during evaluation: 11550/11545
00:46:51 - process[6] - dev - epoch 15 - mAP: 0.591 w/ 31 queries
00:46:51 - process[6]: training epoch 16 ...
00:47:05 - process[6] - epoch 16 - train iter 432 - 28574.5 words/s - loss: 0.2886
00:47:05 - process[6]: evaluating epoch 16 on dev ...
00:47:19 - dev set during evaluation: 11550/11545
00:47:19 - process[6] - dev - epoch 16 - mAP: 0.607 w/ 31 queries
00:47:19 - process[6]: evaluating epoch 16 on test ...
00:47:34 - test set during evaluation: 11320/11315
00:47:34 - process[6] - test - epoch 16 - mAP: 0.620 w/ 31 queries
00:47:34 - process[6]: training epoch 17 ...
00:47:47 - process[6] - epoch 17 - train iter 432 - 28287.3 words/s - loss: 0.3105
00:47:47 - process[6]: evaluating epoch 17 on dev ...
00:48:02 - dev set during evaluation: 11550/11545
00:48:02 - process[6] - dev - epoch 17 - mAP: 0.591 w/ 31 queries
00:48:02 - process[6]: training epoch 18 ...
00:48:15 - process[6] - epoch 18 - train iter 432 - 28710.8 words/s - loss: 0.2315
00:48:15 - process[6]: evaluating epoch 18 on dev ...
00:48:30 - dev set during evaluation: 11550/11545
00:48:30 - process[6] - dev - epoch 18 - mAP: 0.590 w/ 31 queries
00:48:30 - process[6]: training epoch 19 ...
00:48:43 - process[6] - epoch 19 - train iter 432 - 28723.1 words/s - loss: 0.2820
00:48:43 - process[6]: evaluating epoch 19 on dev ...
00:48:58 - dev set during evaluation: 11550/11545
00:48:58 - process[6] - dev - epoch 19 - mAP: 0.607 w/ 31 queries
00:48:58 - [fold 4] best test MAP: 0.620 @ epoch 16
00:48:58 - Evaluating every 1 epochs ...
00:48:58 - reading data from /mnt/home/puxuan/CLIR-project/Evaluation_data/process-clef/uncased
00:48:59 - test has 31 queries ...
00:48:59 - Data reading done ...
00:49:01 - adding 9-th encoder to optimizer...
00:49:01 - adding 10-th encoder to optimizer...
00:49:01 - adding 11-th encoder to optimizer...
00:49:01 - process[6]: training epoch 0 ...
00:49:15 - process[6] - epoch 0 - train iter 437 - 28300.0 words/s - loss: 0.5275
00:49:15 - process[6]: training epoch 1 ...
00:49:29 - process[6] - epoch 1 - train iter 437 - 28128.5 words/s - loss: 0.4291
00:49:29 - process[6]: training epoch 2 ...
00:49:42 - process[6] - epoch 2 - train iter 437 - 28207.0 words/s - loss: 0.4286
00:49:42 - process[6]: training epoch 3 ...
00:49:56 - process[6] - epoch 3 - train iter 437 - 28448.1 words/s - loss: 0.3881
00:49:56 - process[6]: training epoch 4 ...
00:50:10 - process[6] - epoch 4 - train iter 437 - 28308.4 words/s - loss: 0.3783
00:50:10 - process[6]: training epoch 5 ...
00:50:23 - process[6] - epoch 5 - train iter 437 - 28316.2 words/s - loss: 0.3463
00:50:23 - process[6]: training epoch 6 ...
00:50:37 - process[6] - epoch 6 - train iter 437 - 28183.2 words/s - loss: 0.3473
00:50:37 - process[6]: training epoch 7 ...
00:50:50 - process[6] - epoch 7 - train iter 437 - 28184.3 words/s - loss: 0.3076
00:50:50 - process[6]: training epoch 8 ...
00:51:04 - process[6] - epoch 8 - train iter 437 - 28224.1 words/s - loss: 0.3190
00:51:04 - process[6]: training epoch 9 ...
00:51:18 - process[6] - epoch 9 - train iter 437 - 28195.6 words/s - loss: 0.2806
00:51:18 - process[6]: training epoch 10 ...
00:51:31 - process[6] - epoch 10 - train iter 437 - 28524.0 words/s - loss: 0.3240
00:51:31 - process[6]: evaluating epoch 10 on dev ...
00:51:47 - dev set during evaluation: 11320/11315
00:51:47 - process[6] - dev - epoch 10 - mAP: 0.638 w/ 31 queries
00:51:47 - process[6]: evaluating epoch 10 on test ...
00:52:01 - process[6] - test - epoch 10 - mAP: 0.537 w/ 31 queries
00:52:01 - process[6]: training epoch 11 ...
00:52:14 - process[6] - epoch 11 - train iter 437 - 28021.9 words/s - loss: 0.3140
00:52:14 - process[6]: evaluating epoch 11 on dev ...
00:52:29 - dev set during evaluation: 11320/11315
00:52:29 - process[6] - dev - epoch 11 - mAP: 0.638 w/ 31 queries
00:52:29 - process[6]: evaluating epoch 11 on test ...
00:52:43 - process[6] - test - epoch 11 - mAP: 0.524 w/ 31 queries
00:52:43 - process[6]: training epoch 12 ...
00:52:57 - process[6] - epoch 12 - train iter 437 - 28059.2 words/s - loss: 0.3194
00:52:57 - process[6]: evaluating epoch 12 on dev ...
00:53:11 - dev set during evaluation: 11320/11315
00:53:11 - process[6] - dev - epoch 12 - mAP: 0.647 w/ 31 queries
00:53:11 - process[6]: evaluating epoch 12 on test ...
00:53:25 - process[6] - test - epoch 12 - mAP: 0.525 w/ 31 queries
00:53:25 - process[6]: training epoch 13 ...
00:53:39 - process[6] - epoch 13 - train iter 437 - 28402.3 words/s - loss: 0.3090
00:53:39 - process[6]: evaluating epoch 13 on dev ...
00:53:53 - dev set during evaluation: 11320/11315
00:53:53 - process[6] - dev - epoch 13 - mAP: 0.651 w/ 31 queries
00:53:53 - process[6]: evaluating epoch 13 on test ...
00:54:07 - process[6] - test - epoch 13 - mAP: 0.540 w/ 31 queries
00:54:07 - process[6]: training epoch 14 ...
00:54:21 - process[6] - epoch 14 - train iter 437 - 28248.4 words/s - loss: 0.2891
00:54:21 - process[6]: evaluating epoch 14 on dev ...
00:54:35 - dev set during evaluation: 11320/11315
00:54:35 - process[6] - dev - epoch 14 - mAP: 0.633 w/ 31 queries
00:54:35 - process[6]: training epoch 15 ...
00:54:49 - process[6] - epoch 15 - train iter 437 - 28167.7 words/s - loss: 0.2946
00:54:49 - process[6]: evaluating epoch 15 on dev ...
00:55:03 - dev set during evaluation: 11320/11315
00:55:03 - process[6] - dev - epoch 15 - mAP: 0.648 w/ 31 queries
00:55:03 - process[6]: training epoch 16 ...
00:55:17 - process[6] - epoch 16 - train iter 437 - 28287.0 words/s - loss: 0.2660
00:55:17 - process[6]: evaluating epoch 16 on dev ...
00:55:31 - dev set during evaluation: 11320/11315
00:55:31 - process[6] - dev - epoch 16 - mAP: 0.626 w/ 31 queries
00:55:31 - process[6]: training epoch 17 ...
00:55:45 - process[6] - epoch 17 - train iter 437 - 27920.7 words/s - loss: 0.2606
00:55:45 - process[6]: evaluating epoch 17 on dev ...
00:56:00 - dev set during evaluation: 11320/11315
00:56:00 - process[6] - dev - epoch 17 - mAP: 0.626 w/ 31 queries
00:56:00 - process[6]: training epoch 18 ...
00:56:13 - process[6] - epoch 18 - train iter 437 - 28593.6 words/s - loss: 0.2663
00:56:13 - process[6]: evaluating epoch 18 on dev ...
00:56:27 - dev set during evaluation: 11320/11315
00:56:27 - process[6] - dev - epoch 18 - mAP: 0.625 w/ 31 queries
00:56:27 - process[6]: training epoch 19 ...
00:56:41 - process[6] - epoch 19 - train iter 437 - 28106.5 words/s - loss: 0.2970
00:56:41 - process[6]: evaluating epoch 19 on dev ...
00:56:55 - dev set during evaluation: 11320/11315
00:56:55 - process[6] - dev - epoch 19 - mAP: 0.642 w/ 31 queries
00:56:55 - [fold 5] best test MAP: 0.540 @ epoch 13
00:56:55 - [0.5784180238936777, 0.6158150724094543, 0.5829526656978679, 0.6195722507435849, 0.5400526724275881]
00:56:55 - [31, 32, 31, 31, 31]
00:56:55 - final MAP: 0.588
