00:00:05 - Namespace(apex_level='O2', batch_size=8, cased=False, dataset='clef', debug=False, encoder_lr=2e-05, eval_step=1, full_doc_length=True, local_rank=3, model_path='/mnt/scratch/puxuan/short_rr/2186734/huggingface-9', model_type='mbert', num_epochs=20, num_ft_encoders=3, num_neg=1, projector_lr=2e-05, seed=611, source_lang='fr', target_lang='en')
00:00:14 - Evaluating every 1 epochs ...
00:00:14 - reading data from /mnt/home/puxuan/CLIR-project/Evaluation_data/process-clef/uncased
00:00:14 - test has 35 queries ...
00:00:14 - Data reading done ...
00:00:21 - adding 9-th encoder to optimizer...
00:00:21 - adding 10-th encoder to optimizer...
00:00:21 - adding 11-th encoder to optimizer...
00:00:22 - process[3]: training epoch 0 ...
00:00:33 - process[3] - epoch 0 - train iter 197 - 15309.8 words/s - loss: 0.5792
00:00:33 - process[3]: training epoch 1 ...
00:00:45 - process[3] - epoch 1 - train iter 197 - 15590.1 words/s - loss: 0.5003
00:00:45 - process[3]: training epoch 2 ...
00:00:55 - process[3] - epoch 2 - train iter 197 - 16869.3 words/s - loss: 0.4795
00:00:55 - process[3]: training epoch 3 ...
00:01:06 - process[3] - epoch 3 - train iter 197 - 16256.4 words/s - loss: 0.4362
00:01:06 - process[3]: training epoch 4 ...
00:01:17 - process[3] - epoch 4 - train iter 197 - 17331.9 words/s - loss: 0.4412
00:01:17 - process[3]: training epoch 5 ...
00:01:27 - process[3] - epoch 5 - train iter 197 - 17403.1 words/s - loss: 0.4270
00:01:27 - process[3]: training epoch 6 ...
00:01:37 - process[3] - epoch 6 - train iter 197 - 17058.6 words/s - loss: 0.4384
00:01:37 - process[3]: training epoch 7 ...
00:01:50 - process[3] - epoch 7 - train iter 197 - 14775.0 words/s - loss: 0.3915
00:01:50 - process[3]: training epoch 8 ...
00:02:00 - process[3] - epoch 8 - train iter 197 - 17024.7 words/s - loss: 0.3993
00:02:00 - process[3]: training epoch 9 ...
00:02:11 - process[3] - epoch 9 - train iter 197 - 17143.1 words/s - loss: 0.3778
00:02:11 - process[3]: training epoch 10 ...
00:02:21 - process[3] - epoch 10 - train iter 197 - 17130.4 words/s - loss: 0.3732
00:02:21 - process[3]: evaluating epoch 10 on dev ...
00:03:12 - dev set during evaluation: 14160/14157
00:03:12 - process[3] - dev - epoch 10 - mAP: 0.492 w/ 35 queries
00:03:12 - process[3]: evaluating epoch 10 on test ...
00:03:52 - test set during evaluation: 14980/14975
00:03:52 - process[3] - test - epoch 10 - mAP: 0.480 w/ 35 queries
00:03:52 - process[3]: training epoch 11 ...
00:04:04 - process[3] - epoch 11 - train iter 197 - 15588.6 words/s - loss: 0.3827
00:04:04 - process[3]: evaluating epoch 11 on dev ...
00:04:49 - dev set during evaluation: 14160/14157
00:04:49 - process[3] - dev - epoch 11 - mAP: 0.494 w/ 35 queries
00:04:49 - process[3]: evaluating epoch 11 on test ...
00:05:31 - test set during evaluation: 14980/14975
00:05:31 - process[3] - test - epoch 11 - mAP: 0.491 w/ 35 queries
00:05:31 - process[3]: training epoch 12 ...
00:05:41 - process[3] - epoch 12 - train iter 197 - 16714.4 words/s - loss: 0.3360
00:05:41 - process[3]: evaluating epoch 12 on dev ...
00:06:25 - dev set during evaluation: 14160/14157
00:06:25 - process[3] - dev - epoch 12 - mAP: 0.506 w/ 35 queries
00:06:25 - process[3]: evaluating epoch 12 on test ...
00:07:06 - test set during evaluation: 14980/14975
00:07:06 - process[3] - test - epoch 12 - mAP: 0.496 w/ 35 queries
00:07:06 - process[3]: training epoch 13 ...
00:07:17 - process[3] - epoch 13 - train iter 197 - 16397.6 words/s - loss: 0.3738
00:07:17 - process[3]: evaluating epoch 13 on dev ...
00:08:02 - dev set during evaluation: 14160/14157
00:08:02 - process[3] - dev - epoch 13 - mAP: 0.529 w/ 35 queries
00:08:02 - process[3]: evaluating epoch 13 on test ...
00:08:43 - test set during evaluation: 14980/14975
00:08:43 - process[3] - test - epoch 13 - mAP: 0.502 w/ 35 queries
00:08:43 - process[3]: training epoch 14 ...
00:08:54 - process[3] - epoch 14 - train iter 197 - 16260.9 words/s - loss: 0.3885
00:08:54 - process[3]: evaluating epoch 14 on dev ...
00:09:38 - dev set during evaluation: 14160/14157
00:09:38 - process[3] - dev - epoch 14 - mAP: 0.522 w/ 35 queries
00:09:38 - process[3]: training epoch 15 ...
00:09:49 - process[3] - epoch 15 - train iter 197 - 17370.9 words/s - loss: 0.2918
00:09:49 - process[3]: evaluating epoch 15 on dev ...
00:10:33 - dev set during evaluation: 14160/14157
00:10:33 - process[3] - dev - epoch 15 - mAP: 0.505 w/ 35 queries
00:10:33 - process[3]: training epoch 16 ...
00:10:44 - process[3] - epoch 16 - train iter 197 - 16238.5 words/s - loss: 0.3283
00:10:44 - process[3]: evaluating epoch 16 on dev ...
00:11:29 - dev set during evaluation: 14160/14157
00:11:29 - process[3] - dev - epoch 16 - mAP: 0.505 w/ 35 queries
00:11:29 - process[3]: training epoch 17 ...
00:11:40 - process[3] - epoch 17 - train iter 197 - 16380.9 words/s - loss: 0.3139
00:11:40 - process[3]: evaluating epoch 17 on dev ...
00:12:24 - dev set during evaluation: 14160/14157
00:12:24 - process[3] - dev - epoch 17 - mAP: 0.508 w/ 35 queries
00:12:24 - process[3]: training epoch 18 ...
00:12:35 - process[3] - epoch 18 - train iter 197 - 16086.9 words/s - loss: 0.3684
00:12:35 - process[3]: evaluating epoch 18 on dev ...
00:13:19 - dev set during evaluation: 14160/14157
00:13:19 - process[3] - dev - epoch 18 - mAP: 0.514 w/ 35 queries
00:13:19 - process[3]: training epoch 19 ...
00:13:30 - process[3] - epoch 19 - train iter 197 - 16679.8 words/s - loss: 0.4016
00:13:30 - process[3]: evaluating epoch 19 on dev ...
00:14:15 - dev set during evaluation: 14160/14157
00:14:15 - process[3] - dev - epoch 19 - mAP: 0.499 w/ 35 queries
00:14:15 - [fold 1] best test MAP: 0.502 @ epoch 13
00:14:15 - Evaluating every 1 epochs ...
00:14:15 - reading data from /mnt/home/puxuan/CLIR-project/Evaluation_data/process-clef/uncased
00:14:16 - test has 36 queries ...
00:14:16 - Data reading done ...
00:14:17 - adding 9-th encoder to optimizer...
00:14:17 - adding 10-th encoder to optimizer...
00:14:17 - adding 11-th encoder to optimizer...
00:14:18 - process[3]: training epoch 0 ...
00:14:28 - process[3] - epoch 0 - train iter 187 - 16566.6 words/s - loss: 0.5878
00:14:28 - process[3]: training epoch 1 ...
00:14:38 - process[3] - epoch 1 - train iter 187 - 16977.6 words/s - loss: 0.5317
00:14:38 - process[3]: training epoch 2 ...
00:14:49 - process[3] - epoch 2 - train iter 187 - 15696.5 words/s - loss: 0.4739
00:14:49 - process[3]: training epoch 3 ...
00:14:59 - process[3] - epoch 3 - train iter 187 - 18213.3 words/s - loss: 0.4794
00:14:59 - process[3]: training epoch 4 ...
00:15:09 - process[3] - epoch 4 - train iter 187 - 17273.2 words/s - loss: 0.4212
00:15:09 - process[3]: training epoch 5 ...
00:15:19 - process[3] - epoch 5 - train iter 187 - 15914.8 words/s - loss: 0.4344
00:15:19 - process[3]: training epoch 6 ...
00:15:29 - process[3] - epoch 6 - train iter 187 - 18552.5 words/s - loss: 0.4459
00:15:29 - process[3]: training epoch 7 ...
00:15:38 - process[3] - epoch 7 - train iter 187 - 18732.1 words/s - loss: 0.3996
00:15:38 - process[3]: training epoch 8 ...
00:15:47 - process[3] - epoch 8 - train iter 187 - 17738.4 words/s - loss: 0.3718
00:15:47 - process[3]: training epoch 9 ...
00:15:56 - process[3] - epoch 9 - train iter 187 - 17722.8 words/s - loss: 0.4389
00:15:56 - process[3]: training epoch 10 ...
00:16:06 - process[3] - epoch 10 - train iter 187 - 18347.2 words/s - loss: 0.4207
00:16:06 - process[3]: evaluating epoch 10 on dev ...
00:16:51 - dev set during evaluation: 14980/14975
00:16:51 - process[3] - dev - epoch 10 - mAP: 0.483 w/ 35 queries
00:16:51 - process[3]: evaluating epoch 10 on test ...
00:17:34 - test set during evaluation: 15300/15294
00:17:34 - process[3] - test - epoch 10 - mAP: 0.487 w/ 36 queries
00:17:34 - process[3]: training epoch 11 ...
00:17:44 - process[3] - epoch 11 - train iter 187 - 16566.3 words/s - loss: 0.4409
00:17:44 - process[3]: evaluating epoch 11 on dev ...
00:18:25 - dev set during evaluation: 14980/14975
00:18:25 - process[3] - dev - epoch 11 - mAP: 0.491 w/ 35 queries
00:18:25 - process[3]: evaluating epoch 11 on test ...
00:19:09 - test set during evaluation: 15300/15294
00:19:09 - process[3] - test - epoch 11 - mAP: 0.485 w/ 36 queries
00:19:09 - process[3]: training epoch 12 ...
00:19:18 - process[3] - epoch 12 - train iter 187 - 17612.5 words/s - loss: 0.3690
00:19:18 - process[3]: evaluating epoch 12 on dev ...
00:20:00 - dev set during evaluation: 14980/14975
00:20:00 - process[3] - dev - epoch 12 - mAP: 0.482 w/ 35 queries
00:20:00 - process[3]: training epoch 13 ...
00:20:10 - process[3] - epoch 13 - train iter 187 - 17356.9 words/s - loss: 0.3875
00:20:10 - process[3]: evaluating epoch 13 on dev ...
00:20:51 - dev set during evaluation: 14980/14975
00:20:51 - process[3] - dev - epoch 13 - mAP: 0.497 w/ 35 queries
00:20:51 - process[3]: evaluating epoch 13 on test ...
00:21:34 - test set during evaluation: 15300/15294
00:21:34 - process[3] - test - epoch 13 - mAP: 0.492 w/ 36 queries
00:21:34 - process[3]: training epoch 14 ...
00:21:45 - process[3] - epoch 14 - train iter 187 - 16559.1 words/s - loss: 0.3886
00:21:45 - process[3]: evaluating epoch 14 on dev ...
00:22:25 - dev set during evaluation: 14980/14975
00:22:25 - process[3] - dev - epoch 14 - mAP: 0.507 w/ 35 queries
00:22:25 - process[3]: evaluating epoch 14 on test ...
00:23:08 - test set during evaluation: 15300/15294
00:23:08 - process[3] - test - epoch 14 - mAP: 0.500 w/ 36 queries
00:23:08 - process[3]: training epoch 15 ...
00:23:17 - process[3] - epoch 15 - train iter 187 - 18014.6 words/s - loss: 0.3561
00:23:17 - process[3]: evaluating epoch 15 on dev ...
00:23:59 - dev set during evaluation: 14980/14975
00:23:59 - process[3] - dev - epoch 15 - mAP: 0.492 w/ 35 queries
00:23:59 - process[3]: training epoch 16 ...
00:24:09 - process[3] - epoch 16 - train iter 187 - 15865.7 words/s - loss: 0.3584
00:24:09 - process[3]: evaluating epoch 16 on dev ...
00:24:49 - dev set during evaluation: 14980/14975
00:24:49 - process[3] - dev - epoch 16 - mAP: 0.482 w/ 35 queries
00:24:49 - process[3]: training epoch 17 ...
00:24:59 - process[3] - epoch 17 - train iter 187 - 17761.9 words/s - loss: 0.3592
00:24:59 - process[3]: evaluating epoch 17 on dev ...
00:25:40 - dev set during evaluation: 14980/14975
00:25:40 - process[3] - dev - epoch 17 - mAP: 0.521 w/ 35 queries
00:25:40 - process[3]: evaluating epoch 17 on test ...
00:26:23 - test set during evaluation: 15300/15294
00:26:23 - process[3] - test - epoch 17 - mAP: 0.481 w/ 36 queries
00:26:23 - process[3]: training epoch 18 ...
00:26:32 - process[3] - epoch 18 - train iter 187 - 18379.1 words/s - loss: 0.3857
00:26:32 - process[3]: evaluating epoch 18 on dev ...
00:27:14 - dev set during evaluation: 14980/14975
00:27:14 - process[3] - dev - epoch 18 - mAP: 0.505 w/ 35 queries
00:27:14 - process[3]: training epoch 19 ...
00:27:24 - process[3] - epoch 19 - train iter 187 - 16228.3 words/s - loss: 0.3772
00:27:24 - process[3]: evaluating epoch 19 on dev ...
00:28:05 - dev set during evaluation: 14980/14975
00:28:05 - process[3] - dev - epoch 19 - mAP: 0.499 w/ 35 queries
00:28:05 - [fold 2] best test MAP: 0.481 @ epoch 17
00:28:05 - Evaluating every 1 epochs ...
00:28:05 - reading data from /mnt/home/puxuan/CLIR-project/Evaluation_data/process-clef/uncased
00:28:05 - test has 35 queries ...
00:28:05 - Data reading done ...
00:28:07 - adding 9-th encoder to optimizer...
00:28:07 - adding 10-th encoder to optimizer...
00:28:07 - adding 11-th encoder to optimizer...
00:28:07 - process[3]: training epoch 0 ...
00:28:18 - process[3] - epoch 0 - train iter 196 - 16835.2 words/s - loss: 0.5916
00:28:18 - process[3]: training epoch 1 ...
00:28:29 - process[3] - epoch 1 - train iter 196 - 16376.3 words/s - loss: 0.5328
00:28:29 - process[3]: training epoch 2 ...
00:28:38 - process[3] - epoch 2 - train iter 196 - 18759.6 words/s - loss: 0.5085
00:28:38 - process[3]: training epoch 3 ...
00:28:49 - process[3] - epoch 3 - train iter 196 - 16618.5 words/s - loss: 0.4926
00:28:49 - process[3]: training epoch 4 ...
00:28:59 - process[3] - epoch 4 - train iter 196 - 18342.9 words/s - loss: 0.4554
00:28:59 - process[3]: training epoch 5 ...
00:29:09 - process[3] - epoch 5 - train iter 196 - 18061.3 words/s - loss: 0.4926
00:29:09 - process[3]: training epoch 6 ...
00:29:19 - process[3] - epoch 6 - train iter 196 - 17868.9 words/s - loss: 0.4334
00:29:19 - process[3]: training epoch 7 ...
00:29:29 - process[3] - epoch 7 - train iter 196 - 17329.1 words/s - loss: 0.4372
00:29:29 - process[3]: training epoch 8 ...
00:29:39 - process[3] - epoch 8 - train iter 196 - 17637.3 words/s - loss: 0.3964
00:29:39 - process[3]: training epoch 9 ...
00:29:49 - process[3] - epoch 9 - train iter 196 - 18526.1 words/s - loss: 0.4250
00:29:49 - process[3]: training epoch 10 ...
00:29:59 - process[3] - epoch 10 - train iter 196 - 17798.2 words/s - loss: 0.4189
00:29:59 - process[3]: evaluating epoch 10 on dev ...
00:30:47 - dev set during evaluation: 15300/15294
00:30:47 - process[3] - dev - epoch 10 - mAP: 0.475 w/ 36 queries
00:30:47 - process[3]: evaluating epoch 10 on test ...
00:31:29 - test set during evaluation: 15480/15477
00:31:29 - process[3] - test - epoch 10 - mAP: 0.439 w/ 35 queries
00:31:29 - process[3]: training epoch 11 ...
00:31:38 - process[3] - epoch 11 - train iter 196 - 18288.8 words/s - loss: 0.3489
00:31:38 - process[3]: evaluating epoch 11 on dev ...
00:32:21 - dev set during evaluation: 15300/15294
00:32:21 - process[3] - dev - epoch 11 - mAP: 0.494 w/ 36 queries
00:32:21 - process[3]: evaluating epoch 11 on test ...
00:33:03 - test set during evaluation: 15480/15477
00:33:03 - process[3] - test - epoch 11 - mAP: 0.439 w/ 35 queries
00:33:03 - process[3]: training epoch 12 ...
00:33:13 - process[3] - epoch 12 - train iter 196 - 18271.4 words/s - loss: 0.3919
00:33:13 - process[3]: evaluating epoch 12 on dev ...
00:33:56 - dev set during evaluation: 15300/15294
00:33:56 - process[3] - dev - epoch 12 - mAP: 0.496 w/ 36 queries
00:33:56 - process[3]: evaluating epoch 12 on test ...
00:34:38 - test set during evaluation: 15480/15477
00:34:38 - process[3] - test - epoch 12 - mAP: 0.419 w/ 35 queries
00:34:38 - process[3]: training epoch 13 ...
00:34:47 - process[3] - epoch 13 - train iter 196 - 18813.0 words/s - loss: 0.3730
00:34:47 - process[3]: evaluating epoch 13 on dev ...
00:35:31 - dev set during evaluation: 15300/15294
00:35:31 - process[3] - dev - epoch 13 - mAP: 0.485 w/ 36 queries
00:35:31 - process[3]: training epoch 14 ...
00:35:41 - process[3] - epoch 14 - train iter 196 - 16982.1 words/s - loss: 0.2971
00:35:41 - process[3]: evaluating epoch 14 on dev ...
00:36:24 - dev set during evaluation: 15300/15294
00:36:24 - process[3] - dev - epoch 14 - mAP: 0.488 w/ 36 queries
00:36:24 - process[3]: training epoch 15 ...
00:36:35 - process[3] - epoch 15 - train iter 196 - 16493.1 words/s - loss: 0.3675
00:36:35 - process[3]: evaluating epoch 15 on dev ...
00:37:17 - dev set during evaluation: 15300/15294
00:37:17 - process[3] - dev - epoch 15 - mAP: 0.494 w/ 36 queries
00:37:17 - process[3]: training epoch 16 ...
00:37:26 - process[3] - epoch 16 - train iter 196 - 19179.7 words/s - loss: 0.3540
00:37:26 - process[3]: evaluating epoch 16 on dev ...
00:38:09 - dev set during evaluation: 15300/15294
00:38:09 - process[3] - dev - epoch 16 - mAP: 0.479 w/ 36 queries
00:38:09 - process[3]: training epoch 17 ...
00:38:19 - process[3] - epoch 17 - train iter 196 - 17940.8 words/s - loss: 0.3185
00:38:19 - process[3]: evaluating epoch 17 on dev ...
00:39:02 - dev set during evaluation: 15300/15294
00:39:02 - process[3] - dev - epoch 17 - mAP: 0.483 w/ 36 queries
00:39:02 - process[3]: training epoch 18 ...
00:39:13 - process[3] - epoch 18 - train iter 196 - 16192.4 words/s - loss: 0.3284
00:39:13 - process[3]: evaluating epoch 18 on dev ...
00:39:56 - dev set during evaluation: 15300/15294
00:39:56 - process[3] - dev - epoch 18 - mAP: 0.484 w/ 36 queries
00:39:56 - process[3]: training epoch 19 ...
00:40:05 - process[3] - epoch 19 - train iter 196 - 19439.9 words/s - loss: 0.3063
00:40:05 - process[3]: evaluating epoch 19 on dev ...
00:40:49 - dev set during evaluation: 15300/15294
00:40:49 - process[3] - dev - epoch 19 - mAP: 0.512 w/ 36 queries
00:40:49 - process[3]: evaluating epoch 19 on test ...
00:41:30 - test set during evaluation: 15480/15477
00:41:30 - process[3] - test - epoch 19 - mAP: 0.414 w/ 35 queries
00:41:30 - [fold 3] best test MAP: 0.414 @ epoch 19
00:41:30 - Evaluating every 1 epochs ...
00:41:30 - reading data from /mnt/home/puxuan/CLIR-project/Evaluation_data/process-clef/uncased
00:41:31 - test has 35 queries ...
00:41:31 - Data reading done ...
00:41:33 - adding 9-th encoder to optimizer...
00:41:33 - adding 10-th encoder to optimizer...
00:41:33 - adding 11-th encoder to optimizer...
00:41:33 - process[3]: training epoch 0 ...
00:41:45 - process[3] - epoch 0 - train iter 207 - 16346.0 words/s - loss: 0.5476
00:41:45 - process[3]: training epoch 1 ...
00:41:56 - process[3] - epoch 1 - train iter 207 - 16256.2 words/s - loss: 0.4928
00:41:56 - process[3]: training epoch 2 ...
00:42:07 - process[3] - epoch 2 - train iter 207 - 16848.7 words/s - loss: 0.5138
00:42:07 - process[3]: training epoch 3 ...
00:42:19 - process[3] - epoch 3 - train iter 207 - 16728.3 words/s - loss: 0.4536
00:42:19 - process[3]: training epoch 4 ...
00:42:30 - process[3] - epoch 4 - train iter 207 - 17003.9 words/s - loss: 0.4264
00:42:30 - process[3]: training epoch 5 ...
00:42:40 - process[3] - epoch 5 - train iter 207 - 17907.8 words/s - loss: 0.4274
00:42:40 - process[3]: training epoch 6 ...
00:42:51 - process[3] - epoch 6 - train iter 207 - 17085.0 words/s - loss: 0.3664
00:42:51 - process[3]: training epoch 7 ...
00:43:02 - process[3] - epoch 7 - train iter 207 - 17639.5 words/s - loss: 0.3976
00:43:02 - process[3]: training epoch 8 ...
00:43:13 - process[3] - epoch 8 - train iter 207 - 17265.9 words/s - loss: 0.4226
00:43:13 - process[3]: training epoch 9 ...
00:43:25 - process[3] - epoch 9 - train iter 207 - 15649.8 words/s - loss: 0.3867
00:43:25 - process[3]: training epoch 10 ...
00:43:37 - process[3] - epoch 10 - train iter 207 - 15049.5 words/s - loss: 0.3924
00:43:37 - process[3]: evaluating epoch 10 on dev ...
00:44:20 - dev set during evaluation: 15480/15477
00:44:20 - process[3] - dev - epoch 10 - mAP: 0.437 w/ 35 queries
00:44:20 - process[3]: evaluating epoch 10 on test ...
00:45:02 - test set during evaluation: 14470/14463
00:45:02 - process[3] - test - epoch 10 - mAP: 0.467 w/ 35 queries
00:45:02 - process[3]: training epoch 11 ...
00:45:13 - process[3] - epoch 11 - train iter 207 - 17721.0 words/s - loss: 0.3551
00:45:13 - process[3]: evaluating epoch 11 on dev ...
00:45:55 - dev set during evaluation: 15480/15477
00:45:55 - process[3] - dev - epoch 11 - mAP: 0.450 w/ 35 queries
00:45:55 - process[3]: evaluating epoch 11 on test ...
00:46:37 - test set during evaluation: 14470/14463
00:46:37 - process[3] - test - epoch 11 - mAP: 0.465 w/ 35 queries
00:46:37 - process[3]: training epoch 12 ...
00:46:48 - process[3] - epoch 12 - train iter 207 - 16418.0 words/s - loss: 0.3510
00:46:48 - process[3]: evaluating epoch 12 on dev ...
00:47:30 - dev set during evaluation: 15480/15477
00:47:30 - process[3] - dev - epoch 12 - mAP: 0.445 w/ 35 queries
00:47:30 - process[3]: training epoch 13 ...
00:47:42 - process[3] - epoch 13 - train iter 207 - 16907.7 words/s - loss: 0.3551
00:47:42 - process[3]: evaluating epoch 13 on dev ...
00:48:24 - dev set during evaluation: 15480/15477
00:48:24 - process[3] - dev - epoch 13 - mAP: 0.442 w/ 35 queries
00:48:24 - process[3]: training epoch 14 ...
00:48:35 - process[3] - epoch 14 - train iter 207 - 16037.5 words/s - loss: 0.3448
00:48:35 - process[3]: evaluating epoch 14 on dev ...
00:49:17 - dev set during evaluation: 15480/15477
00:49:17 - process[3] - dev - epoch 14 - mAP: 0.449 w/ 35 queries
00:49:17 - process[3]: training epoch 15 ...
00:49:27 - process[3] - epoch 15 - train iter 207 - 17940.1 words/s - loss: 0.3774
00:49:27 - process[3]: evaluating epoch 15 on dev ...
00:50:09 - dev set during evaluation: 15480/15477
00:50:09 - process[3] - dev - epoch 15 - mAP: 0.434 w/ 35 queries
00:50:09 - process[3]: training epoch 16 ...
00:50:21 - process[3] - epoch 16 - train iter 207 - 16215.7 words/s - loss: 0.3463
00:50:21 - process[3]: evaluating epoch 16 on dev ...
00:51:02 - dev set during evaluation: 15480/15477
00:51:02 - process[3] - dev - epoch 16 - mAP: 0.424 w/ 35 queries
00:51:02 - process[3]: training epoch 17 ...
00:51:14 - process[3] - epoch 17 - train iter 207 - 15358.8 words/s - loss: 0.3076
00:51:14 - process[3]: evaluating epoch 17 on dev ...
00:51:56 - dev set during evaluation: 15480/15477
00:51:56 - process[3] - dev - epoch 17 - mAP: 0.432 w/ 35 queries
00:51:56 - process[3]: training epoch 18 ...
00:52:07 - process[3] - epoch 18 - train iter 207 - 16121.2 words/s - loss: 0.3364
00:52:07 - process[3]: evaluating epoch 18 on dev ...
00:52:49 - dev set during evaluation: 15480/15477
00:52:49 - process[3] - dev - epoch 18 - mAP: 0.447 w/ 35 queries
00:52:49 - process[3]: training epoch 19 ...
00:53:00 - process[3] - epoch 19 - train iter 207 - 16721.9 words/s - loss: 0.3336
00:53:00 - process[3]: evaluating epoch 19 on dev ...
00:53:42 - dev set during evaluation: 15480/15477
00:53:42 - process[3] - dev - epoch 19 - mAP: 0.462 w/ 35 queries
00:53:42 - process[3]: evaluating epoch 19 on test ...
00:54:24 - test set during evaluation: 14470/14463
00:54:24 - process[3] - test - epoch 19 - mAP: 0.442 w/ 35 queries
00:54:24 - [fold 4] best test MAP: 0.442 @ epoch 19
00:54:24 - Evaluating every 1 epochs ...
00:54:24 - reading data from /mnt/home/puxuan/CLIR-project/Evaluation_data/process-clef/uncased
00:54:25 - test has 35 queries ...
00:54:25 - Data reading done ...
00:54:26 - adding 9-th encoder to optimizer...
00:54:26 - adding 10-th encoder to optimizer...
00:54:26 - adding 11-th encoder to optimizer...
00:54:27 - process[3]: training epoch 0 ...
00:54:37 - process[3] - epoch 0 - train iter 195 - 17168.2 words/s - loss: 0.5546
00:54:37 - process[3]: training epoch 1 ...
00:54:48 - process[3] - epoch 1 - train iter 195 - 14906.3 words/s - loss: 0.4810
00:54:48 - process[3]: training epoch 2 ...
00:54:59 - process[3] - epoch 2 - train iter 195 - 16743.5 words/s - loss: 0.4534
00:54:59 - process[3]: training epoch 3 ...
00:55:09 - process[3] - epoch 3 - train iter 195 - 16895.3 words/s - loss: 0.4135
00:55:09 - process[3]: training epoch 4 ...
00:55:20 - process[3] - epoch 4 - train iter 195 - 16823.5 words/s - loss: 0.3759
00:55:20 - process[3]: training epoch 5 ...
00:55:30 - process[3] - epoch 5 - train iter 195 - 17247.3 words/s - loss: 0.4455
00:55:30 - process[3]: training epoch 6 ...
00:55:40 - process[3] - epoch 6 - train iter 195 - 17560.1 words/s - loss: 0.3826
00:55:40 - process[3]: training epoch 7 ...
00:55:49 - process[3] - epoch 7 - train iter 195 - 19121.9 words/s - loss: 0.4158
00:55:49 - process[3]: training epoch 8 ...
00:56:00 - process[3] - epoch 8 - train iter 195 - 16937.3 words/s - loss: 0.3989
00:56:00 - process[3]: training epoch 9 ...
00:56:11 - process[3] - epoch 9 - train iter 195 - 15838.8 words/s - loss: 0.3476
00:56:11 - process[3]: training epoch 10 ...
00:56:22 - process[3] - epoch 10 - train iter 195 - 15720.7 words/s - loss: 0.3714
00:56:22 - process[3]: evaluating epoch 10 on dev ...
00:57:11 - dev set during evaluation: 14470/14463
00:57:11 - process[3] - dev - epoch 10 - mAP: 0.458 w/ 35 queries
00:57:11 - process[3]: evaluating epoch 10 on test ...
00:57:56 - test set during evaluation: 14160/14157
00:57:56 - process[3] - test - epoch 10 - mAP: 0.491 w/ 35 queries
00:57:56 - process[3]: training epoch 11 ...
00:58:07 - process[3] - epoch 11 - train iter 195 - 16100.8 words/s - loss: 0.3466
00:58:07 - process[3]: evaluating epoch 11 on dev ...
00:58:50 - dev set during evaluation: 14470/14463
00:58:50 - process[3] - dev - epoch 11 - mAP: 0.470 w/ 35 queries
00:58:50 - process[3]: evaluating epoch 11 on test ...
00:59:35 - test set during evaluation: 14160/14157
00:59:35 - process[3] - test - epoch 11 - mAP: 0.501 w/ 35 queries
00:59:35 - process[3]: training epoch 12 ...
00:59:47 - process[3] - epoch 12 - train iter 195 - 15598.9 words/s - loss: 0.3275
00:59:47 - process[3]: evaluating epoch 12 on dev ...
01:00:28 - dev set during evaluation: 14470/14463
01:00:28 - process[3] - dev - epoch 12 - mAP: 0.458 w/ 35 queries
01:00:28 - process[3]: training epoch 13 ...
01:00:37 - process[3] - epoch 13 - train iter 195 - 17833.5 words/s - loss: 0.3746
01:00:37 - process[3]: evaluating epoch 13 on dev ...
01:01:20 - dev set during evaluation: 14470/14463
01:01:20 - process[3] - dev - epoch 13 - mAP: 0.460 w/ 35 queries
01:01:20 - process[3]: training epoch 14 ...
01:01:32 - process[3] - epoch 14 - train iter 195 - 15610.8 words/s - loss: 0.3419
01:01:32 - process[3]: evaluating epoch 14 on dev ...
01:02:14 - dev set during evaluation: 14470/14463
01:02:14 - process[3] - dev - epoch 14 - mAP: 0.468 w/ 35 queries
01:02:14 - process[3]: training epoch 15 ...
01:02:24 - process[3] - epoch 15 - train iter 195 - 16954.3 words/s - loss: 0.3373
01:02:24 - process[3]: evaluating epoch 15 on dev ...
01:03:06 - dev set during evaluation: 14470/14463
01:03:06 - process[3] - dev - epoch 15 - mAP: 0.475 w/ 35 queries
01:03:06 - process[3]: evaluating epoch 15 on test ...
01:03:52 - test set during evaluation: 14160/14157
01:03:52 - process[3] - test - epoch 15 - mAP: 0.500 w/ 35 queries
01:03:52 - process[3]: training epoch 16 ...
01:04:04 - process[3] - epoch 16 - train iter 195 - 14164.4 words/s - loss: 0.3643
01:04:04 - process[3]: evaluating epoch 16 on dev ...
01:04:46 - dev set during evaluation: 14470/14463
01:04:46 - process[3] - dev - epoch 16 - mAP: 0.468 w/ 35 queries
01:04:46 - process[3]: training epoch 17 ...
01:04:56 - process[3] - epoch 17 - train iter 195 - 16758.2 words/s - loss: 0.3488
01:04:56 - process[3]: evaluating epoch 17 on dev ...
01:05:39 - dev set during evaluation: 14470/14463
01:05:39 - process[3] - dev - epoch 17 - mAP: 0.473 w/ 35 queries
01:05:39 - process[3]: training epoch 18 ...
01:05:50 - process[3] - epoch 18 - train iter 195 - 17431.1 words/s - loss: 0.3334
01:05:50 - process[3]: evaluating epoch 18 on dev ...
01:06:32 - dev set during evaluation: 14470/14463
01:06:32 - process[3] - dev - epoch 18 - mAP: 0.457 w/ 35 queries
01:06:32 - process[3]: training epoch 19 ...
01:06:45 - process[3] - epoch 19 - train iter 195 - 14024.8 words/s - loss: 0.3426
01:06:45 - process[3]: evaluating epoch 19 on dev ...
01:07:25 - dev set during evaluation: 14470/14463
01:07:25 - process[3] - dev - epoch 19 - mAP: 0.477 w/ 35 queries
01:07:25 - process[3]: evaluating epoch 19 on test ...
01:08:10 - test set during evaluation: 14160/14157
01:08:10 - process[3] - test - epoch 19 - mAP: 0.520 w/ 35 queries
01:08:10 - [fold 5] best test MAP: 0.520 @ epoch 19
01:08:10 - [0.5024692492787295, 0.48051306836360247, 0.4135683578150512, 0.4422835438657639, 0.5197035819917023]
01:08:10 - [35, 36, 35, 35, 35]
01:08:10 - final MAP: 0.472
