00:00:06 - Namespace(apex_level='O2', batch_size=8, cased=False, dataset='clef', debug=False, encoder_lr=2e-05, eval_step=1, full_doc_length=True, local_rank=2, model_path='/mnt/scratch/puxuan/short_qlm_0.45/2186793/huggingface-9', model_type='mbert', num_epochs=20, num_ft_encoders=3, num_neg=1, projector_lr=2e-05, seed=611, source_lang='fr', target_lang='de')
00:00:14 - Evaluating every 1 epochs ...
00:00:14 - reading data from /mnt/home/puxuan/CLIR-project/Evaluation_data/process-clef/uncased
00:00:15 - test has 38 queries ...
00:00:15 - Data reading done ...
00:00:21 - adding 9-th encoder to optimizer...
00:00:21 - adding 10-th encoder to optimizer...
00:00:21 - adding 11-th encoder to optimizer...
00:00:22 - process[2]: training epoch 0 ...
00:00:39 - process[2] - epoch 0 - train iter 423 - 19374.9 words/s - loss: 0.6080
00:00:39 - process[2]: training epoch 1 ...
00:00:55 - process[2] - epoch 1 - train iter 423 - 21255.4 words/s - loss: 0.5449
00:00:55 - process[2]: training epoch 2 ...
00:01:11 - process[2] - epoch 2 - train iter 423 - 20823.8 words/s - loss: 0.5086
00:01:11 - process[2]: training epoch 3 ...
00:01:28 - process[2] - epoch 3 - train iter 423 - 19484.7 words/s - loss: 0.4848
00:01:28 - process[2]: training epoch 4 ...
00:01:45 - process[2] - epoch 4 - train iter 423 - 20536.7 words/s - loss: 0.4499
00:01:45 - process[2]: training epoch 5 ...
00:02:02 - process[2] - epoch 5 - train iter 423 - 20106.0 words/s - loss: 0.4719
00:02:02 - process[2]: training epoch 6 ...
00:02:17 - process[2] - epoch 6 - train iter 423 - 21299.7 words/s - loss: 0.4533
00:02:17 - process[2]: training epoch 7 ...
00:02:33 - process[2] - epoch 7 - train iter 423 - 21391.4 words/s - loss: 0.4427
00:02:33 - process[2]: training epoch 8 ...
00:02:49 - process[2] - epoch 8 - train iter 423 - 20660.2 words/s - loss: 0.4521
00:02:49 - process[2]: training epoch 9 ...
00:03:06 - process[2] - epoch 9 - train iter 423 - 20235.5 words/s - loss: 0.4180
00:03:06 - process[2]: training epoch 10 ...
00:03:22 - process[2] - epoch 10 - train iter 423 - 21004.0 words/s - loss: 0.4177
00:03:22 - process[2]: evaluating epoch 10 on dev ...
00:03:52 - dev set during evaluation: 13890/13887
00:03:52 - process[2] - dev - epoch 10 - mAP: 0.457 w/ 38 queries
00:03:52 - process[2]: evaluating epoch 10 on test ...
00:04:22 - test set during evaluation: 15580/15574
00:04:22 - process[2] - test - epoch 10 - mAP: 0.411 w/ 38 queries
00:04:22 - process[2]: training epoch 11 ...
00:04:37 - process[2] - epoch 11 - train iter 423 - 21528.5 words/s - loss: 0.4546
00:04:37 - process[2]: evaluating epoch 11 on dev ...
00:05:07 - dev set during evaluation: 13890/13887
00:05:07 - process[2] - dev - epoch 11 - mAP: 0.483 w/ 38 queries
00:05:07 - process[2]: evaluating epoch 11 on test ...
00:05:37 - test set during evaluation: 15580/15574
00:05:37 - process[2] - test - epoch 11 - mAP: 0.408 w/ 38 queries
00:05:37 - process[2]: training epoch 12 ...
00:05:53 - process[2] - epoch 12 - train iter 423 - 20646.6 words/s - loss: 0.4068
00:05:53 - process[2]: evaluating epoch 12 on dev ...
00:06:23 - dev set during evaluation: 13890/13887
00:06:23 - process[2] - dev - epoch 12 - mAP: 0.455 w/ 38 queries
00:06:23 - process[2]: training epoch 13 ...
00:06:39 - process[2] - epoch 13 - train iter 423 - 20688.0 words/s - loss: 0.4144
00:06:39 - process[2]: evaluating epoch 13 on dev ...
00:07:08 - dev set during evaluation: 13890/13887
00:07:08 - process[2] - dev - epoch 13 - mAP: 0.498 w/ 38 queries
00:07:08 - process[2]: evaluating epoch 13 on test ...
00:07:38 - test set during evaluation: 15580/15574
00:07:38 - process[2] - test - epoch 13 - mAP: 0.424 w/ 38 queries
00:07:38 - process[2]: training epoch 14 ...
00:07:54 - process[2] - epoch 14 - train iter 423 - 20458.9 words/s - loss: 0.3654
00:07:54 - process[2]: evaluating epoch 14 on dev ...
00:08:23 - dev set during evaluation: 13890/13887
00:08:23 - process[2] - dev - epoch 14 - mAP: 0.470 w/ 38 queries
00:08:23 - process[2]: training epoch 15 ...
00:08:40 - process[2] - epoch 15 - train iter 423 - 19672.9 words/s - loss: 0.4023
00:08:40 - process[2]: evaluating epoch 15 on dev ...
00:09:09 - dev set during evaluation: 13890/13887
00:09:09 - process[2] - dev - epoch 15 - mAP: 0.459 w/ 38 queries
00:09:09 - process[2]: training epoch 16 ...
00:09:26 - process[2] - epoch 16 - train iter 423 - 19853.4 words/s - loss: 0.3952
00:09:26 - process[2]: evaluating epoch 16 on dev ...
00:09:53 - dev set during evaluation: 13890/13887
00:09:53 - process[2] - dev - epoch 16 - mAP: 0.452 w/ 38 queries
00:09:53 - process[2]: training epoch 17 ...
00:10:09 - process[2] - epoch 17 - train iter 423 - 21390.7 words/s - loss: 0.3489
00:10:09 - process[2]: evaluating epoch 17 on dev ...
00:10:39 - dev set during evaluation: 13890/13887
00:10:39 - process[2] - dev - epoch 17 - mAP: 0.458 w/ 38 queries
00:10:39 - process[2]: training epoch 18 ...
00:10:53 - process[2] - epoch 18 - train iter 423 - 22610.8 words/s - loss: 0.3700
00:10:53 - process[2]: evaluating epoch 18 on dev ...
00:11:24 - dev set during evaluation: 13890/13887
00:11:24 - process[2] - dev - epoch 18 - mAP: 0.485 w/ 38 queries
00:11:24 - process[2]: training epoch 19 ...
00:11:41 - process[2] - epoch 19 - train iter 423 - 19727.6 words/s - loss: 0.3503
00:11:41 - process[2]: evaluating epoch 19 on dev ...
00:12:08 - dev set during evaluation: 13890/13887
00:12:08 - process[2] - dev - epoch 19 - mAP: 0.449 w/ 38 queries
00:12:08 - [fold 1] best test MAP: 0.424 @ epoch 13
00:12:08 - Evaluating every 1 epochs ...
00:12:08 - reading data from /mnt/home/puxuan/CLIR-project/Evaluation_data/process-clef/uncased
00:12:09 - test has 39 queries ...
00:12:09 - Data reading done ...
00:12:11 - adding 9-th encoder to optimizer...
00:12:11 - adding 10-th encoder to optimizer...
00:12:11 - adding 11-th encoder to optimizer...
00:12:11 - process[2]: training epoch 0 ...
00:12:28 - process[2] - epoch 0 - train iter 386 - 18053.6 words/s - loss: 0.6241
00:12:28 - process[2]: training epoch 1 ...
00:12:47 - process[2] - epoch 1 - train iter 386 - 16601.2 words/s - loss: 0.5463
00:12:47 - process[2]: training epoch 2 ...
00:13:06 - process[2] - epoch 2 - train iter 386 - 16360.8 words/s - loss: 0.4788
00:13:06 - process[2]: training epoch 3 ...
00:13:23 - process[2] - epoch 3 - train iter 386 - 17676.5 words/s - loss: 0.4707
00:13:23 - process[2]: training epoch 4 ...
00:13:42 - process[2] - epoch 4 - train iter 386 - 16404.5 words/s - loss: 0.4796
00:13:42 - process[2]: training epoch 5 ...
00:14:00 - process[2] - epoch 5 - train iter 386 - 17032.4 words/s - loss: 0.4237
00:14:00 - process[2]: training epoch 6 ...
00:14:19 - process[2] - epoch 6 - train iter 386 - 15822.8 words/s - loss: 0.4519
00:14:19 - process[2]: training epoch 7 ...
00:14:36 - process[2] - epoch 7 - train iter 386 - 18463.8 words/s - loss: 0.4196
00:14:36 - process[2]: training epoch 8 ...
00:14:53 - process[2] - epoch 8 - train iter 386 - 17286.1 words/s - loss: 0.4250
00:14:53 - process[2]: training epoch 9 ...
00:15:13 - process[2] - epoch 9 - train iter 386 - 14990.2 words/s - loss: 0.4081
00:15:13 - process[2]: training epoch 10 ...
00:15:31 - process[2] - epoch 10 - train iter 386 - 16942.3 words/s - loss: 0.4081
00:15:31 - process[2]: evaluating epoch 10 on dev ...
00:16:09 - dev set during evaluation: 15580/15574
00:16:09 - process[2] - dev - epoch 10 - mAP: 0.401 w/ 38 queries
00:16:09 - process[2]: evaluating epoch 10 on test ...
00:16:41 - test set during evaluation: 14340/14338
00:16:41 - process[2] - test - epoch 10 - mAP: 0.492 w/ 39 queries
00:16:41 - process[2]: training epoch 11 ...
00:17:00 - process[2] - epoch 11 - train iter 386 - 15739.4 words/s - loss: 0.4088
00:17:00 - process[2]: evaluating epoch 11 on dev ...
00:17:35 - dev set during evaluation: 15580/15574
00:17:35 - process[2] - dev - epoch 11 - mAP: 0.429 w/ 38 queries
00:17:35 - process[2]: evaluating epoch 11 on test ...
00:18:07 - test set during evaluation: 14340/14338
00:18:07 - process[2] - test - epoch 11 - mAP: 0.495 w/ 39 queries
00:18:07 - process[2]: training epoch 12 ...
00:18:25 - process[2] - epoch 12 - train iter 386 - 17202.5 words/s - loss: 0.3899
00:18:25 - process[2]: evaluating epoch 12 on dev ...
00:19:01 - dev set during evaluation: 15580/15574
00:19:01 - process[2] - dev - epoch 12 - mAP: 0.414 w/ 38 queries
00:19:01 - process[2]: training epoch 13 ...
00:19:21 - process[2] - epoch 13 - train iter 386 - 15989.2 words/s - loss: 0.4041
00:19:21 - process[2]: evaluating epoch 13 on dev ...
00:19:56 - dev set during evaluation: 15580/15574
00:19:56 - process[2] - dev - epoch 13 - mAP: 0.410 w/ 38 queries
00:19:56 - process[2]: training epoch 14 ...
00:20:13 - process[2] - epoch 14 - train iter 386 - 17858.2 words/s - loss: 0.3977
00:20:13 - process[2]: evaluating epoch 14 on dev ...
00:20:51 - dev set during evaluation: 15580/15574
00:20:51 - process[2] - dev - epoch 14 - mAP: 0.422 w/ 38 queries
00:20:51 - process[2]: training epoch 15 ...
00:21:10 - process[2] - epoch 15 - train iter 386 - 16408.5 words/s - loss: 0.4043
00:21:10 - process[2]: evaluating epoch 15 on dev ...
00:21:45 - dev set during evaluation: 15580/15574
00:21:45 - process[2] - dev - epoch 15 - mAP: 0.413 w/ 38 queries
00:21:45 - process[2]: training epoch 16 ...
00:22:04 - process[2] - epoch 16 - train iter 386 - 15968.8 words/s - loss: 0.3686
00:22:04 - process[2]: evaluating epoch 16 on dev ...
00:22:39 - dev set during evaluation: 15580/15574
00:22:39 - process[2] - dev - epoch 16 - mAP: 0.416 w/ 38 queries
00:22:39 - process[2]: training epoch 17 ...
00:22:58 - process[2] - epoch 17 - train iter 386 - 15944.7 words/s - loss: 0.3744
00:22:58 - process[2]: evaluating epoch 17 on dev ...
00:23:33 - dev set during evaluation: 15580/15574
00:23:33 - process[2] - dev - epoch 17 - mAP: 0.421 w/ 38 queries
00:23:33 - process[2]: training epoch 18 ...
00:23:53 - process[2] - epoch 18 - train iter 386 - 15647.5 words/s - loss: 0.4028
00:23:53 - process[2]: evaluating epoch 18 on dev ...
00:24:28 - dev set during evaluation: 15580/15574
00:24:28 - process[2] - dev - epoch 18 - mAP: 0.409 w/ 38 queries
00:24:28 - process[2]: training epoch 19 ...
00:24:45 - process[2] - epoch 19 - train iter 386 - 17568.8 words/s - loss: 0.3755
00:24:45 - process[2]: evaluating epoch 19 on dev ...
00:25:22 - dev set during evaluation: 15580/15574
00:25:22 - process[2] - dev - epoch 19 - mAP: 0.400 w/ 38 queries
00:25:22 - [fold 2] best test MAP: 0.495 @ epoch 11
00:25:22 - Evaluating every 1 epochs ...
00:25:22 - reading data from /mnt/home/puxuan/CLIR-project/Evaluation_data/process-clef/uncased
00:25:23 - test has 39 queries ...
00:25:23 - Data reading done ...
00:25:24 - adding 9-th encoder to optimizer...
00:25:24 - adding 10-th encoder to optimizer...
00:25:24 - adding 11-th encoder to optimizer...
00:25:25 - process[2]: training epoch 0 ...
00:25:42 - process[2] - epoch 0 - train iter 360 - 16413.9 words/s - loss: 0.6224
00:25:42 - process[2]: training epoch 1 ...
00:26:00 - process[2] - epoch 1 - train iter 360 - 16354.0 words/s - loss: 0.5498
00:26:00 - process[2]: training epoch 2 ...
00:26:18 - process[2] - epoch 2 - train iter 360 - 15729.1 words/s - loss: 0.5065
00:26:18 - process[2]: training epoch 3 ...
00:26:36 - process[2] - epoch 3 - train iter 360 - 16085.9 words/s - loss: 0.4860
00:26:36 - process[2]: training epoch 4 ...
00:26:55 - process[2] - epoch 4 - train iter 360 - 15471.7 words/s - loss: 0.4822
00:26:55 - process[2]: training epoch 5 ...
00:27:12 - process[2] - epoch 5 - train iter 360 - 16059.9 words/s - loss: 0.4614
00:27:12 - process[2]: training epoch 6 ...
00:27:33 - process[2] - epoch 6 - train iter 360 - 14002.7 words/s - loss: 0.4690
00:27:33 - process[2]: training epoch 7 ...
00:27:49 - process[2] - epoch 7 - train iter 360 - 16985.5 words/s - loss: 0.4639
00:27:49 - process[2]: training epoch 8 ...
00:28:05 - process[2] - epoch 8 - train iter 360 - 18148.9 words/s - loss: 0.4412
00:28:05 - process[2]: training epoch 9 ...
00:28:22 - process[2] - epoch 9 - train iter 360 - 17221.4 words/s - loss: 0.4438
00:28:22 - process[2]: training epoch 10 ...
00:28:40 - process[2] - epoch 10 - train iter 360 - 15899.6 words/s - loss: 0.4265
00:28:40 - process[2]: evaluating epoch 10 on dev ...
00:29:15 - dev set during evaluation: 14340/14338
00:29:15 - process[2] - dev - epoch 10 - mAP: 0.482 w/ 39 queries
00:29:15 - process[2]: evaluating epoch 10 on test ...
00:29:44 - test set during evaluation: 11710/11707
00:29:44 - process[2] - test - epoch 10 - mAP: 0.521 w/ 39 queries
00:29:44 - process[2]: training epoch 11 ...
00:30:02 - process[2] - epoch 11 - train iter 360 - 16423.2 words/s - loss: 0.3941
00:30:02 - process[2]: evaluating epoch 11 on dev ...
00:30:36 - dev set during evaluation: 14340/14338
00:30:36 - process[2] - dev - epoch 11 - mAP: 0.506 w/ 39 queries
00:30:36 - process[2]: evaluating epoch 11 on test ...
00:31:05 - test set during evaluation: 11710/11707
00:31:05 - process[2] - test - epoch 11 - mAP: 0.523 w/ 39 queries
00:31:05 - process[2]: training epoch 12 ...
00:31:22 - process[2] - epoch 12 - train iter 360 - 16107.3 words/s - loss: 0.4195
00:31:22 - process[2]: evaluating epoch 12 on dev ...
00:31:57 - dev set during evaluation: 14340/14338
00:31:57 - process[2] - dev - epoch 12 - mAP: 0.501 w/ 39 queries
00:31:57 - process[2]: training epoch 13 ...
00:32:16 - process[2] - epoch 13 - train iter 360 - 15366.2 words/s - loss: 0.3695
00:32:16 - process[2]: evaluating epoch 13 on dev ...
00:32:48 - dev set during evaluation: 14340/14338
00:32:48 - process[2] - dev - epoch 13 - mAP: 0.506 w/ 39 queries
00:32:48 - process[2]: evaluating epoch 13 on test ...
00:33:16 - test set during evaluation: 11710/11707
00:33:16 - process[2] - test - epoch 13 - mAP: 0.532 w/ 39 queries
00:33:16 - process[2]: training epoch 14 ...
00:33:35 - process[2] - epoch 14 - train iter 360 - 15811.2 words/s - loss: 0.4178
00:33:35 - process[2]: evaluating epoch 14 on dev ...
00:34:07 - dev set during evaluation: 14340/14338
00:34:07 - process[2] - dev - epoch 14 - mAP: 0.490 w/ 39 queries
00:34:07 - process[2]: training epoch 15 ...
00:34:24 - process[2] - epoch 15 - train iter 360 - 16564.4 words/s - loss: 0.4052
00:34:24 - process[2]: evaluating epoch 15 on dev ...
00:34:57 - dev set during evaluation: 14340/14338
00:34:57 - process[2] - dev - epoch 15 - mAP: 0.495 w/ 39 queries
00:34:57 - process[2]: training epoch 16 ...
00:35:16 - process[2] - epoch 16 - train iter 360 - 15468.6 words/s - loss: 0.3719
00:35:16 - process[2]: evaluating epoch 16 on dev ...
00:35:47 - dev set during evaluation: 14340/14338
00:35:47 - process[2] - dev - epoch 16 - mAP: 0.504 w/ 39 queries
00:35:47 - process[2]: training epoch 17 ...
00:36:05 - process[2] - epoch 17 - train iter 360 - 15884.0 words/s - loss: 0.3768
00:36:05 - process[2]: evaluating epoch 17 on dev ...
00:36:38 - dev set during evaluation: 14340/14338
00:36:38 - process[2] - dev - epoch 17 - mAP: 0.508 w/ 39 queries
00:36:38 - process[2]: evaluating epoch 17 on test ...
00:37:07 - test set during evaluation: 11710/11707
00:37:07 - process[2] - test - epoch 17 - mAP: 0.531 w/ 39 queries
00:37:07 - process[2]: training epoch 18 ...
00:37:24 - process[2] - epoch 18 - train iter 360 - 16827.8 words/s - loss: 0.3517
00:37:24 - process[2]: evaluating epoch 18 on dev ...
00:38:00 - dev set during evaluation: 14340/14338
00:38:00 - process[2] - dev - epoch 18 - mAP: 0.501 w/ 39 queries
00:38:00 - process[2]: training epoch 19 ...
00:38:17 - process[2] - epoch 19 - train iter 360 - 16133.8 words/s - loss: 0.3182
00:38:17 - process[2]: evaluating epoch 19 on dev ...
00:38:50 - dev set during evaluation: 14340/14338
00:38:50 - process[2] - dev - epoch 19 - mAP: 0.498 w/ 39 queries
00:38:50 - [fold 3] best test MAP: 0.531 @ epoch 17
00:38:50 - Evaluating every 1 epochs ...
00:38:50 - reading data from /mnt/home/puxuan/CLIR-project/Evaluation_data/process-clef/uncased
00:38:51 - test has 38 queries ...
00:38:51 - Data reading done ...
00:38:53 - adding 9-th encoder to optimizer...
00:38:53 - adding 10-th encoder to optimizer...
00:38:53 - adding 11-th encoder to optimizer...
00:38:53 - process[2]: training epoch 0 ...
00:39:11 - process[2] - epoch 0 - train iter 404 - 17918.5 words/s - loss: 0.6171
00:39:11 - process[2]: training epoch 1 ...
00:39:29 - process[2] - epoch 1 - train iter 404 - 18370.4 words/s - loss: 0.5147
00:39:29 - process[2]: training epoch 2 ...
00:39:48 - process[2] - epoch 2 - train iter 404 - 16263.8 words/s - loss: 0.4982
00:39:48 - process[2]: training epoch 3 ...
00:40:05 - process[2] - epoch 3 - train iter 404 - 19393.9 words/s - loss: 0.5100
00:40:05 - process[2]: training epoch 4 ...
00:40:23 - process[2] - epoch 4 - train iter 404 - 17501.8 words/s - loss: 0.4729
00:40:23 - process[2]: training epoch 5 ...
00:40:42 - process[2] - epoch 5 - train iter 404 - 17679.7 words/s - loss: 0.4784
00:40:42 - process[2]: training epoch 6 ...
00:40:59 - process[2] - epoch 6 - train iter 404 - 17864.0 words/s - loss: 0.4743
00:40:59 - process[2]: training epoch 7 ...
00:41:18 - process[2] - epoch 7 - train iter 404 - 17461.9 words/s - loss: 0.4362
00:41:18 - process[2]: training epoch 8 ...
00:41:34 - process[2] - epoch 8 - train iter 404 - 18814.9 words/s - loss: 0.4334
00:41:34 - process[2]: training epoch 9 ...
00:41:53 - process[2] - epoch 9 - train iter 404 - 17306.5 words/s - loss: 0.4149
00:41:53 - process[2]: training epoch 10 ...
00:42:11 - process[2] - epoch 10 - train iter 404 - 17937.9 words/s - loss: 0.4490
00:42:11 - process[2]: evaluating epoch 10 on dev ...
00:42:39 - dev set during evaluation: 11710/11707
00:42:39 - process[2] - dev - epoch 10 - mAP: 0.509 w/ 39 queries
00:42:39 - process[2]: evaluating epoch 10 on test ...
00:43:06 - test set during evaluation: 13490/13483
00:43:06 - process[2] - test - epoch 10 - mAP: 0.460 w/ 38 queries
00:43:06 - process[2]: training epoch 11 ...
00:43:25 - process[2] - epoch 11 - train iter 404 - 17277.6 words/s - loss: 0.3870
00:43:25 - process[2]: evaluating epoch 11 on dev ...
00:43:53 - dev set during evaluation: 11710/11707
00:43:53 - process[2] - dev - epoch 11 - mAP: 0.511 w/ 39 queries
00:43:53 - process[2]: evaluating epoch 11 on test ...
00:44:20 - test set during evaluation: 13490/13483
00:44:20 - process[2] - test - epoch 11 - mAP: 0.483 w/ 38 queries
00:44:20 - process[2]: training epoch 12 ...
00:44:39 - process[2] - epoch 12 - train iter 404 - 17681.3 words/s - loss: 0.3681
00:44:39 - process[2]: evaluating epoch 12 on dev ...
00:45:05 - dev set during evaluation: 11710/11707
00:45:05 - process[2] - dev - epoch 12 - mAP: 0.513 w/ 39 queries
00:45:05 - process[2]: evaluating epoch 12 on test ...
00:45:33 - test set during evaluation: 13490/13483
00:45:33 - process[2] - test - epoch 12 - mAP: 0.475 w/ 38 queries
00:45:33 - process[2]: training epoch 13 ...
00:45:50 - process[2] - epoch 13 - train iter 404 - 18620.3 words/s - loss: 0.4265
00:45:50 - process[2]: evaluating epoch 13 on dev ...
00:46:18 - dev set during evaluation: 11710/11707
00:46:18 - process[2] - dev - epoch 13 - mAP: 0.521 w/ 39 queries
00:46:18 - process[2]: evaluating epoch 13 on test ...
00:46:45 - test set during evaluation: 13490/13483
00:46:45 - process[2] - test - epoch 13 - mAP: 0.501 w/ 38 queries
00:46:45 - process[2]: training epoch 14 ...
00:47:03 - process[2] - epoch 14 - train iter 404 - 18037.9 words/s - loss: 0.3713
00:47:03 - process[2]: evaluating epoch 14 on dev ...
00:47:31 - dev set during evaluation: 11710/11707
00:47:31 - process[2] - dev - epoch 14 - mAP: 0.491 w/ 39 queries
00:47:31 - process[2]: training epoch 15 ...
00:47:48 - process[2] - epoch 15 - train iter 404 - 18274.2 words/s - loss: 0.3790
00:47:48 - process[2]: evaluating epoch 15 on dev ...
00:48:16 - dev set during evaluation: 11710/11707
00:48:16 - process[2] - dev - epoch 15 - mAP: 0.516 w/ 39 queries
00:48:16 - process[2]: training epoch 16 ...
00:48:36 - process[2] - epoch 16 - train iter 404 - 15785.4 words/s - loss: 0.3733
00:48:36 - process[2]: evaluating epoch 16 on dev ...
00:49:01 - dev set during evaluation: 11710/11707
00:49:01 - process[2] - dev - epoch 16 - mAP: 0.524 w/ 39 queries
00:49:01 - process[2]: evaluating epoch 16 on test ...
00:49:28 - test set during evaluation: 13490/13483
00:49:28 - process[2] - test - epoch 16 - mAP: 0.502 w/ 38 queries
00:49:28 - process[2]: training epoch 17 ...
00:49:47 - process[2] - epoch 17 - train iter 404 - 17381.9 words/s - loss: 0.3480
00:49:47 - process[2]: evaluating epoch 17 on dev ...
00:50:14 - dev set during evaluation: 11710/11707
00:50:14 - process[2] - dev - epoch 17 - mAP: 0.524 w/ 39 queries
00:50:14 - process[2]: evaluating epoch 17 on test ...
00:50:41 - test set during evaluation: 13490/13483
00:50:41 - process[2] - test - epoch 17 - mAP: 0.498 w/ 38 queries
00:50:41 - process[2]: training epoch 18 ...
00:51:02 - process[2] - epoch 18 - train iter 404 - 15452.2 words/s - loss: 0.3660
00:51:02 - process[2]: evaluating epoch 18 on dev ...
00:51:27 - dev set during evaluation: 11710/11707
00:51:27 - process[2] - dev - epoch 18 - mAP: 0.522 w/ 39 queries
00:51:27 - process[2]: training epoch 19 ...
00:51:45 - process[2] - epoch 19 - train iter 404 - 17914.1 words/s - loss: 0.3764
00:51:45 - process[2]: evaluating epoch 19 on dev ...
00:52:11 - dev set during evaluation: 11710/11707
00:52:11 - process[2] - dev - epoch 19 - mAP: 0.526 w/ 39 queries
00:52:11 - process[2]: evaluating epoch 19 on test ...
00:52:38 - test set during evaluation: 13490/13483
00:52:38 - process[2] - test - epoch 19 - mAP: 0.488 w/ 38 queries
00:52:38 - [fold 4] best test MAP: 0.488 @ epoch 19
00:52:38 - Evaluating every 1 epochs ...
00:52:38 - reading data from /mnt/home/puxuan/CLIR-project/Evaluation_data/process-clef/uncased
00:52:39 - test has 38 queries ...
00:52:39 - Data reading done ...
00:52:41 - adding 9-th encoder to optimizer...
00:52:41 - adding 10-th encoder to optimizer...
00:52:41 - adding 11-th encoder to optimizer...
00:52:41 - process[2]: training epoch 0 ...
00:53:01 - process[2] - epoch 0 - train iter 444 - 18323.4 words/s - loss: 0.6144
00:53:01 - process[2]: training epoch 1 ...
00:53:20 - process[2] - epoch 1 - train iter 444 - 18465.7 words/s - loss: 0.5631
00:53:20 - process[2]: training epoch 2 ...
00:53:40 - process[2] - epoch 2 - train iter 444 - 17971.2 words/s - loss: 0.5154
00:53:40 - process[2]: training epoch 3 ...
00:54:00 - process[2] - epoch 3 - train iter 444 - 17856.9 words/s - loss: 0.5025
00:54:00 - process[2]: training epoch 4 ...
00:54:18 - process[2] - epoch 4 - train iter 444 - 19066.0 words/s - loss: 0.4800
00:54:18 - process[2]: training epoch 5 ...
00:54:36 - process[2] - epoch 5 - train iter 444 - 19305.9 words/s - loss: 0.4871
00:54:36 - process[2]: training epoch 6 ...
00:54:54 - process[2] - epoch 6 - train iter 444 - 20244.4 words/s - loss: 0.4758
00:54:54 - process[2]: training epoch 7 ...
00:55:12 - process[2] - epoch 7 - train iter 444 - 19620.2 words/s - loss: 0.4177
00:55:12 - process[2]: training epoch 8 ...
00:55:31 - process[2] - epoch 8 - train iter 444 - 18431.1 words/s - loss: 0.4325
00:55:31 - process[2]: training epoch 9 ...
00:55:49 - process[2] - epoch 9 - train iter 444 - 19989.0 words/s - loss: 0.4702
00:55:49 - process[2]: training epoch 10 ...
00:56:08 - process[2] - epoch 10 - train iter 444 - 18646.1 words/s - loss: 0.4210
00:56:08 - process[2]: evaluating epoch 10 on dev ...
00:56:35 - dev set during evaluation: 13490/13483
00:56:35 - process[2] - dev - epoch 10 - mAP: 0.517 w/ 38 queries
00:56:35 - process[2]: evaluating epoch 10 on test ...
00:57:07 - test set during evaluation: 13890/13887
00:57:07 - process[2] - test - epoch 10 - mAP: 0.436 w/ 38 queries
00:57:07 - process[2]: training epoch 11 ...
00:57:26 - process[2] - epoch 11 - train iter 444 - 18503.9 words/s - loss: 0.4089
00:57:26 - process[2]: evaluating epoch 11 on dev ...
00:57:54 - dev set during evaluation: 13490/13483
00:57:54 - process[2] - dev - epoch 11 - mAP: 0.484 w/ 38 queries
00:57:54 - process[2]: training epoch 12 ...
00:58:13 - process[2] - epoch 12 - train iter 444 - 18788.4 words/s - loss: 0.4075
00:58:13 - process[2]: evaluating epoch 12 on dev ...
00:58:40 - dev set during evaluation: 13490/13483
00:58:40 - process[2] - dev - epoch 12 - mAP: 0.483 w/ 38 queries
00:58:40 - process[2]: training epoch 13 ...
00:58:58 - process[2] - epoch 13 - train iter 444 - 20207.4 words/s - loss: 0.3825
00:58:58 - process[2]: evaluating epoch 13 on dev ...
00:59:26 - dev set during evaluation: 13490/13483
00:59:26 - process[2] - dev - epoch 13 - mAP: 0.487 w/ 38 queries
00:59:26 - process[2]: training epoch 14 ...
00:59:46 - process[2] - epoch 14 - train iter 444 - 18059.2 words/s - loss: 0.4002
00:59:46 - process[2]: evaluating epoch 14 on dev ...
01:00:14 - dev set during evaluation: 13490/13483
01:00:14 - process[2] - dev - epoch 14 - mAP: 0.507 w/ 38 queries
01:00:14 - process[2]: training epoch 15 ...
01:00:33 - process[2] - epoch 15 - train iter 444 - 18579.5 words/s - loss: 0.3775
01:00:33 - process[2]: evaluating epoch 15 on dev ...
01:01:01 - dev set during evaluation: 13490/13483
01:01:01 - process[2] - dev - epoch 15 - mAP: 0.488 w/ 38 queries
01:01:01 - process[2]: training epoch 16 ...
01:01:20 - process[2] - epoch 16 - train iter 444 - 18596.7 words/s - loss: 0.4134
01:01:20 - process[2]: evaluating epoch 16 on dev ...
01:01:47 - dev set during evaluation: 13490/13483
01:01:47 - process[2] - dev - epoch 16 - mAP: 0.497 w/ 38 queries
01:01:47 - process[2]: training epoch 17 ...
01:02:06 - process[2] - epoch 17 - train iter 444 - 19350.4 words/s - loss: 0.3874
01:02:06 - process[2]: evaluating epoch 17 on dev ...
01:02:34 - dev set during evaluation: 13490/13483
01:02:34 - process[2] - dev - epoch 17 - mAP: 0.511 w/ 38 queries
01:02:34 - process[2]: training epoch 18 ...
01:02:52 - process[2] - epoch 18 - train iter 444 - 19142.8 words/s - loss: 0.3847
01:02:52 - process[2]: evaluating epoch 18 on dev ...
01:03:21 - dev set during evaluation: 13490/13483
01:03:21 - process[2] - dev - epoch 18 - mAP: 0.466 w/ 38 queries
01:03:21 - process[2]: training epoch 19 ...
01:03:40 - process[2] - epoch 19 - train iter 444 - 18699.9 words/s - loss: 0.3659
01:03:40 - process[2]: evaluating epoch 19 on dev ...
01:04:08 - dev set during evaluation: 13490/13483
01:04:08 - process[2] - dev - epoch 19 - mAP: 0.506 w/ 38 queries
01:04:08 - [fold 5] best test MAP: 0.436 @ epoch 10
01:04:08 - [0.4243545698252137, 0.4951802308799418, 0.5307503666977553, 0.4876937172537499, 0.4356040347425799]
01:04:08 - [38, 39, 39, 38, 38]
01:04:08 - final MAP: 0.475
