00:00:06 - Namespace(apex_level='O2', batch_size=8, cased=False, dataset='clef', debug=False, encoder_lr=2e-05, eval_step=1, full_doc_length=True, local_rank=0, model_path='/mnt/scratch/puxuan/short_rr/2186734/huggingface-19', model_type='mbert', num_epochs=20, num_ft_encoders=3, num_neg=1, projector_lr=2e-05, seed=611, source_lang='de', target_lang='es')
00:00:16 - Evaluating every 1 epochs ...
00:00:16 - reading data from /mnt/home/puxuan/CLIR-project/Evaluation_data/process-clef/uncased
00:00:17 - test has 31 queries ...
00:00:17 - Data reading done ...
00:00:24 - adding 9-th encoder to optimizer...
00:00:24 - adding 10-th encoder to optimizer...
00:00:24 - adding 11-th encoder to optimizer...
00:00:24 - process[0]: training epoch 0 ...
00:00:41 - process[0] - epoch 0 - train iter 540 - 27694.8 words/s - loss: 0.4992
00:00:41 - process[0]: training epoch 1 ...
00:00:57 - process[0] - epoch 1 - train iter 540 - 28962.7 words/s - loss: 0.4313
00:00:57 - process[0]: training epoch 2 ...
00:01:14 - process[0] - epoch 2 - train iter 540 - 28625.8 words/s - loss: 0.4090
00:01:14 - process[0]: training epoch 3 ...
00:01:30 - process[0] - epoch 3 - train iter 540 - 29111.4 words/s - loss: 0.4086
00:01:30 - process[0]: training epoch 4 ...
00:01:46 - process[0] - epoch 4 - train iter 540 - 28982.3 words/s - loss: 0.3726
00:01:46 - process[0]: training epoch 5 ...
00:02:02 - process[0] - epoch 5 - train iter 540 - 29002.6 words/s - loss: 0.3851
00:02:02 - process[0]: training epoch 6 ...
00:02:18 - process[0] - epoch 6 - train iter 540 - 28547.5 words/s - loss: 0.3726
00:02:18 - process[0]: training epoch 7 ...
00:02:35 - process[0] - epoch 7 - train iter 540 - 28819.7 words/s - loss: 0.3274
00:02:35 - process[0]: training epoch 8 ...
00:02:51 - process[0] - epoch 8 - train iter 540 - 28472.3 words/s - loss: 0.3278
00:02:51 - process[0]: training epoch 9 ...
00:03:07 - process[0] - epoch 9 - train iter 540 - 28714.5 words/s - loss: 0.3153
00:03:07 - process[0]: training epoch 10 ...
00:03:24 - process[0] - epoch 10 - train iter 540 - 28765.9 words/s - loss: 0.2728
00:03:24 - process[0]: evaluating epoch 10 on dev ...
00:03:41 - process[0] - dev - epoch 10 - mAP: 0.515 w/ 31 queries
00:03:41 - removing file tmp_5f/mbert_dees_dev_4_10.txt
00:03:41 - removing file tmp_5f/mbert_dees_dev_7_10.txt
00:03:41 - removing file tmp_5f/mbert_dees_dev_6_10.txt
00:03:41 - removing file tmp_5f/mbert_dees_dev_2_10.txt
00:03:41 - removing file tmp_5f/mbert_dees_dev_5_10.txt
00:03:41 - removing file tmp_5f/mbert_dees_dev_3_10.txt
00:03:41 - removing file tmp_5f/mbert_dees_dev_0_10.txt
00:03:41 - removing file tmp_5f/mbert_dees_dev_9_10.txt
00:03:41 - removing file tmp_5f/mbert_dees_dev_1_10.txt
00:03:41 - removing file tmp_5f/mbert_dees_dev_8_10.txt
00:03:41 - process[0]: evaluating epoch 10 on test ...
00:03:56 - test set during evaluation: 11460/11458
00:03:56 - process[0] - test - epoch 10 - mAP: 0.548 w/ 31 queries
00:03:56 - removing file tmp_5f/mbert_dees_test_4_10.txt
00:03:56 - removing file tmp_5f/mbert_dees_test_7_10.txt
00:03:56 - removing file tmp_5f/mbert_dees_test_6_10.txt
00:03:56 - removing file tmp_5f/mbert_dees_test_8_10.txt
00:03:56 - removing file tmp_5f/mbert_dees_test_1_10.txt
00:03:56 - removing file tmp_5f/mbert_dees_test_0_10.txt
00:03:56 - removing file tmp_5f/mbert_dees_test_5_10.txt
00:03:56 - removing file tmp_5f/mbert_dees_test_2_10.txt
00:03:56 - removing file tmp_5f/mbert_dees_test_9_10.txt
00:03:56 - removing file tmp_5f/mbert_dees_test_3_10.txt
00:03:56 - process[0]: training epoch 11 ...
00:04:13 - process[0] - epoch 11 - train iter 540 - 27087.5 words/s - loss: 0.3520
00:04:13 - process[0]: evaluating epoch 11 on dev ...
00:04:26 - process[0] - dev - epoch 11 - mAP: 0.515 w/ 31 queries
00:04:26 - removing file tmp_5f/mbert_dees_dev_9_11.txt
00:04:26 - removing file tmp_5f/mbert_dees_dev_4_11.txt
00:04:26 - removing file tmp_5f/mbert_dees_dev_2_11.txt
00:04:26 - removing file tmp_5f/mbert_dees_dev_6_11.txt
00:04:26 - removing file tmp_5f/mbert_dees_dev_5_11.txt
00:04:26 - removing file tmp_5f/mbert_dees_dev_3_11.txt
00:04:26 - removing file tmp_5f/mbert_dees_dev_1_11.txt
00:04:26 - removing file tmp_5f/mbert_dees_dev_7_11.txt
00:04:26 - removing file tmp_5f/mbert_dees_dev_0_11.txt
00:04:26 - removing file tmp_5f/mbert_dees_dev_8_11.txt
00:04:26 - process[0]: training epoch 12 ...
00:04:42 - process[0] - epoch 12 - train iter 540 - 28898.7 words/s - loss: 0.3081
00:04:42 - process[0]: evaluating epoch 12 on dev ...
00:04:57 - process[0] - dev - epoch 12 - mAP: 0.502 w/ 31 queries
00:04:57 - removing file tmp_5f/mbert_dees_dev_5_12.txt
00:04:57 - removing file tmp_5f/mbert_dees_dev_9_12.txt
00:04:57 - removing file tmp_5f/mbert_dees_dev_2_12.txt
00:04:57 - removing file tmp_5f/mbert_dees_dev_1_12.txt
00:04:57 - removing file tmp_5f/mbert_dees_dev_6_12.txt
00:04:57 - removing file tmp_5f/mbert_dees_dev_3_12.txt
00:04:57 - removing file tmp_5f/mbert_dees_dev_8_12.txt
00:04:57 - removing file tmp_5f/mbert_dees_dev_4_12.txt
00:04:57 - removing file tmp_5f/mbert_dees_dev_0_12.txt
00:04:57 - removing file tmp_5f/mbert_dees_dev_7_12.txt
00:04:57 - process[0]: training epoch 13 ...
00:05:13 - process[0] - epoch 13 - train iter 540 - 28750.3 words/s - loss: 0.3133
00:05:13 - process[0]: evaluating epoch 13 on dev ...
00:05:27 - process[0] - dev - epoch 13 - mAP: 0.515 w/ 31 queries
00:05:27 - removing file tmp_5f/mbert_dees_dev_8_13.txt
00:05:27 - removing file tmp_5f/mbert_dees_dev_3_13.txt
00:05:27 - removing file tmp_5f/mbert_dees_dev_2_13.txt
00:05:27 - removing file tmp_5f/mbert_dees_dev_1_13.txt
00:05:27 - removing file tmp_5f/mbert_dees_dev_7_13.txt
00:05:27 - removing file tmp_5f/mbert_dees_dev_4_13.txt
00:05:27 - removing file tmp_5f/mbert_dees_dev_6_13.txt
00:05:27 - removing file tmp_5f/mbert_dees_dev_5_13.txt
00:05:27 - removing file tmp_5f/mbert_dees_dev_9_13.txt
00:05:27 - removing file tmp_5f/mbert_dees_dev_0_13.txt
00:05:27 - process[0]: evaluating epoch 13 on test ...
00:05:41 - test set during evaluation: 11460/11458
00:05:41 - process[0] - test - epoch 13 - mAP: 0.547 w/ 31 queries
00:05:41 - removing file tmp_5f/mbert_dees_test_1_13.txt
00:05:41 - removing file tmp_5f/mbert_dees_test_4_13.txt
00:05:41 - removing file tmp_5f/mbert_dees_test_2_13.txt
00:05:41 - removing file tmp_5f/mbert_dees_test_7_13.txt
00:05:41 - removing file tmp_5f/mbert_dees_test_8_13.txt
00:05:41 - removing file tmp_5f/mbert_dees_test_9_13.txt
00:05:41 - removing file tmp_5f/mbert_dees_test_0_13.txt
00:05:41 - removing file tmp_5f/mbert_dees_test_3_13.txt
00:05:41 - removing file tmp_5f/mbert_dees_test_5_13.txt
00:05:41 - removing file tmp_5f/mbert_dees_test_6_13.txt
00:05:41 - process[0]: training epoch 14 ...
00:05:57 - process[0] - epoch 14 - train iter 540 - 28723.0 words/s - loss: 0.2795
00:05:57 - process[0]: evaluating epoch 14 on dev ...
00:06:11 - process[0] - dev - epoch 14 - mAP: 0.502 w/ 31 queries
00:06:11 - removing file tmp_5f/mbert_dees_dev_0_14.txt
00:06:11 - removing file tmp_5f/mbert_dees_dev_8_14.txt
00:06:11 - removing file tmp_5f/mbert_dees_dev_5_14.txt
00:06:11 - removing file tmp_5f/mbert_dees_dev_3_14.txt
00:06:11 - removing file tmp_5f/mbert_dees_dev_4_14.txt
00:06:11 - removing file tmp_5f/mbert_dees_dev_9_14.txt
00:06:11 - removing file tmp_5f/mbert_dees_dev_7_14.txt
00:06:11 - removing file tmp_5f/mbert_dees_dev_2_14.txt
00:06:11 - removing file tmp_5f/mbert_dees_dev_1_14.txt
00:06:11 - removing file tmp_5f/mbert_dees_dev_6_14.txt
00:06:11 - process[0]: training epoch 15 ...
00:06:28 - process[0] - epoch 15 - train iter 540 - 28729.8 words/s - loss: 0.2898
00:06:28 - process[0]: evaluating epoch 15 on dev ...
00:06:42 - process[0] - dev - epoch 15 - mAP: 0.509 w/ 31 queries
00:06:42 - removing file tmp_5f/mbert_dees_dev_1_15.txt
00:06:42 - removing file tmp_5f/mbert_dees_dev_9_15.txt
00:06:42 - removing file tmp_5f/mbert_dees_dev_6_15.txt
00:06:42 - removing file tmp_5f/mbert_dees_dev_5_15.txt
00:06:42 - removing file tmp_5f/mbert_dees_dev_7_15.txt
00:06:42 - removing file tmp_5f/mbert_dees_dev_8_15.txt
00:06:42 - removing file tmp_5f/mbert_dees_dev_0_15.txt
00:06:42 - removing file tmp_5f/mbert_dees_dev_3_15.txt
00:06:42 - removing file tmp_5f/mbert_dees_dev_2_15.txt
00:06:42 - removing file tmp_5f/mbert_dees_dev_4_15.txt
00:06:42 - process[0]: training epoch 16 ...
00:06:58 - process[0] - epoch 16 - train iter 540 - 28800.4 words/s - loss: 0.2500
00:06:58 - process[0]: evaluating epoch 16 on dev ...
00:07:12 - process[0] - dev - epoch 16 - mAP: 0.486 w/ 31 queries
00:07:12 - removing file tmp_5f/mbert_dees_dev_7_16.txt
00:07:12 - removing file tmp_5f/mbert_dees_dev_5_16.txt
00:07:12 - removing file tmp_5f/mbert_dees_dev_8_16.txt
00:07:12 - removing file tmp_5f/mbert_dees_dev_4_16.txt
00:07:12 - removing file tmp_5f/mbert_dees_dev_1_16.txt
00:07:12 - removing file tmp_5f/mbert_dees_dev_3_16.txt
00:07:12 - removing file tmp_5f/mbert_dees_dev_2_16.txt
00:07:12 - removing file tmp_5f/mbert_dees_dev_9_16.txt
00:07:12 - removing file tmp_5f/mbert_dees_dev_0_16.txt
00:07:12 - removing file tmp_5f/mbert_dees_dev_6_16.txt
00:07:12 - process[0]: training epoch 17 ...
00:07:28 - process[0] - epoch 17 - train iter 540 - 28950.7 words/s - loss: 0.2691
00:07:28 - process[0]: evaluating epoch 17 on dev ...
00:07:43 - process[0] - dev - epoch 17 - mAP: 0.478 w/ 31 queries
00:07:43 - removing file tmp_5f/mbert_dees_dev_4_17.txt
00:07:43 - removing file tmp_5f/mbert_dees_dev_5_17.txt
00:07:43 - removing file tmp_5f/mbert_dees_dev_2_17.txt
00:07:43 - removing file tmp_5f/mbert_dees_dev_7_17.txt
00:07:43 - removing file tmp_5f/mbert_dees_dev_6_17.txt
00:07:43 - removing file tmp_5f/mbert_dees_dev_8_17.txt
00:07:43 - removing file tmp_5f/mbert_dees_dev_3_17.txt
00:07:43 - removing file tmp_5f/mbert_dees_dev_0_17.txt
00:07:43 - removing file tmp_5f/mbert_dees_dev_9_17.txt
00:07:43 - removing file tmp_5f/mbert_dees_dev_1_17.txt
00:07:43 - process[0]: training epoch 18 ...
00:08:00 - process[0] - epoch 18 - train iter 540 - 28334.8 words/s - loss: 0.2776
00:08:00 - process[0]: evaluating epoch 18 on dev ...
00:08:16 - process[0] - dev - epoch 18 - mAP: 0.482 w/ 31 queries
00:08:16 - removing file tmp_5f/mbert_dees_dev_0_18.txt
00:08:16 - removing file tmp_5f/mbert_dees_dev_2_18.txt
00:08:16 - removing file tmp_5f/mbert_dees_dev_4_18.txt
00:08:16 - removing file tmp_5f/mbert_dees_dev_7_18.txt
00:08:16 - removing file tmp_5f/mbert_dees_dev_3_18.txt
00:08:16 - removing file tmp_5f/mbert_dees_dev_6_18.txt
00:08:16 - removing file tmp_5f/mbert_dees_dev_5_18.txt
00:08:16 - removing file tmp_5f/mbert_dees_dev_1_18.txt
00:08:16 - removing file tmp_5f/mbert_dees_dev_9_18.txt
00:08:16 - removing file tmp_5f/mbert_dees_dev_8_18.txt
00:08:16 - process[0]: training epoch 19 ...
00:08:32 - process[0] - epoch 19 - train iter 540 - 28956.5 words/s - loss: 0.3045
00:08:32 - process[0]: evaluating epoch 19 on dev ...
00:08:46 - process[0] - dev - epoch 19 - mAP: 0.502 w/ 31 queries
00:08:46 - removing file tmp_5f/mbert_dees_dev_8_19.txt
00:08:46 - removing file tmp_5f/mbert_dees_dev_2_19.txt
00:08:46 - removing file tmp_5f/mbert_dees_dev_6_19.txt
00:08:46 - removing file tmp_5f/mbert_dees_dev_9_19.txt
00:08:46 - removing file tmp_5f/mbert_dees_dev_0_19.txt
00:08:46 - removing file tmp_5f/mbert_dees_dev_7_19.txt
00:08:46 - removing file tmp_5f/mbert_dees_dev_3_19.txt
00:08:46 - removing file tmp_5f/mbert_dees_dev_1_19.txt
00:08:46 - removing file tmp_5f/mbert_dees_dev_5_19.txt
00:08:46 - removing file tmp_5f/mbert_dees_dev_4_19.txt
00:08:46 - [fold 1] best test MAP: 0.547 @ epoch 13
00:08:46 - Evaluating every 1 epochs ...
00:08:46 - reading data from /mnt/home/puxuan/CLIR-project/Evaluation_data/process-clef/uncased
00:08:47 - test has 32 queries ...
00:08:47 - Data reading done ...
00:08:49 - adding 9-th encoder to optimizer...
00:08:49 - adding 10-th encoder to optimizer...
00:08:49 - adding 11-th encoder to optimizer...
00:08:49 - process[0]: training epoch 0 ...
00:09:05 - process[0] - epoch 0 - train iter 492 - 28130.7 words/s - loss: 0.4891
00:09:05 - process[0]: training epoch 1 ...
00:09:20 - process[0] - epoch 1 - train iter 492 - 28170.2 words/s - loss: 0.4127
00:09:20 - process[0]: training epoch 2 ...
00:09:35 - process[0] - epoch 2 - train iter 492 - 28379.4 words/s - loss: 0.3902
00:09:35 - process[0]: training epoch 3 ...
00:09:50 - process[0] - epoch 3 - train iter 492 - 27850.6 words/s - loss: 0.3712
00:09:50 - process[0]: training epoch 4 ...
00:10:06 - process[0] - epoch 4 - train iter 492 - 28066.3 words/s - loss: 0.3966
00:10:06 - process[0]: training epoch 5 ...
00:10:21 - process[0] - epoch 5 - train iter 492 - 28205.1 words/s - loss: 0.3221
00:10:21 - process[0]: training epoch 6 ...
00:10:36 - process[0] - epoch 6 - train iter 492 - 27954.9 words/s - loss: 0.3603
00:10:36 - process[0]: training epoch 7 ...
00:10:51 - process[0] - epoch 7 - train iter 492 - 28101.5 words/s - loss: 0.3201
00:10:51 - process[0]: training epoch 8 ...
00:11:07 - process[0] - epoch 8 - train iter 492 - 27716.3 words/s - loss: 0.3459
00:11:07 - process[0]: training epoch 9 ...
00:11:22 - process[0] - epoch 9 - train iter 492 - 27909.0 words/s - loss: 0.3524
00:11:22 - process[0]: training epoch 10 ...
00:11:37 - process[0] - epoch 10 - train iter 492 - 28081.3 words/s - loss: 0.3490
00:11:37 - process[0]: evaluating epoch 10 on dev ...
00:11:55 - dev set during evaluation: 11460/11458
00:11:55 - process[0] - dev - epoch 10 - mAP: 0.536 w/ 31 queries
00:11:55 - removing file tmp_5f/mbert_dees_dev_4_10.txt
00:11:55 - removing file tmp_5f/mbert_dees_dev_7_10.txt
00:11:55 - removing file tmp_5f/mbert_dees_dev_6_10.txt
00:11:55 - removing file tmp_5f/mbert_dees_dev_2_10.txt
00:11:55 - removing file tmp_5f/mbert_dees_dev_5_10.txt
00:11:55 - removing file tmp_5f/mbert_dees_dev_3_10.txt
00:11:55 - removing file tmp_5f/mbert_dees_dev_0_10.txt
00:11:55 - removing file tmp_5f/mbert_dees_dev_9_10.txt
00:11:55 - removing file tmp_5f/mbert_dees_dev_1_10.txt
00:11:55 - removing file tmp_5f/mbert_dees_dev_8_10.txt
00:11:55 - process[0]: evaluating epoch 10 on test ...
00:12:10 - process[0] - test - epoch 10 - mAP: 0.597 w/ 32 queries
00:12:10 - removing file tmp_5f/mbert_dees_test_4_10.txt
00:12:10 - removing file tmp_5f/mbert_dees_test_7_10.txt
00:12:10 - removing file tmp_5f/mbert_dees_test_6_10.txt
00:12:10 - removing file tmp_5f/mbert_dees_test_8_10.txt
00:12:10 - removing file tmp_5f/mbert_dees_test_1_10.txt
00:12:10 - removing file tmp_5f/mbert_dees_test_0_10.txt
00:12:10 - removing file tmp_5f/mbert_dees_test_5_10.txt
00:12:10 - removing file tmp_5f/mbert_dees_test_2_10.txt
00:12:10 - removing file tmp_5f/mbert_dees_test_9_10.txt
00:12:10 - removing file tmp_5f/mbert_dees_test_3_10.txt
00:12:10 - process[0]: training epoch 11 ...
00:12:25 - process[0] - epoch 11 - train iter 492 - 28303.3 words/s - loss: 0.3045
00:12:25 - process[0]: evaluating epoch 11 on dev ...
00:12:42 - dev set during evaluation: 11460/11458
00:12:42 - process[0] - dev - epoch 11 - mAP: 0.548 w/ 31 queries
00:12:42 - removing file tmp_5f/mbert_dees_dev_9_11.txt
00:12:42 - removing file tmp_5f/mbert_dees_dev_4_11.txt
00:12:42 - removing file tmp_5f/mbert_dees_dev_2_11.txt
00:12:42 - removing file tmp_5f/mbert_dees_dev_6_11.txt
00:12:42 - removing file tmp_5f/mbert_dees_dev_5_11.txt
00:12:42 - removing file tmp_5f/mbert_dees_dev_3_11.txt
00:12:42 - removing file tmp_5f/mbert_dees_dev_1_11.txt
00:12:42 - removing file tmp_5f/mbert_dees_dev_7_11.txt
00:12:42 - removing file tmp_5f/mbert_dees_dev_0_11.txt
00:12:42 - removing file tmp_5f/mbert_dees_dev_8_11.txt
00:12:42 - process[0]: evaluating epoch 11 on test ...
00:12:58 - process[0] - test - epoch 11 - mAP: 0.598 w/ 32 queries
00:12:58 - removing file tmp_5f/mbert_dees_test_8_11.txt
00:12:58 - removing file tmp_5f/mbert_dees_test_3_11.txt
00:12:58 - removing file tmp_5f/mbert_dees_test_6_11.txt
00:12:58 - removing file tmp_5f/mbert_dees_test_4_11.txt
00:12:58 - removing file tmp_5f/mbert_dees_test_5_11.txt
00:12:58 - removing file tmp_5f/mbert_dees_test_9_11.txt
00:12:58 - removing file tmp_5f/mbert_dees_test_7_11.txt
00:12:58 - removing file tmp_5f/mbert_dees_test_0_11.txt
00:12:58 - removing file tmp_5f/mbert_dees_test_1_11.txt
00:12:58 - removing file tmp_5f/mbert_dees_test_2_11.txt
00:12:58 - process[0]: training epoch 12 ...
00:13:14 - process[0] - epoch 12 - train iter 492 - 27784.2 words/s - loss: 0.2977
00:13:14 - process[0]: evaluating epoch 12 on dev ...
00:13:28 - dev set during evaluation: 11460/11458
00:13:28 - process[0] - dev - epoch 12 - mAP: 0.533 w/ 31 queries
00:13:28 - removing file tmp_5f/mbert_dees_dev_5_12.txt
00:13:28 - removing file tmp_5f/mbert_dees_dev_9_12.txt
00:13:28 - removing file tmp_5f/mbert_dees_dev_2_12.txt
00:13:28 - removing file tmp_5f/mbert_dees_dev_1_12.txt
00:13:28 - removing file tmp_5f/mbert_dees_dev_6_12.txt
00:13:28 - removing file tmp_5f/mbert_dees_dev_3_12.txt
00:13:28 - removing file tmp_5f/mbert_dees_dev_8_12.txt
00:13:28 - removing file tmp_5f/mbert_dees_dev_4_12.txt
00:13:28 - removing file tmp_5f/mbert_dees_dev_0_12.txt
00:13:28 - removing file tmp_5f/mbert_dees_dev_7_12.txt
00:13:28 - process[0]: training epoch 13 ...
00:13:43 - process[0] - epoch 13 - train iter 492 - 28551.1 words/s - loss: 0.3170
00:13:43 - process[0]: evaluating epoch 13 on dev ...
00:13:58 - dev set during evaluation: 11460/11458
00:13:58 - process[0] - dev - epoch 13 - mAP: 0.542 w/ 31 queries
00:13:58 - removing file tmp_5f/mbert_dees_dev_8_13.txt
00:13:58 - removing file tmp_5f/mbert_dees_dev_3_13.txt
00:13:58 - removing file tmp_5f/mbert_dees_dev_2_13.txt
00:13:58 - removing file tmp_5f/mbert_dees_dev_1_13.txt
00:13:58 - removing file tmp_5f/mbert_dees_dev_7_13.txt
00:13:58 - removing file tmp_5f/mbert_dees_dev_4_13.txt
00:13:58 - removing file tmp_5f/mbert_dees_dev_6_13.txt
00:13:58 - removing file tmp_5f/mbert_dees_dev_5_13.txt
00:13:58 - removing file tmp_5f/mbert_dees_dev_9_13.txt
00:13:58 - removing file tmp_5f/mbert_dees_dev_0_13.txt
00:13:58 - process[0]: training epoch 14 ...
00:14:14 - process[0] - epoch 14 - train iter 492 - 28315.7 words/s - loss: 0.2958
00:14:14 - process[0]: evaluating epoch 14 on dev ...
00:14:28 - dev set during evaluation: 11460/11458
00:14:28 - process[0] - dev - epoch 14 - mAP: 0.534 w/ 31 queries
00:14:28 - removing file tmp_5f/mbert_dees_dev_0_14.txt
00:14:28 - removing file tmp_5f/mbert_dees_dev_8_14.txt
00:14:28 - removing file tmp_5f/mbert_dees_dev_5_14.txt
00:14:28 - removing file tmp_5f/mbert_dees_dev_3_14.txt
00:14:28 - removing file tmp_5f/mbert_dees_dev_4_14.txt
00:14:28 - removing file tmp_5f/mbert_dees_dev_9_14.txt
00:14:28 - removing file tmp_5f/mbert_dees_dev_7_14.txt
00:14:28 - removing file tmp_5f/mbert_dees_dev_2_14.txt
00:14:28 - removing file tmp_5f/mbert_dees_dev_1_14.txt
00:14:28 - removing file tmp_5f/mbert_dees_dev_6_14.txt
00:14:28 - process[0]: training epoch 15 ...
00:14:43 - process[0] - epoch 15 - train iter 492 - 28457.3 words/s - loss: 0.3141
00:14:43 - process[0]: evaluating epoch 15 on dev ...
00:14:59 - dev set during evaluation: 11460/11458
00:14:59 - process[0] - dev - epoch 15 - mAP: 0.537 w/ 31 queries
00:14:59 - removing file tmp_5f/mbert_dees_dev_1_15.txt
00:14:59 - removing file tmp_5f/mbert_dees_dev_9_15.txt
00:14:59 - removing file tmp_5f/mbert_dees_dev_6_15.txt
00:14:59 - removing file tmp_5f/mbert_dees_dev_5_15.txt
00:14:59 - removing file tmp_5f/mbert_dees_dev_7_15.txt
00:14:59 - removing file tmp_5f/mbert_dees_dev_8_15.txt
00:14:59 - removing file tmp_5f/mbert_dees_dev_0_15.txt
00:14:59 - removing file tmp_5f/mbert_dees_dev_3_15.txt
00:14:59 - removing file tmp_5f/mbert_dees_dev_2_15.txt
00:14:59 - removing file tmp_5f/mbert_dees_dev_4_15.txt
00:14:59 - process[0]: training epoch 16 ...
00:15:14 - process[0] - epoch 16 - train iter 492 - 28304.1 words/s - loss: 0.3089
00:15:14 - process[0]: evaluating epoch 16 on dev ...
00:15:29 - dev set during evaluation: 11460/11458
00:15:29 - process[0] - dev - epoch 16 - mAP: 0.518 w/ 31 queries
00:15:29 - removing file tmp_5f/mbert_dees_dev_7_16.txt
00:15:29 - removing file tmp_5f/mbert_dees_dev_5_16.txt
00:15:29 - removing file tmp_5f/mbert_dees_dev_8_16.txt
00:15:29 - removing file tmp_5f/mbert_dees_dev_4_16.txt
00:15:29 - removing file tmp_5f/mbert_dees_dev_1_16.txt
00:15:29 - removing file tmp_5f/mbert_dees_dev_3_16.txt
00:15:29 - removing file tmp_5f/mbert_dees_dev_2_16.txt
00:15:29 - removing file tmp_5f/mbert_dees_dev_9_16.txt
00:15:29 - removing file tmp_5f/mbert_dees_dev_0_16.txt
00:15:29 - removing file tmp_5f/mbert_dees_dev_6_16.txt
00:15:29 - process[0]: training epoch 17 ...
00:15:44 - process[0] - epoch 17 - train iter 492 - 28453.2 words/s - loss: 0.2877
00:15:44 - process[0]: evaluating epoch 17 on dev ...
00:15:59 - dev set during evaluation: 11460/11458
00:15:59 - process[0] - dev - epoch 17 - mAP: 0.531 w/ 31 queries
00:15:59 - removing file tmp_5f/mbert_dees_dev_4_17.txt
00:15:59 - removing file tmp_5f/mbert_dees_dev_5_17.txt
00:15:59 - removing file tmp_5f/mbert_dees_dev_2_17.txt
00:15:59 - removing file tmp_5f/mbert_dees_dev_7_17.txt
00:15:59 - removing file tmp_5f/mbert_dees_dev_6_17.txt
00:15:59 - removing file tmp_5f/mbert_dees_dev_8_17.txt
00:15:59 - removing file tmp_5f/mbert_dees_dev_3_17.txt
00:15:59 - removing file tmp_5f/mbert_dees_dev_0_17.txt
00:15:59 - removing file tmp_5f/mbert_dees_dev_9_17.txt
00:15:59 - removing file tmp_5f/mbert_dees_dev_1_17.txt
00:15:59 - process[0]: training epoch 18 ...
00:16:14 - process[0] - epoch 18 - train iter 492 - 28729.0 words/s - loss: 0.2973
00:16:14 - process[0]: evaluating epoch 18 on dev ...
00:16:28 - dev set during evaluation: 11460/11458
00:16:28 - process[0] - dev - epoch 18 - mAP: 0.542 w/ 31 queries
00:16:28 - removing file tmp_5f/mbert_dees_dev_0_18.txt
00:16:28 - removing file tmp_5f/mbert_dees_dev_2_18.txt
00:16:28 - removing file tmp_5f/mbert_dees_dev_4_18.txt
00:16:28 - removing file tmp_5f/mbert_dees_dev_7_18.txt
00:16:28 - removing file tmp_5f/mbert_dees_dev_3_18.txt
00:16:28 - removing file tmp_5f/mbert_dees_dev_6_18.txt
00:16:28 - removing file tmp_5f/mbert_dees_dev_5_18.txt
00:16:28 - removing file tmp_5f/mbert_dees_dev_1_18.txt
00:16:28 - removing file tmp_5f/mbert_dees_dev_9_18.txt
00:16:28 - removing file tmp_5f/mbert_dees_dev_8_18.txt
00:16:28 - process[0]: training epoch 19 ...
00:16:43 - process[0] - epoch 19 - train iter 492 - 28454.1 words/s - loss: 0.3058
00:16:43 - process[0]: evaluating epoch 19 on dev ...
00:16:59 - dev set during evaluation: 11460/11458
00:16:59 - process[0] - dev - epoch 19 - mAP: 0.527 w/ 31 queries
00:16:59 - removing file tmp_5f/mbert_dees_dev_8_19.txt
00:16:59 - removing file tmp_5f/mbert_dees_dev_2_19.txt
00:16:59 - removing file tmp_5f/mbert_dees_dev_6_19.txt
00:16:59 - removing file tmp_5f/mbert_dees_dev_9_19.txt
00:16:59 - removing file tmp_5f/mbert_dees_dev_0_19.txt
00:16:59 - removing file tmp_5f/mbert_dees_dev_7_19.txt
00:16:59 - removing file tmp_5f/mbert_dees_dev_3_19.txt
00:16:59 - removing file tmp_5f/mbert_dees_dev_1_19.txt
00:16:59 - removing file tmp_5f/mbert_dees_dev_5_19.txt
00:16:59 - removing file tmp_5f/mbert_dees_dev_4_19.txt
00:16:59 - [fold 2] best test MAP: 0.598 @ epoch 11
00:16:59 - Evaluating every 1 epochs ...
00:16:59 - reading data from /mnt/home/puxuan/CLIR-project/Evaluation_data/process-clef/uncased
00:17:00 - test has 31 queries ...
00:17:00 - Data reading done ...
00:17:02 - adding 9-th encoder to optimizer...
00:17:02 - adding 10-th encoder to optimizer...
00:17:02 - adding 11-th encoder to optimizer...
00:17:02 - process[0]: training epoch 0 ...
00:17:17 - process[0] - epoch 0 - train iter 476 - 28369.6 words/s - loss: 0.4807
00:17:17 - process[0]: training epoch 1 ...
00:17:31 - process[0] - epoch 1 - train iter 476 - 28209.7 words/s - loss: 0.4070
00:17:31 - process[0]: training epoch 2 ...
00:17:46 - process[0] - epoch 2 - train iter 476 - 28198.3 words/s - loss: 0.4131
00:17:46 - process[0]: training epoch 3 ...
00:18:01 - process[0] - epoch 3 - train iter 476 - 28359.0 words/s - loss: 0.3791
00:18:01 - process[0]: training epoch 4 ...
00:18:16 - process[0] - epoch 4 - train iter 476 - 28000.8 words/s - loss: 0.3569
00:18:16 - process[0]: training epoch 5 ...
00:18:31 - process[0] - epoch 5 - train iter 476 - 28306.5 words/s - loss: 0.3425
00:18:31 - process[0]: training epoch 6 ...
00:18:45 - process[0] - epoch 6 - train iter 476 - 28501.7 words/s - loss: 0.3665
00:18:45 - process[0]: training epoch 7 ...
00:19:00 - process[0] - epoch 7 - train iter 476 - 28672.1 words/s - loss: 0.3384
00:19:00 - process[0]: training epoch 8 ...
00:19:14 - process[0] - epoch 8 - train iter 476 - 28385.8 words/s - loss: 0.3334
00:19:14 - process[0]: training epoch 9 ...
00:19:29 - process[0] - epoch 9 - train iter 476 - 28130.5 words/s - loss: 0.2996
00:19:29 - process[0]: training epoch 10 ...
00:19:44 - process[0] - epoch 10 - train iter 476 - 28326.9 words/s - loss: 0.3449
00:19:44 - process[0]: evaluating epoch 10 on dev ...
00:20:01 - process[0] - dev - epoch 10 - mAP: 0.587 w/ 32 queries
00:20:01 - removing file tmp_5f/mbert_dees_dev_4_10.txt
00:20:01 - removing file tmp_5f/mbert_dees_dev_7_10.txt
00:20:01 - removing file tmp_5f/mbert_dees_dev_6_10.txt
00:20:01 - removing file tmp_5f/mbert_dees_dev_2_10.txt
00:20:01 - removing file tmp_5f/mbert_dees_dev_5_10.txt
00:20:01 - removing file tmp_5f/mbert_dees_dev_3_10.txt
00:20:01 - removing file tmp_5f/mbert_dees_dev_0_10.txt
00:20:01 - removing file tmp_5f/mbert_dees_dev_9_10.txt
00:20:01 - removing file tmp_5f/mbert_dees_dev_1_10.txt
00:20:01 - removing file tmp_5f/mbert_dees_dev_8_10.txt
00:20:01 - process[0]: evaluating epoch 10 on test ...
00:20:15 - test set during evaluation: 11550/11545
00:20:15 - process[0] - test - epoch 10 - mAP: 0.555 w/ 31 queries
00:20:15 - removing file tmp_5f/mbert_dees_test_4_10.txt
00:20:15 - removing file tmp_5f/mbert_dees_test_7_10.txt
00:20:15 - removing file tmp_5f/mbert_dees_test_6_10.txt
00:20:15 - removing file tmp_5f/mbert_dees_test_8_10.txt
00:20:15 - removing file tmp_5f/mbert_dees_test_1_10.txt
00:20:15 - removing file tmp_5f/mbert_dees_test_0_10.txt
00:20:15 - removing file tmp_5f/mbert_dees_test_5_10.txt
00:20:15 - removing file tmp_5f/mbert_dees_test_2_10.txt
00:20:15 - removing file tmp_5f/mbert_dees_test_9_10.txt
00:20:15 - removing file tmp_5f/mbert_dees_test_3_10.txt
00:20:15 - process[0]: training epoch 11 ...
00:20:30 - process[0] - epoch 11 - train iter 476 - 28212.2 words/s - loss: 0.3021
00:20:30 - process[0]: evaluating epoch 11 on dev ...
00:20:46 - process[0] - dev - epoch 11 - mAP: 0.585 w/ 32 queries
00:20:46 - removing file tmp_5f/mbert_dees_dev_9_11.txt
00:20:46 - removing file tmp_5f/mbert_dees_dev_4_11.txt
00:20:46 - removing file tmp_5f/mbert_dees_dev_2_11.txt
00:20:46 - removing file tmp_5f/mbert_dees_dev_6_11.txt
00:20:46 - removing file tmp_5f/mbert_dees_dev_5_11.txt
00:20:46 - removing file tmp_5f/mbert_dees_dev_3_11.txt
00:20:46 - removing file tmp_5f/mbert_dees_dev_1_11.txt
00:20:46 - removing file tmp_5f/mbert_dees_dev_7_11.txt
00:20:46 - removing file tmp_5f/mbert_dees_dev_0_11.txt
00:20:46 - removing file tmp_5f/mbert_dees_dev_8_11.txt
00:20:46 - process[0]: training epoch 12 ...
00:21:00 - process[0] - epoch 12 - train iter 476 - 28214.6 words/s - loss: 0.3192
00:21:00 - process[0]: evaluating epoch 12 on dev ...
00:21:16 - process[0] - dev - epoch 12 - mAP: 0.589 w/ 32 queries
00:21:16 - removing file tmp_5f/mbert_dees_dev_5_12.txt
00:21:16 - removing file tmp_5f/mbert_dees_dev_9_12.txt
00:21:16 - removing file tmp_5f/mbert_dees_dev_2_12.txt
00:21:16 - removing file tmp_5f/mbert_dees_dev_1_12.txt
00:21:16 - removing file tmp_5f/mbert_dees_dev_6_12.txt
00:21:16 - removing file tmp_5f/mbert_dees_dev_3_12.txt
00:21:16 - removing file tmp_5f/mbert_dees_dev_8_12.txt
00:21:16 - removing file tmp_5f/mbert_dees_dev_4_12.txt
00:21:16 - removing file tmp_5f/mbert_dees_dev_0_12.txt
00:21:16 - removing file tmp_5f/mbert_dees_dev_7_12.txt
00:21:16 - process[0]: evaluating epoch 12 on test ...
00:21:31 - test set during evaluation: 11550/11545
00:21:31 - process[0] - test - epoch 12 - mAP: 0.543 w/ 31 queries
00:21:31 - removing file tmp_5f/mbert_dees_test_2_12.txt
00:21:31 - removing file tmp_5f/mbert_dees_test_8_12.txt
00:21:31 - removing file tmp_5f/mbert_dees_test_7_12.txt
00:21:31 - removing file tmp_5f/mbert_dees_test_5_12.txt
00:21:31 - removing file tmp_5f/mbert_dees_test_0_12.txt
00:21:31 - removing file tmp_5f/mbert_dees_test_4_12.txt
00:21:31 - removing file tmp_5f/mbert_dees_test_9_12.txt
00:21:31 - removing file tmp_5f/mbert_dees_test_6_12.txt
00:21:31 - removing file tmp_5f/mbert_dees_test_1_12.txt
00:21:31 - removing file tmp_5f/mbert_dees_test_3_12.txt
00:21:31 - process[0]: training epoch 13 ...
00:21:46 - process[0] - epoch 13 - train iter 476 - 28203.0 words/s - loss: 0.3243
00:21:46 - process[0]: evaluating epoch 13 on dev ...
00:22:01 - process[0] - dev - epoch 13 - mAP: 0.561 w/ 32 queries
00:22:01 - removing file tmp_5f/mbert_dees_dev_8_13.txt
00:22:01 - removing file tmp_5f/mbert_dees_dev_3_13.txt
00:22:01 - removing file tmp_5f/mbert_dees_dev_2_13.txt
00:22:01 - removing file tmp_5f/mbert_dees_dev_1_13.txt
00:22:01 - removing file tmp_5f/mbert_dees_dev_7_13.txt
00:22:01 - removing file tmp_5f/mbert_dees_dev_4_13.txt
00:22:01 - removing file tmp_5f/mbert_dees_dev_6_13.txt
00:22:01 - removing file tmp_5f/mbert_dees_dev_5_13.txt
00:22:01 - removing file tmp_5f/mbert_dees_dev_9_13.txt
00:22:01 - removing file tmp_5f/mbert_dees_dev_0_13.txt
00:22:01 - process[0]: training epoch 14 ...
00:22:16 - process[0] - epoch 14 - train iter 476 - 28562.6 words/s - loss: 0.3334
00:22:16 - process[0]: evaluating epoch 14 on dev ...
00:22:32 - process[0] - dev - epoch 14 - mAP: 0.578 w/ 32 queries
00:22:32 - removing file tmp_5f/mbert_dees_dev_0_14.txt
00:22:32 - removing file tmp_5f/mbert_dees_dev_8_14.txt
00:22:32 - removing file tmp_5f/mbert_dees_dev_5_14.txt
00:22:32 - removing file tmp_5f/mbert_dees_dev_3_14.txt
00:22:32 - removing file tmp_5f/mbert_dees_dev_4_14.txt
00:22:32 - removing file tmp_5f/mbert_dees_dev_9_14.txt
00:22:32 - removing file tmp_5f/mbert_dees_dev_7_14.txt
00:22:32 - removing file tmp_5f/mbert_dees_dev_2_14.txt
00:22:32 - removing file tmp_5f/mbert_dees_dev_1_14.txt
00:22:32 - removing file tmp_5f/mbert_dees_dev_6_14.txt
00:22:32 - process[0]: training epoch 15 ...
00:22:47 - process[0] - epoch 15 - train iter 476 - 27936.1 words/s - loss: 0.3177
00:22:47 - process[0]: evaluating epoch 15 on dev ...
00:23:02 - process[0] - dev - epoch 15 - mAP: 0.573 w/ 32 queries
00:23:02 - removing file tmp_5f/mbert_dees_dev_1_15.txt
00:23:02 - removing file tmp_5f/mbert_dees_dev_9_15.txt
00:23:02 - removing file tmp_5f/mbert_dees_dev_6_15.txt
00:23:02 - removing file tmp_5f/mbert_dees_dev_5_15.txt
00:23:02 - removing file tmp_5f/mbert_dees_dev_7_15.txt
00:23:02 - removing file tmp_5f/mbert_dees_dev_8_15.txt
00:23:02 - removing file tmp_5f/mbert_dees_dev_0_15.txt
00:23:02 - removing file tmp_5f/mbert_dees_dev_3_15.txt
00:23:02 - removing file tmp_5f/mbert_dees_dev_2_15.txt
00:23:02 - removing file tmp_5f/mbert_dees_dev_4_15.txt
00:23:02 - process[0]: training epoch 16 ...
00:23:16 - process[0] - epoch 16 - train iter 476 - 28130.6 words/s - loss: 0.2601
00:23:16 - process[0]: evaluating epoch 16 on dev ...
00:23:31 - process[0] - dev - epoch 16 - mAP: 0.581 w/ 32 queries
00:23:31 - removing file tmp_5f/mbert_dees_dev_7_16.txt
00:23:31 - removing file tmp_5f/mbert_dees_dev_5_16.txt
00:23:31 - removing file tmp_5f/mbert_dees_dev_8_16.txt
00:23:31 - removing file tmp_5f/mbert_dees_dev_4_16.txt
00:23:31 - removing file tmp_5f/mbert_dees_dev_1_16.txt
00:23:31 - removing file tmp_5f/mbert_dees_dev_3_16.txt
00:23:31 - removing file tmp_5f/mbert_dees_dev_2_16.txt
00:23:31 - removing file tmp_5f/mbert_dees_dev_9_16.txt
00:23:31 - removing file tmp_5f/mbert_dees_dev_0_16.txt
00:23:31 - removing file tmp_5f/mbert_dees_dev_6_16.txt
00:23:31 - process[0]: training epoch 17 ...
00:23:46 - process[0] - epoch 17 - train iter 476 - 28674.8 words/s - loss: 0.2818
00:23:46 - process[0]: evaluating epoch 17 on dev ...
00:24:03 - process[0] - dev - epoch 17 - mAP: 0.564 w/ 32 queries
00:24:03 - removing file tmp_5f/mbert_dees_dev_4_17.txt
00:24:03 - removing file tmp_5f/mbert_dees_dev_5_17.txt
00:24:03 - removing file tmp_5f/mbert_dees_dev_2_17.txt
00:24:03 - removing file tmp_5f/mbert_dees_dev_7_17.txt
00:24:03 - removing file tmp_5f/mbert_dees_dev_6_17.txt
00:24:03 - removing file tmp_5f/mbert_dees_dev_8_17.txt
00:24:03 - removing file tmp_5f/mbert_dees_dev_3_17.txt
00:24:03 - removing file tmp_5f/mbert_dees_dev_0_17.txt
00:24:03 - removing file tmp_5f/mbert_dees_dev_9_17.txt
00:24:03 - removing file tmp_5f/mbert_dees_dev_1_17.txt
00:24:03 - process[0]: training epoch 18 ...
00:24:18 - process[0] - epoch 18 - train iter 476 - 28082.9 words/s - loss: 0.2971
00:24:18 - process[0]: evaluating epoch 18 on dev ...
00:24:35 - process[0] - dev - epoch 18 - mAP: 0.575 w/ 32 queries
00:24:35 - removing file tmp_5f/mbert_dees_dev_0_18.txt
00:24:35 - removing file tmp_5f/mbert_dees_dev_2_18.txt
00:24:35 - removing file tmp_5f/mbert_dees_dev_4_18.txt
00:24:35 - removing file tmp_5f/mbert_dees_dev_7_18.txt
00:24:35 - removing file tmp_5f/mbert_dees_dev_3_18.txt
00:24:35 - removing file tmp_5f/mbert_dees_dev_6_18.txt
00:24:35 - removing file tmp_5f/mbert_dees_dev_5_18.txt
00:24:35 - removing file tmp_5f/mbert_dees_dev_1_18.txt
00:24:35 - removing file tmp_5f/mbert_dees_dev_9_18.txt
00:24:35 - removing file tmp_5f/mbert_dees_dev_8_18.txt
00:24:35 - process[0]: training epoch 19 ...
00:24:50 - process[0] - epoch 19 - train iter 476 - 28247.3 words/s - loss: 0.2610
00:24:50 - process[0]: evaluating epoch 19 on dev ...
00:25:06 - process[0] - dev - epoch 19 - mAP: 0.562 w/ 32 queries
00:25:06 - removing file tmp_5f/mbert_dees_dev_8_19.txt
00:25:06 - removing file tmp_5f/mbert_dees_dev_2_19.txt
00:25:06 - removing file tmp_5f/mbert_dees_dev_6_19.txt
00:25:06 - removing file tmp_5f/mbert_dees_dev_9_19.txt
00:25:06 - removing file tmp_5f/mbert_dees_dev_0_19.txt
00:25:06 - removing file tmp_5f/mbert_dees_dev_7_19.txt
00:25:06 - removing file tmp_5f/mbert_dees_dev_3_19.txt
00:25:06 - removing file tmp_5f/mbert_dees_dev_1_19.txt
00:25:06 - removing file tmp_5f/mbert_dees_dev_5_19.txt
00:25:06 - removing file tmp_5f/mbert_dees_dev_4_19.txt
00:25:06 - [fold 3] best test MAP: 0.543 @ epoch 12
00:25:06 - Evaluating every 1 epochs ...
00:25:06 - reading data from /mnt/home/puxuan/CLIR-project/Evaluation_data/process-clef/uncased
00:25:08 - test has 31 queries ...
00:25:08 - Data reading done ...
00:25:09 - adding 9-th encoder to optimizer...
00:25:09 - adding 10-th encoder to optimizer...
00:25:09 - adding 11-th encoder to optimizer...
00:25:10 - process[0]: training epoch 0 ...
00:25:23 - process[0] - epoch 0 - train iter 432 - 28417.3 words/s - loss: 0.5419
00:25:23 - process[0]: training epoch 1 ...
00:25:36 - process[0] - epoch 1 - train iter 432 - 28578.8 words/s - loss: 0.4655
00:25:36 - process[0]: training epoch 2 ...
00:25:50 - process[0] - epoch 2 - train iter 432 - 28408.4 words/s - loss: 0.4189
00:25:50 - process[0]: training epoch 3 ...
00:26:03 - process[0] - epoch 3 - train iter 432 - 27768.9 words/s - loss: 0.3921
00:26:03 - process[0]: training epoch 4 ...
00:26:17 - process[0] - epoch 4 - train iter 432 - 28207.0 words/s - loss: 0.3944
00:26:17 - process[0]: training epoch 5 ...
00:26:30 - process[0] - epoch 5 - train iter 432 - 28439.2 words/s - loss: 0.4335
00:26:30 - process[0]: training epoch 6 ...
00:26:43 - process[0] - epoch 6 - train iter 432 - 28599.6 words/s - loss: 0.3556
00:26:43 - process[0]: training epoch 7 ...
00:26:57 - process[0] - epoch 7 - train iter 432 - 28556.9 words/s - loss: 0.3458
00:26:57 - process[0]: training epoch 8 ...
00:27:10 - process[0] - epoch 8 - train iter 432 - 28240.8 words/s - loss: 0.3691
00:27:10 - process[0]: training epoch 9 ...
00:27:23 - process[0] - epoch 9 - train iter 432 - 28067.4 words/s - loss: 0.3342
00:27:23 - process[0]: training epoch 10 ...
00:27:37 - process[0] - epoch 10 - train iter 432 - 28289.7 words/s - loss: 0.3563
00:27:37 - process[0]: evaluating epoch 10 on dev ...
00:27:54 - dev set during evaluation: 11550/11545
00:27:54 - process[0] - dev - epoch 10 - mAP: 0.559 w/ 31 queries
00:27:54 - removing file tmp_5f/mbert_dees_dev_4_10.txt
00:27:54 - removing file tmp_5f/mbert_dees_dev_7_10.txt
00:27:54 - removing file tmp_5f/mbert_dees_dev_6_10.txt
00:27:54 - removing file tmp_5f/mbert_dees_dev_2_10.txt
00:27:54 - removing file tmp_5f/mbert_dees_dev_5_10.txt
00:27:54 - removing file tmp_5f/mbert_dees_dev_3_10.txt
00:27:54 - removing file tmp_5f/mbert_dees_dev_0_10.txt
00:27:54 - removing file tmp_5f/mbert_dees_dev_9_10.txt
00:27:54 - removing file tmp_5f/mbert_dees_dev_1_10.txt
00:27:54 - removing file tmp_5f/mbert_dees_dev_8_10.txt
00:27:54 - process[0]: evaluating epoch 10 on test ...
00:28:10 - test set during evaluation: 11320/11315
00:28:10 - process[0] - test - epoch 10 - mAP: 0.582 w/ 31 queries
00:28:10 - removing file tmp_5f/mbert_dees_test_4_10.txt
00:28:10 - removing file tmp_5f/mbert_dees_test_7_10.txt
00:28:10 - removing file tmp_5f/mbert_dees_test_6_10.txt
00:28:10 - removing file tmp_5f/mbert_dees_test_8_10.txt
00:28:10 - removing file tmp_5f/mbert_dees_test_1_10.txt
00:28:10 - removing file tmp_5f/mbert_dees_test_0_10.txt
00:28:10 - removing file tmp_5f/mbert_dees_test_5_10.txt
00:28:10 - removing file tmp_5f/mbert_dees_test_2_10.txt
00:28:10 - removing file tmp_5f/mbert_dees_test_9_10.txt
00:28:10 - removing file tmp_5f/mbert_dees_test_3_10.txt
00:28:10 - process[0]: training epoch 11 ...
00:28:24 - process[0] - epoch 11 - train iter 432 - 28270.4 words/s - loss: 0.3429
00:28:24 - process[0]: evaluating epoch 11 on dev ...
00:28:39 - dev set during evaluation: 11550/11545
00:28:39 - process[0] - dev - epoch 11 - mAP: 0.557 w/ 31 queries
00:28:39 - removing file tmp_5f/mbert_dees_dev_9_11.txt
00:28:39 - removing file tmp_5f/mbert_dees_dev_4_11.txt
00:28:39 - removing file tmp_5f/mbert_dees_dev_2_11.txt
00:28:39 - removing file tmp_5f/mbert_dees_dev_6_11.txt
00:28:39 - removing file tmp_5f/mbert_dees_dev_5_11.txt
00:28:39 - removing file tmp_5f/mbert_dees_dev_3_11.txt
00:28:39 - removing file tmp_5f/mbert_dees_dev_1_11.txt
00:28:39 - removing file tmp_5f/mbert_dees_dev_7_11.txt
00:28:39 - removing file tmp_5f/mbert_dees_dev_0_11.txt
00:28:39 - removing file tmp_5f/mbert_dees_dev_8_11.txt
00:28:39 - process[0]: training epoch 12 ...
00:28:52 - process[0] - epoch 12 - train iter 432 - 28444.7 words/s - loss: 0.3250
00:28:52 - process[0]: evaluating epoch 12 on dev ...
00:29:09 - dev set during evaluation: 11550/11545
00:29:09 - process[0] - dev - epoch 12 - mAP: 0.571 w/ 31 queries
00:29:09 - removing file tmp_5f/mbert_dees_dev_5_12.txt
00:29:09 - removing file tmp_5f/mbert_dees_dev_9_12.txt
00:29:09 - removing file tmp_5f/mbert_dees_dev_2_12.txt
00:29:09 - removing file tmp_5f/mbert_dees_dev_1_12.txt
00:29:09 - removing file tmp_5f/mbert_dees_dev_6_12.txt
00:29:09 - removing file tmp_5f/mbert_dees_dev_3_12.txt
00:29:09 - removing file tmp_5f/mbert_dees_dev_8_12.txt
00:29:09 - removing file tmp_5f/mbert_dees_dev_4_12.txt
00:29:09 - removing file tmp_5f/mbert_dees_dev_0_12.txt
00:29:09 - removing file tmp_5f/mbert_dees_dev_7_12.txt
00:29:09 - process[0]: evaluating epoch 12 on test ...
00:29:23 - test set during evaluation: 11320/11315
00:29:23 - process[0] - test - epoch 12 - mAP: 0.581 w/ 31 queries
00:29:23 - removing file tmp_5f/mbert_dees_test_2_12.txt
00:29:23 - removing file tmp_5f/mbert_dees_test_8_12.txt
00:29:23 - removing file tmp_5f/mbert_dees_test_7_12.txt
00:29:23 - removing file tmp_5f/mbert_dees_test_5_12.txt
00:29:23 - removing file tmp_5f/mbert_dees_test_0_12.txt
00:29:23 - removing file tmp_5f/mbert_dees_test_4_12.txt
00:29:23 - removing file tmp_5f/mbert_dees_test_9_12.txt
00:29:23 - removing file tmp_5f/mbert_dees_test_6_12.txt
00:29:23 - removing file tmp_5f/mbert_dees_test_1_12.txt
00:29:23 - removing file tmp_5f/mbert_dees_test_3_12.txt
00:29:23 - process[0]: training epoch 13 ...
00:29:37 - process[0] - epoch 13 - train iter 432 - 28477.7 words/s - loss: 0.3185
00:29:37 - process[0]: evaluating epoch 13 on dev ...
00:29:51 - dev set during evaluation: 11550/11545
00:29:51 - process[0] - dev - epoch 13 - mAP: 0.559 w/ 31 queries
00:29:51 - removing file tmp_5f/mbert_dees_dev_8_13.txt
00:29:51 - removing file tmp_5f/mbert_dees_dev_3_13.txt
00:29:51 - removing file tmp_5f/mbert_dees_dev_2_13.txt
00:29:51 - removing file tmp_5f/mbert_dees_dev_1_13.txt
00:29:51 - removing file tmp_5f/mbert_dees_dev_7_13.txt
00:29:51 - removing file tmp_5f/mbert_dees_dev_4_13.txt
00:29:51 - removing file tmp_5f/mbert_dees_dev_6_13.txt
00:29:51 - removing file tmp_5f/mbert_dees_dev_5_13.txt
00:29:51 - removing file tmp_5f/mbert_dees_dev_9_13.txt
00:29:51 - removing file tmp_5f/mbert_dees_dev_0_13.txt
00:29:51 - process[0]: training epoch 14 ...
00:30:05 - process[0] - epoch 14 - train iter 432 - 28325.9 words/s - loss: 0.2963
00:30:05 - process[0]: evaluating epoch 14 on dev ...
00:30:20 - dev set during evaluation: 11550/11545
00:30:20 - process[0] - dev - epoch 14 - mAP: 0.547 w/ 31 queries
00:30:20 - removing file tmp_5f/mbert_dees_dev_0_14.txt
00:30:20 - removing file tmp_5f/mbert_dees_dev_8_14.txt
00:30:20 - removing file tmp_5f/mbert_dees_dev_5_14.txt
00:30:20 - removing file tmp_5f/mbert_dees_dev_3_14.txt
00:30:20 - removing file tmp_5f/mbert_dees_dev_4_14.txt
00:30:20 - removing file tmp_5f/mbert_dees_dev_9_14.txt
00:30:20 - removing file tmp_5f/mbert_dees_dev_7_14.txt
00:30:20 - removing file tmp_5f/mbert_dees_dev_2_14.txt
00:30:20 - removing file tmp_5f/mbert_dees_dev_1_14.txt
00:30:20 - removing file tmp_5f/mbert_dees_dev_6_14.txt
00:30:20 - process[0]: training epoch 15 ...
00:30:34 - process[0] - epoch 15 - train iter 432 - 28000.9 words/s - loss: 0.3267
00:30:34 - process[0]: evaluating epoch 15 on dev ...
00:30:48 - dev set during evaluation: 11550/11545
00:30:48 - process[0] - dev - epoch 15 - mAP: 0.544 w/ 31 queries
00:30:48 - removing file tmp_5f/mbert_dees_dev_1_15.txt
00:30:48 - removing file tmp_5f/mbert_dees_dev_9_15.txt
00:30:48 - removing file tmp_5f/mbert_dees_dev_6_15.txt
00:30:48 - removing file tmp_5f/mbert_dees_dev_5_15.txt
00:30:48 - removing file tmp_5f/mbert_dees_dev_7_15.txt
00:30:48 - removing file tmp_5f/mbert_dees_dev_8_15.txt
00:30:48 - removing file tmp_5f/mbert_dees_dev_0_15.txt
00:30:48 - removing file tmp_5f/mbert_dees_dev_3_15.txt
00:30:48 - removing file tmp_5f/mbert_dees_dev_2_15.txt
00:30:48 - removing file tmp_5f/mbert_dees_dev_4_15.txt
00:30:48 - process[0]: training epoch 16 ...
00:31:02 - process[0] - epoch 16 - train iter 432 - 28228.4 words/s - loss: 0.2948
00:31:02 - process[0]: evaluating epoch 16 on dev ...
00:31:16 - dev set during evaluation: 11550/11545
00:31:16 - process[0] - dev - epoch 16 - mAP: 0.565 w/ 31 queries
00:31:16 - removing file tmp_5f/mbert_dees_dev_7_16.txt
00:31:16 - removing file tmp_5f/mbert_dees_dev_5_16.txt
00:31:16 - removing file tmp_5f/mbert_dees_dev_8_16.txt
00:31:16 - removing file tmp_5f/mbert_dees_dev_4_16.txt
00:31:16 - removing file tmp_5f/mbert_dees_dev_1_16.txt
00:31:16 - removing file tmp_5f/mbert_dees_dev_3_16.txt
00:31:16 - removing file tmp_5f/mbert_dees_dev_2_16.txt
00:31:16 - removing file tmp_5f/mbert_dees_dev_9_16.txt
00:31:16 - removing file tmp_5f/mbert_dees_dev_0_16.txt
00:31:16 - removing file tmp_5f/mbert_dees_dev_6_16.txt
00:31:16 - process[0]: training epoch 17 ...
00:31:30 - process[0] - epoch 17 - train iter 432 - 28613.5 words/s - loss: 0.3032
00:31:30 - process[0]: evaluating epoch 17 on dev ...
00:31:44 - dev set during evaluation: 11550/11545
00:31:44 - process[0] - dev - epoch 17 - mAP: 0.532 w/ 31 queries
00:31:44 - removing file tmp_5f/mbert_dees_dev_4_17.txt
00:31:44 - removing file tmp_5f/mbert_dees_dev_5_17.txt
00:31:44 - removing file tmp_5f/mbert_dees_dev_2_17.txt
00:31:44 - removing file tmp_5f/mbert_dees_dev_7_17.txt
00:31:44 - removing file tmp_5f/mbert_dees_dev_6_17.txt
00:31:44 - removing file tmp_5f/mbert_dees_dev_8_17.txt
00:31:44 - removing file tmp_5f/mbert_dees_dev_3_17.txt
00:31:44 - removing file tmp_5f/mbert_dees_dev_0_17.txt
00:31:44 - removing file tmp_5f/mbert_dees_dev_9_17.txt
00:31:44 - removing file tmp_5f/mbert_dees_dev_1_17.txt
00:31:44 - process[0]: training epoch 18 ...
00:31:58 - process[0] - epoch 18 - train iter 432 - 28135.4 words/s - loss: 0.3093
00:31:58 - process[0]: evaluating epoch 18 on dev ...
00:32:13 - dev set during evaluation: 11550/11545
00:32:13 - process[0] - dev - epoch 18 - mAP: 0.540 w/ 31 queries
00:32:13 - removing file tmp_5f/mbert_dees_dev_0_18.txt
00:32:13 - removing file tmp_5f/mbert_dees_dev_2_18.txt
00:32:13 - removing file tmp_5f/mbert_dees_dev_4_18.txt
00:32:13 - removing file tmp_5f/mbert_dees_dev_7_18.txt
00:32:13 - removing file tmp_5f/mbert_dees_dev_3_18.txt
00:32:13 - removing file tmp_5f/mbert_dees_dev_6_18.txt
00:32:13 - removing file tmp_5f/mbert_dees_dev_5_18.txt
00:32:13 - removing file tmp_5f/mbert_dees_dev_1_18.txt
00:32:13 - removing file tmp_5f/mbert_dees_dev_9_18.txt
00:32:13 - removing file tmp_5f/mbert_dees_dev_8_18.txt
00:32:13 - process[0]: training epoch 19 ...
00:32:26 - process[0] - epoch 19 - train iter 432 - 28394.4 words/s - loss: 0.3161
00:32:26 - process[0]: evaluating epoch 19 on dev ...
00:32:41 - dev set during evaluation: 11550/11545
00:32:41 - process[0] - dev - epoch 19 - mAP: 0.562 w/ 31 queries
00:32:41 - removing file tmp_5f/mbert_dees_dev_8_19.txt
00:32:41 - removing file tmp_5f/mbert_dees_dev_2_19.txt
00:32:41 - removing file tmp_5f/mbert_dees_dev_6_19.txt
00:32:41 - removing file tmp_5f/mbert_dees_dev_9_19.txt
00:32:41 - removing file tmp_5f/mbert_dees_dev_0_19.txt
00:32:41 - removing file tmp_5f/mbert_dees_dev_7_19.txt
00:32:41 - removing file tmp_5f/mbert_dees_dev_3_19.txt
00:32:41 - removing file tmp_5f/mbert_dees_dev_1_19.txt
00:32:41 - removing file tmp_5f/mbert_dees_dev_5_19.txt
00:32:41 - removing file tmp_5f/mbert_dees_dev_4_19.txt
00:32:41 - [fold 4] best test MAP: 0.581 @ epoch 12
00:32:41 - Evaluating every 1 epochs ...
00:32:41 - reading data from /mnt/home/puxuan/CLIR-project/Evaluation_data/process-clef/uncased
00:32:42 - test has 31 queries ...
00:32:42 - Data reading done ...
00:32:43 - adding 9-th encoder to optimizer...
00:32:43 - adding 10-th encoder to optimizer...
00:32:43 - adding 11-th encoder to optimizer...
00:32:44 - process[0]: training epoch 0 ...
00:32:58 - process[0] - epoch 0 - train iter 437 - 27794.8 words/s - loss: 0.5236
00:32:58 - process[0]: training epoch 1 ...
00:33:12 - process[0] - epoch 1 - train iter 437 - 27963.2 words/s - loss: 0.4810
00:33:12 - process[0]: training epoch 2 ...
00:33:25 - process[0] - epoch 2 - train iter 437 - 28055.3 words/s - loss: 0.4223
00:33:25 - process[0]: training epoch 3 ...
00:33:39 - process[0] - epoch 3 - train iter 437 - 28187.0 words/s - loss: 0.4202
00:33:39 - process[0]: training epoch 4 ...
00:33:53 - process[0] - epoch 4 - train iter 437 - 28130.3 words/s - loss: 0.3932
00:33:53 - process[0]: training epoch 5 ...
00:34:07 - process[0] - epoch 5 - train iter 437 - 28071.2 words/s - loss: 0.4018
00:34:07 - process[0]: training epoch 6 ...
00:34:20 - process[0] - epoch 6 - train iter 437 - 28019.1 words/s - loss: 0.3607
00:34:20 - process[0]: training epoch 7 ...
00:34:34 - process[0] - epoch 7 - train iter 437 - 28118.7 words/s - loss: 0.3630
00:34:34 - process[0]: training epoch 8 ...
00:34:48 - process[0] - epoch 8 - train iter 437 - 28097.8 words/s - loss: 0.3444
00:34:48 - process[0]: training epoch 9 ...
00:35:02 - process[0] - epoch 9 - train iter 437 - 28219.4 words/s - loss: 0.3366
00:35:02 - process[0]: training epoch 10 ...
00:35:15 - process[0] - epoch 10 - train iter 437 - 27686.7 words/s - loss: 0.3426
00:35:15 - process[0]: evaluating epoch 10 on dev ...
00:35:31 - dev set during evaluation: 11320/11315
00:35:31 - process[0] - dev - epoch 10 - mAP: 0.595 w/ 31 queries
00:35:31 - removing file tmp_5f/mbert_dees_dev_4_10.txt
00:35:31 - removing file tmp_5f/mbert_dees_dev_7_10.txt
00:35:31 - removing file tmp_5f/mbert_dees_dev_6_10.txt
00:35:31 - removing file tmp_5f/mbert_dees_dev_2_10.txt
00:35:31 - removing file tmp_5f/mbert_dees_dev_5_10.txt
00:35:31 - removing file tmp_5f/mbert_dees_dev_3_10.txt
00:35:31 - removing file tmp_5f/mbert_dees_dev_0_10.txt
00:35:31 - removing file tmp_5f/mbert_dees_dev_9_10.txt
00:35:31 - removing file tmp_5f/mbert_dees_dev_1_10.txt
00:35:31 - removing file tmp_5f/mbert_dees_dev_8_10.txt
00:35:31 - process[0]: evaluating epoch 10 on test ...
00:35:45 - process[0] - test - epoch 10 - mAP: 0.521 w/ 31 queries
00:35:45 - removing file tmp_5f/mbert_dees_test_4_10.txt
00:35:45 - removing file tmp_5f/mbert_dees_test_7_10.txt
00:35:45 - removing file tmp_5f/mbert_dees_test_6_10.txt
00:35:45 - removing file tmp_5f/mbert_dees_test_8_10.txt
00:35:45 - removing file tmp_5f/mbert_dees_test_1_10.txt
00:35:45 - removing file tmp_5f/mbert_dees_test_0_10.txt
00:35:45 - removing file tmp_5f/mbert_dees_test_5_10.txt
00:35:45 - removing file tmp_5f/mbert_dees_test_2_10.txt
00:35:45 - removing file tmp_5f/mbert_dees_test_9_10.txt
00:35:45 - removing file tmp_5f/mbert_dees_test_3_10.txt
00:35:45 - process[0]: training epoch 11 ...
00:35:59 - process[0] - epoch 11 - train iter 437 - 28802.1 words/s - loss: 0.3488
00:35:59 - process[0]: evaluating epoch 11 on dev ...
00:36:13 - dev set during evaluation: 11320/11315
00:36:13 - process[0] - dev - epoch 11 - mAP: 0.598 w/ 31 queries
00:36:13 - removing file tmp_5f/mbert_dees_dev_9_11.txt
00:36:13 - removing file tmp_5f/mbert_dees_dev_4_11.txt
00:36:13 - removing file tmp_5f/mbert_dees_dev_2_11.txt
00:36:13 - removing file tmp_5f/mbert_dees_dev_6_11.txt
00:36:13 - removing file tmp_5f/mbert_dees_dev_5_11.txt
00:36:13 - removing file tmp_5f/mbert_dees_dev_3_11.txt
00:36:13 - removing file tmp_5f/mbert_dees_dev_1_11.txt
00:36:13 - removing file tmp_5f/mbert_dees_dev_7_11.txt
00:36:13 - removing file tmp_5f/mbert_dees_dev_0_11.txt
00:36:13 - removing file tmp_5f/mbert_dees_dev_8_11.txt
00:36:13 - process[0]: evaluating epoch 11 on test ...
00:36:27 - process[0] - test - epoch 11 - mAP: 0.517 w/ 31 queries
00:36:27 - removing file tmp_5f/mbert_dees_test_8_11.txt
00:36:27 - removing file tmp_5f/mbert_dees_test_3_11.txt
00:36:27 - removing file tmp_5f/mbert_dees_test_6_11.txt
00:36:27 - removing file tmp_5f/mbert_dees_test_4_11.txt
00:36:27 - removing file tmp_5f/mbert_dees_test_5_11.txt
00:36:27 - removing file tmp_5f/mbert_dees_test_9_11.txt
00:36:27 - removing file tmp_5f/mbert_dees_test_7_11.txt
00:36:27 - removing file tmp_5f/mbert_dees_test_0_11.txt
00:36:27 - removing file tmp_5f/mbert_dees_test_1_11.txt
00:36:27 - removing file tmp_5f/mbert_dees_test_2_11.txt
00:36:27 - process[0]: training epoch 12 ...
00:36:41 - process[0] - epoch 12 - train iter 437 - 28287.4 words/s - loss: 0.3052
00:36:41 - process[0]: evaluating epoch 12 on dev ...
00:36:56 - dev set during evaluation: 11320/11315
00:36:56 - process[0] - dev - epoch 12 - mAP: 0.613 w/ 31 queries
00:36:56 - removing file tmp_5f/mbert_dees_dev_5_12.txt
00:36:56 - removing file tmp_5f/mbert_dees_dev_9_12.txt
00:36:56 - removing file tmp_5f/mbert_dees_dev_2_12.txt
00:36:56 - removing file tmp_5f/mbert_dees_dev_1_12.txt
00:36:56 - removing file tmp_5f/mbert_dees_dev_6_12.txt
00:36:56 - removing file tmp_5f/mbert_dees_dev_3_12.txt
00:36:56 - removing file tmp_5f/mbert_dees_dev_8_12.txt
00:36:56 - removing file tmp_5f/mbert_dees_dev_4_12.txt
00:36:56 - removing file tmp_5f/mbert_dees_dev_0_12.txt
00:36:56 - removing file tmp_5f/mbert_dees_dev_7_12.txt
00:36:56 - process[0]: evaluating epoch 12 on test ...
00:37:09 - process[0] - test - epoch 12 - mAP: 0.513 w/ 31 queries
00:37:09 - removing file tmp_5f/mbert_dees_test_2_12.txt
00:37:09 - removing file tmp_5f/mbert_dees_test_8_12.txt
00:37:09 - removing file tmp_5f/mbert_dees_test_7_12.txt
00:37:09 - removing file tmp_5f/mbert_dees_test_5_12.txt
00:37:09 - removing file tmp_5f/mbert_dees_test_0_12.txt
00:37:09 - removing file tmp_5f/mbert_dees_test_4_12.txt
00:37:09 - removing file tmp_5f/mbert_dees_test_9_12.txt
00:37:09 - removing file tmp_5f/mbert_dees_test_6_12.txt
00:37:09 - removing file tmp_5f/mbert_dees_test_1_12.txt
00:37:09 - removing file tmp_5f/mbert_dees_test_3_12.txt
00:37:09 - process[0]: training epoch 13 ...
00:37:23 - process[0] - epoch 13 - train iter 437 - 28521.8 words/s - loss: 0.3171
00:37:23 - process[0]: evaluating epoch 13 on dev ...
00:37:38 - dev set during evaluation: 11320/11315
00:37:38 - process[0] - dev - epoch 13 - mAP: 0.602 w/ 31 queries
00:37:38 - removing file tmp_5f/mbert_dees_dev_8_13.txt
00:37:38 - removing file tmp_5f/mbert_dees_dev_3_13.txt
00:37:38 - removing file tmp_5f/mbert_dees_dev_2_13.txt
00:37:38 - removing file tmp_5f/mbert_dees_dev_1_13.txt
00:37:38 - removing file tmp_5f/mbert_dees_dev_7_13.txt
00:37:38 - removing file tmp_5f/mbert_dees_dev_4_13.txt
00:37:38 - removing file tmp_5f/mbert_dees_dev_6_13.txt
00:37:38 - removing file tmp_5f/mbert_dees_dev_5_13.txt
00:37:38 - removing file tmp_5f/mbert_dees_dev_9_13.txt
00:37:38 - removing file tmp_5f/mbert_dees_dev_0_13.txt
00:37:38 - process[0]: training epoch 14 ...
00:37:52 - process[0] - epoch 14 - train iter 437 - 28357.6 words/s - loss: 0.2920
00:37:52 - process[0]: evaluating epoch 14 on dev ...
00:38:07 - dev set during evaluation: 11320/11315
00:38:07 - process[0] - dev - epoch 14 - mAP: 0.601 w/ 31 queries
00:38:07 - removing file tmp_5f/mbert_dees_dev_0_14.txt
00:38:07 - removing file tmp_5f/mbert_dees_dev_8_14.txt
00:38:07 - removing file tmp_5f/mbert_dees_dev_5_14.txt
00:38:07 - removing file tmp_5f/mbert_dees_dev_3_14.txt
00:38:07 - removing file tmp_5f/mbert_dees_dev_4_14.txt
00:38:07 - removing file tmp_5f/mbert_dees_dev_9_14.txt
00:38:07 - removing file tmp_5f/mbert_dees_dev_7_14.txt
00:38:07 - removing file tmp_5f/mbert_dees_dev_2_14.txt
00:38:07 - removing file tmp_5f/mbert_dees_dev_1_14.txt
00:38:07 - removing file tmp_5f/mbert_dees_dev_6_14.txt
00:38:07 - process[0]: training epoch 15 ...
00:38:20 - process[0] - epoch 15 - train iter 437 - 28589.5 words/s - loss: 0.3010
00:38:20 - process[0]: evaluating epoch 15 on dev ...
00:38:35 - dev set during evaluation: 11320/11315
00:38:35 - process[0] - dev - epoch 15 - mAP: 0.599 w/ 31 queries
00:38:35 - removing file tmp_5f/mbert_dees_dev_1_15.txt
00:38:35 - removing file tmp_5f/mbert_dees_dev_9_15.txt
00:38:35 - removing file tmp_5f/mbert_dees_dev_6_15.txt
00:38:35 - removing file tmp_5f/mbert_dees_dev_5_15.txt
00:38:35 - removing file tmp_5f/mbert_dees_dev_7_15.txt
00:38:35 - removing file tmp_5f/mbert_dees_dev_8_15.txt
00:38:35 - removing file tmp_5f/mbert_dees_dev_0_15.txt
00:38:35 - removing file tmp_5f/mbert_dees_dev_3_15.txt
00:38:35 - removing file tmp_5f/mbert_dees_dev_2_15.txt
00:38:35 - removing file tmp_5f/mbert_dees_dev_4_15.txt
00:38:35 - process[0]: training epoch 16 ...
00:38:49 - process[0] - epoch 16 - train iter 437 - 28266.2 words/s - loss: 0.2896
00:38:49 - process[0]: evaluating epoch 16 on dev ...
00:39:04 - dev set during evaluation: 11320/11315
00:39:04 - process[0] - dev - epoch 16 - mAP: 0.594 w/ 31 queries
00:39:04 - removing file tmp_5f/mbert_dees_dev_7_16.txt
00:39:04 - removing file tmp_5f/mbert_dees_dev_5_16.txt
00:39:04 - removing file tmp_5f/mbert_dees_dev_8_16.txt
00:39:04 - removing file tmp_5f/mbert_dees_dev_4_16.txt
00:39:04 - removing file tmp_5f/mbert_dees_dev_1_16.txt
00:39:04 - removing file tmp_5f/mbert_dees_dev_3_16.txt
00:39:04 - removing file tmp_5f/mbert_dees_dev_2_16.txt
00:39:04 - removing file tmp_5f/mbert_dees_dev_9_16.txt
00:39:04 - removing file tmp_5f/mbert_dees_dev_0_16.txt
00:39:04 - removing file tmp_5f/mbert_dees_dev_6_16.txt
00:39:04 - process[0]: training epoch 17 ...
00:39:18 - process[0] - epoch 17 - train iter 437 - 28404.4 words/s - loss: 0.2967
00:39:18 - process[0]: evaluating epoch 17 on dev ...
00:39:33 - dev set during evaluation: 11320/11315
00:39:33 - process[0] - dev - epoch 17 - mAP: 0.620 w/ 31 queries
00:39:33 - removing file tmp_5f/mbert_dees_dev_4_17.txt
00:39:33 - removing file tmp_5f/mbert_dees_dev_5_17.txt
00:39:33 - removing file tmp_5f/mbert_dees_dev_2_17.txt
00:39:33 - removing file tmp_5f/mbert_dees_dev_7_17.txt
00:39:33 - removing file tmp_5f/mbert_dees_dev_6_17.txt
00:39:33 - removing file tmp_5f/mbert_dees_dev_8_17.txt
00:39:33 - removing file tmp_5f/mbert_dees_dev_3_17.txt
00:39:33 - removing file tmp_5f/mbert_dees_dev_0_17.txt
00:39:33 - removing file tmp_5f/mbert_dees_dev_9_17.txt
00:39:33 - removing file tmp_5f/mbert_dees_dev_1_17.txt
00:39:33 - process[0]: evaluating epoch 17 on test ...
00:39:47 - process[0] - test - epoch 17 - mAP: 0.516 w/ 31 queries
00:39:47 - removing file tmp_5f/mbert_dees_test_0_17.txt
00:39:47 - removing file tmp_5f/mbert_dees_test_8_17.txt
00:39:47 - removing file tmp_5f/mbert_dees_test_4_17.txt
00:39:47 - removing file tmp_5f/mbert_dees_test_7_17.txt
00:39:47 - removing file tmp_5f/mbert_dees_test_5_17.txt
00:39:47 - removing file tmp_5f/mbert_dees_test_3_17.txt
00:39:47 - removing file tmp_5f/mbert_dees_test_9_17.txt
00:39:47 - removing file tmp_5f/mbert_dees_test_2_17.txt
00:39:47 - removing file tmp_5f/mbert_dees_test_6_17.txt
00:39:47 - removing file tmp_5f/mbert_dees_test_1_17.txt
00:39:47 - process[0]: training epoch 18 ...
00:40:01 - process[0] - epoch 18 - train iter 437 - 28143.7 words/s - loss: 0.2585
00:40:01 - process[0]: evaluating epoch 18 on dev ...
00:40:16 - dev set during evaluation: 11320/11315
00:40:16 - process[0] - dev - epoch 18 - mAP: 0.596 w/ 31 queries
00:40:16 - removing file tmp_5f/mbert_dees_dev_0_18.txt
00:40:16 - removing file tmp_5f/mbert_dees_dev_2_18.txt
00:40:16 - removing file tmp_5f/mbert_dees_dev_4_18.txt
00:40:16 - removing file tmp_5f/mbert_dees_dev_7_18.txt
00:40:16 - removing file tmp_5f/mbert_dees_dev_3_18.txt
00:40:16 - removing file tmp_5f/mbert_dees_dev_6_18.txt
00:40:16 - removing file tmp_5f/mbert_dees_dev_5_18.txt
00:40:16 - removing file tmp_5f/mbert_dees_dev_1_18.txt
00:40:16 - removing file tmp_5f/mbert_dees_dev_9_18.txt
00:40:16 - removing file tmp_5f/mbert_dees_dev_8_18.txt
00:40:16 - process[0]: training epoch 19 ...
00:40:30 - process[0] - epoch 19 - train iter 437 - 28219.8 words/s - loss: 0.2923
00:40:30 - process[0]: evaluating epoch 19 on dev ...
00:40:44 - dev set during evaluation: 11320/11315
00:40:44 - process[0] - dev - epoch 19 - mAP: 0.608 w/ 31 queries
00:40:44 - removing file tmp_5f/mbert_dees_dev_8_19.txt
00:40:44 - removing file tmp_5f/mbert_dees_dev_2_19.txt
00:40:44 - removing file tmp_5f/mbert_dees_dev_6_19.txt
00:40:44 - removing file tmp_5f/mbert_dees_dev_9_19.txt
00:40:44 - removing file tmp_5f/mbert_dees_dev_0_19.txt
00:40:44 - removing file tmp_5f/mbert_dees_dev_7_19.txt
00:40:44 - removing file tmp_5f/mbert_dees_dev_3_19.txt
00:40:44 - removing file tmp_5f/mbert_dees_dev_1_19.txt
00:40:44 - removing file tmp_5f/mbert_dees_dev_5_19.txt
00:40:44 - removing file tmp_5f/mbert_dees_dev_4_19.txt
00:40:44 - [fold 5] best test MAP: 0.516 @ epoch 17
00:40:44 - [0.5471489290769739, 0.5981572772062209, 0.5431416721458513, 0.5807067274572142, 0.5155366075790625]
00:40:44 - [31, 32, 31, 31, 31]
00:40:44 - final MAP: 0.557
