00:00:02 - Namespace(apex_level='O2', batch_size=8, cased=False, dataset='mix', debug=False, encoder_lr=2e-05, eval_step=1, full_doc_length=True, local_rank=4, model_path='/mnt/scratch/puxuan/short_qlm-rr/2147416/huggingface-9', model_type='mbert', num_epochs=10, num_ft_encoders=3, num_neg=1, projector_lr=2e-05, seed=611, source_lang='de', target_lang='es')
00:02:18 - Evaluating every 1 epochs ...
00:02:19 - reading data from /mnt/home/puxuan/wiki-clir/uncased and /mnt/home/puxuan/CLIR-project/Evaluation_data/process-clef/uncased
00:02:20 - f1 has 78 queries ...
00:02:20 - f2 has 78 queries ...
00:02:20 - Data reading done ...
00:02:26 - adding 9-th encoder to optimizer...
00:02:26 - adding 10-th encoder to optimizer...
00:02:26 - adding 11-th encoder to optimizer...
00:02:26 - process[4]: training epoch 0 ...
00:03:53 - process[4] - epoch 0 - train iter 625 - 4720.2 words/s - loss: 0.3618
00:03:53 - process[4]: training epoch 1 ...
00:05:33 - process[4] - epoch 1 - train iter 625 - 4141.6 words/s - loss: 0.2545
00:05:33 - process[4]: training epoch 2 ...
00:06:57 - process[4] - epoch 2 - train iter 625 - 4940.0 words/s - loss: 0.2134
00:06:57 - process[4]: training epoch 3 ...
00:08:30 - process[4] - epoch 3 - train iter 625 - 4461.7 words/s - loss: 0.2061
00:08:30 - process[4]: training epoch 4 ...
00:09:58 - process[4] - epoch 4 - train iter 625 - 4791.0 words/s - loss: 0.1776
00:09:58 - process[4]: training epoch 5 ...
00:11:28 - process[4] - epoch 5 - train iter 625 - 4603.4 words/s - loss: 0.1834
00:11:28 - process[4]: evaluating epoch 5 on f1 ...
00:12:42 - process[4] - f1 - epoch 5 - mAP: 0.475 w/ 78 queries
00:12:42 - process[4]: evaluating epoch 5 on f2 ...
00:13:19 - f2 set during evaluation: 29536/29534
00:13:19 - process[4] - f2 - epoch 5 - mAP: 0.537 w/ 78 queries
00:13:19 - process[4]: training epoch 6 ...
00:14:55 - process[4] - epoch 6 - train iter 625 - 4349.1 words/s - loss: 0.1600
00:14:55 - process[4]: evaluating epoch 6 on f1 ...
00:15:51 - process[4] - f1 - epoch 6 - mAP: 0.471 w/ 78 queries
00:15:51 - process[4]: evaluating epoch 6 on f2 ...
00:16:28 - f2 set during evaluation: 29536/29534
00:16:28 - process[4] - f2 - epoch 6 - mAP: 0.552 w/ 78 queries
00:16:28 - process[4]: training epoch 7 ...
00:17:58 - process[4] - epoch 7 - train iter 625 - 4589.6 words/s - loss: 0.1637
00:17:58 - process[4]: evaluating epoch 7 on f1 ...
00:18:42 - process[4] - f1 - epoch 7 - mAP: 0.471 w/ 78 queries
00:18:42 - process[4]: evaluating epoch 7 on f2 ...
00:19:19 - f2 set during evaluation: 29536/29534
00:19:19 - process[4] - f2 - epoch 7 - mAP: 0.545 w/ 78 queries
00:19:19 - process[4]: training epoch 8 ...
00:21:03 - process[4] - epoch 8 - train iter 625 - 4030.0 words/s - loss: 0.1657
00:21:03 - process[4]: evaluating epoch 8 on f1 ...
00:21:47 - process[4] - f1 - epoch 8 - mAP: 0.447 w/ 78 queries
00:21:47 - process[4]: evaluating epoch 8 on f2 ...
00:22:24 - f2 set during evaluation: 29536/29534
00:22:24 - process[4] - f2 - epoch 8 - mAP: 0.535 w/ 78 queries
00:22:24 - process[4]: training epoch 9 ...
00:23:59 - process[4] - epoch 9 - train iter 625 - 4352.8 words/s - loss: 0.1410
00:23:59 - process[4]: evaluating epoch 9 on f1 ...
00:24:37 - process[4] - f1 - epoch 9 - mAP: 0.448 w/ 78 queries
00:24:37 - process[4]: evaluating epoch 9 on f2 ...
00:25:13 - f2 set during evaluation: 29536/29534
00:25:13 - process[4] - f2 - epoch 9 - mAP: 0.529 w/ 78 queries
