00:00:02 - Namespace(apex_level='O2', batch_size=8, cased=False, dataset='mix', debug=False, encoder_lr=2e-05, eval_step=1, full_doc_length=True, local_rank=6, model_path='/mnt/scratch/puxuan/short_qlm-rr/2147416/huggingface-9', model_type='mbert', num_epochs=10, num_ft_encoders=3, num_neg=1, projector_lr=2e-05, seed=611, source_lang='de', target_lang='es')
00:02:18 - Evaluating every 1 epochs ...
00:02:19 - reading data from /mnt/home/puxuan/wiki-clir/uncased and /mnt/home/puxuan/CLIR-project/Evaluation_data/process-clef/uncased
00:02:20 - f1 has 78 queries ...
00:02:20 - f2 has 78 queries ...
00:02:20 - Data reading done ...
00:02:26 - adding 9-th encoder to optimizer...
00:02:26 - adding 10-th encoder to optimizer...
00:02:26 - adding 11-th encoder to optimizer...
00:02:26 - process[6]: training epoch 0 ...
00:04:02 - process[6] - epoch 0 - train iter 625 - 4389.3 words/s - loss: 0.3506
00:04:02 - process[6]: training epoch 1 ...
00:05:52 - process[6] - epoch 1 - train iter 625 - 3762.2 words/s - loss: 0.2465
00:05:52 - process[6]: training epoch 2 ...
00:07:32 - process[6] - epoch 2 - train iter 625 - 4187.9 words/s - loss: 0.2175
00:07:32 - process[6]: training epoch 3 ...
00:09:07 - process[6] - epoch 3 - train iter 625 - 4284.5 words/s - loss: 0.2084
00:09:07 - process[6]: training epoch 4 ...
00:10:47 - process[6] - epoch 4 - train iter 625 - 4144.0 words/s - loss: 0.1959
00:10:47 - process[6]: training epoch 5 ...
00:12:06 - process[6] - epoch 5 - train iter 625 - 5215.7 words/s - loss: 0.1888
00:12:06 - process[6]: evaluating epoch 5 on f1 ...
00:12:42 - process[6] - f1 - epoch 5 - mAP: 0.475 w/ 78 queries
00:12:42 - process[6]: evaluating epoch 5 on f2 ...
00:13:19 - f2 set during evaluation: 29536/29534
00:13:19 - process[6] - f2 - epoch 5 - mAP: 0.537 w/ 78 queries
00:13:19 - process[6]: training epoch 6 ...
00:15:17 - process[6] - epoch 6 - train iter 625 - 3632.2 words/s - loss: 0.1895
00:15:17 - process[6]: evaluating epoch 6 on f1 ...
00:15:51 - process[6] - f1 - epoch 6 - mAP: 0.471 w/ 78 queries
00:15:51 - process[6]: evaluating epoch 6 on f2 ...
00:16:28 - f2 set during evaluation: 29536/29534
00:16:28 - process[6] - f2 - epoch 6 - mAP: 0.552 w/ 78 queries
00:16:28 - process[6]: training epoch 7 ...
00:18:08 - process[6] - epoch 7 - train iter 625 - 4238.1 words/s - loss: 0.1639
00:18:08 - process[6]: evaluating epoch 7 on f1 ...
00:18:42 - process[6] - f1 - epoch 7 - mAP: 0.471 w/ 78 queries
00:18:42 - process[6]: evaluating epoch 7 on f2 ...
00:19:19 - f2 set during evaluation: 29536/29534
00:19:19 - process[6] - f2 - epoch 7 - mAP: 0.545 w/ 78 queries
00:19:19 - process[6]: training epoch 8 ...
00:20:54 - process[6] - epoch 8 - train iter 625 - 4360.5 words/s - loss: 0.1696
00:20:54 - process[6]: evaluating epoch 8 on f1 ...
00:21:47 - process[6] - f1 - epoch 8 - mAP: 0.447 w/ 78 queries
00:21:47 - process[6]: evaluating epoch 8 on f2 ...
00:22:24 - f2 set during evaluation: 29536/29534
00:22:24 - process[6] - f2 - epoch 8 - mAP: 0.535 w/ 78 queries
00:22:24 - process[6]: training epoch 9 ...
00:23:53 - process[6] - epoch 9 - train iter 625 - 4599.5 words/s - loss: 0.1446
00:23:53 - process[6]: evaluating epoch 9 on f1 ...
00:24:37 - process[6] - f1 - epoch 9 - mAP: 0.448 w/ 78 queries
00:24:37 - process[6]: evaluating epoch 9 on f2 ...
00:25:13 - f2 set during evaluation: 29536/29534
00:25:13 - process[6] - f2 - epoch 9 - mAP: 0.529 w/ 78 queries
