00:00:06 - Namespace(apex_level='O2', batch_size=8, cased=False, dataset='clef', debug=False, encoder_lr=2e-05, eval_step=1, full_doc_length=True, local_rank=5, model_path='/mnt/scratch/puxuan/short_qlm_mix/2192279/huggingface-4', model_type='mbert', num_epochs=20, num_ft_encoders=3, num_neg=1, projector_lr=2e-05, seed=611, source_lang='en', target_lang='de')
00:00:26 - Evaluating every 1 epochs ...
00:00:26 - reading data from /mnt/home/puxuan/CLIR-project/Evaluation_data/process-clef/uncased
00:00:27 - test has 38 queries ...
00:00:27 - Data reading done ...
00:00:34 - adding 9-th encoder to optimizer...
00:00:34 - adding 10-th encoder to optimizer...
00:00:34 - adding 11-th encoder to optimizer...
00:00:34 - process[5]: training epoch 0 ...
00:00:51 - process[5] - epoch 0 - train iter 423 - 19665.7 words/s - loss: 0.6558
00:00:51 - process[5]: training epoch 1 ...
00:01:06 - process[5] - epoch 1 - train iter 423 - 21487.3 words/s - loss: 0.5411
00:01:06 - process[5]: training epoch 2 ...
00:01:23 - process[5] - epoch 2 - train iter 423 - 20183.1 words/s - loss: 0.5046
00:01:23 - process[5]: training epoch 3 ...
00:01:39 - process[5] - epoch 3 - train iter 423 - 20359.1 words/s - loss: 0.4810
00:01:39 - process[5]: training epoch 4 ...
00:01:55 - process[5] - epoch 4 - train iter 423 - 20852.5 words/s - loss: 0.5202
00:01:55 - process[5]: training epoch 5 ...
00:02:12 - process[5] - epoch 5 - train iter 423 - 20474.8 words/s - loss: 0.4809
00:02:12 - process[5]: training epoch 6 ...
00:02:28 - process[5] - epoch 6 - train iter 423 - 20452.6 words/s - loss: 0.4598
00:02:28 - process[5]: training epoch 7 ...
00:02:44 - process[5] - epoch 7 - train iter 423 - 20800.9 words/s - loss: 0.4605
00:02:44 - process[5]: training epoch 8 ...
00:03:00 - process[5] - epoch 8 - train iter 423 - 20415.8 words/s - loss: 0.4393
00:03:00 - process[5]: training epoch 9 ...
00:03:15 - process[5] - epoch 9 - train iter 423 - 22130.4 words/s - loss: 0.4522
00:03:15 - process[5]: training epoch 10 ...
00:03:30 - process[5] - epoch 10 - train iter 423 - 21039.2 words/s - loss: 0.4785
00:03:30 - process[5]: evaluating epoch 10 on dev ...
00:04:08 - dev set during evaluation: 13890/13887
00:04:08 - process[5] - dev - epoch 10 - mAP: 0.465 w/ 38 queries
00:04:08 - process[5]: evaluating epoch 10 on test ...
00:04:38 - test set during evaluation: 15580/15574
00:04:38 - process[5] - test - epoch 10 - mAP: 0.392 w/ 38 queries
00:04:38 - process[5]: training epoch 11 ...
00:04:55 - process[5] - epoch 11 - train iter 423 - 20182.0 words/s - loss: 0.3876
00:04:55 - process[5]: evaluating epoch 11 on dev ...
00:05:24 - dev set during evaluation: 13890/13887
00:05:24 - process[5] - dev - epoch 11 - mAP: 0.454 w/ 38 queries
00:05:24 - process[5]: training epoch 12 ...
00:05:41 - process[5] - epoch 12 - train iter 423 - 20012.3 words/s - loss: 0.4102
00:05:41 - process[5]: evaluating epoch 12 on dev ...
00:06:12 - dev set during evaluation: 13890/13887
00:06:12 - process[5] - dev - epoch 12 - mAP: 0.463 w/ 38 queries
00:06:12 - process[5]: training epoch 13 ...
00:06:29 - process[5] - epoch 13 - train iter 423 - 19661.0 words/s - loss: 0.4074
00:06:29 - process[5]: evaluating epoch 13 on dev ...
00:06:58 - dev set during evaluation: 13890/13887
00:06:58 - process[5] - dev - epoch 13 - mAP: 0.463 w/ 38 queries
00:06:58 - process[5]: training epoch 14 ...
00:07:13 - process[5] - epoch 14 - train iter 423 - 21299.3 words/s - loss: 0.4033
00:07:13 - process[5]: evaluating epoch 14 on dev ...
00:07:43 - dev set during evaluation: 13890/13887
00:07:43 - process[5] - dev - epoch 14 - mAP: 0.437 w/ 38 queries
00:07:43 - process[5]: training epoch 15 ...
00:07:59 - process[5] - epoch 15 - train iter 423 - 20245.7 words/s - loss: 0.4187
00:07:59 - process[5]: evaluating epoch 15 on dev ...
00:08:29 - dev set during evaluation: 13890/13887
00:08:29 - process[5] - dev - epoch 15 - mAP: 0.481 w/ 38 queries
00:08:29 - process[5]: evaluating epoch 15 on test ...
00:08:59 - test set during evaluation: 15580/15574
00:08:59 - process[5] - test - epoch 15 - mAP: 0.381 w/ 38 queries
00:08:59 - process[5]: training epoch 16 ...
00:09:15 - process[5] - epoch 16 - train iter 423 - 20622.6 words/s - loss: 0.3643
00:09:15 - process[5]: evaluating epoch 16 on dev ...
00:09:44 - dev set during evaluation: 13890/13887
00:09:44 - process[5] - dev - epoch 16 - mAP: 0.471 w/ 38 queries
00:09:44 - process[5]: training epoch 17 ...
00:10:01 - process[5] - epoch 17 - train iter 423 - 19485.1 words/s - loss: 0.4126
00:10:01 - process[5]: evaluating epoch 17 on dev ...
00:10:29 - dev set during evaluation: 13890/13887
00:10:29 - process[5] - dev - epoch 17 - mAP: 0.462 w/ 38 queries
00:10:29 - process[5]: training epoch 18 ...
00:10:46 - process[5] - epoch 18 - train iter 423 - 20483.6 words/s - loss: 0.3622
00:10:46 - process[5]: evaluating epoch 18 on dev ...
00:11:14 - dev set during evaluation: 13890/13887
00:11:14 - process[5] - dev - epoch 18 - mAP: 0.464 w/ 38 queries
00:11:14 - process[5]: training epoch 19 ...
00:11:30 - process[5] - epoch 19 - train iter 423 - 20690.2 words/s - loss: 0.3668
00:11:30 - process[5]: evaluating epoch 19 on dev ...
00:11:59 - dev set during evaluation: 13890/13887
00:11:59 - process[5] - dev - epoch 19 - mAP: 0.476 w/ 38 queries
00:11:59 - [fold 1] best test MAP: 0.381 @ epoch 15
00:11:59 - Evaluating every 1 epochs ...
00:11:59 - reading data from /mnt/home/puxuan/CLIR-project/Evaluation_data/process-clef/uncased
00:11:59 - test has 39 queries ...
00:11:59 - Data reading done ...
00:12:01 - adding 9-th encoder to optimizer...
00:12:01 - adding 10-th encoder to optimizer...
00:12:01 - adding 11-th encoder to optimizer...
00:12:02 - process[5]: training epoch 0 ...
00:12:19 - process[5] - epoch 0 - train iter 386 - 16886.6 words/s - loss: 0.6346
00:12:19 - process[5]: training epoch 1 ...
00:12:38 - process[5] - epoch 1 - train iter 386 - 16000.9 words/s - loss: 0.5170
00:12:38 - process[5]: training epoch 2 ...
00:12:56 - process[5] - epoch 2 - train iter 386 - 16721.2 words/s - loss: 0.4878
00:12:56 - process[5]: training epoch 3 ...
00:13:15 - process[5] - epoch 3 - train iter 386 - 16433.2 words/s - loss: 0.5100
00:13:15 - process[5]: training epoch 4 ...
00:13:33 - process[5] - epoch 4 - train iter 386 - 16557.1 words/s - loss: 0.4731
00:13:33 - process[5]: training epoch 5 ...
00:13:53 - process[5] - epoch 5 - train iter 386 - 15642.6 words/s - loss: 0.4719
00:13:53 - process[5]: training epoch 6 ...
00:14:12 - process[5] - epoch 6 - train iter 386 - 15713.6 words/s - loss: 0.4481
00:14:12 - process[5]: training epoch 7 ...
00:14:30 - process[5] - epoch 7 - train iter 386 - 16834.4 words/s - loss: 0.4500
00:14:30 - process[5]: training epoch 8 ...
00:14:47 - process[5] - epoch 8 - train iter 386 - 17565.1 words/s - loss: 0.4505
00:14:47 - process[5]: training epoch 9 ...
00:15:03 - process[5] - epoch 9 - train iter 386 - 17581.6 words/s - loss: 0.4246
00:15:03 - process[5]: training epoch 10 ...
00:15:23 - process[5] - epoch 10 - train iter 386 - 16172.1 words/s - loss: 0.4261
00:15:23 - process[5]: evaluating epoch 10 on dev ...
00:15:57 - dev set during evaluation: 15580/15574
00:15:57 - process[5] - dev - epoch 10 - mAP: 0.395 w/ 38 queries
00:15:57 - process[5]: evaluating epoch 10 on test ...
00:16:31 - test set during evaluation: 14340/14338
00:16:31 - process[5] - test - epoch 10 - mAP: 0.488 w/ 39 queries
00:16:31 - process[5]: training epoch 11 ...
00:16:48 - process[5] - epoch 11 - train iter 386 - 17450.7 words/s - loss: 0.4552
00:16:48 - process[5]: evaluating epoch 11 on dev ...
00:17:25 - dev set during evaluation: 15580/15574
00:17:25 - process[5] - dev - epoch 11 - mAP: 0.381 w/ 38 queries
00:17:25 - process[5]: training epoch 12 ...
00:17:42 - process[5] - epoch 12 - train iter 386 - 17810.5 words/s - loss: 0.4229
00:17:42 - process[5]: evaluating epoch 12 on dev ...
00:18:20 - dev set during evaluation: 15580/15574
00:18:20 - process[5] - dev - epoch 12 - mAP: 0.377 w/ 38 queries
00:18:20 - process[5]: training epoch 13 ...
00:18:37 - process[5] - epoch 13 - train iter 386 - 17318.0 words/s - loss: 0.4221
00:18:37 - process[5]: evaluating epoch 13 on dev ...
00:19:14 - dev set during evaluation: 15580/15574
00:19:14 - process[5] - dev - epoch 13 - mAP: 0.382 w/ 38 queries
00:19:14 - process[5]: training epoch 14 ...
00:19:34 - process[5] - epoch 14 - train iter 386 - 15719.5 words/s - loss: 0.4165
00:19:34 - process[5]: evaluating epoch 14 on dev ...
00:20:09 - dev set during evaluation: 15580/15574
00:20:09 - process[5] - dev - epoch 14 - mAP: 0.376 w/ 38 queries
00:20:09 - process[5]: training epoch 15 ...
00:20:27 - process[5] - epoch 15 - train iter 386 - 16326.1 words/s - loss: 0.3649
00:20:27 - process[5]: evaluating epoch 15 on dev ...
00:21:04 - dev set during evaluation: 15580/15574
00:21:04 - process[5] - dev - epoch 15 - mAP: 0.384 w/ 38 queries
00:21:04 - process[5]: training epoch 16 ...
00:21:21 - process[5] - epoch 16 - train iter 386 - 17593.6 words/s - loss: 0.4417
00:21:21 - process[5]: evaluating epoch 16 on dev ...
00:21:58 - dev set during evaluation: 15580/15574
00:21:58 - process[5] - dev - epoch 16 - mAP: 0.387 w/ 38 queries
00:21:58 - process[5]: training epoch 17 ...
00:22:15 - process[5] - epoch 17 - train iter 386 - 17837.4 words/s - loss: 0.3716
00:22:15 - process[5]: evaluating epoch 17 on dev ...
00:22:57 - dev set during evaluation: 15580/15574
00:22:57 - process[5] - dev - epoch 17 - mAP: 0.379 w/ 38 queries
00:22:57 - process[5]: training epoch 18 ...
00:23:15 - process[5] - epoch 18 - train iter 386 - 17207.3 words/s - loss: 0.4038
00:23:15 - process[5]: evaluating epoch 18 on dev ...
00:23:52 - dev set during evaluation: 15580/15574
00:23:52 - process[5] - dev - epoch 18 - mAP: 0.371 w/ 38 queries
00:23:52 - process[5]: training epoch 19 ...
00:24:10 - process[5] - epoch 19 - train iter 386 - 16574.0 words/s - loss: 0.4194
00:24:10 - process[5]: evaluating epoch 19 on dev ...
00:24:46 - dev set during evaluation: 15580/15574
00:24:46 - process[5] - dev - epoch 19 - mAP: 0.369 w/ 38 queries
00:24:46 - [fold 2] best test MAP: 0.488 @ epoch 10
00:24:46 - Evaluating every 1 epochs ...
00:24:46 - reading data from /mnt/home/puxuan/CLIR-project/Evaluation_data/process-clef/uncased
00:24:47 - test has 39 queries ...
00:24:47 - Data reading done ...
00:24:49 - adding 9-th encoder to optimizer...
00:24:49 - adding 10-th encoder to optimizer...
00:24:49 - adding 11-th encoder to optimizer...
00:24:49 - process[5]: training epoch 0 ...
00:25:08 - process[5] - epoch 0 - train iter 360 - 14711.7 words/s - loss: 0.6447
00:25:08 - process[5]: training epoch 1 ...
00:25:26 - process[5] - epoch 1 - train iter 360 - 16303.5 words/s - loss: 0.5220
00:25:26 - process[5]: training epoch 2 ...
00:25:43 - process[5] - epoch 2 - train iter 360 - 16255.8 words/s - loss: 0.5173
00:25:43 - process[5]: training epoch 3 ...
00:26:00 - process[5] - epoch 3 - train iter 360 - 15891.7 words/s - loss: 0.4611
00:26:00 - process[5]: training epoch 4 ...
00:26:19 - process[5] - epoch 4 - train iter 360 - 15376.5 words/s - loss: 0.4784
00:26:19 - process[5]: training epoch 5 ...
00:26:37 - process[5] - epoch 5 - train iter 360 - 15488.3 words/s - loss: 0.4691
00:26:37 - process[5]: training epoch 6 ...
00:26:54 - process[5] - epoch 6 - train iter 360 - 17450.7 words/s - loss: 0.4593
00:26:54 - process[5]: training epoch 7 ...
00:27:11 - process[5] - epoch 7 - train iter 360 - 16136.9 words/s - loss: 0.4585
00:27:11 - process[5]: training epoch 8 ...
00:27:28 - process[5] - epoch 8 - train iter 360 - 16843.4 words/s - loss: 0.4572
00:27:28 - process[5]: training epoch 9 ...
00:27:46 - process[5] - epoch 9 - train iter 360 - 15898.6 words/s - loss: 0.4759
00:27:46 - process[5]: training epoch 10 ...
00:28:01 - process[5] - epoch 10 - train iter 360 - 18526.9 words/s - loss: 0.4093
00:28:01 - process[5]: evaluating epoch 10 on dev ...
00:28:43 - dev set during evaluation: 14340/14338
00:28:43 - process[5] - dev - epoch 10 - mAP: 0.526 w/ 39 queries
00:28:43 - process[5]: evaluating epoch 10 on test ...
00:29:12 - test set during evaluation: 11710/11707
00:29:12 - process[5] - test - epoch 10 - mAP: 0.494 w/ 39 queries
00:29:12 - process[5]: training epoch 11 ...
00:29:29 - process[5] - epoch 11 - train iter 360 - 15783.7 words/s - loss: 0.4251
00:29:29 - process[5]: evaluating epoch 11 on dev ...
00:30:04 - dev set during evaluation: 14340/14338
00:30:04 - process[5] - dev - epoch 11 - mAP: 0.516 w/ 39 queries
00:30:04 - process[5]: training epoch 12 ...
00:30:20 - process[5] - epoch 12 - train iter 360 - 16923.8 words/s - loss: 0.4382
00:30:20 - process[5]: evaluating epoch 12 on dev ...
00:30:54 - dev set during evaluation: 14340/14338
00:30:54 - process[5] - dev - epoch 12 - mAP: 0.524 w/ 39 queries
00:30:54 - process[5]: training epoch 13 ...
00:31:11 - process[5] - epoch 13 - train iter 360 - 16671.4 words/s - loss: 0.3973
00:31:11 - process[5]: evaluating epoch 13 on dev ...
00:31:44 - dev set during evaluation: 14340/14338
00:31:44 - process[5] - dev - epoch 13 - mAP: 0.516 w/ 39 queries
00:31:44 - process[5]: training epoch 14 ...
00:32:00 - process[5] - epoch 14 - train iter 360 - 18050.1 words/s - loss: 0.4022
00:32:00 - process[5]: evaluating epoch 14 on dev ...
00:32:34 - dev set during evaluation: 14340/14338
00:32:34 - process[5] - dev - epoch 14 - mAP: 0.498 w/ 39 queries
00:32:34 - process[5]: training epoch 15 ...
00:32:52 - process[5] - epoch 15 - train iter 360 - 15663.8 words/s - loss: 0.3993
00:32:52 - process[5]: evaluating epoch 15 on dev ...
00:33:24 - dev set during evaluation: 14340/14338
00:33:24 - process[5] - dev - epoch 15 - mAP: 0.517 w/ 39 queries
00:33:24 - process[5]: training epoch 16 ...
00:33:43 - process[5] - epoch 16 - train iter 360 - 14892.0 words/s - loss: 0.3939
00:33:43 - process[5]: evaluating epoch 16 on dev ...
00:34:20 - dev set during evaluation: 14340/14338
00:34:20 - process[5] - dev - epoch 16 - mAP: 0.508 w/ 39 queries
00:34:20 - process[5]: training epoch 17 ...
00:34:37 - process[5] - epoch 17 - train iter 360 - 16682.9 words/s - loss: 0.3811
00:34:37 - process[5]: evaluating epoch 17 on dev ...
00:35:12 - dev set during evaluation: 14340/14338
00:35:12 - process[5] - dev - epoch 17 - mAP: 0.504 w/ 39 queries
00:35:12 - process[5]: training epoch 18 ...
00:35:29 - process[5] - epoch 18 - train iter 360 - 16434.5 words/s - loss: 0.3824
00:35:29 - process[5]: evaluating epoch 18 on dev ...
00:36:04 - dev set during evaluation: 14340/14338
00:36:04 - process[5] - dev - epoch 18 - mAP: 0.520 w/ 39 queries
00:36:04 - process[5]: training epoch 19 ...
00:36:22 - process[5] - epoch 19 - train iter 360 - 16251.2 words/s - loss: 0.3812
00:36:22 - process[5]: evaluating epoch 19 on dev ...
00:36:55 - dev set during evaluation: 14340/14338
00:36:55 - process[5] - dev - epoch 19 - mAP: 0.500 w/ 39 queries
00:36:55 - [fold 3] best test MAP: 0.494 @ epoch 10
00:36:55 - Evaluating every 1 epochs ...
00:36:55 - reading data from /mnt/home/puxuan/CLIR-project/Evaluation_data/process-clef/uncased
00:36:57 - test has 38 queries ...
00:36:57 - Data reading done ...
00:36:58 - adding 9-th encoder to optimizer...
00:36:58 - adding 10-th encoder to optimizer...
00:36:58 - adding 11-th encoder to optimizer...
00:36:59 - process[5]: training epoch 0 ...
00:37:17 - process[5] - epoch 0 - train iter 404 - 17704.7 words/s - loss: 0.6546
00:37:17 - process[5]: training epoch 1 ...
00:37:34 - process[5] - epoch 1 - train iter 404 - 18555.8 words/s - loss: 0.5456
00:37:34 - process[5]: training epoch 2 ...
00:37:52 - process[5] - epoch 2 - train iter 404 - 17687.5 words/s - loss: 0.4708
00:37:52 - process[5]: training epoch 3 ...
00:38:11 - process[5] - epoch 3 - train iter 404 - 16863.3 words/s - loss: 0.4675
00:38:11 - process[5]: training epoch 4 ...
00:38:28 - process[5] - epoch 4 - train iter 404 - 18503.8 words/s - loss: 0.4624
00:38:28 - process[5]: training epoch 5 ...
00:38:45 - process[5] - epoch 5 - train iter 404 - 18216.9 words/s - loss: 0.4736
00:38:45 - process[5]: training epoch 6 ...
00:39:04 - process[5] - epoch 6 - train iter 404 - 17651.1 words/s - loss: 0.4252
00:39:04 - process[5]: training epoch 7 ...
00:39:22 - process[5] - epoch 7 - train iter 404 - 17211.2 words/s - loss: 0.4405
00:39:22 - process[5]: training epoch 8 ...
00:39:40 - process[5] - epoch 8 - train iter 404 - 17063.8 words/s - loss: 0.4287
00:39:40 - process[5]: training epoch 9 ...
00:39:58 - process[5] - epoch 9 - train iter 404 - 18304.3 words/s - loss: 0.4056
00:39:58 - process[5]: training epoch 10 ...
00:40:16 - process[5] - epoch 10 - train iter 404 - 17219.5 words/s - loss: 0.3835
00:40:16 - process[5]: evaluating epoch 10 on dev ...
00:40:47 - dev set during evaluation: 11710/11707
00:40:47 - process[5] - dev - epoch 10 - mAP: 0.468 w/ 39 queries
00:40:47 - process[5]: evaluating epoch 10 on test ...
00:41:14 - test set during evaluation: 13490/13483
00:41:14 - process[5] - test - epoch 10 - mAP: 0.468 w/ 38 queries
00:41:14 - process[5]: training epoch 11 ...
00:41:33 - process[5] - epoch 11 - train iter 404 - 17036.1 words/s - loss: 0.4011
00:41:33 - process[5]: evaluating epoch 11 on dev ...
00:42:01 - dev set during evaluation: 11710/11707
00:42:01 - process[5] - dev - epoch 11 - mAP: 0.452 w/ 39 queries
00:42:01 - process[5]: training epoch 12 ...
00:42:17 - process[5] - epoch 12 - train iter 404 - 19027.7 words/s - loss: 0.3987
00:42:17 - process[5]: evaluating epoch 12 on dev ...
00:42:46 - dev set during evaluation: 11710/11707
00:42:46 - process[5] - dev - epoch 12 - mAP: 0.479 w/ 39 queries
00:42:46 - process[5]: evaluating epoch 12 on test ...
00:43:14 - test set during evaluation: 13490/13483
00:43:14 - process[5] - test - epoch 12 - mAP: 0.467 w/ 38 queries
00:43:14 - process[5]: training epoch 13 ...
00:43:31 - process[5] - epoch 13 - train iter 404 - 17598.5 words/s - loss: 0.3960
00:43:31 - process[5]: evaluating epoch 13 on dev ...
00:43:58 - dev set during evaluation: 11710/11707
00:43:58 - process[5] - dev - epoch 13 - mAP: 0.473 w/ 39 queries
00:43:58 - process[5]: training epoch 14 ...
00:44:16 - process[5] - epoch 14 - train iter 404 - 17915.3 words/s - loss: 0.3901
00:44:16 - process[5]: evaluating epoch 14 on dev ...
00:44:44 - dev set during evaluation: 11710/11707
00:44:44 - process[5] - dev - epoch 14 - mAP: 0.490 w/ 39 queries
00:44:44 - process[5]: evaluating epoch 14 on test ...
00:45:11 - test set during evaluation: 13490/13483
00:45:11 - process[5] - test - epoch 14 - mAP: 0.470 w/ 38 queries
00:45:11 - process[5]: training epoch 15 ...
00:45:30 - process[5] - epoch 15 - train iter 404 - 16690.2 words/s - loss: 0.3735
00:45:30 - process[5]: evaluating epoch 15 on dev ...
00:45:57 - dev set during evaluation: 11710/11707
00:45:57 - process[5] - dev - epoch 15 - mAP: 0.489 w/ 39 queries
00:45:57 - process[5]: training epoch 16 ...
00:46:15 - process[5] - epoch 16 - train iter 404 - 17645.8 words/s - loss: 0.3770
00:46:15 - process[5]: evaluating epoch 16 on dev ...
00:46:42 - dev set during evaluation: 11710/11707
00:46:42 - process[5] - dev - epoch 16 - mAP: 0.495 w/ 39 queries
00:46:42 - process[5]: evaluating epoch 16 on test ...
00:47:09 - test set during evaluation: 13490/13483
00:47:09 - process[5] - test - epoch 16 - mAP: 0.491 w/ 38 queries
00:47:09 - process[5]: training epoch 17 ...
00:47:26 - process[5] - epoch 17 - train iter 404 - 17631.0 words/s - loss: 0.3458
00:47:26 - process[5]: evaluating epoch 17 on dev ...
00:47:55 - dev set during evaluation: 11710/11707
00:47:55 - process[5] - dev - epoch 17 - mAP: 0.488 w/ 39 queries
00:47:55 - process[5]: training epoch 18 ...
00:48:13 - process[5] - epoch 18 - train iter 404 - 17463.9 words/s - loss: 0.3488
00:48:13 - process[5]: evaluating epoch 18 on dev ...
00:48:42 - dev set during evaluation: 11710/11707
00:48:42 - process[5] - dev - epoch 18 - mAP: 0.492 w/ 39 queries
00:48:42 - process[5]: training epoch 19 ...
00:48:59 - process[5] - epoch 19 - train iter 404 - 18230.7 words/s - loss: 0.3845
00:48:59 - process[5]: evaluating epoch 19 on dev ...
00:49:28 - dev set during evaluation: 11710/11707
00:49:28 - process[5] - dev - epoch 19 - mAP: 0.490 w/ 39 queries
00:49:28 - [fold 4] best test MAP: 0.491 @ epoch 16
00:49:28 - Evaluating every 1 epochs ...
00:49:28 - reading data from /mnt/home/puxuan/CLIR-project/Evaluation_data/process-clef/uncased
00:49:29 - test has 38 queries ...
00:49:29 - Data reading done ...
00:49:31 - adding 9-th encoder to optimizer...
00:49:31 - adding 10-th encoder to optimizer...
00:49:31 - adding 11-th encoder to optimizer...
00:49:31 - process[5]: training epoch 0 ...
00:49:51 - process[5] - epoch 0 - train iter 444 - 18242.5 words/s - loss: 0.6472
00:49:51 - process[5]: training epoch 1 ...
00:50:10 - process[5] - epoch 1 - train iter 444 - 18500.6 words/s - loss: 0.5569
00:50:10 - process[5]: training epoch 2 ...
00:50:28 - process[5] - epoch 2 - train iter 444 - 20067.4 words/s - loss: 0.5370
00:50:28 - process[5]: training epoch 3 ...
00:50:47 - process[5] - epoch 3 - train iter 444 - 18726.9 words/s - loss: 0.5042
00:50:47 - process[5]: training epoch 4 ...
00:51:06 - process[5] - epoch 4 - train iter 444 - 18130.3 words/s - loss: 0.4965
00:51:06 - process[5]: training epoch 5 ...
00:51:26 - process[5] - epoch 5 - train iter 444 - 17892.2 words/s - loss: 0.4738
00:51:26 - process[5]: training epoch 6 ...
00:51:43 - process[5] - epoch 6 - train iter 444 - 20958.2 words/s - loss: 0.5115
00:51:43 - process[5]: training epoch 7 ...
00:52:01 - process[5] - epoch 7 - train iter 444 - 19115.7 words/s - loss: 0.4543
00:52:01 - process[5]: training epoch 8 ...
00:52:20 - process[5] - epoch 8 - train iter 444 - 17756.7 words/s - loss: 0.4577
00:52:20 - process[5]: training epoch 9 ...
00:52:39 - process[5] - epoch 9 - train iter 444 - 18330.2 words/s - loss: 0.4424
00:52:39 - process[5]: training epoch 10 ...
00:52:58 - process[5] - epoch 10 - train iter 444 - 19353.8 words/s - loss: 0.4580
00:52:58 - process[5]: evaluating epoch 10 on dev ...
00:53:28 - dev set during evaluation: 13490/13483
00:53:28 - process[5] - dev - epoch 10 - mAP: 0.438 w/ 38 queries
00:53:28 - process[5]: evaluating epoch 10 on test ...
00:54:00 - test set during evaluation: 13890/13887
00:54:00 - process[5] - test - epoch 10 - mAP: 0.444 w/ 38 queries
00:54:00 - process[5]: training epoch 11 ...
00:54:20 - process[5] - epoch 11 - train iter 444 - 17965.7 words/s - loss: 0.4462
00:54:20 - process[5]: evaluating epoch 11 on dev ...
00:54:48 - dev set during evaluation: 13490/13483
00:54:48 - process[5] - dev - epoch 11 - mAP: 0.445 w/ 38 queries
00:54:48 - process[5]: evaluating epoch 11 on test ...
00:55:20 - test set during evaluation: 13890/13887
00:55:20 - process[5] - test - epoch 11 - mAP: 0.432 w/ 38 queries
00:55:20 - process[5]: training epoch 12 ...
00:55:39 - process[5] - epoch 12 - train iter 444 - 18404.3 words/s - loss: 0.4110
00:55:39 - process[5]: evaluating epoch 12 on dev ...
00:56:07 - dev set during evaluation: 13490/13483
00:56:07 - process[5] - dev - epoch 12 - mAP: 0.449 w/ 38 queries
00:56:07 - process[5]: evaluating epoch 12 on test ...
00:56:39 - test set during evaluation: 13890/13887
00:56:39 - process[5] - test - epoch 12 - mAP: 0.450 w/ 38 queries
00:56:39 - process[5]: training epoch 13 ...
00:56:57 - process[5] - epoch 13 - train iter 444 - 19533.1 words/s - loss: 0.4585
00:56:57 - process[5]: evaluating epoch 13 on dev ...
00:57:25 - dev set during evaluation: 13490/13483
00:57:25 - process[5] - dev - epoch 13 - mAP: 0.458 w/ 38 queries
00:57:25 - process[5]: evaluating epoch 13 on test ...
00:57:57 - test set during evaluation: 13890/13887
00:57:57 - process[5] - test - epoch 13 - mAP: 0.414 w/ 38 queries
00:57:57 - process[5]: training epoch 14 ...
00:58:15 - process[5] - epoch 14 - train iter 444 - 19536.3 words/s - loss: 0.4118
00:58:15 - process[5]: evaluating epoch 14 on dev ...
00:58:44 - dev set during evaluation: 13490/13483
00:58:44 - process[5] - dev - epoch 14 - mAP: 0.456 w/ 38 queries
00:58:44 - process[5]: training epoch 15 ...
00:59:04 - process[5] - epoch 15 - train iter 444 - 18134.1 words/s - loss: 0.3798
00:59:04 - process[5]: evaluating epoch 15 on dev ...
00:59:30 - dev set during evaluation: 13490/13483
00:59:30 - process[5] - dev - epoch 15 - mAP: 0.468 w/ 38 queries
00:59:30 - process[5]: evaluating epoch 15 on test ...
01:00:02 - test set during evaluation: 13890/13887
01:00:02 - process[5] - test - epoch 15 - mAP: 0.461 w/ 38 queries
01:00:02 - process[5]: training epoch 16 ...
01:00:21 - process[5] - epoch 16 - train iter 444 - 19221.9 words/s - loss: 0.4029
01:00:21 - process[5]: evaluating epoch 16 on dev ...
01:00:50 - dev set during evaluation: 13490/13483
01:00:50 - process[5] - dev - epoch 16 - mAP: 0.486 w/ 38 queries
01:00:50 - process[5]: evaluating epoch 16 on test ...
01:01:23 - test set during evaluation: 13890/13887
01:01:23 - process[5] - test - epoch 16 - mAP: 0.442 w/ 38 queries
01:01:23 - process[5]: training epoch 17 ...
01:01:41 - process[5] - epoch 17 - train iter 444 - 19091.3 words/s - loss: 0.4304
01:01:41 - process[5]: evaluating epoch 17 on dev ...
01:02:09 - dev set during evaluation: 13490/13483
01:02:09 - process[5] - dev - epoch 17 - mAP: 0.465 w/ 38 queries
01:02:09 - process[5]: training epoch 18 ...
01:02:29 - process[5] - epoch 18 - train iter 444 - 17839.1 words/s - loss: 0.3890
01:02:29 - process[5]: evaluating epoch 18 on dev ...
01:02:56 - dev set during evaluation: 13490/13483
01:02:56 - process[5] - dev - epoch 18 - mAP: 0.443 w/ 38 queries
01:02:56 - process[5]: training epoch 19 ...
01:03:14 - process[5] - epoch 19 - train iter 444 - 19727.8 words/s - loss: 0.3606
01:03:14 - process[5]: evaluating epoch 19 on dev ...
01:03:43 - dev set during evaluation: 13490/13483
01:03:43 - process[5] - dev - epoch 19 - mAP: 0.487 w/ 38 queries
01:03:43 - process[5]: evaluating epoch 19 on test ...
01:04:15 - test set during evaluation: 13890/13887
01:04:15 - process[5] - test - epoch 19 - mAP: 0.469 w/ 38 queries
01:04:15 - [fold 5] best test MAP: 0.469 @ epoch 19
01:04:15 - [0.38142167404010346, 0.4882600173221016, 0.4937272239150482, 0.49119171038658394, 0.4690236746644176]
01:04:15 - [38, 39, 39, 38, 38]
01:04:15 - final MAP: 0.465
00:00:07 - Namespace(apex_level='O2', batch_size=8, cased=False, dataset='clef', debug=False, encoder_lr=2e-05, eval_step=1, full_doc_length=True, local_rank=5, model_path='/mnt/scratch/puxuan/short_qlm_mix/2192279/huggingface-4', model_type='mbert', num_epochs=20, num_ft_encoders=3, num_neg=1, projector_lr=2e-05, seed=611, source_lang='en', target_lang='de')
00:00:27 - Evaluating every 1 epochs ...
00:00:27 - reading data from /mnt/home/puxuan/CLIR-project/Evaluation_data/process-clef/uncased
00:00:28 - test has 38 queries ...
00:00:28 - Data reading done ...
00:00:35 - adding 9-th encoder to optimizer...
00:00:35 - adding 10-th encoder to optimizer...
00:00:35 - adding 11-th encoder to optimizer...
00:00:35 - process[5]: training epoch 0 ...
00:00:52 - process[5] - epoch 0 - train iter 423 - 19893.9 words/s - loss: 0.6558
00:00:52 - process[5]: training epoch 1 ...
00:01:07 - process[5] - epoch 1 - train iter 423 - 21683.6 words/s - loss: 0.5411
00:01:07 - process[5]: training epoch 2 ...
00:01:23 - process[5] - epoch 2 - train iter 423 - 20236.3 words/s - loss: 0.5046
00:01:23 - process[5]: training epoch 3 ...
00:01:40 - process[5] - epoch 3 - train iter 423 - 20457.8 words/s - loss: 0.4810
00:01:40 - process[5]: training epoch 4 ...
00:01:55 - process[5] - epoch 4 - train iter 423 - 20960.7 words/s - loss: 0.5202
00:01:55 - process[5]: training epoch 5 ...
00:02:12 - process[5] - epoch 5 - train iter 423 - 20607.8 words/s - loss: 0.4809
00:02:12 - process[5]: training epoch 6 ...
00:02:28 - process[5] - epoch 6 - train iter 423 - 20549.2 words/s - loss: 0.4598
00:02:28 - process[5]: training epoch 7 ...
00:02:44 - process[5] - epoch 7 - train iter 423 - 20918.6 words/s - loss: 0.4605
00:02:44 - process[5]: training epoch 8 ...
00:02:59 - process[5] - epoch 8 - train iter 423 - 20530.0 words/s - loss: 0.4393
00:02:59 - process[5]: training epoch 9 ...
00:03:15 - process[5] - epoch 9 - train iter 423 - 22258.5 words/s - loss: 0.4522
00:03:15 - process[5]: training epoch 10 ...
00:03:30 - process[5] - epoch 10 - train iter 423 - 21131.9 words/s - loss: 0.4785
00:03:30 - process[5]: evaluating epoch 10 on dev ...
00:04:05 - dev set during evaluation: 13890/13887
00:04:05 - process[5] - dev - epoch 10 - mAP: 0.465 w/ 38 queries
00:04:05 - process[5]: evaluating epoch 10 on test ...
00:04:35 - test set during evaluation: 15580/15574
00:04:35 - process[5] - test - epoch 10 - mAP: 0.392 w/ 38 queries
00:04:35 - process[5]: training epoch 11 ...
00:04:52 - process[5] - epoch 11 - train iter 423 - 20221.7 words/s - loss: 0.3876
00:04:52 - process[5]: evaluating epoch 11 on dev ...
00:05:20 - dev set during evaluation: 13890/13887
00:05:20 - process[5] - dev - epoch 11 - mAP: 0.454 w/ 38 queries
00:05:20 - process[5]: training epoch 12 ...
00:05:37 - process[5] - epoch 12 - train iter 423 - 20225.1 words/s - loss: 0.4102
00:05:37 - process[5]: evaluating epoch 12 on dev ...
00:06:06 - dev set during evaluation: 13890/13887
00:06:06 - process[5] - dev - epoch 12 - mAP: 0.463 w/ 38 queries
00:06:06 - process[5]: training epoch 13 ...
00:06:23 - process[5] - epoch 13 - train iter 423 - 19676.3 words/s - loss: 0.4074
00:06:23 - process[5]: evaluating epoch 13 on dev ...
00:06:51 - dev set during evaluation: 13890/13887
00:06:51 - process[5] - dev - epoch 13 - mAP: 0.463 w/ 38 queries
00:06:51 - process[5]: training epoch 14 ...
00:07:06 - process[5] - epoch 14 - train iter 423 - 21444.7 words/s - loss: 0.4033
00:07:06 - process[5]: evaluating epoch 14 on dev ...
00:07:37 - dev set during evaluation: 13890/13887
00:07:37 - process[5] - dev - epoch 14 - mAP: 0.437 w/ 38 queries
00:07:37 - process[5]: training epoch 15 ...
00:07:54 - process[5] - epoch 15 - train iter 423 - 20317.1 words/s - loss: 0.4187
00:07:54 - process[5]: evaluating epoch 15 on dev ...
00:08:23 - dev set during evaluation: 13890/13887
00:08:23 - process[5] - dev - epoch 15 - mAP: 0.481 w/ 38 queries
00:08:23 - process[5]: evaluating epoch 15 on test ...
00:08:53 - test set during evaluation: 15580/15574
00:08:53 - process[5] - test - epoch 15 - mAP: 0.381 w/ 38 queries
00:08:53 - process[5]: training epoch 16 ...
00:09:09 - process[5] - epoch 16 - train iter 423 - 20717.3 words/s - loss: 0.3643
00:09:09 - process[5]: evaluating epoch 16 on dev ...
00:09:38 - dev set during evaluation: 13890/13887
00:09:38 - process[5] - dev - epoch 16 - mAP: 0.471 w/ 38 queries
00:09:38 - process[5]: training epoch 17 ...
00:09:55 - process[5] - epoch 17 - train iter 423 - 19539.7 words/s - loss: 0.4126
00:09:55 - process[5]: evaluating epoch 17 on dev ...
00:10:23 - dev set during evaluation: 13890/13887
00:10:23 - process[5] - dev - epoch 17 - mAP: 0.462 w/ 38 queries
00:10:23 - process[5]: training epoch 18 ...
00:10:40 - process[5] - epoch 18 - train iter 423 - 20467.8 words/s - loss: 0.3622
00:10:40 - process[5]: evaluating epoch 18 on dev ...
00:11:08 - dev set during evaluation: 13890/13887
00:11:08 - process[5] - dev - epoch 18 - mAP: 0.464 w/ 38 queries
00:11:08 - process[5]: training epoch 19 ...
00:11:24 - process[5] - epoch 19 - train iter 423 - 20709.5 words/s - loss: 0.3668
00:11:24 - process[5]: evaluating epoch 19 on dev ...
00:11:53 - dev set during evaluation: 13890/13887
00:11:53 - process[5] - dev - epoch 19 - mAP: 0.476 w/ 38 queries
00:11:53 - [fold 1] best test MAP: 0.381 @ epoch 15
00:11:53 - Evaluating every 1 epochs ...
00:11:53 - reading data from /mnt/home/puxuan/CLIR-project/Evaluation_data/process-clef/uncased
00:11:54 - test has 39 queries ...
00:11:54 - Data reading done ...
00:11:56 - adding 9-th encoder to optimizer...
00:11:56 - adding 10-th encoder to optimizer...
00:11:56 - adding 11-th encoder to optimizer...
00:11:56 - process[5]: training epoch 0 ...
00:12:14 - process[5] - epoch 0 - train iter 386 - 17015.4 words/s - loss: 0.6346
00:12:14 - process[5]: training epoch 1 ...
00:12:32 - process[5] - epoch 1 - train iter 386 - 16177.9 words/s - loss: 0.5170
00:12:32 - process[5]: training epoch 2 ...
00:12:50 - process[5] - epoch 2 - train iter 386 - 16793.7 words/s - loss: 0.4878
00:12:50 - process[5]: training epoch 3 ...
00:13:09 - process[5] - epoch 3 - train iter 386 - 16590.1 words/s - loss: 0.5100
00:13:09 - process[5]: training epoch 4 ...
00:13:27 - process[5] - epoch 4 - train iter 386 - 16660.8 words/s - loss: 0.4731
00:13:27 - process[5]: training epoch 5 ...
00:13:46 - process[5] - epoch 5 - train iter 386 - 15736.8 words/s - loss: 0.4719
00:13:46 - process[5]: training epoch 6 ...
00:14:05 - process[5] - epoch 6 - train iter 386 - 15914.8 words/s - loss: 0.4481
00:14:05 - process[5]: training epoch 7 ...
00:14:23 - process[5] - epoch 7 - train iter 386 - 16901.3 words/s - loss: 0.4500
00:14:23 - process[5]: training epoch 8 ...
00:14:40 - process[5] - epoch 8 - train iter 386 - 17748.2 words/s - loss: 0.4505
00:14:40 - process[5]: training epoch 9 ...
00:14:56 - process[5] - epoch 9 - train iter 386 - 17744.3 words/s - loss: 0.4246
00:14:56 - process[5]: training epoch 10 ...
00:15:16 - process[5] - epoch 10 - train iter 386 - 16213.5 words/s - loss: 0.4261
00:15:16 - process[5]: evaluating epoch 10 on dev ...
00:15:50 - dev set during evaluation: 15580/15574
00:15:50 - process[5] - dev - epoch 10 - mAP: 0.395 w/ 38 queries
00:15:50 - process[5]: evaluating epoch 10 on test ...
00:16:25 - test set during evaluation: 14340/14338
00:16:25 - process[5] - test - epoch 10 - mAP: 0.488 w/ 39 queries
00:16:25 - process[5]: training epoch 11 ...
00:16:42 - process[5] - epoch 11 - train iter 386 - 17308.0 words/s - loss: 0.4552
00:16:42 - process[5]: evaluating epoch 11 on dev ...
00:17:19 - dev set during evaluation: 15580/15574
00:17:19 - process[5] - dev - epoch 11 - mAP: 0.381 w/ 38 queries
00:17:19 - process[5]: training epoch 12 ...
00:17:36 - process[5] - epoch 12 - train iter 386 - 17921.0 words/s - loss: 0.4229
00:17:36 - process[5]: evaluating epoch 12 on dev ...
00:18:13 - dev set during evaluation: 15580/15574
00:18:13 - process[5] - dev - epoch 12 - mAP: 0.377 w/ 38 queries
00:18:13 - process[5]: training epoch 13 ...
00:18:30 - process[5] - epoch 13 - train iter 386 - 17151.5 words/s - loss: 0.4221
00:18:30 - process[5]: evaluating epoch 13 on dev ...
00:19:07 - dev set during evaluation: 15580/15574
00:19:07 - process[5] - dev - epoch 13 - mAP: 0.382 w/ 38 queries
00:19:07 - process[5]: training epoch 14 ...
00:19:26 - process[5] - epoch 14 - train iter 386 - 15677.7 words/s - loss: 0.4165
00:19:26 - process[5]: evaluating epoch 14 on dev ...
00:20:01 - dev set during evaluation: 15580/15574
00:20:01 - process[5] - dev - epoch 14 - mAP: 0.376 w/ 38 queries
00:20:01 - process[5]: training epoch 15 ...
00:20:20 - process[5] - epoch 15 - train iter 386 - 16237.3 words/s - loss: 0.3649
00:20:20 - process[5]: evaluating epoch 15 on dev ...
00:20:56 - dev set during evaluation: 15580/15574
00:20:56 - process[5] - dev - epoch 15 - mAP: 0.384 w/ 38 queries
00:20:56 - process[5]: training epoch 16 ...
00:21:13 - process[5] - epoch 16 - train iter 386 - 17592.0 words/s - loss: 0.4417
00:21:13 - process[5]: evaluating epoch 16 on dev ...
00:21:50 - dev set during evaluation: 15580/15574
00:21:50 - process[5] - dev - epoch 16 - mAP: 0.387 w/ 38 queries
00:21:50 - process[5]: training epoch 17 ...
00:22:07 - process[5] - epoch 17 - train iter 386 - 18103.1 words/s - loss: 0.3716
00:22:07 - process[5]: evaluating epoch 17 on dev ...
00:22:43 - dev set during evaluation: 15580/15574
00:22:43 - process[5] - dev - epoch 17 - mAP: 0.379 w/ 38 queries
00:22:43 - process[5]: training epoch 18 ...
00:23:01 - process[5] - epoch 18 - train iter 386 - 17363.8 words/s - loss: 0.4038
00:23:01 - process[5]: evaluating epoch 18 on dev ...
00:23:38 - dev set during evaluation: 15580/15574
00:23:38 - process[5] - dev - epoch 18 - mAP: 0.371 w/ 38 queries
00:23:38 - process[5]: training epoch 19 ...
00:23:56 - process[5] - epoch 19 - train iter 386 - 16575.9 words/s - loss: 0.4194
00:23:56 - process[5]: evaluating epoch 19 on dev ...
00:24:32 - dev set during evaluation: 15580/15574
00:24:32 - process[5] - dev - epoch 19 - mAP: 0.369 w/ 38 queries
00:24:32 - [fold 2] best test MAP: 0.488 @ epoch 10
00:24:32 - Evaluating every 1 epochs ...
00:24:32 - reading data from /mnt/home/puxuan/CLIR-project/Evaluation_data/process-clef/uncased
00:24:33 - test has 39 queries ...
00:24:33 - Data reading done ...
00:24:34 - adding 9-th encoder to optimizer...
00:24:34 - adding 10-th encoder to optimizer...
00:24:34 - adding 11-th encoder to optimizer...
00:24:35 - process[5]: training epoch 0 ...
00:24:54 - process[5] - epoch 0 - train iter 360 - 14562.1 words/s - loss: 0.6447
00:24:54 - process[5]: training epoch 1 ...
00:25:12 - process[5] - epoch 1 - train iter 360 - 16161.8 words/s - loss: 0.5220
00:25:12 - process[5]: training epoch 2 ...
00:25:29 - process[5] - epoch 2 - train iter 360 - 16075.0 words/s - loss: 0.5173
00:25:29 - process[5]: training epoch 3 ...
00:25:47 - process[5] - epoch 3 - train iter 360 - 15833.6 words/s - loss: 0.4611
00:25:47 - process[5]: training epoch 4 ...
00:26:05 - process[5] - epoch 4 - train iter 360 - 15339.1 words/s - loss: 0.4784
00:26:05 - process[5]: training epoch 5 ...
00:26:24 - process[5] - epoch 5 - train iter 360 - 15440.2 words/s - loss: 0.4691
00:26:24 - process[5]: training epoch 6 ...
00:26:40 - process[5] - epoch 6 - train iter 360 - 17340.9 words/s - loss: 0.4593
00:26:40 - process[5]: training epoch 7 ...
00:26:58 - process[5] - epoch 7 - train iter 360 - 15965.9 words/s - loss: 0.4585
00:26:58 - process[5]: training epoch 8 ...
00:27:15 - process[5] - epoch 8 - train iter 360 - 16680.0 words/s - loss: 0.4572
00:27:15 - process[5]: training epoch 9 ...
00:27:33 - process[5] - epoch 9 - train iter 360 - 15713.4 words/s - loss: 0.4759
00:27:33 - process[5]: training epoch 10 ...
00:27:48 - process[5] - epoch 10 - train iter 360 - 18409.1 words/s - loss: 0.4093
00:27:48 - process[5]: evaluating epoch 10 on dev ...
00:28:28 - dev set during evaluation: 14340/14338
00:28:28 - process[5] - dev - epoch 10 - mAP: 0.526 w/ 39 queries
00:28:28 - process[5]: evaluating epoch 10 on test ...
00:28:57 - test set during evaluation: 11710/11707
00:28:57 - process[5] - test - epoch 10 - mAP: 0.494 w/ 39 queries
00:28:57 - process[5]: training epoch 11 ...
00:29:15 - process[5] - epoch 11 - train iter 360 - 15730.1 words/s - loss: 0.4251
00:29:15 - process[5]: evaluating epoch 11 on dev ...
00:29:48 - dev set during evaluation: 14340/14338
00:29:48 - process[5] - dev - epoch 11 - mAP: 0.516 w/ 39 queries
00:29:48 - process[5]: training epoch 12 ...
00:30:06 - process[5] - epoch 12 - train iter 360 - 15908.2 words/s - loss: 0.4382
00:30:06 - process[5]: evaluating epoch 12 on dev ...
00:30:40 - dev set during evaluation: 14340/14338
00:30:40 - process[5] - dev - epoch 12 - mAP: 0.524 w/ 39 queries
00:30:40 - process[5]: training epoch 13 ...
00:30:57 - process[5] - epoch 13 - train iter 360 - 16579.8 words/s - loss: 0.3973
00:30:57 - process[5]: evaluating epoch 13 on dev ...
00:31:29 - dev set during evaluation: 14340/14338
00:31:29 - process[5] - dev - epoch 13 - mAP: 0.516 w/ 39 queries
00:31:29 - process[5]: training epoch 14 ...
00:31:45 - process[5] - epoch 14 - train iter 360 - 17927.6 words/s - loss: 0.4022
00:31:45 - process[5]: evaluating epoch 14 on dev ...
00:32:20 - dev set during evaluation: 14340/14338
00:32:20 - process[5] - dev - epoch 14 - mAP: 0.498 w/ 39 queries
00:32:20 - process[5]: training epoch 15 ...
00:32:39 - process[5] - epoch 15 - train iter 360 - 15430.3 words/s - loss: 0.3993
00:32:39 - process[5]: evaluating epoch 15 on dev ...
00:33:10 - dev set during evaluation: 14340/14338
00:33:10 - process[5] - dev - epoch 15 - mAP: 0.517 w/ 39 queries
00:33:10 - process[5]: training epoch 16 ...
00:33:29 - process[5] - epoch 16 - train iter 360 - 15047.1 words/s - loss: 0.3939
00:33:29 - process[5]: evaluating epoch 16 on dev ...
00:34:01 - dev set during evaluation: 14340/14338
00:34:01 - process[5] - dev - epoch 16 - mAP: 0.508 w/ 39 queries
00:34:01 - process[5]: training epoch 17 ...
00:34:18 - process[5] - epoch 17 - train iter 360 - 16549.2 words/s - loss: 0.3811
00:34:18 - process[5]: evaluating epoch 17 on dev ...
00:34:52 - dev set during evaluation: 14340/14338
00:34:52 - process[5] - dev - epoch 17 - mAP: 0.504 w/ 39 queries
00:34:52 - process[5]: training epoch 18 ...
00:35:09 - process[5] - epoch 18 - train iter 360 - 16503.9 words/s - loss: 0.3824
00:35:09 - process[5]: evaluating epoch 18 on dev ...
00:35:45 - dev set during evaluation: 14340/14338
00:35:45 - process[5] - dev - epoch 18 - mAP: 0.520 w/ 39 queries
00:35:45 - process[5]: training epoch 19 ...
00:36:02 - process[5] - epoch 19 - train iter 360 - 16312.3 words/s - loss: 0.3812
00:36:02 - process[5]: evaluating epoch 19 on dev ...
00:36:36 - dev set during evaluation: 14340/14338
00:36:36 - process[5] - dev - epoch 19 - mAP: 0.500 w/ 39 queries
00:36:36 - [fold 3] best test MAP: 0.494 @ epoch 10
00:36:36 - Evaluating every 1 epochs ...
00:36:36 - reading data from /mnt/home/puxuan/CLIR-project/Evaluation_data/process-clef/uncased
00:36:37 - test has 38 queries ...
00:36:37 - Data reading done ...
00:36:39 - adding 9-th encoder to optimizer...
00:36:39 - adding 10-th encoder to optimizer...
00:36:39 - adding 11-th encoder to optimizer...
00:36:39 - process[5]: training epoch 0 ...
00:36:57 - process[5] - epoch 0 - train iter 404 - 17693.3 words/s - loss: 0.6546
00:36:57 - process[5]: training epoch 1 ...
00:37:14 - process[5] - epoch 1 - train iter 404 - 18521.6 words/s - loss: 0.5456
00:37:14 - process[5]: training epoch 2 ...
00:37:32 - process[5] - epoch 2 - train iter 404 - 17690.1 words/s - loss: 0.4708
00:37:32 - process[5]: training epoch 3 ...
00:37:51 - process[5] - epoch 3 - train iter 404 - 16859.4 words/s - loss: 0.4675
00:37:51 - process[5]: training epoch 4 ...
00:38:09 - process[5] - epoch 4 - train iter 404 - 18436.4 words/s - loss: 0.4624
00:38:09 - process[5]: training epoch 5 ...
00:38:26 - process[5] - epoch 5 - train iter 404 - 18193.4 words/s - loss: 0.4736
00:38:26 - process[5]: training epoch 6 ...
00:38:44 - process[5] - epoch 6 - train iter 404 - 17594.1 words/s - loss: 0.4252
00:38:44 - process[5]: training epoch 7 ...
00:39:03 - process[5] - epoch 7 - train iter 404 - 17205.3 words/s - loss: 0.4405
00:39:03 - process[5]: training epoch 8 ...
00:39:21 - process[5] - epoch 8 - train iter 404 - 17028.4 words/s - loss: 0.4287
00:39:21 - process[5]: training epoch 9 ...
00:39:39 - process[5] - epoch 9 - train iter 404 - 18281.7 words/s - loss: 0.4056
00:39:39 - process[5]: training epoch 10 ...
00:39:57 - process[5] - epoch 10 - train iter 404 - 17236.0 words/s - loss: 0.3835
00:39:57 - process[5]: evaluating epoch 10 on dev ...
00:40:27 - dev set during evaluation: 11710/11707
00:40:27 - process[5] - dev - epoch 10 - mAP: 0.468 w/ 39 queries
00:40:27 - process[5]: evaluating epoch 10 on test ...
00:40:54 - test set during evaluation: 13490/13483
00:40:54 - process[5] - test - epoch 10 - mAP: 0.468 w/ 38 queries
00:40:54 - process[5]: training epoch 11 ...
00:41:13 - process[5] - epoch 11 - train iter 404 - 17006.5 words/s - loss: 0.4011
00:41:13 - process[5]: evaluating epoch 11 on dev ...
00:41:40 - dev set during evaluation: 11710/11707
00:41:40 - process[5] - dev - epoch 11 - mAP: 0.452 w/ 39 queries
00:41:40 - process[5]: training epoch 12 ...
00:41:57 - process[5] - epoch 12 - train iter 404 - 19007.0 words/s - loss: 0.3987
00:41:57 - process[5]: evaluating epoch 12 on dev ...
00:42:27 - dev set during evaluation: 11710/11707
00:42:27 - process[5] - dev - epoch 12 - mAP: 0.479 w/ 39 queries
00:42:27 - process[5]: evaluating epoch 12 on test ...
00:42:55 - test set during evaluation: 13490/13483
00:42:55 - process[5] - test - epoch 12 - mAP: 0.467 w/ 38 queries
00:42:55 - process[5]: training epoch 13 ...
00:43:13 - process[5] - epoch 13 - train iter 404 - 17472.1 words/s - loss: 0.3960
00:43:13 - process[5]: evaluating epoch 13 on dev ...
00:43:40 - dev set during evaluation: 11710/11707
00:43:40 - process[5] - dev - epoch 13 - mAP: 0.473 w/ 39 queries
00:43:40 - process[5]: training epoch 14 ...
00:43:57 - process[5] - epoch 14 - train iter 404 - 17937.0 words/s - loss: 0.3901
00:43:57 - process[5]: evaluating epoch 14 on dev ...
00:44:26 - dev set during evaluation: 11710/11707
00:44:26 - process[5] - dev - epoch 14 - mAP: 0.490 w/ 39 queries
00:44:26 - process[5]: evaluating epoch 14 on test ...
00:44:53 - test set during evaluation: 13490/13483
00:44:53 - process[5] - test - epoch 14 - mAP: 0.470 w/ 38 queries
00:44:53 - process[5]: training epoch 15 ...
00:45:12 - process[5] - epoch 15 - train iter 404 - 16482.5 words/s - loss: 0.3735
00:45:12 - process[5]: evaluating epoch 15 on dev ...
00:45:38 - dev set during evaluation: 11710/11707
00:45:38 - process[5] - dev - epoch 15 - mAP: 0.489 w/ 39 queries
00:45:38 - process[5]: training epoch 16 ...
00:45:56 - process[5] - epoch 16 - train iter 404 - 17622.2 words/s - loss: 0.3770
00:45:56 - process[5]: evaluating epoch 16 on dev ...
00:46:25 - dev set during evaluation: 11710/11707
00:46:25 - process[5] - dev - epoch 16 - mAP: 0.495 w/ 39 queries
00:46:25 - process[5]: evaluating epoch 16 on test ...
00:46:55 - test set during evaluation: 13490/13483
00:46:55 - process[5] - test - epoch 16 - mAP: 0.491 w/ 38 queries
00:46:55 - process[5]: training epoch 17 ...
00:47:13 - process[5] - epoch 17 - train iter 404 - 17584.8 words/s - loss: 0.3458
00:47:13 - process[5]: evaluating epoch 17 on dev ...
00:47:43 - dev set during evaluation: 11710/11707
00:47:43 - process[5] - dev - epoch 17 - mAP: 0.488 w/ 39 queries
00:47:43 - process[5]: training epoch 18 ...
00:48:01 - process[5] - epoch 18 - train iter 404 - 17424.1 words/s - loss: 0.3488
00:48:01 - process[5]: evaluating epoch 18 on dev ...
00:48:28 - dev set during evaluation: 11710/11707
00:48:28 - process[5] - dev - epoch 18 - mAP: 0.492 w/ 39 queries
00:48:28 - process[5]: training epoch 19 ...
00:48:46 - process[5] - epoch 19 - train iter 404 - 18055.3 words/s - loss: 0.3845
00:48:46 - process[5]: evaluating epoch 19 on dev ...
00:49:12 - dev set during evaluation: 11710/11707
00:49:12 - process[5] - dev - epoch 19 - mAP: 0.490 w/ 39 queries
00:49:12 - [fold 4] best test MAP: 0.491 @ epoch 16
00:49:12 - Evaluating every 1 epochs ...
00:49:12 - reading data from /mnt/home/puxuan/CLIR-project/Evaluation_data/process-clef/uncased
00:49:14 - test has 38 queries ...
00:49:14 - Data reading done ...
00:49:15 - adding 9-th encoder to optimizer...
00:49:15 - adding 10-th encoder to optimizer...
00:49:15 - adding 11-th encoder to optimizer...
00:49:16 - process[5]: training epoch 0 ...
00:49:35 - process[5] - epoch 0 - train iter 444 - 18263.7 words/s - loss: 0.6472
00:49:35 - process[5]: training epoch 1 ...
00:49:54 - process[5] - epoch 1 - train iter 444 - 18590.3 words/s - loss: 0.5569
00:49:54 - process[5]: training epoch 2 ...
00:50:12 - process[5] - epoch 2 - train iter 444 - 20091.1 words/s - loss: 0.5370
00:50:12 - process[5]: training epoch 3 ...
00:50:31 - process[5] - epoch 3 - train iter 444 - 18622.9 words/s - loss: 0.5042
00:50:31 - process[5]: training epoch 4 ...
00:50:50 - process[5] - epoch 4 - train iter 444 - 18033.0 words/s - loss: 0.4965
00:50:50 - process[5]: training epoch 5 ...
00:51:10 - process[5] - epoch 5 - train iter 444 - 17716.0 words/s - loss: 0.4738
00:51:10 - process[5]: training epoch 6 ...
00:51:27 - process[5] - epoch 6 - train iter 444 - 20841.5 words/s - loss: 0.5115
00:51:27 - process[5]: training epoch 7 ...
00:51:45 - process[5] - epoch 7 - train iter 444 - 19030.3 words/s - loss: 0.4543
00:51:45 - process[5]: training epoch 8 ...
00:52:05 - process[5] - epoch 8 - train iter 444 - 17729.2 words/s - loss: 0.4577
00:52:05 - process[5]: training epoch 9 ...
00:52:24 - process[5] - epoch 9 - train iter 444 - 18326.5 words/s - loss: 0.4424
00:52:24 - process[5]: training epoch 10 ...
00:52:43 - process[5] - epoch 10 - train iter 444 - 19221.3 words/s - loss: 0.4580
00:52:43 - process[5]: evaluating epoch 10 on dev ...
00:53:10 - dev set during evaluation: 13490/13483
00:53:10 - process[5] - dev - epoch 10 - mAP: 0.438 w/ 38 queries
00:53:10 - process[5]: evaluating epoch 10 on test ...
00:53:43 - test set during evaluation: 13890/13887
00:53:43 - process[5] - test - epoch 10 - mAP: 0.444 w/ 38 queries
00:53:43 - process[5]: training epoch 11 ...
00:54:03 - process[5] - epoch 11 - train iter 444 - 17909.2 words/s - loss: 0.4462
00:54:03 - process[5]: evaluating epoch 11 on dev ...
00:54:31 - dev set during evaluation: 13490/13483
00:54:31 - process[5] - dev - epoch 11 - mAP: 0.445 w/ 38 queries
00:54:31 - process[5]: evaluating epoch 11 on test ...
00:55:04 - test set during evaluation: 13890/13887
00:55:04 - process[5] - test - epoch 11 - mAP: 0.432 w/ 38 queries
00:55:04 - process[5]: training epoch 12 ...
00:55:23 - process[5] - epoch 12 - train iter 444 - 18192.7 words/s - loss: 0.4110
00:55:23 - process[5]: evaluating epoch 12 on dev ...
00:55:50 - dev set during evaluation: 13490/13483
00:55:50 - process[5] - dev - epoch 12 - mAP: 0.449 w/ 38 queries
00:55:50 - process[5]: evaluating epoch 12 on test ...
00:56:22 - test set during evaluation: 13890/13887
00:56:22 - process[5] - test - epoch 12 - mAP: 0.450 w/ 38 queries
00:56:22 - process[5]: training epoch 13 ...
00:56:41 - process[5] - epoch 13 - train iter 444 - 19483.6 words/s - loss: 0.4585
00:56:41 - process[5]: evaluating epoch 13 on dev ...
00:57:09 - dev set during evaluation: 13490/13483
00:57:09 - process[5] - dev - epoch 13 - mAP: 0.458 w/ 38 queries
00:57:09 - process[5]: evaluating epoch 13 on test ...
00:57:41 - test set during evaluation: 13890/13887
00:57:41 - process[5] - test - epoch 13 - mAP: 0.414 w/ 38 queries
00:57:41 - process[5]: training epoch 14 ...
00:57:59 - process[5] - epoch 14 - train iter 444 - 19468.1 words/s - loss: 0.4118
00:57:59 - process[5]: evaluating epoch 14 on dev ...
00:58:28 - dev set during evaluation: 13490/13483
00:58:28 - process[5] - dev - epoch 14 - mAP: 0.456 w/ 38 queries
00:58:29 - process[5]: training epoch 15 ...
00:58:48 - process[5] - epoch 15 - train iter 444 - 18131.4 words/s - loss: 0.3798
00:58:48 - process[5]: evaluating epoch 15 on dev ...
00:59:14 - dev set during evaluation: 13490/13483
00:59:14 - process[5] - dev - epoch 15 - mAP: 0.468 w/ 38 queries
00:59:14 - process[5]: evaluating epoch 15 on test ...
00:59:46 - test set during evaluation: 13890/13887
00:59:46 - process[5] - test - epoch 15 - mAP: 0.461 w/ 38 queries
00:59:46 - process[5]: training epoch 16 ...
01:00:04 - process[5] - epoch 16 - train iter 444 - 19289.5 words/s - loss: 0.4029
01:00:04 - process[5]: evaluating epoch 16 on dev ...
01:00:34 - dev set during evaluation: 13490/13483
01:00:34 - process[5] - dev - epoch 16 - mAP: 0.486 w/ 38 queries
01:00:34 - process[5]: evaluating epoch 16 on test ...
01:01:06 - test set during evaluation: 13890/13887
01:01:06 - process[5] - test - epoch 16 - mAP: 0.442 w/ 38 queries
01:01:06 - process[5]: training epoch 17 ...
01:01:24 - process[5] - epoch 17 - train iter 444 - 18937.7 words/s - loss: 0.4304
01:01:24 - process[5]: evaluating epoch 17 on dev ...
01:01:52 - dev set during evaluation: 13490/13483
01:01:52 - process[5] - dev - epoch 17 - mAP: 0.465 w/ 38 queries
01:01:52 - process[5]: training epoch 18 ...
01:02:12 - process[5] - epoch 18 - train iter 444 - 17891.0 words/s - loss: 0.3890
01:02:12 - process[5]: evaluating epoch 18 on dev ...
01:02:39 - dev set during evaluation: 13490/13483
01:02:39 - process[5] - dev - epoch 18 - mAP: 0.443 w/ 38 queries
01:02:39 - process[5]: training epoch 19 ...
01:02:56 - process[5] - epoch 19 - train iter 444 - 19924.5 words/s - loss: 0.3606
01:02:56 - process[5]: evaluating epoch 19 on dev ...
01:03:25 - dev set during evaluation: 13490/13483
01:03:25 - process[5] - dev - epoch 19 - mAP: 0.487 w/ 38 queries
01:03:25 - process[5]: evaluating epoch 19 on test ...
01:03:57 - test set during evaluation: 13890/13887
01:03:57 - process[5] - test - epoch 19 - mAP: 0.469 w/ 38 queries
01:03:57 - [fold 5] best test MAP: 0.469 @ epoch 19
01:03:57 - [0.38142167404010346, 0.4882600173221016, 0.4937272239150482, 0.49119171038658394, 0.4690236746644176]
01:03:57 - [38, 39, 39, 38, 38]
01:03:57 - final MAP: 0.465
