00:00:06 - Namespace(apex_level='O2', batch_size=8, cased=False, dataset='clef', debug=False, encoder_lr=2e-05, eval_step=1, full_doc_length=True, local_rank=3, model_path='/mnt/scratch/puxuan/short_qlm/2186735/huggingface-9', model_type='mbert', num_epochs=20, num_ft_encoders=3, num_neg=1, projector_lr=2e-05, seed=611, source_lang='en', target_lang='fr')
00:00:14 - Evaluating every 1 epochs ...
00:00:14 - reading data from /mnt/home/puxuan/CLIR-project/Evaluation_data/process-clef/uncased
00:00:15 - test has 37 queries ...
00:00:15 - Data reading done ...
00:00:21 - adding 9-th encoder to optimizer...
00:00:21 - adding 10-th encoder to optimizer...
00:00:21 - adding 11-th encoder to optimizer...
00:00:21 - process[3]: training epoch 0 ...
00:00:31 - process[3] - epoch 0 - train iter 241 - 20308.9 words/s - loss: 0.6645
00:00:31 - process[3]: training epoch 1 ...
00:00:40 - process[3] - epoch 1 - train iter 241 - 21816.8 words/s - loss: 0.5754
00:00:40 - process[3]: training epoch 2 ...
00:00:49 - process[3] - epoch 2 - train iter 241 - 21139.9 words/s - loss: 0.5086
00:00:49 - process[3]: training epoch 3 ...
00:00:58 - process[3] - epoch 3 - train iter 241 - 22273.0 words/s - loss: 0.5077
00:00:58 - process[3]: training epoch 4 ...
00:01:07 - process[3] - epoch 4 - train iter 241 - 21814.5 words/s - loss: 0.5060
00:01:07 - process[3]: training epoch 5 ...
00:01:16 - process[3] - epoch 5 - train iter 241 - 22012.1 words/s - loss: 0.4624
00:01:16 - process[3]: training epoch 6 ...
00:01:24 - process[3] - epoch 6 - train iter 241 - 22795.5 words/s - loss: 0.5063
00:01:24 - process[3]: training epoch 7 ...
00:01:33 - process[3] - epoch 7 - train iter 241 - 22532.5 words/s - loss: 0.5177
00:01:33 - process[3]: training epoch 8 ...
00:01:41 - process[3] - epoch 8 - train iter 241 - 21962.4 words/s - loss: 0.4566
00:01:41 - process[3]: training epoch 9 ...
00:01:50 - process[3] - epoch 9 - train iter 241 - 21879.3 words/s - loss: 0.4979
00:01:50 - process[3]: training epoch 10 ...
00:02:00 - process[3] - epoch 10 - train iter 241 - 21640.2 words/s - loss: 0.4643
00:02:00 - process[3]: evaluating epoch 10 on dev ...
00:02:20 - process[3] - dev - epoch 10 - mAP: 0.395 w/ 37 queries
00:02:20 - process[3]: evaluating epoch 10 on test ...
00:02:39 - test set during evaluation: 11380/11372
00:02:39 - process[3] - test - epoch 10 - mAP: 0.541 w/ 37 queries
00:02:39 - process[3]: training epoch 11 ...
00:02:48 - process[3] - epoch 11 - train iter 241 - 22027.6 words/s - loss: 0.4416
00:02:48 - process[3]: evaluating epoch 11 on dev ...
00:03:07 - process[3] - dev - epoch 11 - mAP: 0.385 w/ 37 queries
00:03:07 - process[3]: training epoch 12 ...
00:03:15 - process[3] - epoch 12 - train iter 241 - 22775.5 words/s - loss: 0.4295
00:03:15 - process[3]: evaluating epoch 12 on dev ...
00:03:34 - process[3] - dev - epoch 12 - mAP: 0.401 w/ 37 queries
00:03:34 - process[3]: evaluating epoch 12 on test ...
00:03:52 - test set during evaluation: 11380/11372
00:03:52 - process[3] - test - epoch 12 - mAP: 0.528 w/ 37 queries
00:03:52 - process[3]: training epoch 13 ...
00:04:01 - process[3] - epoch 13 - train iter 241 - 21714.1 words/s - loss: 0.4403
00:04:01 - process[3]: evaluating epoch 13 on dev ...
00:04:19 - process[3] - dev - epoch 13 - mAP: 0.396 w/ 37 queries
00:04:19 - process[3]: training epoch 14 ...
00:04:28 - process[3] - epoch 14 - train iter 241 - 21863.7 words/s - loss: 0.5008
00:04:28 - process[3]: evaluating epoch 14 on dev ...
00:04:46 - process[3] - dev - epoch 14 - mAP: 0.387 w/ 37 queries
00:04:46 - process[3]: training epoch 15 ...
00:04:55 - process[3] - epoch 15 - train iter 241 - 21816.4 words/s - loss: 0.4593
00:04:55 - process[3]: evaluating epoch 15 on dev ...
00:05:14 - process[3] - dev - epoch 15 - mAP: 0.393 w/ 37 queries
00:05:14 - process[3]: training epoch 16 ...
00:05:23 - process[3] - epoch 16 - train iter 241 - 20994.2 words/s - loss: 0.4472
00:05:23 - process[3]: evaluating epoch 16 on dev ...
00:05:41 - process[3] - dev - epoch 16 - mAP: 0.387 w/ 37 queries
00:05:41 - process[3]: training epoch 17 ...
00:05:50 - process[3] - epoch 17 - train iter 241 - 22071.5 words/s - loss: 0.4356
00:05:50 - process[3]: evaluating epoch 17 on dev ...
00:06:08 - process[3] - dev - epoch 17 - mAP: 0.391 w/ 37 queries
00:06:08 - process[3]: training epoch 18 ...
00:06:17 - process[3] - epoch 18 - train iter 241 - 22210.9 words/s - loss: 0.4367
00:06:17 - process[3]: evaluating epoch 18 on dev ...
00:06:35 - process[3] - dev - epoch 18 - mAP: 0.394 w/ 37 queries
00:06:35 - process[3]: training epoch 19 ...
00:06:44 - process[3] - epoch 19 - train iter 241 - 22856.2 words/s - loss: 0.4283
00:06:44 - process[3]: evaluating epoch 19 on dev ...
00:07:03 - process[3] - dev - epoch 19 - mAP: 0.394 w/ 37 queries
00:07:03 - [fold 1] best test MAP: 0.528 @ epoch 12
00:07:03 - Evaluating every 1 epochs ...
00:07:03 - reading data from /mnt/home/puxuan/CLIR-project/Evaluation_data/process-clef/uncased
00:07:03 - test has 37 queries ...
00:07:03 - Data reading done ...
00:07:05 - adding 9-th encoder to optimizer...
00:07:05 - adding 10-th encoder to optimizer...
00:07:05 - adding 11-th encoder to optimizer...
00:07:05 - process[3]: training epoch 0 ...
00:07:15 - process[3] - epoch 0 - train iter 276 - 21635.7 words/s - loss: 0.6538
00:07:15 - process[3]: training epoch 1 ...
00:07:27 - process[3] - epoch 1 - train iter 276 - 19283.7 words/s - loss: 0.5880
00:07:27 - process[3]: training epoch 2 ...
00:07:38 - process[3] - epoch 2 - train iter 276 - 20655.5 words/s - loss: 0.5569
00:07:38 - process[3]: training epoch 3 ...
00:07:48 - process[3] - epoch 3 - train iter 276 - 20948.9 words/s - loss: 0.5187
00:07:48 - process[3]: training epoch 4 ...
00:07:59 - process[3] - epoch 4 - train iter 276 - 20902.6 words/s - loss: 0.5019
00:07:59 - process[3]: training epoch 5 ...
00:08:10 - process[3] - epoch 5 - train iter 276 - 20410.1 words/s - loss: 0.5182
00:08:10 - process[3]: training epoch 6 ...
00:08:21 - process[3] - epoch 6 - train iter 276 - 20639.7 words/s - loss: 0.4744
00:08:21 - process[3]: training epoch 7 ...
00:08:32 - process[3] - epoch 7 - train iter 276 - 22061.4 words/s - loss: 0.4439
00:08:32 - process[3]: training epoch 8 ...
00:08:42 - process[3] - epoch 8 - train iter 276 - 21873.0 words/s - loss: 0.4219
00:08:42 - process[3]: training epoch 9 ...
00:08:53 - process[3] - epoch 9 - train iter 276 - 21075.8 words/s - loss: 0.4417
00:08:53 - process[3]: training epoch 10 ...
00:09:04 - process[3] - epoch 10 - train iter 276 - 20898.9 words/s - loss: 0.4530
00:09:04 - process[3]: evaluating epoch 10 on dev ...
00:09:24 - dev set during evaluation: 11380/11372
00:09:24 - process[3] - dev - epoch 10 - mAP: 0.514 w/ 37 queries
00:09:24 - process[3]: evaluating epoch 10 on test ...
00:09:41 - process[3] - test - epoch 10 - mAP: 0.450 w/ 37 queries
00:09:41 - process[3]: training epoch 11 ...
00:09:52 - process[3] - epoch 11 - train iter 276 - 20437.4 words/s - loss: 0.4582
00:09:52 - process[3]: evaluating epoch 11 on dev ...
00:10:11 - dev set during evaluation: 11380/11372
00:10:11 - process[3] - dev - epoch 11 - mAP: 0.505 w/ 37 queries
00:10:11 - process[3]: training epoch 12 ...
00:10:22 - process[3] - epoch 12 - train iter 276 - 20372.7 words/s - loss: 0.4474
00:10:22 - process[3]: evaluating epoch 12 on dev ...
00:10:40 - dev set during evaluation: 11380/11372
00:10:40 - process[3] - dev - epoch 12 - mAP: 0.531 w/ 37 queries
00:10:40 - process[3]: evaluating epoch 12 on test ...
00:10:57 - process[3] - test - epoch 12 - mAP: 0.430 w/ 37 queries
00:10:57 - process[3]: training epoch 13 ...
00:11:08 - process[3] - epoch 13 - train iter 276 - 20510.8 words/s - loss: 0.4494
00:11:08 - process[3]: evaluating epoch 13 on dev ...
00:11:27 - dev set during evaluation: 11380/11372
00:11:27 - process[3] - dev - epoch 13 - mAP: 0.560 w/ 37 queries
00:11:27 - process[3]: evaluating epoch 13 on test ...
00:11:44 - process[3] - test - epoch 13 - mAP: 0.437 w/ 37 queries
00:11:44 - process[3]: training epoch 14 ...
00:11:55 - process[3] - epoch 14 - train iter 276 - 20512.9 words/s - loss: 0.4095
00:11:55 - process[3]: evaluating epoch 14 on dev ...
00:12:13 - dev set during evaluation: 11380/11372
00:12:13 - process[3] - dev - epoch 14 - mAP: 0.513 w/ 37 queries
00:12:13 - process[3]: training epoch 15 ...
00:12:24 - process[3] - epoch 15 - train iter 276 - 20139.4 words/s - loss: 0.3793
00:12:24 - process[3]: evaluating epoch 15 on dev ...
00:12:42 - dev set during evaluation: 11380/11372
00:12:42 - process[3] - dev - epoch 15 - mAP: 0.541 w/ 37 queries
00:12:42 - process[3]: training epoch 16 ...
00:12:52 - process[3] - epoch 16 - train iter 276 - 22025.4 words/s - loss: 0.4181
00:12:52 - process[3]: evaluating epoch 16 on dev ...
00:13:10 - dev set during evaluation: 11380/11372
00:13:10 - process[3] - dev - epoch 16 - mAP: 0.498 w/ 37 queries
00:13:10 - process[3]: training epoch 17 ...
00:13:21 - process[3] - epoch 17 - train iter 276 - 21738.9 words/s - loss: 0.4349
00:13:21 - process[3]: evaluating epoch 17 on dev ...
00:13:40 - dev set during evaluation: 11380/11372
00:13:40 - process[3] - dev - epoch 17 - mAP: 0.503 w/ 37 queries
00:13:40 - process[3]: training epoch 18 ...
00:13:51 - process[3] - epoch 18 - train iter 276 - 20388.3 words/s - loss: 0.3969
00:13:51 - process[3]: evaluating epoch 18 on dev ...
00:14:09 - dev set during evaluation: 11380/11372
00:14:09 - process[3] - dev - epoch 18 - mAP: 0.520 w/ 37 queries
00:14:09 - process[3]: training epoch 19 ...
00:14:20 - process[3] - epoch 19 - train iter 276 - 20257.6 words/s - loss: 0.4490
00:14:20 - process[3]: evaluating epoch 19 on dev ...
00:14:39 - dev set during evaluation: 11380/11372
00:14:39 - process[3] - dev - epoch 19 - mAP: 0.525 w/ 37 queries
00:14:39 - [fold 2] best test MAP: 0.437 @ epoch 13
00:14:39 - Evaluating every 1 epochs ...
00:14:39 - reading data from /mnt/home/puxuan/CLIR-project/Evaluation_data/process-clef/uncased
00:14:39 - test has 37 queries ...
00:14:39 - Data reading done ...
00:14:41 - adding 9-th encoder to optimizer...
00:14:41 - adding 10-th encoder to optimizer...
00:14:41 - adding 11-th encoder to optimizer...
00:14:42 - process[3]: training epoch 0 ...
00:14:51 - process[3] - epoch 0 - train iter 240 - 20954.3 words/s - loss: 0.6735
00:14:51 - process[3]: training epoch 1 ...
00:14:59 - process[3] - epoch 1 - train iter 240 - 21188.0 words/s - loss: 0.5761
00:14:59 - process[3]: training epoch 2 ...
00:15:09 - process[3] - epoch 2 - train iter 240 - 21100.7 words/s - loss: 0.5661
00:15:09 - process[3]: training epoch 3 ...
00:15:17 - process[3] - epoch 3 - train iter 240 - 21753.6 words/s - loss: 0.5487
00:15:17 - process[3]: training epoch 4 ...
00:15:26 - process[3] - epoch 4 - train iter 240 - 20969.7 words/s - loss: 0.5017
00:15:26 - process[3]: training epoch 5 ...
00:15:35 - process[3] - epoch 5 - train iter 240 - 21777.9 words/s - loss: 0.5249
00:15:35 - process[3]: training epoch 6 ...
00:15:44 - process[3] - epoch 6 - train iter 240 - 20930.7 words/s - loss: 0.5139
00:15:44 - process[3]: training epoch 7 ...
00:15:53 - process[3] - epoch 7 - train iter 240 - 21008.2 words/s - loss: 0.4437
00:15:53 - process[3]: training epoch 8 ...
00:16:03 - process[3] - epoch 8 - train iter 240 - 20949.7 words/s - loss: 0.5128
00:16:03 - process[3]: training epoch 9 ...
00:16:11 - process[3] - epoch 9 - train iter 240 - 22256.2 words/s - loss: 0.4877
00:16:11 - process[3]: training epoch 10 ...
00:16:20 - process[3] - epoch 10 - train iter 240 - 21207.3 words/s - loss: 0.5174
00:16:20 - process[3]: evaluating epoch 10 on dev ...
00:16:40 - process[3] - dev - epoch 10 - mAP: 0.438 w/ 37 queries
00:16:40 - process[3]: evaluating epoch 10 on test ...
00:16:59 - test set during evaluation: 11210/11201
00:16:59 - process[3] - test - epoch 10 - mAP: 0.437 w/ 37 queries
00:16:59 - process[3]: training epoch 11 ...
00:17:08 - process[3] - epoch 11 - train iter 240 - 20170.6 words/s - loss: 0.4638
00:17:08 - process[3]: evaluating epoch 11 on dev ...
00:17:25 - process[3] - dev - epoch 11 - mAP: 0.427 w/ 37 queries
00:17:25 - process[3]: training epoch 12 ...
00:17:34 - process[3] - epoch 12 - train iter 240 - 21602.3 words/s - loss: 0.4594
00:17:34 - process[3]: evaluating epoch 12 on dev ...
00:17:51 - process[3] - dev - epoch 12 - mAP: 0.434 w/ 37 queries
00:17:51 - process[3]: training epoch 13 ...
00:18:01 - process[3] - epoch 13 - train iter 240 - 20321.8 words/s - loss: 0.4654
00:18:01 - process[3]: evaluating epoch 13 on dev ...
00:18:17 - process[3] - dev - epoch 13 - mAP: 0.450 w/ 37 queries
00:18:17 - process[3]: evaluating epoch 13 on test ...
00:18:37 - test set during evaluation: 11210/11201
00:18:37 - process[3] - test - epoch 13 - mAP: 0.458 w/ 37 queries
00:18:37 - process[3]: training epoch 14 ...
00:18:46 - process[3] - epoch 14 - train iter 240 - 20666.1 words/s - loss: 0.4814
00:18:46 - process[3]: evaluating epoch 14 on dev ...
00:19:03 - process[3] - dev - epoch 14 - mAP: 0.442 w/ 37 queries
00:19:03 - process[3]: training epoch 15 ...
00:19:12 - process[3] - epoch 15 - train iter 240 - 20799.0 words/s - loss: 0.3792
00:19:12 - process[3]: evaluating epoch 15 on dev ...
00:19:29 - process[3] - dev - epoch 15 - mAP: 0.448 w/ 37 queries
00:19:29 - process[3]: training epoch 16 ...
00:19:38 - process[3] - epoch 16 - train iter 240 - 22280.9 words/s - loss: 0.4673
00:19:38 - process[3]: evaluating epoch 16 on dev ...
00:19:55 - process[3] - dev - epoch 16 - mAP: 0.446 w/ 37 queries
00:19:55 - process[3]: training epoch 17 ...
00:20:04 - process[3] - epoch 17 - train iter 240 - 22053.7 words/s - loss: 0.4581
00:20:04 - process[3]: evaluating epoch 17 on dev ...
00:20:21 - process[3] - dev - epoch 17 - mAP: 0.455 w/ 37 queries
00:20:21 - process[3]: evaluating epoch 17 on test ...
00:20:40 - test set during evaluation: 11210/11201
00:20:40 - process[3] - test - epoch 17 - mAP: 0.453 w/ 37 queries
00:20:40 - process[3]: training epoch 18 ...
00:20:50 - process[3] - epoch 18 - train iter 240 - 20627.8 words/s - loss: 0.3930
00:20:50 - process[3]: evaluating epoch 18 on dev ...
00:21:07 - process[3] - dev - epoch 18 - mAP: 0.443 w/ 37 queries
00:21:07 - process[3]: training epoch 19 ...
00:21:16 - process[3] - epoch 19 - train iter 240 - 20816.7 words/s - loss: 0.4053
00:21:16 - process[3]: evaluating epoch 19 on dev ...
00:21:33 - process[3] - dev - epoch 19 - mAP: 0.452 w/ 37 queries
00:21:33 - [fold 3] best test MAP: 0.453 @ epoch 17
00:21:33 - Evaluating every 1 epochs ...
00:21:33 - reading data from /mnt/home/puxuan/CLIR-project/Evaluation_data/process-clef/uncased
00:21:33 - test has 37 queries ...
00:21:33 - Data reading done ...
00:21:35 - adding 9-th encoder to optimizer...
00:21:35 - adding 10-th encoder to optimizer...
00:21:35 - adding 11-th encoder to optimizer...
00:21:35 - process[3]: training epoch 0 ...
00:21:43 - process[3] - epoch 0 - train iter 231 - 22138.5 words/s - loss: 0.6742
00:21:43 - process[3]: training epoch 1 ...
00:21:52 - process[3] - epoch 1 - train iter 231 - 22203.6 words/s - loss: 0.5999
00:21:52 - process[3]: training epoch 2 ...
00:22:00 - process[3] - epoch 2 - train iter 231 - 21317.1 words/s - loss: 0.5453
00:22:00 - process[3]: training epoch 3 ...
00:22:09 - process[3] - epoch 3 - train iter 231 - 21771.9 words/s - loss: 0.5556
00:22:09 - process[3]: training epoch 4 ...
00:22:17 - process[3] - epoch 4 - train iter 231 - 21634.5 words/s - loss: 0.5482
00:22:17 - process[3]: training epoch 5 ...
00:22:25 - process[3] - epoch 5 - train iter 231 - 22353.8 words/s - loss: 0.4922
00:22:25 - process[3]: training epoch 6 ...
00:22:34 - process[3] - epoch 6 - train iter 231 - 21169.3 words/s - loss: 0.4623
00:22:34 - process[3]: training epoch 7 ...
00:22:43 - process[3] - epoch 7 - train iter 231 - 20373.8 words/s - loss: 0.4957
00:22:43 - process[3]: training epoch 8 ...
00:22:52 - process[3] - epoch 8 - train iter 231 - 20131.5 words/s - loss: 0.4835
00:22:52 - process[3]: training epoch 9 ...
00:23:00 - process[3] - epoch 9 - train iter 231 - 22281.7 words/s - loss: 0.4695
00:23:00 - process[3]: training epoch 10 ...
00:23:09 - process[3] - epoch 10 - train iter 231 - 21256.1 words/s - loss: 0.4912
00:23:09 - process[3]: evaluating epoch 10 on dev ...
00:23:31 - dev set during evaluation: 11210/11201
00:23:31 - process[3] - dev - epoch 10 - mAP: 0.448 w/ 37 queries
00:23:31 - process[3]: evaluating epoch 10 on test ...
00:23:48 - test set during evaluation: 10640/10633
00:23:48 - process[3] - test - epoch 10 - mAP: 0.395 w/ 37 queries
00:23:48 - process[3]: training epoch 11 ...
00:23:57 - process[3] - epoch 11 - train iter 231 - 21407.7 words/s - loss: 0.4200
00:23:57 - process[3]: evaluating epoch 11 on dev ...
00:24:16 - dev set during evaluation: 11210/11201
00:24:16 - process[3] - dev - epoch 11 - mAP: 0.468 w/ 37 queries
00:24:16 - process[3]: evaluating epoch 11 on test ...
00:24:34 - test set during evaluation: 10640/10633
00:24:34 - process[3] - test - epoch 11 - mAP: 0.433 w/ 37 queries
00:24:34 - process[3]: training epoch 12 ...
00:24:43 - process[3] - epoch 12 - train iter 231 - 21785.7 words/s - loss: 0.4084
00:24:43 - process[3]: evaluating epoch 12 on dev ...
00:25:02 - dev set during evaluation: 11210/11201
00:25:02 - process[3] - dev - epoch 12 - mAP: 0.478 w/ 37 queries
00:25:02 - process[3]: evaluating epoch 12 on test ...
00:25:20 - test set during evaluation: 10640/10633
00:25:20 - process[3] - test - epoch 12 - mAP: 0.422 w/ 37 queries
00:25:20 - process[3]: training epoch 13 ...
00:25:28 - process[3] - epoch 13 - train iter 231 - 22596.9 words/s - loss: 0.4343
00:25:28 - process[3]: evaluating epoch 13 on dev ...
00:25:48 - dev set during evaluation: 11210/11201
00:25:48 - process[3] - dev - epoch 13 - mAP: 0.469 w/ 37 queries
00:25:48 - process[3]: training epoch 14 ...
00:25:57 - process[3] - epoch 14 - train iter 231 - 21297.9 words/s - loss: 0.4500
00:25:57 - process[3]: evaluating epoch 14 on dev ...
00:26:16 - dev set during evaluation: 11210/11201
00:26:16 - process[3] - dev - epoch 14 - mAP: 0.468 w/ 37 queries
00:26:16 - process[3]: training epoch 15 ...
00:26:25 - process[3] - epoch 15 - train iter 231 - 20994.9 words/s - loss: 0.4136
00:26:25 - process[3]: evaluating epoch 15 on dev ...
00:26:44 - dev set during evaluation: 11210/11201
00:26:44 - process[3] - dev - epoch 15 - mAP: 0.448 w/ 37 queries
00:26:44 - process[3]: training epoch 16 ...
00:26:53 - process[3] - epoch 16 - train iter 231 - 21215.1 words/s - loss: 0.4264
00:26:53 - process[3]: evaluating epoch 16 on dev ...
00:27:12 - dev set during evaluation: 11210/11201
00:27:12 - process[3] - dev - epoch 16 - mAP: 0.437 w/ 37 queries
00:27:12 - process[3]: training epoch 17 ...
00:27:21 - process[3] - epoch 17 - train iter 231 - 21406.1 words/s - loss: 0.3856
00:27:21 - process[3]: evaluating epoch 17 on dev ...
00:27:40 - dev set during evaluation: 11210/11201
00:27:40 - process[3] - dev - epoch 17 - mAP: 0.469 w/ 37 queries
00:27:40 - process[3]: training epoch 18 ...
00:27:49 - process[3] - epoch 18 - train iter 231 - 21431.5 words/s - loss: 0.3769
00:27:49 - process[3]: evaluating epoch 18 on dev ...
00:28:08 - dev set during evaluation: 11210/11201
00:28:08 - process[3] - dev - epoch 18 - mAP: 0.472 w/ 37 queries
00:28:08 - process[3]: training epoch 19 ...
00:28:16 - process[3] - epoch 19 - train iter 231 - 22441.1 words/s - loss: 0.3982
00:28:16 - process[3]: evaluating epoch 19 on dev ...
00:28:36 - dev set during evaluation: 11210/11201
00:28:36 - process[3] - dev - epoch 19 - mAP: 0.465 w/ 37 queries
00:28:36 - [fold 4] best test MAP: 0.422 @ epoch 12
00:28:36 - Evaluating every 1 epochs ...
00:28:36 - reading data from /mnt/home/puxuan/CLIR-project/Evaluation_data/process-clef/uncased
00:28:37 - test has 37 queries ...
00:28:37 - Data reading done ...
00:28:38 - adding 9-th encoder to optimizer...
00:28:38 - adding 10-th encoder to optimizer...
00:28:38 - adding 11-th encoder to optimizer...
00:28:39 - process[3]: training epoch 0 ...
00:28:48 - process[3] - epoch 0 - train iter 235 - 20439.1 words/s - loss: 0.6631
00:28:48 - process[3]: training epoch 1 ...
00:28:57 - process[3] - epoch 1 - train iter 235 - 20716.2 words/s - loss: 0.5922
00:28:57 - process[3]: training epoch 2 ...
00:29:06 - process[3] - epoch 2 - train iter 235 - 21209.0 words/s - loss: 0.6027
00:29:06 - process[3]: training epoch 3 ...
00:29:16 - process[3] - epoch 3 - train iter 235 - 19648.9 words/s - loss: 0.5551
00:29:16 - process[3]: training epoch 4 ...
00:29:25 - process[3] - epoch 4 - train iter 235 - 21756.2 words/s - loss: 0.5360
00:29:25 - process[3]: training epoch 5 ...
00:29:33 - process[3] - epoch 5 - train iter 235 - 22407.5 words/s - loss: 0.5066
00:29:33 - process[3]: training epoch 6 ...
00:29:43 - process[3] - epoch 6 - train iter 235 - 20461.6 words/s - loss: 0.4634
00:29:43 - process[3]: training epoch 7 ...
00:29:53 - process[3] - epoch 7 - train iter 235 - 20093.5 words/s - loss: 0.4921
00:29:53 - process[3]: training epoch 8 ...
00:30:01 - process[3] - epoch 8 - train iter 235 - 22665.7 words/s - loss: 0.4714
00:30:01 - process[3]: training epoch 9 ...
00:30:10 - process[3] - epoch 9 - train iter 235 - 20266.0 words/s - loss: 0.4671
00:30:10 - process[3]: training epoch 10 ...
00:30:19 - process[3] - epoch 10 - train iter 235 - 20816.0 words/s - loss: 0.4559
00:30:19 - process[3]: evaluating epoch 10 on dev ...
00:30:36 - dev set during evaluation: 10640/10633
00:30:36 - process[3] - dev - epoch 10 - mAP: 0.421 w/ 37 queries
00:30:36 - process[3]: evaluating epoch 10 on test ...
00:30:54 - process[3] - test - epoch 10 - mAP: 0.392 w/ 37 queries
00:30:54 - process[3]: training epoch 11 ...
00:31:03 - process[3] - epoch 11 - train iter 235 - 21185.4 words/s - loss: 0.4968
00:31:03 - process[3]: evaluating epoch 11 on dev ...
00:31:22 - dev set during evaluation: 10640/10633
00:31:22 - process[3] - dev - epoch 11 - mAP: 0.398 w/ 37 queries
00:31:22 - process[3]: training epoch 12 ...
00:31:31 - process[3] - epoch 12 - train iter 235 - 21194.4 words/s - loss: 0.4510
00:31:31 - process[3]: evaluating epoch 12 on dev ...
00:31:48 - dev set during evaluation: 10640/10633
00:31:48 - process[3] - dev - epoch 12 - mAP: 0.408 w/ 37 queries
00:31:48 - process[3]: training epoch 13 ...
00:31:57 - process[3] - epoch 13 - train iter 235 - 21364.4 words/s - loss: 0.4445
00:31:57 - process[3]: evaluating epoch 13 on dev ...
00:32:15 - dev set during evaluation: 10640/10633
00:32:15 - process[3] - dev - epoch 13 - mAP: 0.401 w/ 37 queries
00:32:15 - process[3]: training epoch 14 ...
00:32:24 - process[3] - epoch 14 - train iter 235 - 21965.7 words/s - loss: 0.4323
00:32:24 - process[3]: evaluating epoch 14 on dev ...
00:32:42 - dev set during evaluation: 10640/10633
00:32:42 - process[3] - dev - epoch 14 - mAP: 0.404 w/ 37 queries
00:32:42 - process[3]: training epoch 15 ...
00:32:50 - process[3] - epoch 15 - train iter 235 - 22167.4 words/s - loss: 0.3961
00:32:50 - process[3]: evaluating epoch 15 on dev ...
00:33:08 - dev set during evaluation: 10640/10633
00:33:08 - process[3] - dev - epoch 15 - mAP: 0.412 w/ 37 queries
00:33:08 - process[3]: training epoch 16 ...
00:33:17 - process[3] - epoch 16 - train iter 235 - 21119.2 words/s - loss: 0.4345
00:33:17 - process[3]: evaluating epoch 16 on dev ...
00:33:35 - dev set during evaluation: 10640/10633
00:33:35 - process[3] - dev - epoch 16 - mAP: 0.418 w/ 37 queries
00:33:35 - process[3]: training epoch 17 ...
00:33:44 - process[3] - epoch 17 - train iter 235 - 21835.8 words/s - loss: 0.4078
00:33:44 - process[3]: evaluating epoch 17 on dev ...
00:34:01 - dev set during evaluation: 10640/10633
00:34:01 - process[3] - dev - epoch 17 - mAP: 0.420 w/ 37 queries
00:34:01 - process[3]: training epoch 18 ...
00:34:10 - process[3] - epoch 18 - train iter 235 - 20902.4 words/s - loss: 0.3631
00:34:10 - process[3]: evaluating epoch 18 on dev ...
00:34:28 - dev set during evaluation: 10640/10633
00:34:28 - process[3] - dev - epoch 18 - mAP: 0.417 w/ 37 queries
00:34:28 - process[3]: training epoch 19 ...
00:34:36 - process[3] - epoch 19 - train iter 235 - 22110.4 words/s - loss: 0.3484
00:34:36 - process[3]: evaluating epoch 19 on dev ...
00:34:54 - dev set during evaluation: 10640/10633
00:34:54 - process[3] - dev - epoch 19 - mAP: 0.412 w/ 37 queries
00:34:54 - [fold 5] best test MAP: 0.392 @ epoch 10
00:34:54 - [0.5276918949200418, 0.43689272023131326, 0.4528516500513001, 0.4221833111343477, 0.39197156594691696]
00:34:54 - [37, 37, 37, 37, 37]
00:34:54 - final MAP: 0.446
