00:00:06 - Namespace(apex_level='O2', batch_size=8, cased=False, dataset='clef', debug=False, encoder_lr=2e-05, eval_step=1, full_doc_length=True, local_rank=0, model_path='/mnt/scratch/puxuan/short_qlm/2186735/huggingface-9', model_type='mbert', num_epochs=20, num_ft_encoders=3, num_neg=1, projector_lr=2e-05, seed=611, source_lang='es', target_lang='de')
00:00:14 - Evaluating every 1 epochs ...
00:00:14 - reading data from /mnt/home/puxuan/CLIR-project/Evaluation_data/process-clef/uncased
00:00:15 - test has 38 queries ...
00:00:15 - Data reading done ...
00:00:22 - adding 9-th encoder to optimizer...
00:00:22 - adding 10-th encoder to optimizer...
00:00:22 - adding 11-th encoder to optimizer...
00:00:22 - process[0]: training epoch 0 ...
00:00:39 - process[0] - epoch 0 - train iter 423 - 20360.2 words/s - loss: 0.6415
00:00:39 - process[0]: training epoch 1 ...
00:00:55 - process[0] - epoch 1 - train iter 423 - 21163.4 words/s - loss: 0.5652
00:00:55 - process[0]: training epoch 2 ...
00:01:11 - process[0] - epoch 2 - train iter 423 - 20979.4 words/s - loss: 0.5042
00:01:11 - process[0]: training epoch 3 ...
00:01:26 - process[0] - epoch 3 - train iter 423 - 21083.4 words/s - loss: 0.5215
00:01:26 - process[0]: training epoch 4 ...
00:01:43 - process[0] - epoch 4 - train iter 423 - 19836.8 words/s - loss: 0.5014
00:01:43 - process[0]: training epoch 5 ...
00:01:59 - process[0] - epoch 5 - train iter 423 - 20941.8 words/s - loss: 0.4804
00:01:59 - process[0]: training epoch 6 ...
00:02:16 - process[0] - epoch 6 - train iter 423 - 20374.2 words/s - loss: 0.4836
00:02:16 - process[0]: training epoch 7 ...
00:02:32 - process[0] - epoch 7 - train iter 423 - 21363.2 words/s - loss: 0.4073
00:02:32 - process[0]: training epoch 8 ...
00:02:48 - process[0] - epoch 8 - train iter 423 - 20146.5 words/s - loss: 0.4422
00:02:48 - process[0]: training epoch 9 ...
00:03:06 - process[0] - epoch 9 - train iter 423 - 18555.0 words/s - loss: 0.4501
00:03:06 - process[0]: training epoch 10 ...
00:03:23 - process[0] - epoch 10 - train iter 423 - 20828.6 words/s - loss: 0.4254
00:03:23 - process[0]: evaluating epoch 10 on dev ...
00:03:55 - dev set during evaluation: 13890/13887
00:03:55 - process[0] - dev - epoch 10 - mAP: 0.480 w/ 38 queries
00:03:55 - removing file tmp_5f/mbert_esde_dev_2_10.txt
00:03:55 - removing file tmp_5f/mbert_esde_dev_0_10.txt
00:03:55 - removing file tmp_5f/mbert_esde_dev_7_10.txt
00:03:55 - removing file tmp_5f/mbert_esde_dev_4_10.txt
00:03:55 - removing file tmp_5f/mbert_esde_dev_6_10.txt
00:03:55 - removing file tmp_5f/mbert_esde_dev_3_10.txt
00:03:55 - removing file tmp_5f/mbert_esde_dev_8_10.txt
00:03:55 - removing file tmp_5f/mbert_esde_dev_1_10.txt
00:03:55 - removing file tmp_5f/mbert_esde_dev_9_10.txt
00:03:55 - removing file tmp_5f/mbert_esde_dev_5_10.txt
00:03:55 - process[0]: evaluating epoch 10 on test ...
00:04:26 - test set during evaluation: 15580/15574
00:04:26 - process[0] - test - epoch 10 - mAP: 0.417 w/ 38 queries
00:04:26 - removing file tmp_5f/mbert_esde_test_2_10.txt
00:04:26 - removing file tmp_5f/mbert_esde_test_5_10.txt
00:04:26 - removing file tmp_5f/mbert_esde_test_9_10.txt
00:04:26 - removing file tmp_5f/mbert_esde_test_7_10.txt
00:04:26 - removing file tmp_5f/mbert_esde_test_1_10.txt
00:04:26 - removing file tmp_5f/mbert_esde_test_0_10.txt
00:04:26 - removing file tmp_5f/mbert_esde_test_3_10.txt
00:04:26 - removing file tmp_5f/mbert_esde_test_4_10.txt
00:04:26 - removing file tmp_5f/mbert_esde_test_6_10.txt
00:04:26 - removing file tmp_5f/mbert_esde_test_8_10.txt
00:04:26 - process[0]: training epoch 11 ...
00:04:41 - process[0] - epoch 11 - train iter 423 - 22283.4 words/s - loss: 0.4398
00:04:41 - process[0]: evaluating epoch 11 on dev ...
00:05:12 - dev set during evaluation: 13890/13887
00:05:12 - process[0] - dev - epoch 11 - mAP: 0.478 w/ 38 queries
00:05:12 - removing file tmp_5f/mbert_esde_dev_5_11.txt
00:05:12 - removing file tmp_5f/mbert_esde_dev_1_11.txt
00:05:12 - removing file tmp_5f/mbert_esde_dev_0_11.txt
00:05:12 - removing file tmp_5f/mbert_esde_dev_8_11.txt
00:05:12 - removing file tmp_5f/mbert_esde_dev_9_11.txt
00:05:12 - removing file tmp_5f/mbert_esde_dev_4_11.txt
00:05:12 - removing file tmp_5f/mbert_esde_dev_2_11.txt
00:05:12 - removing file tmp_5f/mbert_esde_dev_6_11.txt
00:05:12 - removing file tmp_5f/mbert_esde_dev_7_11.txt
00:05:12 - removing file tmp_5f/mbert_esde_dev_3_11.txt
00:05:12 - process[0]: training epoch 12 ...
00:05:28 - process[0] - epoch 12 - train iter 423 - 20539.1 words/s - loss: 0.4130
00:05:28 - process[0]: evaluating epoch 12 on dev ...
00:05:57 - dev set during evaluation: 13890/13887
00:05:57 - process[0] - dev - epoch 12 - mAP: 0.497 w/ 38 queries
00:05:57 - removing file tmp_5f/mbert_esde_dev_8_12.txt
00:05:57 - removing file tmp_5f/mbert_esde_dev_3_12.txt
00:05:57 - removing file tmp_5f/mbert_esde_dev_4_12.txt
00:05:57 - removing file tmp_5f/mbert_esde_dev_1_12.txt
00:05:57 - removing file tmp_5f/mbert_esde_dev_5_12.txt
00:05:57 - removing file tmp_5f/mbert_esde_dev_9_12.txt
00:05:57 - removing file tmp_5f/mbert_esde_dev_0_12.txt
00:05:57 - removing file tmp_5f/mbert_esde_dev_7_12.txt
00:05:57 - removing file tmp_5f/mbert_esde_dev_2_12.txt
00:05:57 - removing file tmp_5f/mbert_esde_dev_6_12.txt
00:05:57 - process[0]: evaluating epoch 12 on test ...
00:06:27 - test set during evaluation: 15580/15574
00:06:27 - process[0] - test - epoch 12 - mAP: 0.430 w/ 38 queries
00:06:27 - removing file tmp_5f/mbert_esde_test_2_12.txt
00:06:27 - removing file tmp_5f/mbert_esde_test_0_12.txt
00:06:27 - removing file tmp_5f/mbert_esde_test_7_12.txt
00:06:27 - removing file tmp_5f/mbert_esde_test_8_12.txt
00:06:27 - removing file tmp_5f/mbert_esde_test_3_12.txt
00:06:27 - removing file tmp_5f/mbert_esde_test_1_12.txt
00:06:27 - removing file tmp_5f/mbert_esde_test_5_12.txt
00:06:27 - removing file tmp_5f/mbert_esde_test_6_12.txt
00:06:27 - removing file tmp_5f/mbert_esde_test_9_12.txt
00:06:27 - removing file tmp_5f/mbert_esde_test_4_12.txt
00:06:27 - process[0]: training epoch 13 ...
00:06:45 - process[0] - epoch 13 - train iter 423 - 18728.4 words/s - loss: 0.3822
00:06:45 - process[0]: evaluating epoch 13 on dev ...
00:07:13 - dev set during evaluation: 13890/13887
00:07:13 - process[0] - dev - epoch 13 - mAP: 0.505 w/ 38 queries
00:07:13 - removing file tmp_5f/mbert_esde_dev_9_13.txt
00:07:13 - removing file tmp_5f/mbert_esde_dev_4_13.txt
00:07:13 - removing file tmp_5f/mbert_esde_dev_5_13.txt
00:07:13 - removing file tmp_5f/mbert_esde_dev_6_13.txt
00:07:13 - removing file tmp_5f/mbert_esde_dev_3_13.txt
00:07:13 - removing file tmp_5f/mbert_esde_dev_2_13.txt
00:07:13 - removing file tmp_5f/mbert_esde_dev_0_13.txt
00:07:13 - removing file tmp_5f/mbert_esde_dev_7_13.txt
00:07:13 - removing file tmp_5f/mbert_esde_dev_8_13.txt
00:07:13 - removing file tmp_5f/mbert_esde_dev_1_13.txt
00:07:13 - process[0]: evaluating epoch 13 on test ...
00:07:44 - test set during evaluation: 15580/15574
00:07:44 - process[0] - test - epoch 13 - mAP: 0.406 w/ 38 queries
00:07:44 - removing file tmp_5f/mbert_esde_test_3_13.txt
00:07:44 - removing file tmp_5f/mbert_esde_test_7_13.txt
00:07:44 - removing file tmp_5f/mbert_esde_test_6_13.txt
00:07:44 - removing file tmp_5f/mbert_esde_test_0_13.txt
00:07:44 - removing file tmp_5f/mbert_esde_test_2_13.txt
00:07:44 - removing file tmp_5f/mbert_esde_test_1_13.txt
00:07:44 - removing file tmp_5f/mbert_esde_test_9_13.txt
00:07:44 - removing file tmp_5f/mbert_esde_test_5_13.txt
00:07:44 - removing file tmp_5f/mbert_esde_test_4_13.txt
00:07:44 - removing file tmp_5f/mbert_esde_test_8_13.txt
00:07:44 - process[0]: training epoch 14 ...
00:08:00 - process[0] - epoch 14 - train iter 423 - 20964.7 words/s - loss: 0.3828
00:08:00 - process[0]: evaluating epoch 14 on dev ...
00:08:29 - dev set during evaluation: 13890/13887
00:08:29 - process[0] - dev - epoch 14 - mAP: 0.485 w/ 38 queries
00:08:29 - removing file tmp_5f/mbert_esde_dev_0_14.txt
00:08:29 - removing file tmp_5f/mbert_esde_dev_3_14.txt
00:08:29 - removing file tmp_5f/mbert_esde_dev_2_14.txt
00:08:29 - removing file tmp_5f/mbert_esde_dev_1_14.txt
00:08:29 - removing file tmp_5f/mbert_esde_dev_8_14.txt
00:08:29 - removing file tmp_5f/mbert_esde_dev_6_14.txt
00:08:29 - removing file tmp_5f/mbert_esde_dev_7_14.txt
00:08:29 - removing file tmp_5f/mbert_esde_dev_4_14.txt
00:08:29 - removing file tmp_5f/mbert_esde_dev_5_14.txt
00:08:29 - removing file tmp_5f/mbert_esde_dev_9_14.txt
00:08:29 - process[0]: training epoch 15 ...
00:08:44 - process[0] - epoch 15 - train iter 423 - 21690.8 words/s - loss: 0.4128
00:08:44 - process[0]: evaluating epoch 15 on dev ...
00:09:15 - dev set during evaluation: 13890/13887
00:09:15 - process[0] - dev - epoch 15 - mAP: 0.503 w/ 38 queries
00:09:15 - removing file tmp_5f/mbert_esde_dev_8_15.txt
00:09:15 - removing file tmp_5f/mbert_esde_dev_7_15.txt
00:09:15 - removing file tmp_5f/mbert_esde_dev_9_15.txt
00:09:15 - removing file tmp_5f/mbert_esde_dev_1_15.txt
00:09:15 - removing file tmp_5f/mbert_esde_dev_4_15.txt
00:09:15 - removing file tmp_5f/mbert_esde_dev_6_15.txt
00:09:15 - removing file tmp_5f/mbert_esde_dev_5_15.txt
00:09:15 - removing file tmp_5f/mbert_esde_dev_0_15.txt
00:09:15 - removing file tmp_5f/mbert_esde_dev_2_15.txt
00:09:15 - removing file tmp_5f/mbert_esde_dev_3_15.txt
00:09:15 - process[0]: training epoch 16 ...
00:09:32 - process[0] - epoch 16 - train iter 423 - 20528.2 words/s - loss: 0.4049
00:09:32 - process[0]: evaluating epoch 16 on dev ...
00:10:01 - dev set during evaluation: 13890/13887
00:10:01 - process[0] - dev - epoch 16 - mAP: 0.482 w/ 38 queries
00:10:01 - removing file tmp_5f/mbert_esde_dev_6_16.txt
00:10:01 - removing file tmp_5f/mbert_esde_dev_4_16.txt
00:10:01 - removing file tmp_5f/mbert_esde_dev_1_16.txt
00:10:01 - removing file tmp_5f/mbert_esde_dev_2_16.txt
00:10:01 - removing file tmp_5f/mbert_esde_dev_8_16.txt
00:10:01 - removing file tmp_5f/mbert_esde_dev_9_16.txt
00:10:01 - removing file tmp_5f/mbert_esde_dev_7_16.txt
00:10:01 - removing file tmp_5f/mbert_esde_dev_5_16.txt
00:10:01 - removing file tmp_5f/mbert_esde_dev_0_16.txt
00:10:01 - removing file tmp_5f/mbert_esde_dev_3_16.txt
00:10:01 - process[0]: training epoch 17 ...
00:10:17 - process[0] - epoch 17 - train iter 423 - 20365.3 words/s - loss: 0.3788
00:10:17 - process[0]: evaluating epoch 17 on dev ...
00:10:47 - dev set during evaluation: 13890/13887
00:10:47 - process[0] - dev - epoch 17 - mAP: 0.492 w/ 38 queries
00:10:47 - removing file tmp_5f/mbert_esde_dev_3_17.txt
00:10:47 - removing file tmp_5f/mbert_esde_dev_4_17.txt
00:10:47 - removing file tmp_5f/mbert_esde_dev_9_17.txt
00:10:47 - removing file tmp_5f/mbert_esde_dev_6_17.txt
00:10:47 - removing file tmp_5f/mbert_esde_dev_1_17.txt
00:10:47 - removing file tmp_5f/mbert_esde_dev_0_17.txt
00:10:47 - removing file tmp_5f/mbert_esde_dev_5_17.txt
00:10:47 - removing file tmp_5f/mbert_esde_dev_7_17.txt
00:10:47 - removing file tmp_5f/mbert_esde_dev_8_17.txt
00:10:47 - removing file tmp_5f/mbert_esde_dev_2_17.txt
00:10:47 - process[0]: training epoch 18 ...
00:11:02 - process[0] - epoch 18 - train iter 423 - 21980.7 words/s - loss: 0.3495
00:11:02 - process[0]: evaluating epoch 18 on dev ...
00:11:33 - dev set during evaluation: 13890/13887
00:11:33 - process[0] - dev - epoch 18 - mAP: 0.495 w/ 38 queries
00:11:33 - removing file tmp_5f/mbert_esde_dev_3_18.txt
00:11:33 - removing file tmp_5f/mbert_esde_dev_8_18.txt
00:11:33 - removing file tmp_5f/mbert_esde_dev_7_18.txt
00:11:33 - removing file tmp_5f/mbert_esde_dev_2_18.txt
00:11:33 - removing file tmp_5f/mbert_esde_dev_0_18.txt
00:11:33 - removing file tmp_5f/mbert_esde_dev_9_18.txt
00:11:33 - removing file tmp_5f/mbert_esde_dev_5_18.txt
00:11:33 - removing file tmp_5f/mbert_esde_dev_4_18.txt
00:11:33 - removing file tmp_5f/mbert_esde_dev_1_18.txt
00:11:33 - removing file tmp_5f/mbert_esde_dev_6_18.txt
00:11:33 - process[0]: training epoch 19 ...
00:11:49 - process[0] - epoch 19 - train iter 423 - 20756.1 words/s - loss: 0.3431
00:11:49 - process[0]: evaluating epoch 19 on dev ...
00:12:18 - dev set during evaluation: 13890/13887
00:12:18 - process[0] - dev - epoch 19 - mAP: 0.481 w/ 38 queries
00:12:18 - removing file tmp_5f/mbert_esde_dev_6_19.txt
00:12:18 - removing file tmp_5f/mbert_esde_dev_5_19.txt
00:12:18 - removing file tmp_5f/mbert_esde_dev_1_19.txt
00:12:18 - removing file tmp_5f/mbert_esde_dev_4_19.txt
00:12:18 - removing file tmp_5f/mbert_esde_dev_2_19.txt
00:12:18 - removing file tmp_5f/mbert_esde_dev_3_19.txt
00:12:18 - removing file tmp_5f/mbert_esde_dev_8_19.txt
00:12:18 - removing file tmp_5f/mbert_esde_dev_0_19.txt
00:12:18 - removing file tmp_5f/mbert_esde_dev_9_19.txt
00:12:18 - removing file tmp_5f/mbert_esde_dev_7_19.txt
00:12:18 - [fold 1] best test MAP: 0.406 @ epoch 13
00:12:18 - Evaluating every 1 epochs ...
00:12:18 - reading data from /mnt/home/puxuan/CLIR-project/Evaluation_data/process-clef/uncased
00:12:19 - test has 39 queries ...
00:12:19 - Data reading done ...
00:12:20 - adding 9-th encoder to optimizer...
00:12:20 - adding 10-th encoder to optimizer...
00:12:20 - adding 11-th encoder to optimizer...
00:12:21 - process[0]: training epoch 0 ...
00:12:38 - process[0] - epoch 0 - train iter 386 - 17216.4 words/s - loss: 0.6492
00:12:38 - process[0]: training epoch 1 ...
00:12:55 - process[0] - epoch 1 - train iter 386 - 18429.5 words/s - loss: 0.5612
00:12:55 - process[0]: training epoch 2 ...
00:13:12 - process[0] - epoch 2 - train iter 386 - 17420.6 words/s - loss: 0.5051
00:13:12 - process[0]: training epoch 3 ...
00:13:29 - process[0] - epoch 3 - train iter 386 - 17287.3 words/s - loss: 0.4994
00:13:29 - process[0]: training epoch 4 ...
00:13:47 - process[0] - epoch 4 - train iter 386 - 17137.4 words/s - loss: 0.4866
00:13:47 - process[0]: training epoch 5 ...
00:14:05 - process[0] - epoch 5 - train iter 386 - 16783.7 words/s - loss: 0.4861
00:14:05 - process[0]: training epoch 6 ...
00:14:24 - process[0] - epoch 6 - train iter 386 - 16744.7 words/s - loss: 0.4727
00:14:24 - process[0]: training epoch 7 ...
00:14:41 - process[0] - epoch 7 - train iter 386 - 17137.3 words/s - loss: 0.4642
00:14:41 - process[0]: training epoch 8 ...
00:15:01 - process[0] - epoch 8 - train iter 386 - 15449.3 words/s - loss: 0.4205
00:15:01 - process[0]: training epoch 9 ...
00:15:18 - process[0] - epoch 9 - train iter 386 - 18429.0 words/s - loss: 0.4769
00:15:18 - process[0]: training epoch 10 ...
00:15:35 - process[0] - epoch 10 - train iter 386 - 17323.8 words/s - loss: 0.4011
00:15:35 - process[0]: evaluating epoch 10 on dev ...
00:16:18 - dev set during evaluation: 15580/15574
00:16:18 - process[0] - dev - epoch 10 - mAP: 0.402 w/ 38 queries
00:16:18 - removing file tmp_5f/mbert_esde_dev_2_10.txt
00:16:18 - removing file tmp_5f/mbert_esde_dev_0_10.txt
00:16:18 - removing file tmp_5f/mbert_esde_dev_7_10.txt
00:16:18 - removing file tmp_5f/mbert_esde_dev_4_10.txt
00:16:18 - removing file tmp_5f/mbert_esde_dev_6_10.txt
00:16:18 - removing file tmp_5f/mbert_esde_dev_3_10.txt
00:16:18 - removing file tmp_5f/mbert_esde_dev_8_10.txt
00:16:18 - removing file tmp_5f/mbert_esde_dev_1_10.txt
00:16:18 - removing file tmp_5f/mbert_esde_dev_9_10.txt
00:16:18 - removing file tmp_5f/mbert_esde_dev_5_10.txt
00:16:18 - process[0]: evaluating epoch 10 on test ...
00:16:51 - test set during evaluation: 14340/14338
00:16:51 - process[0] - test - epoch 10 - mAP: 0.465 w/ 39 queries
00:16:51 - removing file tmp_5f/mbert_esde_test_2_10.txt
00:16:51 - removing file tmp_5f/mbert_esde_test_5_10.txt
00:16:51 - removing file tmp_5f/mbert_esde_test_9_10.txt
00:16:51 - removing file tmp_5f/mbert_esde_test_7_10.txt
00:16:51 - removing file tmp_5f/mbert_esde_test_1_10.txt
00:16:51 - removing file tmp_5f/mbert_esde_test_0_10.txt
00:16:51 - removing file tmp_5f/mbert_esde_test_3_10.txt
00:16:51 - removing file tmp_5f/mbert_esde_test_4_10.txt
00:16:51 - removing file tmp_5f/mbert_esde_test_6_10.txt
00:16:51 - removing file tmp_5f/mbert_esde_test_8_10.txt
00:16:51 - process[0]: training epoch 11 ...
00:17:08 - process[0] - epoch 11 - train iter 386 - 17774.6 words/s - loss: 0.4188
00:17:08 - process[0]: evaluating epoch 11 on dev ...
00:17:46 - dev set during evaluation: 15580/15574
00:17:46 - process[0] - dev - epoch 11 - mAP: 0.411 w/ 38 queries
00:17:46 - removing file tmp_5f/mbert_esde_dev_5_11.txt
00:17:46 - removing file tmp_5f/mbert_esde_dev_1_11.txt
00:17:46 - removing file tmp_5f/mbert_esde_dev_0_11.txt
00:17:46 - removing file tmp_5f/mbert_esde_dev_8_11.txt
00:17:46 - removing file tmp_5f/mbert_esde_dev_9_11.txt
00:17:46 - removing file tmp_5f/mbert_esde_dev_4_11.txt
00:17:46 - removing file tmp_5f/mbert_esde_dev_2_11.txt
00:17:46 - removing file tmp_5f/mbert_esde_dev_6_11.txt
00:17:46 - removing file tmp_5f/mbert_esde_dev_7_11.txt
00:17:46 - removing file tmp_5f/mbert_esde_dev_3_11.txt
00:17:46 - process[0]: evaluating epoch 11 on test ...
00:18:19 - test set during evaluation: 14340/14338
00:18:19 - process[0] - test - epoch 11 - mAP: 0.478 w/ 39 queries
00:18:19 - removing file tmp_5f/mbert_esde_test_7_11.txt
00:18:19 - removing file tmp_5f/mbert_esde_test_1_11.txt
00:18:19 - removing file tmp_5f/mbert_esde_test_8_11.txt
00:18:19 - removing file tmp_5f/mbert_esde_test_0_11.txt
00:18:19 - removing file tmp_5f/mbert_esde_test_5_11.txt
00:18:19 - removing file tmp_5f/mbert_esde_test_3_11.txt
00:18:19 - removing file tmp_5f/mbert_esde_test_4_11.txt
00:18:19 - removing file tmp_5f/mbert_esde_test_2_11.txt
00:18:19 - removing file tmp_5f/mbert_esde_test_6_11.txt
00:18:19 - removing file tmp_5f/mbert_esde_test_9_11.txt
00:18:19 - process[0]: training epoch 12 ...
00:18:38 - process[0] - epoch 12 - train iter 386 - 17201.0 words/s - loss: 0.4137
00:18:38 - process[0]: evaluating epoch 12 on dev ...
00:19:14 - dev set during evaluation: 15580/15574
00:19:14 - process[0] - dev - epoch 12 - mAP: 0.417 w/ 38 queries
00:19:14 - removing file tmp_5f/mbert_esde_dev_8_12.txt
00:19:14 - removing file tmp_5f/mbert_esde_dev_3_12.txt
00:19:14 - removing file tmp_5f/mbert_esde_dev_4_12.txt
00:19:14 - removing file tmp_5f/mbert_esde_dev_1_12.txt
00:19:14 - removing file tmp_5f/mbert_esde_dev_5_12.txt
00:19:14 - removing file tmp_5f/mbert_esde_dev_9_12.txt
00:19:14 - removing file tmp_5f/mbert_esde_dev_0_12.txt
00:19:14 - removing file tmp_5f/mbert_esde_dev_7_12.txt
00:19:14 - removing file tmp_5f/mbert_esde_dev_2_12.txt
00:19:14 - removing file tmp_5f/mbert_esde_dev_6_12.txt
00:19:14 - process[0]: evaluating epoch 12 on test ...
00:19:47 - test set during evaluation: 14340/14338
00:19:47 - process[0] - test - epoch 12 - mAP: 0.466 w/ 39 queries
00:19:47 - removing file tmp_5f/mbert_esde_test_2_12.txt
00:19:47 - removing file tmp_5f/mbert_esde_test_0_12.txt
00:19:47 - removing file tmp_5f/mbert_esde_test_7_12.txt
00:19:47 - removing file tmp_5f/mbert_esde_test_8_12.txt
00:19:47 - removing file tmp_5f/mbert_esde_test_3_12.txt
00:19:47 - removing file tmp_5f/mbert_esde_test_1_12.txt
00:19:47 - removing file tmp_5f/mbert_esde_test_5_12.txt
00:19:47 - removing file tmp_5f/mbert_esde_test_6_12.txt
00:19:47 - removing file tmp_5f/mbert_esde_test_9_12.txt
00:19:47 - removing file tmp_5f/mbert_esde_test_4_12.txt
00:19:47 - process[0]: training epoch 13 ...
00:20:04 - process[0] - epoch 13 - train iter 386 - 17714.5 words/s - loss: 0.4248
00:20:04 - process[0]: evaluating epoch 13 on dev ...
00:20:42 - dev set during evaluation: 15580/15574
00:20:42 - process[0] - dev - epoch 13 - mAP: 0.381 w/ 38 queries
00:20:42 - removing file tmp_5f/mbert_esde_dev_9_13.txt
00:20:42 - removing file tmp_5f/mbert_esde_dev_4_13.txt
00:20:42 - removing file tmp_5f/mbert_esde_dev_5_13.txt
00:20:42 - removing file tmp_5f/mbert_esde_dev_6_13.txt
00:20:42 - removing file tmp_5f/mbert_esde_dev_3_13.txt
00:20:42 - removing file tmp_5f/mbert_esde_dev_2_13.txt
00:20:42 - removing file tmp_5f/mbert_esde_dev_0_13.txt
00:20:42 - removing file tmp_5f/mbert_esde_dev_7_13.txt
00:20:42 - removing file tmp_5f/mbert_esde_dev_8_13.txt
00:20:42 - removing file tmp_5f/mbert_esde_dev_1_13.txt
00:20:42 - process[0]: training epoch 14 ...
00:21:00 - process[0] - epoch 14 - train iter 386 - 16876.4 words/s - loss: 0.4164
00:21:00 - process[0]: evaluating epoch 14 on dev ...
00:21:36 - dev set during evaluation: 15580/15574
00:21:36 - process[0] - dev - epoch 14 - mAP: 0.392 w/ 38 queries
00:21:36 - removing file tmp_5f/mbert_esde_dev_0_14.txt
00:21:36 - removing file tmp_5f/mbert_esde_dev_3_14.txt
00:21:36 - removing file tmp_5f/mbert_esde_dev_2_14.txt
00:21:36 - removing file tmp_5f/mbert_esde_dev_1_14.txt
00:21:36 - removing file tmp_5f/mbert_esde_dev_8_14.txt
00:21:36 - removing file tmp_5f/mbert_esde_dev_6_14.txt
00:21:36 - removing file tmp_5f/mbert_esde_dev_7_14.txt
00:21:36 - removing file tmp_5f/mbert_esde_dev_4_14.txt
00:21:36 - removing file tmp_5f/mbert_esde_dev_5_14.txt
00:21:36 - removing file tmp_5f/mbert_esde_dev_9_14.txt
00:21:36 - process[0]: training epoch 15 ...
00:21:53 - process[0] - epoch 15 - train iter 386 - 18687.7 words/s - loss: 0.4082
00:21:53 - process[0]: evaluating epoch 15 on dev ...
00:22:31 - dev set during evaluation: 15580/15574
00:22:31 - process[0] - dev - epoch 15 - mAP: 0.405 w/ 38 queries
00:22:31 - removing file tmp_5f/mbert_esde_dev_8_15.txt
00:22:31 - removing file tmp_5f/mbert_esde_dev_7_15.txt
00:22:31 - removing file tmp_5f/mbert_esde_dev_9_15.txt
00:22:31 - removing file tmp_5f/mbert_esde_dev_1_15.txt
00:22:31 - removing file tmp_5f/mbert_esde_dev_4_15.txt
00:22:31 - removing file tmp_5f/mbert_esde_dev_6_15.txt
00:22:31 - removing file tmp_5f/mbert_esde_dev_5_15.txt
00:22:31 - removing file tmp_5f/mbert_esde_dev_0_15.txt
00:22:31 - removing file tmp_5f/mbert_esde_dev_2_15.txt
00:22:31 - removing file tmp_5f/mbert_esde_dev_3_15.txt
00:22:31 - process[0]: training epoch 16 ...
00:22:48 - process[0] - epoch 16 - train iter 386 - 17847.0 words/s - loss: 0.3943
00:22:48 - process[0]: evaluating epoch 16 on dev ...
00:23:25 - dev set during evaluation: 15580/15574
00:23:25 - process[0] - dev - epoch 16 - mAP: 0.400 w/ 38 queries
00:23:25 - removing file tmp_5f/mbert_esde_dev_6_16.txt
00:23:25 - removing file tmp_5f/mbert_esde_dev_4_16.txt
00:23:25 - removing file tmp_5f/mbert_esde_dev_1_16.txt
00:23:25 - removing file tmp_5f/mbert_esde_dev_2_16.txt
00:23:25 - removing file tmp_5f/mbert_esde_dev_8_16.txt
00:23:25 - removing file tmp_5f/mbert_esde_dev_9_16.txt
00:23:25 - removing file tmp_5f/mbert_esde_dev_7_16.txt
00:23:25 - removing file tmp_5f/mbert_esde_dev_5_16.txt
00:23:25 - removing file tmp_5f/mbert_esde_dev_0_16.txt
00:23:25 - removing file tmp_5f/mbert_esde_dev_3_16.txt
00:23:25 - process[0]: training epoch 17 ...
00:23:43 - process[0] - epoch 17 - train iter 386 - 16225.8 words/s - loss: 0.3881
00:23:43 - process[0]: evaluating epoch 17 on dev ...
00:24:18 - dev set during evaluation: 15580/15574
00:24:18 - process[0] - dev - epoch 17 - mAP: 0.404 w/ 38 queries
00:24:18 - removing file tmp_5f/mbert_esde_dev_3_17.txt
00:24:18 - removing file tmp_5f/mbert_esde_dev_4_17.txt
00:24:18 - removing file tmp_5f/mbert_esde_dev_9_17.txt
00:24:18 - removing file tmp_5f/mbert_esde_dev_6_17.txt
00:24:18 - removing file tmp_5f/mbert_esde_dev_1_17.txt
00:24:18 - removing file tmp_5f/mbert_esde_dev_0_17.txt
00:24:18 - removing file tmp_5f/mbert_esde_dev_5_17.txt
00:24:18 - removing file tmp_5f/mbert_esde_dev_7_17.txt
00:24:18 - removing file tmp_5f/mbert_esde_dev_8_17.txt
00:24:18 - removing file tmp_5f/mbert_esde_dev_2_17.txt
00:24:18 - process[0]: training epoch 18 ...
00:24:36 - process[0] - epoch 18 - train iter 386 - 17067.9 words/s - loss: 0.3671
00:24:36 - process[0]: evaluating epoch 18 on dev ...
00:25:12 - dev set during evaluation: 15580/15574
00:25:12 - process[0] - dev - epoch 18 - mAP: 0.403 w/ 38 queries
00:25:12 - removing file tmp_5f/mbert_esde_dev_3_18.txt
00:25:12 - removing file tmp_5f/mbert_esde_dev_8_18.txt
00:25:12 - removing file tmp_5f/mbert_esde_dev_7_18.txt
00:25:12 - removing file tmp_5f/mbert_esde_dev_2_18.txt
00:25:12 - removing file tmp_5f/mbert_esde_dev_0_18.txt
00:25:12 - removing file tmp_5f/mbert_esde_dev_9_18.txt
00:25:12 - removing file tmp_5f/mbert_esde_dev_5_18.txt
00:25:12 - removing file tmp_5f/mbert_esde_dev_4_18.txt
00:25:12 - removing file tmp_5f/mbert_esde_dev_1_18.txt
00:25:12 - removing file tmp_5f/mbert_esde_dev_6_18.txt
00:25:12 - process[0]: training epoch 19 ...
00:25:29 - process[0] - epoch 19 - train iter 386 - 18950.6 words/s - loss: 0.4312
00:25:29 - process[0]: evaluating epoch 19 on dev ...
00:26:07 - dev set during evaluation: 15580/15574
00:26:07 - process[0] - dev - epoch 19 - mAP: 0.405 w/ 38 queries
00:26:07 - removing file tmp_5f/mbert_esde_dev_6_19.txt
00:26:07 - removing file tmp_5f/mbert_esde_dev_5_19.txt
00:26:07 - removing file tmp_5f/mbert_esde_dev_1_19.txt
00:26:07 - removing file tmp_5f/mbert_esde_dev_4_19.txt
00:26:07 - removing file tmp_5f/mbert_esde_dev_2_19.txt
00:26:07 - removing file tmp_5f/mbert_esde_dev_3_19.txt
00:26:07 - removing file tmp_5f/mbert_esde_dev_8_19.txt
00:26:07 - removing file tmp_5f/mbert_esde_dev_0_19.txt
00:26:07 - removing file tmp_5f/mbert_esde_dev_9_19.txt
00:26:07 - removing file tmp_5f/mbert_esde_dev_7_19.txt
00:26:07 - [fold 2] best test MAP: 0.466 @ epoch 12
00:26:07 - Evaluating every 1 epochs ...
00:26:07 - reading data from /mnt/home/puxuan/CLIR-project/Evaluation_data/process-clef/uncased
00:26:08 - test has 39 queries ...
00:26:08 - Data reading done ...
00:26:09 - adding 9-th encoder to optimizer...
00:26:09 - adding 10-th encoder to optimizer...
00:26:09 - adding 11-th encoder to optimizer...
00:26:10 - process[0]: training epoch 0 ...
00:26:27 - process[0] - epoch 0 - train iter 360 - 16345.3 words/s - loss: 0.6706
00:26:27 - process[0]: training epoch 1 ...
00:26:45 - process[0] - epoch 1 - train iter 360 - 15489.2 words/s - loss: 0.5770
00:26:45 - process[0]: training epoch 2 ...
00:27:05 - process[0] - epoch 2 - train iter 360 - 14929.2 words/s - loss: 0.5358
00:27:05 - process[0]: training epoch 3 ...
00:27:22 - process[0] - epoch 3 - train iter 360 - 16117.5 words/s - loss: 0.5159
00:27:22 - process[0]: training epoch 4 ...
00:27:40 - process[0] - epoch 4 - train iter 360 - 17008.7 words/s - loss: 0.4919
00:27:40 - process[0]: training epoch 5 ...
00:27:56 - process[0] - epoch 5 - train iter 360 - 17347.5 words/s - loss: 0.4826
00:27:56 - process[0]: training epoch 6 ...
00:28:15 - process[0] - epoch 6 - train iter 360 - 15086.0 words/s - loss: 0.4667
00:28:15 - process[0]: training epoch 7 ...
00:28:33 - process[0] - epoch 7 - train iter 360 - 15648.2 words/s - loss: 0.4638
00:28:33 - process[0]: training epoch 8 ...
00:28:50 - process[0] - epoch 8 - train iter 360 - 16368.3 words/s - loss: 0.4476
00:28:50 - process[0]: training epoch 9 ...
00:29:07 - process[0] - epoch 9 - train iter 360 - 16948.2 words/s - loss: 0.4084
00:29:07 - process[0]: training epoch 10 ...
00:29:23 - process[0] - epoch 10 - train iter 360 - 17403.2 words/s - loss: 0.4311
00:29:23 - process[0]: evaluating epoch 10 on dev ...
00:30:01 - dev set during evaluation: 14340/14338
00:30:01 - process[0] - dev - epoch 10 - mAP: 0.477 w/ 39 queries
00:30:01 - removing file tmp_5f/mbert_esde_dev_2_10.txt
00:30:01 - removing file tmp_5f/mbert_esde_dev_0_10.txt
00:30:01 - removing file tmp_5f/mbert_esde_dev_7_10.txt
00:30:01 - removing file tmp_5f/mbert_esde_dev_4_10.txt
00:30:01 - removing file tmp_5f/mbert_esde_dev_6_10.txt
00:30:01 - removing file tmp_5f/mbert_esde_dev_3_10.txt
00:30:01 - removing file tmp_5f/mbert_esde_dev_8_10.txt
00:30:01 - removing file tmp_5f/mbert_esde_dev_1_10.txt
00:30:01 - removing file tmp_5f/mbert_esde_dev_9_10.txt
00:30:01 - removing file tmp_5f/mbert_esde_dev_5_10.txt
00:30:01 - process[0]: evaluating epoch 10 on test ...
00:30:30 - test set during evaluation: 11710/11707
00:30:30 - process[0] - test - epoch 10 - mAP: 0.521 w/ 39 queries
00:30:30 - removing file tmp_5f/mbert_esde_test_2_10.txt
00:30:30 - removing file tmp_5f/mbert_esde_test_5_10.txt
00:30:30 - removing file tmp_5f/mbert_esde_test_9_10.txt
00:30:30 - removing file tmp_5f/mbert_esde_test_7_10.txt
00:30:30 - removing file tmp_5f/mbert_esde_test_1_10.txt
00:30:30 - removing file tmp_5f/mbert_esde_test_0_10.txt
00:30:30 - removing file tmp_5f/mbert_esde_test_3_10.txt
00:30:30 - removing file tmp_5f/mbert_esde_test_4_10.txt
00:30:30 - removing file tmp_5f/mbert_esde_test_6_10.txt
00:30:30 - removing file tmp_5f/mbert_esde_test_8_10.txt
00:30:30 - process[0]: training epoch 11 ...
00:30:48 - process[0] - epoch 11 - train iter 360 - 16197.1 words/s - loss: 0.4137
00:30:48 - process[0]: evaluating epoch 11 on dev ...
00:31:22 - dev set during evaluation: 14340/14338
00:31:22 - process[0] - dev - epoch 11 - mAP: 0.467 w/ 39 queries
00:31:22 - removing file tmp_5f/mbert_esde_dev_5_11.txt
00:31:22 - removing file tmp_5f/mbert_esde_dev_1_11.txt
00:31:22 - removing file tmp_5f/mbert_esde_dev_0_11.txt
00:31:22 - removing file tmp_5f/mbert_esde_dev_8_11.txt
00:31:22 - removing file tmp_5f/mbert_esde_dev_9_11.txt
00:31:22 - removing file tmp_5f/mbert_esde_dev_4_11.txt
00:31:22 - removing file tmp_5f/mbert_esde_dev_2_11.txt
00:31:22 - removing file tmp_5f/mbert_esde_dev_6_11.txt
00:31:22 - removing file tmp_5f/mbert_esde_dev_7_11.txt
00:31:22 - removing file tmp_5f/mbert_esde_dev_3_11.txt
00:31:22 - process[0]: training epoch 12 ...
00:31:38 - process[0] - epoch 12 - train iter 360 - 17121.2 words/s - loss: 0.4104
00:31:38 - process[0]: evaluating epoch 12 on dev ...
00:32:13 - dev set during evaluation: 14340/14338
00:32:13 - process[0] - dev - epoch 12 - mAP: 0.471 w/ 39 queries
00:32:13 - removing file tmp_5f/mbert_esde_dev_8_12.txt
00:32:13 - removing file tmp_5f/mbert_esde_dev_3_12.txt
00:32:13 - removing file tmp_5f/mbert_esde_dev_4_12.txt
00:32:13 - removing file tmp_5f/mbert_esde_dev_1_12.txt
00:32:13 - removing file tmp_5f/mbert_esde_dev_5_12.txt
00:32:13 - removing file tmp_5f/mbert_esde_dev_9_12.txt
00:32:13 - removing file tmp_5f/mbert_esde_dev_0_12.txt
00:32:13 - removing file tmp_5f/mbert_esde_dev_7_12.txt
00:32:13 - removing file tmp_5f/mbert_esde_dev_2_12.txt
00:32:13 - removing file tmp_5f/mbert_esde_dev_6_12.txt
00:32:13 - process[0]: training epoch 13 ...
00:32:30 - process[0] - epoch 13 - train iter 360 - 16583.5 words/s - loss: 0.4170
00:32:30 - process[0]: evaluating epoch 13 on dev ...
00:33:03 - dev set during evaluation: 14340/14338
00:33:03 - process[0] - dev - epoch 13 - mAP: 0.470 w/ 39 queries
00:33:03 - removing file tmp_5f/mbert_esde_dev_9_13.txt
00:33:03 - removing file tmp_5f/mbert_esde_dev_4_13.txt
00:33:03 - removing file tmp_5f/mbert_esde_dev_5_13.txt
00:33:03 - removing file tmp_5f/mbert_esde_dev_6_13.txt
00:33:03 - removing file tmp_5f/mbert_esde_dev_3_13.txt
00:33:03 - removing file tmp_5f/mbert_esde_dev_2_13.txt
00:33:03 - removing file tmp_5f/mbert_esde_dev_0_13.txt
00:33:03 - removing file tmp_5f/mbert_esde_dev_7_13.txt
00:33:03 - removing file tmp_5f/mbert_esde_dev_8_13.txt
00:33:03 - removing file tmp_5f/mbert_esde_dev_1_13.txt
00:33:03 - process[0]: training epoch 14 ...
00:33:22 - process[0] - epoch 14 - train iter 360 - 15266.1 words/s - loss: 0.4049
00:33:22 - process[0]: evaluating epoch 14 on dev ...
00:33:53 - dev set during evaluation: 14340/14338
00:33:53 - process[0] - dev - epoch 14 - mAP: 0.461 w/ 39 queries
00:33:53 - removing file tmp_5f/mbert_esde_dev_0_14.txt
00:33:53 - removing file tmp_5f/mbert_esde_dev_3_14.txt
00:33:53 - removing file tmp_5f/mbert_esde_dev_2_14.txt
00:33:53 - removing file tmp_5f/mbert_esde_dev_1_14.txt
00:33:53 - removing file tmp_5f/mbert_esde_dev_8_14.txt
00:33:53 - removing file tmp_5f/mbert_esde_dev_6_14.txt
00:33:53 - removing file tmp_5f/mbert_esde_dev_7_14.txt
00:33:53 - removing file tmp_5f/mbert_esde_dev_4_14.txt
00:33:53 - removing file tmp_5f/mbert_esde_dev_5_14.txt
00:33:53 - removing file tmp_5f/mbert_esde_dev_9_14.txt
00:33:53 - process[0]: training epoch 15 ...
00:34:10 - process[0] - epoch 15 - train iter 360 - 17376.0 words/s - loss: 0.3895
00:34:10 - process[0]: evaluating epoch 15 on dev ...
00:34:44 - dev set during evaluation: 14340/14338
00:34:44 - process[0] - dev - epoch 15 - mAP: 0.479 w/ 39 queries
00:34:44 - removing file tmp_5f/mbert_esde_dev_8_15.txt
00:34:44 - removing file tmp_5f/mbert_esde_dev_7_15.txt
00:34:44 - removing file tmp_5f/mbert_esde_dev_9_15.txt
00:34:44 - removing file tmp_5f/mbert_esde_dev_1_15.txt
00:34:44 - removing file tmp_5f/mbert_esde_dev_4_15.txt
00:34:44 - removing file tmp_5f/mbert_esde_dev_6_15.txt
00:34:44 - removing file tmp_5f/mbert_esde_dev_5_15.txt
00:34:44 - removing file tmp_5f/mbert_esde_dev_0_15.txt
00:34:44 - removing file tmp_5f/mbert_esde_dev_2_15.txt
00:34:44 - removing file tmp_5f/mbert_esde_dev_3_15.txt
00:34:44 - process[0]: evaluating epoch 15 on test ...
00:35:13 - test set during evaluation: 11710/11707
00:35:13 - process[0] - test - epoch 15 - mAP: 0.512 w/ 39 queries
00:35:13 - removing file tmp_5f/mbert_esde_test_3_15.txt
00:35:13 - removing file tmp_5f/mbert_esde_test_8_15.txt
00:35:13 - removing file tmp_5f/mbert_esde_test_4_15.txt
00:35:13 - removing file tmp_5f/mbert_esde_test_0_15.txt
00:35:13 - removing file tmp_5f/mbert_esde_test_1_15.txt
00:35:13 - removing file tmp_5f/mbert_esde_test_7_15.txt
00:35:13 - removing file tmp_5f/mbert_esde_test_6_15.txt
00:35:13 - removing file tmp_5f/mbert_esde_test_9_15.txt
00:35:13 - removing file tmp_5f/mbert_esde_test_2_15.txt
00:35:13 - removing file tmp_5f/mbert_esde_test_5_15.txt
00:35:13 - process[0]: training epoch 16 ...
00:35:32 - process[0] - epoch 16 - train iter 360 - 14998.2 words/s - loss: 0.3866
00:35:32 - process[0]: evaluating epoch 16 on dev ...
00:36:04 - dev set during evaluation: 14340/14338
00:36:04 - process[0] - dev - epoch 16 - mAP: 0.474 w/ 39 queries
00:36:04 - removing file tmp_5f/mbert_esde_dev_6_16.txt
00:36:04 - removing file tmp_5f/mbert_esde_dev_4_16.txt
00:36:04 - removing file tmp_5f/mbert_esde_dev_1_16.txt
00:36:04 - removing file tmp_5f/mbert_esde_dev_2_16.txt
00:36:04 - removing file tmp_5f/mbert_esde_dev_8_16.txt
00:36:04 - removing file tmp_5f/mbert_esde_dev_9_16.txt
00:36:04 - removing file tmp_5f/mbert_esde_dev_7_16.txt
00:36:04 - removing file tmp_5f/mbert_esde_dev_5_16.txt
00:36:04 - removing file tmp_5f/mbert_esde_dev_0_16.txt
00:36:04 - removing file tmp_5f/mbert_esde_dev_3_16.txt
00:36:04 - process[0]: training epoch 17 ...
00:36:22 - process[0] - epoch 17 - train iter 360 - 15633.8 words/s - loss: 0.3625
00:36:22 - process[0]: evaluating epoch 17 on dev ...
00:36:55 - dev set during evaluation: 14340/14338
00:36:56 - process[0] - dev - epoch 17 - mAP: 0.487 w/ 39 queries
00:36:56 - removing file tmp_5f/mbert_esde_dev_3_17.txt
00:36:56 - removing file tmp_5f/mbert_esde_dev_4_17.txt
00:36:56 - removing file tmp_5f/mbert_esde_dev_9_17.txt
00:36:56 - removing file tmp_5f/mbert_esde_dev_6_17.txt
00:36:56 - removing file tmp_5f/mbert_esde_dev_1_17.txt
00:36:56 - removing file tmp_5f/mbert_esde_dev_0_17.txt
00:36:56 - removing file tmp_5f/mbert_esde_dev_5_17.txt
00:36:56 - removing file tmp_5f/mbert_esde_dev_7_17.txt
00:36:56 - removing file tmp_5f/mbert_esde_dev_8_17.txt
00:36:56 - removing file tmp_5f/mbert_esde_dev_2_17.txt
00:36:56 - process[0]: evaluating epoch 17 on test ...
00:37:25 - test set during evaluation: 11710/11707
00:37:25 - process[0] - test - epoch 17 - mAP: 0.522 w/ 39 queries
00:37:25 - removing file tmp_5f/mbert_esde_test_9_17.txt
00:37:25 - removing file tmp_5f/mbert_esde_test_2_17.txt
00:37:25 - removing file tmp_5f/mbert_esde_test_8_17.txt
00:37:25 - removing file tmp_5f/mbert_esde_test_1_17.txt
00:37:25 - removing file tmp_5f/mbert_esde_test_6_17.txt
00:37:25 - removing file tmp_5f/mbert_esde_test_5_17.txt
00:37:25 - removing file tmp_5f/mbert_esde_test_3_17.txt
00:37:25 - removing file tmp_5f/mbert_esde_test_4_17.txt
00:37:25 - removing file tmp_5f/mbert_esde_test_7_17.txt
00:37:25 - removing file tmp_5f/mbert_esde_test_0_17.txt
00:37:25 - process[0]: training epoch 18 ...
00:37:40 - process[0] - epoch 18 - train iter 360 - 18228.9 words/s - loss: 0.4112
00:37:40 - process[0]: evaluating epoch 18 on dev ...
00:38:17 - dev set during evaluation: 14340/14338
00:38:17 - process[0] - dev - epoch 18 - mAP: 0.495 w/ 39 queries
00:38:17 - removing file tmp_5f/mbert_esde_dev_3_18.txt
00:38:17 - removing file tmp_5f/mbert_esde_dev_8_18.txt
00:38:17 - removing file tmp_5f/mbert_esde_dev_7_18.txt
00:38:17 - removing file tmp_5f/mbert_esde_dev_2_18.txt
00:38:17 - removing file tmp_5f/mbert_esde_dev_0_18.txt
00:38:17 - removing file tmp_5f/mbert_esde_dev_9_18.txt
00:38:17 - removing file tmp_5f/mbert_esde_dev_5_18.txt
00:38:17 - removing file tmp_5f/mbert_esde_dev_4_18.txt
00:38:17 - removing file tmp_5f/mbert_esde_dev_1_18.txt
00:38:17 - removing file tmp_5f/mbert_esde_dev_6_18.txt
00:38:17 - process[0]: evaluating epoch 18 on test ...
00:38:46 - test set during evaluation: 11710/11707
00:38:46 - process[0] - test - epoch 18 - mAP: 0.502 w/ 39 queries
00:38:46 - removing file tmp_5f/mbert_esde_test_1_18.txt
00:38:46 - removing file tmp_5f/mbert_esde_test_2_18.txt
00:38:46 - removing file tmp_5f/mbert_esde_test_9_18.txt
00:38:46 - removing file tmp_5f/mbert_esde_test_3_18.txt
00:38:46 - removing file tmp_5f/mbert_esde_test_4_18.txt
00:38:46 - removing file tmp_5f/mbert_esde_test_5_18.txt
00:38:46 - removing file tmp_5f/mbert_esde_test_0_18.txt
00:38:46 - removing file tmp_5f/mbert_esde_test_7_18.txt
00:38:46 - removing file tmp_5f/mbert_esde_test_6_18.txt
00:38:46 - removing file tmp_5f/mbert_esde_test_8_18.txt
00:38:46 - process[0]: training epoch 19 ...
00:39:05 - process[0] - epoch 19 - train iter 360 - 14877.8 words/s - loss: 0.3764
00:39:05 - process[0]: evaluating epoch 19 on dev ...
00:39:38 - dev set during evaluation: 14340/14338
00:39:38 - process[0] - dev - epoch 19 - mAP: 0.485 w/ 39 queries
00:39:38 - removing file tmp_5f/mbert_esde_dev_6_19.txt
00:39:38 - removing file tmp_5f/mbert_esde_dev_5_19.txt
00:39:38 - removing file tmp_5f/mbert_esde_dev_1_19.txt
00:39:38 - removing file tmp_5f/mbert_esde_dev_4_19.txt
00:39:38 - removing file tmp_5f/mbert_esde_dev_2_19.txt
00:39:38 - removing file tmp_5f/mbert_esde_dev_3_19.txt
00:39:38 - removing file tmp_5f/mbert_esde_dev_8_19.txt
00:39:38 - removing file tmp_5f/mbert_esde_dev_0_19.txt
00:39:38 - removing file tmp_5f/mbert_esde_dev_9_19.txt
00:39:38 - removing file tmp_5f/mbert_esde_dev_7_19.txt
00:39:38 - [fold 3] best test MAP: 0.502 @ epoch 18
00:39:38 - Evaluating every 1 epochs ...
00:39:38 - reading data from /mnt/home/puxuan/CLIR-project/Evaluation_data/process-clef/uncased
00:39:39 - test has 38 queries ...
00:39:39 - Data reading done ...
00:39:41 - adding 9-th encoder to optimizer...
00:39:41 - adding 10-th encoder to optimizer...
00:39:41 - adding 11-th encoder to optimizer...
00:39:41 - process[0]: training epoch 0 ...
00:39:59 - process[0] - epoch 0 - train iter 404 - 18296.5 words/s - loss: 0.6581
00:39:59 - process[0]: training epoch 1 ...
00:40:17 - process[0] - epoch 1 - train iter 404 - 17533.5 words/s - loss: 0.5642
00:40:17 - process[0]: training epoch 2 ...
00:40:35 - process[0] - epoch 2 - train iter 404 - 18326.5 words/s - loss: 0.5310
00:40:35 - process[0]: training epoch 3 ...
00:40:53 - process[0] - epoch 3 - train iter 404 - 17761.6 words/s - loss: 0.5017
00:40:53 - process[0]: training epoch 4 ...
00:41:12 - process[0] - epoch 4 - train iter 404 - 16986.1 words/s - loss: 0.4782
00:41:12 - process[0]: training epoch 5 ...
00:41:31 - process[0] - epoch 5 - train iter 404 - 16611.9 words/s - loss: 0.4528
00:41:31 - process[0]: training epoch 6 ...
00:41:48 - process[0] - epoch 6 - train iter 404 - 19064.8 words/s - loss: 0.4606
00:41:48 - process[0]: training epoch 7 ...
00:42:07 - process[0] - epoch 7 - train iter 404 - 16634.7 words/s - loss: 0.4337
00:42:07 - process[0]: training epoch 8 ...
00:42:27 - process[0] - epoch 8 - train iter 404 - 16963.1 words/s - loss: 0.4360
00:42:27 - process[0]: training epoch 9 ...
00:42:45 - process[0] - epoch 9 - train iter 404 - 16967.3 words/s - loss: 0.4226
00:42:45 - process[0]: training epoch 10 ...
00:43:03 - process[0] - epoch 10 - train iter 404 - 18770.2 words/s - loss: 0.4405
00:43:03 - process[0]: evaluating epoch 10 on dev ...
00:43:28 - dev set during evaluation: 11710/11707
00:43:28 - process[0] - dev - epoch 10 - mAP: 0.497 w/ 39 queries
00:43:28 - removing file tmp_5f/mbert_esde_dev_2_10.txt
00:43:28 - removing file tmp_5f/mbert_esde_dev_0_10.txt
00:43:28 - removing file tmp_5f/mbert_esde_dev_7_10.txt
00:43:28 - removing file tmp_5f/mbert_esde_dev_4_10.txt
00:43:28 - removing file tmp_5f/mbert_esde_dev_6_10.txt
00:43:28 - removing file tmp_5f/mbert_esde_dev_3_10.txt
00:43:28 - removing file tmp_5f/mbert_esde_dev_8_10.txt
00:43:28 - removing file tmp_5f/mbert_esde_dev_1_10.txt
00:43:28 - removing file tmp_5f/mbert_esde_dev_9_10.txt
00:43:28 - removing file tmp_5f/mbert_esde_dev_5_10.txt
00:43:28 - process[0]: evaluating epoch 10 on test ...
00:43:57 - test set during evaluation: 13490/13483
00:43:57 - process[0] - test - epoch 10 - mAP: 0.459 w/ 38 queries
00:43:57 - removing file tmp_5f/mbert_esde_test_2_10.txt
00:43:57 - removing file tmp_5f/mbert_esde_test_5_10.txt
00:43:57 - removing file tmp_5f/mbert_esde_test_9_10.txt
00:43:57 - removing file tmp_5f/mbert_esde_test_7_10.txt
00:43:57 - removing file tmp_5f/mbert_esde_test_1_10.txt
00:43:57 - removing file tmp_5f/mbert_esde_test_0_10.txt
00:43:57 - removing file tmp_5f/mbert_esde_test_3_10.txt
00:43:57 - removing file tmp_5f/mbert_esde_test_4_10.txt
00:43:57 - removing file tmp_5f/mbert_esde_test_6_10.txt
00:43:57 - removing file tmp_5f/mbert_esde_test_8_10.txt
00:43:57 - process[0]: training epoch 11 ...
00:44:16 - process[0] - epoch 11 - train iter 404 - 17282.6 words/s - loss: 0.4342
00:44:16 - process[0]: evaluating epoch 11 on dev ...
00:44:43 - dev set during evaluation: 11710/11707
00:44:43 - process[0] - dev - epoch 11 - mAP: 0.486 w/ 39 queries
00:44:43 - removing file tmp_5f/mbert_esde_dev_5_11.txt
00:44:43 - removing file tmp_5f/mbert_esde_dev_1_11.txt
00:44:43 - removing file tmp_5f/mbert_esde_dev_0_11.txt
00:44:43 - removing file tmp_5f/mbert_esde_dev_8_11.txt
00:44:43 - removing file tmp_5f/mbert_esde_dev_9_11.txt
00:44:43 - removing file tmp_5f/mbert_esde_dev_4_11.txt
00:44:43 - removing file tmp_5f/mbert_esde_dev_2_11.txt
00:44:43 - removing file tmp_5f/mbert_esde_dev_6_11.txt
00:44:43 - removing file tmp_5f/mbert_esde_dev_7_11.txt
00:44:43 - removing file tmp_5f/mbert_esde_dev_3_11.txt
00:44:43 - process[0]: training epoch 12 ...
00:45:01 - process[0] - epoch 12 - train iter 404 - 18590.3 words/s - loss: 0.4142
00:45:01 - process[0]: evaluating epoch 12 on dev ...
00:45:29 - dev set during evaluation: 11710/11707
00:45:29 - process[0] - dev - epoch 12 - mAP: 0.496 w/ 39 queries
00:45:29 - removing file tmp_5f/mbert_esde_dev_8_12.txt
00:45:29 - removing file tmp_5f/mbert_esde_dev_3_12.txt
00:45:29 - removing file tmp_5f/mbert_esde_dev_4_12.txt
00:45:29 - removing file tmp_5f/mbert_esde_dev_1_12.txt
00:45:29 - removing file tmp_5f/mbert_esde_dev_5_12.txt
00:45:29 - removing file tmp_5f/mbert_esde_dev_9_12.txt
00:45:29 - removing file tmp_5f/mbert_esde_dev_0_12.txt
00:45:29 - removing file tmp_5f/mbert_esde_dev_7_12.txt
00:45:29 - removing file tmp_5f/mbert_esde_dev_2_12.txt
00:45:29 - removing file tmp_5f/mbert_esde_dev_6_12.txt
00:45:29 - process[0]: training epoch 13 ...
00:45:48 - process[0] - epoch 13 - train iter 404 - 17288.7 words/s - loss: 0.3808
00:45:48 - process[0]: evaluating epoch 13 on dev ...
00:46:14 - dev set during evaluation: 11710/11707
00:46:14 - process[0] - dev - epoch 13 - mAP: 0.509 w/ 39 queries
00:46:14 - removing file tmp_5f/mbert_esde_dev_9_13.txt
00:46:14 - removing file tmp_5f/mbert_esde_dev_4_13.txt
00:46:14 - removing file tmp_5f/mbert_esde_dev_5_13.txt
00:46:14 - removing file tmp_5f/mbert_esde_dev_6_13.txt
00:46:14 - removing file tmp_5f/mbert_esde_dev_3_13.txt
00:46:14 - removing file tmp_5f/mbert_esde_dev_2_13.txt
00:46:14 - removing file tmp_5f/mbert_esde_dev_0_13.txt
00:46:14 - removing file tmp_5f/mbert_esde_dev_7_13.txt
00:46:14 - removing file tmp_5f/mbert_esde_dev_8_13.txt
00:46:14 - removing file tmp_5f/mbert_esde_dev_1_13.txt
00:46:14 - process[0]: evaluating epoch 13 on test ...
00:46:42 - test set during evaluation: 13490/13483
00:46:42 - process[0] - test - epoch 13 - mAP: 0.482 w/ 38 queries
00:46:42 - removing file tmp_5f/mbert_esde_test_3_13.txt
00:46:42 - removing file tmp_5f/mbert_esde_test_7_13.txt
00:46:42 - removing file tmp_5f/mbert_esde_test_6_13.txt
00:46:42 - removing file tmp_5f/mbert_esde_test_0_13.txt
00:46:42 - removing file tmp_5f/mbert_esde_test_2_13.txt
00:46:42 - removing file tmp_5f/mbert_esde_test_1_13.txt
00:46:42 - removing file tmp_5f/mbert_esde_test_9_13.txt
00:46:42 - removing file tmp_5f/mbert_esde_test_5_13.txt
00:46:42 - removing file tmp_5f/mbert_esde_test_4_13.txt
00:46:42 - removing file tmp_5f/mbert_esde_test_8_13.txt
00:46:42 - process[0]: training epoch 14 ...
00:46:59 - process[0] - epoch 14 - train iter 404 - 18434.7 words/s - loss: 0.3797
00:46:59 - process[0]: evaluating epoch 14 on dev ...
00:47:28 - dev set during evaluation: 11710/11707
00:47:28 - process[0] - dev - epoch 14 - mAP: 0.512 w/ 39 queries
00:47:28 - removing file tmp_5f/mbert_esde_dev_0_14.txt
00:47:28 - removing file tmp_5f/mbert_esde_dev_3_14.txt
00:47:28 - removing file tmp_5f/mbert_esde_dev_2_14.txt
00:47:28 - removing file tmp_5f/mbert_esde_dev_1_14.txt
00:47:28 - removing file tmp_5f/mbert_esde_dev_8_14.txt
00:47:28 - removing file tmp_5f/mbert_esde_dev_6_14.txt
00:47:28 - removing file tmp_5f/mbert_esde_dev_7_14.txt
00:47:28 - removing file tmp_5f/mbert_esde_dev_4_14.txt
00:47:28 - removing file tmp_5f/mbert_esde_dev_5_14.txt
00:47:28 - removing file tmp_5f/mbert_esde_dev_9_14.txt
00:47:28 - process[0]: evaluating epoch 14 on test ...
00:47:55 - test set during evaluation: 13490/13483
00:47:55 - process[0] - test - epoch 14 - mAP: 0.438 w/ 38 queries
00:47:55 - removing file tmp_5f/mbert_esde_test_1_14.txt
00:47:55 - removing file tmp_5f/mbert_esde_test_9_14.txt
00:47:55 - removing file tmp_5f/mbert_esde_test_5_14.txt
00:47:55 - removing file tmp_5f/mbert_esde_test_3_14.txt
00:47:55 - removing file tmp_5f/mbert_esde_test_7_14.txt
00:47:55 - removing file tmp_5f/mbert_esde_test_0_14.txt
00:47:55 - removing file tmp_5f/mbert_esde_test_4_14.txt
00:47:55 - removing file tmp_5f/mbert_esde_test_8_14.txt
00:47:55 - removing file tmp_5f/mbert_esde_test_2_14.txt
00:47:55 - removing file tmp_5f/mbert_esde_test_6_14.txt
00:47:55 - process[0]: training epoch 15 ...
00:48:12 - process[0] - epoch 15 - train iter 404 - 19178.5 words/s - loss: 0.3786
00:48:12 - process[0]: evaluating epoch 15 on dev ...
00:48:41 - dev set during evaluation: 11710/11707
00:48:41 - process[0] - dev - epoch 15 - mAP: 0.522 w/ 39 queries
00:48:41 - removing file tmp_5f/mbert_esde_dev_8_15.txt
00:48:41 - removing file tmp_5f/mbert_esde_dev_7_15.txt
00:48:41 - removing file tmp_5f/mbert_esde_dev_9_15.txt
00:48:41 - removing file tmp_5f/mbert_esde_dev_1_15.txt
00:48:41 - removing file tmp_5f/mbert_esde_dev_4_15.txt
00:48:41 - removing file tmp_5f/mbert_esde_dev_6_15.txt
00:48:41 - removing file tmp_5f/mbert_esde_dev_5_15.txt
00:48:41 - removing file tmp_5f/mbert_esde_dev_0_15.txt
00:48:41 - removing file tmp_5f/mbert_esde_dev_2_15.txt
00:48:41 - removing file tmp_5f/mbert_esde_dev_3_15.txt
00:48:41 - process[0]: evaluating epoch 15 on test ...
00:49:08 - test set during evaluation: 13490/13483
00:49:08 - process[0] - test - epoch 15 - mAP: 0.473 w/ 38 queries
00:49:08 - removing file tmp_5f/mbert_esde_test_3_15.txt
00:49:08 - removing file tmp_5f/mbert_esde_test_8_15.txt
00:49:08 - removing file tmp_5f/mbert_esde_test_4_15.txt
00:49:08 - removing file tmp_5f/mbert_esde_test_0_15.txt
00:49:08 - removing file tmp_5f/mbert_esde_test_1_15.txt
00:49:08 - removing file tmp_5f/mbert_esde_test_7_15.txt
00:49:08 - removing file tmp_5f/mbert_esde_test_6_15.txt
00:49:08 - removing file tmp_5f/mbert_esde_test_9_15.txt
00:49:08 - removing file tmp_5f/mbert_esde_test_2_15.txt
00:49:08 - removing file tmp_5f/mbert_esde_test_5_15.txt
00:49:08 - process[0]: training epoch 16 ...
00:49:26 - process[0] - epoch 16 - train iter 404 - 18268.6 words/s - loss: 0.3719
00:49:26 - process[0]: evaluating epoch 16 on dev ...
00:49:53 - dev set during evaluation: 11710/11707
00:49:53 - process[0] - dev - epoch 16 - mAP: 0.499 w/ 39 queries
00:49:53 - removing file tmp_5f/mbert_esde_dev_6_16.txt
00:49:53 - removing file tmp_5f/mbert_esde_dev_4_16.txt
00:49:53 - removing file tmp_5f/mbert_esde_dev_1_16.txt
00:49:53 - removing file tmp_5f/mbert_esde_dev_2_16.txt
00:49:53 - removing file tmp_5f/mbert_esde_dev_8_16.txt
00:49:53 - removing file tmp_5f/mbert_esde_dev_9_16.txt
00:49:53 - removing file tmp_5f/mbert_esde_dev_7_16.txt
00:49:53 - removing file tmp_5f/mbert_esde_dev_5_16.txt
00:49:53 - removing file tmp_5f/mbert_esde_dev_0_16.txt
00:49:53 - removing file tmp_5f/mbert_esde_dev_3_16.txt
00:49:53 - process[0]: training epoch 17 ...
00:50:12 - process[0] - epoch 17 - train iter 404 - 17290.5 words/s - loss: 0.3823
00:50:12 - process[0]: evaluating epoch 17 on dev ...
00:50:41 - dev set during evaluation: 11710/11707
00:50:41 - process[0] - dev - epoch 17 - mAP: 0.519 w/ 39 queries
00:50:41 - removing file tmp_5f/mbert_esde_dev_3_17.txt
00:50:41 - removing file tmp_5f/mbert_esde_dev_4_17.txt
00:50:41 - removing file tmp_5f/mbert_esde_dev_9_17.txt
00:50:41 - removing file tmp_5f/mbert_esde_dev_6_17.txt
00:50:41 - removing file tmp_5f/mbert_esde_dev_1_17.txt
00:50:41 - removing file tmp_5f/mbert_esde_dev_0_17.txt
00:50:41 - removing file tmp_5f/mbert_esde_dev_5_17.txt
00:50:41 - removing file tmp_5f/mbert_esde_dev_7_17.txt
00:50:41 - removing file tmp_5f/mbert_esde_dev_8_17.txt
00:50:41 - removing file tmp_5f/mbert_esde_dev_2_17.txt
00:50:41 - process[0]: training epoch 18 ...
00:50:58 - process[0] - epoch 18 - train iter 404 - 18924.7 words/s - loss: 0.3726
00:50:58 - process[0]: evaluating epoch 18 on dev ...
00:51:26 - dev set during evaluation: 11710/11707
00:51:26 - process[0] - dev - epoch 18 - mAP: 0.509 w/ 39 queries
00:51:26 - removing file tmp_5f/mbert_esde_dev_3_18.txt
00:51:26 - removing file tmp_5f/mbert_esde_dev_8_18.txt
00:51:26 - removing file tmp_5f/mbert_esde_dev_7_18.txt
00:51:26 - removing file tmp_5f/mbert_esde_dev_2_18.txt
00:51:26 - removing file tmp_5f/mbert_esde_dev_0_18.txt
00:51:26 - removing file tmp_5f/mbert_esde_dev_9_18.txt
00:51:26 - removing file tmp_5f/mbert_esde_dev_5_18.txt
00:51:26 - removing file tmp_5f/mbert_esde_dev_4_18.txt
00:51:26 - removing file tmp_5f/mbert_esde_dev_1_18.txt
00:51:26 - removing file tmp_5f/mbert_esde_dev_6_18.txt
00:51:26 - process[0]: training epoch 19 ...
00:51:43 - process[0] - epoch 19 - train iter 404 - 18878.6 words/s - loss: 0.3785
00:51:43 - process[0]: evaluating epoch 19 on dev ...
00:52:11 - dev set during evaluation: 11710/11707
00:52:11 - process[0] - dev - epoch 19 - mAP: 0.514 w/ 39 queries
00:52:11 - removing file tmp_5f/mbert_esde_dev_6_19.txt
00:52:11 - removing file tmp_5f/mbert_esde_dev_5_19.txt
00:52:11 - removing file tmp_5f/mbert_esde_dev_1_19.txt
00:52:11 - removing file tmp_5f/mbert_esde_dev_4_19.txt
00:52:11 - removing file tmp_5f/mbert_esde_dev_2_19.txt
00:52:11 - removing file tmp_5f/mbert_esde_dev_3_19.txt
00:52:11 - removing file tmp_5f/mbert_esde_dev_8_19.txt
00:52:11 - removing file tmp_5f/mbert_esde_dev_0_19.txt
00:52:11 - removing file tmp_5f/mbert_esde_dev_9_19.txt
00:52:11 - removing file tmp_5f/mbert_esde_dev_7_19.txt
00:52:11 - [fold 4] best test MAP: 0.473 @ epoch 15
00:52:11 - Evaluating every 1 epochs ...
00:52:11 - reading data from /mnt/home/puxuan/CLIR-project/Evaluation_data/process-clef/uncased
00:52:12 - test has 38 queries ...
00:52:12 - Data reading done ...
00:52:13 - adding 9-th encoder to optimizer...
00:52:13 - adding 10-th encoder to optimizer...
00:52:13 - adding 11-th encoder to optimizer...
00:52:14 - process[0]: training epoch 0 ...
00:52:33 - process[0] - epoch 0 - train iter 444 - 18305.5 words/s - loss: 0.6599
00:52:33 - process[0]: training epoch 1 ...
00:52:49 - process[0] - epoch 1 - train iter 444 - 20973.7 words/s - loss: 0.5947
00:52:49 - process[0]: training epoch 2 ...
00:53:08 - process[0] - epoch 2 - train iter 444 - 18878.7 words/s - loss: 0.5291
00:53:08 - process[0]: training epoch 3 ...
00:53:26 - process[0] - epoch 3 - train iter 444 - 19526.7 words/s - loss: 0.5062
00:53:26 - process[0]: training epoch 4 ...
00:53:45 - process[0] - epoch 4 - train iter 444 - 19240.9 words/s - loss: 0.5094
00:53:45 - process[0]: training epoch 5 ...
00:54:04 - process[0] - epoch 5 - train iter 444 - 18389.1 words/s - loss: 0.4666
00:54:04 - process[0]: training epoch 6 ...
00:54:23 - process[0] - epoch 6 - train iter 444 - 19110.0 words/s - loss: 0.4705
00:54:23 - process[0]: training epoch 7 ...
00:54:41 - process[0] - epoch 7 - train iter 444 - 18839.7 words/s - loss: 0.4454
00:54:41 - process[0]: training epoch 8 ...
00:55:00 - process[0] - epoch 8 - train iter 444 - 18645.4 words/s - loss: 0.4413
00:55:00 - process[0]: training epoch 9 ...
00:55:18 - process[0] - epoch 9 - train iter 444 - 20293.9 words/s - loss: 0.4464
00:55:18 - process[0]: training epoch 10 ...
00:55:37 - process[0] - epoch 10 - train iter 444 - 18527.2 words/s - loss: 0.4534
00:55:37 - process[0]: evaluating epoch 10 on dev ...
00:56:10 - dev set during evaluation: 13490/13483
00:56:10 - process[0] - dev - epoch 10 - mAP: 0.432 w/ 38 queries
00:56:10 - removing file tmp_5f/mbert_esde_dev_2_10.txt
00:56:10 - removing file tmp_5f/mbert_esde_dev_0_10.txt
00:56:10 - removing file tmp_5f/mbert_esde_dev_7_10.txt
00:56:10 - removing file tmp_5f/mbert_esde_dev_4_10.txt
00:56:10 - removing file tmp_5f/mbert_esde_dev_6_10.txt
00:56:10 - removing file tmp_5f/mbert_esde_dev_3_10.txt
00:56:10 - removing file tmp_5f/mbert_esde_dev_8_10.txt
00:56:10 - removing file tmp_5f/mbert_esde_dev_1_10.txt
00:56:10 - removing file tmp_5f/mbert_esde_dev_9_10.txt
00:56:10 - removing file tmp_5f/mbert_esde_dev_5_10.txt
00:56:10 - process[0]: evaluating epoch 10 on test ...
00:56:43 - test set during evaluation: 13890/13887
00:56:43 - process[0] - test - epoch 10 - mAP: 0.482 w/ 38 queries
00:56:43 - removing file tmp_5f/mbert_esde_test_2_10.txt
00:56:43 - removing file tmp_5f/mbert_esde_test_5_10.txt
00:56:43 - removing file tmp_5f/mbert_esde_test_9_10.txt
00:56:43 - removing file tmp_5f/mbert_esde_test_7_10.txt
00:56:43 - removing file tmp_5f/mbert_esde_test_1_10.txt
00:56:43 - removing file tmp_5f/mbert_esde_test_0_10.txt
00:56:43 - removing file tmp_5f/mbert_esde_test_3_10.txt
00:56:43 - removing file tmp_5f/mbert_esde_test_4_10.txt
00:56:43 - removing file tmp_5f/mbert_esde_test_6_10.txt
00:56:43 - removing file tmp_5f/mbert_esde_test_8_10.txt
00:56:43 - process[0]: training epoch 11 ...
00:57:03 - process[0] - epoch 11 - train iter 444 - 18686.0 words/s - loss: 0.4024
00:57:03 - process[0]: evaluating epoch 11 on dev ...
00:57:31 - dev set during evaluation: 13490/13483
00:57:31 - process[0] - dev - epoch 11 - mAP: 0.464 w/ 38 queries
00:57:31 - removing file tmp_5f/mbert_esde_dev_5_11.txt
00:57:31 - removing file tmp_5f/mbert_esde_dev_1_11.txt
00:57:31 - removing file tmp_5f/mbert_esde_dev_0_11.txt
00:57:31 - removing file tmp_5f/mbert_esde_dev_8_11.txt
00:57:31 - removing file tmp_5f/mbert_esde_dev_9_11.txt
00:57:31 - removing file tmp_5f/mbert_esde_dev_4_11.txt
00:57:31 - removing file tmp_5f/mbert_esde_dev_2_11.txt
00:57:31 - removing file tmp_5f/mbert_esde_dev_6_11.txt
00:57:31 - removing file tmp_5f/mbert_esde_dev_7_11.txt
00:57:31 - removing file tmp_5f/mbert_esde_dev_3_11.txt
00:57:31 - process[0]: evaluating epoch 11 on test ...
00:58:04 - test set during evaluation: 13890/13887
00:58:04 - process[0] - test - epoch 11 - mAP: 0.481 w/ 38 queries
00:58:04 - removing file tmp_5f/mbert_esde_test_7_11.txt
00:58:04 - removing file tmp_5f/mbert_esde_test_1_11.txt
00:58:04 - removing file tmp_5f/mbert_esde_test_8_11.txt
00:58:04 - removing file tmp_5f/mbert_esde_test_0_11.txt
00:58:04 - removing file tmp_5f/mbert_esde_test_5_11.txt
00:58:04 - removing file tmp_5f/mbert_esde_test_3_11.txt
00:58:04 - removing file tmp_5f/mbert_esde_test_4_11.txt
00:58:04 - removing file tmp_5f/mbert_esde_test_2_11.txt
00:58:04 - removing file tmp_5f/mbert_esde_test_6_11.txt
00:58:04 - removing file tmp_5f/mbert_esde_test_9_11.txt
00:58:04 - process[0]: training epoch 12 ...
00:58:25 - process[0] - epoch 12 - train iter 444 - 17728.3 words/s - loss: 0.4189
00:58:25 - process[0]: evaluating epoch 12 on dev ...
00:58:51 - dev set during evaluation: 13490/13483
00:58:51 - process[0] - dev - epoch 12 - mAP: 0.464 w/ 38 queries
00:58:51 - removing file tmp_5f/mbert_esde_dev_8_12.txt
00:58:51 - removing file tmp_5f/mbert_esde_dev_3_12.txt
00:58:51 - removing file tmp_5f/mbert_esde_dev_4_12.txt
00:58:51 - removing file tmp_5f/mbert_esde_dev_1_12.txt
00:58:51 - removing file tmp_5f/mbert_esde_dev_5_12.txt
00:58:51 - removing file tmp_5f/mbert_esde_dev_9_12.txt
00:58:51 - removing file tmp_5f/mbert_esde_dev_0_12.txt
00:58:51 - removing file tmp_5f/mbert_esde_dev_7_12.txt
00:58:51 - removing file tmp_5f/mbert_esde_dev_2_12.txt
00:58:51 - removing file tmp_5f/mbert_esde_dev_6_12.txt
00:58:51 - process[0]: evaluating epoch 12 on test ...
00:59:25 - test set during evaluation: 13890/13887
00:59:25 - process[0] - test - epoch 12 - mAP: 0.493 w/ 38 queries
00:59:25 - removing file tmp_5f/mbert_esde_test_2_12.txt
00:59:25 - removing file tmp_5f/mbert_esde_test_0_12.txt
00:59:25 - removing file tmp_5f/mbert_esde_test_7_12.txt
00:59:25 - removing file tmp_5f/mbert_esde_test_8_12.txt
00:59:25 - removing file tmp_5f/mbert_esde_test_3_12.txt
00:59:25 - removing file tmp_5f/mbert_esde_test_1_12.txt
00:59:25 - removing file tmp_5f/mbert_esde_test_5_12.txt
00:59:25 - removing file tmp_5f/mbert_esde_test_6_12.txt
00:59:25 - removing file tmp_5f/mbert_esde_test_9_12.txt
00:59:25 - removing file tmp_5f/mbert_esde_test_4_12.txt
00:59:25 - process[0]: training epoch 13 ...
00:59:44 - process[0] - epoch 13 - train iter 444 - 18716.7 words/s - loss: 0.4002
00:59:44 - process[0]: evaluating epoch 13 on dev ...
01:00:11 - dev set during evaluation: 13490/13483
01:00:11 - process[0] - dev - epoch 13 - mAP: 0.465 w/ 38 queries
01:00:11 - removing file tmp_5f/mbert_esde_dev_9_13.txt
01:00:11 - removing file tmp_5f/mbert_esde_dev_4_13.txt
01:00:11 - removing file tmp_5f/mbert_esde_dev_5_13.txt
01:00:11 - removing file tmp_5f/mbert_esde_dev_6_13.txt
01:00:11 - removing file tmp_5f/mbert_esde_dev_3_13.txt
01:00:11 - removing file tmp_5f/mbert_esde_dev_2_13.txt
01:00:11 - removing file tmp_5f/mbert_esde_dev_0_13.txt
01:00:11 - removing file tmp_5f/mbert_esde_dev_7_13.txt
01:00:11 - removing file tmp_5f/mbert_esde_dev_8_13.txt
01:00:11 - removing file tmp_5f/mbert_esde_dev_1_13.txt
01:00:11 - process[0]: evaluating epoch 13 on test ...
01:00:44 - test set during evaluation: 13890/13887
01:00:44 - process[0] - test - epoch 13 - mAP: 0.481 w/ 38 queries
01:00:44 - removing file tmp_5f/mbert_esde_test_3_13.txt
01:00:44 - removing file tmp_5f/mbert_esde_test_7_13.txt
01:00:44 - removing file tmp_5f/mbert_esde_test_6_13.txt
01:00:44 - removing file tmp_5f/mbert_esde_test_0_13.txt
01:00:44 - removing file tmp_5f/mbert_esde_test_2_13.txt
01:00:44 - removing file tmp_5f/mbert_esde_test_1_13.txt
01:00:44 - removing file tmp_5f/mbert_esde_test_9_13.txt
01:00:44 - removing file tmp_5f/mbert_esde_test_5_13.txt
01:00:44 - removing file tmp_5f/mbert_esde_test_4_13.txt
01:00:44 - removing file tmp_5f/mbert_esde_test_8_13.txt
01:00:44 - process[0]: training epoch 14 ...
01:01:02 - process[0] - epoch 14 - train iter 444 - 19011.7 words/s - loss: 0.3665
01:01:02 - process[0]: evaluating epoch 14 on dev ...
01:01:32 - dev set during evaluation: 13490/13483
01:01:32 - process[0] - dev - epoch 14 - mAP: 0.456 w/ 38 queries
01:01:32 - removing file tmp_5f/mbert_esde_dev_0_14.txt
01:01:32 - removing file tmp_5f/mbert_esde_dev_3_14.txt
01:01:32 - removing file tmp_5f/mbert_esde_dev_2_14.txt
01:01:32 - removing file tmp_5f/mbert_esde_dev_1_14.txt
01:01:32 - removing file tmp_5f/mbert_esde_dev_8_14.txt
01:01:32 - removing file tmp_5f/mbert_esde_dev_6_14.txt
01:01:32 - removing file tmp_5f/mbert_esde_dev_7_14.txt
01:01:32 - removing file tmp_5f/mbert_esde_dev_4_14.txt
01:01:32 - removing file tmp_5f/mbert_esde_dev_5_14.txt
01:01:32 - removing file tmp_5f/mbert_esde_dev_9_14.txt
01:01:32 - process[0]: training epoch 15 ...
01:01:49 - process[0] - epoch 15 - train iter 444 - 20319.3 words/s - loss: 0.4009
01:01:49 - process[0]: evaluating epoch 15 on dev ...
01:02:18 - dev set during evaluation: 13490/13483
01:02:18 - process[0] - dev - epoch 15 - mAP: 0.441 w/ 38 queries
01:02:18 - removing file tmp_5f/mbert_esde_dev_8_15.txt
01:02:18 - removing file tmp_5f/mbert_esde_dev_7_15.txt
01:02:18 - removing file tmp_5f/mbert_esde_dev_9_15.txt
01:02:18 - removing file tmp_5f/mbert_esde_dev_1_15.txt
01:02:18 - removing file tmp_5f/mbert_esde_dev_4_15.txt
01:02:18 - removing file tmp_5f/mbert_esde_dev_6_15.txt
01:02:18 - removing file tmp_5f/mbert_esde_dev_5_15.txt
01:02:18 - removing file tmp_5f/mbert_esde_dev_0_15.txt
01:02:18 - removing file tmp_5f/mbert_esde_dev_2_15.txt
01:02:18 - removing file tmp_5f/mbert_esde_dev_3_15.txt
01:02:18 - process[0]: training epoch 16 ...
01:02:39 - process[0] - epoch 16 - train iter 444 - 17032.2 words/s - loss: 0.4205
01:02:39 - process[0]: evaluating epoch 16 on dev ...
01:03:05 - dev set during evaluation: 13490/13483
01:03:05 - process[0] - dev - epoch 16 - mAP: 0.433 w/ 38 queries
01:03:05 - removing file tmp_5f/mbert_esde_dev_6_16.txt
01:03:05 - removing file tmp_5f/mbert_esde_dev_4_16.txt
01:03:05 - removing file tmp_5f/mbert_esde_dev_1_16.txt
01:03:05 - removing file tmp_5f/mbert_esde_dev_2_16.txt
01:03:05 - removing file tmp_5f/mbert_esde_dev_8_16.txt
01:03:05 - removing file tmp_5f/mbert_esde_dev_9_16.txt
01:03:05 - removing file tmp_5f/mbert_esde_dev_7_16.txt
01:03:05 - removing file tmp_5f/mbert_esde_dev_5_16.txt
01:03:05 - removing file tmp_5f/mbert_esde_dev_0_16.txt
01:03:05 - removing file tmp_5f/mbert_esde_dev_3_16.txt
01:03:05 - process[0]: training epoch 17 ...
01:03:23 - process[0] - epoch 17 - train iter 444 - 19458.8 words/s - loss: 0.4090
01:03:23 - process[0]: evaluating epoch 17 on dev ...
01:03:52 - dev set during evaluation: 13490/13483
01:03:52 - process[0] - dev - epoch 17 - mAP: 0.453 w/ 38 queries
01:03:52 - removing file tmp_5f/mbert_esde_dev_3_17.txt
01:03:52 - removing file tmp_5f/mbert_esde_dev_4_17.txt
01:03:52 - removing file tmp_5f/mbert_esde_dev_9_17.txt
01:03:52 - removing file tmp_5f/mbert_esde_dev_6_17.txt
01:03:52 - removing file tmp_5f/mbert_esde_dev_1_17.txt
01:03:52 - removing file tmp_5f/mbert_esde_dev_0_17.txt
01:03:52 - removing file tmp_5f/mbert_esde_dev_5_17.txt
01:03:52 - removing file tmp_5f/mbert_esde_dev_7_17.txt
01:03:52 - removing file tmp_5f/mbert_esde_dev_8_17.txt
01:03:52 - removing file tmp_5f/mbert_esde_dev_2_17.txt
01:03:52 - process[0]: training epoch 18 ...
01:04:11 - process[0] - epoch 18 - train iter 444 - 18826.8 words/s - loss: 0.3472
01:04:11 - process[0]: evaluating epoch 18 on dev ...
01:04:39 - dev set during evaluation: 13490/13483
01:04:39 - process[0] - dev - epoch 18 - mAP: 0.465 w/ 38 queries
01:04:39 - removing file tmp_5f/mbert_esde_dev_3_18.txt
01:04:39 - removing file tmp_5f/mbert_esde_dev_8_18.txt
01:04:39 - removing file tmp_5f/mbert_esde_dev_7_18.txt
01:04:39 - removing file tmp_5f/mbert_esde_dev_2_18.txt
01:04:39 - removing file tmp_5f/mbert_esde_dev_0_18.txt
01:04:39 - removing file tmp_5f/mbert_esde_dev_9_18.txt
01:04:39 - removing file tmp_5f/mbert_esde_dev_5_18.txt
01:04:39 - removing file tmp_5f/mbert_esde_dev_4_18.txt
01:04:39 - removing file tmp_5f/mbert_esde_dev_1_18.txt
01:04:39 - removing file tmp_5f/mbert_esde_dev_6_18.txt
01:04:39 - process[0]: training epoch 19 ...
01:04:57 - process[0] - epoch 19 - train iter 444 - 19344.8 words/s - loss: 0.3714
01:04:57 - process[0]: evaluating epoch 19 on dev ...
01:05:25 - dev set during evaluation: 13490/13483
01:05:25 - process[0] - dev - epoch 19 - mAP: 0.461 w/ 38 queries
01:05:25 - removing file tmp_5f/mbert_esde_dev_6_19.txt
01:05:25 - removing file tmp_5f/mbert_esde_dev_5_19.txt
01:05:25 - removing file tmp_5f/mbert_esde_dev_1_19.txt
01:05:25 - removing file tmp_5f/mbert_esde_dev_4_19.txt
01:05:25 - removing file tmp_5f/mbert_esde_dev_2_19.txt
01:05:25 - removing file tmp_5f/mbert_esde_dev_3_19.txt
01:05:25 - removing file tmp_5f/mbert_esde_dev_8_19.txt
01:05:25 - removing file tmp_5f/mbert_esde_dev_0_19.txt
01:05:26 - removing file tmp_5f/mbert_esde_dev_9_19.txt
01:05:26 - removing file tmp_5f/mbert_esde_dev_7_19.txt
01:05:26 - [fold 5] best test MAP: 0.481 @ epoch 13
01:05:26 - [0.40623229863122046, 0.46629539836945494, 0.5024940613844853, 0.4727780610653819, 0.48131826137661876]
01:05:26 - [38, 39, 39, 38, 38]
01:05:26 - final MAP: 0.466
