00:00:06 - Namespace(apex_level='O2', batch_size=8, cased=False, dataset='clef', debug=False, encoder_lr=2e-05, eval_step=1, full_doc_length=True, local_rank=3, model_path='/mnt/scratch/puxuan/short_qlm/2186735/huggingface-9', model_type='mbert', num_epochs=20, num_ft_encoders=3, num_neg=1, projector_lr=2e-05, seed=611, source_lang='en', target_lang='es')
00:00:14 - Evaluating every 1 epochs ...
00:00:14 - reading data from /mnt/home/puxuan/CLIR-project/Evaluation_data/process-clef/uncased
00:00:15 - test has 31 queries ...
00:00:15 - Data reading done ...
00:00:21 - adding 9-th encoder to optimizer...
00:00:21 - adding 10-th encoder to optimizer...
00:00:21 - adding 11-th encoder to optimizer...
00:00:22 - process[3]: training epoch 0 ...
00:00:39 - process[3] - epoch 0 - train iter 540 - 27010.1 words/s - loss: 0.6037
00:00:39 - process[3]: training epoch 1 ...
00:00:55 - process[3] - epoch 1 - train iter 540 - 28522.7 words/s - loss: 0.4678
00:00:55 - process[3]: training epoch 2 ...
00:01:11 - process[3] - epoch 2 - train iter 540 - 28501.0 words/s - loss: 0.4306
00:01:11 - process[3]: training epoch 3 ...
00:01:28 - process[3] - epoch 3 - train iter 540 - 28713.0 words/s - loss: 0.3992
00:01:28 - process[3]: training epoch 4 ...
00:01:44 - process[3] - epoch 4 - train iter 540 - 28401.9 words/s - loss: 0.3661
00:01:44 - process[3]: training epoch 5 ...
00:02:00 - process[3] - epoch 5 - train iter 540 - 28542.3 words/s - loss: 0.3849
00:02:00 - process[3]: training epoch 6 ...
00:02:17 - process[3] - epoch 6 - train iter 540 - 28255.4 words/s - loss: 0.3788
00:02:17 - process[3]: training epoch 7 ...
00:02:33 - process[3] - epoch 7 - train iter 540 - 28847.9 words/s - loss: 0.3443
00:02:33 - process[3]: training epoch 8 ...
00:02:49 - process[3] - epoch 8 - train iter 540 - 28724.5 words/s - loss: 0.3368
00:02:49 - process[3]: training epoch 9 ...
00:03:06 - process[3] - epoch 9 - train iter 540 - 28744.3 words/s - loss: 0.3384
00:03:06 - process[3]: training epoch 10 ...
00:03:22 - process[3] - epoch 10 - train iter 540 - 28728.3 words/s - loss: 0.3570
00:03:22 - process[3]: evaluating epoch 10 on dev ...
00:03:37 - process[3] - dev - epoch 10 - mAP: 0.504 w/ 31 queries
00:03:37 - process[3]: evaluating epoch 10 on test ...
00:03:51 - test set during evaluation: 11460/11458
00:03:51 - process[3] - test - epoch 10 - mAP: 0.515 w/ 31 queries
00:03:51 - process[3]: training epoch 11 ...
00:04:08 - process[3] - epoch 11 - train iter 540 - 28619.4 words/s - loss: 0.3149
00:04:08 - process[3]: evaluating epoch 11 on dev ...
00:04:21 - process[3] - dev - epoch 11 - mAP: 0.506 w/ 31 queries
00:04:21 - process[3]: evaluating epoch 11 on test ...
00:04:35 - test set during evaluation: 11460/11458
00:04:36 - process[3] - test - epoch 11 - mAP: 0.511 w/ 31 queries
00:04:36 - process[3]: training epoch 12 ...
00:04:52 - process[3] - epoch 12 - train iter 540 - 28915.6 words/s - loss: 0.3261
00:04:52 - process[3]: evaluating epoch 12 on dev ...
00:05:05 - process[3] - dev - epoch 12 - mAP: 0.504 w/ 31 queries
00:05:05 - process[3]: training epoch 13 ...
00:05:22 - process[3] - epoch 13 - train iter 540 - 28417.4 words/s - loss: 0.3271
00:05:22 - process[3]: evaluating epoch 13 on dev ...
00:05:35 - process[3] - dev - epoch 13 - mAP: 0.514 w/ 31 queries
00:05:35 - process[3]: evaluating epoch 13 on test ...
00:05:49 - test set during evaluation: 11460/11458
00:05:49 - process[3] - test - epoch 13 - mAP: 0.505 w/ 31 queries
00:05:49 - process[3]: training epoch 14 ...
00:06:06 - process[3] - epoch 14 - train iter 540 - 28529.3 words/s - loss: 0.3022
00:06:06 - process[3]: evaluating epoch 14 on dev ...
00:06:19 - process[3] - dev - epoch 14 - mAP: 0.503 w/ 31 queries
00:06:19 - process[3]: training epoch 15 ...
00:06:35 - process[3] - epoch 15 - train iter 540 - 28684.6 words/s - loss: 0.2812
00:06:35 - process[3]: evaluating epoch 15 on dev ...
00:06:49 - process[3] - dev - epoch 15 - mAP: 0.510 w/ 31 queries
00:06:49 - process[3]: training epoch 16 ...
00:07:05 - process[3] - epoch 16 - train iter 540 - 28646.5 words/s - loss: 0.2484
00:07:05 - process[3]: evaluating epoch 16 on dev ...
00:07:20 - process[3] - dev - epoch 16 - mAP: 0.508 w/ 31 queries
00:07:20 - process[3]: training epoch 17 ...
00:07:36 - process[3] - epoch 17 - train iter 540 - 28614.5 words/s - loss: 0.2866
00:07:36 - process[3]: evaluating epoch 17 on dev ...
00:07:50 - process[3] - dev - epoch 17 - mAP: 0.519 w/ 31 queries
00:07:50 - process[3]: evaluating epoch 17 on test ...
00:08:04 - test set during evaluation: 11460/11458
00:08:04 - process[3] - test - epoch 17 - mAP: 0.506 w/ 31 queries
00:08:04 - process[3]: training epoch 18 ...
00:08:20 - process[3] - epoch 18 - train iter 540 - 28569.6 words/s - loss: 0.3002
00:08:20 - process[3]: evaluating epoch 18 on dev ...
00:08:34 - process[3] - dev - epoch 18 - mAP: 0.496 w/ 31 queries
00:08:34 - process[3]: training epoch 19 ...
00:08:51 - process[3] - epoch 19 - train iter 540 - 28440.0 words/s - loss: 0.2623
00:08:51 - process[3]: evaluating epoch 19 on dev ...
00:09:05 - process[3] - dev - epoch 19 - mAP: 0.507 w/ 31 queries
00:09:05 - [fold 1] best test MAP: 0.506 @ epoch 17
00:09:05 - Evaluating every 1 epochs ...
00:09:05 - reading data from /mnt/home/puxuan/CLIR-project/Evaluation_data/process-clef/uncased
00:09:06 - test has 32 queries ...
00:09:06 - Data reading done ...
00:09:08 - adding 9-th encoder to optimizer...
00:09:08 - adding 10-th encoder to optimizer...
00:09:08 - adding 11-th encoder to optimizer...
00:09:08 - process[3]: training epoch 0 ...
00:09:24 - process[3] - epoch 0 - train iter 492 - 28027.4 words/s - loss: 0.5779
00:09:24 - process[3]: training epoch 1 ...
00:09:39 - process[3] - epoch 1 - train iter 492 - 28344.0 words/s - loss: 0.4946
00:09:39 - process[3]: training epoch 2 ...
00:09:54 - process[3] - epoch 2 - train iter 492 - 28316.8 words/s - loss: 0.4241
00:09:54 - process[3]: training epoch 3 ...
00:10:09 - process[3] - epoch 3 - train iter 492 - 28048.7 words/s - loss: 0.3951
00:10:09 - process[3]: training epoch 4 ...
00:10:24 - process[3] - epoch 4 - train iter 492 - 27648.1 words/s - loss: 0.3963
00:10:24 - process[3]: training epoch 5 ...
00:10:40 - process[3] - epoch 5 - train iter 492 - 27950.3 words/s - loss: 0.3773
00:10:40 - process[3]: training epoch 6 ...
00:10:55 - process[3] - epoch 6 - train iter 492 - 28064.8 words/s - loss: 0.3523
00:10:55 - process[3]: training epoch 7 ...
00:11:10 - process[3] - epoch 7 - train iter 492 - 28233.2 words/s - loss: 0.3554
00:11:10 - process[3]: training epoch 8 ...
00:11:25 - process[3] - epoch 8 - train iter 492 - 28078.7 words/s - loss: 0.3401
00:11:25 - process[3]: training epoch 9 ...
00:11:40 - process[3] - epoch 9 - train iter 492 - 28234.2 words/s - loss: 0.3491
00:11:40 - process[3]: training epoch 10 ...
00:11:55 - process[3] - epoch 10 - train iter 492 - 28188.8 words/s - loss: 0.3160
00:11:55 - process[3]: evaluating epoch 10 on dev ...
00:12:12 - dev set during evaluation: 11460/11458
00:12:12 - process[3] - dev - epoch 10 - mAP: 0.524 w/ 31 queries
00:12:12 - process[3]: evaluating epoch 10 on test ...
00:12:27 - process[3] - test - epoch 10 - mAP: 0.585 w/ 32 queries
00:12:27 - process[3]: training epoch 11 ...
00:12:42 - process[3] - epoch 11 - train iter 492 - 28127.9 words/s - loss: 0.3180
00:12:42 - process[3]: evaluating epoch 11 on dev ...
00:12:57 - dev set during evaluation: 11460/11458
00:12:57 - process[3] - dev - epoch 11 - mAP: 0.526 w/ 31 queries
00:12:57 - process[3]: evaluating epoch 11 on test ...
00:13:12 - process[3] - test - epoch 11 - mAP: 0.574 w/ 32 queries
00:13:12 - process[3]: training epoch 12 ...
00:13:27 - process[3] - epoch 12 - train iter 492 - 28348.9 words/s - loss: 0.2997
00:13:27 - process[3]: evaluating epoch 12 on dev ...
00:13:42 - dev set during evaluation: 11460/11458
00:13:42 - process[3] - dev - epoch 12 - mAP: 0.547 w/ 31 queries
00:13:42 - process[3]: evaluating epoch 12 on test ...
00:13:57 - process[3] - test - epoch 12 - mAP: 0.609 w/ 32 queries
00:13:57 - process[3]: training epoch 13 ...
00:14:12 - process[3] - epoch 13 - train iter 492 - 28632.9 words/s - loss: 0.3209
00:14:12 - process[3]: evaluating epoch 13 on dev ...
00:14:26 - dev set during evaluation: 11460/11458
00:14:26 - process[3] - dev - epoch 13 - mAP: 0.543 w/ 31 queries
00:14:26 - process[3]: training epoch 14 ...
00:14:41 - process[3] - epoch 14 - train iter 492 - 28464.9 words/s - loss: 0.3197
00:14:41 - process[3]: evaluating epoch 14 on dev ...
00:14:56 - dev set during evaluation: 11460/11458
00:14:56 - process[3] - dev - epoch 14 - mAP: 0.541 w/ 31 queries
00:14:56 - process[3]: training epoch 15 ...
00:15:11 - process[3] - epoch 15 - train iter 492 - 28623.7 words/s - loss: 0.3066
00:15:11 - process[3]: evaluating epoch 15 on dev ...
00:15:25 - dev set during evaluation: 11460/11458
00:15:25 - process[3] - dev - epoch 15 - mAP: 0.551 w/ 31 queries
00:15:25 - process[3]: evaluating epoch 15 on test ...
00:15:40 - process[3] - test - epoch 15 - mAP: 0.608 w/ 32 queries
00:15:40 - process[3]: training epoch 16 ...
00:15:55 - process[3] - epoch 16 - train iter 492 - 27841.8 words/s - loss: 0.3031
00:15:55 - process[3]: evaluating epoch 16 on dev ...
00:16:09 - dev set during evaluation: 11460/11458
00:16:09 - process[3] - dev - epoch 16 - mAP: 0.523 w/ 31 queries
00:16:09 - process[3]: training epoch 17 ...
00:16:24 - process[3] - epoch 17 - train iter 492 - 28461.2 words/s - loss: 0.2710
00:16:24 - process[3]: evaluating epoch 17 on dev ...
00:16:39 - dev set during evaluation: 11460/11458
00:16:39 - process[3] - dev - epoch 17 - mAP: 0.521 w/ 31 queries
00:16:39 - process[3]: training epoch 18 ...
00:16:54 - process[3] - epoch 18 - train iter 492 - 28610.2 words/s - loss: 0.2895
00:16:54 - process[3]: evaluating epoch 18 on dev ...
00:17:08 - dev set during evaluation: 11460/11458
00:17:08 - process[3] - dev - epoch 18 - mAP: 0.521 w/ 31 queries
00:17:08 - process[3]: training epoch 19 ...
00:17:23 - process[3] - epoch 19 - train iter 492 - 28410.8 words/s - loss: 0.2858
00:17:23 - process[3]: evaluating epoch 19 on dev ...
00:17:38 - dev set during evaluation: 11460/11458
00:17:38 - process[3] - dev - epoch 19 - mAP: 0.519 w/ 31 queries
00:17:38 - [fold 2] best test MAP: 0.608 @ epoch 15
00:17:38 - Evaluating every 1 epochs ...
00:17:38 - reading data from /mnt/home/puxuan/CLIR-project/Evaluation_data/process-clef/uncased
00:17:39 - test has 31 queries ...
00:17:39 - Data reading done ...
00:17:41 - adding 9-th encoder to optimizer...
00:17:41 - adding 10-th encoder to optimizer...
00:17:41 - adding 11-th encoder to optimizer...
00:17:41 - process[3]: training epoch 0 ...
00:17:56 - process[3] - epoch 0 - train iter 476 - 28477.4 words/s - loss: 0.5991
00:17:56 - process[3]: training epoch 1 ...
00:18:11 - process[3] - epoch 1 - train iter 476 - 28242.2 words/s - loss: 0.4763
00:18:11 - process[3]: training epoch 2 ...
00:18:25 - process[3] - epoch 2 - train iter 476 - 28231.1 words/s - loss: 0.4365
00:18:25 - process[3]: training epoch 3 ...
00:18:40 - process[3] - epoch 3 - train iter 476 - 27845.4 words/s - loss: 0.4258
00:18:40 - process[3]: training epoch 4 ...
00:18:55 - process[3] - epoch 4 - train iter 476 - 27985.5 words/s - loss: 0.3785
00:18:55 - process[3]: training epoch 5 ...
00:19:10 - process[3] - epoch 5 - train iter 476 - 28048.9 words/s - loss: 0.3861
00:19:10 - process[3]: training epoch 6 ...
00:19:24 - process[3] - epoch 6 - train iter 476 - 27833.3 words/s - loss: 0.3287
00:19:24 - process[3]: training epoch 7 ...
00:19:39 - process[3] - epoch 7 - train iter 476 - 28050.1 words/s - loss: 0.3794
00:19:39 - process[3]: training epoch 8 ...
00:19:54 - process[3] - epoch 8 - train iter 476 - 27925.8 words/s - loss: 0.3742
00:19:54 - process[3]: training epoch 9 ...
00:20:08 - process[3] - epoch 9 - train iter 476 - 28187.2 words/s - loss: 0.3429
00:20:08 - process[3]: training epoch 10 ...
00:20:23 - process[3] - epoch 10 - train iter 476 - 28080.7 words/s - loss: 0.3073
00:20:23 - process[3]: evaluating epoch 10 on dev ...
00:20:42 - process[3] - dev - epoch 10 - mAP: 0.580 w/ 32 queries
00:20:42 - process[3]: evaluating epoch 10 on test ...
00:20:56 - test set during evaluation: 11550/11545
00:20:56 - process[3] - test - epoch 10 - mAP: 0.553 w/ 31 queries
00:20:56 - process[3]: training epoch 11 ...
00:21:11 - process[3] - epoch 11 - train iter 476 - 28073.7 words/s - loss: 0.3239
00:21:11 - process[3]: evaluating epoch 11 on dev ...
00:21:26 - process[3] - dev - epoch 11 - mAP: 0.558 w/ 32 queries
00:21:26 - process[3]: training epoch 12 ...
00:21:41 - process[3] - epoch 12 - train iter 476 - 27855.2 words/s - loss: 0.3123
00:21:41 - process[3]: evaluating epoch 12 on dev ...
00:21:57 - process[3] - dev - epoch 12 - mAP: 0.575 w/ 32 queries
00:21:57 - process[3]: training epoch 13 ...
00:22:11 - process[3] - epoch 13 - train iter 476 - 28042.3 words/s - loss: 0.3059
00:22:11 - process[3]: evaluating epoch 13 on dev ...
00:22:27 - process[3] - dev - epoch 13 - mAP: 0.574 w/ 32 queries
00:22:27 - process[3]: training epoch 14 ...
00:22:41 - process[3] - epoch 14 - train iter 476 - 28163.1 words/s - loss: 0.2796
00:22:41 - process[3]: evaluating epoch 14 on dev ...
00:22:57 - process[3] - dev - epoch 14 - mAP: 0.580 w/ 32 queries
00:22:57 - process[3]: evaluating epoch 14 on test ...
00:23:12 - test set during evaluation: 11550/11545
00:23:12 - process[3] - test - epoch 14 - mAP: 0.546 w/ 31 queries
00:23:12 - process[3]: training epoch 15 ...
00:23:28 - process[3] - epoch 15 - train iter 476 - 25054.0 words/s - loss: 0.2952
00:23:28 - process[3]: evaluating epoch 15 on dev ...
00:23:44 - process[3] - dev - epoch 15 - mAP: 0.563 w/ 32 queries
00:23:44 - process[3]: training epoch 16 ...
00:23:59 - process[3] - epoch 16 - train iter 476 - 28172.8 words/s - loss: 0.3014
00:23:59 - process[3]: evaluating epoch 16 on dev ...
00:24:14 - process[3] - dev - epoch 16 - mAP: 0.587 w/ 32 queries
00:24:14 - process[3]: evaluating epoch 16 on test ...
00:24:29 - test set during evaluation: 11550/11545
00:24:29 - process[3] - test - epoch 16 - mAP: 0.537 w/ 31 queries
00:24:29 - process[3]: training epoch 17 ...
00:24:43 - process[3] - epoch 17 - train iter 476 - 28128.1 words/s - loss: 0.3118
00:24:43 - process[3]: evaluating epoch 17 on dev ...
00:24:58 - process[3] - dev - epoch 17 - mAP: 0.585 w/ 32 queries
00:24:58 - process[3]: training epoch 18 ...
00:25:13 - process[3] - epoch 18 - train iter 476 - 28410.8 words/s - loss: 0.2951
00:25:13 - process[3]: evaluating epoch 18 on dev ...
00:25:29 - process[3] - dev - epoch 18 - mAP: 0.550 w/ 32 queries
00:25:29 - process[3]: training epoch 19 ...
00:25:43 - process[3] - epoch 19 - train iter 476 - 28056.2 words/s - loss: 0.3014
00:25:43 - process[3]: evaluating epoch 19 on dev ...
00:25:59 - process[3] - dev - epoch 19 - mAP: 0.570 w/ 32 queries
00:25:59 - [fold 3] best test MAP: 0.537 @ epoch 16
00:25:59 - Evaluating every 1 epochs ...
00:25:59 - reading data from /mnt/home/puxuan/CLIR-project/Evaluation_data/process-clef/uncased
00:26:00 - test has 31 queries ...
00:26:00 - Data reading done ...
00:26:02 - adding 9-th encoder to optimizer...
00:26:02 - adding 10-th encoder to optimizer...
00:26:02 - adding 11-th encoder to optimizer...
00:26:02 - process[3]: training epoch 0 ...
00:26:15 - process[3] - epoch 0 - train iter 432 - 28257.4 words/s - loss: 0.6334
00:26:15 - process[3]: training epoch 1 ...
00:26:28 - process[3] - epoch 1 - train iter 432 - 28808.0 words/s - loss: 0.5059
00:26:28 - process[3]: training epoch 2 ...
00:26:42 - process[3] - epoch 2 - train iter 432 - 27592.9 words/s - loss: 0.4742
00:26:42 - process[3]: training epoch 3 ...
00:26:55 - process[3] - epoch 3 - train iter 432 - 28094.1 words/s - loss: 0.4476
00:26:55 - process[3]: training epoch 4 ...
00:27:09 - process[3] - epoch 4 - train iter 432 - 28363.3 words/s - loss: 0.4396
00:27:09 - process[3]: training epoch 5 ...
00:27:22 - process[3] - epoch 5 - train iter 432 - 28539.1 words/s - loss: 0.4082
00:27:22 - process[3]: training epoch 6 ...
00:27:35 - process[3] - epoch 6 - train iter 432 - 28244.6 words/s - loss: 0.3914
00:27:35 - process[3]: training epoch 7 ...
00:27:48 - process[3] - epoch 7 - train iter 432 - 28382.6 words/s - loss: 0.3806
00:27:48 - process[3]: training epoch 8 ...
00:28:02 - process[3] - epoch 8 - train iter 432 - 28126.5 words/s - loss: 0.3650
00:28:02 - process[3]: training epoch 9 ...
00:28:15 - process[3] - epoch 9 - train iter 432 - 28444.9 words/s - loss: 0.3650
00:28:15 - process[3]: training epoch 10 ...
00:28:28 - process[3] - epoch 10 - train iter 432 - 28453.4 words/s - loss: 0.3334
00:28:28 - process[3]: evaluating epoch 10 on dev ...
00:28:46 - dev set during evaluation: 11550/11545
00:28:46 - process[3] - dev - epoch 10 - mAP: 0.549 w/ 31 queries
00:28:46 - process[3]: evaluating epoch 10 on test ...
00:29:00 - test set during evaluation: 11320/11315
00:29:00 - process[3] - test - epoch 10 - mAP: 0.571 w/ 31 queries
00:29:00 - process[3]: training epoch 11 ...
00:29:13 - process[3] - epoch 11 - train iter 432 - 28249.7 words/s - loss: 0.3150
00:29:13 - process[3]: evaluating epoch 11 on dev ...
00:29:29 - dev set during evaluation: 11550/11545
00:29:29 - process[3] - dev - epoch 11 - mAP: 0.547 w/ 31 queries
00:29:29 - process[3]: training epoch 12 ...
00:29:43 - process[3] - epoch 12 - train iter 432 - 27827.8 words/s - loss: 0.2986
00:29:43 - process[3]: evaluating epoch 12 on dev ...
00:29:58 - dev set during evaluation: 11550/11545
00:29:58 - process[3] - dev - epoch 12 - mAP: 0.544 w/ 31 queries
00:29:58 - process[3]: training epoch 13 ...
00:30:11 - process[3] - epoch 13 - train iter 432 - 28449.9 words/s - loss: 0.3171
00:30:11 - process[3]: evaluating epoch 13 on dev ...
00:30:28 - dev set during evaluation: 11550/11545
00:30:28 - process[3] - dev - epoch 13 - mAP: 0.549 w/ 31 queries
00:30:28 - process[3]: evaluating epoch 13 on test ...
00:30:43 - test set during evaluation: 11320/11315
00:30:43 - process[3] - test - epoch 13 - mAP: 0.582 w/ 31 queries
00:30:43 - process[3]: training epoch 14 ...
00:30:56 - process[3] - epoch 14 - train iter 432 - 28241.5 words/s - loss: 0.3539
00:30:56 - process[3]: evaluating epoch 14 on dev ...
00:31:11 - dev set during evaluation: 11550/11545
00:31:11 - process[3] - dev - epoch 14 - mAP: 0.544 w/ 31 queries
00:31:11 - process[3]: training epoch 15 ...
00:31:24 - process[3] - epoch 15 - train iter 432 - 28211.2 words/s - loss: 0.2897
00:31:24 - process[3]: evaluating epoch 15 on dev ...
00:31:39 - dev set during evaluation: 11550/11545
00:31:39 - process[3] - dev - epoch 15 - mAP: 0.526 w/ 31 queries
00:31:39 - process[3]: training epoch 16 ...
00:31:52 - process[3] - epoch 16 - train iter 432 - 28279.0 words/s - loss: 0.3004
00:31:52 - process[3]: evaluating epoch 16 on dev ...
00:32:07 - dev set during evaluation: 11550/11545
00:32:07 - process[3] - dev - epoch 16 - mAP: 0.552 w/ 31 queries
00:32:07 - process[3]: evaluating epoch 16 on test ...
00:32:22 - test set during evaluation: 11320/11315
00:32:22 - process[3] - test - epoch 16 - mAP: 0.598 w/ 31 queries
00:32:22 - process[3]: training epoch 17 ...
00:32:35 - process[3] - epoch 17 - train iter 432 - 28517.3 words/s - loss: 0.3010
00:32:35 - process[3]: evaluating epoch 17 on dev ...
00:32:50 - dev set during evaluation: 11550/11545
00:32:50 - process[3] - dev - epoch 17 - mAP: 0.559 w/ 31 queries
00:32:50 - process[3]: evaluating epoch 17 on test ...
00:33:04 - test set during evaluation: 11320/11315
00:33:04 - process[3] - test - epoch 17 - mAP: 0.574 w/ 31 queries
00:33:04 - process[3]: training epoch 18 ...
00:33:18 - process[3] - epoch 18 - train iter 432 - 26306.4 words/s - loss: 0.3016
00:33:18 - process[3]: evaluating epoch 18 on dev ...
00:33:35 - dev set during evaluation: 11550/11545
00:33:35 - process[3] - dev - epoch 18 - mAP: 0.529 w/ 31 queries
00:33:35 - process[3]: training epoch 19 ...
00:33:49 - process[3] - epoch 19 - train iter 432 - 26522.5 words/s - loss: 0.2882
00:33:49 - process[3]: evaluating epoch 19 on dev ...
00:34:05 - dev set during evaluation: 11550/11545
00:34:05 - process[3] - dev - epoch 19 - mAP: 0.562 w/ 31 queries
00:34:05 - process[3]: evaluating epoch 19 on test ...
00:34:19 - test set during evaluation: 11320/11315
00:34:19 - process[3] - test - epoch 19 - mAP: 0.597 w/ 31 queries
00:34:19 - [fold 4] best test MAP: 0.597 @ epoch 19
00:34:19 - Evaluating every 1 epochs ...
00:34:19 - reading data from /mnt/home/puxuan/CLIR-project/Evaluation_data/process-clef/uncased
00:34:20 - test has 31 queries ...
00:34:20 - Data reading done ...
00:34:22 - adding 9-th encoder to optimizer...
00:34:22 - adding 10-th encoder to optimizer...
00:34:22 - adding 11-th encoder to optimizer...
00:34:22 - process[3]: training epoch 0 ...
00:34:36 - process[3] - epoch 0 - train iter 437 - 28133.9 words/s - loss: 0.6317
00:34:36 - process[3]: training epoch 1 ...
00:34:50 - process[3] - epoch 1 - train iter 437 - 28213.9 words/s - loss: 0.5011
00:34:50 - process[3]: training epoch 2 ...
00:35:03 - process[3] - epoch 2 - train iter 437 - 28433.9 words/s - loss: 0.4684
00:35:03 - process[3]: training epoch 3 ...
00:35:16 - process[3] - epoch 3 - train iter 437 - 28665.6 words/s - loss: 0.4030
00:35:16 - process[3]: training epoch 4 ...
00:35:30 - process[3] - epoch 4 - train iter 437 - 28460.9 words/s - loss: 0.3817
00:35:30 - process[3]: training epoch 5 ...
00:35:43 - process[3] - epoch 5 - train iter 437 - 28384.0 words/s - loss: 0.4073
00:35:43 - process[3]: training epoch 6 ...
00:35:57 - process[3] - epoch 6 - train iter 437 - 28654.0 words/s - loss: 0.3599
00:35:57 - process[3]: training epoch 7 ...
00:36:10 - process[3] - epoch 7 - train iter 437 - 27978.1 words/s - loss: 0.3575
00:36:10 - process[3]: training epoch 8 ...
00:36:23 - process[3] - epoch 8 - train iter 437 - 28358.1 words/s - loss: 0.3388
00:36:23 - process[3]: training epoch 9 ...
00:36:37 - process[3] - epoch 9 - train iter 437 - 28359.2 words/s - loss: 0.3425
00:36:37 - process[3]: training epoch 10 ...
00:36:51 - process[3] - epoch 10 - train iter 437 - 28057.9 words/s - loss: 0.3504
00:36:51 - process[3]: evaluating epoch 10 on dev ...
00:37:11 - dev set during evaluation: 11320/11315
00:37:11 - process[3] - dev - epoch 10 - mAP: 0.587 w/ 31 queries
00:37:11 - process[3]: evaluating epoch 10 on test ...
00:37:25 - process[3] - test - epoch 10 - mAP: 0.505 w/ 31 queries
00:37:25 - process[3]: training epoch 11 ...
00:37:39 - process[3] - epoch 11 - train iter 437 - 27932.4 words/s - loss: 0.2950
00:37:39 - process[3]: evaluating epoch 11 on dev ...
00:37:53 - dev set during evaluation: 11320/11315
00:37:53 - process[3] - dev - epoch 11 - mAP: 0.568 w/ 31 queries
00:37:53 - process[3]: training epoch 12 ...
00:38:07 - process[3] - epoch 12 - train iter 437 - 28127.6 words/s - loss: 0.3359
00:38:07 - process[3]: evaluating epoch 12 on dev ...
00:38:23 - dev set during evaluation: 11320/11315
00:38:23 - process[3] - dev - epoch 12 - mAP: 0.561 w/ 31 queries
00:38:23 - process[3]: training epoch 13 ...
00:38:36 - process[3] - epoch 13 - train iter 437 - 28305.3 words/s - loss: 0.3079
00:38:36 - process[3]: evaluating epoch 13 on dev ...
00:38:51 - dev set during evaluation: 11320/11315
00:38:51 - process[3] - dev - epoch 13 - mAP: 0.579 w/ 31 queries
00:38:51 - process[3]: training epoch 14 ...
00:39:05 - process[3] - epoch 14 - train iter 437 - 28257.6 words/s - loss: 0.3070
00:39:05 - process[3]: evaluating epoch 14 on dev ...
00:39:20 - dev set during evaluation: 11320/11315
00:39:20 - process[3] - dev - epoch 14 - mAP: 0.576 w/ 31 queries
00:39:20 - process[3]: training epoch 15 ...
00:39:33 - process[3] - epoch 15 - train iter 437 - 27948.1 words/s - loss: 0.3256
00:39:33 - process[3]: evaluating epoch 15 on dev ...
00:39:48 - dev set during evaluation: 11320/11315
00:39:48 - process[3] - dev - epoch 15 - mAP: 0.567 w/ 31 queries
00:39:48 - process[3]: training epoch 16 ...
00:40:02 - process[3] - epoch 16 - train iter 437 - 27828.1 words/s - loss: 0.3124
00:40:02 - process[3]: evaluating epoch 16 on dev ...
00:40:16 - dev set during evaluation: 11320/11315
00:40:16 - process[3] - dev - epoch 16 - mAP: 0.577 w/ 31 queries
00:40:16 - process[3]: training epoch 17 ...
00:40:30 - process[3] - epoch 17 - train iter 437 - 28257.9 words/s - loss: 0.2809
00:40:30 - process[3]: evaluating epoch 17 on dev ...
00:40:45 - dev set during evaluation: 11320/11315
00:40:45 - process[3] - dev - epoch 17 - mAP: 0.584 w/ 31 queries
00:40:45 - process[3]: training epoch 18 ...
00:40:59 - process[3] - epoch 18 - train iter 437 - 27867.1 words/s - loss: 0.2821
00:40:59 - process[3]: evaluating epoch 18 on dev ...
00:41:13 - dev set during evaluation: 11320/11315
00:41:13 - process[3] - dev - epoch 18 - mAP: 0.589 w/ 31 queries
00:41:13 - process[3]: evaluating epoch 18 on test ...
00:41:27 - process[3] - test - epoch 18 - mAP: 0.504 w/ 31 queries
00:41:27 - process[3]: training epoch 19 ...
00:41:41 - process[3] - epoch 19 - train iter 437 - 27960.0 words/s - loss: 0.2809
00:41:41 - process[3]: evaluating epoch 19 on dev ...
00:41:58 - dev set during evaluation: 11320/11315
00:41:58 - process[3] - dev - epoch 19 - mAP: 0.570 w/ 31 queries
00:41:58 - [fold 5] best test MAP: 0.504 @ epoch 18
00:41:58 - [0.5062863596343262, 0.6076296260540539, 0.5365703837232696, 0.5966023245275872, 0.5043221697651837]
00:41:58 - [31, 32, 31, 31, 31]
00:41:58 - final MAP: 0.551
